inst0 ch0:  R_CMD: ACTCMD    R_r0= 0x0e    at time   33400981 ps
inst0 ch0:  R_CMD: ACTCMD    R_f0= 0x28    at time   33401395 ps
inst0 ch0:  R_CMD: ACTCMD    R_r1= 0x00    at time   33401809 ps
inst0 ch0:  R_CMD: ACTCMD    R_f1= 0x02    at time   33402223 ps
inst0 ch0:  R_CMD: ACTCMD    R_r0= 0x0e    at time   33402637 ps
inst0 ch0:  R_CMD: ACTCMD    R_f0= 0x20    at time   33403051 ps
inst0 ch0:  R_CMD: ACTCMD    R_r1= 0x00    at time   33403465 ps
inst0 ch0:  R_CMD: ACTCMD    R_f1= 0x02    at time   33403879 ps
inst0 ch0:  C_CMD: RDCMD     C_r = 0x095   at time   33415885 ps
inst0 ch0:  C_CMD: RDCMD     C_f = 0x0a9   at time   33416299 ps
inst0 ch0:  C_CMD: RDCMD     C_r = 0x095   at time   33417541 ps
inst0 ch0:  C_CMD: RDCMD     C_f = 0x029   at time   33417955 ps
inst0 ch0:  C_CMD: RDCMD     C_r = 0x095   at time   33419197 ps
inst0 ch0:  C_CMD: RDCMD     C_f = 0x0ab   at time   33419611 ps
inst0 ch0:  C_CMD: RDCMD     C_r = 0x095   at time   33420853 ps
inst0 ch0:  C_CMD: RDCMD     C_f = 0x02b   at time   33421267 ps
inst0 ch0:  C_CMD: RDCMD     C_r = 0x095   at time   33422509 ps
inst0 ch0:  C_CMD: RDCMD     C_f = 0x0a1   at time   33422923 ps
inst0 ch0:  C_CMD: RDCMD     C_r = 0x095   at time   33424165 ps
inst0 ch0:  C_CMD: RDCMD     C_f = 0x021   at time   33424579 ps
inst0 ch0:  C_CMD: RDCMD     C_r = 0x09d   at time   33425821 ps
inst0 ch0:  C_CMD: RDCMD     C_f = 0x0a3   at time   33426235 ps
inst0 ch0:  C_CMD: RDCMD     C_r = 0x09d   at time   33427477 ps
inst0 ch0:  C_CMD: RDCMD     C_f = 0x023   at time   33427891 ps
inst0 ch0:  R_CMD: ACTCMD    R_r0= 0x0e    at time   33579829 ps
inst0 ch0:  R_CMD: ACTCMD    R_f0= 0x28    at time   33580243 ps
inst0 ch0:  R_CMD: ACTCMD    R_r1= 0x00    at time   33580657 ps
inst0 ch0:  R_CMD: ACTCMD    R_f1= 0x02    at time   33581071 ps
inst0 ch0:  R_CMD: ACTCMD    R_r0= 0x0e    at time   33581485 ps
inst0 ch0:  R_CMD: ACTCMD    R_f0= 0x20    at time   33581899 ps
inst0 ch0:  R_CMD: ACTCMD    R_r1= 0x00    at time   33582313 ps
inst0 ch0:  R_CMD: ACTCMD    R_f1= 0x02    at time   33582727 ps
inst0 ch0:  C_CMD: WRCMD     C_r = 0x091   at time   33590593 ps
inst0 ch0:  C_CMD: WRCMD     C_f = 0x0a9   at time   33591007 ps
inst0 ch0:  C_CMD: WRCMD     C_r = 0x091   at time   33592249 ps
inst0 ch0:  C_CMD: WRCMD     C_f = 0x029   at time   33592663 ps
inst0 ch0:  C_CMD: WRCMD     C_r = 0x091   at time   33593905 ps
inst0 ch0:  C_CMD: WRCMD     C_f = 0x0ab   at time   33594319 ps
inst0 ch0:  C_CMD: WRCMD     C_r = 0x091   at time   33595561 ps
inst0 ch0:  C_CMD: WRCMD     C_f = 0x02b   at time   33595975 ps
inst0 ch0:  C_CMD: WRCMD     C_r = 0x091   at time   33597217 ps
inst0 ch0:  C_CMD: WRCMD     C_f = 0x0a1   at time   33597631 ps
inst0 ch0:  C_CMD: WRCMD     C_r = 0x091   at time   33598873 ps
inst0 ch0:  C_CMD: WRCMD     C_f = 0x021   at time   33599287 ps
inst0 ch0:  C_CMD: WRCMD     C_r = 0x099   at time   33600529 ps
inst0 ch0:  C_CMD: WRCMD     C_f = 0x0a3   at time   33600943 ps
inst0 ch0:  C_CMD: WRCMD     C_r = 0x099   at time   33602185 ps
inst0 ch0:  C_CMD: WRCMD     C_f = 0x023   at time   33602599 ps
inst0 ch0:  R_CMD: ACTCMD    R_r0= 0x26    at time   54263269 ps
inst0 ch0:  R_CMD: ACTCMD    R_f0= 0x28    at time   54263683 ps
inst0 ch0:  R_CMD: ACTCMD    R_r1= 0x00    at time   54264097 ps
inst0 ch0:  R_CMD: ACTCMD    R_f1= 0x02    at time   54264511 ps
inst0 ch0:  R_CMD: ACTCMD    R_r0= 0x26    at time   54265753 ps
inst0 ch0:  R_CMD: ACTCMD    R_f0= 0x20    at time   54266167 ps
inst0 ch0:  R_CMD: ACTCMD    R_r1= 0x00    at time   54266581 ps
inst0 ch0:  R_CMD: ACTCMD    R_f1= 0x02    at time   54266995 ps
inst0 ch0:  C_CMD: RDCMD     C_r = 0x0c5   at time   54278173 ps
inst0 ch0:  C_CMD: RDCMD     C_f = 0x0a9   at time   54278587 ps
inst0 ch0:  C_CMD: RDCMD     C_r = 0x0c5   at time   54280657 ps
inst0 ch0:  C_CMD: RDCMD     C_f = 0x029   at time   54281071 ps
inst0 ch0:  C_CMD: RDCMD     C_r = 0x0c5   at time   54281485 ps
inst0 ch0:  C_CMD: RDCMD     C_f = 0x0ab   at time   54281899 ps
inst0 ch0:  C_CMD: RDCMD     C_r = 0x0c5   at time   54283969 ps
inst0 ch0:  C_CMD: RDCMD     C_f = 0x02b   at time   54284383 ps
inst0 ch0:  C_CMD: RDCMD     C_r = 0x0c5   at time   54284797 ps
inst0 ch0:  C_CMD: RDCMD     C_f = 0x0a1   at time   54285211 ps
inst0 ch0:  C_CMD: RDCMD     C_r = 0x0c5   at time   54287281 ps
inst0 ch0:  C_CMD: RDCMD     C_f = 0x021   at time   54287695 ps
inst0 ch0:  C_CMD: RDCMD     C_r = 0x0cd   at time   54288109 ps
inst0 ch0:  C_CMD: RDCMD     C_f = 0x0a3   at time   54288523 ps
inst0 ch0:  C_CMD: RDCMD     C_r = 0x0cd   at time   54290593 ps
inst0 ch0:  C_CMD: RDCMD     C_f = 0x023   at time   54291007 ps
inst0 ch0:  R_CMD: ACTCMD    R_r0= 0x26    at time   54333649 ps
inst0 ch0:  R_CMD: ACTCMD    R_f0= 0x28    at time   54334063 ps
inst0 ch0:  R_CMD: ACTCMD    R_r1= 0x00    at time   54334477 ps
inst0 ch0:  R_CMD: ACTCMD    R_f1= 0x02    at time   54334891 ps
inst0 ch0:  R_CMD: ACTCMD    R_r0= 0x26    at time   54336133 ps
inst0 ch0:  R_CMD: ACTCMD    R_f0= 0x20    at time   54336547 ps
inst0 ch0:  R_CMD: ACTCMD    R_r1= 0x00    at time   54336961 ps
inst0 ch0:  R_CMD: ACTCMD    R_f1= 0x02    at time   54337375 ps
inst0 ch0:  C_CMD: WRCMD     C_r = 0x0c1   at time   54344413 ps
inst0 ch0:  C_CMD: WRCMD     C_f = 0x0a9   at time   54344827 ps
inst0 ch0:  C_CMD: WRCMD     C_r = 0x0c1   at time   54346897 ps
inst0 ch0:  C_CMD: WRCMD     C_f = 0x029   at time   54347311 ps
inst0 ch0:  C_CMD: WRCMD     C_r = 0x0c1   at time   54347725 ps
inst0 ch0:  C_CMD: WRCMD     C_f = 0x0ab   at time   54348139 ps
inst0 ch0:  C_CMD: WRCMD     C_r = 0x0c1   at time   54350209 ps
inst0 ch0:  C_CMD: WRCMD     C_f = 0x02b   at time   54350623 ps
inst0 ch0:  C_CMD: WRCMD     C_r = 0x0c1   at time   54351037 ps
inst0 ch0:  C_CMD: WRCMD     C_f = 0x0a1   at time   54351451 ps
inst0 ch0:  C_CMD: WRCMD     C_r = 0x0c1   at time   54353521 ps
inst0 ch0:  C_CMD: WRCMD     C_f = 0x021   at time   54353935 ps
inst0 ch0:  C_CMD: WRCMD     C_r = 0x0c9   at time   54354349 ps
inst0 ch0:  C_CMD: WRCMD     C_f = 0x0a3   at time   54354763 ps
inst0 ch0:  C_CMD: WRCMD     C_r = 0x0c9   at time   54356833 ps
inst0 ch0:  C_CMD: WRCMD     C_f = 0x023   at time   54357247 ps
inst0 ch0:  R_CMD: ACTCMD    R_r0= 0x22    at time  124915681 ps
inst0 ch0:  R_CMD: ACTCMD    R_f0= 0x22    at time  124916095 ps
inst0 ch0:  R_CMD: ACTCMD    R_r1= 0x00    at time  124916509 ps
inst0 ch0:  R_CMD: ACTCMD    R_f1= 0x00    at time  124916923 ps
inst0 ch0:  R_CMD: ACTCMD    R_r0= 0x22    at time  124918165 ps
inst0 ch0:  R_CMD: ACTCMD    R_f0= 0x2a    at time  124918579 ps
inst0 ch0:  R_CMD: ACTCMD    R_r1= 0x00    at time  124918993 ps
inst0 ch0:  R_CMD: ACTCMD    R_f1= 0x00    at time  124919407 ps
inst0 ch0:  R_CMD: ACTCMD    R_r0= 0x02    at time  124919821 ps
inst0 ch0:  R_CMD: ACTCMD    R_f0= 0x22    at time  124920235 ps
inst0 ch0:  R_CMD: ACTCMD    R_r1= 0x00    at time  124920649 ps
inst0 ch0:  R_CMD: ACTCMD    R_f1= 0x00    at time  124921063 ps
inst0 ch0:  R_CMD: ACTCMD    R_r0= 0x02    at time  124922305 ps
inst0 ch0:  R_CMD: ACTCMD    R_f0= 0x2a    at time  124922719 ps
inst0 ch0:  R_CMD: ACTCMD    R_r1= 0x00    at time  124923133 ps
inst0 ch0:  R_CMD: ACTCMD    R_f1= 0x00    at time  124923547 ps
inst0 ch0:  R_CMD: ACTCMD    R_r0= 0x22    at time  124923961 ps
inst0 ch0:  R_CMD: ACTCMD    R_f0= 0x02    at time  124924375 ps
inst0 ch0:  R_CMD: ACTCMD    R_r1= 0x00    at time  124924789 ps
inst0 ch0:  R_CMD: ACTCMD    R_f1= 0x00    at time  124925203 ps
inst0 ch0:  R_CMD: ACTCMD    R_r0= 0x22    at time  124926445 ps
inst0 ch0:  R_CMD: ACTCMD    R_f0= 0x0a    at time  124926859 ps
inst0 ch0:  R_CMD: ACTCMD    R_r1= 0x00    at time  124927273 ps
inst0 ch0:  R_CMD: ACTCMD    R_f1= 0x00    at time  124927687 ps
inst0 ch0:  R_CMD: ACTCMD    R_r0= 0x02    at time  124928101 ps
inst0 ch0:  R_CMD: ACTCMD    R_f0= 0x02    at time  124928515 ps
inst0 ch0:  R_CMD: ACTCMD    R_r1= 0x00    at time  124928929 ps
inst0 ch0:  R_CMD: ACTCMD    R_f1= 0x00    at time  124929343 ps
inst0 ch0:  R_CMD: ACTCMD    R_r0= 0x02    at time  124930585 ps
inst0 ch0:  C_CMD: RDCMD     C_r = 0x0c5   at time  124930585 ps
inst0 ch0:  R_CMD: ACTCMD    R_f0= 0x0a    at time  124930999 ps
inst0 ch0:  C_CMD: RDCMD     C_f = 0x000   at time  124930999 ps
inst0 ch0:  R_CMD: ACTCMD    R_r1= 0x00    at time  124931413 ps
inst0 ch0:  R_CMD: ACTCMD    R_f1= 0x00    at time  124931827 ps
inst0 ch0:  C_CMD: RDCMD     C_r = 0x0c5   at time  124933069 ps
inst0 ch0:  C_CMD: RDCMD     C_f = 0x080   at time  124933483 ps
inst0 ch0:  C_CMD: RDCMD     C_r = 0x0cd   at time  124933897 ps
inst0 ch0:  C_CMD: RDCMD     C_f = 0x002   at time  124934311 ps
inst0 ch0:  C_CMD: RDCMD     C_r = 0x085   at time  124935553 ps
inst0 ch0:  C_CMD: RDCMD     C_f = 0x000   at time  124935967 ps
inst0 ch0:  C_CMD: RDCMD     C_r = 0x0cd   at time  124936381 ps
inst0 ch0:  C_CMD: RDCMD     C_f = 0x082   at time  124936795 ps
inst0 ch0:  C_CMD: RDCMD     C_r = 0x085   at time  124938037 ps
inst0 ch0:  C_CMD: RDCMD     C_f = 0x080   at time  124938451 ps
inst0 ch0:  C_CMD: RDCMD     C_r = 0x08d   at time  124938865 ps
inst0 ch0:  C_CMD: RDCMD     C_f = 0x002   at time  124939279 ps
inst0 ch0:  C_CMD: RDCMD     C_r = 0x045   at time  124940521 ps
inst0 ch0:  C_CMD: RDCMD     C_f = 0x000   at time  124940935 ps
inst0 ch0:  C_CMD: RDCMD     C_r = 0x08d   at time  124941349 ps
inst0 ch0:  C_CMD: RDCMD     C_f = 0x082   at time  124941763 ps
inst0 ch0:  C_CMD: RDCMD     C_r = 0x005   at time  124943005 ps
inst0 ch0:  C_CMD: RDCMD     C_f = 0x000   at time  124943419 ps
inst0 ch0:  C_CMD: RDCMD     C_r = 0x045   at time  124943833 ps
inst0 ch0:  C_CMD: RDCMD     C_f = 0x080   at time  124944247 ps
inst0 ch0:  C_CMD: RDCMD     C_r = 0x04d   at time  124944661 ps
inst0 ch0:  C_CMD: RDCMD     C_f = 0x002   at time  124945075 ps
inst0 ch0:  C_CMD: RDCMD     C_r = 0x005   at time  124945489 ps
inst0 ch0:  C_CMD: RDCMD     C_f = 0x080   at time  124945903 ps
inst0 ch0:  C_CMD: RDCMD     C_r = 0x00d   at time  124946317 ps
inst0 ch0:  C_CMD: RDCMD     C_f = 0x002   at time  124946731 ps
inst0 ch0:  C_CMD: RDCMD     C_r = 0x04d   at time  124947145 ps
inst0 ch0:  C_CMD: RDCMD     C_f = 0x082   at time  124947559 ps
inst0 ch0:  C_CMD: RDCMD     C_r = 0x00d   at time  124948801 ps
inst0 ch0:  C_CMD: RDCMD     C_f = 0x082   at time  124949215 ps
inst0 ch0:  R_CMD: ACTCMD    R_r0= 0x2a    at time  125408341 ps
inst0 ch0:  R_CMD: ACTCMD    R_f0= 0x22    at time  125408755 ps
inst0 ch0:  R_CMD: ACTCMD    R_r1= 0x00    at time  125409169 ps
inst0 ch0:  R_CMD: ACTCMD    R_f1= 0x00    at time  125409583 ps
inst0 ch0:  R_CMD: ACTCMD    R_r0= 0x0a    at time  125412481 ps
inst0 ch0:  R_CMD: ACTCMD    R_f0= 0x22    at time  125412895 ps
inst0 ch0:  R_CMD: ACTCMD    R_r1= 0x00    at time  125413309 ps
inst0 ch0:  R_CMD: ACTCMD    R_f1= 0x00    at time  125413723 ps
inst0 ch0:  R_CMD: ACTCMD    R_r0= 0x2a    at time  125416621 ps
inst0 ch0:  R_CMD: ACTCMD    R_f0= 0x02    at time  125417035 ps
inst0 ch0:  R_CMD: ACTCMD    R_r1= 0x00    at time  125417449 ps
inst0 ch0:  R_CMD: ACTCMD    R_f1= 0x00    at time  125417863 ps
inst0 ch0:  R_CMD: ACTCMD    R_r0= 0x2a    at time  125419105 ps
inst0 ch0:  R_CMD: ACTCMD    R_f0= 0x2a    at time  125419519 ps
inst0 ch0:  R_CMD: ACTCMD    R_r1= 0x00    at time  125419933 ps
inst0 ch0:  R_CMD: ACTCMD    R_f1= 0x00    at time  125420347 ps
inst0 ch0:  R_CMD: ACTCMD    R_r0= 0x0a    at time  125420761 ps
inst0 ch0:  R_CMD: ACTCMD    R_f0= 0x02    at time  125421175 ps
inst0 ch0:  R_CMD: ACTCMD    R_r1= 0x00    at time  125421589 ps
inst0 ch0:  R_CMD: ACTCMD    R_f1= 0x00    at time  125422003 ps
inst0 ch0:  R_CMD: ACTCMD    R_r0= 0x0a    at time  125423245 ps
inst0 ch0:  C_CMD: RDCMD     C_r = 0x0d5   at time  125423245 ps
inst0 ch0:  R_CMD: ACTCMD    R_f0= 0x2a    at time  125423659 ps
inst0 ch0:  C_CMD: RDCMD     C_f = 0x000   at time  125423659 ps
inst0 ch0:  R_CMD: ACTCMD    R_r1= 0x00    at time  125424073 ps
inst0 ch0:  R_CMD: ACTCMD    R_f1= 0x00    at time  125424487 ps
inst0 ch0:  C_CMD: RDCMD     C_r = 0x0dd   at time  125426557 ps
inst0 ch0:  C_CMD: RDCMD     C_f = 0x002   at time  125426971 ps
inst0 ch0:  R_CMD: ACTCMD    R_r0= 0x2a    at time  125427385 ps
inst0 ch0:  R_CMD: ACTCMD    R_f0= 0x0a    at time  125427799 ps
inst0 ch0:  R_CMD: ACTCMD    R_r1= 0x00    at time  125428213 ps
inst0 ch0:  C_CMD: RDCMD     C_r = 0x095   at time  125428213 ps
inst0 ch0:  R_CMD: ACTCMD    R_f1= 0x00    at time  125428627 ps
inst0 ch0:  C_CMD: RDCMD     C_f = 0x000   at time  125428627 ps
inst0 ch0:  R_CMD: ACTCMD    R_r0= 0x0a    at time  125431525 ps
inst0 ch0:  C_CMD: RDCMD     C_r = 0x09d   at time  125431525 ps
inst0 ch0:  R_CMD: ACTCMD    R_f0= 0x0a    at time  125431939 ps
inst0 ch0:  C_CMD: RDCMD     C_f = 0x002   at time  125431939 ps
inst0 ch0:  R_CMD: ACTCMD    R_r1= 0x00    at time  125432353 ps
inst0 ch0:  R_CMD: ACTCMD    R_f1= 0x00    at time  125432767 ps
inst0 ch0:  C_CMD: RDCMD     C_r = 0x055   at time  125433181 ps
inst0 ch0:  C_CMD: RDCMD     C_f = 0x000   at time  125433595 ps
inst0 ch0:  C_CMD: RDCMD     C_r = 0x0d5   at time  125434009 ps
inst0 ch0:  C_CMD: RDCMD     C_f = 0x080   at time  125434423 ps
inst0 ch0:  C_CMD: RDCMD     C_r = 0x015   at time  125435665 ps
inst0 ch0:  C_CMD: RDCMD     C_f = 0x000   at time  125436079 ps
inst0 ch0:  C_CMD: RDCMD     C_r = 0x05d   at time  125437321 ps
inst0 ch0:  C_CMD: RDCMD     C_f = 0x002   at time  125437735 ps
inst0 ch0:  C_CMD: RDCMD     C_r = 0x0dd   at time  125438149 ps
inst0 ch0:  C_CMD: RDCMD     C_f = 0x082   at time  125438563 ps
inst0 ch0:  C_CMD: RDCMD     C_r = 0x01d   at time  125438977 ps
inst0 ch0:  C_CMD: RDCMD     C_f = 0x002   at time  125439391 ps
inst0 ch0:  C_CMD: RDCMD     C_r = 0x095   at time  125439805 ps
inst0 ch0:  C_CMD: RDCMD     C_f = 0x080   at time  125440219 ps
inst0 ch0:  C_CMD: RDCMD     C_r = 0x055   at time  125442289 ps
inst0 ch0:  C_CMD: RDCMD     C_f = 0x080   at time  125442703 ps
inst0 ch0:  C_CMD: RDCMD     C_r = 0x09d   at time  125443945 ps
inst0 ch0:  C_CMD: RDCMD     C_f = 0x082   at time  125444359 ps
inst0 ch0:  C_CMD: RDCMD     C_r = 0x05d   at time  125445601 ps
inst0 ch0:  C_CMD: RDCMD     C_f = 0x082   at time  125446015 ps
inst0 ch0:  C_CMD: RDCMD     C_r = 0x015   at time  125447257 ps
inst0 ch0:  C_CMD: RDCMD     C_f = 0x080   at time  125447671 ps
inst0 ch0:  C_CMD: RDCMD     C_r = 0x01d   at time  125450569 ps
inst0 ch0:  C_CMD: RDCMD     C_f = 0x082   at time  125450983 ps
inst0 ch0:  R_CMD: ACTCMD    R_r0= 0x32    at time  125909281 ps
inst0 ch0:  R_CMD: ACTCMD    R_f0= 0x22    at time  125909695 ps
inst0 ch0:  R_CMD: ACTCMD    R_r1= 0x00    at time  125910109 ps
inst0 ch0:  R_CMD: ACTCMD    R_f1= 0x00    at time  125910523 ps
inst0 ch0:  R_CMD: ACTCMD    R_r0= 0x12    at time  125913421 ps
inst0 ch0:  R_CMD: ACTCMD    R_f0= 0x22    at time  125913835 ps
inst0 ch0:  R_CMD: ACTCMD    R_r1= 0x00    at time  125914249 ps
inst0 ch0:  R_CMD: ACTCMD    R_f1= 0x00    at time  125914663 ps
inst0 ch0:  R_CMD: ACTCMD    R_r0= 0x32    at time  125915905 ps
inst0 ch0:  R_CMD: ACTCMD    R_f0= 0x2a    at time  125916319 ps
inst0 ch0:  R_CMD: ACTCMD    R_r1= 0x00    at time  125916733 ps
inst0 ch0:  R_CMD: ACTCMD    R_f1= 0x00    at time  125917147 ps
inst0 ch0:  R_CMD: ACTCMD    R_r0= 0x32    at time  125917561 ps
inst0 ch0:  R_CMD: ACTCMD    R_f0= 0x02    at time  125917975 ps
inst0 ch0:  R_CMD: ACTCMD    R_r1= 0x00    at time  125918389 ps
inst0 ch0:  R_CMD: ACTCMD    R_f1= 0x00    at time  125918803 ps
inst0 ch0:  R_CMD: ACTCMD    R_r0= 0x12    at time  125920045 ps
inst0 ch0:  R_CMD: ACTCMD    R_f0= 0x2a    at time  125920459 ps
inst0 ch0:  R_CMD: ACTCMD    R_r1= 0x00    at time  125920873 ps
inst0 ch0:  R_CMD: ACTCMD    R_f1= 0x00    at time  125921287 ps
inst0 ch0:  R_CMD: ACTCMD    R_r0= 0x12    at time  125921701 ps
inst0 ch0:  R_CMD: ACTCMD    R_f0= 0x02    at time  125922115 ps
inst0 ch0:  R_CMD: ACTCMD    R_r1= 0x00    at time  125922529 ps
inst0 ch0:  R_CMD: ACTCMD    R_f1= 0x00    at time  125922943 ps
inst0 ch0:  R_CMD: ACTCMD    R_r0= 0x32    at time  125924185 ps
inst0 ch0:  C_CMD: RDCMD     C_r = 0x0e5   at time  125924185 ps
inst0 ch0:  R_CMD: ACTCMD    R_f0= 0x0a    at time  125924599 ps
inst0 ch0:  C_CMD: RDCMD     C_f = 0x000   at time  125924599 ps
inst0 ch0:  R_CMD: ACTCMD    R_r1= 0x00    at time  125925013 ps
inst0 ch0:  R_CMD: ACTCMD    R_f1= 0x00    at time  125925427 ps
inst0 ch0:  C_CMD: RDCMD     C_r = 0x0ed   at time  125927497 ps
inst0 ch0:  C_CMD: RDCMD     C_f = 0x002   at time  125927911 ps
inst0 ch0:  R_CMD: ACTCMD    R_r0= 0x12    at time  125928325 ps
inst0 ch0:  R_CMD: ACTCMD    R_f0= 0x0a    at time  125928739 ps
inst0 ch0:  R_CMD: ACTCMD    R_r1= 0x00    at time  125929153 ps
inst0 ch0:  C_CMD: RDCMD     C_r = 0x0a5   at time  125929153 ps
inst0 ch0:  R_CMD: ACTCMD    R_f1= 0x00    at time  125929567 ps
inst0 ch0:  C_CMD: RDCMD     C_f = 0x000   at time  125929567 ps
inst0 ch0:  C_CMD: RDCMD     C_r = 0x0e5   at time  125930809 ps
inst0 ch0:  C_CMD: RDCMD     C_f = 0x080   at time  125931223 ps
inst0 ch0:  C_CMD: RDCMD     C_r = 0x0ad   at time  125932465 ps
inst0 ch0:  C_CMD: RDCMD     C_f = 0x002   at time  125932879 ps
inst0 ch0:  C_CMD: RDCMD     C_r = 0x065   at time  125934121 ps
inst0 ch0:  C_CMD: RDCMD     C_f = 0x000   at time  125934535 ps
inst0 ch0:  C_CMD: RDCMD     C_r = 0x0ed   at time  125934949 ps
inst0 ch0:  C_CMD: RDCMD     C_f = 0x082   at time  125935363 ps
inst0 ch0:  C_CMD: RDCMD     C_r = 0x025   at time  125936605 ps
inst0 ch0:  C_CMD: RDCMD     C_f = 0x000   at time  125937019 ps
inst0 ch0:  C_CMD: RDCMD     C_r = 0x0a5   at time  125937433 ps
inst0 ch0:  C_CMD: RDCMD     C_f = 0x080   at time  125937847 ps
inst0 ch0:  C_CMD: RDCMD     C_r = 0x06d   at time  125938261 ps
inst0 ch0:  C_CMD: RDCMD     C_f = 0x002   at time  125938675 ps
inst0 ch0:  C_CMD: RDCMD     C_r = 0x065   at time  125939089 ps
inst0 ch0:  C_CMD: RDCMD     C_f = 0x080   at time  125939503 ps
inst0 ch0:  C_CMD: RDCMD     C_r = 0x02d   at time  125939917 ps
inst0 ch0:  C_CMD: RDCMD     C_f = 0x002   at time  125940331 ps
inst0 ch0:  C_CMD: RDCMD     C_r = 0x0ad   at time  125940745 ps
inst0 ch0:  C_CMD: RDCMD     C_f = 0x082   at time  125941159 ps
inst0 ch0:  C_CMD: RDCMD     C_r = 0x06d   at time  125942401 ps
inst0 ch0:  C_CMD: RDCMD     C_f = 0x082   at time  125942815 ps
inst0 ch0:  C_CMD: RDCMD     C_r = 0x025   at time  125944057 ps
inst0 ch0:  C_CMD: RDCMD     C_f = 0x080   at time  125944471 ps
inst0 ch0:  C_CMD: RDCMD     C_r = 0x02d   at time  125947369 ps
inst0 ch0:  C_CMD: RDCMD     C_f = 0x082   at time  125947783 ps
inst0 ch0:  R_CMD: ACTCMD    R_r0= 0x3a    at time  126411877 ps
inst0 ch0:  R_CMD: ACTCMD    R_f0= 0x22    at time  126412291 ps
inst0 ch0:  R_CMD: ACTCMD    R_r1= 0x00    at time  126412705 ps
inst0 ch0:  R_CMD: ACTCMD    R_f1= 0x00    at time  126413119 ps
inst0 ch0:  R_CMD: ACTCMD    R_r0= 0x1a    at time  126416017 ps
inst0 ch0:  R_CMD: ACTCMD    R_f0= 0x22    at time  126416431 ps
inst0 ch0:  R_CMD: ACTCMD    R_r1= 0x00    at time  126416845 ps
inst0 ch0:  R_CMD: ACTCMD    R_f1= 0x00    at time  126417259 ps
inst0 ch0:  R_CMD: ACTCMD    R_r0= 0x3a    at time  126418501 ps
inst0 ch0:  R_CMD: ACTCMD    R_f0= 0x2a    at time  126418915 ps
inst0 ch0:  R_CMD: ACTCMD    R_r1= 0x00    at time  126419329 ps
inst0 ch0:  R_CMD: ACTCMD    R_f1= 0x00    at time  126419743 ps
inst0 ch0:  R_CMD: ACTCMD    R_r0= 0x3a    at time  126420157 ps
inst0 ch0:  R_CMD: ACTCMD    R_f0= 0x02    at time  126420571 ps
inst0 ch0:  R_CMD: ACTCMD    R_r1= 0x00    at time  126420985 ps
inst0 ch0:  R_CMD: ACTCMD    R_f1= 0x00    at time  126421399 ps
inst0 ch0:  R_CMD: ACTCMD    R_r0= 0x1a    at time  126422641 ps
inst0 ch0:  R_CMD: ACTCMD    R_f0= 0x2a    at time  126423055 ps
inst0 ch0:  R_CMD: ACTCMD    R_r1= 0x00    at time  126423469 ps
inst0 ch0:  R_CMD: ACTCMD    R_f1= 0x00    at time  126423883 ps
inst0 ch0:  R_CMD: ACTCMD    R_r0= 0x1a    at time  126424297 ps
inst0 ch0:  R_CMD: ACTCMD    R_f0= 0x02    at time  126424711 ps
inst0 ch0:  R_CMD: ACTCMD    R_r1= 0x00    at time  126425125 ps
inst0 ch0:  R_CMD: ACTCMD    R_f1= 0x00    at time  126425539 ps
inst0 ch0:  R_CMD: ACTCMD    R_r0= 0x3a    at time  126426781 ps
inst0 ch0:  C_CMD: RDCMD     C_r = 0x0f5   at time  126426781 ps
inst0 ch0:  R_CMD: ACTCMD    R_f0= 0x0a    at time  126427195 ps
inst0 ch0:  C_CMD: RDCMD     C_f = 0x000   at time  126427195 ps
inst0 ch0:  R_CMD: ACTCMD    R_r1= 0x00    at time  126427609 ps
inst0 ch0:  R_CMD: ACTCMD    R_f1= 0x00    at time  126428023 ps
inst0 ch0:  C_CMD: RDCMD     C_r = 0x0fd   at time  126430093 ps
inst0 ch0:  C_CMD: RDCMD     C_f = 0x002   at time  126430507 ps
inst0 ch0:  R_CMD: ACTCMD    R_r0= 0x1a    at time  126430921 ps
inst0 ch0:  R_CMD: ACTCMD    R_f0= 0x0a    at time  126431335 ps
inst0 ch0:  R_CMD: ACTCMD    R_r1= 0x00    at time  126431749 ps
inst0 ch0:  C_CMD: RDCMD     C_r = 0x0b5   at time  126431749 ps
inst0 ch0:  R_CMD: ACTCMD    R_f1= 0x00    at time  126432163 ps
inst0 ch0:  C_CMD: RDCMD     C_f = 0x000   at time  126432163 ps
inst0 ch0:  C_CMD: RDCMD     C_r = 0x0f5   at time  126433405 ps
inst0 ch0:  C_CMD: RDCMD     C_f = 0x080   at time  126433819 ps
inst0 ch0:  C_CMD: RDCMD     C_r = 0x0bd   at time  126435061 ps
inst0 ch0:  C_CMD: RDCMD     C_f = 0x002   at time  126435475 ps
inst0 ch0:  C_CMD: RDCMD     C_r = 0x075   at time  126436717 ps
inst0 ch0:  C_CMD: RDCMD     C_f = 0x000   at time  126437131 ps
inst0 ch0:  C_CMD: RDCMD     C_r = 0x0fd   at time  126437545 ps
inst0 ch0:  C_CMD: RDCMD     C_f = 0x082   at time  126437959 ps
inst0 ch0:  C_CMD: RDCMD     C_r = 0x035   at time  126439201 ps
inst0 ch0:  C_CMD: RDCMD     C_f = 0x000   at time  126439615 ps
inst0 ch0:  C_CMD: RDCMD     C_r = 0x0b5   at time  126440029 ps
inst0 ch0:  C_CMD: RDCMD     C_f = 0x080   at time  126440443 ps
inst0 ch0:  C_CMD: RDCMD     C_r = 0x07d   at time  126440857 ps
inst0 ch0:  C_CMD: RDCMD     C_f = 0x002   at time  126441271 ps
inst0 ch0:  C_CMD: RDCMD     C_r = 0x075   at time  126441685 ps
inst0 ch0:  C_CMD: RDCMD     C_f = 0x080   at time  126442099 ps
inst0 ch0:  C_CMD: RDCMD     C_r = 0x03d   at time  126442513 ps
inst0 ch0:  C_CMD: RDCMD     C_f = 0x002   at time  126442927 ps
inst0 ch0:  C_CMD: RDCMD     C_r = 0x0bd   at time  126443341 ps
inst0 ch0:  C_CMD: RDCMD     C_f = 0x082   at time  126443755 ps
inst0 ch0:  C_CMD: RDCMD     C_r = 0x07d   at time  126444997 ps
inst0 ch0:  C_CMD: RDCMD     C_f = 0x082   at time  126445411 ps
inst0 ch0:  C_CMD: RDCMD     C_r = 0x035   at time  126446653 ps
inst0 ch0:  C_CMD: RDCMD     C_f = 0x080   at time  126447067 ps
inst0 ch0:  C_CMD: RDCMD     C_r = 0x03d   at time  126449965 ps
inst0 ch0:  C_CMD: RDCMD     C_f = 0x082   at time  126450379 ps
inst0 ch0:  R_CMD: ACTCMD    R_r0= 0x02    at time  130904605 ps
inst0 ch0:  R_CMD: ACTCMD    R_f0= 0x08    at time  130905019 ps
inst0 ch0:  R_CMD: ACTCMD    R_r1= 0x00    at time  130905433 ps
inst0 ch0:  R_CMD: ACTCMD    R_f1= 0x00    at time  130905847 ps
inst0 ch0:  R_CMD: ACTCMD    R_r0= 0x02    at time  130911229 ps
inst0 ch0:  R_CMD: ACTCMD    R_f0= 0x00    at time  130911643 ps
inst0 ch0:  R_CMD: ACTCMD    R_r1= 0x00    at time  130912057 ps
inst0 ch0:  R_CMD: ACTCMD    R_f1= 0x00    at time  130912471 ps
inst0 ch0:  C_CMD: RDCMD     C_r = 0x005   at time  130919509 ps
inst0 ch0:  C_CMD: RDCMD     C_f = 0x098   at time  130919923 ps
inst0 ch0:  C_CMD: RDCMD     C_r = 0x005   at time  130922821 ps
inst0 ch0:  C_CMD: RDCMD     C_f = 0x09a   at time  130923235 ps
inst0 ch0:  C_CMD: RDCMD     C_r = 0x005   at time  130926133 ps
inst0 ch0:  C_CMD: RDCMD     C_f = 0x090   at time  130926547 ps
inst0 ch0:  C_CMD: RDCMD     C_r = 0x005   at time  130926961 ps
inst0 ch0:  C_CMD: RDCMD     C_f = 0x018   at time  130927375 ps
inst0 ch0:  C_CMD: RDCMD     C_r = 0x005   at time  130929445 ps
inst0 ch0:  C_CMD: RDCMD     C_f = 0x092   at time  130929859 ps
inst0 ch0:  C_CMD: RDCMD     C_r = 0x005   at time  130930273 ps
inst0 ch0:  C_CMD: RDCMD     C_f = 0x01a   at time  130930687 ps
inst0 ch0:  C_CMD: RDCMD     C_r = 0x005   at time  130932757 ps
inst0 ch0:  C_CMD: RDCMD     C_f = 0x088   at time  130933171 ps
inst0 ch0:  C_CMD: RDCMD     C_r = 0x005   at time  130933585 ps
inst0 ch0:  C_CMD: RDCMD     C_f = 0x010   at time  130933999 ps
inst0 ch0:  C_CMD: RDCMD     C_r = 0x005   at time  130936069 ps
inst0 ch0:  C_CMD: RDCMD     C_f = 0x08a   at time  130936483 ps
inst0 ch0:  C_CMD: RDCMD     C_r = 0x005   at time  130936897 ps
inst0 ch0:  C_CMD: RDCMD     C_f = 0x012   at time  130937311 ps
inst0 ch0:  C_CMD: RDCMD     C_r = 0x005   at time  130939381 ps
inst0 ch0:  C_CMD: RDCMD     C_f = 0x080   at time  130939795 ps
inst0 ch0:  C_CMD: RDCMD     C_r = 0x005   at time  130940209 ps
inst0 ch0:  C_CMD: RDCMD     C_f = 0x008   at time  130940623 ps
inst0 ch0:  C_CMD: RDCMD     C_r = 0x00d   at time  130942693 ps
inst0 ch0:  C_CMD: RDCMD     C_f = 0x082   at time  130943107 ps
inst0 ch0:  C_CMD: RDCMD     C_r = 0x005   at time  130943521 ps
inst0 ch0:  C_CMD: RDCMD     C_f = 0x00a   at time  130943935 ps
inst0 ch0:  C_CMD: RDCMD     C_r = 0x005   at time  130946833 ps
inst0 ch0:  C_CMD: RDCMD     C_f = 0x000   at time  130947247 ps
inst0 ch0:  C_CMD: RDCMD     C_r = 0x00d   at time  130950145 ps
inst0 ch0:  C_CMD: RDCMD     C_f = 0x002   at time  130950559 ps
inst0 ch0:  R_CMD: ACTCMD    R_r0= 0x0a    at time  131178673 ps
inst0 ch0:  R_CMD: ACTCMD    R_f0= 0x08    at time  131179087 ps
inst0 ch0:  R_CMD: ACTCMD    R_r1= 0x00    at time  131179501 ps
inst0 ch0:  R_CMD: ACTCMD    R_f1= 0x00    at time  131179915 ps
inst0 ch0:  C_CMD: RDCMD     C_r = 0x015   at time  131193577 ps
inst0 ch0:  C_CMD: RDCMD     C_f = 0x098   at time  131193991 ps
inst0 ch0:  C_CMD: RDCMD     C_r = 0x015   at time  131196889 ps
inst0 ch0:  C_CMD: RDCMD     C_f = 0x09a   at time  131197303 ps
inst0 ch0:  C_CMD: RDCMD     C_r = 0x015   at time  131200201 ps
inst0 ch0:  C_CMD: RDCMD     C_f = 0x090   at time  131200615 ps
inst0 ch0:  C_CMD: RDCMD     C_r = 0x015   at time  131203513 ps
inst0 ch0:  C_CMD: RDCMD     C_f = 0x092   at time  131203927 ps
inst0 ch0:  C_CMD: RDCMD     C_r = 0x015   at time  131206825 ps
inst0 ch0:  C_CMD: RDCMD     C_f = 0x088   at time  131207239 ps
inst0 ch0:  C_CMD: RDCMD     C_r = 0x015   at time  131210137 ps
inst0 ch0:  C_CMD: RDCMD     C_f = 0x08a   at time  131210551 ps
inst0 ch0:  C_CMD: RDCMD     C_r = 0x015   at time  131213449 ps
inst0 ch0:  C_CMD: RDCMD     C_f = 0x080   at time  131213863 ps
inst0 ch0:  C_CMD: RDCMD     C_r = 0x01d   at time  131216761 ps
inst0 ch0:  C_CMD: RDCMD     C_f = 0x082   at time  131217175 ps
inst0 ch0:  R_CMD: ACTCMD    R_r0= 0x0a    at time  131634073 ps
inst0 ch0:  R_CMD: ACTCMD    R_f0= 0x00    at time  131634487 ps
inst0 ch0:  R_CMD: ACTCMD    R_r1= 0x00    at time  131634901 ps
inst0 ch0:  R_CMD: ACTCMD    R_f1= 0x00    at time  131635315 ps
inst0 ch0:  C_CMD: RDCMD     C_r = 0x015   at time  131648977 ps
inst0 ch0:  C_CMD: RDCMD     C_f = 0x018   at time  131649391 ps
inst0 ch0:  C_CMD: RDCMD     C_r = 0x015   at time  131652289 ps
inst0 ch0:  C_CMD: RDCMD     C_f = 0x01a   at time  131652703 ps
inst0 ch0:  C_CMD: RDCMD     C_r = 0x015   at time  131655601 ps
inst0 ch0:  C_CMD: RDCMD     C_f = 0x010   at time  131656015 ps
inst0 ch0:  C_CMD: RDCMD     C_r = 0x015   at time  131658913 ps
inst0 ch0:  C_CMD: RDCMD     C_f = 0x012   at time  131659327 ps
inst0 ch0:  C_CMD: RDCMD     C_r = 0x015   at time  131662225 ps
inst0 ch0:  C_CMD: RDCMD     C_f = 0x008   at time  131662639 ps
inst0 ch0:  C_CMD: RDCMD     C_r = 0x015   at time  131665537 ps
inst0 ch0:  C_CMD: RDCMD     C_f = 0x00a   at time  131665951 ps
inst0 ch0:  C_CMD: RDCMD     C_r = 0x015   at time  131668849 ps
inst0 ch0:  C_CMD: RDCMD     C_f = 0x000   at time  131669263 ps
inst0 ch0:  C_CMD: RDCMD     C_r = 0x01d   at time  131672161 ps
inst0 ch0:  C_CMD: RDCMD     C_f = 0x002   at time  131672575 ps
inst0 ch0:  R_CMD: ACTCMD    R_r0= 0x02    at time  133964893 ps
inst0 ch0:  R_CMD: ACTCMD    R_f0= 0x13    at time  133965307 ps
inst0 ch0:  R_CMD: ACTCMD    R_r1= 0x3f    at time  133965721 ps
inst0 ch0:  R_CMD: ACTCMD    R_f1= 0x3b    at time  133966135 ps
inst0 ch0:  R_CMD: ACTCMD    R_r0= 0x02    at time  133966549 ps
inst0 ch0:  R_CMD: ACTCMD    R_f0= 0x1b    at time  133966963 ps
inst0 ch0:  R_CMD: ACTCMD    R_r1= 0x3f    at time  133967377 ps
inst0 ch0:  R_CMD: ACTCMD    R_f1= 0x3b    at time  133967791 ps
inst0 ch0:  C_CMD: RDCMD     C_r = 0x005   at time  133979797 ps
inst0 ch0:  C_CMD: RDCMD     C_f = 0x000   at time  133980211 ps
inst0 ch0:  C_CMD: RDCMD     C_r = 0x005   at time  133981453 ps
inst0 ch0:  C_CMD: RDCMD     C_f = 0x080   at time  133981867 ps
inst0 ch0:  C_CMD: RDCMD     C_r = 0x00d   at time  133983109 ps
inst0 ch0:  C_CMD: RDCMD     C_f = 0x002   at time  133983523 ps
inst0 ch0:  C_CMD: RDCMD     C_r = 0x00d   at time  133984765 ps
inst0 ch0:  C_CMD: RDCMD     C_f = 0x082   at time  133985179 ps
inst0 ch0:  R_CMD: ACTCMD    R_r0= 0x02    at time  134035273 ps
inst0 ch0:  R_CMD: ACTCMD    R_f0= 0x13    at time  134035687 ps
inst0 ch0:  R_CMD: ACTCMD    R_r1= 0x3f    at time  134036101 ps
inst0 ch0:  R_CMD: ACTCMD    R_f1= 0x3b    at time  134036515 ps
inst0 ch0:  R_CMD: ACTCMD    R_r0= 0x02    at time  134037757 ps
inst0 ch0:  R_CMD: ACTCMD    R_f0= 0x1b    at time  134038171 ps
inst0 ch0:  R_CMD: ACTCMD    R_r1= 0x3f    at time  134038585 ps
inst0 ch0:  R_CMD: ACTCMD    R_f1= 0x3b    at time  134038999 ps
inst0 ch0:  C_CMD: WRCMD     C_r = 0x001   at time  134046037 ps
inst0 ch0:  C_CMD: WRCMD     C_f = 0x000   at time  134046451 ps
inst0 ch0:  C_CMD: WRCMD     C_r = 0x001   at time  134048521 ps
inst0 ch0:  C_CMD: WRCMD     C_f = 0x080   at time  134048935 ps
inst0 ch0:  C_CMD: WRCMD     C_r = 0x009   at time  134049349 ps
inst0 ch0:  C_CMD: WRCMD     C_f = 0x002   at time  134049763 ps
inst0 ch0:  C_CMD: WRCMD     C_r = 0x009   at time  134051833 ps
inst0 ch0:  C_CMD: WRCMD     C_f = 0x082   at time  134052247 ps
inst0 ch0:  R_CMD: ACTCMD    R_r0= 0x0a    at time  138290365 ps
inst0 ch0:  R_CMD: ACTCMD    R_f0= 0x13    at time  138290779 ps
inst0 ch0:  R_CMD: ACTCMD    R_r1= 0x3f    at time  138291193 ps
inst0 ch0:  R_CMD: ACTCMD    R_f1= 0x3b    at time  138291607 ps
inst0 ch0:  R_CMD: ACTCMD    R_r0= 0x0a    at time  138292021 ps
inst0 ch0:  R_CMD: ACTCMD    R_f0= 0x1b    at time  138292435 ps
inst0 ch0:  R_CMD: ACTCMD    R_r1= 0x3f    at time  138292849 ps
inst0 ch0:  R_CMD: ACTCMD    R_f1= 0x3b    at time  138293263 ps
inst0 ch0:  C_CMD: RDCMD     C_r = 0x015   at time  138305269 ps
inst0 ch0:  C_CMD: RDCMD     C_f = 0x010   at time  138305683 ps
inst0 ch0:  C_CMD: RDCMD     C_r = 0x015   at time  138306925 ps
inst0 ch0:  C_CMD: RDCMD     C_f = 0x090   at time  138307339 ps
inst0 ch0:  C_CMD: RDCMD     C_r = 0x01d   at time  138308581 ps
inst0 ch0:  C_CMD: RDCMD     C_f = 0x012   at time  138308995 ps
inst0 ch0:  C_CMD: RDCMD     C_r = 0x01d   at time  138310237 ps
inst0 ch0:  C_CMD: RDCMD     C_f = 0x092   at time  138310651 ps
inst0 ch0:  R_CMD: ACTCMD    R_r0= 0x0a    at time  138362401 ps
inst0 ch0:  R_CMD: ACTCMD    R_f0= 0x1b    at time  138362815 ps
inst0 ch0:  R_CMD: ACTCMD    R_r1= 0x3f    at time  138363229 ps
inst0 ch0:  R_CMD: ACTCMD    R_f1= 0x3b    at time  138363643 ps
inst0 ch0:  R_CMD: ACTCMD    R_r0= 0x0a    at time  138364057 ps
inst0 ch0:  R_CMD: ACTCMD    R_f0= 0x13    at time  138364471 ps
inst0 ch0:  R_CMD: ACTCMD    R_r1= 0x3f    at time  138364885 ps
inst0 ch0:  R_CMD: ACTCMD    R_f1= 0x3b    at time  138365299 ps
inst0 ch0:  C_CMD: WRCMD     C_r = 0x011   at time  138373165 ps
inst0 ch0:  C_CMD: WRCMD     C_f = 0x090   at time  138373579 ps
inst0 ch0:  C_CMD: WRCMD     C_r = 0x011   at time  138374821 ps
inst0 ch0:  C_CMD: WRCMD     C_f = 0x010   at time  138375235 ps
inst0 ch0:  C_CMD: WRCMD     C_r = 0x019   at time  138376477 ps
inst0 ch0:  C_CMD: WRCMD     C_f = 0x092   at time  138376891 ps
inst0 ch0:  C_CMD: WRCMD     C_r = 0x019   at time  138378133 ps
inst0 ch0:  C_CMD: WRCMD     C_f = 0x012   at time  138378547 ps
inst0 ch0:  R_CMD: ACTCMD    R_r0= 0x0a    at time  142361641 ps
inst0 ch0:  R_CMD: ACTCMD    R_f0= 0x08    at time  142362055 ps
inst0 ch0:  R_CMD: ACTCMD    R_r1= 0x00    at time  142362469 ps
inst0 ch0:  R_CMD: ACTCMD    R_f1= 0x00    at time  142362883 ps
inst0 ch0:  R_CMD: ACTCMD    R_r0= 0x0a    at time  142364125 ps
inst0 ch0:  R_CMD: ACTCMD    R_f0= 0x00    at time  142364539 ps
inst0 ch0:  R_CMD: ACTCMD    R_r1= 0x00    at time  142364953 ps
inst0 ch0:  R_CMD: ACTCMD    R_f1= 0x00    at time  142365367 ps
inst0 ch0:  C_CMD: RDCMD     C_r = 0x015   at time  142376545 ps
inst0 ch0:  C_CMD: RDCMD     C_f = 0x0a8   at time  142376959 ps
inst0 ch0:  C_CMD: RDCMD     C_r = 0x015   at time  142379029 ps
inst0 ch0:  C_CMD: RDCMD     C_f = 0x028   at time  142379443 ps
inst0 ch0:  C_CMD: RDCMD     C_r = 0x015   at time  142379857 ps
inst0 ch0:  C_CMD: RDCMD     C_f = 0x0aa   at time  142380271 ps
inst0 ch0:  C_CMD: RDCMD     C_r = 0x015   at time  142382341 ps
inst0 ch0:  C_CMD: RDCMD     C_f = 0x02a   at time  142382755 ps
inst0 ch0:  C_CMD: RDCMD     C_r = 0x015   at time  142383169 ps
inst0 ch0:  C_CMD: RDCMD     C_f = 0x0a0   at time  142383583 ps
inst0 ch0:  C_CMD: RDCMD     C_r = 0x015   at time  142385653 ps
inst0 ch0:  C_CMD: RDCMD     C_f = 0x020   at time  142386067 ps
inst0 ch0:  C_CMD: RDCMD     C_r = 0x01d   at time  142386481 ps
inst0 ch0:  C_CMD: RDCMD     C_f = 0x0a2   at time  142386895 ps
inst0 ch0:  C_CMD: RDCMD     C_r = 0x01d   at time  142388965 ps
inst0 ch0:  C_CMD: RDCMD     C_f = 0x022   at time  142389379 ps
inst0 ch0:  R_CMD: ACTCMD    R_r0= 0x0a    at time  142432021 ps
inst0 ch0:  R_CMD: ACTCMD    R_f0= 0x08    at time  142432435 ps
inst0 ch0:  R_CMD: ACTCMD    R_r1= 0x00    at time  142432849 ps
inst0 ch0:  R_CMD: ACTCMD    R_f1= 0x00    at time  142433263 ps
inst0 ch0:  R_CMD: ACTCMD    R_r0= 0x0a    at time  142434505 ps
inst0 ch0:  R_CMD: ACTCMD    R_f0= 0x00    at time  142434919 ps
inst0 ch0:  R_CMD: ACTCMD    R_r1= 0x00    at time  142435333 ps
inst0 ch0:  R_CMD: ACTCMD    R_f1= 0x00    at time  142435747 ps
inst0 ch0:  C_CMD: WRCMD     C_r = 0x011   at time  142442785 ps
inst0 ch0:  C_CMD: WRCMD     C_f = 0x0a8   at time  142443199 ps
inst0 ch0:  C_CMD: WRCMD     C_r = 0x011   at time  142445269 ps
inst0 ch0:  C_CMD: WRCMD     C_f = 0x028   at time  142445683 ps
inst0 ch0:  C_CMD: WRCMD     C_r = 0x011   at time  142446097 ps
inst0 ch0:  C_CMD: WRCMD     C_f = 0x0aa   at time  142446511 ps
inst0 ch0:  C_CMD: WRCMD     C_r = 0x011   at time  142448581 ps
inst0 ch0:  C_CMD: WRCMD     C_f = 0x02a   at time  142448995 ps
inst0 ch0:  C_CMD: WRCMD     C_r = 0x011   at time  142449409 ps
inst0 ch0:  C_CMD: WRCMD     C_f = 0x0a0   at time  142449823 ps
inst0 ch0:  C_CMD: WRCMD     C_r = 0x011   at time  142451893 ps
inst0 ch0:  C_CMD: WRCMD     C_f = 0x020   at time  142452307 ps
inst0 ch0:  C_CMD: WRCMD     C_r = 0x019   at time  142452721 ps
inst0 ch0:  C_CMD: WRCMD     C_f = 0x0a2   at time  142453135 ps
inst0 ch0:  C_CMD: WRCMD     C_r = 0x019   at time  142455205 ps
inst0 ch0:  C_CMD: WRCMD     C_f = 0x022   at time  142455619 ps
inst0 ch0:  R_CMD: ACTCMD    R_r0= 0x02    at time  146177893 ps
inst0 ch0:  R_CMD: ACTCMD    R_f0= 0x18    at time  146178307 ps
inst0 ch0:  R_CMD: ACTCMD    R_r1= 0x3f    at time  146178721 ps
inst0 ch0:  R_CMD: ACTCMD    R_f1= 0x3b    at time  146179135 ps
inst0 ch0:  R_CMD: ACTCMD    R_r0= 0x02    at time  146180377 ps
inst0 ch0:  R_CMD: ACTCMD    R_f0= 0x10    at time  146180791 ps
inst0 ch0:  R_CMD: ACTCMD    R_r1= 0x3f    at time  146181205 ps
inst0 ch0:  R_CMD: ACTCMD    R_f1= 0x3b    at time  146181619 ps
inst0 ch0:  C_CMD: RDCMD     C_r = 0x005   at time  146192797 ps
inst0 ch0:  C_CMD: RDCMD     C_f = 0x0f8   at time  146193211 ps
inst0 ch0:  C_CMD: RDCMD     C_r = 0x005   at time  146195281 ps
inst0 ch0:  C_CMD: RDCMD     C_f = 0x078   at time  146195695 ps
inst0 ch0:  C_CMD: RDCMD     C_r = 0x00d   at time  146196109 ps
inst0 ch0:  C_CMD: RDCMD     C_f = 0x0fa   at time  146196523 ps
inst0 ch0:  C_CMD: RDCMD     C_r = 0x00d   at time  146198593 ps
inst0 ch0:  C_CMD: RDCMD     C_f = 0x07a   at time  146199007 ps
inst0 ch0:  R_CMD: ACTCMD    R_r0= 0x02    at time  146225089 ps
inst0 ch0:  R_CMD: ACTCMD    R_f0= 0x19    at time  146225503 ps
inst0 ch0:  R_CMD: ACTCMD    R_r1= 0x3f    at time  146225917 ps
inst0 ch0:  R_CMD: ACTCMD    R_f1= 0x3b    at time  146226331 ps
inst0 ch0:  R_CMD: ACTCMD    R_r0= 0x02    at time  146227573 ps
inst0 ch0:  R_CMD: ACTCMD    R_f0= 0x11    at time  146227987 ps
inst0 ch0:  R_CMD: ACTCMD    R_r1= 0x3f    at time  146228401 ps
inst0 ch0:  R_CMD: ACTCMD    R_f1= 0x3b    at time  146228815 ps
inst0 ch0:  C_CMD: RDCMD     C_r = 0x005   at time  146239993 ps
inst0 ch0:  C_CMD: RDCMD     C_f = 0x0f8   at time  146240407 ps
inst0 ch0:  C_CMD: RDCMD     C_r = 0x005   at time  146242477 ps
inst0 ch0:  C_CMD: RDCMD     C_f = 0x078   at time  146242891 ps
inst0 ch0:  C_CMD: RDCMD     C_r = 0x00d   at time  146243305 ps
inst0 ch0:  C_CMD: RDCMD     C_f = 0x0fa   at time  146243719 ps
inst0 ch0:  C_CMD: RDCMD     C_r = 0x00d   at time  146245789 ps
inst0 ch0:  C_CMD: RDCMD     C_f = 0x07a   at time  146246203 ps
inst0 ch0:  R_CMD: ACTCMD    R_r0= 0x02    at time  146272285 ps
inst0 ch0:  R_CMD: ACTCMD    R_f0= 0x18    at time  146272699 ps
inst0 ch0:  R_CMD: ACTCMD    R_r1= 0x3f    at time  146273113 ps
inst0 ch0:  R_CMD: ACTCMD    R_f1= 0x3b    at time  146273527 ps
inst0 ch0:  R_CMD: ACTCMD    R_r0= 0x02    at time  146274769 ps
inst0 ch0:  R_CMD: ACTCMD    R_f0= 0x10    at time  146275183 ps
inst0 ch0:  R_CMD: ACTCMD    R_r1= 0x3f    at time  146275597 ps
inst0 ch0:  R_CMD: ACTCMD    R_f1= 0x3b    at time  146276011 ps
inst0 ch0:  C_CMD: WRCMD     C_r = 0x001   at time  146283049 ps
inst0 ch0:  C_CMD: WRCMD     C_f = 0x0f8   at time  146283463 ps
inst0 ch0:  C_CMD: WRCMD     C_r = 0x001   at time  146285533 ps
inst0 ch0:  C_CMD: WRCMD     C_f = 0x078   at time  146285947 ps
inst0 ch0:  C_CMD: WRCMD     C_r = 0x009   at time  146286361 ps
inst0 ch0:  C_CMD: WRCMD     C_f = 0x0fa   at time  146286775 ps
inst0 ch0:  C_CMD: WRCMD     C_r = 0x009   at time  146288845 ps
inst0 ch0:  C_CMD: WRCMD     C_f = 0x07a   at time  146289259 ps
inst0 ch0:  R_CMD: ACTCMD    R_r0= 0x02    at time  146324449 ps
inst0 ch0:  R_CMD: ACTCMD    R_f0= 0x19    at time  146324863 ps
inst0 ch0:  R_CMD: ACTCMD    R_r1= 0x3f    at time  146325277 ps
inst0 ch0:  R_CMD: ACTCMD    R_f1= 0x3b    at time  146325691 ps
inst0 ch0:  R_CMD: ACTCMD    R_r0= 0x02    at time  146326933 ps
inst0 ch0:  R_CMD: ACTCMD    R_f0= 0x11    at time  146327347 ps
inst0 ch0:  R_CMD: ACTCMD    R_r1= 0x3f    at time  146327761 ps
inst0 ch0:  R_CMD: ACTCMD    R_f1= 0x3b    at time  146328175 ps
inst0 ch0:  C_CMD: WRCMD     C_r = 0x001   at time  146335213 ps
inst0 ch0:  C_CMD: WRCMD     C_f = 0x0f8   at time  146335627 ps
inst0 ch0:  C_CMD: WRCMD     C_r = 0x001   at time  146337697 ps
inst0 ch0:  C_CMD: WRCMD     C_f = 0x078   at time  146338111 ps
inst0 ch0:  C_CMD: WRCMD     C_r = 0x009   at time  146338525 ps
inst0 ch0:  C_CMD: WRCMD     C_f = 0x0fa   at time  146338939 ps
inst0 ch0:  C_CMD: WRCMD     C_r = 0x009   at time  146341009 ps
inst0 ch0:  C_CMD: WRCMD     C_f = 0x07a   at time  146341423 ps
inst0 ch0:  R_CMD: ACTCMD    R_r0= 0x0a    at time  146448649 ps
inst0 ch0:  R_CMD: ACTCMD    R_f0= 0x18    at time  146449063 ps
inst0 ch0:  R_CMD: ACTCMD    R_r1= 0x3f    at time  146449477 ps
inst0 ch0:  R_CMD: ACTCMD    R_f1= 0x3b    at time  146449891 ps
inst0 ch0:  R_CMD: ACTCMD    R_r0= 0x0a    at time  146451133 ps
inst0 ch0:  R_CMD: ACTCMD    R_f0= 0x10    at time  146451547 ps
inst0 ch0:  R_CMD: ACTCMD    R_r1= 0x3f    at time  146451961 ps
inst0 ch0:  R_CMD: ACTCMD    R_f1= 0x3b    at time  146452375 ps
inst0 ch0:  C_CMD: RDCMD     C_r = 0x015   at time  146463553 ps
inst0 ch0:  C_CMD: RDCMD     C_f = 0x0f8   at time  146463967 ps
inst0 ch0:  C_CMD: RDCMD     C_r = 0x015   at time  146466037 ps
inst0 ch0:  C_CMD: RDCMD     C_f = 0x078   at time  146466451 ps
inst0 ch0:  C_CMD: RDCMD     C_r = 0x01d   at time  146466865 ps
inst0 ch0:  C_CMD: RDCMD     C_f = 0x0fa   at time  146467279 ps
inst0 ch0:  C_CMD: RDCMD     C_r = 0x01d   at time  146469349 ps
inst0 ch0:  C_CMD: RDCMD     C_f = 0x07a   at time  146469763 ps
inst0 ch0:  R_CMD: ACTCMD    R_r0= 0x0a    at time  146495845 ps
inst0 ch0:  R_CMD: ACTCMD    R_f0= 0x08    at time  146496259 ps
inst0 ch0:  R_CMD: ACTCMD    R_r1= 0x00    at time  146496673 ps
inst0 ch0:  R_CMD: ACTCMD    R_f1= 0x00    at time  146497087 ps
inst0 ch0:  R_CMD: ACTCMD    R_r0= 0x0a    at time  146498329 ps
inst0 ch0:  R_CMD: ACTCMD    R_f0= 0x00    at time  146498743 ps
inst0 ch0:  R_CMD: ACTCMD    R_r1= 0x00    at time  146499157 ps
inst0 ch0:  R_CMD: ACTCMD    R_f1= 0x00    at time  146499571 ps
inst0 ch0:  C_CMD: RDCMD     C_r = 0x015   at time  146510749 ps
inst0 ch0:  C_CMD: RDCMD     C_f = 0x0b8   at time  146511163 ps
inst0 ch0:  C_CMD: RDCMD     C_r = 0x015   at time  146513233 ps
inst0 ch0:  C_CMD: RDCMD     C_f = 0x038   at time  146513647 ps
inst0 ch0:  C_CMD: RDCMD     C_r = 0x015   at time  146514061 ps
inst0 ch0:  C_CMD: RDCMD     C_f = 0x0ba   at time  146514475 ps
inst0 ch0:  C_CMD: RDCMD     C_r = 0x015   at time  146516545 ps
inst0 ch0:  C_CMD: RDCMD     C_f = 0x03a   at time  146516959 ps
inst0 ch0:  C_CMD: RDCMD     C_r = 0x015   at time  146517373 ps
inst0 ch0:  C_CMD: RDCMD     C_f = 0x0b0   at time  146517787 ps
inst0 ch0:  C_CMD: RDCMD     C_r = 0x015   at time  146519857 ps
inst0 ch0:  C_CMD: RDCMD     C_f = 0x030   at time  146520271 ps
inst0 ch0:  C_CMD: RDCMD     C_r = 0x01d   at time  146520685 ps
inst0 ch0:  C_CMD: RDCMD     C_f = 0x0b2   at time  146521099 ps
inst0 ch0:  C_CMD: RDCMD     C_r = 0x01d   at time  146523169 ps
inst0 ch0:  C_CMD: RDCMD     C_f = 0x032   at time  146523583 ps
inst0 ch0:  R_CMD: ACTCMD    R_r0= 0x0a    at time  146543041 ps
inst0 ch0:  R_CMD: ACTCMD    R_f0= 0x19    at time  146543455 ps
inst0 ch0:  R_CMD: ACTCMD    R_r1= 0x3f    at time  146543869 ps
inst0 ch0:  R_CMD: ACTCMD    R_f1= 0x3b    at time  146544283 ps
inst0 ch0:  R_CMD: ACTCMD    R_r0= 0x0a    at time  146545525 ps
inst0 ch0:  R_CMD: ACTCMD    R_f0= 0x11    at time  146545939 ps
inst0 ch0:  R_CMD: ACTCMD    R_r1= 0x3f    at time  146546353 ps
inst0 ch0:  R_CMD: ACTCMD    R_f1= 0x3b    at time  146546767 ps
inst0 ch0:  C_CMD: RDCMD     C_r = 0x015   at time  146557945 ps
inst0 ch0:  C_CMD: RDCMD     C_f = 0x0f8   at time  146558359 ps
inst0 ch0:  C_CMD: RDCMD     C_r = 0x015   at time  146560429 ps
inst0 ch0:  C_CMD: RDCMD     C_f = 0x078   at time  146560843 ps
inst0 ch0:  C_CMD: RDCMD     C_r = 0x01d   at time  146561257 ps
inst0 ch0:  C_CMD: RDCMD     C_f = 0x0fa   at time  146561671 ps
inst0 ch0:  C_CMD: RDCMD     C_r = 0x01d   at time  146563741 ps
inst0 ch0:  C_CMD: RDCMD     C_f = 0x07a   at time  146564155 ps
inst0 ch0:  R_CMD: ACTCMD    R_r0= 0x0a    at time  146590237 ps
inst0 ch0:  R_CMD: ACTCMD    R_f0= 0x18    at time  146590651 ps
inst0 ch0:  R_CMD: ACTCMD    R_r1= 0x3f    at time  146591065 ps
inst0 ch0:  R_CMD: ACTCMD    R_f1= 0x3b    at time  146591479 ps
inst0 ch0:  R_CMD: ACTCMD    R_r0= 0x0a    at time  146592721 ps
inst0 ch0:  R_CMD: ACTCMD    R_f0= 0x10    at time  146593135 ps
inst0 ch0:  R_CMD: ACTCMD    R_r1= 0x3f    at time  146593549 ps
inst0 ch0:  R_CMD: ACTCMD    R_f1= 0x3b    at time  146593963 ps
inst0 ch0:  C_CMD: WRCMD     C_r = 0x011   at time  146601001 ps
inst0 ch0:  C_CMD: WRCMD     C_f = 0x0f8   at time  146601415 ps
inst0 ch0:  C_CMD: WRCMD     C_r = 0x011   at time  146603485 ps
inst0 ch0:  C_CMD: WRCMD     C_f = 0x078   at time  146603899 ps
inst0 ch0:  C_CMD: WRCMD     C_r = 0x019   at time  146604313 ps
inst0 ch0:  C_CMD: WRCMD     C_f = 0x0fa   at time  146604727 ps
inst0 ch0:  C_CMD: WRCMD     C_r = 0x019   at time  146606797 ps
inst0 ch0:  C_CMD: WRCMD     C_f = 0x07a   at time  146607211 ps
inst0 ch0:  R_CMD: ACTCMD    R_r0= 0x0a    at time  146642401 ps
inst0 ch0:  R_CMD: ACTCMD    R_f0= 0x08    at time  146642815 ps
inst0 ch0:  R_CMD: ACTCMD    R_r1= 0x00    at time  146643229 ps
inst0 ch0:  R_CMD: ACTCMD    R_f1= 0x00    at time  146643643 ps
inst0 ch0:  R_CMD: ACTCMD    R_r0= 0x0a    at time  146644885 ps
inst0 ch0:  R_CMD: ACTCMD    R_f0= 0x00    at time  146645299 ps
inst0 ch0:  R_CMD: ACTCMD    R_r1= 0x00    at time  146645713 ps
inst0 ch0:  R_CMD: ACTCMD    R_f1= 0x00    at time  146646127 ps
inst0 ch0:  C_CMD: WRCMD     C_r = 0x011   at time  146653165 ps
inst0 ch0:  C_CMD: WRCMD     C_f = 0x0b8   at time  146653579 ps
inst0 ch0:  C_CMD: WRCMD     C_r = 0x011   at time  146655649 ps
inst0 ch0:  C_CMD: WRCMD     C_f = 0x038   at time  146656063 ps
inst0 ch0:  C_CMD: WRCMD     C_r = 0x011   at time  146656477 ps
inst0 ch0:  C_CMD: WRCMD     C_f = 0x0ba   at time  146656891 ps
inst0 ch0:  C_CMD: WRCMD     C_r = 0x011   at time  146658961 ps
inst0 ch0:  C_CMD: WRCMD     C_f = 0x03a   at time  146659375 ps
inst0 ch0:  C_CMD: WRCMD     C_r = 0x011   at time  146659789 ps
inst0 ch0:  C_CMD: WRCMD     C_f = 0x0b0   at time  146660203 ps
inst0 ch0:  C_CMD: WRCMD     C_r = 0x011   at time  146662273 ps
inst0 ch0:  C_CMD: WRCMD     C_f = 0x030   at time  146662687 ps
inst0 ch0:  C_CMD: WRCMD     C_r = 0x019   at time  146663101 ps
inst0 ch0:  C_CMD: WRCMD     C_f = 0x0b2   at time  146663515 ps
inst0 ch0:  C_CMD: WRCMD     C_r = 0x019   at time  146665585 ps
inst0 ch0:  C_CMD: WRCMD     C_f = 0x032   at time  146665999 ps
inst0 ch0:  R_CMD: ACTCMD    R_r0= 0x0a    at time  146701189 ps
inst0 ch0:  R_CMD: ACTCMD    R_f0= 0x19    at time  146701603 ps
inst0 ch0:  R_CMD: ACTCMD    R_r1= 0x3f    at time  146702017 ps
inst0 ch0:  R_CMD: ACTCMD    R_f1= 0x3b    at time  146702431 ps
inst0 ch0:  R_CMD: ACTCMD    R_r0= 0x0a    at time  146703673 ps
inst0 ch0:  R_CMD: ACTCMD    R_f0= 0x11    at time  146704087 ps
inst0 ch0:  R_CMD: ACTCMD    R_r1= 0x3f    at time  146704501 ps
inst0 ch0:  R_CMD: ACTCMD    R_f1= 0x3b    at time  146704915 ps
inst0 ch0:  C_CMD: WRCMD     C_r = 0x011   at time  146711953 ps
inst0 ch0:  C_CMD: WRCMD     C_f = 0x0f8   at time  146712367 ps
inst0 ch0:  C_CMD: WRCMD     C_r = 0x011   at time  146714437 ps
inst0 ch0:  C_CMD: WRCMD     C_f = 0x078   at time  146714851 ps
inst0 ch0:  C_CMD: WRCMD     C_r = 0x019   at time  146715265 ps
inst0 ch0:  C_CMD: WRCMD     C_f = 0x0fa   at time  146715679 ps
inst0 ch0:  C_CMD: WRCMD     C_r = 0x019   at time  146717749 ps
inst0 ch0:  C_CMD: WRCMD     C_f = 0x07a   at time  146718163 ps
inst0 ch0:  R_CMD: ACTCMD    R_r0= 0x02    at time  147196333 ps
inst0 ch0:  R_CMD: ACTCMD    R_f0= 0x38    at time  147196747 ps
inst0 ch0:  R_CMD: ACTCMD    R_r1= 0x3f    at time  147197161 ps
inst0 ch0:  R_CMD: ACTCMD    R_f1= 0x3b    at time  147197575 ps
inst0 ch0:  R_CMD: ACTCMD    R_r0= 0x02    at time  147198817 ps
inst0 ch0:  R_CMD: ACTCMD    R_f0= 0x30    at time  147199231 ps
inst0 ch0:  R_CMD: ACTCMD    R_r1= 0x3f    at time  147199645 ps
inst0 ch0:  R_CMD: ACTCMD    R_f1= 0x3b    at time  147200059 ps
inst0 ch0:  C_CMD: RDCMD     C_r = 0x085   at time  147211237 ps
inst0 ch0:  C_CMD: RDCMD     C_f = 0x0f8   at time  147211651 ps
inst0 ch0:  C_CMD: RDCMD     C_r = 0x085   at time  147213721 ps
inst0 ch0:  C_CMD: RDCMD     C_f = 0x078   at time  147214135 ps
inst0 ch0:  C_CMD: RDCMD     C_r = 0x08d   at time  147214549 ps
inst0 ch0:  C_CMD: RDCMD     C_f = 0x0fa   at time  147214963 ps
inst0 ch0:  C_CMD: RDCMD     C_r = 0x08d   at time  147217033 ps
inst0 ch0:  C_CMD: RDCMD     C_f = 0x07a   at time  147217447 ps
inst0 ch0:  R_CMD: ACTCMD    R_r0= 0x02    at time  147266713 ps
inst0 ch0:  R_CMD: ACTCMD    R_f0= 0x38    at time  147267127 ps
inst0 ch0:  R_CMD: ACTCMD    R_r1= 0x3f    at time  147267541 ps
inst0 ch0:  R_CMD: ACTCMD    R_f1= 0x3b    at time  147267955 ps
inst0 ch0:  R_CMD: ACTCMD    R_r0= 0x02    at time  147269197 ps
inst0 ch0:  R_CMD: ACTCMD    R_f0= 0x30    at time  147269611 ps
inst0 ch0:  R_CMD: ACTCMD    R_r1= 0x3f    at time  147270025 ps
inst0 ch0:  R_CMD: ACTCMD    R_f1= 0x3b    at time  147270439 ps
inst0 ch0:  C_CMD: WRCMD     C_r = 0x081   at time  147277477 ps
inst0 ch0:  C_CMD: WRCMD     C_f = 0x0f8   at time  147277891 ps
inst0 ch0:  C_CMD: WRCMD     C_r = 0x081   at time  147279961 ps
inst0 ch0:  C_CMD: WRCMD     C_f = 0x078   at time  147280375 ps
inst0 ch0:  C_CMD: WRCMD     C_r = 0x089   at time  147280789 ps
inst0 ch0:  C_CMD: WRCMD     C_f = 0x0fa   at time  147281203 ps
inst0 ch0:  C_CMD: WRCMD     C_r = 0x089   at time  147283273 ps
inst0 ch0:  C_CMD: WRCMD     C_f = 0x07a   at time  147283687 ps
inst0 ch0:  R_CMD: ACTCMD    R_r0= 0x0a    at time  147450529 ps
inst0 ch0:  R_CMD: ACTCMD    R_f0= 0x38    at time  147450943 ps
inst0 ch0:  R_CMD: ACTCMD    R_r1= 0x3f    at time  147451357 ps
inst0 ch0:  R_CMD: ACTCMD    R_f1= 0x3b    at time  147451771 ps
inst0 ch0:  R_CMD: ACTCMD    R_r0= 0x0a    at time  147453013 ps
inst0 ch0:  R_CMD: ACTCMD    R_f0= 0x30    at time  147453427 ps
inst0 ch0:  R_CMD: ACTCMD    R_r1= 0x3f    at time  147453841 ps
inst0 ch0:  R_CMD: ACTCMD    R_f1= 0x3b    at time  147454255 ps
inst0 ch0:  C_CMD: RDCMD     C_r = 0x095   at time  147465433 ps
inst0 ch0:  C_CMD: RDCMD     C_f = 0x0f8   at time  147465847 ps
inst0 ch0:  C_CMD: RDCMD     C_r = 0x095   at time  147467917 ps
inst0 ch0:  C_CMD: RDCMD     C_f = 0x078   at time  147468331 ps
inst0 ch0:  C_CMD: RDCMD     C_r = 0x09d   at time  147468745 ps
inst0 ch0:  C_CMD: RDCMD     C_f = 0x0fa   at time  147469159 ps
inst0 ch0:  C_CMD: RDCMD     C_r = 0x09d   at time  147471229 ps
inst0 ch0:  C_CMD: RDCMD     C_f = 0x07a   at time  147471643 ps
inst0 ch0:  R_CMD: ACTCMD    R_r0= 0x0a    at time  147741157 ps
inst0 ch0:  R_CMD: ACTCMD    R_f0= 0x38    at time  147741571 ps
inst0 ch0:  R_CMD: ACTCMD    R_r1= 0x3f    at time  147741985 ps
inst0 ch0:  R_CMD: ACTCMD    R_f1= 0x3b    at time  147742399 ps
inst0 ch0:  R_CMD: ACTCMD    R_r0= 0x0a    at time  147743641 ps
inst0 ch0:  R_CMD: ACTCMD    R_f0= 0x30    at time  147744055 ps
inst0 ch0:  R_CMD: ACTCMD    R_r1= 0x3f    at time  147744469 ps
inst0 ch0:  R_CMD: ACTCMD    R_f1= 0x3b    at time  147744883 ps
inst0 ch0:  C_CMD: WRCMD     C_r = 0x091   at time  147751921 ps
inst0 ch0:  C_CMD: WRCMD     C_f = 0x0f8   at time  147752335 ps
inst0 ch0:  C_CMD: WRCMD     C_r = 0x091   at time  147754405 ps
inst0 ch0:  C_CMD: WRCMD     C_f = 0x078   at time  147754819 ps
inst0 ch0:  C_CMD: WRCMD     C_r = 0x099   at time  147755233 ps
inst0 ch0:  C_CMD: WRCMD     C_f = 0x0fa   at time  147755647 ps
inst0 ch0:  C_CMD: WRCMD     C_r = 0x099   at time  147757717 ps
inst0 ch0:  C_CMD: WRCMD     C_f = 0x07a   at time  147758131 ps
