inst0 ch0:  R_CMD: ACTCMD    R_r0= 0x0e    at time   33400981 ps
inst0 ch0:  R_CMD: ACTCMD    R_f0= 0x28    at time   33401395 ps
inst0 ch0:  R_CMD: ACTCMD    R_r1= 0x00    at time   33401809 ps
inst0 ch0:  R_CMD: ACTCMD    R_f1= 0x02    at time   33402223 ps
inst0 ch0:  R_CMD: ACTCMD    R_r0= 0x0e    at time   33404293 ps
inst0 ch0:  R_CMD: ACTCMD    R_f0= 0x20    at time   33404707 ps
inst0 ch0:  R_CMD: ACTCMD    R_r1= 0x00    at time   33405121 ps
inst0 ch0:  R_CMD: ACTCMD    R_f1= 0x02    at time   33405535 ps
inst0 ch0:  C_CMD: RDCMD     C_r = 0x095   at time   33415885 ps
inst0 ch0:  C_CMD: RDCMD     C_f = 0x0a9   at time   33416299 ps
inst0 ch0:  C_CMD: RDCMD     C_r = 0x095   at time   33419197 ps
inst0 ch0:  C_CMD: RDCMD     C_f = 0x0ab   at time   33419611 ps
inst0 ch0:  C_CMD: RDCMD     C_r = 0x095   at time   33420025 ps
inst0 ch0:  C_CMD: RDCMD     C_f = 0x029   at time   33420439 ps
inst0 ch0:  C_CMD: RDCMD     C_r = 0x095   at time   33422509 ps
inst0 ch0:  C_CMD: RDCMD     C_f = 0x0a1   at time   33422923 ps
inst0 ch0:  C_CMD: RDCMD     C_r = 0x095   at time   33423337 ps
inst0 ch0:  C_CMD: RDCMD     C_f = 0x02b   at time   33423751 ps
inst0 ch0:  C_CMD: RDCMD     C_r = 0x09d   at time   33425821 ps
inst0 ch0:  C_CMD: RDCMD     C_f = 0x0a3   at time   33426235 ps
inst0 ch0:  C_CMD: RDCMD     C_r = 0x095   at time   33426649 ps
inst0 ch0:  C_CMD: RDCMD     C_f = 0x021   at time   33427063 ps
inst0 ch0:  C_CMD: RDCMD     C_r = 0x09d   at time   33429961 ps
inst0 ch0:  C_CMD: RDCMD     C_f = 0x023   at time   33430375 ps
inst0 ch0:  R_CMD: ACTCMD    R_r0= 0x0e    at time   33693265 ps
inst0 ch0:  R_CMD: ACTCMD    R_f0= 0x28    at time   33693679 ps
inst0 ch0:  R_CMD: ACTCMD    R_r1= 0x00    at time   33694093 ps
inst0 ch0:  R_CMD: ACTCMD    R_f1= 0x02    at time   33694507 ps
inst0 ch0:  R_CMD: ACTCMD    R_r0= 0x0e    at time   33694921 ps
inst0 ch0:  R_CMD: ACTCMD    R_f0= 0x20    at time   33695335 ps
inst0 ch0:  R_CMD: ACTCMD    R_r1= 0x00    at time   33695749 ps
inst0 ch0:  R_CMD: ACTCMD    R_f1= 0x02    at time   33696163 ps
inst0 ch0:  C_CMD: WRCMD     C_r = 0x091   at time   33704029 ps
inst0 ch0:  C_CMD: WRCMD     C_f = 0x0a9   at time   33704443 ps
inst0 ch0:  C_CMD: WRCMD     C_r = 0x091   at time   33705685 ps
inst0 ch0:  C_CMD: WRCMD     C_f = 0x029   at time   33706099 ps
inst0 ch0:  C_CMD: WRCMD     C_r = 0x091   at time   33707341 ps
inst0 ch0:  C_CMD: WRCMD     C_f = 0x0ab   at time   33707755 ps
inst0 ch0:  C_CMD: WRCMD     C_r = 0x091   at time   33708997 ps
inst0 ch0:  C_CMD: WRCMD     C_f = 0x02b   at time   33709411 ps
inst0 ch0:  C_CMD: WRCMD     C_r = 0x091   at time   33710653 ps
inst0 ch0:  C_CMD: WRCMD     C_f = 0x0a1   at time   33711067 ps
inst0 ch0:  C_CMD: WRCMD     C_r = 0x091   at time   33712309 ps
inst0 ch0:  C_CMD: WRCMD     C_f = 0x021   at time   33712723 ps
inst0 ch0:  C_CMD: WRCMD     C_r = 0x099   at time   33713965 ps
inst0 ch0:  C_CMD: WRCMD     C_f = 0x0a3   at time   33714379 ps
inst0 ch0:  C_CMD: WRCMD     C_r = 0x099   at time   33715621 ps
inst0 ch0:  C_CMD: WRCMD     C_f = 0x023   at time   33716035 ps
inst0 ch0:  R_CMD: ACTCMD    R_r0= 0x2e    at time   37665181 ps
inst0 ch0:  R_CMD: ACTCMD    R_f0= 0x28    at time   37665595 ps
inst0 ch0:  R_CMD: ACTCMD    R_r1= 0x00    at time   37666009 ps
inst0 ch0:  R_CMD: ACTCMD    R_f1= 0x02    at time   37666423 ps
inst0 ch0:  R_CMD: ACTCMD    R_r0= 0x2e    at time   37667665 ps
inst0 ch0:  R_CMD: ACTCMD    R_f0= 0x20    at time   37668079 ps
inst0 ch0:  R_CMD: ACTCMD    R_r1= 0x00    at time   37668493 ps
inst0 ch0:  R_CMD: ACTCMD    R_f1= 0x02    at time   37668907 ps
inst0 ch0:  C_CMD: RDCMD     C_r = 0x0d5   at time   37680085 ps
inst0 ch0:  C_CMD: RDCMD     C_f = 0x0a9   at time   37680499 ps
inst0 ch0:  C_CMD: RDCMD     C_r = 0x0d5   at time   37682569 ps
inst0 ch0:  C_CMD: RDCMD     C_f = 0x029   at time   37682983 ps
inst0 ch0:  C_CMD: RDCMD     C_r = 0x0d5   at time   37683397 ps
inst0 ch0:  C_CMD: RDCMD     C_f = 0x0ab   at time   37683811 ps
inst0 ch0:  C_CMD: RDCMD     C_r = 0x0d5   at time   37685881 ps
inst0 ch0:  C_CMD: RDCMD     C_f = 0x02b   at time   37686295 ps
inst0 ch0:  C_CMD: RDCMD     C_r = 0x0d5   at time   37686709 ps
inst0 ch0:  C_CMD: RDCMD     C_f = 0x0a1   at time   37687123 ps
inst0 ch0:  C_CMD: RDCMD     C_r = 0x0d5   at time   37689193 ps
inst0 ch0:  C_CMD: RDCMD     C_f = 0x021   at time   37689607 ps
inst0 ch0:  C_CMD: RDCMD     C_r = 0x0dd   at time   37690021 ps
inst0 ch0:  C_CMD: RDCMD     C_f = 0x0a3   at time   37690435 ps
inst0 ch0:  C_CMD: RDCMD     C_r = 0x0dd   at time   37692505 ps
inst0 ch0:  C_CMD: RDCMD     C_f = 0x023   at time   37692919 ps
inst0 ch0:  R_CMD: ACTCMD    R_r0= 0x2e    at time   37803457 ps
inst0 ch0:  R_CMD: ACTCMD    R_f0= 0x28    at time   37803871 ps
inst0 ch0:  R_CMD: ACTCMD    R_r1= 0x00    at time   37804285 ps
inst0 ch0:  R_CMD: ACTCMD    R_f1= 0x02    at time   37804699 ps
inst0 ch0:  R_CMD: ACTCMD    R_r0= 0x2e    at time   37805941 ps
inst0 ch0:  R_CMD: ACTCMD    R_f0= 0x20    at time   37806355 ps
inst0 ch0:  R_CMD: ACTCMD    R_r1= 0x00    at time   37806769 ps
inst0 ch0:  R_CMD: ACTCMD    R_f1= 0x02    at time   37807183 ps
inst0 ch0:  C_CMD: WRCMD     C_r = 0x0d1   at time   37814221 ps
inst0 ch0:  C_CMD: WRCMD     C_f = 0x0a9   at time   37814635 ps
inst0 ch0:  C_CMD: WRCMD     C_r = 0x0d1   at time   37816705 ps
inst0 ch0:  C_CMD: WRCMD     C_f = 0x029   at time   37817119 ps
inst0 ch0:  C_CMD: WRCMD     C_r = 0x0d1   at time   37817533 ps
inst0 ch0:  C_CMD: WRCMD     C_f = 0x0ab   at time   37817947 ps
inst0 ch0:  C_CMD: WRCMD     C_r = 0x0d1   at time   37820017 ps
inst0 ch0:  C_CMD: WRCMD     C_f = 0x02b   at time   37820431 ps
inst0 ch0:  C_CMD: WRCMD     C_r = 0x0d1   at time   37820845 ps
inst0 ch0:  C_CMD: WRCMD     C_f = 0x0a1   at time   37821259 ps
inst0 ch0:  C_CMD: WRCMD     C_r = 0x0d1   at time   37823329 ps
inst0 ch0:  C_CMD: WRCMD     C_f = 0x021   at time   37823743 ps
inst0 ch0:  C_CMD: WRCMD     C_r = 0x0d9   at time   37824157 ps
inst0 ch0:  C_CMD: WRCMD     C_f = 0x0a3   at time   37824571 ps
inst0 ch0:  C_CMD: WRCMD     C_r = 0x0d9   at time   37826641 ps
inst0 ch0:  C_CMD: WRCMD     C_f = 0x023   at time   37827055 ps
inst0 ch0:  R_CMD: ACTCMD    R_r0= 0x22    at time   54552241 ps
inst0 ch0:  R_CMD: ACTCMD    R_f0= 0x2a    at time   54552655 ps
inst0 ch0:  R_CMD: ACTCMD    R_r1= 0x00    at time   54553069 ps
inst0 ch0:  R_CMD: ACTCMD    R_f1= 0x00    at time   54553483 ps
inst0 ch0:  R_CMD: ACTCMD    R_r0= 0x02    at time   54556381 ps
inst0 ch0:  R_CMD: ACTCMD    R_f0= 0x2a    at time   54556795 ps
inst0 ch0:  R_CMD: ACTCMD    R_r1= 0x00    at time   54557209 ps
inst0 ch0:  R_CMD: ACTCMD    R_f1= 0x00    at time   54557623 ps
inst0 ch0:  R_CMD: ACTCMD    R_r0= 0x22    at time   54558037 ps
inst0 ch0:  R_CMD: ACTCMD    R_f0= 0x22    at time   54558451 ps
inst0 ch0:  R_CMD: ACTCMD    R_r1= 0x00    at time   54558865 ps
inst0 ch0:  R_CMD: ACTCMD    R_f1= 0x00    at time   54559279 ps
inst0 ch0:  R_CMD: ACTCMD    R_r0= 0x22    at time   54560521 ps
inst0 ch0:  R_CMD: ACTCMD    R_f0= 0x0a    at time   54560935 ps
inst0 ch0:  R_CMD: ACTCMD    R_r1= 0x00    at time   54561349 ps
inst0 ch0:  R_CMD: ACTCMD    R_f1= 0x00    at time   54561763 ps
inst0 ch0:  R_CMD: ACTCMD    R_r0= 0x02    at time   54562177 ps
inst0 ch0:  R_CMD: ACTCMD    R_f0= 0x22    at time   54562591 ps
inst0 ch0:  R_CMD: ACTCMD    R_r1= 0x00    at time   54563005 ps
inst0 ch0:  R_CMD: ACTCMD    R_f1= 0x00    at time   54563419 ps
inst0 ch0:  R_CMD: ACTCMD    R_r0= 0x02    at time   54564661 ps
inst0 ch0:  R_CMD: ACTCMD    R_f0= 0x0a    at time   54565075 ps
inst0 ch0:  R_CMD: ACTCMD    R_r1= 0x00    at time   54565489 ps
inst0 ch0:  R_CMD: ACTCMD    R_f1= 0x00    at time   54565903 ps
inst0 ch0:  R_CMD: ACTCMD    R_r0= 0x22    at time   54566317 ps
inst0 ch0:  R_CMD: ACTCMD    R_f0= 0x02    at time   54566731 ps
inst0 ch0:  R_CMD: ACTCMD    R_r1= 0x00    at time   54567145 ps
inst0 ch0:  C_CMD: RDCMD     C_r = 0x0c5   at time   54567145 ps
inst0 ch0:  R_CMD: ACTCMD    R_f1= 0x00    at time   54567559 ps
inst0 ch0:  C_CMD: RDCMD     C_f = 0x080   at time   54567559 ps
inst0 ch0:  R_CMD: ACTCMD    R_r0= 0x02    at time   54570457 ps
inst0 ch0:  C_CMD: RDCMD     C_r = 0x0cd   at time   54570457 ps
inst0 ch0:  R_CMD: ACTCMD    R_f0= 0x02    at time   54570871 ps
inst0 ch0:  C_CMD: RDCMD     C_f = 0x082   at time   54570871 ps
inst0 ch0:  R_CMD: ACTCMD    R_r1= 0x00    at time   54571285 ps
inst0 ch0:  R_CMD: ACTCMD    R_f1= 0x00    at time   54571699 ps
inst0 ch0:  C_CMD: RDCMD     C_r = 0x085   at time   54572113 ps
inst0 ch0:  C_CMD: RDCMD     C_f = 0x080   at time   54572527 ps
inst0 ch0:  C_CMD: RDCMD     C_r = 0x0c5   at time   54572941 ps
inst0 ch0:  C_CMD: RDCMD     C_f = 0x000   at time   54573355 ps
inst0 ch0:  C_CMD: RDCMD     C_r = 0x08d   at time   54575425 ps
inst0 ch0:  C_CMD: RDCMD     C_f = 0x082   at time   54575839 ps
inst0 ch0:  C_CMD: RDCMD     C_r = 0x0cd   at time   54576253 ps
inst0 ch0:  C_CMD: RDCMD     C_f = 0x002   at time   54576667 ps
inst0 ch0:  C_CMD: RDCMD     C_r = 0x045   at time   54577081 ps
inst0 ch0:  C_CMD: RDCMD     C_f = 0x080   at time   54577495 ps
inst0 ch0:  C_CMD: RDCMD     C_r = 0x085   at time   54577909 ps
inst0 ch0:  C_CMD: RDCMD     C_f = 0x000   at time   54578323 ps
inst0 ch0:  C_CMD: RDCMD     C_r = 0x005   at time   54579565 ps
inst0 ch0:  C_CMD: RDCMD     C_f = 0x080   at time   54579979 ps
inst0 ch0:  C_CMD: RDCMD     C_r = 0x04d   at time   54581221 ps
inst0 ch0:  C_CMD: RDCMD     C_f = 0x082   at time   54581635 ps
inst0 ch0:  C_CMD: RDCMD     C_r = 0x08d   at time   54582049 ps
inst0 ch0:  C_CMD: RDCMD     C_f = 0x002   at time   54582463 ps
inst0 ch0:  C_CMD: RDCMD     C_r = 0x00d   at time   54582877 ps
inst0 ch0:  C_CMD: RDCMD     C_f = 0x082   at time   54583291 ps
inst0 ch0:  C_CMD: RDCMD     C_r = 0x045   at time   54583705 ps
inst0 ch0:  C_CMD: RDCMD     C_f = 0x000   at time   54584119 ps
inst0 ch0:  C_CMD: RDCMD     C_r = 0x005   at time   54585361 ps
inst0 ch0:  C_CMD: RDCMD     C_f = 0x000   at time   54585775 ps
inst0 ch0:  C_CMD: RDCMD     C_r = 0x04d   at time   54587017 ps
inst0 ch0:  C_CMD: RDCMD     C_f = 0x002   at time   54587431 ps
inst0 ch0:  C_CMD: RDCMD     C_r = 0x00d   at time   54588673 ps
inst0 ch0:  C_CMD: RDCMD     C_f = 0x002   at time   54589087 ps
inst0 ch0:  R_CMD: ACTCMD    R_r0= 0x2a    at time   54941401 ps
inst0 ch0:  R_CMD: ACTCMD    R_f0= 0x22    at time   54941815 ps
inst0 ch0:  R_CMD: ACTCMD    R_r1= 0x00    at time   54942229 ps
inst0 ch0:  R_CMD: ACTCMD    R_f1= 0x00    at time   54942643 ps
inst0 ch0:  R_CMD: ACTCMD    R_r0= 0x0a    at time   54945541 ps
inst0 ch0:  R_CMD: ACTCMD    R_f0= 0x22    at time   54945955 ps
inst0 ch0:  R_CMD: ACTCMD    R_r1= 0x00    at time   54946369 ps
inst0 ch0:  R_CMD: ACTCMD    R_f1= 0x00    at time   54946783 ps
inst0 ch0:  R_CMD: ACTCMD    R_r0= 0x2a    at time   54949681 ps
inst0 ch0:  R_CMD: ACTCMD    R_f0= 0x02    at time   54950095 ps
inst0 ch0:  R_CMD: ACTCMD    R_r1= 0x00    at time   54950509 ps
inst0 ch0:  R_CMD: ACTCMD    R_f1= 0x00    at time   54950923 ps
inst0 ch0:  R_CMD: ACTCMD    R_r0= 0x0a    at time   54953821 ps
inst0 ch0:  R_CMD: ACTCMD    R_f0= 0x02    at time   54954235 ps
inst0 ch0:  R_CMD: ACTCMD    R_r1= 0x00    at time   54954649 ps
inst0 ch0:  R_CMD: ACTCMD    R_f1= 0x00    at time   54955063 ps
inst0 ch0:  C_CMD: RDCMD     C_r = 0x0d5   at time   54956305 ps
inst0 ch0:  C_CMD: RDCMD     C_f = 0x000   at time   54956719 ps
inst0 ch0:  C_CMD: RDCMD     C_r = 0x0dd   at time   54959617 ps
inst0 ch0:  C_CMD: RDCMD     C_f = 0x002   at time   54960031 ps
inst0 ch0:  C_CMD: RDCMD     C_r = 0x095   at time   54961273 ps
inst0 ch0:  C_CMD: RDCMD     C_f = 0x000   at time   54961687 ps
inst0 ch0:  C_CMD: RDCMD     C_r = 0x09d   at time   54964585 ps
inst0 ch0:  C_CMD: RDCMD     C_f = 0x002   at time   54964999 ps
inst0 ch0:  C_CMD: RDCMD     C_r = 0x055   at time   54966241 ps
inst0 ch0:  C_CMD: RDCMD     C_f = 0x000   at time   54966655 ps
inst0 ch0:  C_CMD: RDCMD     C_r = 0x015   at time   54968725 ps
inst0 ch0:  C_CMD: RDCMD     C_f = 0x000   at time   54969139 ps
inst0 ch0:  C_CMD: RDCMD     C_r = 0x05d   at time   54970381 ps
inst0 ch0:  C_CMD: RDCMD     C_f = 0x002   at time   54970795 ps
inst0 ch0:  C_CMD: RDCMD     C_r = 0x01d   at time   54972037 ps
inst0 ch0:  C_CMD: RDCMD     C_f = 0x002   at time   54972451 ps
inst0 ch0:  R_CMD: ACTCMD    R_r0= 0x32    at time   55137637 ps
inst0 ch0:  R_CMD: ACTCMD    R_f0= 0x22    at time   55138051 ps
inst0 ch0:  R_CMD: ACTCMD    R_r1= 0x00    at time   55138465 ps
inst0 ch0:  R_CMD: ACTCMD    R_f1= 0x00    at time   55138879 ps
inst0 ch0:  R_CMD: ACTCMD    R_r0= 0x12    at time   55141777 ps
inst0 ch0:  R_CMD: ACTCMD    R_f0= 0x22    at time   55142191 ps
inst0 ch0:  R_CMD: ACTCMD    R_r1= 0x00    at time   55142605 ps
inst0 ch0:  R_CMD: ACTCMD    R_f1= 0x00    at time   55143019 ps
inst0 ch0:  R_CMD: ACTCMD    R_r0= 0x32    at time   55145917 ps
inst0 ch0:  R_CMD: ACTCMD    R_f0= 0x02    at time   55146331 ps
inst0 ch0:  R_CMD: ACTCMD    R_r1= 0x00    at time   55146745 ps
inst0 ch0:  R_CMD: ACTCMD    R_f1= 0x00    at time   55147159 ps
inst0 ch0:  R_CMD: ACTCMD    R_r0= 0x12    at time   55150057 ps
inst0 ch0:  R_CMD: ACTCMD    R_f0= 0x02    at time   55150471 ps
inst0 ch0:  R_CMD: ACTCMD    R_r1= 0x00    at time   55150885 ps
inst0 ch0:  R_CMD: ACTCMD    R_f1= 0x00    at time   55151299 ps
inst0 ch0:  R_CMD: ACTCMD    R_r0= 0x2a    at time   55151713 ps
inst0 ch0:  R_CMD: ACTCMD    R_f0= 0x2a    at time   55152127 ps
inst0 ch0:  R_CMD: ACTCMD    R_r1= 0x00    at time   55152541 ps
inst0 ch0:  C_CMD: RDCMD     C_r = 0x0e5   at time   55152541 ps
inst0 ch0:  R_CMD: ACTCMD    R_f1= 0x00    at time   55152955 ps
inst0 ch0:  C_CMD: RDCMD     C_f = 0x000   at time   55152955 ps
inst0 ch0:  R_CMD: ACTCMD    R_r0= 0x0a    at time   55155853 ps
inst0 ch0:  C_CMD: RDCMD     C_r = 0x0ed   at time   55155853 ps
inst0 ch0:  R_CMD: ACTCMD    R_f0= 0x2a    at time   55156267 ps
inst0 ch0:  C_CMD: RDCMD     C_f = 0x002   at time   55156267 ps
inst0 ch0:  R_CMD: ACTCMD    R_r1= 0x00    at time   55156681 ps
inst0 ch0:  R_CMD: ACTCMD    R_f1= 0x00    at time   55157095 ps
inst0 ch0:  C_CMD: RDCMD     C_r = 0x0a5   at time   55157509 ps
inst0 ch0:  C_CMD: RDCMD     C_f = 0x000   at time   55157923 ps
inst0 ch0:  R_CMD: ACTCMD    R_r0= 0x2a    at time   55159993 ps
inst0 ch0:  R_CMD: ACTCMD    R_f0= 0x0a    at time   55160407 ps
inst0 ch0:  R_CMD: ACTCMD    R_r1= 0x00    at time   55160821 ps
inst0 ch0:  C_CMD: RDCMD     C_r = 0x0ad   at time   55160821 ps
inst0 ch0:  R_CMD: ACTCMD    R_f1= 0x00    at time   55161235 ps
inst0 ch0:  C_CMD: RDCMD     C_f = 0x002   at time   55161235 ps
inst0 ch0:  C_CMD: RDCMD     C_r = 0x065   at time   55162477 ps
inst0 ch0:  C_CMD: RDCMD     C_f = 0x000   at time   55162891 ps
inst0 ch0:  R_CMD: ACTCMD    R_r0= 0x0a    at time   55164133 ps
inst0 ch0:  R_CMD: ACTCMD    R_f0= 0x0a    at time   55164547 ps
inst0 ch0:  R_CMD: ACTCMD    R_r1= 0x00    at time   55164961 ps
inst0 ch0:  C_CMD: RDCMD     C_r = 0x025   at time   55164961 ps
inst0 ch0:  R_CMD: ACTCMD    R_f1= 0x00    at time   55165375 ps
inst0 ch0:  C_CMD: RDCMD     C_f = 0x000   at time   55165375 ps
inst0 ch0:  C_CMD: RDCMD     C_r = 0x06d   at time   55166617 ps
inst0 ch0:  C_CMD: RDCMD     C_f = 0x002   at time   55167031 ps
inst0 ch0:  C_CMD: RDCMD     C_r = 0x0d5   at time   55167445 ps
inst0 ch0:  C_CMD: RDCMD     C_f = 0x080   at time   55167859 ps
inst0 ch0:  C_CMD: RDCMD     C_r = 0x02d   at time   55168273 ps
inst0 ch0:  C_CMD: RDCMD     C_f = 0x002   at time   55168687 ps
inst0 ch0:  C_CMD: RDCMD     C_r = 0x0dd   at time   55170757 ps
inst0 ch0:  C_CMD: RDCMD     C_f = 0x082   at time   55171171 ps
inst0 ch0:  C_CMD: RDCMD     C_r = 0x095   at time   55172413 ps
inst0 ch0:  C_CMD: RDCMD     C_f = 0x080   at time   55172827 ps
inst0 ch0:  C_CMD: RDCMD     C_r = 0x055   at time   55174897 ps
inst0 ch0:  C_CMD: RDCMD     C_f = 0x080   at time   55175311 ps
inst0 ch0:  C_CMD: RDCMD     C_r = 0x09d   at time   55176553 ps
inst0 ch0:  C_CMD: RDCMD     C_f = 0x082   at time   55176967 ps
inst0 ch0:  C_CMD: RDCMD     C_r = 0x05d   at time   55178209 ps
inst0 ch0:  C_CMD: RDCMD     C_f = 0x082   at time   55178623 ps
inst0 ch0:  C_CMD: RDCMD     C_r = 0x015   at time   55179865 ps
inst0 ch0:  C_CMD: RDCMD     C_f = 0x080   at time   55180279 ps
inst0 ch0:  C_CMD: RDCMD     C_r = 0x01d   at time   55183177 ps
inst0 ch0:  C_CMD: RDCMD     C_f = 0x082   at time   55183591 ps
inst0 ch0:  R_CMD: ACTCMD    R_r0= 0x32    at time   55421641 ps
inst0 ch0:  R_CMD: ACTCMD    R_f0= 0x2a    at time   55422055 ps
inst0 ch0:  R_CMD: ACTCMD    R_r1= 0x00    at time   55422469 ps
inst0 ch0:  R_CMD: ACTCMD    R_f1= 0x00    at time   55422883 ps
inst0 ch0:  R_CMD: ACTCMD    R_r0= 0x12    at time   55425781 ps
inst0 ch0:  R_CMD: ACTCMD    R_f0= 0x2a    at time   55426195 ps
inst0 ch0:  R_CMD: ACTCMD    R_r1= 0x00    at time   55426609 ps
inst0 ch0:  R_CMD: ACTCMD    R_f1= 0x00    at time   55427023 ps
inst0 ch0:  R_CMD: ACTCMD    R_r0= 0x32    at time   55429921 ps
inst0 ch0:  R_CMD: ACTCMD    R_f0= 0x0a    at time   55430335 ps
inst0 ch0:  R_CMD: ACTCMD    R_r1= 0x00    at time   55430749 ps
inst0 ch0:  R_CMD: ACTCMD    R_f1= 0x00    at time   55431163 ps
inst0 ch0:  R_CMD: ACTCMD    R_r0= 0x12    at time   55434061 ps
inst0 ch0:  R_CMD: ACTCMD    R_f0= 0x0a    at time   55434475 ps
inst0 ch0:  R_CMD: ACTCMD    R_r1= 0x00    at time   55434889 ps
inst0 ch0:  R_CMD: ACTCMD    R_f1= 0x00    at time   55435303 ps
inst0 ch0:  C_CMD: RDCMD     C_r = 0x0e5   at time   55436545 ps
inst0 ch0:  C_CMD: RDCMD     C_f = 0x080   at time   55436959 ps
inst0 ch0:  C_CMD: RDCMD     C_r = 0x0ed   at time   55439857 ps
inst0 ch0:  C_CMD: RDCMD     C_f = 0x082   at time   55440271 ps
inst0 ch0:  C_CMD: RDCMD     C_r = 0x0a5   at time   55441513 ps
inst0 ch0:  C_CMD: RDCMD     C_f = 0x080   at time   55441927 ps
inst0 ch0:  C_CMD: RDCMD     C_r = 0x0ad   at time   55444825 ps
inst0 ch0:  C_CMD: RDCMD     C_f = 0x082   at time   55445239 ps
inst0 ch0:  C_CMD: RDCMD     C_r = 0x065   at time   55446481 ps
inst0 ch0:  C_CMD: RDCMD     C_f = 0x080   at time   55446895 ps
inst0 ch0:  C_CMD: RDCMD     C_r = 0x025   at time   55448965 ps
inst0 ch0:  C_CMD: RDCMD     C_f = 0x080   at time   55449379 ps
inst0 ch0:  C_CMD: RDCMD     C_r = 0x06d   at time   55450621 ps
inst0 ch0:  C_CMD: RDCMD     C_f = 0x082   at time   55451035 ps
inst0 ch0:  C_CMD: RDCMD     C_r = 0x02d   at time   55452277 ps
inst0 ch0:  C_CMD: RDCMD     C_f = 0x082   at time   55452691 ps
inst0 ch0:  R_CMD: ACTCMD    R_r0= 0x3a    at time   55501129 ps
inst0 ch0:  R_CMD: ACTCMD    R_f0= 0x22    at time   55501543 ps
inst0 ch0:  R_CMD: ACTCMD    R_r1= 0x00    at time   55501957 ps
inst0 ch0:  R_CMD: ACTCMD    R_f1= 0x00    at time   55502371 ps
inst0 ch0:  R_CMD: ACTCMD    R_r0= 0x1a    at time   55505269 ps
inst0 ch0:  R_CMD: ACTCMD    R_f0= 0x22    at time   55505683 ps
inst0 ch0:  R_CMD: ACTCMD    R_r1= 0x00    at time   55506097 ps
inst0 ch0:  R_CMD: ACTCMD    R_f1= 0x00    at time   55506511 ps
inst0 ch0:  R_CMD: ACTCMD    R_r0= 0x3a    at time   55509409 ps
inst0 ch0:  R_CMD: ACTCMD    R_f0= 0x02    at time   55509823 ps
inst0 ch0:  R_CMD: ACTCMD    R_r1= 0x00    at time   55510237 ps
inst0 ch0:  R_CMD: ACTCMD    R_f1= 0x00    at time   55510651 ps
inst0 ch0:  R_CMD: ACTCMD    R_r0= 0x1a    at time   55513549 ps
inst0 ch0:  R_CMD: ACTCMD    R_f0= 0x02    at time   55513963 ps
inst0 ch0:  R_CMD: ACTCMD    R_r1= 0x00    at time   55514377 ps
inst0 ch0:  R_CMD: ACTCMD    R_f1= 0x00    at time   55514791 ps
inst0 ch0:  C_CMD: RDCMD     C_r = 0x0f5   at time   55516033 ps
inst0 ch0:  C_CMD: RDCMD     C_f = 0x000   at time   55516447 ps
inst0 ch0:  C_CMD: RDCMD     C_r = 0x0fd   at time   55519345 ps
inst0 ch0:  C_CMD: RDCMD     C_f = 0x002   at time   55519759 ps
inst0 ch0:  C_CMD: RDCMD     C_r = 0x0b5   at time   55521001 ps
inst0 ch0:  C_CMD: RDCMD     C_f = 0x000   at time   55521415 ps
inst0 ch0:  C_CMD: RDCMD     C_r = 0x0bd   at time   55524313 ps
inst0 ch0:  C_CMD: RDCMD     C_f = 0x002   at time   55524727 ps
inst0 ch0:  C_CMD: RDCMD     C_r = 0x075   at time   55525969 ps
inst0 ch0:  C_CMD: RDCMD     C_f = 0x000   at time   55526383 ps
inst0 ch0:  C_CMD: RDCMD     C_r = 0x035   at time   55528453 ps
inst0 ch0:  C_CMD: RDCMD     C_f = 0x000   at time   55528867 ps
inst0 ch0:  C_CMD: RDCMD     C_r = 0x07d   at time   55530109 ps
inst0 ch0:  C_CMD: RDCMD     C_f = 0x002   at time   55530523 ps
inst0 ch0:  C_CMD: RDCMD     C_r = 0x03d   at time   55531765 ps
inst0 ch0:  C_CMD: RDCMD     C_f = 0x002   at time   55532179 ps
inst0 ch0:  R_CMD: ACTCMD    R_r0= 0x3a    at time   55872073 ps
inst0 ch0:  R_CMD: ACTCMD    R_f0= 0x2a    at time   55872487 ps
inst0 ch0:  R_CMD: ACTCMD    R_r1= 0x00    at time   55872901 ps
inst0 ch0:  R_CMD: ACTCMD    R_f1= 0x00    at time   55873315 ps
inst0 ch0:  R_CMD: ACTCMD    R_r0= 0x1a    at time   55876213 ps
inst0 ch0:  R_CMD: ACTCMD    R_f0= 0x2a    at time   55876627 ps
inst0 ch0:  R_CMD: ACTCMD    R_r1= 0x00    at time   55877041 ps
inst0 ch0:  R_CMD: ACTCMD    R_f1= 0x00    at time   55877455 ps
inst0 ch0:  R_CMD: ACTCMD    R_r0= 0x3a    at time   55880353 ps
inst0 ch0:  R_CMD: ACTCMD    R_f0= 0x0a    at time   55880767 ps
inst0 ch0:  R_CMD: ACTCMD    R_r1= 0x00    at time   55881181 ps
inst0 ch0:  R_CMD: ACTCMD    R_f1= 0x00    at time   55881595 ps
inst0 ch0:  R_CMD: ACTCMD    R_r0= 0x1a    at time   55884493 ps
inst0 ch0:  R_CMD: ACTCMD    R_f0= 0x0a    at time   55884907 ps
inst0 ch0:  R_CMD: ACTCMD    R_r1= 0x00    at time   55885321 ps
inst0 ch0:  R_CMD: ACTCMD    R_f1= 0x00    at time   55885735 ps
inst0 ch0:  C_CMD: RDCMD     C_r = 0x0f5   at time   55886977 ps
inst0 ch0:  C_CMD: RDCMD     C_f = 0x080   at time   55887391 ps
inst0 ch0:  C_CMD: RDCMD     C_r = 0x0fd   at time   55890289 ps
inst0 ch0:  C_CMD: RDCMD     C_f = 0x082   at time   55890703 ps
inst0 ch0:  C_CMD: RDCMD     C_r = 0x0b5   at time   55891945 ps
inst0 ch0:  C_CMD: RDCMD     C_f = 0x080   at time   55892359 ps
inst0 ch0:  C_CMD: RDCMD     C_r = 0x0bd   at time   55895257 ps
inst0 ch0:  C_CMD: RDCMD     C_f = 0x082   at time   55895671 ps
inst0 ch0:  C_CMD: RDCMD     C_r = 0x075   at time   55896913 ps
inst0 ch0:  C_CMD: RDCMD     C_f = 0x080   at time   55897327 ps
inst0 ch0:  C_CMD: RDCMD     C_r = 0x035   at time   55899397 ps
inst0 ch0:  C_CMD: RDCMD     C_f = 0x080   at time   55899811 ps
inst0 ch0:  C_CMD: RDCMD     C_r = 0x07d   at time   55901053 ps
inst0 ch0:  C_CMD: RDCMD     C_f = 0x082   at time   55901467 ps
inst0 ch0:  C_CMD: RDCMD     C_r = 0x03d   at time   55902709 ps
inst0 ch0:  C_CMD: RDCMD     C_f = 0x082   at time   55903123 ps
inst0 ch0:  R_CMD: ACTCMD    R_r0= 0x02    at time   56086525 ps
inst0 ch0:  R_CMD: ACTCMD    R_f0= 0x10    at time   56086939 ps
inst0 ch0:  R_CMD: ACTCMD    R_r1= 0x3f    at time   56087353 ps
inst0 ch0:  R_CMD: ACTCMD    R_f1= 0x3b    at time   56087767 ps
inst0 ch0:  C_CMD: RDCMD     C_r = 0x005   at time   56101429 ps
inst0 ch0:  C_CMD: RDCMD     C_f = 0x078   at time   56101843 ps
inst0 ch0:  C_CMD: RDCMD     C_r = 0x00d   at time   56104741 ps
inst0 ch0:  C_CMD: RDCMD     C_f = 0x07a   at time   56105155 ps
inst0 ch0:  R_CMD: ACTCMD    R_r0= 0x02    at time   56159389 ps
inst0 ch0:  R_CMD: ACTCMD    R_f0= 0x10    at time   56159803 ps
inst0 ch0:  R_CMD: ACTCMD    R_r1= 0x3f    at time   56160217 ps
inst0 ch0:  R_CMD: ACTCMD    R_f1= 0x3b    at time   56160631 ps
inst0 ch0:  C_CMD: WRCMD     C_r = 0x001   at time   56170153 ps
inst0 ch0:  C_CMD: WRCMD     C_f = 0x078   at time   56170567 ps
inst0 ch0:  C_CMD: WRCMD     C_r = 0x009   at time   56173465 ps
inst0 ch0:  C_CMD: WRCMD     C_f = 0x07a   at time   56173879 ps
inst0 ch0:  R_CMD: ACTCMD    R_r0= 0x02    at time   56290213 ps
inst0 ch0:  R_CMD: ACTCMD    R_f0= 0x18    at time   56290627 ps
inst0 ch0:  R_CMD: ACTCMD    R_r1= 0x3f    at time   56291041 ps
inst0 ch0:  R_CMD: ACTCMD    R_f1= 0x3b    at time   56291455 ps
inst0 ch0:  C_CMD: RDCMD     C_r = 0x005   at time   56305117 ps
inst0 ch0:  C_CMD: RDCMD     C_f = 0x0f8   at time   56305531 ps
inst0 ch0:  C_CMD: RDCMD     C_r = 0x00d   at time   56308429 ps
inst0 ch0:  C_CMD: RDCMD     C_f = 0x0fa   at time   56308843 ps
inst0 ch0:  R_CMD: ACTCMD    R_r0= 0x02    at time   56363077 ps
inst0 ch0:  R_CMD: ACTCMD    R_f0= 0x18    at time   56363491 ps
inst0 ch0:  R_CMD: ACTCMD    R_r1= 0x3f    at time   56363905 ps
inst0 ch0:  R_CMD: ACTCMD    R_f1= 0x3b    at time   56364319 ps
inst0 ch0:  C_CMD: WRCMD     C_r = 0x001   at time   56373841 ps
inst0 ch0:  C_CMD: WRCMD     C_f = 0x0f8   at time   56374255 ps
inst0 ch0:  C_CMD: WRCMD     C_r = 0x009   at time   56377153 ps
inst0 ch0:  C_CMD: WRCMD     C_f = 0x0fa   at time   56377567 ps
inst0 ch0:  R_CMD: ACTCMD    R_r0= 0x0a    at time   56536129 ps
inst0 ch0:  R_CMD: ACTCMD    R_f0= 0x10    at time   56536543 ps
inst0 ch0:  R_CMD: ACTCMD    R_r1= 0x3f    at time   56536957 ps
inst0 ch0:  R_CMD: ACTCMD    R_f1= 0x3b    at time   56537371 ps
inst0 ch0:  C_CMD: RDCMD     C_r = 0x015   at time   56551033 ps
inst0 ch0:  C_CMD: RDCMD     C_f = 0x078   at time   56551447 ps
inst0 ch0:  C_CMD: RDCMD     C_r = 0x01d   at time   56554345 ps
inst0 ch0:  C_CMD: RDCMD     C_f = 0x07a   at time   56554759 ps
inst0 ch0:  R_CMD: ACTCMD    R_r0= 0x0a    at time   56585809 ps
inst0 ch0:  R_CMD: ACTCMD    R_f0= 0x18    at time   56586223 ps
inst0 ch0:  R_CMD: ACTCMD    R_r1= 0x3f    at time   56586637 ps
inst0 ch0:  R_CMD: ACTCMD    R_f1= 0x3b    at time   56587051 ps
inst0 ch0:  C_CMD: RDCMD     C_r = 0x015   at time   56600713 ps
inst0 ch0:  C_CMD: RDCMD     C_f = 0x0f8   at time   56601127 ps
inst0 ch0:  C_CMD: RDCMD     C_r = 0x01d   at time   56604025 ps
inst0 ch0:  C_CMD: RDCMD     C_f = 0x0fa   at time   56604439 ps
inst0 ch0:  R_CMD: ACTCMD    R_r0= 0x0a    at time   56754721 ps
inst0 ch0:  R_CMD: ACTCMD    R_f0= 0x10    at time   56755135 ps
inst0 ch0:  R_CMD: ACTCMD    R_r1= 0x3f    at time   56755549 ps
inst0 ch0:  R_CMD: ACTCMD    R_f1= 0x3b    at time   56755963 ps
inst0 ch0:  C_CMD: WRCMD     C_r = 0x011   at time   56765485 ps
inst0 ch0:  C_CMD: WRCMD     C_f = 0x078   at time   56765899 ps
inst0 ch0:  C_CMD: WRCMD     C_r = 0x019   at time   56768797 ps
inst0 ch0:  C_CMD: WRCMD     C_f = 0x07a   at time   56769211 ps
inst0 ch0:  R_CMD: ACTCMD    R_r0= 0x02    at time   56844973 ps
inst0 ch0:  R_CMD: ACTCMD    R_f0= 0x30    at time   56845387 ps
inst0 ch0:  R_CMD: ACTCMD    R_r1= 0x3f    at time   56845801 ps
inst0 ch0:  R_CMD: ACTCMD    R_f1= 0x3b    at time   56846215 ps
inst0 ch0:  C_CMD: RDCMD     C_r = 0x085   at time   56859877 ps
inst0 ch0:  C_CMD: RDCMD     C_f = 0x078   at time   56860291 ps
inst0 ch0:  C_CMD: RDCMD     C_r = 0x08d   at time   56863189 ps
inst0 ch0:  C_CMD: RDCMD     C_f = 0x07a   at time   56863603 ps
inst0 ch0:  R_CMD: ACTCMD    R_r0= 0x0a    at time   56870641 ps
inst0 ch0:  R_CMD: ACTCMD    R_f0= 0x18    at time   56871055 ps
inst0 ch0:  R_CMD: ACTCMD    R_r1= 0x3f    at time   56871469 ps
inst0 ch0:  R_CMD: ACTCMD    R_f1= 0x3b    at time   56871883 ps
inst0 ch0:  C_CMD: WRCMD     C_r = 0x011   at time   56881405 ps
inst0 ch0:  C_CMD: WRCMD     C_f = 0x0f8   at time   56881819 ps
inst0 ch0:  C_CMD: WRCMD     C_r = 0x019   at time   56884717 ps
inst0 ch0:  C_CMD: WRCMD     C_f = 0x0fa   at time   56885131 ps
inst0 ch0:  R_CMD: ACTCMD    R_r0= 0x02    at time   56933569 ps
inst0 ch0:  R_CMD: ACTCMD    R_f0= 0x30    at time   56933983 ps
inst0 ch0:  R_CMD: ACTCMD    R_r1= 0x3f    at time   56934397 ps
inst0 ch0:  R_CMD: ACTCMD    R_f1= 0x3b    at time   56934811 ps
inst0 ch0:  C_CMD: WRCMD     C_r = 0x081   at time   56944333 ps
inst0 ch0:  C_CMD: WRCMD     C_f = 0x078   at time   56944747 ps
inst0 ch0:  C_CMD: WRCMD     C_r = 0x089   at time   56947645 ps
inst0 ch0:  C_CMD: WRCMD     C_f = 0x07a   at time   56948059 ps
inst0 ch0:  R_CMD: ACTCMD    R_r0= 0x02    at time   56967517 ps
inst0 ch0:  R_CMD: ACTCMD    R_f0= 0x38    at time   56967931 ps
inst0 ch0:  R_CMD: ACTCMD    R_r1= 0x3f    at time   56968345 ps
inst0 ch0:  R_CMD: ACTCMD    R_f1= 0x3b    at time   56968759 ps
inst0 ch0:  C_CMD: RDCMD     C_r = 0x085   at time   56982421 ps
inst0 ch0:  C_CMD: RDCMD     C_f = 0x0f8   at time   56982835 ps
inst0 ch0:  C_CMD: RDCMD     C_r = 0x08d   at time   56985733 ps
inst0 ch0:  C_CMD: RDCMD     C_f = 0x0fa   at time   56986147 ps
inst0 ch0:  R_CMD: ACTCMD    R_r0= 0x02    at time   57040381 ps
inst0 ch0:  R_CMD: ACTCMD    R_f0= 0x38    at time   57040795 ps
inst0 ch0:  R_CMD: ACTCMD    R_r1= 0x3f    at time   57041209 ps
inst0 ch0:  R_CMD: ACTCMD    R_f1= 0x3b    at time   57041623 ps
inst0 ch0:  C_CMD: WRCMD     C_r = 0x081   at time   57051145 ps
inst0 ch0:  C_CMD: WRCMD     C_f = 0x0f8   at time   57051559 ps
inst0 ch0:  C_CMD: WRCMD     C_r = 0x089   at time   57054457 ps
inst0 ch0:  C_CMD: WRCMD     C_f = 0x0fa   at time   57054871 ps
inst0 ch0:  R_CMD: ACTCMD    R_r0= 0x0a    at time   57143881 ps
inst0 ch0:  R_CMD: ACTCMD    R_f0= 0x38    at time   57144295 ps
inst0 ch0:  R_CMD: ACTCMD    R_r1= 0x3f    at time   57144709 ps
inst0 ch0:  R_CMD: ACTCMD    R_f1= 0x3b    at time   57145123 ps
inst0 ch0:  R_CMD: ACTCMD    R_r0= 0x0a    at time   57151333 ps
inst0 ch0:  R_CMD: ACTCMD    R_f0= 0x30    at time   57151747 ps
inst0 ch0:  R_CMD: ACTCMD    R_r1= 0x3f    at time   57152161 ps
inst0 ch0:  R_CMD: ACTCMD    R_f1= 0x3b    at time   57152575 ps
inst0 ch0:  C_CMD: RDCMD     C_r = 0x095   at time   57158785 ps
inst0 ch0:  C_CMD: RDCMD     C_f = 0x0f8   at time   57159199 ps
inst0 ch0:  C_CMD: RDCMD     C_r = 0x09d   at time   57162097 ps
inst0 ch0:  C_CMD: RDCMD     C_f = 0x0fa   at time   57162511 ps
inst0 ch0:  C_CMD: RDCMD     C_r = 0x095   at time   57166237 ps
inst0 ch0:  C_CMD: RDCMD     C_f = 0x078   at time   57166651 ps
inst0 ch0:  C_CMD: RDCMD     C_r = 0x09d   at time   57169549 ps
inst0 ch0:  C_CMD: RDCMD     C_f = 0x07a   at time   57169963 ps
inst0 ch0:  R_CMD: ACTCMD    R_r0= 0x0a    at time   57211777 ps
inst0 ch0:  R_CMD: ACTCMD    R_f0= 0x38    at time   57212191 ps
inst0 ch0:  R_CMD: ACTCMD    R_r1= 0x3f    at time   57212605 ps
inst0 ch0:  R_CMD: ACTCMD    R_f1= 0x3b    at time   57213019 ps
inst0 ch0:  R_CMD: ACTCMD    R_r0= 0x0a    at time   57221713 ps
inst0 ch0:  R_CMD: ACTCMD    R_f0= 0x30    at time   57222127 ps
inst0 ch0:  R_CMD: ACTCMD    R_r1= 0x3f    at time   57222541 ps
inst0 ch0:  C_CMD: WRCMD     C_r = 0x091   at time   57222541 ps
inst0 ch0:  R_CMD: ACTCMD    R_f1= 0x3b    at time   57222955 ps
inst0 ch0:  C_CMD: WRCMD     C_f = 0x0f8   at time   57222955 ps
inst0 ch0:  C_CMD: WRCMD     C_r = 0x099   at time   57225853 ps
inst0 ch0:  C_CMD: WRCMD     C_f = 0x0fa   at time   57226267 ps
inst0 ch0:  C_CMD: WRCMD     C_r = 0x091   at time   57232477 ps
inst0 ch0:  C_CMD: WRCMD     C_f = 0x078   at time   57232891 ps
inst0 ch0:  C_CMD: WRCMD     C_r = 0x099   at time   57235789 ps
inst0 ch0:  C_CMD: WRCMD     C_f = 0x07a   at time   57236203 ps
inst0 ch0:  R_CMD: ACTCMD    R_r0= 0x0a    at time   58862809 ps
inst0 ch0:  R_CMD: ACTCMD    R_f0= 0x13    at time   58863223 ps
inst0 ch0:  R_CMD: ACTCMD    R_r1= 0x3f    at time   58863637 ps
inst0 ch0:  R_CMD: ACTCMD    R_f1= 0x3b    at time   58864051 ps
inst0 ch0:  C_CMD: RDCMD     C_r = 0x015   at time   58877713 ps
inst0 ch0:  C_CMD: RDCMD     C_f = 0x010   at time   58878127 ps
inst0 ch0:  C_CMD: RDCMD     C_r = 0x01d   at time   58881025 ps
inst0 ch0:  C_CMD: RDCMD     C_f = 0x012   at time   58881439 ps
inst0 ch0:  R_CMD: ACTCMD    R_r0= 0x0a    at time   58962997 ps
inst0 ch0:  R_CMD: ACTCMD    R_f0= 0x1b    at time   58963411 ps
inst0 ch0:  R_CMD: ACTCMD    R_r1= 0x3f    at time   58963825 ps
inst0 ch0:  R_CMD: ACTCMD    R_f1= 0x3b    at time   58964239 ps
inst0 ch0:  C_CMD: RDCMD     C_r = 0x015   at time   58977901 ps
inst0 ch0:  C_CMD: RDCMD     C_f = 0x090   at time   58978315 ps
inst0 ch0:  C_CMD: RDCMD     C_r = 0x01d   at time   58981213 ps
inst0 ch0:  C_CMD: RDCMD     C_f = 0x092   at time   58981627 ps
inst0 ch0:  R_CMD: ACTCMD    R_r0= 0x0a    at time   59080573 ps
inst0 ch0:  R_CMD: ACTCMD    R_f0= 0x13    at time   59080987 ps
inst0 ch0:  R_CMD: ACTCMD    R_r1= 0x3f    at time   59081401 ps
inst0 ch0:  R_CMD: ACTCMD    R_f1= 0x3b    at time   59081815 ps
inst0 ch0:  C_CMD: WRCMD     C_r = 0x011   at time   59091337 ps
inst0 ch0:  C_CMD: WRCMD     C_f = 0x010   at time   59091751 ps
inst0 ch0:  C_CMD: WRCMD     C_r = 0x019   at time   59094649 ps
inst0 ch0:  C_CMD: WRCMD     C_f = 0x012   at time   59095063 ps
inst0 ch0:  R_CMD: ACTCMD    R_r0= 0x0a    at time   59196493 ps
inst0 ch0:  R_CMD: ACTCMD    R_f0= 0x1b    at time   59196907 ps
inst0 ch0:  R_CMD: ACTCMD    R_r1= 0x3f    at time   59197321 ps
inst0 ch0:  R_CMD: ACTCMD    R_f1= 0x3b    at time   59197735 ps
inst0 ch0:  C_CMD: WRCMD     C_r = 0x011   at time   59207257 ps
inst0 ch0:  C_CMD: WRCMD     C_f = 0x090   at time   59207671 ps
inst0 ch0:  C_CMD: WRCMD     C_r = 0x019   at time   59210569 ps
inst0 ch0:  C_CMD: WRCMD     C_f = 0x092   at time   59210983 ps
inst0 ch0:  R_CMD: ACTCMD    R_r0= 0x0a    at time   59292541 ps
inst0 ch0:  R_CMD: ACTCMD    R_f0= 0x13    at time   59292955 ps
inst0 ch0:  R_CMD: ACTCMD    R_r1= 0x3f    at time   59293369 ps
inst0 ch0:  R_CMD: ACTCMD    R_f1= 0x3b    at time   59293783 ps
inst0 ch0:  R_CMD: ACTCMD    R_r0= 0x0a    at time   59301649 ps
inst0 ch0:  R_CMD: ACTCMD    R_f0= 0x1b    at time   59302063 ps
inst0 ch0:  R_CMD: ACTCMD    R_r1= 0x3f    at time   59302477 ps
inst0 ch0:  R_CMD: ACTCMD    R_f1= 0x3b    at time   59302891 ps
inst0 ch0:  C_CMD: RDCMD     C_r = 0x015   at time   59307445 ps
inst0 ch0:  C_CMD: RDCMD     C_f = 0x010   at time   59307859 ps
inst0 ch0:  C_CMD: RDCMD     C_r = 0x01d   at time   59310757 ps
inst0 ch0:  C_CMD: RDCMD     C_f = 0x012   at time   59311171 ps
inst0 ch0:  C_CMD: RDCMD     C_r = 0x015   at time   59316553 ps
inst0 ch0:  C_CMD: RDCMD     C_f = 0x090   at time   59316967 ps
inst0 ch0:  C_CMD: RDCMD     C_r = 0x01d   at time   59319865 ps
inst0 ch0:  C_CMD: RDCMD     C_f = 0x092   at time   59320279 ps
inst0 ch0:  R_CMD: ACTCMD    R_r0= 0x0a    at time   59374513 ps
inst0 ch0:  R_CMD: ACTCMD    R_f0= 0x1b    at time   59374927 ps
inst0 ch0:  R_CMD: ACTCMD    R_r1= 0x3f    at time   59375341 ps
inst0 ch0:  R_CMD: ACTCMD    R_f1= 0x3b    at time   59375755 ps
inst0 ch0:  C_CMD: WRCMD     C_r = 0x011   at time   59385277 ps
inst0 ch0:  C_CMD: WRCMD     C_f = 0x090   at time   59385691 ps
inst0 ch0:  R_CMD: ACTCMD    R_r0= 0x0a    at time   59388589 ps
inst0 ch0:  C_CMD: WRCMD     C_r = 0x019   at time   59388589 ps
inst0 ch0:  R_CMD: ACTCMD    R_f0= 0x13    at time   59389003 ps
inst0 ch0:  C_CMD: WRCMD     C_f = 0x092   at time   59389003 ps
inst0 ch0:  R_CMD: ACTCMD    R_r1= 0x3f    at time   59389417 ps
inst0 ch0:  R_CMD: ACTCMD    R_f1= 0x3b    at time   59389831 ps
inst0 ch0:  C_CMD: WRCMD     C_r = 0x011   at time   59399353 ps
inst0 ch0:  C_CMD: WRCMD     C_f = 0x010   at time   59399767 ps
inst0 ch0:  C_CMD: WRCMD     C_r = 0x019   at time   59402665 ps
inst0 ch0:  C_CMD: WRCMD     C_f = 0x012   at time   59403079 ps
inst0 ch0:  R_CMD: ACTCMD    R_r0= 0x2e    at time   60397093 ps
inst0 ch0:  R_CMD: ACTCMD    R_f0= 0x20    at time   60397507 ps
inst0 ch0:  R_CMD: ACTCMD    R_r1= 0x00    at time   60397921 ps
inst0 ch0:  R_CMD: ACTCMD    R_f1= 0x02    at time   60398335 ps
inst0 ch0:  C_CMD: RDCMD     C_r = 0x0d5   at time   60411997 ps
inst0 ch0:  C_CMD: RDCMD     C_f = 0x021   at time   60412411 ps
inst0 ch0:  C_CMD: RDCMD     C_r = 0x0dd   at time   60415309 ps
inst0 ch0:  C_CMD: RDCMD     C_f = 0x023   at time   60415723 ps
inst0 ch0:  R_CMD: ACTCMD    R_r0= 0x2e    at time   60541993 ps
inst0 ch0:  R_CMD: ACTCMD    R_f0= 0x28    at time   60542407 ps
inst0 ch0:  R_CMD: ACTCMD    R_r1= 0x00    at time   60542821 ps
inst0 ch0:  R_CMD: ACTCMD    R_f1= 0x02    at time   60543235 ps
inst0 ch0:  C_CMD: RDCMD     C_r = 0x0d5   at time   60556897 ps
inst0 ch0:  C_CMD: RDCMD     C_f = 0x0a1   at time   60557311 ps
inst0 ch0:  C_CMD: RDCMD     C_r = 0x0dd   at time   60560209 ps
inst0 ch0:  C_CMD: RDCMD     C_f = 0x0a3   at time   60560623 ps
inst0 ch0:  R_CMD: ACTCMD    R_r0= 0x02    at time   60606577 ps
inst0 ch0:  R_CMD: ACTCMD    R_f0= 0x13    at time   60606991 ps
inst0 ch0:  R_CMD: ACTCMD    R_r1= 0x3f    at time   60607405 ps
inst0 ch0:  R_CMD: ACTCMD    R_f1= 0x3b    at time   60607819 ps
inst0 ch0:  C_CMD: RDCMD     C_r = 0x005   at time   60621481 ps
inst0 ch0:  C_CMD: RDCMD     C_f = 0x000   at time   60621895 ps
inst0 ch0:  C_CMD: RDCMD     C_r = 0x00d   at time   60624793 ps
inst0 ch0:  C_CMD: RDCMD     C_f = 0x002   at time   60625207 ps
inst0 ch0:  R_CMD: ACTCMD    R_r0= 0x02    at time   60626449 ps
inst0 ch0:  R_CMD: ACTCMD    R_f0= 0x1b    at time   60626863 ps
inst0 ch0:  R_CMD: ACTCMD    R_r1= 0x3f    at time   60627277 ps
inst0 ch0:  R_CMD: ACTCMD    R_f1= 0x3b    at time   60627691 ps
inst0 ch0:  C_CMD: RDCMD     C_r = 0x005   at time   60641353 ps
inst0 ch0:  C_CMD: RDCMD     C_f = 0x080   at time   60641767 ps
inst0 ch0:  C_CMD: RDCMD     C_r = 0x00d   at time   60644665 ps
inst0 ch0:  C_CMD: RDCMD     C_f = 0x082   at time   60645079 ps
inst0 ch0:  R_CMD: ACTCMD    R_r0= 0x02    at time   60676957 ps
inst0 ch0:  R_CMD: ACTCMD    R_f0= 0x13    at time   60677371 ps
inst0 ch0:  R_CMD: ACTCMD    R_r1= 0x3f    at time   60677785 ps
inst0 ch0:  R_CMD: ACTCMD    R_f1= 0x3b    at time   60678199 ps
inst0 ch0:  R_CMD: ACTCMD    R_r0= 0x2e    at time   60687721 ps
inst0 ch0:  C_CMD: WRCMD     C_r = 0x001   at time   60687721 ps
inst0 ch0:  R_CMD: ACTCMD    R_f0= 0x20    at time   60688135 ps
inst0 ch0:  C_CMD: WRCMD     C_f = 0x000   at time   60688135 ps
inst0 ch0:  R_CMD: ACTCMD    R_r1= 0x00    at time   60688549 ps
inst0 ch0:  R_CMD: ACTCMD    R_f1= 0x02    at time   60688963 ps
inst0 ch0:  C_CMD: WRCMD     C_r = 0x009   at time   60691033 ps
inst0 ch0:  C_CMD: WRCMD     C_f = 0x002   at time   60691447 ps
inst0 ch0:  R_CMD: ACTCMD    R_r0= 0x02    at time   60696829 ps
inst0 ch0:  R_CMD: ACTCMD    R_f0= 0x1b    at time   60697243 ps
inst0 ch0:  R_CMD: ACTCMD    R_r1= 0x3f    at time   60697657 ps
inst0 ch0:  R_CMD: ACTCMD    R_f1= 0x3b    at time   60698071 ps
inst0 ch0:  C_CMD: RDCMD     C_r = 0x0d5   at time   60702625 ps
inst0 ch0:  C_CMD: RDCMD     C_f = 0x029   at time   60703039 ps
inst0 ch0:  C_CMD: RDCMD     C_r = 0x0dd   at time   60705937 ps
inst0 ch0:  C_CMD: RDCMD     C_f = 0x02b   at time   60706351 ps
inst0 ch0:  C_CMD: WRCMD     C_r = 0x001   at time   60707593 ps
inst0 ch0:  C_CMD: WRCMD     C_f = 0x080   at time   60708007 ps
inst0 ch0:  C_CMD: WRCMD     C_r = 0x009   at time   60710905 ps
inst0 ch0:  C_CMD: WRCMD     C_f = 0x082   at time   60711319 ps
inst0 ch0:  R_CMD: ACTCMD    R_r0= 0x2e    at time   60844213 ps
inst0 ch0:  R_CMD: ACTCMD    R_f0= 0x28    at time   60844627 ps
inst0 ch0:  R_CMD: ACTCMD    R_r1= 0x00    at time   60845041 ps
inst0 ch0:  R_CMD: ACTCMD    R_f1= 0x02    at time   60845455 ps
inst0 ch0:  C_CMD: RDCMD     C_r = 0x0d5   at time   60859117 ps
inst0 ch0:  C_CMD: RDCMD     C_f = 0x0a9   at time   60859531 ps
inst0 ch0:  C_CMD: RDCMD     C_r = 0x0dd   at time   60862429 ps
inst0 ch0:  C_CMD: RDCMD     C_f = 0x0ab   at time   60862843 ps
inst0 ch0:  R_CMD: ACTCMD    R_r0= 0x02    at time   60944401 ps
inst0 ch0:  R_CMD: ACTCMD    R_f0= 0x1b    at time   60944815 ps
inst0 ch0:  R_CMD: ACTCMD    R_r1= 0x3f    at time   60945229 ps
inst0 ch0:  R_CMD: ACTCMD    R_f1= 0x3b    at time   60945643 ps
inst0 ch0:  C_CMD: RDCMD     C_r = 0x005   at time   60959305 ps
inst0 ch0:  C_CMD: RDCMD     C_f = 0x080   at time   60959719 ps
inst0 ch0:  C_CMD: RDCMD     C_r = 0x00d   at time   60962617 ps
inst0 ch0:  C_CMD: RDCMD     C_f = 0x082   at time   60963031 ps
inst0 ch0:  R_CMD: ACTCMD    R_r0= 0x02    at time   60984145 ps
inst0 ch0:  R_CMD: ACTCMD    R_f0= 0x13    at time   60984559 ps
inst0 ch0:  R_CMD: ACTCMD    R_r1= 0x3f    at time   60984973 ps
inst0 ch0:  R_CMD: ACTCMD    R_f1= 0x3b    at time   60985387 ps
inst0 ch0:  C_CMD: RDCMD     C_r = 0x005   at time   60999049 ps
inst0 ch0:  C_CMD: RDCMD     C_f = 0x000   at time   60999463 ps
inst0 ch0:  C_CMD: RDCMD     C_r = 0x00d   at time   61002361 ps
inst0 ch0:  C_CMD: RDCMD     C_f = 0x002   at time   61002775 ps
inst0 ch0:  R_CMD: ACTCMD    R_r0= 0x02    at time   61014781 ps
inst0 ch0:  R_CMD: ACTCMD    R_f0= 0x1b    at time   61015195 ps
inst0 ch0:  R_CMD: ACTCMD    R_r1= 0x3f    at time   61015609 ps
inst0 ch0:  R_CMD: ACTCMD    R_f1= 0x3b    at time   61016023 ps
inst0 ch0:  C_CMD: WRCMD     C_r = 0x001   at time   61025545 ps
inst0 ch0:  C_CMD: WRCMD     C_f = 0x080   at time   61025959 ps
inst0 ch0:  C_CMD: WRCMD     C_r = 0x009   at time   61028857 ps
inst0 ch0:  C_CMD: WRCMD     C_f = 0x082   at time   61029271 ps
inst0 ch0:  R_CMD: ACTCMD    R_r0= 0x02    at time   61054525 ps
inst0 ch0:  R_CMD: ACTCMD    R_f0= 0x13    at time   61054939 ps
inst0 ch0:  R_CMD: ACTCMD    R_r1= 0x3f    at time   61055353 ps
inst0 ch0:  R_CMD: ACTCMD    R_f1= 0x3b    at time   61055767 ps
inst0 ch0:  C_CMD: WRCMD     C_r = 0x001   at time   61065289 ps
inst0 ch0:  C_CMD: WRCMD     C_f = 0x000   at time   61065703 ps
inst0 ch0:  C_CMD: WRCMD     C_r = 0x009   at time   61068601 ps
inst0 ch0:  C_CMD: WRCMD     C_f = 0x002   at time   61069015 ps
inst0 ch0:  R_CMD: ACTCMD    R_r0= 0x02    at time   61922269 ps
inst0 ch0:  R_CMD: ACTCMD    R_f0= 0x00    at time   61922683 ps
inst0 ch0:  R_CMD: ACTCMD    R_r1= 0x00    at time   61923097 ps
inst0 ch0:  R_CMD: ACTCMD    R_f1= 0x00    at time   61923511 ps
inst0 ch0:  R_CMD: ACTCMD    R_r0= 0x02    at time   61923925 ps
inst0 ch0:  R_CMD: ACTCMD    R_f0= 0x08    at time   61924339 ps
inst0 ch0:  R_CMD: ACTCMD    R_r1= 0x00    at time   61924753 ps
inst0 ch0:  R_CMD: ACTCMD    R_f1= 0x00    at time   61925167 ps
inst0 ch0:  C_CMD: RDCMD     C_r = 0x005   at time   61937173 ps
inst0 ch0:  C_CMD: RDCMD     C_f = 0x018   at time   61937587 ps
inst0 ch0:  C_CMD: RDCMD     C_r = 0x005   at time   61938829 ps
inst0 ch0:  C_CMD: RDCMD     C_f = 0x098   at time   61939243 ps
inst0 ch0:  C_CMD: RDCMD     C_r = 0x005   at time   61940485 ps
inst0 ch0:  C_CMD: RDCMD     C_f = 0x01a   at time   61940899 ps
inst0 ch0:  C_CMD: RDCMD     C_r = 0x005   at time   61942141 ps
inst0 ch0:  C_CMD: RDCMD     C_f = 0x09a   at time   61942555 ps
inst0 ch0:  C_CMD: RDCMD     C_r = 0x005   at time   61943797 ps
inst0 ch0:  C_CMD: RDCMD     C_f = 0x010   at time   61944211 ps
inst0 ch0:  C_CMD: RDCMD     C_r = 0x005   at time   61945453 ps
inst0 ch0:  C_CMD: RDCMD     C_f = 0x090   at time   61945867 ps
inst0 ch0:  C_CMD: RDCMD     C_r = 0x005   at time   61947109 ps
inst0 ch0:  C_CMD: RDCMD     C_f = 0x012   at time   61947523 ps
inst0 ch0:  C_CMD: RDCMD     C_r = 0x005   at time   61948765 ps
inst0 ch0:  C_CMD: RDCMD     C_f = 0x092   at time   61949179 ps
inst0 ch0:  C_CMD: RDCMD     C_r = 0x005   at time   61950421 ps
inst0 ch0:  C_CMD: RDCMD     C_f = 0x008   at time   61950835 ps
inst0 ch0:  C_CMD: RDCMD     C_r = 0x005   at time   61952077 ps
inst0 ch0:  C_CMD: RDCMD     C_f = 0x088   at time   61952491 ps
inst0 ch0:  C_CMD: RDCMD     C_r = 0x005   at time   61953733 ps
inst0 ch0:  C_CMD: RDCMD     C_f = 0x00a   at time   61954147 ps
inst0 ch0:  C_CMD: RDCMD     C_r = 0x005   at time   61955389 ps
inst0 ch0:  C_CMD: RDCMD     C_f = 0x08a   at time   61955803 ps
inst0 ch0:  C_CMD: RDCMD     C_r = 0x005   at time   61957045 ps
inst0 ch0:  C_CMD: RDCMD     C_f = 0x000   at time   61957459 ps
inst0 ch0:  C_CMD: RDCMD     C_r = 0x005   at time   61958701 ps
inst0 ch0:  C_CMD: RDCMD     C_f = 0x080   at time   61959115 ps
inst0 ch0:  C_CMD: RDCMD     C_r = 0x00d   at time   61960357 ps
inst0 ch0:  C_CMD: RDCMD     C_f = 0x002   at time   61960771 ps
inst0 ch0:  C_CMD: RDCMD     C_r = 0x00d   at time   61962013 ps
inst0 ch0:  C_CMD: RDCMD     C_f = 0x082   at time   61962427 ps
inst0 ch0:  R_CMD: ACTCMD    R_r0= 0x0a    at time   62530849 ps
inst0 ch0:  R_CMD: ACTCMD    R_f0= 0x00    at time   62531263 ps
inst0 ch0:  R_CMD: ACTCMD    R_r1= 0x00    at time   62531677 ps
inst0 ch0:  R_CMD: ACTCMD    R_f1= 0x00    at time   62532091 ps
inst0 ch0:  C_CMD: RDCMD     C_r = 0x015   at time   62545753 ps
inst0 ch0:  C_CMD: RDCMD     C_f = 0x018   at time   62546167 ps
inst0 ch0:  C_CMD: RDCMD     C_r = 0x015   at time   62549065 ps
inst0 ch0:  C_CMD: RDCMD     C_f = 0x01a   at time   62549479 ps
inst0 ch0:  C_CMD: RDCMD     C_r = 0x015   at time   62552377 ps
inst0 ch0:  C_CMD: RDCMD     C_f = 0x010   at time   62552791 ps
inst0 ch0:  C_CMD: RDCMD     C_r = 0x015   at time   62555689 ps
inst0 ch0:  C_CMD: RDCMD     C_f = 0x012   at time   62556103 ps
inst0 ch0:  C_CMD: RDCMD     C_r = 0x015   at time   62559001 ps
inst0 ch0:  C_CMD: RDCMD     C_f = 0x008   at time   62559415 ps
inst0 ch0:  R_CMD: ACTCMD    R_r0= 0x0a    at time   62560657 ps
inst0 ch0:  R_CMD: ACTCMD    R_f0= 0x08    at time   62561071 ps
inst0 ch0:  R_CMD: ACTCMD    R_r1= 0x00    at time   62561485 ps
inst0 ch0:  R_CMD: ACTCMD    R_f1= 0x00    at time   62561899 ps
inst0 ch0:  C_CMD: RDCMD     C_r = 0x015   at time   62562313 ps
inst0 ch0:  C_CMD: RDCMD     C_f = 0x00a   at time   62562727 ps
inst0 ch0:  C_CMD: RDCMD     C_r = 0x015   at time   62565625 ps
inst0 ch0:  C_CMD: RDCMD     C_f = 0x000   at time   62566039 ps
inst0 ch0:  C_CMD: RDCMD     C_r = 0x01d   at time   62568937 ps
inst0 ch0:  C_CMD: RDCMD     C_f = 0x002   at time   62569351 ps
inst0 ch0:  C_CMD: RDCMD     C_r = 0x015   at time   62575561 ps
inst0 ch0:  C_CMD: RDCMD     C_f = 0x098   at time   62575975 ps
inst0 ch0:  C_CMD: RDCMD     C_r = 0x015   at time   62578873 ps
inst0 ch0:  C_CMD: RDCMD     C_f = 0x09a   at time   62579287 ps
inst0 ch0:  C_CMD: RDCMD     C_r = 0x015   at time   62582185 ps
inst0 ch0:  C_CMD: RDCMD     C_f = 0x090   at time   62582599 ps
inst0 ch0:  C_CMD: RDCMD     C_r = 0x015   at time   62585497 ps
inst0 ch0:  C_CMD: RDCMD     C_f = 0x092   at time   62585911 ps
inst0 ch0:  C_CMD: RDCMD     C_r = 0x015   at time   62588809 ps
inst0 ch0:  C_CMD: RDCMD     C_f = 0x088   at time   62589223 ps
inst0 ch0:  C_CMD: RDCMD     C_r = 0x015   at time   62592121 ps
inst0 ch0:  C_CMD: RDCMD     C_f = 0x08a   at time   62592535 ps
inst0 ch0:  C_CMD: RDCMD     C_r = 0x015   at time   62595433 ps
inst0 ch0:  C_CMD: RDCMD     C_f = 0x080   at time   62595847 ps
inst0 ch0:  C_CMD: RDCMD     C_r = 0x01d   at time   62598745 ps
inst0 ch0:  C_CMD: RDCMD     C_f = 0x082   at time   62599159 ps
inst0 ch0:  R_CMD: ACTCMD    R_r0= 0x0a    at time   62792497 ps
inst0 ch0:  R_CMD: ACTCMD    R_f0= 0x08    at time   62792911 ps
inst0 ch0:  R_CMD: ACTCMD    R_r1= 0x00    at time   62793325 ps
inst0 ch0:  R_CMD: ACTCMD    R_f1= 0x00    at time   62793739 ps
inst0 ch0:  C_CMD: RDCMD     C_r = 0x015   at time   62807401 ps
inst0 ch0:  C_CMD: RDCMD     C_f = 0x0b8   at time   62807815 ps
inst0 ch0:  C_CMD: RDCMD     C_r = 0x015   at time   62810713 ps
inst0 ch0:  C_CMD: RDCMD     C_f = 0x0ba   at time   62811127 ps
inst0 ch0:  C_CMD: RDCMD     C_r = 0x015   at time   62814025 ps
inst0 ch0:  C_CMD: RDCMD     C_f = 0x0b0   at time   62814439 ps
inst0 ch0:  C_CMD: RDCMD     C_r = 0x015   at time   62817337 ps
inst0 ch0:  C_CMD: RDCMD     C_f = 0x0b2   at time   62817751 ps
inst0 ch0:  C_CMD: RDCMD     C_r = 0x015   at time   62820649 ps
inst0 ch0:  C_CMD: RDCMD     C_f = 0x0a8   at time   62821063 ps
inst0 ch0:  C_CMD: RDCMD     C_r = 0x015   at time   62823961 ps
inst0 ch0:  C_CMD: RDCMD     C_f = 0x0aa   at time   62824375 ps
inst0 ch0:  C_CMD: RDCMD     C_r = 0x015   at time   62827273 ps
inst0 ch0:  C_CMD: RDCMD     C_f = 0x0a0   at time   62827687 ps
inst0 ch0:  C_CMD: RDCMD     C_r = 0x01d   at time   62830585 ps
inst0 ch0:  C_CMD: RDCMD     C_f = 0x0a2   at time   62830999 ps
inst0 ch0:  R_CMD: ACTCMD    R_r0= 0x0a    at time   62865361 ps
inst0 ch0:  R_CMD: ACTCMD    R_f0= 0x08    at time   62865775 ps
inst0 ch0:  R_CMD: ACTCMD    R_r1= 0x00    at time   62866189 ps
inst0 ch0:  R_CMD: ACTCMD    R_f1= 0x00    at time   62866603 ps
inst0 ch0:  C_CMD: WRCMD     C_r = 0x011   at time   62876125 ps
inst0 ch0:  C_CMD: WRCMD     C_f = 0x0b8   at time   62876539 ps
inst0 ch0:  C_CMD: WRCMD     C_r = 0x011   at time   62879437 ps
inst0 ch0:  C_CMD: WRCMD     C_f = 0x0ba   at time   62879851 ps
inst0 ch0:  C_CMD: WRCMD     C_r = 0x011   at time   62882749 ps
inst0 ch0:  C_CMD: WRCMD     C_f = 0x0a8   at time   62883163 ps
inst0 ch0:  C_CMD: WRCMD     C_r = 0x011   at time   62886061 ps
inst0 ch0:  C_CMD: WRCMD     C_f = 0x0aa   at time   62886475 ps
inst0 ch0:  C_CMD: WRCMD     C_r = 0x011   at time   62889373 ps
inst0 ch0:  C_CMD: WRCMD     C_f = 0x0b0   at time   62889787 ps
inst0 ch0:  R_CMD: ACTCMD    R_r0= 0x0a    at time   62890201 ps
inst0 ch0:  R_CMD: ACTCMD    R_f0= 0x00    at time   62890615 ps
inst0 ch0:  R_CMD: ACTCMD    R_r1= 0x00    at time   62891029 ps
inst0 ch0:  R_CMD: ACTCMD    R_f1= 0x00    at time   62891443 ps
inst0 ch0:  C_CMD: WRCMD     C_r = 0x011   at time   62892685 ps
inst0 ch0:  C_CMD: WRCMD     C_f = 0x0b2   at time   62893099 ps
inst0 ch0:  C_CMD: WRCMD     C_r = 0x011   at time   62895997 ps
inst0 ch0:  C_CMD: WRCMD     C_f = 0x0a0   at time   62896411 ps
inst0 ch0:  C_CMD: WRCMD     C_r = 0x019   at time   62899309 ps
inst0 ch0:  C_CMD: WRCMD     C_f = 0x0a2   at time   62899723 ps
inst0 ch0:  C_CMD: RDCMD     C_r = 0x015   at time   62905105 ps
inst0 ch0:  C_CMD: RDCMD     C_f = 0x038   at time   62905519 ps
inst0 ch0:  C_CMD: RDCMD     C_r = 0x015   at time   62908417 ps
inst0 ch0:  C_CMD: RDCMD     C_f = 0x03a   at time   62908831 ps
inst0 ch0:  C_CMD: RDCMD     C_r = 0x015   at time   62911729 ps
inst0 ch0:  C_CMD: RDCMD     C_f = 0x030   at time   62912143 ps
inst0 ch0:  C_CMD: RDCMD     C_r = 0x015   at time   62915041 ps
inst0 ch0:  C_CMD: RDCMD     C_f = 0x032   at time   62915455 ps
inst0 ch0:  C_CMD: RDCMD     C_r = 0x015   at time   62918353 ps
inst0 ch0:  C_CMD: RDCMD     C_f = 0x028   at time   62918767 ps
inst0 ch0:  C_CMD: RDCMD     C_r = 0x015   at time   62921665 ps
inst0 ch0:  C_CMD: RDCMD     C_f = 0x02a   at time   62922079 ps
inst0 ch0:  C_CMD: RDCMD     C_r = 0x015   at time   62924977 ps
inst0 ch0:  C_CMD: RDCMD     C_f = 0x020   at time   62925391 ps
inst0 ch0:  C_CMD: RDCMD     C_r = 0x01d   at time   62928289 ps
inst0 ch0:  C_CMD: RDCMD     C_f = 0x022   at time   62928703 ps
inst0 ch0:  R_CMD: ACTCMD    R_r0= 0x0a    at time   62994529 ps
inst0 ch0:  R_CMD: ACTCMD    R_f0= 0x00    at time   62994943 ps
inst0 ch0:  R_CMD: ACTCMD    R_r1= 0x00    at time   62995357 ps
inst0 ch0:  R_CMD: ACTCMD    R_f1= 0x00    at time   62995771 ps
inst0 ch0:  C_CMD: WRCMD     C_r = 0x011   at time   63005293 ps
inst0 ch0:  C_CMD: WRCMD     C_f = 0x028   at time   63005707 ps
inst0 ch0:  C_CMD: WRCMD     C_r = 0x011   at time   63008605 ps
inst0 ch0:  C_CMD: WRCMD     C_f = 0x02a   at time   63009019 ps
inst0 ch0:  C_CMD: WRCMD     C_r = 0x011   at time   63011917 ps
inst0 ch0:  C_CMD: WRCMD     C_f = 0x038   at time   63012331 ps
inst0 ch0:  C_CMD: WRCMD     C_r = 0x011   at time   63015229 ps
inst0 ch0:  C_CMD: WRCMD     C_f = 0x03a   at time   63015643 ps
inst0 ch0:  C_CMD: WRCMD     C_r = 0x011   at time   63018541 ps
inst0 ch0:  C_CMD: WRCMD     C_f = 0x020   at time   63018955 ps
inst0 ch0:  C_CMD: WRCMD     C_r = 0x011   at time   63021853 ps
inst0 ch0:  C_CMD: WRCMD     C_f = 0x022   at time   63022267 ps
inst0 ch0:  C_CMD: WRCMD     C_r = 0x011   at time   63025165 ps
inst0 ch0:  C_CMD: WRCMD     C_f = 0x030   at time   63025579 ps
inst0 ch0:  C_CMD: WRCMD     C_r = 0x019   at time   63028477 ps
inst0 ch0:  C_CMD: WRCMD     C_f = 0x032   at time   63028891 ps
inst0 ch0:  R_CMD: ACTCMD    R_r0= 0x02    at time   63610561 ps
inst0 ch0:  R_CMD: ACTCMD    R_f0= 0x1b    at time   63610975 ps
inst0 ch0:  R_CMD: ACTCMD    R_r1= 0x3f    at time   63611389 ps
inst0 ch0:  R_CMD: ACTCMD    R_f1= 0x3b    at time   63611803 ps
inst0 ch0:  C_CMD: RDCMD     C_r = 0x005   at time   63625465 ps
inst0 ch0:  C_CMD: RDCMD     C_f = 0x080   at time   63625879 ps
inst0 ch0:  C_CMD: RDCMD     C_r = 0x00d   at time   63628777 ps
inst0 ch0:  C_CMD: RDCMD     C_f = 0x082   at time   63629191 ps
inst0 ch0:  R_CMD: ACTCMD    R_r0= 0x02    at time   63841573 ps
inst0 ch0:  R_CMD: ACTCMD    R_f0= 0x1b    at time   63841987 ps
inst0 ch0:  R_CMD: ACTCMD    R_r1= 0x3f    at time   63842401 ps
inst0 ch0:  R_CMD: ACTCMD    R_f1= 0x3b    at time   63842815 ps
inst0 ch0:  C_CMD: WRCMD     C_r = 0x001   at time   63852337 ps
inst0 ch0:  C_CMD: WRCMD     C_f = 0x080   at time   63852751 ps
inst0 ch0:  C_CMD: WRCMD     C_r = 0x009   at time   63855649 ps
inst0 ch0:  C_CMD: WRCMD     C_f = 0x082   at time   63856063 ps
inst0 ch0:  R_CMD: ACTCMD    R_r0= 0x02    at time   63986473 ps
inst0 ch0:  R_CMD: ACTCMD    R_f0= 0x1b    at time   63986887 ps
inst0 ch0:  R_CMD: ACTCMD    R_r1= 0x3f    at time   63987301 ps
inst0 ch0:  R_CMD: ACTCMD    R_f1= 0x3b    at time   63987715 ps
inst0 ch0:  C_CMD: RDCMD     C_r = 0x005   at time   64001377 ps
inst0 ch0:  C_CMD: RDCMD     C_f = 0x080   at time   64001791 ps
inst0 ch0:  C_CMD: RDCMD     C_r = 0x00d   at time   64004689 ps
inst0 ch0:  C_CMD: RDCMD     C_f = 0x082   at time   64005103 ps
inst0 ch0:  R_CMD: ACTCMD    R_r0= 0x02    at time   64056853 ps
inst0 ch0:  R_CMD: ACTCMD    R_f0= 0x1b    at time   64057267 ps
inst0 ch0:  R_CMD: ACTCMD    R_r1= 0x3f    at time   64057681 ps
inst0 ch0:  R_CMD: ACTCMD    R_f1= 0x3b    at time   64058095 ps
inst0 ch0:  C_CMD: WRCMD     C_r = 0x001   at time   64067617 ps
inst0 ch0:  C_CMD: WRCMD     C_f = 0x080   at time   64068031 ps
inst0 ch0:  C_CMD: WRCMD     C_r = 0x009   at time   64070929 ps
inst0 ch0:  C_CMD: WRCMD     C_f = 0x082   at time   64071343 ps
inst0 ch0:  R_CMD: ACTCMD    R_r0= 0x02    at time   64152073 ps
inst0 ch0:  R_CMD: ACTCMD    R_f0= 0x13    at time   64152487 ps
inst0 ch0:  R_CMD: ACTCMD    R_r1= 0x3f    at time   64152901 ps
inst0 ch0:  R_CMD: ACTCMD    R_f1= 0x3b    at time   64153315 ps
inst0 ch0:  C_CMD: RDCMD     C_r = 0x005   at time   64166977 ps
inst0 ch0:  C_CMD: RDCMD     C_f = 0x000   at time   64167391 ps
inst0 ch0:  C_CMD: RDCMD     C_r = 0x00d   at time   64170289 ps
inst0 ch0:  C_CMD: RDCMD     C_f = 0x002   at time   64170703 ps
inst0 ch0:  R_CMD: ACTCMD    R_r0= 0x02    at time   64224937 ps
inst0 ch0:  R_CMD: ACTCMD    R_f0= 0x13    at time   64225351 ps
inst0 ch0:  R_CMD: ACTCMD    R_r1= 0x3f    at time   64225765 ps
inst0 ch0:  R_CMD: ACTCMD    R_f1= 0x3b    at time   64226179 ps
inst0 ch0:  C_CMD: WRCMD     C_r = 0x001   at time   64235701 ps
inst0 ch0:  C_CMD: WRCMD     C_f = 0x000   at time   64236115 ps
inst0 ch0:  C_CMD: WRCMD     C_r = 0x009   at time   64239013 ps
inst0 ch0:  C_CMD: WRCMD     C_f = 0x002   at time   64239427 ps
inst0 ch0:  R_CMD: ACTCMD    R_r0= 0x02    at time   64354105 ps
inst0 ch0:  R_CMD: ACTCMD    R_f0= 0x13    at time   64354519 ps
inst0 ch0:  R_CMD: ACTCMD    R_r1= 0x3f    at time   64354933 ps
inst0 ch0:  R_CMD: ACTCMD    R_f1= 0x3b    at time   64355347 ps
inst0 ch0:  C_CMD: RDCMD     C_r = 0x005   at time   64369009 ps
inst0 ch0:  C_CMD: RDCMD     C_f = 0x000   at time   64369423 ps
inst0 ch0:  C_CMD: RDCMD     C_r = 0x00d   at time   64372321 ps
inst0 ch0:  C_CMD: RDCMD     C_f = 0x002   at time   64372735 ps
inst0 ch0:  R_CMD: ACTCMD    R_r0= 0x0a    at time   64403785 ps
inst0 ch0:  R_CMD: ACTCMD    R_f0= 0x19    at time   64404199 ps
inst0 ch0:  R_CMD: ACTCMD    R_r1= 0x3f    at time   64404613 ps
inst0 ch0:  R_CMD: ACTCMD    R_f1= 0x3b    at time   64405027 ps
inst0 ch0:  R_CMD: ACTCMD    R_r0= 0x02    at time   64407925 ps
inst0 ch0:  R_CMD: ACTCMD    R_f0= 0x19    at time   64408339 ps
inst0 ch0:  R_CMD: ACTCMD    R_r1= 0x3f    at time   64408753 ps
inst0 ch0:  R_CMD: ACTCMD    R_f1= 0x3b    at time   64409167 ps
inst0 ch0:  C_CMD: RDCMD     C_r = 0x015   at time   64418689 ps
inst0 ch0:  C_CMD: RDCMD     C_f = 0x0f8   at time   64419103 ps
inst0 ch0:  R_CMD: ACTCMD    R_r0= 0x02    at time   64422001 ps
inst0 ch0:  C_CMD: RDCMD     C_r = 0x01d   at time   64422001 ps
inst0 ch0:  R_CMD: ACTCMD    R_f0= 0x13    at time   64422415 ps
inst0 ch0:  C_CMD: RDCMD     C_f = 0x0fa   at time   64422415 ps
inst0 ch0:  R_CMD: ACTCMD    R_r1= 0x3f    at time   64422829 ps
inst0 ch0:  R_CMD: ACTCMD    R_f1= 0x3b    at time   64423243 ps
inst0 ch0:  C_CMD: RDCMD     C_r = 0x005   at time   64425313 ps
inst0 ch0:  C_CMD: RDCMD     C_f = 0x0f8   at time   64425727 ps
inst0 ch0:  C_CMD: RDCMD     C_r = 0x00d   at time   64428625 ps
inst0 ch0:  C_CMD: RDCMD     C_f = 0x0fa   at time   64429039 ps
inst0 ch0:  C_CMD: WRCMD     C_r = 0x001   at time   64432765 ps
inst0 ch0:  C_CMD: WRCMD     C_f = 0x000   at time   64433179 ps
inst0 ch0:  C_CMD: WRCMD     C_r = 0x009   at time   64436077 ps
inst0 ch0:  C_CMD: WRCMD     C_f = 0x002   at time   64436491 ps
inst0 ch0:  R_CMD: ACTCMD    R_r0= 0x0a    at time   64474165 ps
inst0 ch0:  R_CMD: ACTCMD    R_f0= 0x19    at time   64474579 ps
inst0 ch0:  R_CMD: ACTCMD    R_r1= 0x3f    at time   64474993 ps
inst0 ch0:  R_CMD: ACTCMD    R_f1= 0x3b    at time   64475407 ps
inst0 ch0:  R_CMD: ACTCMD    R_r0= 0x02    at time   64480789 ps
inst0 ch0:  R_CMD: ACTCMD    R_f0= 0x19    at time   64481203 ps
inst0 ch0:  R_CMD: ACTCMD    R_r1= 0x3f    at time   64481617 ps
inst0 ch0:  R_CMD: ACTCMD    R_f1= 0x3b    at time   64482031 ps
inst0 ch0:  C_CMD: WRCMD     C_r = 0x011   at time   64484929 ps
inst0 ch0:  C_CMD: WRCMD     C_f = 0x0f8   at time   64485343 ps
inst0 ch0:  C_CMD: WRCMD     C_r = 0x019   at time   64488241 ps
inst0 ch0:  C_CMD: WRCMD     C_f = 0x0fa   at time   64488655 ps
inst0 ch0:  C_CMD: WRCMD     C_r = 0x001   at time   64491553 ps
inst0 ch0:  C_CMD: WRCMD     C_f = 0x0f8   at time   64491967 ps
inst0 ch0:  C_CMD: WRCMD     C_r = 0x009   at time   64494865 ps
inst0 ch0:  C_CMD: WRCMD     C_f = 0x0fa   at time   64495279 ps
inst0 ch0:  R_CMD: ACTCMD    R_r0= 0x0a    at time   64677853 ps
inst0 ch0:  R_CMD: ACTCMD    R_f0= 0x11    at time   64678267 ps
inst0 ch0:  R_CMD: ACTCMD    R_r1= 0x3f    at time   64678681 ps
inst0 ch0:  R_CMD: ACTCMD    R_f1= 0x3b    at time   64679095 ps
inst0 ch0:  R_CMD: ACTCMD    R_r0= 0x02    at time   64681993 ps
inst0 ch0:  R_CMD: ACTCMD    R_f0= 0x11    at time   64682407 ps
inst0 ch0:  R_CMD: ACTCMD    R_r1= 0x3f    at time   64682821 ps
inst0 ch0:  R_CMD: ACTCMD    R_f1= 0x3b    at time   64683235 ps
inst0 ch0:  C_CMD: RDCMD     C_r = 0x015   at time   64692757 ps
inst0 ch0:  C_CMD: RDCMD     C_f = 0x078   at time   64693171 ps
inst0 ch0:  C_CMD: RDCMD     C_r = 0x01d   at time   64696069 ps
inst0 ch0:  C_CMD: RDCMD     C_f = 0x07a   at time   64696483 ps
inst0 ch0:  C_CMD: RDCMD     C_r = 0x005   at time   64699381 ps
inst0 ch0:  C_CMD: RDCMD     C_f = 0x078   at time   64699795 ps
inst0 ch0:  C_CMD: RDCMD     C_r = 0x00d   at time   64702693 ps
inst0 ch0:  C_CMD: RDCMD     C_f = 0x07a   at time   64703107 ps
inst0 ch0:  R_CMD: ACTCMD    R_r0= 0x0a    at time   64750717 ps
inst0 ch0:  R_CMD: ACTCMD    R_f0= 0x11    at time   64751131 ps
inst0 ch0:  R_CMD: ACTCMD    R_r1= 0x3f    at time   64751545 ps
inst0 ch0:  R_CMD: ACTCMD    R_f1= 0x3b    at time   64751959 ps
inst0 ch0:  R_CMD: ACTCMD    R_r0= 0x02    at time   64754857 ps
inst0 ch0:  R_CMD: ACTCMD    R_f0= 0x11    at time   64755271 ps
inst0 ch0:  R_CMD: ACTCMD    R_r1= 0x3f    at time   64755685 ps
inst0 ch0:  R_CMD: ACTCMD    R_f1= 0x3b    at time   64756099 ps
inst0 ch0:  C_CMD: WRCMD     C_r = 0x011   at time   64761481 ps
inst0 ch0:  C_CMD: WRCMD     C_f = 0x078   at time   64761895 ps
inst0 ch0:  C_CMD: WRCMD     C_r = 0x019   at time   64764793 ps
inst0 ch0:  C_CMD: WRCMD     C_f = 0x07a   at time   64765207 ps
inst0 ch0:  C_CMD: WRCMD     C_r = 0x001   at time   64768105 ps
inst0 ch0:  C_CMD: WRCMD     C_f = 0x078   at time   64768519 ps
inst0 ch0:  C_CMD: WRCMD     C_r = 0x009   at time   64771417 ps
inst0 ch0:  C_CMD: WRCMD     C_f = 0x07a   at time   64771831 ps
inst0 ch0:  R_CMD: ACTCMD    R_r0= 0x0a    at time   65263249 ps
inst0 ch0:  R_CMD: ACTCMD    R_f0= 0x0a    at time   65263663 ps
inst0 ch0:  R_CMD: ACTCMD    R_r1= 0x00    at time   65264077 ps
inst0 ch0:  R_CMD: ACTCMD    R_f1= 0x00    at time   65264491 ps
inst0 ch0:  R_CMD: ACTCMD    R_r0= 0x02    at time   65267389 ps
inst0 ch0:  R_CMD: ACTCMD    R_f0= 0x0a    at time   65267803 ps
inst0 ch0:  R_CMD: ACTCMD    R_r1= 0x00    at time   65268217 ps
inst0 ch0:  R_CMD: ACTCMD    R_f1= 0x00    at time   65268631 ps
inst0 ch0:  C_CMD: RDCMD     C_r = 0x015   at time   65278153 ps
inst0 ch0:  C_CMD: RDCMD     C_f = 0x080   at time   65278567 ps
inst0 ch0:  C_CMD: RDCMD     C_r = 0x01d   at time   65281465 ps
inst0 ch0:  C_CMD: RDCMD     C_f = 0x082   at time   65281879 ps
inst0 ch0:  C_CMD: RDCMD     C_r = 0x005   at time   65284777 ps
inst0 ch0:  C_CMD: RDCMD     C_f = 0x080   at time   65285191 ps
inst0 ch0:  C_CMD: RDCMD     C_r = 0x00d   at time   65288089 ps
inst0 ch0:  C_CMD: RDCMD     C_f = 0x082   at time   65288503 ps
inst0 ch0:  R_CMD: ACTCMD    R_r0= 0x0a    at time   65767501 ps
inst0 ch0:  R_CMD: ACTCMD    R_f0= 0x02    at time   65767915 ps
inst0 ch0:  R_CMD: ACTCMD    R_r1= 0x00    at time   65768329 ps
inst0 ch0:  R_CMD: ACTCMD    R_f1= 0x00    at time   65768743 ps
inst0 ch0:  R_CMD: ACTCMD    R_r0= 0x02    at time   65771641 ps
inst0 ch0:  R_CMD: ACTCMD    R_f0= 0x02    at time   65772055 ps
inst0 ch0:  R_CMD: ACTCMD    R_r1= 0x00    at time   65772469 ps
inst0 ch0:  R_CMD: ACTCMD    R_f1= 0x00    at time   65772883 ps
inst0 ch0:  C_CMD: RDCMD     C_r = 0x015   at time   65782405 ps
inst0 ch0:  C_CMD: RDCMD     C_f = 0x000   at time   65782819 ps
inst0 ch0:  C_CMD: RDCMD     C_r = 0x01d   at time   65785717 ps
inst0 ch0:  C_CMD: RDCMD     C_f = 0x002   at time   65786131 ps
inst0 ch0:  C_CMD: RDCMD     C_r = 0x005   at time   65789029 ps
inst0 ch0:  C_CMD: RDCMD     C_f = 0x000   at time   65789443 ps
inst0 ch0:  C_CMD: RDCMD     C_r = 0x00d   at time   65792341 ps
inst0 ch0:  C_CMD: RDCMD     C_f = 0x002   at time   65792755 ps
