inst0 ch0:  R_CMD: ACTCMD    R_r0= 0x0e    at time   33400981 ps
inst0 ch0:  R_CMD: ACTCMD    R_f0= 0x28    at time   33401395 ps
inst0 ch0:  R_CMD: ACTCMD    R_r1= 0x00    at time   33401809 ps
inst0 ch0:  R_CMD: ACTCMD    R_f1= 0x02    at time   33402223 ps
inst0 ch0:  R_CMD: ACTCMD    R_r0= 0x0e    at time   33402637 ps
inst0 ch0:  R_CMD: ACTCMD    R_f0= 0x20    at time   33403051 ps
inst0 ch0:  R_CMD: ACTCMD    R_r1= 0x00    at time   33403465 ps
inst0 ch0:  R_CMD: ACTCMD    R_f1= 0x02    at time   33403879 ps
inst0 ch0:  C_CMD: RDCMD     C_r = 0x095   at time   33415885 ps
inst0 ch0:  C_CMD: RDCMD     C_f = 0x0a9   at time   33416299 ps
inst0 ch0:  C_CMD: RDCMD     C_r = 0x095   at time   33417541 ps
inst0 ch0:  C_CMD: RDCMD     C_f = 0x029   at time   33417955 ps
inst0 ch0:  C_CMD: RDCMD     C_r = 0x095   at time   33419197 ps
inst0 ch0:  C_CMD: RDCMD     C_f = 0x0ab   at time   33419611 ps
inst0 ch0:  C_CMD: RDCMD     C_r = 0x095   at time   33420853 ps
inst0 ch0:  C_CMD: RDCMD     C_f = 0x02b   at time   33421267 ps
inst0 ch0:  C_CMD: RDCMD     C_r = 0x095   at time   33422509 ps
inst0 ch0:  C_CMD: RDCMD     C_f = 0x0a1   at time   33422923 ps
inst0 ch0:  C_CMD: RDCMD     C_r = 0x095   at time   33424165 ps
inst0 ch0:  C_CMD: RDCMD     C_f = 0x021   at time   33424579 ps
inst0 ch0:  C_CMD: RDCMD     C_r = 0x09d   at time   33425821 ps
inst0 ch0:  C_CMD: RDCMD     C_f = 0x0a3   at time   33426235 ps
inst0 ch0:  C_CMD: RDCMD     C_r = 0x09d   at time   33427477 ps
inst0 ch0:  C_CMD: RDCMD     C_f = 0x023   at time   33427891 ps
inst0 ch0:  R_CMD: ACTCMD    R_r0= 0x0e    at time   33646897 ps
inst0 ch0:  R_CMD: ACTCMD    R_f0= 0x28    at time   33647311 ps
inst0 ch0:  R_CMD: ACTCMD    R_r1= 0x00    at time   33647725 ps
inst0 ch0:  R_CMD: ACTCMD    R_f1= 0x02    at time   33648139 ps
inst0 ch0:  R_CMD: ACTCMD    R_r0= 0x0e    at time   33648553 ps
inst0 ch0:  R_CMD: ACTCMD    R_f0= 0x20    at time   33648967 ps
inst0 ch0:  R_CMD: ACTCMD    R_r1= 0x00    at time   33649381 ps
inst0 ch0:  R_CMD: ACTCMD    R_f1= 0x02    at time   33649795 ps
inst0 ch0:  C_CMD: WRCMD     C_r = 0x091   at time   33657661 ps
inst0 ch0:  C_CMD: WRCMD     C_f = 0x0a9   at time   33658075 ps
inst0 ch0:  C_CMD: WRCMD     C_r = 0x091   at time   33659317 ps
inst0 ch0:  C_CMD: WRCMD     C_f = 0x029   at time   33659731 ps
inst0 ch0:  C_CMD: WRCMD     C_r = 0x091   at time   33660973 ps
inst0 ch0:  C_CMD: WRCMD     C_f = 0x0ab   at time   33661387 ps
inst0 ch0:  C_CMD: WRCMD     C_r = 0x091   at time   33662629 ps
inst0 ch0:  C_CMD: WRCMD     C_f = 0x02b   at time   33663043 ps
inst0 ch0:  C_CMD: WRCMD     C_r = 0x091   at time   33664285 ps
inst0 ch0:  C_CMD: WRCMD     C_f = 0x0a1   at time   33664699 ps
inst0 ch0:  C_CMD: WRCMD     C_r = 0x091   at time   33665941 ps
inst0 ch0:  C_CMD: WRCMD     C_f = 0x021   at time   33666355 ps
inst0 ch0:  C_CMD: WRCMD     C_r = 0x099   at time   33667597 ps
inst0 ch0:  C_CMD: WRCMD     C_f = 0x0a3   at time   33668011 ps
inst0 ch0:  C_CMD: WRCMD     C_r = 0x099   at time   33669253 ps
inst0 ch0:  C_CMD: WRCMD     C_f = 0x023   at time   33669667 ps
inst0 ch0:  R_CMD: ACTCMD    R_r0= 0x26    at time   37587349 ps
inst0 ch0:  R_CMD: ACTCMD    R_f0= 0x28    at time   37587763 ps
inst0 ch0:  R_CMD: ACTCMD    R_r1= 0x00    at time   37588177 ps
inst0 ch0:  R_CMD: ACTCMD    R_f1= 0x02    at time   37588591 ps
inst0 ch0:  R_CMD: ACTCMD    R_r0= 0x26    at time   37589833 ps
inst0 ch0:  R_CMD: ACTCMD    R_f0= 0x20    at time   37590247 ps
inst0 ch0:  R_CMD: ACTCMD    R_r1= 0x00    at time   37590661 ps
inst0 ch0:  R_CMD: ACTCMD    R_f1= 0x02    at time   37591075 ps
inst0 ch0:  C_CMD: RDCMD     C_r = 0x0c5   at time   37602253 ps
inst0 ch0:  C_CMD: RDCMD     C_f = 0x0a9   at time   37602667 ps
inst0 ch0:  C_CMD: RDCMD     C_r = 0x0c5   at time   37604737 ps
inst0 ch0:  C_CMD: RDCMD     C_f = 0x029   at time   37605151 ps
inst0 ch0:  C_CMD: RDCMD     C_r = 0x0c5   at time   37605565 ps
inst0 ch0:  C_CMD: RDCMD     C_f = 0x0ab   at time   37605979 ps
inst0 ch0:  C_CMD: RDCMD     C_r = 0x0c5   at time   37608049 ps
inst0 ch0:  C_CMD: RDCMD     C_f = 0x02b   at time   37608463 ps
inst0 ch0:  C_CMD: RDCMD     C_r = 0x0c5   at time   37608877 ps
inst0 ch0:  C_CMD: RDCMD     C_f = 0x0a1   at time   37609291 ps
inst0 ch0:  C_CMD: RDCMD     C_r = 0x0c5   at time   37611361 ps
inst0 ch0:  C_CMD: RDCMD     C_f = 0x021   at time   37611775 ps
inst0 ch0:  C_CMD: RDCMD     C_r = 0x0cd   at time   37612189 ps
inst0 ch0:  C_CMD: RDCMD     C_f = 0x0a3   at time   37612603 ps
inst0 ch0:  C_CMD: RDCMD     C_r = 0x0cd   at time   37614673 ps
inst0 ch0:  C_CMD: RDCMD     C_f = 0x023   at time   37615087 ps
inst0 ch0:  R_CMD: ACTCMD    R_r0= 0x26    at time   37730593 ps
inst0 ch0:  R_CMD: ACTCMD    R_f0= 0x28    at time   37731007 ps
inst0 ch0:  R_CMD: ACTCMD    R_r1= 0x00    at time   37731421 ps
inst0 ch0:  R_CMD: ACTCMD    R_f1= 0x02    at time   37731835 ps
inst0 ch0:  R_CMD: ACTCMD    R_r0= 0x26    at time   37733077 ps
inst0 ch0:  R_CMD: ACTCMD    R_f0= 0x20    at time   37733491 ps
inst0 ch0:  R_CMD: ACTCMD    R_r1= 0x00    at time   37733905 ps
inst0 ch0:  R_CMD: ACTCMD    R_f1= 0x02    at time   37734319 ps
inst0 ch0:  C_CMD: WRCMD     C_r = 0x0c1   at time   37741357 ps
inst0 ch0:  C_CMD: WRCMD     C_f = 0x0a9   at time   37741771 ps
inst0 ch0:  C_CMD: WRCMD     C_r = 0x0c1   at time   37743841 ps
inst0 ch0:  C_CMD: WRCMD     C_f = 0x029   at time   37744255 ps
inst0 ch0:  C_CMD: WRCMD     C_r = 0x0c1   at time   37744669 ps
inst0 ch0:  C_CMD: WRCMD     C_f = 0x0ab   at time   37745083 ps
inst0 ch0:  C_CMD: WRCMD     C_r = 0x0c1   at time   37747153 ps
inst0 ch0:  C_CMD: WRCMD     C_f = 0x02b   at time   37747567 ps
inst0 ch0:  C_CMD: WRCMD     C_r = 0x0c1   at time   37747981 ps
inst0 ch0:  C_CMD: WRCMD     C_f = 0x0a1   at time   37748395 ps
inst0 ch0:  C_CMD: WRCMD     C_r = 0x0c1   at time   37750465 ps
inst0 ch0:  C_CMD: WRCMD     C_f = 0x021   at time   37750879 ps
inst0 ch0:  C_CMD: WRCMD     C_r = 0x0c9   at time   37751293 ps
inst0 ch0:  C_CMD: WRCMD     C_f = 0x0a3   at time   37751707 ps
inst0 ch0:  C_CMD: WRCMD     C_r = 0x0c9   at time   37753777 ps
inst0 ch0:  C_CMD: WRCMD     C_f = 0x023   at time   37754191 ps
inst0 ch0:  R_CMD: ACTCMD    R_r0= 0x22    at time   54548101 ps
inst0 ch0:  R_CMD: ACTCMD    R_f0= 0x22    at time   54548515 ps
inst0 ch0:  R_CMD: ACTCMD    R_r1= 0x00    at time   54548929 ps
inst0 ch0:  R_CMD: ACTCMD    R_f1= 0x00    at time   54549343 ps
inst0 ch0:  R_CMD: ACTCMD    R_r0= 0x22    at time   54549757 ps
inst0 ch0:  R_CMD: ACTCMD    R_f0= 0x2a    at time   54550171 ps
inst0 ch0:  R_CMD: ACTCMD    R_r1= 0x00    at time   54550585 ps
inst0 ch0:  R_CMD: ACTCMD    R_f1= 0x00    at time   54550999 ps
inst0 ch0:  R_CMD: ACTCMD    R_r0= 0x02    at time   54552241 ps
inst0 ch0:  R_CMD: ACTCMD    R_f0= 0x22    at time   54552655 ps
inst0 ch0:  R_CMD: ACTCMD    R_r1= 0x00    at time   54553069 ps
inst0 ch0:  R_CMD: ACTCMD    R_f1= 0x00    at time   54553483 ps
inst0 ch0:  R_CMD: ACTCMD    R_r0= 0x02    at time   54553897 ps
inst0 ch0:  R_CMD: ACTCMD    R_f0= 0x2a    at time   54554311 ps
inst0 ch0:  R_CMD: ACTCMD    R_r1= 0x00    at time   54554725 ps
inst0 ch0:  R_CMD: ACTCMD    R_f1= 0x00    at time   54555139 ps
inst0 ch0:  R_CMD: ACTCMD    R_r0= 0x22    at time   54556381 ps
inst0 ch0:  R_CMD: ACTCMD    R_f0= 0x02    at time   54556795 ps
inst0 ch0:  R_CMD: ACTCMD    R_r1= 0x00    at time   54557209 ps
inst0 ch0:  R_CMD: ACTCMD    R_f1= 0x00    at time   54557623 ps
inst0 ch0:  R_CMD: ACTCMD    R_r0= 0x22    at time   54558037 ps
inst0 ch0:  R_CMD: ACTCMD    R_f0= 0x0a    at time   54558451 ps
inst0 ch0:  R_CMD: ACTCMD    R_r1= 0x00    at time   54558865 ps
inst0 ch0:  R_CMD: ACTCMD    R_f1= 0x00    at time   54559279 ps
inst0 ch0:  R_CMD: ACTCMD    R_r0= 0x02    at time   54560521 ps
inst0 ch0:  R_CMD: ACTCMD    R_f0= 0x02    at time   54560935 ps
inst0 ch0:  R_CMD: ACTCMD    R_r1= 0x00    at time   54561349 ps
inst0 ch0:  R_CMD: ACTCMD    R_f1= 0x00    at time   54561763 ps
inst0 ch0:  R_CMD: ACTCMD    R_r0= 0x02    at time   54562177 ps
inst0 ch0:  R_CMD: ACTCMD    R_f0= 0x0a    at time   54562591 ps
inst0 ch0:  R_CMD: ACTCMD    R_r1= 0x00    at time   54563005 ps
inst0 ch0:  C_CMD: RDCMD     C_r = 0x0c5   at time   54563005 ps
inst0 ch0:  R_CMD: ACTCMD    R_f1= 0x00    at time   54563419 ps
inst0 ch0:  C_CMD: RDCMD     C_f = 0x000   at time   54563419 ps
inst0 ch0:  C_CMD: RDCMD     C_r = 0x0c5   at time   54564661 ps
inst0 ch0:  C_CMD: RDCMD     C_f = 0x080   at time   54565075 ps
inst0 ch0:  C_CMD: RDCMD     C_r = 0x0cd   at time   54566317 ps
inst0 ch0:  C_CMD: RDCMD     C_f = 0x002   at time   54566731 ps
inst0 ch0:  C_CMD: RDCMD     C_r = 0x085   at time   54567973 ps
inst0 ch0:  C_CMD: RDCMD     C_f = 0x000   at time   54568387 ps
inst0 ch0:  C_CMD: RDCMD     C_r = 0x0cd   at time   54568801 ps
inst0 ch0:  C_CMD: RDCMD     C_f = 0x082   at time   54569215 ps
inst0 ch0:  C_CMD: RDCMD     C_r = 0x085   at time   54570457 ps
inst0 ch0:  C_CMD: RDCMD     C_f = 0x080   at time   54570871 ps
inst0 ch0:  C_CMD: RDCMD     C_r = 0x08d   at time   54571285 ps
inst0 ch0:  C_CMD: RDCMD     C_f = 0x002   at time   54571699 ps
inst0 ch0:  C_CMD: RDCMD     C_r = 0x045   at time   54572941 ps
inst0 ch0:  C_CMD: RDCMD     C_f = 0x000   at time   54573355 ps
inst0 ch0:  C_CMD: RDCMD     C_r = 0x08d   at time   54573769 ps
inst0 ch0:  C_CMD: RDCMD     C_f = 0x082   at time   54574183 ps
inst0 ch0:  C_CMD: RDCMD     C_r = 0x005   at time   54575425 ps
inst0 ch0:  C_CMD: RDCMD     C_f = 0x000   at time   54575839 ps
inst0 ch0:  C_CMD: RDCMD     C_r = 0x045   at time   54576253 ps
inst0 ch0:  C_CMD: RDCMD     C_f = 0x080   at time   54576667 ps
inst0 ch0:  C_CMD: RDCMD     C_r = 0x04d   at time   54577081 ps
inst0 ch0:  C_CMD: RDCMD     C_f = 0x002   at time   54577495 ps
inst0 ch0:  C_CMD: RDCMD     C_r = 0x005   at time   54577909 ps
inst0 ch0:  C_CMD: RDCMD     C_f = 0x080   at time   54578323 ps
inst0 ch0:  C_CMD: RDCMD     C_r = 0x00d   at time   54578737 ps
inst0 ch0:  C_CMD: RDCMD     C_f = 0x002   at time   54579151 ps
inst0 ch0:  C_CMD: RDCMD     C_r = 0x04d   at time   54579565 ps
inst0 ch0:  C_CMD: RDCMD     C_f = 0x082   at time   54579979 ps
inst0 ch0:  C_CMD: RDCMD     C_r = 0x00d   at time   54581221 ps
inst0 ch0:  C_CMD: RDCMD     C_f = 0x082   at time   54581635 ps
inst0 ch0:  R_CMD: ACTCMD    R_r0= 0x2a    at time   55436545 ps
inst0 ch0:  R_CMD: ACTCMD    R_f0= 0x22    at time   55436959 ps
inst0 ch0:  R_CMD: ACTCMD    R_r1= 0x00    at time   55437373 ps
inst0 ch0:  R_CMD: ACTCMD    R_f1= 0x00    at time   55437787 ps
inst0 ch0:  R_CMD: ACTCMD    R_r0= 0x0a    at time   55440685 ps
inst0 ch0:  R_CMD: ACTCMD    R_f0= 0x22    at time   55441099 ps
inst0 ch0:  R_CMD: ACTCMD    R_r1= 0x00    at time   55441513 ps
inst0 ch0:  R_CMD: ACTCMD    R_f1= 0x00    at time   55441927 ps
inst0 ch0:  R_CMD: ACTCMD    R_r0= 0x2a    at time   55444825 ps
inst0 ch0:  R_CMD: ACTCMD    R_f0= 0x02    at time   55445239 ps
inst0 ch0:  R_CMD: ACTCMD    R_r1= 0x00    at time   55445653 ps
inst0 ch0:  R_CMD: ACTCMD    R_f1= 0x00    at time   55446067 ps
inst0 ch0:  R_CMD: ACTCMD    R_r0= 0x0a    at time   55448965 ps
inst0 ch0:  R_CMD: ACTCMD    R_f0= 0x02    at time   55449379 ps
inst0 ch0:  R_CMD: ACTCMD    R_r1= 0x00    at time   55449793 ps
inst0 ch0:  R_CMD: ACTCMD    R_f1= 0x00    at time   55450207 ps
inst0 ch0:  R_CMD: ACTCMD    R_r0= 0x2a    at time   55450621 ps
inst0 ch0:  R_CMD: ACTCMD    R_f0= 0x2a    at time   55451035 ps
inst0 ch0:  R_CMD: ACTCMD    R_r1= 0x00    at time   55451449 ps
inst0 ch0:  C_CMD: RDCMD     C_r = 0x0d5   at time   55451449 ps
inst0 ch0:  R_CMD: ACTCMD    R_f1= 0x00    at time   55451863 ps
inst0 ch0:  C_CMD: RDCMD     C_f = 0x000   at time   55451863 ps
inst0 ch0:  R_CMD: ACTCMD    R_r0= 0x0a    at time   55454761 ps
inst0 ch0:  C_CMD: RDCMD     C_r = 0x0dd   at time   55454761 ps
inst0 ch0:  R_CMD: ACTCMD    R_f0= 0x2a    at time   55455175 ps
inst0 ch0:  C_CMD: RDCMD     C_f = 0x002   at time   55455175 ps
inst0 ch0:  R_CMD: ACTCMD    R_r1= 0x00    at time   55455589 ps
inst0 ch0:  R_CMD: ACTCMD    R_f1= 0x00    at time   55456003 ps
inst0 ch0:  C_CMD: RDCMD     C_r = 0x095   at time   55456417 ps
inst0 ch0:  C_CMD: RDCMD     C_f = 0x000   at time   55456831 ps
inst0 ch0:  R_CMD: ACTCMD    R_r0= 0x2a    at time   55458901 ps
inst0 ch0:  R_CMD: ACTCMD    R_f0= 0x0a    at time   55459315 ps
inst0 ch0:  R_CMD: ACTCMD    R_r1= 0x00    at time   55459729 ps
inst0 ch0:  C_CMD: RDCMD     C_r = 0x09d   at time   55459729 ps
inst0 ch0:  R_CMD: ACTCMD    R_f1= 0x00    at time   55460143 ps
inst0 ch0:  C_CMD: RDCMD     C_f = 0x002   at time   55460143 ps
inst0 ch0:  C_CMD: RDCMD     C_r = 0x055   at time   55461385 ps
inst0 ch0:  C_CMD: RDCMD     C_f = 0x000   at time   55461799 ps
inst0 ch0:  R_CMD: ACTCMD    R_r0= 0x0a    at time   55463041 ps
inst0 ch0:  R_CMD: ACTCMD    R_f0= 0x0a    at time   55463455 ps
inst0 ch0:  R_CMD: ACTCMD    R_r1= 0x00    at time   55463869 ps
inst0 ch0:  C_CMD: RDCMD     C_r = 0x015   at time   55463869 ps
inst0 ch0:  R_CMD: ACTCMD    R_f1= 0x00    at time   55464283 ps
inst0 ch0:  C_CMD: RDCMD     C_f = 0x000   at time   55464283 ps
inst0 ch0:  C_CMD: RDCMD     C_r = 0x05d   at time   55465525 ps
inst0 ch0:  C_CMD: RDCMD     C_f = 0x002   at time   55465939 ps
inst0 ch0:  C_CMD: RDCMD     C_r = 0x0d5   at time   55466353 ps
inst0 ch0:  C_CMD: RDCMD     C_f = 0x080   at time   55466767 ps
inst0 ch0:  C_CMD: RDCMD     C_r = 0x01d   at time   55467181 ps
inst0 ch0:  C_CMD: RDCMD     C_f = 0x002   at time   55467595 ps
inst0 ch0:  C_CMD: RDCMD     C_r = 0x0dd   at time   55469665 ps
inst0 ch0:  C_CMD: RDCMD     C_f = 0x082   at time   55470079 ps
inst0 ch0:  C_CMD: RDCMD     C_r = 0x095   at time   55471321 ps
inst0 ch0:  C_CMD: RDCMD     C_f = 0x080   at time   55471735 ps
inst0 ch0:  C_CMD: RDCMD     C_r = 0x055   at time   55473805 ps
inst0 ch0:  C_CMD: RDCMD     C_f = 0x080   at time   55474219 ps
inst0 ch0:  C_CMD: RDCMD     C_r = 0x09d   at time   55475461 ps
inst0 ch0:  C_CMD: RDCMD     C_f = 0x082   at time   55475875 ps
inst0 ch0:  C_CMD: RDCMD     C_r = 0x05d   at time   55477117 ps
inst0 ch0:  C_CMD: RDCMD     C_f = 0x082   at time   55477531 ps
inst0 ch0:  C_CMD: RDCMD     C_r = 0x015   at time   55478773 ps
inst0 ch0:  C_CMD: RDCMD     C_f = 0x080   at time   55479187 ps
inst0 ch0:  C_CMD: RDCMD     C_r = 0x01d   at time   55482085 ps
inst0 ch0:  C_CMD: RDCMD     C_f = 0x082   at time   55482499 ps
inst0 ch0:  R_CMD: ACTCMD    R_r0= 0x32    at time   55762777 ps
inst0 ch0:  R_CMD: ACTCMD    R_f0= 0x22    at time   55763191 ps
inst0 ch0:  R_CMD: ACTCMD    R_r1= 0x00    at time   55763605 ps
inst0 ch0:  R_CMD: ACTCMD    R_f1= 0x00    at time   55764019 ps
inst0 ch0:  R_CMD: ACTCMD    R_r0= 0x12    at time   55766917 ps
inst0 ch0:  R_CMD: ACTCMD    R_f0= 0x22    at time   55767331 ps
inst0 ch0:  R_CMD: ACTCMD    R_r1= 0x00    at time   55767745 ps
inst0 ch0:  R_CMD: ACTCMD    R_f1= 0x00    at time   55768159 ps
inst0 ch0:  R_CMD: ACTCMD    R_r0= 0x32    at time   55771057 ps
inst0 ch0:  R_CMD: ACTCMD    R_f0= 0x02    at time   55771471 ps
inst0 ch0:  R_CMD: ACTCMD    R_r1= 0x00    at time   55771885 ps
inst0 ch0:  R_CMD: ACTCMD    R_f1= 0x00    at time   55772299 ps
inst0 ch0:  R_CMD: ACTCMD    R_r0= 0x12    at time   55775197 ps
inst0 ch0:  R_CMD: ACTCMD    R_f0= 0x02    at time   55775611 ps
inst0 ch0:  R_CMD: ACTCMD    R_r1= 0x00    at time   55776025 ps
inst0 ch0:  R_CMD: ACTCMD    R_f1= 0x00    at time   55776439 ps
inst0 ch0:  C_CMD: RDCMD     C_r = 0x0e5   at time   55777681 ps
inst0 ch0:  C_CMD: RDCMD     C_f = 0x000   at time   55778095 ps
inst0 ch0:  C_CMD: RDCMD     C_r = 0x0ed   at time   55780993 ps
inst0 ch0:  C_CMD: RDCMD     C_f = 0x002   at time   55781407 ps
inst0 ch0:  C_CMD: RDCMD     C_r = 0x0a5   at time   55782649 ps
inst0 ch0:  C_CMD: RDCMD     C_f = 0x000   at time   55783063 ps
inst0 ch0:  C_CMD: RDCMD     C_r = 0x0ad   at time   55785961 ps
inst0 ch0:  C_CMD: RDCMD     C_f = 0x002   at time   55786375 ps
inst0 ch0:  C_CMD: RDCMD     C_r = 0x065   at time   55787617 ps
inst0 ch0:  C_CMD: RDCMD     C_f = 0x000   at time   55788031 ps
inst0 ch0:  C_CMD: RDCMD     C_r = 0x025   at time   55790101 ps
inst0 ch0:  C_CMD: RDCMD     C_f = 0x000   at time   55790515 ps
inst0 ch0:  C_CMD: RDCMD     C_r = 0x06d   at time   55791757 ps
inst0 ch0:  C_CMD: RDCMD     C_f = 0x002   at time   55792171 ps
inst0 ch0:  C_CMD: RDCMD     C_r = 0x02d   at time   55793413 ps
inst0 ch0:  C_CMD: RDCMD     C_f = 0x002   at time   55793827 ps
inst0 ch0:  R_CMD: ACTCMD    R_r0= 0x32    at time   55795069 ps
inst0 ch0:  R_CMD: ACTCMD    R_f0= 0x2a    at time   55795483 ps
inst0 ch0:  R_CMD: ACTCMD    R_r1= 0x00    at time   55795897 ps
inst0 ch0:  R_CMD: ACTCMD    R_f1= 0x00    at time   55796311 ps
inst0 ch0:  R_CMD: ACTCMD    R_r0= 0x12    at time   55799209 ps
inst0 ch0:  R_CMD: ACTCMD    R_f0= 0x2a    at time   55799623 ps
inst0 ch0:  R_CMD: ACTCMD    R_r1= 0x00    at time   55800037 ps
inst0 ch0:  R_CMD: ACTCMD    R_f1= 0x00    at time   55800451 ps
inst0 ch0:  R_CMD: ACTCMD    R_r0= 0x32    at time   55803349 ps
inst0 ch0:  R_CMD: ACTCMD    R_f0= 0x0a    at time   55803763 ps
inst0 ch0:  R_CMD: ACTCMD    R_r1= 0x00    at time   55804177 ps
inst0 ch0:  R_CMD: ACTCMD    R_f1= 0x00    at time   55804591 ps
inst0 ch0:  R_CMD: ACTCMD    R_r0= 0x12    at time   55807489 ps
inst0 ch0:  R_CMD: ACTCMD    R_f0= 0x0a    at time   55807903 ps
inst0 ch0:  R_CMD: ACTCMD    R_r1= 0x00    at time   55808317 ps
inst0 ch0:  R_CMD: ACTCMD    R_f1= 0x00    at time   55808731 ps
inst0 ch0:  C_CMD: RDCMD     C_r = 0x0e5   at time   55809973 ps
inst0 ch0:  C_CMD: RDCMD     C_f = 0x080   at time   55810387 ps
inst0 ch0:  C_CMD: RDCMD     C_r = 0x0ed   at time   55813285 ps
inst0 ch0:  C_CMD: RDCMD     C_f = 0x082   at time   55813699 ps
inst0 ch0:  C_CMD: RDCMD     C_r = 0x0a5   at time   55814941 ps
inst0 ch0:  C_CMD: RDCMD     C_f = 0x080   at time   55815355 ps
inst0 ch0:  C_CMD: RDCMD     C_r = 0x0ad   at time   55818253 ps
inst0 ch0:  C_CMD: RDCMD     C_f = 0x082   at time   55818667 ps
inst0 ch0:  C_CMD: RDCMD     C_r = 0x065   at time   55819909 ps
inst0 ch0:  C_CMD: RDCMD     C_f = 0x080   at time   55820323 ps
inst0 ch0:  C_CMD: RDCMD     C_r = 0x025   at time   55822393 ps
inst0 ch0:  C_CMD: RDCMD     C_f = 0x080   at time   55822807 ps
inst0 ch0:  C_CMD: RDCMD     C_r = 0x06d   at time   55824049 ps
inst0 ch0:  C_CMD: RDCMD     C_f = 0x082   at time   55824463 ps
inst0 ch0:  C_CMD: RDCMD     C_r = 0x02d   at time   55825705 ps
inst0 ch0:  C_CMD: RDCMD     C_f = 0x082   at time   55826119 ps
inst0 ch0:  R_CMD: ACTCMD    R_r0= 0x3a    at time   56273653 ps
inst0 ch0:  R_CMD: ACTCMD    R_f0= 0x22    at time   56274067 ps
inst0 ch0:  R_CMD: ACTCMD    R_r1= 0x00    at time   56274481 ps
inst0 ch0:  R_CMD: ACTCMD    R_f1= 0x00    at time   56274895 ps
inst0 ch0:  R_CMD: ACTCMD    R_r0= 0x1a    at time   56277793 ps
inst0 ch0:  R_CMD: ACTCMD    R_f0= 0x22    at time   56278207 ps
inst0 ch0:  R_CMD: ACTCMD    R_r1= 0x00    at time   56278621 ps
inst0 ch0:  R_CMD: ACTCMD    R_f1= 0x00    at time   56279035 ps
inst0 ch0:  R_CMD: ACTCMD    R_r0= 0x3a    at time   56281933 ps
inst0 ch0:  R_CMD: ACTCMD    R_f0= 0x02    at time   56282347 ps
inst0 ch0:  R_CMD: ACTCMD    R_r1= 0x00    at time   56282761 ps
inst0 ch0:  R_CMD: ACTCMD    R_f1= 0x00    at time   56283175 ps
inst0 ch0:  R_CMD: ACTCMD    R_r0= 0x1a    at time   56286073 ps
inst0 ch0:  R_CMD: ACTCMD    R_f0= 0x02    at time   56286487 ps
inst0 ch0:  R_CMD: ACTCMD    R_r1= 0x00    at time   56286901 ps
inst0 ch0:  R_CMD: ACTCMD    R_f1= 0x00    at time   56287315 ps
inst0 ch0:  C_CMD: RDCMD     C_r = 0x0f5   at time   56288557 ps
inst0 ch0:  C_CMD: RDCMD     C_f = 0x000   at time   56288971 ps
inst0 ch0:  C_CMD: RDCMD     C_r = 0x0fd   at time   56291869 ps
inst0 ch0:  C_CMD: RDCMD     C_f = 0x002   at time   56292283 ps
inst0 ch0:  C_CMD: RDCMD     C_r = 0x0b5   at time   56293525 ps
inst0 ch0:  C_CMD: RDCMD     C_f = 0x000   at time   56293939 ps
inst0 ch0:  C_CMD: RDCMD     C_r = 0x0bd   at time   56296837 ps
inst0 ch0:  C_CMD: RDCMD     C_f = 0x002   at time   56297251 ps
inst0 ch0:  C_CMD: RDCMD     C_r = 0x075   at time   56298493 ps
inst0 ch0:  C_CMD: RDCMD     C_f = 0x000   at time   56298907 ps
inst0 ch0:  C_CMD: RDCMD     C_r = 0x035   at time   56300977 ps
inst0 ch0:  C_CMD: RDCMD     C_f = 0x000   at time   56301391 ps
inst0 ch0:  C_CMD: RDCMD     C_r = 0x07d   at time   56302633 ps
inst0 ch0:  C_CMD: RDCMD     C_f = 0x002   at time   56303047 ps
inst0 ch0:  C_CMD: RDCMD     C_r = 0x03d   at time   56304289 ps
inst0 ch0:  C_CMD: RDCMD     C_f = 0x002   at time   56304703 ps
inst0 ch0:  R_CMD: ACTCMD    R_r0= 0x3a    at time   56334925 ps
inst0 ch0:  R_CMD: ACTCMD    R_f0= 0x2a    at time   56335339 ps
inst0 ch0:  R_CMD: ACTCMD    R_r1= 0x00    at time   56335753 ps
inst0 ch0:  R_CMD: ACTCMD    R_f1= 0x00    at time   56336167 ps
inst0 ch0:  R_CMD: ACTCMD    R_r0= 0x1a    at time   56339065 ps
inst0 ch0:  R_CMD: ACTCMD    R_f0= 0x2a    at time   56339479 ps
inst0 ch0:  R_CMD: ACTCMD    R_r1= 0x00    at time   56339893 ps
inst0 ch0:  R_CMD: ACTCMD    R_f1= 0x00    at time   56340307 ps
inst0 ch0:  R_CMD: ACTCMD    R_r0= 0x3a    at time   56343205 ps
inst0 ch0:  R_CMD: ACTCMD    R_f0= 0x0a    at time   56343619 ps
inst0 ch0:  R_CMD: ACTCMD    R_r1= 0x00    at time   56344033 ps
inst0 ch0:  R_CMD: ACTCMD    R_f1= 0x00    at time   56344447 ps
inst0 ch0:  R_CMD: ACTCMD    R_r0= 0x1a    at time   56347345 ps
inst0 ch0:  R_CMD: ACTCMD    R_f0= 0x0a    at time   56347759 ps
inst0 ch0:  R_CMD: ACTCMD    R_r1= 0x00    at time   56348173 ps
inst0 ch0:  R_CMD: ACTCMD    R_f1= 0x00    at time   56348587 ps
inst0 ch0:  C_CMD: RDCMD     C_r = 0x0f5   at time   56349829 ps
inst0 ch0:  C_CMD: RDCMD     C_f = 0x080   at time   56350243 ps
inst0 ch0:  C_CMD: RDCMD     C_r = 0x0fd   at time   56353141 ps
inst0 ch0:  C_CMD: RDCMD     C_f = 0x082   at time   56353555 ps
inst0 ch0:  C_CMD: RDCMD     C_r = 0x0b5   at time   56354797 ps
inst0 ch0:  C_CMD: RDCMD     C_f = 0x080   at time   56355211 ps
inst0 ch0:  C_CMD: RDCMD     C_r = 0x0bd   at time   56358109 ps
inst0 ch0:  C_CMD: RDCMD     C_f = 0x082   at time   56358523 ps
inst0 ch0:  C_CMD: RDCMD     C_r = 0x075   at time   56359765 ps
inst0 ch0:  C_CMD: RDCMD     C_f = 0x080   at time   56360179 ps
inst0 ch0:  C_CMD: RDCMD     C_r = 0x035   at time   56362249 ps
inst0 ch0:  C_CMD: RDCMD     C_f = 0x080   at time   56362663 ps
inst0 ch0:  C_CMD: RDCMD     C_r = 0x07d   at time   56363905 ps
inst0 ch0:  C_CMD: RDCMD     C_f = 0x082   at time   56364319 ps
inst0 ch0:  C_CMD: RDCMD     C_r = 0x03d   at time   56365561 ps
inst0 ch0:  C_CMD: RDCMD     C_f = 0x082   at time   56365975 ps
inst0 ch0:  R_CMD: ACTCMD    R_r0= 0x02    at time   56672749 ps
inst0 ch0:  R_CMD: ACTCMD    R_f0= 0x10    at time   56673163 ps
inst0 ch0:  R_CMD: ACTCMD    R_r1= 0x3f    at time   56673577 ps
inst0 ch0:  R_CMD: ACTCMD    R_f1= 0x3b    at time   56673991 ps
inst0 ch0:  C_CMD: RDCMD     C_r = 0x005   at time   56687653 ps
inst0 ch0:  C_CMD: RDCMD     C_f = 0x078   at time   56688067 ps
inst0 ch0:  C_CMD: RDCMD     C_r = 0x00d   at time   56690965 ps
inst0 ch0:  C_CMD: RDCMD     C_f = 0x07a   at time   56691379 ps
inst0 ch0:  R_CMD: ACTCMD    R_r0= 0x02    at time   56723257 ps
inst0 ch0:  R_CMD: ACTCMD    R_f0= 0x18    at time   56723671 ps
inst0 ch0:  R_CMD: ACTCMD    R_r1= 0x3f    at time   56724085 ps
inst0 ch0:  R_CMD: ACTCMD    R_f1= 0x3b    at time   56724499 ps
inst0 ch0:  C_CMD: RDCMD     C_r = 0x005   at time   56738161 ps
inst0 ch0:  C_CMD: RDCMD     C_f = 0x0f8   at time   56738575 ps
inst0 ch0:  C_CMD: RDCMD     C_r = 0x00d   at time   56741473 ps
inst0 ch0:  C_CMD: RDCMD     C_f = 0x0fa   at time   56741887 ps
inst0 ch0:  R_CMD: ACTCMD    R_r0= 0x02    at time   56815993 ps
inst0 ch0:  R_CMD: ACTCMD    R_f0= 0x10    at time   56816407 ps
inst0 ch0:  R_CMD: ACTCMD    R_r1= 0x3f    at time   56816821 ps
inst0 ch0:  R_CMD: ACTCMD    R_f1= 0x3b    at time   56817235 ps
inst0 ch0:  R_CMD: ACTCMD    R_r0= 0x02    at time   56817649 ps
inst0 ch0:  R_CMD: ACTCMD    R_f0= 0x18    at time   56818063 ps
inst0 ch0:  R_CMD: ACTCMD    R_r1= 0x3f    at time   56818477 ps
inst0 ch0:  R_CMD: ACTCMD    R_f1= 0x3b    at time   56818891 ps
inst0 ch0:  C_CMD: WRCMD     C_r = 0x001   at time   56826757 ps
inst0 ch0:  C_CMD: WRCMD     C_f = 0x078   at time   56827171 ps
inst0 ch0:  C_CMD: WRCMD     C_r = 0x001   at time   56828413 ps
inst0 ch0:  C_CMD: WRCMD     C_f = 0x0f8   at time   56828827 ps
inst0 ch0:  C_CMD: WRCMD     C_r = 0x009   at time   56830069 ps
inst0 ch0:  C_CMD: WRCMD     C_f = 0x07a   at time   56830483 ps
inst0 ch0:  C_CMD: WRCMD     C_r = 0x009   at time   56831725 ps
inst0 ch0:  C_CMD: WRCMD     C_f = 0x0fa   at time   56832139 ps
inst0 ch0:  R_CMD: ACTCMD    R_r0= 0x0a    at time   58108501 ps
inst0 ch0:  R_CMD: ACTCMD    R_f0= 0x10    at time   58108915 ps
inst0 ch0:  R_CMD: ACTCMD    R_r1= 0x3f    at time   58109329 ps
inst0 ch0:  R_CMD: ACTCMD    R_f1= 0x3b    at time   58109743 ps
inst0 ch0:  C_CMD: RDCMD     C_r = 0x015   at time   58123405 ps
inst0 ch0:  C_CMD: RDCMD     C_f = 0x078   at time   58123819 ps
inst0 ch0:  C_CMD: RDCMD     C_r = 0x01d   at time   58126717 ps
inst0 ch0:  C_CMD: RDCMD     C_f = 0x07a   at time   58127131 ps
inst0 ch0:  R_CMD: ACTCMD    R_r0= 0x0a    at time   58181365 ps
inst0 ch0:  R_CMD: ACTCMD    R_f0= 0x10    at time   58181779 ps
inst0 ch0:  R_CMD: ACTCMD    R_r1= 0x3f    at time   58182193 ps
inst0 ch0:  R_CMD: ACTCMD    R_f1= 0x3b    at time   58182607 ps
inst0 ch0:  C_CMD: WRCMD     C_r = 0x011   at time   58192129 ps
inst0 ch0:  C_CMD: WRCMD     C_f = 0x078   at time   58192543 ps
inst0 ch0:  C_CMD: WRCMD     C_r = 0x019   at time   58195441 ps
inst0 ch0:  C_CMD: WRCMD     C_f = 0x07a   at time   58195855 ps
inst0 ch0:  R_CMD: ACTCMD    R_r0= 0x02    at time   58270789 ps
inst0 ch0:  R_CMD: ACTCMD    R_f0= 0x30    at time   58271203 ps
inst0 ch0:  R_CMD: ACTCMD    R_r1= 0x3f    at time   58271617 ps
inst0 ch0:  R_CMD: ACTCMD    R_f1= 0x3b    at time   58272031 ps
inst0 ch0:  R_CMD: ACTCMD    R_r0= 0x0a    at time   58284037 ps
inst0 ch0:  R_CMD: ACTCMD    R_f0= 0x18    at time   58284451 ps
inst0 ch0:  R_CMD: ACTCMD    R_r1= 0x3f    at time   58284865 ps
inst0 ch0:  R_CMD: ACTCMD    R_f1= 0x3b    at time   58285279 ps
inst0 ch0:  C_CMD: RDCMD     C_r = 0x085   at time   58285693 ps
inst0 ch0:  C_CMD: RDCMD     C_f = 0x078   at time   58286107 ps
inst0 ch0:  C_CMD: RDCMD     C_r = 0x08d   at time   58289005 ps
inst0 ch0:  C_CMD: RDCMD     C_f = 0x07a   at time   58289419 ps
inst0 ch0:  C_CMD: RDCMD     C_r = 0x015   at time   58298941 ps
inst0 ch0:  C_CMD: RDCMD     C_f = 0x0f8   at time   58299355 ps
inst0 ch0:  C_CMD: RDCMD     C_r = 0x01d   at time   58302253 ps
inst0 ch0:  C_CMD: RDCMD     C_f = 0x0fa   at time   58302667 ps
inst0 ch0:  R_CMD: ACTCMD    R_r0= 0x02    at time   58338685 ps
inst0 ch0:  R_CMD: ACTCMD    R_f0= 0x30    at time   58339099 ps
inst0 ch0:  R_CMD: ACTCMD    R_r1= 0x3f    at time   58339513 ps
inst0 ch0:  R_CMD: ACTCMD    R_f1= 0x3b    at time   58339927 ps
inst0 ch0:  C_CMD: WRCMD     C_r = 0x081   at time   58349449 ps
inst0 ch0:  C_CMD: WRCMD     C_f = 0x078   at time   58349863 ps
inst0 ch0:  C_CMD: WRCMD     C_r = 0x089   at time   58352761 ps
inst0 ch0:  C_CMD: WRCMD     C_f = 0x07a   at time   58353175 ps
inst0 ch0:  R_CMD: ACTCMD    R_r0= 0x0a    at time   58354417 ps
inst0 ch0:  R_CMD: ACTCMD    R_f0= 0x18    at time   58354831 ps
inst0 ch0:  R_CMD: ACTCMD    R_r1= 0x3f    at time   58355245 ps
inst0 ch0:  R_CMD: ACTCMD    R_f1= 0x3b    at time   58355659 ps
inst0 ch0:  C_CMD: WRCMD     C_r = 0x011   at time   58365181 ps
inst0 ch0:  C_CMD: WRCMD     C_f = 0x0f8   at time   58365595 ps
inst0 ch0:  C_CMD: WRCMD     C_r = 0x019   at time   58368493 ps
inst0 ch0:  C_CMD: WRCMD     C_f = 0x0fa   at time   58368907 ps
inst0 ch0:  R_CMD: ACTCMD    R_r0= 0x0a    at time   58427281 ps
inst0 ch0:  R_CMD: ACTCMD    R_f0= 0x30    at time   58427695 ps
inst0 ch0:  R_CMD: ACTCMD    R_r1= 0x3f    at time   58428109 ps
inst0 ch0:  R_CMD: ACTCMD    R_f1= 0x3b    at time   58428523 ps
inst0 ch0:  R_CMD: ACTCMD    R_r0= 0x02    at time   58442185 ps
inst0 ch0:  C_CMD: RDCMD     C_r = 0x095   at time   58442185 ps
inst0 ch0:  R_CMD: ACTCMD    R_f0= 0x38    at time   58442599 ps
inst0 ch0:  C_CMD: RDCMD     C_f = 0x078   at time   58442599 ps
inst0 ch0:  R_CMD: ACTCMD    R_r1= 0x3f    at time   58443013 ps
inst0 ch0:  R_CMD: ACTCMD    R_f1= 0x3b    at time   58443427 ps
inst0 ch0:  C_CMD: RDCMD     C_r = 0x09d   at time   58445497 ps
inst0 ch0:  C_CMD: RDCMD     C_f = 0x07a   at time   58445911 ps
inst0 ch0:  C_CMD: RDCMD     C_r = 0x085   at time   58457089 ps
inst0 ch0:  C_CMD: RDCMD     C_f = 0x0f8   at time   58457503 ps
inst0 ch0:  C_CMD: RDCMD     C_r = 0x08d   at time   58460401 ps
inst0 ch0:  C_CMD: RDCMD     C_f = 0x0fa   at time   58460815 ps
inst0 ch0:  R_CMD: ACTCMD    R_r0= 0x0a    at time   58497661 ps
inst0 ch0:  R_CMD: ACTCMD    R_f0= 0x30    at time   58498075 ps
inst0 ch0:  R_CMD: ACTCMD    R_r1= 0x3f    at time   58498489 ps
inst0 ch0:  R_CMD: ACTCMD    R_f1= 0x3b    at time   58498903 ps
inst0 ch0:  C_CMD: WRCMD     C_r = 0x091   at time   58508425 ps
inst0 ch0:  C_CMD: WRCMD     C_f = 0x078   at time   58508839 ps
inst0 ch0:  C_CMD: WRCMD     C_r = 0x099   at time   58511737 ps
inst0 ch0:  C_CMD: WRCMD     C_f = 0x07a   at time   58512151 ps
inst0 ch0:  R_CMD: ACTCMD    R_r0= 0x02    at time   58512565 ps
inst0 ch0:  R_CMD: ACTCMD    R_f0= 0x38    at time   58512979 ps
inst0 ch0:  R_CMD: ACTCMD    R_r1= 0x3f    at time   58513393 ps
inst0 ch0:  R_CMD: ACTCMD    R_f1= 0x3b    at time   58513807 ps
inst0 ch0:  C_CMD: WRCMD     C_r = 0x081   at time   58523329 ps
inst0 ch0:  C_CMD: WRCMD     C_f = 0x0f8   at time   58523743 ps
inst0 ch0:  C_CMD: WRCMD     C_r = 0x089   at time   58526641 ps
inst0 ch0:  C_CMD: WRCMD     C_f = 0x0fa   at time   58527055 ps
inst0 ch0:  R_CMD: ACTCMD    R_r0= 0x0a    at time   58603645 ps
inst0 ch0:  R_CMD: ACTCMD    R_f0= 0x38    at time   58604059 ps
inst0 ch0:  R_CMD: ACTCMD    R_r1= 0x3f    at time   58604473 ps
inst0 ch0:  R_CMD: ACTCMD    R_f1= 0x3b    at time   58604887 ps
inst0 ch0:  C_CMD: RDCMD     C_r = 0x095   at time   58618549 ps
inst0 ch0:  C_CMD: RDCMD     C_f = 0x0f8   at time   58618963 ps
inst0 ch0:  C_CMD: RDCMD     C_r = 0x09d   at time   58621861 ps
inst0 ch0:  C_CMD: RDCMD     C_f = 0x0fa   at time   58622275 ps
inst0 ch0:  R_CMD: ACTCMD    R_r0= 0x0a    at time   58674025 ps
inst0 ch0:  R_CMD: ACTCMD    R_f0= 0x38    at time   58674439 ps
inst0 ch0:  R_CMD: ACTCMD    R_r1= 0x3f    at time   58674853 ps
inst0 ch0:  R_CMD: ACTCMD    R_f1= 0x3b    at time   58675267 ps
inst0 ch0:  C_CMD: WRCMD     C_r = 0x091   at time   58684789 ps
inst0 ch0:  C_CMD: WRCMD     C_f = 0x0f8   at time   58685203 ps
inst0 ch0:  C_CMD: WRCMD     C_r = 0x099   at time   58688101 ps
inst0 ch0:  C_CMD: WRCMD     C_f = 0x0fa   at time   58688515 ps
inst0 ch0:  R_CMD: ACTCMD    R_r0= 0x0a    at time   59836537 ps
inst0 ch0:  R_CMD: ACTCMD    R_f0= 0x1b    at time   59836951 ps
inst0 ch0:  R_CMD: ACTCMD    R_r1= 0x3f    at time   59837365 ps
inst0 ch0:  R_CMD: ACTCMD    R_f1= 0x3b    at time   59837779 ps
inst0 ch0:  R_CMD: ACTCMD    R_r0= 0x0a    at time   59841505 ps
inst0 ch0:  R_CMD: ACTCMD    R_f0= 0x13    at time   59841919 ps
inst0 ch0:  R_CMD: ACTCMD    R_r1= 0x3f    at time   59842333 ps
inst0 ch0:  R_CMD: ACTCMD    R_f1= 0x3b    at time   59842747 ps
inst0 ch0:  C_CMD: RDCMD     C_r = 0x015   at time   59851441 ps
inst0 ch0:  C_CMD: RDCMD     C_f = 0x090   at time   59851855 ps
inst0 ch0:  C_CMD: RDCMD     C_r = 0x01d   at time   59854753 ps
inst0 ch0:  C_CMD: RDCMD     C_f = 0x092   at time   59855167 ps
inst0 ch0:  C_CMD: RDCMD     C_r = 0x015   at time   59856409 ps
inst0 ch0:  C_CMD: RDCMD     C_f = 0x010   at time   59856823 ps
inst0 ch0:  C_CMD: RDCMD     C_r = 0x01d   at time   59859721 ps
inst0 ch0:  C_CMD: RDCMD     C_f = 0x012   at time   59860135 ps
inst0 ch0:  R_CMD: ACTCMD    R_r0= 0x0a    at time   59904433 ps
inst0 ch0:  R_CMD: ACTCMD    R_f0= 0x1b    at time   59904847 ps
inst0 ch0:  R_CMD: ACTCMD    R_r1= 0x3f    at time   59905261 ps
inst0 ch0:  R_CMD: ACTCMD    R_f1= 0x3b    at time   59905675 ps
inst0 ch0:  R_CMD: ACTCMD    R_r0= 0x0a    at time   59911885 ps
inst0 ch0:  R_CMD: ACTCMD    R_f0= 0x13    at time   59912299 ps
inst0 ch0:  R_CMD: ACTCMD    R_r1= 0x3f    at time   59912713 ps
inst0 ch0:  R_CMD: ACTCMD    R_f1= 0x3b    at time   59913127 ps
inst0 ch0:  C_CMD: WRCMD     C_r = 0x011   at time   59915197 ps
inst0 ch0:  C_CMD: WRCMD     C_f = 0x090   at time   59915611 ps
inst0 ch0:  C_CMD: WRCMD     C_r = 0x019   at time   59918509 ps
inst0 ch0:  C_CMD: WRCMD     C_f = 0x092   at time   59918923 ps
inst0 ch0:  C_CMD: WRCMD     C_r = 0x011   at time   59922649 ps
inst0 ch0:  C_CMD: WRCMD     C_f = 0x010   at time   59923063 ps
inst0 ch0:  C_CMD: WRCMD     C_r = 0x019   at time   59925961 ps
inst0 ch0:  C_CMD: WRCMD     C_f = 0x012   at time   59926375 ps
inst0 ch0:  R_CMD: ACTCMD    R_r0= 0x0a    at time   60200029 ps
inst0 ch0:  R_CMD: ACTCMD    R_f0= 0x1b    at time   60200443 ps
inst0 ch0:  R_CMD: ACTCMD    R_r1= 0x3f    at time   60200857 ps
inst0 ch0:  R_CMD: ACTCMD    R_f1= 0x3b    at time   60201271 ps
inst0 ch0:  C_CMD: RDCMD     C_r = 0x015   at time   60214933 ps
inst0 ch0:  C_CMD: RDCMD     C_f = 0x090   at time   60215347 ps
inst0 ch0:  C_CMD: RDCMD     C_r = 0x01d   at time   60218245 ps
inst0 ch0:  C_CMD: RDCMD     C_f = 0x092   at time   60218659 ps
inst0 ch0:  R_CMD: ACTCMD    R_r0= 0x0a    at time   60272893 ps
inst0 ch0:  R_CMD: ACTCMD    R_f0= 0x1b    at time   60273307 ps
inst0 ch0:  R_CMD: ACTCMD    R_r1= 0x3f    at time   60273721 ps
inst0 ch0:  R_CMD: ACTCMD    R_f1= 0x3b    at time   60274135 ps
inst0 ch0:  C_CMD: WRCMD     C_r = 0x011   at time   60283657 ps
inst0 ch0:  C_CMD: WRCMD     C_f = 0x090   at time   60284071 ps
inst0 ch0:  C_CMD: WRCMD     C_r = 0x019   at time   60286969 ps
inst0 ch0:  C_CMD: WRCMD     C_f = 0x092   at time   60287383 ps
inst0 ch0:  R_CMD: ACTCMD    R_r0= 0x0a    at time   60343273 ps
inst0 ch0:  R_CMD: ACTCMD    R_f0= 0x13    at time   60343687 ps
inst0 ch0:  R_CMD: ACTCMD    R_r1= 0x3f    at time   60344101 ps
inst0 ch0:  R_CMD: ACTCMD    R_f1= 0x3b    at time   60344515 ps
inst0 ch0:  C_CMD: RDCMD     C_r = 0x015   at time   60358177 ps
inst0 ch0:  C_CMD: RDCMD     C_f = 0x010   at time   60358591 ps
inst0 ch0:  C_CMD: RDCMD     C_r = 0x01d   at time   60361489 ps
inst0 ch0:  C_CMD: RDCMD     C_f = 0x012   at time   60361903 ps
inst0 ch0:  R_CMD: ACTCMD    R_r0= 0x0a    at time   60416137 ps
inst0 ch0:  R_CMD: ACTCMD    R_f0= 0x13    at time   60416551 ps
inst0 ch0:  R_CMD: ACTCMD    R_r1= 0x3f    at time   60416965 ps
inst0 ch0:  R_CMD: ACTCMD    R_f1= 0x3b    at time   60417379 ps
inst0 ch0:  C_CMD: WRCMD     C_r = 0x011   at time   60426901 ps
inst0 ch0:  C_CMD: WRCMD     C_f = 0x010   at time   60427315 ps
inst0 ch0:  C_CMD: WRCMD     C_r = 0x019   at time   60430213 ps
inst0 ch0:  C_CMD: WRCMD     C_f = 0x012   at time   60430627 ps
inst0 ch0:  R_CMD: ACTCMD    R_r0= 0x02    at time   61782337 ps
inst0 ch0:  R_CMD: ACTCMD    R_f0= 0x13    at time   61782751 ps
inst0 ch0:  R_CMD: ACTCMD    R_r1= 0x3f    at time   61783165 ps
inst0 ch0:  R_CMD: ACTCMD    R_f1= 0x3b    at time   61783579 ps
inst0 ch0:  C_CMD: RDCMD     C_r = 0x005   at time   61797241 ps
inst0 ch0:  C_CMD: RDCMD     C_f = 0x000   at time   61797655 ps
inst0 ch0:  C_CMD: RDCMD     C_r = 0x00d   at time   61800553 ps
inst0 ch0:  C_CMD: RDCMD     C_f = 0x002   at time   61800967 ps
inst0 ch0:  R_CMD: ACTCMD    R_r0= 0x02    at time   61852717 ps
inst0 ch0:  R_CMD: ACTCMD    R_f0= 0x13    at time   61853131 ps
inst0 ch0:  R_CMD: ACTCMD    R_r1= 0x3f    at time   61853545 ps
inst0 ch0:  R_CMD: ACTCMD    R_f1= 0x3b    at time   61853959 ps
inst0 ch0:  C_CMD: WRCMD     C_r = 0x001   at time   61863481 ps
inst0 ch0:  C_CMD: WRCMD     C_f = 0x000   at time   61863895 ps
inst0 ch0:  C_CMD: WRCMD     C_r = 0x009   at time   61866793 ps
inst0 ch0:  C_CMD: WRCMD     C_f = 0x002   at time   61867207 ps
inst0 ch0:  R_CMD: ACTCMD    R_r0= 0x02    at time   61943797 ps
inst0 ch0:  R_CMD: ACTCMD    R_f0= 0x1b    at time   61944211 ps
inst0 ch0:  R_CMD: ACTCMD    R_r1= 0x3f    at time   61944625 ps
inst0 ch0:  R_CMD: ACTCMD    R_f1= 0x3b    at time   61945039 ps
inst0 ch0:  C_CMD: RDCMD     C_r = 0x005   at time   61958701 ps
inst0 ch0:  C_CMD: RDCMD     C_f = 0x080   at time   61959115 ps
inst0 ch0:  C_CMD: RDCMD     C_r = 0x00d   at time   61962013 ps
inst0 ch0:  C_CMD: RDCMD     C_f = 0x082   at time   61962427 ps
inst0 ch0:  R_CMD: ACTCMD    R_r0= 0x02    at time   62016661 ps
inst0 ch0:  R_CMD: ACTCMD    R_f0= 0x1b    at time   62017075 ps
inst0 ch0:  R_CMD: ACTCMD    R_r1= 0x3f    at time   62017489 ps
inst0 ch0:  R_CMD: ACTCMD    R_f1= 0x3b    at time   62017903 ps
inst0 ch0:  C_CMD: WRCMD     C_r = 0x001   at time   62027425 ps
inst0 ch0:  C_CMD: WRCMD     C_f = 0x080   at time   62027839 ps
inst0 ch0:  C_CMD: WRCMD     C_r = 0x009   at time   62030737 ps
inst0 ch0:  C_CMD: WRCMD     C_f = 0x082   at time   62031151 ps
inst0 ch0:  R_CMD: ACTCMD    R_r0= 0x02    at time   62036533 ps
inst0 ch0:  R_CMD: ACTCMD    R_f0= 0x13    at time   62036947 ps
inst0 ch0:  R_CMD: ACTCMD    R_r1= 0x3f    at time   62037361 ps
inst0 ch0:  R_CMD: ACTCMD    R_f1= 0x3b    at time   62037775 ps
inst0 ch0:  C_CMD: RDCMD     C_r = 0x005   at time   62051437 ps
inst0 ch0:  C_CMD: RDCMD     C_f = 0x000   at time   62051851 ps
inst0 ch0:  C_CMD: RDCMD     C_r = 0x00d   at time   62054749 ps
inst0 ch0:  C_CMD: RDCMD     C_f = 0x002   at time   62055163 ps
inst0 ch0:  R_CMD: ACTCMD    R_r0= 0x02    at time   62109397 ps
inst0 ch0:  R_CMD: ACTCMD    R_f0= 0x13    at time   62109811 ps
inst0 ch0:  R_CMD: ACTCMD    R_r1= 0x3f    at time   62110225 ps
inst0 ch0:  R_CMD: ACTCMD    R_f1= 0x3b    at time   62110639 ps
inst0 ch0:  C_CMD: WRCMD     C_r = 0x001   at time   62120161 ps
inst0 ch0:  C_CMD: WRCMD     C_f = 0x000   at time   62120575 ps
inst0 ch0:  C_CMD: WRCMD     C_r = 0x009   at time   62123473 ps
inst0 ch0:  C_CMD: WRCMD     C_f = 0x002   at time   62123887 ps
inst0 ch0:  R_CMD: ACTCMD    R_r0= 0x02    at time   62134237 ps
inst0 ch0:  R_CMD: ACTCMD    R_f0= 0x1b    at time   62134651 ps
inst0 ch0:  R_CMD: ACTCMD    R_r1= 0x3f    at time   62135065 ps
inst0 ch0:  R_CMD: ACTCMD    R_f1= 0x3b    at time   62135479 ps
inst0 ch0:  C_CMD: RDCMD     C_r = 0x005   at time   62149141 ps
inst0 ch0:  C_CMD: RDCMD     C_f = 0x080   at time   62149555 ps
inst0 ch0:  C_CMD: RDCMD     C_r = 0x00d   at time   62152453 ps
inst0 ch0:  C_CMD: RDCMD     C_f = 0x082   at time   62152867 ps
inst0 ch0:  R_CMD: ACTCMD    R_r0= 0x02    at time   62207101 ps
inst0 ch0:  R_CMD: ACTCMD    R_f0= 0x1b    at time   62207515 ps
inst0 ch0:  R_CMD: ACTCMD    R_r1= 0x3f    at time   62207929 ps
inst0 ch0:  R_CMD: ACTCMD    R_f1= 0x3b    at time   62208343 ps
inst0 ch0:  C_CMD: WRCMD     C_r = 0x001   at time   62217865 ps
inst0 ch0:  C_CMD: WRCMD     C_f = 0x080   at time   62218279 ps
inst0 ch0:  C_CMD: WRCMD     C_r = 0x009   at time   62221177 ps
inst0 ch0:  C_CMD: WRCMD     C_f = 0x082   at time   62221591 ps
inst0 ch0:  R_CMD: ACTCMD    R_r0= 0x02    at time   63491329 ps
inst0 ch0:  R_CMD: ACTCMD    R_f0= 0x08    at time   63491743 ps
inst0 ch0:  R_CMD: ACTCMD    R_r1= 0x00    at time   63492157 ps
inst0 ch0:  R_CMD: ACTCMD    R_f1= 0x00    at time   63492571 ps
inst0 ch0:  C_CMD: RDCMD     C_r = 0x005   at time   63506233 ps
inst0 ch0:  C_CMD: RDCMD     C_f = 0x098   at time   63506647 ps
inst0 ch0:  C_CMD: RDCMD     C_r = 0x005   at time   63509545 ps
inst0 ch0:  C_CMD: RDCMD     C_f = 0x09a   at time   63509959 ps
inst0 ch0:  C_CMD: RDCMD     C_r = 0x005   at time   63512857 ps
inst0 ch0:  C_CMD: RDCMD     C_f = 0x090   at time   63513271 ps
inst0 ch0:  C_CMD: RDCMD     C_r = 0x005   at time   63516169 ps
inst0 ch0:  C_CMD: RDCMD     C_f = 0x092   at time   63516583 ps
inst0 ch0:  C_CMD: RDCMD     C_r = 0x005   at time   63519481 ps
inst0 ch0:  C_CMD: RDCMD     C_f = 0x088   at time   63519895 ps
inst0 ch0:  C_CMD: RDCMD     C_r = 0x005   at time   63522793 ps
inst0 ch0:  C_CMD: RDCMD     C_f = 0x08a   at time   63523207 ps
inst0 ch0:  C_CMD: RDCMD     C_r = 0x005   at time   63526105 ps
inst0 ch0:  C_CMD: RDCMD     C_f = 0x080   at time   63526519 ps
inst0 ch0:  C_CMD: RDCMD     C_r = 0x00d   at time   63529417 ps
inst0 ch0:  C_CMD: RDCMD     C_f = 0x082   at time   63529831 ps
inst0 ch0:  R_CMD: ACTCMD    R_r0= 0x02    at time   63619669 ps
inst0 ch0:  R_CMD: ACTCMD    R_f0= 0x00    at time   63620083 ps
inst0 ch0:  R_CMD: ACTCMD    R_r1= 0x00    at time   63620497 ps
inst0 ch0:  R_CMD: ACTCMD    R_f1= 0x00    at time   63620911 ps
inst0 ch0:  C_CMD: RDCMD     C_r = 0x005   at time   63634573 ps
inst0 ch0:  C_CMD: RDCMD     C_f = 0x018   at time   63634987 ps
inst0 ch0:  C_CMD: RDCMD     C_r = 0x005   at time   63637885 ps
inst0 ch0:  C_CMD: RDCMD     C_f = 0x01a   at time   63638299 ps
inst0 ch0:  C_CMD: RDCMD     C_r = 0x005   at time   63641197 ps
inst0 ch0:  C_CMD: RDCMD     C_f = 0x010   at time   63641611 ps
inst0 ch0:  C_CMD: RDCMD     C_r = 0x005   at time   63644509 ps
inst0 ch0:  C_CMD: RDCMD     C_f = 0x012   at time   63644923 ps
inst0 ch0:  C_CMD: RDCMD     C_r = 0x005   at time   63647821 ps
inst0 ch0:  C_CMD: RDCMD     C_f = 0x008   at time   63648235 ps
inst0 ch0:  C_CMD: RDCMD     C_r = 0x005   at time   63651133 ps
inst0 ch0:  C_CMD: RDCMD     C_f = 0x00a   at time   63651547 ps
inst0 ch0:  C_CMD: RDCMD     C_r = 0x005   at time   63654445 ps
inst0 ch0:  C_CMD: RDCMD     C_f = 0x000   at time   63654859 ps
inst0 ch0:  C_CMD: RDCMD     C_r = 0x00d   at time   63657757 ps
inst0 ch0:  C_CMD: RDCMD     C_f = 0x002   at time   63658171 ps
inst0 ch0:  R_CMD: ACTCMD    R_r0= 0x0a    at time   64156213 ps
inst0 ch0:  R_CMD: ACTCMD    R_f0= 0x08    at time   64156627 ps
inst0 ch0:  R_CMD: ACTCMD    R_r1= 0x00    at time   64157041 ps
inst0 ch0:  R_CMD: ACTCMD    R_f1= 0x00    at time   64157455 ps
inst0 ch0:  C_CMD: RDCMD     C_r = 0x015   at time   64171117 ps
inst0 ch0:  C_CMD: RDCMD     C_f = 0x098   at time   64171531 ps
inst0 ch0:  C_CMD: RDCMD     C_r = 0x015   at time   64174429 ps
inst0 ch0:  C_CMD: RDCMD     C_f = 0x09a   at time   64174843 ps
inst0 ch0:  C_CMD: RDCMD     C_r = 0x015   at time   64177741 ps
inst0 ch0:  C_CMD: RDCMD     C_f = 0x090   at time   64178155 ps
inst0 ch0:  C_CMD: RDCMD     C_r = 0x015   at time   64181053 ps
inst0 ch0:  C_CMD: RDCMD     C_f = 0x092   at time   64181467 ps
inst0 ch0:  C_CMD: RDCMD     C_r = 0x015   at time   64184365 ps
inst0 ch0:  C_CMD: RDCMD     C_f = 0x088   at time   64184779 ps
inst0 ch0:  C_CMD: RDCMD     C_r = 0x015   at time   64187677 ps
inst0 ch0:  C_CMD: RDCMD     C_f = 0x08a   at time   64188091 ps
inst0 ch0:  C_CMD: RDCMD     C_r = 0x015   at time   64190989 ps
inst0 ch0:  C_CMD: RDCMD     C_f = 0x080   at time   64191403 ps
inst0 ch0:  C_CMD: RDCMD     C_r = 0x01d   at time   64194301 ps
inst0 ch0:  C_CMD: RDCMD     C_f = 0x082   at time   64194715 ps
inst0 ch0:  R_CMD: ACTCMD    R_r0= 0x0a    at time   64335889 ps
inst0 ch0:  R_CMD: ACTCMD    R_f0= 0x00    at time   64336303 ps
inst0 ch0:  R_CMD: ACTCMD    R_r1= 0x00    at time   64336717 ps
inst0 ch0:  R_CMD: ACTCMD    R_f1= 0x00    at time   64337131 ps
inst0 ch0:  C_CMD: RDCMD     C_r = 0x015   at time   64350793 ps
inst0 ch0:  C_CMD: RDCMD     C_f = 0x018   at time   64351207 ps
inst0 ch0:  C_CMD: RDCMD     C_r = 0x015   at time   64354105 ps
inst0 ch0:  C_CMD: RDCMD     C_f = 0x01a   at time   64354519 ps
inst0 ch0:  C_CMD: RDCMD     C_r = 0x015   at time   64357417 ps
inst0 ch0:  C_CMD: RDCMD     C_f = 0x010   at time   64357831 ps
inst0 ch0:  C_CMD: RDCMD     C_r = 0x015   at time   64360729 ps
inst0 ch0:  C_CMD: RDCMD     C_f = 0x012   at time   64361143 ps
inst0 ch0:  C_CMD: RDCMD     C_r = 0x015   at time   64364041 ps
inst0 ch0:  C_CMD: RDCMD     C_f = 0x008   at time   64364455 ps
inst0 ch0:  C_CMD: RDCMD     C_r = 0x015   at time   64367353 ps
inst0 ch0:  C_CMD: RDCMD     C_f = 0x00a   at time   64367767 ps
inst0 ch0:  C_CMD: RDCMD     C_r = 0x015   at time   64370665 ps
inst0 ch0:  C_CMD: RDCMD     C_f = 0x000   at time   64371079 ps
inst0 ch0:  C_CMD: RDCMD     C_r = 0x01d   at time   64373977 ps
inst0 ch0:  C_CMD: RDCMD     C_f = 0x002   at time   64374391 ps
inst0 ch0:  R_CMD: ACTCMD    R_r0= 0x0a    at time   64481617 ps
inst0 ch0:  R_CMD: ACTCMD    R_f0= 0x08    at time   64482031 ps
inst0 ch0:  R_CMD: ACTCMD    R_r1= 0x00    at time   64482445 ps
inst0 ch0:  R_CMD: ACTCMD    R_f1= 0x00    at time   64482859 ps
inst0 ch0:  C_CMD: RDCMD     C_r = 0x015   at time   64496521 ps
inst0 ch0:  C_CMD: RDCMD     C_f = 0x0b8   at time   64496935 ps
inst0 ch0:  C_CMD: RDCMD     C_r = 0x015   at time   64499833 ps
inst0 ch0:  C_CMD: RDCMD     C_f = 0x0ba   at time   64500247 ps
inst0 ch0:  C_CMD: RDCMD     C_r = 0x015   at time   64503145 ps
inst0 ch0:  C_CMD: RDCMD     C_f = 0x0b0   at time   64503559 ps
inst0 ch0:  C_CMD: RDCMD     C_r = 0x015   at time   64506457 ps
inst0 ch0:  C_CMD: RDCMD     C_f = 0x0b2   at time   64506871 ps
inst0 ch0:  C_CMD: RDCMD     C_r = 0x015   at time   64509769 ps
inst0 ch0:  C_CMD: RDCMD     C_f = 0x0a8   at time   64510183 ps
inst0 ch0:  C_CMD: RDCMD     C_r = 0x015   at time   64513081 ps
inst0 ch0:  C_CMD: RDCMD     C_f = 0x0aa   at time   64513495 ps
inst0 ch0:  C_CMD: RDCMD     C_r = 0x015   at time   64516393 ps
inst0 ch0:  C_CMD: RDCMD     C_f = 0x0a0   at time   64516807 ps
inst0 ch0:  R_CMD: ACTCMD    R_r0= 0x0a    at time   64518049 ps
inst0 ch0:  R_CMD: ACTCMD    R_f0= 0x00    at time   64518463 ps
inst0 ch0:  R_CMD: ACTCMD    R_r1= 0x00    at time   64518877 ps
inst0 ch0:  R_CMD: ACTCMD    R_f1= 0x00    at time   64519291 ps
inst0 ch0:  C_CMD: RDCMD     C_r = 0x01d   at time   64519705 ps
inst0 ch0:  C_CMD: RDCMD     C_f = 0x0a2   at time   64520119 ps
inst0 ch0:  C_CMD: RDCMD     C_r = 0x015   at time   64532953 ps
inst0 ch0:  C_CMD: RDCMD     C_f = 0x038   at time   64533367 ps
inst0 ch0:  C_CMD: RDCMD     C_r = 0x015   at time   64536265 ps
inst0 ch0:  C_CMD: RDCMD     C_f = 0x03a   at time   64536679 ps
inst0 ch0:  C_CMD: RDCMD     C_r = 0x015   at time   64539577 ps
inst0 ch0:  C_CMD: RDCMD     C_f = 0x030   at time   64539991 ps
inst0 ch0:  C_CMD: RDCMD     C_r = 0x015   at time   64542889 ps
inst0 ch0:  C_CMD: RDCMD     C_f = 0x032   at time   64543303 ps
inst0 ch0:  C_CMD: RDCMD     C_r = 0x015   at time   64546201 ps
inst0 ch0:  C_CMD: RDCMD     C_f = 0x028   at time   64546615 ps
inst0 ch0:  C_CMD: RDCMD     C_r = 0x015   at time   64549513 ps
inst0 ch0:  C_CMD: RDCMD     C_f = 0x02a   at time   64549927 ps
inst0 ch0:  R_CMD: ACTCMD    R_r0= 0x0a    at time   64551997 ps
inst0 ch0:  R_CMD: ACTCMD    R_f0= 0x08    at time   64552411 ps
inst0 ch0:  R_CMD: ACTCMD    R_r1= 0x00    at time   64552825 ps
inst0 ch0:  C_CMD: RDCMD     C_r = 0x015   at time   64552825 ps
inst0 ch0:  R_CMD: ACTCMD    R_f1= 0x00    at time   64553239 ps
inst0 ch0:  C_CMD: RDCMD     C_f = 0x020   at time   64553239 ps
inst0 ch0:  C_CMD: RDCMD     C_r = 0x01d   at time   64556137 ps
inst0 ch0:  C_CMD: RDCMD     C_f = 0x022   at time   64556551 ps
inst0 ch0:  C_CMD: WRCMD     C_r = 0x011   at time   64562761 ps
inst0 ch0:  C_CMD: WRCMD     C_f = 0x0b8   at time   64563175 ps
inst0 ch0:  C_CMD: WRCMD     C_r = 0x011   at time   64566073 ps
inst0 ch0:  C_CMD: WRCMD     C_f = 0x0ba   at time   64566487 ps
inst0 ch0:  C_CMD: WRCMD     C_r = 0x011   at time   64569385 ps
inst0 ch0:  C_CMD: WRCMD     C_f = 0x0a8   at time   64569799 ps
inst0 ch0:  C_CMD: WRCMD     C_r = 0x011   at time   64572697 ps
inst0 ch0:  C_CMD: WRCMD     C_f = 0x0aa   at time   64573111 ps
inst0 ch0:  C_CMD: WRCMD     C_r = 0x011   at time   64576009 ps
inst0 ch0:  C_CMD: WRCMD     C_f = 0x0b0   at time   64576423 ps
inst0 ch0:  C_CMD: WRCMD     C_r = 0x011   at time   64579321 ps
inst0 ch0:  C_CMD: WRCMD     C_f = 0x0b2   at time   64579735 ps
inst0 ch0:  C_CMD: WRCMD     C_r = 0x011   at time   64582633 ps
inst0 ch0:  C_CMD: WRCMD     C_f = 0x0a0   at time   64583047 ps
inst0 ch0:  C_CMD: WRCMD     C_r = 0x019   at time   64585945 ps
inst0 ch0:  C_CMD: WRCMD     C_f = 0x0a2   at time   64586359 ps
inst0 ch0:  R_CMD: ACTCMD    R_r0= 0x0a    at time   64601677 ps
inst0 ch0:  R_CMD: ACTCMD    R_f0= 0x00    at time   64602091 ps
inst0 ch0:  R_CMD: ACTCMD    R_r1= 0x00    at time   64602505 ps
inst0 ch0:  R_CMD: ACTCMD    R_f1= 0x00    at time   64602919 ps
inst0 ch0:  C_CMD: WRCMD     C_r = 0x011   at time   64612441 ps
inst0 ch0:  C_CMD: WRCMD     C_f = 0x028   at time   64612855 ps
inst0 ch0:  C_CMD: WRCMD     C_r = 0x011   at time   64615753 ps
inst0 ch0:  C_CMD: WRCMD     C_f = 0x02a   at time   64616167 ps
inst0 ch0:  C_CMD: WRCMD     C_r = 0x011   at time   64619065 ps
inst0 ch0:  C_CMD: WRCMD     C_f = 0x038   at time   64619479 ps
inst0 ch0:  C_CMD: WRCMD     C_r = 0x011   at time   64622377 ps
inst0 ch0:  C_CMD: WRCMD     C_f = 0x03a   at time   64622791 ps
inst0 ch0:  C_CMD: WRCMD     C_r = 0x011   at time   64625689 ps
inst0 ch0:  C_CMD: WRCMD     C_f = 0x020   at time   64626103 ps
inst0 ch0:  C_CMD: WRCMD     C_r = 0x011   at time   64629001 ps
inst0 ch0:  C_CMD: WRCMD     C_f = 0x022   at time   64629415 ps
inst0 ch0:  C_CMD: WRCMD     C_r = 0x011   at time   64632313 ps
inst0 ch0:  C_CMD: WRCMD     C_f = 0x030   at time   64632727 ps
inst0 ch0:  C_CMD: WRCMD     C_r = 0x019   at time   64635625 ps
inst0 ch0:  C_CMD: WRCMD     C_f = 0x032   at time   64636039 ps
inst0 ch0:  R_CMD: ACTCMD    R_r0= 0x02    at time   65294713 ps
inst0 ch0:  R_CMD: ACTCMD    R_f0= 0x13    at time   65295127 ps
inst0 ch0:  R_CMD: ACTCMD    R_r1= 0x3f    at time   65295541 ps
inst0 ch0:  R_CMD: ACTCMD    R_f1= 0x3b    at time   65295955 ps
inst0 ch0:  C_CMD: RDCMD     C_r = 0x005   at time   65309617 ps
inst0 ch0:  C_CMD: RDCMD     C_f = 0x000   at time   65310031 ps
inst0 ch0:  C_CMD: RDCMD     C_r = 0x00d   at time   65312929 ps
inst0 ch0:  C_CMD: RDCMD     C_f = 0x002   at time   65313343 ps
inst0 ch0:  R_CMD: ACTCMD    R_r0= 0x02    at time   65365093 ps
inst0 ch0:  R_CMD: ACTCMD    R_f0= 0x13    at time   65365507 ps
inst0 ch0:  R_CMD: ACTCMD    R_r1= 0x3f    at time   65365921 ps
inst0 ch0:  R_CMD: ACTCMD    R_f1= 0x3b    at time   65366335 ps
inst0 ch0:  C_CMD: WRCMD     C_r = 0x001   at time   65375857 ps
inst0 ch0:  C_CMD: WRCMD     C_f = 0x000   at time   65376271 ps
inst0 ch0:  C_CMD: WRCMD     C_r = 0x009   at time   65379169 ps
inst0 ch0:  C_CMD: WRCMD     C_f = 0x002   at time   65379583 ps
inst0 ch0:  R_CMD: ACTCMD    R_r0= 0x02    at time   65583685 ps
inst0 ch0:  R_CMD: ACTCMD    R_f0= 0x1b    at time   65584099 ps
inst0 ch0:  R_CMD: ACTCMD    R_r1= 0x3f    at time   65584513 ps
inst0 ch0:  R_CMD: ACTCMD    R_f1= 0x3b    at time   65584927 ps
inst0 ch0:  C_CMD: RDCMD     C_r = 0x005   at time   65598589 ps
inst0 ch0:  C_CMD: RDCMD     C_f = 0x080   at time   65599003 ps
inst0 ch0:  R_CMD: ACTCMD    R_r0= 0x02    at time   65600245 ps
inst0 ch0:  R_CMD: ACTCMD    R_f0= 0x13    at time   65600659 ps
inst0 ch0:  R_CMD: ACTCMD    R_r1= 0x3f    at time   65601073 ps
inst0 ch0:  R_CMD: ACTCMD    R_f1= 0x3b    at time   65601487 ps
inst0 ch0:  C_CMD: RDCMD     C_r = 0x00d   at time   65601901 ps
inst0 ch0:  C_CMD: RDCMD     C_f = 0x082   at time   65602315 ps
inst0 ch0:  C_CMD: RDCMD     C_r = 0x005   at time   65615149 ps
inst0 ch0:  C_CMD: RDCMD     C_f = 0x000   at time   65615563 ps
inst0 ch0:  C_CMD: RDCMD     C_r = 0x00d   at time   65618461 ps
inst0 ch0:  C_CMD: RDCMD     C_f = 0x002   at time   65618875 ps
inst0 ch0:  R_CMD: ACTCMD    R_r0= 0x02    at time   65654065 ps
inst0 ch0:  R_CMD: ACTCMD    R_f0= 0x1b    at time   65654479 ps
inst0 ch0:  R_CMD: ACTCMD    R_r1= 0x3f    at time   65654893 ps
inst0 ch0:  R_CMD: ACTCMD    R_f1= 0x3b    at time   65655307 ps
inst0 ch0:  C_CMD: WRCMD     C_r = 0x001   at time   65664829 ps
inst0 ch0:  C_CMD: WRCMD     C_f = 0x080   at time   65665243 ps
inst0 ch0:  C_CMD: WRCMD     C_r = 0x009   at time   65668141 ps
inst0 ch0:  C_CMD: WRCMD     C_f = 0x082   at time   65668555 ps
inst0 ch0:  R_CMD: ACTCMD    R_r0= 0x02    at time   65670625 ps
inst0 ch0:  R_CMD: ACTCMD    R_f0= 0x13    at time   65671039 ps
inst0 ch0:  R_CMD: ACTCMD    R_r1= 0x3f    at time   65671453 ps
inst0 ch0:  R_CMD: ACTCMD    R_f1= 0x3b    at time   65671867 ps
inst0 ch0:  C_CMD: WRCMD     C_r = 0x001   at time   65681389 ps
inst0 ch0:  C_CMD: WRCMD     C_f = 0x000   at time   65681803 ps
inst0 ch0:  C_CMD: WRCMD     C_r = 0x009   at time   65684701 ps
inst0 ch0:  C_CMD: WRCMD     C_f = 0x002   at time   65685115 ps
inst0 ch0:  R_CMD: ACTCMD    R_r0= 0x0a    at time   65862721 ps
inst0 ch0:  R_CMD: ACTCMD    R_f0= 0x11    at time   65863135 ps
inst0 ch0:  R_CMD: ACTCMD    R_r1= 0x3f    at time   65863549 ps
inst0 ch0:  R_CMD: ACTCMD    R_f1= 0x3b    at time   65863963 ps
inst0 ch0:  R_CMD: ACTCMD    R_r0= 0x02    at time   65866861 ps
inst0 ch0:  R_CMD: ACTCMD    R_f0= 0x11    at time   65867275 ps
inst0 ch0:  R_CMD: ACTCMD    R_r1= 0x3f    at time   65867689 ps
inst0 ch0:  R_CMD: ACTCMD    R_f1= 0x3b    at time   65868103 ps
inst0 ch0:  C_CMD: RDCMD     C_r = 0x015   at time   65877625 ps
inst0 ch0:  C_CMD: RDCMD     C_f = 0x078   at time   65878039 ps
inst0 ch0:  C_CMD: RDCMD     C_r = 0x01d   at time   65880937 ps
inst0 ch0:  C_CMD: RDCMD     C_f = 0x07a   at time   65881351 ps
inst0 ch0:  C_CMD: RDCMD     C_r = 0x005   at time   65884249 ps
inst0 ch0:  C_CMD: RDCMD     C_f = 0x078   at time   65884663 ps
inst0 ch0:  C_CMD: RDCMD     C_r = 0x00d   at time   65887561 ps
inst0 ch0:  C_CMD: RDCMD     C_f = 0x07a   at time   65887975 ps
inst0 ch0:  R_CMD: ACTCMD    R_r0= 0x02    at time   65925649 ps
inst0 ch0:  R_CMD: ACTCMD    R_f0= 0x1b    at time   65926063 ps
inst0 ch0:  R_CMD: ACTCMD    R_r1= 0x3f    at time   65926477 ps
inst0 ch0:  R_CMD: ACTCMD    R_f1= 0x3b    at time   65926891 ps
inst0 ch0:  C_CMD: RDCMD     C_r = 0x005   at time   65940553 ps
inst0 ch0:  C_CMD: RDCMD     C_f = 0x080   at time   65940967 ps
inst0 ch0:  C_CMD: RDCMD     C_r = 0x00d   at time   65943865 ps
inst0 ch0:  C_CMD: RDCMD     C_f = 0x082   at time   65944279 ps
inst0 ch0:  R_CMD: ACTCMD    R_r0= 0x02    at time   66118573 ps
inst0 ch0:  R_CMD: ACTCMD    R_f0= 0x11    at time   66118987 ps
inst0 ch0:  R_CMD: ACTCMD    R_r1= 0x3f    at time   66119401 ps
inst0 ch0:  R_CMD: ACTCMD    R_f1= 0x3b    at time   66119815 ps
inst0 ch0:  R_CMD: ACTCMD    R_r0= 0x0a    at time   66128509 ps
inst0 ch0:  R_CMD: ACTCMD    R_f0= 0x11    at time   66128923 ps
inst0 ch0:  R_CMD: ACTCMD    R_r1= 0x3f    at time   66129337 ps
inst0 ch0:  C_CMD: WRCMD     C_r = 0x001   at time   66129337 ps
inst0 ch0:  R_CMD: ACTCMD    R_f1= 0x3b    at time   66129751 ps
inst0 ch0:  C_CMD: WRCMD     C_f = 0x078   at time   66129751 ps
inst0 ch0:  C_CMD: WRCMD     C_r = 0x009   at time   66132649 ps
inst0 ch0:  C_CMD: WRCMD     C_f = 0x07a   at time   66133063 ps
inst0 ch0:  C_CMD: WRCMD     C_r = 0x011   at time   66139273 ps
inst0 ch0:  C_CMD: WRCMD     C_f = 0x078   at time   66139687 ps
inst0 ch0:  C_CMD: WRCMD     C_r = 0x019   at time   66142585 ps
inst0 ch0:  C_CMD: WRCMD     C_f = 0x07a   at time   66142999 ps
inst0 ch0:  R_CMD: ACTCMD    R_r0= 0x02    at time   66167425 ps
inst0 ch0:  R_CMD: ACTCMD    R_f0= 0x1b    at time   66167839 ps
inst0 ch0:  R_CMD: ACTCMD    R_r1= 0x3f    at time   66168253 ps
inst0 ch0:  R_CMD: ACTCMD    R_f1= 0x3b    at time   66168667 ps
inst0 ch0:  C_CMD: WRCMD     C_r = 0x001   at time   66178189 ps
inst0 ch0:  C_CMD: WRCMD     C_f = 0x080   at time   66178603 ps
inst0 ch0:  C_CMD: WRCMD     C_r = 0x009   at time   66181501 ps
inst0 ch0:  C_CMD: WRCMD     C_f = 0x082   at time   66181915 ps
inst0 ch0:  R_CMD: ACTCMD    R_r0= 0x0a    at time   66232009 ps
inst0 ch0:  R_CMD: ACTCMD    R_f0= 0x02    at time   66232423 ps
inst0 ch0:  R_CMD: ACTCMD    R_r1= 0x00    at time   66232837 ps
inst0 ch0:  R_CMD: ACTCMD    R_f1= 0x00    at time   66233251 ps
inst0 ch0:  R_CMD: ACTCMD    R_r0= 0x02    at time   66236149 ps
inst0 ch0:  R_CMD: ACTCMD    R_f0= 0x02    at time   66236563 ps
inst0 ch0:  R_CMD: ACTCMD    R_r1= 0x00    at time   66236977 ps
inst0 ch0:  R_CMD: ACTCMD    R_f1= 0x00    at time   66237391 ps
inst0 ch0:  C_CMD: RDCMD     C_r = 0x015   at time   66246913 ps
inst0 ch0:  C_CMD: RDCMD     C_f = 0x000   at time   66247327 ps
inst0 ch0:  C_CMD: RDCMD     C_r = 0x01d   at time   66250225 ps
inst0 ch0:  C_CMD: RDCMD     C_f = 0x002   at time   66250639 ps
inst0 ch0:  C_CMD: RDCMD     C_r = 0x005   at time   66253537 ps
inst0 ch0:  C_CMD: RDCMD     C_f = 0x000   at time   66253951 ps
inst0 ch0:  C_CMD: RDCMD     C_r = 0x00d   at time   66256849 ps
inst0 ch0:  C_CMD: RDCMD     C_f = 0x002   at time   66257263 ps
inst0 ch0:  R_CMD: ACTCMD    R_r0= 0x0a    at time   66433213 ps
inst0 ch0:  R_CMD: ACTCMD    R_f0= 0x19    at time   66433627 ps
inst0 ch0:  R_CMD: ACTCMD    R_r1= 0x3f    at time   66434041 ps
inst0 ch0:  R_CMD: ACTCMD    R_f1= 0x3b    at time   66434455 ps
inst0 ch0:  R_CMD: ACTCMD    R_r0= 0x02    at time   66437353 ps
inst0 ch0:  R_CMD: ACTCMD    R_f0= 0x19    at time   66437767 ps
inst0 ch0:  R_CMD: ACTCMD    R_r1= 0x3f    at time   66438181 ps
inst0 ch0:  R_CMD: ACTCMD    R_f1= 0x3b    at time   66438595 ps
inst0 ch0:  C_CMD: RDCMD     C_r = 0x015   at time   66448117 ps
inst0 ch0:  C_CMD: RDCMD     C_f = 0x0f8   at time   66448531 ps
inst0 ch0:  C_CMD: RDCMD     C_r = 0x01d   at time   66451429 ps
inst0 ch0:  C_CMD: RDCMD     C_f = 0x0fa   at time   66451843 ps
inst0 ch0:  C_CMD: RDCMD     C_r = 0x005   at time   66454741 ps
inst0 ch0:  C_CMD: RDCMD     C_f = 0x0f8   at time   66455155 ps
inst0 ch0:  C_CMD: RDCMD     C_r = 0x00d   at time   66458053 ps
inst0 ch0:  C_CMD: RDCMD     C_f = 0x0fa   at time   66458467 ps
inst0 ch0:  R_CMD: ACTCMD    R_r0= 0x0a    at time   66506077 ps
inst0 ch0:  R_CMD: ACTCMD    R_f0= 0x19    at time   66506491 ps
inst0 ch0:  R_CMD: ACTCMD    R_r1= 0x3f    at time   66506905 ps
inst0 ch0:  R_CMD: ACTCMD    R_f1= 0x3b    at time   66507319 ps
inst0 ch0:  R_CMD: ACTCMD    R_r0= 0x02    at time   66510217 ps
inst0 ch0:  R_CMD: ACTCMD    R_f0= 0x19    at time   66510631 ps
inst0 ch0:  R_CMD: ACTCMD    R_r1= 0x3f    at time   66511045 ps
inst0 ch0:  R_CMD: ACTCMD    R_f1= 0x3b    at time   66511459 ps
inst0 ch0:  C_CMD: WRCMD     C_r = 0x011   at time   66516841 ps
inst0 ch0:  C_CMD: WRCMD     C_f = 0x0f8   at time   66517255 ps
inst0 ch0:  C_CMD: WRCMD     C_r = 0x019   at time   66520153 ps
inst0 ch0:  C_CMD: WRCMD     C_f = 0x0fa   at time   66520567 ps
inst0 ch0:  C_CMD: WRCMD     C_r = 0x001   at time   66523465 ps
inst0 ch0:  C_CMD: WRCMD     C_f = 0x0f8   at time   66523879 ps
inst0 ch0:  C_CMD: WRCMD     C_r = 0x009   at time   66526777 ps
inst0 ch0:  C_CMD: WRCMD     C_f = 0x0fa   at time   66527191 ps
inst0 ch0:  R_CMD: ACTCMD    R_r0= 0x0a    at time   66601297 ps
inst0 ch0:  R_CMD: ACTCMD    R_f0= 0x0a    at time   66601711 ps
inst0 ch0:  R_CMD: ACTCMD    R_r1= 0x00    at time   66602125 ps
inst0 ch0:  R_CMD: ACTCMD    R_f1= 0x00    at time   66602539 ps
inst0 ch0:  R_CMD: ACTCMD    R_r0= 0x02    at time   66605437 ps
inst0 ch0:  R_CMD: ACTCMD    R_f0= 0x0a    at time   66605851 ps
inst0 ch0:  R_CMD: ACTCMD    R_r1= 0x00    at time   66606265 ps
inst0 ch0:  R_CMD: ACTCMD    R_f1= 0x00    at time   66606679 ps
inst0 ch0:  C_CMD: RDCMD     C_r = 0x015   at time   66616201 ps
inst0 ch0:  C_CMD: RDCMD     C_f = 0x080   at time   66616615 ps
inst0 ch0:  C_CMD: RDCMD     C_r = 0x01d   at time   66619513 ps
inst0 ch0:  C_CMD: RDCMD     C_f = 0x082   at time   66619927 ps
inst0 ch0:  C_CMD: RDCMD     C_r = 0x005   at time   66622825 ps
inst0 ch0:  C_CMD: RDCMD     C_f = 0x080   at time   66623239 ps
inst0 ch0:  C_CMD: RDCMD     C_r = 0x00d   at time   66626137 ps
inst0 ch0:  C_CMD: RDCMD     C_f = 0x082   at time   66626551 ps
