inst0 ch0:  R_CMD: ACTCMD    R_r0= 0x0e    at time   33400981 ps
inst0 ch0:  R_CMD: ACTCMD    R_f0= 0x28    at time   33401395 ps
inst0 ch0:  R_CMD: ACTCMD    R_r1= 0x00    at time   33401809 ps
inst0 ch0:  R_CMD: ACTCMD    R_f1= 0x02    at time   33402223 ps
inst0 ch0:  R_CMD: ACTCMD    R_r0= 0x0e    at time   33402637 ps
inst0 ch0:  R_CMD: ACTCMD    R_f0= 0x20    at time   33403051 ps
inst0 ch0:  R_CMD: ACTCMD    R_r1= 0x00    at time   33403465 ps
inst0 ch0:  R_CMD: ACTCMD    R_f1= 0x02    at time   33403879 ps
inst0 ch0:  C_CMD: RDCMD     C_r = 0x095   at time   33415885 ps
inst0 ch0:  C_CMD: RDCMD     C_f = 0x0a9   at time   33416299 ps
inst0 ch0:  C_CMD: RDCMD     C_r = 0x095   at time   33417541 ps
inst0 ch0:  C_CMD: RDCMD     C_f = 0x029   at time   33417955 ps
inst0 ch0:  C_CMD: RDCMD     C_r = 0x095   at time   33419197 ps
inst0 ch0:  C_CMD: RDCMD     C_f = 0x0ab   at time   33419611 ps
inst0 ch0:  C_CMD: RDCMD     C_r = 0x095   at time   33420853 ps
inst0 ch0:  C_CMD: RDCMD     C_f = 0x02b   at time   33421267 ps
inst0 ch0:  C_CMD: RDCMD     C_r = 0x095   at time   33422509 ps
inst0 ch0:  C_CMD: RDCMD     C_f = 0x0a1   at time   33422923 ps
inst0 ch0:  C_CMD: RDCMD     C_r = 0x095   at time   33424165 ps
inst0 ch0:  C_CMD: RDCMD     C_f = 0x021   at time   33424579 ps
inst0 ch0:  C_CMD: RDCMD     C_r = 0x09d   at time   33425821 ps
inst0 ch0:  C_CMD: RDCMD     C_f = 0x0a3   at time   33426235 ps
inst0 ch0:  C_CMD: RDCMD     C_r = 0x09d   at time   33427477 ps
inst0 ch0:  C_CMD: RDCMD     C_f = 0x023   at time   33427891 ps
inst0 ch0:  R_CMD: ACTCMD    R_r0= 0x0e    at time   33638617 ps
inst0 ch0:  R_CMD: ACTCMD    R_f0= 0x28    at time   33639031 ps
inst0 ch0:  R_CMD: ACTCMD    R_r1= 0x00    at time   33639445 ps
inst0 ch0:  R_CMD: ACTCMD    R_f1= 0x02    at time   33639859 ps
inst0 ch0:  R_CMD: ACTCMD    R_r0= 0x0e    at time   33640273 ps
inst0 ch0:  R_CMD: ACTCMD    R_f0= 0x20    at time   33640687 ps
inst0 ch0:  R_CMD: ACTCMD    R_r1= 0x00    at time   33641101 ps
inst0 ch0:  R_CMD: ACTCMD    R_f1= 0x02    at time   33641515 ps
inst0 ch0:  C_CMD: WRCMD     C_r = 0x091   at time   33649381 ps
inst0 ch0:  C_CMD: WRCMD     C_f = 0x0a9   at time   33649795 ps
inst0 ch0:  C_CMD: WRCMD     C_r = 0x091   at time   33651037 ps
inst0 ch0:  C_CMD: WRCMD     C_f = 0x029   at time   33651451 ps
inst0 ch0:  C_CMD: WRCMD     C_r = 0x091   at time   33652693 ps
inst0 ch0:  C_CMD: WRCMD     C_f = 0x0ab   at time   33653107 ps
inst0 ch0:  C_CMD: WRCMD     C_r = 0x091   at time   33654349 ps
inst0 ch0:  C_CMD: WRCMD     C_f = 0x02b   at time   33654763 ps
inst0 ch0:  C_CMD: WRCMD     C_r = 0x091   at time   33656005 ps
inst0 ch0:  C_CMD: WRCMD     C_f = 0x0a1   at time   33656419 ps
inst0 ch0:  C_CMD: WRCMD     C_r = 0x091   at time   33657661 ps
inst0 ch0:  C_CMD: WRCMD     C_f = 0x021   at time   33658075 ps
inst0 ch0:  C_CMD: WRCMD     C_r = 0x099   at time   33659317 ps
inst0 ch0:  C_CMD: WRCMD     C_f = 0x0a3   at time   33659731 ps
inst0 ch0:  C_CMD: WRCMD     C_r = 0x099   at time   33660973 ps
inst0 ch0:  C_CMD: WRCMD     C_f = 0x023   at time   33661387 ps
inst0 ch0:  R_CMD: ACTCMD    R_r0= 0x26    at time   37558369 ps
inst0 ch0:  R_CMD: ACTCMD    R_f0= 0x28    at time   37558783 ps
inst0 ch0:  R_CMD: ACTCMD    R_r1= 0x00    at time   37559197 ps
inst0 ch0:  R_CMD: ACTCMD    R_f1= 0x02    at time   37559611 ps
inst0 ch0:  R_CMD: ACTCMD    R_r0= 0x26    at time   37560853 ps
inst0 ch0:  R_CMD: ACTCMD    R_f0= 0x20    at time   37561267 ps
inst0 ch0:  R_CMD: ACTCMD    R_r1= 0x00    at time   37561681 ps
inst0 ch0:  R_CMD: ACTCMD    R_f1= 0x02    at time   37562095 ps
inst0 ch0:  C_CMD: RDCMD     C_r = 0x0c5   at time   37573273 ps
inst0 ch0:  C_CMD: RDCMD     C_f = 0x0a9   at time   37573687 ps
inst0 ch0:  C_CMD: RDCMD     C_r = 0x0c5   at time   37575757 ps
inst0 ch0:  C_CMD: RDCMD     C_f = 0x029   at time   37576171 ps
inst0 ch0:  C_CMD: RDCMD     C_r = 0x0c5   at time   37576585 ps
inst0 ch0:  C_CMD: RDCMD     C_f = 0x0ab   at time   37576999 ps
inst0 ch0:  C_CMD: RDCMD     C_r = 0x0c5   at time   37579069 ps
inst0 ch0:  C_CMD: RDCMD     C_f = 0x02b   at time   37579483 ps
inst0 ch0:  C_CMD: RDCMD     C_r = 0x0c5   at time   37579897 ps
inst0 ch0:  C_CMD: RDCMD     C_f = 0x0a1   at time   37580311 ps
inst0 ch0:  C_CMD: RDCMD     C_r = 0x0c5   at time   37582381 ps
inst0 ch0:  C_CMD: RDCMD     C_f = 0x021   at time   37582795 ps
inst0 ch0:  C_CMD: RDCMD     C_r = 0x0cd   at time   37583209 ps
inst0 ch0:  C_CMD: RDCMD     C_f = 0x0a3   at time   37583623 ps
inst0 ch0:  C_CMD: RDCMD     C_r = 0x0cd   at time   37585693 ps
inst0 ch0:  C_CMD: RDCMD     C_f = 0x023   at time   37586107 ps
inst0 ch0:  R_CMD: ACTCMD    R_r0= 0x26    at time   37694161 ps
inst0 ch0:  R_CMD: ACTCMD    R_f0= 0x28    at time   37694575 ps
inst0 ch0:  R_CMD: ACTCMD    R_r1= 0x00    at time   37694989 ps
inst0 ch0:  R_CMD: ACTCMD    R_f1= 0x02    at time   37695403 ps
inst0 ch0:  R_CMD: ACTCMD    R_r0= 0x26    at time   37696645 ps
inst0 ch0:  R_CMD: ACTCMD    R_f0= 0x20    at time   37697059 ps
inst0 ch0:  R_CMD: ACTCMD    R_r1= 0x00    at time   37697473 ps
inst0 ch0:  R_CMD: ACTCMD    R_f1= 0x02    at time   37697887 ps
inst0 ch0:  C_CMD: WRCMD     C_r = 0x0c1   at time   37704925 ps
inst0 ch0:  C_CMD: WRCMD     C_f = 0x0a9   at time   37705339 ps
inst0 ch0:  C_CMD: WRCMD     C_r = 0x0c1   at time   37707409 ps
inst0 ch0:  C_CMD: WRCMD     C_f = 0x029   at time   37707823 ps
inst0 ch0:  C_CMD: WRCMD     C_r = 0x0c1   at time   37708237 ps
inst0 ch0:  C_CMD: WRCMD     C_f = 0x0ab   at time   37708651 ps
inst0 ch0:  C_CMD: WRCMD     C_r = 0x0c1   at time   37710721 ps
inst0 ch0:  C_CMD: WRCMD     C_f = 0x02b   at time   37711135 ps
inst0 ch0:  C_CMD: WRCMD     C_r = 0x0c1   at time   37711549 ps
inst0 ch0:  C_CMD: WRCMD     C_f = 0x0a1   at time   37711963 ps
inst0 ch0:  C_CMD: WRCMD     C_r = 0x0c1   at time   37714033 ps
inst0 ch0:  C_CMD: WRCMD     C_f = 0x021   at time   37714447 ps
inst0 ch0:  C_CMD: WRCMD     C_r = 0x0c9   at time   37714861 ps
inst0 ch0:  C_CMD: WRCMD     C_f = 0x0a3   at time   37715275 ps
inst0 ch0:  C_CMD: WRCMD     C_r = 0x0c9   at time   37717345 ps
inst0 ch0:  C_CMD: WRCMD     C_f = 0x023   at time   37717759 ps
inst0 ch0:  R_CMD: ACTCMD    R_r0= 0x22    at time   54538993 ps
inst0 ch0:  R_CMD: ACTCMD    R_f0= 0x2a    at time   54539407 ps
inst0 ch0:  R_CMD: ACTCMD    R_r1= 0x00    at time   54539821 ps
inst0 ch0:  R_CMD: ACTCMD    R_f1= 0x00    at time   54540235 ps
inst0 ch0:  R_CMD: ACTCMD    R_r0= 0x22    at time   54542305 ps
inst0 ch0:  R_CMD: ACTCMD    R_f0= 0x22    at time   54542719 ps
inst0 ch0:  R_CMD: ACTCMD    R_r1= 0x00    at time   54543133 ps
inst0 ch0:  R_CMD: ACTCMD    R_f1= 0x00    at time   54543547 ps
inst0 ch0:  R_CMD: ACTCMD    R_r0= 0x02    at time   54543961 ps
inst0 ch0:  R_CMD: ACTCMD    R_f0= 0x2a    at time   54544375 ps
inst0 ch0:  R_CMD: ACTCMD    R_r1= 0x00    at time   54544789 ps
inst0 ch0:  R_CMD: ACTCMD    R_f1= 0x00    at time   54545203 ps
inst0 ch0:  R_CMD: ACTCMD    R_r0= 0x02    at time   54546445 ps
inst0 ch0:  R_CMD: ACTCMD    R_f0= 0x22    at time   54546859 ps
inst0 ch0:  R_CMD: ACTCMD    R_r1= 0x00    at time   54547273 ps
inst0 ch0:  R_CMD: ACTCMD    R_f1= 0x00    at time   54547687 ps
inst0 ch0:  R_CMD: ACTCMD    R_r0= 0x22    at time   54548101 ps
inst0 ch0:  R_CMD: ACTCMD    R_f0= 0x0a    at time   54548515 ps
inst0 ch0:  R_CMD: ACTCMD    R_r1= 0x00    at time   54548929 ps
inst0 ch0:  R_CMD: ACTCMD    R_f1= 0x00    at time   54549343 ps
inst0 ch0:  R_CMD: ACTCMD    R_r0= 0x22    at time   54550585 ps
inst0 ch0:  R_CMD: ACTCMD    R_f0= 0x02    at time   54550999 ps
inst0 ch0:  R_CMD: ACTCMD    R_r1= 0x00    at time   54551413 ps
inst0 ch0:  R_CMD: ACTCMD    R_f1= 0x00    at time   54551827 ps
inst0 ch0:  R_CMD: ACTCMD    R_r0= 0x02    at time   54552241 ps
inst0 ch0:  R_CMD: ACTCMD    R_f0= 0x0a    at time   54552655 ps
inst0 ch0:  R_CMD: ACTCMD    R_r1= 0x00    at time   54553069 ps
inst0 ch0:  R_CMD: ACTCMD    R_f1= 0x00    at time   54553483 ps
inst0 ch0:  C_CMD: RDCMD     C_r = 0x0c5   at time   54553897 ps
inst0 ch0:  C_CMD: RDCMD     C_f = 0x080   at time   54554311 ps
inst0 ch0:  R_CMD: ACTCMD    R_r0= 0x02    at time   54554725 ps
inst0 ch0:  R_CMD: ACTCMD    R_f0= 0x02    at time   54555139 ps
inst0 ch0:  R_CMD: ACTCMD    R_r1= 0x00    at time   54555553 ps
inst0 ch0:  R_CMD: ACTCMD    R_f1= 0x00    at time   54555967 ps
inst0 ch0:  C_CMD: RDCMD     C_r = 0x0cd   at time   54557209 ps
inst0 ch0:  C_CMD: RDCMD     C_f = 0x082   at time   54557623 ps
inst0 ch0:  C_CMD: RDCMD     C_r = 0x0c5   at time   54558037 ps
inst0 ch0:  C_CMD: RDCMD     C_f = 0x000   at time   54558451 ps
inst0 ch0:  C_CMD: RDCMD     C_r = 0x085   at time   54558865 ps
inst0 ch0:  C_CMD: RDCMD     C_f = 0x080   at time   54559279 ps
inst0 ch0:  C_CMD: RDCMD     C_r = 0x0cd   at time   54561349 ps
inst0 ch0:  C_CMD: RDCMD     C_f = 0x002   at time   54561763 ps
inst0 ch0:  C_CMD: RDCMD     C_r = 0x08d   at time   54562177 ps
inst0 ch0:  C_CMD: RDCMD     C_f = 0x082   at time   54562591 ps
inst0 ch0:  C_CMD: RDCMD     C_r = 0x085   at time   54563005 ps
inst0 ch0:  C_CMD: RDCMD     C_f = 0x000   at time   54563419 ps
inst0 ch0:  C_CMD: RDCMD     C_r = 0x045   at time   54563833 ps
inst0 ch0:  C_CMD: RDCMD     C_f = 0x080   at time   54564247 ps
inst0 ch0:  C_CMD: RDCMD     C_r = 0x045   at time   54565489 ps
inst0 ch0:  C_CMD: RDCMD     C_f = 0x000   at time   54565903 ps
inst0 ch0:  C_CMD: RDCMD     C_r = 0x04d   at time   54567145 ps
inst0 ch0:  C_CMD: RDCMD     C_f = 0x082   at time   54567559 ps
inst0 ch0:  C_CMD: RDCMD     C_r = 0x08d   at time   54567973 ps
inst0 ch0:  C_CMD: RDCMD     C_f = 0x002   at time   54568387 ps
inst0 ch0:  C_CMD: RDCMD     C_r = 0x005   at time   54568801 ps
inst0 ch0:  C_CMD: RDCMD     C_f = 0x080   at time   54569215 ps
inst0 ch0:  C_CMD: RDCMD     C_r = 0x04d   at time   54569629 ps
inst0 ch0:  C_CMD: RDCMD     C_f = 0x002   at time   54570043 ps
inst0 ch0:  C_CMD: RDCMD     C_r = 0x005   at time   54571285 ps
inst0 ch0:  C_CMD: RDCMD     C_f = 0x000   at time   54571699 ps
inst0 ch0:  C_CMD: RDCMD     C_r = 0x00d   at time   54572113 ps
inst0 ch0:  C_CMD: RDCMD     C_f = 0x082   at time   54572527 ps
inst0 ch0:  C_CMD: RDCMD     C_r = 0x00d   at time   54574597 ps
inst0 ch0:  C_CMD: RDCMD     C_f = 0x002   at time   54575011 ps
inst0 ch0:  R_CMD: ACTCMD    R_r0= 0x2a    at time   55111141 ps
inst0 ch0:  R_CMD: ACTCMD    R_f0= 0x2a    at time   55111555 ps
inst0 ch0:  R_CMD: ACTCMD    R_r1= 0x00    at time   55111969 ps
inst0 ch0:  R_CMD: ACTCMD    R_f1= 0x00    at time   55112383 ps
inst0 ch0:  R_CMD: ACTCMD    R_r0= 0x0a    at time   55115281 ps
inst0 ch0:  R_CMD: ACTCMD    R_f0= 0x2a    at time   55115695 ps
inst0 ch0:  R_CMD: ACTCMD    R_r1= 0x00    at time   55116109 ps
inst0 ch0:  R_CMD: ACTCMD    R_f1= 0x00    at time   55116523 ps
inst0 ch0:  R_CMD: ACTCMD    R_r0= 0x2a    at time   55119421 ps
inst0 ch0:  R_CMD: ACTCMD    R_f0= 0x0a    at time   55119835 ps
inst0 ch0:  R_CMD: ACTCMD    R_r1= 0x00    at time   55120249 ps
inst0 ch0:  R_CMD: ACTCMD    R_f1= 0x00    at time   55120663 ps
inst0 ch0:  R_CMD: ACTCMD    R_r0= 0x0a    at time   55123561 ps
inst0 ch0:  R_CMD: ACTCMD    R_f0= 0x0a    at time   55123975 ps
inst0 ch0:  R_CMD: ACTCMD    R_r1= 0x00    at time   55124389 ps
inst0 ch0:  R_CMD: ACTCMD    R_f1= 0x00    at time   55124803 ps
inst0 ch0:  C_CMD: RDCMD     C_r = 0x0d5   at time   55126045 ps
inst0 ch0:  C_CMD: RDCMD     C_f = 0x080   at time   55126459 ps
inst0 ch0:  C_CMD: RDCMD     C_r = 0x0dd   at time   55129357 ps
inst0 ch0:  C_CMD: RDCMD     C_f = 0x082   at time   55129771 ps
inst0 ch0:  C_CMD: RDCMD     C_r = 0x095   at time   55131013 ps
inst0 ch0:  C_CMD: RDCMD     C_f = 0x080   at time   55131427 ps
inst0 ch0:  C_CMD: RDCMD     C_r = 0x09d   at time   55134325 ps
inst0 ch0:  C_CMD: RDCMD     C_f = 0x082   at time   55134739 ps
inst0 ch0:  C_CMD: RDCMD     C_r = 0x055   at time   55135981 ps
inst0 ch0:  C_CMD: RDCMD     C_f = 0x080   at time   55136395 ps
inst0 ch0:  C_CMD: RDCMD     C_r = 0x015   at time   55138465 ps
inst0 ch0:  C_CMD: RDCMD     C_f = 0x080   at time   55138879 ps
inst0 ch0:  C_CMD: RDCMD     C_r = 0x05d   at time   55140121 ps
inst0 ch0:  C_CMD: RDCMD     C_f = 0x082   at time   55140535 ps
inst0 ch0:  C_CMD: RDCMD     C_r = 0x01d   at time   55141777 ps
inst0 ch0:  C_CMD: RDCMD     C_f = 0x082   at time   55142191 ps
inst0 ch0:  R_CMD: ACTCMD    R_r0= 0x32    at time   55404253 ps
inst0 ch0:  R_CMD: ACTCMD    R_f0= 0x2a    at time   55404667 ps
inst0 ch0:  R_CMD: ACTCMD    R_r1= 0x00    at time   55405081 ps
inst0 ch0:  R_CMD: ACTCMD    R_f1= 0x00    at time   55405495 ps
inst0 ch0:  R_CMD: ACTCMD    R_r0= 0x12    at time   55408393 ps
inst0 ch0:  R_CMD: ACTCMD    R_f0= 0x2a    at time   55408807 ps
inst0 ch0:  R_CMD: ACTCMD    R_r1= 0x00    at time   55409221 ps
inst0 ch0:  R_CMD: ACTCMD    R_f1= 0x00    at time   55409635 ps
inst0 ch0:  R_CMD: ACTCMD    R_r0= 0x32    at time   55412533 ps
inst0 ch0:  R_CMD: ACTCMD    R_f0= 0x0a    at time   55412947 ps
inst0 ch0:  R_CMD: ACTCMD    R_r1= 0x00    at time   55413361 ps
inst0 ch0:  R_CMD: ACTCMD    R_f1= 0x00    at time   55413775 ps
inst0 ch0:  R_CMD: ACTCMD    R_r0= 0x12    at time   55416673 ps
inst0 ch0:  R_CMD: ACTCMD    R_f0= 0x0a    at time   55417087 ps
inst0 ch0:  R_CMD: ACTCMD    R_r1= 0x00    at time   55417501 ps
inst0 ch0:  R_CMD: ACTCMD    R_f1= 0x00    at time   55417915 ps
inst0 ch0:  C_CMD: RDCMD     C_r = 0x0e5   at time   55419157 ps
inst0 ch0:  C_CMD: RDCMD     C_f = 0x080   at time   55419571 ps
inst0 ch0:  C_CMD: RDCMD     C_r = 0x0ed   at time   55422469 ps
inst0 ch0:  C_CMD: RDCMD     C_f = 0x082   at time   55422883 ps
inst0 ch0:  R_CMD: ACTCMD    R_r0= 0x2a    at time   55423297 ps
inst0 ch0:  R_CMD: ACTCMD    R_f0= 0x22    at time   55423711 ps
inst0 ch0:  R_CMD: ACTCMD    R_r1= 0x00    at time   55424125 ps
inst0 ch0:  C_CMD: RDCMD     C_r = 0x0a5   at time   55424125 ps
inst0 ch0:  R_CMD: ACTCMD    R_f1= 0x00    at time   55424539 ps
inst0 ch0:  C_CMD: RDCMD     C_f = 0x080   at time   55424539 ps
inst0 ch0:  R_CMD: ACTCMD    R_r0= 0x0a    at time   55427437 ps
inst0 ch0:  C_CMD: RDCMD     C_r = 0x0ad   at time   55427437 ps
inst0 ch0:  R_CMD: ACTCMD    R_f0= 0x22    at time   55427851 ps
inst0 ch0:  C_CMD: RDCMD     C_f = 0x082   at time   55427851 ps
inst0 ch0:  R_CMD: ACTCMD    R_r1= 0x00    at time   55428265 ps
inst0 ch0:  R_CMD: ACTCMD    R_f1= 0x00    at time   55428679 ps
inst0 ch0:  C_CMD: RDCMD     C_r = 0x065   at time   55429093 ps
inst0 ch0:  C_CMD: RDCMD     C_f = 0x080   at time   55429507 ps
inst0 ch0:  R_CMD: ACTCMD    R_r0= 0x2a    at time   55431577 ps
inst0 ch0:  C_CMD: RDCMD     C_r = 0x025   at time   55431577 ps
inst0 ch0:  R_CMD: ACTCMD    R_f0= 0x02    at time   55431991 ps
inst0 ch0:  C_CMD: RDCMD     C_f = 0x080   at time   55431991 ps
inst0 ch0:  R_CMD: ACTCMD    R_r1= 0x00    at time   55432405 ps
inst0 ch0:  R_CMD: ACTCMD    R_f1= 0x00    at time   55432819 ps
inst0 ch0:  C_CMD: RDCMD     C_r = 0x06d   at time   55433233 ps
inst0 ch0:  C_CMD: RDCMD     C_f = 0x082   at time   55433647 ps
inst0 ch0:  C_CMD: RDCMD     C_r = 0x02d   at time   55434889 ps
inst0 ch0:  C_CMD: RDCMD     C_f = 0x082   at time   55435303 ps
inst0 ch0:  R_CMD: ACTCMD    R_r0= 0x0a    at time   55435717 ps
inst0 ch0:  R_CMD: ACTCMD    R_f0= 0x02    at time   55436131 ps
inst0 ch0:  R_CMD: ACTCMD    R_r1= 0x00    at time   55436545 ps
inst0 ch0:  R_CMD: ACTCMD    R_f1= 0x00    at time   55436959 ps
inst0 ch0:  C_CMD: RDCMD     C_r = 0x0d5   at time   55438201 ps
inst0 ch0:  C_CMD: RDCMD     C_f = 0x000   at time   55438615 ps
inst0 ch0:  C_CMD: RDCMD     C_r = 0x0dd   at time   55441513 ps
inst0 ch0:  C_CMD: RDCMD     C_f = 0x002   at time   55441927 ps
inst0 ch0:  C_CMD: RDCMD     C_r = 0x095   at time   55443169 ps
inst0 ch0:  C_CMD: RDCMD     C_f = 0x000   at time   55443583 ps
inst0 ch0:  C_CMD: RDCMD     C_r = 0x09d   at time   55446481 ps
inst0 ch0:  C_CMD: RDCMD     C_f = 0x002   at time   55446895 ps
inst0 ch0:  C_CMD: RDCMD     C_r = 0x055   at time   55448137 ps
inst0 ch0:  C_CMD: RDCMD     C_f = 0x000   at time   55448551 ps
inst0 ch0:  C_CMD: RDCMD     C_r = 0x015   at time   55450621 ps
inst0 ch0:  C_CMD: RDCMD     C_f = 0x000   at time   55451035 ps
inst0 ch0:  C_CMD: RDCMD     C_r = 0x05d   at time   55452277 ps
inst0 ch0:  C_CMD: RDCMD     C_f = 0x002   at time   55452691 ps
inst0 ch0:  C_CMD: RDCMD     C_r = 0x01d   at time   55453933 ps
inst0 ch0:  C_CMD: RDCMD     C_f = 0x002   at time   55454347 ps
inst0 ch0:  R_CMD: ACTCMD    R_r0= 0x32    at time   55753669 ps
inst0 ch0:  R_CMD: ACTCMD    R_f0= 0x22    at time   55754083 ps
inst0 ch0:  R_CMD: ACTCMD    R_r1= 0x00    at time   55754497 ps
inst0 ch0:  R_CMD: ACTCMD    R_f1= 0x00    at time   55754911 ps
inst0 ch0:  R_CMD: ACTCMD    R_r0= 0x12    at time   55757809 ps
inst0 ch0:  R_CMD: ACTCMD    R_f0= 0x22    at time   55758223 ps
inst0 ch0:  R_CMD: ACTCMD    R_r1= 0x00    at time   55758637 ps
inst0 ch0:  R_CMD: ACTCMD    R_f1= 0x00    at time   55759051 ps
inst0 ch0:  R_CMD: ACTCMD    R_r0= 0x32    at time   55761949 ps
inst0 ch0:  R_CMD: ACTCMD    R_f0= 0x02    at time   55762363 ps
inst0 ch0:  R_CMD: ACTCMD    R_r1= 0x00    at time   55762777 ps
inst0 ch0:  R_CMD: ACTCMD    R_f1= 0x00    at time   55763191 ps
inst0 ch0:  R_CMD: ACTCMD    R_r0= 0x12    at time   55766089 ps
inst0 ch0:  R_CMD: ACTCMD    R_f0= 0x02    at time   55766503 ps
inst0 ch0:  R_CMD: ACTCMD    R_r1= 0x00    at time   55766917 ps
inst0 ch0:  R_CMD: ACTCMD    R_f1= 0x00    at time   55767331 ps
inst0 ch0:  C_CMD: RDCMD     C_r = 0x0e5   at time   55768573 ps
inst0 ch0:  C_CMD: RDCMD     C_f = 0x000   at time   55768987 ps
inst0 ch0:  C_CMD: RDCMD     C_r = 0x0ed   at time   55771885 ps
inst0 ch0:  C_CMD: RDCMD     C_f = 0x002   at time   55772299 ps
inst0 ch0:  C_CMD: RDCMD     C_r = 0x0a5   at time   55773541 ps
inst0 ch0:  C_CMD: RDCMD     C_f = 0x000   at time   55773955 ps
inst0 ch0:  C_CMD: RDCMD     C_r = 0x0ad   at time   55776853 ps
inst0 ch0:  C_CMD: RDCMD     C_f = 0x002   at time   55777267 ps
inst0 ch0:  C_CMD: RDCMD     C_r = 0x065   at time   55778509 ps
inst0 ch0:  C_CMD: RDCMD     C_f = 0x000   at time   55778923 ps
inst0 ch0:  C_CMD: RDCMD     C_r = 0x025   at time   55780993 ps
inst0 ch0:  C_CMD: RDCMD     C_f = 0x000   at time   55781407 ps
inst0 ch0:  C_CMD: RDCMD     C_r = 0x06d   at time   55782649 ps
inst0 ch0:  C_CMD: RDCMD     C_f = 0x002   at time   55783063 ps
inst0 ch0:  C_CMD: RDCMD     C_r = 0x02d   at time   55784305 ps
inst0 ch0:  C_CMD: RDCMD     C_f = 0x002   at time   55784719 ps
inst0 ch0:  R_CMD: ACTCMD    R_r0= 0x3a    at time   55833157 ps
inst0 ch0:  R_CMD: ACTCMD    R_f0= 0x2a    at time   55833571 ps
inst0 ch0:  R_CMD: ACTCMD    R_r1= 0x00    at time   55833985 ps
inst0 ch0:  R_CMD: ACTCMD    R_f1= 0x00    at time   55834399 ps
inst0 ch0:  R_CMD: ACTCMD    R_r0= 0x1a    at time   55837297 ps
inst0 ch0:  R_CMD: ACTCMD    R_f0= 0x2a    at time   55837711 ps
inst0 ch0:  R_CMD: ACTCMD    R_r1= 0x00    at time   55838125 ps
inst0 ch0:  R_CMD: ACTCMD    R_f1= 0x00    at time   55838539 ps
inst0 ch0:  R_CMD: ACTCMD    R_r0= 0x3a    at time   55841437 ps
inst0 ch0:  R_CMD: ACTCMD    R_f0= 0x0a    at time   55841851 ps
inst0 ch0:  R_CMD: ACTCMD    R_r1= 0x00    at time   55842265 ps
inst0 ch0:  R_CMD: ACTCMD    R_f1= 0x00    at time   55842679 ps
inst0 ch0:  R_CMD: ACTCMD    R_r0= 0x1a    at time   55845577 ps
inst0 ch0:  R_CMD: ACTCMD    R_f0= 0x0a    at time   55845991 ps
inst0 ch0:  R_CMD: ACTCMD    R_r1= 0x00    at time   55846405 ps
inst0 ch0:  R_CMD: ACTCMD    R_f1= 0x00    at time   55846819 ps
inst0 ch0:  C_CMD: RDCMD     C_r = 0x0f5   at time   55848061 ps
inst0 ch0:  C_CMD: RDCMD     C_f = 0x080   at time   55848475 ps
inst0 ch0:  C_CMD: RDCMD     C_r = 0x0fd   at time   55851373 ps
inst0 ch0:  C_CMD: RDCMD     C_f = 0x082   at time   55851787 ps
inst0 ch0:  C_CMD: RDCMD     C_r = 0x0b5   at time   55853029 ps
inst0 ch0:  C_CMD: RDCMD     C_f = 0x080   at time   55853443 ps
inst0 ch0:  C_CMD: RDCMD     C_r = 0x0bd   at time   55856341 ps
inst0 ch0:  C_CMD: RDCMD     C_f = 0x082   at time   55856755 ps
inst0 ch0:  C_CMD: RDCMD     C_r = 0x075   at time   55857997 ps
inst0 ch0:  C_CMD: RDCMD     C_f = 0x080   at time   55858411 ps
inst0 ch0:  C_CMD: RDCMD     C_r = 0x035   at time   55860481 ps
inst0 ch0:  C_CMD: RDCMD     C_f = 0x080   at time   55860895 ps
inst0 ch0:  C_CMD: RDCMD     C_r = 0x07d   at time   55862137 ps
inst0 ch0:  C_CMD: RDCMD     C_f = 0x082   at time   55862551 ps
inst0 ch0:  C_CMD: RDCMD     C_r = 0x03d   at time   55863793 ps
inst0 ch0:  C_CMD: RDCMD     C_f = 0x082   at time   55864207 ps
inst0 ch0:  R_CMD: ACTCMD    R_r0= 0x3a    at time   56085697 ps
inst0 ch0:  R_CMD: ACTCMD    R_f0= 0x22    at time   56086111 ps
inst0 ch0:  R_CMD: ACTCMD    R_r1= 0x00    at time   56086525 ps
inst0 ch0:  R_CMD: ACTCMD    R_f1= 0x00    at time   56086939 ps
inst0 ch0:  R_CMD: ACTCMD    R_r0= 0x1a    at time   56089837 ps
inst0 ch0:  R_CMD: ACTCMD    R_f0= 0x22    at time   56090251 ps
inst0 ch0:  R_CMD: ACTCMD    R_r1= 0x00    at time   56090665 ps
inst0 ch0:  R_CMD: ACTCMD    R_f1= 0x00    at time   56091079 ps
inst0 ch0:  R_CMD: ACTCMD    R_r0= 0x3a    at time   56093977 ps
inst0 ch0:  R_CMD: ACTCMD    R_f0= 0x02    at time   56094391 ps
inst0 ch0:  R_CMD: ACTCMD    R_r1= 0x00    at time   56094805 ps
inst0 ch0:  R_CMD: ACTCMD    R_f1= 0x00    at time   56095219 ps
inst0 ch0:  R_CMD: ACTCMD    R_r0= 0x1a    at time   56098117 ps
inst0 ch0:  R_CMD: ACTCMD    R_f0= 0x02    at time   56098531 ps
inst0 ch0:  R_CMD: ACTCMD    R_r1= 0x00    at time   56098945 ps
inst0 ch0:  R_CMD: ACTCMD    R_f1= 0x00    at time   56099359 ps
inst0 ch0:  C_CMD: RDCMD     C_r = 0x0f5   at time   56100601 ps
inst0 ch0:  C_CMD: RDCMD     C_f = 0x000   at time   56101015 ps
inst0 ch0:  C_CMD: RDCMD     C_r = 0x0fd   at time   56103913 ps
inst0 ch0:  C_CMD: RDCMD     C_f = 0x002   at time   56104327 ps
inst0 ch0:  C_CMD: RDCMD     C_r = 0x0b5   at time   56105569 ps
inst0 ch0:  C_CMD: RDCMD     C_f = 0x000   at time   56105983 ps
inst0 ch0:  C_CMD: RDCMD     C_r = 0x0bd   at time   56108881 ps
inst0 ch0:  C_CMD: RDCMD     C_f = 0x002   at time   56109295 ps
inst0 ch0:  C_CMD: RDCMD     C_r = 0x075   at time   56110537 ps
inst0 ch0:  C_CMD: RDCMD     C_f = 0x000   at time   56110951 ps
inst0 ch0:  C_CMD: RDCMD     C_r = 0x035   at time   56113021 ps
inst0 ch0:  C_CMD: RDCMD     C_f = 0x000   at time   56113435 ps
inst0 ch0:  C_CMD: RDCMD     C_r = 0x07d   at time   56114677 ps
inst0 ch0:  C_CMD: RDCMD     C_f = 0x002   at time   56115091 ps
inst0 ch0:  C_CMD: RDCMD     C_r = 0x03d   at time   56116333 ps
inst0 ch0:  C_CMD: RDCMD     C_f = 0x002   at time   56116747 ps
inst0 ch0:  R_CMD: ACTCMD    R_r0= 0x02    at time   56359765 ps
inst0 ch0:  R_CMD: ACTCMD    R_f0= 0x18    at time   56360179 ps
inst0 ch0:  R_CMD: ACTCMD    R_r1= 0x3f    at time   56360593 ps
inst0 ch0:  R_CMD: ACTCMD    R_f1= 0x3b    at time   56361007 ps
inst0 ch0:  C_CMD: RDCMD     C_r = 0x005   at time   56374669 ps
inst0 ch0:  C_CMD: RDCMD     C_f = 0x0f8   at time   56375083 ps
inst0 ch0:  C_CMD: RDCMD     C_r = 0x00d   at time   56377981 ps
inst0 ch0:  C_CMD: RDCMD     C_f = 0x0fa   at time   56378395 ps
inst0 ch0:  R_CMD: ACTCMD    R_r0= 0x02    at time   56432629 ps
inst0 ch0:  R_CMD: ACTCMD    R_f0= 0x18    at time   56433043 ps
inst0 ch0:  R_CMD: ACTCMD    R_r1= 0x3f    at time   56433457 ps
inst0 ch0:  R_CMD: ACTCMD    R_f1= 0x3b    at time   56433871 ps
inst0 ch0:  C_CMD: WRCMD     C_r = 0x001   at time   56443393 ps
inst0 ch0:  C_CMD: WRCMD     C_f = 0x0f8   at time   56443807 ps
inst0 ch0:  C_CMD: WRCMD     C_r = 0x009   at time   56446705 ps
inst0 ch0:  C_CMD: WRCMD     C_f = 0x0fa   at time   56447119 ps
inst0 ch0:  R_CMD: ACTCMD    R_r0= 0x02    at time   56570077 ps
inst0 ch0:  R_CMD: ACTCMD    R_f0= 0x10    at time   56570491 ps
inst0 ch0:  R_CMD: ACTCMD    R_r1= 0x3f    at time   56570905 ps
inst0 ch0:  R_CMD: ACTCMD    R_f1= 0x3b    at time   56571319 ps
inst0 ch0:  C_CMD: RDCMD     C_r = 0x005   at time   56584981 ps
inst0 ch0:  C_CMD: RDCMD     C_f = 0x078   at time   56585395 ps
inst0 ch0:  C_CMD: RDCMD     C_r = 0x00d   at time   56588293 ps
inst0 ch0:  C_CMD: RDCMD     C_f = 0x07a   at time   56588707 ps
inst0 ch0:  R_CMD: ACTCMD    R_r0= 0x02    at time   56809369 ps
inst0 ch0:  R_CMD: ACTCMD    R_f0= 0x10    at time   56809783 ps
inst0 ch0:  R_CMD: ACTCMD    R_r1= 0x3f    at time   56810197 ps
inst0 ch0:  R_CMD: ACTCMD    R_f1= 0x3b    at time   56810611 ps
inst0 ch0:  C_CMD: WRCMD     C_r = 0x001   at time   56820133 ps
inst0 ch0:  C_CMD: WRCMD     C_f = 0x078   at time   56820547 ps
inst0 ch0:  C_CMD: WRCMD     C_r = 0x009   at time   56823445 ps
inst0 ch0:  C_CMD: WRCMD     C_f = 0x07a   at time   56823859 ps
inst0 ch0:  R_CMD: ACTCMD    R_r0= 0x0a    at time   57102481 ps
inst0 ch0:  R_CMD: ACTCMD    R_f0= 0x18    at time   57102895 ps
inst0 ch0:  R_CMD: ACTCMD    R_r1= 0x3f    at time   57103309 ps
inst0 ch0:  R_CMD: ACTCMD    R_f1= 0x3b    at time   57103723 ps
inst0 ch0:  C_CMD: RDCMD     C_r = 0x015   at time   57117385 ps
inst0 ch0:  C_CMD: RDCMD     C_f = 0x0f8   at time   57117799 ps
inst0 ch0:  C_CMD: RDCMD     C_r = 0x01d   at time   57120697 ps
inst0 ch0:  C_CMD: RDCMD     C_f = 0x0fa   at time   57121111 ps
inst0 ch0:  R_CMD: ACTCMD    R_r0= 0x0a    at time   57175345 ps
inst0 ch0:  R_CMD: ACTCMD    R_f0= 0x18    at time   57175759 ps
inst0 ch0:  R_CMD: ACTCMD    R_r1= 0x3f    at time   57176173 ps
inst0 ch0:  R_CMD: ACTCMD    R_f1= 0x3b    at time   57176587 ps
inst0 ch0:  C_CMD: WRCMD     C_r = 0x011   at time   57186109 ps
inst0 ch0:  C_CMD: WRCMD     C_f = 0x0f8   at time   57186523 ps
inst0 ch0:  C_CMD: WRCMD     C_r = 0x019   at time   57189421 ps
inst0 ch0:  C_CMD: WRCMD     C_f = 0x0fa   at time   57189835 ps
inst0 ch0:  R_CMD: ACTCMD    R_r0= 0x02    at time   57263113 ps
inst0 ch0:  R_CMD: ACTCMD    R_f0= 0x38    at time   57263527 ps
inst0 ch0:  R_CMD: ACTCMD    R_r1= 0x3f    at time   57263941 ps
inst0 ch0:  R_CMD: ACTCMD    R_f1= 0x3b    at time   57264355 ps
inst0 ch0:  C_CMD: RDCMD     C_r = 0x085   at time   57278017 ps
inst0 ch0:  C_CMD: RDCMD     C_f = 0x0f8   at time   57278431 ps
inst0 ch0:  C_CMD: RDCMD     C_r = 0x08d   at time   57281329 ps
inst0 ch0:  C_CMD: RDCMD     C_f = 0x0fa   at time   57281743 ps
inst0 ch0:  R_CMD: ACTCMD    R_r0= 0x02    at time   57333493 ps
inst0 ch0:  R_CMD: ACTCMD    R_f0= 0x38    at time   57333907 ps
inst0 ch0:  R_CMD: ACTCMD    R_r1= 0x3f    at time   57334321 ps
inst0 ch0:  R_CMD: ACTCMD    R_f1= 0x3b    at time   57334735 ps
inst0 ch0:  C_CMD: WRCMD     C_r = 0x081   at time   57344257 ps
inst0 ch0:  C_CMD: WRCMD     C_f = 0x0f8   at time   57344671 ps
inst0 ch0:  C_CMD: WRCMD     C_r = 0x089   at time   57347569 ps
inst0 ch0:  C_CMD: WRCMD     C_f = 0x0fa   at time   57347983 ps
inst0 ch0:  R_CMD: ACTCMD    R_r0= 0x0a    at time   57437821 ps
inst0 ch0:  R_CMD: ACTCMD    R_f0= 0x38    at time   57438235 ps
inst0 ch0:  R_CMD: ACTCMD    R_r1= 0x3f    at time   57438649 ps
inst0 ch0:  R_CMD: ACTCMD    R_f1= 0x3b    at time   57439063 ps
inst0 ch0:  C_CMD: RDCMD     C_r = 0x095   at time   57452725 ps
inst0 ch0:  C_CMD: RDCMD     C_f = 0x0f8   at time   57453139 ps
inst0 ch0:  C_CMD: RDCMD     C_r = 0x09d   at time   57456037 ps
inst0 ch0:  C_CMD: RDCMD     C_f = 0x0fa   at time   57456451 ps
inst0 ch0:  R_CMD: ACTCMD    R_r0= 0x0a    at time   57508201 ps
inst0 ch0:  R_CMD: ACTCMD    R_f0= 0x38    at time   57508615 ps
inst0 ch0:  R_CMD: ACTCMD    R_r1= 0x3f    at time   57509029 ps
inst0 ch0:  R_CMD: ACTCMD    R_f1= 0x3b    at time   57509443 ps
inst0 ch0:  C_CMD: WRCMD     C_r = 0x091   at time   57518965 ps
inst0 ch0:  C_CMD: WRCMD     C_f = 0x0f8   at time   57519379 ps
inst0 ch0:  C_CMD: WRCMD     C_r = 0x099   at time   57522277 ps
inst0 ch0:  C_CMD: WRCMD     C_f = 0x0fa   at time   57522691 ps
inst0 ch0:  R_CMD: ACTCMD    R_r0= 0x0a    at time   57665521 ps
inst0 ch0:  R_CMD: ACTCMD    R_f0= 0x10    at time   57665935 ps
inst0 ch0:  R_CMD: ACTCMD    R_r1= 0x3f    at time   57666349 ps
inst0 ch0:  R_CMD: ACTCMD    R_f1= 0x3b    at time   57666763 ps
inst0 ch0:  C_CMD: RDCMD     C_r = 0x015   at time   57680425 ps
inst0 ch0:  C_CMD: RDCMD     C_f = 0x078   at time   57680839 ps
inst0 ch0:  C_CMD: RDCMD     C_r = 0x01d   at time   57683737 ps
inst0 ch0:  C_CMD: RDCMD     C_f = 0x07a   at time   57684151 ps
inst0 ch0:  R_CMD: ACTCMD    R_r0= 0x0a    at time   57738385 ps
inst0 ch0:  R_CMD: ACTCMD    R_f0= 0x10    at time   57738799 ps
inst0 ch0:  R_CMD: ACTCMD    R_r1= 0x3f    at time   57739213 ps
inst0 ch0:  R_CMD: ACTCMD    R_f1= 0x3b    at time   57739627 ps
inst0 ch0:  C_CMD: WRCMD     C_r = 0x011   at time   57749149 ps
inst0 ch0:  C_CMD: WRCMD     C_f = 0x078   at time   57749563 ps
inst0 ch0:  C_CMD: WRCMD     C_r = 0x019   at time   57752461 ps
inst0 ch0:  C_CMD: WRCMD     C_f = 0x07a   at time   57752875 ps
inst0 ch0:  R_CMD: ACTCMD    R_r0= 0x02    at time   57826981 ps
inst0 ch0:  R_CMD: ACTCMD    R_f0= 0x30    at time   57827395 ps
inst0 ch0:  R_CMD: ACTCMD    R_r1= 0x3f    at time   57827809 ps
inst0 ch0:  R_CMD: ACTCMD    R_f1= 0x3b    at time   57828223 ps
inst0 ch0:  C_CMD: RDCMD     C_r = 0x085   at time   57841885 ps
inst0 ch0:  C_CMD: RDCMD     C_f = 0x078   at time   57842299 ps
inst0 ch0:  C_CMD: RDCMD     C_r = 0x08d   at time   57845197 ps
inst0 ch0:  C_CMD: RDCMD     C_f = 0x07a   at time   57845611 ps
inst0 ch0:  R_CMD: ACTCMD    R_r0= 0x02    at time   57897361 ps
inst0 ch0:  R_CMD: ACTCMD    R_f0= 0x30    at time   57897775 ps
inst0 ch0:  R_CMD: ACTCMD    R_r1= 0x3f    at time   57898189 ps
inst0 ch0:  R_CMD: ACTCMD    R_f1= 0x3b    at time   57898603 ps
inst0 ch0:  C_CMD: WRCMD     C_r = 0x081   at time   57908125 ps
inst0 ch0:  C_CMD: WRCMD     C_f = 0x078   at time   57908539 ps
inst0 ch0:  C_CMD: WRCMD     C_r = 0x089   at time   57911437 ps
inst0 ch0:  C_CMD: WRCMD     C_f = 0x07a   at time   57911851 ps
inst0 ch0:  R_CMD: ACTCMD    R_r0= 0x0a    at time   57991753 ps
inst0 ch0:  R_CMD: ACTCMD    R_f0= 0x30    at time   57992167 ps
inst0 ch0:  R_CMD: ACTCMD    R_r1= 0x3f    at time   57992581 ps
inst0 ch0:  R_CMD: ACTCMD    R_f1= 0x3b    at time   57992995 ps
inst0 ch0:  C_CMD: RDCMD     C_r = 0x095   at time   58006657 ps
inst0 ch0:  C_CMD: RDCMD     C_f = 0x078   at time   58007071 ps
inst0 ch0:  C_CMD: RDCMD     C_r = 0x09d   at time   58009969 ps
inst0 ch0:  C_CMD: RDCMD     C_f = 0x07a   at time   58010383 ps
inst0 ch0:  R_CMD: ACTCMD    R_r0= 0x0a    at time   58062133 ps
inst0 ch0:  R_CMD: ACTCMD    R_f0= 0x30    at time   58062547 ps
inst0 ch0:  R_CMD: ACTCMD    R_r1= 0x3f    at time   58062961 ps
inst0 ch0:  R_CMD: ACTCMD    R_f1= 0x3b    at time   58063375 ps
inst0 ch0:  C_CMD: WRCMD     C_r = 0x091   at time   58072897 ps
inst0 ch0:  C_CMD: WRCMD     C_f = 0x078   at time   58073311 ps
inst0 ch0:  C_CMD: WRCMD     C_r = 0x099   at time   58076209 ps
inst0 ch0:  C_CMD: WRCMD     C_f = 0x07a   at time   58076623 ps
inst0 ch0:  R_CMD: ACTCMD    R_r0= 0x0a    at time   59423365 ps
inst0 ch0:  R_CMD: ACTCMD    R_f0= 0x1b    at time   59423779 ps
inst0 ch0:  R_CMD: ACTCMD    R_r1= 0x3f    at time   59424193 ps
inst0 ch0:  R_CMD: ACTCMD    R_f1= 0x3b    at time   59424607 ps
inst0 ch0:  C_CMD: RDCMD     C_r = 0x015   at time   59438269 ps
inst0 ch0:  C_CMD: RDCMD     C_f = 0x090   at time   59438683 ps
inst0 ch0:  C_CMD: RDCMD     C_r = 0x01d   at time   59441581 ps
inst0 ch0:  C_CMD: RDCMD     C_f = 0x092   at time   59441995 ps
inst0 ch0:  R_CMD: ACTCMD    R_r0= 0x0a    at time   59496229 ps
inst0 ch0:  R_CMD: ACTCMD    R_f0= 0x1b    at time   59496643 ps
inst0 ch0:  R_CMD: ACTCMD    R_r1= 0x3f    at time   59497057 ps
inst0 ch0:  R_CMD: ACTCMD    R_f1= 0x3b    at time   59497471 ps
inst0 ch0:  C_CMD: WRCMD     C_r = 0x011   at time   59506993 ps
inst0 ch0:  C_CMD: WRCMD     C_f = 0x090   at time   59507407 ps
inst0 ch0:  C_CMD: WRCMD     C_r = 0x019   at time   59510305 ps
inst0 ch0:  C_CMD: WRCMD     C_f = 0x092   at time   59510719 ps
inst0 ch0:  R_CMD: ACTCMD    R_r0= 0x0a    at time   59622085 ps
inst0 ch0:  R_CMD: ACTCMD    R_f0= 0x1b    at time   59622499 ps
inst0 ch0:  R_CMD: ACTCMD    R_r1= 0x3f    at time   59622913 ps
inst0 ch0:  R_CMD: ACTCMD    R_f1= 0x3b    at time   59623327 ps
inst0 ch0:  C_CMD: RDCMD     C_r = 0x015   at time   59636989 ps
inst0 ch0:  C_CMD: RDCMD     C_f = 0x090   at time   59637403 ps
inst0 ch0:  C_CMD: RDCMD     C_r = 0x01d   at time   59640301 ps
inst0 ch0:  C_CMD: RDCMD     C_f = 0x092   at time   59640715 ps
inst0 ch0:  R_CMD: ACTCMD    R_r0= 0x0a    at time   59692465 ps
inst0 ch0:  R_CMD: ACTCMD    R_f0= 0x1b    at time   59692879 ps
inst0 ch0:  R_CMD: ACTCMD    R_r1= 0x3f    at time   59693293 ps
inst0 ch0:  R_CMD: ACTCMD    R_f1= 0x3b    at time   59693707 ps
inst0 ch0:  C_CMD: WRCMD     C_r = 0x011   at time   59703229 ps
inst0 ch0:  C_CMD: WRCMD     C_f = 0x090   at time   59703643 ps
inst0 ch0:  C_CMD: WRCMD     C_r = 0x019   at time   59706541 ps
inst0 ch0:  C_CMD: WRCMD     C_f = 0x092   at time   59706955 ps
inst0 ch0:  R_CMD: ACTCMD    R_r0= 0x0a    at time   60155317 ps
inst0 ch0:  R_CMD: ACTCMD    R_f0= 0x13    at time   60155731 ps
inst0 ch0:  R_CMD: ACTCMD    R_r1= 0x3f    at time   60156145 ps
inst0 ch0:  R_CMD: ACTCMD    R_f1= 0x3b    at time   60156559 ps
inst0 ch0:  C_CMD: RDCMD     C_r = 0x015   at time   60170221 ps
inst0 ch0:  C_CMD: RDCMD     C_f = 0x010   at time   60170635 ps
inst0 ch0:  C_CMD: RDCMD     C_r = 0x01d   at time   60173533 ps
inst0 ch0:  C_CMD: RDCMD     C_f = 0x012   at time   60173947 ps
inst0 ch0:  R_CMD: ACTCMD    R_r0= 0x0a    at time   60228181 ps
inst0 ch0:  R_CMD: ACTCMD    R_f0= 0x13    at time   60228595 ps
inst0 ch0:  R_CMD: ACTCMD    R_r1= 0x3f    at time   60229009 ps
inst0 ch0:  R_CMD: ACTCMD    R_f1= 0x3b    at time   60229423 ps
inst0 ch0:  C_CMD: WRCMD     C_r = 0x011   at time   60238945 ps
inst0 ch0:  C_CMD: WRCMD     C_f = 0x010   at time   60239359 ps
inst0 ch0:  C_CMD: WRCMD     C_r = 0x019   at time   60242257 ps
inst0 ch0:  C_CMD: WRCMD     C_f = 0x012   at time   60242671 ps
inst0 ch0:  R_CMD: ACTCMD    R_r0= 0x0a    at time   60356521 ps
inst0 ch0:  R_CMD: ACTCMD    R_f0= 0x13    at time   60356935 ps
inst0 ch0:  R_CMD: ACTCMD    R_r1= 0x3f    at time   60357349 ps
inst0 ch0:  R_CMD: ACTCMD    R_f1= 0x3b    at time   60357763 ps
inst0 ch0:  C_CMD: RDCMD     C_r = 0x015   at time   60371425 ps
inst0 ch0:  C_CMD: RDCMD     C_f = 0x010   at time   60371839 ps
inst0 ch0:  C_CMD: RDCMD     C_r = 0x01d   at time   60374737 ps
inst0 ch0:  C_CMD: RDCMD     C_f = 0x012   at time   60375151 ps
inst0 ch0:  R_CMD: ACTCMD    R_r0= 0x0a    at time   60426901 ps
inst0 ch0:  R_CMD: ACTCMD    R_f0= 0x13    at time   60427315 ps
inst0 ch0:  R_CMD: ACTCMD    R_r1= 0x3f    at time   60427729 ps
inst0 ch0:  R_CMD: ACTCMD    R_f1= 0x3b    at time   60428143 ps
inst0 ch0:  C_CMD: WRCMD     C_r = 0x011   at time   60437665 ps
inst0 ch0:  C_CMD: WRCMD     C_f = 0x010   at time   60438079 ps
inst0 ch0:  C_CMD: WRCMD     C_r = 0x019   at time   60440977 ps
inst0 ch0:  C_CMD: WRCMD     C_f = 0x012   at time   60441391 ps
inst0 ch0:  R_CMD: ACTCMD    R_r0= 0x02    at time   61072741 ps
inst0 ch0:  R_CMD: ACTCMD    R_f0= 0x1b    at time   61073155 ps
inst0 ch0:  R_CMD: ACTCMD    R_r1= 0x3f    at time   61073569 ps
inst0 ch0:  R_CMD: ACTCMD    R_f1= 0x3b    at time   61073983 ps
inst0 ch0:  C_CMD: RDCMD     C_r = 0x005   at time   61087645 ps
inst0 ch0:  C_CMD: RDCMD     C_f = 0x080   at time   61088059 ps
inst0 ch0:  C_CMD: RDCMD     C_r = 0x00d   at time   61090957 ps
inst0 ch0:  C_CMD: RDCMD     C_f = 0x082   at time   61091371 ps
inst0 ch0:  R_CMD: ACTCMD    R_r0= 0x02    at time   61145605 ps
inst0 ch0:  R_CMD: ACTCMD    R_f0= 0x1b    at time   61146019 ps
inst0 ch0:  R_CMD: ACTCMD    R_r1= 0x3f    at time   61146433 ps
inst0 ch0:  R_CMD: ACTCMD    R_f1= 0x3b    at time   61146847 ps
inst0 ch0:  C_CMD: WRCMD     C_r = 0x001   at time   61156369 ps
inst0 ch0:  C_CMD: WRCMD     C_f = 0x080   at time   61156783 ps
inst0 ch0:  C_CMD: WRCMD     C_r = 0x009   at time   61159681 ps
inst0 ch0:  C_CMD: WRCMD     C_f = 0x082   at time   61160095 ps
inst0 ch0:  R_CMD: ACTCMD    R_r0= 0x02    at time   61273945 ps
inst0 ch0:  R_CMD: ACTCMD    R_f0= 0x1b    at time   61274359 ps
inst0 ch0:  R_CMD: ACTCMD    R_r1= 0x3f    at time   61274773 ps
inst0 ch0:  R_CMD: ACTCMD    R_f1= 0x3b    at time   61275187 ps
inst0 ch0:  C_CMD: RDCMD     C_r = 0x005   at time   61288849 ps
inst0 ch0:  C_CMD: RDCMD     C_f = 0x080   at time   61289263 ps
inst0 ch0:  C_CMD: RDCMD     C_r = 0x00d   at time   61292161 ps
inst0 ch0:  C_CMD: RDCMD     C_f = 0x082   at time   61292575 ps
inst0 ch0:  R_CMD: ACTCMD    R_r0= 0x02    at time   61475149 ps
inst0 ch0:  R_CMD: ACTCMD    R_f0= 0x1b    at time   61475563 ps
inst0 ch0:  R_CMD: ACTCMD    R_r1= 0x3f    at time   61475977 ps
inst0 ch0:  R_CMD: ACTCMD    R_f1= 0x3b    at time   61476391 ps
inst0 ch0:  C_CMD: WRCMD     C_r = 0x001   at time   61485913 ps
inst0 ch0:  C_CMD: WRCMD     C_f = 0x080   at time   61486327 ps
inst0 ch0:  C_CMD: WRCMD     C_r = 0x009   at time   61489225 ps
inst0 ch0:  C_CMD: WRCMD     C_f = 0x082   at time   61489639 ps
inst0 ch0:  R_CMD: ACTCMD    R_r0= 0x02    at time   61928893 ps
inst0 ch0:  R_CMD: ACTCMD    R_f0= 0x13    at time   61929307 ps
inst0 ch0:  R_CMD: ACTCMD    R_r1= 0x3f    at time   61929721 ps
inst0 ch0:  R_CMD: ACTCMD    R_f1= 0x3b    at time   61930135 ps
inst0 ch0:  C_CMD: RDCMD     C_r = 0x005   at time   61943797 ps
inst0 ch0:  C_CMD: RDCMD     C_f = 0x000   at time   61944211 ps
inst0 ch0:  C_CMD: RDCMD     C_r = 0x00d   at time   61947109 ps
inst0 ch0:  C_CMD: RDCMD     C_f = 0x002   at time   61947523 ps
inst0 ch0:  R_CMD: ACTCMD    R_r0= 0x02    at time   62001757 ps
inst0 ch0:  R_CMD: ACTCMD    R_f0= 0x13    at time   62002171 ps
inst0 ch0:  R_CMD: ACTCMD    R_r1= 0x3f    at time   62002585 ps
inst0 ch0:  R_CMD: ACTCMD    R_f1= 0x3b    at time   62002999 ps
inst0 ch0:  C_CMD: WRCMD     C_r = 0x001   at time   62012521 ps
inst0 ch0:  C_CMD: WRCMD     C_f = 0x000   at time   62012935 ps
inst0 ch0:  C_CMD: WRCMD     C_r = 0x009   at time   62015833 ps
inst0 ch0:  C_CMD: WRCMD     C_f = 0x002   at time   62016247 ps
inst0 ch0:  R_CMD: ACTCMD    R_r0= 0x02    at time   62138377 ps
inst0 ch0:  R_CMD: ACTCMD    R_f0= 0x13    at time   62138791 ps
inst0 ch0:  R_CMD: ACTCMD    R_r1= 0x3f    at time   62139205 ps
inst0 ch0:  R_CMD: ACTCMD    R_f1= 0x3b    at time   62139619 ps
inst0 ch0:  C_CMD: RDCMD     C_r = 0x005   at time   62153281 ps
inst0 ch0:  C_CMD: RDCMD     C_f = 0x000   at time   62153695 ps
inst0 ch0:  C_CMD: RDCMD     C_r = 0x00d   at time   62156593 ps
inst0 ch0:  C_CMD: RDCMD     C_f = 0x002   at time   62157007 ps
inst0 ch0:  R_CMD: ACTCMD    R_r0= 0x02    at time   62208757 ps
inst0 ch0:  R_CMD: ACTCMD    R_f0= 0x13    at time   62209171 ps
inst0 ch0:  R_CMD: ACTCMD    R_r1= 0x3f    at time   62209585 ps
inst0 ch0:  R_CMD: ACTCMD    R_f1= 0x3b    at time   62209999 ps
inst0 ch0:  C_CMD: WRCMD     C_r = 0x001   at time   62219521 ps
inst0 ch0:  C_CMD: WRCMD     C_f = 0x000   at time   62219935 ps
inst0 ch0:  C_CMD: WRCMD     C_r = 0x009   at time   62222833 ps
inst0 ch0:  C_CMD: WRCMD     C_f = 0x002   at time   62223247 ps
inst0 ch0:  R_CMD: ACTCMD    R_r0= 0x02    at time   62673265 ps
inst0 ch0:  R_CMD: ACTCMD    R_f0= 0x08    at time   62673679 ps
inst0 ch0:  R_CMD: ACTCMD    R_r1= 0x00    at time   62674093 ps
inst0 ch0:  R_CMD: ACTCMD    R_f1= 0x00    at time   62674507 ps
inst0 ch0:  C_CMD: RDCMD     C_r = 0x005   at time   62688169 ps
inst0 ch0:  C_CMD: RDCMD     C_f = 0x098   at time   62688583 ps
inst0 ch0:  C_CMD: RDCMD     C_r = 0x005   at time   62691481 ps
inst0 ch0:  C_CMD: RDCMD     C_f = 0x09a   at time   62691895 ps
inst0 ch0:  C_CMD: RDCMD     C_r = 0x005   at time   62694793 ps
inst0 ch0:  C_CMD: RDCMD     C_f = 0x090   at time   62695207 ps
inst0 ch0:  C_CMD: RDCMD     C_r = 0x005   at time   62698105 ps
inst0 ch0:  C_CMD: RDCMD     C_f = 0x092   at time   62698519 ps
inst0 ch0:  C_CMD: RDCMD     C_r = 0x005   at time   62701417 ps
inst0 ch0:  C_CMD: RDCMD     C_f = 0x088   at time   62701831 ps
inst0 ch0:  C_CMD: RDCMD     C_r = 0x005   at time   62704729 ps
inst0 ch0:  C_CMD: RDCMD     C_f = 0x08a   at time   62705143 ps
inst0 ch0:  C_CMD: RDCMD     C_r = 0x005   at time   62708041 ps
inst0 ch0:  C_CMD: RDCMD     C_f = 0x080   at time   62708455 ps
inst0 ch0:  C_CMD: RDCMD     C_r = 0x00d   at time   62711353 ps
inst0 ch0:  C_CMD: RDCMD     C_f = 0x082   at time   62711767 ps
inst0 ch0:  R_CMD: ACTCMD    R_r0= 0x0a    at time   62920837 ps
inst0 ch0:  R_CMD: ACTCMD    R_f0= 0x08    at time   62921251 ps
inst0 ch0:  R_CMD: ACTCMD    R_r1= 0x00    at time   62921665 ps
inst0 ch0:  R_CMD: ACTCMD    R_f1= 0x00    at time   62922079 ps
inst0 ch0:  C_CMD: RDCMD     C_r = 0x015   at time   62935741 ps
inst0 ch0:  C_CMD: RDCMD     C_f = 0x098   at time   62936155 ps
inst0 ch0:  C_CMD: RDCMD     C_r = 0x015   at time   62939053 ps
inst0 ch0:  C_CMD: RDCMD     C_f = 0x09a   at time   62939467 ps
inst0 ch0:  C_CMD: RDCMD     C_r = 0x015   at time   62942365 ps
inst0 ch0:  C_CMD: RDCMD     C_f = 0x090   at time   62942779 ps
inst0 ch0:  C_CMD: RDCMD     C_r = 0x015   at time   62945677 ps
inst0 ch0:  C_CMD: RDCMD     C_f = 0x092   at time   62946091 ps
inst0 ch0:  C_CMD: RDCMD     C_r = 0x015   at time   62948989 ps
inst0 ch0:  C_CMD: RDCMD     C_f = 0x088   at time   62949403 ps
inst0 ch0:  C_CMD: RDCMD     C_r = 0x015   at time   62952301 ps
inst0 ch0:  C_CMD: RDCMD     C_f = 0x08a   at time   62952715 ps
inst0 ch0:  C_CMD: RDCMD     C_r = 0x015   at time   62955613 ps
inst0 ch0:  C_CMD: RDCMD     C_f = 0x080   at time   62956027 ps
inst0 ch0:  C_CMD: RDCMD     C_r = 0x01d   at time   62958925 ps
inst0 ch0:  C_CMD: RDCMD     C_f = 0x082   at time   62959339 ps
inst0 ch0:  R_CMD: ACTCMD    R_r0= 0x02    at time   62998669 ps
inst0 ch0:  R_CMD: ACTCMD    R_f0= 0x00    at time   62999083 ps
inst0 ch0:  R_CMD: ACTCMD    R_r1= 0x00    at time   62999497 ps
inst0 ch0:  R_CMD: ACTCMD    R_f1= 0x00    at time   62999911 ps
inst0 ch0:  C_CMD: RDCMD     C_r = 0x005   at time   63013573 ps
inst0 ch0:  C_CMD: RDCMD     C_f = 0x018   at time   63013987 ps
inst0 ch0:  C_CMD: RDCMD     C_r = 0x005   at time   63016885 ps
inst0 ch0:  C_CMD: RDCMD     C_f = 0x01a   at time   63017299 ps
inst0 ch0:  C_CMD: RDCMD     C_r = 0x005   at time   63020197 ps
inst0 ch0:  C_CMD: RDCMD     C_f = 0x010   at time   63020611 ps
inst0 ch0:  C_CMD: RDCMD     C_r = 0x005   at time   63023509 ps
inst0 ch0:  C_CMD: RDCMD     C_f = 0x012   at time   63023923 ps
inst0 ch0:  C_CMD: RDCMD     C_r = 0x005   at time   63026821 ps
inst0 ch0:  C_CMD: RDCMD     C_f = 0x008   at time   63027235 ps
inst0 ch0:  C_CMD: RDCMD     C_r = 0x005   at time   63030133 ps
inst0 ch0:  C_CMD: RDCMD     C_f = 0x00a   at time   63030547 ps
inst0 ch0:  C_CMD: RDCMD     C_r = 0x005   at time   63033445 ps
inst0 ch0:  C_CMD: RDCMD     C_f = 0x000   at time   63033859 ps
inst0 ch0:  C_CMD: RDCMD     C_r = 0x00d   at time   63036757 ps
inst0 ch0:  C_CMD: RDCMD     C_f = 0x002   at time   63037171 ps
inst0 ch0:  R_CMD: ACTCMD    R_r0= 0x0a    at time   63122869 ps
inst0 ch0:  R_CMD: ACTCMD    R_f0= 0x08    at time   63123283 ps
inst0 ch0:  R_CMD: ACTCMD    R_r1= 0x00    at time   63123697 ps
inst0 ch0:  R_CMD: ACTCMD    R_f1= 0x00    at time   63124111 ps
inst0 ch0:  C_CMD: RDCMD     C_r = 0x015   at time   63137773 ps
inst0 ch0:  C_CMD: RDCMD     C_f = 0x0b8   at time   63138187 ps
inst0 ch0:  C_CMD: RDCMD     C_r = 0x015   at time   63141085 ps
inst0 ch0:  C_CMD: RDCMD     C_f = 0x0ba   at time   63141499 ps
inst0 ch0:  C_CMD: RDCMD     C_r = 0x015   at time   63144397 ps
inst0 ch0:  C_CMD: RDCMD     C_f = 0x0b0   at time   63144811 ps
inst0 ch0:  C_CMD: RDCMD     C_r = 0x015   at time   63147709 ps
inst0 ch0:  C_CMD: RDCMD     C_f = 0x0b2   at time   63148123 ps
inst0 ch0:  C_CMD: RDCMD     C_r = 0x015   at time   63151021 ps
inst0 ch0:  C_CMD: RDCMD     C_f = 0x0a8   at time   63151435 ps
inst0 ch0:  C_CMD: RDCMD     C_r = 0x015   at time   63154333 ps
inst0 ch0:  C_CMD: RDCMD     C_f = 0x0aa   at time   63154747 ps
inst0 ch0:  C_CMD: RDCMD     C_r = 0x015   at time   63157645 ps
inst0 ch0:  C_CMD: RDCMD     C_f = 0x0a0   at time   63158059 ps
inst0 ch0:  C_CMD: RDCMD     C_r = 0x01d   at time   63160957 ps
inst0 ch0:  C_CMD: RDCMD     C_f = 0x0a2   at time   63161371 ps
inst0 ch0:  R_CMD: ACTCMD    R_r0= 0x0a    at time   63195733 ps
inst0 ch0:  R_CMD: ACTCMD    R_f0= 0x08    at time   63196147 ps
inst0 ch0:  R_CMD: ACTCMD    R_r1= 0x00    at time   63196561 ps
inst0 ch0:  R_CMD: ACTCMD    R_f1= 0x00    at time   63196975 ps
inst0 ch0:  C_CMD: WRCMD     C_r = 0x011   at time   63206497 ps
inst0 ch0:  C_CMD: WRCMD     C_f = 0x0b8   at time   63206911 ps
inst0 ch0:  C_CMD: WRCMD     C_r = 0x011   at time   63209809 ps
inst0 ch0:  C_CMD: WRCMD     C_f = 0x0ba   at time   63210223 ps
inst0 ch0:  C_CMD: WRCMD     C_r = 0x011   at time   63213121 ps
inst0 ch0:  C_CMD: WRCMD     C_f = 0x0a8   at time   63213535 ps
inst0 ch0:  C_CMD: WRCMD     C_r = 0x011   at time   63216433 ps
inst0 ch0:  C_CMD: WRCMD     C_f = 0x0aa   at time   63216847 ps
inst0 ch0:  C_CMD: WRCMD     C_r = 0x011   at time   63219745 ps
inst0 ch0:  C_CMD: WRCMD     C_f = 0x0b0   at time   63220159 ps
inst0 ch0:  C_CMD: WRCMD     C_r = 0x011   at time   63223057 ps
inst0 ch0:  C_CMD: WRCMD     C_f = 0x0b2   at time   63223471 ps
inst0 ch0:  C_CMD: WRCMD     C_r = 0x011   at time   63226369 ps
inst0 ch0:  C_CMD: WRCMD     C_f = 0x0a0   at time   63226783 ps
inst0 ch0:  C_CMD: WRCMD     C_r = 0x019   at time   63229681 ps
inst0 ch0:  C_CMD: WRCMD     C_f = 0x0a2   at time   63230095 ps
inst0 ch0:  R_CMD: ACTCMD    R_r0= 0x0a    at time   63309997 ps
inst0 ch0:  R_CMD: ACTCMD    R_f0= 0x00    at time   63310411 ps
inst0 ch0:  R_CMD: ACTCMD    R_r1= 0x00    at time   63310825 ps
inst0 ch0:  R_CMD: ACTCMD    R_f1= 0x00    at time   63311239 ps
inst0 ch0:  C_CMD: RDCMD     C_r = 0x015   at time   63324901 ps
inst0 ch0:  C_CMD: RDCMD     C_f = 0x018   at time   63325315 ps
inst0 ch0:  C_CMD: RDCMD     C_r = 0x015   at time   63328213 ps
inst0 ch0:  C_CMD: RDCMD     C_f = 0x01a   at time   63328627 ps
inst0 ch0:  C_CMD: RDCMD     C_r = 0x015   at time   63331525 ps
inst0 ch0:  C_CMD: RDCMD     C_f = 0x010   at time   63331939 ps
inst0 ch0:  C_CMD: RDCMD     C_r = 0x015   at time   63334837 ps
inst0 ch0:  C_CMD: RDCMD     C_f = 0x012   at time   63335251 ps
inst0 ch0:  C_CMD: RDCMD     C_r = 0x015   at time   63338149 ps
inst0 ch0:  C_CMD: RDCMD     C_f = 0x008   at time   63338563 ps
inst0 ch0:  C_CMD: RDCMD     C_r = 0x015   at time   63341461 ps
inst0 ch0:  C_CMD: RDCMD     C_f = 0x00a   at time   63341875 ps
inst0 ch0:  C_CMD: RDCMD     C_r = 0x015   at time   63344773 ps
inst0 ch0:  C_CMD: RDCMD     C_f = 0x000   at time   63345187 ps
inst0 ch0:  C_CMD: RDCMD     C_r = 0x01d   at time   63348085 ps
inst0 ch0:  C_CMD: RDCMD     C_f = 0x002   at time   63348499 ps
inst0 ch0:  R_CMD: ACTCMD    R_r0= 0x0a    at time   63537697 ps
inst0 ch0:  R_CMD: ACTCMD    R_f0= 0x00    at time   63538111 ps
inst0 ch0:  R_CMD: ACTCMD    R_r1= 0x00    at time   63538525 ps
inst0 ch0:  R_CMD: ACTCMD    R_f1= 0x00    at time   63538939 ps
inst0 ch0:  C_CMD: RDCMD     C_r = 0x015   at time   63552601 ps
inst0 ch0:  C_CMD: RDCMD     C_f = 0x038   at time   63553015 ps
inst0 ch0:  C_CMD: RDCMD     C_r = 0x015   at time   63555913 ps
inst0 ch0:  C_CMD: RDCMD     C_f = 0x03a   at time   63556327 ps
inst0 ch0:  C_CMD: RDCMD     C_r = 0x015   at time   63559225 ps
inst0 ch0:  C_CMD: RDCMD     C_f = 0x030   at time   63559639 ps
inst0 ch0:  C_CMD: RDCMD     C_r = 0x015   at time   63562537 ps
inst0 ch0:  C_CMD: RDCMD     C_f = 0x032   at time   63562951 ps
inst0 ch0:  C_CMD: RDCMD     C_r = 0x015   at time   63565849 ps
inst0 ch0:  C_CMD: RDCMD     C_f = 0x028   at time   63566263 ps
inst0 ch0:  C_CMD: RDCMD     C_r = 0x015   at time   63569161 ps
inst0 ch0:  C_CMD: RDCMD     C_f = 0x02a   at time   63569575 ps
inst0 ch0:  C_CMD: RDCMD     C_r = 0x015   at time   63572473 ps
inst0 ch0:  C_CMD: RDCMD     C_f = 0x020   at time   63572887 ps
inst0 ch0:  C_CMD: RDCMD     C_r = 0x01d   at time   63575785 ps
inst0 ch0:  C_CMD: RDCMD     C_f = 0x022   at time   63576199 ps
inst0 ch0:  R_CMD: ACTCMD    R_r0= 0x0a    at time   63796033 ps
inst0 ch0:  R_CMD: ACTCMD    R_f0= 0x00    at time   63796447 ps
inst0 ch0:  R_CMD: ACTCMD    R_r1= 0x00    at time   63796861 ps
inst0 ch0:  R_CMD: ACTCMD    R_f1= 0x00    at time   63797275 ps
inst0 ch0:  C_CMD: WRCMD     C_r = 0x011   at time   63806797 ps
inst0 ch0:  C_CMD: WRCMD     C_f = 0x028   at time   63807211 ps
inst0 ch0:  C_CMD: WRCMD     C_r = 0x011   at time   63810109 ps
inst0 ch0:  C_CMD: WRCMD     C_f = 0x02a   at time   63810523 ps
inst0 ch0:  C_CMD: WRCMD     C_r = 0x011   at time   63813421 ps
inst0 ch0:  C_CMD: WRCMD     C_f = 0x038   at time   63813835 ps
inst0 ch0:  C_CMD: WRCMD     C_r = 0x011   at time   63816733 ps
inst0 ch0:  C_CMD: WRCMD     C_f = 0x03a   at time   63817147 ps
inst0 ch0:  C_CMD: WRCMD     C_r = 0x011   at time   63820045 ps
inst0 ch0:  C_CMD: WRCMD     C_f = 0x020   at time   63820459 ps
inst0 ch0:  C_CMD: WRCMD     C_r = 0x011   at time   63823357 ps
inst0 ch0:  C_CMD: WRCMD     C_f = 0x022   at time   63823771 ps
inst0 ch0:  C_CMD: WRCMD     C_r = 0x011   at time   63826669 ps
inst0 ch0:  C_CMD: WRCMD     C_f = 0x030   at time   63827083 ps
inst0 ch0:  C_CMD: WRCMD     C_r = 0x019   at time   63829981 ps
inst0 ch0:  C_CMD: WRCMD     C_f = 0x032   at time   63830395 ps
inst0 ch0:  R_CMD: ACTCMD    R_r0= 0x02    at time   64127233 ps
inst0 ch0:  R_CMD: ACTCMD    R_f0= 0x1b    at time   64127647 ps
inst0 ch0:  R_CMD: ACTCMD    R_r1= 0x3f    at time   64128061 ps
inst0 ch0:  R_CMD: ACTCMD    R_f1= 0x3b    at time   64128475 ps
inst0 ch0:  C_CMD: RDCMD     C_r = 0x005   at time   64142137 ps
inst0 ch0:  C_CMD: RDCMD     C_f = 0x080   at time   64142551 ps
inst0 ch0:  C_CMD: RDCMD     C_r = 0x00d   at time   64145449 ps
inst0 ch0:  C_CMD: RDCMD     C_f = 0x082   at time   64145863 ps
inst0 ch0:  R_CMD: ACTCMD    R_r0= 0x02    at time   64200097 ps
inst0 ch0:  R_CMD: ACTCMD    R_f0= 0x1b    at time   64200511 ps
inst0 ch0:  R_CMD: ACTCMD    R_r1= 0x3f    at time   64200925 ps
inst0 ch0:  R_CMD: ACTCMD    R_f1= 0x3b    at time   64201339 ps
inst0 ch0:  C_CMD: WRCMD     C_r = 0x001   at time   64210861 ps
inst0 ch0:  C_CMD: WRCMD     C_f = 0x080   at time   64211275 ps
inst0 ch0:  C_CMD: WRCMD     C_r = 0x009   at time   64214173 ps
inst0 ch0:  C_CMD: WRCMD     C_f = 0x082   at time   64214587 ps
inst0 ch0:  R_CMD: ACTCMD    R_r0= 0x02    at time   64479961 ps
inst0 ch0:  R_CMD: ACTCMD    R_f0= 0x1b    at time   64480375 ps
inst0 ch0:  R_CMD: ACTCMD    R_r1= 0x3f    at time   64480789 ps
inst0 ch0:  R_CMD: ACTCMD    R_f1= 0x3b    at time   64481203 ps
inst0 ch0:  C_CMD: RDCMD     C_r = 0x005   at time   64494865 ps
inst0 ch0:  C_CMD: RDCMD     C_f = 0x080   at time   64495279 ps
inst0 ch0:  C_CMD: RDCMD     C_r = 0x00d   at time   64498177 ps
inst0 ch0:  C_CMD: RDCMD     C_f = 0x082   at time   64498591 ps
inst0 ch0:  R_CMD: ACTCMD    R_r0= 0x02    at time   64550341 ps
inst0 ch0:  R_CMD: ACTCMD    R_f0= 0x1b    at time   64550755 ps
inst0 ch0:  R_CMD: ACTCMD    R_r1= 0x3f    at time   64551169 ps
inst0 ch0:  R_CMD: ACTCMD    R_f1= 0x3b    at time   64551583 ps
inst0 ch0:  C_CMD: WRCMD     C_r = 0x001   at time   64561105 ps
inst0 ch0:  C_CMD: WRCMD     C_f = 0x080   at time   64561519 ps
inst0 ch0:  C_CMD: WRCMD     C_r = 0x009   at time   64564417 ps
inst0 ch0:  C_CMD: WRCMD     C_f = 0x082   at time   64564831 ps
inst0 ch0:  R_CMD: ACTCMD    R_r0= 0x0a    at time   64787977 ps
inst0 ch0:  R_CMD: ACTCMD    R_f0= 0x19    at time   64788391 ps
inst0 ch0:  R_CMD: ACTCMD    R_r1= 0x3f    at time   64788805 ps
inst0 ch0:  R_CMD: ACTCMD    R_f1= 0x3b    at time   64789219 ps
inst0 ch0:  R_CMD: ACTCMD    R_r0= 0x02    at time   64792117 ps
inst0 ch0:  R_CMD: ACTCMD    R_f0= 0x19    at time   64792531 ps
inst0 ch0:  R_CMD: ACTCMD    R_r1= 0x3f    at time   64792945 ps
inst0 ch0:  R_CMD: ACTCMD    R_f1= 0x3b    at time   64793359 ps
inst0 ch0:  C_CMD: RDCMD     C_r = 0x015   at time   64802881 ps
inst0 ch0:  C_CMD: RDCMD     C_f = 0x0f8   at time   64803295 ps
inst0 ch0:  C_CMD: RDCMD     C_r = 0x01d   at time   64806193 ps
inst0 ch0:  C_CMD: RDCMD     C_f = 0x0fa   at time   64806607 ps
inst0 ch0:  C_CMD: RDCMD     C_r = 0x005   at time   64809505 ps
inst0 ch0:  C_CMD: RDCMD     C_f = 0x0f8   at time   64809919 ps
inst0 ch0:  C_CMD: RDCMD     C_r = 0x00d   at time   64812817 ps
inst0 ch0:  C_CMD: RDCMD     C_f = 0x0fa   at time   64813231 ps
inst0 ch0:  R_CMD: ACTCMD    R_r0= 0x0a    at time   64858357 ps
inst0 ch0:  R_CMD: ACTCMD    R_f0= 0x19    at time   64858771 ps
inst0 ch0:  R_CMD: ACTCMD    R_r1= 0x3f    at time   64859185 ps
inst0 ch0:  R_CMD: ACTCMD    R_f1= 0x3b    at time   64859599 ps
inst0 ch0:  R_CMD: ACTCMD    R_r0= 0x02    at time   64862497 ps
inst0 ch0:  R_CMD: ACTCMD    R_f0= 0x19    at time   64862911 ps
inst0 ch0:  R_CMD: ACTCMD    R_r1= 0x3f    at time   64863325 ps
inst0 ch0:  R_CMD: ACTCMD    R_f1= 0x3b    at time   64863739 ps
inst0 ch0:  C_CMD: WRCMD     C_r = 0x011   at time   64869121 ps
inst0 ch0:  C_CMD: WRCMD     C_f = 0x0f8   at time   64869535 ps
inst0 ch0:  C_CMD: WRCMD     C_r = 0x019   at time   64872433 ps
inst0 ch0:  C_CMD: WRCMD     C_f = 0x0fa   at time   64872847 ps
inst0 ch0:  C_CMD: WRCMD     C_r = 0x001   at time   64875745 ps
inst0 ch0:  C_CMD: WRCMD     C_f = 0x0f8   at time   64876159 ps
inst0 ch0:  C_CMD: WRCMD     C_r = 0x009   at time   64879057 ps
inst0 ch0:  C_CMD: WRCMD     C_f = 0x0fa   at time   64879471 ps
inst0 ch0:  R_CMD: ACTCMD    R_r0= 0x02    at time   65193697 ps
inst0 ch0:  R_CMD: ACTCMD    R_f0= 0x13    at time   65194111 ps
inst0 ch0:  R_CMD: ACTCMD    R_r1= 0x3f    at time   65194525 ps
inst0 ch0:  R_CMD: ACTCMD    R_f1= 0x3b    at time   65194939 ps
inst0 ch0:  C_CMD: RDCMD     C_r = 0x005   at time   65208601 ps
inst0 ch0:  C_CMD: RDCMD     C_f = 0x000   at time   65209015 ps
inst0 ch0:  C_CMD: RDCMD     C_r = 0x00d   at time   65211913 ps
inst0 ch0:  C_CMD: RDCMD     C_f = 0x002   at time   65212327 ps
inst0 ch0:  R_CMD: ACTCMD    R_r0= 0x02    at time   65266561 ps
inst0 ch0:  R_CMD: ACTCMD    R_f0= 0x13    at time   65266975 ps
inst0 ch0:  R_CMD: ACTCMD    R_r1= 0x3f    at time   65267389 ps
inst0 ch0:  R_CMD: ACTCMD    R_f1= 0x3b    at time   65267803 ps
inst0 ch0:  C_CMD: WRCMD     C_r = 0x001   at time   65277325 ps
inst0 ch0:  C_CMD: WRCMD     C_f = 0x000   at time   65277739 ps
inst0 ch0:  C_CMD: WRCMD     C_r = 0x009   at time   65280637 ps
inst0 ch0:  C_CMD: WRCMD     C_f = 0x002   at time   65281051 ps
inst0 ch0:  R_CMD: ACTCMD    R_r0= 0x02    at time   65383309 ps
inst0 ch0:  R_CMD: ACTCMD    R_f0= 0x13    at time   65383723 ps
inst0 ch0:  R_CMD: ACTCMD    R_r1= 0x3f    at time   65384137 ps
inst0 ch0:  R_CMD: ACTCMD    R_f1= 0x3b    at time   65384551 ps
inst0 ch0:  C_CMD: RDCMD     C_r = 0x005   at time   65398213 ps
inst0 ch0:  C_CMD: RDCMD     C_f = 0x000   at time   65398627 ps
inst0 ch0:  C_CMD: RDCMD     C_r = 0x00d   at time   65401525 ps
inst0 ch0:  C_CMD: RDCMD     C_f = 0x002   at time   65401939 ps
inst0 ch0:  R_CMD: ACTCMD    R_r0= 0x0a    at time   65413117 ps
inst0 ch0:  R_CMD: ACTCMD    R_f0= 0x0a    at time   65413531 ps
inst0 ch0:  R_CMD: ACTCMD    R_r1= 0x00    at time   65413945 ps
inst0 ch0:  R_CMD: ACTCMD    R_f1= 0x00    at time   65414359 ps
inst0 ch0:  R_CMD: ACTCMD    R_r0= 0x02    at time   65417257 ps
inst0 ch0:  R_CMD: ACTCMD    R_f0= 0x0a    at time   65417671 ps
inst0 ch0:  R_CMD: ACTCMD    R_r1= 0x00    at time   65418085 ps
inst0 ch0:  R_CMD: ACTCMD    R_f1= 0x00    at time   65418499 ps
inst0 ch0:  C_CMD: RDCMD     C_r = 0x015   at time   65428021 ps
inst0 ch0:  C_CMD: RDCMD     C_f = 0x080   at time   65428435 ps
inst0 ch0:  C_CMD: RDCMD     C_r = 0x01d   at time   65431333 ps
inst0 ch0:  C_CMD: RDCMD     C_f = 0x082   at time   65431747 ps
inst0 ch0:  C_CMD: RDCMD     C_r = 0x005   at time   65434645 ps
inst0 ch0:  C_CMD: RDCMD     C_f = 0x080   at time   65435059 ps
inst0 ch0:  C_CMD: RDCMD     C_r = 0x00d   at time   65437957 ps
inst0 ch0:  C_CMD: RDCMD     C_f = 0x082   at time   65438371 ps
inst0 ch0:  R_CMD: ACTCMD    R_r0= 0x02    at time   65451205 ps
inst0 ch0:  R_CMD: ACTCMD    R_f0= 0x13    at time   65451619 ps
inst0 ch0:  R_CMD: ACTCMD    R_r1= 0x3f    at time   65452033 ps
inst0 ch0:  R_CMD: ACTCMD    R_f1= 0x3b    at time   65452447 ps
inst0 ch0:  C_CMD: WRCMD     C_r = 0x001   at time   65461969 ps
inst0 ch0:  C_CMD: WRCMD     C_f = 0x000   at time   65462383 ps
inst0 ch0:  C_CMD: WRCMD     C_r = 0x009   at time   65465281 ps
inst0 ch0:  C_CMD: WRCMD     C_f = 0x002   at time   65465695 ps
inst0 ch0:  R_CMD: ACTCMD    R_r0= 0x0a    at time   65845333 ps
inst0 ch0:  R_CMD: ACTCMD    R_f0= 0x11    at time   65845747 ps
inst0 ch0:  R_CMD: ACTCMD    R_r1= 0x3f    at time   65846161 ps
inst0 ch0:  R_CMD: ACTCMD    R_f1= 0x3b    at time   65846575 ps
inst0 ch0:  R_CMD: ACTCMD    R_r0= 0x02    at time   65849473 ps
inst0 ch0:  R_CMD: ACTCMD    R_f0= 0x11    at time   65849887 ps
inst0 ch0:  R_CMD: ACTCMD    R_r1= 0x3f    at time   65850301 ps
inst0 ch0:  R_CMD: ACTCMD    R_f1= 0x3b    at time   65850715 ps
inst0 ch0:  C_CMD: RDCMD     C_r = 0x015   at time   65860237 ps
inst0 ch0:  C_CMD: RDCMD     C_f = 0x078   at time   65860651 ps
inst0 ch0:  C_CMD: RDCMD     C_r = 0x01d   at time   65863549 ps
inst0 ch0:  C_CMD: RDCMD     C_f = 0x07a   at time   65863963 ps
inst0 ch0:  C_CMD: RDCMD     C_r = 0x005   at time   65866861 ps
inst0 ch0:  C_CMD: RDCMD     C_f = 0x078   at time   65867275 ps
inst0 ch0:  C_CMD: RDCMD     C_r = 0x00d   at time   65870173 ps
inst0 ch0:  C_CMD: RDCMD     C_f = 0x07a   at time   65870587 ps
inst0 ch0:  R_CMD: ACTCMD    R_r0= 0x02    at time   66112777 ps
inst0 ch0:  R_CMD: ACTCMD    R_f0= 0x11    at time   66113191 ps
inst0 ch0:  R_CMD: ACTCMD    R_r1= 0x3f    at time   66113605 ps
inst0 ch0:  R_CMD: ACTCMD    R_f1= 0x3b    at time   66114019 ps
inst0 ch0:  R_CMD: ACTCMD    R_r0= 0x0a    at time   66120229 ps
inst0 ch0:  R_CMD: ACTCMD    R_f0= 0x11    at time   66120643 ps
inst0 ch0:  R_CMD: ACTCMD    R_r1= 0x3f    at time   66121057 ps
inst0 ch0:  R_CMD: ACTCMD    R_f1= 0x3b    at time   66121471 ps
inst0 ch0:  C_CMD: WRCMD     C_r = 0x001   at time   66123541 ps
inst0 ch0:  C_CMD: WRCMD     C_f = 0x078   at time   66123955 ps
inst0 ch0:  C_CMD: WRCMD     C_r = 0x009   at time   66126853 ps
inst0 ch0:  C_CMD: WRCMD     C_f = 0x07a   at time   66127267 ps
inst0 ch0:  C_CMD: WRCMD     C_r = 0x011   at time   66130993 ps
inst0 ch0:  C_CMD: WRCMD     C_f = 0x078   at time   66131407 ps
inst0 ch0:  C_CMD: WRCMD     C_r = 0x019   at time   66134305 ps
inst0 ch0:  C_CMD: WRCMD     C_f = 0x07a   at time   66134719 ps
inst0 ch0:  R_CMD: ACTCMD    R_r0= 0x0a    at time   66417481 ps
inst0 ch0:  R_CMD: ACTCMD    R_f0= 0x02    at time   66417895 ps
inst0 ch0:  R_CMD: ACTCMD    R_r1= 0x00    at time   66418309 ps
inst0 ch0:  R_CMD: ACTCMD    R_f1= 0x00    at time   66418723 ps
inst0 ch0:  R_CMD: ACTCMD    R_r0= 0x02    at time   66421621 ps
inst0 ch0:  R_CMD: ACTCMD    R_f0= 0x02    at time   66422035 ps
inst0 ch0:  R_CMD: ACTCMD    R_r1= 0x00    at time   66422449 ps
inst0 ch0:  R_CMD: ACTCMD    R_f1= 0x00    at time   66422863 ps
inst0 ch0:  C_CMD: RDCMD     C_r = 0x015   at time   66432385 ps
inst0 ch0:  C_CMD: RDCMD     C_f = 0x000   at time   66432799 ps
inst0 ch0:  C_CMD: RDCMD     C_r = 0x01d   at time   66435697 ps
inst0 ch0:  C_CMD: RDCMD     C_f = 0x002   at time   66436111 ps
inst0 ch0:  C_CMD: RDCMD     C_r = 0x005   at time   66439009 ps
inst0 ch0:  C_CMD: RDCMD     C_f = 0x000   at time   66439423 ps
inst0 ch0:  C_CMD: RDCMD     C_r = 0x00d   at time   66442321 ps
inst0 ch0:  C_CMD: RDCMD     C_f = 0x002   at time   66442735 ps
