inst0 ch0:  R_CMD: ACTCMD    R_r0= 0x0e    at time   33400981 ps
inst0 ch0:  R_CMD: ACTCMD    R_f0= 0x28    at time   33401395 ps
inst0 ch0:  R_CMD: ACTCMD    R_r1= 0x00    at time   33401809 ps
inst0 ch0:  R_CMD: ACTCMD    R_f1= 0x02    at time   33402223 ps
inst0 ch0:  R_CMD: ACTCMD    R_r0= 0x0e    at time   33402637 ps
inst0 ch0:  R_CMD: ACTCMD    R_f0= 0x20    at time   33403051 ps
inst0 ch0:  R_CMD: ACTCMD    R_r1= 0x00    at time   33403465 ps
inst0 ch0:  R_CMD: ACTCMD    R_f1= 0x02    at time   33403879 ps
inst0 ch0:  C_CMD: RDCMD     C_r = 0x095   at time   33415885 ps
inst0 ch0:  C_CMD: RDCMD     C_f = 0x0a9   at time   33416299 ps
inst0 ch0:  C_CMD: RDCMD     C_r = 0x095   at time   33417541 ps
inst0 ch0:  C_CMD: RDCMD     C_f = 0x029   at time   33417955 ps
inst0 ch0:  C_CMD: RDCMD     C_r = 0x095   at time   33419197 ps
inst0 ch0:  C_CMD: RDCMD     C_f = 0x0ab   at time   33419611 ps
inst0 ch0:  C_CMD: RDCMD     C_r = 0x095   at time   33420853 ps
inst0 ch0:  C_CMD: RDCMD     C_f = 0x02b   at time   33421267 ps
inst0 ch0:  C_CMD: RDCMD     C_r = 0x095   at time   33422509 ps
inst0 ch0:  C_CMD: RDCMD     C_f = 0x0a1   at time   33422923 ps
inst0 ch0:  C_CMD: RDCMD     C_r = 0x095   at time   33424165 ps
inst0 ch0:  C_CMD: RDCMD     C_f = 0x021   at time   33424579 ps
inst0 ch0:  C_CMD: RDCMD     C_r = 0x09d   at time   33425821 ps
inst0 ch0:  C_CMD: RDCMD     C_f = 0x0a3   at time   33426235 ps
inst0 ch0:  C_CMD: RDCMD     C_r = 0x09d   at time   33427477 ps
inst0 ch0:  C_CMD: RDCMD     C_f = 0x023   at time   33427891 ps
inst0 ch0:  R_CMD: ACTCMD    R_r0= 0x0e    at time   33699889 ps
inst0 ch0:  R_CMD: ACTCMD    R_f0= 0x28    at time   33700303 ps
inst0 ch0:  R_CMD: ACTCMD    R_r1= 0x00    at time   33700717 ps
inst0 ch0:  R_CMD: ACTCMD    R_f1= 0x02    at time   33701131 ps
inst0 ch0:  R_CMD: ACTCMD    R_r0= 0x0e    at time   33701545 ps
inst0 ch0:  R_CMD: ACTCMD    R_f0= 0x20    at time   33701959 ps
inst0 ch0:  R_CMD: ACTCMD    R_r1= 0x00    at time   33702373 ps
inst0 ch0:  R_CMD: ACTCMD    R_f1= 0x02    at time   33702787 ps
inst0 ch0:  C_CMD: WRCMD     C_r = 0x091   at time   33710653 ps
inst0 ch0:  C_CMD: WRCMD     C_f = 0x0a9   at time   33711067 ps
inst0 ch0:  C_CMD: WRCMD     C_r = 0x091   at time   33712309 ps
inst0 ch0:  C_CMD: WRCMD     C_f = 0x029   at time   33712723 ps
inst0 ch0:  C_CMD: WRCMD     C_r = 0x091   at time   33713965 ps
inst0 ch0:  C_CMD: WRCMD     C_f = 0x0ab   at time   33714379 ps
inst0 ch0:  C_CMD: WRCMD     C_r = 0x091   at time   33715621 ps
inst0 ch0:  C_CMD: WRCMD     C_f = 0x02b   at time   33716035 ps
inst0 ch0:  C_CMD: WRCMD     C_r = 0x091   at time   33717277 ps
inst0 ch0:  C_CMD: WRCMD     C_f = 0x0a1   at time   33717691 ps
inst0 ch0:  C_CMD: WRCMD     C_r = 0x091   at time   33718933 ps
inst0 ch0:  C_CMD: WRCMD     C_f = 0x021   at time   33719347 ps
inst0 ch0:  C_CMD: WRCMD     C_r = 0x099   at time   33720589 ps
inst0 ch0:  C_CMD: WRCMD     C_f = 0x0a3   at time   33721003 ps
inst0 ch0:  C_CMD: WRCMD     C_r = 0x099   at time   33722245 ps
inst0 ch0:  C_CMD: WRCMD     C_f = 0x023   at time   33722659 ps
inst0 ch0:  R_CMD: ACTCMD    R_r0= 0x2e    at time   37773649 ps
inst0 ch0:  R_CMD: ACTCMD    R_f0= 0x28    at time   37774063 ps
inst0 ch0:  R_CMD: ACTCMD    R_r1= 0x00    at time   37774477 ps
inst0 ch0:  R_CMD: ACTCMD    R_f1= 0x02    at time   37774891 ps
inst0 ch0:  R_CMD: ACTCMD    R_r0= 0x2e    at time   37776133 ps
inst0 ch0:  R_CMD: ACTCMD    R_f0= 0x20    at time   37776547 ps
inst0 ch0:  R_CMD: ACTCMD    R_r1= 0x00    at time   37776961 ps
inst0 ch0:  R_CMD: ACTCMD    R_f1= 0x02    at time   37777375 ps
inst0 ch0:  C_CMD: RDCMD     C_r = 0x0d5   at time   37788553 ps
inst0 ch0:  C_CMD: RDCMD     C_f = 0x0a9   at time   37788967 ps
inst0 ch0:  C_CMD: RDCMD     C_r = 0x0d5   at time   37791037 ps
inst0 ch0:  C_CMD: RDCMD     C_f = 0x029   at time   37791451 ps
inst0 ch0:  C_CMD: RDCMD     C_r = 0x0dd   at time   37791865 ps
inst0 ch0:  C_CMD: RDCMD     C_f = 0x0ab   at time   37792279 ps
inst0 ch0:  C_CMD: RDCMD     C_r = 0x0dd   at time   37794349 ps
inst0 ch0:  C_CMD: RDCMD     C_f = 0x02b   at time   37794763 ps
inst0 ch0:  R_CMD: ACTCMD    R_r0= 0x2e    at time   37820845 ps
inst0 ch0:  R_CMD: ACTCMD    R_f0= 0x28    at time   37821259 ps
inst0 ch0:  R_CMD: ACTCMD    R_r1= 0x00    at time   37821673 ps
inst0 ch0:  R_CMD: ACTCMD    R_f1= 0x02    at time   37822087 ps
inst0 ch0:  R_CMD: ACTCMD    R_r0= 0x2e    at time   37823329 ps
inst0 ch0:  R_CMD: ACTCMD    R_f0= 0x20    at time   37823743 ps
inst0 ch0:  R_CMD: ACTCMD    R_r1= 0x00    at time   37824157 ps
inst0 ch0:  R_CMD: ACTCMD    R_f1= 0x02    at time   37824571 ps
inst0 ch0:  C_CMD: RDCMD     C_r = 0x0d5   at time   37835749 ps
inst0 ch0:  C_CMD: RDCMD     C_f = 0x0a1   at time   37836163 ps
inst0 ch0:  C_CMD: RDCMD     C_r = 0x0d5   at time   37838233 ps
inst0 ch0:  C_CMD: RDCMD     C_f = 0x021   at time   37838647 ps
inst0 ch0:  C_CMD: RDCMD     C_r = 0x0dd   at time   37839061 ps
inst0 ch0:  C_CMD: RDCMD     C_f = 0x0a3   at time   37839475 ps
inst0 ch0:  C_CMD: RDCMD     C_r = 0x0dd   at time   37841545 ps
inst0 ch0:  C_CMD: RDCMD     C_f = 0x023   at time   37841959 ps
inst0 ch0:  R_CMD: ACTCMD    R_r0= 0x2e    at time   37868041 ps
inst0 ch0:  R_CMD: ACTCMD    R_f0= 0x28    at time   37868455 ps
inst0 ch0:  R_CMD: ACTCMD    R_r1= 0x00    at time   37868869 ps
inst0 ch0:  R_CMD: ACTCMD    R_f1= 0x02    at time   37869283 ps
inst0 ch0:  R_CMD: ACTCMD    R_r0= 0x2e    at time   37870525 ps
inst0 ch0:  R_CMD: ACTCMD    R_f0= 0x20    at time   37870939 ps
inst0 ch0:  R_CMD: ACTCMD    R_r1= 0x00    at time   37871353 ps
inst0 ch0:  R_CMD: ACTCMD    R_f1= 0x02    at time   37871767 ps
inst0 ch0:  C_CMD: WRCMD     C_r = 0x0d1   at time   37878805 ps
inst0 ch0:  C_CMD: WRCMD     C_f = 0x0a9   at time   37879219 ps
inst0 ch0:  C_CMD: WRCMD     C_r = 0x0d1   at time   37881289 ps
inst0 ch0:  C_CMD: WRCMD     C_f = 0x029   at time   37881703 ps
inst0 ch0:  C_CMD: WRCMD     C_r = 0x0d9   at time   37882117 ps
inst0 ch0:  C_CMD: WRCMD     C_f = 0x0ab   at time   37882531 ps
inst0 ch0:  C_CMD: WRCMD     C_r = 0x0d9   at time   37884601 ps
inst0 ch0:  C_CMD: WRCMD     C_f = 0x02b   at time   37885015 ps
inst0 ch0:  R_CMD: ACTCMD    R_r0= 0x2e    at time   37920205 ps
inst0 ch0:  R_CMD: ACTCMD    R_f0= 0x28    at time   37920619 ps
inst0 ch0:  R_CMD: ACTCMD    R_r1= 0x00    at time   37921033 ps
inst0 ch0:  R_CMD: ACTCMD    R_f1= 0x02    at time   37921447 ps
inst0 ch0:  R_CMD: ACTCMD    R_r0= 0x2e    at time   37922689 ps
inst0 ch0:  R_CMD: ACTCMD    R_f0= 0x20    at time   37923103 ps
inst0 ch0:  R_CMD: ACTCMD    R_r1= 0x00    at time   37923517 ps
inst0 ch0:  R_CMD: ACTCMD    R_f1= 0x02    at time   37923931 ps
inst0 ch0:  C_CMD: WRCMD     C_r = 0x0d1   at time   37930969 ps
inst0 ch0:  C_CMD: WRCMD     C_f = 0x0a1   at time   37931383 ps
inst0 ch0:  C_CMD: WRCMD     C_r = 0x0d1   at time   37933453 ps
inst0 ch0:  C_CMD: WRCMD     C_f = 0x021   at time   37933867 ps
inst0 ch0:  C_CMD: WRCMD     C_r = 0x0d9   at time   37934281 ps
inst0 ch0:  C_CMD: WRCMD     C_f = 0x0a3   at time   37934695 ps
inst0 ch0:  C_CMD: WRCMD     C_r = 0x0d9   at time   37936765 ps
inst0 ch0:  C_CMD: WRCMD     C_f = 0x023   at time   37937179 ps
inst0 ch0:  R_CMD: ACTCMD    R_r0= 0x22    at time   54563833 ps
inst0 ch0:  R_CMD: ACTCMD    R_f0= 0x2a    at time   54564247 ps
inst0 ch0:  R_CMD: ACTCMD    R_r1= 0x00    at time   54564661 ps
inst0 ch0:  R_CMD: ACTCMD    R_f1= 0x00    at time   54565075 ps
inst0 ch0:  R_CMD: ACTCMD    R_r0= 0x02    at time   54567973 ps
inst0 ch0:  R_CMD: ACTCMD    R_f0= 0x2a    at time   54568387 ps
inst0 ch0:  R_CMD: ACTCMD    R_r1= 0x00    at time   54568801 ps
inst0 ch0:  R_CMD: ACTCMD    R_f1= 0x00    at time   54569215 ps
inst0 ch0:  R_CMD: ACTCMD    R_r0= 0x22    at time   54569629 ps
inst0 ch0:  R_CMD: ACTCMD    R_f0= 0x22    at time   54570043 ps
inst0 ch0:  R_CMD: ACTCMD    R_r1= 0x00    at time   54570457 ps
inst0 ch0:  R_CMD: ACTCMD    R_f1= 0x00    at time   54570871 ps
inst0 ch0:  R_CMD: ACTCMD    R_r0= 0x22    at time   54572113 ps
inst0 ch0:  R_CMD: ACTCMD    R_f0= 0x0a    at time   54572527 ps
inst0 ch0:  R_CMD: ACTCMD    R_r1= 0x00    at time   54572941 ps
inst0 ch0:  R_CMD: ACTCMD    R_f1= 0x00    at time   54573355 ps
inst0 ch0:  R_CMD: ACTCMD    R_r0= 0x02    at time   54573769 ps
inst0 ch0:  R_CMD: ACTCMD    R_f0= 0x22    at time   54574183 ps
inst0 ch0:  R_CMD: ACTCMD    R_r1= 0x00    at time   54574597 ps
inst0 ch0:  R_CMD: ACTCMD    R_f1= 0x00    at time   54575011 ps
inst0 ch0:  R_CMD: ACTCMD    R_r0= 0x02    at time   54576253 ps
inst0 ch0:  R_CMD: ACTCMD    R_f0= 0x0a    at time   54576667 ps
inst0 ch0:  R_CMD: ACTCMD    R_r1= 0x00    at time   54577081 ps
inst0 ch0:  R_CMD: ACTCMD    R_f1= 0x00    at time   54577495 ps
inst0 ch0:  R_CMD: ACTCMD    R_r0= 0x22    at time   54577909 ps
inst0 ch0:  R_CMD: ACTCMD    R_f0= 0x02    at time   54578323 ps
inst0 ch0:  R_CMD: ACTCMD    R_r1= 0x00    at time   54578737 ps
inst0 ch0:  C_CMD: RDCMD     C_r = 0x0c5   at time   54578737 ps
inst0 ch0:  R_CMD: ACTCMD    R_f1= 0x00    at time   54579151 ps
inst0 ch0:  C_CMD: RDCMD     C_f = 0x080   at time   54579151 ps
inst0 ch0:  R_CMD: ACTCMD    R_r0= 0x02    at time   54582049 ps
inst0 ch0:  C_CMD: RDCMD     C_r = 0x0cd   at time   54582049 ps
inst0 ch0:  R_CMD: ACTCMD    R_f0= 0x02    at time   54582463 ps
inst0 ch0:  C_CMD: RDCMD     C_f = 0x082   at time   54582463 ps
inst0 ch0:  R_CMD: ACTCMD    R_r1= 0x00    at time   54582877 ps
inst0 ch0:  R_CMD: ACTCMD    R_f1= 0x00    at time   54583291 ps
inst0 ch0:  C_CMD: RDCMD     C_r = 0x085   at time   54583705 ps
inst0 ch0:  C_CMD: RDCMD     C_f = 0x080   at time   54584119 ps
inst0 ch0:  C_CMD: RDCMD     C_r = 0x0c5   at time   54584533 ps
inst0 ch0:  C_CMD: RDCMD     C_f = 0x000   at time   54584947 ps
inst0 ch0:  C_CMD: RDCMD     C_r = 0x08d   at time   54587017 ps
inst0 ch0:  C_CMD: RDCMD     C_f = 0x082   at time   54587431 ps
inst0 ch0:  C_CMD: RDCMD     C_r = 0x0cd   at time   54587845 ps
inst0 ch0:  C_CMD: RDCMD     C_f = 0x002   at time   54588259 ps
inst0 ch0:  C_CMD: RDCMD     C_r = 0x045   at time   54588673 ps
inst0 ch0:  C_CMD: RDCMD     C_f = 0x080   at time   54589087 ps
inst0 ch0:  C_CMD: RDCMD     C_r = 0x085   at time   54589501 ps
inst0 ch0:  C_CMD: RDCMD     C_f = 0x000   at time   54589915 ps
inst0 ch0:  C_CMD: RDCMD     C_r = 0x005   at time   54591157 ps
inst0 ch0:  C_CMD: RDCMD     C_f = 0x080   at time   54591571 ps
inst0 ch0:  C_CMD: RDCMD     C_r = 0x04d   at time   54592813 ps
inst0 ch0:  C_CMD: RDCMD     C_f = 0x082   at time   54593227 ps
inst0 ch0:  C_CMD: RDCMD     C_r = 0x08d   at time   54593641 ps
inst0 ch0:  C_CMD: RDCMD     C_f = 0x002   at time   54594055 ps
inst0 ch0:  C_CMD: RDCMD     C_r = 0x00d   at time   54594469 ps
inst0 ch0:  C_CMD: RDCMD     C_f = 0x082   at time   54594883 ps
inst0 ch0:  C_CMD: RDCMD     C_r = 0x045   at time   54595297 ps
inst0 ch0:  C_CMD: RDCMD     C_f = 0x000   at time   54595711 ps
inst0 ch0:  C_CMD: RDCMD     C_r = 0x005   at time   54596953 ps
inst0 ch0:  C_CMD: RDCMD     C_f = 0x000   at time   54597367 ps
inst0 ch0:  C_CMD: RDCMD     C_r = 0x04d   at time   54598609 ps
inst0 ch0:  C_CMD: RDCMD     C_f = 0x002   at time   54599023 ps
inst0 ch0:  C_CMD: RDCMD     C_r = 0x00d   at time   54600265 ps
inst0 ch0:  C_CMD: RDCMD     C_f = 0x002   at time   54600679 ps
inst0 ch0:  R_CMD: ACTCMD    R_r0= 0x2a    at time   55148401 ps
inst0 ch0:  R_CMD: ACTCMD    R_f0= 0x22    at time   55148815 ps
inst0 ch0:  R_CMD: ACTCMD    R_r1= 0x00    at time   55149229 ps
inst0 ch0:  R_CMD: ACTCMD    R_f1= 0x00    at time   55149643 ps
inst0 ch0:  R_CMD: ACTCMD    R_r0= 0x0a    at time   55152541 ps
inst0 ch0:  R_CMD: ACTCMD    R_f0= 0x22    at time   55152955 ps
inst0 ch0:  R_CMD: ACTCMD    R_r1= 0x00    at time   55153369 ps
inst0 ch0:  R_CMD: ACTCMD    R_f1= 0x00    at time   55153783 ps
inst0 ch0:  R_CMD: ACTCMD    R_r0= 0x2a    at time   55156681 ps
inst0 ch0:  R_CMD: ACTCMD    R_f0= 0x02    at time   55157095 ps
inst0 ch0:  R_CMD: ACTCMD    R_r1= 0x00    at time   55157509 ps
inst0 ch0:  R_CMD: ACTCMD    R_f1= 0x00    at time   55157923 ps
inst0 ch0:  R_CMD: ACTCMD    R_r0= 0x0a    at time   55160821 ps
inst0 ch0:  R_CMD: ACTCMD    R_f0= 0x02    at time   55161235 ps
inst0 ch0:  R_CMD: ACTCMD    R_r1= 0x00    at time   55161649 ps
inst0 ch0:  R_CMD: ACTCMD    R_f1= 0x00    at time   55162063 ps
inst0 ch0:  R_CMD: ACTCMD    R_r0= 0x2a    at time   55162477 ps
inst0 ch0:  R_CMD: ACTCMD    R_f0= 0x2a    at time   55162891 ps
inst0 ch0:  R_CMD: ACTCMD    R_r1= 0x00    at time   55163305 ps
inst0 ch0:  C_CMD: RDCMD     C_r = 0x0d5   at time   55163305 ps
inst0 ch0:  R_CMD: ACTCMD    R_f1= 0x00    at time   55163719 ps
inst0 ch0:  C_CMD: RDCMD     C_f = 0x000   at time   55163719 ps
inst0 ch0:  R_CMD: ACTCMD    R_r0= 0x0a    at time   55166617 ps
inst0 ch0:  C_CMD: RDCMD     C_r = 0x0dd   at time   55166617 ps
inst0 ch0:  R_CMD: ACTCMD    R_f0= 0x2a    at time   55167031 ps
inst0 ch0:  C_CMD: RDCMD     C_f = 0x002   at time   55167031 ps
inst0 ch0:  R_CMD: ACTCMD    R_r1= 0x00    at time   55167445 ps
inst0 ch0:  R_CMD: ACTCMD    R_f1= 0x00    at time   55167859 ps
inst0 ch0:  C_CMD: RDCMD     C_r = 0x095   at time   55168273 ps
inst0 ch0:  C_CMD: RDCMD     C_f = 0x000   at time   55168687 ps
inst0 ch0:  R_CMD: ACTCMD    R_r0= 0x2a    at time   55170757 ps
inst0 ch0:  R_CMD: ACTCMD    R_f0= 0x0a    at time   55171171 ps
inst0 ch0:  R_CMD: ACTCMD    R_r1= 0x00    at time   55171585 ps
inst0 ch0:  C_CMD: RDCMD     C_r = 0x09d   at time   55171585 ps
inst0 ch0:  R_CMD: ACTCMD    R_f1= 0x00    at time   55171999 ps
inst0 ch0:  C_CMD: RDCMD     C_f = 0x002   at time   55171999 ps
inst0 ch0:  C_CMD: RDCMD     C_r = 0x055   at time   55173241 ps
inst0 ch0:  C_CMD: RDCMD     C_f = 0x000   at time   55173655 ps
inst0 ch0:  R_CMD: ACTCMD    R_r0= 0x0a    at time   55174897 ps
inst0 ch0:  R_CMD: ACTCMD    R_f0= 0x0a    at time   55175311 ps
inst0 ch0:  R_CMD: ACTCMD    R_r1= 0x00    at time   55175725 ps
inst0 ch0:  C_CMD: RDCMD     C_r = 0x015   at time   55175725 ps
inst0 ch0:  R_CMD: ACTCMD    R_f1= 0x00    at time   55176139 ps
inst0 ch0:  C_CMD: RDCMD     C_f = 0x000   at time   55176139 ps
inst0 ch0:  C_CMD: RDCMD     C_r = 0x05d   at time   55177381 ps
inst0 ch0:  C_CMD: RDCMD     C_f = 0x002   at time   55177795 ps
inst0 ch0:  C_CMD: RDCMD     C_r = 0x0d5   at time   55178209 ps
inst0 ch0:  C_CMD: RDCMD     C_f = 0x080   at time   55178623 ps
inst0 ch0:  C_CMD: RDCMD     C_r = 0x01d   at time   55179037 ps
inst0 ch0:  C_CMD: RDCMD     C_f = 0x002   at time   55179451 ps
inst0 ch0:  C_CMD: RDCMD     C_r = 0x0dd   at time   55181521 ps
inst0 ch0:  C_CMD: RDCMD     C_f = 0x082   at time   55181935 ps
inst0 ch0:  C_CMD: RDCMD     C_r = 0x095   at time   55183177 ps
inst0 ch0:  C_CMD: RDCMD     C_f = 0x080   at time   55183591 ps
inst0 ch0:  C_CMD: RDCMD     C_r = 0x055   at time   55185661 ps
inst0 ch0:  C_CMD: RDCMD     C_f = 0x080   at time   55186075 ps
inst0 ch0:  C_CMD: RDCMD     C_r = 0x09d   at time   55187317 ps
inst0 ch0:  C_CMD: RDCMD     C_f = 0x082   at time   55187731 ps
inst0 ch0:  C_CMD: RDCMD     C_r = 0x05d   at time   55188973 ps
inst0 ch0:  C_CMD: RDCMD     C_f = 0x082   at time   55189387 ps
inst0 ch0:  C_CMD: RDCMD     C_r = 0x015   at time   55190629 ps
inst0 ch0:  C_CMD: RDCMD     C_f = 0x080   at time   55191043 ps
inst0 ch0:  C_CMD: RDCMD     C_r = 0x01d   at time   55193941 ps
inst0 ch0:  C_CMD: RDCMD     C_f = 0x082   at time   55194355 ps
inst0 ch0:  R_CMD: ACTCMD    R_r0= 0x32    at time   55423297 ps
inst0 ch0:  R_CMD: ACTCMD    R_f0= 0x22    at time   55423711 ps
inst0 ch0:  R_CMD: ACTCMD    R_r1= 0x00    at time   55424125 ps
inst0 ch0:  R_CMD: ACTCMD    R_f1= 0x00    at time   55424539 ps
inst0 ch0:  R_CMD: ACTCMD    R_r0= 0x12    at time   55427437 ps
inst0 ch0:  R_CMD: ACTCMD    R_f0= 0x22    at time   55427851 ps
inst0 ch0:  R_CMD: ACTCMD    R_r1= 0x00    at time   55428265 ps
inst0 ch0:  R_CMD: ACTCMD    R_f1= 0x00    at time   55428679 ps
inst0 ch0:  R_CMD: ACTCMD    R_r0= 0x32    at time   55431577 ps
inst0 ch0:  R_CMD: ACTCMD    R_f0= 0x02    at time   55431991 ps
inst0 ch0:  R_CMD: ACTCMD    R_r1= 0x00    at time   55432405 ps
inst0 ch0:  R_CMD: ACTCMD    R_f1= 0x00    at time   55432819 ps
inst0 ch0:  R_CMD: ACTCMD    R_r0= 0x32    at time   55433233 ps
inst0 ch0:  R_CMD: ACTCMD    R_f0= 0x2a    at time   55433647 ps
inst0 ch0:  R_CMD: ACTCMD    R_r1= 0x00    at time   55434061 ps
inst0 ch0:  R_CMD: ACTCMD    R_f1= 0x00    at time   55434475 ps
inst0 ch0:  R_CMD: ACTCMD    R_r0= 0x12    at time   55435717 ps
inst0 ch0:  R_CMD: ACTCMD    R_f0= 0x02    at time   55436131 ps
inst0 ch0:  R_CMD: ACTCMD    R_r1= 0x00    at time   55436545 ps
inst0 ch0:  R_CMD: ACTCMD    R_f1= 0x00    at time   55436959 ps
inst0 ch0:  R_CMD: ACTCMD    R_r0= 0x12    at time   55437373 ps
inst0 ch0:  R_CMD: ACTCMD    R_f0= 0x2a    at time   55437787 ps
inst0 ch0:  R_CMD: ACTCMD    R_r1= 0x00    at time   55438201 ps
inst0 ch0:  C_CMD: RDCMD     C_r = 0x0e5   at time   55438201 ps
inst0 ch0:  R_CMD: ACTCMD    R_f1= 0x00    at time   55438615 ps
inst0 ch0:  C_CMD: RDCMD     C_f = 0x000   at time   55438615 ps
inst0 ch0:  R_CMD: ACTCMD    R_r0= 0x32    at time   55441513 ps
inst0 ch0:  C_CMD: RDCMD     C_r = 0x0ed   at time   55441513 ps
inst0 ch0:  R_CMD: ACTCMD    R_f0= 0x0a    at time   55441927 ps
inst0 ch0:  C_CMD: RDCMD     C_f = 0x002   at time   55441927 ps
inst0 ch0:  R_CMD: ACTCMD    R_r1= 0x00    at time   55442341 ps
inst0 ch0:  R_CMD: ACTCMD    R_f1= 0x00    at time   55442755 ps
inst0 ch0:  C_CMD: RDCMD     C_r = 0x0a5   at time   55443169 ps
inst0 ch0:  C_CMD: RDCMD     C_f = 0x000   at time   55443583 ps
inst0 ch0:  R_CMD: ACTCMD    R_r0= 0x12    at time   55445653 ps
inst0 ch0:  R_CMD: ACTCMD    R_f0= 0x0a    at time   55446067 ps
inst0 ch0:  R_CMD: ACTCMD    R_r1= 0x00    at time   55446481 ps
inst0 ch0:  C_CMD: RDCMD     C_r = 0x0ad   at time   55446481 ps
inst0 ch0:  R_CMD: ACTCMD    R_f1= 0x00    at time   55446895 ps
inst0 ch0:  C_CMD: RDCMD     C_f = 0x002   at time   55446895 ps
inst0 ch0:  C_CMD: RDCMD     C_r = 0x065   at time   55448137 ps
inst0 ch0:  C_CMD: RDCMD     C_f = 0x000   at time   55448551 ps
inst0 ch0:  C_CMD: RDCMD     C_r = 0x0e5   at time   55448965 ps
inst0 ch0:  C_CMD: RDCMD     C_f = 0x080   at time   55449379 ps
inst0 ch0:  C_CMD: RDCMD     C_r = 0x025   at time   55450621 ps
inst0 ch0:  C_CMD: RDCMD     C_f = 0x000   at time   55451035 ps
inst0 ch0:  C_CMD: RDCMD     C_r = 0x06d   at time   55452277 ps
inst0 ch0:  C_CMD: RDCMD     C_f = 0x002   at time   55452691 ps
inst0 ch0:  C_CMD: RDCMD     C_r = 0x0ed   at time   55453105 ps
inst0 ch0:  C_CMD: RDCMD     C_f = 0x082   at time   55453519 ps
inst0 ch0:  C_CMD: RDCMD     C_r = 0x02d   at time   55453933 ps
inst0 ch0:  C_CMD: RDCMD     C_f = 0x002   at time   55454347 ps
inst0 ch0:  C_CMD: RDCMD     C_r = 0x0a5   at time   55454761 ps
inst0 ch0:  C_CMD: RDCMD     C_f = 0x080   at time   55455175 ps
inst0 ch0:  C_CMD: RDCMD     C_r = 0x065   at time   55456417 ps
inst0 ch0:  C_CMD: RDCMD     C_f = 0x080   at time   55456831 ps
inst0 ch0:  C_CMD: RDCMD     C_r = 0x0ad   at time   55458073 ps
inst0 ch0:  C_CMD: RDCMD     C_f = 0x082   at time   55458487 ps
inst0 ch0:  C_CMD: RDCMD     C_r = 0x06d   at time   55459729 ps
inst0 ch0:  C_CMD: RDCMD     C_f = 0x082   at time   55460143 ps
inst0 ch0:  C_CMD: RDCMD     C_r = 0x025   at time   55461385 ps
inst0 ch0:  C_CMD: RDCMD     C_f = 0x080   at time   55461799 ps
inst0 ch0:  C_CMD: RDCMD     C_r = 0x02d   at time   55464697 ps
inst0 ch0:  C_CMD: RDCMD     C_f = 0x082   at time   55465111 ps
inst0 ch0:  R_CMD: ACTCMD    R_r0= 0x3a    at time   55862137 ps
inst0 ch0:  R_CMD: ACTCMD    R_f0= 0x22    at time   55862551 ps
inst0 ch0:  R_CMD: ACTCMD    R_r1= 0x00    at time   55862965 ps
inst0 ch0:  R_CMD: ACTCMD    R_f1= 0x00    at time   55863379 ps
inst0 ch0:  R_CMD: ACTCMD    R_r0= 0x1a    at time   55866277 ps
inst0 ch0:  R_CMD: ACTCMD    R_f0= 0x22    at time   55866691 ps
inst0 ch0:  R_CMD: ACTCMD    R_r1= 0x00    at time   55867105 ps
inst0 ch0:  R_CMD: ACTCMD    R_f1= 0x00    at time   55867519 ps
inst0 ch0:  R_CMD: ACTCMD    R_r0= 0x3a    at time   55870417 ps
inst0 ch0:  R_CMD: ACTCMD    R_f0= 0x02    at time   55870831 ps
inst0 ch0:  R_CMD: ACTCMD    R_r1= 0x00    at time   55871245 ps
inst0 ch0:  R_CMD: ACTCMD    R_f1= 0x00    at time   55871659 ps
inst0 ch0:  R_CMD: ACTCMD    R_r0= 0x1a    at time   55874557 ps
inst0 ch0:  R_CMD: ACTCMD    R_f0= 0x02    at time   55874971 ps
inst0 ch0:  R_CMD: ACTCMD    R_r1= 0x00    at time   55875385 ps
inst0 ch0:  R_CMD: ACTCMD    R_f1= 0x00    at time   55875799 ps
inst0 ch0:  C_CMD: RDCMD     C_r = 0x0f5   at time   55877041 ps
inst0 ch0:  C_CMD: RDCMD     C_f = 0x000   at time   55877455 ps
inst0 ch0:  C_CMD: RDCMD     C_r = 0x0fd   at time   55880353 ps
inst0 ch0:  C_CMD: RDCMD     C_f = 0x002   at time   55880767 ps
inst0 ch0:  C_CMD: RDCMD     C_r = 0x0b5   at time   55882009 ps
inst0 ch0:  C_CMD: RDCMD     C_f = 0x000   at time   55882423 ps
inst0 ch0:  R_CMD: ACTCMD    R_r0= 0x3a    at time   55882837 ps
inst0 ch0:  R_CMD: ACTCMD    R_f0= 0x2a    at time   55883251 ps
inst0 ch0:  R_CMD: ACTCMD    R_r1= 0x00    at time   55883665 ps
inst0 ch0:  R_CMD: ACTCMD    R_f1= 0x00    at time   55884079 ps
inst0 ch0:  C_CMD: RDCMD     C_r = 0x0bd   at time   55885321 ps
inst0 ch0:  C_CMD: RDCMD     C_f = 0x002   at time   55885735 ps
inst0 ch0:  R_CMD: ACTCMD    R_r0= 0x1a    at time   55886977 ps
inst0 ch0:  C_CMD: RDCMD     C_r = 0x075   at time   55886977 ps
inst0 ch0:  R_CMD: ACTCMD    R_f0= 0x2a    at time   55887391 ps
inst0 ch0:  C_CMD: RDCMD     C_f = 0x000   at time   55887391 ps
inst0 ch0:  R_CMD: ACTCMD    R_r1= 0x00    at time   55887805 ps
inst0 ch0:  R_CMD: ACTCMD    R_f1= 0x00    at time   55888219 ps
inst0 ch0:  C_CMD: RDCMD     C_r = 0x035   at time   55889461 ps
inst0 ch0:  C_CMD: RDCMD     C_f = 0x000   at time   55889875 ps
inst0 ch0:  R_CMD: ACTCMD    R_r0= 0x3a    at time   55891117 ps
inst0 ch0:  C_CMD: RDCMD     C_r = 0x07d   at time   55891117 ps
inst0 ch0:  R_CMD: ACTCMD    R_f0= 0x0a    at time   55891531 ps
inst0 ch0:  C_CMD: RDCMD     C_f = 0x002   at time   55891531 ps
inst0 ch0:  R_CMD: ACTCMD    R_r1= 0x00    at time   55891945 ps
inst0 ch0:  R_CMD: ACTCMD    R_f1= 0x00    at time   55892359 ps
inst0 ch0:  C_CMD: RDCMD     C_r = 0x03d   at time   55892773 ps
inst0 ch0:  C_CMD: RDCMD     C_f = 0x002   at time   55893187 ps
inst0 ch0:  R_CMD: ACTCMD    R_r0= 0x1a    at time   55895257 ps
inst0 ch0:  R_CMD: ACTCMD    R_f0= 0x0a    at time   55895671 ps
inst0 ch0:  R_CMD: ACTCMD    R_r1= 0x00    at time   55896085 ps
inst0 ch0:  R_CMD: ACTCMD    R_f1= 0x00    at time   55896499 ps
inst0 ch0:  C_CMD: RDCMD     C_r = 0x0f5   at time   55897741 ps
inst0 ch0:  C_CMD: RDCMD     C_f = 0x080   at time   55898155 ps
inst0 ch0:  C_CMD: RDCMD     C_r = 0x0fd   at time   55901053 ps
inst0 ch0:  C_CMD: RDCMD     C_f = 0x082   at time   55901467 ps
inst0 ch0:  C_CMD: RDCMD     C_r = 0x0b5   at time   55902709 ps
inst0 ch0:  C_CMD: RDCMD     C_f = 0x080   at time   55903123 ps
inst0 ch0:  C_CMD: RDCMD     C_r = 0x0bd   at time   55906021 ps
inst0 ch0:  C_CMD: RDCMD     C_f = 0x082   at time   55906435 ps
inst0 ch0:  C_CMD: RDCMD     C_r = 0x075   at time   55907677 ps
inst0 ch0:  C_CMD: RDCMD     C_f = 0x080   at time   55908091 ps
inst0 ch0:  C_CMD: RDCMD     C_r = 0x035   at time   55910161 ps
inst0 ch0:  C_CMD: RDCMD     C_f = 0x080   at time   55910575 ps
inst0 ch0:  C_CMD: RDCMD     C_r = 0x07d   at time   55911817 ps
inst0 ch0:  C_CMD: RDCMD     C_f = 0x082   at time   55912231 ps
inst0 ch0:  C_CMD: RDCMD     C_r = 0x03d   at time   55913473 ps
inst0 ch0:  C_CMD: RDCMD     C_f = 0x082   at time   55913887 ps
inst0 ch0:  R_CMD: ACTCMD    R_r0= 0x02    at time   56202445 ps
inst0 ch0:  R_CMD: ACTCMD    R_f0= 0x10    at time   56202859 ps
inst0 ch0:  R_CMD: ACTCMD    R_r1= 0x3f    at time   56203273 ps
inst0 ch0:  R_CMD: ACTCMD    R_f1= 0x3b    at time   56203687 ps
inst0 ch0:  C_CMD: RDCMD     C_r = 0x005   at time   56217349 ps
inst0 ch0:  C_CMD: RDCMD     C_f = 0x078   at time   56217763 ps
inst0 ch0:  C_CMD: RDCMD     C_r = 0x00d   at time   56220661 ps
inst0 ch0:  C_CMD: RDCMD     C_f = 0x07a   at time   56221075 ps
inst0 ch0:  R_CMD: ACTCMD    R_r0= 0x02    at time   56319193 ps
inst0 ch0:  R_CMD: ACTCMD    R_f0= 0x10    at time   56319607 ps
inst0 ch0:  R_CMD: ACTCMD    R_r1= 0x3f    at time   56320021 ps
inst0 ch0:  R_CMD: ACTCMD    R_f1= 0x3b    at time   56320435 ps
inst0 ch0:  R_CMD: ACTCMD    R_r0= 0x02    at time   56321677 ps
inst0 ch0:  R_CMD: ACTCMD    R_f0= 0x18    at time   56322091 ps
inst0 ch0:  R_CMD: ACTCMD    R_r1= 0x3f    at time   56322505 ps
inst0 ch0:  R_CMD: ACTCMD    R_f1= 0x3b    at time   56322919 ps
inst0 ch0:  C_CMD: WRCMD     C_r = 0x001   at time   56329957 ps
inst0 ch0:  C_CMD: WRCMD     C_f = 0x078   at time   56330371 ps
inst0 ch0:  C_CMD: WRCMD     C_r = 0x009   at time   56333269 ps
inst0 ch0:  C_CMD: WRCMD     C_f = 0x07a   at time   56333683 ps
inst0 ch0:  C_CMD: RDCMD     C_r = 0x005   at time   56336581 ps
inst0 ch0:  C_CMD: RDCMD     C_f = 0x0f8   at time   56336995 ps
inst0 ch0:  C_CMD: RDCMD     C_r = 0x00d   at time   56339893 ps
inst0 ch0:  C_CMD: RDCMD     C_f = 0x0fa   at time   56340307 ps
inst0 ch0:  R_CMD: ACTCMD    R_r0= 0x02    at time   56394541 ps
inst0 ch0:  R_CMD: ACTCMD    R_f0= 0x18    at time   56394955 ps
inst0 ch0:  R_CMD: ACTCMD    R_r1= 0x3f    at time   56395369 ps
inst0 ch0:  R_CMD: ACTCMD    R_f1= 0x3b    at time   56395783 ps
inst0 ch0:  C_CMD: WRCMD     C_r = 0x001   at time   56405305 ps
inst0 ch0:  C_CMD: WRCMD     C_f = 0x0f8   at time   56405719 ps
inst0 ch0:  C_CMD: WRCMD     C_r = 0x009   at time   56408617 ps
inst0 ch0:  C_CMD: WRCMD     C_f = 0x0fa   at time   56409031 ps
inst0 ch0:  R_CMD: ACTCMD    R_r0= 0x0a    at time   56551861 ps
inst0 ch0:  R_CMD: ACTCMD    R_f0= 0x10    at time   56552275 ps
inst0 ch0:  R_CMD: ACTCMD    R_r1= 0x3f    at time   56552689 ps
inst0 ch0:  R_CMD: ACTCMD    R_f1= 0x3b    at time   56553103 ps
inst0 ch0:  C_CMD: RDCMD     C_r = 0x015   at time   56566765 ps
inst0 ch0:  C_CMD: RDCMD     C_f = 0x078   at time   56567179 ps
inst0 ch0:  C_CMD: RDCMD     C_r = 0x01d   at time   56570077 ps
inst0 ch0:  C_CMD: RDCMD     C_f = 0x07a   at time   56570491 ps
inst0 ch0:  R_CMD: ACTCMD    R_r0= 0x0a    at time   56600713 ps
inst0 ch0:  R_CMD: ACTCMD    R_f0= 0x18    at time   56601127 ps
inst0 ch0:  R_CMD: ACTCMD    R_r1= 0x3f    at time   56601541 ps
inst0 ch0:  R_CMD: ACTCMD    R_f1= 0x3b    at time   56601955 ps
inst0 ch0:  C_CMD: RDCMD     C_r = 0x015   at time   56615617 ps
inst0 ch0:  C_CMD: RDCMD     C_f = 0x0f8   at time   56616031 ps
inst0 ch0:  C_CMD: RDCMD     C_r = 0x01d   at time   56618929 ps
inst0 ch0:  C_CMD: RDCMD     C_f = 0x0fa   at time   56619343 ps
inst0 ch0:  R_CMD: ACTCMD    R_r0= 0x0a    at time   56878921 ps
inst0 ch0:  R_CMD: ACTCMD    R_f0= 0x10    at time   56879335 ps
inst0 ch0:  R_CMD: ACTCMD    R_r1= 0x3f    at time   56879749 ps
inst0 ch0:  R_CMD: ACTCMD    R_f1= 0x3b    at time   56880163 ps
inst0 ch0:  R_CMD: ACTCMD    R_r0= 0x0a    at time   56880577 ps
inst0 ch0:  R_CMD: ACTCMD    R_f0= 0x18    at time   56880991 ps
inst0 ch0:  R_CMD: ACTCMD    R_r1= 0x3f    at time   56881405 ps
inst0 ch0:  R_CMD: ACTCMD    R_f1= 0x3b    at time   56881819 ps
inst0 ch0:  C_CMD: WRCMD     C_r = 0x011   at time   56889685 ps
inst0 ch0:  C_CMD: WRCMD     C_f = 0x078   at time   56890099 ps
inst0 ch0:  C_CMD: WRCMD     C_r = 0x011   at time   56891341 ps
inst0 ch0:  C_CMD: WRCMD     C_f = 0x0f8   at time   56891755 ps
inst0 ch0:  C_CMD: WRCMD     C_r = 0x019   at time   56892997 ps
inst0 ch0:  C_CMD: WRCMD     C_f = 0x07a   at time   56893411 ps
inst0 ch0:  C_CMD: WRCMD     C_r = 0x019   at time   56894653 ps
inst0 ch0:  C_CMD: WRCMD     C_f = 0x0fa   at time   56895067 ps
inst0 ch0:  R_CMD: ACTCMD    R_r0= 0x02    at time   56966689 ps
inst0 ch0:  R_CMD: ACTCMD    R_f0= 0x30    at time   56967103 ps
inst0 ch0:  R_CMD: ACTCMD    R_r1= 0x3f    at time   56967517 ps
inst0 ch0:  R_CMD: ACTCMD    R_f1= 0x3b    at time   56967931 ps
inst0 ch0:  C_CMD: RDCMD     C_r = 0x085   at time   56981593 ps
inst0 ch0:  C_CMD: RDCMD     C_f = 0x078   at time   56982007 ps
inst0 ch0:  C_CMD: RDCMD     C_r = 0x08d   at time   56984905 ps
inst0 ch0:  C_CMD: RDCMD     C_f = 0x07a   at time   56985319 ps
inst0 ch0:  R_CMD: ACTCMD    R_r0= 0x02    at time   56989045 ps
inst0 ch0:  R_CMD: ACTCMD    R_f0= 0x38    at time   56989459 ps
inst0 ch0:  R_CMD: ACTCMD    R_r1= 0x3f    at time   56989873 ps
inst0 ch0:  R_CMD: ACTCMD    R_f1= 0x3b    at time   56990287 ps
inst0 ch0:  C_CMD: RDCMD     C_r = 0x085   at time   57003949 ps
inst0 ch0:  C_CMD: RDCMD     C_f = 0x0f8   at time   57004363 ps
inst0 ch0:  C_CMD: RDCMD     C_r = 0x08d   at time   57007261 ps
inst0 ch0:  C_CMD: RDCMD     C_f = 0x0fa   at time   57007675 ps
inst0 ch0:  R_CMD: ACTCMD    R_r0= 0x02    at time   57037069 ps
inst0 ch0:  R_CMD: ACTCMD    R_f0= 0x30    at time   57037483 ps
inst0 ch0:  R_CMD: ACTCMD    R_r1= 0x3f    at time   57037897 ps
inst0 ch0:  R_CMD: ACTCMD    R_f1= 0x3b    at time   57038311 ps
inst0 ch0:  C_CMD: WRCMD     C_r = 0x081   at time   57047833 ps
inst0 ch0:  C_CMD: WRCMD     C_f = 0x078   at time   57048247 ps
inst0 ch0:  C_CMD: WRCMD     C_r = 0x089   at time   57051145 ps
inst0 ch0:  C_CMD: WRCMD     C_f = 0x07a   at time   57051559 ps
inst0 ch0:  R_CMD: ACTCMD    R_r0= 0x02    at time   57060253 ps
inst0 ch0:  R_CMD: ACTCMD    R_f0= 0x38    at time   57060667 ps
inst0 ch0:  R_CMD: ACTCMD    R_r1= 0x3f    at time   57061081 ps
inst0 ch0:  R_CMD: ACTCMD    R_f1= 0x3b    at time   57061495 ps
inst0 ch0:  C_CMD: WRCMD     C_r = 0x081   at time   57071017 ps
inst0 ch0:  C_CMD: WRCMD     C_f = 0x0f8   at time   57071431 ps
inst0 ch0:  C_CMD: WRCMD     C_r = 0x089   at time   57074329 ps
inst0 ch0:  C_CMD: WRCMD     C_f = 0x0fa   at time   57074743 ps
inst0 ch0:  R_CMD: ACTCMD    R_r0= 0x0a    at time   57166237 ps
inst0 ch0:  R_CMD: ACTCMD    R_f0= 0x30    at time   57166651 ps
inst0 ch0:  R_CMD: ACTCMD    R_r1= 0x3f    at time   57167065 ps
inst0 ch0:  R_CMD: ACTCMD    R_f1= 0x3b    at time   57167479 ps
inst0 ch0:  C_CMD: RDCMD     C_r = 0x095   at time   57181141 ps
inst0 ch0:  C_CMD: RDCMD     C_f = 0x078   at time   57181555 ps
inst0 ch0:  C_CMD: RDCMD     C_r = 0x09d   at time   57184453 ps
inst0 ch0:  C_CMD: RDCMD     C_f = 0x07a   at time   57184867 ps
inst0 ch0:  R_CMD: ACTCMD    R_r0= 0x0a    at time   57239101 ps
inst0 ch0:  R_CMD: ACTCMD    R_f0= 0x30    at time   57239515 ps
inst0 ch0:  R_CMD: ACTCMD    R_r1= 0x3f    at time   57239929 ps
inst0 ch0:  R_CMD: ACTCMD    R_f1= 0x3b    at time   57240343 ps
inst0 ch0:  C_CMD: WRCMD     C_r = 0x091   at time   57249865 ps
inst0 ch0:  C_CMD: WRCMD     C_f = 0x078   at time   57250279 ps
inst0 ch0:  C_CMD: WRCMD     C_r = 0x099   at time   57253177 ps
inst0 ch0:  C_CMD: WRCMD     C_f = 0x07a   at time   57253591 ps
inst0 ch0:  R_CMD: ACTCMD    R_r0= 0x0a    at time   57330181 ps
inst0 ch0:  R_CMD: ACTCMD    R_f0= 0x38    at time   57330595 ps
inst0 ch0:  R_CMD: ACTCMD    R_r1= 0x3f    at time   57331009 ps
inst0 ch0:  R_CMD: ACTCMD    R_f1= 0x3b    at time   57331423 ps
inst0 ch0:  C_CMD: RDCMD     C_r = 0x095   at time   57345085 ps
inst0 ch0:  C_CMD: RDCMD     C_f = 0x0f8   at time   57345499 ps
inst0 ch0:  C_CMD: RDCMD     C_r = 0x09d   at time   57348397 ps
inst0 ch0:  C_CMD: RDCMD     C_f = 0x0fa   at time   57348811 ps
inst0 ch0:  R_CMD: ACTCMD    R_r0= 0x0a    at time   57403045 ps
inst0 ch0:  R_CMD: ACTCMD    R_f0= 0x38    at time   57403459 ps
inst0 ch0:  R_CMD: ACTCMD    R_r1= 0x3f    at time   57403873 ps
inst0 ch0:  R_CMD: ACTCMD    R_f1= 0x3b    at time   57404287 ps
inst0 ch0:  C_CMD: WRCMD     C_r = 0x091   at time   57413809 ps
inst0 ch0:  C_CMD: WRCMD     C_f = 0x0f8   at time   57414223 ps
inst0 ch0:  C_CMD: WRCMD     C_r = 0x099   at time   57417121 ps
inst0 ch0:  C_CMD: WRCMD     C_f = 0x0fa   at time   57417535 ps
inst0 ch0:  R_CMD: ACTCMD    R_r0= 0x0a    at time   58874401 ps
inst0 ch0:  R_CMD: ACTCMD    R_f0= 0x13    at time   58874815 ps
inst0 ch0:  R_CMD: ACTCMD    R_r1= 0x3f    at time   58875229 ps
inst0 ch0:  R_CMD: ACTCMD    R_f1= 0x3b    at time   58875643 ps
inst0 ch0:  C_CMD: RDCMD     C_r = 0x015   at time   58889305 ps
inst0 ch0:  C_CMD: RDCMD     C_f = 0x010   at time   58889719 ps
inst0 ch0:  C_CMD: RDCMD     C_r = 0x01d   at time   58892617 ps
inst0 ch0:  C_CMD: RDCMD     C_f = 0x012   at time   58893031 ps
inst0 ch0:  R_CMD: ACTCMD    R_r0= 0x0a    at time   58987009 ps
inst0 ch0:  R_CMD: ACTCMD    R_f0= 0x1b    at time   58987423 ps
inst0 ch0:  R_CMD: ACTCMD    R_r1= 0x3f    at time   58987837 ps
inst0 ch0:  R_CMD: ACTCMD    R_f1= 0x3b    at time   58988251 ps
inst0 ch0:  C_CMD: RDCMD     C_r = 0x015   at time   59001913 ps
inst0 ch0:  C_CMD: RDCMD     C_f = 0x090   at time   59002327 ps
inst0 ch0:  C_CMD: RDCMD     C_r = 0x01d   at time   59005225 ps
inst0 ch0:  C_CMD: RDCMD     C_f = 0x092   at time   59005639 ps
inst0 ch0:  R_CMD: ACTCMD    R_r0= 0x0a    at time   59087197 ps
inst0 ch0:  R_CMD: ACTCMD    R_f0= 0x13    at time   59087611 ps
inst0 ch0:  R_CMD: ACTCMD    R_r1= 0x3f    at time   59088025 ps
inst0 ch0:  R_CMD: ACTCMD    R_f1= 0x3b    at time   59088439 ps
inst0 ch0:  C_CMD: WRCMD     C_r = 0x011   at time   59097961 ps
inst0 ch0:  C_CMD: WRCMD     C_f = 0x010   at time   59098375 ps
inst0 ch0:  C_CMD: WRCMD     C_r = 0x019   at time   59101273 ps
inst0 ch0:  C_CMD: WRCMD     C_f = 0x012   at time   59101687 ps
inst0 ch0:  R_CMD: ACTCMD    R_r0= 0x0a    at time   59203117 ps
inst0 ch0:  R_CMD: ACTCMD    R_f0= 0x1b    at time   59203531 ps
inst0 ch0:  R_CMD: ACTCMD    R_r1= 0x3f    at time   59203945 ps
inst0 ch0:  R_CMD: ACTCMD    R_f1= 0x3b    at time   59204359 ps
inst0 ch0:  C_CMD: WRCMD     C_r = 0x011   at time   59213881 ps
inst0 ch0:  C_CMD: WRCMD     C_f = 0x090   at time   59214295 ps
inst0 ch0:  C_CMD: WRCMD     C_r = 0x019   at time   59217193 ps
inst0 ch0:  C_CMD: WRCMD     C_f = 0x092   at time   59217607 ps
inst0 ch0:  R_CMD: ACTCMD    R_r0= 0x0a    at time   59309101 ps
inst0 ch0:  R_CMD: ACTCMD    R_f0= 0x13    at time   59309515 ps
inst0 ch0:  R_CMD: ACTCMD    R_r1= 0x3f    at time   59309929 ps
inst0 ch0:  R_CMD: ACTCMD    R_f1= 0x3b    at time   59310343 ps
inst0 ch0:  C_CMD: RDCMD     C_r = 0x015   at time   59324005 ps
inst0 ch0:  C_CMD: RDCMD     C_f = 0x010   at time   59324419 ps
inst0 ch0:  C_CMD: RDCMD     C_r = 0x01d   at time   59327317 ps
inst0 ch0:  C_CMD: RDCMD     C_f = 0x012   at time   59327731 ps
inst0 ch0:  R_CMD: ACTCMD    R_r0= 0x0a    at time   59397697 ps
inst0 ch0:  R_CMD: ACTCMD    R_f0= 0x13    at time   59398111 ps
inst0 ch0:  R_CMD: ACTCMD    R_r1= 0x3f    at time   59398525 ps
inst0 ch0:  R_CMD: ACTCMD    R_f1= 0x3b    at time   59398939 ps
inst0 ch0:  C_CMD: WRCMD     C_r = 0x011   at time   59408461 ps
inst0 ch0:  C_CMD: WRCMD     C_f = 0x010   at time   59408875 ps
inst0 ch0:  C_CMD: WRCMD     C_r = 0x019   at time   59411773 ps
inst0 ch0:  C_CMD: WRCMD     C_f = 0x012   at time   59412187 ps
inst0 ch0:  R_CMD: ACTCMD    R_r0= 0x0a    at time   59477185 ps
inst0 ch0:  R_CMD: ACTCMD    R_f0= 0x1b    at time   59477599 ps
inst0 ch0:  R_CMD: ACTCMD    R_r1= 0x3f    at time   59478013 ps
inst0 ch0:  R_CMD: ACTCMD    R_f1= 0x3b    at time   59478427 ps
inst0 ch0:  C_CMD: RDCMD     C_r = 0x015   at time   59492089 ps
inst0 ch0:  C_CMD: RDCMD     C_f = 0x090   at time   59492503 ps
inst0 ch0:  C_CMD: RDCMD     C_r = 0x01d   at time   59495401 ps
inst0 ch0:  C_CMD: RDCMD     C_f = 0x092   at time   59495815 ps
inst0 ch0:  R_CMD: ACTCMD    R_r0= 0x0a    at time   59550049 ps
inst0 ch0:  R_CMD: ACTCMD    R_f0= 0x1b    at time   59550463 ps
inst0 ch0:  R_CMD: ACTCMD    R_r1= 0x3f    at time   59550877 ps
inst0 ch0:  R_CMD: ACTCMD    R_f1= 0x3b    at time   59551291 ps
inst0 ch0:  C_CMD: WRCMD     C_r = 0x011   at time   59560813 ps
inst0 ch0:  C_CMD: WRCMD     C_f = 0x090   at time   59561227 ps
inst0 ch0:  C_CMD: WRCMD     C_r = 0x019   at time   59564125 ps
inst0 ch0:  C_CMD: WRCMD     C_f = 0x092   at time   59564539 ps
inst0 ch0:  R_CMD: ACTCMD    R_r0= 0x02    at time   60831793 ps
inst0 ch0:  R_CMD: ACTCMD    R_f0= 0x13    at time   60832207 ps
inst0 ch0:  R_CMD: ACTCMD    R_r1= 0x3f    at time   60832621 ps
inst0 ch0:  R_CMD: ACTCMD    R_f1= 0x3b    at time   60833035 ps
inst0 ch0:  C_CMD: RDCMD     C_r = 0x005   at time   60846697 ps
inst0 ch0:  C_CMD: RDCMD     C_f = 0x000   at time   60847111 ps
inst0 ch0:  C_CMD: RDCMD     C_r = 0x00d   at time   60850009 ps
inst0 ch0:  C_CMD: RDCMD     C_f = 0x002   at time   60850423 ps
inst0 ch0:  R_CMD: ACTCMD    R_r0= 0x02    at time   60904657 ps
inst0 ch0:  R_CMD: ACTCMD    R_f0= 0x13    at time   60905071 ps
inst0 ch0:  R_CMD: ACTCMD    R_r1= 0x3f    at time   60905485 ps
inst0 ch0:  R_CMD: ACTCMD    R_f1= 0x3b    at time   60905899 ps
inst0 ch0:  C_CMD: WRCMD     C_r = 0x001   at time   60915421 ps
inst0 ch0:  C_CMD: WRCMD     C_f = 0x000   at time   60915835 ps
inst0 ch0:  C_CMD: WRCMD     C_r = 0x009   at time   60918733 ps
inst0 ch0:  C_CMD: WRCMD     C_f = 0x002   at time   60919147 ps
inst0 ch0:  R_CMD: ACTCMD    R_r0= 0x02    at time   61001533 ps
inst0 ch0:  R_CMD: ACTCMD    R_f0= 0x13    at time   61001947 ps
inst0 ch0:  R_CMD: ACTCMD    R_r1= 0x3f    at time   61002361 ps
inst0 ch0:  R_CMD: ACTCMD    R_f1= 0x3b    at time   61002775 ps
inst0 ch0:  C_CMD: RDCMD     C_r = 0x005   at time   61016437 ps
inst0 ch0:  C_CMD: RDCMD     C_f = 0x000   at time   61016851 ps
inst0 ch0:  C_CMD: RDCMD     C_r = 0x00d   at time   61019749 ps
inst0 ch0:  C_CMD: RDCMD     C_f = 0x002   at time   61020163 ps
inst0 ch0:  R_CMD: ACTCMD    R_r0= 0x02    at time   61071913 ps
inst0 ch0:  R_CMD: ACTCMD    R_f0= 0x13    at time   61072327 ps
inst0 ch0:  R_CMD: ACTCMD    R_r1= 0x3f    at time   61072741 ps
inst0 ch0:  R_CMD: ACTCMD    R_f1= 0x3b    at time   61073155 ps
inst0 ch0:  C_CMD: WRCMD     C_r = 0x001   at time   61082677 ps
inst0 ch0:  C_CMD: WRCMD     C_f = 0x000   at time   61083091 ps
inst0 ch0:  C_CMD: WRCMD     C_r = 0x009   at time   61085989 ps
inst0 ch0:  C_CMD: WRCMD     C_f = 0x002   at time   61086403 ps
inst0 ch0:  R_CMD: ACTCMD    R_r0= 0x02    at time   61118281 ps
inst0 ch0:  R_CMD: ACTCMD    R_f0= 0x1b    at time   61118695 ps
inst0 ch0:  R_CMD: ACTCMD    R_r1= 0x3f    at time   61119109 ps
inst0 ch0:  R_CMD: ACTCMD    R_f1= 0x3b    at time   61119523 ps
inst0 ch0:  C_CMD: RDCMD     C_r = 0x005   at time   61133185 ps
inst0 ch0:  C_CMD: RDCMD     C_f = 0x080   at time   61133599 ps
inst0 ch0:  C_CMD: RDCMD     C_r = 0x00d   at time   61136497 ps
inst0 ch0:  C_CMD: RDCMD     C_f = 0x082   at time   61136911 ps
inst0 ch0:  R_CMD: ACTCMD    R_r0= 0x02    at time   61191145 ps
inst0 ch0:  R_CMD: ACTCMD    R_f0= 0x1b    at time   61191559 ps
inst0 ch0:  R_CMD: ACTCMD    R_r1= 0x3f    at time   61191973 ps
inst0 ch0:  R_CMD: ACTCMD    R_f1= 0x3b    at time   61192387 ps
inst0 ch0:  C_CMD: WRCMD     C_r = 0x001   at time   61201909 ps
inst0 ch0:  C_CMD: WRCMD     C_f = 0x080   at time   61202323 ps
inst0 ch0:  C_CMD: WRCMD     C_r = 0x009   at time   61205221 ps
inst0 ch0:  C_CMD: WRCMD     C_f = 0x082   at time   61205635 ps
inst0 ch0:  R_CMD: ACTCMD    R_r0= 0x02    at time   61320313 ps
inst0 ch0:  R_CMD: ACTCMD    R_f0= 0x1b    at time   61320727 ps
inst0 ch0:  R_CMD: ACTCMD    R_r1= 0x3f    at time   61321141 ps
inst0 ch0:  R_CMD: ACTCMD    R_f1= 0x3b    at time   61321555 ps
inst0 ch0:  C_CMD: RDCMD     C_r = 0x005   at time   61335217 ps
inst0 ch0:  C_CMD: RDCMD     C_f = 0x080   at time   61335631 ps
inst0 ch0:  C_CMD: RDCMD     C_r = 0x00d   at time   61338529 ps
inst0 ch0:  C_CMD: RDCMD     C_f = 0x082   at time   61338943 ps
inst0 ch0:  R_CMD: ACTCMD    R_r0= 0x02    at time   61574509 ps
inst0 ch0:  R_CMD: ACTCMD    R_f0= 0x1b    at time   61574923 ps
inst0 ch0:  R_CMD: ACTCMD    R_r1= 0x3f    at time   61575337 ps
inst0 ch0:  R_CMD: ACTCMD    R_f1= 0x3b    at time   61575751 ps
inst0 ch0:  C_CMD: WRCMD     C_r = 0x001   at time   61585273 ps
inst0 ch0:  C_CMD: WRCMD     C_f = 0x080   at time   61585687 ps
inst0 ch0:  C_CMD: WRCMD     C_r = 0x009   at time   61588585 ps
inst0 ch0:  C_CMD: WRCMD     C_f = 0x082   at time   61588999 ps
inst0 ch0:  R_CMD: ACTCMD    R_r0= 0x2e    at time   61879213 ps
inst0 ch0:  R_CMD: ACTCMD    R_f0= 0x20    at time   61879627 ps
inst0 ch0:  R_CMD: ACTCMD    R_r1= 0x00    at time   61880041 ps
inst0 ch0:  R_CMD: ACTCMD    R_f1= 0x02    at time   61880455 ps
inst0 ch0:  C_CMD: RDCMD     C_r = 0x0d5   at time   61894117 ps
inst0 ch0:  C_CMD: RDCMD     C_f = 0x021   at time   61894531 ps
inst0 ch0:  C_CMD: RDCMD     C_r = 0x0dd   at time   61897429 ps
inst0 ch0:  C_CMD: RDCMD     C_f = 0x023   at time   61897843 ps
inst0 ch0:  R_CMD: ACTCMD    R_r0= 0x02    at time   61954561 ps
inst0 ch0:  R_CMD: ACTCMD    R_f0= 0x00    at time   61954975 ps
inst0 ch0:  R_CMD: ACTCMD    R_r1= 0x00    at time   61955389 ps
inst0 ch0:  R_CMD: ACTCMD    R_f1= 0x00    at time   61955803 ps
inst0 ch0:  C_CMD: RDCMD     C_r = 0x005   at time   61969465 ps
inst0 ch0:  C_CMD: RDCMD     C_f = 0x018   at time   61969879 ps
inst0 ch0:  C_CMD: RDCMD     C_r = 0x005   at time   61972777 ps
inst0 ch0:  C_CMD: RDCMD     C_f = 0x01a   at time   61973191 ps
inst0 ch0:  C_CMD: RDCMD     C_r = 0x005   at time   61976089 ps
inst0 ch0:  C_CMD: RDCMD     C_f = 0x010   at time   61976503 ps
inst0 ch0:  C_CMD: RDCMD     C_r = 0x005   at time   61979401 ps
inst0 ch0:  C_CMD: RDCMD     C_f = 0x012   at time   61979815 ps
inst0 ch0:  C_CMD: RDCMD     C_r = 0x005   at time   61982713 ps
inst0 ch0:  C_CMD: RDCMD     C_f = 0x008   at time   61983127 ps
inst0 ch0:  C_CMD: RDCMD     C_r = 0x005   at time   61986025 ps
inst0 ch0:  C_CMD: RDCMD     C_f = 0x00a   at time   61986439 ps
inst0 ch0:  C_CMD: RDCMD     C_r = 0x005   at time   61989337 ps
inst0 ch0:  C_CMD: RDCMD     C_f = 0x000   at time   61989751 ps
inst0 ch0:  C_CMD: RDCMD     C_r = 0x00d   at time   61992649 ps
inst0 ch0:  C_CMD: RDCMD     C_f = 0x002   at time   61993063 ps
inst0 ch0:  R_CMD: ACTCMD    R_r0= 0x2e    at time   62185573 ps
inst0 ch0:  R_CMD: ACTCMD    R_f0= 0x28    at time   62185987 ps
inst0 ch0:  R_CMD: ACTCMD    R_r1= 0x00    at time   62186401 ps
inst0 ch0:  R_CMD: ACTCMD    R_f1= 0x02    at time   62186815 ps
inst0 ch0:  R_CMD: ACTCMD    R_r0= 0x02    at time   62199649 ps
inst0 ch0:  R_CMD: ACTCMD    R_f0= 0x08    at time   62200063 ps
inst0 ch0:  R_CMD: ACTCMD    R_r1= 0x00    at time   62200477 ps
inst0 ch0:  C_CMD: RDCMD     C_r = 0x0d5   at time   62200477 ps
inst0 ch0:  R_CMD: ACTCMD    R_f1= 0x00    at time   62200891 ps
inst0 ch0:  C_CMD: RDCMD     C_f = 0x0a1   at time   62200891 ps
inst0 ch0:  C_CMD: RDCMD     C_r = 0x0dd   at time   62203789 ps
inst0 ch0:  C_CMD: RDCMD     C_f = 0x0a3   at time   62204203 ps
inst0 ch0:  C_CMD: RDCMD     C_r = 0x005   at time   62214553 ps
inst0 ch0:  C_CMD: RDCMD     C_f = 0x098   at time   62214967 ps
inst0 ch0:  C_CMD: RDCMD     C_r = 0x005   at time   62217865 ps
inst0 ch0:  C_CMD: RDCMD     C_f = 0x09a   at time   62218279 ps
inst0 ch0:  C_CMD: RDCMD     C_r = 0x005   at time   62221177 ps
inst0 ch0:  C_CMD: RDCMD     C_f = 0x090   at time   62221591 ps
inst0 ch0:  C_CMD: RDCMD     C_r = 0x005   at time   62224489 ps
inst0 ch0:  C_CMD: RDCMD     C_f = 0x092   at time   62224903 ps
inst0 ch0:  C_CMD: RDCMD     C_r = 0x005   at time   62227801 ps
inst0 ch0:  C_CMD: RDCMD     C_f = 0x088   at time   62228215 ps
inst0 ch0:  C_CMD: RDCMD     C_r = 0x005   at time   62231113 ps
inst0 ch0:  C_CMD: RDCMD     C_f = 0x08a   at time   62231527 ps
inst0 ch0:  C_CMD: RDCMD     C_r = 0x005   at time   62234425 ps
inst0 ch0:  C_CMD: RDCMD     C_f = 0x080   at time   62234839 ps
inst0 ch0:  C_CMD: RDCMD     C_r = 0x00d   at time   62237737 ps
inst0 ch0:  C_CMD: RDCMD     C_f = 0x082   at time   62238151 ps
inst0 ch0:  R_CMD: ACTCMD    R_r0= 0x2e    at time   62408305 ps
inst0 ch0:  R_CMD: ACTCMD    R_f0= 0x20    at time   62408719 ps
inst0 ch0:  R_CMD: ACTCMD    R_r1= 0x00    at time   62409133 ps
inst0 ch0:  R_CMD: ACTCMD    R_f1= 0x02    at time   62409547 ps
inst0 ch0:  C_CMD: RDCMD     C_r = 0x0d5   at time   62423209 ps
inst0 ch0:  C_CMD: RDCMD     C_f = 0x029   at time   62423623 ps
inst0 ch0:  C_CMD: RDCMD     C_r = 0x0dd   at time   62426521 ps
inst0 ch0:  C_CMD: RDCMD     C_f = 0x02b   at time   62426935 ps
inst0 ch0:  R_CMD: ACTCMD    R_r0= 0x0a    at time   62542441 ps
inst0 ch0:  R_CMD: ACTCMD    R_f0= 0x00    at time   62542855 ps
inst0 ch0:  R_CMD: ACTCMD    R_r1= 0x00    at time   62543269 ps
inst0 ch0:  R_CMD: ACTCMD    R_f1= 0x00    at time   62543683 ps
inst0 ch0:  C_CMD: RDCMD     C_r = 0x015   at time   62557345 ps
inst0 ch0:  C_CMD: RDCMD     C_f = 0x018   at time   62557759 ps
inst0 ch0:  C_CMD: RDCMD     C_r = 0x015   at time   62560657 ps
inst0 ch0:  C_CMD: RDCMD     C_f = 0x01a   at time   62561071 ps
inst0 ch0:  C_CMD: RDCMD     C_r = 0x015   at time   62563969 ps
inst0 ch0:  C_CMD: RDCMD     C_f = 0x010   at time   62564383 ps
inst0 ch0:  C_CMD: RDCMD     C_r = 0x015   at time   62567281 ps
inst0 ch0:  C_CMD: RDCMD     C_f = 0x012   at time   62567695 ps
inst0 ch0:  C_CMD: RDCMD     C_r = 0x015   at time   62570593 ps
inst0 ch0:  C_CMD: RDCMD     C_f = 0x008   at time   62571007 ps
inst0 ch0:  C_CMD: RDCMD     C_r = 0x015   at time   62573905 ps
inst0 ch0:  C_CMD: RDCMD     C_f = 0x00a   at time   62574319 ps
inst0 ch0:  C_CMD: RDCMD     C_r = 0x015   at time   62577217 ps
inst0 ch0:  C_CMD: RDCMD     C_f = 0x000   at time   62577631 ps
inst0 ch0:  C_CMD: RDCMD     C_r = 0x01d   at time   62580529 ps
inst0 ch0:  C_CMD: RDCMD     C_f = 0x002   at time   62580943 ps
inst0 ch0:  R_CMD: ACTCMD    R_r0= 0x0a    at time   62775937 ps
inst0 ch0:  R_CMD: ACTCMD    R_f0= 0x00    at time   62776351 ps
inst0 ch0:  R_CMD: ACTCMD    R_r1= 0x00    at time   62776765 ps
inst0 ch0:  R_CMD: ACTCMD    R_f1= 0x00    at time   62777179 ps
inst0 ch0:  R_CMD: ACTCMD    R_r0= 0x0a    at time   62779249 ps
inst0 ch0:  R_CMD: ACTCMD    R_f0= 0x08    at time   62779663 ps
inst0 ch0:  R_CMD: ACTCMD    R_r1= 0x00    at time   62780077 ps
inst0 ch0:  R_CMD: ACTCMD    R_f1= 0x00    at time   62780491 ps
inst0 ch0:  C_CMD: RDCMD     C_r = 0x015   at time   62790841 ps
inst0 ch0:  C_CMD: RDCMD     C_f = 0x038   at time   62791255 ps
inst0 ch0:  C_CMD: RDCMD     C_r = 0x015   at time   62794153 ps
inst0 ch0:  C_CMD: RDCMD     C_f = 0x03a   at time   62794567 ps
inst0 ch0:  C_CMD: RDCMD     C_r = 0x015   at time   62794981 ps
inst0 ch0:  C_CMD: RDCMD     C_f = 0x098   at time   62795395 ps
inst0 ch0:  C_CMD: RDCMD     C_r = 0x015   at time   62797465 ps
inst0 ch0:  C_CMD: RDCMD     C_f = 0x030   at time   62797879 ps
inst0 ch0:  C_CMD: RDCMD     C_r = 0x015   at time   62798293 ps
inst0 ch0:  C_CMD: RDCMD     C_f = 0x09a   at time   62798707 ps
inst0 ch0:  C_CMD: RDCMD     C_r = 0x015   at time   62800777 ps
inst0 ch0:  C_CMD: RDCMD     C_f = 0x032   at time   62801191 ps
inst0 ch0:  C_CMD: RDCMD     C_r = 0x015   at time   62801605 ps
inst0 ch0:  C_CMD: RDCMD     C_f = 0x090   at time   62802019 ps
inst0 ch0:  C_CMD: RDCMD     C_r = 0x015   at time   62804089 ps
inst0 ch0:  C_CMD: RDCMD     C_f = 0x028   at time   62804503 ps
inst0 ch0:  C_CMD: RDCMD     C_r = 0x015   at time   62804917 ps
inst0 ch0:  C_CMD: RDCMD     C_f = 0x092   at time   62805331 ps
inst0 ch0:  C_CMD: RDCMD     C_r = 0x015   at time   62807401 ps
inst0 ch0:  C_CMD: RDCMD     C_f = 0x02a   at time   62807815 ps
inst0 ch0:  C_CMD: RDCMD     C_r = 0x015   at time   62808229 ps
inst0 ch0:  C_CMD: RDCMD     C_f = 0x088   at time   62808643 ps
inst0 ch0:  C_CMD: RDCMD     C_r = 0x015   at time   62810713 ps
inst0 ch0:  C_CMD: RDCMD     C_f = 0x020   at time   62811127 ps
inst0 ch0:  C_CMD: RDCMD     C_r = 0x015   at time   62811541 ps
inst0 ch0:  C_CMD: RDCMD     C_f = 0x08a   at time   62811955 ps
inst0 ch0:  C_CMD: RDCMD     C_r = 0x01d   at time   62814025 ps
inst0 ch0:  C_CMD: RDCMD     C_f = 0x022   at time   62814439 ps
inst0 ch0:  C_CMD: RDCMD     C_r = 0x015   at time   62814853 ps
inst0 ch0:  C_CMD: RDCMD     C_f = 0x080   at time   62815267 ps
inst0 ch0:  C_CMD: RDCMD     C_r = 0x01d   at time   62818165 ps
inst0 ch0:  C_CMD: RDCMD     C_f = 0x082   at time   62818579 ps
inst0 ch0:  R_CMD: ACTCMD    R_r0= 0x0a    at time   62846317 ps
inst0 ch0:  R_CMD: ACTCMD    R_f0= 0x00    at time   62846731 ps
inst0 ch0:  R_CMD: ACTCMD    R_r1= 0x00    at time   62847145 ps
inst0 ch0:  R_CMD: ACTCMD    R_f1= 0x00    at time   62847559 ps
inst0 ch0:  C_CMD: WRCMD     C_r = 0x011   at time   62857081 ps
inst0 ch0:  C_CMD: WRCMD     C_f = 0x038   at time   62857495 ps
inst0 ch0:  C_CMD: WRCMD     C_r = 0x011   at time   62860393 ps
inst0 ch0:  C_CMD: WRCMD     C_f = 0x03a   at time   62860807 ps
inst0 ch0:  C_CMD: WRCMD     C_r = 0x011   at time   62863705 ps
inst0 ch0:  C_CMD: WRCMD     C_f = 0x028   at time   62864119 ps
inst0 ch0:  C_CMD: WRCMD     C_r = 0x011   at time   62867017 ps
inst0 ch0:  C_CMD: WRCMD     C_f = 0x02a   at time   62867431 ps
inst0 ch0:  C_CMD: WRCMD     C_r = 0x011   at time   62870329 ps
inst0 ch0:  C_CMD: WRCMD     C_f = 0x030   at time   62870743 ps
inst0 ch0:  C_CMD: WRCMD     C_r = 0x011   at time   62873641 ps
inst0 ch0:  C_CMD: WRCMD     C_f = 0x032   at time   62874055 ps
inst0 ch0:  C_CMD: WRCMD     C_r = 0x011   at time   62876953 ps
inst0 ch0:  C_CMD: WRCMD     C_f = 0x020   at time   62877367 ps
inst0 ch0:  C_CMD: WRCMD     C_r = 0x019   at time   62880265 ps
inst0 ch0:  C_CMD: WRCMD     C_f = 0x022   at time   62880679 ps
inst0 ch0:  R_CMD: ACTCMD    R_r0= 0x2e    at time   62896825 ps
inst0 ch0:  R_CMD: ACTCMD    R_f0= 0x28    at time   62897239 ps
inst0 ch0:  R_CMD: ACTCMD    R_r1= 0x00    at time   62897653 ps
inst0 ch0:  R_CMD: ACTCMD    R_f1= 0x02    at time   62898067 ps
inst0 ch0:  C_CMD: RDCMD     C_r = 0x0d5   at time   62911729 ps
inst0 ch0:  C_CMD: RDCMD     C_f = 0x0a9   at time   62912143 ps
inst0 ch0:  C_CMD: RDCMD     C_r = 0x0dd   at time   62915041 ps
inst0 ch0:  C_CMD: RDCMD     C_f = 0x0ab   at time   62915455 ps
inst0 ch0:  R_CMD: ACTCMD    R_r0= 0x0a    at time   63102169 ps
inst0 ch0:  R_CMD: ACTCMD    R_f0= 0x08    at time   63102583 ps
inst0 ch0:  R_CMD: ACTCMD    R_r1= 0x00    at time   63102997 ps
inst0 ch0:  R_CMD: ACTCMD    R_f1= 0x00    at time   63103411 ps
inst0 ch0:  C_CMD: RDCMD     C_r = 0x015   at time   63117073 ps
inst0 ch0:  C_CMD: RDCMD     C_f = 0x0b8   at time   63117487 ps
inst0 ch0:  C_CMD: RDCMD     C_r = 0x015   at time   63120385 ps
inst0 ch0:  C_CMD: RDCMD     C_f = 0x0ba   at time   63120799 ps
inst0 ch0:  C_CMD: RDCMD     C_r = 0x015   at time   63123697 ps
inst0 ch0:  C_CMD: RDCMD     C_f = 0x0b0   at time   63124111 ps
inst0 ch0:  C_CMD: RDCMD     C_r = 0x015   at time   63127009 ps
inst0 ch0:  C_CMD: RDCMD     C_f = 0x0b2   at time   63127423 ps
inst0 ch0:  C_CMD: RDCMD     C_r = 0x015   at time   63130321 ps
inst0 ch0:  C_CMD: RDCMD     C_f = 0x0a8   at time   63130735 ps
inst0 ch0:  C_CMD: RDCMD     C_r = 0x015   at time   63133633 ps
inst0 ch0:  C_CMD: RDCMD     C_f = 0x0aa   at time   63134047 ps
inst0 ch0:  C_CMD: RDCMD     C_r = 0x015   at time   63136945 ps
inst0 ch0:  C_CMD: RDCMD     C_f = 0x0a0   at time   63137359 ps
inst0 ch0:  C_CMD: RDCMD     C_r = 0x01d   at time   63140257 ps
inst0 ch0:  C_CMD: RDCMD     C_f = 0x0a2   at time   63140671 ps
inst0 ch0:  R_CMD: ACTCMD    R_r0= 0x0a    at time   63175033 ps
inst0 ch0:  R_CMD: ACTCMD    R_f0= 0x08    at time   63175447 ps
inst0 ch0:  R_CMD: ACTCMD    R_r1= 0x00    at time   63175861 ps
inst0 ch0:  R_CMD: ACTCMD    R_f1= 0x00    at time   63176275 ps
inst0 ch0:  C_CMD: WRCMD     C_r = 0x011   at time   63185797 ps
inst0 ch0:  C_CMD: WRCMD     C_f = 0x0b8   at time   63186211 ps
inst0 ch0:  C_CMD: WRCMD     C_r = 0x011   at time   63189109 ps
inst0 ch0:  C_CMD: WRCMD     C_f = 0x0ba   at time   63189523 ps
inst0 ch0:  C_CMD: WRCMD     C_r = 0x011   at time   63192421 ps
inst0 ch0:  C_CMD: WRCMD     C_f = 0x0a8   at time   63192835 ps
inst0 ch0:  C_CMD: WRCMD     C_r = 0x011   at time   63195733 ps
inst0 ch0:  C_CMD: WRCMD     C_f = 0x0aa   at time   63196147 ps
inst0 ch0:  C_CMD: WRCMD     C_r = 0x011   at time   63199045 ps
inst0 ch0:  C_CMD: WRCMD     C_f = 0x0b0   at time   63199459 ps
inst0 ch0:  C_CMD: WRCMD     C_r = 0x011   at time   63202357 ps
inst0 ch0:  C_CMD: WRCMD     C_f = 0x0b2   at time   63202771 ps
inst0 ch0:  C_CMD: WRCMD     C_r = 0x011   at time   63205669 ps
inst0 ch0:  C_CMD: WRCMD     C_f = 0x0a0   at time   63206083 ps
inst0 ch0:  C_CMD: WRCMD     C_r = 0x019   at time   63208981 ps
inst0 ch0:  C_CMD: WRCMD     C_f = 0x0a2   at time   63209395 ps
inst0 ch0:  R_CMD: ACTCMD    R_r0= 0x02    at time   63570817 ps
inst0 ch0:  R_CMD: ACTCMD    R_f0= 0x13    at time   63571231 ps
inst0 ch0:  R_CMD: ACTCMD    R_r1= 0x3f    at time   63571645 ps
inst0 ch0:  R_CMD: ACTCMD    R_f1= 0x3b    at time   63572059 ps
inst0 ch0:  C_CMD: RDCMD     C_r = 0x005   at time   63585721 ps
inst0 ch0:  C_CMD: RDCMD     C_f = 0x000   at time   63586135 ps
inst0 ch0:  C_CMD: RDCMD     C_r = 0x00d   at time   63589033 ps
inst0 ch0:  C_CMD: RDCMD     C_f = 0x002   at time   63589447 ps
inst0 ch0:  R_CMD: ACTCMD    R_r0= 0x02    at time   63847369 ps
inst0 ch0:  R_CMD: ACTCMD    R_f0= 0x13    at time   63847783 ps
inst0 ch0:  R_CMD: ACTCMD    R_r1= 0x3f    at time   63848197 ps
inst0 ch0:  R_CMD: ACTCMD    R_f1= 0x3b    at time   63848611 ps
inst0 ch0:  C_CMD: WRCMD     C_r = 0x001   at time   63858133 ps
inst0 ch0:  C_CMD: WRCMD     C_f = 0x000   at time   63858547 ps
inst0 ch0:  C_CMD: WRCMD     C_r = 0x009   at time   63861445 ps
inst0 ch0:  C_CMD: WRCMD     C_f = 0x002   at time   63861859 ps
inst0 ch0:  R_CMD: ACTCMD    R_r0= 0x02    at time   64002205 ps
inst0 ch0:  R_CMD: ACTCMD    R_f0= 0x13    at time   64002619 ps
inst0 ch0:  R_CMD: ACTCMD    R_r1= 0x3f    at time   64003033 ps
inst0 ch0:  R_CMD: ACTCMD    R_f1= 0x3b    at time   64003447 ps
inst0 ch0:  C_CMD: RDCMD     C_r = 0x005   at time   64017109 ps
inst0 ch0:  C_CMD: RDCMD     C_f = 0x000   at time   64017523 ps
inst0 ch0:  C_CMD: RDCMD     C_r = 0x00d   at time   64020421 ps
inst0 ch0:  C_CMD: RDCMD     C_f = 0x002   at time   64020835 ps
inst0 ch0:  R_CMD: ACTCMD    R_r0= 0x02    at time   64072585 ps
inst0 ch0:  R_CMD: ACTCMD    R_f0= 0x13    at time   64072999 ps
inst0 ch0:  R_CMD: ACTCMD    R_r1= 0x3f    at time   64073413 ps
inst0 ch0:  R_CMD: ACTCMD    R_f1= 0x3b    at time   64073827 ps
inst0 ch0:  C_CMD: WRCMD     C_r = 0x001   at time   64083349 ps
inst0 ch0:  C_CMD: WRCMD     C_f = 0x000   at time   64083763 ps
inst0 ch0:  C_CMD: WRCMD     C_r = 0x009   at time   64086661 ps
inst0 ch0:  C_CMD: WRCMD     C_f = 0x002   at time   64087075 ps
inst0 ch0:  R_CMD: ACTCMD    R_r0= 0x02    at time   64167805 ps
inst0 ch0:  R_CMD: ACTCMD    R_f0= 0x1b    at time   64168219 ps
inst0 ch0:  R_CMD: ACTCMD    R_r1= 0x3f    at time   64168633 ps
inst0 ch0:  R_CMD: ACTCMD    R_f1= 0x3b    at time   64169047 ps
inst0 ch0:  C_CMD: RDCMD     C_r = 0x005   at time   64182709 ps
inst0 ch0:  C_CMD: RDCMD     C_f = 0x080   at time   64183123 ps
inst0 ch0:  C_CMD: RDCMD     C_r = 0x00d   at time   64186021 ps
inst0 ch0:  C_CMD: RDCMD     C_f = 0x082   at time   64186435 ps
inst0 ch0:  R_CMD: ACTCMD    R_r0= 0x02    at time   64240669 ps
inst0 ch0:  R_CMD: ACTCMD    R_f0= 0x1b    at time   64241083 ps
inst0 ch0:  R_CMD: ACTCMD    R_r1= 0x3f    at time   64241497 ps
inst0 ch0:  R_CMD: ACTCMD    R_f1= 0x3b    at time   64241911 ps
inst0 ch0:  C_CMD: WRCMD     C_r = 0x001   at time   64251433 ps
inst0 ch0:  C_CMD: WRCMD     C_f = 0x080   at time   64251847 ps
inst0 ch0:  C_CMD: WRCMD     C_r = 0x009   at time   64254745 ps
inst0 ch0:  C_CMD: WRCMD     C_f = 0x082   at time   64255159 ps
inst0 ch0:  R_CMD: ACTCMD    R_r0= 0x02    at time   64378945 ps
inst0 ch0:  R_CMD: ACTCMD    R_f0= 0x1b    at time   64379359 ps
inst0 ch0:  R_CMD: ACTCMD    R_r1= 0x3f    at time   64379773 ps
inst0 ch0:  R_CMD: ACTCMD    R_f1= 0x3b    at time   64380187 ps
inst0 ch0:  C_CMD: RDCMD     C_r = 0x005   at time   64393849 ps
inst0 ch0:  C_CMD: RDCMD     C_f = 0x080   at time   64394263 ps
inst0 ch0:  C_CMD: RDCMD     C_r = 0x00d   at time   64397161 ps
inst0 ch0:  C_CMD: RDCMD     C_f = 0x082   at time   64397575 ps
inst0 ch0:  R_CMD: ACTCMD    R_r0= 0x0a    at time   64418689 ps
inst0 ch0:  R_CMD: ACTCMD    R_f0= 0x11    at time   64419103 ps
inst0 ch0:  R_CMD: ACTCMD    R_r1= 0x3f    at time   64419517 ps
inst0 ch0:  R_CMD: ACTCMD    R_f1= 0x3b    at time   64419931 ps
inst0 ch0:  R_CMD: ACTCMD    R_r0= 0x02    at time   64423657 ps
inst0 ch0:  R_CMD: ACTCMD    R_f0= 0x11    at time   64424071 ps
inst0 ch0:  R_CMD: ACTCMD    R_r1= 0x3f    at time   64424485 ps
inst0 ch0:  R_CMD: ACTCMD    R_f1= 0x3b    at time   64424899 ps
inst0 ch0:  C_CMD: RDCMD     C_r = 0x015   at time   64433593 ps
inst0 ch0:  C_CMD: RDCMD     C_f = 0x078   at time   64434007 ps
inst0 ch0:  C_CMD: RDCMD     C_r = 0x01d   at time   64436905 ps
inst0 ch0:  C_CMD: RDCMD     C_f = 0x07a   at time   64437319 ps
inst0 ch0:  C_CMD: RDCMD     C_r = 0x005   at time   64440217 ps
inst0 ch0:  C_CMD: RDCMD     C_f = 0x078   at time   64440631 ps
inst0 ch0:  C_CMD: RDCMD     C_r = 0x00d   at time   64443529 ps
inst0 ch0:  C_CMD: RDCMD     C_f = 0x07a   at time   64443943 ps
inst0 ch0:  R_CMD: ACTCMD    R_r0= 0x02    at time   64446841 ps
inst0 ch0:  R_CMD: ACTCMD    R_f0= 0x1b    at time   64447255 ps
inst0 ch0:  R_CMD: ACTCMD    R_r1= 0x3f    at time   64447669 ps
inst0 ch0:  R_CMD: ACTCMD    R_f1= 0x3b    at time   64448083 ps
inst0 ch0:  C_CMD: WRCMD     C_r = 0x001   at time   64457605 ps
inst0 ch0:  C_CMD: WRCMD     C_f = 0x080   at time   64458019 ps
inst0 ch0:  C_CMD: WRCMD     C_r = 0x009   at time   64460917 ps
inst0 ch0:  C_CMD: WRCMD     C_f = 0x082   at time   64461331 ps
inst0 ch0:  R_CMD: ACTCMD    R_r0= 0x0a    at time   64489069 ps
inst0 ch0:  R_CMD: ACTCMD    R_f0= 0x11    at time   64489483 ps
inst0 ch0:  R_CMD: ACTCMD    R_r1= 0x3f    at time   64489897 ps
inst0 ch0:  R_CMD: ACTCMD    R_f1= 0x3b    at time   64490311 ps
inst0 ch0:  R_CMD: ACTCMD    R_r0= 0x02    at time   64495693 ps
inst0 ch0:  R_CMD: ACTCMD    R_f0= 0x11    at time   64496107 ps
inst0 ch0:  R_CMD: ACTCMD    R_r1= 0x3f    at time   64496521 ps
inst0 ch0:  R_CMD: ACTCMD    R_f1= 0x3b    at time   64496935 ps
inst0 ch0:  C_CMD: WRCMD     C_r = 0x011   at time   64499833 ps
inst0 ch0:  C_CMD: WRCMD     C_f = 0x078   at time   64500247 ps
inst0 ch0:  C_CMD: WRCMD     C_r = 0x019   at time   64503145 ps
inst0 ch0:  C_CMD: WRCMD     C_f = 0x07a   at time   64503559 ps
inst0 ch0:  C_CMD: WRCMD     C_r = 0x001   at time   64506457 ps
inst0 ch0:  C_CMD: WRCMD     C_f = 0x078   at time   64506871 ps
inst0 ch0:  C_CMD: WRCMD     C_r = 0x009   at time   64509769 ps
inst0 ch0:  C_CMD: WRCMD     C_f = 0x07a   at time   64510183 ps
inst0 ch0:  R_CMD: ACTCMD    R_r0= 0x0a    at time   64634797 ps
inst0 ch0:  R_CMD: ACTCMD    R_f0= 0x19    at time   64635211 ps
inst0 ch0:  R_CMD: ACTCMD    R_r1= 0x3f    at time   64635625 ps
inst0 ch0:  R_CMD: ACTCMD    R_f1= 0x3b    at time   64636039 ps
inst0 ch0:  R_CMD: ACTCMD    R_r0= 0x02    at time   64638937 ps
inst0 ch0:  R_CMD: ACTCMD    R_f0= 0x19    at time   64639351 ps
inst0 ch0:  R_CMD: ACTCMD    R_r1= 0x3f    at time   64639765 ps
inst0 ch0:  R_CMD: ACTCMD    R_f1= 0x3b    at time   64640179 ps
inst0 ch0:  C_CMD: RDCMD     C_r = 0x015   at time   64649701 ps
inst0 ch0:  C_CMD: RDCMD     C_f = 0x0f8   at time   64650115 ps
inst0 ch0:  C_CMD: RDCMD     C_r = 0x01d   at time   64653013 ps
inst0 ch0:  C_CMD: RDCMD     C_f = 0x0fa   at time   64653427 ps
inst0 ch0:  C_CMD: RDCMD     C_r = 0x005   at time   64656325 ps
inst0 ch0:  C_CMD: RDCMD     C_f = 0x0f8   at time   64656739 ps
inst0 ch0:  C_CMD: RDCMD     C_r = 0x00d   at time   64659637 ps
inst0 ch0:  C_CMD: RDCMD     C_f = 0x0fa   at time   64660051 ps
inst0 ch0:  R_CMD: ACTCMD    R_r0= 0x0a    at time   64707661 ps
inst0 ch0:  R_CMD: ACTCMD    R_f0= 0x19    at time   64708075 ps
inst0 ch0:  R_CMD: ACTCMD    R_r1= 0x3f    at time   64708489 ps
inst0 ch0:  R_CMD: ACTCMD    R_f1= 0x3b    at time   64708903 ps
inst0 ch0:  R_CMD: ACTCMD    R_r0= 0x02    at time   64711801 ps
inst0 ch0:  R_CMD: ACTCMD    R_f0= 0x19    at time   64712215 ps
inst0 ch0:  R_CMD: ACTCMD    R_r1= 0x3f    at time   64712629 ps
inst0 ch0:  R_CMD: ACTCMD    R_f1= 0x3b    at time   64713043 ps
inst0 ch0:  C_CMD: WRCMD     C_r = 0x011   at time   64718425 ps
inst0 ch0:  C_CMD: WRCMD     C_f = 0x0f8   at time   64718839 ps
inst0 ch0:  C_CMD: WRCMD     C_r = 0x019   at time   64721737 ps
inst0 ch0:  C_CMD: WRCMD     C_f = 0x0fa   at time   64722151 ps
inst0 ch0:  C_CMD: WRCMD     C_r = 0x001   at time   64725049 ps
inst0 ch0:  C_CMD: WRCMD     C_f = 0x0f8   at time   64725463 ps
inst0 ch0:  C_CMD: WRCMD     C_r = 0x009   at time   64728361 ps
inst0 ch0:  C_CMD: WRCMD     C_f = 0x0fa   at time   64728775 ps
inst0 ch0:  R_CMD: ACTCMD    R_r0= 0x0a    at time   65469421 ps
inst0 ch0:  R_CMD: ACTCMD    R_f0= 0x0a    at time   65469835 ps
inst0 ch0:  R_CMD: ACTCMD    R_r1= 0x00    at time   65470249 ps
inst0 ch0:  R_CMD: ACTCMD    R_f1= 0x00    at time   65470663 ps
inst0 ch0:  R_CMD: ACTCMD    R_r0= 0x02    at time   65473561 ps
inst0 ch0:  R_CMD: ACTCMD    R_f0= 0x0a    at time   65473975 ps
inst0 ch0:  R_CMD: ACTCMD    R_r1= 0x00    at time   65474389 ps
inst0 ch0:  R_CMD: ACTCMD    R_f1= 0x00    at time   65474803 ps
inst0 ch0:  C_CMD: RDCMD     C_r = 0x015   at time   65484325 ps
inst0 ch0:  C_CMD: RDCMD     C_f = 0x080   at time   65484739 ps
inst0 ch0:  C_CMD: RDCMD     C_r = 0x01d   at time   65487637 ps
inst0 ch0:  C_CMD: RDCMD     C_f = 0x082   at time   65488051 ps
inst0 ch0:  C_CMD: RDCMD     C_r = 0x005   at time   65490949 ps
inst0 ch0:  C_CMD: RDCMD     C_f = 0x080   at time   65491363 ps
inst0 ch0:  C_CMD: RDCMD     C_r = 0x00d   at time   65494261 ps
inst0 ch0:  C_CMD: RDCMD     C_f = 0x082   at time   65494675 ps
inst0 ch0:  R_CMD: ACTCMD    R_r0= 0x0a    at time   65597761 ps
inst0 ch0:  R_CMD: ACTCMD    R_f0= 0x02    at time   65598175 ps
inst0 ch0:  R_CMD: ACTCMD    R_r1= 0x00    at time   65598589 ps
inst0 ch0:  R_CMD: ACTCMD    R_f1= 0x00    at time   65599003 ps
inst0 ch0:  R_CMD: ACTCMD    R_r0= 0x02    at time   65601901 ps
inst0 ch0:  R_CMD: ACTCMD    R_f0= 0x02    at time   65602315 ps
inst0 ch0:  R_CMD: ACTCMD    R_r1= 0x00    at time   65602729 ps
inst0 ch0:  R_CMD: ACTCMD    R_f1= 0x00    at time   65603143 ps
inst0 ch0:  C_CMD: RDCMD     C_r = 0x015   at time   65612665 ps
inst0 ch0:  C_CMD: RDCMD     C_f = 0x000   at time   65613079 ps
inst0 ch0:  C_CMD: RDCMD     C_r = 0x01d   at time   65615977 ps
inst0 ch0:  C_CMD: RDCMD     C_f = 0x002   at time   65616391 ps
inst0 ch0:  C_CMD: RDCMD     C_r = 0x005   at time   65619289 ps
inst0 ch0:  C_CMD: RDCMD     C_f = 0x000   at time   65619703 ps
inst0 ch0:  C_CMD: RDCMD     C_r = 0x00d   at time   65622601 ps
inst0 ch0:  C_CMD: RDCMD     C_f = 0x002   at time   65623015 ps
