inst0 ch0:  R_CMD: ACTCMD    R_r0= 0x0e    at time   33400981 ps
inst0 ch0:  R_CMD: ACTCMD    R_f0= 0x28    at time   33401395 ps
inst0 ch0:  R_CMD: ACTCMD    R_r1= 0x00    at time   33401809 ps
inst0 ch0:  R_CMD: ACTCMD    R_f1= 0x02    at time   33402223 ps
inst0 ch0:  R_CMD: ACTCMD    R_r0= 0x0e    at time   33402637 ps
inst0 ch0:  R_CMD: ACTCMD    R_f0= 0x20    at time   33403051 ps
inst0 ch0:  R_CMD: ACTCMD    R_r1= 0x00    at time   33403465 ps
inst0 ch0:  R_CMD: ACTCMD    R_f1= 0x02    at time   33403879 ps
inst0 ch0:  C_CMD: WRCMD     C_r = 0x091   at time   33411745 ps
inst0 ch0:  C_CMD: WRCMD     C_f = 0x0a9   at time   33412159 ps
inst0 ch0:  C_CMD: WRCMD     C_r = 0x091   at time   33413401 ps
inst0 ch0:  C_CMD: WRCMD     C_f = 0x029   at time   33413815 ps
inst0 ch0:  C_CMD: WRCMD     C_r = 0x091   at time   33415057 ps
inst0 ch0:  C_CMD: WRCMD     C_f = 0x0ab   at time   33415471 ps
inst0 ch0:  C_CMD: WRCMD     C_r = 0x091   at time   33416713 ps
inst0 ch0:  C_CMD: WRCMD     C_f = 0x02b   at time   33417127 ps
inst0 ch0:  C_CMD: WRCMD     C_r = 0x091   at time   33418369 ps
inst0 ch0:  C_CMD: WRCMD     C_f = 0x0a1   at time   33418783 ps
inst0 ch0:  C_CMD: WRCMD     C_r = 0x091   at time   33420025 ps
inst0 ch0:  C_CMD: WRCMD     C_f = 0x021   at time   33420439 ps
inst0 ch0:  C_CMD: WRCMD     C_r = 0x099   at time   33421681 ps
inst0 ch0:  C_CMD: WRCMD     C_f = 0x0a3   at time   33422095 ps
inst0 ch0:  C_CMD: WRCMD     C_r = 0x099   at time   33423337 ps
inst0 ch0:  C_CMD: WRCMD     C_f = 0x023   at time   33423751 ps
inst0 ch0:  R_CMD: ACTCMD    R_r0= 0x26    at time   37657729 ps
inst0 ch0:  R_CMD: ACTCMD    R_f0= 0x28    at time   37658143 ps
inst0 ch0:  R_CMD: ACTCMD    R_r1= 0x00    at time   37658557 ps
inst0 ch0:  R_CMD: ACTCMD    R_f1= 0x02    at time   37658971 ps
inst0 ch0:  R_CMD: ACTCMD    R_r0= 0x26    at time   37659385 ps
inst0 ch0:  R_CMD: ACTCMD    R_f0= 0x20    at time   37659799 ps
inst0 ch0:  R_CMD: ACTCMD    R_r1= 0x00    at time   37660213 ps
inst0 ch0:  R_CMD: ACTCMD    R_f1= 0x02    at time   37660627 ps
inst0 ch0:  C_CMD: WRCMD     C_r = 0x0c1   at time   37668493 ps
inst0 ch0:  C_CMD: WRCMD     C_f = 0x0a9   at time   37668907 ps
inst0 ch0:  C_CMD: WRCMD     C_r = 0x0c1   at time   37670149 ps
inst0 ch0:  C_CMD: WRCMD     C_f = 0x029   at time   37670563 ps
inst0 ch0:  C_CMD: WRCMD     C_r = 0x0c1   at time   37671805 ps
inst0 ch0:  C_CMD: WRCMD     C_f = 0x0ab   at time   37672219 ps
inst0 ch0:  C_CMD: WRCMD     C_r = 0x0c1   at time   37673461 ps
inst0 ch0:  C_CMD: WRCMD     C_f = 0x02b   at time   37673875 ps
inst0 ch0:  C_CMD: WRCMD     C_r = 0x0c1   at time   37675117 ps
inst0 ch0:  C_CMD: WRCMD     C_f = 0x0a1   at time   37675531 ps
inst0 ch0:  C_CMD: WRCMD     C_r = 0x0c1   at time   37676773 ps
inst0 ch0:  C_CMD: WRCMD     C_f = 0x021   at time   37677187 ps
inst0 ch0:  C_CMD: WRCMD     C_r = 0x0c9   at time   37678429 ps
inst0 ch0:  C_CMD: WRCMD     C_f = 0x0a3   at time   37678843 ps
inst0 ch0:  C_CMD: WRCMD     C_r = 0x0c9   at time   37680085 ps
inst0 ch0:  C_CMD: WRCMD     C_f = 0x023   at time   37680499 ps
inst0 ch0:  R_CMD: ACTCMD    R_r0= 0x22    at time   54882613 ps
inst0 ch0:  R_CMD: ACTCMD    R_f0= 0x22    at time   54883027 ps
inst0 ch0:  R_CMD: ACTCMD    R_r1= 0x00    at time   54883441 ps
inst0 ch0:  R_CMD: ACTCMD    R_f1= 0x00    at time   54883855 ps
inst0 ch0:  R_CMD: ACTCMD    R_r0= 0x22    at time   54884269 ps
inst0 ch0:  R_CMD: ACTCMD    R_f0= 0x2a    at time   54884683 ps
inst0 ch0:  R_CMD: ACTCMD    R_r1= 0x00    at time   54885097 ps
inst0 ch0:  R_CMD: ACTCMD    R_f1= 0x00    at time   54885511 ps
inst0 ch0:  R_CMD: ACTCMD    R_r0= 0x02    at time   54886753 ps
inst0 ch0:  R_CMD: ACTCMD    R_f0= 0x22    at time   54887167 ps
inst0 ch0:  R_CMD: ACTCMD    R_r1= 0x00    at time   54887581 ps
inst0 ch0:  R_CMD: ACTCMD    R_f1= 0x00    at time   54887995 ps
inst0 ch0:  R_CMD: ACTCMD    R_r0= 0x02    at time   54888409 ps
inst0 ch0:  R_CMD: ACTCMD    R_f0= 0x2a    at time   54888823 ps
inst0 ch0:  R_CMD: ACTCMD    R_r1= 0x00    at time   54889237 ps
inst0 ch0:  R_CMD: ACTCMD    R_f1= 0x00    at time   54889651 ps
inst0 ch0:  R_CMD: ACTCMD    R_r0= 0x22    at time   54890893 ps
inst0 ch0:  R_CMD: ACTCMD    R_f0= 0x02    at time   54891307 ps
inst0 ch0:  R_CMD: ACTCMD    R_r1= 0x00    at time   54891721 ps
inst0 ch0:  R_CMD: ACTCMD    R_f1= 0x00    at time   54892135 ps
inst0 ch0:  R_CMD: ACTCMD    R_r0= 0x22    at time   54892549 ps
inst0 ch0:  R_CMD: ACTCMD    R_f0= 0x0a    at time   54892963 ps
inst0 ch0:  R_CMD: ACTCMD    R_r1= 0x00    at time   54893377 ps
inst0 ch0:  R_CMD: ACTCMD    R_f1= 0x00    at time   54893791 ps
inst0 ch0:  R_CMD: ACTCMD    R_r0= 0x02    at time   54895033 ps
inst0 ch0:  R_CMD: ACTCMD    R_f0= 0x02    at time   54895447 ps
inst0 ch0:  R_CMD: ACTCMD    R_r1= 0x00    at time   54895861 ps
inst0 ch0:  R_CMD: ACTCMD    R_f1= 0x00    at time   54896275 ps
inst0 ch0:  R_CMD: ACTCMD    R_r0= 0x02    at time   54896689 ps
inst0 ch0:  R_CMD: ACTCMD    R_f0= 0x0a    at time   54897103 ps
inst0 ch0:  R_CMD: ACTCMD    R_r1= 0x00    at time   54897517 ps
inst0 ch0:  C_CMD: RDCMD     C_r = 0x0c5   at time   54897517 ps
inst0 ch0:  R_CMD: ACTCMD    R_f1= 0x00    at time   54897931 ps
inst0 ch0:  C_CMD: RDCMD     C_f = 0x000   at time   54897931 ps
inst0 ch0:  C_CMD: RDCMD     C_r = 0x0c5   at time   54899173 ps
inst0 ch0:  C_CMD: RDCMD     C_f = 0x080   at time   54899587 ps
inst0 ch0:  C_CMD: RDCMD     C_r = 0x0cd   at time   54900829 ps
inst0 ch0:  C_CMD: RDCMD     C_f = 0x002   at time   54901243 ps
inst0 ch0:  C_CMD: RDCMD     C_r = 0x085   at time   54902485 ps
inst0 ch0:  C_CMD: RDCMD     C_f = 0x000   at time   54902899 ps
inst0 ch0:  C_CMD: RDCMD     C_r = 0x0cd   at time   54903313 ps
inst0 ch0:  C_CMD: RDCMD     C_f = 0x082   at time   54903727 ps
inst0 ch0:  C_CMD: RDCMD     C_r = 0x085   at time   54904969 ps
inst0 ch0:  C_CMD: RDCMD     C_f = 0x080   at time   54905383 ps
inst0 ch0:  C_CMD: RDCMD     C_r = 0x08d   at time   54905797 ps
inst0 ch0:  C_CMD: RDCMD     C_f = 0x002   at time   54906211 ps
inst0 ch0:  C_CMD: RDCMD     C_r = 0x045   at time   54907453 ps
inst0 ch0:  C_CMD: RDCMD     C_f = 0x000   at time   54907867 ps
inst0 ch0:  C_CMD: RDCMD     C_r = 0x08d   at time   54908281 ps
inst0 ch0:  C_CMD: RDCMD     C_f = 0x082   at time   54908695 ps
inst0 ch0:  C_CMD: RDCMD     C_r = 0x005   at time   54909937 ps
inst0 ch0:  C_CMD: RDCMD     C_f = 0x000   at time   54910351 ps
inst0 ch0:  C_CMD: RDCMD     C_r = 0x045   at time   54910765 ps
inst0 ch0:  C_CMD: RDCMD     C_f = 0x080   at time   54911179 ps
inst0 ch0:  C_CMD: RDCMD     C_r = 0x04d   at time   54911593 ps
inst0 ch0:  C_CMD: RDCMD     C_f = 0x002   at time   54912007 ps
inst0 ch0:  C_CMD: RDCMD     C_r = 0x005   at time   54912421 ps
inst0 ch0:  C_CMD: RDCMD     C_f = 0x080   at time   54912835 ps
inst0 ch0:  C_CMD: RDCMD     C_r = 0x00d   at time   54913249 ps
inst0 ch0:  C_CMD: RDCMD     C_f = 0x002   at time   54913663 ps
inst0 ch0:  C_CMD: RDCMD     C_r = 0x04d   at time   54914077 ps
inst0 ch0:  C_CMD: RDCMD     C_f = 0x082   at time   54914491 ps
inst0 ch0:  C_CMD: RDCMD     C_r = 0x00d   at time   54915733 ps
inst0 ch0:  C_CMD: RDCMD     C_f = 0x082   at time   54916147 ps
inst0 ch0:  R_CMD: ACTCMD    R_r0= 0x2a    at time   55440685 ps
inst0 ch0:  R_CMD: ACTCMD    R_f0= 0x22    at time   55441099 ps
inst0 ch0:  R_CMD: ACTCMD    R_r1= 0x00    at time   55441513 ps
inst0 ch0:  R_CMD: ACTCMD    R_f1= 0x00    at time   55441927 ps
inst0 ch0:  R_CMD: ACTCMD    R_r0= 0x0a    at time   55444825 ps
inst0 ch0:  R_CMD: ACTCMD    R_f0= 0x22    at time   55445239 ps
inst0 ch0:  R_CMD: ACTCMD    R_r1= 0x00    at time   55445653 ps
inst0 ch0:  R_CMD: ACTCMD    R_f1= 0x00    at time   55446067 ps
inst0 ch0:  R_CMD: ACTCMD    R_r0= 0x2a    at time   55448965 ps
inst0 ch0:  R_CMD: ACTCMD    R_f0= 0x02    at time   55449379 ps
inst0 ch0:  R_CMD: ACTCMD    R_r1= 0x00    at time   55449793 ps
inst0 ch0:  R_CMD: ACTCMD    R_f1= 0x00    at time   55450207 ps
inst0 ch0:  R_CMD: ACTCMD    R_r0= 0x0a    at time   55453105 ps
inst0 ch0:  R_CMD: ACTCMD    R_f0= 0x02    at time   55453519 ps
inst0 ch0:  R_CMD: ACTCMD    R_r1= 0x00    at time   55453933 ps
inst0 ch0:  R_CMD: ACTCMD    R_f1= 0x00    at time   55454347 ps
inst0 ch0:  C_CMD: RDCMD     C_r = 0x0d5   at time   55455589 ps
inst0 ch0:  C_CMD: RDCMD     C_f = 0x000   at time   55456003 ps
inst0 ch0:  C_CMD: RDCMD     C_r = 0x0dd   at time   55458901 ps
inst0 ch0:  C_CMD: RDCMD     C_f = 0x002   at time   55459315 ps
inst0 ch0:  C_CMD: RDCMD     C_r = 0x095   at time   55460557 ps
inst0 ch0:  C_CMD: RDCMD     C_f = 0x000   at time   55460971 ps
inst0 ch0:  C_CMD: RDCMD     C_r = 0x09d   at time   55463869 ps
inst0 ch0:  C_CMD: RDCMD     C_f = 0x002   at time   55464283 ps
inst0 ch0:  C_CMD: RDCMD     C_r = 0x055   at time   55465525 ps
inst0 ch0:  C_CMD: RDCMD     C_f = 0x000   at time   55465939 ps
inst0 ch0:  C_CMD: RDCMD     C_r = 0x015   at time   55468009 ps
inst0 ch0:  C_CMD: RDCMD     C_f = 0x000   at time   55468423 ps
inst0 ch0:  C_CMD: RDCMD     C_r = 0x05d   at time   55469665 ps
inst0 ch0:  C_CMD: RDCMD     C_f = 0x002   at time   55470079 ps
inst0 ch0:  C_CMD: RDCMD     C_r = 0x01d   at time   55471321 ps
inst0 ch0:  C_CMD: RDCMD     C_f = 0x002   at time   55471735 ps
inst0 ch0:  R_CMD: ACTCMD    R_r0= 0x32    at time   55718065 ps
inst0 ch0:  R_CMD: ACTCMD    R_f0= 0x22    at time   55718479 ps
inst0 ch0:  R_CMD: ACTCMD    R_r1= 0x00    at time   55718893 ps
inst0 ch0:  R_CMD: ACTCMD    R_f1= 0x00    at time   55719307 ps
inst0 ch0:  R_CMD: ACTCMD    R_r0= 0x12    at time   55722205 ps
inst0 ch0:  R_CMD: ACTCMD    R_f0= 0x22    at time   55722619 ps
inst0 ch0:  R_CMD: ACTCMD    R_r1= 0x00    at time   55723033 ps
inst0 ch0:  R_CMD: ACTCMD    R_f1= 0x00    at time   55723447 ps
inst0 ch0:  R_CMD: ACTCMD    R_r0= 0x32    at time   55726345 ps
inst0 ch0:  R_CMD: ACTCMD    R_f0= 0x02    at time   55726759 ps
inst0 ch0:  R_CMD: ACTCMD    R_r1= 0x00    at time   55727173 ps
inst0 ch0:  R_CMD: ACTCMD    R_f1= 0x00    at time   55727587 ps
inst0 ch0:  R_CMD: ACTCMD    R_r0= 0x12    at time   55730485 ps
inst0 ch0:  R_CMD: ACTCMD    R_f0= 0x02    at time   55730899 ps
inst0 ch0:  R_CMD: ACTCMD    R_r1= 0x00    at time   55731313 ps
inst0 ch0:  R_CMD: ACTCMD    R_f1= 0x00    at time   55731727 ps
inst0 ch0:  C_CMD: RDCMD     C_r = 0x0e5   at time   55732969 ps
inst0 ch0:  C_CMD: RDCMD     C_f = 0x000   at time   55733383 ps
inst0 ch0:  R_CMD: ACTCMD    R_r0= 0x2a    at time   55736281 ps
inst0 ch0:  C_CMD: RDCMD     C_r = 0x0ed   at time   55736281 ps
inst0 ch0:  R_CMD: ACTCMD    R_f0= 0x2a    at time   55736695 ps
inst0 ch0:  C_CMD: RDCMD     C_f = 0x002   at time   55736695 ps
inst0 ch0:  R_CMD: ACTCMD    R_r1= 0x00    at time   55737109 ps
inst0 ch0:  R_CMD: ACTCMD    R_f1= 0x00    at time   55737523 ps
inst0 ch0:  C_CMD: RDCMD     C_r = 0x0a5   at time   55737937 ps
inst0 ch0:  C_CMD: RDCMD     C_f = 0x000   at time   55738351 ps
inst0 ch0:  R_CMD: ACTCMD    R_r0= 0x0a    at time   55740421 ps
inst0 ch0:  R_CMD: ACTCMD    R_f0= 0x2a    at time   55740835 ps
inst0 ch0:  R_CMD: ACTCMD    R_r1= 0x00    at time   55741249 ps
inst0 ch0:  C_CMD: RDCMD     C_r = 0x0ad   at time   55741249 ps
inst0 ch0:  R_CMD: ACTCMD    R_f1= 0x00    at time   55741663 ps
inst0 ch0:  C_CMD: RDCMD     C_f = 0x002   at time   55741663 ps
inst0 ch0:  C_CMD: RDCMD     C_r = 0x065   at time   55742905 ps
inst0 ch0:  C_CMD: RDCMD     C_f = 0x000   at time   55743319 ps
inst0 ch0:  R_CMD: ACTCMD    R_r0= 0x2a    at time   55744561 ps
inst0 ch0:  R_CMD: ACTCMD    R_f0= 0x0a    at time   55744975 ps
inst0 ch0:  R_CMD: ACTCMD    R_r1= 0x00    at time   55745389 ps
inst0 ch0:  C_CMD: RDCMD     C_r = 0x025   at time   55745389 ps
inst0 ch0:  R_CMD: ACTCMD    R_f1= 0x00    at time   55745803 ps
inst0 ch0:  C_CMD: RDCMD     C_f = 0x000   at time   55745803 ps
inst0 ch0:  C_CMD: RDCMD     C_r = 0x06d   at time   55747045 ps
inst0 ch0:  C_CMD: RDCMD     C_f = 0x002   at time   55747459 ps
inst0 ch0:  R_CMD: ACTCMD    R_r0= 0x0a    at time   55748701 ps
inst0 ch0:  C_CMD: RDCMD     C_r = 0x02d   at time   55748701 ps
inst0 ch0:  R_CMD: ACTCMD    R_f0= 0x0a    at time   55749115 ps
inst0 ch0:  C_CMD: RDCMD     C_f = 0x002   at time   55749115 ps
inst0 ch0:  R_CMD: ACTCMD    R_r1= 0x00    at time   55749529 ps
inst0 ch0:  R_CMD: ACTCMD    R_f1= 0x00    at time   55749943 ps
inst0 ch0:  C_CMD: RDCMD     C_r = 0x0d5   at time   55751185 ps
inst0 ch0:  C_CMD: RDCMD     C_f = 0x080   at time   55751599 ps
inst0 ch0:  C_CMD: RDCMD     C_r = 0x0dd   at time   55754497 ps
inst0 ch0:  C_CMD: RDCMD     C_f = 0x082   at time   55754911 ps
inst0 ch0:  C_CMD: RDCMD     C_r = 0x095   at time   55756153 ps
inst0 ch0:  C_CMD: RDCMD     C_f = 0x080   at time   55756567 ps
inst0 ch0:  C_CMD: RDCMD     C_r = 0x09d   at time   55759465 ps
inst0 ch0:  C_CMD: RDCMD     C_f = 0x082   at time   55759879 ps
inst0 ch0:  C_CMD: RDCMD     C_r = 0x055   at time   55761121 ps
inst0 ch0:  C_CMD: RDCMD     C_f = 0x080   at time   55761535 ps
inst0 ch0:  C_CMD: RDCMD     C_r = 0x015   at time   55763605 ps
inst0 ch0:  C_CMD: RDCMD     C_f = 0x080   at time   55764019 ps
inst0 ch0:  C_CMD: RDCMD     C_r = 0x05d   at time   55765261 ps
inst0 ch0:  C_CMD: RDCMD     C_f = 0x082   at time   55765675 ps
inst0 ch0:  C_CMD: RDCMD     C_r = 0x01d   at time   55766917 ps
inst0 ch0:  C_CMD: RDCMD     C_f = 0x082   at time   55767331 ps
inst0 ch0:  R_CMD: ACTCMD    R_r0= 0x32    at time   56087353 ps
inst0 ch0:  R_CMD: ACTCMD    R_f0= 0x2a    at time   56087767 ps
inst0 ch0:  R_CMD: ACTCMD    R_r1= 0x00    at time   56088181 ps
inst0 ch0:  R_CMD: ACTCMD    R_f1= 0x00    at time   56088595 ps
inst0 ch0:  R_CMD: ACTCMD    R_r0= 0x12    at time   56091493 ps
inst0 ch0:  R_CMD: ACTCMD    R_f0= 0x2a    at time   56091907 ps
inst0 ch0:  R_CMD: ACTCMD    R_r1= 0x00    at time   56092321 ps
inst0 ch0:  R_CMD: ACTCMD    R_f1= 0x00    at time   56092735 ps
inst0 ch0:  R_CMD: ACTCMD    R_r0= 0x32    at time   56095633 ps
inst0 ch0:  R_CMD: ACTCMD    R_f0= 0x0a    at time   56096047 ps
inst0 ch0:  R_CMD: ACTCMD    R_r1= 0x00    at time   56096461 ps
inst0 ch0:  R_CMD: ACTCMD    R_f1= 0x00    at time   56096875 ps
inst0 ch0:  R_CMD: ACTCMD    R_r0= 0x12    at time   56099773 ps
inst0 ch0:  R_CMD: ACTCMD    R_f0= 0x0a    at time   56100187 ps
inst0 ch0:  R_CMD: ACTCMD    R_r1= 0x00    at time   56100601 ps
inst0 ch0:  R_CMD: ACTCMD    R_f1= 0x00    at time   56101015 ps
inst0 ch0:  C_CMD: RDCMD     C_r = 0x0e5   at time   56102257 ps
inst0 ch0:  C_CMD: RDCMD     C_f = 0x080   at time   56102671 ps
inst0 ch0:  C_CMD: RDCMD     C_r = 0x0ed   at time   56105569 ps
inst0 ch0:  C_CMD: RDCMD     C_f = 0x082   at time   56105983 ps
inst0 ch0:  C_CMD: RDCMD     C_r = 0x0a5   at time   56107225 ps
inst0 ch0:  C_CMD: RDCMD     C_f = 0x080   at time   56107639 ps
inst0 ch0:  C_CMD: RDCMD     C_r = 0x0ad   at time   56110537 ps
inst0 ch0:  C_CMD: RDCMD     C_f = 0x082   at time   56110951 ps
inst0 ch0:  C_CMD: RDCMD     C_r = 0x065   at time   56112193 ps
inst0 ch0:  C_CMD: RDCMD     C_f = 0x080   at time   56112607 ps
inst0 ch0:  C_CMD: RDCMD     C_r = 0x025   at time   56114677 ps
inst0 ch0:  C_CMD: RDCMD     C_f = 0x080   at time   56115091 ps
inst0 ch0:  C_CMD: RDCMD     C_r = 0x06d   at time   56116333 ps
inst0 ch0:  C_CMD: RDCMD     C_f = 0x082   at time   56116747 ps
inst0 ch0:  C_CMD: RDCMD     C_r = 0x02d   at time   56117989 ps
inst0 ch0:  C_CMD: RDCMD     C_f = 0x082   at time   56118403 ps
inst0 ch0:  R_CMD: ACTCMD    R_r0= 0x3a    at time   56387089 ps
inst0 ch0:  R_CMD: ACTCMD    R_f0= 0x22    at time   56387503 ps
inst0 ch0:  R_CMD: ACTCMD    R_r1= 0x00    at time   56387917 ps
inst0 ch0:  R_CMD: ACTCMD    R_f1= 0x00    at time   56388331 ps
inst0 ch0:  R_CMD: ACTCMD    R_r0= 0x1a    at time   56391229 ps
inst0 ch0:  R_CMD: ACTCMD    R_f0= 0x22    at time   56391643 ps
inst0 ch0:  R_CMD: ACTCMD    R_r1= 0x00    at time   56392057 ps
inst0 ch0:  R_CMD: ACTCMD    R_f1= 0x00    at time   56392471 ps
inst0 ch0:  R_CMD: ACTCMD    R_r0= 0x3a    at time   56395369 ps
inst0 ch0:  R_CMD: ACTCMD    R_f0= 0x02    at time   56395783 ps
inst0 ch0:  R_CMD: ACTCMD    R_r1= 0x00    at time   56396197 ps
inst0 ch0:  R_CMD: ACTCMD    R_f1= 0x00    at time   56396611 ps
inst0 ch0:  R_CMD: ACTCMD    R_r0= 0x1a    at time   56399509 ps
inst0 ch0:  R_CMD: ACTCMD    R_f0= 0x02    at time   56399923 ps
inst0 ch0:  R_CMD: ACTCMD    R_r1= 0x00    at time   56400337 ps
inst0 ch0:  R_CMD: ACTCMD    R_f1= 0x00    at time   56400751 ps
inst0 ch0:  C_CMD: RDCMD     C_r = 0x0f5   at time   56401993 ps
inst0 ch0:  C_CMD: RDCMD     C_f = 0x000   at time   56402407 ps
inst0 ch0:  C_CMD: RDCMD     C_r = 0x0fd   at time   56405305 ps
inst0 ch0:  C_CMD: RDCMD     C_f = 0x002   at time   56405719 ps
inst0 ch0:  C_CMD: RDCMD     C_r = 0x0b5   at time   56406961 ps
inst0 ch0:  C_CMD: RDCMD     C_f = 0x000   at time   56407375 ps
inst0 ch0:  C_CMD: RDCMD     C_r = 0x0bd   at time   56410273 ps
inst0 ch0:  C_CMD: RDCMD     C_f = 0x002   at time   56410687 ps
inst0 ch0:  C_CMD: RDCMD     C_r = 0x075   at time   56411929 ps
inst0 ch0:  C_CMD: RDCMD     C_f = 0x000   at time   56412343 ps
inst0 ch0:  C_CMD: RDCMD     C_r = 0x035   at time   56414413 ps
inst0 ch0:  C_CMD: RDCMD     C_f = 0x000   at time   56414827 ps
inst0 ch0:  C_CMD: RDCMD     C_r = 0x07d   at time   56416069 ps
inst0 ch0:  C_CMD: RDCMD     C_f = 0x002   at time   56416483 ps
inst0 ch0:  C_CMD: RDCMD     C_r = 0x03d   at time   56417725 ps
inst0 ch0:  C_CMD: RDCMD     C_f = 0x002   at time   56418139 ps
inst0 ch0:  R_CMD: ACTCMD    R_r0= 0x3a    at time   56425177 ps
inst0 ch0:  R_CMD: ACTCMD    R_f0= 0x2a    at time   56425591 ps
inst0 ch0:  R_CMD: ACTCMD    R_r1= 0x00    at time   56426005 ps
inst0 ch0:  R_CMD: ACTCMD    R_f1= 0x00    at time   56426419 ps
inst0 ch0:  R_CMD: ACTCMD    R_r0= 0x1a    at time   56429317 ps
inst0 ch0:  R_CMD: ACTCMD    R_f0= 0x2a    at time   56429731 ps
inst0 ch0:  R_CMD: ACTCMD    R_r1= 0x00    at time   56430145 ps
inst0 ch0:  R_CMD: ACTCMD    R_f1= 0x00    at time   56430559 ps
inst0 ch0:  R_CMD: ACTCMD    R_r0= 0x3a    at time   56433457 ps
inst0 ch0:  R_CMD: ACTCMD    R_f0= 0x0a    at time   56433871 ps
inst0 ch0:  R_CMD: ACTCMD    R_r1= 0x00    at time   56434285 ps
inst0 ch0:  R_CMD: ACTCMD    R_f1= 0x00    at time   56434699 ps
inst0 ch0:  R_CMD: ACTCMD    R_r0= 0x1a    at time   56437597 ps
inst0 ch0:  R_CMD: ACTCMD    R_f0= 0x0a    at time   56438011 ps
inst0 ch0:  R_CMD: ACTCMD    R_r1= 0x00    at time   56438425 ps
inst0 ch0:  R_CMD: ACTCMD    R_f1= 0x00    at time   56438839 ps
inst0 ch0:  C_CMD: RDCMD     C_r = 0x0f5   at time   56440081 ps
inst0 ch0:  C_CMD: RDCMD     C_f = 0x080   at time   56440495 ps
inst0 ch0:  C_CMD: RDCMD     C_r = 0x0fd   at time   56443393 ps
inst0 ch0:  C_CMD: RDCMD     C_f = 0x082   at time   56443807 ps
inst0 ch0:  C_CMD: RDCMD     C_r = 0x0b5   at time   56445049 ps
inst0 ch0:  C_CMD: RDCMD     C_f = 0x080   at time   56445463 ps
inst0 ch0:  C_CMD: RDCMD     C_r = 0x0bd   at time   56448361 ps
inst0 ch0:  C_CMD: RDCMD     C_f = 0x082   at time   56448775 ps
inst0 ch0:  C_CMD: RDCMD     C_r = 0x075   at time   56450017 ps
inst0 ch0:  C_CMD: RDCMD     C_f = 0x080   at time   56450431 ps
inst0 ch0:  C_CMD: RDCMD     C_r = 0x035   at time   56452501 ps
inst0 ch0:  C_CMD: RDCMD     C_f = 0x080   at time   56452915 ps
inst0 ch0:  C_CMD: RDCMD     C_r = 0x07d   at time   56454157 ps
inst0 ch0:  C_CMD: RDCMD     C_f = 0x082   at time   56454571 ps
inst0 ch0:  C_CMD: RDCMD     C_r = 0x03d   at time   56455813 ps
inst0 ch0:  C_CMD: RDCMD     C_f = 0x082   at time   56456227 ps
inst0 ch0:  R_CMD: ACTCMD    R_r0= 0x02    at time   57026305 ps
inst0 ch0:  R_CMD: ACTCMD    R_f0= 0x10    at time   57026719 ps
inst0 ch0:  R_CMD: ACTCMD    R_r1= 0x3f    at time   57027133 ps
inst0 ch0:  R_CMD: ACTCMD    R_f1= 0x3b    at time   57027547 ps
inst0 ch0:  C_CMD: WRCMD     C_r = 0x009   at time   57037069 ps
inst0 ch0:  C_CMD: WRCMD     C_f = 0x07a   at time   57037483 ps
inst0 ch0:  R_CMD: ACTCMD    R_r0= 0x02    at time   57056113 ps
inst0 ch0:  R_CMD: ACTCMD    R_f0= 0x18    at time   57056527 ps
inst0 ch0:  R_CMD: ACTCMD    R_r1= 0x3f    at time   57056941 ps
inst0 ch0:  R_CMD: ACTCMD    R_f1= 0x3b    at time   57057355 ps
inst0 ch0:  C_CMD: WRCMD     C_r = 0x009   at time   57066877 ps
inst0 ch0:  C_CMD: WRCMD     C_f = 0x0fa   at time   57067291 ps
inst0 ch0:  R_CMD: ACTCMD    R_r0= 0x0a    at time   57701125 ps
inst0 ch0:  R_CMD: ACTCMD    R_f0= 0x18    at time   57701539 ps
inst0 ch0:  R_CMD: ACTCMD    R_r1= 0x3f    at time   57701953 ps
inst0 ch0:  R_CMD: ACTCMD    R_f1= 0x3b    at time   57702367 ps
inst0 ch0:  C_CMD: WRCMD     C_r = 0x019   at time   57711889 ps
inst0 ch0:  C_CMD: WRCMD     C_f = 0x0fa   at time   57712303 ps
inst0 ch0:  R_CMD: ACTCMD    R_r0= 0x0a    at time   57785581 ps
inst0 ch0:  R_CMD: ACTCMD    R_f0= 0x10    at time   57785995 ps
inst0 ch0:  R_CMD: ACTCMD    R_r1= 0x3f    at time   57786409 ps
inst0 ch0:  R_CMD: ACTCMD    R_f1= 0x3b    at time   57786823 ps
inst0 ch0:  C_CMD: WRCMD     C_r = 0x019   at time   57796345 ps
inst0 ch0:  C_CMD: WRCMD     C_f = 0x07a   at time   57796759 ps
inst0 ch0:  R_CMD: ACTCMD    R_r0= 0x02    at time   57828637 ps
inst0 ch0:  R_CMD: ACTCMD    R_f0= 0x38    at time   57829051 ps
inst0 ch0:  R_CMD: ACTCMD    R_r1= 0x3f    at time   57829465 ps
inst0 ch0:  R_CMD: ACTCMD    R_f1= 0x3b    at time   57829879 ps
inst0 ch0:  C_CMD: WRCMD     C_r = 0x089   at time   57839401 ps
inst0 ch0:  C_CMD: WRCMD     C_f = 0x0fa   at time   57839815 ps
inst0 ch0:  R_CMD: ACTCMD    R_r0= 0x02    at time   57912265 ps
inst0 ch0:  R_CMD: ACTCMD    R_f0= 0x30    at time   57912679 ps
inst0 ch0:  R_CMD: ACTCMD    R_r1= 0x3f    at time   57913093 ps
inst0 ch0:  R_CMD: ACTCMD    R_f1= 0x3b    at time   57913507 ps
inst0 ch0:  C_CMD: WRCMD     C_r = 0x089   at time   57923029 ps
inst0 ch0:  C_CMD: WRCMD     C_f = 0x07a   at time   57923443 ps
inst0 ch0:  R_CMD: ACTCMD    R_r0= 0x0a    at time   57987613 ps
inst0 ch0:  R_CMD: ACTCMD    R_f0= 0x38    at time   57988027 ps
inst0 ch0:  R_CMD: ACTCMD    R_r1= 0x3f    at time   57988441 ps
inst0 ch0:  R_CMD: ACTCMD    R_f1= 0x3b    at time   57988855 ps
inst0 ch0:  C_CMD: WRCMD     C_r = 0x099   at time   57998377 ps
inst0 ch0:  C_CMD: WRCMD     C_f = 0x0fa   at time   57998791 ps
inst0 ch0:  R_CMD: ACTCMD    R_r0= 0x0a    at time   58066273 ps
inst0 ch0:  R_CMD: ACTCMD    R_f0= 0x30    at time   58066687 ps
inst0 ch0:  R_CMD: ACTCMD    R_r1= 0x3f    at time   58067101 ps
inst0 ch0:  R_CMD: ACTCMD    R_f1= 0x3b    at time   58067515 ps
inst0 ch0:  C_CMD: WRCMD     C_r = 0x099   at time   58077037 ps
inst0 ch0:  C_CMD: WRCMD     C_f = 0x07a   at time   58077451 ps
inst0 ch0:  R_CMD: ACTCMD    R_r0= 0x0a    at time   58905037 ps
inst0 ch0:  R_CMD: ACTCMD    R_f0= 0x13    at time   58905451 ps
inst0 ch0:  R_CMD: ACTCMD    R_r1= 0x3f    at time   58905865 ps
inst0 ch0:  R_CMD: ACTCMD    R_f1= 0x3b    at time   58906279 ps
inst0 ch0:  C_CMD: WRCMD     C_r = 0x019   at time   58915801 ps
inst0 ch0:  C_CMD: WRCMD     C_f = 0x010   at time   58916215 ps
inst0 ch0:  R_CMD: ACTCMD    R_r0= 0x0a    at time   59006053 ps
inst0 ch0:  R_CMD: ACTCMD    R_f0= 0x1b    at time   59006467 ps
inst0 ch0:  R_CMD: ACTCMD    R_r1= 0x3f    at time   59006881 ps
inst0 ch0:  R_CMD: ACTCMD    R_f1= 0x3b    at time   59007295 ps
inst0 ch0:  C_CMD: WRCMD     C_r = 0x019   at time   59016817 ps
inst0 ch0:  C_CMD: WRCMD     C_f = 0x090   at time   59017231 ps
inst0 ch0:  R_CMD: ACTCMD    R_r0= 0x02    at time   59389417 ps
inst0 ch0:  R_CMD: ACTCMD    R_f0= 0x1b    at time   59389831 ps
inst0 ch0:  R_CMD: ACTCMD    R_r1= 0x3f    at time   59390245 ps
inst0 ch0:  R_CMD: ACTCMD    R_f1= 0x3b    at time   59390659 ps
inst0 ch0:  C_CMD: WRCMD     C_r = 0x009   at time   59400181 ps
inst0 ch0:  C_CMD: WRCMD     C_f = 0x080   at time   59400595 ps
inst0 ch0:  R_CMD: ACTCMD    R_r0= 0x02    at time   59403493 ps
inst0 ch0:  R_CMD: ACTCMD    R_f0= 0x13    at time   59403907 ps
inst0 ch0:  R_CMD: ACTCMD    R_r1= 0x3f    at time   59404321 ps
inst0 ch0:  R_CMD: ACTCMD    R_f1= 0x3b    at time   59404735 ps
inst0 ch0:  C_CMD: WRCMD     C_r = 0x009   at time   59414257 ps
inst0 ch0:  C_CMD: WRCMD     C_f = 0x000   at time   59414671 ps
inst0 ch0:  R_CMD: ACTCMD    R_r0= 0x02    at time   60793705 ps
inst0 ch0:  R_CMD: ACTCMD    R_f0= 0x08    at time   60794119 ps
inst0 ch0:  R_CMD: ACTCMD    R_r1= 0x00    at time   60794533 ps
inst0 ch0:  R_CMD: ACTCMD    R_f1= 0x00    at time   60794947 ps
inst0 ch0:  C_CMD: RDCMD     C_r = 0x005   at time   60808609 ps
inst0 ch0:  C_CMD: RDCMD     C_f = 0x098   at time   60809023 ps
inst0 ch0:  C_CMD: RDCMD     C_r = 0x005   at time   60811921 ps
inst0 ch0:  C_CMD: RDCMD     C_f = 0x09a   at time   60812335 ps
inst0 ch0:  C_CMD: RDCMD     C_r = 0x005   at time   60815233 ps
inst0 ch0:  C_CMD: RDCMD     C_f = 0x090   at time   60815647 ps
inst0 ch0:  C_CMD: RDCMD     C_r = 0x005   at time   60818545 ps
inst0 ch0:  C_CMD: RDCMD     C_f = 0x092   at time   60818959 ps
inst0 ch0:  C_CMD: RDCMD     C_r = 0x005   at time   60821857 ps
inst0 ch0:  C_CMD: RDCMD     C_f = 0x088   at time   60822271 ps
inst0 ch0:  C_CMD: RDCMD     C_r = 0x005   at time   60825169 ps
inst0 ch0:  C_CMD: RDCMD     C_f = 0x08a   at time   60825583 ps
inst0 ch0:  C_CMD: RDCMD     C_r = 0x005   at time   60828481 ps
inst0 ch0:  C_CMD: RDCMD     C_f = 0x080   at time   60828895 ps
inst0 ch0:  R_CMD: ACTCMD    R_r0= 0x02    at time   60830137 ps
inst0 ch0:  R_CMD: ACTCMD    R_f0= 0x00    at time   60830551 ps
inst0 ch0:  R_CMD: ACTCMD    R_r1= 0x00    at time   60830965 ps
inst0 ch0:  R_CMD: ACTCMD    R_f1= 0x00    at time   60831379 ps
inst0 ch0:  C_CMD: RDCMD     C_r = 0x00d   at time   60831793 ps
inst0 ch0:  C_CMD: RDCMD     C_f = 0x082   at time   60832207 ps
inst0 ch0:  C_CMD: RDCMD     C_r = 0x005   at time   60845041 ps
inst0 ch0:  C_CMD: RDCMD     C_f = 0x018   at time   60845455 ps
inst0 ch0:  C_CMD: RDCMD     C_r = 0x005   at time   60848353 ps
inst0 ch0:  C_CMD: RDCMD     C_f = 0x01a   at time   60848767 ps
inst0 ch0:  C_CMD: RDCMD     C_r = 0x005   at time   60851665 ps
inst0 ch0:  C_CMD: RDCMD     C_f = 0x010   at time   60852079 ps
inst0 ch0:  C_CMD: RDCMD     C_r = 0x005   at time   60854977 ps
inst0 ch0:  C_CMD: RDCMD     C_f = 0x012   at time   60855391 ps
inst0 ch0:  C_CMD: RDCMD     C_r = 0x005   at time   60858289 ps
inst0 ch0:  C_CMD: RDCMD     C_f = 0x008   at time   60858703 ps
inst0 ch0:  C_CMD: RDCMD     C_r = 0x005   at time   60861601 ps
inst0 ch0:  C_CMD: RDCMD     C_f = 0x00a   at time   60862015 ps
inst0 ch0:  C_CMD: RDCMD     C_r = 0x005   at time   60864913 ps
inst0 ch0:  C_CMD: RDCMD     C_f = 0x000   at time   60865327 ps
inst0 ch0:  C_CMD: RDCMD     C_r = 0x00d   at time   60868225 ps
inst0 ch0:  C_CMD: RDCMD     C_f = 0x002   at time   60868639 ps
inst0 ch0:  R_CMD: ACTCMD    R_r0= 0x0a    at time   61301269 ps
inst0 ch0:  R_CMD: ACTCMD    R_f0= 0x08    at time   61301683 ps
inst0 ch0:  R_CMD: ACTCMD    R_r1= 0x00    at time   61302097 ps
inst0 ch0:  R_CMD: ACTCMD    R_f1= 0x00    at time   61302511 ps
inst0 ch0:  R_CMD: ACTCMD    R_r0= 0x0a    at time   61304581 ps
inst0 ch0:  R_CMD: ACTCMD    R_f0= 0x00    at time   61304995 ps
inst0 ch0:  R_CMD: ACTCMD    R_r1= 0x00    at time   61305409 ps
inst0 ch0:  R_CMD: ACTCMD    R_f1= 0x00    at time   61305823 ps
inst0 ch0:  C_CMD: RDCMD     C_r = 0x015   at time   61316173 ps
inst0 ch0:  C_CMD: RDCMD     C_f = 0x098   at time   61316587 ps
inst0 ch0:  C_CMD: RDCMD     C_r = 0x015   at time   61319485 ps
inst0 ch0:  C_CMD: RDCMD     C_f = 0x09a   at time   61319899 ps
inst0 ch0:  C_CMD: RDCMD     C_r = 0x015   at time   61320313 ps
inst0 ch0:  C_CMD: RDCMD     C_f = 0x018   at time   61320727 ps
inst0 ch0:  C_CMD: RDCMD     C_r = 0x015   at time   61322797 ps
inst0 ch0:  C_CMD: RDCMD     C_f = 0x090   at time   61323211 ps
inst0 ch0:  C_CMD: RDCMD     C_r = 0x015   at time   61323625 ps
inst0 ch0:  C_CMD: RDCMD     C_f = 0x01a   at time   61324039 ps
inst0 ch0:  C_CMD: RDCMD     C_r = 0x015   at time   61326109 ps
inst0 ch0:  C_CMD: RDCMD     C_f = 0x092   at time   61326523 ps
inst0 ch0:  C_CMD: RDCMD     C_r = 0x015   at time   61326937 ps
inst0 ch0:  C_CMD: RDCMD     C_f = 0x010   at time   61327351 ps
inst0 ch0:  C_CMD: RDCMD     C_r = 0x015   at time   61329421 ps
inst0 ch0:  C_CMD: RDCMD     C_f = 0x088   at time   61329835 ps
inst0 ch0:  C_CMD: RDCMD     C_r = 0x015   at time   61330249 ps
inst0 ch0:  C_CMD: RDCMD     C_f = 0x012   at time   61330663 ps
inst0 ch0:  C_CMD: RDCMD     C_r = 0x015   at time   61332733 ps
inst0 ch0:  C_CMD: RDCMD     C_f = 0x08a   at time   61333147 ps
inst0 ch0:  C_CMD: RDCMD     C_r = 0x015   at time   61333561 ps
inst0 ch0:  C_CMD: RDCMD     C_f = 0x008   at time   61333975 ps
inst0 ch0:  C_CMD: RDCMD     C_r = 0x015   at time   61336045 ps
inst0 ch0:  C_CMD: RDCMD     C_f = 0x080   at time   61336459 ps
inst0 ch0:  C_CMD: RDCMD     C_r = 0x015   at time   61336873 ps
inst0 ch0:  C_CMD: RDCMD     C_f = 0x00a   at time   61337287 ps
inst0 ch0:  C_CMD: RDCMD     C_r = 0x01d   at time   61339357 ps
inst0 ch0:  C_CMD: RDCMD     C_f = 0x082   at time   61339771 ps
inst0 ch0:  C_CMD: RDCMD     C_r = 0x015   at time   61340185 ps
inst0 ch0:  C_CMD: RDCMD     C_f = 0x000   at time   61340599 ps
inst0 ch0:  C_CMD: RDCMD     C_r = 0x01d   at time   61343497 ps
inst0 ch0:  C_CMD: RDCMD     C_f = 0x002   at time   61343911 ps
inst0 ch0:  R_CMD: ACTCMD    R_r0= 0x0a    at time   61582789 ps
inst0 ch0:  R_CMD: ACTCMD    R_f0= 0x08    at time   61583203 ps
inst0 ch0:  R_CMD: ACTCMD    R_r1= 0x00    at time   61583617 ps
inst0 ch0:  R_CMD: ACTCMD    R_f1= 0x00    at time   61584031 ps
inst0 ch0:  R_CMD: ACTCMD    R_r0= 0x0a    at time   61591069 ps
inst0 ch0:  R_CMD: ACTCMD    R_f0= 0x00    at time   61591483 ps
inst0 ch0:  R_CMD: ACTCMD    R_r1= 0x00    at time   61591897 ps
inst0 ch0:  R_CMD: ACTCMD    R_f1= 0x00    at time   61592311 ps
inst0 ch0:  C_CMD: WRCMD     C_r = 0x011   at time   61593553 ps
inst0 ch0:  C_CMD: WRCMD     C_f = 0x0b8   at time   61593967 ps
inst0 ch0:  C_CMD: WRCMD     C_r = 0x011   at time   61596865 ps
inst0 ch0:  C_CMD: WRCMD     C_f = 0x0ba   at time   61597279 ps
inst0 ch0:  C_CMD: WRCMD     C_r = 0x011   at time   61600177 ps
inst0 ch0:  C_CMD: WRCMD     C_f = 0x0b0   at time   61600591 ps
inst0 ch0:  C_CMD: WRCMD     C_r = 0x011   at time   61601833 ps
inst0 ch0:  C_CMD: WRCMD     C_f = 0x038   at time   61602247 ps
inst0 ch0:  C_CMD: WRCMD     C_r = 0x011   at time   61603489 ps
inst0 ch0:  C_CMD: WRCMD     C_f = 0x0b2   at time   61603903 ps
inst0 ch0:  C_CMD: WRCMD     C_r = 0x011   at time   61605145 ps
inst0 ch0:  C_CMD: WRCMD     C_f = 0x03a   at time   61605559 ps
inst0 ch0:  C_CMD: WRCMD     C_r = 0x011   at time   61606801 ps
inst0 ch0:  C_CMD: WRCMD     C_f = 0x0a8   at time   61607215 ps
inst0 ch0:  C_CMD: WRCMD     C_r = 0x011   at time   61608457 ps
inst0 ch0:  C_CMD: WRCMD     C_f = 0x030   at time   61608871 ps
inst0 ch0:  C_CMD: WRCMD     C_r = 0x011   at time   61610113 ps
inst0 ch0:  C_CMD: WRCMD     C_f = 0x0aa   at time   61610527 ps
inst0 ch0:  C_CMD: WRCMD     C_r = 0x011   at time   61611769 ps
inst0 ch0:  C_CMD: WRCMD     C_f = 0x032   at time   61612183 ps
inst0 ch0:  C_CMD: WRCMD     C_r = 0x011   at time   61613425 ps
inst0 ch0:  C_CMD: WRCMD     C_f = 0x0a0   at time   61613839 ps
inst0 ch0:  C_CMD: WRCMD     C_r = 0x011   at time   61615081 ps
inst0 ch0:  C_CMD: WRCMD     C_f = 0x028   at time   61615495 ps
inst0 ch0:  C_CMD: WRCMD     C_r = 0x019   at time   61616737 ps
inst0 ch0:  C_CMD: WRCMD     C_f = 0x0a2   at time   61617151 ps
inst0 ch0:  C_CMD: WRCMD     C_r = 0x011   at time   61618393 ps
inst0 ch0:  C_CMD: WRCMD     C_f = 0x02a   at time   61618807 ps
inst0 ch0:  C_CMD: WRCMD     C_r = 0x011   at time   61621705 ps
inst0 ch0:  C_CMD: WRCMD     C_f = 0x020   at time   61622119 ps
inst0 ch0:  C_CMD: WRCMD     C_r = 0x019   at time   61625017 ps
inst0 ch0:  C_CMD: WRCMD     C_f = 0x022   at time   61625431 ps
inst0 ch0:  R_CMD: ACTCMD    R_r0= 0x02    at time   62473717 ps
inst0 ch0:  R_CMD: ACTCMD    R_f0= 0x1b    at time   62474131 ps
inst0 ch0:  R_CMD: ACTCMD    R_r1= 0x3f    at time   62474545 ps
inst0 ch0:  R_CMD: ACTCMD    R_f1= 0x3b    at time   62474959 ps
inst0 ch0:  C_CMD: WRCMD     C_r = 0x009   at time   62484481 ps
inst0 ch0:  C_CMD: WRCMD     C_f = 0x080   at time   62484895 ps
inst0 ch0:  R_CMD: ACTCMD    R_r0= 0x02    at time   62648425 ps
inst0 ch0:  R_CMD: ACTCMD    R_f0= 0x13    at time   62648839 ps
inst0 ch0:  R_CMD: ACTCMD    R_r1= 0x3f    at time   62649253 ps
inst0 ch0:  R_CMD: ACTCMD    R_f1= 0x3b    at time   62649667 ps
inst0 ch0:  C_CMD: WRCMD     C_r = 0x009   at time   62659189 ps
inst0 ch0:  C_CMD: WRCMD     C_f = 0x000   at time   62659603 ps
inst0 ch0:  R_CMD: ACTCMD    R_r0= 0x0a    at time   62906761 ps
inst0 ch0:  R_CMD: ACTCMD    R_f0= 0x11    at time   62907175 ps
inst0 ch0:  R_CMD: ACTCMD    R_r1= 0x3f    at time   62907589 ps
inst0 ch0:  R_CMD: ACTCMD    R_f1= 0x3b    at time   62908003 ps
inst0 ch0:  R_CMD: ACTCMD    R_r0= 0x02    at time   62910901 ps
inst0 ch0:  R_CMD: ACTCMD    R_f0= 0x11    at time   62911315 ps
inst0 ch0:  R_CMD: ACTCMD    R_r1= 0x3f    at time   62911729 ps
inst0 ch0:  R_CMD: ACTCMD    R_f1= 0x3b    at time   62912143 ps
inst0 ch0:  C_CMD: WRCMD     C_r = 0x019   at time   62917525 ps
inst0 ch0:  C_CMD: WRCMD     C_f = 0x07a   at time   62917939 ps
inst0 ch0:  C_CMD: WRCMD     C_r = 0x009   at time   62921665 ps
inst0 ch0:  C_CMD: WRCMD     C_f = 0x07a   at time   62922079 ps
inst0 ch0:  R_CMD: ACTCMD    R_r0= 0x0a    at time   62968033 ps
inst0 ch0:  R_CMD: ACTCMD    R_f0= 0x19    at time   62968447 ps
inst0 ch0:  R_CMD: ACTCMD    R_r1= 0x3f    at time   62968861 ps
inst0 ch0:  R_CMD: ACTCMD    R_f1= 0x3b    at time   62969275 ps
inst0 ch0:  R_CMD: ACTCMD    R_r0= 0x02    at time   62973001 ps
inst0 ch0:  R_CMD: ACTCMD    R_f0= 0x19    at time   62973415 ps
inst0 ch0:  R_CMD: ACTCMD    R_r1= 0x3f    at time   62973829 ps
inst0 ch0:  R_CMD: ACTCMD    R_f1= 0x3b    at time   62974243 ps
inst0 ch0:  C_CMD: WRCMD     C_r = 0x019   at time   62978797 ps
inst0 ch0:  C_CMD: WRCMD     C_f = 0x0fa   at time   62979211 ps
inst0 ch0:  C_CMD: WRCMD     C_r = 0x009   at time   62983765 ps
inst0 ch0:  C_CMD: WRCMD     C_f = 0x0fa   at time   62984179 ps
inst0 ch0:  R_CMD: ACTCMD    R_r0= 0x0a    at time   63290125 ps
inst0 ch0:  R_CMD: ACTCMD    R_f0= 0x0a    at time   63290539 ps
inst0 ch0:  R_CMD: ACTCMD    R_r1= 0x00    at time   63290953 ps
inst0 ch0:  R_CMD: ACTCMD    R_f1= 0x00    at time   63291367 ps
inst0 ch0:  R_CMD: ACTCMD    R_r0= 0x02    at time   63294265 ps
inst0 ch0:  R_CMD: ACTCMD    R_f0= 0x0a    at time   63294679 ps
inst0 ch0:  R_CMD: ACTCMD    R_r1= 0x00    at time   63295093 ps
inst0 ch0:  R_CMD: ACTCMD    R_f1= 0x00    at time   63295507 ps
inst0 ch0:  C_CMD: RDCMD     C_r = 0x015   at time   63305029 ps
inst0 ch0:  C_CMD: RDCMD     C_f = 0x080   at time   63305443 ps
inst0 ch0:  C_CMD: RDCMD     C_r = 0x01d   at time   63308341 ps
inst0 ch0:  C_CMD: RDCMD     C_f = 0x082   at time   63308755 ps
inst0 ch0:  C_CMD: RDCMD     C_r = 0x005   at time   63311653 ps
inst0 ch0:  C_CMD: RDCMD     C_f = 0x080   at time   63312067 ps
inst0 ch0:  C_CMD: RDCMD     C_r = 0x00d   at time   63314965 ps
inst0 ch0:  C_CMD: RDCMD     C_f = 0x082   at time   63315379 ps
inst0 ch0:  R_CMD: ACTCMD    R_r0= 0x0a    at time   63564193 ps
inst0 ch0:  R_CMD: ACTCMD    R_f0= 0x02    at time   63564607 ps
inst0 ch0:  R_CMD: ACTCMD    R_r1= 0x00    at time   63565021 ps
inst0 ch0:  R_CMD: ACTCMD    R_f1= 0x00    at time   63565435 ps
inst0 ch0:  R_CMD: ACTCMD    R_r0= 0x02    at time   63568333 ps
inst0 ch0:  R_CMD: ACTCMD    R_f0= 0x02    at time   63568747 ps
inst0 ch0:  R_CMD: ACTCMD    R_r1= 0x00    at time   63569161 ps
inst0 ch0:  R_CMD: ACTCMD    R_f1= 0x00    at time   63569575 ps
inst0 ch0:  C_CMD: RDCMD     C_r = 0x015   at time   63579097 ps
inst0 ch0:  C_CMD: RDCMD     C_f = 0x000   at time   63579511 ps
inst0 ch0:  C_CMD: RDCMD     C_r = 0x01d   at time   63582409 ps
inst0 ch0:  C_CMD: RDCMD     C_f = 0x002   at time   63582823 ps
inst0 ch0:  C_CMD: RDCMD     C_r = 0x005   at time   63585721 ps
inst0 ch0:  C_CMD: RDCMD     C_f = 0x000   at time   63586135 ps
inst0 ch0:  C_CMD: RDCMD     C_r = 0x00d   at time   63589033 ps
inst0 ch0:  C_CMD: RDCMD     C_f = 0x002   at time   63589447 ps
