inst0 ch0:  R_CMD: ACTCMD    R_r0= 0x0e    at time   33400981 ps
inst0 ch0:  R_CMD: ACTCMD    R_f0= 0x28    at time   33401395 ps
inst0 ch0:  R_CMD: ACTCMD    R_r1= 0x00    at time   33401809 ps
inst0 ch0:  R_CMD: ACTCMD    R_f1= 0x02    at time   33402223 ps
inst0 ch0:  R_CMD: ACTCMD    R_r0= 0x0e    at time   33402637 ps
inst0 ch0:  R_CMD: ACTCMD    R_f0= 0x20    at time   33403051 ps
inst0 ch0:  R_CMD: ACTCMD    R_r1= 0x00    at time   33403465 ps
inst0 ch0:  R_CMD: ACTCMD    R_f1= 0x02    at time   33403879 ps
inst0 ch0:  C_CMD: RDCMD     C_r = 0x095   at time   33415885 ps
inst0 ch0:  C_CMD: RDCMD     C_f = 0x0a9   at time   33416299 ps
inst0 ch0:  C_CMD: RDCMD     C_r = 0x095   at time   33417541 ps
inst0 ch0:  C_CMD: RDCMD     C_f = 0x029   at time   33417955 ps
inst0 ch0:  C_CMD: RDCMD     C_r = 0x095   at time   33419197 ps
inst0 ch0:  C_CMD: RDCMD     C_f = 0x0ab   at time   33419611 ps
inst0 ch0:  C_CMD: RDCMD     C_r = 0x095   at time   33420853 ps
inst0 ch0:  C_CMD: RDCMD     C_f = 0x02b   at time   33421267 ps
inst0 ch0:  C_CMD: RDCMD     C_r = 0x095   at time   33422509 ps
inst0 ch0:  C_CMD: RDCMD     C_f = 0x0a1   at time   33422923 ps
inst0 ch0:  C_CMD: RDCMD     C_r = 0x095   at time   33424165 ps
inst0 ch0:  C_CMD: RDCMD     C_f = 0x021   at time   33424579 ps
inst0 ch0:  C_CMD: RDCMD     C_r = 0x09d   at time   33425821 ps
inst0 ch0:  C_CMD: RDCMD     C_f = 0x0a3   at time   33426235 ps
inst0 ch0:  C_CMD: RDCMD     C_r = 0x09d   at time   33427477 ps
inst0 ch0:  C_CMD: RDCMD     C_f = 0x023   at time   33427891 ps
inst0 ch0:  R_CMD: ACTCMD    R_r0= 0x0e    at time   33547537 ps
inst0 ch0:  R_CMD: ACTCMD    R_f0= 0x28    at time   33547951 ps
inst0 ch0:  R_CMD: ACTCMD    R_r1= 0x00    at time   33548365 ps
inst0 ch0:  R_CMD: ACTCMD    R_f1= 0x02    at time   33548779 ps
inst0 ch0:  R_CMD: ACTCMD    R_r0= 0x0e    at time   33549193 ps
inst0 ch0:  R_CMD: ACTCMD    R_f0= 0x20    at time   33549607 ps
inst0 ch0:  R_CMD: ACTCMD    R_r1= 0x00    at time   33550021 ps
inst0 ch0:  R_CMD: ACTCMD    R_f1= 0x02    at time   33550435 ps
inst0 ch0:  C_CMD: WRCMD     C_r = 0x091   at time   33558301 ps
inst0 ch0:  C_CMD: WRCMD     C_f = 0x0a9   at time   33558715 ps
inst0 ch0:  C_CMD: WRCMD     C_r = 0x091   at time   33559957 ps
inst0 ch0:  C_CMD: WRCMD     C_f = 0x029   at time   33560371 ps
inst0 ch0:  C_CMD: WRCMD     C_r = 0x091   at time   33561613 ps
inst0 ch0:  C_CMD: WRCMD     C_f = 0x0ab   at time   33562027 ps
inst0 ch0:  C_CMD: WRCMD     C_r = 0x091   at time   33563269 ps
inst0 ch0:  C_CMD: WRCMD     C_f = 0x02b   at time   33563683 ps
inst0 ch0:  C_CMD: WRCMD     C_r = 0x091   at time   33564925 ps
inst0 ch0:  C_CMD: WRCMD     C_f = 0x0a1   at time   33565339 ps
inst0 ch0:  C_CMD: WRCMD     C_r = 0x091   at time   33566581 ps
inst0 ch0:  C_CMD: WRCMD     C_f = 0x021   at time   33566995 ps
inst0 ch0:  C_CMD: WRCMD     C_r = 0x099   at time   33568237 ps
inst0 ch0:  C_CMD: WRCMD     C_f = 0x0a3   at time   33568651 ps
inst0 ch0:  C_CMD: WRCMD     C_r = 0x099   at time   33569893 ps
inst0 ch0:  C_CMD: WRCMD     C_f = 0x023   at time   33570307 ps
inst0 ch0:  R_CMD: ACTCMD    R_r0= 0x26    at time   54263269 ps
inst0 ch0:  R_CMD: ACTCMD    R_f0= 0x28    at time   54263683 ps
inst0 ch0:  R_CMD: ACTCMD    R_r1= 0x00    at time   54264097 ps
inst0 ch0:  R_CMD: ACTCMD    R_f1= 0x02    at time   54264511 ps
inst0 ch0:  R_CMD: ACTCMD    R_r0= 0x26    at time   54265753 ps
inst0 ch0:  R_CMD: ACTCMD    R_f0= 0x20    at time   54266167 ps
inst0 ch0:  R_CMD: ACTCMD    R_r1= 0x00    at time   54266581 ps
inst0 ch0:  R_CMD: ACTCMD    R_f1= 0x02    at time   54266995 ps
inst0 ch0:  C_CMD: RDCMD     C_r = 0x0c5   at time   54278173 ps
inst0 ch0:  C_CMD: RDCMD     C_f = 0x0a9   at time   54278587 ps
inst0 ch0:  C_CMD: RDCMD     C_r = 0x0c5   at time   54280657 ps
inst0 ch0:  C_CMD: RDCMD     C_f = 0x029   at time   54281071 ps
inst0 ch0:  C_CMD: RDCMD     C_r = 0x0c5   at time   54281485 ps
inst0 ch0:  C_CMD: RDCMD     C_f = 0x0ab   at time   54281899 ps
inst0 ch0:  C_CMD: RDCMD     C_r = 0x0c5   at time   54283969 ps
inst0 ch0:  C_CMD: RDCMD     C_f = 0x02b   at time   54284383 ps
inst0 ch0:  C_CMD: RDCMD     C_r = 0x0c5   at time   54284797 ps
inst0 ch0:  C_CMD: RDCMD     C_f = 0x0a1   at time   54285211 ps
inst0 ch0:  C_CMD: RDCMD     C_r = 0x0c5   at time   54287281 ps
inst0 ch0:  C_CMD: RDCMD     C_f = 0x021   at time   54287695 ps
inst0 ch0:  C_CMD: RDCMD     C_r = 0x0cd   at time   54288109 ps
inst0 ch0:  C_CMD: RDCMD     C_f = 0x0a3   at time   54288523 ps
inst0 ch0:  C_CMD: RDCMD     C_r = 0x0cd   at time   54290593 ps
inst0 ch0:  C_CMD: RDCMD     C_f = 0x023   at time   54291007 ps
inst0 ch0:  R_CMD: ACTCMD    R_r0= 0x26    at time   54480205 ps
inst0 ch0:  R_CMD: ACTCMD    R_f0= 0x28    at time   54480619 ps
inst0 ch0:  R_CMD: ACTCMD    R_r1= 0x00    at time   54481033 ps
inst0 ch0:  R_CMD: ACTCMD    R_f1= 0x02    at time   54481447 ps
inst0 ch0:  R_CMD: ACTCMD    R_r0= 0x26    at time   54481861 ps
inst0 ch0:  R_CMD: ACTCMD    R_f0= 0x20    at time   54482275 ps
inst0 ch0:  R_CMD: ACTCMD    R_r1= 0x00    at time   54482689 ps
inst0 ch0:  R_CMD: ACTCMD    R_f1= 0x02    at time   54483103 ps
inst0 ch0:  C_CMD: WRCMD     C_r = 0x0c1   at time   54490969 ps
inst0 ch0:  C_CMD: WRCMD     C_f = 0x0a9   at time   54491383 ps
inst0 ch0:  C_CMD: WRCMD     C_r = 0x0c1   at time   54492625 ps
inst0 ch0:  C_CMD: WRCMD     C_f = 0x029   at time   54493039 ps
inst0 ch0:  C_CMD: WRCMD     C_r = 0x0c1   at time   54494281 ps
inst0 ch0:  C_CMD: WRCMD     C_f = 0x0ab   at time   54494695 ps
inst0 ch0:  C_CMD: WRCMD     C_r = 0x0c1   at time   54495937 ps
inst0 ch0:  C_CMD: WRCMD     C_f = 0x02b   at time   54496351 ps
inst0 ch0:  C_CMD: WRCMD     C_r = 0x0c1   at time   54497593 ps
inst0 ch0:  C_CMD: WRCMD     C_f = 0x0a1   at time   54498007 ps
inst0 ch0:  C_CMD: WRCMD     C_r = 0x0c1   at time   54499249 ps
inst0 ch0:  C_CMD: WRCMD     C_f = 0x021   at time   54499663 ps
inst0 ch0:  C_CMD: WRCMD     C_r = 0x0c9   at time   54500905 ps
inst0 ch0:  C_CMD: WRCMD     C_f = 0x0a3   at time   54501319 ps
inst0 ch0:  C_CMD: WRCMD     C_r = 0x0c9   at time   54502561 ps
inst0 ch0:  C_CMD: WRCMD     C_f = 0x023   at time   54502975 ps
inst0 ch0:  R_CMD: ACTCMD    R_r0= 0x22    at time  124889185 ps
inst0 ch0:  R_CMD: ACTCMD    R_f0= 0x22    at time  124889599 ps
inst0 ch0:  R_CMD: ACTCMD    R_r1= 0x00    at time  124890013 ps
inst0 ch0:  R_CMD: ACTCMD    R_f1= 0x00    at time  124890427 ps
inst0 ch0:  R_CMD: ACTCMD    R_r0= 0x22    at time  124890841 ps
inst0 ch0:  R_CMD: ACTCMD    R_f0= 0x2a    at time  124891255 ps
inst0 ch0:  R_CMD: ACTCMD    R_r1= 0x00    at time  124891669 ps
inst0 ch0:  R_CMD: ACTCMD    R_f1= 0x00    at time  124892083 ps
inst0 ch0:  R_CMD: ACTCMD    R_r0= 0x02    at time  124893325 ps
inst0 ch0:  R_CMD: ACTCMD    R_f0= 0x22    at time  124893739 ps
inst0 ch0:  R_CMD: ACTCMD    R_r1= 0x00    at time  124894153 ps
inst0 ch0:  R_CMD: ACTCMD    R_f1= 0x00    at time  124894567 ps
inst0 ch0:  R_CMD: ACTCMD    R_r0= 0x02    at time  124894981 ps
inst0 ch0:  R_CMD: ACTCMD    R_f0= 0x2a    at time  124895395 ps
inst0 ch0:  R_CMD: ACTCMD    R_r1= 0x00    at time  124895809 ps
inst0 ch0:  R_CMD: ACTCMD    R_f1= 0x00    at time  124896223 ps
inst0 ch0:  R_CMD: ACTCMD    R_r0= 0x22    at time  124897465 ps
inst0 ch0:  R_CMD: ACTCMD    R_f0= 0x02    at time  124897879 ps
inst0 ch0:  R_CMD: ACTCMD    R_r1= 0x00    at time  124898293 ps
inst0 ch0:  R_CMD: ACTCMD    R_f1= 0x00    at time  124898707 ps
inst0 ch0:  R_CMD: ACTCMD    R_r0= 0x22    at time  124899121 ps
inst0 ch0:  R_CMD: ACTCMD    R_f0= 0x0a    at time  124899535 ps
inst0 ch0:  R_CMD: ACTCMD    R_r1= 0x00    at time  124899949 ps
inst0 ch0:  R_CMD: ACTCMD    R_f1= 0x00    at time  124900363 ps
inst0 ch0:  R_CMD: ACTCMD    R_r0= 0x02    at time  124901605 ps
inst0 ch0:  R_CMD: ACTCMD    R_f0= 0x02    at time  124902019 ps
inst0 ch0:  R_CMD: ACTCMD    R_r1= 0x00    at time  124902433 ps
inst0 ch0:  R_CMD: ACTCMD    R_f1= 0x00    at time  124902847 ps
inst0 ch0:  R_CMD: ACTCMD    R_r0= 0x02    at time  124903261 ps
inst0 ch0:  R_CMD: ACTCMD    R_f0= 0x0a    at time  124903675 ps
inst0 ch0:  R_CMD: ACTCMD    R_r1= 0x00    at time  124904089 ps
inst0 ch0:  C_CMD: RDCMD     C_r = 0x0c5   at time  124904089 ps
inst0 ch0:  R_CMD: ACTCMD    R_f1= 0x00    at time  124904503 ps
inst0 ch0:  C_CMD: RDCMD     C_f = 0x000   at time  124904503 ps
inst0 ch0:  C_CMD: RDCMD     C_r = 0x0c5   at time  124905745 ps
inst0 ch0:  C_CMD: RDCMD     C_f = 0x080   at time  124906159 ps
inst0 ch0:  C_CMD: RDCMD     C_r = 0x0cd   at time  124907401 ps
inst0 ch0:  C_CMD: RDCMD     C_f = 0x002   at time  124907815 ps
inst0 ch0:  C_CMD: RDCMD     C_r = 0x085   at time  124909057 ps
inst0 ch0:  C_CMD: RDCMD     C_f = 0x000   at time  124909471 ps
inst0 ch0:  C_CMD: RDCMD     C_r = 0x0cd   at time  124909885 ps
inst0 ch0:  C_CMD: RDCMD     C_f = 0x082   at time  124910299 ps
inst0 ch0:  C_CMD: RDCMD     C_r = 0x085   at time  124911541 ps
inst0 ch0:  C_CMD: RDCMD     C_f = 0x080   at time  124911955 ps
inst0 ch0:  C_CMD: RDCMD     C_r = 0x08d   at time  124912369 ps
inst0 ch0:  C_CMD: RDCMD     C_f = 0x002   at time  124912783 ps
inst0 ch0:  C_CMD: RDCMD     C_r = 0x045   at time  124914025 ps
inst0 ch0:  C_CMD: RDCMD     C_f = 0x000   at time  124914439 ps
inst0 ch0:  C_CMD: RDCMD     C_r = 0x08d   at time  124914853 ps
inst0 ch0:  C_CMD: RDCMD     C_f = 0x082   at time  124915267 ps
inst0 ch0:  C_CMD: RDCMD     C_r = 0x045   at time  124916509 ps
inst0 ch0:  C_CMD: RDCMD     C_f = 0x080   at time  124916923 ps
inst0 ch0:  C_CMD: RDCMD     C_r = 0x04d   at time  124917337 ps
inst0 ch0:  C_CMD: RDCMD     C_f = 0x002   at time  124917751 ps
inst0 ch0:  C_CMD: RDCMD     C_r = 0x005   at time  124918165 ps
inst0 ch0:  C_CMD: RDCMD     C_f = 0x080   at time  124918579 ps
inst0 ch0:  C_CMD: RDCMD     C_r = 0x005   at time  124918993 ps
inst0 ch0:  C_CMD: RDCMD     C_f = 0x000   at time  124919407 ps
inst0 ch0:  C_CMD: RDCMD     C_r = 0x04d   at time  124919821 ps
inst0 ch0:  C_CMD: RDCMD     C_f = 0x082   at time  124920235 ps
inst0 ch0:  C_CMD: RDCMD     C_r = 0x00d   at time  124921477 ps
inst0 ch0:  C_CMD: RDCMD     C_f = 0x082   at time  124921891 ps
inst0 ch0:  C_CMD: RDCMD     C_r = 0x00d   at time  124922305 ps
inst0 ch0:  C_CMD: RDCMD     C_f = 0x002   at time  124922719 ps
inst0 ch0:  R_CMD: ACTCMD    R_r0= 0x2a    at time  125385985 ps
inst0 ch0:  R_CMD: ACTCMD    R_f0= 0x22    at time  125386399 ps
inst0 ch0:  R_CMD: ACTCMD    R_r1= 0x00    at time  125386813 ps
inst0 ch0:  R_CMD: ACTCMD    R_f1= 0x00    at time  125387227 ps
inst0 ch0:  R_CMD: ACTCMD    R_r0= 0x0a    at time  125390125 ps
inst0 ch0:  R_CMD: ACTCMD    R_f0= 0x22    at time  125390539 ps
inst0 ch0:  R_CMD: ACTCMD    R_r1= 0x00    at time  125390953 ps
inst0 ch0:  R_CMD: ACTCMD    R_f1= 0x00    at time  125391367 ps
inst0 ch0:  R_CMD: ACTCMD    R_r0= 0x2a    at time  125391781 ps
inst0 ch0:  R_CMD: ACTCMD    R_f0= 0x2a    at time  125392195 ps
inst0 ch0:  R_CMD: ACTCMD    R_r1= 0x00    at time  125392609 ps
inst0 ch0:  R_CMD: ACTCMD    R_f1= 0x00    at time  125393023 ps
inst0 ch0:  R_CMD: ACTCMD    R_r0= 0x2a    at time  125394265 ps
inst0 ch0:  R_CMD: ACTCMD    R_f0= 0x02    at time  125394679 ps
inst0 ch0:  R_CMD: ACTCMD    R_r1= 0x00    at time  125395093 ps
inst0 ch0:  R_CMD: ACTCMD    R_f1= 0x00    at time  125395507 ps
inst0 ch0:  R_CMD: ACTCMD    R_r0= 0x0a    at time  125395921 ps
inst0 ch0:  R_CMD: ACTCMD    R_f0= 0x2a    at time  125396335 ps
inst0 ch0:  R_CMD: ACTCMD    R_r1= 0x00    at time  125396749 ps
inst0 ch0:  R_CMD: ACTCMD    R_f1= 0x00    at time  125397163 ps
inst0 ch0:  R_CMD: ACTCMD    R_r0= 0x0a    at time  125398405 ps
inst0 ch0:  R_CMD: ACTCMD    R_f0= 0x02    at time  125398819 ps
inst0 ch0:  R_CMD: ACTCMD    R_r1= 0x00    at time  125399233 ps
inst0 ch0:  R_CMD: ACTCMD    R_f1= 0x00    at time  125399647 ps
inst0 ch0:  R_CMD: ACTCMD    R_r0= 0x2a    at time  125400061 ps
inst0 ch0:  R_CMD: ACTCMD    R_f0= 0x0a    at time  125400475 ps
inst0 ch0:  R_CMD: ACTCMD    R_r1= 0x00    at time  125400889 ps
inst0 ch0:  C_CMD: RDCMD     C_r = 0x0d5   at time  125400889 ps
inst0 ch0:  R_CMD: ACTCMD    R_f1= 0x00    at time  125401303 ps
inst0 ch0:  C_CMD: RDCMD     C_f = 0x000   at time  125401303 ps
inst0 ch0:  R_CMD: ACTCMD    R_r0= 0x0a    at time  125404201 ps
inst0 ch0:  C_CMD: RDCMD     C_r = 0x0dd   at time  125404201 ps
inst0 ch0:  R_CMD: ACTCMD    R_f0= 0x0a    at time  125404615 ps
inst0 ch0:  C_CMD: RDCMD     C_f = 0x002   at time  125404615 ps
inst0 ch0:  R_CMD: ACTCMD    R_r1= 0x00    at time  125405029 ps
inst0 ch0:  R_CMD: ACTCMD    R_f1= 0x00    at time  125405443 ps
inst0 ch0:  C_CMD: RDCMD     C_r = 0x095   at time  125405857 ps
inst0 ch0:  C_CMD: RDCMD     C_f = 0x000   at time  125406271 ps
inst0 ch0:  C_CMD: RDCMD     C_r = 0x0d5   at time  125406685 ps
inst0 ch0:  C_CMD: RDCMD     C_f = 0x080   at time  125407099 ps
inst0 ch0:  C_CMD: RDCMD     C_r = 0x09d   at time  125409169 ps
inst0 ch0:  C_CMD: RDCMD     C_f = 0x002   at time  125409583 ps
inst0 ch0:  C_CMD: RDCMD     C_r = 0x0dd   at time  125409997 ps
inst0 ch0:  C_CMD: RDCMD     C_f = 0x082   at time  125410411 ps
inst0 ch0:  C_CMD: RDCMD     C_r = 0x055   at time  125410825 ps
inst0 ch0:  C_CMD: RDCMD     C_f = 0x000   at time  125411239 ps
inst0 ch0:  C_CMD: RDCMD     C_r = 0x095   at time  125411653 ps
inst0 ch0:  C_CMD: RDCMD     C_f = 0x080   at time  125412067 ps
inst0 ch0:  C_CMD: RDCMD     C_r = 0x015   at time  125413309 ps
inst0 ch0:  C_CMD: RDCMD     C_f = 0x000   at time  125413723 ps
inst0 ch0:  C_CMD: RDCMD     C_r = 0x05d   at time  125414965 ps
inst0 ch0:  C_CMD: RDCMD     C_f = 0x002   at time  125415379 ps
inst0 ch0:  C_CMD: RDCMD     C_r = 0x09d   at time  125415793 ps
inst0 ch0:  C_CMD: RDCMD     C_f = 0x082   at time  125416207 ps
inst0 ch0:  C_CMD: RDCMD     C_r = 0x01d   at time  125416621 ps
inst0 ch0:  C_CMD: RDCMD     C_f = 0x002   at time  125417035 ps
inst0 ch0:  C_CMD: RDCMD     C_r = 0x055   at time  125417449 ps
inst0 ch0:  C_CMD: RDCMD     C_f = 0x080   at time  125417863 ps
inst0 ch0:  C_CMD: RDCMD     C_r = 0x015   at time  125419105 ps
inst0 ch0:  C_CMD: RDCMD     C_f = 0x080   at time  125419519 ps
inst0 ch0:  C_CMD: RDCMD     C_r = 0x05d   at time  125420761 ps
inst0 ch0:  C_CMD: RDCMD     C_f = 0x082   at time  125421175 ps
inst0 ch0:  C_CMD: RDCMD     C_r = 0x01d   at time  125422417 ps
inst0 ch0:  C_CMD: RDCMD     C_f = 0x082   at time  125422831 ps
inst0 ch0:  R_CMD: ACTCMD    R_r0= 0x32    at time  125881957 ps
inst0 ch0:  R_CMD: ACTCMD    R_f0= 0x22    at time  125882371 ps
inst0 ch0:  R_CMD: ACTCMD    R_r1= 0x00    at time  125882785 ps
inst0 ch0:  R_CMD: ACTCMD    R_f1= 0x00    at time  125883199 ps
inst0 ch0:  R_CMD: ACTCMD    R_r0= 0x12    at time  125886097 ps
inst0 ch0:  R_CMD: ACTCMD    R_f0= 0x22    at time  125886511 ps
inst0 ch0:  R_CMD: ACTCMD    R_r1= 0x00    at time  125886925 ps
inst0 ch0:  R_CMD: ACTCMD    R_f1= 0x00    at time  125887339 ps
inst0 ch0:  R_CMD: ACTCMD    R_r0= 0x32    at time  125888581 ps
inst0 ch0:  R_CMD: ACTCMD    R_f0= 0x2a    at time  125888995 ps
inst0 ch0:  R_CMD: ACTCMD    R_r1= 0x00    at time  125889409 ps
inst0 ch0:  R_CMD: ACTCMD    R_f1= 0x00    at time  125889823 ps
inst0 ch0:  R_CMD: ACTCMD    R_r0= 0x32    at time  125890237 ps
inst0 ch0:  R_CMD: ACTCMD    R_f0= 0x02    at time  125890651 ps
inst0 ch0:  R_CMD: ACTCMD    R_r1= 0x00    at time  125891065 ps
inst0 ch0:  R_CMD: ACTCMD    R_f1= 0x00    at time  125891479 ps
inst0 ch0:  R_CMD: ACTCMD    R_r0= 0x12    at time  125892721 ps
inst0 ch0:  R_CMD: ACTCMD    R_f0= 0x2a    at time  125893135 ps
inst0 ch0:  R_CMD: ACTCMD    R_r1= 0x00    at time  125893549 ps
inst0 ch0:  R_CMD: ACTCMD    R_f1= 0x00    at time  125893963 ps
inst0 ch0:  R_CMD: ACTCMD    R_r0= 0x12    at time  125894377 ps
inst0 ch0:  R_CMD: ACTCMD    R_f0= 0x02    at time  125894791 ps
inst0 ch0:  R_CMD: ACTCMD    R_r1= 0x00    at time  125895205 ps
inst0 ch0:  R_CMD: ACTCMD    R_f1= 0x00    at time  125895619 ps
inst0 ch0:  R_CMD: ACTCMD    R_r0= 0x32    at time  125896861 ps
inst0 ch0:  C_CMD: RDCMD     C_r = 0x0e5   at time  125896861 ps
inst0 ch0:  R_CMD: ACTCMD    R_f0= 0x0a    at time  125897275 ps
inst0 ch0:  C_CMD: RDCMD     C_f = 0x000   at time  125897275 ps
inst0 ch0:  R_CMD: ACTCMD    R_r1= 0x00    at time  125897689 ps
inst0 ch0:  R_CMD: ACTCMD    R_f1= 0x00    at time  125898103 ps
inst0 ch0:  C_CMD: RDCMD     C_r = 0x0ed   at time  125900173 ps
inst0 ch0:  C_CMD: RDCMD     C_f = 0x002   at time  125900587 ps
inst0 ch0:  R_CMD: ACTCMD    R_r0= 0x12    at time  125901001 ps
inst0 ch0:  R_CMD: ACTCMD    R_f0= 0x0a    at time  125901415 ps
inst0 ch0:  R_CMD: ACTCMD    R_r1= 0x00    at time  125901829 ps
inst0 ch0:  C_CMD: RDCMD     C_r = 0x0a5   at time  125901829 ps
inst0 ch0:  R_CMD: ACTCMD    R_f1= 0x00    at time  125902243 ps
inst0 ch0:  C_CMD: RDCMD     C_f = 0x000   at time  125902243 ps
inst0 ch0:  C_CMD: RDCMD     C_r = 0x0e5   at time  125903485 ps
inst0 ch0:  C_CMD: RDCMD     C_f = 0x080   at time  125903899 ps
inst0 ch0:  C_CMD: RDCMD     C_r = 0x0ad   at time  125905141 ps
inst0 ch0:  C_CMD: RDCMD     C_f = 0x002   at time  125905555 ps
inst0 ch0:  C_CMD: RDCMD     C_r = 0x065   at time  125906797 ps
inst0 ch0:  C_CMD: RDCMD     C_f = 0x000   at time  125907211 ps
inst0 ch0:  C_CMD: RDCMD     C_r = 0x0ed   at time  125907625 ps
inst0 ch0:  C_CMD: RDCMD     C_f = 0x082   at time  125908039 ps
inst0 ch0:  C_CMD: RDCMD     C_r = 0x025   at time  125909281 ps
inst0 ch0:  C_CMD: RDCMD     C_f = 0x000   at time  125909695 ps
inst0 ch0:  C_CMD: RDCMD     C_r = 0x0a5   at time  125910109 ps
inst0 ch0:  C_CMD: RDCMD     C_f = 0x080   at time  125910523 ps
inst0 ch0:  C_CMD: RDCMD     C_r = 0x06d   at time  125910937 ps
inst0 ch0:  C_CMD: RDCMD     C_f = 0x002   at time  125911351 ps
inst0 ch0:  C_CMD: RDCMD     C_r = 0x065   at time  125911765 ps
inst0 ch0:  C_CMD: RDCMD     C_f = 0x080   at time  125912179 ps
inst0 ch0:  C_CMD: RDCMD     C_r = 0x02d   at time  125912593 ps
inst0 ch0:  C_CMD: RDCMD     C_f = 0x002   at time  125913007 ps
inst0 ch0:  C_CMD: RDCMD     C_r = 0x0ad   at time  125913421 ps
inst0 ch0:  C_CMD: RDCMD     C_f = 0x082   at time  125913835 ps
inst0 ch0:  C_CMD: RDCMD     C_r = 0x06d   at time  125915077 ps
inst0 ch0:  C_CMD: RDCMD     C_f = 0x082   at time  125915491 ps
inst0 ch0:  C_CMD: RDCMD     C_r = 0x025   at time  125916733 ps
inst0 ch0:  C_CMD: RDCMD     C_f = 0x080   at time  125917147 ps
inst0 ch0:  C_CMD: RDCMD     C_r = 0x02d   at time  125920045 ps
inst0 ch0:  C_CMD: RDCMD     C_f = 0x082   at time  125920459 ps
inst0 ch0:  R_CMD: ACTCMD    R_r0= 0x3a    at time  126385381 ps
inst0 ch0:  R_CMD: ACTCMD    R_f0= 0x22    at time  126385795 ps
inst0 ch0:  R_CMD: ACTCMD    R_r1= 0x00    at time  126386209 ps
inst0 ch0:  R_CMD: ACTCMD    R_f1= 0x00    at time  126386623 ps
inst0 ch0:  R_CMD: ACTCMD    R_r0= 0x1a    at time  126389521 ps
inst0 ch0:  R_CMD: ACTCMD    R_f0= 0x22    at time  126389935 ps
inst0 ch0:  R_CMD: ACTCMD    R_r1= 0x00    at time  126390349 ps
inst0 ch0:  R_CMD: ACTCMD    R_f1= 0x00    at time  126390763 ps
inst0 ch0:  R_CMD: ACTCMD    R_r0= 0x3a    at time  126391177 ps
inst0 ch0:  R_CMD: ACTCMD    R_f0= 0x2a    at time  126391591 ps
inst0 ch0:  R_CMD: ACTCMD    R_r1= 0x00    at time  126392005 ps
inst0 ch0:  R_CMD: ACTCMD    R_f1= 0x00    at time  126392419 ps
inst0 ch0:  R_CMD: ACTCMD    R_r0= 0x3a    at time  126393661 ps
inst0 ch0:  R_CMD: ACTCMD    R_f0= 0x02    at time  126394075 ps
inst0 ch0:  R_CMD: ACTCMD    R_r1= 0x00    at time  126394489 ps
inst0 ch0:  R_CMD: ACTCMD    R_f1= 0x00    at time  126394903 ps
inst0 ch0:  R_CMD: ACTCMD    R_r0= 0x1a    at time  126395317 ps
inst0 ch0:  R_CMD: ACTCMD    R_f0= 0x2a    at time  126395731 ps
inst0 ch0:  R_CMD: ACTCMD    R_r1= 0x00    at time  126396145 ps
inst0 ch0:  R_CMD: ACTCMD    R_f1= 0x00    at time  126396559 ps
inst0 ch0:  R_CMD: ACTCMD    R_r0= 0x1a    at time  126397801 ps
inst0 ch0:  R_CMD: ACTCMD    R_f0= 0x02    at time  126398215 ps
inst0 ch0:  R_CMD: ACTCMD    R_r1= 0x00    at time  126398629 ps
inst0 ch0:  R_CMD: ACTCMD    R_f1= 0x00    at time  126399043 ps
inst0 ch0:  R_CMD: ACTCMD    R_r0= 0x3a    at time  126399457 ps
inst0 ch0:  R_CMD: ACTCMD    R_f0= 0x0a    at time  126399871 ps
inst0 ch0:  R_CMD: ACTCMD    R_r1= 0x00    at time  126400285 ps
inst0 ch0:  C_CMD: RDCMD     C_r = 0x0f5   at time  126400285 ps
inst0 ch0:  R_CMD: ACTCMD    R_f1= 0x00    at time  126400699 ps
inst0 ch0:  C_CMD: RDCMD     C_f = 0x000   at time  126400699 ps
inst0 ch0:  R_CMD: ACTCMD    R_r0= 0x1a    at time  126403597 ps
inst0 ch0:  C_CMD: RDCMD     C_r = 0x0fd   at time  126403597 ps
inst0 ch0:  R_CMD: ACTCMD    R_f0= 0x0a    at time  126404011 ps
inst0 ch0:  C_CMD: RDCMD     C_f = 0x002   at time  126404011 ps
inst0 ch0:  R_CMD: ACTCMD    R_r1= 0x00    at time  126404425 ps
inst0 ch0:  R_CMD: ACTCMD    R_f1= 0x00    at time  126404839 ps
inst0 ch0:  C_CMD: RDCMD     C_r = 0x0b5   at time  126405253 ps
inst0 ch0:  C_CMD: RDCMD     C_f = 0x000   at time  126405667 ps
inst0 ch0:  C_CMD: RDCMD     C_r = 0x0f5   at time  126406081 ps
inst0 ch0:  C_CMD: RDCMD     C_f = 0x080   at time  126406495 ps
inst0 ch0:  C_CMD: RDCMD     C_r = 0x0bd   at time  126408565 ps
inst0 ch0:  C_CMD: RDCMD     C_f = 0x002   at time  126408979 ps
inst0 ch0:  C_CMD: RDCMD     C_r = 0x0fd   at time  126409393 ps
inst0 ch0:  C_CMD: RDCMD     C_f = 0x082   at time  126409807 ps
inst0 ch0:  C_CMD: RDCMD     C_r = 0x075   at time  126410221 ps
inst0 ch0:  C_CMD: RDCMD     C_f = 0x000   at time  126410635 ps
inst0 ch0:  C_CMD: RDCMD     C_r = 0x0b5   at time  126411049 ps
inst0 ch0:  C_CMD: RDCMD     C_f = 0x080   at time  126411463 ps
inst0 ch0:  C_CMD: RDCMD     C_r = 0x035   at time  126412705 ps
inst0 ch0:  C_CMD: RDCMD     C_f = 0x000   at time  126413119 ps
inst0 ch0:  C_CMD: RDCMD     C_r = 0x07d   at time  126414361 ps
inst0 ch0:  C_CMD: RDCMD     C_f = 0x002   at time  126414775 ps
inst0 ch0:  C_CMD: RDCMD     C_r = 0x0bd   at time  126415189 ps
inst0 ch0:  C_CMD: RDCMD     C_f = 0x082   at time  126415603 ps
inst0 ch0:  C_CMD: RDCMD     C_r = 0x03d   at time  126416017 ps
inst0 ch0:  C_CMD: RDCMD     C_f = 0x002   at time  126416431 ps
inst0 ch0:  C_CMD: RDCMD     C_r = 0x075   at time  126416845 ps
inst0 ch0:  C_CMD: RDCMD     C_f = 0x080   at time  126417259 ps
inst0 ch0:  C_CMD: RDCMD     C_r = 0x035   at time  126418501 ps
inst0 ch0:  C_CMD: RDCMD     C_f = 0x080   at time  126418915 ps
inst0 ch0:  C_CMD: RDCMD     C_r = 0x07d   at time  126420157 ps
inst0 ch0:  C_CMD: RDCMD     C_f = 0x082   at time  126420571 ps
inst0 ch0:  C_CMD: RDCMD     C_r = 0x03d   at time  126421813 ps
inst0 ch0:  C_CMD: RDCMD     C_f = 0x082   at time  126422227 ps
inst0 ch0:  R_CMD: ACTCMD    R_r0= 0x02    at time  131117401 ps
inst0 ch0:  R_CMD: ACTCMD    R_f0= 0x00    at time  131117815 ps
inst0 ch0:  R_CMD: ACTCMD    R_r1= 0x00    at time  131118229 ps
inst0 ch0:  R_CMD: ACTCMD    R_f1= 0x00    at time  131118643 ps
inst0 ch0:  C_CMD: RDCMD     C_r = 0x005   at time  131132305 ps
inst0 ch0:  C_CMD: RDCMD     C_f = 0x018   at time  131132719 ps
inst0 ch0:  C_CMD: RDCMD     C_r = 0x005   at time  131135617 ps
inst0 ch0:  C_CMD: RDCMD     C_f = 0x01a   at time  131136031 ps
inst0 ch0:  C_CMD: RDCMD     C_r = 0x005   at time  131138929 ps
inst0 ch0:  C_CMD: RDCMD     C_f = 0x010   at time  131139343 ps
inst0 ch0:  C_CMD: RDCMD     C_r = 0x005   at time  131142241 ps
inst0 ch0:  C_CMD: RDCMD     C_f = 0x012   at time  131142655 ps
inst0 ch0:  C_CMD: RDCMD     C_r = 0x005   at time  131145553 ps
inst0 ch0:  C_CMD: RDCMD     C_f = 0x008   at time  131145967 ps
inst0 ch0:  C_CMD: RDCMD     C_r = 0x005   at time  131148865 ps
inst0 ch0:  C_CMD: RDCMD     C_f = 0x00a   at time  131149279 ps
inst0 ch0:  C_CMD: RDCMD     C_r = 0x005   at time  131152177 ps
inst0 ch0:  C_CMD: RDCMD     C_f = 0x000   at time  131152591 ps
inst0 ch0:  C_CMD: RDCMD     C_r = 0x00d   at time  131155489 ps
inst0 ch0:  C_CMD: RDCMD     C_f = 0x002   at time  131155903 ps
inst0 ch0:  R_CMD: ACTCMD    R_r0= 0x02    at time  131169565 ps
inst0 ch0:  R_CMD: ACTCMD    R_f0= 0x08    at time  131169979 ps
inst0 ch0:  R_CMD: ACTCMD    R_r1= 0x00    at time  131170393 ps
inst0 ch0:  R_CMD: ACTCMD    R_f1= 0x00    at time  131170807 ps
inst0 ch0:  C_CMD: RDCMD     C_r = 0x005   at time  131184469 ps
inst0 ch0:  C_CMD: RDCMD     C_f = 0x098   at time  131184883 ps
inst0 ch0:  C_CMD: RDCMD     C_r = 0x005   at time  131187781 ps
inst0 ch0:  C_CMD: RDCMD     C_f = 0x09a   at time  131188195 ps
inst0 ch0:  C_CMD: RDCMD     C_r = 0x005   at time  131191093 ps
inst0 ch0:  C_CMD: RDCMD     C_f = 0x090   at time  131191507 ps
inst0 ch0:  C_CMD: RDCMD     C_r = 0x005   at time  131194405 ps
inst0 ch0:  C_CMD: RDCMD     C_f = 0x092   at time  131194819 ps
inst0 ch0:  C_CMD: RDCMD     C_r = 0x005   at time  131197717 ps
inst0 ch0:  C_CMD: RDCMD     C_f = 0x088   at time  131198131 ps
inst0 ch0:  C_CMD: RDCMD     C_r = 0x005   at time  131201029 ps
inst0 ch0:  C_CMD: RDCMD     C_f = 0x08a   at time  131201443 ps
inst0 ch0:  C_CMD: RDCMD     C_r = 0x005   at time  131204341 ps
inst0 ch0:  C_CMD: RDCMD     C_f = 0x080   at time  131204755 ps
inst0 ch0:  C_CMD: RDCMD     C_r = 0x00d   at time  131207653 ps
inst0 ch0:  C_CMD: RDCMD     C_f = 0x082   at time  131208067 ps
inst0 ch0:  R_CMD: ACTCMD    R_r0= 0x0a    at time  131610889 ps
inst0 ch0:  R_CMD: ACTCMD    R_f0= 0x00    at time  131611303 ps
inst0 ch0:  R_CMD: ACTCMD    R_r1= 0x00    at time  131611717 ps
inst0 ch0:  R_CMD: ACTCMD    R_f1= 0x00    at time  131612131 ps
inst0 ch0:  C_CMD: RDCMD     C_r = 0x015   at time  131625793 ps
inst0 ch0:  C_CMD: RDCMD     C_f = 0x018   at time  131626207 ps
inst0 ch0:  C_CMD: RDCMD     C_r = 0x015   at time  131629105 ps
inst0 ch0:  C_CMD: RDCMD     C_f = 0x01a   at time  131629519 ps
inst0 ch0:  C_CMD: RDCMD     C_r = 0x015   at time  131632417 ps
inst0 ch0:  C_CMD: RDCMD     C_f = 0x010   at time  131632831 ps
inst0 ch0:  C_CMD: RDCMD     C_r = 0x015   at time  131635729 ps
inst0 ch0:  C_CMD: RDCMD     C_f = 0x012   at time  131636143 ps
inst0 ch0:  C_CMD: RDCMD     C_r = 0x015   at time  131639041 ps
inst0 ch0:  C_CMD: RDCMD     C_f = 0x008   at time  131639455 ps
inst0 ch0:  C_CMD: RDCMD     C_r = 0x015   at time  131642353 ps
inst0 ch0:  C_CMD: RDCMD     C_f = 0x00a   at time  131642767 ps
inst0 ch0:  C_CMD: RDCMD     C_r = 0x015   at time  131645665 ps
inst0 ch0:  C_CMD: RDCMD     C_f = 0x000   at time  131646079 ps
inst0 ch0:  C_CMD: RDCMD     C_r = 0x01d   at time  131648977 ps
inst0 ch0:  C_CMD: RDCMD     C_f = 0x002   at time  131649391 ps
inst0 ch0:  R_CMD: ACTCMD    R_r0= 0x0a    at time  131711077 ps
inst0 ch0:  R_CMD: ACTCMD    R_f0= 0x08    at time  131711491 ps
inst0 ch0:  R_CMD: ACTCMD    R_r1= 0x00    at time  131711905 ps
inst0 ch0:  R_CMD: ACTCMD    R_f1= 0x00    at time  131712319 ps
inst0 ch0:  C_CMD: RDCMD     C_r = 0x015   at time  131725981 ps
inst0 ch0:  C_CMD: RDCMD     C_f = 0x098   at time  131726395 ps
inst0 ch0:  C_CMD: RDCMD     C_r = 0x015   at time  131729293 ps
inst0 ch0:  C_CMD: RDCMD     C_f = 0x09a   at time  131729707 ps
inst0 ch0:  C_CMD: RDCMD     C_r = 0x015   at time  131732605 ps
inst0 ch0:  C_CMD: RDCMD     C_f = 0x090   at time  131733019 ps
inst0 ch0:  C_CMD: RDCMD     C_r = 0x015   at time  131735917 ps
inst0 ch0:  C_CMD: RDCMD     C_f = 0x092   at time  131736331 ps
inst0 ch0:  C_CMD: RDCMD     C_r = 0x015   at time  131739229 ps
inst0 ch0:  C_CMD: RDCMD     C_f = 0x088   at time  131739643 ps
inst0 ch0:  C_CMD: RDCMD     C_r = 0x015   at time  131742541 ps
inst0 ch0:  C_CMD: RDCMD     C_f = 0x08a   at time  131742955 ps
inst0 ch0:  C_CMD: RDCMD     C_r = 0x015   at time  131745853 ps
inst0 ch0:  C_CMD: RDCMD     C_f = 0x080   at time  131746267 ps
inst0 ch0:  C_CMD: RDCMD     C_r = 0x01d   at time  131749165 ps
inst0 ch0:  C_CMD: RDCMD     C_f = 0x082   at time  131749579 ps
inst0 ch0:  R_CMD: ACTCMD    R_r0= 0x02    at time  133964065 ps
inst0 ch0:  R_CMD: ACTCMD    R_f0= 0x13    at time  133964479 ps
inst0 ch0:  R_CMD: ACTCMD    R_r1= 0x3f    at time  133964893 ps
inst0 ch0:  R_CMD: ACTCMD    R_f1= 0x3b    at time  133965307 ps
inst0 ch0:  R_CMD: ACTCMD    R_r0= 0x02    at time  133965721 ps
inst0 ch0:  R_CMD: ACTCMD    R_f0= 0x1b    at time  133966135 ps
inst0 ch0:  R_CMD: ACTCMD    R_r1= 0x3f    at time  133966549 ps
inst0 ch0:  R_CMD: ACTCMD    R_f1= 0x3b    at time  133966963 ps
inst0 ch0:  C_CMD: RDCMD     C_r = 0x005   at time  133978969 ps
inst0 ch0:  C_CMD: RDCMD     C_f = 0x000   at time  133979383 ps
inst0 ch0:  C_CMD: RDCMD     C_r = 0x005   at time  133980625 ps
inst0 ch0:  C_CMD: RDCMD     C_f = 0x080   at time  133981039 ps
inst0 ch0:  C_CMD: RDCMD     C_r = 0x00d   at time  133982281 ps
inst0 ch0:  C_CMD: RDCMD     C_f = 0x002   at time  133982695 ps
inst0 ch0:  C_CMD: RDCMD     C_r = 0x00d   at time  133983937 ps
inst0 ch0:  C_CMD: RDCMD     C_f = 0x082   at time  133984351 ps
inst0 ch0:  R_CMD: ACTCMD    R_r0= 0x02    at time  134034445 ps
inst0 ch0:  R_CMD: ACTCMD    R_f0= 0x13    at time  134034859 ps
inst0 ch0:  R_CMD: ACTCMD    R_r1= 0x3f    at time  134035273 ps
inst0 ch0:  R_CMD: ACTCMD    R_f1= 0x3b    at time  134035687 ps
inst0 ch0:  R_CMD: ACTCMD    R_r0= 0x02    at time  134036929 ps
inst0 ch0:  R_CMD: ACTCMD    R_f0= 0x1b    at time  134037343 ps
inst0 ch0:  R_CMD: ACTCMD    R_r1= 0x3f    at time  134037757 ps
inst0 ch0:  R_CMD: ACTCMD    R_f1= 0x3b    at time  134038171 ps
inst0 ch0:  C_CMD: WRCMD     C_r = 0x001   at time  134045209 ps
inst0 ch0:  C_CMD: WRCMD     C_f = 0x000   at time  134045623 ps
inst0 ch0:  C_CMD: WRCMD     C_r = 0x001   at time  134047693 ps
inst0 ch0:  C_CMD: WRCMD     C_f = 0x080   at time  134048107 ps
inst0 ch0:  C_CMD: WRCMD     C_r = 0x009   at time  134048521 ps
inst0 ch0:  C_CMD: WRCMD     C_f = 0x002   at time  134048935 ps
inst0 ch0:  C_CMD: WRCMD     C_r = 0x009   at time  134051005 ps
inst0 ch0:  C_CMD: WRCMD     C_f = 0x082   at time  134051419 ps
inst0 ch0:  R_CMD: ACTCMD    R_r0= 0x0a    at time  138289537 ps
inst0 ch0:  R_CMD: ACTCMD    R_f0= 0x13    at time  138289951 ps
inst0 ch0:  R_CMD: ACTCMD    R_r1= 0x3f    at time  138290365 ps
inst0 ch0:  R_CMD: ACTCMD    R_f1= 0x3b    at time  138290779 ps
inst0 ch0:  R_CMD: ACTCMD    R_r0= 0x0a    at time  138292021 ps
inst0 ch0:  R_CMD: ACTCMD    R_f0= 0x1b    at time  138292435 ps
inst0 ch0:  R_CMD: ACTCMD    R_r1= 0x3f    at time  138292849 ps
inst0 ch0:  R_CMD: ACTCMD    R_f1= 0x3b    at time  138293263 ps
inst0 ch0:  C_CMD: RDCMD     C_r = 0x015   at time  138304441 ps
inst0 ch0:  C_CMD: RDCMD     C_f = 0x010   at time  138304855 ps
inst0 ch0:  C_CMD: RDCMD     C_r = 0x015   at time  138306925 ps
inst0 ch0:  C_CMD: RDCMD     C_f = 0x090   at time  138307339 ps
inst0 ch0:  C_CMD: RDCMD     C_r = 0x01d   at time  138307753 ps
inst0 ch0:  C_CMD: RDCMD     C_f = 0x012   at time  138308167 ps
inst0 ch0:  C_CMD: RDCMD     C_r = 0x01d   at time  138310237 ps
inst0 ch0:  C_CMD: RDCMD     C_f = 0x092   at time  138310651 ps
inst0 ch0:  R_CMD: ACTCMD    R_r0= 0x0a    at time  138359917 ps
inst0 ch0:  R_CMD: ACTCMD    R_f0= 0x13    at time  138360331 ps
inst0 ch0:  R_CMD: ACTCMD    R_r1= 0x3f    at time  138360745 ps
inst0 ch0:  R_CMD: ACTCMD    R_f1= 0x3b    at time  138361159 ps
inst0 ch0:  R_CMD: ACTCMD    R_r0= 0x0a    at time  138362401 ps
inst0 ch0:  R_CMD: ACTCMD    R_f0= 0x1b    at time  138362815 ps
inst0 ch0:  R_CMD: ACTCMD    R_r1= 0x3f    at time  138363229 ps
inst0 ch0:  R_CMD: ACTCMD    R_f1= 0x3b    at time  138363643 ps
inst0 ch0:  C_CMD: WRCMD     C_r = 0x011   at time  138370681 ps
inst0 ch0:  C_CMD: WRCMD     C_f = 0x010   at time  138371095 ps
inst0 ch0:  C_CMD: WRCMD     C_r = 0x011   at time  138373165 ps
inst0 ch0:  C_CMD: WRCMD     C_f = 0x090   at time  138373579 ps
inst0 ch0:  C_CMD: WRCMD     C_r = 0x019   at time  138373993 ps
inst0 ch0:  C_CMD: WRCMD     C_f = 0x012   at time  138374407 ps
inst0 ch0:  C_CMD: WRCMD     C_r = 0x019   at time  138376477 ps
inst0 ch0:  C_CMD: WRCMD     C_f = 0x092   at time  138376891 ps
inst0 ch0:  R_CMD: ACTCMD    R_r0= 0x0a    at time  142360813 ps
inst0 ch0:  R_CMD: ACTCMD    R_f0= 0x00    at time  142361227 ps
inst0 ch0:  R_CMD: ACTCMD    R_r1= 0x00    at time  142361641 ps
inst0 ch0:  R_CMD: ACTCMD    R_f1= 0x00    at time  142362055 ps
inst0 ch0:  R_CMD: ACTCMD    R_r0= 0x0a    at time  142363297 ps
inst0 ch0:  R_CMD: ACTCMD    R_f0= 0x08    at time  142363711 ps
inst0 ch0:  R_CMD: ACTCMD    R_r1= 0x00    at time  142364125 ps
inst0 ch0:  R_CMD: ACTCMD    R_f1= 0x00    at time  142364539 ps
inst0 ch0:  C_CMD: RDCMD     C_r = 0x015   at time  142375717 ps
inst0 ch0:  C_CMD: RDCMD     C_f = 0x028   at time  142376131 ps
inst0 ch0:  C_CMD: RDCMD     C_r = 0x015   at time  142378201 ps
inst0 ch0:  C_CMD: RDCMD     C_f = 0x0a8   at time  142378615 ps
inst0 ch0:  C_CMD: RDCMD     C_r = 0x015   at time  142379029 ps
inst0 ch0:  C_CMD: RDCMD     C_f = 0x02a   at time  142379443 ps
inst0 ch0:  C_CMD: RDCMD     C_r = 0x015   at time  142381513 ps
inst0 ch0:  C_CMD: RDCMD     C_f = 0x0aa   at time  142381927 ps
inst0 ch0:  C_CMD: RDCMD     C_r = 0x015   at time  142382341 ps
inst0 ch0:  C_CMD: RDCMD     C_f = 0x020   at time  142382755 ps
inst0 ch0:  C_CMD: RDCMD     C_r = 0x015   at time  142384825 ps
inst0 ch0:  C_CMD: RDCMD     C_f = 0x0a0   at time  142385239 ps
inst0 ch0:  C_CMD: RDCMD     C_r = 0x01d   at time  142385653 ps
inst0 ch0:  C_CMD: RDCMD     C_f = 0x022   at time  142386067 ps
inst0 ch0:  C_CMD: RDCMD     C_r = 0x01d   at time  142388137 ps
inst0 ch0:  C_CMD: RDCMD     C_f = 0x0a2   at time  142388551 ps
inst0 ch0:  R_CMD: ACTCMD    R_r0= 0x0a    at time  142431193 ps
inst0 ch0:  R_CMD: ACTCMD    R_f0= 0x00    at time  142431607 ps
inst0 ch0:  R_CMD: ACTCMD    R_r1= 0x00    at time  142432021 ps
inst0 ch0:  R_CMD: ACTCMD    R_f1= 0x00    at time  142432435 ps
inst0 ch0:  R_CMD: ACTCMD    R_r0= 0x0a    at time  142433677 ps
inst0 ch0:  R_CMD: ACTCMD    R_f0= 0x08    at time  142434091 ps
inst0 ch0:  R_CMD: ACTCMD    R_r1= 0x00    at time  142434505 ps
inst0 ch0:  R_CMD: ACTCMD    R_f1= 0x00    at time  142434919 ps
inst0 ch0:  C_CMD: WRCMD     C_r = 0x011   at time  142441957 ps
inst0 ch0:  C_CMD: WRCMD     C_f = 0x028   at time  142442371 ps
inst0 ch0:  C_CMD: WRCMD     C_r = 0x011   at time  142444441 ps
inst0 ch0:  C_CMD: WRCMD     C_f = 0x0a8   at time  142444855 ps
inst0 ch0:  C_CMD: WRCMD     C_r = 0x011   at time  142445269 ps
inst0 ch0:  C_CMD: WRCMD     C_f = 0x02a   at time  142445683 ps
inst0 ch0:  C_CMD: WRCMD     C_r = 0x011   at time  142447753 ps
inst0 ch0:  C_CMD: WRCMD     C_f = 0x0aa   at time  142448167 ps
inst0 ch0:  C_CMD: WRCMD     C_r = 0x011   at time  142448581 ps
inst0 ch0:  C_CMD: WRCMD     C_f = 0x020   at time  142448995 ps
inst0 ch0:  C_CMD: WRCMD     C_r = 0x011   at time  142451065 ps
inst0 ch0:  C_CMD: WRCMD     C_f = 0x0a0   at time  142451479 ps
inst0 ch0:  C_CMD: WRCMD     C_r = 0x019   at time  142451893 ps
inst0 ch0:  C_CMD: WRCMD     C_f = 0x022   at time  142452307 ps
inst0 ch0:  C_CMD: WRCMD     C_r = 0x019   at time  142454377 ps
inst0 ch0:  C_CMD: WRCMD     C_f = 0x0a2   at time  142454791 ps
inst0 ch0:  R_CMD: ACTCMD    R_r0= 0x02    at time  146178721 ps
inst0 ch0:  R_CMD: ACTCMD    R_f0= 0x10    at time  146179135 ps
inst0 ch0:  R_CMD: ACTCMD    R_r1= 0x3f    at time  146179549 ps
inst0 ch0:  R_CMD: ACTCMD    R_f1= 0x3b    at time  146179963 ps
inst0 ch0:  R_CMD: ACTCMD    R_r0= 0x02    at time  146180377 ps
inst0 ch0:  R_CMD: ACTCMD    R_f0= 0x18    at time  146180791 ps
inst0 ch0:  R_CMD: ACTCMD    R_r1= 0x3f    at time  146181205 ps
inst0 ch0:  R_CMD: ACTCMD    R_f1= 0x3b    at time  146181619 ps
inst0 ch0:  C_CMD: RDCMD     C_r = 0x005   at time  146193625 ps
inst0 ch0:  C_CMD: RDCMD     C_f = 0x078   at time  146194039 ps
inst0 ch0:  C_CMD: RDCMD     C_r = 0x005   at time  146195281 ps
inst0 ch0:  C_CMD: RDCMD     C_f = 0x0f8   at time  146195695 ps
inst0 ch0:  C_CMD: RDCMD     C_r = 0x00d   at time  146196937 ps
inst0 ch0:  C_CMD: RDCMD     C_f = 0x07a   at time  146197351 ps
inst0 ch0:  C_CMD: RDCMD     C_r = 0x00d   at time  146198593 ps
inst0 ch0:  C_CMD: RDCMD     C_f = 0x0fa   at time  146199007 ps
inst0 ch0:  R_CMD: ACTCMD    R_r0= 0x02    at time  146225917 ps
inst0 ch0:  R_CMD: ACTCMD    R_f0= 0x11    at time  146226331 ps
inst0 ch0:  R_CMD: ACTCMD    R_r1= 0x3f    at time  146226745 ps
inst0 ch0:  R_CMD: ACTCMD    R_f1= 0x3b    at time  146227159 ps
inst0 ch0:  R_CMD: ACTCMD    R_r0= 0x02    at time  146227573 ps
inst0 ch0:  R_CMD: ACTCMD    R_f0= 0x19    at time  146227987 ps
inst0 ch0:  R_CMD: ACTCMD    R_r1= 0x3f    at time  146228401 ps
inst0 ch0:  R_CMD: ACTCMD    R_f1= 0x3b    at time  146228815 ps
inst0 ch0:  C_CMD: RDCMD     C_r = 0x005   at time  146240821 ps
inst0 ch0:  C_CMD: RDCMD     C_f = 0x078   at time  146241235 ps
inst0 ch0:  C_CMD: RDCMD     C_r = 0x005   at time  146242477 ps
inst0 ch0:  C_CMD: RDCMD     C_f = 0x0f8   at time  146242891 ps
inst0 ch0:  C_CMD: RDCMD     C_r = 0x00d   at time  146244133 ps
inst0 ch0:  C_CMD: RDCMD     C_f = 0x07a   at time  146244547 ps
inst0 ch0:  C_CMD: RDCMD     C_r = 0x00d   at time  146245789 ps
inst0 ch0:  C_CMD: RDCMD     C_f = 0x0fa   at time  146246203 ps
inst0 ch0:  R_CMD: ACTCMD    R_r0= 0x02    at time  146273113 ps
inst0 ch0:  R_CMD: ACTCMD    R_f0= 0x10    at time  146273527 ps
inst0 ch0:  R_CMD: ACTCMD    R_r1= 0x3f    at time  146273941 ps
inst0 ch0:  R_CMD: ACTCMD    R_f1= 0x3b    at time  146274355 ps
inst0 ch0:  R_CMD: ACTCMD    R_r0= 0x02    at time  146274769 ps
inst0 ch0:  R_CMD: ACTCMD    R_f0= 0x18    at time  146275183 ps
inst0 ch0:  R_CMD: ACTCMD    R_r1= 0x3f    at time  146275597 ps
inst0 ch0:  R_CMD: ACTCMD    R_f1= 0x3b    at time  146276011 ps
inst0 ch0:  C_CMD: WRCMD     C_r = 0x001   at time  146283877 ps
inst0 ch0:  C_CMD: WRCMD     C_f = 0x078   at time  146284291 ps
inst0 ch0:  C_CMD: WRCMD     C_r = 0x001   at time  146285533 ps
inst0 ch0:  C_CMD: WRCMD     C_f = 0x0f8   at time  146285947 ps
inst0 ch0:  C_CMD: WRCMD     C_r = 0x009   at time  146287189 ps
inst0 ch0:  C_CMD: WRCMD     C_f = 0x07a   at time  146287603 ps
inst0 ch0:  C_CMD: WRCMD     C_r = 0x009   at time  146288845 ps
inst0 ch0:  C_CMD: WRCMD     C_f = 0x0fa   at time  146289259 ps
inst0 ch0:  R_CMD: ACTCMD    R_r0= 0x02    at time  146325277 ps
inst0 ch0:  R_CMD: ACTCMD    R_f0= 0x11    at time  146325691 ps
inst0 ch0:  R_CMD: ACTCMD    R_r1= 0x3f    at time  146326105 ps
inst0 ch0:  R_CMD: ACTCMD    R_f1= 0x3b    at time  146326519 ps
inst0 ch0:  R_CMD: ACTCMD    R_r0= 0x02    at time  146326933 ps
inst0 ch0:  R_CMD: ACTCMD    R_f0= 0x19    at time  146327347 ps
inst0 ch0:  R_CMD: ACTCMD    R_r1= 0x3f    at time  146327761 ps
inst0 ch0:  R_CMD: ACTCMD    R_f1= 0x3b    at time  146328175 ps
inst0 ch0:  C_CMD: WRCMD     C_r = 0x001   at time  146336041 ps
inst0 ch0:  C_CMD: WRCMD     C_f = 0x078   at time  146336455 ps
inst0 ch0:  C_CMD: WRCMD     C_r = 0x001   at time  146337697 ps
inst0 ch0:  C_CMD: WRCMD     C_f = 0x0f8   at time  146338111 ps
inst0 ch0:  C_CMD: WRCMD     C_r = 0x009   at time  146339353 ps
inst0 ch0:  C_CMD: WRCMD     C_f = 0x07a   at time  146339767 ps
inst0 ch0:  C_CMD: WRCMD     C_r = 0x009   at time  146341009 ps
inst0 ch0:  C_CMD: WRCMD     C_f = 0x0fa   at time  146341423 ps
inst0 ch0:  R_CMD: ACTCMD    R_r0= 0x0a    at time  146434573 ps
inst0 ch0:  R_CMD: ACTCMD    R_f0= 0x18    at time  146434987 ps
inst0 ch0:  R_CMD: ACTCMD    R_r1= 0x3f    at time  146435401 ps
inst0 ch0:  R_CMD: ACTCMD    R_f1= 0x3b    at time  146435815 ps
inst0 ch0:  C_CMD: RDCMD     C_r = 0x015   at time  146449477 ps
inst0 ch0:  C_CMD: RDCMD     C_f = 0x0f8   at time  146449891 ps
inst0 ch0:  C_CMD: RDCMD     C_r = 0x01d   at time  146452789 ps
inst0 ch0:  C_CMD: RDCMD     C_f = 0x0fa   at time  146453203 ps
inst0 ch0:  R_CMD: ACTCMD    R_r0= 0x0a    at time  146456929 ps
inst0 ch0:  R_CMD: ACTCMD    R_f0= 0x10    at time  146457343 ps
inst0 ch0:  R_CMD: ACTCMD    R_r1= 0x3f    at time  146457757 ps
inst0 ch0:  R_CMD: ACTCMD    R_f1= 0x3b    at time  146458171 ps
inst0 ch0:  C_CMD: RDCMD     C_r = 0x015   at time  146471833 ps
inst0 ch0:  C_CMD: RDCMD     C_f = 0x078   at time  146472247 ps
inst0 ch0:  C_CMD: RDCMD     C_r = 0x01d   at time  146475145 ps
inst0 ch0:  C_CMD: RDCMD     C_f = 0x07a   at time  146475559 ps
inst0 ch0:  R_CMD: ACTCMD    R_r0= 0x0a    at time  146504125 ps
inst0 ch0:  R_CMD: ACTCMD    R_f0= 0x00    at time  146504539 ps
inst0 ch0:  R_CMD: ACTCMD    R_r1= 0x00    at time  146504953 ps
inst0 ch0:  R_CMD: ACTCMD    R_f1= 0x00    at time  146505367 ps
inst0 ch0:  C_CMD: RDCMD     C_r = 0x015   at time  146519029 ps
inst0 ch0:  C_CMD: RDCMD     C_f = 0x038   at time  146519443 ps
inst0 ch0:  R_CMD: ACTCMD    R_r0= 0x0a    at time  146520685 ps
inst0 ch0:  R_CMD: ACTCMD    R_f0= 0x08    at time  146521099 ps
inst0 ch0:  R_CMD: ACTCMD    R_r1= 0x00    at time  146521513 ps
inst0 ch0:  R_CMD: ACTCMD    R_f1= 0x00    at time  146521927 ps
inst0 ch0:  C_CMD: RDCMD     C_r = 0x015   at time  146522341 ps
inst0 ch0:  C_CMD: RDCMD     C_f = 0x03a   at time  146522755 ps
inst0 ch0:  C_CMD: RDCMD     C_r = 0x015   at time  146525653 ps
inst0 ch0:  C_CMD: RDCMD     C_f = 0x030   at time  146526067 ps
inst0 ch0:  C_CMD: RDCMD     C_r = 0x01d   at time  146528965 ps
inst0 ch0:  C_CMD: RDCMD     C_f = 0x032   at time  146529379 ps
inst0 ch0:  C_CMD: RDCMD     C_r = 0x015   at time  146535589 ps
inst0 ch0:  C_CMD: RDCMD     C_f = 0x0b8   at time  146536003 ps
inst0 ch0:  C_CMD: RDCMD     C_r = 0x015   at time  146538901 ps
inst0 ch0:  C_CMD: RDCMD     C_f = 0x0ba   at time  146539315 ps
inst0 ch0:  C_CMD: RDCMD     C_r = 0x015   at time  146542213 ps
inst0 ch0:  C_CMD: RDCMD     C_f = 0x0b0   at time  146542627 ps
inst0 ch0:  C_CMD: RDCMD     C_r = 0x01d   at time  146545525 ps
inst0 ch0:  C_CMD: RDCMD     C_f = 0x0b2   at time  146545939 ps
inst0 ch0:  R_CMD: ACTCMD    R_r0= 0x0a    at time  146566225 ps
inst0 ch0:  R_CMD: ACTCMD    R_f0= 0x10    at time  146566639 ps
inst0 ch0:  R_CMD: ACTCMD    R_r1= 0x3f    at time  146567053 ps
inst0 ch0:  R_CMD: ACTCMD    R_f1= 0x3b    at time  146567467 ps
inst0 ch0:  R_CMD: ACTCMD    R_r0= 0x0a    at time  146567881 ps
inst0 ch0:  R_CMD: ACTCMD    R_f0= 0x18    at time  146568295 ps
inst0 ch0:  R_CMD: ACTCMD    R_r1= 0x3f    at time  146568709 ps
inst0 ch0:  R_CMD: ACTCMD    R_f1= 0x3b    at time  146569123 ps
inst0 ch0:  R_CMD: PRECMD    R_r = 0x0b    at time  146600173 ps
inst0 ch0:  R_CMD: PRECMD    R_f = 0x01    at time  146600587 ps
inst0 ch0:  R_CMD: PRECMD    R_r = 0x0b    at time  146601829 ps
inst0 ch0:  R_CMD: PRECMD    R_f = 0x09    at time  146602243 ps
inst0 ch0:  R_CMD: ACTCMD    R_r0= 0x0a    at time  146614249 ps
inst0 ch0:  R_CMD: ACTCMD    R_f0= 0x11    at time  146614663 ps
inst0 ch0:  R_CMD: ACTCMD    R_r1= 0x3f    at time  146615077 ps
inst0 ch0:  R_CMD: ACTCMD    R_f1= 0x3b    at time  146615491 ps
inst0 ch0:  R_CMD: ACTCMD    R_r0= 0x0a    at time  146615905 ps
inst0 ch0:  R_CMD: ACTCMD    R_f0= 0x19    at time  146616319 ps
inst0 ch0:  R_CMD: ACTCMD    R_r1= 0x3f    at time  146616733 ps
inst0 ch0:  R_CMD: ACTCMD    R_f1= 0x3b    at time  146617147 ps
inst0 ch0:  C_CMD: RDCMD     C_r = 0x015   at time  146629153 ps
inst0 ch0:  C_CMD: RDCMD     C_f = 0x078   at time  146629567 ps
inst0 ch0:  C_CMD: RDCMD     C_r = 0x015   at time  146630809 ps
inst0 ch0:  C_CMD: RDCMD     C_f = 0x0f8   at time  146631223 ps
inst0 ch0:  C_CMD: RDCMD     C_r = 0x01d   at time  146632465 ps
inst0 ch0:  C_CMD: RDCMD     C_f = 0x07a   at time  146632879 ps
inst0 ch0:  C_CMD: RDCMD     C_r = 0x01d   at time  146634121 ps
inst0 ch0:  C_CMD: RDCMD     C_f = 0x0fa   at time  146634535 ps
inst0 ch0:  R_CMD: ACTCMD    R_r0= 0x0a    at time  146661445 ps
inst0 ch0:  R_CMD: ACTCMD    R_f0= 0x10    at time  146661859 ps
inst0 ch0:  R_CMD: ACTCMD    R_r1= 0x3f    at time  146662273 ps
inst0 ch0:  R_CMD: ACTCMD    R_f1= 0x3b    at time  146662687 ps
inst0 ch0:  R_CMD: ACTCMD    R_r0= 0x0a    at time  146663101 ps
inst0 ch0:  R_CMD: ACTCMD    R_f0= 0x18    at time  146663515 ps
inst0 ch0:  R_CMD: ACTCMD    R_r1= 0x3f    at time  146663929 ps
inst0 ch0:  R_CMD: ACTCMD    R_f1= 0x3b    at time  146664343 ps
inst0 ch0:  C_CMD: WRCMD     C_r = 0x011   at time  146672209 ps
inst0 ch0:  C_CMD: WRCMD     C_f = 0x078   at time  146672623 ps
inst0 ch0:  C_CMD: WRCMD     C_r = 0x011   at time  146673865 ps
inst0 ch0:  C_CMD: WRCMD     C_f = 0x0f8   at time  146674279 ps
inst0 ch0:  C_CMD: WRCMD     C_r = 0x019   at time  146675521 ps
inst0 ch0:  C_CMD: WRCMD     C_f = 0x07a   at time  146675935 ps
inst0 ch0:  C_CMD: WRCMD     C_r = 0x019   at time  146677177 ps
inst0 ch0:  C_CMD: WRCMD     C_f = 0x0fa   at time  146677591 ps
inst0 ch0:  R_CMD: ACTCMD    R_r0= 0x0a    at time  146713609 ps
inst0 ch0:  R_CMD: ACTCMD    R_f0= 0x00    at time  146714023 ps
inst0 ch0:  R_CMD: ACTCMD    R_r1= 0x00    at time  146714437 ps
inst0 ch0:  R_CMD: ACTCMD    R_f1= 0x00    at time  146714851 ps
inst0 ch0:  R_CMD: ACTCMD    R_r0= 0x0a    at time  146715265 ps
inst0 ch0:  R_CMD: ACTCMD    R_f0= 0x08    at time  146715679 ps
inst0 ch0:  R_CMD: ACTCMD    R_r1= 0x00    at time  146716093 ps
inst0 ch0:  R_CMD: ACTCMD    R_f1= 0x00    at time  146716507 ps
inst0 ch0:  C_CMD: WRCMD     C_r = 0x011   at time  146724373 ps
inst0 ch0:  C_CMD: WRCMD     C_f = 0x038   at time  146724787 ps
inst0 ch0:  C_CMD: WRCMD     C_r = 0x011   at time  146726029 ps
inst0 ch0:  C_CMD: WRCMD     C_f = 0x0b8   at time  146726443 ps
inst0 ch0:  C_CMD: WRCMD     C_r = 0x011   at time  146727685 ps
inst0 ch0:  C_CMD: WRCMD     C_f = 0x03a   at time  146728099 ps
inst0 ch0:  C_CMD: WRCMD     C_r = 0x011   at time  146729341 ps
inst0 ch0:  C_CMD: WRCMD     C_f = 0x0ba   at time  146729755 ps
inst0 ch0:  C_CMD: WRCMD     C_r = 0x011   at time  146730997 ps
inst0 ch0:  C_CMD: WRCMD     C_f = 0x030   at time  146731411 ps
inst0 ch0:  C_CMD: WRCMD     C_r = 0x011   at time  146732653 ps
inst0 ch0:  C_CMD: WRCMD     C_f = 0x0b0   at time  146733067 ps
inst0 ch0:  C_CMD: WRCMD     C_r = 0x019   at time  146734309 ps
inst0 ch0:  C_CMD: WRCMD     C_f = 0x032   at time  146734723 ps
inst0 ch0:  C_CMD: WRCMD     C_r = 0x019   at time  146735965 ps
inst0 ch0:  C_CMD: WRCMD     C_f = 0x0b2   at time  146736379 ps
inst0 ch0:  R_CMD: ACTCMD    R_r0= 0x0a    at time  146772397 ps
inst0 ch0:  R_CMD: ACTCMD    R_f0= 0x11    at time  146772811 ps
inst0 ch0:  R_CMD: ACTCMD    R_r1= 0x3f    at time  146773225 ps
inst0 ch0:  R_CMD: ACTCMD    R_f1= 0x3b    at time  146773639 ps
inst0 ch0:  R_CMD: ACTCMD    R_r0= 0x0a    at time  146774053 ps
inst0 ch0:  R_CMD: ACTCMD    R_f0= 0x19    at time  146774467 ps
inst0 ch0:  R_CMD: ACTCMD    R_r1= 0x3f    at time  146774881 ps
inst0 ch0:  R_CMD: ACTCMD    R_f1= 0x3b    at time  146775295 ps
inst0 ch0:  C_CMD: WRCMD     C_r = 0x011   at time  146783161 ps
inst0 ch0:  C_CMD: WRCMD     C_f = 0x078   at time  146783575 ps
inst0 ch0:  C_CMD: WRCMD     C_r = 0x011   at time  146784817 ps
inst0 ch0:  C_CMD: WRCMD     C_f = 0x0f8   at time  146785231 ps
inst0 ch0:  C_CMD: WRCMD     C_r = 0x019   at time  146786473 ps
inst0 ch0:  C_CMD: WRCMD     C_f = 0x07a   at time  146786887 ps
inst0 ch0:  C_CMD: WRCMD     C_r = 0x019   at time  146788129 ps
inst0 ch0:  C_CMD: WRCMD     C_f = 0x0fa   at time  146788543 ps
inst0 ch0:  R_CMD: ACTCMD    R_r0= 0x02    at time  147196333 ps
inst0 ch0:  R_CMD: ACTCMD    R_f0= 0x30    at time  147196747 ps
inst0 ch0:  R_CMD: ACTCMD    R_r1= 0x3f    at time  147197161 ps
inst0 ch0:  R_CMD: ACTCMD    R_f1= 0x3b    at time  147197575 ps
inst0 ch0:  R_CMD: ACTCMD    R_r0= 0x02    at time  147197989 ps
inst0 ch0:  R_CMD: ACTCMD    R_f0= 0x38    at time  147198403 ps
inst0 ch0:  R_CMD: ACTCMD    R_r1= 0x3f    at time  147198817 ps
inst0 ch0:  R_CMD: ACTCMD    R_f1= 0x3b    at time  147199231 ps
inst0 ch0:  C_CMD: RDCMD     C_r = 0x085   at time  147211237 ps
inst0 ch0:  C_CMD: RDCMD     C_f = 0x078   at time  147211651 ps
inst0 ch0:  C_CMD: RDCMD     C_r = 0x085   at time  147212893 ps
inst0 ch0:  C_CMD: RDCMD     C_f = 0x0f8   at time  147213307 ps
inst0 ch0:  C_CMD: RDCMD     C_r = 0x08d   at time  147214549 ps
inst0 ch0:  C_CMD: RDCMD     C_f = 0x07a   at time  147214963 ps
inst0 ch0:  C_CMD: RDCMD     C_r = 0x08d   at time  147216205 ps
inst0 ch0:  C_CMD: RDCMD     C_f = 0x0fa   at time  147216619 ps
inst0 ch0:  R_CMD: ACTCMD    R_r0= 0x02    at time  147268369 ps
inst0 ch0:  R_CMD: ACTCMD    R_f0= 0x38    at time  147268783 ps
inst0 ch0:  R_CMD: ACTCMD    R_r1= 0x3f    at time  147269197 ps
inst0 ch0:  R_CMD: ACTCMD    R_f1= 0x3b    at time  147269611 ps
inst0 ch0:  R_CMD: ACTCMD    R_r0= 0x02    at time  147270025 ps
inst0 ch0:  R_CMD: ACTCMD    R_f0= 0x30    at time  147270439 ps
inst0 ch0:  R_CMD: ACTCMD    R_r1= 0x3f    at time  147270853 ps
inst0 ch0:  R_CMD: ACTCMD    R_f1= 0x3b    at time  147271267 ps
inst0 ch0:  C_CMD: WRCMD     C_r = 0x081   at time  147279133 ps
inst0 ch0:  C_CMD: WRCMD     C_f = 0x0f8   at time  147279547 ps
inst0 ch0:  C_CMD: WRCMD     C_r = 0x081   at time  147280789 ps
inst0 ch0:  C_CMD: WRCMD     C_f = 0x078   at time  147281203 ps
inst0 ch0:  C_CMD: WRCMD     C_r = 0x089   at time  147282445 ps
inst0 ch0:  C_CMD: WRCMD     C_f = 0x0fa   at time  147282859 ps
inst0 ch0:  C_CMD: WRCMD     C_r = 0x089   at time  147284101 ps
inst0 ch0:  C_CMD: WRCMD     C_f = 0x07a   at time  147284515 ps
inst0 ch0:  R_CMD: ACTCMD    R_r0= 0x0a    at time  147449701 ps
inst0 ch0:  R_CMD: ACTCMD    R_f0= 0x38    at time  147450115 ps
inst0 ch0:  R_CMD: ACTCMD    R_r1= 0x3f    at time  147450529 ps
inst0 ch0:  R_CMD: ACTCMD    R_f1= 0x3b    at time  147450943 ps
inst0 ch0:  R_CMD: ACTCMD    R_r0= 0x0a    at time  147452185 ps
inst0 ch0:  R_CMD: ACTCMD    R_f0= 0x30    at time  147452599 ps
inst0 ch0:  R_CMD: ACTCMD    R_r1= 0x3f    at time  147453013 ps
inst0 ch0:  R_CMD: ACTCMD    R_f1= 0x3b    at time  147453427 ps
inst0 ch0:  C_CMD: RDCMD     C_r = 0x095   at time  147464605 ps
inst0 ch0:  C_CMD: RDCMD     C_f = 0x0f8   at time  147465019 ps
inst0 ch0:  C_CMD: RDCMD     C_r = 0x095   at time  147467089 ps
inst0 ch0:  C_CMD: RDCMD     C_f = 0x078   at time  147467503 ps
inst0 ch0:  C_CMD: RDCMD     C_r = 0x09d   at time  147467917 ps
inst0 ch0:  C_CMD: RDCMD     C_f = 0x0fa   at time  147468331 ps
inst0 ch0:  C_CMD: RDCMD     C_r = 0x09d   at time  147470401 ps
inst0 ch0:  C_CMD: RDCMD     C_f = 0x07a   at time  147470815 ps
inst0 ch0:  R_CMD: ACTCMD    R_r0= 0x0a    at time  147708865 ps
inst0 ch0:  R_CMD: ACTCMD    R_f0= 0x38    at time  147709279 ps
inst0 ch0:  R_CMD: ACTCMD    R_r1= 0x3f    at time  147709693 ps
inst0 ch0:  R_CMD: ACTCMD    R_f1= 0x3b    at time  147710107 ps
inst0 ch0:  R_CMD: ACTCMD    R_r0= 0x0a    at time  147711349 ps
inst0 ch0:  R_CMD: ACTCMD    R_f0= 0x30    at time  147711763 ps
inst0 ch0:  R_CMD: ACTCMD    R_r1= 0x3f    at time  147712177 ps
inst0 ch0:  R_CMD: ACTCMD    R_f1= 0x3b    at time  147712591 ps
inst0 ch0:  C_CMD: WRCMD     C_r = 0x091   at time  147719629 ps
inst0 ch0:  C_CMD: WRCMD     C_f = 0x0f8   at time  147720043 ps
inst0 ch0:  C_CMD: WRCMD     C_r = 0x091   at time  147722113 ps
inst0 ch0:  C_CMD: WRCMD     C_f = 0x078   at time  147722527 ps
inst0 ch0:  C_CMD: WRCMD     C_r = 0x099   at time  147722941 ps
inst0 ch0:  C_CMD: WRCMD     C_f = 0x0fa   at time  147723355 ps
inst0 ch0:  C_CMD: WRCMD     C_r = 0x099   at time  147725425 ps
inst0 ch0:  C_CMD: WRCMD     C_f = 0x07a   at time  147725839 ps
