inst0 ch0:  R_CMD: ACTCMD    R_r0= 0x0e    at time   33400981 ps
inst0 ch0:  R_CMD: ACTCMD    R_f0= 0x28    at time   33401395 ps
inst0 ch0:  R_CMD: ACTCMD    R_r1= 0x00    at time   33401809 ps
inst0 ch0:  R_CMD: ACTCMD    R_f1= 0x02    at time   33402223 ps
inst0 ch0:  R_CMD: ACTCMD    R_r0= 0x0e    at time   33402637 ps
inst0 ch0:  R_CMD: ACTCMD    R_f0= 0x20    at time   33403051 ps
inst0 ch0:  R_CMD: ACTCMD    R_r1= 0x00    at time   33403465 ps
inst0 ch0:  R_CMD: ACTCMD    R_f1= 0x02    at time   33403879 ps
inst0 ch0:  C_CMD: RDCMD     C_r = 0x095   at time   33415885 ps
inst0 ch0:  C_CMD: RDCMD     C_f = 0x0a9   at time   33416299 ps
inst0 ch0:  C_CMD: RDCMD     C_r = 0x095   at time   33417541 ps
inst0 ch0:  C_CMD: RDCMD     C_f = 0x029   at time   33417955 ps
inst0 ch0:  C_CMD: RDCMD     C_r = 0x095   at time   33419197 ps
inst0 ch0:  C_CMD: RDCMD     C_f = 0x0ab   at time   33419611 ps
inst0 ch0:  C_CMD: RDCMD     C_r = 0x095   at time   33420853 ps
inst0 ch0:  C_CMD: RDCMD     C_f = 0x02b   at time   33421267 ps
inst0 ch0:  C_CMD: RDCMD     C_r = 0x095   at time   33422509 ps
inst0 ch0:  C_CMD: RDCMD     C_f = 0x0a1   at time   33422923 ps
inst0 ch0:  C_CMD: RDCMD     C_r = 0x095   at time   33424165 ps
inst0 ch0:  C_CMD: RDCMD     C_f = 0x021   at time   33424579 ps
inst0 ch0:  C_CMD: RDCMD     C_r = 0x09d   at time   33425821 ps
inst0 ch0:  C_CMD: RDCMD     C_f = 0x0a3   at time   33426235 ps
inst0 ch0:  C_CMD: RDCMD     C_r = 0x09d   at time   33427477 ps
inst0 ch0:  C_CMD: RDCMD     C_f = 0x023   at time   33427891 ps
inst0 ch0:  R_CMD: ACTCMD    R_r0= 0x0e    at time   33471361 ps
inst0 ch0:  R_CMD: ACTCMD    R_f0= 0x28    at time   33471775 ps
inst0 ch0:  R_CMD: ACTCMD    R_r1= 0x00    at time   33472189 ps
inst0 ch0:  R_CMD: ACTCMD    R_f1= 0x02    at time   33472603 ps
inst0 ch0:  R_CMD: ACTCMD    R_r0= 0x0e    at time   33473845 ps
inst0 ch0:  R_CMD: ACTCMD    R_f0= 0x20    at time   33474259 ps
inst0 ch0:  R_CMD: ACTCMD    R_r1= 0x00    at time   33474673 ps
inst0 ch0:  R_CMD: ACTCMD    R_f1= 0x02    at time   33475087 ps
inst0 ch0:  C_CMD: WRCMD     C_r = 0x091   at time   33482125 ps
inst0 ch0:  C_CMD: WRCMD     C_f = 0x0a9   at time   33482539 ps
inst0 ch0:  C_CMD: WRCMD     C_r = 0x091   at time   33484609 ps
inst0 ch0:  C_CMD: WRCMD     C_f = 0x029   at time   33485023 ps
inst0 ch0:  C_CMD: WRCMD     C_r = 0x091   at time   33485437 ps
inst0 ch0:  C_CMD: WRCMD     C_f = 0x0ab   at time   33485851 ps
inst0 ch0:  C_CMD: WRCMD     C_r = 0x091   at time   33487921 ps
inst0 ch0:  C_CMD: WRCMD     C_f = 0x02b   at time   33488335 ps
inst0 ch0:  C_CMD: WRCMD     C_r = 0x091   at time   33488749 ps
inst0 ch0:  C_CMD: WRCMD     C_f = 0x0a1   at time   33489163 ps
inst0 ch0:  C_CMD: WRCMD     C_r = 0x091   at time   33491233 ps
inst0 ch0:  C_CMD: WRCMD     C_f = 0x021   at time   33491647 ps
inst0 ch0:  C_CMD: WRCMD     C_r = 0x099   at time   33492061 ps
inst0 ch0:  C_CMD: WRCMD     C_f = 0x0a3   at time   33492475 ps
inst0 ch0:  C_CMD: WRCMD     C_r = 0x099   at time   33494545 ps
inst0 ch0:  C_CMD: WRCMD     C_f = 0x023   at time   33494959 ps
inst0 ch0:  R_CMD: ACTCMD    R_r0= 0x2e    at time   54517465 ps
inst0 ch0:  R_CMD: ACTCMD    R_f0= 0x28    at time   54517879 ps
inst0 ch0:  R_CMD: ACTCMD    R_r1= 0x00    at time   54518293 ps
inst0 ch0:  R_CMD: ACTCMD    R_f1= 0x02    at time   54518707 ps
inst0 ch0:  R_CMD: ACTCMD    R_r0= 0x2e    at time   54519949 ps
inst0 ch0:  R_CMD: ACTCMD    R_f0= 0x20    at time   54520363 ps
inst0 ch0:  R_CMD: ACTCMD    R_r1= 0x00    at time   54520777 ps
inst0 ch0:  R_CMD: ACTCMD    R_f1= 0x02    at time   54521191 ps
inst0 ch0:  C_CMD: RDCMD     C_r = 0x0d5   at time   54532369 ps
inst0 ch0:  C_CMD: RDCMD     C_f = 0x0a9   at time   54532783 ps
inst0 ch0:  C_CMD: RDCMD     C_r = 0x0d5   at time   54534853 ps
inst0 ch0:  C_CMD: RDCMD     C_f = 0x029   at time   54535267 ps
inst0 ch0:  C_CMD: RDCMD     C_r = 0x0d5   at time   54535681 ps
inst0 ch0:  C_CMD: RDCMD     C_f = 0x0ab   at time   54536095 ps
inst0 ch0:  C_CMD: RDCMD     C_r = 0x0d5   at time   54538165 ps
inst0 ch0:  C_CMD: RDCMD     C_f = 0x02b   at time   54538579 ps
inst0 ch0:  C_CMD: RDCMD     C_r = 0x0d5   at time   54538993 ps
inst0 ch0:  C_CMD: RDCMD     C_f = 0x0a1   at time   54539407 ps
inst0 ch0:  C_CMD: RDCMD     C_r = 0x0d5   at time   54541477 ps
inst0 ch0:  C_CMD: RDCMD     C_f = 0x021   at time   54541891 ps
inst0 ch0:  C_CMD: RDCMD     C_r = 0x0dd   at time   54542305 ps
inst0 ch0:  C_CMD: RDCMD     C_f = 0x0a3   at time   54542719 ps
inst0 ch0:  C_CMD: RDCMD     C_r = 0x0dd   at time   54544789 ps
inst0 ch0:  C_CMD: RDCMD     C_f = 0x023   at time   54545203 ps
inst0 ch0:  R_CMD: ACTCMD    R_r0= 0x2e    at time   54631729 ps
inst0 ch0:  R_CMD: ACTCMD    R_f0= 0x28    at time   54632143 ps
inst0 ch0:  R_CMD: ACTCMD    R_r1= 0x00    at time   54632557 ps
inst0 ch0:  R_CMD: ACTCMD    R_f1= 0x02    at time   54632971 ps
inst0 ch0:  R_CMD: ACTCMD    R_r0= 0x2e    at time   54633385 ps
inst0 ch0:  R_CMD: ACTCMD    R_f0= 0x20    at time   54633799 ps
inst0 ch0:  R_CMD: ACTCMD    R_r1= 0x00    at time   54634213 ps
inst0 ch0:  R_CMD: ACTCMD    R_f1= 0x02    at time   54634627 ps
inst0 ch0:  C_CMD: WRCMD     C_r = 0x0d1   at time   54642493 ps
inst0 ch0:  C_CMD: WRCMD     C_f = 0x0a9   at time   54642907 ps
inst0 ch0:  C_CMD: WRCMD     C_r = 0x0d1   at time   54644149 ps
inst0 ch0:  C_CMD: WRCMD     C_f = 0x029   at time   54644563 ps
inst0 ch0:  C_CMD: WRCMD     C_r = 0x0d1   at time   54645805 ps
inst0 ch0:  C_CMD: WRCMD     C_f = 0x0ab   at time   54646219 ps
inst0 ch0:  C_CMD: WRCMD     C_r = 0x0d1   at time   54647461 ps
inst0 ch0:  C_CMD: WRCMD     C_f = 0x02b   at time   54647875 ps
inst0 ch0:  C_CMD: WRCMD     C_r = 0x0d1   at time   54649117 ps
inst0 ch0:  C_CMD: WRCMD     C_f = 0x0a1   at time   54649531 ps
inst0 ch0:  C_CMD: WRCMD     C_r = 0x0d1   at time   54650773 ps
inst0 ch0:  C_CMD: WRCMD     C_f = 0x021   at time   54651187 ps
inst0 ch0:  C_CMD: WRCMD     C_r = 0x0d9   at time   54652429 ps
inst0 ch0:  C_CMD: WRCMD     C_f = 0x0a3   at time   54652843 ps
inst0 ch0:  C_CMD: WRCMD     C_r = 0x0d9   at time   54654085 ps
inst0 ch0:  C_CMD: WRCMD     C_f = 0x023   at time   54654499 ps
inst0 ch0:  R_CMD: ACTCMD    R_r0= 0x22    at time  124779061 ps
inst0 ch0:  R_CMD: ACTCMD    R_f0= 0x2a    at time  124779475 ps
inst0 ch0:  R_CMD: ACTCMD    R_r1= 0x00    at time  124779889 ps
inst0 ch0:  R_CMD: ACTCMD    R_f1= 0x00    at time  124780303 ps
inst0 ch0:  R_CMD: ACTCMD    R_r0= 0x02    at time  124783201 ps
inst0 ch0:  R_CMD: ACTCMD    R_f0= 0x2a    at time  124783615 ps
inst0 ch0:  R_CMD: ACTCMD    R_r1= 0x00    at time  124784029 ps
inst0 ch0:  R_CMD: ACTCMD    R_f1= 0x00    at time  124784443 ps
inst0 ch0:  R_CMD: ACTCMD    R_r0= 0x22    at time  124784857 ps
inst0 ch0:  R_CMD: ACTCMD    R_f0= 0x22    at time  124785271 ps
inst0 ch0:  R_CMD: ACTCMD    R_r1= 0x00    at time  124785685 ps
inst0 ch0:  R_CMD: ACTCMD    R_f1= 0x00    at time  124786099 ps
inst0 ch0:  R_CMD: ACTCMD    R_r0= 0x22    at time  124787341 ps
inst0 ch0:  R_CMD: ACTCMD    R_f0= 0x0a    at time  124787755 ps
inst0 ch0:  R_CMD: ACTCMD    R_r1= 0x00    at time  124788169 ps
inst0 ch0:  R_CMD: ACTCMD    R_f1= 0x00    at time  124788583 ps
inst0 ch0:  R_CMD: ACTCMD    R_r0= 0x02    at time  124788997 ps
inst0 ch0:  R_CMD: ACTCMD    R_f0= 0x22    at time  124789411 ps
inst0 ch0:  R_CMD: ACTCMD    R_r1= 0x00    at time  124789825 ps
inst0 ch0:  R_CMD: ACTCMD    R_f1= 0x00    at time  124790239 ps
inst0 ch0:  R_CMD: ACTCMD    R_r0= 0x02    at time  124791481 ps
inst0 ch0:  R_CMD: ACTCMD    R_f0= 0x0a    at time  124791895 ps
inst0 ch0:  R_CMD: ACTCMD    R_r1= 0x00    at time  124792309 ps
inst0 ch0:  R_CMD: ACTCMD    R_f1= 0x00    at time  124792723 ps
inst0 ch0:  R_CMD: ACTCMD    R_r0= 0x22    at time  124793137 ps
inst0 ch0:  R_CMD: ACTCMD    R_f0= 0x02    at time  124793551 ps
inst0 ch0:  R_CMD: ACTCMD    R_r1= 0x00    at time  124793965 ps
inst0 ch0:  C_CMD: RDCMD     C_r = 0x0c5   at time  124793965 ps
inst0 ch0:  R_CMD: ACTCMD    R_f1= 0x00    at time  124794379 ps
inst0 ch0:  C_CMD: RDCMD     C_f = 0x080   at time  124794379 ps
inst0 ch0:  R_CMD: ACTCMD    R_r0= 0x02    at time  124797277 ps
inst0 ch0:  C_CMD: RDCMD     C_r = 0x0cd   at time  124797277 ps
inst0 ch0:  R_CMD: ACTCMD    R_f0= 0x02    at time  124797691 ps
inst0 ch0:  C_CMD: RDCMD     C_f = 0x082   at time  124797691 ps
inst0 ch0:  R_CMD: ACTCMD    R_r1= 0x00    at time  124798105 ps
inst0 ch0:  R_CMD: ACTCMD    R_f1= 0x00    at time  124798519 ps
inst0 ch0:  C_CMD: RDCMD     C_r = 0x085   at time  124798933 ps
inst0 ch0:  C_CMD: RDCMD     C_f = 0x080   at time  124799347 ps
inst0 ch0:  C_CMD: RDCMD     C_r = 0x0c5   at time  124799761 ps
inst0 ch0:  C_CMD: RDCMD     C_f = 0x000   at time  124800175 ps
inst0 ch0:  C_CMD: RDCMD     C_r = 0x08d   at time  124802245 ps
inst0 ch0:  C_CMD: RDCMD     C_f = 0x082   at time  124802659 ps
inst0 ch0:  C_CMD: RDCMD     C_r = 0x0cd   at time  124803073 ps
inst0 ch0:  C_CMD: RDCMD     C_f = 0x002   at time  124803487 ps
inst0 ch0:  C_CMD: RDCMD     C_r = 0x045   at time  124803901 ps
inst0 ch0:  C_CMD: RDCMD     C_f = 0x080   at time  124804315 ps
inst0 ch0:  C_CMD: RDCMD     C_r = 0x085   at time  124804729 ps
inst0 ch0:  C_CMD: RDCMD     C_f = 0x000   at time  124805143 ps
inst0 ch0:  C_CMD: RDCMD     C_r = 0x005   at time  124806385 ps
inst0 ch0:  C_CMD: RDCMD     C_f = 0x080   at time  124806799 ps
inst0 ch0:  C_CMD: RDCMD     C_r = 0x04d   at time  124808041 ps
inst0 ch0:  C_CMD: RDCMD     C_f = 0x082   at time  124808455 ps
inst0 ch0:  C_CMD: RDCMD     C_r = 0x08d   at time  124808869 ps
inst0 ch0:  C_CMD: RDCMD     C_f = 0x002   at time  124809283 ps
inst0 ch0:  C_CMD: RDCMD     C_r = 0x00d   at time  124809697 ps
inst0 ch0:  C_CMD: RDCMD     C_f = 0x082   at time  124810111 ps
inst0 ch0:  C_CMD: RDCMD     C_r = 0x045   at time  124810525 ps
inst0 ch0:  C_CMD: RDCMD     C_f = 0x000   at time  124810939 ps
inst0 ch0:  C_CMD: RDCMD     C_r = 0x005   at time  124812181 ps
inst0 ch0:  C_CMD: RDCMD     C_f = 0x000   at time  124812595 ps
inst0 ch0:  C_CMD: RDCMD     C_r = 0x04d   at time  124813837 ps
inst0 ch0:  C_CMD: RDCMD     C_f = 0x002   at time  124814251 ps
inst0 ch0:  C_CMD: RDCMD     C_r = 0x00d   at time  124815493 ps
inst0 ch0:  C_CMD: RDCMD     C_f = 0x002   at time  124815907 ps
inst0 ch0:  R_CMD: ACTCMD    R_r0= 0x2a    at time  125275861 ps
inst0 ch0:  R_CMD: ACTCMD    R_f0= 0x2a    at time  125276275 ps
inst0 ch0:  R_CMD: ACTCMD    R_r1= 0x00    at time  125276689 ps
inst0 ch0:  R_CMD: ACTCMD    R_f1= 0x00    at time  125277103 ps
inst0 ch0:  R_CMD: ACTCMD    R_r0= 0x0a    at time  125280001 ps
inst0 ch0:  R_CMD: ACTCMD    R_f0= 0x2a    at time  125280415 ps
inst0 ch0:  R_CMD: ACTCMD    R_r1= 0x00    at time  125280829 ps
inst0 ch0:  R_CMD: ACTCMD    R_f1= 0x00    at time  125281243 ps
inst0 ch0:  R_CMD: ACTCMD    R_r0= 0x2a    at time  125284141 ps
inst0 ch0:  R_CMD: ACTCMD    R_f0= 0x0a    at time  125284555 ps
inst0 ch0:  R_CMD: ACTCMD    R_r1= 0x00    at time  125284969 ps
inst0 ch0:  R_CMD: ACTCMD    R_f1= 0x00    at time  125285383 ps
inst0 ch0:  R_CMD: ACTCMD    R_r0= 0x2a    at time  125285797 ps
inst0 ch0:  R_CMD: ACTCMD    R_f0= 0x22    at time  125286211 ps
inst0 ch0:  R_CMD: ACTCMD    R_r1= 0x00    at time  125286625 ps
inst0 ch0:  R_CMD: ACTCMD    R_f1= 0x00    at time  125287039 ps
inst0 ch0:  R_CMD: ACTCMD    R_r0= 0x0a    at time  125288281 ps
inst0 ch0:  R_CMD: ACTCMD    R_f0= 0x0a    at time  125288695 ps
inst0 ch0:  R_CMD: ACTCMD    R_r1= 0x00    at time  125289109 ps
inst0 ch0:  R_CMD: ACTCMD    R_f1= 0x00    at time  125289523 ps
inst0 ch0:  R_CMD: ACTCMD    R_r0= 0x0a    at time  125289937 ps
inst0 ch0:  R_CMD: ACTCMD    R_f0= 0x22    at time  125290351 ps
inst0 ch0:  R_CMD: ACTCMD    R_r1= 0x00    at time  125290765 ps
inst0 ch0:  C_CMD: RDCMD     C_r = 0x0d5   at time  125290765 ps
inst0 ch0:  R_CMD: ACTCMD    R_f1= 0x00    at time  125291179 ps
inst0 ch0:  C_CMD: RDCMD     C_f = 0x080   at time  125291179 ps
inst0 ch0:  R_CMD: ACTCMD    R_r0= 0x2a    at time  125294077 ps
inst0 ch0:  C_CMD: RDCMD     C_r = 0x0dd   at time  125294077 ps
inst0 ch0:  R_CMD: ACTCMD    R_f0= 0x02    at time  125294491 ps
inst0 ch0:  C_CMD: RDCMD     C_f = 0x082   at time  125294491 ps
inst0 ch0:  R_CMD: ACTCMD    R_r1= 0x00    at time  125294905 ps
inst0 ch0:  R_CMD: ACTCMD    R_f1= 0x00    at time  125295319 ps
inst0 ch0:  C_CMD: RDCMD     C_r = 0x095   at time  125295733 ps
inst0 ch0:  C_CMD: RDCMD     C_f = 0x080   at time  125296147 ps
inst0 ch0:  R_CMD: ACTCMD    R_r0= 0x0a    at time  125298217 ps
inst0 ch0:  R_CMD: ACTCMD    R_f0= 0x02    at time  125298631 ps
inst0 ch0:  R_CMD: ACTCMD    R_r1= 0x00    at time  125299045 ps
inst0 ch0:  C_CMD: RDCMD     C_r = 0x09d   at time  125299045 ps
inst0 ch0:  R_CMD: ACTCMD    R_f1= 0x00    at time  125299459 ps
inst0 ch0:  C_CMD: RDCMD     C_f = 0x082   at time  125299459 ps
inst0 ch0:  C_CMD: RDCMD     C_r = 0x055   at time  125300701 ps
inst0 ch0:  C_CMD: RDCMD     C_f = 0x080   at time  125301115 ps
inst0 ch0:  C_CMD: RDCMD     C_r = 0x0d5   at time  125301529 ps
inst0 ch0:  C_CMD: RDCMD     C_f = 0x000   at time  125301943 ps
inst0 ch0:  C_CMD: RDCMD     C_r = 0x015   at time  125303185 ps
inst0 ch0:  C_CMD: RDCMD     C_f = 0x080   at time  125303599 ps
inst0 ch0:  C_CMD: RDCMD     C_r = 0x05d   at time  125304841 ps
inst0 ch0:  C_CMD: RDCMD     C_f = 0x082   at time  125305255 ps
inst0 ch0:  C_CMD: RDCMD     C_r = 0x0dd   at time  125305669 ps
inst0 ch0:  C_CMD: RDCMD     C_f = 0x002   at time  125306083 ps
inst0 ch0:  C_CMD: RDCMD     C_r = 0x01d   at time  125306497 ps
inst0 ch0:  C_CMD: RDCMD     C_f = 0x082   at time  125306911 ps
inst0 ch0:  C_CMD: RDCMD     C_r = 0x095   at time  125307325 ps
inst0 ch0:  C_CMD: RDCMD     C_f = 0x000   at time  125307739 ps
inst0 ch0:  C_CMD: RDCMD     C_r = 0x055   at time  125308981 ps
inst0 ch0:  C_CMD: RDCMD     C_f = 0x000   at time  125309395 ps
inst0 ch0:  C_CMD: RDCMD     C_r = 0x09d   at time  125310637 ps
inst0 ch0:  C_CMD: RDCMD     C_f = 0x002   at time  125311051 ps
inst0 ch0:  C_CMD: RDCMD     C_r = 0x05d   at time  125312293 ps
inst0 ch0:  C_CMD: RDCMD     C_f = 0x002   at time  125312707 ps
inst0 ch0:  C_CMD: RDCMD     C_r = 0x015   at time  125313949 ps
inst0 ch0:  C_CMD: RDCMD     C_f = 0x000   at time  125314363 ps
inst0 ch0:  C_CMD: RDCMD     C_r = 0x01d   at time  125317261 ps
inst0 ch0:  C_CMD: RDCMD     C_f = 0x002   at time  125317675 ps
inst0 ch0:  R_CMD: ACTCMD    R_r0= 0x32    at time  125776801 ps
inst0 ch0:  R_CMD: ACTCMD    R_f0= 0x2a    at time  125777215 ps
inst0 ch0:  R_CMD: ACTCMD    R_r1= 0x00    at time  125777629 ps
inst0 ch0:  R_CMD: ACTCMD    R_f1= 0x00    at time  125778043 ps
inst0 ch0:  R_CMD: ACTCMD    R_r0= 0x12    at time  125780941 ps
inst0 ch0:  R_CMD: ACTCMD    R_f0= 0x2a    at time  125781355 ps
inst0 ch0:  R_CMD: ACTCMD    R_r1= 0x00    at time  125781769 ps
inst0 ch0:  R_CMD: ACTCMD    R_f1= 0x00    at time  125782183 ps
inst0 ch0:  R_CMD: ACTCMD    R_r0= 0x32    at time  125782597 ps
inst0 ch0:  R_CMD: ACTCMD    R_f0= 0x22    at time  125783011 ps
inst0 ch0:  R_CMD: ACTCMD    R_r1= 0x00    at time  125783425 ps
inst0 ch0:  R_CMD: ACTCMD    R_f1= 0x00    at time  125783839 ps
inst0 ch0:  R_CMD: ACTCMD    R_r0= 0x32    at time  125785081 ps
inst0 ch0:  R_CMD: ACTCMD    R_f0= 0x0a    at time  125785495 ps
inst0 ch0:  R_CMD: ACTCMD    R_r1= 0x00    at time  125785909 ps
inst0 ch0:  R_CMD: ACTCMD    R_f1= 0x00    at time  125786323 ps
inst0 ch0:  R_CMD: ACTCMD    R_r0= 0x12    at time  125786737 ps
inst0 ch0:  R_CMD: ACTCMD    R_f0= 0x22    at time  125787151 ps
inst0 ch0:  R_CMD: ACTCMD    R_r1= 0x00    at time  125787565 ps
inst0 ch0:  R_CMD: ACTCMD    R_f1= 0x00    at time  125787979 ps
inst0 ch0:  R_CMD: ACTCMD    R_r0= 0x12    at time  125789221 ps
inst0 ch0:  R_CMD: ACTCMD    R_f0= 0x0a    at time  125789635 ps
inst0 ch0:  R_CMD: ACTCMD    R_r1= 0x00    at time  125790049 ps
inst0 ch0:  R_CMD: ACTCMD    R_f1= 0x00    at time  125790463 ps
inst0 ch0:  R_CMD: ACTCMD    R_r0= 0x32    at time  125790877 ps
inst0 ch0:  R_CMD: ACTCMD    R_f0= 0x02    at time  125791291 ps
inst0 ch0:  R_CMD: ACTCMD    R_r1= 0x00    at time  125791705 ps
inst0 ch0:  C_CMD: RDCMD     C_r = 0x0e5   at time  125791705 ps
inst0 ch0:  R_CMD: ACTCMD    R_f1= 0x00    at time  125792119 ps
inst0 ch0:  C_CMD: RDCMD     C_f = 0x080   at time  125792119 ps
inst0 ch0:  R_CMD: ACTCMD    R_r0= 0x12    at time  125795017 ps
inst0 ch0:  C_CMD: RDCMD     C_r = 0x0ed   at time  125795017 ps
inst0 ch0:  R_CMD: ACTCMD    R_f0= 0x02    at time  125795431 ps
inst0 ch0:  C_CMD: RDCMD     C_f = 0x082   at time  125795431 ps
inst0 ch0:  R_CMD: ACTCMD    R_r1= 0x00    at time  125795845 ps
inst0 ch0:  R_CMD: ACTCMD    R_f1= 0x00    at time  125796259 ps
inst0 ch0:  C_CMD: RDCMD     C_r = 0x0a5   at time  125796673 ps
inst0 ch0:  C_CMD: RDCMD     C_f = 0x080   at time  125797087 ps
inst0 ch0:  C_CMD: RDCMD     C_r = 0x0e5   at time  125797501 ps
inst0 ch0:  C_CMD: RDCMD     C_f = 0x000   at time  125797915 ps
inst0 ch0:  C_CMD: RDCMD     C_r = 0x0ad   at time  125799985 ps
inst0 ch0:  C_CMD: RDCMD     C_f = 0x082   at time  125800399 ps
inst0 ch0:  C_CMD: RDCMD     C_r = 0x0ed   at time  125800813 ps
inst0 ch0:  C_CMD: RDCMD     C_f = 0x002   at time  125801227 ps
inst0 ch0:  C_CMD: RDCMD     C_r = 0x065   at time  125801641 ps
inst0 ch0:  C_CMD: RDCMD     C_f = 0x080   at time  125802055 ps
inst0 ch0:  C_CMD: RDCMD     C_r = 0x0a5   at time  125802469 ps
inst0 ch0:  C_CMD: RDCMD     C_f = 0x000   at time  125802883 ps
inst0 ch0:  C_CMD: RDCMD     C_r = 0x025   at time  125804125 ps
inst0 ch0:  C_CMD: RDCMD     C_f = 0x080   at time  125804539 ps
inst0 ch0:  C_CMD: RDCMD     C_r = 0x06d   at time  125805781 ps
inst0 ch0:  C_CMD: RDCMD     C_f = 0x082   at time  125806195 ps
inst0 ch0:  C_CMD: RDCMD     C_r = 0x0ad   at time  125806609 ps
inst0 ch0:  C_CMD: RDCMD     C_f = 0x002   at time  125807023 ps
inst0 ch0:  C_CMD: RDCMD     C_r = 0x02d   at time  125807437 ps
inst0 ch0:  C_CMD: RDCMD     C_f = 0x082   at time  125807851 ps
inst0 ch0:  C_CMD: RDCMD     C_r = 0x065   at time  125808265 ps
inst0 ch0:  C_CMD: RDCMD     C_f = 0x000   at time  125808679 ps
inst0 ch0:  C_CMD: RDCMD     C_r = 0x025   at time  125809921 ps
inst0 ch0:  C_CMD: RDCMD     C_f = 0x000   at time  125810335 ps
inst0 ch0:  C_CMD: RDCMD     C_r = 0x06d   at time  125811577 ps
inst0 ch0:  C_CMD: RDCMD     C_f = 0x002   at time  125811991 ps
inst0 ch0:  C_CMD: RDCMD     C_r = 0x02d   at time  125813233 ps
inst0 ch0:  C_CMD: RDCMD     C_f = 0x002   at time  125813647 ps
inst0 ch0:  R_CMD: ACTCMD    R_r0= 0x3a    at time  126277741 ps
inst0 ch0:  R_CMD: ACTCMD    R_f0= 0x2a    at time  126278155 ps
inst0 ch0:  R_CMD: ACTCMD    R_r1= 0x00    at time  126278569 ps
inst0 ch0:  R_CMD: ACTCMD    R_f1= 0x00    at time  126278983 ps
inst0 ch0:  R_CMD: ACTCMD    R_r0= 0x1a    at time  126281881 ps
inst0 ch0:  R_CMD: ACTCMD    R_f0= 0x2a    at time  126282295 ps
inst0 ch0:  R_CMD: ACTCMD    R_r1= 0x00    at time  126282709 ps
inst0 ch0:  R_CMD: ACTCMD    R_f1= 0x00    at time  126283123 ps
inst0 ch0:  R_CMD: ACTCMD    R_r0= 0x3a    at time  126285193 ps
inst0 ch0:  R_CMD: ACTCMD    R_f0= 0x22    at time  126285607 ps
inst0 ch0:  R_CMD: ACTCMD    R_r1= 0x00    at time  126286021 ps
inst0 ch0:  R_CMD: ACTCMD    R_f1= 0x00    at time  126286435 ps
inst0 ch0:  R_CMD: ACTCMD    R_r0= 0x3a    at time  126286849 ps
inst0 ch0:  R_CMD: ACTCMD    R_f0= 0x0a    at time  126287263 ps
inst0 ch0:  R_CMD: ACTCMD    R_r1= 0x00    at time  126287677 ps
inst0 ch0:  R_CMD: ACTCMD    R_f1= 0x00    at time  126288091 ps
inst0 ch0:  R_CMD: ACTCMD    R_r0= 0x1a    at time  126289333 ps
inst0 ch0:  R_CMD: ACTCMD    R_f0= 0x22    at time  126289747 ps
inst0 ch0:  R_CMD: ACTCMD    R_r1= 0x00    at time  126290161 ps
inst0 ch0:  R_CMD: ACTCMD    R_f1= 0x00    at time  126290575 ps
inst0 ch0:  R_CMD: ACTCMD    R_r0= 0x1a    at time  126290989 ps
inst0 ch0:  R_CMD: ACTCMD    R_f0= 0x0a    at time  126291403 ps
inst0 ch0:  R_CMD: ACTCMD    R_r1= 0x00    at time  126291817 ps
inst0 ch0:  R_CMD: ACTCMD    R_f1= 0x00    at time  126292231 ps
inst0 ch0:  C_CMD: RDCMD     C_r = 0x0f5   at time  126292645 ps
inst0 ch0:  C_CMD: RDCMD     C_f = 0x080   at time  126293059 ps
inst0 ch0:  R_CMD: ACTCMD    R_r0= 0x3a    at time  126293473 ps
inst0 ch0:  R_CMD: ACTCMD    R_f0= 0x02    at time  126293887 ps
inst0 ch0:  R_CMD: ACTCMD    R_r1= 0x00    at time  126294301 ps
inst0 ch0:  R_CMD: ACTCMD    R_f1= 0x00    at time  126294715 ps
inst0 ch0:  C_CMD: RDCMD     C_r = 0x0fd   at time  126295957 ps
inst0 ch0:  C_CMD: RDCMD     C_f = 0x082   at time  126296371 ps
inst0 ch0:  R_CMD: ACTCMD    R_r0= 0x1a    at time  126297613 ps
inst0 ch0:  C_CMD: RDCMD     C_r = 0x0b5   at time  126297613 ps
inst0 ch0:  R_CMD: ACTCMD    R_f0= 0x02    at time  126298027 ps
inst0 ch0:  C_CMD: RDCMD     C_f = 0x080   at time  126298027 ps
inst0 ch0:  R_CMD: ACTCMD    R_r1= 0x00    at time  126298441 ps
inst0 ch0:  R_CMD: ACTCMD    R_f1= 0x00    at time  126298855 ps
inst0 ch0:  C_CMD: RDCMD     C_r = 0x0f5   at time  126300097 ps
inst0 ch0:  C_CMD: RDCMD     C_f = 0x000   at time  126300511 ps
inst0 ch0:  C_CMD: RDCMD     C_r = 0x0bd   at time  126300925 ps
inst0 ch0:  C_CMD: RDCMD     C_f = 0x082   at time  126301339 ps
inst0 ch0:  C_CMD: RDCMD     C_r = 0x075   at time  126302581 ps
inst0 ch0:  C_CMD: RDCMD     C_f = 0x080   at time  126302995 ps
inst0 ch0:  C_CMD: RDCMD     C_r = 0x0fd   at time  126303409 ps
inst0 ch0:  C_CMD: RDCMD     C_f = 0x002   at time  126303823 ps
inst0 ch0:  C_CMD: RDCMD     C_r = 0x0b5   at time  126305065 ps
inst0 ch0:  C_CMD: RDCMD     C_f = 0x000   at time  126305479 ps
inst0 ch0:  C_CMD: RDCMD     C_r = 0x07d   at time  126305893 ps
inst0 ch0:  C_CMD: RDCMD     C_f = 0x082   at time  126306307 ps
inst0 ch0:  C_CMD: RDCMD     C_r = 0x035   at time  126307549 ps
inst0 ch0:  C_CMD: RDCMD     C_f = 0x080   at time  126307963 ps
inst0 ch0:  C_CMD: RDCMD     C_r = 0x0bd   at time  126308377 ps
inst0 ch0:  C_CMD: RDCMD     C_f = 0x002   at time  126308791 ps
inst0 ch0:  C_CMD: RDCMD     C_r = 0x075   at time  126310033 ps
inst0 ch0:  C_CMD: RDCMD     C_f = 0x000   at time  126310447 ps
inst0 ch0:  C_CMD: RDCMD     C_r = 0x03d   at time  126310861 ps
inst0 ch0:  C_CMD: RDCMD     C_f = 0x082   at time  126311275 ps
inst0 ch0:  C_CMD: RDCMD     C_r = 0x035   at time  126312517 ps
inst0 ch0:  C_CMD: RDCMD     C_f = 0x000   at time  126312931 ps
inst0 ch0:  C_CMD: RDCMD     C_r = 0x07d   at time  126314173 ps
inst0 ch0:  C_CMD: RDCMD     C_f = 0x002   at time  126314587 ps
inst0 ch0:  C_CMD: RDCMD     C_r = 0x03d   at time  126315829 ps
inst0 ch0:  C_CMD: RDCMD     C_f = 0x002   at time  126316243 ps
inst0 ch0:  R_CMD: ACTCMD    R_r0= 0x02    at time  130792825 ps
inst0 ch0:  R_CMD: ACTCMD    R_f0= 0x08    at time  130793239 ps
inst0 ch0:  R_CMD: ACTCMD    R_r1= 0x00    at time  130793653 ps
inst0 ch0:  R_CMD: ACTCMD    R_f1= 0x00    at time  130794067 ps
inst0 ch0:  C_CMD: RDCMD     C_r = 0x005   at time  130807729 ps
inst0 ch0:  C_CMD: RDCMD     C_f = 0x098   at time  130808143 ps
inst0 ch0:  C_CMD: RDCMD     C_r = 0x005   at time  130811041 ps
inst0 ch0:  C_CMD: RDCMD     C_f = 0x09a   at time  130811455 ps
inst0 ch0:  C_CMD: RDCMD     C_r = 0x005   at time  130814353 ps
inst0 ch0:  C_CMD: RDCMD     C_f = 0x090   at time  130814767 ps
inst0 ch0:  C_CMD: RDCMD     C_r = 0x005   at time  130817665 ps
inst0 ch0:  C_CMD: RDCMD     C_f = 0x092   at time  130818079 ps
inst0 ch0:  C_CMD: RDCMD     C_r = 0x005   at time  130820977 ps
inst0 ch0:  C_CMD: RDCMD     C_f = 0x088   at time  130821391 ps
inst0 ch0:  C_CMD: RDCMD     C_r = 0x005   at time  130824289 ps
inst0 ch0:  C_CMD: RDCMD     C_f = 0x08a   at time  130824703 ps
inst0 ch0:  C_CMD: RDCMD     C_r = 0x005   at time  130827601 ps
inst0 ch0:  C_CMD: RDCMD     C_f = 0x080   at time  130828015 ps
inst0 ch0:  C_CMD: RDCMD     C_r = 0x00d   at time  130830913 ps
inst0 ch0:  C_CMD: RDCMD     C_f = 0x082   at time  130831327 ps
inst0 ch0:  R_CMD: ACTCMD    R_r0= 0x02    at time  130856581 ps
inst0 ch0:  R_CMD: ACTCMD    R_f0= 0x00    at time  130856995 ps
inst0 ch0:  R_CMD: ACTCMD    R_r1= 0x00    at time  130857409 ps
inst0 ch0:  R_CMD: ACTCMD    R_f1= 0x00    at time  130857823 ps
inst0 ch0:  C_CMD: RDCMD     C_r = 0x005   at time  130871485 ps
inst0 ch0:  C_CMD: RDCMD     C_f = 0x018   at time  130871899 ps
inst0 ch0:  C_CMD: RDCMD     C_r = 0x005   at time  130874797 ps
inst0 ch0:  C_CMD: RDCMD     C_f = 0x01a   at time  130875211 ps
inst0 ch0:  C_CMD: RDCMD     C_r = 0x005   at time  130878109 ps
inst0 ch0:  C_CMD: RDCMD     C_f = 0x010   at time  130878523 ps
inst0 ch0:  C_CMD: RDCMD     C_r = 0x005   at time  130881421 ps
inst0 ch0:  C_CMD: RDCMD     C_f = 0x012   at time  130881835 ps
inst0 ch0:  C_CMD: RDCMD     C_r = 0x005   at time  130884733 ps
inst0 ch0:  C_CMD: RDCMD     C_f = 0x008   at time  130885147 ps
inst0 ch0:  C_CMD: RDCMD     C_r = 0x005   at time  130888045 ps
inst0 ch0:  C_CMD: RDCMD     C_f = 0x00a   at time  130888459 ps
inst0 ch0:  C_CMD: RDCMD     C_r = 0x005   at time  130891357 ps
inst0 ch0:  C_CMD: RDCMD     C_f = 0x000   at time  130891771 ps
inst0 ch0:  C_CMD: RDCMD     C_r = 0x00d   at time  130894669 ps
inst0 ch0:  C_CMD: RDCMD     C_f = 0x002   at time  130895083 ps
inst0 ch0:  R_CMD: ACTCMD    R_r0= 0x0a    at time  131281345 ps
inst0 ch0:  R_CMD: ACTCMD    R_f0= 0x00    at time  131281759 ps
inst0 ch0:  R_CMD: ACTCMD    R_r1= 0x00    at time  131282173 ps
inst0 ch0:  R_CMD: ACTCMD    R_f1= 0x00    at time  131282587 ps
inst0 ch0:  C_CMD: RDCMD     C_r = 0x015   at time  131296249 ps
inst0 ch0:  C_CMD: RDCMD     C_f = 0x018   at time  131296663 ps
inst0 ch0:  C_CMD: RDCMD     C_r = 0x015   at time  131299561 ps
inst0 ch0:  C_CMD: RDCMD     C_f = 0x01a   at time  131299975 ps
inst0 ch0:  C_CMD: RDCMD     C_r = 0x015   at time  131302873 ps
inst0 ch0:  C_CMD: RDCMD     C_f = 0x010   at time  131303287 ps
inst0 ch0:  C_CMD: RDCMD     C_r = 0x015   at time  131306185 ps
inst0 ch0:  C_CMD: RDCMD     C_f = 0x012   at time  131306599 ps
inst0 ch0:  C_CMD: RDCMD     C_r = 0x015   at time  131309497 ps
inst0 ch0:  C_CMD: RDCMD     C_f = 0x008   at time  131309911 ps
inst0 ch0:  C_CMD: RDCMD     C_r = 0x015   at time  131312809 ps
inst0 ch0:  C_CMD: RDCMD     C_f = 0x00a   at time  131313223 ps
inst0 ch0:  C_CMD: RDCMD     C_r = 0x015   at time  131316121 ps
inst0 ch0:  C_CMD: RDCMD     C_f = 0x000   at time  131316535 ps
inst0 ch0:  C_CMD: RDCMD     C_r = 0x01d   at time  131319433 ps
inst0 ch0:  C_CMD: RDCMD     C_f = 0x002   at time  131319847 ps
inst0 ch0:  R_CMD: ACTCMD    R_r0= 0x0a    at time  131322745 ps
inst0 ch0:  R_CMD: ACTCMD    R_f0= 0x08    at time  131323159 ps
inst0 ch0:  R_CMD: ACTCMD    R_r1= 0x00    at time  131323573 ps
inst0 ch0:  R_CMD: ACTCMD    R_f1= 0x00    at time  131323987 ps
inst0 ch0:  C_CMD: RDCMD     C_r = 0x015   at time  131337649 ps
inst0 ch0:  C_CMD: RDCMD     C_f = 0x098   at time  131338063 ps
inst0 ch0:  C_CMD: RDCMD     C_r = 0x015   at time  131340961 ps
inst0 ch0:  C_CMD: RDCMD     C_f = 0x09a   at time  131341375 ps
inst0 ch0:  C_CMD: RDCMD     C_r = 0x015   at time  131344273 ps
inst0 ch0:  C_CMD: RDCMD     C_f = 0x090   at time  131344687 ps
inst0 ch0:  C_CMD: RDCMD     C_r = 0x015   at time  131347585 ps
inst0 ch0:  C_CMD: RDCMD     C_f = 0x092   at time  131347999 ps
inst0 ch0:  C_CMD: RDCMD     C_r = 0x015   at time  131350897 ps
inst0 ch0:  C_CMD: RDCMD     C_f = 0x088   at time  131351311 ps
inst0 ch0:  C_CMD: RDCMD     C_r = 0x015   at time  131354209 ps
inst0 ch0:  C_CMD: RDCMD     C_f = 0x08a   at time  131354623 ps
inst0 ch0:  C_CMD: RDCMD     C_r = 0x015   at time  131357521 ps
inst0 ch0:  C_CMD: RDCMD     C_f = 0x080   at time  131357935 ps
inst0 ch0:  C_CMD: RDCMD     C_r = 0x01d   at time  131360833 ps
inst0 ch0:  C_CMD: RDCMD     C_f = 0x082   at time  131361247 ps
inst0 ch0:  R_CMD: ACTCMD    R_r0= 0x02    at time  133964893 ps
inst0 ch0:  R_CMD: ACTCMD    R_f0= 0x1b    at time  133965307 ps
inst0 ch0:  R_CMD: ACTCMD    R_r1= 0x3f    at time  133965721 ps
inst0 ch0:  R_CMD: ACTCMD    R_f1= 0x3b    at time  133966135 ps
inst0 ch0:  R_CMD: ACTCMD    R_r0= 0x02    at time  133966549 ps
inst0 ch0:  R_CMD: ACTCMD    R_f0= 0x13    at time  133966963 ps
inst0 ch0:  R_CMD: ACTCMD    R_r1= 0x3f    at time  133967377 ps
inst0 ch0:  R_CMD: ACTCMD    R_f1= 0x3b    at time  133967791 ps
inst0 ch0:  C_CMD: RDCMD     C_r = 0x005   at time  133979797 ps
inst0 ch0:  C_CMD: RDCMD     C_f = 0x080   at time  133980211 ps
inst0 ch0:  C_CMD: RDCMD     C_r = 0x005   at time  133981453 ps
inst0 ch0:  C_CMD: RDCMD     C_f = 0x000   at time  133981867 ps
inst0 ch0:  C_CMD: RDCMD     C_r = 0x00d   at time  133983109 ps
inst0 ch0:  C_CMD: RDCMD     C_f = 0x082   at time  133983523 ps
inst0 ch0:  C_CMD: RDCMD     C_r = 0x00d   at time  133984765 ps
inst0 ch0:  C_CMD: RDCMD     C_f = 0x002   at time  133985179 ps
inst0 ch0:  R_CMD: ACTCMD    R_r0= 0x02    at time  134035273 ps
inst0 ch0:  R_CMD: ACTCMD    R_f0= 0x1b    at time  134035687 ps
inst0 ch0:  R_CMD: ACTCMD    R_r1= 0x3f    at time  134036101 ps
inst0 ch0:  R_CMD: ACTCMD    R_f1= 0x3b    at time  134036515 ps
inst0 ch0:  R_CMD: ACTCMD    R_r0= 0x02    at time  134037757 ps
inst0 ch0:  R_CMD: ACTCMD    R_f0= 0x13    at time  134038171 ps
inst0 ch0:  R_CMD: ACTCMD    R_r1= 0x3f    at time  134038585 ps
inst0 ch0:  R_CMD: ACTCMD    R_f1= 0x3b    at time  134038999 ps
inst0 ch0:  C_CMD: WRCMD     C_r = 0x001   at time  134046037 ps
inst0 ch0:  C_CMD: WRCMD     C_f = 0x080   at time  134046451 ps
inst0 ch0:  C_CMD: WRCMD     C_r = 0x001   at time  134048521 ps
inst0 ch0:  C_CMD: WRCMD     C_f = 0x000   at time  134048935 ps
inst0 ch0:  C_CMD: WRCMD     C_r = 0x009   at time  134049349 ps
inst0 ch0:  C_CMD: WRCMD     C_f = 0x082   at time  134049763 ps
inst0 ch0:  C_CMD: WRCMD     C_r = 0x009   at time  134051833 ps
inst0 ch0:  C_CMD: WRCMD     C_f = 0x002   at time  134052247 ps
inst0 ch0:  R_CMD: ACTCMD    R_r0= 0x0a    at time  138289537 ps
inst0 ch0:  R_CMD: ACTCMD    R_f0= 0x1b    at time  138289951 ps
inst0 ch0:  R_CMD: ACTCMD    R_r1= 0x3f    at time  138290365 ps
inst0 ch0:  R_CMD: ACTCMD    R_f1= 0x3b    at time  138290779 ps
inst0 ch0:  R_CMD: ACTCMD    R_r0= 0x0a    at time  138292021 ps
inst0 ch0:  R_CMD: ACTCMD    R_f0= 0x13    at time  138292435 ps
inst0 ch0:  R_CMD: ACTCMD    R_r1= 0x3f    at time  138292849 ps
inst0 ch0:  R_CMD: ACTCMD    R_f1= 0x3b    at time  138293263 ps
inst0 ch0:  C_CMD: RDCMD     C_r = 0x015   at time  138304441 ps
inst0 ch0:  C_CMD: RDCMD     C_f = 0x090   at time  138304855 ps
inst0 ch0:  C_CMD: RDCMD     C_r = 0x015   at time  138306925 ps
inst0 ch0:  C_CMD: RDCMD     C_f = 0x010   at time  138307339 ps
inst0 ch0:  C_CMD: RDCMD     C_r = 0x01d   at time  138307753 ps
inst0 ch0:  C_CMD: RDCMD     C_f = 0x092   at time  138308167 ps
inst0 ch0:  C_CMD: RDCMD     C_r = 0x01d   at time  138310237 ps
inst0 ch0:  C_CMD: RDCMD     C_f = 0x012   at time  138310651 ps
inst0 ch0:  R_CMD: ACTCMD    R_r0= 0x0a    at time  138477493 ps
inst0 ch0:  R_CMD: ACTCMD    R_f0= 0x1b    at time  138477907 ps
inst0 ch0:  R_CMD: ACTCMD    R_r1= 0x3f    at time  138478321 ps
inst0 ch0:  R_CMD: ACTCMD    R_f1= 0x3b    at time  138478735 ps
inst0 ch0:  R_CMD: ACTCMD    R_r0= 0x0a    at time  138479977 ps
inst0 ch0:  R_CMD: ACTCMD    R_f0= 0x13    at time  138480391 ps
inst0 ch0:  R_CMD: ACTCMD    R_r1= 0x3f    at time  138480805 ps
inst0 ch0:  R_CMD: ACTCMD    R_f1= 0x3b    at time  138481219 ps
inst0 ch0:  C_CMD: WRCMD     C_r = 0x011   at time  138488257 ps
inst0 ch0:  C_CMD: WRCMD     C_f = 0x090   at time  138488671 ps
inst0 ch0:  C_CMD: WRCMD     C_r = 0x011   at time  138490741 ps
inst0 ch0:  C_CMD: WRCMD     C_f = 0x010   at time  138491155 ps
inst0 ch0:  C_CMD: WRCMD     C_r = 0x019   at time  138491569 ps
inst0 ch0:  C_CMD: WRCMD     C_f = 0x092   at time  138491983 ps
inst0 ch0:  C_CMD: WRCMD     C_r = 0x019   at time  138494053 ps
inst0 ch0:  C_CMD: WRCMD     C_f = 0x012   at time  138494467 ps
inst0 ch0:  R_CMD: ACTCMD    R_r0= 0x0a    at time  142362469 ps
inst0 ch0:  R_CMD: ACTCMD    R_f0= 0x08    at time  142362883 ps
inst0 ch0:  R_CMD: ACTCMD    R_r1= 0x00    at time  142363297 ps
inst0 ch0:  R_CMD: ACTCMD    R_f1= 0x00    at time  142363711 ps
inst0 ch0:  R_CMD: ACTCMD    R_r0= 0x0a    at time  142364125 ps
inst0 ch0:  R_CMD: ACTCMD    R_f0= 0x00    at time  142364539 ps
inst0 ch0:  R_CMD: ACTCMD    R_r1= 0x00    at time  142364953 ps
inst0 ch0:  R_CMD: ACTCMD    R_f1= 0x00    at time  142365367 ps
inst0 ch0:  C_CMD: RDCMD     C_r = 0x015   at time  142377373 ps
inst0 ch0:  C_CMD: RDCMD     C_f = 0x0a8   at time  142377787 ps
inst0 ch0:  C_CMD: RDCMD     C_r = 0x015   at time  142379029 ps
inst0 ch0:  C_CMD: RDCMD     C_f = 0x028   at time  142379443 ps
inst0 ch0:  C_CMD: RDCMD     C_r = 0x015   at time  142380685 ps
inst0 ch0:  C_CMD: RDCMD     C_f = 0x0aa   at time  142381099 ps
inst0 ch0:  C_CMD: RDCMD     C_r = 0x015   at time  142382341 ps
inst0 ch0:  C_CMD: RDCMD     C_f = 0x02a   at time  142382755 ps
inst0 ch0:  C_CMD: RDCMD     C_r = 0x015   at time  142383997 ps
inst0 ch0:  C_CMD: RDCMD     C_f = 0x0a0   at time  142384411 ps
inst0 ch0:  C_CMD: RDCMD     C_r = 0x015   at time  142385653 ps
inst0 ch0:  C_CMD: RDCMD     C_f = 0x020   at time  142386067 ps
inst0 ch0:  C_CMD: RDCMD     C_r = 0x01d   at time  142387309 ps
inst0 ch0:  C_CMD: RDCMD     C_f = 0x0a2   at time  142387723 ps
inst0 ch0:  C_CMD: RDCMD     C_r = 0x01d   at time  142388965 ps
inst0 ch0:  C_CMD: RDCMD     C_f = 0x022   at time  142389379 ps
inst0 ch0:  R_CMD: ACTCMD    R_r0= 0x0a    at time  142432849 ps
inst0 ch0:  R_CMD: ACTCMD    R_f0= 0x08    at time  142433263 ps
inst0 ch0:  R_CMD: ACTCMD    R_r1= 0x00    at time  142433677 ps
inst0 ch0:  R_CMD: ACTCMD    R_f1= 0x00    at time  142434091 ps
inst0 ch0:  R_CMD: ACTCMD    R_r0= 0x0a    at time  142434505 ps
inst0 ch0:  R_CMD: ACTCMD    R_f0= 0x00    at time  142434919 ps
inst0 ch0:  R_CMD: ACTCMD    R_r1= 0x00    at time  142435333 ps
inst0 ch0:  R_CMD: ACTCMD    R_f1= 0x00    at time  142435747 ps
inst0 ch0:  C_CMD: WRCMD     C_r = 0x011   at time  142443613 ps
inst0 ch0:  C_CMD: WRCMD     C_f = 0x0a8   at time  142444027 ps
inst0 ch0:  C_CMD: WRCMD     C_r = 0x011   at time  142445269 ps
inst0 ch0:  C_CMD: WRCMD     C_f = 0x028   at time  142445683 ps
inst0 ch0:  C_CMD: WRCMD     C_r = 0x011   at time  142446925 ps
inst0 ch0:  C_CMD: WRCMD     C_f = 0x0aa   at time  142447339 ps
inst0 ch0:  C_CMD: WRCMD     C_r = 0x011   at time  142448581 ps
inst0 ch0:  C_CMD: WRCMD     C_f = 0x02a   at time  142448995 ps
inst0 ch0:  C_CMD: WRCMD     C_r = 0x011   at time  142450237 ps
inst0 ch0:  C_CMD: WRCMD     C_f = 0x0a0   at time  142450651 ps
inst0 ch0:  C_CMD: WRCMD     C_r = 0x011   at time  142451893 ps
inst0 ch0:  C_CMD: WRCMD     C_f = 0x020   at time  142452307 ps
inst0 ch0:  C_CMD: WRCMD     C_r = 0x019   at time  142453549 ps
inst0 ch0:  C_CMD: WRCMD     C_f = 0x0a2   at time  142453963 ps
inst0 ch0:  C_CMD: WRCMD     C_r = 0x019   at time  142455205 ps
inst0 ch0:  C_CMD: WRCMD     C_f = 0x022   at time  142455619 ps
inst0 ch0:  R_CMD: ACTCMD    R_r0= 0x02    at time  146177893 ps
inst0 ch0:  R_CMD: ACTCMD    R_f0= 0x18    at time  146178307 ps
inst0 ch0:  R_CMD: ACTCMD    R_r1= 0x3f    at time  146178721 ps
inst0 ch0:  R_CMD: ACTCMD    R_f1= 0x3b    at time  146179135 ps
inst0 ch0:  R_CMD: ACTCMD    R_r0= 0x02    at time  146180377 ps
inst0 ch0:  R_CMD: ACTCMD    R_f0= 0x10    at time  146180791 ps
inst0 ch0:  R_CMD: ACTCMD    R_r1= 0x3f    at time  146181205 ps
inst0 ch0:  R_CMD: ACTCMD    R_f1= 0x3b    at time  146181619 ps
inst0 ch0:  C_CMD: RDCMD     C_r = 0x005   at time  146192797 ps
inst0 ch0:  C_CMD: RDCMD     C_f = 0x0f8   at time  146193211 ps
inst0 ch0:  C_CMD: RDCMD     C_r = 0x005   at time  146195281 ps
inst0 ch0:  C_CMD: RDCMD     C_f = 0x078   at time  146195695 ps
inst0 ch0:  C_CMD: RDCMD     C_r = 0x00d   at time  146196109 ps
inst0 ch0:  C_CMD: RDCMD     C_f = 0x0fa   at time  146196523 ps
inst0 ch0:  C_CMD: RDCMD     C_r = 0x00d   at time  146198593 ps
inst0 ch0:  C_CMD: RDCMD     C_f = 0x07a   at time  146199007 ps
inst0 ch0:  R_CMD: ACTCMD    R_r0= 0x02    at time  146225089 ps
inst0 ch0:  R_CMD: ACTCMD    R_f0= 0x19    at time  146225503 ps
inst0 ch0:  R_CMD: ACTCMD    R_r1= 0x3f    at time  146225917 ps
inst0 ch0:  R_CMD: ACTCMD    R_f1= 0x3b    at time  146226331 ps
inst0 ch0:  R_CMD: ACTCMD    R_r0= 0x02    at time  146227573 ps
inst0 ch0:  R_CMD: ACTCMD    R_f0= 0x11    at time  146227987 ps
inst0 ch0:  R_CMD: ACTCMD    R_r1= 0x3f    at time  146228401 ps
inst0 ch0:  R_CMD: ACTCMD    R_f1= 0x3b    at time  146228815 ps
inst0 ch0:  C_CMD: RDCMD     C_r = 0x005   at time  146239993 ps
inst0 ch0:  C_CMD: RDCMD     C_f = 0x0f8   at time  146240407 ps
inst0 ch0:  C_CMD: RDCMD     C_r = 0x005   at time  146242477 ps
inst0 ch0:  C_CMD: RDCMD     C_f = 0x078   at time  146242891 ps
inst0 ch0:  C_CMD: RDCMD     C_r = 0x00d   at time  146243305 ps
inst0 ch0:  C_CMD: RDCMD     C_f = 0x0fa   at time  146243719 ps
inst0 ch0:  C_CMD: RDCMD     C_r = 0x00d   at time  146245789 ps
inst0 ch0:  C_CMD: RDCMD     C_f = 0x07a   at time  146246203 ps
inst0 ch0:  R_CMD: ACTCMD    R_r0= 0x02    at time  146272285 ps
inst0 ch0:  R_CMD: ACTCMD    R_f0= 0x18    at time  146272699 ps
inst0 ch0:  R_CMD: ACTCMD    R_r1= 0x3f    at time  146273113 ps
inst0 ch0:  R_CMD: ACTCMD    R_f1= 0x3b    at time  146273527 ps
inst0 ch0:  R_CMD: ACTCMD    R_r0= 0x02    at time  146274769 ps
inst0 ch0:  R_CMD: ACTCMD    R_f0= 0x10    at time  146275183 ps
inst0 ch0:  R_CMD: ACTCMD    R_r1= 0x3f    at time  146275597 ps
inst0 ch0:  R_CMD: ACTCMD    R_f1= 0x3b    at time  146276011 ps
inst0 ch0:  C_CMD: WRCMD     C_r = 0x001   at time  146283049 ps
inst0 ch0:  C_CMD: WRCMD     C_f = 0x0f8   at time  146283463 ps
inst0 ch0:  C_CMD: WRCMD     C_r = 0x001   at time  146285533 ps
inst0 ch0:  C_CMD: WRCMD     C_f = 0x078   at time  146285947 ps
inst0 ch0:  C_CMD: WRCMD     C_r = 0x009   at time  146286361 ps
inst0 ch0:  C_CMD: WRCMD     C_f = 0x0fa   at time  146286775 ps
inst0 ch0:  C_CMD: WRCMD     C_r = 0x009   at time  146288845 ps
inst0 ch0:  C_CMD: WRCMD     C_f = 0x07a   at time  146289259 ps
inst0 ch0:  R_CMD: ACTCMD    R_r0= 0x02    at time  146324449 ps
inst0 ch0:  R_CMD: ACTCMD    R_f0= 0x19    at time  146324863 ps
inst0 ch0:  R_CMD: ACTCMD    R_r1= 0x3f    at time  146325277 ps
inst0 ch0:  R_CMD: ACTCMD    R_f1= 0x3b    at time  146325691 ps
inst0 ch0:  R_CMD: ACTCMD    R_r0= 0x02    at time  146326933 ps
inst0 ch0:  R_CMD: ACTCMD    R_f0= 0x11    at time  146327347 ps
inst0 ch0:  R_CMD: ACTCMD    R_r1= 0x3f    at time  146327761 ps
inst0 ch0:  R_CMD: ACTCMD    R_f1= 0x3b    at time  146328175 ps
inst0 ch0:  C_CMD: WRCMD     C_r = 0x001   at time  146335213 ps
inst0 ch0:  C_CMD: WRCMD     C_f = 0x0f8   at time  146335627 ps
inst0 ch0:  C_CMD: WRCMD     C_r = 0x001   at time  146337697 ps
inst0 ch0:  C_CMD: WRCMD     C_f = 0x078   at time  146338111 ps
inst0 ch0:  C_CMD: WRCMD     C_r = 0x009   at time  146338525 ps
inst0 ch0:  C_CMD: WRCMD     C_f = 0x0fa   at time  146338939 ps
inst0 ch0:  C_CMD: WRCMD     C_r = 0x009   at time  146341009 ps
inst0 ch0:  C_CMD: WRCMD     C_f = 0x07a   at time  146341423 ps
inst0 ch0:  R_CMD: ACTCMD    R_r0= 0x0a    at time  146436229 ps
inst0 ch0:  R_CMD: ACTCMD    R_f0= 0x18    at time  146436643 ps
inst0 ch0:  R_CMD: ACTCMD    R_r1= 0x3f    at time  146437057 ps
inst0 ch0:  R_CMD: ACTCMD    R_f1= 0x3b    at time  146437471 ps
inst0 ch0:  R_CMD: ACTCMD    R_r0= 0x0a    at time  146438713 ps
inst0 ch0:  R_CMD: ACTCMD    R_f0= 0x10    at time  146439127 ps
inst0 ch0:  R_CMD: ACTCMD    R_r1= 0x3f    at time  146439541 ps
inst0 ch0:  R_CMD: ACTCMD    R_f1= 0x3b    at time  146439955 ps
inst0 ch0:  C_CMD: RDCMD     C_r = 0x015   at time  146451133 ps
inst0 ch0:  C_CMD: RDCMD     C_f = 0x0f8   at time  146451547 ps
inst0 ch0:  C_CMD: RDCMD     C_r = 0x015   at time  146453617 ps
inst0 ch0:  C_CMD: RDCMD     C_f = 0x078   at time  146454031 ps
inst0 ch0:  C_CMD: RDCMD     C_r = 0x01d   at time  146454445 ps
inst0 ch0:  C_CMD: RDCMD     C_f = 0x0fa   at time  146454859 ps
inst0 ch0:  C_CMD: RDCMD     C_r = 0x01d   at time  146456929 ps
inst0 ch0:  C_CMD: RDCMD     C_f = 0x07a   at time  146457343 ps
inst0 ch0:  R_CMD: ACTCMD    R_r0= 0x0a    at time  146483425 ps
inst0 ch0:  R_CMD: ACTCMD    R_f0= 0x08    at time  146483839 ps
inst0 ch0:  R_CMD: ACTCMD    R_r1= 0x00    at time  146484253 ps
inst0 ch0:  R_CMD: ACTCMD    R_f1= 0x00    at time  146484667 ps
inst0 ch0:  R_CMD: ACTCMD    R_r0= 0x0a    at time  146485909 ps
inst0 ch0:  R_CMD: ACTCMD    R_f0= 0x00    at time  146486323 ps
inst0 ch0:  R_CMD: ACTCMD    R_r1= 0x00    at time  146486737 ps
inst0 ch0:  R_CMD: ACTCMD    R_f1= 0x00    at time  146487151 ps
inst0 ch0:  C_CMD: RDCMD     C_r = 0x015   at time  146498329 ps
inst0 ch0:  C_CMD: RDCMD     C_f = 0x0b8   at time  146498743 ps
inst0 ch0:  C_CMD: RDCMD     C_r = 0x015   at time  146500813 ps
inst0 ch0:  C_CMD: RDCMD     C_f = 0x038   at time  146501227 ps
inst0 ch0:  C_CMD: RDCMD     C_r = 0x015   at time  146501641 ps
inst0 ch0:  C_CMD: RDCMD     C_f = 0x0ba   at time  146502055 ps
inst0 ch0:  C_CMD: RDCMD     C_r = 0x015   at time  146504125 ps
inst0 ch0:  C_CMD: RDCMD     C_f = 0x03a   at time  146504539 ps
inst0 ch0:  C_CMD: RDCMD     C_r = 0x015   at time  146504953 ps
inst0 ch0:  C_CMD: RDCMD     C_f = 0x0b0   at time  146505367 ps
inst0 ch0:  C_CMD: RDCMD     C_r = 0x015   at time  146507437 ps
inst0 ch0:  C_CMD: RDCMD     C_f = 0x030   at time  146507851 ps
inst0 ch0:  C_CMD: RDCMD     C_r = 0x01d   at time  146508265 ps
inst0 ch0:  C_CMD: RDCMD     C_f = 0x0b2   at time  146508679 ps
inst0 ch0:  C_CMD: RDCMD     C_r = 0x01d   at time  146510749 ps
inst0 ch0:  C_CMD: RDCMD     C_f = 0x032   at time  146511163 ps
inst0 ch0:  R_CMD: ACTCMD    R_r0= 0x0a    at time  146530621 ps
inst0 ch0:  R_CMD: ACTCMD    R_f0= 0x19    at time  146531035 ps
inst0 ch0:  R_CMD: ACTCMD    R_r1= 0x3f    at time  146531449 ps
inst0 ch0:  R_CMD: ACTCMD    R_f1= 0x3b    at time  146531863 ps
inst0 ch0:  R_CMD: ACTCMD    R_r0= 0x0a    at time  146533105 ps
inst0 ch0:  R_CMD: ACTCMD    R_f0= 0x11    at time  146533519 ps
inst0 ch0:  R_CMD: ACTCMD    R_r1= 0x3f    at time  146533933 ps
inst0 ch0:  R_CMD: ACTCMD    R_f1= 0x3b    at time  146534347 ps
inst0 ch0:  C_CMD: RDCMD     C_r = 0x015   at time  146545525 ps
inst0 ch0:  C_CMD: RDCMD     C_f = 0x0f8   at time  146545939 ps
inst0 ch0:  C_CMD: RDCMD     C_r = 0x015   at time  146548009 ps
inst0 ch0:  C_CMD: RDCMD     C_f = 0x078   at time  146548423 ps
inst0 ch0:  C_CMD: RDCMD     C_r = 0x01d   at time  146548837 ps
inst0 ch0:  C_CMD: RDCMD     C_f = 0x0fa   at time  146549251 ps
inst0 ch0:  C_CMD: RDCMD     C_r = 0x01d   at time  146551321 ps
inst0 ch0:  C_CMD: RDCMD     C_f = 0x07a   at time  146551735 ps
inst0 ch0:  R_CMD: ACTCMD    R_r0= 0x0a    at time  146577817 ps
inst0 ch0:  R_CMD: ACTCMD    R_f0= 0x18    at time  146578231 ps
inst0 ch0:  R_CMD: ACTCMD    R_r1= 0x3f    at time  146578645 ps
inst0 ch0:  R_CMD: ACTCMD    R_f1= 0x3b    at time  146579059 ps
inst0 ch0:  R_CMD: ACTCMD    R_r0= 0x0a    at time  146580301 ps
inst0 ch0:  R_CMD: ACTCMD    R_f0= 0x10    at time  146580715 ps
inst0 ch0:  R_CMD: ACTCMD    R_r1= 0x3f    at time  146581129 ps
inst0 ch0:  R_CMD: ACTCMD    R_f1= 0x3b    at time  146581543 ps
inst0 ch0:  C_CMD: WRCMD     C_r = 0x011   at time  146588581 ps
inst0 ch0:  C_CMD: WRCMD     C_f = 0x0f8   at time  146588995 ps
inst0 ch0:  C_CMD: WRCMD     C_r = 0x011   at time  146591065 ps
inst0 ch0:  C_CMD: WRCMD     C_f = 0x078   at time  146591479 ps
inst0 ch0:  C_CMD: WRCMD     C_r = 0x019   at time  146591893 ps
inst0 ch0:  C_CMD: WRCMD     C_f = 0x0fa   at time  146592307 ps
inst0 ch0:  C_CMD: WRCMD     C_r = 0x019   at time  146594377 ps
inst0 ch0:  C_CMD: WRCMD     C_f = 0x07a   at time  146594791 ps
inst0 ch0:  R_CMD: ACTCMD    R_r0= 0x0a    at time  146629981 ps
inst0 ch0:  R_CMD: ACTCMD    R_f0= 0x08    at time  146630395 ps
inst0 ch0:  R_CMD: ACTCMD    R_r1= 0x00    at time  146630809 ps
inst0 ch0:  R_CMD: ACTCMD    R_f1= 0x00    at time  146631223 ps
inst0 ch0:  R_CMD: ACTCMD    R_r0= 0x0a    at time  146632465 ps
inst0 ch0:  R_CMD: ACTCMD    R_f0= 0x00    at time  146632879 ps
inst0 ch0:  R_CMD: ACTCMD    R_r1= 0x00    at time  146633293 ps
inst0 ch0:  R_CMD: ACTCMD    R_f1= 0x00    at time  146633707 ps
inst0 ch0:  C_CMD: WRCMD     C_r = 0x011   at time  146640745 ps
inst0 ch0:  C_CMD: WRCMD     C_f = 0x0b8   at time  146641159 ps
inst0 ch0:  C_CMD: WRCMD     C_r = 0x011   at time  146643229 ps
inst0 ch0:  C_CMD: WRCMD     C_f = 0x038   at time  146643643 ps
inst0 ch0:  C_CMD: WRCMD     C_r = 0x011   at time  146644057 ps
inst0 ch0:  C_CMD: WRCMD     C_f = 0x0ba   at time  146644471 ps
inst0 ch0:  C_CMD: WRCMD     C_r = 0x011   at time  146646541 ps
inst0 ch0:  C_CMD: WRCMD     C_f = 0x03a   at time  146646955 ps
inst0 ch0:  C_CMD: WRCMD     C_r = 0x011   at time  146647369 ps
inst0 ch0:  C_CMD: WRCMD     C_f = 0x0b0   at time  146647783 ps
inst0 ch0:  C_CMD: WRCMD     C_r = 0x011   at time  146649853 ps
inst0 ch0:  C_CMD: WRCMD     C_f = 0x030   at time  146650267 ps
inst0 ch0:  C_CMD: WRCMD     C_r = 0x019   at time  146650681 ps
inst0 ch0:  C_CMD: WRCMD     C_f = 0x0b2   at time  146651095 ps
inst0 ch0:  C_CMD: WRCMD     C_r = 0x019   at time  146653165 ps
inst0 ch0:  C_CMD: WRCMD     C_f = 0x032   at time  146653579 ps
inst0 ch0:  R_CMD: ACTCMD    R_r0= 0x0a    at time  146688769 ps
inst0 ch0:  R_CMD: ACTCMD    R_f0= 0x19    at time  146689183 ps
inst0 ch0:  R_CMD: ACTCMD    R_r1= 0x3f    at time  146689597 ps
inst0 ch0:  R_CMD: ACTCMD    R_f1= 0x3b    at time  146690011 ps
inst0 ch0:  R_CMD: ACTCMD    R_r0= 0x0a    at time  146691253 ps
inst0 ch0:  R_CMD: ACTCMD    R_f0= 0x11    at time  146691667 ps
inst0 ch0:  R_CMD: ACTCMD    R_r1= 0x3f    at time  146692081 ps
inst0 ch0:  R_CMD: ACTCMD    R_f1= 0x3b    at time  146692495 ps
inst0 ch0:  C_CMD: WRCMD     C_r = 0x011   at time  146699533 ps
inst0 ch0:  C_CMD: WRCMD     C_f = 0x0f8   at time  146699947 ps
inst0 ch0:  C_CMD: WRCMD     C_r = 0x011   at time  146702017 ps
inst0 ch0:  C_CMD: WRCMD     C_f = 0x078   at time  146702431 ps
inst0 ch0:  C_CMD: WRCMD     C_r = 0x019   at time  146702845 ps
inst0 ch0:  C_CMD: WRCMD     C_f = 0x0fa   at time  146703259 ps
inst0 ch0:  C_CMD: WRCMD     C_r = 0x019   at time  146705329 ps
inst0 ch0:  C_CMD: WRCMD     C_f = 0x07a   at time  146705743 ps
inst0 ch0:  R_CMD: ACTCMD    R_r0= 0x02    at time  147196333 ps
inst0 ch0:  R_CMD: ACTCMD    R_f0= 0x38    at time  147196747 ps
inst0 ch0:  R_CMD: ACTCMD    R_r1= 0x3f    at time  147197161 ps
inst0 ch0:  R_CMD: ACTCMD    R_f1= 0x3b    at time  147197575 ps
inst0 ch0:  R_CMD: ACTCMD    R_r0= 0x02    at time  147198817 ps
inst0 ch0:  R_CMD: ACTCMD    R_f0= 0x30    at time  147199231 ps
inst0 ch0:  R_CMD: ACTCMD    R_r1= 0x3f    at time  147199645 ps
inst0 ch0:  R_CMD: ACTCMD    R_f1= 0x3b    at time  147200059 ps
inst0 ch0:  C_CMD: RDCMD     C_r = 0x085   at time  147211237 ps
inst0 ch0:  C_CMD: RDCMD     C_f = 0x0f8   at time  147211651 ps
inst0 ch0:  C_CMD: RDCMD     C_r = 0x085   at time  147213721 ps
inst0 ch0:  C_CMD: RDCMD     C_f = 0x078   at time  147214135 ps
inst0 ch0:  C_CMD: RDCMD     C_r = 0x08d   at time  147214549 ps
inst0 ch0:  C_CMD: RDCMD     C_f = 0x0fa   at time  147214963 ps
inst0 ch0:  C_CMD: RDCMD     C_r = 0x08d   at time  147217033 ps
inst0 ch0:  C_CMD: RDCMD     C_f = 0x07a   at time  147217447 ps
inst0 ch0:  R_CMD: ACTCMD    R_r0= 0x02    at time  147266713 ps
inst0 ch0:  R_CMD: ACTCMD    R_f0= 0x38    at time  147267127 ps
inst0 ch0:  R_CMD: ACTCMD    R_r1= 0x3f    at time  147267541 ps
inst0 ch0:  R_CMD: ACTCMD    R_f1= 0x3b    at time  147267955 ps
inst0 ch0:  R_CMD: ACTCMD    R_r0= 0x02    at time  147269197 ps
inst0 ch0:  R_CMD: ACTCMD    R_f0= 0x30    at time  147269611 ps
inst0 ch0:  R_CMD: ACTCMD    R_r1= 0x3f    at time  147270025 ps
inst0 ch0:  R_CMD: ACTCMD    R_f1= 0x3b    at time  147270439 ps
inst0 ch0:  C_CMD: WRCMD     C_r = 0x081   at time  147277477 ps
inst0 ch0:  C_CMD: WRCMD     C_f = 0x0f8   at time  147277891 ps
inst0 ch0:  C_CMD: WRCMD     C_r = 0x081   at time  147279961 ps
inst0 ch0:  C_CMD: WRCMD     C_f = 0x078   at time  147280375 ps
inst0 ch0:  C_CMD: WRCMD     C_r = 0x089   at time  147280789 ps
inst0 ch0:  C_CMD: WRCMD     C_f = 0x0fa   at time  147281203 ps
inst0 ch0:  C_CMD: WRCMD     C_r = 0x089   at time  147283273 ps
inst0 ch0:  C_CMD: WRCMD     C_f = 0x07a   at time  147283687 ps
inst0 ch0:  R_CMD: ACTCMD    R_r0= 0x0a    at time  147450529 ps
inst0 ch0:  R_CMD: ACTCMD    R_f0= 0x38    at time  147450943 ps
inst0 ch0:  R_CMD: ACTCMD    R_r1= 0x3f    at time  147451357 ps
inst0 ch0:  R_CMD: ACTCMD    R_f1= 0x3b    at time  147451771 ps
inst0 ch0:  R_CMD: ACTCMD    R_r0= 0x0a    at time  147453013 ps
inst0 ch0:  R_CMD: ACTCMD    R_f0= 0x30    at time  147453427 ps
inst0 ch0:  R_CMD: ACTCMD    R_r1= 0x3f    at time  147453841 ps
inst0 ch0:  R_CMD: ACTCMD    R_f1= 0x3b    at time  147454255 ps
inst0 ch0:  C_CMD: RDCMD     C_r = 0x095   at time  147465433 ps
inst0 ch0:  C_CMD: RDCMD     C_f = 0x0f8   at time  147465847 ps
inst0 ch0:  C_CMD: RDCMD     C_r = 0x095   at time  147467917 ps
inst0 ch0:  C_CMD: RDCMD     C_f = 0x078   at time  147468331 ps
inst0 ch0:  C_CMD: RDCMD     C_r = 0x09d   at time  147468745 ps
inst0 ch0:  C_CMD: RDCMD     C_f = 0x0fa   at time  147469159 ps
inst0 ch0:  C_CMD: RDCMD     C_r = 0x09d   at time  147471229 ps
inst0 ch0:  C_CMD: RDCMD     C_f = 0x07a   at time  147471643 ps
inst0 ch0:  R_CMD: ACTCMD    R_r0= 0x0a    at time  147664153 ps
inst0 ch0:  R_CMD: ACTCMD    R_f0= 0x38    at time  147664567 ps
inst0 ch0:  R_CMD: ACTCMD    R_r1= 0x3f    at time  147664981 ps
inst0 ch0:  R_CMD: ACTCMD    R_f1= 0x3b    at time  147665395 ps
inst0 ch0:  R_CMD: ACTCMD    R_r0= 0x0a    at time  147666637 ps
inst0 ch0:  R_CMD: ACTCMD    R_f0= 0x30    at time  147667051 ps
inst0 ch0:  R_CMD: ACTCMD    R_r1= 0x3f    at time  147667465 ps
inst0 ch0:  R_CMD: ACTCMD    R_f1= 0x3b    at time  147667879 ps
inst0 ch0:  C_CMD: WRCMD     C_r = 0x091   at time  147674917 ps
inst0 ch0:  C_CMD: WRCMD     C_f = 0x0f8   at time  147675331 ps
inst0 ch0:  C_CMD: WRCMD     C_r = 0x091   at time  147677401 ps
inst0 ch0:  C_CMD: WRCMD     C_f = 0x078   at time  147677815 ps
inst0 ch0:  C_CMD: WRCMD     C_r = 0x099   at time  147678229 ps
inst0 ch0:  C_CMD: WRCMD     C_f = 0x0fa   at time  147678643 ps
inst0 ch0:  C_CMD: WRCMD     C_r = 0x099   at time  147680713 ps
inst0 ch0:  C_CMD: WRCMD     C_f = 0x07a   at time  147681127 ps
