inst0 ch0:  R_CMD: ACTCMD    R_r0= 0x0e    at time   33400981 ps
inst0 ch0:  R_CMD: ACTCMD    R_f0= 0x28    at time   33401395 ps
inst0 ch0:  R_CMD: ACTCMD    R_r1= 0x00    at time   33401809 ps
inst0 ch0:  R_CMD: ACTCMD    R_f1= 0x02    at time   33402223 ps
inst0 ch0:  R_CMD: ACTCMD    R_r0= 0x0e    at time   33402637 ps
inst0 ch0:  R_CMD: ACTCMD    R_f0= 0x20    at time   33403051 ps
inst0 ch0:  R_CMD: ACTCMD    R_r1= 0x00    at time   33403465 ps
inst0 ch0:  R_CMD: ACTCMD    R_f1= 0x02    at time   33403879 ps
inst0 ch0:  C_CMD: WRCMD     C_r = 0x091   at time   33411745 ps
inst0 ch0:  C_CMD: WRCMD     C_f = 0x0a9   at time   33412159 ps
inst0 ch0:  C_CMD: WRCMD     C_r = 0x091   at time   33413401 ps
inst0 ch0:  C_CMD: WRCMD     C_f = 0x029   at time   33413815 ps
inst0 ch0:  C_CMD: WRCMD     C_r = 0x091   at time   33415057 ps
inst0 ch0:  C_CMD: WRCMD     C_f = 0x0ab   at time   33415471 ps
inst0 ch0:  C_CMD: WRCMD     C_r = 0x091   at time   33416713 ps
inst0 ch0:  C_CMD: WRCMD     C_f = 0x02b   at time   33417127 ps
inst0 ch0:  C_CMD: WRCMD     C_r = 0x091   at time   33418369 ps
inst0 ch0:  C_CMD: WRCMD     C_f = 0x0a1   at time   33418783 ps
inst0 ch0:  C_CMD: WRCMD     C_r = 0x091   at time   33420025 ps
inst0 ch0:  C_CMD: WRCMD     C_f = 0x021   at time   33420439 ps
inst0 ch0:  C_CMD: WRCMD     C_r = 0x099   at time   33421681 ps
inst0 ch0:  C_CMD: WRCMD     C_f = 0x0a3   at time   33422095 ps
inst0 ch0:  C_CMD: WRCMD     C_r = 0x099   at time   33423337 ps
inst0 ch0:  C_CMD: WRCMD     C_f = 0x023   at time   33423751 ps
inst0 ch0:  R_CMD: ACTCMD    R_r0= 0x26    at time   37675945 ps
inst0 ch0:  R_CMD: ACTCMD    R_f0= 0x28    at time   37676359 ps
inst0 ch0:  R_CMD: ACTCMD    R_r1= 0x00    at time   37676773 ps
inst0 ch0:  R_CMD: ACTCMD    R_f1= 0x02    at time   37677187 ps
inst0 ch0:  R_CMD: ACTCMD    R_r0= 0x26    at time   37677601 ps
inst0 ch0:  R_CMD: ACTCMD    R_f0= 0x20    at time   37678015 ps
inst0 ch0:  R_CMD: ACTCMD    R_r1= 0x00    at time   37678429 ps
inst0 ch0:  R_CMD: ACTCMD    R_f1= 0x02    at time   37678843 ps
inst0 ch0:  C_CMD: WRCMD     C_r = 0x0c1   at time   37686709 ps
inst0 ch0:  C_CMD: WRCMD     C_f = 0x0a9   at time   37687123 ps
inst0 ch0:  C_CMD: WRCMD     C_r = 0x0c1   at time   37688365 ps
inst0 ch0:  C_CMD: WRCMD     C_f = 0x029   at time   37688779 ps
inst0 ch0:  C_CMD: WRCMD     C_r = 0x0c1   at time   37690021 ps
inst0 ch0:  C_CMD: WRCMD     C_f = 0x0ab   at time   37690435 ps
inst0 ch0:  C_CMD: WRCMD     C_r = 0x0c1   at time   37691677 ps
inst0 ch0:  C_CMD: WRCMD     C_f = 0x02b   at time   37692091 ps
inst0 ch0:  C_CMD: WRCMD     C_r = 0x0c1   at time   37693333 ps
inst0 ch0:  C_CMD: WRCMD     C_f = 0x0a1   at time   37693747 ps
inst0 ch0:  C_CMD: WRCMD     C_r = 0x0c1   at time   37694989 ps
inst0 ch0:  C_CMD: WRCMD     C_f = 0x021   at time   37695403 ps
inst0 ch0:  C_CMD: WRCMD     C_r = 0x0c9   at time   37696645 ps
inst0 ch0:  C_CMD: WRCMD     C_f = 0x0a3   at time   37697059 ps
inst0 ch0:  C_CMD: WRCMD     C_r = 0x0c9   at time   37698301 ps
inst0 ch0:  C_CMD: WRCMD     C_f = 0x023   at time   37698715 ps
inst0 ch0:  R_CMD: ACTCMD    R_r0= 0x22    at time   54899173 ps
inst0 ch0:  R_CMD: ACTCMD    R_f0= 0x22    at time   54899587 ps
inst0 ch0:  R_CMD: ACTCMD    R_r1= 0x00    at time   54900001 ps
inst0 ch0:  R_CMD: ACTCMD    R_f1= 0x00    at time   54900415 ps
inst0 ch0:  R_CMD: ACTCMD    R_r0= 0x22    at time   54900829 ps
inst0 ch0:  R_CMD: ACTCMD    R_f0= 0x2a    at time   54901243 ps
inst0 ch0:  R_CMD: ACTCMD    R_r1= 0x00    at time   54901657 ps
inst0 ch0:  R_CMD: ACTCMD    R_f1= 0x00    at time   54902071 ps
inst0 ch0:  R_CMD: ACTCMD    R_r0= 0x02    at time   54903313 ps
inst0 ch0:  R_CMD: ACTCMD    R_f0= 0x22    at time   54903727 ps
inst0 ch0:  R_CMD: ACTCMD    R_r1= 0x00    at time   54904141 ps
inst0 ch0:  R_CMD: ACTCMD    R_f1= 0x00    at time   54904555 ps
inst0 ch0:  R_CMD: ACTCMD    R_r0= 0x02    at time   54904969 ps
inst0 ch0:  R_CMD: ACTCMD    R_f0= 0x2a    at time   54905383 ps
inst0 ch0:  R_CMD: ACTCMD    R_r1= 0x00    at time   54905797 ps
inst0 ch0:  R_CMD: ACTCMD    R_f1= 0x00    at time   54906211 ps
inst0 ch0:  R_CMD: ACTCMD    R_r0= 0x22    at time   54907453 ps
inst0 ch0:  R_CMD: ACTCMD    R_f0= 0x02    at time   54907867 ps
inst0 ch0:  R_CMD: ACTCMD    R_r1= 0x00    at time   54908281 ps
inst0 ch0:  R_CMD: ACTCMD    R_f1= 0x00    at time   54908695 ps
inst0 ch0:  R_CMD: ACTCMD    R_r0= 0x22    at time   54909109 ps
inst0 ch0:  R_CMD: ACTCMD    R_f0= 0x0a    at time   54909523 ps
inst0 ch0:  R_CMD: ACTCMD    R_r1= 0x00    at time   54909937 ps
inst0 ch0:  R_CMD: ACTCMD    R_f1= 0x00    at time   54910351 ps
inst0 ch0:  R_CMD: ACTCMD    R_r0= 0x02    at time   54911593 ps
inst0 ch0:  R_CMD: ACTCMD    R_f0= 0x02    at time   54912007 ps
inst0 ch0:  R_CMD: ACTCMD    R_r1= 0x00    at time   54912421 ps
inst0 ch0:  R_CMD: ACTCMD    R_f1= 0x00    at time   54912835 ps
inst0 ch0:  R_CMD: ACTCMD    R_r0= 0x02    at time   54913249 ps
inst0 ch0:  R_CMD: ACTCMD    R_f0= 0x0a    at time   54913663 ps
inst0 ch0:  R_CMD: ACTCMD    R_r1= 0x00    at time   54914077 ps
inst0 ch0:  C_CMD: RDCMD     C_r = 0x0c5   at time   54914077 ps
inst0 ch0:  R_CMD: ACTCMD    R_f1= 0x00    at time   54914491 ps
inst0 ch0:  C_CMD: RDCMD     C_f = 0x000   at time   54914491 ps
inst0 ch0:  C_CMD: RDCMD     C_r = 0x0c5   at time   54915733 ps
inst0 ch0:  C_CMD: RDCMD     C_f = 0x080   at time   54916147 ps
inst0 ch0:  C_CMD: RDCMD     C_r = 0x0cd   at time   54917389 ps
inst0 ch0:  C_CMD: RDCMD     C_f = 0x002   at time   54917803 ps
inst0 ch0:  C_CMD: RDCMD     C_r = 0x085   at time   54919045 ps
inst0 ch0:  C_CMD: RDCMD     C_f = 0x000   at time   54919459 ps
inst0 ch0:  C_CMD: RDCMD     C_r = 0x0cd   at time   54919873 ps
inst0 ch0:  C_CMD: RDCMD     C_f = 0x082   at time   54920287 ps
inst0 ch0:  C_CMD: RDCMD     C_r = 0x085   at time   54921529 ps
inst0 ch0:  C_CMD: RDCMD     C_f = 0x080   at time   54921943 ps
inst0 ch0:  C_CMD: RDCMD     C_r = 0x08d   at time   54922357 ps
inst0 ch0:  C_CMD: RDCMD     C_f = 0x002   at time   54922771 ps
inst0 ch0:  C_CMD: RDCMD     C_r = 0x045   at time   54924013 ps
inst0 ch0:  C_CMD: RDCMD     C_f = 0x000   at time   54924427 ps
inst0 ch0:  C_CMD: RDCMD     C_r = 0x08d   at time   54924841 ps
inst0 ch0:  C_CMD: RDCMD     C_f = 0x082   at time   54925255 ps
inst0 ch0:  C_CMD: RDCMD     C_r = 0x005   at time   54926497 ps
inst0 ch0:  C_CMD: RDCMD     C_f = 0x000   at time   54926911 ps
inst0 ch0:  C_CMD: RDCMD     C_r = 0x045   at time   54927325 ps
inst0 ch0:  C_CMD: RDCMD     C_f = 0x080   at time   54927739 ps
inst0 ch0:  C_CMD: RDCMD     C_r = 0x04d   at time   54928153 ps
inst0 ch0:  C_CMD: RDCMD     C_f = 0x002   at time   54928567 ps
inst0 ch0:  C_CMD: RDCMD     C_r = 0x005   at time   54928981 ps
inst0 ch0:  C_CMD: RDCMD     C_f = 0x080   at time   54929395 ps
inst0 ch0:  C_CMD: RDCMD     C_r = 0x00d   at time   54929809 ps
inst0 ch0:  C_CMD: RDCMD     C_f = 0x002   at time   54930223 ps
inst0 ch0:  C_CMD: RDCMD     C_r = 0x04d   at time   54930637 ps
inst0 ch0:  C_CMD: RDCMD     C_f = 0x082   at time   54931051 ps
inst0 ch0:  C_CMD: RDCMD     C_r = 0x00d   at time   54932293 ps
inst0 ch0:  C_CMD: RDCMD     C_f = 0x082   at time   54932707 ps
inst0 ch0:  R_CMD: ACTCMD    R_r0= 0x2a    at time   55751185 ps
inst0 ch0:  R_CMD: ACTCMD    R_f0= 0x22    at time   55751599 ps
inst0 ch0:  R_CMD: ACTCMD    R_r1= 0x00    at time   55752013 ps
inst0 ch0:  R_CMD: ACTCMD    R_f1= 0x00    at time   55752427 ps
inst0 ch0:  R_CMD: ACTCMD    R_r0= 0x0a    at time   55755325 ps
inst0 ch0:  R_CMD: ACTCMD    R_f0= 0x22    at time   55755739 ps
inst0 ch0:  R_CMD: ACTCMD    R_r1= 0x00    at time   55756153 ps
inst0 ch0:  R_CMD: ACTCMD    R_f1= 0x00    at time   55756567 ps
inst0 ch0:  R_CMD: ACTCMD    R_r0= 0x2a    at time   55759465 ps
inst0 ch0:  R_CMD: ACTCMD    R_f0= 0x02    at time   55759879 ps
inst0 ch0:  R_CMD: ACTCMD    R_r1= 0x00    at time   55760293 ps
inst0 ch0:  R_CMD: ACTCMD    R_f1= 0x00    at time   55760707 ps
inst0 ch0:  R_CMD: ACTCMD    R_r0= 0x0a    at time   55763605 ps
inst0 ch0:  R_CMD: ACTCMD    R_f0= 0x02    at time   55764019 ps
inst0 ch0:  R_CMD: ACTCMD    R_r1= 0x00    at time   55764433 ps
inst0 ch0:  R_CMD: ACTCMD    R_f1= 0x00    at time   55764847 ps
inst0 ch0:  C_CMD: RDCMD     C_r = 0x0d5   at time   55766089 ps
inst0 ch0:  C_CMD: RDCMD     C_f = 0x000   at time   55766503 ps
inst0 ch0:  R_CMD: ACTCMD    R_r0= 0x2a    at time   55766917 ps
inst0 ch0:  R_CMD: ACTCMD    R_f0= 0x2a    at time   55767331 ps
inst0 ch0:  R_CMD: ACTCMD    R_r1= 0x00    at time   55767745 ps
inst0 ch0:  R_CMD: ACTCMD    R_f1= 0x00    at time   55768159 ps
inst0 ch0:  C_CMD: RDCMD     C_r = 0x0dd   at time   55769401 ps
inst0 ch0:  C_CMD: RDCMD     C_f = 0x002   at time   55769815 ps
inst0 ch0:  R_CMD: ACTCMD    R_r0= 0x0a    at time   55771057 ps
inst0 ch0:  C_CMD: RDCMD     C_r = 0x095   at time   55771057 ps
inst0 ch0:  R_CMD: ACTCMD    R_f0= 0x2a    at time   55771471 ps
inst0 ch0:  C_CMD: RDCMD     C_f = 0x000   at time   55771471 ps
inst0 ch0:  R_CMD: ACTCMD    R_r1= 0x00    at time   55771885 ps
inst0 ch0:  R_CMD: ACTCMD    R_f1= 0x00    at time   55772299 ps
inst0 ch0:  C_CMD: RDCMD     C_r = 0x09d   at time   55774369 ps
inst0 ch0:  C_CMD: RDCMD     C_f = 0x002   at time   55774783 ps
inst0 ch0:  R_CMD: ACTCMD    R_r0= 0x2a    at time   55775197 ps
inst0 ch0:  R_CMD: ACTCMD    R_f0= 0x0a    at time   55775611 ps
inst0 ch0:  R_CMD: ACTCMD    R_r1= 0x00    at time   55776025 ps
inst0 ch0:  C_CMD: RDCMD     C_r = 0x055   at time   55776025 ps
inst0 ch0:  R_CMD: ACTCMD    R_f1= 0x00    at time   55776439 ps
inst0 ch0:  C_CMD: RDCMD     C_f = 0x000   at time   55776439 ps
inst0 ch0:  C_CMD: RDCMD     C_r = 0x015   at time   55778509 ps
inst0 ch0:  C_CMD: RDCMD     C_f = 0x000   at time   55778923 ps
inst0 ch0:  R_CMD: ACTCMD    R_r0= 0x0a    at time   55779337 ps
inst0 ch0:  R_CMD: ACTCMD    R_f0= 0x0a    at time   55779751 ps
inst0 ch0:  R_CMD: ACTCMD    R_r1= 0x00    at time   55780165 ps
inst0 ch0:  C_CMD: RDCMD     C_r = 0x05d   at time   55780165 ps
inst0 ch0:  R_CMD: ACTCMD    R_f1= 0x00    at time   55780579 ps
inst0 ch0:  C_CMD: RDCMD     C_f = 0x002   at time   55780579 ps
inst0 ch0:  C_CMD: RDCMD     C_r = 0x01d   at time   55781821 ps
inst0 ch0:  C_CMD: RDCMD     C_f = 0x002   at time   55782235 ps
inst0 ch0:  C_CMD: RDCMD     C_r = 0x0d5   at time   55782649 ps
inst0 ch0:  C_CMD: RDCMD     C_f = 0x080   at time   55783063 ps
inst0 ch0:  C_CMD: RDCMD     C_r = 0x0dd   at time   55785961 ps
inst0 ch0:  C_CMD: RDCMD     C_f = 0x082   at time   55786375 ps
inst0 ch0:  C_CMD: RDCMD     C_r = 0x095   at time   55787617 ps
inst0 ch0:  C_CMD: RDCMD     C_f = 0x080   at time   55788031 ps
inst0 ch0:  C_CMD: RDCMD     C_r = 0x055   at time   55790101 ps
inst0 ch0:  C_CMD: RDCMD     C_f = 0x080   at time   55790515 ps
inst0 ch0:  C_CMD: RDCMD     C_r = 0x09d   at time   55791757 ps
inst0 ch0:  C_CMD: RDCMD     C_f = 0x082   at time   55792171 ps
inst0 ch0:  C_CMD: RDCMD     C_r = 0x05d   at time   55793413 ps
inst0 ch0:  C_CMD: RDCMD     C_f = 0x082   at time   55793827 ps
inst0 ch0:  C_CMD: RDCMD     C_r = 0x015   at time   55795069 ps
inst0 ch0:  C_CMD: RDCMD     C_f = 0x080   at time   55795483 ps
inst0 ch0:  C_CMD: RDCMD     C_r = 0x01d   at time   55798381 ps
inst0 ch0:  C_CMD: RDCMD     C_f = 0x082   at time   55798795 ps
inst0 ch0:  R_CMD: ACTCMD    R_r0= 0x32    at time   56108881 ps
inst0 ch0:  R_CMD: ACTCMD    R_f0= 0x22    at time   56109295 ps
inst0 ch0:  R_CMD: ACTCMD    R_r1= 0x00    at time   56109709 ps
inst0 ch0:  R_CMD: ACTCMD    R_f1= 0x00    at time   56110123 ps
inst0 ch0:  R_CMD: ACTCMD    R_r0= 0x12    at time   56113021 ps
inst0 ch0:  R_CMD: ACTCMD    R_f0= 0x22    at time   56113435 ps
inst0 ch0:  R_CMD: ACTCMD    R_r1= 0x00    at time   56113849 ps
inst0 ch0:  R_CMD: ACTCMD    R_f1= 0x00    at time   56114263 ps
inst0 ch0:  R_CMD: ACTCMD    R_r0= 0x32    at time   56117161 ps
inst0 ch0:  R_CMD: ACTCMD    R_f0= 0x02    at time   56117575 ps
inst0 ch0:  R_CMD: ACTCMD    R_r1= 0x00    at time   56117989 ps
inst0 ch0:  R_CMD: ACTCMD    R_f1= 0x00    at time   56118403 ps
inst0 ch0:  R_CMD: ACTCMD    R_r0= 0x12    at time   56121301 ps
inst0 ch0:  R_CMD: ACTCMD    R_f0= 0x02    at time   56121715 ps
inst0 ch0:  R_CMD: ACTCMD    R_r1= 0x00    at time   56122129 ps
inst0 ch0:  R_CMD: ACTCMD    R_f1= 0x00    at time   56122543 ps
inst0 ch0:  R_CMD: ACTCMD    R_r0= 0x32    at time   56123785 ps
inst0 ch0:  C_CMD: RDCMD     C_r = 0x0e5   at time   56123785 ps
inst0 ch0:  R_CMD: ACTCMD    R_f0= 0x2a    at time   56124199 ps
inst0 ch0:  C_CMD: RDCMD     C_f = 0x000   at time   56124199 ps
inst0 ch0:  R_CMD: ACTCMD    R_r1= 0x00    at time   56124613 ps
inst0 ch0:  R_CMD: ACTCMD    R_f1= 0x00    at time   56125027 ps
inst0 ch0:  C_CMD: RDCMD     C_r = 0x0ed   at time   56127097 ps
inst0 ch0:  C_CMD: RDCMD     C_f = 0x002   at time   56127511 ps
inst0 ch0:  R_CMD: ACTCMD    R_r0= 0x12    at time   56127925 ps
inst0 ch0:  R_CMD: ACTCMD    R_f0= 0x2a    at time   56128339 ps
inst0 ch0:  R_CMD: ACTCMD    R_r1= 0x00    at time   56128753 ps
inst0 ch0:  C_CMD: RDCMD     C_r = 0x0a5   at time   56128753 ps
inst0 ch0:  R_CMD: ACTCMD    R_f1= 0x00    at time   56129167 ps
inst0 ch0:  C_CMD: RDCMD     C_f = 0x000   at time   56129167 ps
inst0 ch0:  R_CMD: ACTCMD    R_r0= 0x32    at time   56132065 ps
inst0 ch0:  C_CMD: RDCMD     C_r = 0x0ad   at time   56132065 ps
inst0 ch0:  R_CMD: ACTCMD    R_f0= 0x0a    at time   56132479 ps
inst0 ch0:  C_CMD: RDCMD     C_f = 0x002   at time   56132479 ps
inst0 ch0:  R_CMD: ACTCMD    R_r1= 0x00    at time   56132893 ps
inst0 ch0:  R_CMD: ACTCMD    R_f1= 0x00    at time   56133307 ps
inst0 ch0:  C_CMD: RDCMD     C_r = 0x065   at time   56133721 ps
inst0 ch0:  C_CMD: RDCMD     C_f = 0x000   at time   56134135 ps
inst0 ch0:  R_CMD: ACTCMD    R_r0= 0x12    at time   56136205 ps
inst0 ch0:  C_CMD: RDCMD     C_r = 0x025   at time   56136205 ps
inst0 ch0:  R_CMD: ACTCMD    R_f0= 0x0a    at time   56136619 ps
inst0 ch0:  C_CMD: RDCMD     C_f = 0x000   at time   56136619 ps
inst0 ch0:  R_CMD: ACTCMD    R_r1= 0x00    at time   56137033 ps
inst0 ch0:  R_CMD: ACTCMD    R_f1= 0x00    at time   56137447 ps
inst0 ch0:  C_CMD: RDCMD     C_r = 0x06d   at time   56137861 ps
inst0 ch0:  C_CMD: RDCMD     C_f = 0x002   at time   56138275 ps
inst0 ch0:  C_CMD: RDCMD     C_r = 0x0e5   at time   56138689 ps
inst0 ch0:  C_CMD: RDCMD     C_f = 0x080   at time   56139103 ps
inst0 ch0:  C_CMD: RDCMD     C_r = 0x02d   at time   56139517 ps
inst0 ch0:  C_CMD: RDCMD     C_f = 0x002   at time   56139931 ps
inst0 ch0:  C_CMD: RDCMD     C_r = 0x0ed   at time   56142001 ps
inst0 ch0:  C_CMD: RDCMD     C_f = 0x082   at time   56142415 ps
inst0 ch0:  C_CMD: RDCMD     C_r = 0x0a5   at time   56143657 ps
inst0 ch0:  C_CMD: RDCMD     C_f = 0x080   at time   56144071 ps
inst0 ch0:  C_CMD: RDCMD     C_r = 0x0ad   at time   56146969 ps
inst0 ch0:  C_CMD: RDCMD     C_f = 0x082   at time   56147383 ps
inst0 ch0:  C_CMD: RDCMD     C_r = 0x065   at time   56148625 ps
inst0 ch0:  C_CMD: RDCMD     C_f = 0x080   at time   56149039 ps
inst0 ch0:  C_CMD: RDCMD     C_r = 0x025   at time   56151109 ps
inst0 ch0:  C_CMD: RDCMD     C_f = 0x080   at time   56151523 ps
inst0 ch0:  C_CMD: RDCMD     C_r = 0x06d   at time   56152765 ps
inst0 ch0:  C_CMD: RDCMD     C_f = 0x082   at time   56153179 ps
inst0 ch0:  C_CMD: RDCMD     C_r = 0x02d   at time   56154421 ps
inst0 ch0:  C_CMD: RDCMD     C_f = 0x082   at time   56154835 ps
inst0 ch0:  R_CMD: ACTCMD    R_r0= 0x3a    at time   56747269 ps
inst0 ch0:  R_CMD: ACTCMD    R_f0= 0x22    at time   56747683 ps
inst0 ch0:  R_CMD: ACTCMD    R_r1= 0x00    at time   56748097 ps
inst0 ch0:  R_CMD: ACTCMD    R_f1= 0x00    at time   56748511 ps
inst0 ch0:  R_CMD: ACTCMD    R_r0= 0x1a    at time   56751409 ps
inst0 ch0:  R_CMD: ACTCMD    R_f0= 0x22    at time   56751823 ps
inst0 ch0:  R_CMD: ACTCMD    R_r1= 0x00    at time   56752237 ps
inst0 ch0:  R_CMD: ACTCMD    R_f1= 0x00    at time   56752651 ps
inst0 ch0:  R_CMD: ACTCMD    R_r0= 0x3a    at time   56755549 ps
inst0 ch0:  R_CMD: ACTCMD    R_f0= 0x02    at time   56755963 ps
inst0 ch0:  R_CMD: ACTCMD    R_r1= 0x00    at time   56756377 ps
inst0 ch0:  R_CMD: ACTCMD    R_f1= 0x00    at time   56756791 ps
inst0 ch0:  R_CMD: ACTCMD    R_r0= 0x1a    at time   56759689 ps
inst0 ch0:  R_CMD: ACTCMD    R_f0= 0x02    at time   56760103 ps
inst0 ch0:  R_CMD: ACTCMD    R_r1= 0x00    at time   56760517 ps
inst0 ch0:  R_CMD: ACTCMD    R_f1= 0x00    at time   56760931 ps
inst0 ch0:  C_CMD: RDCMD     C_r = 0x0f5   at time   56762173 ps
inst0 ch0:  C_CMD: RDCMD     C_f = 0x000   at time   56762587 ps
inst0 ch0:  R_CMD: ACTCMD    R_r0= 0x3a    at time   56763001 ps
inst0 ch0:  R_CMD: ACTCMD    R_f0= 0x2a    at time   56763415 ps
inst0 ch0:  R_CMD: ACTCMD    R_r1= 0x00    at time   56763829 ps
inst0 ch0:  R_CMD: ACTCMD    R_f1= 0x00    at time   56764243 ps
inst0 ch0:  C_CMD: RDCMD     C_r = 0x0fd   at time   56765485 ps
inst0 ch0:  C_CMD: RDCMD     C_f = 0x002   at time   56765899 ps
inst0 ch0:  R_CMD: ACTCMD    R_r0= 0x1a    at time   56767141 ps
inst0 ch0:  C_CMD: RDCMD     C_r = 0x0b5   at time   56767141 ps
inst0 ch0:  R_CMD: ACTCMD    R_f0= 0x2a    at time   56767555 ps
inst0 ch0:  C_CMD: RDCMD     C_f = 0x000   at time   56767555 ps
inst0 ch0:  R_CMD: ACTCMD    R_r1= 0x00    at time   56767969 ps
inst0 ch0:  R_CMD: ACTCMD    R_f1= 0x00    at time   56768383 ps
inst0 ch0:  C_CMD: RDCMD     C_r = 0x0bd   at time   56770453 ps
inst0 ch0:  C_CMD: RDCMD     C_f = 0x002   at time   56770867 ps
inst0 ch0:  R_CMD: ACTCMD    R_r0= 0x3a    at time   56771281 ps
inst0 ch0:  R_CMD: ACTCMD    R_f0= 0x0a    at time   56771695 ps
inst0 ch0:  R_CMD: ACTCMD    R_r1= 0x00    at time   56772109 ps
inst0 ch0:  C_CMD: RDCMD     C_r = 0x075   at time   56772109 ps
inst0 ch0:  R_CMD: ACTCMD    R_f1= 0x00    at time   56772523 ps
inst0 ch0:  C_CMD: RDCMD     C_f = 0x000   at time   56772523 ps
inst0 ch0:  C_CMD: RDCMD     C_r = 0x035   at time   56774593 ps
inst0 ch0:  C_CMD: RDCMD     C_f = 0x000   at time   56775007 ps
inst0 ch0:  R_CMD: ACTCMD    R_r0= 0x1a    at time   56775421 ps
inst0 ch0:  R_CMD: ACTCMD    R_f0= 0x0a    at time   56775835 ps
inst0 ch0:  R_CMD: ACTCMD    R_r1= 0x00    at time   56776249 ps
inst0 ch0:  C_CMD: RDCMD     C_r = 0x07d   at time   56776249 ps
inst0 ch0:  R_CMD: ACTCMD    R_f1= 0x00    at time   56776663 ps
inst0 ch0:  C_CMD: RDCMD     C_f = 0x002   at time   56776663 ps
inst0 ch0:  C_CMD: RDCMD     C_r = 0x03d   at time   56777905 ps
inst0 ch0:  C_CMD: RDCMD     C_f = 0x002   at time   56778319 ps
inst0 ch0:  C_CMD: RDCMD     C_r = 0x0f5   at time   56778733 ps
inst0 ch0:  C_CMD: RDCMD     C_f = 0x080   at time   56779147 ps
inst0 ch0:  C_CMD: RDCMD     C_r = 0x0fd   at time   56782045 ps
inst0 ch0:  C_CMD: RDCMD     C_f = 0x082   at time   56782459 ps
inst0 ch0:  C_CMD: RDCMD     C_r = 0x0b5   at time   56783701 ps
inst0 ch0:  C_CMD: RDCMD     C_f = 0x080   at time   56784115 ps
inst0 ch0:  C_CMD: RDCMD     C_r = 0x075   at time   56786185 ps
inst0 ch0:  C_CMD: RDCMD     C_f = 0x080   at time   56786599 ps
inst0 ch0:  C_CMD: RDCMD     C_r = 0x0bd   at time   56787841 ps
inst0 ch0:  C_CMD: RDCMD     C_f = 0x082   at time   56788255 ps
inst0 ch0:  C_CMD: RDCMD     C_r = 0x07d   at time   56789497 ps
inst0 ch0:  C_CMD: RDCMD     C_f = 0x082   at time   56789911 ps
inst0 ch0:  C_CMD: RDCMD     C_r = 0x035   at time   56791153 ps
inst0 ch0:  C_CMD: RDCMD     C_f = 0x080   at time   56791567 ps
inst0 ch0:  C_CMD: RDCMD     C_r = 0x03d   at time   56794465 ps
inst0 ch0:  C_CMD: RDCMD     C_f = 0x082   at time   56794879 ps
inst0 ch0:  R_CMD: ACTCMD    R_r0= 0x02    at time   57259801 ps
inst0 ch0:  R_CMD: ACTCMD    R_f0= 0x10    at time   57260215 ps
inst0 ch0:  R_CMD: ACTCMD    R_r1= 0x3f    at time   57260629 ps
inst0 ch0:  R_CMD: ACTCMD    R_f1= 0x3b    at time   57261043 ps
inst0 ch0:  C_CMD: WRCMD     C_r = 0x009   at time   57270565 ps
inst0 ch0:  C_CMD: WRCMD     C_f = 0x07a   at time   57270979 ps
inst0 ch0:  R_CMD: ACTCMD    R_r0= 0x02    at time   57271393 ps
inst0 ch0:  R_CMD: ACTCMD    R_f0= 0x18    at time   57271807 ps
inst0 ch0:  R_CMD: ACTCMD    R_r1= 0x3f    at time   57272221 ps
inst0 ch0:  R_CMD: ACTCMD    R_f1= 0x3b    at time   57272635 ps
inst0 ch0:  C_CMD: WRCMD     C_r = 0x009   at time   57282157 ps
inst0 ch0:  C_CMD: WRCMD     C_f = 0x0fa   at time   57282571 ps
inst0 ch0:  R_CMD: ACTCMD    R_r0= 0x0a    at time   58138309 ps
inst0 ch0:  R_CMD: ACTCMD    R_f0= 0x18    at time   58138723 ps
inst0 ch0:  R_CMD: ACTCMD    R_r1= 0x3f    at time   58139137 ps
inst0 ch0:  R_CMD: ACTCMD    R_f1= 0x3b    at time   58139551 ps
inst0 ch0:  C_CMD: WRCMD     C_r = 0x019   at time   58149073 ps
inst0 ch0:  C_CMD: WRCMD     C_f = 0x0fa   at time   58149487 ps
inst0 ch0:  R_CMD: ACTCMD    R_r0= 0x0a    at time   58226905 ps
inst0 ch0:  R_CMD: ACTCMD    R_f0= 0x10    at time   58227319 ps
inst0 ch0:  R_CMD: ACTCMD    R_r1= 0x3f    at time   58227733 ps
inst0 ch0:  R_CMD: ACTCMD    R_f1= 0x3b    at time   58228147 ps
inst0 ch0:  C_CMD: WRCMD     C_r = 0x019   at time   58237669 ps
inst0 ch0:  C_CMD: WRCMD     C_f = 0x07a   at time   58238083 ps
inst0 ch0:  R_CMD: ACTCMD    R_r0= 0x02    at time   58264993 ps
inst0 ch0:  R_CMD: ACTCMD    R_f0= 0x38    at time   58265407 ps
inst0 ch0:  R_CMD: ACTCMD    R_r1= 0x3f    at time   58265821 ps
inst0 ch0:  R_CMD: ACTCMD    R_f1= 0x3b    at time   58266235 ps
inst0 ch0:  C_CMD: WRCMD     C_r = 0x089   at time   58275757 ps
inst0 ch0:  C_CMD: WRCMD     C_f = 0x0fa   at time   58276171 ps
inst0 ch0:  R_CMD: ACTCMD    R_r0= 0x02    at time   58352761 ps
inst0 ch0:  R_CMD: ACTCMD    R_f0= 0x30    at time   58353175 ps
inst0 ch0:  R_CMD: ACTCMD    R_r1= 0x3f    at time   58353589 ps
inst0 ch0:  R_CMD: ACTCMD    R_f1= 0x3b    at time   58354003 ps
inst0 ch0:  C_CMD: WRCMD     C_r = 0x089   at time   58363525 ps
inst0 ch0:  C_CMD: WRCMD     C_f = 0x07a   at time   58363939 ps
inst0 ch0:  R_CMD: ACTCMD    R_r0= 0x0a    at time   58430593 ps
inst0 ch0:  R_CMD: ACTCMD    R_f0= 0x38    at time   58431007 ps
inst0 ch0:  R_CMD: ACTCMD    R_r1= 0x3f    at time   58431421 ps
inst0 ch0:  R_CMD: ACTCMD    R_f1= 0x3b    at time   58431835 ps
inst0 ch0:  C_CMD: WRCMD     C_r = 0x099   at time   58441357 ps
inst0 ch0:  C_CMD: WRCMD     C_f = 0x0fa   at time   58441771 ps
inst0 ch0:  R_CMD: ACTCMD    R_r0= 0x0a    at time   58478617 ps
inst0 ch0:  R_CMD: ACTCMD    R_f0= 0x30    at time   58479031 ps
inst0 ch0:  R_CMD: ACTCMD    R_r1= 0x3f    at time   58479445 ps
inst0 ch0:  R_CMD: ACTCMD    R_f1= 0x3b    at time   58479859 ps
inst0 ch0:  C_CMD: WRCMD     C_r = 0x099   at time   58489381 ps
inst0 ch0:  C_CMD: WRCMD     C_f = 0x07a   at time   58489795 ps
inst0 ch0:  R_CMD: ACTCMD    R_r0= 0x0a    at time   59037517 ps
inst0 ch0:  R_CMD: ACTCMD    R_f0= 0x1b    at time   59037931 ps
inst0 ch0:  R_CMD: ACTCMD    R_r1= 0x3f    at time   59038345 ps
inst0 ch0:  R_CMD: ACTCMD    R_f1= 0x3b    at time   59038759 ps
inst0 ch0:  C_CMD: WRCMD     C_r = 0x019   at time   59048281 ps
inst0 ch0:  C_CMD: WRCMD     C_f = 0x090   at time   59048695 ps
inst0 ch0:  R_CMD: ACTCMD    R_r0= 0x02    at time   59420881 ps
inst0 ch0:  R_CMD: ACTCMD    R_f0= 0x1b    at time   59421295 ps
inst0 ch0:  R_CMD: ACTCMD    R_r1= 0x3f    at time   59421709 ps
inst0 ch0:  R_CMD: ACTCMD    R_f1= 0x3b    at time   59422123 ps
inst0 ch0:  C_CMD: WRCMD     C_r = 0x009   at time   59431645 ps
inst0 ch0:  C_CMD: WRCMD     C_f = 0x080   at time   59432059 ps
inst0 ch0:  R_CMD: ACTCMD    R_r0= 0x0a    at time   59443237 ps
inst0 ch0:  R_CMD: ACTCMD    R_f0= 0x13    at time   59443651 ps
inst0 ch0:  R_CMD: ACTCMD    R_r1= 0x3f    at time   59444065 ps
inst0 ch0:  R_CMD: ACTCMD    R_f1= 0x3b    at time   59444479 ps
inst0 ch0:  C_CMD: WRCMD     C_r = 0x019   at time   59454001 ps
inst0 ch0:  C_CMD: WRCMD     C_f = 0x010   at time   59454415 ps
inst0 ch0:  R_CMD: ACTCMD    R_r0= 0x02    at time   59808385 ps
inst0 ch0:  R_CMD: ACTCMD    R_f0= 0x13    at time   59808799 ps
inst0 ch0:  R_CMD: ACTCMD    R_r1= 0x3f    at time   59809213 ps
inst0 ch0:  R_CMD: ACTCMD    R_f1= 0x3b    at time   59809627 ps
inst0 ch0:  C_CMD: WRCMD     C_r = 0x009   at time   59819149 ps
inst0 ch0:  C_CMD: WRCMD     C_f = 0x000   at time   59819563 ps
inst0 ch0:  R_CMD: ACTCMD    R_r0= 0x02    at time   60663709 ps
inst0 ch0:  R_CMD: ACTCMD    R_f0= 0x08    at time   60664123 ps
inst0 ch0:  R_CMD: ACTCMD    R_r1= 0x00    at time   60664537 ps
inst0 ch0:  R_CMD: ACTCMD    R_f1= 0x00    at time   60664951 ps
inst0 ch0:  C_CMD: RDCMD     C_r = 0x005   at time   60678613 ps
inst0 ch0:  C_CMD: RDCMD     C_f = 0x098   at time   60679027 ps
inst0 ch0:  C_CMD: RDCMD     C_r = 0x005   at time   60681925 ps
inst0 ch0:  C_CMD: RDCMD     C_f = 0x09a   at time   60682339 ps
inst0 ch0:  C_CMD: RDCMD     C_r = 0x005   at time   60685237 ps
inst0 ch0:  C_CMD: RDCMD     C_f = 0x090   at time   60685651 ps
inst0 ch0:  C_CMD: RDCMD     C_r = 0x005   at time   60688549 ps
inst0 ch0:  C_CMD: RDCMD     C_f = 0x092   at time   60688963 ps
inst0 ch0:  C_CMD: RDCMD     C_r = 0x005   at time   60691861 ps
inst0 ch0:  C_CMD: RDCMD     C_f = 0x088   at time   60692275 ps
inst0 ch0:  C_CMD: RDCMD     C_r = 0x005   at time   60695173 ps
inst0 ch0:  C_CMD: RDCMD     C_f = 0x08a   at time   60695587 ps
inst0 ch0:  C_CMD: RDCMD     C_r = 0x005   at time   60698485 ps
inst0 ch0:  C_CMD: RDCMD     C_f = 0x080   at time   60698899 ps
inst0 ch0:  C_CMD: RDCMD     C_r = 0x00d   at time   60701797 ps
inst0 ch0:  C_CMD: RDCMD     C_f = 0x082   at time   60702211 ps
inst0 ch0:  R_CMD: ACTCMD    R_r0= 0x0a    at time   60868225 ps
inst0 ch0:  R_CMD: ACTCMD    R_f0= 0x08    at time   60868639 ps
inst0 ch0:  R_CMD: ACTCMD    R_r1= 0x00    at time   60869053 ps
inst0 ch0:  R_CMD: ACTCMD    R_f1= 0x00    at time   60869467 ps
inst0 ch0:  C_CMD: RDCMD     C_r = 0x015   at time   60883129 ps
inst0 ch0:  C_CMD: RDCMD     C_f = 0x098   at time   60883543 ps
inst0 ch0:  C_CMD: RDCMD     C_r = 0x015   at time   60886441 ps
inst0 ch0:  C_CMD: RDCMD     C_f = 0x09a   at time   60886855 ps
inst0 ch0:  C_CMD: RDCMD     C_r = 0x015   at time   60889753 ps
inst0 ch0:  C_CMD: RDCMD     C_f = 0x090   at time   60890167 ps
inst0 ch0:  C_CMD: RDCMD     C_r = 0x015   at time   60893065 ps
inst0 ch0:  C_CMD: RDCMD     C_f = 0x092   at time   60893479 ps
inst0 ch0:  C_CMD: RDCMD     C_r = 0x015   at time   60896377 ps
inst0 ch0:  C_CMD: RDCMD     C_f = 0x088   at time   60896791 ps
inst0 ch0:  C_CMD: RDCMD     C_r = 0x015   at time   60899689 ps
inst0 ch0:  C_CMD: RDCMD     C_f = 0x08a   at time   60900103 ps
inst0 ch0:  C_CMD: RDCMD     C_r = 0x015   at time   60903001 ps
inst0 ch0:  C_CMD: RDCMD     C_f = 0x080   at time   60903415 ps
inst0 ch0:  C_CMD: RDCMD     C_r = 0x01d   at time   60906313 ps
inst0 ch0:  C_CMD: RDCMD     C_f = 0x082   at time   60906727 ps
inst0 ch0:  R_CMD: ACTCMD    R_r0= 0x02    at time   61117453 ps
inst0 ch0:  R_CMD: ACTCMD    R_f0= 0x00    at time   61117867 ps
inst0 ch0:  R_CMD: ACTCMD    R_r1= 0x00    at time   61118281 ps
inst0 ch0:  R_CMD: ACTCMD    R_f1= 0x00    at time   61118695 ps
inst0 ch0:  C_CMD: RDCMD     C_r = 0x005   at time   61132357 ps
inst0 ch0:  C_CMD: RDCMD     C_f = 0x018   at time   61132771 ps
inst0 ch0:  C_CMD: RDCMD     C_r = 0x005   at time   61135669 ps
inst0 ch0:  C_CMD: RDCMD     C_f = 0x01a   at time   61136083 ps
inst0 ch0:  C_CMD: RDCMD     C_r = 0x005   at time   61138981 ps
inst0 ch0:  C_CMD: RDCMD     C_f = 0x010   at time   61139395 ps
inst0 ch0:  C_CMD: RDCMD     C_r = 0x005   at time   61142293 ps
inst0 ch0:  C_CMD: RDCMD     C_f = 0x012   at time   61142707 ps
inst0 ch0:  C_CMD: RDCMD     C_r = 0x005   at time   61145605 ps
inst0 ch0:  C_CMD: RDCMD     C_f = 0x008   at time   61146019 ps
inst0 ch0:  C_CMD: RDCMD     C_r = 0x005   at time   61148917 ps
inst0 ch0:  C_CMD: RDCMD     C_f = 0x00a   at time   61149331 ps
inst0 ch0:  C_CMD: RDCMD     C_r = 0x005   at time   61152229 ps
inst0 ch0:  C_CMD: RDCMD     C_f = 0x000   at time   61152643 ps
inst0 ch0:  C_CMD: RDCMD     C_r = 0x00d   at time   61155541 ps
inst0 ch0:  C_CMD: RDCMD     C_f = 0x002   at time   61155955 ps
inst0 ch0:  R_CMD: ACTCMD    R_r0= 0x0a    at time   61360885 ps
inst0 ch0:  R_CMD: ACTCMD    R_f0= 0x08    at time   61361299 ps
inst0 ch0:  R_CMD: ACTCMD    R_r1= 0x00    at time   61361713 ps
inst0 ch0:  R_CMD: ACTCMD    R_f1= 0x00    at time   61362127 ps
inst0 ch0:  C_CMD: WRCMD     C_r = 0x011   at time   61371649 ps
inst0 ch0:  C_CMD: WRCMD     C_f = 0x0b8   at time   61372063 ps
inst0 ch0:  C_CMD: WRCMD     C_r = 0x019   at time   61374961 ps
inst0 ch0:  C_CMD: WRCMD     C_f = 0x0ba   at time   61375375 ps
inst0 ch0:  R_CMD: ACTCMD    R_r0= 0x0a    at time   61413049 ps
inst0 ch0:  R_CMD: ACTCMD    R_f0= 0x08    at time   61413463 ps
inst0 ch0:  R_CMD: ACTCMD    R_r1= 0x00    at time   61413877 ps
inst0 ch0:  R_CMD: ACTCMD    R_f1= 0x00    at time   61414291 ps
inst0 ch0:  C_CMD: WRCMD     C_r = 0x011   at time   61423813 ps
inst0 ch0:  C_CMD: WRCMD     C_f = 0x0b0   at time   61424227 ps
inst0 ch0:  C_CMD: WRCMD     C_r = 0x011   at time   61427125 ps
inst0 ch0:  C_CMD: WRCMD     C_f = 0x0b2   at time   61427539 ps
inst0 ch0:  C_CMD: WRCMD     C_r = 0x011   at time   61430437 ps
inst0 ch0:  C_CMD: WRCMD     C_f = 0x0a8   at time   61430851 ps
inst0 ch0:  C_CMD: WRCMD     C_r = 0x011   at time   61433749 ps
inst0 ch0:  C_CMD: WRCMD     C_f = 0x0aa   at time   61434163 ps
inst0 ch0:  C_CMD: WRCMD     C_r = 0x011   at time   61437061 ps
inst0 ch0:  C_CMD: WRCMD     C_f = 0x0a0   at time   61437475 ps
inst0 ch0:  C_CMD: WRCMD     C_r = 0x019   at time   61440373 ps
inst0 ch0:  C_CMD: WRCMD     C_f = 0x0a2   at time   61440787 ps
inst0 ch0:  R_CMD: ACTCMD    R_r0= 0x0a    at time   61676353 ps
inst0 ch0:  R_CMD: ACTCMD    R_f0= 0x00    at time   61676767 ps
inst0 ch0:  R_CMD: ACTCMD    R_r1= 0x00    at time   61677181 ps
inst0 ch0:  R_CMD: ACTCMD    R_f1= 0x00    at time   61677595 ps
inst0 ch0:  C_CMD: RDCMD     C_r = 0x015   at time   61691257 ps
inst0 ch0:  C_CMD: RDCMD     C_f = 0x018   at time   61691671 ps
inst0 ch0:  C_CMD: RDCMD     C_r = 0x015   at time   61694569 ps
inst0 ch0:  C_CMD: RDCMD     C_f = 0x01a   at time   61694983 ps
inst0 ch0:  C_CMD: RDCMD     C_r = 0x015   at time   61697881 ps
inst0 ch0:  C_CMD: RDCMD     C_f = 0x010   at time   61698295 ps
inst0 ch0:  C_CMD: RDCMD     C_r = 0x015   at time   61701193 ps
inst0 ch0:  C_CMD: RDCMD     C_f = 0x012   at time   61701607 ps
inst0 ch0:  C_CMD: RDCMD     C_r = 0x015   at time   61704505 ps
inst0 ch0:  C_CMD: RDCMD     C_f = 0x008   at time   61704919 ps
inst0 ch0:  C_CMD: RDCMD     C_r = 0x015   at time   61707817 ps
inst0 ch0:  C_CMD: RDCMD     C_f = 0x00a   at time   61708231 ps
inst0 ch0:  C_CMD: RDCMD     C_r = 0x015   at time   61711129 ps
inst0 ch0:  C_CMD: RDCMD     C_f = 0x000   at time   61711543 ps
inst0 ch0:  C_CMD: RDCMD     C_r = 0x01d   at time   61714441 ps
inst0 ch0:  C_CMD: RDCMD     C_f = 0x002   at time   61714855 ps
inst0 ch0:  R_CMD: ACTCMD    R_r0= 0x0a    at time   61919785 ps
inst0 ch0:  R_CMD: ACTCMD    R_f0= 0x00    at time   61920199 ps
inst0 ch0:  R_CMD: ACTCMD    R_r1= 0x00    at time   61920613 ps
inst0 ch0:  R_CMD: ACTCMD    R_f1= 0x00    at time   61921027 ps
inst0 ch0:  C_CMD: WRCMD     C_r = 0x011   at time   61930549 ps
inst0 ch0:  C_CMD: WRCMD     C_f = 0x038   at time   61930963 ps
inst0 ch0:  C_CMD: WRCMD     C_r = 0x011   at time   61933861 ps
inst0 ch0:  C_CMD: WRCMD     C_f = 0x03a   at time   61934275 ps
inst0 ch0:  C_CMD: WRCMD     C_r = 0x011   at time   61937173 ps
inst0 ch0:  C_CMD: WRCMD     C_f = 0x030   at time   61937587 ps
inst0 ch0:  C_CMD: WRCMD     C_r = 0x011   at time   61940485 ps
inst0 ch0:  C_CMD: WRCMD     C_f = 0x032   at time   61940899 ps
inst0 ch0:  C_CMD: WRCMD     C_r = 0x011   at time   61943797 ps
inst0 ch0:  C_CMD: WRCMD     C_f = 0x028   at time   61944211 ps
inst0 ch0:  C_CMD: WRCMD     C_r = 0x011   at time   61947109 ps
inst0 ch0:  C_CMD: WRCMD     C_f = 0x02a   at time   61947523 ps
inst0 ch0:  C_CMD: WRCMD     C_r = 0x011   at time   61950421 ps
inst0 ch0:  C_CMD: WRCMD     C_f = 0x020   at time   61950835 ps
inst0 ch0:  C_CMD: WRCMD     C_r = 0x019   at time   61953733 ps
inst0 ch0:  C_CMD: WRCMD     C_f = 0x022   at time   61954147 ps
inst0 ch0:  R_CMD: ACTCMD    R_r0= 0x02    at time   62353657 ps
inst0 ch0:  R_CMD: ACTCMD    R_f0= 0x1b    at time   62354071 ps
inst0 ch0:  R_CMD: ACTCMD    R_r1= 0x3f    at time   62354485 ps
inst0 ch0:  R_CMD: ACTCMD    R_f1= 0x3b    at time   62354899 ps
inst0 ch0:  C_CMD: WRCMD     C_r = 0x009   at time   62364421 ps
inst0 ch0:  C_CMD: WRCMD     C_f = 0x080   at time   62364835 ps
inst0 ch0:  R_CMD: ACTCMD    R_r0= 0x02    at time   62688997 ps
inst0 ch0:  R_CMD: ACTCMD    R_f0= 0x13    at time   62689411 ps
inst0 ch0:  R_CMD: ACTCMD    R_r1= 0x3f    at time   62689825 ps
inst0 ch0:  R_CMD: ACTCMD    R_f1= 0x3b    at time   62690239 ps
inst0 ch0:  C_CMD: WRCMD     C_r = 0x009   at time   62699761 ps
inst0 ch0:  C_CMD: WRCMD     C_f = 0x000   at time   62700175 ps
inst0 ch0:  R_CMD: ACTCMD    R_r0= 0x0a    at time   62854597 ps
inst0 ch0:  R_CMD: ACTCMD    R_f0= 0x19    at time   62855011 ps
inst0 ch0:  R_CMD: ACTCMD    R_r1= 0x3f    at time   62855425 ps
inst0 ch0:  R_CMD: ACTCMD    R_f1= 0x3b    at time   62855839 ps
inst0 ch0:  R_CMD: ACTCMD    R_r0= 0x02    at time   62858737 ps
inst0 ch0:  R_CMD: ACTCMD    R_f0= 0x19    at time   62859151 ps
inst0 ch0:  R_CMD: ACTCMD    R_r1= 0x3f    at time   62859565 ps
inst0 ch0:  R_CMD: ACTCMD    R_f1= 0x3b    at time   62859979 ps
inst0 ch0:  C_CMD: WRCMD     C_r = 0x019   at time   62865361 ps
inst0 ch0:  C_CMD: WRCMD     C_f = 0x0fa   at time   62865775 ps
inst0 ch0:  C_CMD: WRCMD     C_r = 0x009   at time   62869501 ps
inst0 ch0:  C_CMD: WRCMD     C_f = 0x0fa   at time   62869915 ps
inst0 ch0:  R_CMD: ACTCMD    R_r0= 0x0a    at time   62982937 ps
inst0 ch0:  R_CMD: ACTCMD    R_f0= 0x11    at time   62983351 ps
inst0 ch0:  R_CMD: ACTCMD    R_r1= 0x3f    at time   62983765 ps
inst0 ch0:  R_CMD: ACTCMD    R_f1= 0x3b    at time   62984179 ps
inst0 ch0:  R_CMD: ACTCMD    R_r0= 0x02    at time   62988733 ps
inst0 ch0:  R_CMD: ACTCMD    R_f0= 0x11    at time   62989147 ps
inst0 ch0:  R_CMD: ACTCMD    R_r1= 0x3f    at time   62989561 ps
inst0 ch0:  R_CMD: ACTCMD    R_f1= 0x3b    at time   62989975 ps
inst0 ch0:  C_CMD: WRCMD     C_r = 0x019   at time   62993701 ps
inst0 ch0:  C_CMD: WRCMD     C_f = 0x07a   at time   62994115 ps
inst0 ch0:  C_CMD: WRCMD     C_r = 0x009   at time   62999497 ps
inst0 ch0:  C_CMD: WRCMD     C_f = 0x07a   at time   62999911 ps
inst0 ch0:  R_CMD: ACTCMD    R_r0= 0x0a    at time   63122869 ps
inst0 ch0:  R_CMD: ACTCMD    R_f0= 0x0a    at time   63123283 ps
inst0 ch0:  R_CMD: ACTCMD    R_r1= 0x00    at time   63123697 ps
inst0 ch0:  R_CMD: ACTCMD    R_f1= 0x00    at time   63124111 ps
inst0 ch0:  R_CMD: ACTCMD    R_r0= 0x02    at time   63127009 ps
inst0 ch0:  R_CMD: ACTCMD    R_f0= 0x0a    at time   63127423 ps
inst0 ch0:  R_CMD: ACTCMD    R_r1= 0x00    at time   63127837 ps
inst0 ch0:  R_CMD: ACTCMD    R_f1= 0x00    at time   63128251 ps
inst0 ch0:  C_CMD: RDCMD     C_r = 0x015   at time   63137773 ps
inst0 ch0:  C_CMD: RDCMD     C_f = 0x080   at time   63138187 ps
inst0 ch0:  C_CMD: RDCMD     C_r = 0x01d   at time   63141085 ps
inst0 ch0:  C_CMD: RDCMD     C_f = 0x082   at time   63141499 ps
inst0 ch0:  C_CMD: RDCMD     C_r = 0x005   at time   63144397 ps
inst0 ch0:  C_CMD: RDCMD     C_f = 0x080   at time   63144811 ps
inst0 ch0:  C_CMD: RDCMD     C_r = 0x00d   at time   63147709 ps
inst0 ch0:  C_CMD: RDCMD     C_f = 0x082   at time   63148123 ps
inst0 ch0:  R_CMD: ACTCMD    R_r0= 0x0a    at time   63591517 ps
inst0 ch0:  R_CMD: ACTCMD    R_f0= 0x02    at time   63591931 ps
inst0 ch0:  R_CMD: ACTCMD    R_r1= 0x00    at time   63592345 ps
inst0 ch0:  R_CMD: ACTCMD    R_f1= 0x00    at time   63592759 ps
inst0 ch0:  R_CMD: ACTCMD    R_r0= 0x02    at time   63595657 ps
inst0 ch0:  R_CMD: ACTCMD    R_f0= 0x02    at time   63596071 ps
inst0 ch0:  R_CMD: ACTCMD    R_r1= 0x00    at time   63596485 ps
inst0 ch0:  R_CMD: ACTCMD    R_f1= 0x00    at time   63596899 ps
inst0 ch0:  C_CMD: RDCMD     C_r = 0x015   at time   63606421 ps
inst0 ch0:  C_CMD: RDCMD     C_f = 0x000   at time   63606835 ps
inst0 ch0:  C_CMD: RDCMD     C_r = 0x01d   at time   63609733 ps
inst0 ch0:  C_CMD: RDCMD     C_f = 0x002   at time   63610147 ps
inst0 ch0:  C_CMD: RDCMD     C_r = 0x005   at time   63613045 ps
inst0 ch0:  C_CMD: RDCMD     C_f = 0x000   at time   63613459 ps
inst0 ch0:  C_CMD: RDCMD     C_r = 0x00d   at time   63616357 ps
inst0 ch0:  C_CMD: RDCMD     C_f = 0x002   at time   63616771 ps
