inst0 ch0:  R_CMD: ACTCMD    R_r0= 0x0e    at time   33400981 ps
inst0 ch0:  R_CMD: ACTCMD    R_f0= 0x28    at time   33401395 ps
inst0 ch0:  R_CMD: ACTCMD    R_r1= 0x00    at time   33401809 ps
inst0 ch0:  R_CMD: ACTCMD    R_f1= 0x02    at time   33402223 ps
inst0 ch0:  R_CMD: ACTCMD    R_r0= 0x0e    at time   33402637 ps
inst0 ch0:  R_CMD: ACTCMD    R_f0= 0x20    at time   33403051 ps
inst0 ch0:  R_CMD: ACTCMD    R_r1= 0x00    at time   33403465 ps
inst0 ch0:  R_CMD: ACTCMD    R_f1= 0x02    at time   33403879 ps
inst0 ch0:  C_CMD: WRCMD     C_r = 0x091   at time   33411745 ps
inst0 ch0:  C_CMD: WRCMD     C_f = 0x0a9   at time   33412159 ps
inst0 ch0:  C_CMD: WRCMD     C_r = 0x091   at time   33413401 ps
inst0 ch0:  C_CMD: WRCMD     C_f = 0x029   at time   33413815 ps
inst0 ch0:  C_CMD: WRCMD     C_r = 0x091   at time   33415057 ps
inst0 ch0:  C_CMD: WRCMD     C_f = 0x0ab   at time   33415471 ps
inst0 ch0:  C_CMD: WRCMD     C_r = 0x091   at time   33416713 ps
inst0 ch0:  C_CMD: WRCMD     C_f = 0x02b   at time   33417127 ps
inst0 ch0:  C_CMD: WRCMD     C_r = 0x091   at time   33418369 ps
inst0 ch0:  C_CMD: WRCMD     C_f = 0x0a1   at time   33418783 ps
inst0 ch0:  C_CMD: WRCMD     C_r = 0x091   at time   33420025 ps
inst0 ch0:  C_CMD: WRCMD     C_f = 0x021   at time   33420439 ps
inst0 ch0:  C_CMD: WRCMD     C_r = 0x099   at time   33421681 ps
inst0 ch0:  C_CMD: WRCMD     C_f = 0x0a3   at time   33422095 ps
inst0 ch0:  C_CMD: WRCMD     C_r = 0x099   at time   33423337 ps
inst0 ch0:  C_CMD: WRCMD     C_f = 0x023   at time   33423751 ps
inst0 ch0:  R_CMD: ACTCMD    R_r0= 0x26    at time   37617985 ps
inst0 ch0:  R_CMD: ACTCMD    R_f0= 0x28    at time   37618399 ps
inst0 ch0:  R_CMD: ACTCMD    R_r1= 0x00    at time   37618813 ps
inst0 ch0:  R_CMD: ACTCMD    R_f1= 0x02    at time   37619227 ps
inst0 ch0:  R_CMD: ACTCMD    R_r0= 0x26    at time   37623781 ps
inst0 ch0:  R_CMD: ACTCMD    R_f0= 0x20    at time   37624195 ps
inst0 ch0:  R_CMD: ACTCMD    R_r1= 0x00    at time   37624609 ps
inst0 ch0:  R_CMD: ACTCMD    R_f1= 0x02    at time   37625023 ps
inst0 ch0:  C_CMD: WRCMD     C_r = 0x0c1   at time   37628749 ps
inst0 ch0:  C_CMD: WRCMD     C_f = 0x0a9   at time   37629163 ps
inst0 ch0:  C_CMD: WRCMD     C_r = 0x0c1   at time   37632061 ps
inst0 ch0:  C_CMD: WRCMD     C_f = 0x0ab   at time   37632475 ps
inst0 ch0:  C_CMD: WRCMD     C_r = 0x0c1   at time   37634545 ps
inst0 ch0:  C_CMD: WRCMD     C_f = 0x029   at time   37634959 ps
inst0 ch0:  C_CMD: WRCMD     C_r = 0x0c1   at time   37635373 ps
inst0 ch0:  C_CMD: WRCMD     C_f = 0x0a1   at time   37635787 ps
inst0 ch0:  C_CMD: WRCMD     C_r = 0x0c1   at time   37637857 ps
inst0 ch0:  C_CMD: WRCMD     C_f = 0x02b   at time   37638271 ps
inst0 ch0:  C_CMD: WRCMD     C_r = 0x0c9   at time   37638685 ps
inst0 ch0:  C_CMD: WRCMD     C_f = 0x0a3   at time   37639099 ps
inst0 ch0:  C_CMD: WRCMD     C_r = 0x0c1   at time   37641169 ps
inst0 ch0:  C_CMD: WRCMD     C_f = 0x021   at time   37641583 ps
inst0 ch0:  C_CMD: WRCMD     C_r = 0x0c9   at time   37644481 ps
inst0 ch0:  C_CMD: WRCMD     C_f = 0x023   at time   37644895 ps
inst0 ch0:  R_CMD: ACTCMD    R_r0= 0x22    at time   54895861 ps
inst0 ch0:  R_CMD: ACTCMD    R_f0= 0x2a    at time   54896275 ps
inst0 ch0:  R_CMD: ACTCMD    R_r1= 0x00    at time   54896689 ps
inst0 ch0:  R_CMD: ACTCMD    R_f1= 0x00    at time   54897103 ps
inst0 ch0:  R_CMD: ACTCMD    R_r0= 0x02    at time   54900001 ps
inst0 ch0:  R_CMD: ACTCMD    R_f0= 0x2a    at time   54900415 ps
inst0 ch0:  R_CMD: ACTCMD    R_r1= 0x00    at time   54900829 ps
inst0 ch0:  R_CMD: ACTCMD    R_f1= 0x00    at time   54901243 ps
inst0 ch0:  R_CMD: ACTCMD    R_r0= 0x22    at time   54901657 ps
inst0 ch0:  R_CMD: ACTCMD    R_f0= 0x22    at time   54902071 ps
inst0 ch0:  R_CMD: ACTCMD    R_r1= 0x00    at time   54902485 ps
inst0 ch0:  R_CMD: ACTCMD    R_f1= 0x00    at time   54902899 ps
inst0 ch0:  R_CMD: ACTCMD    R_r0= 0x22    at time   54904141 ps
inst0 ch0:  R_CMD: ACTCMD    R_f0= 0x0a    at time   54904555 ps
inst0 ch0:  R_CMD: ACTCMD    R_r1= 0x00    at time   54904969 ps
inst0 ch0:  R_CMD: ACTCMD    R_f1= 0x00    at time   54905383 ps
inst0 ch0:  R_CMD: ACTCMD    R_r0= 0x02    at time   54905797 ps
inst0 ch0:  R_CMD: ACTCMD    R_f0= 0x22    at time   54906211 ps
inst0 ch0:  R_CMD: ACTCMD    R_r1= 0x00    at time   54906625 ps
inst0 ch0:  R_CMD: ACTCMD    R_f1= 0x00    at time   54907039 ps
inst0 ch0:  R_CMD: ACTCMD    R_r0= 0x02    at time   54908281 ps
inst0 ch0:  R_CMD: ACTCMD    R_f0= 0x0a    at time   54908695 ps
inst0 ch0:  R_CMD: ACTCMD    R_r1= 0x00    at time   54909109 ps
inst0 ch0:  R_CMD: ACTCMD    R_f1= 0x00    at time   54909523 ps
inst0 ch0:  R_CMD: ACTCMD    R_r0= 0x22    at time   54909937 ps
inst0 ch0:  R_CMD: ACTCMD    R_f0= 0x02    at time   54910351 ps
inst0 ch0:  R_CMD: ACTCMD    R_r1= 0x00    at time   54910765 ps
inst0 ch0:  C_CMD: RDCMD     C_r = 0x0c5   at time   54910765 ps
inst0 ch0:  R_CMD: ACTCMD    R_f1= 0x00    at time   54911179 ps
inst0 ch0:  C_CMD: RDCMD     C_f = 0x080   at time   54911179 ps
inst0 ch0:  R_CMD: ACTCMD    R_r0= 0x02    at time   54914077 ps
inst0 ch0:  C_CMD: RDCMD     C_r = 0x0cd   at time   54914077 ps
inst0 ch0:  R_CMD: ACTCMD    R_f0= 0x02    at time   54914491 ps
inst0 ch0:  C_CMD: RDCMD     C_f = 0x082   at time   54914491 ps
inst0 ch0:  R_CMD: ACTCMD    R_r1= 0x00    at time   54914905 ps
inst0 ch0:  R_CMD: ACTCMD    R_f1= 0x00    at time   54915319 ps
inst0 ch0:  C_CMD: RDCMD     C_r = 0x085   at time   54915733 ps
inst0 ch0:  C_CMD: RDCMD     C_f = 0x080   at time   54916147 ps
inst0 ch0:  C_CMD: RDCMD     C_r = 0x0c5   at time   54916561 ps
inst0 ch0:  C_CMD: RDCMD     C_f = 0x000   at time   54916975 ps
inst0 ch0:  C_CMD: RDCMD     C_r = 0x08d   at time   54919045 ps
inst0 ch0:  C_CMD: RDCMD     C_f = 0x082   at time   54919459 ps
inst0 ch0:  C_CMD: RDCMD     C_r = 0x0cd   at time   54919873 ps
inst0 ch0:  C_CMD: RDCMD     C_f = 0x002   at time   54920287 ps
inst0 ch0:  C_CMD: RDCMD     C_r = 0x045   at time   54920701 ps
inst0 ch0:  C_CMD: RDCMD     C_f = 0x080   at time   54921115 ps
inst0 ch0:  C_CMD: RDCMD     C_r = 0x085   at time   54921529 ps
inst0 ch0:  C_CMD: RDCMD     C_f = 0x000   at time   54921943 ps
inst0 ch0:  C_CMD: RDCMD     C_r = 0x005   at time   54923185 ps
inst0 ch0:  C_CMD: RDCMD     C_f = 0x080   at time   54923599 ps
inst0 ch0:  C_CMD: RDCMD     C_r = 0x04d   at time   54924841 ps
inst0 ch0:  C_CMD: RDCMD     C_f = 0x082   at time   54925255 ps
inst0 ch0:  C_CMD: RDCMD     C_r = 0x08d   at time   54925669 ps
inst0 ch0:  C_CMD: RDCMD     C_f = 0x002   at time   54926083 ps
inst0 ch0:  C_CMD: RDCMD     C_r = 0x00d   at time   54926497 ps
inst0 ch0:  C_CMD: RDCMD     C_f = 0x082   at time   54926911 ps
inst0 ch0:  C_CMD: RDCMD     C_r = 0x045   at time   54927325 ps
inst0 ch0:  C_CMD: RDCMD     C_f = 0x000   at time   54927739 ps
inst0 ch0:  C_CMD: RDCMD     C_r = 0x005   at time   54928981 ps
inst0 ch0:  C_CMD: RDCMD     C_f = 0x000   at time   54929395 ps
inst0 ch0:  C_CMD: RDCMD     C_r = 0x04d   at time   54930637 ps
inst0 ch0:  C_CMD: RDCMD     C_f = 0x002   at time   54931051 ps
inst0 ch0:  C_CMD: RDCMD     C_r = 0x00d   at time   54932293 ps
inst0 ch0:  C_CMD: RDCMD     C_f = 0x002   at time   54932707 ps
inst0 ch0:  R_CMD: ACTCMD    R_r0= 0x2a    at time   55332217 ps
inst0 ch0:  R_CMD: ACTCMD    R_f0= 0x2a    at time   55332631 ps
inst0 ch0:  R_CMD: ACTCMD    R_r1= 0x00    at time   55333045 ps
inst0 ch0:  R_CMD: ACTCMD    R_f1= 0x00    at time   55333459 ps
inst0 ch0:  R_CMD: ACTCMD    R_r0= 0x0a    at time   55336357 ps
inst0 ch0:  R_CMD: ACTCMD    R_f0= 0x2a    at time   55336771 ps
inst0 ch0:  R_CMD: ACTCMD    R_r1= 0x00    at time   55337185 ps
inst0 ch0:  R_CMD: ACTCMD    R_f1= 0x00    at time   55337599 ps
inst0 ch0:  R_CMD: ACTCMD    R_r0= 0x2a    at time   55340497 ps
inst0 ch0:  R_CMD: ACTCMD    R_f0= 0x0a    at time   55340911 ps
inst0 ch0:  R_CMD: ACTCMD    R_r1= 0x00    at time   55341325 ps
inst0 ch0:  R_CMD: ACTCMD    R_f1= 0x00    at time   55341739 ps
inst0 ch0:  R_CMD: ACTCMD    R_r0= 0x0a    at time   55344637 ps
inst0 ch0:  R_CMD: ACTCMD    R_f0= 0x0a    at time   55345051 ps
inst0 ch0:  R_CMD: ACTCMD    R_r1= 0x00    at time   55345465 ps
inst0 ch0:  R_CMD: ACTCMD    R_f1= 0x00    at time   55345879 ps
inst0 ch0:  C_CMD: RDCMD     C_r = 0x0d5   at time   55347121 ps
inst0 ch0:  C_CMD: RDCMD     C_f = 0x080   at time   55347535 ps
inst0 ch0:  C_CMD: RDCMD     C_r = 0x0dd   at time   55350433 ps
inst0 ch0:  C_CMD: RDCMD     C_f = 0x082   at time   55350847 ps
inst0 ch0:  C_CMD: RDCMD     C_r = 0x095   at time   55352089 ps
inst0 ch0:  C_CMD: RDCMD     C_f = 0x080   at time   55352503 ps
inst0 ch0:  C_CMD: RDCMD     C_r = 0x09d   at time   55355401 ps
inst0 ch0:  C_CMD: RDCMD     C_f = 0x082   at time   55355815 ps
inst0 ch0:  C_CMD: RDCMD     C_r = 0x055   at time   55357057 ps
inst0 ch0:  C_CMD: RDCMD     C_f = 0x080   at time   55357471 ps
inst0 ch0:  C_CMD: RDCMD     C_r = 0x015   at time   55359541 ps
inst0 ch0:  C_CMD: RDCMD     C_f = 0x080   at time   55359955 ps
inst0 ch0:  C_CMD: RDCMD     C_r = 0x05d   at time   55361197 ps
inst0 ch0:  C_CMD: RDCMD     C_f = 0x082   at time   55361611 ps
inst0 ch0:  C_CMD: RDCMD     C_r = 0x01d   at time   55362853 ps
inst0 ch0:  C_CMD: RDCMD     C_f = 0x082   at time   55363267 ps
inst0 ch0:  R_CMD: ACTCMD    R_r0= 0x32    at time   55516033 ps
inst0 ch0:  R_CMD: ACTCMD    R_f0= 0x2a    at time   55516447 ps
inst0 ch0:  R_CMD: ACTCMD    R_r1= 0x00    at time   55516861 ps
inst0 ch0:  R_CMD: ACTCMD    R_f1= 0x00    at time   55517275 ps
inst0 ch0:  R_CMD: ACTCMD    R_r0= 0x12    at time   55520173 ps
inst0 ch0:  R_CMD: ACTCMD    R_f0= 0x2a    at time   55520587 ps
inst0 ch0:  R_CMD: ACTCMD    R_r1= 0x00    at time   55521001 ps
inst0 ch0:  R_CMD: ACTCMD    R_f1= 0x00    at time   55521415 ps
inst0 ch0:  R_CMD: ACTCMD    R_r0= 0x32    at time   55524313 ps
inst0 ch0:  R_CMD: ACTCMD    R_f0= 0x0a    at time   55524727 ps
inst0 ch0:  R_CMD: ACTCMD    R_r1= 0x00    at time   55525141 ps
inst0 ch0:  R_CMD: ACTCMD    R_f1= 0x00    at time   55525555 ps
inst0 ch0:  R_CMD: ACTCMD    R_r0= 0x12    at time   55528453 ps
inst0 ch0:  R_CMD: ACTCMD    R_f0= 0x0a    at time   55528867 ps
inst0 ch0:  R_CMD: ACTCMD    R_r1= 0x00    at time   55529281 ps
inst0 ch0:  R_CMD: ACTCMD    R_f1= 0x00    at time   55529695 ps
inst0 ch0:  C_CMD: RDCMD     C_r = 0x0e5   at time   55530937 ps
inst0 ch0:  C_CMD: RDCMD     C_f = 0x080   at time   55531351 ps
inst0 ch0:  C_CMD: RDCMD     C_r = 0x0ed   at time   55534249 ps
inst0 ch0:  C_CMD: RDCMD     C_f = 0x082   at time   55534663 ps
inst0 ch0:  C_CMD: RDCMD     C_r = 0x0a5   at time   55535905 ps
inst0 ch0:  C_CMD: RDCMD     C_f = 0x080   at time   55536319 ps
inst0 ch0:  C_CMD: RDCMD     C_r = 0x0ad   at time   55539217 ps
inst0 ch0:  C_CMD: RDCMD     C_f = 0x082   at time   55539631 ps
inst0 ch0:  C_CMD: RDCMD     C_r = 0x065   at time   55540873 ps
inst0 ch0:  C_CMD: RDCMD     C_f = 0x080   at time   55541287 ps
inst0 ch0:  C_CMD: RDCMD     C_r = 0x025   at time   55543357 ps
inst0 ch0:  C_CMD: RDCMD     C_f = 0x080   at time   55543771 ps
inst0 ch0:  C_CMD: RDCMD     C_r = 0x06d   at time   55545013 ps
inst0 ch0:  C_CMD: RDCMD     C_f = 0x082   at time   55545427 ps
inst0 ch0:  C_CMD: RDCMD     C_r = 0x02d   at time   55546669 ps
inst0 ch0:  C_CMD: RDCMD     C_f = 0x082   at time   55547083 ps
inst0 ch0:  R_CMD: ACTCMD    R_r0= 0x2a    at time   55761949 ps
inst0 ch0:  R_CMD: ACTCMD    R_f0= 0x22    at time   55762363 ps
inst0 ch0:  R_CMD: ACTCMD    R_r1= 0x00    at time   55762777 ps
inst0 ch0:  R_CMD: ACTCMD    R_f1= 0x00    at time   55763191 ps
inst0 ch0:  R_CMD: ACTCMD    R_r0= 0x0a    at time   55766089 ps
inst0 ch0:  R_CMD: ACTCMD    R_f0= 0x22    at time   55766503 ps
inst0 ch0:  R_CMD: ACTCMD    R_r1= 0x00    at time   55766917 ps
inst0 ch0:  R_CMD: ACTCMD    R_f1= 0x00    at time   55767331 ps
inst0 ch0:  R_CMD: ACTCMD    R_r0= 0x2a    at time   55770229 ps
inst0 ch0:  R_CMD: ACTCMD    R_f0= 0x02    at time   55770643 ps
inst0 ch0:  R_CMD: ACTCMD    R_r1= 0x00    at time   55771057 ps
inst0 ch0:  R_CMD: ACTCMD    R_f1= 0x00    at time   55771471 ps
inst0 ch0:  R_CMD: ACTCMD    R_r0= 0x0a    at time   55774369 ps
inst0 ch0:  R_CMD: ACTCMD    R_f0= 0x02    at time   55774783 ps
inst0 ch0:  R_CMD: ACTCMD    R_r1= 0x00    at time   55775197 ps
inst0 ch0:  R_CMD: ACTCMD    R_f1= 0x00    at time   55775611 ps
inst0 ch0:  C_CMD: RDCMD     C_r = 0x0d5   at time   55776853 ps
inst0 ch0:  C_CMD: RDCMD     C_f = 0x000   at time   55777267 ps
inst0 ch0:  C_CMD: RDCMD     C_r = 0x0dd   at time   55780165 ps
inst0 ch0:  C_CMD: RDCMD     C_f = 0x002   at time   55780579 ps
inst0 ch0:  C_CMD: RDCMD     C_r = 0x095   at time   55781821 ps
inst0 ch0:  C_CMD: RDCMD     C_f = 0x000   at time   55782235 ps
inst0 ch0:  C_CMD: RDCMD     C_r = 0x09d   at time   55785133 ps
inst0 ch0:  C_CMD: RDCMD     C_f = 0x002   at time   55785547 ps
inst0 ch0:  C_CMD: RDCMD     C_r = 0x055   at time   55786789 ps
inst0 ch0:  C_CMD: RDCMD     C_f = 0x000   at time   55787203 ps
inst0 ch0:  C_CMD: RDCMD     C_r = 0x015   at time   55789273 ps
inst0 ch0:  C_CMD: RDCMD     C_f = 0x000   at time   55789687 ps
inst0 ch0:  C_CMD: RDCMD     C_r = 0x05d   at time   55790929 ps
inst0 ch0:  C_CMD: RDCMD     C_f = 0x002   at time   55791343 ps
inst0 ch0:  C_CMD: RDCMD     C_r = 0x01d   at time   55792585 ps
inst0 ch0:  C_CMD: RDCMD     C_f = 0x002   at time   55792999 ps
inst0 ch0:  R_CMD: ACTCMD    R_r0= 0x3a    at time   55817425 ps
inst0 ch0:  R_CMD: ACTCMD    R_f0= 0x2a    at time   55817839 ps
inst0 ch0:  R_CMD: ACTCMD    R_r1= 0x00    at time   55818253 ps
inst0 ch0:  R_CMD: ACTCMD    R_f1= 0x00    at time   55818667 ps
inst0 ch0:  R_CMD: ACTCMD    R_r0= 0x1a    at time   55821565 ps
inst0 ch0:  R_CMD: ACTCMD    R_f0= 0x2a    at time   55821979 ps
inst0 ch0:  R_CMD: ACTCMD    R_r1= 0x00    at time   55822393 ps
inst0 ch0:  R_CMD: ACTCMD    R_f1= 0x00    at time   55822807 ps
inst0 ch0:  R_CMD: ACTCMD    R_r0= 0x3a    at time   55825705 ps
inst0 ch0:  R_CMD: ACTCMD    R_f0= 0x0a    at time   55826119 ps
inst0 ch0:  R_CMD: ACTCMD    R_r1= 0x00    at time   55826533 ps
inst0 ch0:  R_CMD: ACTCMD    R_f1= 0x00    at time   55826947 ps
inst0 ch0:  R_CMD: ACTCMD    R_r0= 0x1a    at time   55829845 ps
inst0 ch0:  R_CMD: ACTCMD    R_f0= 0x0a    at time   55830259 ps
inst0 ch0:  R_CMD: ACTCMD    R_r1= 0x00    at time   55830673 ps
inst0 ch0:  R_CMD: ACTCMD    R_f1= 0x00    at time   55831087 ps
inst0 ch0:  C_CMD: RDCMD     C_r = 0x0f5   at time   55832329 ps
inst0 ch0:  C_CMD: RDCMD     C_f = 0x080   at time   55832743 ps
inst0 ch0:  C_CMD: RDCMD     C_r = 0x0fd   at time   55835641 ps
inst0 ch0:  C_CMD: RDCMD     C_f = 0x082   at time   55836055 ps
inst0 ch0:  C_CMD: RDCMD     C_r = 0x0b5   at time   55837297 ps
inst0 ch0:  C_CMD: RDCMD     C_f = 0x080   at time   55837711 ps
inst0 ch0:  C_CMD: RDCMD     C_r = 0x0bd   at time   55840609 ps
inst0 ch0:  C_CMD: RDCMD     C_f = 0x082   at time   55841023 ps
inst0 ch0:  C_CMD: RDCMD     C_r = 0x075   at time   55842265 ps
inst0 ch0:  C_CMD: RDCMD     C_f = 0x080   at time   55842679 ps
inst0 ch0:  C_CMD: RDCMD     C_r = 0x035   at time   55844749 ps
inst0 ch0:  C_CMD: RDCMD     C_f = 0x080   at time   55845163 ps
inst0 ch0:  C_CMD: RDCMD     C_r = 0x07d   at time   55846405 ps
inst0 ch0:  C_CMD: RDCMD     C_f = 0x082   at time   55846819 ps
inst0 ch0:  C_CMD: RDCMD     C_r = 0x03d   at time   55848061 ps
inst0 ch0:  C_CMD: RDCMD     C_f = 0x082   at time   55848475 ps
inst0 ch0:  R_CMD: ACTCMD    R_r0= 0x32    at time   56117161 ps
inst0 ch0:  R_CMD: ACTCMD    R_f0= 0x22    at time   56117575 ps
inst0 ch0:  R_CMD: ACTCMD    R_r1= 0x00    at time   56117989 ps
inst0 ch0:  R_CMD: ACTCMD    R_f1= 0x00    at time   56118403 ps
inst0 ch0:  R_CMD: ACTCMD    R_r0= 0x12    at time   56121301 ps
inst0 ch0:  R_CMD: ACTCMD    R_f0= 0x22    at time   56121715 ps
inst0 ch0:  R_CMD: ACTCMD    R_r1= 0x00    at time   56122129 ps
inst0 ch0:  R_CMD: ACTCMD    R_f1= 0x00    at time   56122543 ps
inst0 ch0:  R_CMD: ACTCMD    R_r0= 0x32    at time   56125441 ps
inst0 ch0:  R_CMD: ACTCMD    R_f0= 0x02    at time   56125855 ps
inst0 ch0:  R_CMD: ACTCMD    R_r1= 0x00    at time   56126269 ps
inst0 ch0:  R_CMD: ACTCMD    R_f1= 0x00    at time   56126683 ps
inst0 ch0:  R_CMD: ACTCMD    R_r0= 0x12    at time   56129581 ps
inst0 ch0:  R_CMD: ACTCMD    R_f0= 0x02    at time   56129995 ps
inst0 ch0:  R_CMD: ACTCMD    R_r1= 0x00    at time   56130409 ps
inst0 ch0:  R_CMD: ACTCMD    R_f1= 0x00    at time   56130823 ps
inst0 ch0:  C_CMD: RDCMD     C_r = 0x0e5   at time   56132065 ps
inst0 ch0:  C_CMD: RDCMD     C_f = 0x000   at time   56132479 ps
inst0 ch0:  C_CMD: RDCMD     C_r = 0x0ed   at time   56135377 ps
inst0 ch0:  C_CMD: RDCMD     C_f = 0x002   at time   56135791 ps
inst0 ch0:  C_CMD: RDCMD     C_r = 0x0a5   at time   56137033 ps
inst0 ch0:  C_CMD: RDCMD     C_f = 0x000   at time   56137447 ps
inst0 ch0:  C_CMD: RDCMD     C_r = 0x0ad   at time   56140345 ps
inst0 ch0:  C_CMD: RDCMD     C_f = 0x002   at time   56140759 ps
inst0 ch0:  C_CMD: RDCMD     C_r = 0x065   at time   56142001 ps
inst0 ch0:  C_CMD: RDCMD     C_f = 0x000   at time   56142415 ps
inst0 ch0:  C_CMD: RDCMD     C_r = 0x025   at time   56144485 ps
inst0 ch0:  C_CMD: RDCMD     C_f = 0x000   at time   56144899 ps
inst0 ch0:  C_CMD: RDCMD     C_r = 0x06d   at time   56146141 ps
inst0 ch0:  C_CMD: RDCMD     C_f = 0x002   at time   56146555 ps
inst0 ch0:  C_CMD: RDCMD     C_r = 0x02d   at time   56147797 ps
inst0 ch0:  C_CMD: RDCMD     C_f = 0x002   at time   56148211 ps
inst0 ch0:  R_CMD: ACTCMD    R_r0= 0x02    at time   56570905 ps
inst0 ch0:  R_CMD: ACTCMD    R_f0= 0x18    at time   56571319 ps
inst0 ch0:  R_CMD: ACTCMD    R_r1= 0x3f    at time   56571733 ps
inst0 ch0:  R_CMD: ACTCMD    R_f1= 0x3b    at time   56572147 ps
inst0 ch0:  C_CMD: WRCMD     C_r = 0x009   at time   56581669 ps
inst0 ch0:  C_CMD: WRCMD     C_f = 0x0fa   at time   56582083 ps
inst0 ch0:  R_CMD: ACTCMD    R_r0= 0x3a    at time   56753893 ps
inst0 ch0:  R_CMD: ACTCMD    R_f0= 0x22    at time   56754307 ps
inst0 ch0:  R_CMD: ACTCMD    R_r1= 0x00    at time   56754721 ps
inst0 ch0:  R_CMD: ACTCMD    R_f1= 0x00    at time   56755135 ps
inst0 ch0:  R_CMD: ACTCMD    R_r0= 0x1a    at time   56758033 ps
inst0 ch0:  R_CMD: ACTCMD    R_f0= 0x22    at time   56758447 ps
inst0 ch0:  R_CMD: ACTCMD    R_r1= 0x00    at time   56758861 ps
inst0 ch0:  R_CMD: ACTCMD    R_f1= 0x00    at time   56759275 ps
inst0 ch0:  R_CMD: ACTCMD    R_r0= 0x3a    at time   56762173 ps
inst0 ch0:  R_CMD: ACTCMD    R_f0= 0x02    at time   56762587 ps
inst0 ch0:  R_CMD: ACTCMD    R_r1= 0x00    at time   56763001 ps
inst0 ch0:  R_CMD: ACTCMD    R_f1= 0x00    at time   56763415 ps
inst0 ch0:  R_CMD: ACTCMD    R_r0= 0x1a    at time   56766313 ps
inst0 ch0:  R_CMD: ACTCMD    R_f0= 0x02    at time   56766727 ps
inst0 ch0:  R_CMD: ACTCMD    R_r1= 0x00    at time   56767141 ps
inst0 ch0:  R_CMD: ACTCMD    R_f1= 0x00    at time   56767555 ps
inst0 ch0:  C_CMD: RDCMD     C_r = 0x0f5   at time   56768797 ps
inst0 ch0:  C_CMD: RDCMD     C_f = 0x000   at time   56769211 ps
inst0 ch0:  C_CMD: RDCMD     C_r = 0x0fd   at time   56772109 ps
inst0 ch0:  C_CMD: RDCMD     C_f = 0x002   at time   56772523 ps
inst0 ch0:  C_CMD: RDCMD     C_r = 0x0b5   at time   56773765 ps
inst0 ch0:  C_CMD: RDCMD     C_f = 0x000   at time   56774179 ps
inst0 ch0:  C_CMD: RDCMD     C_r = 0x0bd   at time   56777077 ps
inst0 ch0:  C_CMD: RDCMD     C_f = 0x002   at time   56777491 ps
inst0 ch0:  C_CMD: RDCMD     C_r = 0x075   at time   56778733 ps
inst0 ch0:  C_CMD: RDCMD     C_f = 0x000   at time   56779147 ps
inst0 ch0:  C_CMD: RDCMD     C_r = 0x035   at time   56781217 ps
inst0 ch0:  C_CMD: RDCMD     C_f = 0x000   at time   56781631 ps
inst0 ch0:  C_CMD: RDCMD     C_r = 0x07d   at time   56782873 ps
inst0 ch0:  C_CMD: RDCMD     C_f = 0x002   at time   56783287 ps
inst0 ch0:  C_CMD: RDCMD     C_r = 0x03d   at time   56784529 ps
inst0 ch0:  C_CMD: RDCMD     C_f = 0x002   at time   56784943 ps
inst0 ch0:  R_CMD: ACTCMD    R_r0= 0x0a    at time   56899621 ps
inst0 ch0:  R_CMD: ACTCMD    R_f0= 0x18    at time   56900035 ps
inst0 ch0:  R_CMD: ACTCMD    R_r1= 0x3f    at time   56900449 ps
inst0 ch0:  R_CMD: ACTCMD    R_f1= 0x3b    at time   56900863 ps
inst0 ch0:  C_CMD: WRCMD     C_r = 0x019   at time   56910385 ps
inst0 ch0:  C_CMD: WRCMD     C_f = 0x0fa   at time   56910799 ps
inst0 ch0:  R_CMD: ACTCMD    R_r0= 0x02    at time   57027133 ps
inst0 ch0:  R_CMD: ACTCMD    R_f0= 0x38    at time   57027547 ps
inst0 ch0:  R_CMD: ACTCMD    R_r1= 0x3f    at time   57027961 ps
inst0 ch0:  R_CMD: ACTCMD    R_f1= 0x3b    at time   57028375 ps
inst0 ch0:  C_CMD: WRCMD     C_r = 0x089   at time   57037897 ps
inst0 ch0:  C_CMD: WRCMD     C_f = 0x0fa   at time   57038311 ps
inst0 ch0:  R_CMD: ACTCMD    R_r0= 0x02    at time   57220057 ps
inst0 ch0:  R_CMD: ACTCMD    R_f0= 0x10    at time   57220471 ps
inst0 ch0:  R_CMD: ACTCMD    R_r1= 0x3f    at time   57220885 ps
inst0 ch0:  R_CMD: ACTCMD    R_f1= 0x3b    at time   57221299 ps
inst0 ch0:  C_CMD: WRCMD     C_r = 0x009   at time   57230821 ps
inst0 ch0:  C_CMD: WRCMD     C_f = 0x07a   at time   57231235 ps
inst0 ch0:  R_CMD: ACTCMD    R_r0= 0x0a    at time   57315277 ps
inst0 ch0:  R_CMD: ACTCMD    R_f0= 0x38    at time   57315691 ps
inst0 ch0:  R_CMD: ACTCMD    R_r1= 0x3f    at time   57316105 ps
inst0 ch0:  R_CMD: ACTCMD    R_f1= 0x3b    at time   57316519 ps
inst0 ch0:  C_CMD: WRCMD     C_r = 0x099   at time   57326041 ps
inst0 ch0:  C_CMD: WRCMD     C_f = 0x0fa   at time   57326455 ps
inst0 ch0:  R_CMD: ACTCMD    R_r0= 0x0a    at time   58239325 ps
inst0 ch0:  R_CMD: ACTCMD    R_f0= 0x10    at time   58239739 ps
inst0 ch0:  R_CMD: ACTCMD    R_r1= 0x3f    at time   58240153 ps
inst0 ch0:  R_CMD: ACTCMD    R_f1= 0x3b    at time   58240567 ps
inst0 ch0:  C_CMD: WRCMD     C_r = 0x019   at time   58250089 ps
inst0 ch0:  C_CMD: WRCMD     C_f = 0x07a   at time   58250503 ps
inst0 ch0:  R_CMD: ACTCMD    R_r0= 0x02    at time   58366837 ps
inst0 ch0:  R_CMD: ACTCMD    R_f0= 0x30    at time   58367251 ps
inst0 ch0:  R_CMD: ACTCMD    R_r1= 0x3f    at time   58367665 ps
inst0 ch0:  R_CMD: ACTCMD    R_f1= 0x3b    at time   58368079 ps
inst0 ch0:  C_CMD: WRCMD     C_r = 0x089   at time   58377601 ps
inst0 ch0:  C_CMD: WRCMD     C_f = 0x07a   at time   58378015 ps
inst0 ch0:  R_CMD: ACTCMD    R_r0= 0x0a    at time   58494349 ps
inst0 ch0:  R_CMD: ACTCMD    R_f0= 0x30    at time   58494763 ps
inst0 ch0:  R_CMD: ACTCMD    R_r1= 0x3f    at time   58495177 ps
inst0 ch0:  R_CMD: ACTCMD    R_f1= 0x3b    at time   58495591 ps
inst0 ch0:  C_CMD: WRCMD     C_r = 0x099   at time   58505113 ps
inst0 ch0:  C_CMD: WRCMD     C_f = 0x07a   at time   58505527 ps
inst0 ch0:  R_CMD: ACTCMD    R_r0= 0x0a    at time   58606129 ps
inst0 ch0:  R_CMD: ACTCMD    R_f0= 0x1b    at time   58606543 ps
inst0 ch0:  R_CMD: ACTCMD    R_r1= 0x3f    at time   58606957 ps
inst0 ch0:  R_CMD: ACTCMD    R_f1= 0x3b    at time   58607371 ps
inst0 ch0:  C_CMD: WRCMD     C_r = 0x019   at time   58616893 ps
inst0 ch0:  C_CMD: WRCMD     C_f = 0x090   at time   58617307 ps
inst0 ch0:  R_CMD: ACTCMD    R_r0= 0x02    at time   59186557 ps
inst0 ch0:  R_CMD: ACTCMD    R_f0= 0x1b    at time   59186971 ps
inst0 ch0:  R_CMD: ACTCMD    R_r1= 0x3f    at time   59187385 ps
inst0 ch0:  R_CMD: ACTCMD    R_f1= 0x3b    at time   59187799 ps
inst0 ch0:  R_CMD: ACTCMD    R_r0= 0x0a    at time   59196493 ps
inst0 ch0:  R_CMD: ACTCMD    R_f0= 0x13    at time   59196907 ps
inst0 ch0:  R_CMD: ACTCMD    R_r1= 0x3f    at time   59197321 ps
inst0 ch0:  C_CMD: WRCMD     C_r = 0x009   at time   59197321 ps
inst0 ch0:  R_CMD: ACTCMD    R_f1= 0x3b    at time   59197735 ps
inst0 ch0:  C_CMD: WRCMD     C_f = 0x080   at time   59197735 ps
inst0 ch0:  C_CMD: WRCMD     C_r = 0x019   at time   59207257 ps
inst0 ch0:  C_CMD: WRCMD     C_f = 0x010   at time   59207671 ps
inst0 ch0:  R_CMD: ACTCMD    R_r0= 0x02    at time   59628709 ps
inst0 ch0:  R_CMD: ACTCMD    R_f0= 0x13    at time   59629123 ps
inst0 ch0:  R_CMD: ACTCMD    R_r1= 0x3f    at time   59629537 ps
inst0 ch0:  R_CMD: ACTCMD    R_f1= 0x3b    at time   59629951 ps
inst0 ch0:  C_CMD: WRCMD     C_r = 0x009   at time   59639473 ps
inst0 ch0:  C_CMD: WRCMD     C_f = 0x000   at time   59639887 ps
inst0 ch0:  R_CMD: ACTCMD    R_r0= 0x02    at time   60795361 ps
inst0 ch0:  R_CMD: ACTCMD    R_f0= 0x08    at time   60795775 ps
inst0 ch0:  R_CMD: ACTCMD    R_r1= 0x00    at time   60796189 ps
inst0 ch0:  R_CMD: ACTCMD    R_f1= 0x00    at time   60796603 ps
inst0 ch0:  C_CMD: RDCMD     C_r = 0x005   at time   60810265 ps
inst0 ch0:  C_CMD: RDCMD     C_f = 0x098   at time   60810679 ps
inst0 ch0:  C_CMD: RDCMD     C_r = 0x005   at time   60813577 ps
inst0 ch0:  C_CMD: RDCMD     C_f = 0x09a   at time   60813991 ps
inst0 ch0:  C_CMD: RDCMD     C_r = 0x005   at time   60816889 ps
inst0 ch0:  C_CMD: RDCMD     C_f = 0x090   at time   60817303 ps
inst0 ch0:  C_CMD: RDCMD     C_r = 0x005   at time   60820201 ps
inst0 ch0:  C_CMD: RDCMD     C_f = 0x092   at time   60820615 ps
inst0 ch0:  C_CMD: RDCMD     C_r = 0x005   at time   60823513 ps
inst0 ch0:  C_CMD: RDCMD     C_f = 0x088   at time   60823927 ps
inst0 ch0:  C_CMD: RDCMD     C_r = 0x005   at time   60826825 ps
inst0 ch0:  C_CMD: RDCMD     C_f = 0x08a   at time   60827239 ps
inst0 ch0:  C_CMD: RDCMD     C_r = 0x005   at time   60830137 ps
inst0 ch0:  C_CMD: RDCMD     C_f = 0x080   at time   60830551 ps
inst0 ch0:  C_CMD: RDCMD     C_r = 0x00d   at time   60833449 ps
inst0 ch0:  C_CMD: RDCMD     C_f = 0x082   at time   60833863 ps
inst0 ch0:  R_CMD: ACTCMD    R_r0= 0x0a    at time   61071085 ps
inst0 ch0:  R_CMD: ACTCMD    R_f0= 0x08    at time   61071499 ps
inst0 ch0:  R_CMD: ACTCMD    R_r1= 0x00    at time   61071913 ps
inst0 ch0:  R_CMD: ACTCMD    R_f1= 0x00    at time   61072327 ps
inst0 ch0:  C_CMD: RDCMD     C_r = 0x015   at time   61085989 ps
inst0 ch0:  C_CMD: RDCMD     C_f = 0x098   at time   61086403 ps
inst0 ch0:  C_CMD: RDCMD     C_r = 0x015   at time   61089301 ps
inst0 ch0:  C_CMD: RDCMD     C_f = 0x09a   at time   61089715 ps
inst0 ch0:  C_CMD: RDCMD     C_r = 0x015   at time   61092613 ps
inst0 ch0:  C_CMD: RDCMD     C_f = 0x090   at time   61093027 ps
inst0 ch0:  C_CMD: RDCMD     C_r = 0x015   at time   61095925 ps
inst0 ch0:  C_CMD: RDCMD     C_f = 0x092   at time   61096339 ps
inst0 ch0:  C_CMD: RDCMD     C_r = 0x015   at time   61099237 ps
inst0 ch0:  C_CMD: RDCMD     C_f = 0x088   at time   61099651 ps
inst0 ch0:  C_CMD: RDCMD     C_r = 0x015   at time   61102549 ps
inst0 ch0:  C_CMD: RDCMD     C_f = 0x08a   at time   61102963 ps
inst0 ch0:  C_CMD: RDCMD     C_r = 0x015   at time   61105861 ps
inst0 ch0:  C_CMD: RDCMD     C_f = 0x080   at time   61106275 ps
inst0 ch0:  C_CMD: RDCMD     C_r = 0x01d   at time   61109173 ps
inst0 ch0:  C_CMD: RDCMD     C_f = 0x082   at time   61109587 ps
inst0 ch0:  R_CMD: ACTCMD    R_r0= 0x02    at time   61177069 ps
inst0 ch0:  R_CMD: ACTCMD    R_f0= 0x00    at time   61177483 ps
inst0 ch0:  R_CMD: ACTCMD    R_r1= 0x00    at time   61177897 ps
inst0 ch0:  R_CMD: ACTCMD    R_f1= 0x00    at time   61178311 ps
inst0 ch0:  C_CMD: RDCMD     C_r = 0x005   at time   61191973 ps
inst0 ch0:  C_CMD: RDCMD     C_f = 0x018   at time   61192387 ps
inst0 ch0:  C_CMD: RDCMD     C_r = 0x005   at time   61195285 ps
inst0 ch0:  C_CMD: RDCMD     C_f = 0x01a   at time   61195699 ps
inst0 ch0:  C_CMD: RDCMD     C_r = 0x005   at time   61198597 ps
inst0 ch0:  C_CMD: RDCMD     C_f = 0x010   at time   61199011 ps
inst0 ch0:  C_CMD: RDCMD     C_r = 0x005   at time   61201909 ps
inst0 ch0:  C_CMD: RDCMD     C_f = 0x012   at time   61202323 ps
inst0 ch0:  C_CMD: RDCMD     C_r = 0x005   at time   61205221 ps
inst0 ch0:  C_CMD: RDCMD     C_f = 0x008   at time   61205635 ps
inst0 ch0:  C_CMD: RDCMD     C_r = 0x00d   at time   61208533 ps
inst0 ch0:  C_CMD: RDCMD     C_f = 0x00a   at time   61208947 ps
inst0 ch0:  R_CMD: ACTCMD    R_r0= 0x02    at time   61240825 ps
inst0 ch0:  R_CMD: ACTCMD    R_f0= 0x00    at time   61241239 ps
inst0 ch0:  R_CMD: ACTCMD    R_r1= 0x00    at time   61241653 ps
inst0 ch0:  R_CMD: ACTCMD    R_f1= 0x00    at time   61242067 ps
inst0 ch0:  C_CMD: RDCMD     C_r = 0x005   at time   61255729 ps
inst0 ch0:  C_CMD: RDCMD     C_f = 0x000   at time   61256143 ps
inst0 ch0:  C_CMD: RDCMD     C_r = 0x00d   at time   61259041 ps
inst0 ch0:  C_CMD: RDCMD     C_f = 0x002   at time   61259455 ps
inst0 ch0:  R_CMD: ACTCMD    R_r0= 0x0a    at time   61405597 ps
inst0 ch0:  R_CMD: ACTCMD    R_f0= 0x08    at time   61406011 ps
inst0 ch0:  R_CMD: ACTCMD    R_r1= 0x00    at time   61406425 ps
inst0 ch0:  R_CMD: ACTCMD    R_f1= 0x00    at time   61406839 ps
inst0 ch0:  C_CMD: WRCMD     C_r = 0x011   at time   61416361 ps
inst0 ch0:  C_CMD: WRCMD     C_f = 0x0b8   at time   61416775 ps
inst0 ch0:  C_CMD: WRCMD     C_r = 0x011   at time   61419673 ps
inst0 ch0:  C_CMD: WRCMD     C_f = 0x0ba   at time   61420087 ps
inst0 ch0:  C_CMD: WRCMD     C_r = 0x011   at time   61422985 ps
inst0 ch0:  C_CMD: WRCMD     C_f = 0x0b0   at time   61423399 ps
inst0 ch0:  C_CMD: WRCMD     C_r = 0x011   at time   61426297 ps
inst0 ch0:  C_CMD: WRCMD     C_f = 0x0b2   at time   61426711 ps
inst0 ch0:  C_CMD: WRCMD     C_r = 0x011   at time   61429609 ps
inst0 ch0:  C_CMD: WRCMD     C_f = 0x0a8   at time   61430023 ps
inst0 ch0:  C_CMD: WRCMD     C_r = 0x011   at time   61432921 ps
inst0 ch0:  C_CMD: WRCMD     C_f = 0x0aa   at time   61433335 ps
inst0 ch0:  C_CMD: WRCMD     C_r = 0x011   at time   61436233 ps
inst0 ch0:  C_CMD: WRCMD     C_f = 0x0a0   at time   61436647 ps
inst0 ch0:  C_CMD: WRCMD     C_r = 0x019   at time   61439545 ps
inst0 ch0:  C_CMD: WRCMD     C_f = 0x0a2   at time   61439959 ps
inst0 ch0:  R_CMD: ACTCMD    R_r0= 0x0a    at time   61923925 ps
inst0 ch0:  R_CMD: ACTCMD    R_f0= 0x00    at time   61924339 ps
inst0 ch0:  R_CMD: ACTCMD    R_r1= 0x00    at time   61924753 ps
inst0 ch0:  R_CMD: ACTCMD    R_f1= 0x00    at time   61925167 ps
inst0 ch0:  C_CMD: RDCMD     C_r = 0x015   at time   61938829 ps
inst0 ch0:  C_CMD: RDCMD     C_f = 0x018   at time   61939243 ps
inst0 ch0:  C_CMD: RDCMD     C_r = 0x015   at time   61942141 ps
inst0 ch0:  C_CMD: RDCMD     C_f = 0x01a   at time   61942555 ps
inst0 ch0:  C_CMD: RDCMD     C_r = 0x015   at time   61945453 ps
inst0 ch0:  C_CMD: RDCMD     C_f = 0x010   at time   61945867 ps
inst0 ch0:  C_CMD: RDCMD     C_r = 0x015   at time   61948765 ps
inst0 ch0:  C_CMD: RDCMD     C_f = 0x012   at time   61949179 ps
inst0 ch0:  C_CMD: RDCMD     C_r = 0x015   at time   61952077 ps
inst0 ch0:  C_CMD: RDCMD     C_f = 0x008   at time   61952491 ps
inst0 ch0:  C_CMD: RDCMD     C_r = 0x015   at time   61955389 ps
inst0 ch0:  C_CMD: RDCMD     C_f = 0x00a   at time   61955803 ps
inst0 ch0:  C_CMD: RDCMD     C_r = 0x015   at time   61958701 ps
inst0 ch0:  C_CMD: RDCMD     C_f = 0x000   at time   61959115 ps
inst0 ch0:  C_CMD: RDCMD     C_r = 0x01d   at time   61962013 ps
inst0 ch0:  C_CMD: RDCMD     C_f = 0x002   at time   61962427 ps
inst0 ch0:  R_CMD: ACTCMD    R_r0= 0x0a    at time   62156593 ps
inst0 ch0:  R_CMD: ACTCMD    R_f0= 0x00    at time   62157007 ps
inst0 ch0:  R_CMD: ACTCMD    R_r1= 0x00    at time   62157421 ps
inst0 ch0:  R_CMD: ACTCMD    R_f1= 0x00    at time   62157835 ps
inst0 ch0:  C_CMD: WRCMD     C_r = 0x011   at time   62167357 ps
inst0 ch0:  C_CMD: WRCMD     C_f = 0x038   at time   62167771 ps
inst0 ch0:  C_CMD: WRCMD     C_r = 0x011   at time   62170669 ps
inst0 ch0:  C_CMD: WRCMD     C_f = 0x03a   at time   62171083 ps
inst0 ch0:  C_CMD: WRCMD     C_r = 0x011   at time   62173981 ps
inst0 ch0:  C_CMD: WRCMD     C_f = 0x030   at time   62174395 ps
inst0 ch0:  C_CMD: WRCMD     C_r = 0x011   at time   62177293 ps
inst0 ch0:  C_CMD: WRCMD     C_f = 0x032   at time   62177707 ps
inst0 ch0:  C_CMD: WRCMD     C_r = 0x011   at time   62180605 ps
inst0 ch0:  C_CMD: WRCMD     C_f = 0x028   at time   62181019 ps
inst0 ch0:  C_CMD: WRCMD     C_r = 0x011   at time   62183917 ps
inst0 ch0:  C_CMD: WRCMD     C_f = 0x02a   at time   62184331 ps
inst0 ch0:  C_CMD: WRCMD     C_r = 0x011   at time   62187229 ps
inst0 ch0:  C_CMD: WRCMD     C_f = 0x020   at time   62187643 ps
inst0 ch0:  C_CMD: WRCMD     C_r = 0x019   at time   62190541 ps
inst0 ch0:  C_CMD: WRCMD     C_f = 0x022   at time   62190955 ps
inst0 ch0:  R_CMD: ACTCMD    R_r0= 0x02    at time   62289073 ps
inst0 ch0:  R_CMD: ACTCMD    R_f0= 0x1b    at time   62289487 ps
inst0 ch0:  R_CMD: ACTCMD    R_r1= 0x3f    at time   62289901 ps
inst0 ch0:  R_CMD: ACTCMD    R_f1= 0x3b    at time   62290315 ps
inst0 ch0:  C_CMD: WRCMD     C_r = 0x009   at time   62299837 ps
inst0 ch0:  C_CMD: WRCMD     C_f = 0x080   at time   62300251 ps
inst0 ch0:  R_CMD: ACTCMD    R_r0= 0x0a    at time   62621101 ps
inst0 ch0:  R_CMD: ACTCMD    R_f0= 0x19    at time   62621515 ps
inst0 ch0:  R_CMD: ACTCMD    R_r1= 0x3f    at time   62621929 ps
inst0 ch0:  R_CMD: ACTCMD    R_f1= 0x3b    at time   62622343 ps
inst0 ch0:  R_CMD: ACTCMD    R_r0= 0x02    at time   62625241 ps
inst0 ch0:  R_CMD: ACTCMD    R_f0= 0x19    at time   62625655 ps
inst0 ch0:  R_CMD: ACTCMD    R_r1= 0x3f    at time   62626069 ps
inst0 ch0:  R_CMD: ACTCMD    R_f1= 0x3b    at time   62626483 ps
inst0 ch0:  C_CMD: WRCMD     C_r = 0x019   at time   62631865 ps
inst0 ch0:  C_CMD: WRCMD     C_f = 0x0fa   at time   62632279 ps
inst0 ch0:  C_CMD: WRCMD     C_r = 0x009   at time   62636005 ps
inst0 ch0:  C_CMD: WRCMD     C_f = 0x0fa   at time   62636419 ps
inst0 ch0:  R_CMD: ACTCMD    R_r0= 0x0a    at time   62887717 ps
inst0 ch0:  R_CMD: ACTCMD    R_f0= 0x0a    at time   62888131 ps
inst0 ch0:  R_CMD: ACTCMD    R_r1= 0x00    at time   62888545 ps
inst0 ch0:  R_CMD: ACTCMD    R_f1= 0x00    at time   62888959 ps
inst0 ch0:  R_CMD: ACTCMD    R_r0= 0x02    at time   62891857 ps
inst0 ch0:  R_CMD: ACTCMD    R_f0= 0x0a    at time   62892271 ps
inst0 ch0:  R_CMD: ACTCMD    R_r1= 0x00    at time   62892685 ps
inst0 ch0:  R_CMD: ACTCMD    R_f1= 0x00    at time   62893099 ps
inst0 ch0:  C_CMD: RDCMD     C_r = 0x015   at time   62902621 ps
inst0 ch0:  C_CMD: RDCMD     C_f = 0x080   at time   62903035 ps
inst0 ch0:  C_CMD: RDCMD     C_r = 0x01d   at time   62905933 ps
inst0 ch0:  C_CMD: RDCMD     C_f = 0x082   at time   62906347 ps
inst0 ch0:  C_CMD: RDCMD     C_r = 0x005   at time   62909245 ps
inst0 ch0:  C_CMD: RDCMD     C_f = 0x080   at time   62909659 ps
inst0 ch0:  C_CMD: RDCMD     C_r = 0x00d   at time   62912557 ps
inst0 ch0:  C_CMD: RDCMD     C_f = 0x082   at time   62912971 ps
inst0 ch0:  R_CMD: ACTCMD    R_r0= 0x02    at time   63208153 ps
inst0 ch0:  R_CMD: ACTCMD    R_f0= 0x13    at time   63208567 ps
inst0 ch0:  R_CMD: ACTCMD    R_r1= 0x3f    at time   63208981 ps
inst0 ch0:  R_CMD: ACTCMD    R_f1= 0x3b    at time   63209395 ps
inst0 ch0:  C_CMD: WRCMD     C_r = 0x009   at time   63218917 ps
inst0 ch0:  C_CMD: WRCMD     C_f = 0x000   at time   63219331 ps
inst0 ch0:  R_CMD: ACTCMD    R_r0= 0x0a    at time   63920233 ps
inst0 ch0:  R_CMD: ACTCMD    R_f0= 0x11    at time   63920647 ps
inst0 ch0:  R_CMD: ACTCMD    R_r1= 0x3f    at time   63921061 ps
inst0 ch0:  R_CMD: ACTCMD    R_f1= 0x3b    at time   63921475 ps
inst0 ch0:  R_CMD: ACTCMD    R_r0= 0x02    at time   63924373 ps
inst0 ch0:  R_CMD: ACTCMD    R_f0= 0x11    at time   63924787 ps
inst0 ch0:  R_CMD: ACTCMD    R_r1= 0x3f    at time   63925201 ps
inst0 ch0:  R_CMD: ACTCMD    R_f1= 0x3b    at time   63925615 ps
inst0 ch0:  C_CMD: WRCMD     C_r = 0x019   at time   63930997 ps
inst0 ch0:  C_CMD: WRCMD     C_f = 0x07a   at time   63931411 ps
inst0 ch0:  C_CMD: WRCMD     C_r = 0x009   at time   63935137 ps
inst0 ch0:  C_CMD: WRCMD     C_f = 0x07a   at time   63935551 ps
inst0 ch0:  R_CMD: ACTCMD    R_r0= 0x0a    at time   64128061 ps
inst0 ch0:  R_CMD: ACTCMD    R_f0= 0x02    at time   64128475 ps
inst0 ch0:  R_CMD: ACTCMD    R_r1= 0x00    at time   64128889 ps
inst0 ch0:  R_CMD: ACTCMD    R_f1= 0x00    at time   64129303 ps
inst0 ch0:  R_CMD: ACTCMD    R_r0= 0x02    at time   64132201 ps
inst0 ch0:  R_CMD: ACTCMD    R_f0= 0x02    at time   64132615 ps
inst0 ch0:  R_CMD: ACTCMD    R_r1= 0x00    at time   64133029 ps
inst0 ch0:  R_CMD: ACTCMD    R_f1= 0x00    at time   64133443 ps
inst0 ch0:  C_CMD: RDCMD     C_r = 0x015   at time   64142965 ps
inst0 ch0:  C_CMD: RDCMD     C_f = 0x000   at time   64143379 ps
inst0 ch0:  C_CMD: RDCMD     C_r = 0x01d   at time   64146277 ps
inst0 ch0:  C_CMD: RDCMD     C_f = 0x002   at time   64146691 ps
inst0 ch0:  C_CMD: RDCMD     C_r = 0x005   at time   64149589 ps
inst0 ch0:  C_CMD: RDCMD     C_f = 0x000   at time   64150003 ps
inst0 ch0:  C_CMD: RDCMD     C_r = 0x00d   at time   64152901 ps
inst0 ch0:  C_CMD: RDCMD     C_f = 0x002   at time   64153315 ps
