inst0 ch0:  R_CMD: ACTCMD    R_r0= 0x0e    at time   33400981 ps
inst0 ch0:  R_CMD: ACTCMD    R_f0= 0x28    at time   33401395 ps
inst0 ch0:  R_CMD: ACTCMD    R_r1= 0x00    at time   33401809 ps
inst0 ch0:  R_CMD: ACTCMD    R_f1= 0x02    at time   33402223 ps
inst0 ch0:  R_CMD: ACTCMD    R_r0= 0x0e    at time   33402637 ps
inst0 ch0:  R_CMD: ACTCMD    R_f0= 0x20    at time   33403051 ps
inst0 ch0:  R_CMD: ACTCMD    R_r1= 0x00    at time   33403465 ps
inst0 ch0:  R_CMD: ACTCMD    R_f1= 0x02    at time   33403879 ps
inst0 ch0:  C_CMD: RDCMD     C_r = 0x095   at time   33415885 ps
inst0 ch0:  C_CMD: RDCMD     C_f = 0x0a9   at time   33416299 ps
inst0 ch0:  C_CMD: RDCMD     C_r = 0x095   at time   33417541 ps
inst0 ch0:  C_CMD: RDCMD     C_f = 0x029   at time   33417955 ps
inst0 ch0:  C_CMD: RDCMD     C_r = 0x095   at time   33419197 ps
inst0 ch0:  C_CMD: RDCMD     C_f = 0x0ab   at time   33419611 ps
inst0 ch0:  C_CMD: RDCMD     C_r = 0x095   at time   33420853 ps
inst0 ch0:  C_CMD: RDCMD     C_f = 0x02b   at time   33421267 ps
inst0 ch0:  C_CMD: RDCMD     C_r = 0x095   at time   33422509 ps
inst0 ch0:  C_CMD: RDCMD     C_f = 0x0a1   at time   33422923 ps
inst0 ch0:  C_CMD: RDCMD     C_r = 0x095   at time   33424165 ps
inst0 ch0:  C_CMD: RDCMD     C_f = 0x021   at time   33424579 ps
inst0 ch0:  C_CMD: RDCMD     C_r = 0x09d   at time   33425821 ps
inst0 ch0:  C_CMD: RDCMD     C_f = 0x0a3   at time   33426235 ps
inst0 ch0:  C_CMD: RDCMD     C_r = 0x09d   at time   33427477 ps
inst0 ch0:  C_CMD: RDCMD     C_f = 0x023   at time   33427891 ps
inst0 ch0:  R_CMD: ACTCMD    R_r0= 0x0e    at time   33471361 ps
inst0 ch0:  R_CMD: ACTCMD    R_f0= 0x28    at time   33471775 ps
inst0 ch0:  R_CMD: ACTCMD    R_r1= 0x00    at time   33472189 ps
inst0 ch0:  R_CMD: ACTCMD    R_f1= 0x02    at time   33472603 ps
inst0 ch0:  R_CMD: ACTCMD    R_r0= 0x0e    at time   33473845 ps
inst0 ch0:  R_CMD: ACTCMD    R_f0= 0x20    at time   33474259 ps
inst0 ch0:  R_CMD: ACTCMD    R_r1= 0x00    at time   33474673 ps
inst0 ch0:  R_CMD: ACTCMD    R_f1= 0x02    at time   33475087 ps
inst0 ch0:  C_CMD: WRCMD     C_r = 0x091   at time   33482125 ps
inst0 ch0:  C_CMD: WRCMD     C_f = 0x0a9   at time   33482539 ps
inst0 ch0:  C_CMD: WRCMD     C_r = 0x091   at time   33484609 ps
inst0 ch0:  C_CMD: WRCMD     C_f = 0x029   at time   33485023 ps
inst0 ch0:  C_CMD: WRCMD     C_r = 0x091   at time   33485437 ps
inst0 ch0:  C_CMD: WRCMD     C_f = 0x0ab   at time   33485851 ps
inst0 ch0:  C_CMD: WRCMD     C_r = 0x091   at time   33487921 ps
inst0 ch0:  C_CMD: WRCMD     C_f = 0x02b   at time   33488335 ps
inst0 ch0:  C_CMD: WRCMD     C_r = 0x091   at time   33488749 ps
inst0 ch0:  C_CMD: WRCMD     C_f = 0x0a1   at time   33489163 ps
inst0 ch0:  C_CMD: WRCMD     C_r = 0x091   at time   33491233 ps
inst0 ch0:  C_CMD: WRCMD     C_f = 0x021   at time   33491647 ps
inst0 ch0:  C_CMD: WRCMD     C_r = 0x099   at time   33492061 ps
inst0 ch0:  C_CMD: WRCMD     C_f = 0x0a3   at time   33492475 ps
inst0 ch0:  C_CMD: WRCMD     C_r = 0x099   at time   33494545 ps
inst0 ch0:  C_CMD: WRCMD     C_f = 0x023   at time   33494959 ps
inst0 ch0:  R_CMD: ACTCMD    R_r0= 0x26    at time   54263269 ps
inst0 ch0:  R_CMD: ACTCMD    R_f0= 0x28    at time   54263683 ps
inst0 ch0:  R_CMD: ACTCMD    R_r1= 0x00    at time   54264097 ps
inst0 ch0:  R_CMD: ACTCMD    R_f1= 0x02    at time   54264511 ps
inst0 ch0:  R_CMD: ACTCMD    R_r0= 0x26    at time   54265753 ps
inst0 ch0:  R_CMD: ACTCMD    R_f0= 0x20    at time   54266167 ps
inst0 ch0:  R_CMD: ACTCMD    R_r1= 0x00    at time   54266581 ps
inst0 ch0:  R_CMD: ACTCMD    R_f1= 0x02    at time   54266995 ps
inst0 ch0:  C_CMD: RDCMD     C_r = 0x0c5   at time   54278173 ps
inst0 ch0:  C_CMD: RDCMD     C_f = 0x0a9   at time   54278587 ps
inst0 ch0:  C_CMD: RDCMD     C_r = 0x0c5   at time   54280657 ps
inst0 ch0:  C_CMD: RDCMD     C_f = 0x029   at time   54281071 ps
inst0 ch0:  C_CMD: RDCMD     C_r = 0x0c5   at time   54281485 ps
inst0 ch0:  C_CMD: RDCMD     C_f = 0x0ab   at time   54281899 ps
inst0 ch0:  C_CMD: RDCMD     C_r = 0x0c5   at time   54283969 ps
inst0 ch0:  C_CMD: RDCMD     C_f = 0x02b   at time   54284383 ps
inst0 ch0:  C_CMD: RDCMD     C_r = 0x0c5   at time   54284797 ps
inst0 ch0:  C_CMD: RDCMD     C_f = 0x0a1   at time   54285211 ps
inst0 ch0:  C_CMD: RDCMD     C_r = 0x0c5   at time   54287281 ps
inst0 ch0:  C_CMD: RDCMD     C_f = 0x021   at time   54287695 ps
inst0 ch0:  C_CMD: RDCMD     C_r = 0x0cd   at time   54288109 ps
inst0 ch0:  C_CMD: RDCMD     C_f = 0x0a3   at time   54288523 ps
inst0 ch0:  C_CMD: RDCMD     C_r = 0x0cd   at time   54290593 ps
inst0 ch0:  C_CMD: RDCMD     C_f = 0x023   at time   54291007 ps
inst0 ch0:  R_CMD: ACTCMD    R_r0= 0x26    at time   54333649 ps
inst0 ch0:  R_CMD: ACTCMD    R_f0= 0x28    at time   54334063 ps
inst0 ch0:  R_CMD: ACTCMD    R_r1= 0x00    at time   54334477 ps
inst0 ch0:  R_CMD: ACTCMD    R_f1= 0x02    at time   54334891 ps
inst0 ch0:  R_CMD: ACTCMD    R_r0= 0x26    at time   54336133 ps
inst0 ch0:  R_CMD: ACTCMD    R_f0= 0x20    at time   54336547 ps
inst0 ch0:  R_CMD: ACTCMD    R_r1= 0x00    at time   54336961 ps
inst0 ch0:  R_CMD: ACTCMD    R_f1= 0x02    at time   54337375 ps
inst0 ch0:  C_CMD: WRCMD     C_r = 0x0c1   at time   54344413 ps
inst0 ch0:  C_CMD: WRCMD     C_f = 0x0a9   at time   54344827 ps
inst0 ch0:  C_CMD: WRCMD     C_r = 0x0c1   at time   54346897 ps
inst0 ch0:  C_CMD: WRCMD     C_f = 0x029   at time   54347311 ps
inst0 ch0:  C_CMD: WRCMD     C_r = 0x0c1   at time   54347725 ps
inst0 ch0:  C_CMD: WRCMD     C_f = 0x0ab   at time   54348139 ps
inst0 ch0:  C_CMD: WRCMD     C_r = 0x0c1   at time   54350209 ps
inst0 ch0:  C_CMD: WRCMD     C_f = 0x02b   at time   54350623 ps
inst0 ch0:  C_CMD: WRCMD     C_r = 0x0c1   at time   54351037 ps
inst0 ch0:  C_CMD: WRCMD     C_f = 0x0a1   at time   54351451 ps
inst0 ch0:  C_CMD: WRCMD     C_r = 0x0c1   at time   54353521 ps
inst0 ch0:  C_CMD: WRCMD     C_f = 0x021   at time   54353935 ps
inst0 ch0:  C_CMD: WRCMD     C_r = 0x0c9   at time   54354349 ps
inst0 ch0:  C_CMD: WRCMD     C_f = 0x0a3   at time   54354763 ps
inst0 ch0:  C_CMD: WRCMD     C_r = 0x0c9   at time   54356833 ps
inst0 ch0:  C_CMD: WRCMD     C_f = 0x023   at time   54357247 ps
inst0 ch0:  R_CMD: ACTCMD    R_r0= 0x22    at time  124918993 ps
inst0 ch0:  R_CMD: ACTCMD    R_f0= 0x2a    at time  124919407 ps
inst0 ch0:  R_CMD: ACTCMD    R_r1= 0x00    at time  124919821 ps
inst0 ch0:  R_CMD: ACTCMD    R_f1= 0x00    at time  124920235 ps
inst0 ch0:  C_CMD: RDCMD     C_r = 0x0c5   at time  124933897 ps
inst0 ch0:  C_CMD: RDCMD     C_f = 0x080   at time  124934311 ps
inst0 ch0:  C_CMD: RDCMD     C_r = 0x0cd   at time  124937209 ps
inst0 ch0:  C_CMD: RDCMD     C_f = 0x082   at time  124937623 ps
inst0 ch0:  R_CMD: ACTCMD    R_r0= 0x02    at time  124952113 ps
inst0 ch0:  R_CMD: ACTCMD    R_f0= 0x2a    at time  124952527 ps
inst0 ch0:  R_CMD: ACTCMD    R_r1= 0x00    at time  124952941 ps
inst0 ch0:  R_CMD: ACTCMD    R_f1= 0x00    at time  124953355 ps
inst0 ch0:  R_CMD: ACTCMD    R_r0= 0x22    at time  124953769 ps
inst0 ch0:  R_CMD: ACTCMD    R_f0= 0x22    at time  124954183 ps
inst0 ch0:  R_CMD: ACTCMD    R_r1= 0x00    at time  124954597 ps
inst0 ch0:  R_CMD: ACTCMD    R_f1= 0x00    at time  124955011 ps
inst0 ch0:  R_CMD: ACTCMD    R_r0= 0x22    at time  124956253 ps
inst0 ch0:  R_CMD: ACTCMD    R_f0= 0x0a    at time  124956667 ps
inst0 ch0:  R_CMD: ACTCMD    R_r1= 0x00    at time  124957081 ps
inst0 ch0:  R_CMD: ACTCMD    R_f1= 0x00    at time  124957495 ps
inst0 ch0:  R_CMD: ACTCMD    R_r0= 0x02    at time  124959565 ps
inst0 ch0:  R_CMD: ACTCMD    R_f0= 0x22    at time  124959979 ps
inst0 ch0:  R_CMD: ACTCMD    R_r1= 0x00    at time  124960393 ps
inst0 ch0:  R_CMD: ACTCMD    R_f1= 0x00    at time  124960807 ps
inst0 ch0:  R_CMD: ACTCMD    R_r0= 0x02    at time  124961221 ps
inst0 ch0:  R_CMD: ACTCMD    R_f0= 0x0a    at time  124961635 ps
inst0 ch0:  R_CMD: ACTCMD    R_r1= 0x00    at time  124962049 ps
inst0 ch0:  R_CMD: ACTCMD    R_f1= 0x00    at time  124962463 ps
inst0 ch0:  R_CMD: ACTCMD    R_r0= 0x22    at time  124963705 ps
inst0 ch0:  R_CMD: ACTCMD    R_f0= 0x02    at time  124964119 ps
inst0 ch0:  R_CMD: ACTCMD    R_r1= 0x00    at time  124964533 ps
inst0 ch0:  R_CMD: ACTCMD    R_f1= 0x00    at time  124964947 ps
inst0 ch0:  C_CMD: RDCMD     C_r = 0x085   at time  124967017 ps
inst0 ch0:  C_CMD: RDCMD     C_f = 0x080   at time  124967431 ps
inst0 ch0:  R_CMD: ACTCMD    R_r0= 0x02    at time  124967845 ps
inst0 ch0:  R_CMD: ACTCMD    R_f0= 0x02    at time  124968259 ps
inst0 ch0:  R_CMD: ACTCMD    R_r1= 0x00    at time  124968673 ps
inst0 ch0:  C_CMD: RDCMD     C_r = 0x0c5   at time  124968673 ps
inst0 ch0:  R_CMD: ACTCMD    R_f1= 0x00    at time  124969087 ps
inst0 ch0:  C_CMD: RDCMD     C_f = 0x000   at time  124969087 ps
inst0 ch0:  C_CMD: RDCMD     C_r = 0x08d   at time  124970329 ps
inst0 ch0:  C_CMD: RDCMD     C_f = 0x082   at time  124970743 ps
inst0 ch0:  C_CMD: RDCMD     C_r = 0x0cd   at time  124971985 ps
inst0 ch0:  C_CMD: RDCMD     C_f = 0x002   at time  124972399 ps
inst0 ch0:  C_CMD: RDCMD     C_r = 0x045   at time  124972813 ps
inst0 ch0:  C_CMD: RDCMD     C_f = 0x080   at time  124973227 ps
inst0 ch0:  C_CMD: RDCMD     C_r = 0x085   at time  124974469 ps
inst0 ch0:  C_CMD: RDCMD     C_f = 0x000   at time  124974883 ps
inst0 ch0:  C_CMD: RDCMD     C_r = 0x04d   at time  124976125 ps
inst0 ch0:  C_CMD: RDCMD     C_f = 0x082   at time  124976539 ps
inst0 ch0:  C_CMD: RDCMD     C_r = 0x005   at time  124977781 ps
inst0 ch0:  C_CMD: RDCMD     C_f = 0x080   at time  124978195 ps
inst0 ch0:  C_CMD: RDCMD     C_r = 0x08d   at time  124978609 ps
inst0 ch0:  C_CMD: RDCMD     C_f = 0x002   at time  124979023 ps
inst0 ch0:  C_CMD: RDCMD     C_r = 0x045   at time  124980265 ps
inst0 ch0:  C_CMD: RDCMD     C_f = 0x000   at time  124980679 ps
inst0 ch0:  C_CMD: RDCMD     C_r = 0x00d   at time  124981093 ps
inst0 ch0:  C_CMD: RDCMD     C_f = 0x082   at time  124981507 ps
inst0 ch0:  C_CMD: RDCMD     C_r = 0x005   at time  124982749 ps
inst0 ch0:  C_CMD: RDCMD     C_f = 0x000   at time  124983163 ps
inst0 ch0:  C_CMD: RDCMD     C_r = 0x04d   at time  124984405 ps
inst0 ch0:  C_CMD: RDCMD     C_f = 0x002   at time  124984819 ps
inst0 ch0:  C_CMD: RDCMD     C_r = 0x00d   at time  124986061 ps
inst0 ch0:  C_CMD: RDCMD     C_f = 0x002   at time  124986475 ps
inst0 ch0:  R_CMD: ACTCMD    R_r0= 0x2a    at time  125258473 ps
inst0 ch0:  R_CMD: ACTCMD    R_f0= 0x2a    at time  125258887 ps
inst0 ch0:  R_CMD: ACTCMD    R_r1= 0x00    at time  125259301 ps
inst0 ch0:  R_CMD: ACTCMD    R_f1= 0x00    at time  125259715 ps
inst0 ch0:  C_CMD: RDCMD     C_r = 0x0d5   at time  125273377 ps
inst0 ch0:  C_CMD: RDCMD     C_f = 0x080   at time  125273791 ps
inst0 ch0:  C_CMD: RDCMD     C_r = 0x0dd   at time  125276689 ps
inst0 ch0:  C_CMD: RDCMD     C_f = 0x082   at time  125277103 ps
inst0 ch0:  R_CMD: ACTCMD    R_r0= 0x0a    at time  125453053 ps
inst0 ch0:  R_CMD: ACTCMD    R_f0= 0x2a    at time  125453467 ps
inst0 ch0:  R_CMD: ACTCMD    R_r1= 0x00    at time  125453881 ps
inst0 ch0:  R_CMD: ACTCMD    R_f1= 0x00    at time  125454295 ps
inst0 ch0:  R_CMD: ACTCMD    R_r0= 0x2a    at time  125454709 ps
inst0 ch0:  R_CMD: ACTCMD    R_f0= 0x22    at time  125455123 ps
inst0 ch0:  R_CMD: ACTCMD    R_r1= 0x00    at time  125455537 ps
inst0 ch0:  R_CMD: ACTCMD    R_f1= 0x00    at time  125455951 ps
inst0 ch0:  R_CMD: ACTCMD    R_r0= 0x2a    at time  125457193 ps
inst0 ch0:  R_CMD: ACTCMD    R_f0= 0x0a    at time  125457607 ps
inst0 ch0:  R_CMD: ACTCMD    R_r1= 0x00    at time  125458021 ps
inst0 ch0:  R_CMD: ACTCMD    R_f1= 0x00    at time  125458435 ps
inst0 ch0:  R_CMD: ACTCMD    R_r0= 0x0a    at time  125458849 ps
inst0 ch0:  R_CMD: ACTCMD    R_f0= 0x22    at time  125459263 ps
inst0 ch0:  R_CMD: ACTCMD    R_r1= 0x00    at time  125459677 ps
inst0 ch0:  R_CMD: ACTCMD    R_f1= 0x00    at time  125460091 ps
inst0 ch0:  R_CMD: ACTCMD    R_r0= 0x0a    at time  125461333 ps
inst0 ch0:  R_CMD: ACTCMD    R_f0= 0x0a    at time  125461747 ps
inst0 ch0:  R_CMD: ACTCMD    R_r1= 0x00    at time  125462161 ps
inst0 ch0:  R_CMD: ACTCMD    R_f1= 0x00    at time  125462575 ps
inst0 ch0:  R_CMD: ACTCMD    R_r0= 0x2a    at time  125462989 ps
inst0 ch0:  R_CMD: ACTCMD    R_f0= 0x02    at time  125463403 ps
inst0 ch0:  R_CMD: ACTCMD    R_r1= 0x00    at time  125463817 ps
inst0 ch0:  R_CMD: ACTCMD    R_f1= 0x00    at time  125464231 ps
inst0 ch0:  R_CMD: ACTCMD    R_r0= 0x0a    at time  125467129 ps
inst0 ch0:  R_CMD: ACTCMD    R_f0= 0x02    at time  125467543 ps
inst0 ch0:  R_CMD: ACTCMD    R_r1= 0x00    at time  125467957 ps
inst0 ch0:  C_CMD: RDCMD     C_r = 0x095   at time  125467957 ps
inst0 ch0:  R_CMD: ACTCMD    R_f1= 0x00    at time  125468371 ps
inst0 ch0:  C_CMD: RDCMD     C_f = 0x080   at time  125468371 ps
inst0 ch0:  C_CMD: RDCMD     C_r = 0x0d5   at time  125469613 ps
inst0 ch0:  C_CMD: RDCMD     C_f = 0x000   at time  125470027 ps
inst0 ch0:  C_CMD: RDCMD     C_r = 0x09d   at time  125471269 ps
inst0 ch0:  C_CMD: RDCMD     C_f = 0x082   at time  125471683 ps
inst0 ch0:  C_CMD: RDCMD     C_r = 0x0dd   at time  125472925 ps
inst0 ch0:  C_CMD: RDCMD     C_f = 0x002   at time  125473339 ps
inst0 ch0:  C_CMD: RDCMD     C_r = 0x055   at time  125473753 ps
inst0 ch0:  C_CMD: RDCMD     C_f = 0x080   at time  125474167 ps
inst0 ch0:  C_CMD: RDCMD     C_r = 0x095   at time  125474581 ps
inst0 ch0:  C_CMD: RDCMD     C_f = 0x000   at time  125474995 ps
inst0 ch0:  C_CMD: RDCMD     C_r = 0x015   at time  125476237 ps
inst0 ch0:  C_CMD: RDCMD     C_f = 0x080   at time  125476651 ps
inst0 ch0:  C_CMD: RDCMD     C_r = 0x05d   at time  125477893 ps
inst0 ch0:  C_CMD: RDCMD     C_f = 0x082   at time  125478307 ps
inst0 ch0:  C_CMD: RDCMD     C_r = 0x09d   at time  125478721 ps
inst0 ch0:  C_CMD: RDCMD     C_f = 0x002   at time  125479135 ps
inst0 ch0:  C_CMD: RDCMD     C_r = 0x01d   at time  125479549 ps
inst0 ch0:  C_CMD: RDCMD     C_f = 0x082   at time  125479963 ps
inst0 ch0:  C_CMD: RDCMD     C_r = 0x055   at time  125480377 ps
inst0 ch0:  C_CMD: RDCMD     C_f = 0x000   at time  125480791 ps
inst0 ch0:  C_CMD: RDCMD     C_r = 0x015   at time  125482033 ps
inst0 ch0:  C_CMD: RDCMD     C_f = 0x000   at time  125482447 ps
inst0 ch0:  C_CMD: RDCMD     C_r = 0x05d   at time  125483689 ps
inst0 ch0:  C_CMD: RDCMD     C_f = 0x002   at time  125484103 ps
inst0 ch0:  C_CMD: RDCMD     C_r = 0x01d   at time  125485345 ps
inst0 ch0:  C_CMD: RDCMD     C_f = 0x002   at time  125485759 ps
inst0 ch0:  R_CMD: ACTCMD    R_r0= 0x32    at time  125729605 ps
inst0 ch0:  R_CMD: ACTCMD    R_f0= 0x2a    at time  125730019 ps
inst0 ch0:  R_CMD: ACTCMD    R_r1= 0x00    at time  125730433 ps
inst0 ch0:  R_CMD: ACTCMD    R_f1= 0x00    at time  125730847 ps
inst0 ch0:  C_CMD: RDCMD     C_r = 0x0e5   at time  125744509 ps
inst0 ch0:  C_CMD: RDCMD     C_f = 0x080   at time  125744923 ps
inst0 ch0:  C_CMD: RDCMD     C_r = 0x0ed   at time  125747821 ps
inst0 ch0:  C_CMD: RDCMD     C_f = 0x082   at time  125748235 ps
inst0 ch0:  R_CMD: ACTCMD    R_r0= 0x12    at time  125884441 ps
inst0 ch0:  R_CMD: ACTCMD    R_f0= 0x2a    at time  125884855 ps
inst0 ch0:  R_CMD: ACTCMD    R_r1= 0x00    at time  125885269 ps
inst0 ch0:  R_CMD: ACTCMD    R_f1= 0x00    at time  125885683 ps
inst0 ch0:  C_CMD: RDCMD     C_r = 0x0a5   at time  125899345 ps
inst0 ch0:  C_CMD: RDCMD     C_f = 0x080   at time  125899759 ps
inst0 ch0:  C_CMD: RDCMD     C_r = 0x0ad   at time  125902657 ps
inst0 ch0:  C_CMD: RDCMD     C_f = 0x082   at time  125903071 ps
inst0 ch0:  R_CMD: ACTCMD    R_r0= 0x32    at time  125955649 ps
inst0 ch0:  R_CMD: ACTCMD    R_f0= 0x22    at time  125956063 ps
inst0 ch0:  R_CMD: ACTCMD    R_r1= 0x00    at time  125956477 ps
inst0 ch0:  R_CMD: ACTCMD    R_f1= 0x00    at time  125956891 ps
inst0 ch0:  R_CMD: ACTCMD    R_r0= 0x32    at time  125957305 ps
inst0 ch0:  R_CMD: ACTCMD    R_f0= 0x0a    at time  125957719 ps
inst0 ch0:  R_CMD: ACTCMD    R_r1= 0x00    at time  125958133 ps
inst0 ch0:  R_CMD: ACTCMD    R_f1= 0x00    at time  125958547 ps
inst0 ch0:  R_CMD: ACTCMD    R_r0= 0x12    at time  125959789 ps
inst0 ch0:  R_CMD: ACTCMD    R_f0= 0x22    at time  125960203 ps
inst0 ch0:  R_CMD: ACTCMD    R_r1= 0x00    at time  125960617 ps
inst0 ch0:  R_CMD: ACTCMD    R_f1= 0x00    at time  125961031 ps
inst0 ch0:  R_CMD: ACTCMD    R_r0= 0x12    at time  125961445 ps
inst0 ch0:  R_CMD: ACTCMD    R_f0= 0x0a    at time  125961859 ps
inst0 ch0:  R_CMD: ACTCMD    R_r1= 0x00    at time  125962273 ps
inst0 ch0:  R_CMD: ACTCMD    R_f1= 0x00    at time  125962687 ps
inst0 ch0:  R_CMD: ACTCMD    R_r0= 0x32    at time  125963929 ps
inst0 ch0:  R_CMD: ACTCMD    R_f0= 0x02    at time  125964343 ps
inst0 ch0:  R_CMD: ACTCMD    R_r1= 0x00    at time  125964757 ps
inst0 ch0:  R_CMD: ACTCMD    R_f1= 0x00    at time  125965171 ps
inst0 ch0:  R_CMD: ACTCMD    R_r0= 0x12    at time  125968069 ps
inst0 ch0:  R_CMD: ACTCMD    R_f0= 0x02    at time  125968483 ps
inst0 ch0:  R_CMD: ACTCMD    R_r1= 0x00    at time  125968897 ps
inst0 ch0:  R_CMD: ACTCMD    R_f1= 0x00    at time  125969311 ps
inst0 ch0:  C_CMD: RDCMD     C_r = 0x0e5   at time  125970553 ps
inst0 ch0:  C_CMD: RDCMD     C_f = 0x000   at time  125970967 ps
inst0 ch0:  C_CMD: RDCMD     C_r = 0x065   at time  125972209 ps
inst0 ch0:  C_CMD: RDCMD     C_f = 0x080   at time  125972623 ps
inst0 ch0:  C_CMD: RDCMD     C_r = 0x0ed   at time  125973865 ps
inst0 ch0:  C_CMD: RDCMD     C_f = 0x002   at time  125974279 ps
inst0 ch0:  C_CMD: RDCMD     C_r = 0x06d   at time  125975521 ps
inst0 ch0:  C_CMD: RDCMD     C_f = 0x082   at time  125975935 ps
inst0 ch0:  C_CMD: RDCMD     C_r = 0x0a5   at time  125976349 ps
inst0 ch0:  C_CMD: RDCMD     C_f = 0x000   at time  125976763 ps
inst0 ch0:  C_CMD: RDCMD     C_r = 0x025   at time  125977177 ps
inst0 ch0:  C_CMD: RDCMD     C_f = 0x080   at time  125977591 ps
inst0 ch0:  C_CMD: RDCMD     C_r = 0x065   at time  125978833 ps
inst0 ch0:  C_CMD: RDCMD     C_f = 0x000   at time  125979247 ps
inst0 ch0:  C_CMD: RDCMD     C_r = 0x02d   at time  125980489 ps
inst0 ch0:  C_CMD: RDCMD     C_f = 0x082   at time  125980903 ps
inst0 ch0:  C_CMD: RDCMD     C_r = 0x0ad   at time  125981317 ps
inst0 ch0:  C_CMD: RDCMD     C_f = 0x002   at time  125981731 ps
inst0 ch0:  C_CMD: RDCMD     C_r = 0x06d   at time  125982973 ps
inst0 ch0:  C_CMD: RDCMD     C_f = 0x002   at time  125983387 ps
inst0 ch0:  C_CMD: RDCMD     C_r = 0x025   at time  125984629 ps
inst0 ch0:  C_CMD: RDCMD     C_f = 0x000   at time  125985043 ps
inst0 ch0:  C_CMD: RDCMD     C_r = 0x02d   at time  125987941 ps
inst0 ch0:  C_CMD: RDCMD     C_f = 0x002   at time  125988355 ps
inst0 ch0:  R_CMD: ACTCMD    R_r0= 0x3a    at time  126227233 ps
inst0 ch0:  R_CMD: ACTCMD    R_f0= 0x2a    at time  126227647 ps
inst0 ch0:  R_CMD: ACTCMD    R_r1= 0x00    at time  126228061 ps
inst0 ch0:  R_CMD: ACTCMD    R_f1= 0x00    at time  126228475 ps
inst0 ch0:  C_CMD: RDCMD     C_r = 0x0f5   at time  126242137 ps
inst0 ch0:  C_CMD: RDCMD     C_f = 0x080   at time  126242551 ps
inst0 ch0:  R_CMD: ACTCMD    R_r0= 0x1a    at time  126242965 ps
inst0 ch0:  R_CMD: ACTCMD    R_f0= 0x2a    at time  126243379 ps
inst0 ch0:  R_CMD: ACTCMD    R_r1= 0x00    at time  126243793 ps
inst0 ch0:  R_CMD: ACTCMD    R_f1= 0x00    at time  126244207 ps
inst0 ch0:  C_CMD: RDCMD     C_r = 0x0fd   at time  126245449 ps
inst0 ch0:  C_CMD: RDCMD     C_f = 0x082   at time  126245863 ps
inst0 ch0:  C_CMD: RDCMD     C_r = 0x0b5   at time  126257869 ps
inst0 ch0:  C_CMD: RDCMD     C_f = 0x080   at time  126258283 ps
inst0 ch0:  C_CMD: RDCMD     C_r = 0x0bd   at time  126261181 ps
inst0 ch0:  C_CMD: RDCMD     C_f = 0x082   at time  126261595 ps
inst0 ch0:  R_CMD: ACTCMD    R_r0= 0x3a    at time  126459073 ps
inst0 ch0:  R_CMD: ACTCMD    R_f0= 0x22    at time  126459487 ps
inst0 ch0:  R_CMD: ACTCMD    R_r1= 0x00    at time  126459901 ps
inst0 ch0:  R_CMD: ACTCMD    R_f1= 0x00    at time  126460315 ps
inst0 ch0:  R_CMD: ACTCMD    R_r0= 0x3a    at time  126460729 ps
inst0 ch0:  R_CMD: ACTCMD    R_f0= 0x0a    at time  126461143 ps
inst0 ch0:  R_CMD: ACTCMD    R_r1= 0x00    at time  126461557 ps
inst0 ch0:  R_CMD: ACTCMD    R_f1= 0x00    at time  126461971 ps
inst0 ch0:  R_CMD: ACTCMD    R_r0= 0x1a    at time  126463213 ps
inst0 ch0:  R_CMD: ACTCMD    R_f0= 0x22    at time  126463627 ps
inst0 ch0:  R_CMD: ACTCMD    R_r1= 0x00    at time  126464041 ps
inst0 ch0:  R_CMD: ACTCMD    R_f1= 0x00    at time  126464455 ps
inst0 ch0:  R_CMD: ACTCMD    R_r0= 0x1a    at time  126464869 ps
inst0 ch0:  R_CMD: ACTCMD    R_f0= 0x0a    at time  126465283 ps
inst0 ch0:  R_CMD: ACTCMD    R_r1= 0x00    at time  126465697 ps
inst0 ch0:  R_CMD: ACTCMD    R_f1= 0x00    at time  126466111 ps
inst0 ch0:  R_CMD: ACTCMD    R_r0= 0x3a    at time  126467353 ps
inst0 ch0:  R_CMD: ACTCMD    R_f0= 0x02    at time  126467767 ps
inst0 ch0:  R_CMD: ACTCMD    R_r1= 0x00    at time  126468181 ps
inst0 ch0:  R_CMD: ACTCMD    R_f1= 0x00    at time  126468595 ps
inst0 ch0:  R_CMD: ACTCMD    R_r0= 0x1a    at time  126471493 ps
inst0 ch0:  R_CMD: ACTCMD    R_f0= 0x02    at time  126471907 ps
inst0 ch0:  R_CMD: ACTCMD    R_r1= 0x00    at time  126472321 ps
inst0 ch0:  R_CMD: ACTCMD    R_f1= 0x00    at time  126472735 ps
inst0 ch0:  C_CMD: RDCMD     C_r = 0x0f5   at time  126473977 ps
inst0 ch0:  C_CMD: RDCMD     C_f = 0x000   at time  126474391 ps
inst0 ch0:  C_CMD: RDCMD     C_r = 0x075   at time  126475633 ps
inst0 ch0:  C_CMD: RDCMD     C_f = 0x080   at time  126476047 ps
inst0 ch0:  C_CMD: RDCMD     C_r = 0x0fd   at time  126477289 ps
inst0 ch0:  C_CMD: RDCMD     C_f = 0x002   at time  126477703 ps
inst0 ch0:  C_CMD: RDCMD     C_r = 0x07d   at time  126478945 ps
inst0 ch0:  C_CMD: RDCMD     C_f = 0x082   at time  126479359 ps
inst0 ch0:  C_CMD: RDCMD     C_r = 0x0b5   at time  126479773 ps
inst0 ch0:  C_CMD: RDCMD     C_f = 0x000   at time  126480187 ps
inst0 ch0:  C_CMD: RDCMD     C_r = 0x035   at time  126480601 ps
inst0 ch0:  C_CMD: RDCMD     C_f = 0x080   at time  126481015 ps
inst0 ch0:  C_CMD: RDCMD     C_r = 0x075   at time  126482257 ps
inst0 ch0:  C_CMD: RDCMD     C_f = 0x000   at time  126482671 ps
inst0 ch0:  C_CMD: RDCMD     C_r = 0x03d   at time  126483913 ps
inst0 ch0:  C_CMD: RDCMD     C_f = 0x082   at time  126484327 ps
inst0 ch0:  C_CMD: RDCMD     C_r = 0x0bd   at time  126484741 ps
inst0 ch0:  C_CMD: RDCMD     C_f = 0x002   at time  126485155 ps
inst0 ch0:  C_CMD: RDCMD     C_r = 0x07d   at time  126486397 ps
inst0 ch0:  C_CMD: RDCMD     C_f = 0x002   at time  126486811 ps
inst0 ch0:  C_CMD: RDCMD     C_r = 0x035   at time  126488053 ps
inst0 ch0:  C_CMD: RDCMD     C_f = 0x000   at time  126488467 ps
inst0 ch0:  C_CMD: RDCMD     C_r = 0x03d   at time  126491365 ps
inst0 ch0:  C_CMD: RDCMD     C_f = 0x002   at time  126491779 ps
inst0 ch0:  R_CMD: ACTCMD    R_r0= 0x02    at time  130944349 ps
inst0 ch0:  R_CMD: ACTCMD    R_f0= 0x08    at time  130944763 ps
inst0 ch0:  R_CMD: ACTCMD    R_r1= 0x00    at time  130945177 ps
inst0 ch0:  R_CMD: ACTCMD    R_f1= 0x00    at time  130945591 ps
inst0 ch0:  R_CMD: ACTCMD    R_r0= 0x02    at time  130955941 ps
inst0 ch0:  R_CMD: ACTCMD    R_f0= 0x00    at time  130956355 ps
inst0 ch0:  R_CMD: ACTCMD    R_r1= 0x00    at time  130956769 ps
inst0 ch0:  R_CMD: ACTCMD    R_f1= 0x00    at time  130957183 ps
inst0 ch0:  C_CMD: RDCMD     C_r = 0x005   at time  130959253 ps
inst0 ch0:  C_CMD: RDCMD     C_f = 0x098   at time  130959667 ps
inst0 ch0:  C_CMD: RDCMD     C_r = 0x005   at time  130962565 ps
inst0 ch0:  C_CMD: RDCMD     C_f = 0x09a   at time  130962979 ps
inst0 ch0:  C_CMD: RDCMD     C_r = 0x005   at time  130965877 ps
inst0 ch0:  C_CMD: RDCMD     C_f = 0x090   at time  130966291 ps
inst0 ch0:  C_CMD: RDCMD     C_r = 0x005   at time  130969189 ps
inst0 ch0:  C_CMD: RDCMD     C_f = 0x092   at time  130969603 ps
inst0 ch0:  C_CMD: RDCMD     C_r = 0x005   at time  130970845 ps
inst0 ch0:  C_CMD: RDCMD     C_f = 0x018   at time  130971259 ps
inst0 ch0:  C_CMD: RDCMD     C_r = 0x005   at time  130972501 ps
inst0 ch0:  C_CMD: RDCMD     C_f = 0x088   at time  130972915 ps
inst0 ch0:  C_CMD: RDCMD     C_r = 0x005   at time  130974157 ps
inst0 ch0:  C_CMD: RDCMD     C_f = 0x01a   at time  130974571 ps
inst0 ch0:  C_CMD: RDCMD     C_r = 0x005   at time  130975813 ps
inst0 ch0:  C_CMD: RDCMD     C_f = 0x08a   at time  130976227 ps
inst0 ch0:  C_CMD: RDCMD     C_r = 0x005   at time  130977469 ps
inst0 ch0:  C_CMD: RDCMD     C_f = 0x010   at time  130977883 ps
inst0 ch0:  C_CMD: RDCMD     C_r = 0x005   at time  130979125 ps
inst0 ch0:  C_CMD: RDCMD     C_f = 0x080   at time  130979539 ps
inst0 ch0:  C_CMD: RDCMD     C_r = 0x005   at time  130980781 ps
inst0 ch0:  C_CMD: RDCMD     C_f = 0x012   at time  130981195 ps
inst0 ch0:  C_CMD: RDCMD     C_r = 0x00d   at time  130982437 ps
inst0 ch0:  C_CMD: RDCMD     C_f = 0x082   at time  130982851 ps
inst0 ch0:  C_CMD: RDCMD     C_r = 0x005   at time  130984093 ps
inst0 ch0:  C_CMD: RDCMD     C_f = 0x008   at time  130984507 ps
inst0 ch0:  C_CMD: RDCMD     C_r = 0x005   at time  130987405 ps
inst0 ch0:  C_CMD: RDCMD     C_f = 0x00a   at time  130987819 ps
inst0 ch0:  C_CMD: RDCMD     C_r = 0x005   at time  130990717 ps
inst0 ch0:  C_CMD: RDCMD     C_f = 0x000   at time  130991131 ps
inst0 ch0:  C_CMD: RDCMD     C_r = 0x00d   at time  130994029 ps
inst0 ch0:  C_CMD: RDCMD     C_f = 0x002   at time  130994443 ps
inst0 ch0:  R_CMD: ACTCMD    R_r0= 0x0a    at time  131222557 ps
inst0 ch0:  R_CMD: ACTCMD    R_f0= 0x00    at time  131222971 ps
inst0 ch0:  R_CMD: ACTCMD    R_r1= 0x00    at time  131223385 ps
inst0 ch0:  R_CMD: ACTCMD    R_f1= 0x00    at time  131223799 ps
inst0 ch0:  C_CMD: RDCMD     C_r = 0x015   at time  131237461 ps
inst0 ch0:  C_CMD: RDCMD     C_f = 0x018   at time  131237875 ps
inst0 ch0:  C_CMD: RDCMD     C_r = 0x015   at time  131240773 ps
inst0 ch0:  C_CMD: RDCMD     C_f = 0x01a   at time  131241187 ps
inst0 ch0:  C_CMD: RDCMD     C_r = 0x015   at time  131244085 ps
inst0 ch0:  C_CMD: RDCMD     C_f = 0x010   at time  131244499 ps
inst0 ch0:  C_CMD: RDCMD     C_r = 0x015   at time  131247397 ps
inst0 ch0:  C_CMD: RDCMD     C_f = 0x012   at time  131247811 ps
inst0 ch0:  C_CMD: RDCMD     C_r = 0x015   at time  131250709 ps
inst0 ch0:  C_CMD: RDCMD     C_f = 0x008   at time  131251123 ps
inst0 ch0:  C_CMD: RDCMD     C_r = 0x015   at time  131254021 ps
inst0 ch0:  C_CMD: RDCMD     C_f = 0x00a   at time  131254435 ps
inst0 ch0:  C_CMD: RDCMD     C_r = 0x015   at time  131257333 ps
inst0 ch0:  C_CMD: RDCMD     C_f = 0x000   at time  131257747 ps
inst0 ch0:  C_CMD: RDCMD     C_r = 0x01d   at time  131260645 ps
inst0 ch0:  C_CMD: RDCMD     C_f = 0x002   at time  131261059 ps
inst0 ch0:  R_CMD: ACTCMD    R_r0= 0x0a    at time  131282173 ps
inst0 ch0:  R_CMD: ACTCMD    R_f0= 0x08    at time  131282587 ps
inst0 ch0:  R_CMD: ACTCMD    R_r1= 0x00    at time  131283001 ps
inst0 ch0:  R_CMD: ACTCMD    R_f1= 0x00    at time  131283415 ps
inst0 ch0:  C_CMD: RDCMD     C_r = 0x015   at time  131297077 ps
inst0 ch0:  C_CMD: RDCMD     C_f = 0x098   at time  131297491 ps
inst0 ch0:  C_CMD: RDCMD     C_r = 0x015   at time  131300389 ps
inst0 ch0:  C_CMD: RDCMD     C_f = 0x09a   at time  131300803 ps
inst0 ch0:  C_CMD: RDCMD     C_r = 0x015   at time  131303701 ps
inst0 ch0:  C_CMD: RDCMD     C_f = 0x090   at time  131304115 ps
inst0 ch0:  C_CMD: RDCMD     C_r = 0x015   at time  131307013 ps
inst0 ch0:  C_CMD: RDCMD     C_f = 0x092   at time  131307427 ps
inst0 ch0:  C_CMD: RDCMD     C_r = 0x015   at time  131310325 ps
inst0 ch0:  C_CMD: RDCMD     C_f = 0x088   at time  131310739 ps
inst0 ch0:  C_CMD: RDCMD     C_r = 0x015   at time  131313637 ps
inst0 ch0:  C_CMD: RDCMD     C_f = 0x08a   at time  131314051 ps
inst0 ch0:  C_CMD: RDCMD     C_r = 0x015   at time  131316949 ps
inst0 ch0:  C_CMD: RDCMD     C_f = 0x080   at time  131317363 ps
inst0 ch0:  C_CMD: RDCMD     C_r = 0x01d   at time  131320261 ps
inst0 ch0:  C_CMD: RDCMD     C_f = 0x082   at time  131320675 ps
inst0 ch0:  R_CMD: ACTCMD    R_r0= 0x02    at time  133964893 ps
inst0 ch0:  R_CMD: ACTCMD    R_f0= 0x1b    at time  133965307 ps
inst0 ch0:  R_CMD: ACTCMD    R_r1= 0x3f    at time  133965721 ps
inst0 ch0:  R_CMD: ACTCMD    R_f1= 0x3b    at time  133966135 ps
inst0 ch0:  R_CMD: ACTCMD    R_r0= 0x02    at time  133966549 ps
inst0 ch0:  R_CMD: ACTCMD    R_f0= 0x13    at time  133966963 ps
inst0 ch0:  R_CMD: ACTCMD    R_r1= 0x3f    at time  133967377 ps
inst0 ch0:  R_CMD: ACTCMD    R_f1= 0x3b    at time  133967791 ps
inst0 ch0:  C_CMD: RDCMD     C_r = 0x005   at time  133979797 ps
inst0 ch0:  C_CMD: RDCMD     C_f = 0x080   at time  133980211 ps
inst0 ch0:  C_CMD: RDCMD     C_r = 0x005   at time  133981453 ps
inst0 ch0:  C_CMD: RDCMD     C_f = 0x000   at time  133981867 ps
inst0 ch0:  C_CMD: RDCMD     C_r = 0x00d   at time  133983109 ps
inst0 ch0:  C_CMD: RDCMD     C_f = 0x082   at time  133983523 ps
inst0 ch0:  C_CMD: RDCMD     C_r = 0x00d   at time  133984765 ps
inst0 ch0:  C_CMD: RDCMD     C_f = 0x002   at time  133985179 ps
inst0 ch0:  R_CMD: ACTCMD    R_r0= 0x02    at time  134035273 ps
inst0 ch0:  R_CMD: ACTCMD    R_f0= 0x1b    at time  134035687 ps
inst0 ch0:  R_CMD: ACTCMD    R_r1= 0x3f    at time  134036101 ps
inst0 ch0:  R_CMD: ACTCMD    R_f1= 0x3b    at time  134036515 ps
inst0 ch0:  R_CMD: ACTCMD    R_r0= 0x02    at time  134037757 ps
inst0 ch0:  R_CMD: ACTCMD    R_f0= 0x13    at time  134038171 ps
inst0 ch0:  R_CMD: ACTCMD    R_r1= 0x3f    at time  134038585 ps
inst0 ch0:  R_CMD: ACTCMD    R_f1= 0x3b    at time  134038999 ps
inst0 ch0:  C_CMD: WRCMD     C_r = 0x001   at time  134046037 ps
inst0 ch0:  C_CMD: WRCMD     C_f = 0x080   at time  134046451 ps
inst0 ch0:  C_CMD: WRCMD     C_r = 0x001   at time  134048521 ps
inst0 ch0:  C_CMD: WRCMD     C_f = 0x000   at time  134048935 ps
inst0 ch0:  C_CMD: WRCMD     C_r = 0x009   at time  134049349 ps
inst0 ch0:  C_CMD: WRCMD     C_f = 0x082   at time  134049763 ps
inst0 ch0:  C_CMD: WRCMD     C_r = 0x009   at time  134051833 ps
inst0 ch0:  C_CMD: WRCMD     C_f = 0x002   at time  134052247 ps
inst0 ch0:  R_CMD: ACTCMD    R_r0= 0x0a    at time  138289537 ps
inst0 ch0:  R_CMD: ACTCMD    R_f0= 0x1b    at time  138289951 ps
inst0 ch0:  R_CMD: ACTCMD    R_r1= 0x3f    at time  138290365 ps
inst0 ch0:  R_CMD: ACTCMD    R_f1= 0x3b    at time  138290779 ps
inst0 ch0:  R_CMD: ACTCMD    R_r0= 0x0a    at time  138292021 ps
inst0 ch0:  R_CMD: ACTCMD    R_f0= 0x13    at time  138292435 ps
inst0 ch0:  R_CMD: ACTCMD    R_r1= 0x3f    at time  138292849 ps
inst0 ch0:  R_CMD: ACTCMD    R_f1= 0x3b    at time  138293263 ps
inst0 ch0:  C_CMD: RDCMD     C_r = 0x015   at time  138304441 ps
inst0 ch0:  C_CMD: RDCMD     C_f = 0x090   at time  138304855 ps
inst0 ch0:  C_CMD: RDCMD     C_r = 0x015   at time  138306925 ps
inst0 ch0:  C_CMD: RDCMD     C_f = 0x010   at time  138307339 ps
inst0 ch0:  C_CMD: RDCMD     C_r = 0x01d   at time  138307753 ps
inst0 ch0:  C_CMD: RDCMD     C_f = 0x092   at time  138308167 ps
inst0 ch0:  C_CMD: RDCMD     C_r = 0x01d   at time  138310237 ps
inst0 ch0:  C_CMD: RDCMD     C_f = 0x012   at time  138310651 ps
inst0 ch0:  R_CMD: ACTCMD    R_r0= 0x0a    at time  138413737 ps
inst0 ch0:  R_CMD: ACTCMD    R_f0= 0x1b    at time  138414151 ps
inst0 ch0:  R_CMD: ACTCMD    R_r1= 0x3f    at time  138414565 ps
inst0 ch0:  R_CMD: ACTCMD    R_f1= 0x3b    at time  138414979 ps
inst0 ch0:  R_CMD: ACTCMD    R_r0= 0x0a    at time  138416221 ps
inst0 ch0:  R_CMD: ACTCMD    R_f0= 0x13    at time  138416635 ps
inst0 ch0:  R_CMD: ACTCMD    R_r1= 0x3f    at time  138417049 ps
inst0 ch0:  R_CMD: ACTCMD    R_f1= 0x3b    at time  138417463 ps
inst0 ch0:  C_CMD: WRCMD     C_r = 0x011   at time  138424501 ps
inst0 ch0:  C_CMD: WRCMD     C_f = 0x090   at time  138424915 ps
inst0 ch0:  C_CMD: WRCMD     C_r = 0x011   at time  138426985 ps
inst0 ch0:  C_CMD: WRCMD     C_f = 0x010   at time  138427399 ps
inst0 ch0:  C_CMD: WRCMD     C_r = 0x019   at time  138427813 ps
inst0 ch0:  C_CMD: WRCMD     C_f = 0x092   at time  138428227 ps
inst0 ch0:  C_CMD: WRCMD     C_r = 0x019   at time  138430297 ps
inst0 ch0:  C_CMD: WRCMD     C_f = 0x012   at time  138430711 ps
inst0 ch0:  R_CMD: ACTCMD    R_r0= 0x0a    at time  142362469 ps
inst0 ch0:  R_CMD: ACTCMD    R_f0= 0x08    at time  142362883 ps
inst0 ch0:  R_CMD: ACTCMD    R_r1= 0x00    at time  142363297 ps
inst0 ch0:  R_CMD: ACTCMD    R_f1= 0x00    at time  142363711 ps
inst0 ch0:  R_CMD: ACTCMD    R_r0= 0x0a    at time  142364125 ps
inst0 ch0:  R_CMD: ACTCMD    R_f0= 0x00    at time  142364539 ps
inst0 ch0:  R_CMD: ACTCMD    R_r1= 0x00    at time  142364953 ps
inst0 ch0:  R_CMD: ACTCMD    R_f1= 0x00    at time  142365367 ps
inst0 ch0:  C_CMD: RDCMD     C_r = 0x015   at time  142377373 ps
inst0 ch0:  C_CMD: RDCMD     C_f = 0x0a8   at time  142377787 ps
inst0 ch0:  C_CMD: RDCMD     C_r = 0x015   at time  142379029 ps
inst0 ch0:  C_CMD: RDCMD     C_f = 0x028   at time  142379443 ps
inst0 ch0:  C_CMD: RDCMD     C_r = 0x015   at time  142380685 ps
inst0 ch0:  C_CMD: RDCMD     C_f = 0x0aa   at time  142381099 ps
inst0 ch0:  C_CMD: RDCMD     C_r = 0x015   at time  142382341 ps
inst0 ch0:  C_CMD: RDCMD     C_f = 0x02a   at time  142382755 ps
inst0 ch0:  C_CMD: RDCMD     C_r = 0x015   at time  142383997 ps
inst0 ch0:  C_CMD: RDCMD     C_f = 0x0a0   at time  142384411 ps
inst0 ch0:  C_CMD: RDCMD     C_r = 0x015   at time  142385653 ps
inst0 ch0:  C_CMD: RDCMD     C_f = 0x020   at time  142386067 ps
inst0 ch0:  C_CMD: RDCMD     C_r = 0x01d   at time  142387309 ps
inst0 ch0:  C_CMD: RDCMD     C_f = 0x0a2   at time  142387723 ps
inst0 ch0:  C_CMD: RDCMD     C_r = 0x01d   at time  142388965 ps
inst0 ch0:  C_CMD: RDCMD     C_f = 0x022   at time  142389379 ps
inst0 ch0:  R_CMD: ACTCMD    R_r0= 0x0a    at time  142432849 ps
inst0 ch0:  R_CMD: ACTCMD    R_f0= 0x08    at time  142433263 ps
inst0 ch0:  R_CMD: ACTCMD    R_r1= 0x00    at time  142433677 ps
inst0 ch0:  R_CMD: ACTCMD    R_f1= 0x00    at time  142434091 ps
inst0 ch0:  R_CMD: ACTCMD    R_r0= 0x0a    at time  142434505 ps
inst0 ch0:  R_CMD: ACTCMD    R_f0= 0x00    at time  142434919 ps
inst0 ch0:  R_CMD: ACTCMD    R_r1= 0x00    at time  142435333 ps
inst0 ch0:  R_CMD: ACTCMD    R_f1= 0x00    at time  142435747 ps
inst0 ch0:  C_CMD: WRCMD     C_r = 0x011   at time  142443613 ps
inst0 ch0:  C_CMD: WRCMD     C_f = 0x0a8   at time  142444027 ps
inst0 ch0:  C_CMD: WRCMD     C_r = 0x011   at time  142445269 ps
inst0 ch0:  C_CMD: WRCMD     C_f = 0x028   at time  142445683 ps
inst0 ch0:  C_CMD: WRCMD     C_r = 0x011   at time  142446925 ps
inst0 ch0:  C_CMD: WRCMD     C_f = 0x0aa   at time  142447339 ps
inst0 ch0:  C_CMD: WRCMD     C_r = 0x011   at time  142448581 ps
inst0 ch0:  C_CMD: WRCMD     C_f = 0x02a   at time  142448995 ps
inst0 ch0:  C_CMD: WRCMD     C_r = 0x011   at time  142450237 ps
inst0 ch0:  C_CMD: WRCMD     C_f = 0x0a0   at time  142450651 ps
inst0 ch0:  C_CMD: WRCMD     C_r = 0x011   at time  142451893 ps
inst0 ch0:  C_CMD: WRCMD     C_f = 0x020   at time  142452307 ps
inst0 ch0:  C_CMD: WRCMD     C_r = 0x019   at time  142453549 ps
inst0 ch0:  C_CMD: WRCMD     C_f = 0x0a2   at time  142453963 ps
inst0 ch0:  C_CMD: WRCMD     C_r = 0x019   at time  142455205 ps
inst0 ch0:  C_CMD: WRCMD     C_f = 0x022   at time  142455619 ps
inst0 ch0:  R_CMD: ACTCMD    R_r0= 0x02    at time  146178721 ps
inst0 ch0:  R_CMD: ACTCMD    R_f0= 0x18    at time  146179135 ps
inst0 ch0:  R_CMD: ACTCMD    R_r1= 0x3f    at time  146179549 ps
inst0 ch0:  R_CMD: ACTCMD    R_f1= 0x3b    at time  146179963 ps
inst0 ch0:  R_CMD: ACTCMD    R_r0= 0x02    at time  146180377 ps
inst0 ch0:  R_CMD: ACTCMD    R_f0= 0x10    at time  146180791 ps
inst0 ch0:  R_CMD: ACTCMD    R_r1= 0x3f    at time  146181205 ps
inst0 ch0:  R_CMD: ACTCMD    R_f1= 0x3b    at time  146181619 ps
inst0 ch0:  C_CMD: RDCMD     C_r = 0x005   at time  146193625 ps
inst0 ch0:  C_CMD: RDCMD     C_f = 0x0f8   at time  146194039 ps
inst0 ch0:  C_CMD: RDCMD     C_r = 0x005   at time  146195281 ps
inst0 ch0:  C_CMD: RDCMD     C_f = 0x078   at time  146195695 ps
inst0 ch0:  C_CMD: RDCMD     C_r = 0x00d   at time  146196937 ps
inst0 ch0:  C_CMD: RDCMD     C_f = 0x0fa   at time  146197351 ps
inst0 ch0:  C_CMD: RDCMD     C_r = 0x00d   at time  146198593 ps
inst0 ch0:  C_CMD: RDCMD     C_f = 0x07a   at time  146199007 ps
inst0 ch0:  R_CMD: ACTCMD    R_r0= 0x02    at time  146225917 ps
inst0 ch0:  R_CMD: ACTCMD    R_f0= 0x19    at time  146226331 ps
inst0 ch0:  R_CMD: ACTCMD    R_r1= 0x3f    at time  146226745 ps
inst0 ch0:  R_CMD: ACTCMD    R_f1= 0x3b    at time  146227159 ps
inst0 ch0:  R_CMD: ACTCMD    R_r0= 0x02    at time  146227573 ps
inst0 ch0:  R_CMD: ACTCMD    R_f0= 0x11    at time  146227987 ps
inst0 ch0:  R_CMD: ACTCMD    R_r1= 0x3f    at time  146228401 ps
inst0 ch0:  R_CMD: ACTCMD    R_f1= 0x3b    at time  146228815 ps
inst0 ch0:  C_CMD: RDCMD     C_r = 0x005   at time  146240821 ps
inst0 ch0:  C_CMD: RDCMD     C_f = 0x0f8   at time  146241235 ps
inst0 ch0:  C_CMD: RDCMD     C_r = 0x005   at time  146242477 ps
inst0 ch0:  C_CMD: RDCMD     C_f = 0x078   at time  146242891 ps
inst0 ch0:  C_CMD: RDCMD     C_r = 0x00d   at time  146244133 ps
inst0 ch0:  C_CMD: RDCMD     C_f = 0x0fa   at time  146244547 ps
inst0 ch0:  C_CMD: RDCMD     C_r = 0x00d   at time  146245789 ps
inst0 ch0:  C_CMD: RDCMD     C_f = 0x07a   at time  146246203 ps
inst0 ch0:  R_CMD: ACTCMD    R_r0= 0x02    at time  146273113 ps
inst0 ch0:  R_CMD: ACTCMD    R_f0= 0x18    at time  146273527 ps
inst0 ch0:  R_CMD: ACTCMD    R_r1= 0x3f    at time  146273941 ps
inst0 ch0:  R_CMD: ACTCMD    R_f1= 0x3b    at time  146274355 ps
inst0 ch0:  R_CMD: ACTCMD    R_r0= 0x02    at time  146274769 ps
inst0 ch0:  R_CMD: ACTCMD    R_f0= 0x10    at time  146275183 ps
inst0 ch0:  R_CMD: ACTCMD    R_r1= 0x3f    at time  146275597 ps
inst0 ch0:  R_CMD: ACTCMD    R_f1= 0x3b    at time  146276011 ps
inst0 ch0:  C_CMD: WRCMD     C_r = 0x001   at time  146283877 ps
inst0 ch0:  C_CMD: WRCMD     C_f = 0x0f8   at time  146284291 ps
inst0 ch0:  C_CMD: WRCMD     C_r = 0x001   at time  146285533 ps
inst0 ch0:  C_CMD: WRCMD     C_f = 0x078   at time  146285947 ps
inst0 ch0:  C_CMD: WRCMD     C_r = 0x009   at time  146287189 ps
inst0 ch0:  C_CMD: WRCMD     C_f = 0x0fa   at time  146287603 ps
inst0 ch0:  C_CMD: WRCMD     C_r = 0x009   at time  146288845 ps
inst0 ch0:  C_CMD: WRCMD     C_f = 0x07a   at time  146289259 ps
inst0 ch0:  R_CMD: ACTCMD    R_r0= 0x02    at time  146325277 ps
inst0 ch0:  R_CMD: ACTCMD    R_f0= 0x19    at time  146325691 ps
inst0 ch0:  R_CMD: ACTCMD    R_r1= 0x3f    at time  146326105 ps
inst0 ch0:  R_CMD: ACTCMD    R_f1= 0x3b    at time  146326519 ps
inst0 ch0:  R_CMD: ACTCMD    R_r0= 0x02    at time  146326933 ps
inst0 ch0:  R_CMD: ACTCMD    R_f0= 0x11    at time  146327347 ps
inst0 ch0:  R_CMD: ACTCMD    R_r1= 0x3f    at time  146327761 ps
inst0 ch0:  R_CMD: ACTCMD    R_f1= 0x3b    at time  146328175 ps
inst0 ch0:  C_CMD: WRCMD     C_r = 0x001   at time  146336041 ps
inst0 ch0:  C_CMD: WRCMD     C_f = 0x0f8   at time  146336455 ps
inst0 ch0:  C_CMD: WRCMD     C_r = 0x001   at time  146337697 ps
inst0 ch0:  C_CMD: WRCMD     C_f = 0x078   at time  146338111 ps
inst0 ch0:  C_CMD: WRCMD     C_r = 0x009   at time  146339353 ps
inst0 ch0:  C_CMD: WRCMD     C_f = 0x0fa   at time  146339767 ps
inst0 ch0:  C_CMD: WRCMD     C_r = 0x009   at time  146341009 ps
inst0 ch0:  C_CMD: WRCMD     C_f = 0x07a   at time  146341423 ps
inst0 ch0:  R_CMD: ACTCMD    R_r0= 0x0a    at time  146492533 ps
inst0 ch0:  R_CMD: ACTCMD    R_f0= 0x18    at time  146492947 ps
inst0 ch0:  R_CMD: ACTCMD    R_r1= 0x3f    at time  146493361 ps
inst0 ch0:  R_CMD: ACTCMD    R_f1= 0x3b    at time  146493775 ps
inst0 ch0:  R_CMD: ACTCMD    R_r0= 0x0a    at time  146495017 ps
inst0 ch0:  R_CMD: ACTCMD    R_f0= 0x10    at time  146495431 ps
inst0 ch0:  R_CMD: ACTCMD    R_r1= 0x3f    at time  146495845 ps
inst0 ch0:  R_CMD: ACTCMD    R_f1= 0x3b    at time  146496259 ps
inst0 ch0:  C_CMD: RDCMD     C_r = 0x015   at time  146507437 ps
inst0 ch0:  C_CMD: RDCMD     C_f = 0x0f8   at time  146507851 ps
inst0 ch0:  C_CMD: RDCMD     C_r = 0x015   at time  146509921 ps
inst0 ch0:  C_CMD: RDCMD     C_f = 0x078   at time  146510335 ps
inst0 ch0:  C_CMD: RDCMD     C_r = 0x01d   at time  146510749 ps
inst0 ch0:  C_CMD: RDCMD     C_f = 0x0fa   at time  146511163 ps
inst0 ch0:  C_CMD: RDCMD     C_r = 0x01d   at time  146513233 ps
inst0 ch0:  C_CMD: RDCMD     C_f = 0x07a   at time  146513647 ps
inst0 ch0:  R_CMD: ACTCMD    R_r0= 0x0a    at time  146539729 ps
inst0 ch0:  R_CMD: ACTCMD    R_f0= 0x08    at time  146540143 ps
inst0 ch0:  R_CMD: ACTCMD    R_r1= 0x00    at time  146540557 ps
inst0 ch0:  R_CMD: ACTCMD    R_f1= 0x00    at time  146540971 ps
inst0 ch0:  R_CMD: ACTCMD    R_r0= 0x0a    at time  146542213 ps
inst0 ch0:  R_CMD: ACTCMD    R_f0= 0x00    at time  146542627 ps
inst0 ch0:  R_CMD: ACTCMD    R_r1= 0x00    at time  146543041 ps
inst0 ch0:  R_CMD: ACTCMD    R_f1= 0x00    at time  146543455 ps
inst0 ch0:  C_CMD: RDCMD     C_r = 0x015   at time  146554633 ps
inst0 ch0:  C_CMD: RDCMD     C_f = 0x0b8   at time  146555047 ps
inst0 ch0:  C_CMD: RDCMD     C_r = 0x015   at time  146557117 ps
inst0 ch0:  C_CMD: RDCMD     C_f = 0x038   at time  146557531 ps
inst0 ch0:  C_CMD: RDCMD     C_r = 0x015   at time  146557945 ps
inst0 ch0:  C_CMD: RDCMD     C_f = 0x0ba   at time  146558359 ps
inst0 ch0:  C_CMD: RDCMD     C_r = 0x015   at time  146560429 ps
inst0 ch0:  C_CMD: RDCMD     C_f = 0x03a   at time  146560843 ps
inst0 ch0:  C_CMD: RDCMD     C_r = 0x015   at time  146561257 ps
inst0 ch0:  C_CMD: RDCMD     C_f = 0x0b0   at time  146561671 ps
inst0 ch0:  C_CMD: RDCMD     C_r = 0x015   at time  146563741 ps
inst0 ch0:  C_CMD: RDCMD     C_f = 0x030   at time  146564155 ps
inst0 ch0:  C_CMD: RDCMD     C_r = 0x01d   at time  146564569 ps
inst0 ch0:  C_CMD: RDCMD     C_f = 0x0b2   at time  146564983 ps
inst0 ch0:  C_CMD: RDCMD     C_r = 0x01d   at time  146567053 ps
inst0 ch0:  C_CMD: RDCMD     C_f = 0x032   at time  146567467 ps
inst0 ch0:  R_CMD: ACTCMD    R_r0= 0x0a    at time  146586925 ps
inst0 ch0:  R_CMD: ACTCMD    R_f0= 0x19    at time  146587339 ps
inst0 ch0:  R_CMD: ACTCMD    R_r1= 0x3f    at time  146587753 ps
inst0 ch0:  R_CMD: ACTCMD    R_f1= 0x3b    at time  146588167 ps
inst0 ch0:  R_CMD: ACTCMD    R_r0= 0x0a    at time  146589409 ps
inst0 ch0:  R_CMD: ACTCMD    R_f0= 0x11    at time  146589823 ps
inst0 ch0:  R_CMD: ACTCMD    R_r1= 0x3f    at time  146590237 ps
inst0 ch0:  R_CMD: ACTCMD    R_f1= 0x3b    at time  146590651 ps
inst0 ch0:  C_CMD: RDCMD     C_r = 0x015   at time  146601829 ps
inst0 ch0:  C_CMD: RDCMD     C_f = 0x0f8   at time  146602243 ps
inst0 ch0:  C_CMD: RDCMD     C_r = 0x015   at time  146604313 ps
inst0 ch0:  C_CMD: RDCMD     C_f = 0x078   at time  146604727 ps
inst0 ch0:  C_CMD: RDCMD     C_r = 0x01d   at time  146605141 ps
inst0 ch0:  C_CMD: RDCMD     C_f = 0x0fa   at time  146605555 ps
inst0 ch0:  C_CMD: RDCMD     C_r = 0x01d   at time  146607625 ps
inst0 ch0:  C_CMD: RDCMD     C_f = 0x07a   at time  146608039 ps
inst0 ch0:  R_CMD: ACTCMD    R_r0= 0x0a    at time  146634121 ps
inst0 ch0:  R_CMD: ACTCMD    R_f0= 0x18    at time  146634535 ps
inst0 ch0:  R_CMD: ACTCMD    R_r1= 0x3f    at time  146634949 ps
inst0 ch0:  R_CMD: ACTCMD    R_f1= 0x3b    at time  146635363 ps
inst0 ch0:  R_CMD: ACTCMD    R_r0= 0x0a    at time  146636605 ps
inst0 ch0:  R_CMD: ACTCMD    R_f0= 0x10    at time  146637019 ps
inst0 ch0:  R_CMD: ACTCMD    R_r1= 0x3f    at time  146637433 ps
inst0 ch0:  R_CMD: ACTCMD    R_f1= 0x3b    at time  146637847 ps
inst0 ch0:  C_CMD: WRCMD     C_r = 0x011   at time  146644885 ps
inst0 ch0:  C_CMD: WRCMD     C_f = 0x0f8   at time  146645299 ps
inst0 ch0:  C_CMD: WRCMD     C_r = 0x011   at time  146647369 ps
inst0 ch0:  C_CMD: WRCMD     C_f = 0x078   at time  146647783 ps
inst0 ch0:  C_CMD: WRCMD     C_r = 0x019   at time  146648197 ps
inst0 ch0:  C_CMD: WRCMD     C_f = 0x0fa   at time  146648611 ps
inst0 ch0:  C_CMD: WRCMD     C_r = 0x019   at time  146650681 ps
inst0 ch0:  C_CMD: WRCMD     C_f = 0x07a   at time  146651095 ps
inst0 ch0:  R_CMD: ACTCMD    R_r0= 0x0a    at time  146686285 ps
inst0 ch0:  R_CMD: ACTCMD    R_f0= 0x08    at time  146686699 ps
inst0 ch0:  R_CMD: ACTCMD    R_r1= 0x00    at time  146687113 ps
inst0 ch0:  R_CMD: ACTCMD    R_f1= 0x00    at time  146687527 ps
inst0 ch0:  R_CMD: ACTCMD    R_r0= 0x0a    at time  146688769 ps
inst0 ch0:  R_CMD: ACTCMD    R_f0= 0x00    at time  146689183 ps
inst0 ch0:  R_CMD: ACTCMD    R_r1= 0x00    at time  146689597 ps
inst0 ch0:  R_CMD: ACTCMD    R_f1= 0x00    at time  146690011 ps
inst0 ch0:  C_CMD: WRCMD     C_r = 0x011   at time  146697049 ps
inst0 ch0:  C_CMD: WRCMD     C_f = 0x0b8   at time  146697463 ps
inst0 ch0:  C_CMD: WRCMD     C_r = 0x011   at time  146699533 ps
inst0 ch0:  C_CMD: WRCMD     C_f = 0x038   at time  146699947 ps
inst0 ch0:  C_CMD: WRCMD     C_r = 0x011   at time  146700361 ps
inst0 ch0:  C_CMD: WRCMD     C_f = 0x0ba   at time  146700775 ps
inst0 ch0:  C_CMD: WRCMD     C_r = 0x011   at time  146702845 ps
inst0 ch0:  C_CMD: WRCMD     C_f = 0x03a   at time  146703259 ps
inst0 ch0:  C_CMD: WRCMD     C_r = 0x011   at time  146703673 ps
inst0 ch0:  C_CMD: WRCMD     C_f = 0x0b0   at time  146704087 ps
inst0 ch0:  C_CMD: WRCMD     C_r = 0x011   at time  146706157 ps
inst0 ch0:  C_CMD: WRCMD     C_f = 0x030   at time  146706571 ps
inst0 ch0:  C_CMD: WRCMD     C_r = 0x019   at time  146706985 ps
inst0 ch0:  C_CMD: WRCMD     C_f = 0x0b2   at time  146707399 ps
inst0 ch0:  C_CMD: WRCMD     C_r = 0x019   at time  146709469 ps
inst0 ch0:  C_CMD: WRCMD     C_f = 0x032   at time  146709883 ps
inst0 ch0:  R_CMD: ACTCMD    R_r0= 0x0a    at time  146745073 ps
inst0 ch0:  R_CMD: ACTCMD    R_f0= 0x19    at time  146745487 ps
inst0 ch0:  R_CMD: ACTCMD    R_r1= 0x3f    at time  146745901 ps
inst0 ch0:  R_CMD: ACTCMD    R_f1= 0x3b    at time  146746315 ps
inst0 ch0:  R_CMD: ACTCMD    R_r0= 0x0a    at time  146747557 ps
inst0 ch0:  R_CMD: ACTCMD    R_f0= 0x11    at time  146747971 ps
inst0 ch0:  R_CMD: ACTCMD    R_r1= 0x3f    at time  146748385 ps
inst0 ch0:  R_CMD: ACTCMD    R_f1= 0x3b    at time  146748799 ps
inst0 ch0:  C_CMD: WRCMD     C_r = 0x011   at time  146755837 ps
inst0 ch0:  C_CMD: WRCMD     C_f = 0x0f8   at time  146756251 ps
inst0 ch0:  C_CMD: WRCMD     C_r = 0x011   at time  146758321 ps
inst0 ch0:  C_CMD: WRCMD     C_f = 0x078   at time  146758735 ps
inst0 ch0:  C_CMD: WRCMD     C_r = 0x019   at time  146759149 ps
inst0 ch0:  C_CMD: WRCMD     C_f = 0x0fa   at time  146759563 ps
inst0 ch0:  C_CMD: WRCMD     C_r = 0x019   at time  146761633 ps
inst0 ch0:  C_CMD: WRCMD     C_f = 0x07a   at time  146762047 ps
inst0 ch0:  R_CMD: ACTCMD    R_r0= 0x02    at time  147195505 ps
inst0 ch0:  R_CMD: ACTCMD    R_f0= 0x38    at time  147195919 ps
inst0 ch0:  R_CMD: ACTCMD    R_r1= 0x3f    at time  147196333 ps
inst0 ch0:  R_CMD: ACTCMD    R_f1= 0x3b    at time  147196747 ps
inst0 ch0:  R_CMD: ACTCMD    R_r0= 0x02    at time  147197989 ps
inst0 ch0:  R_CMD: ACTCMD    R_f0= 0x30    at time  147198403 ps
inst0 ch0:  R_CMD: ACTCMD    R_r1= 0x3f    at time  147198817 ps
inst0 ch0:  R_CMD: ACTCMD    R_f1= 0x3b    at time  147199231 ps
inst0 ch0:  C_CMD: RDCMD     C_r = 0x085   at time  147210409 ps
inst0 ch0:  C_CMD: RDCMD     C_f = 0x0f8   at time  147210823 ps
inst0 ch0:  C_CMD: RDCMD     C_r = 0x085   at time  147212893 ps
inst0 ch0:  C_CMD: RDCMD     C_f = 0x078   at time  147213307 ps
inst0 ch0:  C_CMD: RDCMD     C_r = 0x08d   at time  147213721 ps
inst0 ch0:  C_CMD: RDCMD     C_f = 0x0fa   at time  147214135 ps
inst0 ch0:  C_CMD: RDCMD     C_r = 0x08d   at time  147216205 ps
inst0 ch0:  C_CMD: RDCMD     C_f = 0x07a   at time  147216619 ps
inst0 ch0:  R_CMD: ACTCMD    R_r0= 0x02    at time  147265885 ps
inst0 ch0:  R_CMD: ACTCMD    R_f0= 0x38    at time  147266299 ps
inst0 ch0:  R_CMD: ACTCMD    R_r1= 0x3f    at time  147266713 ps
inst0 ch0:  R_CMD: ACTCMD    R_f1= 0x3b    at time  147267127 ps
inst0 ch0:  R_CMD: ACTCMD    R_r0= 0x02    at time  147268369 ps
inst0 ch0:  R_CMD: ACTCMD    R_f0= 0x30    at time  147268783 ps
inst0 ch0:  R_CMD: ACTCMD    R_r1= 0x3f    at time  147269197 ps
inst0 ch0:  R_CMD: ACTCMD    R_f1= 0x3b    at time  147269611 ps
inst0 ch0:  C_CMD: WRCMD     C_r = 0x081   at time  147276649 ps
inst0 ch0:  C_CMD: WRCMD     C_f = 0x0f8   at time  147277063 ps
inst0 ch0:  C_CMD: WRCMD     C_r = 0x081   at time  147279133 ps
inst0 ch0:  C_CMD: WRCMD     C_f = 0x078   at time  147279547 ps
inst0 ch0:  C_CMD: WRCMD     C_r = 0x089   at time  147279961 ps
inst0 ch0:  C_CMD: WRCMD     C_f = 0x0fa   at time  147280375 ps
inst0 ch0:  C_CMD: WRCMD     C_r = 0x089   at time  147282445 ps
inst0 ch0:  C_CMD: WRCMD     C_f = 0x07a   at time  147282859 ps
inst0 ch0:  R_CMD: ACTCMD    R_r0= 0x0a    at time  147450529 ps
inst0 ch0:  R_CMD: ACTCMD    R_f0= 0x38    at time  147450943 ps
inst0 ch0:  R_CMD: ACTCMD    R_r1= 0x3f    at time  147451357 ps
inst0 ch0:  R_CMD: ACTCMD    R_f1= 0x3b    at time  147451771 ps
inst0 ch0:  R_CMD: ACTCMD    R_r0= 0x0a    at time  147453013 ps
inst0 ch0:  R_CMD: ACTCMD    R_f0= 0x30    at time  147453427 ps
inst0 ch0:  R_CMD: ACTCMD    R_r1= 0x3f    at time  147453841 ps
inst0 ch0:  R_CMD: ACTCMD    R_f1= 0x3b    at time  147454255 ps
inst0 ch0:  C_CMD: RDCMD     C_r = 0x095   at time  147465433 ps
inst0 ch0:  C_CMD: RDCMD     C_f = 0x0f8   at time  147465847 ps
inst0 ch0:  C_CMD: RDCMD     C_r = 0x095   at time  147467917 ps
inst0 ch0:  C_CMD: RDCMD     C_f = 0x078   at time  147468331 ps
inst0 ch0:  C_CMD: RDCMD     C_r = 0x09d   at time  147468745 ps
inst0 ch0:  C_CMD: RDCMD     C_f = 0x0fa   at time  147469159 ps
inst0 ch0:  C_CMD: RDCMD     C_r = 0x09d   at time  147471229 ps
inst0 ch0:  C_CMD: RDCMD     C_f = 0x07a   at time  147471643 ps
inst0 ch0:  R_CMD: ACTCMD    R_r0= 0x0a    at time  147600397 ps
inst0 ch0:  R_CMD: ACTCMD    R_f0= 0x38    at time  147600811 ps
inst0 ch0:  R_CMD: ACTCMD    R_r1= 0x3f    at time  147601225 ps
inst0 ch0:  R_CMD: ACTCMD    R_f1= 0x3b    at time  147601639 ps
inst0 ch0:  R_CMD: ACTCMD    R_r0= 0x0a    at time  147602881 ps
inst0 ch0:  R_CMD: ACTCMD    R_f0= 0x30    at time  147603295 ps
inst0 ch0:  R_CMD: ACTCMD    R_r1= 0x3f    at time  147603709 ps
inst0 ch0:  R_CMD: ACTCMD    R_f1= 0x3b    at time  147604123 ps
inst0 ch0:  C_CMD: WRCMD     C_r = 0x091   at time  147611161 ps
inst0 ch0:  C_CMD: WRCMD     C_f = 0x0f8   at time  147611575 ps
inst0 ch0:  C_CMD: WRCMD     C_r = 0x091   at time  147613645 ps
inst0 ch0:  C_CMD: WRCMD     C_f = 0x078   at time  147614059 ps
inst0 ch0:  C_CMD: WRCMD     C_r = 0x099   at time  147614473 ps
inst0 ch0:  C_CMD: WRCMD     C_f = 0x0fa   at time  147614887 ps
inst0 ch0:  C_CMD: WRCMD     C_r = 0x099   at time  147616957 ps
inst0 ch0:  C_CMD: WRCMD     C_f = 0x07a   at time  147617371 ps
