inst0 ch0:  R_CMD: ACTCMD    R_r0= 0x0e    at time   33400981 ps
inst0 ch0:  R_CMD: ACTCMD    R_f0= 0x28    at time   33401395 ps
inst0 ch0:  R_CMD: ACTCMD    R_r1= 0x00    at time   33401809 ps
inst0 ch0:  R_CMD: ACTCMD    R_f1= 0x02    at time   33402223 ps
inst0 ch0:  R_CMD: ACTCMD    R_r0= 0x0e    at time   33402637 ps
inst0 ch0:  R_CMD: ACTCMD    R_f0= 0x20    at time   33403051 ps
inst0 ch0:  R_CMD: ACTCMD    R_r1= 0x00    at time   33403465 ps
inst0 ch0:  R_CMD: ACTCMD    R_f1= 0x02    at time   33403879 ps
inst0 ch0:  C_CMD: WRCMD     C_r = 0x091   at time   33411745 ps
inst0 ch0:  C_CMD: WRCMD     C_f = 0x0a9   at time   33412159 ps
inst0 ch0:  C_CMD: WRCMD     C_r = 0x091   at time   33413401 ps
inst0 ch0:  C_CMD: WRCMD     C_f = 0x029   at time   33413815 ps
inst0 ch0:  C_CMD: WRCMD     C_r = 0x091   at time   33415057 ps
inst0 ch0:  C_CMD: WRCMD     C_f = 0x0ab   at time   33415471 ps
inst0 ch0:  C_CMD: WRCMD     C_r = 0x091   at time   33416713 ps
inst0 ch0:  C_CMD: WRCMD     C_f = 0x02b   at time   33417127 ps
inst0 ch0:  C_CMD: WRCMD     C_r = 0x091   at time   33418369 ps
inst0 ch0:  C_CMD: WRCMD     C_f = 0x0a1   at time   33418783 ps
inst0 ch0:  C_CMD: WRCMD     C_r = 0x091   at time   33420025 ps
inst0 ch0:  C_CMD: WRCMD     C_f = 0x021   at time   33420439 ps
inst0 ch0:  C_CMD: WRCMD     C_r = 0x099   at time   33421681 ps
inst0 ch0:  C_CMD: WRCMD     C_f = 0x0a3   at time   33422095 ps
inst0 ch0:  C_CMD: WRCMD     C_r = 0x099   at time   33423337 ps
inst0 ch0:  C_CMD: WRCMD     C_f = 0x023   at time   33423751 ps
inst0 ch0:  R_CMD: ACTCMD    R_r0= 0x2e    at time   37728937 ps
inst0 ch0:  R_CMD: ACTCMD    R_f0= 0x28    at time   37729351 ps
inst0 ch0:  R_CMD: ACTCMD    R_r1= 0x00    at time   37729765 ps
inst0 ch0:  R_CMD: ACTCMD    R_f1= 0x02    at time   37730179 ps
inst0 ch0:  R_CMD: ACTCMD    R_r0= 0x2e    at time   37730593 ps
inst0 ch0:  R_CMD: ACTCMD    R_f0= 0x20    at time   37731007 ps
inst0 ch0:  R_CMD: ACTCMD    R_r1= 0x00    at time   37731421 ps
inst0 ch0:  R_CMD: ACTCMD    R_f1= 0x02    at time   37731835 ps
inst0 ch0:  C_CMD: WRCMD     C_r = 0x0d1   at time   37739701 ps
inst0 ch0:  C_CMD: WRCMD     C_f = 0x0a9   at time   37740115 ps
inst0 ch0:  C_CMD: WRCMD     C_r = 0x0d1   at time   37741357 ps
inst0 ch0:  C_CMD: WRCMD     C_f = 0x029   at time   37741771 ps
inst0 ch0:  C_CMD: WRCMD     C_r = 0x0d1   at time   37743013 ps
inst0 ch0:  C_CMD: WRCMD     C_f = 0x0ab   at time   37743427 ps
inst0 ch0:  C_CMD: WRCMD     C_r = 0x0d1   at time   37744669 ps
inst0 ch0:  C_CMD: WRCMD     C_f = 0x02b   at time   37745083 ps
inst0 ch0:  C_CMD: WRCMD     C_r = 0x0d1   at time   37746325 ps
inst0 ch0:  C_CMD: WRCMD     C_f = 0x0a1   at time   37746739 ps
inst0 ch0:  C_CMD: WRCMD     C_r = 0x0d1   at time   37747981 ps
inst0 ch0:  C_CMD: WRCMD     C_f = 0x021   at time   37748395 ps
inst0 ch0:  C_CMD: WRCMD     C_r = 0x0d9   at time   37749637 ps
inst0 ch0:  C_CMD: WRCMD     C_f = 0x0a3   at time   37750051 ps
inst0 ch0:  C_CMD: WRCMD     C_r = 0x0d9   at time   37751293 ps
inst0 ch0:  C_CMD: WRCMD     C_f = 0x023   at time   37751707 ps
inst0 ch0:  R_CMD: ACTCMD    R_r0= 0x22    at time   54866881 ps
inst0 ch0:  R_CMD: ACTCMD    R_f0= 0x22    at time   54867295 ps
inst0 ch0:  R_CMD: ACTCMD    R_r1= 0x00    at time   54867709 ps
inst0 ch0:  R_CMD: ACTCMD    R_f1= 0x00    at time   54868123 ps
inst0 ch0:  R_CMD: ACTCMD    R_r0= 0x22    at time   54868537 ps
inst0 ch0:  R_CMD: ACTCMD    R_f0= 0x2a    at time   54868951 ps
inst0 ch0:  R_CMD: ACTCMD    R_r1= 0x00    at time   54869365 ps
inst0 ch0:  R_CMD: ACTCMD    R_f1= 0x00    at time   54869779 ps
inst0 ch0:  R_CMD: ACTCMD    R_r0= 0x02    at time   54871021 ps
inst0 ch0:  R_CMD: ACTCMD    R_f0= 0x22    at time   54871435 ps
inst0 ch0:  R_CMD: ACTCMD    R_r1= 0x00    at time   54871849 ps
inst0 ch0:  R_CMD: ACTCMD    R_f1= 0x00    at time   54872263 ps
inst0 ch0:  R_CMD: ACTCMD    R_r0= 0x02    at time   54872677 ps
inst0 ch0:  R_CMD: ACTCMD    R_f0= 0x2a    at time   54873091 ps
inst0 ch0:  R_CMD: ACTCMD    R_r1= 0x00    at time   54873505 ps
inst0 ch0:  R_CMD: ACTCMD    R_f1= 0x00    at time   54873919 ps
inst0 ch0:  R_CMD: ACTCMD    R_r0= 0x22    at time   54875161 ps
inst0 ch0:  R_CMD: ACTCMD    R_f0= 0x02    at time   54875575 ps
inst0 ch0:  R_CMD: ACTCMD    R_r1= 0x00    at time   54875989 ps
inst0 ch0:  R_CMD: ACTCMD    R_f1= 0x00    at time   54876403 ps
inst0 ch0:  R_CMD: ACTCMD    R_r0= 0x22    at time   54876817 ps
inst0 ch0:  R_CMD: ACTCMD    R_f0= 0x0a    at time   54877231 ps
inst0 ch0:  R_CMD: ACTCMD    R_r1= 0x00    at time   54877645 ps
inst0 ch0:  R_CMD: ACTCMD    R_f1= 0x00    at time   54878059 ps
inst0 ch0:  R_CMD: ACTCMD    R_r0= 0x02    at time   54879301 ps
inst0 ch0:  R_CMD: ACTCMD    R_f0= 0x02    at time   54879715 ps
inst0 ch0:  R_CMD: ACTCMD    R_r1= 0x00    at time   54880129 ps
inst0 ch0:  R_CMD: ACTCMD    R_f1= 0x00    at time   54880543 ps
inst0 ch0:  R_CMD: ACTCMD    R_r0= 0x02    at time   54880957 ps
inst0 ch0:  R_CMD: ACTCMD    R_f0= 0x0a    at time   54881371 ps
inst0 ch0:  R_CMD: ACTCMD    R_r1= 0x00    at time   54881785 ps
inst0 ch0:  C_CMD: RDCMD     C_r = 0x0c5   at time   54881785 ps
inst0 ch0:  R_CMD: ACTCMD    R_f1= 0x00    at time   54882199 ps
inst0 ch0:  C_CMD: RDCMD     C_f = 0x000   at time   54882199 ps
inst0 ch0:  C_CMD: RDCMD     C_r = 0x0c5   at time   54883441 ps
inst0 ch0:  C_CMD: RDCMD     C_f = 0x080   at time   54883855 ps
inst0 ch0:  C_CMD: RDCMD     C_r = 0x0cd   at time   54885097 ps
inst0 ch0:  C_CMD: RDCMD     C_f = 0x002   at time   54885511 ps
inst0 ch0:  C_CMD: RDCMD     C_r = 0x085   at time   54886753 ps
inst0 ch0:  C_CMD: RDCMD     C_f = 0x000   at time   54887167 ps
inst0 ch0:  C_CMD: RDCMD     C_r = 0x0cd   at time   54887581 ps
inst0 ch0:  C_CMD: RDCMD     C_f = 0x082   at time   54887995 ps
inst0 ch0:  C_CMD: RDCMD     C_r = 0x085   at time   54889237 ps
inst0 ch0:  C_CMD: RDCMD     C_f = 0x080   at time   54889651 ps
inst0 ch0:  C_CMD: RDCMD     C_r = 0x08d   at time   54890065 ps
inst0 ch0:  C_CMD: RDCMD     C_f = 0x002   at time   54890479 ps
inst0 ch0:  C_CMD: RDCMD     C_r = 0x045   at time   54891721 ps
inst0 ch0:  C_CMD: RDCMD     C_f = 0x000   at time   54892135 ps
inst0 ch0:  C_CMD: RDCMD     C_r = 0x08d   at time   54892549 ps
inst0 ch0:  C_CMD: RDCMD     C_f = 0x082   at time   54892963 ps
inst0 ch0:  C_CMD: RDCMD     C_r = 0x005   at time   54894205 ps
inst0 ch0:  C_CMD: RDCMD     C_f = 0x000   at time   54894619 ps
inst0 ch0:  C_CMD: RDCMD     C_r = 0x045   at time   54895033 ps
inst0 ch0:  C_CMD: RDCMD     C_f = 0x080   at time   54895447 ps
inst0 ch0:  C_CMD: RDCMD     C_r = 0x04d   at time   54895861 ps
inst0 ch0:  C_CMD: RDCMD     C_f = 0x002   at time   54896275 ps
inst0 ch0:  C_CMD: RDCMD     C_r = 0x005   at time   54896689 ps
inst0 ch0:  C_CMD: RDCMD     C_f = 0x080   at time   54897103 ps
inst0 ch0:  C_CMD: RDCMD     C_r = 0x00d   at time   54897517 ps
inst0 ch0:  C_CMD: RDCMD     C_f = 0x002   at time   54897931 ps
inst0 ch0:  C_CMD: RDCMD     C_r = 0x04d   at time   54898345 ps
inst0 ch0:  C_CMD: RDCMD     C_f = 0x082   at time   54898759 ps
inst0 ch0:  C_CMD: RDCMD     C_r = 0x00d   at time   54900001 ps
inst0 ch0:  C_CMD: RDCMD     C_f = 0x082   at time   54900415 ps
inst0 ch0:  R_CMD: ACTCMD    R_r0= 0x2a    at time   55447309 ps
inst0 ch0:  R_CMD: ACTCMD    R_f0= 0x22    at time   55447723 ps
inst0 ch0:  R_CMD: ACTCMD    R_r1= 0x00    at time   55448137 ps
inst0 ch0:  R_CMD: ACTCMD    R_f1= 0x00    at time   55448551 ps
inst0 ch0:  R_CMD: ACTCMD    R_r0= 0x0a    at time   55451449 ps
inst0 ch0:  R_CMD: ACTCMD    R_f0= 0x22    at time   55451863 ps
inst0 ch0:  R_CMD: ACTCMD    R_r1= 0x00    at time   55452277 ps
inst0 ch0:  R_CMD: ACTCMD    R_f1= 0x00    at time   55452691 ps
inst0 ch0:  R_CMD: ACTCMD    R_r0= 0x2a    at time   55455589 ps
inst0 ch0:  R_CMD: ACTCMD    R_f0= 0x02    at time   55456003 ps
inst0 ch0:  R_CMD: ACTCMD    R_r1= 0x00    at time   55456417 ps
inst0 ch0:  R_CMD: ACTCMD    R_f1= 0x00    at time   55456831 ps
inst0 ch0:  R_CMD: ACTCMD    R_r0= 0x0a    at time   55459729 ps
inst0 ch0:  R_CMD: ACTCMD    R_f0= 0x02    at time   55460143 ps
inst0 ch0:  R_CMD: ACTCMD    R_r1= 0x00    at time   55460557 ps
inst0 ch0:  R_CMD: ACTCMD    R_f1= 0x00    at time   55460971 ps
inst0 ch0:  R_CMD: ACTCMD    R_r0= 0x2a    at time   55461385 ps
inst0 ch0:  R_CMD: ACTCMD    R_f0= 0x2a    at time   55461799 ps
inst0 ch0:  R_CMD: ACTCMD    R_r1= 0x00    at time   55462213 ps
inst0 ch0:  C_CMD: RDCMD     C_r = 0x0d5   at time   55462213 ps
inst0 ch0:  R_CMD: ACTCMD    R_f1= 0x00    at time   55462627 ps
inst0 ch0:  C_CMD: RDCMD     C_f = 0x000   at time   55462627 ps
inst0 ch0:  R_CMD: ACTCMD    R_r0= 0x0a    at time   55465525 ps
inst0 ch0:  C_CMD: RDCMD     C_r = 0x0dd   at time   55465525 ps
inst0 ch0:  R_CMD: ACTCMD    R_f0= 0x2a    at time   55465939 ps
inst0 ch0:  C_CMD: RDCMD     C_f = 0x002   at time   55465939 ps
inst0 ch0:  R_CMD: ACTCMD    R_r1= 0x00    at time   55466353 ps
inst0 ch0:  R_CMD: ACTCMD    R_f1= 0x00    at time   55466767 ps
inst0 ch0:  C_CMD: RDCMD     C_r = 0x095   at time   55467181 ps
inst0 ch0:  C_CMD: RDCMD     C_f = 0x000   at time   55467595 ps
inst0 ch0:  R_CMD: ACTCMD    R_r0= 0x2a    at time   55469665 ps
inst0 ch0:  R_CMD: ACTCMD    R_f0= 0x0a    at time   55470079 ps
inst0 ch0:  R_CMD: ACTCMD    R_r1= 0x00    at time   55470493 ps
inst0 ch0:  C_CMD: RDCMD     C_r = 0x09d   at time   55470493 ps
inst0 ch0:  R_CMD: ACTCMD    R_f1= 0x00    at time   55470907 ps
inst0 ch0:  C_CMD: RDCMD     C_f = 0x002   at time   55470907 ps
inst0 ch0:  C_CMD: RDCMD     C_r = 0x055   at time   55472149 ps
inst0 ch0:  C_CMD: RDCMD     C_f = 0x000   at time   55472563 ps
inst0 ch0:  R_CMD: ACTCMD    R_r0= 0x0a    at time   55473805 ps
inst0 ch0:  R_CMD: ACTCMD    R_f0= 0x0a    at time   55474219 ps
inst0 ch0:  R_CMD: ACTCMD    R_r1= 0x00    at time   55474633 ps
inst0 ch0:  C_CMD: RDCMD     C_r = 0x015   at time   55474633 ps
inst0 ch0:  R_CMD: ACTCMD    R_f1= 0x00    at time   55475047 ps
inst0 ch0:  C_CMD: RDCMD     C_f = 0x000   at time   55475047 ps
inst0 ch0:  C_CMD: RDCMD     C_r = 0x05d   at time   55476289 ps
inst0 ch0:  C_CMD: RDCMD     C_f = 0x002   at time   55476703 ps
inst0 ch0:  C_CMD: RDCMD     C_r = 0x0d5   at time   55477117 ps
inst0 ch0:  C_CMD: RDCMD     C_f = 0x080   at time   55477531 ps
inst0 ch0:  C_CMD: RDCMD     C_r = 0x01d   at time   55477945 ps
inst0 ch0:  C_CMD: RDCMD     C_f = 0x002   at time   55478359 ps
inst0 ch0:  C_CMD: RDCMD     C_r = 0x0dd   at time   55480429 ps
inst0 ch0:  C_CMD: RDCMD     C_f = 0x082   at time   55480843 ps
inst0 ch0:  C_CMD: RDCMD     C_r = 0x095   at time   55482085 ps
inst0 ch0:  C_CMD: RDCMD     C_f = 0x080   at time   55482499 ps
inst0 ch0:  C_CMD: RDCMD     C_r = 0x055   at time   55484569 ps
inst0 ch0:  C_CMD: RDCMD     C_f = 0x080   at time   55484983 ps
inst0 ch0:  C_CMD: RDCMD     C_r = 0x09d   at time   55486225 ps
inst0 ch0:  C_CMD: RDCMD     C_f = 0x082   at time   55486639 ps
inst0 ch0:  C_CMD: RDCMD     C_r = 0x05d   at time   55487881 ps
inst0 ch0:  C_CMD: RDCMD     C_f = 0x082   at time   55488295 ps
inst0 ch0:  C_CMD: RDCMD     C_r = 0x015   at time   55489537 ps
inst0 ch0:  C_CMD: RDCMD     C_f = 0x080   at time   55489951 ps
inst0 ch0:  C_CMD: RDCMD     C_r = 0x01d   at time   55492849 ps
inst0 ch0:  C_CMD: RDCMD     C_f = 0x082   at time   55493263 ps
inst0 ch0:  R_CMD: ACTCMD    R_r0= 0x32    at time   55728001 ps
inst0 ch0:  R_CMD: ACTCMD    R_f0= 0x22    at time   55728415 ps
inst0 ch0:  R_CMD: ACTCMD    R_r1= 0x00    at time   55728829 ps
inst0 ch0:  R_CMD: ACTCMD    R_f1= 0x00    at time   55729243 ps
inst0 ch0:  R_CMD: ACTCMD    R_r0= 0x12    at time   55732141 ps
inst0 ch0:  R_CMD: ACTCMD    R_f0= 0x22    at time   55732555 ps
inst0 ch0:  R_CMD: ACTCMD    R_r1= 0x00    at time   55732969 ps
inst0 ch0:  R_CMD: ACTCMD    R_f1= 0x00    at time   55733383 ps
inst0 ch0:  R_CMD: ACTCMD    R_r0= 0x32    at time   55736281 ps
inst0 ch0:  R_CMD: ACTCMD    R_f0= 0x02    at time   55736695 ps
inst0 ch0:  R_CMD: ACTCMD    R_r1= 0x00    at time   55737109 ps
inst0 ch0:  R_CMD: ACTCMD    R_f1= 0x00    at time   55737523 ps
inst0 ch0:  R_CMD: ACTCMD    R_r0= 0x12    at time   55740421 ps
inst0 ch0:  R_CMD: ACTCMD    R_f0= 0x02    at time   55740835 ps
inst0 ch0:  R_CMD: ACTCMD    R_r1= 0x00    at time   55741249 ps
inst0 ch0:  R_CMD: ACTCMD    R_f1= 0x00    at time   55741663 ps
inst0 ch0:  R_CMD: ACTCMD    R_r0= 0x32    at time   55742077 ps
inst0 ch0:  R_CMD: ACTCMD    R_f0= 0x2a    at time   55742491 ps
inst0 ch0:  R_CMD: ACTCMD    R_r1= 0x00    at time   55742905 ps
inst0 ch0:  C_CMD: RDCMD     C_r = 0x0e5   at time   55742905 ps
inst0 ch0:  R_CMD: ACTCMD    R_f1= 0x00    at time   55743319 ps
inst0 ch0:  C_CMD: RDCMD     C_f = 0x000   at time   55743319 ps
inst0 ch0:  R_CMD: ACTCMD    R_r0= 0x12    at time   55746217 ps
inst0 ch0:  C_CMD: RDCMD     C_r = 0x0ed   at time   55746217 ps
inst0 ch0:  R_CMD: ACTCMD    R_f0= 0x2a    at time   55746631 ps
inst0 ch0:  C_CMD: RDCMD     C_f = 0x002   at time   55746631 ps
inst0 ch0:  R_CMD: ACTCMD    R_r1= 0x00    at time   55747045 ps
inst0 ch0:  R_CMD: ACTCMD    R_f1= 0x00    at time   55747459 ps
inst0 ch0:  C_CMD: RDCMD     C_r = 0x0a5   at time   55747873 ps
inst0 ch0:  C_CMD: RDCMD     C_f = 0x000   at time   55748287 ps
inst0 ch0:  R_CMD: ACTCMD    R_r0= 0x32    at time   55750357 ps
inst0 ch0:  R_CMD: ACTCMD    R_f0= 0x0a    at time   55750771 ps
inst0 ch0:  R_CMD: ACTCMD    R_r1= 0x00    at time   55751185 ps
inst0 ch0:  C_CMD: RDCMD     C_r = 0x0ad   at time   55751185 ps
inst0 ch0:  R_CMD: ACTCMD    R_f1= 0x00    at time   55751599 ps
inst0 ch0:  C_CMD: RDCMD     C_f = 0x002   at time   55751599 ps
inst0 ch0:  C_CMD: RDCMD     C_r = 0x065   at time   55752841 ps
inst0 ch0:  C_CMD: RDCMD     C_f = 0x000   at time   55753255 ps
inst0 ch0:  R_CMD: ACTCMD    R_r0= 0x12    at time   55754497 ps
inst0 ch0:  R_CMD: ACTCMD    R_f0= 0x0a    at time   55754911 ps
inst0 ch0:  R_CMD: ACTCMD    R_r1= 0x00    at time   55755325 ps
inst0 ch0:  C_CMD: RDCMD     C_r = 0x025   at time   55755325 ps
inst0 ch0:  R_CMD: ACTCMD    R_f1= 0x00    at time   55755739 ps
inst0 ch0:  C_CMD: RDCMD     C_f = 0x000   at time   55755739 ps
inst0 ch0:  C_CMD: RDCMD     C_r = 0x06d   at time   55756981 ps
inst0 ch0:  C_CMD: RDCMD     C_f = 0x002   at time   55757395 ps
inst0 ch0:  C_CMD: RDCMD     C_r = 0x0e5   at time   55757809 ps
inst0 ch0:  C_CMD: RDCMD     C_f = 0x080   at time   55758223 ps
inst0 ch0:  C_CMD: RDCMD     C_r = 0x02d   at time   55758637 ps
inst0 ch0:  C_CMD: RDCMD     C_f = 0x002   at time   55759051 ps
inst0 ch0:  C_CMD: RDCMD     C_r = 0x0ed   at time   55761121 ps
inst0 ch0:  C_CMD: RDCMD     C_f = 0x082   at time   55761535 ps
inst0 ch0:  C_CMD: RDCMD     C_r = 0x0a5   at time   55762777 ps
inst0 ch0:  C_CMD: RDCMD     C_f = 0x080   at time   55763191 ps
inst0 ch0:  C_CMD: RDCMD     C_r = 0x065   at time   55765261 ps
inst0 ch0:  C_CMD: RDCMD     C_f = 0x080   at time   55765675 ps
inst0 ch0:  C_CMD: RDCMD     C_r = 0x0ad   at time   55766917 ps
inst0 ch0:  C_CMD: RDCMD     C_f = 0x082   at time   55767331 ps
inst0 ch0:  C_CMD: RDCMD     C_r = 0x06d   at time   55768573 ps
inst0 ch0:  C_CMD: RDCMD     C_f = 0x082   at time   55768987 ps
inst0 ch0:  C_CMD: RDCMD     C_r = 0x025   at time   55770229 ps
inst0 ch0:  C_CMD: RDCMD     C_f = 0x080   at time   55770643 ps
inst0 ch0:  C_CMD: RDCMD     C_r = 0x02d   at time   55773541 ps
inst0 ch0:  C_CMD: RDCMD     C_f = 0x082   at time   55773955 ps
inst0 ch0:  R_CMD: ACTCMD    R_r0= 0x3a    at time   56112193 ps
inst0 ch0:  R_CMD: ACTCMD    R_f0= 0x22    at time   56112607 ps
inst0 ch0:  R_CMD: ACTCMD    R_r1= 0x00    at time   56113021 ps
inst0 ch0:  R_CMD: ACTCMD    R_f1= 0x00    at time   56113435 ps
inst0 ch0:  R_CMD: ACTCMD    R_r0= 0x1a    at time   56116333 ps
inst0 ch0:  R_CMD: ACTCMD    R_f0= 0x22    at time   56116747 ps
inst0 ch0:  R_CMD: ACTCMD    R_r1= 0x00    at time   56117161 ps
inst0 ch0:  R_CMD: ACTCMD    R_f1= 0x00    at time   56117575 ps
inst0 ch0:  R_CMD: ACTCMD    R_r0= 0x3a    at time   56120473 ps
inst0 ch0:  R_CMD: ACTCMD    R_f0= 0x02    at time   56120887 ps
inst0 ch0:  R_CMD: ACTCMD    R_r1= 0x00    at time   56121301 ps
inst0 ch0:  R_CMD: ACTCMD    R_f1= 0x00    at time   56121715 ps
inst0 ch0:  R_CMD: ACTCMD    R_r0= 0x1a    at time   56124613 ps
inst0 ch0:  R_CMD: ACTCMD    R_f0= 0x02    at time   56125027 ps
inst0 ch0:  R_CMD: ACTCMD    R_r1= 0x00    at time   56125441 ps
inst0 ch0:  R_CMD: ACTCMD    R_f1= 0x00    at time   56125855 ps
inst0 ch0:  R_CMD: ACTCMD    R_r0= 0x3a    at time   56126269 ps
inst0 ch0:  R_CMD: ACTCMD    R_f0= 0x2a    at time   56126683 ps
inst0 ch0:  R_CMD: ACTCMD    R_r1= 0x00    at time   56127097 ps
inst0 ch0:  C_CMD: RDCMD     C_r = 0x0f5   at time   56127097 ps
inst0 ch0:  R_CMD: ACTCMD    R_f1= 0x00    at time   56127511 ps
inst0 ch0:  C_CMD: RDCMD     C_f = 0x000   at time   56127511 ps
inst0 ch0:  R_CMD: ACTCMD    R_r0= 0x1a    at time   56130409 ps
inst0 ch0:  C_CMD: RDCMD     C_r = 0x0fd   at time   56130409 ps
inst0 ch0:  R_CMD: ACTCMD    R_f0= 0x2a    at time   56130823 ps
inst0 ch0:  C_CMD: RDCMD     C_f = 0x002   at time   56130823 ps
inst0 ch0:  R_CMD: ACTCMD    R_r1= 0x00    at time   56131237 ps
inst0 ch0:  R_CMD: ACTCMD    R_f1= 0x00    at time   56131651 ps
inst0 ch0:  C_CMD: RDCMD     C_r = 0x0b5   at time   56132065 ps
inst0 ch0:  C_CMD: RDCMD     C_f = 0x000   at time   56132479 ps
inst0 ch0:  R_CMD: ACTCMD    R_r0= 0x3a    at time   56134549 ps
inst0 ch0:  R_CMD: ACTCMD    R_f0= 0x0a    at time   56134963 ps
inst0 ch0:  R_CMD: ACTCMD    R_r1= 0x00    at time   56135377 ps
inst0 ch0:  C_CMD: RDCMD     C_r = 0x0bd   at time   56135377 ps
inst0 ch0:  R_CMD: ACTCMD    R_f1= 0x00    at time   56135791 ps
inst0 ch0:  C_CMD: RDCMD     C_f = 0x002   at time   56135791 ps
inst0 ch0:  C_CMD: RDCMD     C_r = 0x075   at time   56137033 ps
inst0 ch0:  C_CMD: RDCMD     C_f = 0x000   at time   56137447 ps
inst0 ch0:  R_CMD: ACTCMD    R_r0= 0x1a    at time   56138689 ps
inst0 ch0:  R_CMD: ACTCMD    R_f0= 0x0a    at time   56139103 ps
inst0 ch0:  R_CMD: ACTCMD    R_r1= 0x00    at time   56139517 ps
inst0 ch0:  C_CMD: RDCMD     C_r = 0x035   at time   56139517 ps
inst0 ch0:  R_CMD: ACTCMD    R_f1= 0x00    at time   56139931 ps
inst0 ch0:  C_CMD: RDCMD     C_f = 0x000   at time   56139931 ps
inst0 ch0:  C_CMD: RDCMD     C_r = 0x07d   at time   56141173 ps
inst0 ch0:  C_CMD: RDCMD     C_f = 0x002   at time   56141587 ps
inst0 ch0:  C_CMD: RDCMD     C_r = 0x0f5   at time   56142001 ps
inst0 ch0:  C_CMD: RDCMD     C_f = 0x080   at time   56142415 ps
inst0 ch0:  C_CMD: RDCMD     C_r = 0x03d   at time   56142829 ps
inst0 ch0:  C_CMD: RDCMD     C_f = 0x002   at time   56143243 ps
inst0 ch0:  C_CMD: RDCMD     C_r = 0x0fd   at time   56145313 ps
inst0 ch0:  C_CMD: RDCMD     C_f = 0x082   at time   56145727 ps
inst0 ch0:  C_CMD: RDCMD     C_r = 0x0b5   at time   56146969 ps
inst0 ch0:  C_CMD: RDCMD     C_f = 0x080   at time   56147383 ps
inst0 ch0:  C_CMD: RDCMD     C_r = 0x075   at time   56149453 ps
inst0 ch0:  C_CMD: RDCMD     C_f = 0x080   at time   56149867 ps
inst0 ch0:  C_CMD: RDCMD     C_r = 0x0bd   at time   56151109 ps
inst0 ch0:  C_CMD: RDCMD     C_f = 0x082   at time   56151523 ps
inst0 ch0:  C_CMD: RDCMD     C_r = 0x07d   at time   56152765 ps
inst0 ch0:  C_CMD: RDCMD     C_f = 0x082   at time   56153179 ps
inst0 ch0:  C_CMD: RDCMD     C_r = 0x035   at time   56154421 ps
inst0 ch0:  C_CMD: RDCMD     C_f = 0x080   at time   56154835 ps
inst0 ch0:  C_CMD: RDCMD     C_r = 0x03d   at time   56157733 ps
inst0 ch0:  C_CMD: RDCMD     C_f = 0x082   at time   56158147 ps
inst0 ch0:  R_CMD: ACTCMD    R_r0= 0x02    at time   56652877 ps
inst0 ch0:  R_CMD: ACTCMD    R_f0= 0x10    at time   56653291 ps
inst0 ch0:  R_CMD: ACTCMD    R_r1= 0x3f    at time   56653705 ps
inst0 ch0:  R_CMD: ACTCMD    R_f1= 0x3b    at time   56654119 ps
inst0 ch0:  C_CMD: WRCMD     C_r = 0x009   at time   56663641 ps
inst0 ch0:  C_CMD: WRCMD     C_f = 0x07a   at time   56664055 ps
inst0 ch0:  R_CMD: ACTCMD    R_r0= 0x02    at time   56694277 ps
inst0 ch0:  R_CMD: ACTCMD    R_f0= 0x18    at time   56694691 ps
inst0 ch0:  R_CMD: ACTCMD    R_r1= 0x3f    at time   56695105 ps
inst0 ch0:  R_CMD: ACTCMD    R_f1= 0x3b    at time   56695519 ps
inst0 ch0:  C_CMD: WRCMD     C_r = 0x009   at time   56705041 ps
inst0 ch0:  C_CMD: WRCMD     C_f = 0x0fa   at time   56705455 ps
inst0 ch0:  R_CMD: ACTCMD    R_r0= 0x0a    at time   57033757 ps
inst0 ch0:  R_CMD: ACTCMD    R_f0= 0x10    at time   57034171 ps
inst0 ch0:  R_CMD: ACTCMD    R_r1= 0x3f    at time   57034585 ps
inst0 ch0:  R_CMD: ACTCMD    R_f1= 0x3b    at time   57034999 ps
inst0 ch0:  C_CMD: WRCMD     C_r = 0x019   at time   57044521 ps
inst0 ch0:  C_CMD: WRCMD     C_f = 0x07a   at time   57044935 ps
inst0 ch0:  R_CMD: ACTCMD    R_r0= 0x0a    at time   57049489 ps
inst0 ch0:  R_CMD: ACTCMD    R_f0= 0x18    at time   57049903 ps
inst0 ch0:  R_CMD: ACTCMD    R_r1= 0x3f    at time   57050317 ps
inst0 ch0:  R_CMD: ACTCMD    R_f1= 0x3b    at time   57050731 ps
inst0 ch0:  C_CMD: WRCMD     C_r = 0x019   at time   57060253 ps
inst0 ch0:  C_CMD: WRCMD     C_f = 0x0fa   at time   57060667 ps
inst0 ch0:  R_CMD: ACTCMD    R_r0= 0x02    at time   57290437 ps
inst0 ch0:  R_CMD: ACTCMD    R_f0= 0x30    at time   57290851 ps
inst0 ch0:  R_CMD: ACTCMD    R_r1= 0x3f    at time   57291265 ps
inst0 ch0:  R_CMD: ACTCMD    R_f1= 0x3b    at time   57291679 ps
inst0 ch0:  C_CMD: WRCMD     C_r = 0x089   at time   57301201 ps
inst0 ch0:  C_CMD: WRCMD     C_f = 0x07a   at time   57301615 ps
inst0 ch0:  R_CMD: ACTCMD    R_r0= 0x02    at time   57311965 ps
inst0 ch0:  R_CMD: ACTCMD    R_f0= 0x38    at time   57312379 ps
inst0 ch0:  R_CMD: ACTCMD    R_r1= 0x3f    at time   57312793 ps
inst0 ch0:  R_CMD: ACTCMD    R_f1= 0x3b    at time   57313207 ps
inst0 ch0:  C_CMD: WRCMD     C_r = 0x089   at time   57322729 ps
inst0 ch0:  C_CMD: WRCMD     C_f = 0x0fa   at time   57323143 ps
inst0 ch0:  R_CMD: ACTCMD    R_r0= 0x0a    at time   57547117 ps
inst0 ch0:  R_CMD: ACTCMD    R_f0= 0x30    at time   57547531 ps
inst0 ch0:  R_CMD: ACTCMD    R_r1= 0x3f    at time   57547945 ps
inst0 ch0:  R_CMD: ACTCMD    R_f1= 0x3b    at time   57548359 ps
inst0 ch0:  R_CMD: ACTCMD    R_r0= 0x0a    at time   57548773 ps
inst0 ch0:  R_CMD: ACTCMD    R_f0= 0x38    at time   57549187 ps
inst0 ch0:  R_CMD: ACTCMD    R_r1= 0x3f    at time   57549601 ps
inst0 ch0:  R_CMD: ACTCMD    R_f1= 0x3b    at time   57550015 ps
inst0 ch0:  C_CMD: WRCMD     C_r = 0x099   at time   57557881 ps
inst0 ch0:  C_CMD: WRCMD     C_f = 0x07a   at time   57558295 ps
inst0 ch0:  C_CMD: WRCMD     C_r = 0x099   at time   57559537 ps
inst0 ch0:  C_CMD: WRCMD     C_f = 0x0fa   at time   57559951 ps
inst0 ch0:  R_CMD: ACTCMD    R_r0= 0x0a    at time   58727017 ps
inst0 ch0:  R_CMD: ACTCMD    R_f0= 0x1b    at time   58727431 ps
inst0 ch0:  R_CMD: ACTCMD    R_r1= 0x3f    at time   58727845 ps
inst0 ch0:  R_CMD: ACTCMD    R_f1= 0x3b    at time   58728259 ps
inst0 ch0:  C_CMD: WRCMD     C_r = 0x019   at time   58737781 ps
inst0 ch0:  C_CMD: WRCMD     C_f = 0x090   at time   58738195 ps
inst0 ch0:  R_CMD: ACTCMD    R_r0= 0x0a    at time   58757653 ps
inst0 ch0:  R_CMD: ACTCMD    R_f0= 0x13    at time   58758067 ps
inst0 ch0:  R_CMD: ACTCMD    R_r1= 0x3f    at time   58758481 ps
inst0 ch0:  R_CMD: ACTCMD    R_f1= 0x3b    at time   58758895 ps
inst0 ch0:  C_CMD: WRCMD     C_r = 0x019   at time   58768417 ps
inst0 ch0:  C_CMD: WRCMD     C_f = 0x010   at time   58768831 ps
inst0 ch0:  R_CMD: ACTCMD    R_r0= 0x02    at time   58991149 ps
inst0 ch0:  R_CMD: ACTCMD    R_f0= 0x13    at time   58991563 ps
inst0 ch0:  R_CMD: ACTCMD    R_r1= 0x3f    at time   58991977 ps
inst0 ch0:  R_CMD: ACTCMD    R_f1= 0x3b    at time   58992391 ps
inst0 ch0:  R_CMD: ACTCMD    R_r0= 0x02    at time   58997773 ps
inst0 ch0:  R_CMD: ACTCMD    R_f0= 0x1b    at time   58998187 ps
inst0 ch0:  R_CMD: ACTCMD    R_r1= 0x3f    at time   58998601 ps
inst0 ch0:  R_CMD: ACTCMD    R_f1= 0x3b    at time   58999015 ps
inst0 ch0:  C_CMD: WRCMD     C_r = 0x009   at time   59001913 ps
inst0 ch0:  C_CMD: WRCMD     C_f = 0x000   at time   59002327 ps
inst0 ch0:  C_CMD: WRCMD     C_r = 0x009   at time   59008537 ps
inst0 ch0:  C_CMD: WRCMD     C_f = 0x080   at time   59008951 ps
inst0 ch0:  R_CMD: ACTCMD    R_r0= 0x02    at time   60526261 ps
inst0 ch0:  R_CMD: ACTCMD    R_f0= 0x00    at time   60526675 ps
inst0 ch0:  R_CMD: ACTCMD    R_r1= 0x00    at time   60527089 ps
inst0 ch0:  R_CMD: ACTCMD    R_f1= 0x00    at time   60527503 ps
inst0 ch0:  C_CMD: RDCMD     C_r = 0x005   at time   60541165 ps
inst0 ch0:  C_CMD: RDCMD     C_f = 0x018   at time   60541579 ps
inst0 ch0:  C_CMD: RDCMD     C_r = 0x005   at time   60544477 ps
inst0 ch0:  C_CMD: RDCMD     C_f = 0x01a   at time   60544891 ps
inst0 ch0:  C_CMD: RDCMD     C_r = 0x005   at time   60547789 ps
inst0 ch0:  C_CMD: RDCMD     C_f = 0x010   at time   60548203 ps
inst0 ch0:  C_CMD: RDCMD     C_r = 0x005   at time   60551101 ps
inst0 ch0:  C_CMD: RDCMD     C_f = 0x012   at time   60551515 ps
inst0 ch0:  C_CMD: RDCMD     C_r = 0x005   at time   60554413 ps
inst0 ch0:  C_CMD: RDCMD     C_f = 0x008   at time   60554827 ps
inst0 ch0:  C_CMD: RDCMD     C_r = 0x005   at time   60557725 ps
inst0 ch0:  C_CMD: RDCMD     C_f = 0x00a   at time   60558139 ps
inst0 ch0:  C_CMD: RDCMD     C_r = 0x005   at time   60561037 ps
inst0 ch0:  C_CMD: RDCMD     C_f = 0x000   at time   60561451 ps
inst0 ch0:  C_CMD: RDCMD     C_r = 0x00d   at time   60564349 ps
inst0 ch0:  C_CMD: RDCMD     C_f = 0x002   at time   60564763 ps
inst0 ch0:  R_CMD: ACTCMD    R_r0= 0x02    at time   60573457 ps
inst0 ch0:  R_CMD: ACTCMD    R_f0= 0x08    at time   60573871 ps
inst0 ch0:  R_CMD: ACTCMD    R_r1= 0x00    at time   60574285 ps
inst0 ch0:  R_CMD: ACTCMD    R_f1= 0x00    at time   60574699 ps
inst0 ch0:  C_CMD: RDCMD     C_r = 0x005   at time   60588361 ps
inst0 ch0:  C_CMD: RDCMD     C_f = 0x098   at time   60588775 ps
inst0 ch0:  C_CMD: RDCMD     C_r = 0x005   at time   60591673 ps
inst0 ch0:  C_CMD: RDCMD     C_f = 0x09a   at time   60592087 ps
inst0 ch0:  C_CMD: RDCMD     C_r = 0x005   at time   60594985 ps
inst0 ch0:  C_CMD: RDCMD     C_f = 0x090   at time   60595399 ps
inst0 ch0:  C_CMD: RDCMD     C_r = 0x005   at time   60598297 ps
inst0 ch0:  C_CMD: RDCMD     C_f = 0x092   at time   60598711 ps
inst0 ch0:  C_CMD: RDCMD     C_r = 0x005   at time   60601609 ps
inst0 ch0:  C_CMD: RDCMD     C_f = 0x088   at time   60602023 ps
inst0 ch0:  C_CMD: RDCMD     C_r = 0x005   at time   60604921 ps
inst0 ch0:  C_CMD: RDCMD     C_f = 0x08a   at time   60605335 ps
inst0 ch0:  C_CMD: RDCMD     C_r = 0x005   at time   60608233 ps
inst0 ch0:  C_CMD: RDCMD     C_f = 0x080   at time   60608647 ps
inst0 ch0:  C_CMD: RDCMD     C_r = 0x00d   at time   60611545 ps
inst0 ch0:  C_CMD: RDCMD     C_f = 0x082   at time   60611959 ps
inst0 ch0:  R_CMD: ACTCMD    R_r0= 0x0a    at time   60705109 ps
inst0 ch0:  R_CMD: ACTCMD    R_f0= 0x00    at time   60705523 ps
inst0 ch0:  R_CMD: ACTCMD    R_r1= 0x00    at time   60705937 ps
inst0 ch0:  R_CMD: ACTCMD    R_f1= 0x00    at time   60706351 ps
inst0 ch0:  C_CMD: RDCMD     C_r = 0x015   at time   60720013 ps
inst0 ch0:  C_CMD: RDCMD     C_f = 0x018   at time   60720427 ps
inst0 ch0:  C_CMD: RDCMD     C_r = 0x015   at time   60723325 ps
inst0 ch0:  C_CMD: RDCMD     C_f = 0x01a   at time   60723739 ps
inst0 ch0:  C_CMD: RDCMD     C_r = 0x015   at time   60726637 ps
inst0 ch0:  C_CMD: RDCMD     C_f = 0x010   at time   60727051 ps
inst0 ch0:  C_CMD: RDCMD     C_r = 0x015   at time   60729949 ps
inst0 ch0:  C_CMD: RDCMD     C_f = 0x012   at time   60730363 ps
inst0 ch0:  C_CMD: RDCMD     C_r = 0x015   at time   60733261 ps
inst0 ch0:  C_CMD: RDCMD     C_f = 0x008   at time   60733675 ps
inst0 ch0:  C_CMD: RDCMD     C_r = 0x015   at time   60736573 ps
inst0 ch0:  C_CMD: RDCMD     C_f = 0x00a   at time   60736987 ps
inst0 ch0:  C_CMD: RDCMD     C_r = 0x015   at time   60739885 ps
inst0 ch0:  C_CMD: RDCMD     C_f = 0x000   at time   60740299 ps
inst0 ch0:  C_CMD: RDCMD     C_r = 0x01d   at time   60743197 ps
inst0 ch0:  C_CMD: RDCMD     C_f = 0x002   at time   60743611 ps
inst0 ch0:  R_CMD: ACTCMD    R_r0= 0x0a    at time   60802813 ps
inst0 ch0:  R_CMD: ACTCMD    R_f0= 0x08    at time   60803227 ps
inst0 ch0:  R_CMD: ACTCMD    R_r1= 0x00    at time   60803641 ps
inst0 ch0:  R_CMD: ACTCMD    R_f1= 0x00    at time   60804055 ps
inst0 ch0:  C_CMD: RDCMD     C_r = 0x015   at time   60817717 ps
inst0 ch0:  C_CMD: RDCMD     C_f = 0x098   at time   60818131 ps
inst0 ch0:  C_CMD: RDCMD     C_r = 0x015   at time   60821029 ps
inst0 ch0:  C_CMD: RDCMD     C_f = 0x09a   at time   60821443 ps
inst0 ch0:  C_CMD: RDCMD     C_r = 0x015   at time   60824341 ps
inst0 ch0:  C_CMD: RDCMD     C_f = 0x090   at time   60824755 ps
inst0 ch0:  C_CMD: RDCMD     C_r = 0x015   at time   60827653 ps
inst0 ch0:  C_CMD: RDCMD     C_f = 0x092   at time   60828067 ps
inst0 ch0:  C_CMD: RDCMD     C_r = 0x015   at time   60830965 ps
inst0 ch0:  C_CMD: RDCMD     C_f = 0x088   at time   60831379 ps
inst0 ch0:  C_CMD: RDCMD     C_r = 0x015   at time   60834277 ps
inst0 ch0:  C_CMD: RDCMD     C_f = 0x08a   at time   60834691 ps
inst0 ch0:  C_CMD: RDCMD     C_r = 0x015   at time   60837589 ps
inst0 ch0:  C_CMD: RDCMD     C_f = 0x080   at time   60838003 ps
inst0 ch0:  C_CMD: RDCMD     C_r = 0x01d   at time   60840901 ps
inst0 ch0:  C_CMD: RDCMD     C_f = 0x082   at time   60841315 ps
inst0 ch0:  R_CMD: ACTCMD    R_r0= 0x0a    at time   61080193 ps
inst0 ch0:  R_CMD: ACTCMD    R_f0= 0x00    at time   61080607 ps
inst0 ch0:  R_CMD: ACTCMD    R_r1= 0x00    at time   61081021 ps
inst0 ch0:  R_CMD: ACTCMD    R_f1= 0x00    at time   61081435 ps
inst0 ch0:  C_CMD: WRCMD     C_r = 0x011   at time   61090957 ps
inst0 ch0:  C_CMD: WRCMD     C_f = 0x038   at time   61091371 ps
inst0 ch0:  C_CMD: WRCMD     C_r = 0x011   at time   61094269 ps
inst0 ch0:  C_CMD: WRCMD     C_f = 0x03a   at time   61094683 ps
inst0 ch0:  C_CMD: WRCMD     C_r = 0x011   at time   61097581 ps
inst0 ch0:  C_CMD: WRCMD     C_f = 0x030   at time   61097995 ps
inst0 ch0:  C_CMD: WRCMD     C_r = 0x011   at time   61100893 ps
inst0 ch0:  C_CMD: WRCMD     C_f = 0x032   at time   61101307 ps
inst0 ch0:  C_CMD: WRCMD     C_r = 0x011   at time   61104205 ps
inst0 ch0:  C_CMD: WRCMD     C_f = 0x028   at time   61104619 ps
inst0 ch0:  C_CMD: WRCMD     C_r = 0x011   at time   61107517 ps
inst0 ch0:  C_CMD: WRCMD     C_f = 0x02a   at time   61107931 ps
inst0 ch0:  C_CMD: WRCMD     C_r = 0x011   at time   61110829 ps
inst0 ch0:  C_CMD: WRCMD     C_f = 0x020   at time   61111243 ps
inst0 ch0:  C_CMD: WRCMD     C_r = 0x019   at time   61114141 ps
inst0 ch0:  C_CMD: WRCMD     C_f = 0x022   at time   61114555 ps
inst0 ch0:  R_CMD: ACTCMD    R_r0= 0x0a    at time   61126561 ps
inst0 ch0:  R_CMD: ACTCMD    R_f0= 0x08    at time   61126975 ps
inst0 ch0:  R_CMD: ACTCMD    R_r1= 0x00    at time   61127389 ps
inst0 ch0:  R_CMD: ACTCMD    R_f1= 0x00    at time   61127803 ps
inst0 ch0:  C_CMD: WRCMD     C_r = 0x011   at time   61137325 ps
inst0 ch0:  C_CMD: WRCMD     C_f = 0x0b8   at time   61137739 ps
inst0 ch0:  C_CMD: WRCMD     C_r = 0x011   at time   61140637 ps
inst0 ch0:  C_CMD: WRCMD     C_f = 0x0ba   at time   61141051 ps
inst0 ch0:  C_CMD: WRCMD     C_r = 0x011   at time   61143949 ps
inst0 ch0:  C_CMD: WRCMD     C_f = 0x0b0   at time   61144363 ps
inst0 ch0:  C_CMD: WRCMD     C_r = 0x011   at time   61147261 ps
inst0 ch0:  C_CMD: WRCMD     C_f = 0x0b2   at time   61147675 ps
inst0 ch0:  C_CMD: WRCMD     C_r = 0x011   at time   61150573 ps
inst0 ch0:  C_CMD: WRCMD     C_f = 0x0a8   at time   61150987 ps
inst0 ch0:  C_CMD: WRCMD     C_r = 0x011   at time   61153885 ps
inst0 ch0:  C_CMD: WRCMD     C_f = 0x0aa   at time   61154299 ps
inst0 ch0:  C_CMD: WRCMD     C_r = 0x011   at time   61157197 ps
inst0 ch0:  C_CMD: WRCMD     C_f = 0x0a0   at time   61157611 ps
inst0 ch0:  C_CMD: WRCMD     C_r = 0x019   at time   61160509 ps
inst0 ch0:  C_CMD: WRCMD     C_f = 0x0a2   at time   61160923 ps
inst0 ch0:  R_CMD: ACTCMD    R_r0= 0x2e    at time   62084557 ps
inst0 ch0:  R_CMD: ACTCMD    R_f0= 0x20    at time   62084971 ps
inst0 ch0:  R_CMD: ACTCMD    R_r1= 0x00    at time   62085385 ps
inst0 ch0:  R_CMD: ACTCMD    R_f1= 0x02    at time   62085799 ps
inst0 ch0:  C_CMD: RDCMD     C_r = 0x0d5   at time   62099461 ps
inst0 ch0:  C_CMD: RDCMD     C_f = 0x021   at time   62099875 ps
inst0 ch0:  C_CMD: RDCMD     C_r = 0x0dd   at time   62102773 ps
inst0 ch0:  C_CMD: RDCMD     C_f = 0x023   at time   62103187 ps
inst0 ch0:  R_CMD: ACTCMD    R_r0= 0x02    at time   62188057 ps
inst0 ch0:  R_CMD: ACTCMD    R_f0= 0x13    at time   62188471 ps
inst0 ch0:  R_CMD: ACTCMD    R_r1= 0x3f    at time   62188885 ps
inst0 ch0:  R_CMD: ACTCMD    R_f1= 0x3b    at time   62189299 ps
inst0 ch0:  C_CMD: WRCMD     C_r = 0x009   at time   62198821 ps
inst0 ch0:  C_CMD: WRCMD     C_f = 0x000   at time   62199235 ps
inst0 ch0:  R_CMD: ACTCMD    R_r0= 0x2e    at time   62288245 ps
inst0 ch0:  R_CMD: ACTCMD    R_f0= 0x28    at time   62288659 ps
inst0 ch0:  R_CMD: ACTCMD    R_r1= 0x00    at time   62289073 ps
inst0 ch0:  R_CMD: ACTCMD    R_f1= 0x02    at time   62289487 ps
inst0 ch0:  C_CMD: RDCMD     C_r = 0x0d5   at time   62303149 ps
inst0 ch0:  C_CMD: RDCMD     C_f = 0x0a1   at time   62303563 ps
inst0 ch0:  C_CMD: RDCMD     C_r = 0x0dd   at time   62306461 ps
inst0 ch0:  C_CMD: RDCMD     C_f = 0x0a3   at time   62306875 ps
inst0 ch0:  R_CMD: ACTCMD    R_r0= 0x02    at time   62331301 ps
inst0 ch0:  R_CMD: ACTCMD    R_f0= 0x1b    at time   62331715 ps
inst0 ch0:  R_CMD: ACTCMD    R_r1= 0x3f    at time   62332129 ps
inst0 ch0:  R_CMD: ACTCMD    R_f1= 0x3b    at time   62332543 ps
inst0 ch0:  C_CMD: WRCMD     C_r = 0x009   at time   62342065 ps
inst0 ch0:  C_CMD: WRCMD     C_f = 0x080   at time   62342479 ps
inst0 ch0:  R_CMD: ACTCMD    R_r0= 0x0a    at time   62771797 ps
inst0 ch0:  R_CMD: ACTCMD    R_f0= 0x11    at time   62772211 ps
inst0 ch0:  R_CMD: ACTCMD    R_r1= 0x3f    at time   62772625 ps
inst0 ch0:  R_CMD: ACTCMD    R_f1= 0x3b    at time   62773039 ps
inst0 ch0:  R_CMD: ACTCMD    R_r0= 0x02    at time   62775937 ps
inst0 ch0:  R_CMD: ACTCMD    R_f0= 0x11    at time   62776351 ps
inst0 ch0:  R_CMD: ACTCMD    R_r1= 0x3f    at time   62776765 ps
inst0 ch0:  R_CMD: ACTCMD    R_f1= 0x3b    at time   62777179 ps
inst0 ch0:  C_CMD: WRCMD     C_r = 0x019   at time   62782561 ps
inst0 ch0:  C_CMD: WRCMD     C_f = 0x07a   at time   62782975 ps
inst0 ch0:  C_CMD: WRCMD     C_r = 0x009   at time   62786701 ps
inst0 ch0:  C_CMD: WRCMD     C_f = 0x07a   at time   62787115 ps
inst0 ch0:  R_CMD: ACTCMD    R_r0= 0x0a    at time   62883577 ps
inst0 ch0:  R_CMD: ACTCMD    R_f0= 0x19    at time   62883991 ps
inst0 ch0:  R_CMD: ACTCMD    R_r1= 0x3f    at time   62884405 ps
inst0 ch0:  R_CMD: ACTCMD    R_f1= 0x3b    at time   62884819 ps
inst0 ch0:  R_CMD: ACTCMD    R_r0= 0x02    at time   62887717 ps
inst0 ch0:  R_CMD: ACTCMD    R_f0= 0x19    at time   62888131 ps
inst0 ch0:  R_CMD: ACTCMD    R_r1= 0x3f    at time   62888545 ps
inst0 ch0:  R_CMD: ACTCMD    R_f1= 0x3b    at time   62888959 ps
inst0 ch0:  C_CMD: WRCMD     C_r = 0x019   at time   62894341 ps
inst0 ch0:  C_CMD: WRCMD     C_f = 0x0fa   at time   62894755 ps
inst0 ch0:  C_CMD: WRCMD     C_r = 0x009   at time   62898481 ps
inst0 ch0:  C_CMD: WRCMD     C_f = 0x0fa   at time   62898895 ps
inst0 ch0:  R_CMD: ACTCMD    R_r0= 0x0a    at time   63112933 ps
inst0 ch0:  R_CMD: ACTCMD    R_f0= 0x0a    at time   63113347 ps
inst0 ch0:  R_CMD: ACTCMD    R_r1= 0x00    at time   63113761 ps
inst0 ch0:  R_CMD: ACTCMD    R_f1= 0x00    at time   63114175 ps
inst0 ch0:  R_CMD: ACTCMD    R_r0= 0x02    at time   63117073 ps
inst0 ch0:  R_CMD: ACTCMD    R_f0= 0x0a    at time   63117487 ps
inst0 ch0:  R_CMD: ACTCMD    R_r1= 0x00    at time   63117901 ps
inst0 ch0:  R_CMD: ACTCMD    R_f1= 0x00    at time   63118315 ps
inst0 ch0:  C_CMD: RDCMD     C_r = 0x015   at time   63127837 ps
inst0 ch0:  C_CMD: RDCMD     C_f = 0x080   at time   63128251 ps
inst0 ch0:  C_CMD: RDCMD     C_r = 0x01d   at time   63131149 ps
inst0 ch0:  C_CMD: RDCMD     C_f = 0x082   at time   63131563 ps
inst0 ch0:  C_CMD: RDCMD     C_r = 0x005   at time   63134461 ps
inst0 ch0:  C_CMD: RDCMD     C_f = 0x080   at time   63134875 ps
inst0 ch0:  C_CMD: RDCMD     C_r = 0x00d   at time   63137773 ps
inst0 ch0:  C_CMD: RDCMD     C_f = 0x082   at time   63138187 ps
inst0 ch0:  R_CMD: ACTCMD    R_r0= 0x0a    at time   63194905 ps
inst0 ch0:  R_CMD: ACTCMD    R_f0= 0x02    at time   63195319 ps
inst0 ch0:  R_CMD: ACTCMD    R_r1= 0x00    at time   63195733 ps
inst0 ch0:  R_CMD: ACTCMD    R_f1= 0x00    at time   63196147 ps
inst0 ch0:  R_CMD: ACTCMD    R_r0= 0x02    at time   63199045 ps
inst0 ch0:  R_CMD: ACTCMD    R_f0= 0x02    at time   63199459 ps
inst0 ch0:  R_CMD: ACTCMD    R_r1= 0x00    at time   63199873 ps
inst0 ch0:  R_CMD: ACTCMD    R_f1= 0x00    at time   63200287 ps
inst0 ch0:  C_CMD: RDCMD     C_r = 0x015   at time   63209809 ps
inst0 ch0:  C_CMD: RDCMD     C_f = 0x000   at time   63210223 ps
inst0 ch0:  C_CMD: RDCMD     C_r = 0x01d   at time   63213121 ps
inst0 ch0:  C_CMD: RDCMD     C_f = 0x002   at time   63213535 ps
inst0 ch0:  C_CMD: RDCMD     C_r = 0x005   at time   63216433 ps
inst0 ch0:  C_CMD: RDCMD     C_f = 0x000   at time   63216847 ps
inst0 ch0:  C_CMD: RDCMD     C_r = 0x00d   at time   63219745 ps
inst0 ch0:  C_CMD: RDCMD     C_f = 0x002   at time   63220159 ps
