inst0 ch0:  R_CMD: ACTCMD    R_r0= 0x0e    at time   33400981 ps
inst0 ch0:  R_CMD: ACTCMD    R_f0= 0x28    at time   33401395 ps
inst0 ch0:  R_CMD: ACTCMD    R_r1= 0x00    at time   33401809 ps
inst0 ch0:  R_CMD: ACTCMD    R_f1= 0x02    at time   33402223 ps
inst0 ch0:  R_CMD: ACTCMD    R_r0= 0x0e    at time   33402637 ps
inst0 ch0:  R_CMD: ACTCMD    R_f0= 0x20    at time   33403051 ps
inst0 ch0:  R_CMD: ACTCMD    R_r1= 0x00    at time   33403465 ps
inst0 ch0:  R_CMD: ACTCMD    R_f1= 0x02    at time   33403879 ps
inst0 ch0:  C_CMD: RDCMD     C_r = 0x095   at time   33415885 ps
inst0 ch0:  C_CMD: RDCMD     C_f = 0x0a9   at time   33416299 ps
inst0 ch0:  C_CMD: RDCMD     C_r = 0x095   at time   33417541 ps
inst0 ch0:  C_CMD: RDCMD     C_f = 0x029   at time   33417955 ps
inst0 ch0:  C_CMD: RDCMD     C_r = 0x095   at time   33419197 ps
inst0 ch0:  C_CMD: RDCMD     C_f = 0x0ab   at time   33419611 ps
inst0 ch0:  C_CMD: RDCMD     C_r = 0x095   at time   33420853 ps
inst0 ch0:  C_CMD: RDCMD     C_f = 0x02b   at time   33421267 ps
inst0 ch0:  C_CMD: RDCMD     C_r = 0x095   at time   33422509 ps
inst0 ch0:  C_CMD: RDCMD     C_f = 0x0a1   at time   33422923 ps
inst0 ch0:  C_CMD: RDCMD     C_r = 0x095   at time   33424165 ps
inst0 ch0:  C_CMD: RDCMD     C_f = 0x021   at time   33424579 ps
inst0 ch0:  C_CMD: RDCMD     C_r = 0x09d   at time   33425821 ps
inst0 ch0:  C_CMD: RDCMD     C_f = 0x0a3   at time   33426235 ps
inst0 ch0:  C_CMD: RDCMD     C_r = 0x09d   at time   33427477 ps
inst0 ch0:  C_CMD: RDCMD     C_f = 0x023   at time   33427891 ps
inst0 ch0:  R_CMD: ACTCMD    R_r0= 0x0e    at time   33634477 ps
inst0 ch0:  R_CMD: ACTCMD    R_f0= 0x28    at time   33634891 ps
inst0 ch0:  R_CMD: ACTCMD    R_r1= 0x00    at time   33635305 ps
inst0 ch0:  R_CMD: ACTCMD    R_f1= 0x02    at time   33635719 ps
inst0 ch0:  R_CMD: ACTCMD    R_r0= 0x0e    at time   33636133 ps
inst0 ch0:  R_CMD: ACTCMD    R_f0= 0x20    at time   33636547 ps
inst0 ch0:  R_CMD: ACTCMD    R_r1= 0x00    at time   33636961 ps
inst0 ch0:  R_CMD: ACTCMD    R_f1= 0x02    at time   33637375 ps
inst0 ch0:  C_CMD: WRCMD     C_r = 0x091   at time   33645241 ps
inst0 ch0:  C_CMD: WRCMD     C_f = 0x0a9   at time   33645655 ps
inst0 ch0:  C_CMD: WRCMD     C_r = 0x091   at time   33646897 ps
inst0 ch0:  C_CMD: WRCMD     C_f = 0x029   at time   33647311 ps
inst0 ch0:  C_CMD: WRCMD     C_r = 0x091   at time   33648553 ps
inst0 ch0:  C_CMD: WRCMD     C_f = 0x0ab   at time   33648967 ps
inst0 ch0:  C_CMD: WRCMD     C_r = 0x091   at time   33650209 ps
inst0 ch0:  C_CMD: WRCMD     C_f = 0x02b   at time   33650623 ps
inst0 ch0:  C_CMD: WRCMD     C_r = 0x091   at time   33651865 ps
inst0 ch0:  C_CMD: WRCMD     C_f = 0x0a1   at time   33652279 ps
inst0 ch0:  C_CMD: WRCMD     C_r = 0x091   at time   33653521 ps
inst0 ch0:  C_CMD: WRCMD     C_f = 0x021   at time   33653935 ps
inst0 ch0:  C_CMD: WRCMD     C_r = 0x099   at time   33655177 ps
inst0 ch0:  C_CMD: WRCMD     C_f = 0x0a3   at time   33655591 ps
inst0 ch0:  C_CMD: WRCMD     C_r = 0x099   at time   33656833 ps
inst0 ch0:  C_CMD: WRCMD     C_f = 0x023   at time   33657247 ps
inst0 ch0:  R_CMD: ACTCMD    R_r0= 0x26    at time   37566649 ps
inst0 ch0:  R_CMD: ACTCMD    R_f0= 0x28    at time   37567063 ps
inst0 ch0:  R_CMD: ACTCMD    R_r1= 0x00    at time   37567477 ps
inst0 ch0:  R_CMD: ACTCMD    R_f1= 0x02    at time   37567891 ps
inst0 ch0:  R_CMD: ACTCMD    R_r0= 0x26    at time   37569961 ps
inst0 ch0:  R_CMD: ACTCMD    R_f0= 0x20    at time   37570375 ps
inst0 ch0:  R_CMD: ACTCMD    R_r1= 0x00    at time   37570789 ps
inst0 ch0:  R_CMD: ACTCMD    R_f1= 0x02    at time   37571203 ps
inst0 ch0:  C_CMD: RDCMD     C_r = 0x0c5   at time   37581553 ps
inst0 ch0:  C_CMD: RDCMD     C_f = 0x0a9   at time   37581967 ps
inst0 ch0:  C_CMD: RDCMD     C_r = 0x0c5   at time   37584865 ps
inst0 ch0:  C_CMD: RDCMD     C_f = 0x0ab   at time   37585279 ps
inst0 ch0:  C_CMD: RDCMD     C_r = 0x0c5   at time   37585693 ps
inst0 ch0:  C_CMD: RDCMD     C_f = 0x029   at time   37586107 ps
inst0 ch0:  C_CMD: RDCMD     C_r = 0x0c5   at time   37588177 ps
inst0 ch0:  C_CMD: RDCMD     C_f = 0x0a1   at time   37588591 ps
inst0 ch0:  C_CMD: RDCMD     C_r = 0x0c5   at time   37589005 ps
inst0 ch0:  C_CMD: RDCMD     C_f = 0x02b   at time   37589419 ps
inst0 ch0:  C_CMD: RDCMD     C_r = 0x0cd   at time   37591489 ps
inst0 ch0:  C_CMD: RDCMD     C_f = 0x0a3   at time   37591903 ps
inst0 ch0:  C_CMD: RDCMD     C_r = 0x0c5   at time   37592317 ps
inst0 ch0:  C_CMD: RDCMD     C_f = 0x021   at time   37592731 ps
inst0 ch0:  C_CMD: RDCMD     C_r = 0x0cd   at time   37595629 ps
inst0 ch0:  C_CMD: RDCMD     C_f = 0x023   at time   37596043 ps
inst0 ch0:  R_CMD: ACTCMD    R_r0= 0x26    at time   37708237 ps
inst0 ch0:  R_CMD: ACTCMD    R_f0= 0x28    at time   37708651 ps
inst0 ch0:  R_CMD: ACTCMD    R_r1= 0x00    at time   37709065 ps
inst0 ch0:  R_CMD: ACTCMD    R_f1= 0x02    at time   37709479 ps
inst0 ch0:  R_CMD: ACTCMD    R_r0= 0x26    at time   37711549 ps
inst0 ch0:  R_CMD: ACTCMD    R_f0= 0x20    at time   37711963 ps
inst0 ch0:  R_CMD: ACTCMD    R_r1= 0x00    at time   37712377 ps
inst0 ch0:  R_CMD: ACTCMD    R_f1= 0x02    at time   37712791 ps
inst0 ch0:  C_CMD: WRCMD     C_r = 0x0c1   at time   37719001 ps
inst0 ch0:  C_CMD: WRCMD     C_f = 0x0a9   at time   37719415 ps
inst0 ch0:  C_CMD: WRCMD     C_r = 0x0c1   at time   37722313 ps
inst0 ch0:  C_CMD: WRCMD     C_f = 0x0ab   at time   37722727 ps
inst0 ch0:  C_CMD: WRCMD     C_r = 0x0c1   at time   37723141 ps
inst0 ch0:  C_CMD: WRCMD     C_f = 0x029   at time   37723555 ps
inst0 ch0:  C_CMD: WRCMD     C_r = 0x0c1   at time   37725625 ps
inst0 ch0:  C_CMD: WRCMD     C_f = 0x0a1   at time   37726039 ps
inst0 ch0:  C_CMD: WRCMD     C_r = 0x0c1   at time   37726453 ps
inst0 ch0:  C_CMD: WRCMD     C_f = 0x02b   at time   37726867 ps
inst0 ch0:  C_CMD: WRCMD     C_r = 0x0c9   at time   37728937 ps
inst0 ch0:  C_CMD: WRCMD     C_f = 0x0a3   at time   37729351 ps
inst0 ch0:  C_CMD: WRCMD     C_r = 0x0c1   at time   37729765 ps
inst0 ch0:  C_CMD: WRCMD     C_f = 0x021   at time   37730179 ps
inst0 ch0:  C_CMD: WRCMD     C_r = 0x0c9   at time   37733077 ps
inst0 ch0:  C_CMD: WRCMD     C_f = 0x023   at time   37733491 ps
inst0 ch0:  R_CMD: ACTCMD    R_r0= 0x22    at time   54538165 ps
inst0 ch0:  R_CMD: ACTCMD    R_f0= 0x2a    at time   54538579 ps
inst0 ch0:  R_CMD: ACTCMD    R_r1= 0x00    at time   54538993 ps
inst0 ch0:  R_CMD: ACTCMD    R_f1= 0x00    at time   54539407 ps
inst0 ch0:  R_CMD: ACTCMD    R_r0= 0x02    at time   54542305 ps
inst0 ch0:  R_CMD: ACTCMD    R_f0= 0x2a    at time   54542719 ps
inst0 ch0:  R_CMD: ACTCMD    R_r1= 0x00    at time   54543133 ps
inst0 ch0:  R_CMD: ACTCMD    R_f1= 0x00    at time   54543547 ps
inst0 ch0:  R_CMD: ACTCMD    R_r0= 0x22    at time   54543961 ps
inst0 ch0:  R_CMD: ACTCMD    R_f0= 0x22    at time   54544375 ps
inst0 ch0:  R_CMD: ACTCMD    R_r1= 0x00    at time   54544789 ps
inst0 ch0:  R_CMD: ACTCMD    R_f1= 0x00    at time   54545203 ps
inst0 ch0:  R_CMD: ACTCMD    R_r0= 0x22    at time   54546445 ps
inst0 ch0:  R_CMD: ACTCMD    R_f0= 0x0a    at time   54546859 ps
inst0 ch0:  R_CMD: ACTCMD    R_r1= 0x00    at time   54547273 ps
inst0 ch0:  R_CMD: ACTCMD    R_f1= 0x00    at time   54547687 ps
inst0 ch0:  R_CMD: ACTCMD    R_r0= 0x02    at time   54548101 ps
inst0 ch0:  R_CMD: ACTCMD    R_f0= 0x22    at time   54548515 ps
inst0 ch0:  R_CMD: ACTCMD    R_r1= 0x00    at time   54548929 ps
inst0 ch0:  R_CMD: ACTCMD    R_f1= 0x00    at time   54549343 ps
inst0 ch0:  R_CMD: ACTCMD    R_r0= 0x02    at time   54550585 ps
inst0 ch0:  R_CMD: ACTCMD    R_f0= 0x0a    at time   54550999 ps
inst0 ch0:  R_CMD: ACTCMD    R_r1= 0x00    at time   54551413 ps
inst0 ch0:  R_CMD: ACTCMD    R_f1= 0x00    at time   54551827 ps
inst0 ch0:  R_CMD: ACTCMD    R_r0= 0x22    at time   54552241 ps
inst0 ch0:  R_CMD: ACTCMD    R_f0= 0x02    at time   54552655 ps
inst0 ch0:  R_CMD: ACTCMD    R_r1= 0x00    at time   54553069 ps
inst0 ch0:  C_CMD: RDCMD     C_r = 0x0c5   at time   54553069 ps
inst0 ch0:  R_CMD: ACTCMD    R_f1= 0x00    at time   54553483 ps
inst0 ch0:  C_CMD: RDCMD     C_f = 0x080   at time   54553483 ps
inst0 ch0:  R_CMD: ACTCMD    R_r0= 0x02    at time   54556381 ps
inst0 ch0:  C_CMD: RDCMD     C_r = 0x0cd   at time   54556381 ps
inst0 ch0:  R_CMD: ACTCMD    R_f0= 0x02    at time   54556795 ps
inst0 ch0:  C_CMD: RDCMD     C_f = 0x082   at time   54556795 ps
inst0 ch0:  R_CMD: ACTCMD    R_r1= 0x00    at time   54557209 ps
inst0 ch0:  R_CMD: ACTCMD    R_f1= 0x00    at time   54557623 ps
inst0 ch0:  C_CMD: RDCMD     C_r = 0x085   at time   54558037 ps
inst0 ch0:  C_CMD: RDCMD     C_f = 0x080   at time   54558451 ps
inst0 ch0:  C_CMD: RDCMD     C_r = 0x0c5   at time   54558865 ps
inst0 ch0:  C_CMD: RDCMD     C_f = 0x000   at time   54559279 ps
inst0 ch0:  C_CMD: RDCMD     C_r = 0x08d   at time   54561349 ps
inst0 ch0:  C_CMD: RDCMD     C_f = 0x082   at time   54561763 ps
inst0 ch0:  C_CMD: RDCMD     C_r = 0x0cd   at time   54562177 ps
inst0 ch0:  C_CMD: RDCMD     C_f = 0x002   at time   54562591 ps
inst0 ch0:  C_CMD: RDCMD     C_r = 0x045   at time   54563005 ps
inst0 ch0:  C_CMD: RDCMD     C_f = 0x080   at time   54563419 ps
inst0 ch0:  C_CMD: RDCMD     C_r = 0x085   at time   54563833 ps
inst0 ch0:  C_CMD: RDCMD     C_f = 0x000   at time   54564247 ps
inst0 ch0:  C_CMD: RDCMD     C_r = 0x005   at time   54565489 ps
inst0 ch0:  C_CMD: RDCMD     C_f = 0x080   at time   54565903 ps
inst0 ch0:  C_CMD: RDCMD     C_r = 0x04d   at time   54567145 ps
inst0 ch0:  C_CMD: RDCMD     C_f = 0x082   at time   54567559 ps
inst0 ch0:  C_CMD: RDCMD     C_r = 0x08d   at time   54567973 ps
inst0 ch0:  C_CMD: RDCMD     C_f = 0x002   at time   54568387 ps
inst0 ch0:  C_CMD: RDCMD     C_r = 0x00d   at time   54568801 ps
inst0 ch0:  C_CMD: RDCMD     C_f = 0x082   at time   54569215 ps
inst0 ch0:  C_CMD: RDCMD     C_r = 0x045   at time   54569629 ps
inst0 ch0:  C_CMD: RDCMD     C_f = 0x000   at time   54570043 ps
inst0 ch0:  C_CMD: RDCMD     C_r = 0x005   at time   54571285 ps
inst0 ch0:  C_CMD: RDCMD     C_f = 0x000   at time   54571699 ps
inst0 ch0:  C_CMD: RDCMD     C_r = 0x04d   at time   54572941 ps
inst0 ch0:  C_CMD: RDCMD     C_f = 0x002   at time   54573355 ps
inst0 ch0:  C_CMD: RDCMD     C_r = 0x00d   at time   54574597 ps
inst0 ch0:  C_CMD: RDCMD     C_f = 0x002   at time   54575011 ps
inst0 ch0:  R_CMD: ACTCMD    R_r0= 0x2a    at time   55118593 ps
inst0 ch0:  R_CMD: ACTCMD    R_f0= 0x2a    at time   55119007 ps
inst0 ch0:  R_CMD: ACTCMD    R_r1= 0x00    at time   55119421 ps
inst0 ch0:  R_CMD: ACTCMD    R_f1= 0x00    at time   55119835 ps
inst0 ch0:  R_CMD: ACTCMD    R_r0= 0x0a    at time   55122733 ps
inst0 ch0:  R_CMD: ACTCMD    R_f0= 0x2a    at time   55123147 ps
inst0 ch0:  R_CMD: ACTCMD    R_r1= 0x00    at time   55123561 ps
inst0 ch0:  R_CMD: ACTCMD    R_f1= 0x00    at time   55123975 ps
inst0 ch0:  R_CMD: ACTCMD    R_r0= 0x2a    at time   55126873 ps
inst0 ch0:  R_CMD: ACTCMD    R_f0= 0x0a    at time   55127287 ps
inst0 ch0:  R_CMD: ACTCMD    R_r1= 0x00    at time   55127701 ps
inst0 ch0:  R_CMD: ACTCMD    R_f1= 0x00    at time   55128115 ps
inst0 ch0:  R_CMD: ACTCMD    R_r0= 0x0a    at time   55131013 ps
inst0 ch0:  R_CMD: ACTCMD    R_f0= 0x0a    at time   55131427 ps
inst0 ch0:  R_CMD: ACTCMD    R_r1= 0x00    at time   55131841 ps
inst0 ch0:  R_CMD: ACTCMD    R_f1= 0x00    at time   55132255 ps
inst0 ch0:  C_CMD: RDCMD     C_r = 0x0d5   at time   55133497 ps
inst0 ch0:  C_CMD: RDCMD     C_f = 0x080   at time   55133911 ps
inst0 ch0:  C_CMD: RDCMD     C_r = 0x0dd   at time   55136809 ps
inst0 ch0:  C_CMD: RDCMD     C_f = 0x082   at time   55137223 ps
inst0 ch0:  C_CMD: RDCMD     C_r = 0x095   at time   55138465 ps
inst0 ch0:  C_CMD: RDCMD     C_f = 0x080   at time   55138879 ps
inst0 ch0:  C_CMD: RDCMD     C_r = 0x09d   at time   55141777 ps
inst0 ch0:  C_CMD: RDCMD     C_f = 0x082   at time   55142191 ps
inst0 ch0:  C_CMD: RDCMD     C_r = 0x055   at time   55143433 ps
inst0 ch0:  C_CMD: RDCMD     C_f = 0x080   at time   55143847 ps
inst0 ch0:  C_CMD: RDCMD     C_r = 0x015   at time   55145917 ps
inst0 ch0:  C_CMD: RDCMD     C_f = 0x080   at time   55146331 ps
inst0 ch0:  C_CMD: RDCMD     C_r = 0x05d   at time   55147573 ps
inst0 ch0:  C_CMD: RDCMD     C_f = 0x082   at time   55147987 ps
inst0 ch0:  C_CMD: RDCMD     C_r = 0x01d   at time   55149229 ps
inst0 ch0:  C_CMD: RDCMD     C_f = 0x082   at time   55149643 ps
inst0 ch0:  R_CMD: ACTCMD    R_r0= 0x32    at time   55421641 ps
inst0 ch0:  R_CMD: ACTCMD    R_f0= 0x2a    at time   55422055 ps
inst0 ch0:  R_CMD: ACTCMD    R_r1= 0x00    at time   55422469 ps
inst0 ch0:  R_CMD: ACTCMD    R_f1= 0x00    at time   55422883 ps
inst0 ch0:  R_CMD: ACTCMD    R_r0= 0x2a    at time   55424953 ps
inst0 ch0:  R_CMD: ACTCMD    R_f0= 0x22    at time   55425367 ps
inst0 ch0:  R_CMD: ACTCMD    R_r1= 0x00    at time   55425781 ps
inst0 ch0:  R_CMD: ACTCMD    R_f1= 0x00    at time   55426195 ps
inst0 ch0:  R_CMD: ACTCMD    R_r0= 0x12    at time   55426609 ps
inst0 ch0:  R_CMD: ACTCMD    R_f0= 0x2a    at time   55427023 ps
inst0 ch0:  R_CMD: ACTCMD    R_r1= 0x00    at time   55427437 ps
inst0 ch0:  R_CMD: ACTCMD    R_f1= 0x00    at time   55427851 ps
inst0 ch0:  R_CMD: ACTCMD    R_r0= 0x0a    at time   55429093 ps
inst0 ch0:  R_CMD: ACTCMD    R_f0= 0x22    at time   55429507 ps
inst0 ch0:  R_CMD: ACTCMD    R_r1= 0x00    at time   55429921 ps
inst0 ch0:  R_CMD: ACTCMD    R_f1= 0x00    at time   55430335 ps
inst0 ch0:  R_CMD: ACTCMD    R_r0= 0x32    at time   55430749 ps
inst0 ch0:  R_CMD: ACTCMD    R_f0= 0x0a    at time   55431163 ps
inst0 ch0:  R_CMD: ACTCMD    R_r1= 0x00    at time   55431577 ps
inst0 ch0:  R_CMD: ACTCMD    R_f1= 0x00    at time   55431991 ps
inst0 ch0:  R_CMD: ACTCMD    R_r0= 0x2a    at time   55433233 ps
inst0 ch0:  R_CMD: ACTCMD    R_f0= 0x02    at time   55433647 ps
inst0 ch0:  R_CMD: ACTCMD    R_r1= 0x00    at time   55434061 ps
inst0 ch0:  R_CMD: ACTCMD    R_f1= 0x00    at time   55434475 ps
inst0 ch0:  R_CMD: ACTCMD    R_r0= 0x12    at time   55434889 ps
inst0 ch0:  R_CMD: ACTCMD    R_f0= 0x0a    at time   55435303 ps
inst0 ch0:  R_CMD: ACTCMD    R_r1= 0x00    at time   55435717 ps
inst0 ch0:  R_CMD: ACTCMD    R_f1= 0x00    at time   55436131 ps
inst0 ch0:  C_CMD: RDCMD     C_r = 0x0e5   at time   55436545 ps
inst0 ch0:  C_CMD: RDCMD     C_f = 0x080   at time   55436959 ps
inst0 ch0:  R_CMD: ACTCMD    R_r0= 0x0a    at time   55437373 ps
inst0 ch0:  R_CMD: ACTCMD    R_f0= 0x02    at time   55437787 ps
inst0 ch0:  R_CMD: ACTCMD    R_r1= 0x00    at time   55438201 ps
inst0 ch0:  R_CMD: ACTCMD    R_f1= 0x00    at time   55438615 ps
inst0 ch0:  C_CMD: RDCMD     C_r = 0x0ed   at time   55439857 ps
inst0 ch0:  C_CMD: RDCMD     C_f = 0x082   at time   55440271 ps
inst0 ch0:  C_CMD: RDCMD     C_r = 0x0d5   at time   55440685 ps
inst0 ch0:  C_CMD: RDCMD     C_f = 0x000   at time   55441099 ps
inst0 ch0:  C_CMD: RDCMD     C_r = 0x0a5   at time   55441513 ps
inst0 ch0:  C_CMD: RDCMD     C_f = 0x080   at time   55441927 ps
inst0 ch0:  C_CMD: RDCMD     C_r = 0x0dd   at time   55443997 ps
inst0 ch0:  C_CMD: RDCMD     C_f = 0x002   at time   55444411 ps
inst0 ch0:  C_CMD: RDCMD     C_r = 0x0ad   at time   55444825 ps
inst0 ch0:  C_CMD: RDCMD     C_f = 0x082   at time   55445239 ps
inst0 ch0:  C_CMD: RDCMD     C_r = 0x095   at time   55445653 ps
inst0 ch0:  C_CMD: RDCMD     C_f = 0x000   at time   55446067 ps
inst0 ch0:  C_CMD: RDCMD     C_r = 0x065   at time   55446481 ps
inst0 ch0:  C_CMD: RDCMD     C_f = 0x080   at time   55446895 ps
inst0 ch0:  C_CMD: RDCMD     C_r = 0x055   at time   55448137 ps
inst0 ch0:  C_CMD: RDCMD     C_f = 0x000   at time   55448551 ps
inst0 ch0:  C_CMD: RDCMD     C_r = 0x06d   at time   55449793 ps
inst0 ch0:  C_CMD: RDCMD     C_f = 0x082   at time   55450207 ps
inst0 ch0:  C_CMD: RDCMD     C_r = 0x09d   at time   55450621 ps
inst0 ch0:  C_CMD: RDCMD     C_f = 0x002   at time   55451035 ps
inst0 ch0:  C_CMD: RDCMD     C_r = 0x025   at time   55451449 ps
inst0 ch0:  C_CMD: RDCMD     C_f = 0x080   at time   55451863 ps
inst0 ch0:  C_CMD: RDCMD     C_r = 0x05d   at time   55452277 ps
inst0 ch0:  C_CMD: RDCMD     C_f = 0x002   at time   55452691 ps
inst0 ch0:  C_CMD: RDCMD     C_r = 0x015   at time   55453933 ps
inst0 ch0:  C_CMD: RDCMD     C_f = 0x000   at time   55454347 ps
inst0 ch0:  C_CMD: RDCMD     C_r = 0x02d   at time   55454761 ps
inst0 ch0:  C_CMD: RDCMD     C_f = 0x082   at time   55455175 ps
inst0 ch0:  C_CMD: RDCMD     C_r = 0x01d   at time   55457245 ps
inst0 ch0:  C_CMD: RDCMD     C_f = 0x002   at time   55457659 ps
inst0 ch0:  R_CMD: ACTCMD    R_r0= 0x32    at time   55752841 ps
inst0 ch0:  R_CMD: ACTCMD    R_f0= 0x22    at time   55753255 ps
inst0 ch0:  R_CMD: ACTCMD    R_r1= 0x00    at time   55753669 ps
inst0 ch0:  R_CMD: ACTCMD    R_f1= 0x00    at time   55754083 ps
inst0 ch0:  R_CMD: ACTCMD    R_r0= 0x12    at time   55756981 ps
inst0 ch0:  R_CMD: ACTCMD    R_f0= 0x22    at time   55757395 ps
inst0 ch0:  R_CMD: ACTCMD    R_r1= 0x00    at time   55757809 ps
inst0 ch0:  R_CMD: ACTCMD    R_f1= 0x00    at time   55758223 ps
inst0 ch0:  R_CMD: ACTCMD    R_r0= 0x32    at time   55761121 ps
inst0 ch0:  R_CMD: ACTCMD    R_f0= 0x02    at time   55761535 ps
inst0 ch0:  R_CMD: ACTCMD    R_r1= 0x00    at time   55761949 ps
inst0 ch0:  R_CMD: ACTCMD    R_f1= 0x00    at time   55762363 ps
inst0 ch0:  R_CMD: ACTCMD    R_r0= 0x12    at time   55765261 ps
inst0 ch0:  R_CMD: ACTCMD    R_f0= 0x02    at time   55765675 ps
inst0 ch0:  R_CMD: ACTCMD    R_r1= 0x00    at time   55766089 ps
inst0 ch0:  R_CMD: ACTCMD    R_f1= 0x00    at time   55766503 ps
inst0 ch0:  C_CMD: RDCMD     C_r = 0x0e5   at time   55767745 ps
inst0 ch0:  C_CMD: RDCMD     C_f = 0x000   at time   55768159 ps
inst0 ch0:  C_CMD: RDCMD     C_r = 0x0ed   at time   55771057 ps
inst0 ch0:  C_CMD: RDCMD     C_f = 0x002   at time   55771471 ps
inst0 ch0:  C_CMD: RDCMD     C_r = 0x0a5   at time   55772713 ps
inst0 ch0:  C_CMD: RDCMD     C_f = 0x000   at time   55773127 ps
inst0 ch0:  C_CMD: RDCMD     C_r = 0x0ad   at time   55776025 ps
inst0 ch0:  C_CMD: RDCMD     C_f = 0x002   at time   55776439 ps
inst0 ch0:  C_CMD: RDCMD     C_r = 0x065   at time   55777681 ps
inst0 ch0:  C_CMD: RDCMD     C_f = 0x000   at time   55778095 ps
inst0 ch0:  C_CMD: RDCMD     C_r = 0x025   at time   55780165 ps
inst0 ch0:  C_CMD: RDCMD     C_f = 0x000   at time   55780579 ps
inst0 ch0:  C_CMD: RDCMD     C_r = 0x06d   at time   55781821 ps
inst0 ch0:  C_CMD: RDCMD     C_f = 0x002   at time   55782235 ps
inst0 ch0:  C_CMD: RDCMD     C_r = 0x02d   at time   55783477 ps
inst0 ch0:  C_CMD: RDCMD     C_f = 0x002   at time   55783891 ps
inst0 ch0:  R_CMD: ACTCMD    R_r0= 0x3a    at time   56104741 ps
inst0 ch0:  R_CMD: ACTCMD    R_f0= 0x2a    at time   56105155 ps
inst0 ch0:  R_CMD: ACTCMD    R_r1= 0x00    at time   56105569 ps
inst0 ch0:  R_CMD: ACTCMD    R_f1= 0x00    at time   56105983 ps
inst0 ch0:  R_CMD: ACTCMD    R_r0= 0x1a    at time   56108881 ps
inst0 ch0:  R_CMD: ACTCMD    R_f0= 0x2a    at time   56109295 ps
inst0 ch0:  R_CMD: ACTCMD    R_r1= 0x00    at time   56109709 ps
inst0 ch0:  R_CMD: ACTCMD    R_f1= 0x00    at time   56110123 ps
inst0 ch0:  R_CMD: ACTCMD    R_r0= 0x3a    at time   56113021 ps
inst0 ch0:  R_CMD: ACTCMD    R_f0= 0x0a    at time   56113435 ps
inst0 ch0:  R_CMD: ACTCMD    R_r1= 0x00    at time   56113849 ps
inst0 ch0:  R_CMD: ACTCMD    R_f1= 0x00    at time   56114263 ps
inst0 ch0:  R_CMD: ACTCMD    R_r0= 0x1a    at time   56117161 ps
inst0 ch0:  R_CMD: ACTCMD    R_f0= 0x0a    at time   56117575 ps
inst0 ch0:  R_CMD: ACTCMD    R_r1= 0x00    at time   56117989 ps
inst0 ch0:  R_CMD: ACTCMD    R_f1= 0x00    at time   56118403 ps
inst0 ch0:  C_CMD: RDCMD     C_r = 0x0f5   at time   56119645 ps
inst0 ch0:  C_CMD: RDCMD     C_f = 0x080   at time   56120059 ps
inst0 ch0:  C_CMD: RDCMD     C_r = 0x0fd   at time   56122957 ps
inst0 ch0:  C_CMD: RDCMD     C_f = 0x082   at time   56123371 ps
inst0 ch0:  C_CMD: RDCMD     C_r = 0x0b5   at time   56124613 ps
inst0 ch0:  C_CMD: RDCMD     C_f = 0x080   at time   56125027 ps
inst0 ch0:  C_CMD: RDCMD     C_r = 0x0bd   at time   56127925 ps
inst0 ch0:  C_CMD: RDCMD     C_f = 0x082   at time   56128339 ps
inst0 ch0:  C_CMD: RDCMD     C_r = 0x075   at time   56129581 ps
inst0 ch0:  C_CMD: RDCMD     C_f = 0x080   at time   56129995 ps
inst0 ch0:  C_CMD: RDCMD     C_r = 0x035   at time   56132065 ps
inst0 ch0:  C_CMD: RDCMD     C_f = 0x080   at time   56132479 ps
inst0 ch0:  C_CMD: RDCMD     C_r = 0x07d   at time   56133721 ps
inst0 ch0:  C_CMD: RDCMD     C_f = 0x082   at time   56134135 ps
inst0 ch0:  C_CMD: RDCMD     C_r = 0x03d   at time   56135377 ps
inst0 ch0:  C_CMD: RDCMD     C_f = 0x082   at time   56135791 ps
inst0 ch0:  R_CMD: ACTCMD    R_r0= 0x3a    at time   56269513 ps
inst0 ch0:  R_CMD: ACTCMD    R_f0= 0x22    at time   56269927 ps
inst0 ch0:  R_CMD: ACTCMD    R_r1= 0x00    at time   56270341 ps
inst0 ch0:  R_CMD: ACTCMD    R_f1= 0x00    at time   56270755 ps
inst0 ch0:  R_CMD: ACTCMD    R_r0= 0x1a    at time   56273653 ps
inst0 ch0:  R_CMD: ACTCMD    R_f0= 0x22    at time   56274067 ps
inst0 ch0:  R_CMD: ACTCMD    R_r1= 0x00    at time   56274481 ps
inst0 ch0:  R_CMD: ACTCMD    R_f1= 0x00    at time   56274895 ps
inst0 ch0:  R_CMD: ACTCMD    R_r0= 0x3a    at time   56277793 ps
inst0 ch0:  R_CMD: ACTCMD    R_f0= 0x02    at time   56278207 ps
inst0 ch0:  R_CMD: ACTCMD    R_r1= 0x00    at time   56278621 ps
inst0 ch0:  R_CMD: ACTCMD    R_f1= 0x00    at time   56279035 ps
inst0 ch0:  R_CMD: ACTCMD    R_r0= 0x1a    at time   56281933 ps
inst0 ch0:  R_CMD: ACTCMD    R_f0= 0x02    at time   56282347 ps
inst0 ch0:  R_CMD: ACTCMD    R_r1= 0x00    at time   56282761 ps
inst0 ch0:  R_CMD: ACTCMD    R_f1= 0x00    at time   56283175 ps
inst0 ch0:  C_CMD: RDCMD     C_r = 0x0f5   at time   56284417 ps
inst0 ch0:  C_CMD: RDCMD     C_f = 0x000   at time   56284831 ps
inst0 ch0:  C_CMD: RDCMD     C_r = 0x0fd   at time   56287729 ps
inst0 ch0:  C_CMD: RDCMD     C_f = 0x002   at time   56288143 ps
inst0 ch0:  C_CMD: RDCMD     C_r = 0x0b5   at time   56289385 ps
inst0 ch0:  C_CMD: RDCMD     C_f = 0x000   at time   56289799 ps
inst0 ch0:  C_CMD: RDCMD     C_r = 0x0bd   at time   56292697 ps
inst0 ch0:  C_CMD: RDCMD     C_f = 0x002   at time   56293111 ps
inst0 ch0:  C_CMD: RDCMD     C_r = 0x075   at time   56294353 ps
inst0 ch0:  C_CMD: RDCMD     C_f = 0x000   at time   56294767 ps
inst0 ch0:  C_CMD: RDCMD     C_r = 0x035   at time   56296837 ps
inst0 ch0:  C_CMD: RDCMD     C_f = 0x000   at time   56297251 ps
inst0 ch0:  C_CMD: RDCMD     C_r = 0x07d   at time   56298493 ps
inst0 ch0:  C_CMD: RDCMD     C_f = 0x002   at time   56298907 ps
inst0 ch0:  C_CMD: RDCMD     C_r = 0x03d   at time   56300149 ps
inst0 ch0:  C_CMD: RDCMD     C_f = 0x002   at time   56300563 ps
inst0 ch0:  R_CMD: ACTCMD    R_r0= 0x02    at time   56607337 ps
inst0 ch0:  R_CMD: ACTCMD    R_f0= 0x18    at time   56607751 ps
inst0 ch0:  R_CMD: ACTCMD    R_r1= 0x3f    at time   56608165 ps
inst0 ch0:  R_CMD: ACTCMD    R_f1= 0x3b    at time   56608579 ps
inst0 ch0:  R_CMD: ACTCMD    R_r0= 0x02    at time   56610649 ps
inst0 ch0:  R_CMD: ACTCMD    R_f0= 0x10    at time   56611063 ps
inst0 ch0:  R_CMD: ACTCMD    R_r1= 0x3f    at time   56611477 ps
inst0 ch0:  R_CMD: ACTCMD    R_f1= 0x3b    at time   56611891 ps
inst0 ch0:  C_CMD: RDCMD     C_r = 0x005   at time   56622241 ps
inst0 ch0:  C_CMD: RDCMD     C_f = 0x0f8   at time   56622655 ps
inst0 ch0:  C_CMD: RDCMD     C_r = 0x00d   at time   56625553 ps
inst0 ch0:  C_CMD: RDCMD     C_f = 0x0fa   at time   56625967 ps
inst0 ch0:  C_CMD: RDCMD     C_r = 0x005   at time   56626381 ps
inst0 ch0:  C_CMD: RDCMD     C_f = 0x078   at time   56626795 ps
inst0 ch0:  C_CMD: RDCMD     C_r = 0x00d   at time   56629693 ps
inst0 ch0:  C_CMD: RDCMD     C_f = 0x07a   at time   56630107 ps
inst0 ch0:  R_CMD: ACTCMD    R_r0= 0x02    at time   56801917 ps
inst0 ch0:  R_CMD: ACTCMD    R_f0= 0x18    at time   56802331 ps
inst0 ch0:  R_CMD: ACTCMD    R_r1= 0x3f    at time   56802745 ps
inst0 ch0:  R_CMD: ACTCMD    R_f1= 0x3b    at time   56803159 ps
inst0 ch0:  R_CMD: ACTCMD    R_r0= 0x02    at time   56804401 ps
inst0 ch0:  R_CMD: ACTCMD    R_f0= 0x10    at time   56804815 ps
inst0 ch0:  R_CMD: ACTCMD    R_r1= 0x3f    at time   56805229 ps
inst0 ch0:  R_CMD: ACTCMD    R_f1= 0x3b    at time   56805643 ps
inst0 ch0:  C_CMD: WRCMD     C_r = 0x001   at time   56812681 ps
inst0 ch0:  C_CMD: WRCMD     C_f = 0x0f8   at time   56813095 ps
inst0 ch0:  C_CMD: WRCMD     C_r = 0x001   at time   56815165 ps
inst0 ch0:  C_CMD: WRCMD     C_f = 0x078   at time   56815579 ps
inst0 ch0:  C_CMD: WRCMD     C_r = 0x009   at time   56815993 ps
inst0 ch0:  C_CMD: WRCMD     C_f = 0x0fa   at time   56816407 ps
inst0 ch0:  C_CMD: WRCMD     C_r = 0x009   at time   56818477 ps
inst0 ch0:  C_CMD: WRCMD     C_f = 0x07a   at time   56818891 ps
inst0 ch0:  R_CMD: ACTCMD    R_r0= 0x0a    at time   57622465 ps
inst0 ch0:  R_CMD: ACTCMD    R_f0= 0x18    at time   57622879 ps
inst0 ch0:  R_CMD: ACTCMD    R_r1= 0x3f    at time   57623293 ps
inst0 ch0:  R_CMD: ACTCMD    R_f1= 0x3b    at time   57623707 ps
inst0 ch0:  C_CMD: RDCMD     C_r = 0x015   at time   57637369 ps
inst0 ch0:  C_CMD: RDCMD     C_f = 0x0f8   at time   57637783 ps
inst0 ch0:  C_CMD: RDCMD     C_r = 0x01d   at time   57640681 ps
inst0 ch0:  C_CMD: RDCMD     C_f = 0x0fa   at time   57641095 ps
inst0 ch0:  R_CMD: ACTCMD    R_r0= 0x0a    at time   57695329 ps
inst0 ch0:  R_CMD: ACTCMD    R_f0= 0x18    at time   57695743 ps
inst0 ch0:  R_CMD: ACTCMD    R_r1= 0x3f    at time   57696157 ps
inst0 ch0:  R_CMD: ACTCMD    R_f1= 0x3b    at time   57696571 ps
inst0 ch0:  C_CMD: WRCMD     C_r = 0x011   at time   57706093 ps
inst0 ch0:  C_CMD: WRCMD     C_f = 0x0f8   at time   57706507 ps
inst0 ch0:  C_CMD: WRCMD     C_r = 0x019   at time   57709405 ps
inst0 ch0:  C_CMD: WRCMD     C_f = 0x0fa   at time   57709819 ps
inst0 ch0:  R_CMD: ACTCMD    R_r0= 0x02    at time   57783097 ps
inst0 ch0:  R_CMD: ACTCMD    R_f0= 0x38    at time   57783511 ps
inst0 ch0:  R_CMD: ACTCMD    R_r1= 0x3f    at time   57783925 ps
inst0 ch0:  R_CMD: ACTCMD    R_f1= 0x3b    at time   57784339 ps
inst0 ch0:  C_CMD: RDCMD     C_r = 0x085   at time   57798001 ps
inst0 ch0:  C_CMD: RDCMD     C_f = 0x0f8   at time   57798415 ps
inst0 ch0:  C_CMD: RDCMD     C_r = 0x08d   at time   57801313 ps
inst0 ch0:  C_CMD: RDCMD     C_f = 0x0fa   at time   57801727 ps
inst0 ch0:  R_CMD: ACTCMD    R_r0= 0x02    at time   57853477 ps
inst0 ch0:  R_CMD: ACTCMD    R_f0= 0x38    at time   57853891 ps
inst0 ch0:  R_CMD: ACTCMD    R_r1= 0x3f    at time   57854305 ps
inst0 ch0:  R_CMD: ACTCMD    R_f1= 0x3b    at time   57854719 ps
inst0 ch0:  C_CMD: WRCMD     C_r = 0x081   at time   57864241 ps
inst0 ch0:  C_CMD: WRCMD     C_f = 0x0f8   at time   57864655 ps
inst0 ch0:  C_CMD: WRCMD     C_r = 0x089   at time   57867553 ps
inst0 ch0:  C_CMD: WRCMD     C_f = 0x0fa   at time   57867967 ps
inst0 ch0:  R_CMD: ACTCMD    R_r0= 0x0a    at time   58082833 ps
inst0 ch0:  R_CMD: ACTCMD    R_f0= 0x38    at time   58083247 ps
inst0 ch0:  R_CMD: ACTCMD    R_r1= 0x3f    at time   58083661 ps
inst0 ch0:  R_CMD: ACTCMD    R_f1= 0x3b    at time   58084075 ps
inst0 ch0:  C_CMD: RDCMD     C_r = 0x095   at time   58097737 ps
inst0 ch0:  C_CMD: RDCMD     C_f = 0x0f8   at time   58098151 ps
inst0 ch0:  C_CMD: RDCMD     C_r = 0x09d   at time   58101049 ps
inst0 ch0:  C_CMD: RDCMD     C_f = 0x0fa   at time   58101463 ps
inst0 ch0:  R_CMD: ACTCMD    R_r0= 0x0a    at time   58119265 ps
inst0 ch0:  R_CMD: ACTCMD    R_f0= 0x10    at time   58119679 ps
inst0 ch0:  R_CMD: ACTCMD    R_r1= 0x3f    at time   58120093 ps
inst0 ch0:  R_CMD: ACTCMD    R_f1= 0x3b    at time   58120507 ps
inst0 ch0:  C_CMD: RDCMD     C_r = 0x015   at time   58134169 ps
inst0 ch0:  C_CMD: RDCMD     C_f = 0x078   at time   58134583 ps
inst0 ch0:  C_CMD: RDCMD     C_r = 0x01d   at time   58137481 ps
inst0 ch0:  C_CMD: RDCMD     C_f = 0x07a   at time   58137895 ps
inst0 ch0:  R_CMD: ACTCMD    R_r0= 0x0a    at time   58150729 ps
inst0 ch0:  R_CMD: ACTCMD    R_f0= 0x38    at time   58151143 ps
inst0 ch0:  R_CMD: ACTCMD    R_r1= 0x3f    at time   58151557 ps
inst0 ch0:  R_CMD: ACTCMD    R_f1= 0x3b    at time   58151971 ps
inst0 ch0:  C_CMD: WRCMD     C_r = 0x091   at time   58161493 ps
inst0 ch0:  C_CMD: WRCMD     C_f = 0x0f8   at time   58161907 ps
inst0 ch0:  C_CMD: WRCMD     C_r = 0x099   at time   58164805 ps
inst0 ch0:  C_CMD: WRCMD     C_f = 0x0fa   at time   58165219 ps
inst0 ch0:  R_CMD: ACTCMD    R_r0= 0x0a    at time   58189645 ps
inst0 ch0:  R_CMD: ACTCMD    R_f0= 0x10    at time   58190059 ps
inst0 ch0:  R_CMD: ACTCMD    R_r1= 0x3f    at time   58190473 ps
inst0 ch0:  R_CMD: ACTCMD    R_f1= 0x3b    at time   58190887 ps
inst0 ch0:  C_CMD: WRCMD     C_r = 0x011   at time   58200409 ps
inst0 ch0:  C_CMD: WRCMD     C_f = 0x078   at time   58200823 ps
inst0 ch0:  C_CMD: WRCMD     C_r = 0x019   at time   58203721 ps
inst0 ch0:  C_CMD: WRCMD     C_f = 0x07a   at time   58204135 ps
inst0 ch0:  R_CMD: ACTCMD    R_r0= 0x02    at time   58279069 ps
inst0 ch0:  R_CMD: ACTCMD    R_f0= 0x30    at time   58279483 ps
inst0 ch0:  R_CMD: ACTCMD    R_r1= 0x3f    at time   58279897 ps
inst0 ch0:  R_CMD: ACTCMD    R_f1= 0x3b    at time   58280311 ps
inst0 ch0:  C_CMD: RDCMD     C_r = 0x085   at time   58293973 ps
inst0 ch0:  C_CMD: RDCMD     C_f = 0x078   at time   58294387 ps
inst0 ch0:  C_CMD: RDCMD     C_r = 0x08d   at time   58297285 ps
inst0 ch0:  C_CMD: RDCMD     C_f = 0x07a   at time   58297699 ps
inst0 ch0:  R_CMD: ACTCMD    R_r0= 0x02    at time   58349449 ps
inst0 ch0:  R_CMD: ACTCMD    R_f0= 0x30    at time   58349863 ps
inst0 ch0:  R_CMD: ACTCMD    R_r1= 0x3f    at time   58350277 ps
inst0 ch0:  R_CMD: ACTCMD    R_f1= 0x3b    at time   58350691 ps
inst0 ch0:  C_CMD: WRCMD     C_r = 0x081   at time   58360213 ps
inst0 ch0:  C_CMD: WRCMD     C_f = 0x078   at time   58360627 ps
inst0 ch0:  C_CMD: WRCMD     C_r = 0x089   at time   58363525 ps
inst0 ch0:  C_CMD: WRCMD     C_f = 0x07a   at time   58363939 ps
inst0 ch0:  R_CMD: ACTCMD    R_r0= 0x0a    at time   58460401 ps
inst0 ch0:  R_CMD: ACTCMD    R_f0= 0x30    at time   58460815 ps
inst0 ch0:  R_CMD: ACTCMD    R_r1= 0x3f    at time   58461229 ps
inst0 ch0:  R_CMD: ACTCMD    R_f1= 0x3b    at time   58461643 ps
inst0 ch0:  C_CMD: RDCMD     C_r = 0x095   at time   58475305 ps
inst0 ch0:  C_CMD: RDCMD     C_f = 0x078   at time   58475719 ps
inst0 ch0:  C_CMD: RDCMD     C_r = 0x09d   at time   58478617 ps
inst0 ch0:  C_CMD: RDCMD     C_f = 0x07a   at time   58479031 ps
inst0 ch0:  R_CMD: ACTCMD    R_r0= 0x0a    at time   58530781 ps
inst0 ch0:  R_CMD: ACTCMD    R_f0= 0x30    at time   58531195 ps
inst0 ch0:  R_CMD: ACTCMD    R_r1= 0x3f    at time   58531609 ps
inst0 ch0:  R_CMD: ACTCMD    R_f1= 0x3b    at time   58532023 ps
inst0 ch0:  C_CMD: WRCMD     C_r = 0x091   at time   58541545 ps
inst0 ch0:  C_CMD: WRCMD     C_f = 0x078   at time   58541959 ps
inst0 ch0:  C_CMD: WRCMD     C_r = 0x099   at time   58544857 ps
inst0 ch0:  C_CMD: WRCMD     C_f = 0x07a   at time   58545271 ps
inst0 ch0:  R_CMD: ACTCMD    R_r0= 0x0a    at time   59839849 ps
inst0 ch0:  R_CMD: ACTCMD    R_f0= 0x1b    at time   59840263 ps
inst0 ch0:  R_CMD: ACTCMD    R_r1= 0x3f    at time   59840677 ps
inst0 ch0:  R_CMD: ACTCMD    R_f1= 0x3b    at time   59841091 ps
inst0 ch0:  C_CMD: RDCMD     C_r = 0x015   at time   59854753 ps
inst0 ch0:  C_CMD: RDCMD     C_f = 0x090   at time   59855167 ps
inst0 ch0:  C_CMD: RDCMD     C_r = 0x01d   at time   59858065 ps
inst0 ch0:  C_CMD: RDCMD     C_f = 0x092   at time   59858479 ps
inst0 ch0:  R_CMD: ACTCMD    R_r0= 0x0a    at time   59912713 ps
inst0 ch0:  R_CMD: ACTCMD    R_f0= 0x1b    at time   59913127 ps
inst0 ch0:  R_CMD: ACTCMD    R_r1= 0x3f    at time   59913541 ps
inst0 ch0:  R_CMD: ACTCMD    R_f1= 0x3b    at time   59913955 ps
inst0 ch0:  C_CMD: WRCMD     C_r = 0x011   at time   59923477 ps
inst0 ch0:  C_CMD: WRCMD     C_f = 0x090   at time   59923891 ps
inst0 ch0:  C_CMD: WRCMD     C_r = 0x019   at time   59926789 ps
inst0 ch0:  C_CMD: WRCMD     C_f = 0x092   at time   59927203 ps
inst0 ch0:  R_CMD: ACTCMD    R_r0= 0x0a    at time   60008761 ps
inst0 ch0:  R_CMD: ACTCMD    R_f0= 0x1b    at time   60009175 ps
inst0 ch0:  R_CMD: ACTCMD    R_r1= 0x3f    at time   60009589 ps
inst0 ch0:  R_CMD: ACTCMD    R_f1= 0x3b    at time   60010003 ps
inst0 ch0:  C_CMD: RDCMD     C_r = 0x015   at time   60023665 ps
inst0 ch0:  C_CMD: RDCMD     C_f = 0x090   at time   60024079 ps
inst0 ch0:  C_CMD: RDCMD     C_r = 0x01d   at time   60026977 ps
inst0 ch0:  C_CMD: RDCMD     C_f = 0x092   at time   60027391 ps
inst0 ch0:  R_CMD: ACTCMD    R_r0= 0x0a    at time   60079141 ps
inst0 ch0:  R_CMD: ACTCMD    R_f0= 0x1b    at time   60079555 ps
inst0 ch0:  R_CMD: ACTCMD    R_r1= 0x3f    at time   60079969 ps
inst0 ch0:  R_CMD: ACTCMD    R_f1= 0x3b    at time   60080383 ps
inst0 ch0:  C_CMD: WRCMD     C_r = 0x011   at time   60089905 ps
inst0 ch0:  C_CMD: WRCMD     C_f = 0x090   at time   60090319 ps
inst0 ch0:  C_CMD: WRCMD     C_r = 0x019   at time   60093217 ps
inst0 ch0:  C_CMD: WRCMD     C_f = 0x092   at time   60093631 ps
inst0 ch0:  R_CMD: ACTCMD    R_r0= 0x0a    at time   60158629 ps
inst0 ch0:  R_CMD: ACTCMD    R_f0= 0x13    at time   60159043 ps
inst0 ch0:  R_CMD: ACTCMD    R_r1= 0x3f    at time   60159457 ps
inst0 ch0:  R_CMD: ACTCMD    R_f1= 0x3b    at time   60159871 ps
inst0 ch0:  C_CMD: RDCMD     C_r = 0x015   at time   60173533 ps
inst0 ch0:  C_CMD: RDCMD     C_f = 0x010   at time   60173947 ps
inst0 ch0:  C_CMD: RDCMD     C_r = 0x01d   at time   60176845 ps
inst0 ch0:  C_CMD: RDCMD     C_f = 0x012   at time   60177259 ps
inst0 ch0:  R_CMD: ACTCMD    R_r0= 0x0a    at time   60231493 ps
inst0 ch0:  R_CMD: ACTCMD    R_f0= 0x13    at time   60231907 ps
inst0 ch0:  R_CMD: ACTCMD    R_r1= 0x3f    at time   60232321 ps
inst0 ch0:  R_CMD: ACTCMD    R_f1= 0x3b    at time   60232735 ps
inst0 ch0:  C_CMD: WRCMD     C_r = 0x011   at time   60242257 ps
inst0 ch0:  C_CMD: WRCMD     C_f = 0x010   at time   60242671 ps
inst0 ch0:  C_CMD: WRCMD     C_r = 0x019   at time   60245569 ps
inst0 ch0:  C_CMD: WRCMD     C_f = 0x012   at time   60245983 ps
inst0 ch0:  R_CMD: ACTCMD    R_r0= 0x0a    at time   60360661 ps
inst0 ch0:  R_CMD: ACTCMD    R_f0= 0x13    at time   60361075 ps
inst0 ch0:  R_CMD: ACTCMD    R_r1= 0x3f    at time   60361489 ps
inst0 ch0:  R_CMD: ACTCMD    R_f1= 0x3b    at time   60361903 ps
inst0 ch0:  C_CMD: RDCMD     C_r = 0x015   at time   60375565 ps
inst0 ch0:  C_CMD: RDCMD     C_f = 0x010   at time   60375979 ps
inst0 ch0:  C_CMD: RDCMD     C_r = 0x01d   at time   60378877 ps
inst0 ch0:  C_CMD: RDCMD     C_f = 0x012   at time   60379291 ps
inst0 ch0:  R_CMD: ACTCMD    R_r0= 0x0a    at time   60431041 ps
inst0 ch0:  R_CMD: ACTCMD    R_f0= 0x13    at time   60431455 ps
inst0 ch0:  R_CMD: ACTCMD    R_r1= 0x3f    at time   60431869 ps
inst0 ch0:  R_CMD: ACTCMD    R_f1= 0x3b    at time   60432283 ps
inst0 ch0:  C_CMD: WRCMD     C_r = 0x011   at time   60441805 ps
inst0 ch0:  C_CMD: WRCMD     C_f = 0x010   at time   60442219 ps
inst0 ch0:  C_CMD: WRCMD     C_r = 0x019   at time   60445117 ps
inst0 ch0:  C_CMD: WRCMD     C_f = 0x012   at time   60445531 ps
inst0 ch0:  R_CMD: ACTCMD    R_r0= 0x02    at time   61629157 ps
inst0 ch0:  R_CMD: ACTCMD    R_f0= 0x1b    at time   61629571 ps
inst0 ch0:  R_CMD: ACTCMD    R_r1= 0x3f    at time   61629985 ps
inst0 ch0:  R_CMD: ACTCMD    R_f1= 0x3b    at time   61630399 ps
inst0 ch0:  C_CMD: RDCMD     C_r = 0x005   at time   61644061 ps
inst0 ch0:  C_CMD: RDCMD     C_f = 0x080   at time   61644475 ps
inst0 ch0:  C_CMD: RDCMD     C_r = 0x00d   at time   61647373 ps
inst0 ch0:  C_CMD: RDCMD     C_f = 0x082   at time   61647787 ps
inst0 ch0:  R_CMD: ACTCMD    R_r0= 0x02    at time   61702021 ps
inst0 ch0:  R_CMD: ACTCMD    R_f0= 0x1b    at time   61702435 ps
inst0 ch0:  R_CMD: ACTCMD    R_r1= 0x3f    at time   61702849 ps
inst0 ch0:  R_CMD: ACTCMD    R_f1= 0x3b    at time   61703263 ps
inst0 ch0:  C_CMD: WRCMD     C_r = 0x001   at time   61712785 ps
inst0 ch0:  C_CMD: WRCMD     C_f = 0x080   at time   61713199 ps
inst0 ch0:  C_CMD: WRCMD     C_r = 0x009   at time   61716097 ps
inst0 ch0:  C_CMD: WRCMD     C_f = 0x082   at time   61716511 ps
inst0 ch0:  R_CMD: ACTCMD    R_r0= 0x02    at time   61932205 ps
inst0 ch0:  R_CMD: ACTCMD    R_f0= 0x13    at time   61932619 ps
inst0 ch0:  R_CMD: ACTCMD    R_r1= 0x3f    at time   61933033 ps
inst0 ch0:  R_CMD: ACTCMD    R_f1= 0x3b    at time   61933447 ps
inst0 ch0:  R_CMD: ACTCMD    R_r0= 0x02    at time   61938001 ps
inst0 ch0:  R_CMD: ACTCMD    R_f0= 0x1b    at time   61938415 ps
inst0 ch0:  R_CMD: ACTCMD    R_r1= 0x3f    at time   61938829 ps
inst0 ch0:  R_CMD: ACTCMD    R_f1= 0x3b    at time   61939243 ps
inst0 ch0:  C_CMD: RDCMD     C_r = 0x005   at time   61947109 ps
inst0 ch0:  C_CMD: RDCMD     C_f = 0x000   at time   61947523 ps
inst0 ch0:  C_CMD: RDCMD     C_r = 0x00d   at time   61950421 ps
inst0 ch0:  C_CMD: RDCMD     C_f = 0x002   at time   61950835 ps
inst0 ch0:  C_CMD: RDCMD     C_r = 0x005   at time   61952905 ps
inst0 ch0:  C_CMD: RDCMD     C_f = 0x080   at time   61953319 ps
inst0 ch0:  C_CMD: RDCMD     C_r = 0x00d   at time   61956217 ps
inst0 ch0:  C_CMD: RDCMD     C_f = 0x082   at time   61956631 ps
inst0 ch0:  R_CMD: ACTCMD    R_r0= 0x02    at time   62002585 ps
inst0 ch0:  R_CMD: ACTCMD    R_f0= 0x13    at time   62002999 ps
inst0 ch0:  R_CMD: ACTCMD    R_r1= 0x3f    at time   62003413 ps
inst0 ch0:  R_CMD: ACTCMD    R_f1= 0x3b    at time   62003827 ps
inst0 ch0:  R_CMD: ACTCMD    R_r0= 0x02    at time   62008381 ps
inst0 ch0:  R_CMD: ACTCMD    R_f0= 0x1b    at time   62008795 ps
inst0 ch0:  R_CMD: ACTCMD    R_r1= 0x3f    at time   62009209 ps
inst0 ch0:  R_CMD: ACTCMD    R_f1= 0x3b    at time   62009623 ps
inst0 ch0:  C_CMD: WRCMD     C_r = 0x001   at time   62013349 ps
inst0 ch0:  C_CMD: WRCMD     C_f = 0x000   at time   62013763 ps
inst0 ch0:  C_CMD: WRCMD     C_r = 0x009   at time   62016661 ps
inst0 ch0:  C_CMD: WRCMD     C_f = 0x002   at time   62017075 ps
inst0 ch0:  C_CMD: WRCMD     C_r = 0x001   at time   62019145 ps
inst0 ch0:  C_CMD: WRCMD     C_f = 0x080   at time   62019559 ps
inst0 ch0:  C_CMD: WRCMD     C_r = 0x009   at time   62022457 ps
inst0 ch0:  C_CMD: WRCMD     C_f = 0x082   at time   62022871 ps
inst0 ch0:  R_CMD: ACTCMD    R_r0= 0x02    at time   62289901 ps
inst0 ch0:  R_CMD: ACTCMD    R_f0= 0x13    at time   62290315 ps
inst0 ch0:  R_CMD: ACTCMD    R_r1= 0x3f    at time   62290729 ps
inst0 ch0:  R_CMD: ACTCMD    R_f1= 0x3b    at time   62291143 ps
inst0 ch0:  C_CMD: RDCMD     C_r = 0x005   at time   62304805 ps
inst0 ch0:  C_CMD: RDCMD     C_f = 0x000   at time   62305219 ps
inst0 ch0:  C_CMD: RDCMD     C_r = 0x00d   at time   62308117 ps
inst0 ch0:  C_CMD: RDCMD     C_f = 0x002   at time   62308531 ps
inst0 ch0:  R_CMD: ACTCMD    R_r0= 0x02    at time   62362765 ps
inst0 ch0:  R_CMD: ACTCMD    R_f0= 0x13    at time   62363179 ps
inst0 ch0:  R_CMD: ACTCMD    R_r1= 0x3f    at time   62363593 ps
inst0 ch0:  R_CMD: ACTCMD    R_f1= 0x3b    at time   62364007 ps
inst0 ch0:  C_CMD: WRCMD     C_r = 0x001   at time   62373529 ps
inst0 ch0:  C_CMD: WRCMD     C_f = 0x000   at time   62373943 ps
inst0 ch0:  C_CMD: WRCMD     C_r = 0x009   at time   62376841 ps
inst0 ch0:  C_CMD: WRCMD     C_f = 0x002   at time   62377255 ps
inst0 ch0:  R_CMD: ACTCMD    R_r0= 0x02    at time   63183313 ps
inst0 ch0:  R_CMD: ACTCMD    R_f0= 0x08    at time   63183727 ps
inst0 ch0:  R_CMD: ACTCMD    R_r1= 0x00    at time   63184141 ps
inst0 ch0:  R_CMD: ACTCMD    R_f1= 0x00    at time   63184555 ps
inst0 ch0:  C_CMD: RDCMD     C_r = 0x005   at time   63198217 ps
inst0 ch0:  C_CMD: RDCMD     C_f = 0x098   at time   63198631 ps
inst0 ch0:  C_CMD: RDCMD     C_r = 0x005   at time   63201529 ps
inst0 ch0:  C_CMD: RDCMD     C_f = 0x09a   at time   63201943 ps
inst0 ch0:  C_CMD: RDCMD     C_r = 0x005   at time   63204841 ps
inst0 ch0:  C_CMD: RDCMD     C_f = 0x090   at time   63205255 ps
inst0 ch0:  C_CMD: RDCMD     C_r = 0x005   at time   63208153 ps
inst0 ch0:  C_CMD: RDCMD     C_f = 0x092   at time   63208567 ps
inst0 ch0:  C_CMD: RDCMD     C_r = 0x005   at time   63211465 ps
inst0 ch0:  C_CMD: RDCMD     C_f = 0x088   at time   63211879 ps
inst0 ch0:  C_CMD: RDCMD     C_r = 0x005   at time   63214777 ps
inst0 ch0:  C_CMD: RDCMD     C_f = 0x08a   at time   63215191 ps
inst0 ch0:  C_CMD: RDCMD     C_r = 0x005   at time   63218089 ps
inst0 ch0:  C_CMD: RDCMD     C_f = 0x080   at time   63218503 ps
inst0 ch0:  C_CMD: RDCMD     C_r = 0x00d   at time   63221401 ps
inst0 ch0:  C_CMD: RDCMD     C_f = 0x082   at time   63221815 ps
inst0 ch0:  R_CMD: ACTCMD    R_r0= 0x02    at time   63276877 ps
inst0 ch0:  R_CMD: ACTCMD    R_f0= 0x00    at time   63277291 ps
inst0 ch0:  R_CMD: ACTCMD    R_r1= 0x00    at time   63277705 ps
inst0 ch0:  R_CMD: ACTCMD    R_f1= 0x00    at time   63278119 ps
inst0 ch0:  C_CMD: RDCMD     C_r = 0x005   at time   63291781 ps
inst0 ch0:  C_CMD: RDCMD     C_f = 0x018   at time   63292195 ps
inst0 ch0:  C_CMD: RDCMD     C_r = 0x005   at time   63295093 ps
inst0 ch0:  C_CMD: RDCMD     C_f = 0x01a   at time   63295507 ps
inst0 ch0:  C_CMD: RDCMD     C_r = 0x005   at time   63298405 ps
inst0 ch0:  C_CMD: RDCMD     C_f = 0x010   at time   63298819 ps
inst0 ch0:  C_CMD: RDCMD     C_r = 0x005   at time   63301717 ps
inst0 ch0:  C_CMD: RDCMD     C_f = 0x012   at time   63302131 ps
inst0 ch0:  C_CMD: RDCMD     C_r = 0x005   at time   63305029 ps
inst0 ch0:  C_CMD: RDCMD     C_f = 0x008   at time   63305443 ps
inst0 ch0:  C_CMD: RDCMD     C_r = 0x005   at time   63308341 ps
inst0 ch0:  C_CMD: RDCMD     C_f = 0x00a   at time   63308755 ps
inst0 ch0:  C_CMD: RDCMD     C_r = 0x005   at time   63311653 ps
inst0 ch0:  C_CMD: RDCMD     C_f = 0x000   at time   63312067 ps
inst0 ch0:  C_CMD: RDCMD     C_r = 0x00d   at time   63314965 ps
inst0 ch0:  C_CMD: RDCMD     C_f = 0x002   at time   63315379 ps
inst0 ch0:  R_CMD: ACTCMD    R_r0= 0x0a    at time   63366301 ps
inst0 ch0:  R_CMD: ACTCMD    R_f0= 0x08    at time   63366715 ps
inst0 ch0:  R_CMD: ACTCMD    R_r1= 0x00    at time   63367129 ps
inst0 ch0:  R_CMD: ACTCMD    R_f1= 0x00    at time   63367543 ps
inst0 ch0:  C_CMD: RDCMD     C_r = 0x015   at time   63381205 ps
inst0 ch0:  C_CMD: RDCMD     C_f = 0x098   at time   63381619 ps
inst0 ch0:  C_CMD: RDCMD     C_r = 0x015   at time   63384517 ps
inst0 ch0:  C_CMD: RDCMD     C_f = 0x09a   at time   63384931 ps
inst0 ch0:  C_CMD: RDCMD     C_r = 0x015   at time   63387829 ps
inst0 ch0:  C_CMD: RDCMD     C_f = 0x090   at time   63388243 ps
inst0 ch0:  C_CMD: RDCMD     C_r = 0x015   at time   63391141 ps
inst0 ch0:  C_CMD: RDCMD     C_f = 0x092   at time   63391555 ps
inst0 ch0:  C_CMD: RDCMD     C_r = 0x015   at time   63394453 ps
inst0 ch0:  C_CMD: RDCMD     C_f = 0x088   at time   63394867 ps
inst0 ch0:  C_CMD: RDCMD     C_r = 0x015   at time   63397765 ps
inst0 ch0:  C_CMD: RDCMD     C_f = 0x08a   at time   63398179 ps
inst0 ch0:  C_CMD: RDCMD     C_r = 0x015   at time   63401077 ps
inst0 ch0:  C_CMD: RDCMD     C_f = 0x080   at time   63401491 ps
inst0 ch0:  C_CMD: RDCMD     C_r = 0x01d   at time   63404389 ps
inst0 ch0:  C_CMD: RDCMD     C_f = 0x082   at time   63404803 ps
inst0 ch0:  R_CMD: ACTCMD    R_r0= 0x0a    at time   63521965 ps
inst0 ch0:  R_CMD: ACTCMD    R_f0= 0x00    at time   63522379 ps
inst0 ch0:  R_CMD: ACTCMD    R_r1= 0x00    at time   63522793 ps
inst0 ch0:  R_CMD: ACTCMD    R_f1= 0x00    at time   63523207 ps
inst0 ch0:  C_CMD: RDCMD     C_r = 0x015   at time   63536869 ps
inst0 ch0:  C_CMD: RDCMD     C_f = 0x018   at time   63537283 ps
inst0 ch0:  C_CMD: RDCMD     C_r = 0x015   at time   63540181 ps
inst0 ch0:  C_CMD: RDCMD     C_f = 0x01a   at time   63540595 ps
inst0 ch0:  C_CMD: RDCMD     C_r = 0x015   at time   63543493 ps
inst0 ch0:  C_CMD: RDCMD     C_f = 0x010   at time   63543907 ps
inst0 ch0:  C_CMD: RDCMD     C_r = 0x015   at time   63546805 ps
inst0 ch0:  C_CMD: RDCMD     C_f = 0x012   at time   63547219 ps
inst0 ch0:  C_CMD: RDCMD     C_r = 0x015   at time   63550117 ps
inst0 ch0:  C_CMD: RDCMD     C_f = 0x008   at time   63550531 ps
inst0 ch0:  C_CMD: RDCMD     C_r = 0x015   at time   63553429 ps
inst0 ch0:  C_CMD: RDCMD     C_f = 0x00a   at time   63553843 ps
inst0 ch0:  C_CMD: RDCMD     C_r = 0x015   at time   63556741 ps
inst0 ch0:  C_CMD: RDCMD     C_f = 0x000   at time   63557155 ps
inst0 ch0:  C_CMD: RDCMD     C_r = 0x01d   at time   63560053 ps
inst0 ch0:  C_CMD: RDCMD     C_f = 0x002   at time   63560467 ps
inst0 ch0:  R_CMD: ACTCMD    R_r0= 0x0a    at time   63575785 ps
inst0 ch0:  R_CMD: ACTCMD    R_f0= 0x08    at time   63576199 ps
inst0 ch0:  R_CMD: ACTCMD    R_r1= 0x00    at time   63576613 ps
inst0 ch0:  R_CMD: ACTCMD    R_f1= 0x00    at time   63577027 ps
inst0 ch0:  C_CMD: RDCMD     C_r = 0x015   at time   63590689 ps
inst0 ch0:  C_CMD: RDCMD     C_f = 0x0b8   at time   63591103 ps
inst0 ch0:  C_CMD: RDCMD     C_r = 0x015   at time   63594001 ps
inst0 ch0:  C_CMD: RDCMD     C_f = 0x0ba   at time   63594415 ps
inst0 ch0:  C_CMD: RDCMD     C_r = 0x015   at time   63597313 ps
inst0 ch0:  C_CMD: RDCMD     C_f = 0x0b0   at time   63597727 ps
inst0 ch0:  C_CMD: RDCMD     C_r = 0x015   at time   63600625 ps
inst0 ch0:  C_CMD: RDCMD     C_f = 0x0b2   at time   63601039 ps
inst0 ch0:  C_CMD: RDCMD     C_r = 0x015   at time   63603937 ps
inst0 ch0:  C_CMD: RDCMD     C_f = 0x0a8   at time   63604351 ps
inst0 ch0:  C_CMD: RDCMD     C_r = 0x015   at time   63607249 ps
inst0 ch0:  C_CMD: RDCMD     C_f = 0x0aa   at time   63607663 ps
inst0 ch0:  C_CMD: RDCMD     C_r = 0x015   at time   63610561 ps
inst0 ch0:  C_CMD: RDCMD     C_f = 0x0a0   at time   63610975 ps
inst0 ch0:  C_CMD: RDCMD     C_r = 0x01d   at time   63613873 ps
inst0 ch0:  C_CMD: RDCMD     C_f = 0x0a2   at time   63614287 ps
inst0 ch0:  R_CMD: ACTCMD    R_r0= 0x0a    at time   63805141 ps
inst0 ch0:  R_CMD: ACTCMD    R_f0= 0x08    at time   63805555 ps
inst0 ch0:  R_CMD: ACTCMD    R_r1= 0x00    at time   63805969 ps
inst0 ch0:  R_CMD: ACTCMD    R_f1= 0x00    at time   63806383 ps
inst0 ch0:  C_CMD: WRCMD     C_r = 0x011   at time   63815905 ps
inst0 ch0:  C_CMD: WRCMD     C_f = 0x0b8   at time   63816319 ps
inst0 ch0:  C_CMD: WRCMD     C_r = 0x011   at time   63819217 ps
inst0 ch0:  C_CMD: WRCMD     C_f = 0x0ba   at time   63819631 ps
inst0 ch0:  C_CMD: WRCMD     C_r = 0x011   at time   63822529 ps
inst0 ch0:  C_CMD: WRCMD     C_f = 0x0a8   at time   63822943 ps
inst0 ch0:  C_CMD: WRCMD     C_r = 0x011   at time   63825841 ps
inst0 ch0:  C_CMD: WRCMD     C_f = 0x0aa   at time   63826255 ps
inst0 ch0:  C_CMD: WRCMD     C_r = 0x011   at time   63829153 ps
inst0 ch0:  C_CMD: WRCMD     C_f = 0x0b0   at time   63829567 ps
inst0 ch0:  C_CMD: WRCMD     C_r = 0x011   at time   63832465 ps
inst0 ch0:  C_CMD: WRCMD     C_f = 0x0b2   at time   63832879 ps
inst0 ch0:  C_CMD: WRCMD     C_r = 0x011   at time   63835777 ps
inst0 ch0:  C_CMD: WRCMD     C_f = 0x0a0   at time   63836191 ps
inst0 ch0:  C_CMD: WRCMD     C_r = 0x019   at time   63839089 ps
inst0 ch0:  C_CMD: WRCMD     C_f = 0x0a2   at time   63839503 ps
inst0 ch0:  R_CMD: ACTCMD    R_r0= 0x0a    at time   63941761 ps
inst0 ch0:  R_CMD: ACTCMD    R_f0= 0x00    at time   63942175 ps
inst0 ch0:  R_CMD: ACTCMD    R_r1= 0x00    at time   63942589 ps
inst0 ch0:  R_CMD: ACTCMD    R_f1= 0x00    at time   63943003 ps
inst0 ch0:  C_CMD: RDCMD     C_r = 0x015   at time   63956665 ps
inst0 ch0:  C_CMD: RDCMD     C_f = 0x038   at time   63957079 ps
inst0 ch0:  C_CMD: RDCMD     C_r = 0x015   at time   63959977 ps
inst0 ch0:  C_CMD: RDCMD     C_f = 0x03a   at time   63960391 ps
inst0 ch0:  C_CMD: RDCMD     C_r = 0x015   at time   63963289 ps
inst0 ch0:  C_CMD: RDCMD     C_f = 0x030   at time   63963703 ps
inst0 ch0:  C_CMD: RDCMD     C_r = 0x015   at time   63966601 ps
inst0 ch0:  C_CMD: RDCMD     C_f = 0x032   at time   63967015 ps
inst0 ch0:  C_CMD: RDCMD     C_r = 0x015   at time   63969913 ps
inst0 ch0:  C_CMD: RDCMD     C_f = 0x028   at time   63970327 ps
inst0 ch0:  C_CMD: RDCMD     C_r = 0x015   at time   63973225 ps
inst0 ch0:  C_CMD: RDCMD     C_f = 0x02a   at time   63973639 ps
inst0 ch0:  C_CMD: RDCMD     C_r = 0x015   at time   63976537 ps
inst0 ch0:  C_CMD: RDCMD     C_f = 0x020   at time   63976951 ps
inst0 ch0:  C_CMD: RDCMD     C_r = 0x01d   at time   63979849 ps
inst0 ch0:  C_CMD: RDCMD     C_f = 0x022   at time   63980263 ps
inst0 ch0:  R_CMD: ACTCMD    R_r0= 0x0a    at time   64014625 ps
inst0 ch0:  R_CMD: ACTCMD    R_f0= 0x00    at time   64015039 ps
inst0 ch0:  R_CMD: ACTCMD    R_r1= 0x00    at time   64015453 ps
inst0 ch0:  R_CMD: ACTCMD    R_f1= 0x00    at time   64015867 ps
inst0 ch0:  C_CMD: WRCMD     C_r = 0x011   at time   64025389 ps
inst0 ch0:  C_CMD: WRCMD     C_f = 0x038   at time   64025803 ps
inst0 ch0:  C_CMD: WRCMD     C_r = 0x011   at time   64028701 ps
inst0 ch0:  C_CMD: WRCMD     C_f = 0x03a   at time   64029115 ps
inst0 ch0:  C_CMD: WRCMD     C_r = 0x011   at time   64032013 ps
inst0 ch0:  C_CMD: WRCMD     C_f = 0x028   at time   64032427 ps
inst0 ch0:  C_CMD: WRCMD     C_r = 0x011   at time   64035325 ps
inst0 ch0:  C_CMD: WRCMD     C_f = 0x02a   at time   64035739 ps
inst0 ch0:  C_CMD: WRCMD     C_r = 0x011   at time   64038637 ps
inst0 ch0:  C_CMD: WRCMD     C_f = 0x030   at time   64039051 ps
inst0 ch0:  C_CMD: WRCMD     C_r = 0x011   at time   64041949 ps
inst0 ch0:  C_CMD: WRCMD     C_f = 0x032   at time   64042363 ps
inst0 ch0:  C_CMD: WRCMD     C_r = 0x011   at time   64045261 ps
inst0 ch0:  C_CMD: WRCMD     C_f = 0x020   at time   64045675 ps
inst0 ch0:  C_CMD: WRCMD     C_r = 0x019   at time   64048573 ps
inst0 ch0:  C_CMD: WRCMD     C_f = 0x022   at time   64048987 ps
inst0 ch0:  R_CMD: ACTCMD    R_r0= 0x02    at time   65393245 ps
inst0 ch0:  R_CMD: ACTCMD    R_f0= 0x1b    at time   65393659 ps
inst0 ch0:  R_CMD: ACTCMD    R_r1= 0x3f    at time   65394073 ps
inst0 ch0:  R_CMD: ACTCMD    R_f1= 0x3b    at time   65394487 ps
inst0 ch0:  C_CMD: RDCMD     C_r = 0x005   at time   65408149 ps
inst0 ch0:  C_CMD: RDCMD     C_f = 0x080   at time   65408563 ps
inst0 ch0:  C_CMD: RDCMD     C_r = 0x00d   at time   65411461 ps
inst0 ch0:  C_CMD: RDCMD     C_f = 0x082   at time   65411875 ps
inst0 ch0:  R_CMD: ACTCMD    R_r0= 0x02    at time   65466109 ps
inst0 ch0:  R_CMD: ACTCMD    R_f0= 0x1b    at time   65466523 ps
inst0 ch0:  R_CMD: ACTCMD    R_r1= 0x3f    at time   65466937 ps
inst0 ch0:  R_CMD: ACTCMD    R_f1= 0x3b    at time   65467351 ps
inst0 ch0:  C_CMD: WRCMD     C_r = 0x001   at time   65476873 ps
inst0 ch0:  C_CMD: WRCMD     C_f = 0x080   at time   65477287 ps
inst0 ch0:  C_CMD: WRCMD     C_r = 0x009   at time   65480185 ps
inst0 ch0:  C_CMD: WRCMD     C_f = 0x082   at time   65480599 ps
inst0 ch0:  R_CMD: ACTCMD    R_r0= 0x02    at time   65582029 ps
inst0 ch0:  R_CMD: ACTCMD    R_f0= 0x1b    at time   65582443 ps
inst0 ch0:  R_CMD: ACTCMD    R_r1= 0x3f    at time   65582857 ps
inst0 ch0:  R_CMD: ACTCMD    R_f1= 0x3b    at time   65583271 ps
inst0 ch0:  C_CMD: RDCMD     C_r = 0x005   at time   65596933 ps
inst0 ch0:  C_CMD: RDCMD     C_f = 0x080   at time   65597347 ps
inst0 ch0:  C_CMD: RDCMD     C_r = 0x00d   at time   65600245 ps
inst0 ch0:  C_CMD: RDCMD     C_f = 0x082   at time   65600659 ps
inst0 ch0:  R_CMD: ACTCMD    R_r0= 0x02    at time   65652409 ps
inst0 ch0:  R_CMD: ACTCMD    R_f0= 0x1b    at time   65652823 ps
inst0 ch0:  R_CMD: ACTCMD    R_r1= 0x3f    at time   65653237 ps
inst0 ch0:  R_CMD: ACTCMD    R_f1= 0x3b    at time   65653651 ps
inst0 ch0:  C_CMD: WRCMD     C_r = 0x001   at time   65663173 ps
inst0 ch0:  C_CMD: WRCMD     C_f = 0x080   at time   65663587 ps
inst0 ch0:  C_CMD: WRCMD     C_r = 0x009   at time   65666485 ps
inst0 ch0:  C_CMD: WRCMD     C_f = 0x082   at time   65666899 ps
inst0 ch0:  R_CMD: ACTCMD    R_r0= 0x0a    at time   65859409 ps
inst0 ch0:  R_CMD: ACTCMD    R_f0= 0x19    at time   65859823 ps
inst0 ch0:  R_CMD: ACTCMD    R_r1= 0x3f    at time   65860237 ps
inst0 ch0:  R_CMD: ACTCMD    R_f1= 0x3b    at time   65860651 ps
inst0 ch0:  R_CMD: ACTCMD    R_r0= 0x02    at time   65863549 ps
inst0 ch0:  R_CMD: ACTCMD    R_f0= 0x19    at time   65863963 ps
inst0 ch0:  R_CMD: ACTCMD    R_r1= 0x3f    at time   65864377 ps
inst0 ch0:  R_CMD: ACTCMD    R_f1= 0x3b    at time   65864791 ps
inst0 ch0:  C_CMD: RDCMD     C_r = 0x015   at time   65874313 ps
inst0 ch0:  C_CMD: RDCMD     C_f = 0x0f8   at time   65874727 ps
inst0 ch0:  C_CMD: RDCMD     C_r = 0x01d   at time   65877625 ps
inst0 ch0:  C_CMD: RDCMD     C_f = 0x0fa   at time   65878039 ps
inst0 ch0:  C_CMD: RDCMD     C_r = 0x005   at time   65880937 ps
inst0 ch0:  C_CMD: RDCMD     C_f = 0x0f8   at time   65881351 ps
inst0 ch0:  C_CMD: RDCMD     C_r = 0x00d   at time   65884249 ps
inst0 ch0:  C_CMD: RDCMD     C_f = 0x0fa   at time   65884663 ps
inst0 ch0:  R_CMD: ACTCMD    R_r0= 0x02    at time   65948005 ps
inst0 ch0:  R_CMD: ACTCMD    R_f0= 0x13    at time   65948419 ps
inst0 ch0:  R_CMD: ACTCMD    R_r1= 0x3f    at time   65948833 ps
inst0 ch0:  R_CMD: ACTCMD    R_f1= 0x3b    at time   65949247 ps
inst0 ch0:  C_CMD: RDCMD     C_r = 0x005   at time   65962909 ps
inst0 ch0:  C_CMD: RDCMD     C_f = 0x000   at time   65963323 ps
inst0 ch0:  C_CMD: RDCMD     C_r = 0x00d   at time   65966221 ps
inst0 ch0:  C_CMD: RDCMD     C_f = 0x002   at time   65966635 ps
inst0 ch0:  R_CMD: ACTCMD    R_r0= 0x02    at time   66105325 ps
inst0 ch0:  R_CMD: ACTCMD    R_f0= 0x19    at time   66105739 ps
inst0 ch0:  R_CMD: ACTCMD    R_r1= 0x3f    at time   66106153 ps
inst0 ch0:  R_CMD: ACTCMD    R_f1= 0x3b    at time   66106567 ps
inst0 ch0:  R_CMD: ACTCMD    R_r0= 0x0a    at time   66115261 ps
inst0 ch0:  R_CMD: ACTCMD    R_f0= 0x19    at time   66115675 ps
inst0 ch0:  R_CMD: ACTCMD    R_r1= 0x3f    at time   66116089 ps
inst0 ch0:  C_CMD: WRCMD     C_r = 0x001   at time   66116089 ps
inst0 ch0:  R_CMD: ACTCMD    R_f1= 0x3b    at time   66116503 ps
inst0 ch0:  C_CMD: WRCMD     C_f = 0x0f8   at time   66116503 ps
inst0 ch0:  C_CMD: WRCMD     C_r = 0x009   at time   66119401 ps
inst0 ch0:  C_CMD: WRCMD     C_f = 0x0fa   at time   66119815 ps
inst0 ch0:  C_CMD: WRCMD     C_r = 0x011   at time   66126025 ps
inst0 ch0:  C_CMD: WRCMD     C_f = 0x0f8   at time   66126439 ps
inst0 ch0:  C_CMD: WRCMD     C_r = 0x019   at time   66129337 ps
inst0 ch0:  C_CMD: WRCMD     C_f = 0x0fa   at time   66129751 ps
inst0 ch0:  R_CMD: ACTCMD    R_r0= 0x02    at time   66154177 ps
inst0 ch0:  R_CMD: ACTCMD    R_f0= 0x13    at time   66154591 ps
inst0 ch0:  R_CMD: ACTCMD    R_r1= 0x3f    at time   66155005 ps
inst0 ch0:  R_CMD: ACTCMD    R_f1= 0x3b    at time   66155419 ps
inst0 ch0:  C_CMD: WRCMD     C_r = 0x001   at time   66164941 ps
inst0 ch0:  C_CMD: WRCMD     C_f = 0x000   at time   66165355 ps
inst0 ch0:  C_CMD: WRCMD     C_r = 0x009   at time   66168253 ps
inst0 ch0:  C_CMD: WRCMD     C_f = 0x002   at time   66168667 ps
inst0 ch0:  R_CMD: ACTCMD    R_r0= 0x02    at time   66244429 ps
inst0 ch0:  R_CMD: ACTCMD    R_f0= 0x13    at time   66244843 ps
inst0 ch0:  R_CMD: ACTCMD    R_r1= 0x3f    at time   66245257 ps
inst0 ch0:  R_CMD: ACTCMD    R_f1= 0x3b    at time   66245671 ps
inst0 ch0:  C_CMD: RDCMD     C_r = 0x005   at time   66259333 ps
inst0 ch0:  C_CMD: RDCMD     C_f = 0x000   at time   66259747 ps
inst0 ch0:  C_CMD: RDCMD     C_r = 0x00d   at time   66262645 ps
inst0 ch0:  C_CMD: RDCMD     C_f = 0x002   at time   66263059 ps
inst0 ch0:  R_CMD: ACTCMD    R_r0= 0x02    at time   66314809 ps
inst0 ch0:  R_CMD: ACTCMD    R_f0= 0x13    at time   66315223 ps
inst0 ch0:  R_CMD: ACTCMD    R_r1= 0x3f    at time   66315637 ps
inst0 ch0:  R_CMD: ACTCMD    R_f1= 0x3b    at time   66316051 ps
inst0 ch0:  C_CMD: WRCMD     C_r = 0x001   at time   66325573 ps
inst0 ch0:  C_CMD: WRCMD     C_f = 0x000   at time   66325987 ps
inst0 ch0:  C_CMD: WRCMD     C_r = 0x009   at time   66328885 ps
inst0 ch0:  C_CMD: WRCMD     C_f = 0x002   at time   66329299 ps
inst0 ch0:  R_CMD: ACTCMD    R_r0= 0x0a    at time   66520981 ps
inst0 ch0:  R_CMD: ACTCMD    R_f0= 0x11    at time   66521395 ps
inst0 ch0:  R_CMD: ACTCMD    R_r1= 0x3f    at time   66521809 ps
inst0 ch0:  R_CMD: ACTCMD    R_f1= 0x3b    at time   66522223 ps
inst0 ch0:  R_CMD: ACTCMD    R_r0= 0x02    at time   66525121 ps
inst0 ch0:  R_CMD: ACTCMD    R_f0= 0x11    at time   66525535 ps
inst0 ch0:  R_CMD: ACTCMD    R_r1= 0x3f    at time   66525949 ps
inst0 ch0:  R_CMD: ACTCMD    R_f1= 0x3b    at time   66526363 ps
inst0 ch0:  C_CMD: RDCMD     C_r = 0x015   at time   66535885 ps
inst0 ch0:  C_CMD: RDCMD     C_f = 0x078   at time   66536299 ps
inst0 ch0:  C_CMD: RDCMD     C_r = 0x01d   at time   66539197 ps
inst0 ch0:  C_CMD: RDCMD     C_f = 0x07a   at time   66539611 ps
inst0 ch0:  C_CMD: RDCMD     C_r = 0x005   at time   66542509 ps
inst0 ch0:  C_CMD: RDCMD     C_f = 0x078   at time   66542923 ps
inst0 ch0:  C_CMD: RDCMD     C_r = 0x00d   at time   66545821 ps
inst0 ch0:  C_CMD: RDCMD     C_f = 0x07a   at time   66546235 ps
inst0 ch0:  R_CMD: ACTCMD    R_r0= 0x0a    at time   66591361 ps
inst0 ch0:  R_CMD: ACTCMD    R_f0= 0x11    at time   66591775 ps
inst0 ch0:  R_CMD: ACTCMD    R_r1= 0x3f    at time   66592189 ps
inst0 ch0:  R_CMD: ACTCMD    R_f1= 0x3b    at time   66592603 ps
inst0 ch0:  R_CMD: ACTCMD    R_r0= 0x0a    at time   66595501 ps
inst0 ch0:  R_CMD: ACTCMD    R_f0= 0x0a    at time   66595915 ps
inst0 ch0:  R_CMD: ACTCMD    R_r1= 0x00    at time   66596329 ps
inst0 ch0:  R_CMD: ACTCMD    R_f1= 0x00    at time   66596743 ps
inst0 ch0:  R_CMD: ACTCMD    R_r0= 0x02    at time   66597157 ps
inst0 ch0:  R_CMD: ACTCMD    R_f0= 0x11    at time   66597571 ps
inst0 ch0:  R_CMD: ACTCMD    R_r1= 0x3f    at time   66597985 ps
inst0 ch0:  R_CMD: ACTCMD    R_f1= 0x3b    at time   66598399 ps
inst0 ch0:  R_CMD: ACTCMD    R_r0= 0x02    at time   66599641 ps
inst0 ch0:  R_CMD: ACTCMD    R_f0= 0x0a    at time   66600055 ps
inst0 ch0:  R_CMD: ACTCMD    R_r1= 0x00    at time   66600469 ps
inst0 ch0:  R_CMD: ACTCMD    R_f1= 0x00    at time   66600883 ps
inst0 ch0:  C_CMD: WRCMD     C_r = 0x011   at time   66602125 ps
inst0 ch0:  C_CMD: WRCMD     C_f = 0x078   at time   66602539 ps
inst0 ch0:  C_CMD: WRCMD     C_r = 0x019   at time   66605437 ps
inst0 ch0:  C_CMD: WRCMD     C_f = 0x07a   at time   66605851 ps
inst0 ch0:  C_CMD: WRCMD     C_r = 0x001   at time   66608749 ps
inst0 ch0:  C_CMD: WRCMD     C_f = 0x078   at time   66609163 ps
inst0 ch0:  C_CMD: RDCMD     C_r = 0x015   at time   66610405 ps
inst0 ch0:  C_CMD: RDCMD     C_f = 0x080   at time   66610819 ps
inst0 ch0:  C_CMD: WRCMD     C_r = 0x009   at time   66612061 ps
inst0 ch0:  C_CMD: WRCMD     C_f = 0x07a   at time   66612475 ps
inst0 ch0:  C_CMD: RDCMD     C_r = 0x01d   at time   66613717 ps
inst0 ch0:  C_CMD: RDCMD     C_f = 0x082   at time   66614131 ps
inst0 ch0:  C_CMD: RDCMD     C_r = 0x005   at time   66617029 ps
inst0 ch0:  C_CMD: RDCMD     C_f = 0x080   at time   66617443 ps
inst0 ch0:  C_CMD: RDCMD     C_r = 0x00d   at time   66620341 ps
inst0 ch0:  C_CMD: RDCMD     C_f = 0x082   at time   66620755 ps
inst0 ch0:  R_CMD: ACTCMD    R_r0= 0x0a    at time   66762757 ps
inst0 ch0:  R_CMD: ACTCMD    R_f0= 0x02    at time   66763171 ps
inst0 ch0:  R_CMD: ACTCMD    R_r1= 0x00    at time   66763585 ps
inst0 ch0:  R_CMD: ACTCMD    R_f1= 0x00    at time   66763999 ps
inst0 ch0:  R_CMD: ACTCMD    R_r0= 0x02    at time   66766897 ps
inst0 ch0:  R_CMD: ACTCMD    R_f0= 0x02    at time   66767311 ps
inst0 ch0:  R_CMD: ACTCMD    R_r1= 0x00    at time   66767725 ps
inst0 ch0:  R_CMD: ACTCMD    R_f1= 0x00    at time   66768139 ps
inst0 ch0:  C_CMD: RDCMD     C_r = 0x015   at time   66777661 ps
inst0 ch0:  C_CMD: RDCMD     C_f = 0x000   at time   66778075 ps
inst0 ch0:  C_CMD: RDCMD     C_r = 0x01d   at time   66780973 ps
inst0 ch0:  C_CMD: RDCMD     C_f = 0x002   at time   66781387 ps
inst0 ch0:  C_CMD: RDCMD     C_r = 0x005   at time   66784285 ps
inst0 ch0:  C_CMD: RDCMD     C_f = 0x000   at time   66784699 ps
inst0 ch0:  C_CMD: RDCMD     C_r = 0x00d   at time   66787597 ps
inst0 ch0:  C_CMD: RDCMD     C_f = 0x002   at time   66788011 ps
