inst0 ch0:  R_CMD: ACTCMD    R_r0= 0x0e    at time   33400981 ps
inst0 ch0:  R_CMD: ACTCMD    R_f0= 0x28    at time   33401395 ps
inst0 ch0:  R_CMD: ACTCMD    R_r1= 0x00    at time   33401809 ps
inst0 ch0:  R_CMD: ACTCMD    R_f1= 0x02    at time   33402223 ps
inst0 ch0:  R_CMD: ACTCMD    R_r0= 0x0e    at time   33402637 ps
inst0 ch0:  R_CMD: ACTCMD    R_f0= 0x20    at time   33403051 ps
inst0 ch0:  R_CMD: ACTCMD    R_r1= 0x00    at time   33403465 ps
inst0 ch0:  R_CMD: ACTCMD    R_f1= 0x02    at time   33403879 ps
inst0 ch0:  C_CMD: RDCMD     C_r = 0x095   at time   33415885 ps
inst0 ch0:  C_CMD: RDCMD     C_f = 0x0a9   at time   33416299 ps
inst0 ch0:  C_CMD: RDCMD     C_r = 0x095   at time   33417541 ps
inst0 ch0:  C_CMD: RDCMD     C_f = 0x029   at time   33417955 ps
inst0 ch0:  C_CMD: RDCMD     C_r = 0x095   at time   33419197 ps
inst0 ch0:  C_CMD: RDCMD     C_f = 0x0ab   at time   33419611 ps
inst0 ch0:  C_CMD: RDCMD     C_r = 0x095   at time   33420853 ps
inst0 ch0:  C_CMD: RDCMD     C_f = 0x02b   at time   33421267 ps
inst0 ch0:  C_CMD: RDCMD     C_r = 0x095   at time   33422509 ps
inst0 ch0:  C_CMD: RDCMD     C_f = 0x0a1   at time   33422923 ps
inst0 ch0:  C_CMD: RDCMD     C_r = 0x095   at time   33424165 ps
inst0 ch0:  C_CMD: RDCMD     C_f = 0x021   at time   33424579 ps
inst0 ch0:  C_CMD: RDCMD     C_r = 0x09d   at time   33425821 ps
inst0 ch0:  C_CMD: RDCMD     C_f = 0x0a3   at time   33426235 ps
inst0 ch0:  C_CMD: RDCMD     C_r = 0x09d   at time   33427477 ps
inst0 ch0:  C_CMD: RDCMD     C_f = 0x023   at time   33427891 ps
inst0 ch0:  R_CMD: ACTCMD    R_r0= 0x0e    at time   33581485 ps
inst0 ch0:  R_CMD: ACTCMD    R_f0= 0x28    at time   33581899 ps
inst0 ch0:  R_CMD: ACTCMD    R_r1= 0x00    at time   33582313 ps
inst0 ch0:  R_CMD: ACTCMD    R_f1= 0x02    at time   33582727 ps
inst0 ch0:  R_CMD: ACTCMD    R_r0= 0x0e    at time   33583141 ps
inst0 ch0:  R_CMD: ACTCMD    R_f0= 0x20    at time   33583555 ps
inst0 ch0:  R_CMD: ACTCMD    R_r1= 0x00    at time   33583969 ps
inst0 ch0:  R_CMD: ACTCMD    R_f1= 0x02    at time   33584383 ps
inst0 ch0:  C_CMD: WRCMD     C_r = 0x091   at time   33592249 ps
inst0 ch0:  C_CMD: WRCMD     C_f = 0x0a9   at time   33592663 ps
inst0 ch0:  C_CMD: WRCMD     C_r = 0x091   at time   33593905 ps
inst0 ch0:  C_CMD: WRCMD     C_f = 0x029   at time   33594319 ps
inst0 ch0:  C_CMD: WRCMD     C_r = 0x091   at time   33595561 ps
inst0 ch0:  C_CMD: WRCMD     C_f = 0x0ab   at time   33595975 ps
inst0 ch0:  C_CMD: WRCMD     C_r = 0x091   at time   33597217 ps
inst0 ch0:  C_CMD: WRCMD     C_f = 0x02b   at time   33597631 ps
inst0 ch0:  C_CMD: WRCMD     C_r = 0x091   at time   33598873 ps
inst0 ch0:  C_CMD: WRCMD     C_f = 0x0a1   at time   33599287 ps
inst0 ch0:  C_CMD: WRCMD     C_r = 0x091   at time   33600529 ps
inst0 ch0:  C_CMD: WRCMD     C_f = 0x021   at time   33600943 ps
inst0 ch0:  C_CMD: WRCMD     C_r = 0x099   at time   33602185 ps
inst0 ch0:  C_CMD: WRCMD     C_f = 0x0a3   at time   33602599 ps
inst0 ch0:  C_CMD: WRCMD     C_r = 0x099   at time   33603841 ps
inst0 ch0:  C_CMD: WRCMD     C_f = 0x023   at time   33604255 ps
inst0 ch0:  R_CMD: ACTCMD    R_r0= 0x2e    at time   37707409 ps
inst0 ch0:  R_CMD: ACTCMD    R_f0= 0x28    at time   37707823 ps
inst0 ch0:  R_CMD: ACTCMD    R_r1= 0x00    at time   37708237 ps
inst0 ch0:  R_CMD: ACTCMD    R_f1= 0x02    at time   37708651 ps
inst0 ch0:  R_CMD: ACTCMD    R_r0= 0x2e    at time   37709893 ps
inst0 ch0:  R_CMD: ACTCMD    R_f0= 0x20    at time   37710307 ps
inst0 ch0:  R_CMD: ACTCMD    R_r1= 0x00    at time   37710721 ps
inst0 ch0:  R_CMD: ACTCMD    R_f1= 0x02    at time   37711135 ps
inst0 ch0:  C_CMD: RDCMD     C_r = 0x0d5   at time   37722313 ps
inst0 ch0:  C_CMD: RDCMD     C_f = 0x0a9   at time   37722727 ps
inst0 ch0:  C_CMD: RDCMD     C_r = 0x0d5   at time   37724797 ps
inst0 ch0:  C_CMD: RDCMD     C_f = 0x029   at time   37725211 ps
inst0 ch0:  C_CMD: RDCMD     C_r = 0x0d5   at time   37725625 ps
inst0 ch0:  C_CMD: RDCMD     C_f = 0x0ab   at time   37726039 ps
inst0 ch0:  C_CMD: RDCMD     C_r = 0x0d5   at time   37728109 ps
inst0 ch0:  C_CMD: RDCMD     C_f = 0x02b   at time   37728523 ps
inst0 ch0:  C_CMD: RDCMD     C_r = 0x0d5   at time   37728937 ps
inst0 ch0:  C_CMD: RDCMD     C_f = 0x0a1   at time   37729351 ps
inst0 ch0:  C_CMD: RDCMD     C_r = 0x0d5   at time   37731421 ps
inst0 ch0:  C_CMD: RDCMD     C_f = 0x021   at time   37731835 ps
inst0 ch0:  C_CMD: RDCMD     C_r = 0x0dd   at time   37732249 ps
inst0 ch0:  C_CMD: RDCMD     C_f = 0x0a3   at time   37732663 ps
inst0 ch0:  C_CMD: RDCMD     C_r = 0x0dd   at time   37734733 ps
inst0 ch0:  C_CMD: RDCMD     C_f = 0x023   at time   37735147 ps
inst0 ch0:  R_CMD: ACTCMD    R_r0= 0x2e    at time   37849825 ps
inst0 ch0:  R_CMD: ACTCMD    R_f0= 0x28    at time   37850239 ps
inst0 ch0:  R_CMD: ACTCMD    R_r1= 0x00    at time   37850653 ps
inst0 ch0:  R_CMD: ACTCMD    R_f1= 0x02    at time   37851067 ps
inst0 ch0:  R_CMD: ACTCMD    R_r0= 0x2e    at time   37852309 ps
inst0 ch0:  R_CMD: ACTCMD    R_f0= 0x20    at time   37852723 ps
inst0 ch0:  R_CMD: ACTCMD    R_r1= 0x00    at time   37853137 ps
inst0 ch0:  R_CMD: ACTCMD    R_f1= 0x02    at time   37853551 ps
inst0 ch0:  C_CMD: WRCMD     C_r = 0x0d1   at time   37860589 ps
inst0 ch0:  C_CMD: WRCMD     C_f = 0x0a9   at time   37861003 ps
inst0 ch0:  C_CMD: WRCMD     C_r = 0x0d1   at time   37863073 ps
inst0 ch0:  C_CMD: WRCMD     C_f = 0x029   at time   37863487 ps
inst0 ch0:  C_CMD: WRCMD     C_r = 0x0d1   at time   37863901 ps
inst0 ch0:  C_CMD: WRCMD     C_f = 0x0ab   at time   37864315 ps
inst0 ch0:  C_CMD: WRCMD     C_r = 0x0d1   at time   37866385 ps
inst0 ch0:  C_CMD: WRCMD     C_f = 0x02b   at time   37866799 ps
inst0 ch0:  C_CMD: WRCMD     C_r = 0x0d1   at time   37867213 ps
inst0 ch0:  C_CMD: WRCMD     C_f = 0x0a1   at time   37867627 ps
inst0 ch0:  C_CMD: WRCMD     C_r = 0x0d1   at time   37869697 ps
inst0 ch0:  C_CMD: WRCMD     C_f = 0x021   at time   37870111 ps
inst0 ch0:  C_CMD: WRCMD     C_r = 0x0d9   at time   37870525 ps
inst0 ch0:  C_CMD: WRCMD     C_f = 0x0a3   at time   37870939 ps
inst0 ch0:  C_CMD: WRCMD     C_r = 0x0d9   at time   37873009 ps
inst0 ch0:  C_CMD: WRCMD     C_f = 0x023   at time   37873423 ps
inst0 ch0:  R_CMD: ACTCMD    R_r0= 0x22    at time   54639181 ps
inst0 ch0:  R_CMD: ACTCMD    R_f0= 0x22    at time   54639595 ps
inst0 ch0:  R_CMD: ACTCMD    R_r1= 0x00    at time   54640009 ps
inst0 ch0:  R_CMD: ACTCMD    R_f1= 0x00    at time   54640423 ps
inst0 ch0:  R_CMD: ACTCMD    R_r0= 0x22    at time   54640837 ps
inst0 ch0:  R_CMD: ACTCMD    R_f0= 0x2a    at time   54641251 ps
inst0 ch0:  R_CMD: ACTCMD    R_r1= 0x00    at time   54641665 ps
inst0 ch0:  R_CMD: ACTCMD    R_f1= 0x00    at time   54642079 ps
inst0 ch0:  R_CMD: ACTCMD    R_r0= 0x02    at time   54643321 ps
inst0 ch0:  R_CMD: ACTCMD    R_f0= 0x22    at time   54643735 ps
inst0 ch0:  R_CMD: ACTCMD    R_r1= 0x00    at time   54644149 ps
inst0 ch0:  R_CMD: ACTCMD    R_f1= 0x00    at time   54644563 ps
inst0 ch0:  R_CMD: ACTCMD    R_r0= 0x02    at time   54644977 ps
inst0 ch0:  R_CMD: ACTCMD    R_f0= 0x2a    at time   54645391 ps
inst0 ch0:  R_CMD: ACTCMD    R_r1= 0x00    at time   54645805 ps
inst0 ch0:  R_CMD: ACTCMD    R_f1= 0x00    at time   54646219 ps
inst0 ch0:  R_CMD: ACTCMD    R_r0= 0x22    at time   54647461 ps
inst0 ch0:  R_CMD: ACTCMD    R_f0= 0x02    at time   54647875 ps
inst0 ch0:  R_CMD: ACTCMD    R_r1= 0x00    at time   54648289 ps
inst0 ch0:  R_CMD: ACTCMD    R_f1= 0x00    at time   54648703 ps
inst0 ch0:  R_CMD: ACTCMD    R_r0= 0x22    at time   54649117 ps
inst0 ch0:  R_CMD: ACTCMD    R_f0= 0x0a    at time   54649531 ps
inst0 ch0:  R_CMD: ACTCMD    R_r1= 0x00    at time   54649945 ps
inst0 ch0:  R_CMD: ACTCMD    R_f1= 0x00    at time   54650359 ps
inst0 ch0:  R_CMD: ACTCMD    R_r0= 0x02    at time   54651601 ps
inst0 ch0:  R_CMD: ACTCMD    R_f0= 0x02    at time   54652015 ps
inst0 ch0:  R_CMD: ACTCMD    R_r1= 0x00    at time   54652429 ps
inst0 ch0:  R_CMD: ACTCMD    R_f1= 0x00    at time   54652843 ps
inst0 ch0:  R_CMD: ACTCMD    R_r0= 0x02    at time   54653257 ps
inst0 ch0:  R_CMD: ACTCMD    R_f0= 0x0a    at time   54653671 ps
inst0 ch0:  R_CMD: ACTCMD    R_r1= 0x00    at time   54654085 ps
inst0 ch0:  C_CMD: RDCMD     C_r = 0x0c5   at time   54654085 ps
inst0 ch0:  R_CMD: ACTCMD    R_f1= 0x00    at time   54654499 ps
inst0 ch0:  C_CMD: RDCMD     C_f = 0x000   at time   54654499 ps
inst0 ch0:  C_CMD: RDCMD     C_r = 0x0c5   at time   54655741 ps
inst0 ch0:  C_CMD: RDCMD     C_f = 0x080   at time   54656155 ps
inst0 ch0:  C_CMD: RDCMD     C_r = 0x0cd   at time   54657397 ps
inst0 ch0:  C_CMD: RDCMD     C_f = 0x002   at time   54657811 ps
inst0 ch0:  C_CMD: RDCMD     C_r = 0x085   at time   54659053 ps
inst0 ch0:  C_CMD: RDCMD     C_f = 0x000   at time   54659467 ps
inst0 ch0:  C_CMD: RDCMD     C_r = 0x0cd   at time   54659881 ps
inst0 ch0:  C_CMD: RDCMD     C_f = 0x082   at time   54660295 ps
inst0 ch0:  C_CMD: RDCMD     C_r = 0x085   at time   54661537 ps
inst0 ch0:  C_CMD: RDCMD     C_f = 0x080   at time   54661951 ps
inst0 ch0:  C_CMD: RDCMD     C_r = 0x08d   at time   54662365 ps
inst0 ch0:  C_CMD: RDCMD     C_f = 0x002   at time   54662779 ps
inst0 ch0:  C_CMD: RDCMD     C_r = 0x045   at time   54664021 ps
inst0 ch0:  C_CMD: RDCMD     C_f = 0x000   at time   54664435 ps
inst0 ch0:  C_CMD: RDCMD     C_r = 0x08d   at time   54664849 ps
inst0 ch0:  C_CMD: RDCMD     C_f = 0x082   at time   54665263 ps
inst0 ch0:  C_CMD: RDCMD     C_r = 0x005   at time   54666505 ps
inst0 ch0:  C_CMD: RDCMD     C_f = 0x000   at time   54666919 ps
inst0 ch0:  C_CMD: RDCMD     C_r = 0x045   at time   54667333 ps
inst0 ch0:  C_CMD: RDCMD     C_f = 0x080   at time   54667747 ps
inst0 ch0:  C_CMD: RDCMD     C_r = 0x04d   at time   54668161 ps
inst0 ch0:  C_CMD: RDCMD     C_f = 0x002   at time   54668575 ps
inst0 ch0:  C_CMD: RDCMD     C_r = 0x005   at time   54668989 ps
inst0 ch0:  C_CMD: RDCMD     C_f = 0x080   at time   54669403 ps
inst0 ch0:  C_CMD: RDCMD     C_r = 0x00d   at time   54669817 ps
inst0 ch0:  C_CMD: RDCMD     C_f = 0x002   at time   54670231 ps
inst0 ch0:  C_CMD: RDCMD     C_r = 0x04d   at time   54670645 ps
inst0 ch0:  C_CMD: RDCMD     C_f = 0x082   at time   54671059 ps
inst0 ch0:  C_CMD: RDCMD     C_r = 0x00d   at time   54672301 ps
inst0 ch0:  C_CMD: RDCMD     C_f = 0x082   at time   54672715 ps
inst0 ch0:  R_CMD: ACTCMD    R_r0= 0x2a    at time   55023373 ps
inst0 ch0:  R_CMD: ACTCMD    R_f0= 0x22    at time   55023787 ps
inst0 ch0:  R_CMD: ACTCMD    R_r1= 0x00    at time   55024201 ps
inst0 ch0:  R_CMD: ACTCMD    R_f1= 0x00    at time   55024615 ps
inst0 ch0:  R_CMD: ACTCMD    R_r0= 0x0a    at time   55027513 ps
inst0 ch0:  R_CMD: ACTCMD    R_f0= 0x22    at time   55027927 ps
inst0 ch0:  R_CMD: ACTCMD    R_r1= 0x00    at time   55028341 ps
inst0 ch0:  R_CMD: ACTCMD    R_f1= 0x00    at time   55028755 ps
inst0 ch0:  R_CMD: ACTCMD    R_r0= 0x2a    at time   55029169 ps
inst0 ch0:  R_CMD: ACTCMD    R_f0= 0x2a    at time   55029583 ps
inst0 ch0:  R_CMD: ACTCMD    R_r1= 0x00    at time   55029997 ps
inst0 ch0:  R_CMD: ACTCMD    R_f1= 0x00    at time   55030411 ps
inst0 ch0:  R_CMD: ACTCMD    R_r0= 0x2a    at time   55031653 ps
inst0 ch0:  R_CMD: ACTCMD    R_f0= 0x02    at time   55032067 ps
inst0 ch0:  R_CMD: ACTCMD    R_r1= 0x00    at time   55032481 ps
inst0 ch0:  R_CMD: ACTCMD    R_f1= 0x00    at time   55032895 ps
inst0 ch0:  R_CMD: ACTCMD    R_r0= 0x0a    at time   55033309 ps
inst0 ch0:  R_CMD: ACTCMD    R_f0= 0x2a    at time   55033723 ps
inst0 ch0:  R_CMD: ACTCMD    R_r1= 0x00    at time   55034137 ps
inst0 ch0:  R_CMD: ACTCMD    R_f1= 0x00    at time   55034551 ps
inst0 ch0:  R_CMD: ACTCMD    R_r0= 0x0a    at time   55035793 ps
inst0 ch0:  R_CMD: ACTCMD    R_f0= 0x02    at time   55036207 ps
inst0 ch0:  R_CMD: ACTCMD    R_r1= 0x00    at time   55036621 ps
inst0 ch0:  R_CMD: ACTCMD    R_f1= 0x00    at time   55037035 ps
inst0 ch0:  R_CMD: ACTCMD    R_r0= 0x2a    at time   55037449 ps
inst0 ch0:  R_CMD: ACTCMD    R_f0= 0x0a    at time   55037863 ps
inst0 ch0:  R_CMD: ACTCMD    R_r1= 0x00    at time   55038277 ps
inst0 ch0:  C_CMD: RDCMD     C_r = 0x0d5   at time   55038277 ps
inst0 ch0:  R_CMD: ACTCMD    R_f1= 0x00    at time   55038691 ps
inst0 ch0:  C_CMD: RDCMD     C_f = 0x000   at time   55038691 ps
inst0 ch0:  R_CMD: ACTCMD    R_r0= 0x2e    at time   55039933 ps
inst0 ch0:  R_CMD: ACTCMD    R_f0= 0x20    at time   55040347 ps
inst0 ch0:  R_CMD: ACTCMD    R_r1= 0x00    at time   55040761 ps
inst0 ch0:  R_CMD: ACTCMD    R_f1= 0x02    at time   55041175 ps
inst0 ch0:  R_CMD: ACTCMD    R_r0= 0x0a    at time   55041589 ps
inst0 ch0:  C_CMD: RDCMD     C_r = 0x0dd   at time   55041589 ps
inst0 ch0:  R_CMD: ACTCMD    R_f0= 0x0a    at time   55042003 ps
inst0 ch0:  C_CMD: RDCMD     C_f = 0x002   at time   55042003 ps
inst0 ch0:  R_CMD: ACTCMD    R_r1= 0x00    at time   55042417 ps
inst0 ch0:  R_CMD: ACTCMD    R_f1= 0x00    at time   55042831 ps
inst0 ch0:  C_CMD: RDCMD     C_r = 0x095   at time   55043245 ps
inst0 ch0:  C_CMD: RDCMD     C_f = 0x000   at time   55043659 ps
inst0 ch0:  C_CMD: RDCMD     C_r = 0x0d5   at time   55044073 ps
inst0 ch0:  C_CMD: RDCMD     C_f = 0x080   at time   55044487 ps
inst0 ch0:  C_CMD: RDCMD     C_r = 0x09d   at time   55046557 ps
inst0 ch0:  C_CMD: RDCMD     C_f = 0x002   at time   55046971 ps
inst0 ch0:  C_CMD: RDCMD     C_r = 0x0dd   at time   55047385 ps
inst0 ch0:  C_CMD: RDCMD     C_f = 0x082   at time   55047799 ps
inst0 ch0:  C_CMD: RDCMD     C_r = 0x055   at time   55048213 ps
inst0 ch0:  C_CMD: RDCMD     C_f = 0x000   at time   55048627 ps
inst0 ch0:  C_CMD: RDCMD     C_r = 0x095   at time   55049041 ps
inst0 ch0:  C_CMD: RDCMD     C_f = 0x080   at time   55049455 ps
inst0 ch0:  C_CMD: RDCMD     C_r = 0x015   at time   55050697 ps
inst0 ch0:  C_CMD: RDCMD     C_f = 0x000   at time   55051111 ps
inst0 ch0:  C_CMD: RDCMD     C_r = 0x05d   at time   55052353 ps
inst0 ch0:  C_CMD: RDCMD     C_f = 0x002   at time   55052767 ps
inst0 ch0:  C_CMD: RDCMD     C_r = 0x09d   at time   55053181 ps
inst0 ch0:  C_CMD: RDCMD     C_f = 0x082   at time   55053595 ps
inst0 ch0:  C_CMD: RDCMD     C_r = 0x01d   at time   55054009 ps
inst0 ch0:  C_CMD: RDCMD     C_f = 0x002   at time   55054423 ps
inst0 ch0:  C_CMD: RDCMD     C_r = 0x055   at time   55054837 ps
inst0 ch0:  C_CMD: RDCMD     C_f = 0x080   at time   55055251 ps
inst0 ch0:  C_CMD: RDCMD     C_r = 0x015   at time   55056493 ps
inst0 ch0:  C_CMD: RDCMD     C_f = 0x080   at time   55056907 ps
inst0 ch0:  C_CMD: RDCMD     C_r = 0x05d   at time   55058149 ps
inst0 ch0:  C_CMD: RDCMD     C_f = 0x082   at time   55058563 ps
inst0 ch0:  C_CMD: RDCMD     C_r = 0x01d   at time   55059805 ps
inst0 ch0:  C_CMD: RDCMD     C_f = 0x082   at time   55060219 ps
inst0 ch0:  C_CMD: RDCMD     C_r = 0x0d5   at time   55061461 ps
inst0 ch0:  C_CMD: RDCMD     C_f = 0x021   at time   55061875 ps
inst0 ch0:  C_CMD: RDCMD     C_r = 0x0dd   at time   55064773 ps
inst0 ch0:  C_CMD: RDCMD     C_f = 0x023   at time   55065187 ps
inst0 ch0:  R_CMD: ACTCMD    R_r0= 0x32    at time   55213813 ps
inst0 ch0:  R_CMD: ACTCMD    R_f0= 0x22    at time   55214227 ps
inst0 ch0:  R_CMD: ACTCMD    R_r1= 0x00    at time   55214641 ps
inst0 ch0:  R_CMD: ACTCMD    R_f1= 0x00    at time   55215055 ps
inst0 ch0:  R_CMD: ACTCMD    R_r0= 0x12    at time   55217953 ps
inst0 ch0:  R_CMD: ACTCMD    R_f0= 0x22    at time   55218367 ps
inst0 ch0:  R_CMD: ACTCMD    R_r1= 0x00    at time   55218781 ps
inst0 ch0:  R_CMD: ACTCMD    R_f1= 0x00    at time   55219195 ps
inst0 ch0:  R_CMD: ACTCMD    R_r0= 0x32    at time   55222093 ps
inst0 ch0:  R_CMD: ACTCMD    R_f0= 0x02    at time   55222507 ps
inst0 ch0:  R_CMD: ACTCMD    R_r1= 0x00    at time   55222921 ps
inst0 ch0:  R_CMD: ACTCMD    R_f1= 0x00    at time   55223335 ps
inst0 ch0:  R_CMD: ACTCMD    R_r0= 0x12    at time   55226233 ps
inst0 ch0:  R_CMD: ACTCMD    R_f0= 0x02    at time   55226647 ps
inst0 ch0:  R_CMD: ACTCMD    R_r1= 0x00    at time   55227061 ps
inst0 ch0:  R_CMD: ACTCMD    R_f1= 0x00    at time   55227475 ps
inst0 ch0:  R_CMD: ACTCMD    R_r0= 0x32    at time   55227889 ps
inst0 ch0:  R_CMD: ACTCMD    R_f0= 0x2a    at time   55228303 ps
inst0 ch0:  R_CMD: ACTCMD    R_r1= 0x00    at time   55228717 ps
inst0 ch0:  C_CMD: RDCMD     C_r = 0x0e5   at time   55228717 ps
inst0 ch0:  R_CMD: ACTCMD    R_f1= 0x00    at time   55229131 ps
inst0 ch0:  C_CMD: RDCMD     C_f = 0x000   at time   55229131 ps
inst0 ch0:  R_CMD: ACTCMD    R_r0= 0x12    at time   55232029 ps
inst0 ch0:  C_CMD: RDCMD     C_r = 0x0ed   at time   55232029 ps
inst0 ch0:  R_CMD: ACTCMD    R_f0= 0x2a    at time   55232443 ps
inst0 ch0:  C_CMD: RDCMD     C_f = 0x002   at time   55232443 ps
inst0 ch0:  R_CMD: ACTCMD    R_r1= 0x00    at time   55232857 ps
inst0 ch0:  R_CMD: ACTCMD    R_f1= 0x00    at time   55233271 ps
inst0 ch0:  C_CMD: RDCMD     C_r = 0x0a5   at time   55233685 ps
inst0 ch0:  C_CMD: RDCMD     C_f = 0x000   at time   55234099 ps
inst0 ch0:  R_CMD: ACTCMD    R_r0= 0x32    at time   55236169 ps
inst0 ch0:  R_CMD: ACTCMD    R_f0= 0x0a    at time   55236583 ps
inst0 ch0:  R_CMD: ACTCMD    R_r1= 0x00    at time   55236997 ps
inst0 ch0:  C_CMD: RDCMD     C_r = 0x0ad   at time   55236997 ps
inst0 ch0:  R_CMD: ACTCMD    R_f1= 0x00    at time   55237411 ps
inst0 ch0:  C_CMD: RDCMD     C_f = 0x002   at time   55237411 ps
inst0 ch0:  C_CMD: RDCMD     C_r = 0x065   at time   55238653 ps
inst0 ch0:  C_CMD: RDCMD     C_f = 0x000   at time   55239067 ps
inst0 ch0:  R_CMD: ACTCMD    R_r0= 0x12    at time   55240309 ps
inst0 ch0:  R_CMD: ACTCMD    R_f0= 0x0a    at time   55240723 ps
inst0 ch0:  R_CMD: ACTCMD    R_r1= 0x00    at time   55241137 ps
inst0 ch0:  C_CMD: RDCMD     C_r = 0x025   at time   55241137 ps
inst0 ch0:  R_CMD: ACTCMD    R_f1= 0x00    at time   55241551 ps
inst0 ch0:  C_CMD: RDCMD     C_f = 0x000   at time   55241551 ps
inst0 ch0:  C_CMD: RDCMD     C_r = 0x06d   at time   55242793 ps
inst0 ch0:  C_CMD: RDCMD     C_f = 0x002   at time   55243207 ps
inst0 ch0:  C_CMD: RDCMD     C_r = 0x0e5   at time   55243621 ps
inst0 ch0:  C_CMD: RDCMD     C_f = 0x080   at time   55244035 ps
inst0 ch0:  C_CMD: RDCMD     C_r = 0x02d   at time   55244449 ps
inst0 ch0:  C_CMD: RDCMD     C_f = 0x002   at time   55244863 ps
inst0 ch0:  C_CMD: RDCMD     C_r = 0x0ed   at time   55246933 ps
inst0 ch0:  C_CMD: RDCMD     C_f = 0x082   at time   55247347 ps
inst0 ch0:  C_CMD: RDCMD     C_r = 0x0a5   at time   55248589 ps
inst0 ch0:  C_CMD: RDCMD     C_f = 0x080   at time   55249003 ps
inst0 ch0:  C_CMD: RDCMD     C_r = 0x065   at time   55251073 ps
inst0 ch0:  C_CMD: RDCMD     C_f = 0x080   at time   55251487 ps
inst0 ch0:  C_CMD: RDCMD     C_r = 0x0ad   at time   55252729 ps
inst0 ch0:  C_CMD: RDCMD     C_f = 0x082   at time   55253143 ps
inst0 ch0:  C_CMD: RDCMD     C_r = 0x06d   at time   55254385 ps
inst0 ch0:  C_CMD: RDCMD     C_f = 0x082   at time   55254799 ps
inst0 ch0:  C_CMD: RDCMD     C_r = 0x025   at time   55256041 ps
inst0 ch0:  C_CMD: RDCMD     C_f = 0x080   at time   55256455 ps
inst0 ch0:  C_CMD: RDCMD     C_r = 0x02d   at time   55259353 ps
inst0 ch0:  C_CMD: RDCMD     C_f = 0x082   at time   55259767 ps
inst0 ch0:  R_CMD: ACTCMD    R_r0= 0x3a    at time   55578961 ps
inst0 ch0:  R_CMD: ACTCMD    R_f0= 0x22    at time   55579375 ps
inst0 ch0:  R_CMD: ACTCMD    R_r1= 0x00    at time   55579789 ps
inst0 ch0:  R_CMD: ACTCMD    R_f1= 0x00    at time   55580203 ps
inst0 ch0:  R_CMD: ACTCMD    R_r0= 0x1a    at time   55583101 ps
inst0 ch0:  R_CMD: ACTCMD    R_f0= 0x22    at time   55583515 ps
inst0 ch0:  R_CMD: ACTCMD    R_r1= 0x00    at time   55583929 ps
inst0 ch0:  R_CMD: ACTCMD    R_f1= 0x00    at time   55584343 ps
inst0 ch0:  R_CMD: ACTCMD    R_r0= 0x3a    at time   55587241 ps
inst0 ch0:  R_CMD: ACTCMD    R_f0= 0x02    at time   55587655 ps
inst0 ch0:  R_CMD: ACTCMD    R_r1= 0x00    at time   55588069 ps
inst0 ch0:  R_CMD: ACTCMD    R_f1= 0x00    at time   55588483 ps
inst0 ch0:  R_CMD: ACTCMD    R_r0= 0x1a    at time   55591381 ps
inst0 ch0:  R_CMD: ACTCMD    R_f0= 0x02    at time   55591795 ps
inst0 ch0:  R_CMD: ACTCMD    R_r1= 0x00    at time   55592209 ps
inst0 ch0:  R_CMD: ACTCMD    R_f1= 0x00    at time   55592623 ps
inst0 ch0:  R_CMD: ACTCMD    R_r0= 0x3a    at time   55593865 ps
inst0 ch0:  C_CMD: RDCMD     C_r = 0x0f5   at time   55593865 ps
inst0 ch0:  R_CMD: ACTCMD    R_f0= 0x2a    at time   55594279 ps
inst0 ch0:  C_CMD: RDCMD     C_f = 0x000   at time   55594279 ps
inst0 ch0:  R_CMD: ACTCMD    R_r1= 0x00    at time   55594693 ps
inst0 ch0:  R_CMD: ACTCMD    R_f1= 0x00    at time   55595107 ps
inst0 ch0:  C_CMD: RDCMD     C_r = 0x0fd   at time   55597177 ps
inst0 ch0:  C_CMD: RDCMD     C_f = 0x002   at time   55597591 ps
inst0 ch0:  R_CMD: ACTCMD    R_r0= 0x1a    at time   55598005 ps
inst0 ch0:  R_CMD: ACTCMD    R_f0= 0x2a    at time   55598419 ps
inst0 ch0:  R_CMD: ACTCMD    R_r1= 0x00    at time   55598833 ps
inst0 ch0:  C_CMD: RDCMD     C_r = 0x0b5   at time   55598833 ps
inst0 ch0:  R_CMD: ACTCMD    R_f1= 0x00    at time   55599247 ps
inst0 ch0:  C_CMD: RDCMD     C_f = 0x000   at time   55599247 ps
inst0 ch0:  R_CMD: ACTCMD    R_r0= 0x3a    at time   55602145 ps
inst0 ch0:  C_CMD: RDCMD     C_r = 0x0bd   at time   55602145 ps
inst0 ch0:  R_CMD: ACTCMD    R_f0= 0x0a    at time   55602559 ps
inst0 ch0:  C_CMD: RDCMD     C_f = 0x002   at time   55602559 ps
inst0 ch0:  R_CMD: ACTCMD    R_r1= 0x00    at time   55602973 ps
inst0 ch0:  R_CMD: ACTCMD    R_f1= 0x00    at time   55603387 ps
inst0 ch0:  C_CMD: RDCMD     C_r = 0x075   at time   55603801 ps
inst0 ch0:  C_CMD: RDCMD     C_f = 0x000   at time   55604215 ps
inst0 ch0:  R_CMD: ACTCMD    R_r0= 0x1a    at time   55606285 ps
inst0 ch0:  C_CMD: RDCMD     C_r = 0x035   at time   55606285 ps
inst0 ch0:  R_CMD: ACTCMD    R_f0= 0x0a    at time   55606699 ps
inst0 ch0:  C_CMD: RDCMD     C_f = 0x000   at time   55606699 ps
inst0 ch0:  R_CMD: ACTCMD    R_r1= 0x00    at time   55607113 ps
inst0 ch0:  R_CMD: ACTCMD    R_f1= 0x00    at time   55607527 ps
inst0 ch0:  C_CMD: RDCMD     C_r = 0x07d   at time   55607941 ps
inst0 ch0:  C_CMD: RDCMD     C_f = 0x002   at time   55608355 ps
inst0 ch0:  C_CMD: RDCMD     C_r = 0x0f5   at time   55608769 ps
inst0 ch0:  C_CMD: RDCMD     C_f = 0x080   at time   55609183 ps
inst0 ch0:  C_CMD: RDCMD     C_r = 0x03d   at time   55609597 ps
inst0 ch0:  C_CMD: RDCMD     C_f = 0x002   at time   55610011 ps
inst0 ch0:  C_CMD: RDCMD     C_r = 0x0fd   at time   55612081 ps
inst0 ch0:  C_CMD: RDCMD     C_f = 0x082   at time   55612495 ps
inst0 ch0:  C_CMD: RDCMD     C_r = 0x0b5   at time   55613737 ps
inst0 ch0:  C_CMD: RDCMD     C_f = 0x080   at time   55614151 ps
inst0 ch0:  C_CMD: RDCMD     C_r = 0x0bd   at time   55617049 ps
inst0 ch0:  C_CMD: RDCMD     C_f = 0x082   at time   55617463 ps
inst0 ch0:  C_CMD: RDCMD     C_r = 0x075   at time   55618705 ps
inst0 ch0:  C_CMD: RDCMD     C_f = 0x080   at time   55619119 ps
inst0 ch0:  C_CMD: RDCMD     C_r = 0x035   at time   55621189 ps
inst0 ch0:  C_CMD: RDCMD     C_f = 0x080   at time   55621603 ps
inst0 ch0:  C_CMD: RDCMD     C_r = 0x07d   at time   55622845 ps
inst0 ch0:  C_CMD: RDCMD     C_f = 0x082   at time   55623259 ps
inst0 ch0:  C_CMD: RDCMD     C_r = 0x03d   at time   55624501 ps
inst0 ch0:  C_CMD: RDCMD     C_f = 0x082   at time   55624915 ps
inst0 ch0:  R_CMD: ACTCMD    R_r0= 0x2e    at time   55925065 ps
inst0 ch0:  R_CMD: ACTCMD    R_f0= 0x28    at time   55925479 ps
inst0 ch0:  R_CMD: ACTCMD    R_r1= 0x00    at time   55925893 ps
inst0 ch0:  R_CMD: ACTCMD    R_f1= 0x02    at time   55926307 ps
inst0 ch0:  C_CMD: RDCMD     C_r = 0x0d5   at time   55939969 ps
inst0 ch0:  C_CMD: RDCMD     C_f = 0x0a1   at time   55940383 ps
inst0 ch0:  C_CMD: RDCMD     C_r = 0x0dd   at time   55943281 ps
inst0 ch0:  C_CMD: RDCMD     C_f = 0x0a3   at time   55943695 ps
inst0 ch0:  R_CMD: ACTCMD    R_r0= 0x2e    at time   56161873 ps
inst0 ch0:  R_CMD: ACTCMD    R_f0= 0x20    at time   56162287 ps
inst0 ch0:  R_CMD: ACTCMD    R_r1= 0x00    at time   56162701 ps
inst0 ch0:  R_CMD: ACTCMD    R_f1= 0x02    at time   56163115 ps
inst0 ch0:  R_CMD: ACTCMD    R_r0= 0x02    at time   56169325 ps
inst0 ch0:  R_CMD: ACTCMD    R_f0= 0x10    at time   56169739 ps
inst0 ch0:  R_CMD: ACTCMD    R_r1= 0x3f    at time   56170153 ps
inst0 ch0:  R_CMD: ACTCMD    R_f1= 0x3b    at time   56170567 ps
inst0 ch0:  R_CMD: ACTCMD    R_r0= 0x02    at time   56170981 ps
inst0 ch0:  R_CMD: ACTCMD    R_f0= 0x18    at time   56171395 ps
inst0 ch0:  R_CMD: ACTCMD    R_r1= 0x3f    at time   56171809 ps
inst0 ch0:  R_CMD: ACTCMD    R_f1= 0x3b    at time   56172223 ps
inst0 ch0:  C_CMD: RDCMD     C_r = 0x0d5   at time   56176777 ps
inst0 ch0:  C_CMD: RDCMD     C_f = 0x029   at time   56177191 ps
inst0 ch0:  C_CMD: RDCMD     C_r = 0x0dd   at time   56180089 ps
inst0 ch0:  C_CMD: RDCMD     C_f = 0x02b   at time   56180503 ps
inst0 ch0:  C_CMD: RDCMD     C_r = 0x005   at time   56184229 ps
inst0 ch0:  C_CMD: RDCMD     C_f = 0x078   at time   56184643 ps
inst0 ch0:  C_CMD: RDCMD     C_r = 0x005   at time   56185885 ps
inst0 ch0:  C_CMD: RDCMD     C_f = 0x0f8   at time   56186299 ps
inst0 ch0:  C_CMD: RDCMD     C_r = 0x00d   at time   56187541 ps
inst0 ch0:  C_CMD: RDCMD     C_f = 0x07a   at time   56187955 ps
inst0 ch0:  C_CMD: RDCMD     C_r = 0x00d   at time   56189197 ps
inst0 ch0:  C_CMD: RDCMD     C_f = 0x0fa   at time   56189611 ps
inst0 ch0:  R_CMD: ACTCMD    R_r0= 0x02    at time   56239705 ps
inst0 ch0:  R_CMD: ACTCMD    R_f0= 0x10    at time   56240119 ps
inst0 ch0:  R_CMD: ACTCMD    R_r1= 0x3f    at time   56240533 ps
inst0 ch0:  R_CMD: ACTCMD    R_f1= 0x3b    at time   56240947 ps
inst0 ch0:  R_CMD: ACTCMD    R_r0= 0x02    at time   56242189 ps
inst0 ch0:  R_CMD: ACTCMD    R_f0= 0x18    at time   56242603 ps
inst0 ch0:  R_CMD: ACTCMD    R_r1= 0x3f    at time   56243017 ps
inst0 ch0:  R_CMD: ACTCMD    R_f1= 0x3b    at time   56243431 ps
inst0 ch0:  C_CMD: WRCMD     C_r = 0x001   at time   56250469 ps
inst0 ch0:  C_CMD: WRCMD     C_f = 0x078   at time   56250883 ps
inst0 ch0:  C_CMD: WRCMD     C_r = 0x001   at time   56252953 ps
inst0 ch0:  C_CMD: WRCMD     C_f = 0x0f8   at time   56253367 ps
inst0 ch0:  C_CMD: WRCMD     C_r = 0x009   at time   56253781 ps
inst0 ch0:  C_CMD: WRCMD     C_f = 0x07a   at time   56254195 ps
inst0 ch0:  C_CMD: WRCMD     C_r = 0x009   at time   56256265 ps
inst0 ch0:  C_CMD: WRCMD     C_f = 0x0fa   at time   56256679 ps
inst0 ch0:  R_CMD: ACTCMD    R_r0= 0x2e    at time   56416069 ps
inst0 ch0:  R_CMD: ACTCMD    R_f0= 0x28    at time   56416483 ps
inst0 ch0:  R_CMD: ACTCMD    R_r1= 0x00    at time   56416897 ps
inst0 ch0:  R_CMD: ACTCMD    R_f1= 0x02    at time   56417311 ps
inst0 ch0:  R_CMD: ACTCMD    R_r0= 0x0a    at time   56421037 ps
inst0 ch0:  R_CMD: ACTCMD    R_f0= 0x10    at time   56421451 ps
inst0 ch0:  R_CMD: ACTCMD    R_r1= 0x3f    at time   56421865 ps
inst0 ch0:  R_CMD: ACTCMD    R_f1= 0x3b    at time   56422279 ps
inst0 ch0:  C_CMD: RDCMD     C_r = 0x0d5   at time   56430973 ps
inst0 ch0:  C_CMD: RDCMD     C_f = 0x0a9   at time   56431387 ps
inst0 ch0:  C_CMD: RDCMD     C_r = 0x0dd   at time   56434285 ps
inst0 ch0:  C_CMD: RDCMD     C_f = 0x0ab   at time   56434699 ps
inst0 ch0:  C_CMD: RDCMD     C_r = 0x015   at time   56435941 ps
inst0 ch0:  C_CMD: RDCMD     C_f = 0x078   at time   56436355 ps
inst0 ch0:  C_CMD: RDCMD     C_r = 0x01d   at time   56439253 ps
inst0 ch0:  C_CMD: RDCMD     C_f = 0x07a   at time   56439667 ps
inst0 ch0:  R_CMD: ACTCMD    R_r0= 0x0a    at time   56481481 ps
inst0 ch0:  R_CMD: ACTCMD    R_f0= 0x18    at time   56481895 ps
inst0 ch0:  R_CMD: ACTCMD    R_r1= 0x3f    at time   56482309 ps
inst0 ch0:  R_CMD: ACTCMD    R_f1= 0x3b    at time   56482723 ps
inst0 ch0:  R_CMD: ACTCMD    R_r0= 0x0a    at time   56491417 ps
inst0 ch0:  R_CMD: ACTCMD    R_f0= 0x10    at time   56491831 ps
inst0 ch0:  R_CMD: ACTCMD    R_r1= 0x3f    at time   56492245 ps
inst0 ch0:  R_CMD: ACTCMD    R_f1= 0x3b    at time   56492659 ps
inst0 ch0:  C_CMD: RDCMD     C_r = 0x015   at time   56496385 ps
inst0 ch0:  C_CMD: RDCMD     C_f = 0x0f8   at time   56496799 ps
inst0 ch0:  C_CMD: RDCMD     C_r = 0x01d   at time   56499697 ps
inst0 ch0:  C_CMD: RDCMD     C_f = 0x0fa   at time   56500111 ps
inst0 ch0:  C_CMD: WRCMD     C_r = 0x011   at time   56502181 ps
inst0 ch0:  C_CMD: WRCMD     C_f = 0x078   at time   56502595 ps
inst0 ch0:  C_CMD: WRCMD     C_r = 0x019   at time   56505493 ps
inst0 ch0:  C_CMD: WRCMD     C_f = 0x07a   at time   56505907 ps
inst0 ch0:  R_CMD: ACTCMD    R_r0= 0x0a    at time   56551861 ps
inst0 ch0:  R_CMD: ACTCMD    R_f0= 0x18    at time   56552275 ps
inst0 ch0:  R_CMD: ACTCMD    R_r1= 0x3f    at time   56552689 ps
inst0 ch0:  R_CMD: ACTCMD    R_f1= 0x3b    at time   56553103 ps
inst0 ch0:  C_CMD: WRCMD     C_r = 0x011   at time   56562625 ps
inst0 ch0:  C_CMD: WRCMD     C_f = 0x0f8   at time   56563039 ps
inst0 ch0:  C_CMD: WRCMD     C_r = 0x019   at time   56565937 ps
inst0 ch0:  C_CMD: WRCMD     C_f = 0x0fa   at time   56566351 ps
inst0 ch0:  R_CMD: ACTCMD    R_r0= 0x02    at time   56605681 ps
inst0 ch0:  R_CMD: ACTCMD    R_f0= 0x30    at time   56606095 ps
inst0 ch0:  R_CMD: ACTCMD    R_r1= 0x3f    at time   56606509 ps
inst0 ch0:  R_CMD: ACTCMD    R_f1= 0x3b    at time   56606923 ps
inst0 ch0:  C_CMD: RDCMD     C_r = 0x085   at time   56620585 ps
inst0 ch0:  C_CMD: RDCMD     C_f = 0x078   at time   56620999 ps
inst0 ch0:  C_CMD: RDCMD     C_r = 0x08d   at time   56623897 ps
inst0 ch0:  C_CMD: RDCMD     C_f = 0x07a   at time   56624311 ps
inst0 ch0:  R_CMD: ACTCMD    R_r0= 0x02    at time   56664469 ps
inst0 ch0:  R_CMD: ACTCMD    R_f0= 0x38    at time   56664883 ps
inst0 ch0:  R_CMD: ACTCMD    R_r1= 0x3f    at time   56665297 ps
inst0 ch0:  R_CMD: ACTCMD    R_f1= 0x3b    at time   56665711 ps
inst0 ch0:  R_CMD: ACTCMD    R_r0= 0x02    at time   56676061 ps
inst0 ch0:  R_CMD: ACTCMD    R_f0= 0x30    at time   56676475 ps
inst0 ch0:  R_CMD: ACTCMD    R_r1= 0x3f    at time   56676889 ps
inst0 ch0:  R_CMD: ACTCMD    R_f1= 0x3b    at time   56677303 ps
inst0 ch0:  C_CMD: RDCMD     C_r = 0x085   at time   56679373 ps
inst0 ch0:  C_CMD: RDCMD     C_f = 0x0f8   at time   56679787 ps
inst0 ch0:  C_CMD: RDCMD     C_r = 0x08d   at time   56682685 ps
inst0 ch0:  C_CMD: RDCMD     C_f = 0x0fa   at time   56683099 ps
inst0 ch0:  C_CMD: WRCMD     C_r = 0x081   at time   56686825 ps
inst0 ch0:  C_CMD: WRCMD     C_f = 0x078   at time   56687239 ps
inst0 ch0:  C_CMD: WRCMD     C_r = 0x089   at time   56690137 ps
inst0 ch0:  C_CMD: WRCMD     C_f = 0x07a   at time   56690551 ps
inst0 ch0:  R_CMD: ACTCMD    R_r0= 0x02    at time   56838349 ps
inst0 ch0:  R_CMD: ACTCMD    R_f0= 0x38    at time   56838763 ps
inst0 ch0:  R_CMD: ACTCMD    R_r1= 0x3f    at time   56839177 ps
inst0 ch0:  R_CMD: ACTCMD    R_f1= 0x3b    at time   56839591 ps
inst0 ch0:  C_CMD: WRCMD     C_r = 0x081   at time   56849113 ps
inst0 ch0:  C_CMD: WRCMD     C_f = 0x0f8   at time   56849527 ps
inst0 ch0:  C_CMD: WRCMD     C_r = 0x089   at time   56852425 ps
inst0 ch0:  C_CMD: WRCMD     C_f = 0x0fa   at time   56852839 ps
inst0 ch0:  R_CMD: ACTCMD    R_r0= 0x0a    at time   57068533 ps
inst0 ch0:  R_CMD: ACTCMD    R_f0= 0x38    at time   57068947 ps
inst0 ch0:  R_CMD: ACTCMD    R_r1= 0x3f    at time   57069361 ps
inst0 ch0:  R_CMD: ACTCMD    R_f1= 0x3b    at time   57069775 ps
inst0 ch0:  C_CMD: RDCMD     C_r = 0x095   at time   57083437 ps
inst0 ch0:  C_CMD: RDCMD     C_f = 0x0f8   at time   57083851 ps
inst0 ch0:  C_CMD: RDCMD     C_r = 0x09d   at time   57086749 ps
inst0 ch0:  C_CMD: RDCMD     C_f = 0x0fa   at time   57087163 ps
inst0 ch0:  R_CMD: ACTCMD    R_r0= 0x0a    at time   57138913 ps
inst0 ch0:  R_CMD: ACTCMD    R_f0= 0x38    at time   57139327 ps
inst0 ch0:  R_CMD: ACTCMD    R_r1= 0x3f    at time   57139741 ps
inst0 ch0:  R_CMD: ACTCMD    R_f1= 0x3b    at time   57140155 ps
inst0 ch0:  C_CMD: WRCMD     C_r = 0x091   at time   57149677 ps
inst0 ch0:  C_CMD: WRCMD     C_f = 0x0f8   at time   57150091 ps
inst0 ch0:  C_CMD: WRCMD     C_r = 0x099   at time   57152989 ps
inst0 ch0:  C_CMD: WRCMD     C_f = 0x0fa   at time   57153403 ps
inst0 ch0:  R_CMD: ACTCMD    R_r0= 0x0a    at time   57226681 ps
inst0 ch0:  R_CMD: ACTCMD    R_f0= 0x30    at time   57227095 ps
inst0 ch0:  R_CMD: ACTCMD    R_r1= 0x3f    at time   57227509 ps
inst0 ch0:  R_CMD: ACTCMD    R_f1= 0x3b    at time   57227923 ps
inst0 ch0:  C_CMD: RDCMD     C_r = 0x095   at time   57241585 ps
inst0 ch0:  C_CMD: RDCMD     C_f = 0x078   at time   57241999 ps
inst0 ch0:  C_CMD: RDCMD     C_r = 0x09d   at time   57244897 ps
inst0 ch0:  C_CMD: RDCMD     C_f = 0x07a   at time   57245311 ps
inst0 ch0:  R_CMD: ACTCMD    R_r0= 0x0a    at time   57299545 ps
inst0 ch0:  R_CMD: ACTCMD    R_f0= 0x30    at time   57299959 ps
inst0 ch0:  R_CMD: ACTCMD    R_r1= 0x3f    at time   57300373 ps
inst0 ch0:  R_CMD: ACTCMD    R_f1= 0x3b    at time   57300787 ps
inst0 ch0:  C_CMD: WRCMD     C_r = 0x091   at time   57310309 ps
inst0 ch0:  C_CMD: WRCMD     C_f = 0x078   at time   57310723 ps
inst0 ch0:  C_CMD: WRCMD     C_r = 0x099   at time   57313621 ps
inst0 ch0:  C_CMD: WRCMD     C_f = 0x07a   at time   57314035 ps
inst0 ch0:  R_CMD: ACTCMD    R_r0= 0x0a    at time   58736953 ps
inst0 ch0:  R_CMD: ACTCMD    R_f0= 0x13    at time   58737367 ps
inst0 ch0:  R_CMD: ACTCMD    R_r1= 0x3f    at time   58737781 ps
inst0 ch0:  R_CMD: ACTCMD    R_f1= 0x3b    at time   58738195 ps
inst0 ch0:  C_CMD: RDCMD     C_r = 0x015   at time   58751857 ps
inst0 ch0:  C_CMD: RDCMD     C_f = 0x010   at time   58752271 ps
inst0 ch0:  C_CMD: RDCMD     C_r = 0x01d   at time   58755169 ps
inst0 ch0:  C_CMD: RDCMD     C_f = 0x012   at time   58755583 ps
inst0 ch0:  R_CMD: ACTCMD    R_r0= 0x0a    at time   58807333 ps
inst0 ch0:  R_CMD: ACTCMD    R_f0= 0x13    at time   58807747 ps
inst0 ch0:  R_CMD: ACTCMD    R_r1= 0x3f    at time   58808161 ps
inst0 ch0:  R_CMD: ACTCMD    R_f1= 0x3b    at time   58808575 ps
inst0 ch0:  C_CMD: WRCMD     C_r = 0x011   at time   58818097 ps
inst0 ch0:  C_CMD: WRCMD     C_f = 0x010   at time   58818511 ps
inst0 ch0:  C_CMD: WRCMD     C_r = 0x019   at time   58821409 ps
inst0 ch0:  C_CMD: WRCMD     C_f = 0x012   at time   58821823 ps
inst0 ch0:  R_CMD: ACTCMD    R_r0= 0x0a    at time   58899241 ps
inst0 ch0:  R_CMD: ACTCMD    R_f0= 0x13    at time   58899655 ps
inst0 ch0:  R_CMD: ACTCMD    R_r1= 0x3f    at time   58900069 ps
inst0 ch0:  R_CMD: ACTCMD    R_f1= 0x3b    at time   58900483 ps
inst0 ch0:  C_CMD: RDCMD     C_r = 0x015   at time   58914145 ps
inst0 ch0:  C_CMD: RDCMD     C_f = 0x010   at time   58914559 ps
inst0 ch0:  C_CMD: RDCMD     C_r = 0x01d   at time   58917457 ps
inst0 ch0:  C_CMD: RDCMD     C_f = 0x012   at time   58917871 ps
inst0 ch0:  R_CMD: ACTCMD    R_r0= 0x0a    at time   58969621 ps
inst0 ch0:  R_CMD: ACTCMD    R_f0= 0x13    at time   58970035 ps
inst0 ch0:  R_CMD: ACTCMD    R_r1= 0x3f    at time   58970449 ps
inst0 ch0:  R_CMD: ACTCMD    R_f1= 0x3b    at time   58970863 ps
inst0 ch0:  C_CMD: WRCMD     C_r = 0x011   at time   58980385 ps
inst0 ch0:  C_CMD: WRCMD     C_f = 0x010   at time   58980799 ps
inst0 ch0:  C_CMD: WRCMD     C_r = 0x019   at time   58983697 ps
inst0 ch0:  C_CMD: WRCMD     C_f = 0x012   at time   58984111 ps
inst0 ch0:  R_CMD: ACTCMD    R_r0= 0x0a    at time   59072293 ps
inst0 ch0:  R_CMD: ACTCMD    R_f0= 0x1b    at time   59072707 ps
inst0 ch0:  R_CMD: ACTCMD    R_r1= 0x3f    at time   59073121 ps
inst0 ch0:  R_CMD: ACTCMD    R_f1= 0x3b    at time   59073535 ps
inst0 ch0:  C_CMD: RDCMD     C_r = 0x015   at time   59087197 ps
inst0 ch0:  C_CMD: RDCMD     C_f = 0x090   at time   59087611 ps
inst0 ch0:  C_CMD: RDCMD     C_r = 0x01d   at time   59090509 ps
inst0 ch0:  C_CMD: RDCMD     C_f = 0x092   at time   59090923 ps
inst0 ch0:  R_CMD: ACTCMD    R_r0= 0x0a    at time   59284261 ps
inst0 ch0:  R_CMD: ACTCMD    R_f0= 0x1b    at time   59284675 ps
inst0 ch0:  R_CMD: ACTCMD    R_r1= 0x3f    at time   59285089 ps
inst0 ch0:  R_CMD: ACTCMD    R_f1= 0x3b    at time   59285503 ps
inst0 ch0:  C_CMD: WRCMD     C_r = 0x011   at time   59295025 ps
inst0 ch0:  C_CMD: WRCMD     C_f = 0x090   at time   59295439 ps
inst0 ch0:  C_CMD: WRCMD     C_r = 0x019   at time   59298337 ps
inst0 ch0:  C_CMD: WRCMD     C_f = 0x092   at time   59298751 ps
inst0 ch0:  R_CMD: ACTCMD    R_r0= 0x0a    at time   59380309 ps
inst0 ch0:  R_CMD: ACTCMD    R_f0= 0x1b    at time   59380723 ps
inst0 ch0:  R_CMD: ACTCMD    R_r1= 0x3f    at time   59381137 ps
inst0 ch0:  R_CMD: ACTCMD    R_f1= 0x3b    at time   59381551 ps
inst0 ch0:  C_CMD: RDCMD     C_r = 0x015   at time   59395213 ps
inst0 ch0:  C_CMD: RDCMD     C_f = 0x090   at time   59395627 ps
inst0 ch0:  C_CMD: RDCMD     C_r = 0x01d   at time   59398525 ps
inst0 ch0:  C_CMD: RDCMD     C_f = 0x092   at time   59398939 ps
inst0 ch0:  R_CMD: ACTCMD    R_r0= 0x0a    at time   59450689 ps
inst0 ch0:  R_CMD: ACTCMD    R_f0= 0x1b    at time   59451103 ps
inst0 ch0:  R_CMD: ACTCMD    R_r1= 0x3f    at time   59451517 ps
inst0 ch0:  R_CMD: ACTCMD    R_f1= 0x3b    at time   59451931 ps
inst0 ch0:  C_CMD: WRCMD     C_r = 0x011   at time   59461453 ps
inst0 ch0:  C_CMD: WRCMD     C_f = 0x090   at time   59461867 ps
inst0 ch0:  C_CMD: WRCMD     C_r = 0x019   at time   59464765 ps
inst0 ch0:  C_CMD: WRCMD     C_f = 0x092   at time   59465179 ps
inst0 ch0:  R_CMD: ACTCMD    R_r0= 0x02    at time   59964049 ps
inst0 ch0:  R_CMD: ACTCMD    R_f0= 0x13    at time   59964463 ps
inst0 ch0:  R_CMD: ACTCMD    R_r1= 0x3f    at time   59964877 ps
inst0 ch0:  R_CMD: ACTCMD    R_f1= 0x3b    at time   59965291 ps
inst0 ch0:  C_CMD: RDCMD     C_r = 0x005   at time   59978953 ps
inst0 ch0:  C_CMD: RDCMD     C_f = 0x000   at time   59979367 ps
inst0 ch0:  C_CMD: RDCMD     C_r = 0x00d   at time   59982265 ps
inst0 ch0:  C_CMD: RDCMD     C_f = 0x002   at time   59982679 ps
inst0 ch0:  R_CMD: ACTCMD    R_r0= 0x02    at time   60036913 ps
inst0 ch0:  R_CMD: ACTCMD    R_f0= 0x13    at time   60037327 ps
inst0 ch0:  R_CMD: ACTCMD    R_r1= 0x3f    at time   60037741 ps
inst0 ch0:  R_CMD: ACTCMD    R_f1= 0x3b    at time   60038155 ps
inst0 ch0:  C_CMD: WRCMD     C_r = 0x001   at time   60047677 ps
inst0 ch0:  C_CMD: WRCMD     C_f = 0x000   at time   60048091 ps
inst0 ch0:  C_CMD: WRCMD     C_r = 0x009   at time   60050989 ps
inst0 ch0:  C_CMD: WRCMD     C_f = 0x002   at time   60051403 ps
inst0 ch0:  R_CMD: ACTCMD    R_r0= 0x02    at time   60310981 ps
inst0 ch0:  R_CMD: ACTCMD    R_f0= 0x13    at time   60311395 ps
inst0 ch0:  R_CMD: ACTCMD    R_r1= 0x3f    at time   60311809 ps
inst0 ch0:  R_CMD: ACTCMD    R_f1= 0x3b    at time   60312223 ps
inst0 ch0:  C_CMD: RDCMD     C_r = 0x005   at time   60325885 ps
inst0 ch0:  C_CMD: RDCMD     C_f = 0x000   at time   60326299 ps
inst0 ch0:  C_CMD: RDCMD     C_r = 0x00d   at time   60329197 ps
inst0 ch0:  C_CMD: RDCMD     C_f = 0x002   at time   60329611 ps
inst0 ch0:  R_CMD: ACTCMD    R_r0= 0x02    at time   60381361 ps
inst0 ch0:  R_CMD: ACTCMD    R_f0= 0x13    at time   60381775 ps
inst0 ch0:  R_CMD: ACTCMD    R_r1= 0x3f    at time   60382189 ps
inst0 ch0:  R_CMD: ACTCMD    R_f1= 0x3b    at time   60382603 ps
inst0 ch0:  C_CMD: WRCMD     C_r = 0x001   at time   60392125 ps
inst0 ch0:  C_CMD: WRCMD     C_f = 0x000   at time   60392539 ps
inst0 ch0:  C_CMD: WRCMD     C_r = 0x009   at time   60395437 ps
inst0 ch0:  C_CMD: WRCMD     C_f = 0x002   at time   60395851 ps
inst0 ch0:  R_CMD: ACTCMD    R_r0= 0x02    at time   60676129 ps
inst0 ch0:  R_CMD: ACTCMD    R_f0= 0x1b    at time   60676543 ps
inst0 ch0:  R_CMD: ACTCMD    R_r1= 0x3f    at time   60676957 ps
inst0 ch0:  R_CMD: ACTCMD    R_f1= 0x3b    at time   60677371 ps
inst0 ch0:  C_CMD: RDCMD     C_r = 0x005   at time   60691033 ps
inst0 ch0:  C_CMD: RDCMD     C_f = 0x080   at time   60691447 ps
inst0 ch0:  C_CMD: RDCMD     C_r = 0x00d   at time   60694345 ps
inst0 ch0:  C_CMD: RDCMD     C_f = 0x082   at time   60694759 ps
inst0 ch0:  R_CMD: ACTCMD    R_r0= 0x02    at time   60748993 ps
inst0 ch0:  R_CMD: ACTCMD    R_f0= 0x1b    at time   60749407 ps
inst0 ch0:  R_CMD: ACTCMD    R_r1= 0x3f    at time   60749821 ps
inst0 ch0:  R_CMD: ACTCMD    R_f1= 0x3b    at time   60750235 ps
inst0 ch0:  C_CMD: WRCMD     C_r = 0x001   at time   60759757 ps
inst0 ch0:  C_CMD: WRCMD     C_f = 0x080   at time   60760171 ps
inst0 ch0:  C_CMD: WRCMD     C_r = 0x009   at time   60763069 ps
inst0 ch0:  C_CMD: WRCMD     C_f = 0x082   at time   60763483 ps
inst0 ch0:  R_CMD: ACTCMD    R_r0= 0x02    at time   60849181 ps
inst0 ch0:  R_CMD: ACTCMD    R_f0= 0x1b    at time   60849595 ps
inst0 ch0:  R_CMD: ACTCMD    R_r1= 0x3f    at time   60850009 ps
inst0 ch0:  R_CMD: ACTCMD    R_f1= 0x3b    at time   60850423 ps
inst0 ch0:  C_CMD: RDCMD     C_r = 0x005   at time   60864085 ps
inst0 ch0:  C_CMD: RDCMD     C_f = 0x080   at time   60864499 ps
inst0 ch0:  C_CMD: RDCMD     C_r = 0x00d   at time   60867397 ps
inst0 ch0:  C_CMD: RDCMD     C_f = 0x082   at time   60867811 ps
inst0 ch0:  R_CMD: ACTCMD    R_r0= 0x02    at time   60919561 ps
inst0 ch0:  R_CMD: ACTCMD    R_f0= 0x1b    at time   60919975 ps
inst0 ch0:  R_CMD: ACTCMD    R_r1= 0x3f    at time   60920389 ps
inst0 ch0:  R_CMD: ACTCMD    R_f1= 0x3b    at time   60920803 ps
inst0 ch0:  C_CMD: WRCMD     C_r = 0x001   at time   60930325 ps
inst0 ch0:  C_CMD: WRCMD     C_f = 0x080   at time   60930739 ps
inst0 ch0:  C_CMD: WRCMD     C_r = 0x009   at time   60933637 ps
inst0 ch0:  C_CMD: WRCMD     C_f = 0x082   at time   60934051 ps
inst0 ch0:  R_CMD: ACTCMD    R_r0= 0x02    at time   62034049 ps
inst0 ch0:  R_CMD: ACTCMD    R_f0= 0x08    at time   62034463 ps
inst0 ch0:  R_CMD: ACTCMD    R_r1= 0x00    at time   62034877 ps
inst0 ch0:  R_CMD: ACTCMD    R_f1= 0x00    at time   62035291 ps
inst0 ch0:  C_CMD: RDCMD     C_r = 0x005   at time   62048953 ps
inst0 ch0:  C_CMD: RDCMD     C_f = 0x098   at time   62049367 ps
inst0 ch0:  C_CMD: RDCMD     C_r = 0x005   at time   62052265 ps
inst0 ch0:  C_CMD: RDCMD     C_f = 0x09a   at time   62052679 ps
inst0 ch0:  C_CMD: RDCMD     C_r = 0x005   at time   62055577 ps
inst0 ch0:  C_CMD: RDCMD     C_f = 0x090   at time   62055991 ps
inst0 ch0:  C_CMD: RDCMD     C_r = 0x005   at time   62058889 ps
inst0 ch0:  C_CMD: RDCMD     C_f = 0x092   at time   62059303 ps
inst0 ch0:  C_CMD: RDCMD     C_r = 0x005   at time   62062201 ps
inst0 ch0:  C_CMD: RDCMD     C_f = 0x088   at time   62062615 ps
inst0 ch0:  C_CMD: RDCMD     C_r = 0x005   at time   62065513 ps
inst0 ch0:  C_CMD: RDCMD     C_f = 0x08a   at time   62065927 ps
inst0 ch0:  C_CMD: RDCMD     C_r = 0x005   at time   62068825 ps
inst0 ch0:  C_CMD: RDCMD     C_f = 0x080   at time   62069239 ps
inst0 ch0:  C_CMD: RDCMD     C_r = 0x00d   at time   62072137 ps
inst0 ch0:  C_CMD: RDCMD     C_f = 0x082   at time   62072551 ps
inst0 ch0:  R_CMD: ACTCMD    R_r0= 0x02    at time   62167357 ps
inst0 ch0:  R_CMD: ACTCMD    R_f0= 0x00    at time   62167771 ps
inst0 ch0:  R_CMD: ACTCMD    R_r1= 0x00    at time   62168185 ps
inst0 ch0:  R_CMD: ACTCMD    R_f1= 0x00    at time   62168599 ps
inst0 ch0:  C_CMD: RDCMD     C_r = 0x005   at time   62182261 ps
inst0 ch0:  C_CMD: RDCMD     C_f = 0x018   at time   62182675 ps
inst0 ch0:  C_CMD: RDCMD     C_r = 0x005   at time   62185573 ps
inst0 ch0:  C_CMD: RDCMD     C_f = 0x01a   at time   62185987 ps
inst0 ch0:  C_CMD: RDCMD     C_r = 0x005   at time   62188885 ps
inst0 ch0:  C_CMD: RDCMD     C_f = 0x010   at time   62189299 ps
inst0 ch0:  C_CMD: RDCMD     C_r = 0x005   at time   62192197 ps
inst0 ch0:  C_CMD: RDCMD     C_f = 0x012   at time   62192611 ps
inst0 ch0:  C_CMD: RDCMD     C_r = 0x005   at time   62195509 ps
inst0 ch0:  C_CMD: RDCMD     C_f = 0x008   at time   62195923 ps
inst0 ch0:  C_CMD: RDCMD     C_r = 0x005   at time   62198821 ps
inst0 ch0:  C_CMD: RDCMD     C_f = 0x00a   at time   62199235 ps
inst0 ch0:  C_CMD: RDCMD     C_r = 0x005   at time   62202133 ps
inst0 ch0:  C_CMD: RDCMD     C_f = 0x000   at time   62202547 ps
inst0 ch0:  C_CMD: RDCMD     C_r = 0x00d   at time   62205445 ps
inst0 ch0:  C_CMD: RDCMD     C_f = 0x002   at time   62205859 ps
inst0 ch0:  R_CMD: ACTCMD    R_r0= 0x0a    at time   62452189 ps
inst0 ch0:  R_CMD: ACTCMD    R_f0= 0x08    at time   62452603 ps
inst0 ch0:  R_CMD: ACTCMD    R_r1= 0x00    at time   62453017 ps
inst0 ch0:  R_CMD: ACTCMD    R_f1= 0x00    at time   62453431 ps
inst0 ch0:  C_CMD: RDCMD     C_r = 0x015   at time   62467093 ps
inst0 ch0:  C_CMD: RDCMD     C_f = 0x098   at time   62467507 ps
inst0 ch0:  C_CMD: RDCMD     C_r = 0x015   at time   62470405 ps
inst0 ch0:  C_CMD: RDCMD     C_f = 0x09a   at time   62470819 ps
inst0 ch0:  C_CMD: RDCMD     C_r = 0x015   at time   62473717 ps
inst0 ch0:  C_CMD: RDCMD     C_f = 0x090   at time   62474131 ps
inst0 ch0:  C_CMD: RDCMD     C_r = 0x015   at time   62477029 ps
inst0 ch0:  C_CMD: RDCMD     C_f = 0x092   at time   62477443 ps
inst0 ch0:  C_CMD: RDCMD     C_r = 0x015   at time   62480341 ps
inst0 ch0:  C_CMD: RDCMD     C_f = 0x088   at time   62480755 ps
inst0 ch0:  C_CMD: RDCMD     C_r = 0x015   at time   62483653 ps
inst0 ch0:  C_CMD: RDCMD     C_f = 0x08a   at time   62484067 ps
inst0 ch0:  C_CMD: RDCMD     C_r = 0x015   at time   62486965 ps
inst0 ch0:  C_CMD: RDCMD     C_f = 0x080   at time   62487379 ps
inst0 ch0:  R_CMD: ACTCMD    R_r0= 0x0a    at time   62487793 ps
inst0 ch0:  R_CMD: ACTCMD    R_f0= 0x00    at time   62488207 ps
inst0 ch0:  R_CMD: ACTCMD    R_r1= 0x00    at time   62488621 ps
inst0 ch0:  R_CMD: ACTCMD    R_f1= 0x00    at time   62489035 ps
inst0 ch0:  C_CMD: RDCMD     C_r = 0x01d   at time   62490277 ps
inst0 ch0:  C_CMD: RDCMD     C_f = 0x082   at time   62490691 ps
inst0 ch0:  C_CMD: RDCMD     C_r = 0x015   at time   62502697 ps
inst0 ch0:  C_CMD: RDCMD     C_f = 0x018   at time   62503111 ps
inst0 ch0:  C_CMD: RDCMD     C_r = 0x015   at time   62506009 ps
inst0 ch0:  C_CMD: RDCMD     C_f = 0x01a   at time   62506423 ps
inst0 ch0:  C_CMD: RDCMD     C_r = 0x015   at time   62509321 ps
inst0 ch0:  C_CMD: RDCMD     C_f = 0x010   at time   62509735 ps
inst0 ch0:  C_CMD: RDCMD     C_r = 0x015   at time   62512633 ps
inst0 ch0:  C_CMD: RDCMD     C_f = 0x012   at time   62513047 ps
inst0 ch0:  C_CMD: RDCMD     C_r = 0x015   at time   62515945 ps
inst0 ch0:  C_CMD: RDCMD     C_f = 0x008   at time   62516359 ps
inst0 ch0:  C_CMD: RDCMD     C_r = 0x015   at time   62519257 ps
inst0 ch0:  C_CMD: RDCMD     C_f = 0x00a   at time   62519671 ps
inst0 ch0:  C_CMD: RDCMD     C_r = 0x015   at time   62522569 ps
inst0 ch0:  C_CMD: RDCMD     C_f = 0x000   at time   62522983 ps
inst0 ch0:  C_CMD: RDCMD     C_r = 0x01d   at time   62525881 ps
inst0 ch0:  C_CMD: RDCMD     C_f = 0x002   at time   62526295 ps
inst0 ch0:  R_CMD: ACTCMD    R_r0= 0x0a    at time   62731225 ps
inst0 ch0:  R_CMD: ACTCMD    R_f0= 0x08    at time   62731639 ps
inst0 ch0:  R_CMD: ACTCMD    R_r1= 0x00    at time   62732053 ps
inst0 ch0:  R_CMD: ACTCMD    R_f1= 0x00    at time   62732467 ps
inst0 ch0:  C_CMD: RDCMD     C_r = 0x015   at time   62746129 ps
inst0 ch0:  C_CMD: RDCMD     C_f = 0x0b8   at time   62746543 ps
inst0 ch0:  C_CMD: RDCMD     C_r = 0x015   at time   62749441 ps
inst0 ch0:  C_CMD: RDCMD     C_f = 0x0ba   at time   62749855 ps
inst0 ch0:  C_CMD: RDCMD     C_r = 0x015   at time   62752753 ps
inst0 ch0:  C_CMD: RDCMD     C_f = 0x0b0   at time   62753167 ps
inst0 ch0:  C_CMD: RDCMD     C_r = 0x015   at time   62756065 ps
inst0 ch0:  C_CMD: RDCMD     C_f = 0x0b2   at time   62756479 ps
inst0 ch0:  C_CMD: RDCMD     C_r = 0x015   at time   62759377 ps
inst0 ch0:  C_CMD: RDCMD     C_f = 0x0a8   at time   62759791 ps
inst0 ch0:  C_CMD: RDCMD     C_r = 0x015   at time   62762689 ps
inst0 ch0:  C_CMD: RDCMD     C_f = 0x0aa   at time   62763103 ps
inst0 ch0:  C_CMD: RDCMD     C_r = 0x015   at time   62766001 ps
inst0 ch0:  C_CMD: RDCMD     C_f = 0x0a0   at time   62766415 ps
inst0 ch0:  C_CMD: RDCMD     C_r = 0x01d   at time   62769313 ps
inst0 ch0:  C_CMD: RDCMD     C_f = 0x0a2   at time   62769727 ps
inst0 ch0:  R_CMD: ACTCMD    R_r0= 0x0a    at time   62799949 ps
inst0 ch0:  R_CMD: ACTCMD    R_f0= 0x00    at time   62800363 ps
inst0 ch0:  R_CMD: ACTCMD    R_r1= 0x00    at time   62800777 ps
inst0 ch0:  R_CMD: ACTCMD    R_f1= 0x00    at time   62801191 ps
inst0 ch0:  R_CMD: ACTCMD    R_r0= 0x0a    at time   62803261 ps
inst0 ch0:  R_CMD: ACTCMD    R_f0= 0x08    at time   62803675 ps
inst0 ch0:  R_CMD: ACTCMD    R_r1= 0x00    at time   62804089 ps
inst0 ch0:  R_CMD: ACTCMD    R_f1= 0x00    at time   62804503 ps
inst0 ch0:  C_CMD: WRCMD     C_r = 0x011   at time   62814025 ps
inst0 ch0:  C_CMD: WRCMD     C_f = 0x0b8   at time   62814439 ps
inst0 ch0:  C_CMD: RDCMD     C_r = 0x015   at time   62814853 ps
inst0 ch0:  C_CMD: RDCMD     C_f = 0x038   at time   62815267 ps
inst0 ch0:  C_CMD: WRCMD     C_r = 0x011   at time   62817337 ps
inst0 ch0:  C_CMD: WRCMD     C_f = 0x0ba   at time   62817751 ps
inst0 ch0:  C_CMD: RDCMD     C_r = 0x015   at time   62818165 ps
inst0 ch0:  C_CMD: RDCMD     C_f = 0x03a   at time   62818579 ps
inst0 ch0:  C_CMD: WRCMD     C_r = 0x011   at time   62820649 ps
inst0 ch0:  C_CMD: WRCMD     C_f = 0x0a8   at time   62821063 ps
inst0 ch0:  C_CMD: RDCMD     C_r = 0x015   at time   62821477 ps
inst0 ch0:  C_CMD: RDCMD     C_f = 0x030   at time   62821891 ps
inst0 ch0:  C_CMD: WRCMD     C_r = 0x011   at time   62823961 ps
inst0 ch0:  C_CMD: WRCMD     C_f = 0x0aa   at time   62824375 ps
inst0 ch0:  C_CMD: RDCMD     C_r = 0x015   at time   62824789 ps
inst0 ch0:  C_CMD: RDCMD     C_f = 0x032   at time   62825203 ps
inst0 ch0:  C_CMD: WRCMD     C_r = 0x011   at time   62827273 ps
inst0 ch0:  C_CMD: WRCMD     C_f = 0x0b0   at time   62827687 ps
inst0 ch0:  C_CMD: RDCMD     C_r = 0x015   at time   62828101 ps
inst0 ch0:  C_CMD: RDCMD     C_f = 0x028   at time   62828515 ps
inst0 ch0:  C_CMD: WRCMD     C_r = 0x011   at time   62830585 ps
inst0 ch0:  C_CMD: WRCMD     C_f = 0x0b2   at time   62830999 ps
inst0 ch0:  C_CMD: RDCMD     C_r = 0x015   at time   62831413 ps
inst0 ch0:  C_CMD: RDCMD     C_f = 0x02a   at time   62831827 ps
inst0 ch0:  C_CMD: WRCMD     C_r = 0x011   at time   62833897 ps
inst0 ch0:  C_CMD: WRCMD     C_f = 0x0a0   at time   62834311 ps
inst0 ch0:  C_CMD: RDCMD     C_r = 0x015   at time   62834725 ps
inst0 ch0:  C_CMD: RDCMD     C_f = 0x020   at time   62835139 ps
inst0 ch0:  C_CMD: WRCMD     C_r = 0x019   at time   62837209 ps
inst0 ch0:  C_CMD: WRCMD     C_f = 0x0a2   at time   62837623 ps
inst0 ch0:  C_CMD: RDCMD     C_r = 0x01d   at time   62838037 ps
inst0 ch0:  C_CMD: RDCMD     C_f = 0x022   at time   62838451 ps
inst0 ch0:  R_CMD: ACTCMD    R_r0= 0x0a    at time   62872813 ps
inst0 ch0:  R_CMD: ACTCMD    R_f0= 0x00    at time   62873227 ps
inst0 ch0:  R_CMD: ACTCMD    R_r1= 0x00    at time   62873641 ps
inst0 ch0:  R_CMD: ACTCMD    R_f1= 0x00    at time   62874055 ps
inst0 ch0:  C_CMD: WRCMD     C_r = 0x011   at time   62883577 ps
inst0 ch0:  C_CMD: WRCMD     C_f = 0x038   at time   62883991 ps
inst0 ch0:  C_CMD: WRCMD     C_r = 0x011   at time   62886889 ps
inst0 ch0:  C_CMD: WRCMD     C_f = 0x03a   at time   62887303 ps
inst0 ch0:  C_CMD: WRCMD     C_r = 0x011   at time   62890201 ps
inst0 ch0:  C_CMD: WRCMD     C_f = 0x028   at time   62890615 ps
inst0 ch0:  C_CMD: WRCMD     C_r = 0x011   at time   62893513 ps
inst0 ch0:  C_CMD: WRCMD     C_f = 0x02a   at time   62893927 ps
inst0 ch0:  C_CMD: WRCMD     C_r = 0x011   at time   62896825 ps
inst0 ch0:  C_CMD: WRCMD     C_f = 0x030   at time   62897239 ps
inst0 ch0:  C_CMD: WRCMD     C_r = 0x011   at time   62900137 ps
inst0 ch0:  C_CMD: WRCMD     C_f = 0x032   at time   62900551 ps
inst0 ch0:  C_CMD: WRCMD     C_r = 0x011   at time   62903449 ps
inst0 ch0:  C_CMD: WRCMD     C_f = 0x020   at time   62903863 ps
inst0 ch0:  C_CMD: WRCMD     C_r = 0x019   at time   62906761 ps
inst0 ch0:  C_CMD: WRCMD     C_f = 0x022   at time   62907175 ps
inst0 ch0:  R_CMD: ACTCMD    R_r0= 0x02    at time   63577441 ps
inst0 ch0:  R_CMD: ACTCMD    R_f0= 0x1b    at time   63577855 ps
inst0 ch0:  R_CMD: ACTCMD    R_r1= 0x3f    at time   63578269 ps
inst0 ch0:  R_CMD: ACTCMD    R_f1= 0x3b    at time   63578683 ps
inst0 ch0:  C_CMD: RDCMD     C_r = 0x005   at time   63592345 ps
inst0 ch0:  C_CMD: RDCMD     C_f = 0x080   at time   63592759 ps
inst0 ch0:  C_CMD: RDCMD     C_r = 0x00d   at time   63595657 ps
inst0 ch0:  C_CMD: RDCMD     C_f = 0x082   at time   63596071 ps
inst0 ch0:  R_CMD: ACTCMD    R_r0= 0x02    at time   63650305 ps
inst0 ch0:  R_CMD: ACTCMD    R_f0= 0x1b    at time   63650719 ps
inst0 ch0:  R_CMD: ACTCMD    R_r1= 0x3f    at time   63651133 ps
inst0 ch0:  R_CMD: ACTCMD    R_f1= 0x3b    at time   63651547 ps
inst0 ch0:  C_CMD: WRCMD     C_r = 0x001   at time   63661069 ps
inst0 ch0:  C_CMD: WRCMD     C_f = 0x080   at time   63661483 ps
inst0 ch0:  C_CMD: WRCMD     C_r = 0x009   at time   63664381 ps
inst0 ch0:  C_CMD: WRCMD     C_f = 0x082   at time   63664795 ps
inst0 ch0:  R_CMD: ACTCMD    R_r0= 0x02    at time   63695845 ps
inst0 ch0:  R_CMD: ACTCMD    R_f0= 0x13    at time   63696259 ps
inst0 ch0:  R_CMD: ACTCMD    R_r1= 0x3f    at time   63696673 ps
inst0 ch0:  R_CMD: ACTCMD    R_f1= 0x3b    at time   63697087 ps
inst0 ch0:  C_CMD: RDCMD     C_r = 0x005   at time   63710749 ps
inst0 ch0:  C_CMD: RDCMD     C_f = 0x000   at time   63711163 ps
inst0 ch0:  C_CMD: RDCMD     C_r = 0x00d   at time   63714061 ps
inst0 ch0:  C_CMD: RDCMD     C_f = 0x002   at time   63714475 ps
inst0 ch0:  R_CMD: ACTCMD    R_r0= 0x02    at time   63791065 ps
inst0 ch0:  R_CMD: ACTCMD    R_f0= 0x1b    at time   63791479 ps
inst0 ch0:  R_CMD: ACTCMD    R_r1= 0x3f    at time   63791893 ps
inst0 ch0:  R_CMD: ACTCMD    R_f1= 0x3b    at time   63792307 ps
inst0 ch0:  C_CMD: RDCMD     C_r = 0x005   at time   63805969 ps
inst0 ch0:  C_CMD: RDCMD     C_f = 0x080   at time   63806383 ps
inst0 ch0:  C_CMD: RDCMD     C_r = 0x00d   at time   63809281 ps
inst0 ch0:  C_CMD: RDCMD     C_f = 0x082   at time   63809695 ps
inst0 ch0:  R_CMD: ACTCMD    R_r0= 0x02    at time   63922717 ps
inst0 ch0:  R_CMD: ACTCMD    R_f0= 0x13    at time   63923131 ps
inst0 ch0:  R_CMD: ACTCMD    R_r1= 0x3f    at time   63923545 ps
inst0 ch0:  R_CMD: ACTCMD    R_f1= 0x3b    at time   63923959 ps
inst0 ch0:  C_CMD: WRCMD     C_r = 0x001   at time   63933481 ps
inst0 ch0:  C_CMD: WRCMD     C_f = 0x000   at time   63933895 ps
inst0 ch0:  C_CMD: WRCMD     C_r = 0x009   at time   63936793 ps
inst0 ch0:  C_CMD: WRCMD     C_f = 0x002   at time   63937207 ps
inst0 ch0:  R_CMD: ACTCMD    R_r0= 0x02    at time   63956665 ps
inst0 ch0:  R_CMD: ACTCMD    R_f0= 0x1b    at time   63957079 ps
inst0 ch0:  R_CMD: ACTCMD    R_r1= 0x3f    at time   63957493 ps
inst0 ch0:  R_CMD: ACTCMD    R_f1= 0x3b    at time   63957907 ps
inst0 ch0:  C_CMD: WRCMD     C_r = 0x001   at time   63967429 ps
inst0 ch0:  C_CMD: WRCMD     C_f = 0x080   at time   63967843 ps
inst0 ch0:  C_CMD: WRCMD     C_r = 0x009   at time   63970741 ps
inst0 ch0:  C_CMD: WRCMD     C_f = 0x082   at time   63971155 ps
inst0 ch0:  R_CMD: ACTCMD    R_r0= 0x02    at time   64076725 ps
inst0 ch0:  R_CMD: ACTCMD    R_f0= 0x13    at time   64077139 ps
inst0 ch0:  R_CMD: ACTCMD    R_r1= 0x3f    at time   64077553 ps
inst0 ch0:  R_CMD: ACTCMD    R_f1= 0x3b    at time   64077967 ps
inst0 ch0:  C_CMD: RDCMD     C_r = 0x005   at time   64091629 ps
inst0 ch0:  C_CMD: RDCMD     C_f = 0x000   at time   64092043 ps
inst0 ch0:  C_CMD: RDCMD     C_r = 0x00d   at time   64094941 ps
inst0 ch0:  C_CMD: RDCMD     C_f = 0x002   at time   64095355 ps
inst0 ch0:  R_CMD: ACTCMD    R_r0= 0x02    at time   64149589 ps
inst0 ch0:  R_CMD: ACTCMD    R_f0= 0x13    at time   64150003 ps
inst0 ch0:  R_CMD: ACTCMD    R_r1= 0x3f    at time   64150417 ps
inst0 ch0:  R_CMD: ACTCMD    R_f1= 0x3b    at time   64150831 ps
inst0 ch0:  C_CMD: WRCMD     C_r = 0x001   at time   64160353 ps
inst0 ch0:  C_CMD: WRCMD     C_f = 0x000   at time   64160767 ps
inst0 ch0:  C_CMD: WRCMD     C_r = 0x009   at time   64163665 ps
inst0 ch0:  C_CMD: WRCMD     C_f = 0x002   at time   64164079 ps
inst0 ch0:  R_CMD: ACTCMD    R_r0= 0x0a    at time   64501489 ps
inst0 ch0:  R_CMD: ACTCMD    R_f0= 0x19    at time   64501903 ps
inst0 ch0:  R_CMD: ACTCMD    R_r1= 0x3f    at time   64502317 ps
inst0 ch0:  R_CMD: ACTCMD    R_f1= 0x3b    at time   64502731 ps
inst0 ch0:  R_CMD: ACTCMD    R_r0= 0x02    at time   64505629 ps
inst0 ch0:  R_CMD: ACTCMD    R_f0= 0x19    at time   64506043 ps
inst0 ch0:  R_CMD: ACTCMD    R_r1= 0x3f    at time   64506457 ps
inst0 ch0:  R_CMD: ACTCMD    R_f1= 0x3b    at time   64506871 ps
inst0 ch0:  C_CMD: RDCMD     C_r = 0x015   at time   64516393 ps
inst0 ch0:  C_CMD: RDCMD     C_f = 0x0f8   at time   64516807 ps
inst0 ch0:  C_CMD: RDCMD     C_r = 0x01d   at time   64519705 ps
inst0 ch0:  C_CMD: RDCMD     C_f = 0x0fa   at time   64520119 ps
inst0 ch0:  C_CMD: RDCMD     C_r = 0x005   at time   64523017 ps
inst0 ch0:  C_CMD: RDCMD     C_f = 0x0f8   at time   64523431 ps
inst0 ch0:  R_CMD: ACTCMD    R_r0= 0x0a    at time   64523845 ps
inst0 ch0:  R_CMD: ACTCMD    R_f0= 0x11    at time   64524259 ps
inst0 ch0:  R_CMD: ACTCMD    R_r1= 0x3f    at time   64524673 ps
inst0 ch0:  R_CMD: ACTCMD    R_f1= 0x3b    at time   64525087 ps
inst0 ch0:  C_CMD: RDCMD     C_r = 0x00d   at time   64526329 ps
inst0 ch0:  C_CMD: RDCMD     C_f = 0x0fa   at time   64526743 ps
inst0 ch0:  R_CMD: ACTCMD    R_r0= 0x02    at time   64527985 ps
inst0 ch0:  R_CMD: ACTCMD    R_f0= 0x11    at time   64528399 ps
inst0 ch0:  R_CMD: ACTCMD    R_r1= 0x3f    at time   64528813 ps
inst0 ch0:  R_CMD: ACTCMD    R_f1= 0x3b    at time   64529227 ps
inst0 ch0:  C_CMD: RDCMD     C_r = 0x015   at time   64538749 ps
inst0 ch0:  C_CMD: RDCMD     C_f = 0x078   at time   64539163 ps
inst0 ch0:  C_CMD: RDCMD     C_r = 0x01d   at time   64542061 ps
inst0 ch0:  C_CMD: RDCMD     C_f = 0x07a   at time   64542475 ps
inst0 ch0:  C_CMD: RDCMD     C_r = 0x005   at time   64545373 ps
inst0 ch0:  C_CMD: RDCMD     C_f = 0x078   at time   64545787 ps
inst0 ch0:  C_CMD: RDCMD     C_r = 0x00d   at time   64548685 ps
inst0 ch0:  C_CMD: RDCMD     C_f = 0x07a   at time   64549099 ps
inst0 ch0:  R_CMD: ACTCMD    R_r0= 0x0a    at time   64571869 ps
inst0 ch0:  R_CMD: ACTCMD    R_f0= 0x19    at time   64572283 ps
inst0 ch0:  R_CMD: ACTCMD    R_r1= 0x3f    at time   64572697 ps
inst0 ch0:  R_CMD: ACTCMD    R_f1= 0x3b    at time   64573111 ps
inst0 ch0:  R_CMD: ACTCMD    R_r0= 0x02    at time   64578493 ps
inst0 ch0:  R_CMD: ACTCMD    R_f0= 0x19    at time   64578907 ps
inst0 ch0:  R_CMD: ACTCMD    R_r1= 0x3f    at time   64579321 ps
inst0 ch0:  R_CMD: ACTCMD    R_f1= 0x3b    at time   64579735 ps
inst0 ch0:  C_CMD: WRCMD     C_r = 0x011   at time   64582633 ps
inst0 ch0:  C_CMD: WRCMD     C_f = 0x0f8   at time   64583047 ps
inst0 ch0:  C_CMD: WRCMD     C_r = 0x019   at time   64585945 ps
inst0 ch0:  C_CMD: WRCMD     C_f = 0x0fa   at time   64586359 ps
inst0 ch0:  C_CMD: WRCMD     C_r = 0x001   at time   64589257 ps
inst0 ch0:  C_CMD: WRCMD     C_f = 0x0f8   at time   64589671 ps
inst0 ch0:  C_CMD: WRCMD     C_r = 0x009   at time   64592569 ps
inst0 ch0:  C_CMD: WRCMD     C_f = 0x0fa   at time   64592983 ps
inst0 ch0:  R_CMD: ACTCMD    R_r0= 0x0a    at time   64595053 ps
inst0 ch0:  R_CMD: ACTCMD    R_f0= 0x11    at time   64595467 ps
inst0 ch0:  R_CMD: ACTCMD    R_r1= 0x3f    at time   64595881 ps
inst0 ch0:  R_CMD: ACTCMD    R_f1= 0x3b    at time   64596295 ps
inst0 ch0:  R_CMD: ACTCMD    R_r0= 0x02    at time   64601677 ps
inst0 ch0:  R_CMD: ACTCMD    R_f0= 0x11    at time   64602091 ps
inst0 ch0:  R_CMD: ACTCMD    R_r1= 0x3f    at time   64602505 ps
inst0 ch0:  R_CMD: ACTCMD    R_f1= 0x3b    at time   64602919 ps
inst0 ch0:  C_CMD: WRCMD     C_r = 0x011   at time   64605817 ps
inst0 ch0:  C_CMD: WRCMD     C_f = 0x078   at time   64606231 ps
inst0 ch0:  C_CMD: WRCMD     C_r = 0x019   at time   64609129 ps
inst0 ch0:  C_CMD: WRCMD     C_f = 0x07a   at time   64609543 ps
inst0 ch0:  C_CMD: WRCMD     C_r = 0x001   at time   64612441 ps
inst0 ch0:  C_CMD: WRCMD     C_f = 0x078   at time   64612855 ps
inst0 ch0:  C_CMD: WRCMD     C_r = 0x009   at time   64615753 ps
inst0 ch0:  C_CMD: WRCMD     C_f = 0x07a   at time   64616167 ps
inst0 ch0:  R_CMD: ACTCMD    R_r0= 0x0a    at time   65046313 ps
inst0 ch0:  R_CMD: ACTCMD    R_f0= 0x02    at time   65046727 ps
inst0 ch0:  R_CMD: ACTCMD    R_r1= 0x00    at time   65047141 ps
inst0 ch0:  R_CMD: ACTCMD    R_f1= 0x00    at time   65047555 ps
inst0 ch0:  R_CMD: ACTCMD    R_r0= 0x02    at time   65050453 ps
inst0 ch0:  R_CMD: ACTCMD    R_f0= 0x02    at time   65050867 ps
inst0 ch0:  R_CMD: ACTCMD    R_r1= 0x00    at time   65051281 ps
inst0 ch0:  R_CMD: ACTCMD    R_f1= 0x00    at time   65051695 ps
inst0 ch0:  C_CMD: RDCMD     C_r = 0x015   at time   65061217 ps
inst0 ch0:  C_CMD: RDCMD     C_f = 0x000   at time   65061631 ps
inst0 ch0:  C_CMD: RDCMD     C_r = 0x01d   at time   65064529 ps
inst0 ch0:  C_CMD: RDCMD     C_f = 0x002   at time   65064943 ps
inst0 ch0:  C_CMD: RDCMD     C_r = 0x005   at time   65067841 ps
inst0 ch0:  C_CMD: RDCMD     C_f = 0x000   at time   65068255 ps
inst0 ch0:  C_CMD: RDCMD     C_r = 0x00d   at time   65071153 ps
inst0 ch0:  C_CMD: RDCMD     C_f = 0x002   at time   65071567 ps
inst0 ch0:  R_CMD: ACTCMD    R_r0= 0x0a    at time   65338597 ps
inst0 ch0:  R_CMD: ACTCMD    R_f0= 0x0a    at time   65339011 ps
inst0 ch0:  R_CMD: ACTCMD    R_r1= 0x00    at time   65339425 ps
inst0 ch0:  R_CMD: ACTCMD    R_f1= 0x00    at time   65339839 ps
inst0 ch0:  R_CMD: ACTCMD    R_r0= 0x02    at time   65342737 ps
inst0 ch0:  R_CMD: ACTCMD    R_f0= 0x0a    at time   65343151 ps
inst0 ch0:  R_CMD: ACTCMD    R_r1= 0x00    at time   65343565 ps
inst0 ch0:  R_CMD: ACTCMD    R_f1= 0x00    at time   65343979 ps
inst0 ch0:  C_CMD: RDCMD     C_r = 0x015   at time   65353501 ps
inst0 ch0:  C_CMD: RDCMD     C_f = 0x080   at time   65353915 ps
inst0 ch0:  C_CMD: RDCMD     C_r = 0x01d   at time   65356813 ps
inst0 ch0:  C_CMD: RDCMD     C_f = 0x082   at time   65357227 ps
inst0 ch0:  C_CMD: RDCMD     C_r = 0x005   at time   65360125 ps
inst0 ch0:  C_CMD: RDCMD     C_f = 0x080   at time   65360539 ps
inst0 ch0:  C_CMD: RDCMD     C_r = 0x00d   at time   65363437 ps
inst0 ch0:  C_CMD: RDCMD     C_f = 0x082   at time   65363851 ps
