inst0 ch0:  R_CMD: ACTCMD    R_r0= 0x0e    at time   33400981 ps
inst0 ch0:  R_CMD: ACTCMD    R_f0= 0x28    at time   33401395 ps
inst0 ch0:  R_CMD: ACTCMD    R_r1= 0x00    at time   33401809 ps
inst0 ch0:  R_CMD: ACTCMD    R_f1= 0x02    at time   33402223 ps
inst0 ch0:  R_CMD: ACTCMD    R_r0= 0x0e    at time   33402637 ps
inst0 ch0:  R_CMD: ACTCMD    R_f0= 0x20    at time   33403051 ps
inst0 ch0:  R_CMD: ACTCMD    R_r1= 0x00    at time   33403465 ps
inst0 ch0:  R_CMD: ACTCMD    R_f1= 0x02    at time   33403879 ps
inst0 ch0:  C_CMD: WRCMD     C_r = 0x091   at time   33411745 ps
inst0 ch0:  C_CMD: WRCMD     C_f = 0x0a9   at time   33412159 ps
inst0 ch0:  C_CMD: WRCMD     C_r = 0x091   at time   33413401 ps
inst0 ch0:  C_CMD: WRCMD     C_f = 0x029   at time   33413815 ps
inst0 ch0:  C_CMD: WRCMD     C_r = 0x091   at time   33415057 ps
inst0 ch0:  C_CMD: WRCMD     C_f = 0x0ab   at time   33415471 ps
inst0 ch0:  C_CMD: WRCMD     C_r = 0x091   at time   33416713 ps
inst0 ch0:  C_CMD: WRCMD     C_f = 0x02b   at time   33417127 ps
inst0 ch0:  C_CMD: WRCMD     C_r = 0x091   at time   33418369 ps
inst0 ch0:  C_CMD: WRCMD     C_f = 0x0a1   at time   33418783 ps
inst0 ch0:  C_CMD: WRCMD     C_r = 0x091   at time   33420025 ps
inst0 ch0:  C_CMD: WRCMD     C_f = 0x021   at time   33420439 ps
inst0 ch0:  C_CMD: WRCMD     C_r = 0x099   at time   33421681 ps
inst0 ch0:  C_CMD: WRCMD     C_f = 0x0a3   at time   33422095 ps
inst0 ch0:  C_CMD: WRCMD     C_r = 0x099   at time   33423337 ps
inst0 ch0:  C_CMD: WRCMD     C_f = 0x023   at time   33423751 ps
inst0 ch0:  R_CMD: ACTCMD    R_r0= 0x26    at time   37623781 ps
inst0 ch0:  R_CMD: ACTCMD    R_f0= 0x28    at time   37624195 ps
inst0 ch0:  R_CMD: ACTCMD    R_r1= 0x00    at time   37624609 ps
inst0 ch0:  R_CMD: ACTCMD    R_f1= 0x02    at time   37625023 ps
inst0 ch0:  R_CMD: ACTCMD    R_r0= 0x26    at time   37626265 ps
inst0 ch0:  R_CMD: ACTCMD    R_f0= 0x20    at time   37626679 ps
inst0 ch0:  R_CMD: ACTCMD    R_r1= 0x00    at time   37627093 ps
inst0 ch0:  R_CMD: ACTCMD    R_f1= 0x02    at time   37627507 ps
inst0 ch0:  C_CMD: WRCMD     C_r = 0x0c1   at time   37634545 ps
inst0 ch0:  C_CMD: WRCMD     C_f = 0x0a9   at time   37634959 ps
inst0 ch0:  C_CMD: WRCMD     C_r = 0x0c1   at time   37637029 ps
inst0 ch0:  C_CMD: WRCMD     C_f = 0x029   at time   37637443 ps
inst0 ch0:  C_CMD: WRCMD     C_r = 0x0c1   at time   37637857 ps
inst0 ch0:  C_CMD: WRCMD     C_f = 0x0ab   at time   37638271 ps
inst0 ch0:  C_CMD: WRCMD     C_r = 0x0c1   at time   37640341 ps
inst0 ch0:  C_CMD: WRCMD     C_f = 0x02b   at time   37640755 ps
inst0 ch0:  C_CMD: WRCMD     C_r = 0x0c1   at time   37641169 ps
inst0 ch0:  C_CMD: WRCMD     C_f = 0x0a1   at time   37641583 ps
inst0 ch0:  C_CMD: WRCMD     C_r = 0x0c1   at time   37643653 ps
inst0 ch0:  C_CMD: WRCMD     C_f = 0x021   at time   37644067 ps
inst0 ch0:  C_CMD: WRCMD     C_r = 0x0c9   at time   37644481 ps
inst0 ch0:  C_CMD: WRCMD     C_f = 0x0a3   at time   37644895 ps
inst0 ch0:  C_CMD: WRCMD     C_r = 0x0c9   at time   37646965 ps
inst0 ch0:  C_CMD: WRCMD     C_f = 0x023   at time   37647379 ps
inst0 ch0:  R_CMD: ACTCMD    R_r0= 0x22    at time   54895033 ps
inst0 ch0:  R_CMD: ACTCMD    R_f0= 0x2a    at time   54895447 ps
inst0 ch0:  R_CMD: ACTCMD    R_r1= 0x00    at time   54895861 ps
inst0 ch0:  R_CMD: ACTCMD    R_f1= 0x00    at time   54896275 ps
inst0 ch0:  R_CMD: ACTCMD    R_r0= 0x02    at time   54899173 ps
inst0 ch0:  R_CMD: ACTCMD    R_f0= 0x2a    at time   54899587 ps
inst0 ch0:  R_CMD: ACTCMD    R_r1= 0x00    at time   54900001 ps
inst0 ch0:  R_CMD: ACTCMD    R_f1= 0x00    at time   54900415 ps
inst0 ch0:  R_CMD: ACTCMD    R_r0= 0x22    at time   54900829 ps
inst0 ch0:  R_CMD: ACTCMD    R_f0= 0x22    at time   54901243 ps
inst0 ch0:  R_CMD: ACTCMD    R_r1= 0x00    at time   54901657 ps
inst0 ch0:  R_CMD: ACTCMD    R_f1= 0x00    at time   54902071 ps
inst0 ch0:  R_CMD: ACTCMD    R_r0= 0x22    at time   54903313 ps
inst0 ch0:  R_CMD: ACTCMD    R_f0= 0x0a    at time   54903727 ps
inst0 ch0:  R_CMD: ACTCMD    R_r1= 0x00    at time   54904141 ps
inst0 ch0:  R_CMD: ACTCMD    R_f1= 0x00    at time   54904555 ps
inst0 ch0:  R_CMD: ACTCMD    R_r0= 0x02    at time   54904969 ps
inst0 ch0:  R_CMD: ACTCMD    R_f0= 0x22    at time   54905383 ps
inst0 ch0:  R_CMD: ACTCMD    R_r1= 0x00    at time   54905797 ps
inst0 ch0:  R_CMD: ACTCMD    R_f1= 0x00    at time   54906211 ps
inst0 ch0:  R_CMD: ACTCMD    R_r0= 0x02    at time   54907453 ps
inst0 ch0:  R_CMD: ACTCMD    R_f0= 0x0a    at time   54907867 ps
inst0 ch0:  R_CMD: ACTCMD    R_r1= 0x00    at time   54908281 ps
inst0 ch0:  R_CMD: ACTCMD    R_f1= 0x00    at time   54908695 ps
inst0 ch0:  R_CMD: ACTCMD    R_r0= 0x22    at time   54909109 ps
inst0 ch0:  R_CMD: ACTCMD    R_f0= 0x02    at time   54909523 ps
inst0 ch0:  R_CMD: ACTCMD    R_r1= 0x00    at time   54909937 ps
inst0 ch0:  C_CMD: RDCMD     C_r = 0x0c5   at time   54909937 ps
inst0 ch0:  R_CMD: ACTCMD    R_f1= 0x00    at time   54910351 ps
inst0 ch0:  C_CMD: RDCMD     C_f = 0x080   at time   54910351 ps
inst0 ch0:  R_CMD: ACTCMD    R_r0= 0x02    at time   54913249 ps
inst0 ch0:  C_CMD: RDCMD     C_r = 0x0cd   at time   54913249 ps
inst0 ch0:  R_CMD: ACTCMD    R_f0= 0x02    at time   54913663 ps
inst0 ch0:  C_CMD: RDCMD     C_f = 0x082   at time   54913663 ps
inst0 ch0:  R_CMD: ACTCMD    R_r1= 0x00    at time   54914077 ps
inst0 ch0:  R_CMD: ACTCMD    R_f1= 0x00    at time   54914491 ps
inst0 ch0:  C_CMD: RDCMD     C_r = 0x085   at time   54914905 ps
inst0 ch0:  C_CMD: RDCMD     C_f = 0x080   at time   54915319 ps
inst0 ch0:  C_CMD: RDCMD     C_r = 0x0c5   at time   54915733 ps
inst0 ch0:  C_CMD: RDCMD     C_f = 0x000   at time   54916147 ps
inst0 ch0:  C_CMD: RDCMD     C_r = 0x08d   at time   54918217 ps
inst0 ch0:  C_CMD: RDCMD     C_f = 0x082   at time   54918631 ps
inst0 ch0:  C_CMD: RDCMD     C_r = 0x0cd   at time   54919045 ps
inst0 ch0:  C_CMD: RDCMD     C_f = 0x002   at time   54919459 ps
inst0 ch0:  C_CMD: RDCMD     C_r = 0x045   at time   54919873 ps
inst0 ch0:  C_CMD: RDCMD     C_f = 0x080   at time   54920287 ps
inst0 ch0:  C_CMD: RDCMD     C_r = 0x085   at time   54920701 ps
inst0 ch0:  C_CMD: RDCMD     C_f = 0x000   at time   54921115 ps
inst0 ch0:  C_CMD: RDCMD     C_r = 0x005   at time   54922357 ps
inst0 ch0:  C_CMD: RDCMD     C_f = 0x080   at time   54922771 ps
inst0 ch0:  C_CMD: RDCMD     C_r = 0x04d   at time   54924013 ps
inst0 ch0:  C_CMD: RDCMD     C_f = 0x082   at time   54924427 ps
inst0 ch0:  C_CMD: RDCMD     C_r = 0x08d   at time   54924841 ps
inst0 ch0:  C_CMD: RDCMD     C_f = 0x002   at time   54925255 ps
inst0 ch0:  C_CMD: RDCMD     C_r = 0x00d   at time   54925669 ps
inst0 ch0:  C_CMD: RDCMD     C_f = 0x082   at time   54926083 ps
inst0 ch0:  C_CMD: RDCMD     C_r = 0x045   at time   54926497 ps
inst0 ch0:  C_CMD: RDCMD     C_f = 0x000   at time   54926911 ps
inst0 ch0:  C_CMD: RDCMD     C_r = 0x005   at time   54928153 ps
inst0 ch0:  C_CMD: RDCMD     C_f = 0x000   at time   54928567 ps
inst0 ch0:  C_CMD: RDCMD     C_r = 0x04d   at time   54929809 ps
inst0 ch0:  C_CMD: RDCMD     C_f = 0x002   at time   54930223 ps
inst0 ch0:  C_CMD: RDCMD     C_r = 0x00d   at time   54931465 ps
inst0 ch0:  C_CMD: RDCMD     C_f = 0x002   at time   54931879 ps
inst0 ch0:  R_CMD: ACTCMD    R_r0= 0x2a    at time   55530937 ps
inst0 ch0:  R_CMD: ACTCMD    R_f0= 0x2a    at time   55531351 ps
inst0 ch0:  R_CMD: ACTCMD    R_r1= 0x00    at time   55531765 ps
inst0 ch0:  R_CMD: ACTCMD    R_f1= 0x00    at time   55532179 ps
inst0 ch0:  R_CMD: ACTCMD    R_r0= 0x0a    at time   55535077 ps
inst0 ch0:  R_CMD: ACTCMD    R_f0= 0x2a    at time   55535491 ps
inst0 ch0:  R_CMD: ACTCMD    R_r1= 0x00    at time   55535905 ps
inst0 ch0:  R_CMD: ACTCMD    R_f1= 0x00    at time   55536319 ps
inst0 ch0:  R_CMD: ACTCMD    R_r0= 0x2a    at time   55539217 ps
inst0 ch0:  R_CMD: ACTCMD    R_f0= 0x0a    at time   55539631 ps
inst0 ch0:  R_CMD: ACTCMD    R_r1= 0x00    at time   55540045 ps
inst0 ch0:  R_CMD: ACTCMD    R_f1= 0x00    at time   55540459 ps
inst0 ch0:  R_CMD: ACTCMD    R_r0= 0x0a    at time   55543357 ps
inst0 ch0:  R_CMD: ACTCMD    R_f0= 0x0a    at time   55543771 ps
inst0 ch0:  R_CMD: ACTCMD    R_r1= 0x00    at time   55544185 ps
inst0 ch0:  R_CMD: ACTCMD    R_f1= 0x00    at time   55544599 ps
inst0 ch0:  C_CMD: RDCMD     C_r = 0x0d5   at time   55545841 ps
inst0 ch0:  C_CMD: RDCMD     C_f = 0x080   at time   55546255 ps
inst0 ch0:  C_CMD: RDCMD     C_r = 0x0dd   at time   55549153 ps
inst0 ch0:  C_CMD: RDCMD     C_f = 0x082   at time   55549567 ps
inst0 ch0:  C_CMD: RDCMD     C_r = 0x095   at time   55550809 ps
inst0 ch0:  C_CMD: RDCMD     C_f = 0x080   at time   55551223 ps
inst0 ch0:  C_CMD: RDCMD     C_r = 0x09d   at time   55554121 ps
inst0 ch0:  C_CMD: RDCMD     C_f = 0x082   at time   55554535 ps
inst0 ch0:  C_CMD: RDCMD     C_r = 0x055   at time   55555777 ps
inst0 ch0:  C_CMD: RDCMD     C_f = 0x080   at time   55556191 ps
inst0 ch0:  C_CMD: RDCMD     C_r = 0x015   at time   55558261 ps
inst0 ch0:  C_CMD: RDCMD     C_f = 0x080   at time   55558675 ps
inst0 ch0:  C_CMD: RDCMD     C_r = 0x05d   at time   55559917 ps
inst0 ch0:  C_CMD: RDCMD     C_f = 0x082   at time   55560331 ps
inst0 ch0:  C_CMD: RDCMD     C_r = 0x01d   at time   55561573 ps
inst0 ch0:  C_CMD: RDCMD     C_f = 0x082   at time   55561987 ps
inst0 ch0:  R_CMD: ACTCMD    R_r0= 0x2a    at time   55756153 ps
inst0 ch0:  R_CMD: ACTCMD    R_f0= 0x22    at time   55756567 ps
inst0 ch0:  R_CMD: ACTCMD    R_r1= 0x00    at time   55756981 ps
inst0 ch0:  R_CMD: ACTCMD    R_f1= 0x00    at time   55757395 ps
inst0 ch0:  R_CMD: ACTCMD    R_r0= 0x0a    at time   55760293 ps
inst0 ch0:  R_CMD: ACTCMD    R_f0= 0x22    at time   55760707 ps
inst0 ch0:  R_CMD: ACTCMD    R_r1= 0x00    at time   55761121 ps
inst0 ch0:  R_CMD: ACTCMD    R_f1= 0x00    at time   55761535 ps
inst0 ch0:  R_CMD: ACTCMD    R_r0= 0x2a    at time   55764433 ps
inst0 ch0:  R_CMD: ACTCMD    R_f0= 0x02    at time   55764847 ps
inst0 ch0:  R_CMD: ACTCMD    R_r1= 0x00    at time   55765261 ps
inst0 ch0:  R_CMD: ACTCMD    R_f1= 0x00    at time   55765675 ps
inst0 ch0:  R_CMD: ACTCMD    R_r0= 0x0a    at time   55768573 ps
inst0 ch0:  R_CMD: ACTCMD    R_f0= 0x02    at time   55768987 ps
inst0 ch0:  R_CMD: ACTCMD    R_r1= 0x00    at time   55769401 ps
inst0 ch0:  R_CMD: ACTCMD    R_f1= 0x00    at time   55769815 ps
inst0 ch0:  C_CMD: RDCMD     C_r = 0x0d5   at time   55771057 ps
inst0 ch0:  C_CMD: RDCMD     C_f = 0x000   at time   55771471 ps
inst0 ch0:  R_CMD: ACTCMD    R_r0= 0x32    at time   55772713 ps
inst0 ch0:  R_CMD: ACTCMD    R_f0= 0x2a    at time   55773127 ps
inst0 ch0:  R_CMD: ACTCMD    R_r1= 0x00    at time   55773541 ps
inst0 ch0:  R_CMD: ACTCMD    R_f1= 0x00    at time   55773955 ps
inst0 ch0:  C_CMD: RDCMD     C_r = 0x0dd   at time   55774369 ps
inst0 ch0:  C_CMD: RDCMD     C_f = 0x002   at time   55774783 ps
inst0 ch0:  C_CMD: RDCMD     C_r = 0x095   at time   55776025 ps
inst0 ch0:  C_CMD: RDCMD     C_f = 0x000   at time   55776439 ps
inst0 ch0:  R_CMD: ACTCMD    R_r0= 0x12    at time   55776853 ps
inst0 ch0:  R_CMD: ACTCMD    R_f0= 0x2a    at time   55777267 ps
inst0 ch0:  R_CMD: ACTCMD    R_r1= 0x00    at time   55777681 ps
inst0 ch0:  R_CMD: ACTCMD    R_f1= 0x00    at time   55778095 ps
inst0 ch0:  C_CMD: RDCMD     C_r = 0x09d   at time   55779337 ps
inst0 ch0:  C_CMD: RDCMD     C_f = 0x002   at time   55779751 ps
inst0 ch0:  R_CMD: ACTCMD    R_r0= 0x32    at time   55780993 ps
inst0 ch0:  C_CMD: RDCMD     C_r = 0x055   at time   55780993 ps
inst0 ch0:  R_CMD: ACTCMD    R_f0= 0x0a    at time   55781407 ps
inst0 ch0:  C_CMD: RDCMD     C_f = 0x000   at time   55781407 ps
inst0 ch0:  R_CMD: ACTCMD    R_r1= 0x00    at time   55781821 ps
inst0 ch0:  R_CMD: ACTCMD    R_f1= 0x00    at time   55782235 ps
inst0 ch0:  C_CMD: RDCMD     C_r = 0x015   at time   55783477 ps
inst0 ch0:  C_CMD: RDCMD     C_f = 0x000   at time   55783891 ps
inst0 ch0:  R_CMD: ACTCMD    R_r0= 0x12    at time   55785133 ps
inst0 ch0:  C_CMD: RDCMD     C_r = 0x05d   at time   55785133 ps
inst0 ch0:  R_CMD: ACTCMD    R_f0= 0x0a    at time   55785547 ps
inst0 ch0:  C_CMD: RDCMD     C_f = 0x002   at time   55785547 ps
inst0 ch0:  R_CMD: ACTCMD    R_r1= 0x00    at time   55785961 ps
inst0 ch0:  R_CMD: ACTCMD    R_f1= 0x00    at time   55786375 ps
inst0 ch0:  C_CMD: RDCMD     C_r = 0x01d   at time   55786789 ps
inst0 ch0:  C_CMD: RDCMD     C_f = 0x002   at time   55787203 ps
inst0 ch0:  C_CMD: RDCMD     C_r = 0x0e5   at time   55787617 ps
inst0 ch0:  C_CMD: RDCMD     C_f = 0x080   at time   55788031 ps
inst0 ch0:  C_CMD: RDCMD     C_r = 0x0ed   at time   55790929 ps
inst0 ch0:  C_CMD: RDCMD     C_f = 0x082   at time   55791343 ps
inst0 ch0:  C_CMD: RDCMD     C_r = 0x0a5   at time   55792585 ps
inst0 ch0:  C_CMD: RDCMD     C_f = 0x080   at time   55792999 ps
inst0 ch0:  C_CMD: RDCMD     C_r = 0x0ad   at time   55795897 ps
inst0 ch0:  C_CMD: RDCMD     C_f = 0x082   at time   55796311 ps
inst0 ch0:  C_CMD: RDCMD     C_r = 0x065   at time   55797553 ps
inst0 ch0:  C_CMD: RDCMD     C_f = 0x080   at time   55797967 ps
inst0 ch0:  C_CMD: RDCMD     C_r = 0x025   at time   55800037 ps
inst0 ch0:  C_CMD: RDCMD     C_f = 0x080   at time   55800451 ps
inst0 ch0:  C_CMD: RDCMD     C_r = 0x06d   at time   55801693 ps
inst0 ch0:  C_CMD: RDCMD     C_f = 0x082   at time   55802107 ps
inst0 ch0:  C_CMD: RDCMD     C_r = 0x02d   at time   55803349 ps
inst0 ch0:  C_CMD: RDCMD     C_f = 0x082   at time   55803763 ps
inst0 ch0:  R_CMD: ACTCMD    R_r0= 0x32    at time   56112193 ps
inst0 ch0:  R_CMD: ACTCMD    R_f0= 0x22    at time   56112607 ps
inst0 ch0:  R_CMD: ACTCMD    R_r1= 0x00    at time   56113021 ps
inst0 ch0:  R_CMD: ACTCMD    R_f1= 0x00    at time   56113435 ps
inst0 ch0:  R_CMD: ACTCMD    R_r0= 0x12    at time   56116333 ps
inst0 ch0:  R_CMD: ACTCMD    R_f0= 0x22    at time   56116747 ps
inst0 ch0:  R_CMD: ACTCMD    R_r1= 0x00    at time   56117161 ps
inst0 ch0:  R_CMD: ACTCMD    R_f1= 0x00    at time   56117575 ps
inst0 ch0:  R_CMD: ACTCMD    R_r0= 0x32    at time   56120473 ps
inst0 ch0:  R_CMD: ACTCMD    R_f0= 0x02    at time   56120887 ps
inst0 ch0:  R_CMD: ACTCMD    R_r1= 0x00    at time   56121301 ps
inst0 ch0:  R_CMD: ACTCMD    R_f1= 0x00    at time   56121715 ps
inst0 ch0:  R_CMD: ACTCMD    R_r0= 0x12    at time   56124613 ps
inst0 ch0:  R_CMD: ACTCMD    R_f0= 0x02    at time   56125027 ps
inst0 ch0:  R_CMD: ACTCMD    R_r1= 0x00    at time   56125441 ps
inst0 ch0:  R_CMD: ACTCMD    R_f1= 0x00    at time   56125855 ps
inst0 ch0:  C_CMD: RDCMD     C_r = 0x0e5   at time   56127097 ps
inst0 ch0:  C_CMD: RDCMD     C_f = 0x000   at time   56127511 ps
inst0 ch0:  C_CMD: RDCMD     C_r = 0x0ed   at time   56130409 ps
inst0 ch0:  C_CMD: RDCMD     C_f = 0x002   at time   56130823 ps
inst0 ch0:  C_CMD: RDCMD     C_r = 0x0a5   at time   56132065 ps
inst0 ch0:  C_CMD: RDCMD     C_f = 0x000   at time   56132479 ps
inst0 ch0:  C_CMD: RDCMD     C_r = 0x0ad   at time   56135377 ps
inst0 ch0:  C_CMD: RDCMD     C_f = 0x002   at time   56135791 ps
inst0 ch0:  C_CMD: RDCMD     C_r = 0x065   at time   56137033 ps
inst0 ch0:  C_CMD: RDCMD     C_f = 0x000   at time   56137447 ps
inst0 ch0:  C_CMD: RDCMD     C_r = 0x025   at time   56139517 ps
inst0 ch0:  C_CMD: RDCMD     C_f = 0x000   at time   56139931 ps
inst0 ch0:  C_CMD: RDCMD     C_r = 0x06d   at time   56141173 ps
inst0 ch0:  C_CMD: RDCMD     C_f = 0x002   at time   56141587 ps
inst0 ch0:  C_CMD: RDCMD     C_r = 0x02d   at time   56142829 ps
inst0 ch0:  C_CMD: RDCMD     C_f = 0x002   at time   56143243 ps
inst0 ch0:  R_CMD: ACTCMD    R_r0= 0x3a    at time   56177605 ps
inst0 ch0:  R_CMD: ACTCMD    R_f0= 0x2a    at time   56178019 ps
inst0 ch0:  R_CMD: ACTCMD    R_r1= 0x00    at time   56178433 ps
inst0 ch0:  R_CMD: ACTCMD    R_f1= 0x00    at time   56178847 ps
inst0 ch0:  R_CMD: ACTCMD    R_r0= 0x1a    at time   56181745 ps
inst0 ch0:  R_CMD: ACTCMD    R_f0= 0x2a    at time   56182159 ps
inst0 ch0:  R_CMD: ACTCMD    R_r1= 0x00    at time   56182573 ps
inst0 ch0:  R_CMD: ACTCMD    R_f1= 0x00    at time   56182987 ps
inst0 ch0:  R_CMD: ACTCMD    R_r0= 0x3a    at time   56185885 ps
inst0 ch0:  R_CMD: ACTCMD    R_f0= 0x0a    at time   56186299 ps
inst0 ch0:  R_CMD: ACTCMD    R_r1= 0x00    at time   56186713 ps
inst0 ch0:  R_CMD: ACTCMD    R_f1= 0x00    at time   56187127 ps
inst0 ch0:  R_CMD: ACTCMD    R_r0= 0x1a    at time   56190025 ps
inst0 ch0:  R_CMD: ACTCMD    R_f0= 0x0a    at time   56190439 ps
inst0 ch0:  R_CMD: ACTCMD    R_r1= 0x00    at time   56190853 ps
inst0 ch0:  R_CMD: ACTCMD    R_f1= 0x00    at time   56191267 ps
inst0 ch0:  C_CMD: RDCMD     C_r = 0x0f5   at time   56192509 ps
inst0 ch0:  C_CMD: RDCMD     C_f = 0x080   at time   56192923 ps
inst0 ch0:  C_CMD: RDCMD     C_r = 0x0fd   at time   56195821 ps
inst0 ch0:  C_CMD: RDCMD     C_f = 0x082   at time   56196235 ps
inst0 ch0:  C_CMD: RDCMD     C_r = 0x0b5   at time   56197477 ps
inst0 ch0:  C_CMD: RDCMD     C_f = 0x080   at time   56197891 ps
inst0 ch0:  C_CMD: RDCMD     C_r = 0x0bd   at time   56200789 ps
inst0 ch0:  C_CMD: RDCMD     C_f = 0x082   at time   56201203 ps
inst0 ch0:  C_CMD: RDCMD     C_r = 0x075   at time   56202445 ps
inst0 ch0:  C_CMD: RDCMD     C_f = 0x080   at time   56202859 ps
inst0 ch0:  C_CMD: RDCMD     C_r = 0x035   at time   56204929 ps
inst0 ch0:  C_CMD: RDCMD     C_f = 0x080   at time   56205343 ps
inst0 ch0:  C_CMD: RDCMD     C_r = 0x07d   at time   56206585 ps
inst0 ch0:  C_CMD: RDCMD     C_f = 0x082   at time   56206999 ps
inst0 ch0:  C_CMD: RDCMD     C_r = 0x03d   at time   56208241 ps
inst0 ch0:  C_CMD: RDCMD     C_f = 0x082   at time   56208655 ps
inst0 ch0:  R_CMD: ACTCMD    R_r0= 0x3a    at time   56753065 ps
inst0 ch0:  R_CMD: ACTCMD    R_f0= 0x22    at time   56753479 ps
inst0 ch0:  R_CMD: ACTCMD    R_r1= 0x00    at time   56753893 ps
inst0 ch0:  R_CMD: ACTCMD    R_f1= 0x00    at time   56754307 ps
inst0 ch0:  R_CMD: ACTCMD    R_r0= 0x1a    at time   56757205 ps
inst0 ch0:  R_CMD: ACTCMD    R_f0= 0x22    at time   56757619 ps
inst0 ch0:  R_CMD: ACTCMD    R_r1= 0x00    at time   56758033 ps
inst0 ch0:  R_CMD: ACTCMD    R_f1= 0x00    at time   56758447 ps
inst0 ch0:  R_CMD: ACTCMD    R_r0= 0x3a    at time   56761345 ps
inst0 ch0:  R_CMD: ACTCMD    R_f0= 0x02    at time   56761759 ps
inst0 ch0:  R_CMD: ACTCMD    R_r1= 0x00    at time   56762173 ps
inst0 ch0:  R_CMD: ACTCMD    R_f1= 0x00    at time   56762587 ps
inst0 ch0:  R_CMD: ACTCMD    R_r0= 0x1a    at time   56765485 ps
inst0 ch0:  R_CMD: ACTCMD    R_f0= 0x02    at time   56765899 ps
inst0 ch0:  R_CMD: ACTCMD    R_r1= 0x00    at time   56766313 ps
inst0 ch0:  R_CMD: ACTCMD    R_f1= 0x00    at time   56766727 ps
inst0 ch0:  C_CMD: RDCMD     C_r = 0x0f5   at time   56767969 ps
inst0 ch0:  C_CMD: RDCMD     C_f = 0x000   at time   56768383 ps
inst0 ch0:  C_CMD: RDCMD     C_r = 0x0fd   at time   56771281 ps
inst0 ch0:  C_CMD: RDCMD     C_f = 0x002   at time   56771695 ps
inst0 ch0:  C_CMD: RDCMD     C_r = 0x0b5   at time   56772937 ps
inst0 ch0:  C_CMD: RDCMD     C_f = 0x000   at time   56773351 ps
inst0 ch0:  C_CMD: RDCMD     C_r = 0x0bd   at time   56776249 ps
inst0 ch0:  C_CMD: RDCMD     C_f = 0x002   at time   56776663 ps
inst0 ch0:  C_CMD: RDCMD     C_r = 0x075   at time   56777905 ps
inst0 ch0:  C_CMD: RDCMD     C_f = 0x000   at time   56778319 ps
inst0 ch0:  C_CMD: RDCMD     C_r = 0x035   at time   56780389 ps
inst0 ch0:  C_CMD: RDCMD     C_f = 0x000   at time   56780803 ps
inst0 ch0:  C_CMD: RDCMD     C_r = 0x07d   at time   56782045 ps
inst0 ch0:  C_CMD: RDCMD     C_f = 0x002   at time   56782459 ps
inst0 ch0:  C_CMD: RDCMD     C_r = 0x03d   at time   56783701 ps
inst0 ch0:  C_CMD: RDCMD     C_f = 0x002   at time   56784115 ps
inst0 ch0:  R_CMD: ACTCMD    R_r0= 0x02    at time   56911213 ps
inst0 ch0:  R_CMD: ACTCMD    R_f0= 0x18    at time   56911627 ps
inst0 ch0:  R_CMD: ACTCMD    R_r1= 0x3f    at time   56912041 ps
inst0 ch0:  R_CMD: ACTCMD    R_f1= 0x3b    at time   56912455 ps
inst0 ch0:  C_CMD: WRCMD     C_r = 0x009   at time   56921977 ps
inst0 ch0:  C_CMD: WRCMD     C_f = 0x0fa   at time   56922391 ps
inst0 ch0:  R_CMD: ACTCMD    R_r0= 0x02    at time   57345085 ps
inst0 ch0:  R_CMD: ACTCMD    R_f0= 0x10    at time   57345499 ps
inst0 ch0:  R_CMD: ACTCMD    R_r1= 0x3f    at time   57345913 ps
inst0 ch0:  R_CMD: ACTCMD    R_f1= 0x3b    at time   57346327 ps
inst0 ch0:  C_CMD: WRCMD     C_r = 0x009   at time   57355849 ps
inst0 ch0:  C_CMD: WRCMD     C_f = 0x07a   at time   57356263 ps
inst0 ch0:  R_CMD: ACTCMD    R_r0= 0x0a    at time   57465145 ps
inst0 ch0:  R_CMD: ACTCMD    R_f0= 0x18    at time   57465559 ps
inst0 ch0:  R_CMD: ACTCMD    R_r1= 0x3f    at time   57465973 ps
inst0 ch0:  R_CMD: ACTCMD    R_f1= 0x3b    at time   57466387 ps
inst0 ch0:  C_CMD: WRCMD     C_r = 0x019   at time   57475909 ps
inst0 ch0:  C_CMD: WRCMD     C_f = 0x0fa   at time   57476323 ps
inst0 ch0:  R_CMD: ACTCMD    R_r0= 0x02    at time   57599281 ps
inst0 ch0:  R_CMD: ACTCMD    R_f0= 0x38    at time   57599695 ps
inst0 ch0:  R_CMD: ACTCMD    R_r1= 0x3f    at time   57600109 ps
inst0 ch0:  R_CMD: ACTCMD    R_f1= 0x3b    at time   57600523 ps
inst0 ch0:  C_CMD: WRCMD     C_r = 0x089   at time   57610045 ps
inst0 ch0:  C_CMD: WRCMD     C_f = 0x0fa   at time   57610459 ps
inst0 ch0:  R_CMD: ACTCMD    R_r0= 0x0a    at time   57831121 ps
inst0 ch0:  R_CMD: ACTCMD    R_f0= 0x38    at time   57831535 ps
inst0 ch0:  R_CMD: ACTCMD    R_r1= 0x3f    at time   57831949 ps
inst0 ch0:  R_CMD: ACTCMD    R_f1= 0x3b    at time   57832363 ps
inst0 ch0:  C_CMD: WRCMD     C_r = 0x099   at time   57841885 ps
inst0 ch0:  C_CMD: WRCMD     C_f = 0x0fa   at time   57842299 ps
inst0 ch0:  R_CMD: ACTCMD    R_r0= 0x0a    at time   58253401 ps
inst0 ch0:  R_CMD: ACTCMD    R_f0= 0x10    at time   58253815 ps
inst0 ch0:  R_CMD: ACTCMD    R_r1= 0x3f    at time   58254229 ps
inst0 ch0:  R_CMD: ACTCMD    R_f1= 0x3b    at time   58254643 ps
inst0 ch0:  C_CMD: WRCMD     C_r = 0x019   at time   58264165 ps
inst0 ch0:  C_CMD: WRCMD     C_f = 0x07a   at time   58264579 ps
inst0 ch0:  R_CMD: ACTCMD    R_r0= 0x02    at time   58385053 ps
inst0 ch0:  R_CMD: ACTCMD    R_f0= 0x30    at time   58385467 ps
inst0 ch0:  R_CMD: ACTCMD    R_r1= 0x3f    at time   58385881 ps
inst0 ch0:  R_CMD: ACTCMD    R_f1= 0x3b    at time   58386295 ps
inst0 ch0:  C_CMD: WRCMD     C_r = 0x089   at time   58395817 ps
inst0 ch0:  C_CMD: WRCMD     C_f = 0x07a   at time   58396231 ps
inst0 ch0:  R_CMD: ACTCMD    R_r0= 0x0a    at time   58628485 ps
inst0 ch0:  R_CMD: ACTCMD    R_f0= 0x30    at time   58628899 ps
inst0 ch0:  R_CMD: ACTCMD    R_r1= 0x3f    at time   58629313 ps
inst0 ch0:  R_CMD: ACTCMD    R_f1= 0x3b    at time   58629727 ps
inst0 ch0:  C_CMD: WRCMD     C_r = 0x099   at time   58639249 ps
inst0 ch0:  C_CMD: WRCMD     C_f = 0x07a   at time   58639663 ps
inst0 ch0:  R_CMD: ACTCMD    R_r0= 0x0a    at time   59001085 ps
inst0 ch0:  R_CMD: ACTCMD    R_f0= 0x1b    at time   59001499 ps
inst0 ch0:  R_CMD: ACTCMD    R_r1= 0x3f    at time   59001913 ps
inst0 ch0:  R_CMD: ACTCMD    R_f1= 0x3b    at time   59002327 ps
inst0 ch0:  C_CMD: WRCMD     C_r = 0x019   at time   59011849 ps
inst0 ch0:  C_CMD: WRCMD     C_f = 0x090   at time   59012263 ps
inst0 ch0:  R_CMD: ACTCMD    R_r0= 0x02    at time   59394385 ps
inst0 ch0:  R_CMD: ACTCMD    R_f0= 0x1b    at time   59394799 ps
inst0 ch0:  R_CMD: ACTCMD    R_r1= 0x3f    at time   59395213 ps
inst0 ch0:  R_CMD: ACTCMD    R_f1= 0x3b    at time   59395627 ps
inst0 ch0:  C_CMD: WRCMD     C_r = 0x009   at time   59405149 ps
inst0 ch0:  C_CMD: WRCMD     C_f = 0x080   at time   59405563 ps
inst0 ch0:  R_CMD: ACTCMD    R_r0= 0x0a    at time   59476357 ps
inst0 ch0:  R_CMD: ACTCMD    R_f0= 0x13    at time   59476771 ps
inst0 ch0:  R_CMD: ACTCMD    R_r1= 0x3f    at time   59477185 ps
inst0 ch0:  R_CMD: ACTCMD    R_f1= 0x3b    at time   59477599 ps
inst0 ch0:  C_CMD: WRCMD     C_r = 0x019   at time   59487121 ps
inst0 ch0:  C_CMD: WRCMD     C_f = 0x010   at time   59487535 ps
inst0 ch0:  R_CMD: ACTCMD    R_r0= 0x02    at time   59801761 ps
inst0 ch0:  R_CMD: ACTCMD    R_f0= 0x13    at time   59802175 ps
inst0 ch0:  R_CMD: ACTCMD    R_r1= 0x3f    at time   59802589 ps
inst0 ch0:  R_CMD: ACTCMD    R_f1= 0x3b    at time   59803003 ps
inst0 ch0:  C_CMD: WRCMD     C_r = 0x009   at time   59812525 ps
inst0 ch0:  C_CMD: WRCMD     C_f = 0x000   at time   59812939 ps
inst0 ch0:  R_CMD: ACTCMD    R_r0= 0x02    at time   60835933 ps
inst0 ch0:  R_CMD: ACTCMD    R_f0= 0x08    at time   60836347 ps
inst0 ch0:  R_CMD: ACTCMD    R_r1= 0x00    at time   60836761 ps
inst0 ch0:  R_CMD: ACTCMD    R_f1= 0x00    at time   60837175 ps
inst0 ch0:  C_CMD: RDCMD     C_r = 0x005   at time   60850837 ps
inst0 ch0:  C_CMD: RDCMD     C_f = 0x098   at time   60851251 ps
inst0 ch0:  C_CMD: RDCMD     C_r = 0x005   at time   60854149 ps
inst0 ch0:  C_CMD: RDCMD     C_f = 0x09a   at time   60854563 ps
inst0 ch0:  C_CMD: RDCMD     C_r = 0x005   at time   60857461 ps
inst0 ch0:  C_CMD: RDCMD     C_f = 0x090   at time   60857875 ps
inst0 ch0:  C_CMD: RDCMD     C_r = 0x005   at time   60860773 ps
inst0 ch0:  C_CMD: RDCMD     C_f = 0x092   at time   60861187 ps
inst0 ch0:  C_CMD: RDCMD     C_r = 0x005   at time   60864085 ps
inst0 ch0:  C_CMD: RDCMD     C_f = 0x088   at time   60864499 ps
inst0 ch0:  C_CMD: RDCMD     C_r = 0x005   at time   60867397 ps
inst0 ch0:  C_CMD: RDCMD     C_f = 0x08a   at time   60867811 ps
inst0 ch0:  C_CMD: RDCMD     C_r = 0x005   at time   60870709 ps
inst0 ch0:  C_CMD: RDCMD     C_f = 0x080   at time   60871123 ps
inst0 ch0:  C_CMD: RDCMD     C_r = 0x00d   at time   60874021 ps
inst0 ch0:  C_CMD: RDCMD     C_f = 0x082   at time   60874435 ps
inst0 ch0:  R_CMD: ACTCMD    R_r0= 0x02    at time   61305409 ps
inst0 ch0:  R_CMD: ACTCMD    R_f0= 0x00    at time   61305823 ps
inst0 ch0:  R_CMD: ACTCMD    R_r1= 0x00    at time   61306237 ps
inst0 ch0:  R_CMD: ACTCMD    R_f1= 0x00    at time   61306651 ps
inst0 ch0:  C_CMD: RDCMD     C_r = 0x005   at time   61320313 ps
inst0 ch0:  C_CMD: RDCMD     C_f = 0x018   at time   61320727 ps
inst0 ch0:  C_CMD: RDCMD     C_r = 0x005   at time   61323625 ps
inst0 ch0:  C_CMD: RDCMD     C_f = 0x01a   at time   61324039 ps
inst0 ch0:  C_CMD: RDCMD     C_r = 0x005   at time   61326937 ps
inst0 ch0:  C_CMD: RDCMD     C_f = 0x010   at time   61327351 ps
inst0 ch0:  C_CMD: RDCMD     C_r = 0x005   at time   61330249 ps
inst0 ch0:  C_CMD: RDCMD     C_f = 0x012   at time   61330663 ps
inst0 ch0:  C_CMD: RDCMD     C_r = 0x005   at time   61333561 ps
inst0 ch0:  C_CMD: RDCMD     C_f = 0x008   at time   61333975 ps
inst0 ch0:  C_CMD: RDCMD     C_r = 0x005   at time   61336873 ps
inst0 ch0:  C_CMD: RDCMD     C_f = 0x00a   at time   61337287 ps
inst0 ch0:  C_CMD: RDCMD     C_r = 0x005   at time   61340185 ps
inst0 ch0:  C_CMD: RDCMD     C_f = 0x000   at time   61340599 ps
inst0 ch0:  C_CMD: RDCMD     C_r = 0x00d   at time   61343497 ps
inst0 ch0:  C_CMD: RDCMD     C_f = 0x002   at time   61343911 ps
inst0 ch0:  R_CMD: ACTCMD    R_r0= 0x0a    at time   61345981 ps
inst0 ch0:  R_CMD: ACTCMD    R_f0= 0x08    at time   61346395 ps
inst0 ch0:  R_CMD: ACTCMD    R_r1= 0x00    at time   61346809 ps
inst0 ch0:  R_CMD: ACTCMD    R_f1= 0x00    at time   61347223 ps
inst0 ch0:  C_CMD: RDCMD     C_r = 0x015   at time   61360885 ps
inst0 ch0:  C_CMD: RDCMD     C_f = 0x098   at time   61361299 ps
inst0 ch0:  C_CMD: RDCMD     C_r = 0x015   at time   61364197 ps
inst0 ch0:  C_CMD: RDCMD     C_f = 0x09a   at time   61364611 ps
inst0 ch0:  C_CMD: RDCMD     C_r = 0x015   at time   61367509 ps
inst0 ch0:  C_CMD: RDCMD     C_f = 0x090   at time   61367923 ps
inst0 ch0:  C_CMD: RDCMD     C_r = 0x015   at time   61370821 ps
inst0 ch0:  C_CMD: RDCMD     C_f = 0x092   at time   61371235 ps
inst0 ch0:  C_CMD: RDCMD     C_r = 0x015   at time   61374133 ps
inst0 ch0:  C_CMD: RDCMD     C_f = 0x088   at time   61374547 ps
inst0 ch0:  C_CMD: RDCMD     C_r = 0x015   at time   61377445 ps
inst0 ch0:  C_CMD: RDCMD     C_f = 0x08a   at time   61377859 ps
inst0 ch0:  C_CMD: RDCMD     C_r = 0x015   at time   61380757 ps
inst0 ch0:  C_CMD: RDCMD     C_f = 0x080   at time   61381171 ps
inst0 ch0:  C_CMD: RDCMD     C_r = 0x01d   at time   61384069 ps
inst0 ch0:  C_CMD: RDCMD     C_f = 0x082   at time   61384483 ps
inst0 ch0:  R_CMD: ACTCMD    R_r0= 0x0a    at time   61616737 ps
inst0 ch0:  R_CMD: ACTCMD    R_f0= 0x08    at time   61617151 ps
inst0 ch0:  R_CMD: ACTCMD    R_r1= 0x00    at time   61617565 ps
inst0 ch0:  R_CMD: ACTCMD    R_f1= 0x00    at time   61617979 ps
inst0 ch0:  C_CMD: WRCMD     C_r = 0x011   at time   61627501 ps
inst0 ch0:  C_CMD: WRCMD     C_f = 0x0b8   at time   61627915 ps
inst0 ch0:  C_CMD: WRCMD     C_r = 0x011   at time   61630813 ps
inst0 ch0:  C_CMD: WRCMD     C_f = 0x0ba   at time   61631227 ps
inst0 ch0:  C_CMD: WRCMD     C_r = 0x011   at time   61634125 ps
inst0 ch0:  C_CMD: WRCMD     C_f = 0x0b0   at time   61634539 ps
inst0 ch0:  C_CMD: WRCMD     C_r = 0x011   at time   61637437 ps
inst0 ch0:  C_CMD: WRCMD     C_f = 0x0b2   at time   61637851 ps
inst0 ch0:  C_CMD: WRCMD     C_r = 0x011   at time   61640749 ps
inst0 ch0:  C_CMD: WRCMD     C_f = 0x0a8   at time   61641163 ps
inst0 ch0:  C_CMD: WRCMD     C_r = 0x011   at time   61644061 ps
inst0 ch0:  C_CMD: WRCMD     C_f = 0x0aa   at time   61644475 ps
inst0 ch0:  C_CMD: WRCMD     C_r = 0x011   at time   61647373 ps
inst0 ch0:  C_CMD: WRCMD     C_f = 0x0a0   at time   61647787 ps
inst0 ch0:  C_CMD: WRCMD     C_r = 0x019   at time   61650685 ps
inst0 ch0:  C_CMD: WRCMD     C_f = 0x0a2   at time   61651099 ps
inst0 ch0:  R_CMD: ACTCMD    R_r0= 0x0a    at time   61921441 ps
inst0 ch0:  R_CMD: ACTCMD    R_f0= 0x00    at time   61921855 ps
inst0 ch0:  R_CMD: ACTCMD    R_r1= 0x00    at time   61922269 ps
inst0 ch0:  R_CMD: ACTCMD    R_f1= 0x00    at time   61922683 ps
inst0 ch0:  C_CMD: RDCMD     C_r = 0x015   at time   61936345 ps
inst0 ch0:  C_CMD: RDCMD     C_f = 0x018   at time   61936759 ps
inst0 ch0:  C_CMD: RDCMD     C_r = 0x015   at time   61939657 ps
inst0 ch0:  C_CMD: RDCMD     C_f = 0x01a   at time   61940071 ps
inst0 ch0:  C_CMD: RDCMD     C_r = 0x015   at time   61942969 ps
inst0 ch0:  C_CMD: RDCMD     C_f = 0x010   at time   61943383 ps
inst0 ch0:  C_CMD: RDCMD     C_r = 0x015   at time   61946281 ps
inst0 ch0:  C_CMD: RDCMD     C_f = 0x012   at time   61946695 ps
inst0 ch0:  C_CMD: RDCMD     C_r = 0x015   at time   61949593 ps
inst0 ch0:  C_CMD: RDCMD     C_f = 0x008   at time   61950007 ps
inst0 ch0:  C_CMD: RDCMD     C_r = 0x015   at time   61952905 ps
inst0 ch0:  C_CMD: RDCMD     C_f = 0x00a   at time   61953319 ps
inst0 ch0:  C_CMD: RDCMD     C_r = 0x015   at time   61956217 ps
inst0 ch0:  C_CMD: RDCMD     C_f = 0x000   at time   61956631 ps
inst0 ch0:  C_CMD: RDCMD     C_r = 0x01d   at time   61959529 ps
inst0 ch0:  C_CMD: RDCMD     C_f = 0x002   at time   61959943 ps
inst0 ch0:  R_CMD: ACTCMD    R_r0= 0x0a    at time   62162389 ps
inst0 ch0:  R_CMD: ACTCMD    R_f0= 0x00    at time   62162803 ps
inst0 ch0:  R_CMD: ACTCMD    R_r1= 0x00    at time   62163217 ps
inst0 ch0:  R_CMD: ACTCMD    R_f1= 0x00    at time   62163631 ps
inst0 ch0:  C_CMD: WRCMD     C_r = 0x011   at time   62173153 ps
inst0 ch0:  C_CMD: WRCMD     C_f = 0x038   at time   62173567 ps
inst0 ch0:  C_CMD: WRCMD     C_r = 0x011   at time   62176465 ps
inst0 ch0:  C_CMD: WRCMD     C_f = 0x03a   at time   62176879 ps
inst0 ch0:  C_CMD: WRCMD     C_r = 0x011   at time   62179777 ps
inst0 ch0:  C_CMD: WRCMD     C_f = 0x030   at time   62180191 ps
inst0 ch0:  C_CMD: WRCMD     C_r = 0x011   at time   62183089 ps
inst0 ch0:  C_CMD: WRCMD     C_f = 0x032   at time   62183503 ps
inst0 ch0:  C_CMD: WRCMD     C_r = 0x011   at time   62186401 ps
inst0 ch0:  C_CMD: WRCMD     C_f = 0x028   at time   62186815 ps
inst0 ch0:  C_CMD: WRCMD     C_r = 0x011   at time   62189713 ps
inst0 ch0:  C_CMD: WRCMD     C_f = 0x02a   at time   62190127 ps
inst0 ch0:  C_CMD: WRCMD     C_r = 0x011   at time   62193025 ps
inst0 ch0:  C_CMD: WRCMD     C_f = 0x020   at time   62193439 ps
inst0 ch0:  C_CMD: WRCMD     C_r = 0x019   at time   62196337 ps
inst0 ch0:  C_CMD: WRCMD     C_f = 0x022   at time   62196751 ps
inst0 ch0:  R_CMD: ACTCMD    R_r0= 0x02    at time   62547409 ps
inst0 ch0:  R_CMD: ACTCMD    R_f0= 0x1b    at time   62547823 ps
inst0 ch0:  R_CMD: ACTCMD    R_r1= 0x3f    at time   62548237 ps
inst0 ch0:  R_CMD: ACTCMD    R_f1= 0x3b    at time   62548651 ps
inst0 ch0:  C_CMD: WRCMD     C_r = 0x009   at time   62558173 ps
inst0 ch0:  C_CMD: WRCMD     C_f = 0x080   at time   62558587 ps
inst0 ch0:  R_CMD: ACTCMD    R_r0= 0x0a    at time   62794153 ps
inst0 ch0:  R_CMD: ACTCMD    R_f0= 0x19    at time   62794567 ps
inst0 ch0:  R_CMD: ACTCMD    R_r1= 0x3f    at time   62794981 ps
inst0 ch0:  R_CMD: ACTCMD    R_f1= 0x3b    at time   62795395 ps
inst0 ch0:  R_CMD: ACTCMD    R_r0= 0x02    at time   62798293 ps
inst0 ch0:  R_CMD: ACTCMD    R_f0= 0x19    at time   62798707 ps
inst0 ch0:  R_CMD: ACTCMD    R_r1= 0x3f    at time   62799121 ps
inst0 ch0:  R_CMD: ACTCMD    R_f1= 0x3b    at time   62799535 ps
inst0 ch0:  C_CMD: WRCMD     C_r = 0x019   at time   62804917 ps
inst0 ch0:  C_CMD: WRCMD     C_f = 0x0fa   at time   62805331 ps
inst0 ch0:  C_CMD: WRCMD     C_r = 0x009   at time   62809057 ps
inst0 ch0:  C_CMD: WRCMD     C_f = 0x0fa   at time   62809471 ps
inst0 ch0:  R_CMD: ACTCMD    R_r0= 0x0a    at time   63054145 ps
inst0 ch0:  R_CMD: ACTCMD    R_f0= 0x0a    at time   63054559 ps
inst0 ch0:  R_CMD: ACTCMD    R_r1= 0x00    at time   63054973 ps
inst0 ch0:  R_CMD: ACTCMD    R_f1= 0x00    at time   63055387 ps
inst0 ch0:  R_CMD: ACTCMD    R_r0= 0x02    at time   63058285 ps
inst0 ch0:  R_CMD: ACTCMD    R_f0= 0x0a    at time   63058699 ps
inst0 ch0:  R_CMD: ACTCMD    R_r1= 0x00    at time   63059113 ps
inst0 ch0:  R_CMD: ACTCMD    R_f1= 0x00    at time   63059527 ps
inst0 ch0:  C_CMD: RDCMD     C_r = 0x015   at time   63069049 ps
inst0 ch0:  C_CMD: RDCMD     C_f = 0x080   at time   63069463 ps
inst0 ch0:  C_CMD: RDCMD     C_r = 0x01d   at time   63072361 ps
inst0 ch0:  C_CMD: RDCMD     C_f = 0x082   at time   63072775 ps
inst0 ch0:  C_CMD: RDCMD     C_r = 0x005   at time   63075673 ps
inst0 ch0:  C_CMD: RDCMD     C_f = 0x080   at time   63076087 ps
inst0 ch0:  C_CMD: RDCMD     C_r = 0x00d   at time   63078985 ps
inst0 ch0:  C_CMD: RDCMD     C_f = 0x082   at time   63079399 ps
inst0 ch0:  R_CMD: ACTCMD    R_r0= 0x02    at time   63613873 ps
inst0 ch0:  R_CMD: ACTCMD    R_f0= 0x13    at time   63614287 ps
inst0 ch0:  R_CMD: ACTCMD    R_r1= 0x3f    at time   63614701 ps
inst0 ch0:  R_CMD: ACTCMD    R_f1= 0x3b    at time   63615115 ps
inst0 ch0:  C_CMD: WRCMD     C_r = 0x009   at time   63624637 ps
inst0 ch0:  C_CMD: WRCMD     C_f = 0x000   at time   63625051 ps
inst0 ch0:  R_CMD: ACTCMD    R_r0= 0x0a    at time   63918577 ps
inst0 ch0:  R_CMD: ACTCMD    R_f0= 0x11    at time   63918991 ps
inst0 ch0:  R_CMD: ACTCMD    R_r1= 0x3f    at time   63919405 ps
inst0 ch0:  R_CMD: ACTCMD    R_f1= 0x3b    at time   63919819 ps
inst0 ch0:  R_CMD: ACTCMD    R_r0= 0x02    at time   63922717 ps
inst0 ch0:  R_CMD: ACTCMD    R_f0= 0x11    at time   63923131 ps
inst0 ch0:  R_CMD: ACTCMD    R_r1= 0x3f    at time   63923545 ps
inst0 ch0:  R_CMD: ACTCMD    R_f1= 0x3b    at time   63923959 ps
inst0 ch0:  C_CMD: WRCMD     C_r = 0x019   at time   63929341 ps
inst0 ch0:  C_CMD: WRCMD     C_f = 0x07a   at time   63929755 ps
inst0 ch0:  C_CMD: WRCMD     C_r = 0x009   at time   63933481 ps
inst0 ch0:  C_CMD: WRCMD     C_f = 0x07a   at time   63933895 ps
inst0 ch0:  R_CMD: ACTCMD    R_r0= 0x0a    at time   64123093 ps
inst0 ch0:  R_CMD: ACTCMD    R_f0= 0x02    at time   64123507 ps
inst0 ch0:  R_CMD: ACTCMD    R_r1= 0x00    at time   64123921 ps
inst0 ch0:  R_CMD: ACTCMD    R_f1= 0x00    at time   64124335 ps
inst0 ch0:  R_CMD: ACTCMD    R_r0= 0x02    at time   64127233 ps
inst0 ch0:  R_CMD: ACTCMD    R_f0= 0x02    at time   64127647 ps
inst0 ch0:  R_CMD: ACTCMD    R_r1= 0x00    at time   64128061 ps
inst0 ch0:  R_CMD: ACTCMD    R_f1= 0x00    at time   64128475 ps
inst0 ch0:  C_CMD: RDCMD     C_r = 0x015   at time   64137997 ps
inst0 ch0:  C_CMD: RDCMD     C_f = 0x000   at time   64138411 ps
inst0 ch0:  C_CMD: RDCMD     C_r = 0x01d   at time   64141309 ps
inst0 ch0:  C_CMD: RDCMD     C_f = 0x002   at time   64141723 ps
inst0 ch0:  C_CMD: RDCMD     C_r = 0x005   at time   64144621 ps
inst0 ch0:  C_CMD: RDCMD     C_f = 0x000   at time   64145035 ps
inst0 ch0:  C_CMD: RDCMD     C_r = 0x00d   at time   64147933 ps
inst0 ch0:  C_CMD: RDCMD     C_f = 0x002   at time   64148347 ps
