inst0 ch0:  R_CMD: ACTCMD    R_r0= 0x0e    at time   33400981 ps
inst0 ch0:  R_CMD: ACTCMD    R_f0= 0x28    at time   33401395 ps
inst0 ch0:  R_CMD: ACTCMD    R_r1= 0x00    at time   33401809 ps
inst0 ch0:  R_CMD: ACTCMD    R_f1= 0x02    at time   33402223 ps
inst0 ch0:  R_CMD: ACTCMD    R_r0= 0x0e    at time   33402637 ps
inst0 ch0:  R_CMD: ACTCMD    R_f0= 0x20    at time   33403051 ps
inst0 ch0:  R_CMD: ACTCMD    R_r1= 0x00    at time   33403465 ps
inst0 ch0:  R_CMD: ACTCMD    R_f1= 0x02    at time   33403879 ps
inst0 ch0:  C_CMD: WRCMD     C_r = 0x091   at time   33411745 ps
inst0 ch0:  C_CMD: WRCMD     C_f = 0x0a9   at time   33412159 ps
inst0 ch0:  C_CMD: WRCMD     C_r = 0x091   at time   33413401 ps
inst0 ch0:  C_CMD: WRCMD     C_f = 0x029   at time   33413815 ps
inst0 ch0:  C_CMD: WRCMD     C_r = 0x091   at time   33415057 ps
inst0 ch0:  C_CMD: WRCMD     C_f = 0x0ab   at time   33415471 ps
inst0 ch0:  C_CMD: WRCMD     C_r = 0x091   at time   33416713 ps
inst0 ch0:  C_CMD: WRCMD     C_f = 0x02b   at time   33417127 ps
inst0 ch0:  C_CMD: WRCMD     C_r = 0x091   at time   33418369 ps
inst0 ch0:  C_CMD: WRCMD     C_f = 0x0a1   at time   33418783 ps
inst0 ch0:  C_CMD: WRCMD     C_r = 0x091   at time   33420025 ps
inst0 ch0:  C_CMD: WRCMD     C_f = 0x021   at time   33420439 ps
inst0 ch0:  C_CMD: WRCMD     C_r = 0x099   at time   33421681 ps
inst0 ch0:  C_CMD: WRCMD     C_f = 0x0a3   at time   33422095 ps
inst0 ch0:  C_CMD: WRCMD     C_r = 0x099   at time   33423337 ps
inst0 ch0:  C_CMD: WRCMD     C_f = 0x023   at time   33423751 ps
inst0 ch0:  R_CMD: ACTCMD    R_r0= 0x26    at time   37369585 ps
inst0 ch0:  R_CMD: ACTCMD    R_f0= 0x28    at time   37369999 ps
inst0 ch0:  R_CMD: ACTCMD    R_r1= 0x00    at time   37370413 ps
inst0 ch0:  R_CMD: ACTCMD    R_f1= 0x02    at time   37370827 ps
inst0 ch0:  C_CMD: WRCMD     C_r = 0x0c1   at time   37380349 ps
inst0 ch0:  C_CMD: WRCMD     C_f = 0x0a9   at time   37380763 ps
inst0 ch0:  C_CMD: WRCMD     C_r = 0x0c9   at time   37383661 ps
inst0 ch0:  C_CMD: WRCMD     C_f = 0x0ab   at time   37384075 ps
inst0 ch0:  R_CMD: ACTCMD    R_r0= 0x26    at time   37392769 ps
inst0 ch0:  R_CMD: ACTCMD    R_f0= 0x20    at time   37393183 ps
inst0 ch0:  R_CMD: ACTCMD    R_r1= 0x00    at time   37393597 ps
inst0 ch0:  R_CMD: ACTCMD    R_f1= 0x02    at time   37394011 ps
inst0 ch0:  C_CMD: WRCMD     C_r = 0x0c1   at time   37403533 ps
inst0 ch0:  C_CMD: WRCMD     C_f = 0x029   at time   37403947 ps
inst0 ch0:  C_CMD: WRCMD     C_r = 0x0c9   at time   37406845 ps
inst0 ch0:  C_CMD: WRCMD     C_f = 0x02b   at time   37407259 ps
inst0 ch0:  R_CMD: ACTCMD    R_r0= 0x26    at time   37421749 ps
inst0 ch0:  R_CMD: ACTCMD    R_f0= 0x28    at time   37422163 ps
inst0 ch0:  R_CMD: ACTCMD    R_r1= 0x00    at time   37422577 ps
inst0 ch0:  R_CMD: ACTCMD    R_f1= 0x02    at time   37422991 ps
inst0 ch0:  C_CMD: WRCMD     C_r = 0x0c1   at time   37432513 ps
inst0 ch0:  C_CMD: WRCMD     C_f = 0x0a1   at time   37432927 ps
inst0 ch0:  C_CMD: WRCMD     C_r = 0x0c9   at time   37435825 ps
inst0 ch0:  C_CMD: WRCMD     C_f = 0x0a3   at time   37436239 ps
inst0 ch0:  R_CMD: ACTCMD    R_r0= 0x26    at time   37450729 ps
inst0 ch0:  R_CMD: ACTCMD    R_f0= 0x20    at time   37451143 ps
inst0 ch0:  R_CMD: ACTCMD    R_r1= 0x00    at time   37451557 ps
inst0 ch0:  R_CMD: ACTCMD    R_f1= 0x02    at time   37451971 ps
inst0 ch0:  C_CMD: WRCMD     C_r = 0x0c1   at time   37461493 ps
inst0 ch0:  C_CMD: WRCMD     C_f = 0x021   at time   37461907 ps
inst0 ch0:  C_CMD: WRCMD     C_r = 0x0c9   at time   37464805 ps
inst0 ch0:  C_CMD: WRCMD     C_f = 0x023   at time   37465219 ps
inst0 ch0:  R_CMD: ACTCMD    R_r0= 0x22    at time   54785737 ps
inst0 ch0:  R_CMD: ACTCMD    R_f0= 0x22    at time   54786151 ps
inst0 ch0:  R_CMD: ACTCMD    R_r1= 0x00    at time   54786565 ps
inst0 ch0:  R_CMD: ACTCMD    R_f1= 0x00    at time   54786979 ps
inst0 ch0:  R_CMD: ACTCMD    R_r0= 0x22    at time   54787393 ps
inst0 ch0:  R_CMD: ACTCMD    R_f0= 0x2a    at time   54787807 ps
inst0 ch0:  R_CMD: ACTCMD    R_r1= 0x00    at time   54788221 ps
inst0 ch0:  R_CMD: ACTCMD    R_f1= 0x00    at time   54788635 ps
inst0 ch0:  R_CMD: ACTCMD    R_r0= 0x02    at time   54789877 ps
inst0 ch0:  R_CMD: ACTCMD    R_f0= 0x22    at time   54790291 ps
inst0 ch0:  R_CMD: ACTCMD    R_r1= 0x00    at time   54790705 ps
inst0 ch0:  R_CMD: ACTCMD    R_f1= 0x00    at time   54791119 ps
inst0 ch0:  R_CMD: ACTCMD    R_r0= 0x02    at time   54791533 ps
inst0 ch0:  R_CMD: ACTCMD    R_f0= 0x2a    at time   54791947 ps
inst0 ch0:  R_CMD: ACTCMD    R_r1= 0x00    at time   54792361 ps
inst0 ch0:  R_CMD: ACTCMD    R_f1= 0x00    at time   54792775 ps
inst0 ch0:  R_CMD: ACTCMD    R_r0= 0x22    at time   54794017 ps
inst0 ch0:  R_CMD: ACTCMD    R_f0= 0x02    at time   54794431 ps
inst0 ch0:  R_CMD: ACTCMD    R_r1= 0x00    at time   54794845 ps
inst0 ch0:  R_CMD: ACTCMD    R_f1= 0x00    at time   54795259 ps
inst0 ch0:  R_CMD: ACTCMD    R_r0= 0x22    at time   54795673 ps
inst0 ch0:  R_CMD: ACTCMD    R_f0= 0x0a    at time   54796087 ps
inst0 ch0:  R_CMD: ACTCMD    R_r1= 0x00    at time   54796501 ps
inst0 ch0:  R_CMD: ACTCMD    R_f1= 0x00    at time   54796915 ps
inst0 ch0:  R_CMD: ACTCMD    R_r0= 0x02    at time   54798157 ps
inst0 ch0:  R_CMD: ACTCMD    R_f0= 0x02    at time   54798571 ps
inst0 ch0:  R_CMD: ACTCMD    R_r1= 0x00    at time   54798985 ps
inst0 ch0:  R_CMD: ACTCMD    R_f1= 0x00    at time   54799399 ps
inst0 ch0:  R_CMD: ACTCMD    R_r0= 0x02    at time   54799813 ps
inst0 ch0:  R_CMD: ACTCMD    R_f0= 0x0a    at time   54800227 ps
inst0 ch0:  R_CMD: ACTCMD    R_r1= 0x00    at time   54800641 ps
inst0 ch0:  C_CMD: RDCMD     C_r = 0x0c5   at time   54800641 ps
inst0 ch0:  R_CMD: ACTCMD    R_f1= 0x00    at time   54801055 ps
inst0 ch0:  C_CMD: RDCMD     C_f = 0x000   at time   54801055 ps
inst0 ch0:  C_CMD: RDCMD     C_r = 0x0c5   at time   54802297 ps
inst0 ch0:  C_CMD: RDCMD     C_f = 0x080   at time   54802711 ps
inst0 ch0:  C_CMD: RDCMD     C_r = 0x0cd   at time   54803953 ps
inst0 ch0:  C_CMD: RDCMD     C_f = 0x002   at time   54804367 ps
inst0 ch0:  C_CMD: RDCMD     C_r = 0x085   at time   54805609 ps
inst0 ch0:  C_CMD: RDCMD     C_f = 0x000   at time   54806023 ps
inst0 ch0:  C_CMD: RDCMD     C_r = 0x0cd   at time   54806437 ps
inst0 ch0:  C_CMD: RDCMD     C_f = 0x082   at time   54806851 ps
inst0 ch0:  C_CMD: RDCMD     C_r = 0x085   at time   54808093 ps
inst0 ch0:  C_CMD: RDCMD     C_f = 0x080   at time   54808507 ps
inst0 ch0:  C_CMD: RDCMD     C_r = 0x08d   at time   54808921 ps
inst0 ch0:  C_CMD: RDCMD     C_f = 0x002   at time   54809335 ps
inst0 ch0:  C_CMD: RDCMD     C_r = 0x045   at time   54810577 ps
inst0 ch0:  C_CMD: RDCMD     C_f = 0x000   at time   54810991 ps
inst0 ch0:  C_CMD: RDCMD     C_r = 0x08d   at time   54811405 ps
inst0 ch0:  C_CMD: RDCMD     C_f = 0x082   at time   54811819 ps
inst0 ch0:  C_CMD: RDCMD     C_r = 0x005   at time   54813061 ps
inst0 ch0:  C_CMD: RDCMD     C_f = 0x000   at time   54813475 ps
inst0 ch0:  C_CMD: RDCMD     C_r = 0x045   at time   54813889 ps
inst0 ch0:  C_CMD: RDCMD     C_f = 0x080   at time   54814303 ps
inst0 ch0:  C_CMD: RDCMD     C_r = 0x04d   at time   54814717 ps
inst0 ch0:  C_CMD: RDCMD     C_f = 0x002   at time   54815131 ps
inst0 ch0:  C_CMD: RDCMD     C_r = 0x005   at time   54815545 ps
inst0 ch0:  C_CMD: RDCMD     C_f = 0x080   at time   54815959 ps
inst0 ch0:  C_CMD: RDCMD     C_r = 0x00d   at time   54816373 ps
inst0 ch0:  C_CMD: RDCMD     C_f = 0x002   at time   54816787 ps
inst0 ch0:  C_CMD: RDCMD     C_r = 0x04d   at time   54817201 ps
inst0 ch0:  C_CMD: RDCMD     C_f = 0x082   at time   54817615 ps
inst0 ch0:  C_CMD: RDCMD     C_r = 0x00d   at time   54818857 ps
inst0 ch0:  C_CMD: RDCMD     C_f = 0x082   at time   54819271 ps
inst0 ch0:  R_CMD: ACTCMD    R_r0= 0x2a    at time   55360369 ps
inst0 ch0:  R_CMD: ACTCMD    R_f0= 0x22    at time   55360783 ps
inst0 ch0:  R_CMD: ACTCMD    R_r1= 0x00    at time   55361197 ps
inst0 ch0:  R_CMD: ACTCMD    R_f1= 0x00    at time   55361611 ps
inst0 ch0:  R_CMD: ACTCMD    R_r0= 0x0a    at time   55364509 ps
inst0 ch0:  R_CMD: ACTCMD    R_f0= 0x22    at time   55364923 ps
inst0 ch0:  R_CMD: ACTCMD    R_r1= 0x00    at time   55365337 ps
inst0 ch0:  R_CMD: ACTCMD    R_f1= 0x00    at time   55365751 ps
inst0 ch0:  R_CMD: ACTCMD    R_r0= 0x2a    at time   55368649 ps
inst0 ch0:  R_CMD: ACTCMD    R_f0= 0x02    at time   55369063 ps
inst0 ch0:  R_CMD: ACTCMD    R_r1= 0x00    at time   55369477 ps
inst0 ch0:  R_CMD: ACTCMD    R_f1= 0x00    at time   55369891 ps
inst0 ch0:  R_CMD: ACTCMD    R_r0= 0x0a    at time   55372789 ps
inst0 ch0:  R_CMD: ACTCMD    R_f0= 0x02    at time   55373203 ps
inst0 ch0:  R_CMD: ACTCMD    R_r1= 0x00    at time   55373617 ps
inst0 ch0:  R_CMD: ACTCMD    R_f1= 0x00    at time   55374031 ps
inst0 ch0:  C_CMD: RDCMD     C_r = 0x0d5   at time   55375273 ps
inst0 ch0:  C_CMD: RDCMD     C_f = 0x000   at time   55375687 ps
inst0 ch0:  C_CMD: RDCMD     C_r = 0x0dd   at time   55378585 ps
inst0 ch0:  C_CMD: RDCMD     C_f = 0x002   at time   55378999 ps
inst0 ch0:  C_CMD: RDCMD     C_r = 0x095   at time   55380241 ps
inst0 ch0:  C_CMD: RDCMD     C_f = 0x000   at time   55380655 ps
inst0 ch0:  C_CMD: RDCMD     C_r = 0x09d   at time   55383553 ps
inst0 ch0:  C_CMD: RDCMD     C_f = 0x002   at time   55383967 ps
inst0 ch0:  C_CMD: RDCMD     C_r = 0x055   at time   55385209 ps
inst0 ch0:  C_CMD: RDCMD     C_f = 0x000   at time   55385623 ps
inst0 ch0:  C_CMD: RDCMD     C_r = 0x015   at time   55387693 ps
inst0 ch0:  C_CMD: RDCMD     C_f = 0x000   at time   55388107 ps
inst0 ch0:  C_CMD: RDCMD     C_r = 0x05d   at time   55389349 ps
inst0 ch0:  C_CMD: RDCMD     C_f = 0x002   at time   55389763 ps
inst0 ch0:  C_CMD: RDCMD     C_r = 0x01d   at time   55391005 ps
inst0 ch0:  C_CMD: RDCMD     C_f = 0x002   at time   55391419 ps
inst0 ch0:  R_CMD: ACTCMD    R_r0= 0x32    at time   55637749 ps
inst0 ch0:  R_CMD: ACTCMD    R_f0= 0x22    at time   55638163 ps
inst0 ch0:  R_CMD: ACTCMD    R_r1= 0x00    at time   55638577 ps
inst0 ch0:  R_CMD: ACTCMD    R_f1= 0x00    at time   55638991 ps
inst0 ch0:  R_CMD: ACTCMD    R_r0= 0x12    at time   55641889 ps
inst0 ch0:  R_CMD: ACTCMD    R_f0= 0x22    at time   55642303 ps
inst0 ch0:  R_CMD: ACTCMD    R_r1= 0x00    at time   55642717 ps
inst0 ch0:  R_CMD: ACTCMD    R_f1= 0x00    at time   55643131 ps
inst0 ch0:  R_CMD: ACTCMD    R_r0= 0x32    at time   55646029 ps
inst0 ch0:  R_CMD: ACTCMD    R_f0= 0x02    at time   55646443 ps
inst0 ch0:  R_CMD: ACTCMD    R_r1= 0x00    at time   55646857 ps
inst0 ch0:  R_CMD: ACTCMD    R_f1= 0x00    at time   55647271 ps
inst0 ch0:  R_CMD: ACTCMD    R_r0= 0x12    at time   55650169 ps
inst0 ch0:  R_CMD: ACTCMD    R_f0= 0x02    at time   55650583 ps
inst0 ch0:  R_CMD: ACTCMD    R_r1= 0x00    at time   55650997 ps
inst0 ch0:  R_CMD: ACTCMD    R_f1= 0x00    at time   55651411 ps
inst0 ch0:  C_CMD: RDCMD     C_r = 0x0e5   at time   55652653 ps
inst0 ch0:  C_CMD: RDCMD     C_f = 0x000   at time   55653067 ps
inst0 ch0:  R_CMD: ACTCMD    R_r0= 0x2a    at time   55653481 ps
inst0 ch0:  R_CMD: ACTCMD    R_f0= 0x2a    at time   55653895 ps
inst0 ch0:  R_CMD: ACTCMD    R_r1= 0x00    at time   55654309 ps
inst0 ch0:  R_CMD: ACTCMD    R_f1= 0x00    at time   55654723 ps
inst0 ch0:  C_CMD: RDCMD     C_r = 0x0ed   at time   55655965 ps
inst0 ch0:  C_CMD: RDCMD     C_f = 0x002   at time   55656379 ps
inst0 ch0:  R_CMD: ACTCMD    R_r0= 0x0a    at time   55657621 ps
inst0 ch0:  C_CMD: RDCMD     C_r = 0x0a5   at time   55657621 ps
inst0 ch0:  R_CMD: ACTCMD    R_f0= 0x2a    at time   55658035 ps
inst0 ch0:  C_CMD: RDCMD     C_f = 0x000   at time   55658035 ps
inst0 ch0:  R_CMD: ACTCMD    R_r1= 0x00    at time   55658449 ps
inst0 ch0:  R_CMD: ACTCMD    R_f1= 0x00    at time   55658863 ps
inst0 ch0:  C_CMD: RDCMD     C_r = 0x0ad   at time   55660933 ps
inst0 ch0:  C_CMD: RDCMD     C_f = 0x002   at time   55661347 ps
inst0 ch0:  R_CMD: ACTCMD    R_r0= 0x2a    at time   55661761 ps
inst0 ch0:  R_CMD: ACTCMD    R_f0= 0x0a    at time   55662175 ps
inst0 ch0:  R_CMD: ACTCMD    R_r1= 0x00    at time   55662589 ps
inst0 ch0:  C_CMD: RDCMD     C_r = 0x065   at time   55662589 ps
inst0 ch0:  R_CMD: ACTCMD    R_f1= 0x00    at time   55663003 ps
inst0 ch0:  C_CMD: RDCMD     C_f = 0x000   at time   55663003 ps
inst0 ch0:  C_CMD: RDCMD     C_r = 0x025   at time   55665073 ps
inst0 ch0:  C_CMD: RDCMD     C_f = 0x000   at time   55665487 ps
inst0 ch0:  R_CMD: ACTCMD    R_r0= 0x0a    at time   55665901 ps
inst0 ch0:  R_CMD: ACTCMD    R_f0= 0x0a    at time   55666315 ps
inst0 ch0:  R_CMD: ACTCMD    R_r1= 0x00    at time   55666729 ps
inst0 ch0:  C_CMD: RDCMD     C_r = 0x06d   at time   55666729 ps
inst0 ch0:  R_CMD: ACTCMD    R_f1= 0x00    at time   55667143 ps
inst0 ch0:  C_CMD: RDCMD     C_f = 0x002   at time   55667143 ps
inst0 ch0:  C_CMD: RDCMD     C_r = 0x02d   at time   55668385 ps
inst0 ch0:  C_CMD: RDCMD     C_f = 0x002   at time   55668799 ps
inst0 ch0:  C_CMD: RDCMD     C_r = 0x0d5   at time   55669213 ps
inst0 ch0:  C_CMD: RDCMD     C_f = 0x080   at time   55669627 ps
inst0 ch0:  C_CMD: RDCMD     C_r = 0x0dd   at time   55672525 ps
inst0 ch0:  C_CMD: RDCMD     C_f = 0x082   at time   55672939 ps
inst0 ch0:  C_CMD: RDCMD     C_r = 0x095   at time   55674181 ps
inst0 ch0:  C_CMD: RDCMD     C_f = 0x080   at time   55674595 ps
inst0 ch0:  C_CMD: RDCMD     C_r = 0x055   at time   55676665 ps
inst0 ch0:  C_CMD: RDCMD     C_f = 0x080   at time   55677079 ps
inst0 ch0:  C_CMD: RDCMD     C_r = 0x09d   at time   55678321 ps
inst0 ch0:  C_CMD: RDCMD     C_f = 0x082   at time   55678735 ps
inst0 ch0:  C_CMD: RDCMD     C_r = 0x05d   at time   55679977 ps
inst0 ch0:  C_CMD: RDCMD     C_f = 0x082   at time   55680391 ps
inst0 ch0:  C_CMD: RDCMD     C_r = 0x015   at time   55681633 ps
inst0 ch0:  C_CMD: RDCMD     C_f = 0x080   at time   55682047 ps
inst0 ch0:  C_CMD: RDCMD     C_r = 0x01d   at time   55684945 ps
inst0 ch0:  C_CMD: RDCMD     C_f = 0x082   at time   55685359 ps
inst0 ch0:  R_CMD: ACTCMD    R_r0= 0x32    at time   56007865 ps
inst0 ch0:  R_CMD: ACTCMD    R_f0= 0x2a    at time   56008279 ps
inst0 ch0:  R_CMD: ACTCMD    R_r1= 0x00    at time   56008693 ps
inst0 ch0:  R_CMD: ACTCMD    R_f1= 0x00    at time   56009107 ps
inst0 ch0:  R_CMD: ACTCMD    R_r0= 0x12    at time   56012005 ps
inst0 ch0:  R_CMD: ACTCMD    R_f0= 0x2a    at time   56012419 ps
inst0 ch0:  R_CMD: ACTCMD    R_r1= 0x00    at time   56012833 ps
inst0 ch0:  R_CMD: ACTCMD    R_f1= 0x00    at time   56013247 ps
inst0 ch0:  R_CMD: ACTCMD    R_r0= 0x32    at time   56016145 ps
inst0 ch0:  R_CMD: ACTCMD    R_f0= 0x0a    at time   56016559 ps
inst0 ch0:  R_CMD: ACTCMD    R_r1= 0x00    at time   56016973 ps
inst0 ch0:  R_CMD: ACTCMD    R_f1= 0x00    at time   56017387 ps
inst0 ch0:  R_CMD: ACTCMD    R_r0= 0x12    at time   56020285 ps
inst0 ch0:  R_CMD: ACTCMD    R_f0= 0x0a    at time   56020699 ps
inst0 ch0:  R_CMD: ACTCMD    R_r1= 0x00    at time   56021113 ps
inst0 ch0:  R_CMD: ACTCMD    R_f1= 0x00    at time   56021527 ps
inst0 ch0:  C_CMD: RDCMD     C_r = 0x0e5   at time   56022769 ps
inst0 ch0:  C_CMD: RDCMD     C_f = 0x080   at time   56023183 ps
inst0 ch0:  C_CMD: RDCMD     C_r = 0x0ed   at time   56026081 ps
inst0 ch0:  C_CMD: RDCMD     C_f = 0x082   at time   56026495 ps
inst0 ch0:  C_CMD: RDCMD     C_r = 0x0a5   at time   56027737 ps
inst0 ch0:  C_CMD: RDCMD     C_f = 0x080   at time   56028151 ps
inst0 ch0:  C_CMD: RDCMD     C_r = 0x0ad   at time   56031049 ps
inst0 ch0:  C_CMD: RDCMD     C_f = 0x082   at time   56031463 ps
inst0 ch0:  C_CMD: RDCMD     C_r = 0x065   at time   56032705 ps
inst0 ch0:  C_CMD: RDCMD     C_f = 0x080   at time   56033119 ps
inst0 ch0:  C_CMD: RDCMD     C_r = 0x025   at time   56035189 ps
inst0 ch0:  C_CMD: RDCMD     C_f = 0x080   at time   56035603 ps
inst0 ch0:  C_CMD: RDCMD     C_r = 0x06d   at time   56036845 ps
inst0 ch0:  C_CMD: RDCMD     C_f = 0x082   at time   56037259 ps
inst0 ch0:  C_CMD: RDCMD     C_r = 0x02d   at time   56038501 ps
inst0 ch0:  C_CMD: RDCMD     C_f = 0x082   at time   56038915 ps
inst0 ch0:  R_CMD: ACTCMD    R_r0= 0x3a    at time   56303461 ps
inst0 ch0:  R_CMD: ACTCMD    R_f0= 0x22    at time   56303875 ps
inst0 ch0:  R_CMD: ACTCMD    R_r1= 0x00    at time   56304289 ps
inst0 ch0:  R_CMD: ACTCMD    R_f1= 0x00    at time   56304703 ps
inst0 ch0:  R_CMD: ACTCMD    R_r0= 0x1a    at time   56307601 ps
inst0 ch0:  R_CMD: ACTCMD    R_f0= 0x22    at time   56308015 ps
inst0 ch0:  R_CMD: ACTCMD    R_r1= 0x00    at time   56308429 ps
inst0 ch0:  R_CMD: ACTCMD    R_f1= 0x00    at time   56308843 ps
inst0 ch0:  R_CMD: ACTCMD    R_r0= 0x3a    at time   56311741 ps
inst0 ch0:  R_CMD: ACTCMD    R_f0= 0x02    at time   56312155 ps
inst0 ch0:  R_CMD: ACTCMD    R_r1= 0x00    at time   56312569 ps
inst0 ch0:  R_CMD: ACTCMD    R_f1= 0x00    at time   56312983 ps
inst0 ch0:  R_CMD: ACTCMD    R_r0= 0x1a    at time   56315881 ps
inst0 ch0:  R_CMD: ACTCMD    R_f0= 0x02    at time   56316295 ps
inst0 ch0:  R_CMD: ACTCMD    R_r1= 0x00    at time   56316709 ps
inst0 ch0:  R_CMD: ACTCMD    R_f1= 0x00    at time   56317123 ps
inst0 ch0:  C_CMD: RDCMD     C_r = 0x0f5   at time   56318365 ps
inst0 ch0:  C_CMD: RDCMD     C_f = 0x000   at time   56318779 ps
inst0 ch0:  C_CMD: RDCMD     C_r = 0x0fd   at time   56321677 ps
inst0 ch0:  C_CMD: RDCMD     C_f = 0x002   at time   56322091 ps
inst0 ch0:  C_CMD: RDCMD     C_r = 0x0b5   at time   56323333 ps
inst0 ch0:  C_CMD: RDCMD     C_f = 0x000   at time   56323747 ps
inst0 ch0:  C_CMD: RDCMD     C_r = 0x0bd   at time   56326645 ps
inst0 ch0:  C_CMD: RDCMD     C_f = 0x002   at time   56327059 ps
inst0 ch0:  C_CMD: RDCMD     C_r = 0x075   at time   56328301 ps
inst0 ch0:  C_CMD: RDCMD     C_f = 0x000   at time   56328715 ps
inst0 ch0:  C_CMD: RDCMD     C_r = 0x035   at time   56330785 ps
inst0 ch0:  C_CMD: RDCMD     C_f = 0x000   at time   56331199 ps
inst0 ch0:  C_CMD: RDCMD     C_r = 0x07d   at time   56332441 ps
inst0 ch0:  C_CMD: RDCMD     C_f = 0x002   at time   56332855 ps
inst0 ch0:  C_CMD: RDCMD     C_r = 0x03d   at time   56334097 ps
inst0 ch0:  C_CMD: RDCMD     C_f = 0x002   at time   56334511 ps
inst0 ch0:  R_CMD: ACTCMD    R_r0= 0x3a    at time   56343205 ps
inst0 ch0:  R_CMD: ACTCMD    R_f0= 0x2a    at time   56343619 ps
inst0 ch0:  R_CMD: ACTCMD    R_r1= 0x00    at time   56344033 ps
inst0 ch0:  R_CMD: ACTCMD    R_f1= 0x00    at time   56344447 ps
inst0 ch0:  R_CMD: ACTCMD    R_r0= 0x1a    at time   56347345 ps
inst0 ch0:  R_CMD: ACTCMD    R_f0= 0x2a    at time   56347759 ps
inst0 ch0:  R_CMD: ACTCMD    R_r1= 0x00    at time   56348173 ps
inst0 ch0:  R_CMD: ACTCMD    R_f1= 0x00    at time   56348587 ps
inst0 ch0:  R_CMD: ACTCMD    R_r0= 0x3a    at time   56351485 ps
inst0 ch0:  R_CMD: ACTCMD    R_f0= 0x0a    at time   56351899 ps
inst0 ch0:  R_CMD: ACTCMD    R_r1= 0x00    at time   56352313 ps
inst0 ch0:  R_CMD: ACTCMD    R_f1= 0x00    at time   56352727 ps
inst0 ch0:  R_CMD: ACTCMD    R_r0= 0x1a    at time   56355625 ps
inst0 ch0:  R_CMD: ACTCMD    R_f0= 0x0a    at time   56356039 ps
inst0 ch0:  R_CMD: ACTCMD    R_r1= 0x00    at time   56356453 ps
inst0 ch0:  R_CMD: ACTCMD    R_f1= 0x00    at time   56356867 ps
inst0 ch0:  C_CMD: RDCMD     C_r = 0x0f5   at time   56358109 ps
inst0 ch0:  C_CMD: RDCMD     C_f = 0x080   at time   56358523 ps
inst0 ch0:  C_CMD: RDCMD     C_r = 0x0fd   at time   56361421 ps
inst0 ch0:  C_CMD: RDCMD     C_f = 0x082   at time   56361835 ps
inst0 ch0:  C_CMD: RDCMD     C_r = 0x0b5   at time   56363077 ps
inst0 ch0:  C_CMD: RDCMD     C_f = 0x080   at time   56363491 ps
inst0 ch0:  C_CMD: RDCMD     C_r = 0x0bd   at time   56366389 ps
inst0 ch0:  C_CMD: RDCMD     C_f = 0x082   at time   56366803 ps
inst0 ch0:  C_CMD: RDCMD     C_r = 0x075   at time   56368045 ps
inst0 ch0:  C_CMD: RDCMD     C_f = 0x080   at time   56368459 ps
inst0 ch0:  C_CMD: RDCMD     C_r = 0x035   at time   56370529 ps
inst0 ch0:  C_CMD: RDCMD     C_f = 0x080   at time   56370943 ps
inst0 ch0:  C_CMD: RDCMD     C_r = 0x07d   at time   56372185 ps
inst0 ch0:  C_CMD: RDCMD     C_f = 0x082   at time   56372599 ps
inst0 ch0:  C_CMD: RDCMD     C_r = 0x03d   at time   56373841 ps
inst0 ch0:  C_CMD: RDCMD     C_f = 0x082   at time   56374255 ps
inst0 ch0:  R_CMD: ACTCMD    R_r0= 0x02    at time   56957581 ps
inst0 ch0:  R_CMD: ACTCMD    R_f0= 0x10    at time   56957995 ps
inst0 ch0:  R_CMD: ACTCMD    R_r1= 0x3f    at time   56958409 ps
inst0 ch0:  R_CMD: ACTCMD    R_f1= 0x3b    at time   56958823 ps
inst0 ch0:  R_CMD: ACTCMD    R_r0= 0x02    at time   56959237 ps
inst0 ch0:  R_CMD: ACTCMD    R_f0= 0x18    at time   56959651 ps
inst0 ch0:  R_CMD: ACTCMD    R_r1= 0x3f    at time   56960065 ps
inst0 ch0:  R_CMD: ACTCMD    R_f1= 0x3b    at time   56960479 ps
inst0 ch0:  C_CMD: WRCMD     C_r = 0x009   at time   56968345 ps
inst0 ch0:  C_CMD: WRCMD     C_f = 0x07a   at time   56968759 ps
inst0 ch0:  C_CMD: WRCMD     C_r = 0x009   at time   56970001 ps
inst0 ch0:  C_CMD: WRCMD     C_f = 0x0fa   at time   56970415 ps
inst0 ch0:  R_CMD: ACTCMD    R_r0= 0x0a    at time   57213433 ps
inst0 ch0:  R_CMD: ACTCMD    R_f0= 0x10    at time   57213847 ps
inst0 ch0:  R_CMD: ACTCMD    R_r1= 0x3f    at time   57214261 ps
inst0 ch0:  R_CMD: ACTCMD    R_f1= 0x3b    at time   57214675 ps
inst0 ch0:  C_CMD: WRCMD     C_r = 0x019   at time   57224197 ps
inst0 ch0:  C_CMD: WRCMD     C_f = 0x07a   at time   57224611 ps
inst0 ch0:  R_CMD: ACTCMD    R_r0= 0x0a    at time   57609217 ps
inst0 ch0:  R_CMD: ACTCMD    R_f0= 0x18    at time   57609631 ps
inst0 ch0:  R_CMD: ACTCMD    R_r1= 0x3f    at time   57610045 ps
inst0 ch0:  R_CMD: ACTCMD    R_f1= 0x3b    at time   57610459 ps
inst0 ch0:  C_CMD: WRCMD     C_r = 0x019   at time   57619981 ps
inst0 ch0:  C_CMD: WRCMD     C_f = 0x0fa   at time   57620395 ps
inst0 ch0:  R_CMD: ACTCMD    R_r0= 0x02    at time   57708577 ps
inst0 ch0:  R_CMD: ACTCMD    R_f0= 0x30    at time   57708991 ps
inst0 ch0:  R_CMD: ACTCMD    R_r1= 0x3f    at time   57709405 ps
inst0 ch0:  R_CMD: ACTCMD    R_f1= 0x3b    at time   57709819 ps
inst0 ch0:  C_CMD: WRCMD     C_r = 0x089   at time   57719341 ps
inst0 ch0:  C_CMD: WRCMD     C_f = 0x07a   at time   57719755 ps
inst0 ch0:  R_CMD: ACTCMD    R_r0= 0x02    at time   57735901 ps
inst0 ch0:  R_CMD: ACTCMD    R_f0= 0x38    at time   57736315 ps
inst0 ch0:  R_CMD: ACTCMD    R_r1= 0x3f    at time   57736729 ps
inst0 ch0:  R_CMD: ACTCMD    R_f1= 0x3b    at time   57737143 ps
inst0 ch0:  C_CMD: WRCMD     C_r = 0x089   at time   57746665 ps
inst0 ch0:  C_CMD: WRCMD     C_f = 0x0fa   at time   57747079 ps
inst0 ch0:  R_CMD: ACTCMD    R_r0= 0x0a    at time   57861757 ps
inst0 ch0:  R_CMD: ACTCMD    R_f0= 0x30    at time   57862171 ps
inst0 ch0:  R_CMD: ACTCMD    R_r1= 0x3f    at time   57862585 ps
inst0 ch0:  R_CMD: ACTCMD    R_f1= 0x3b    at time   57862999 ps
inst0 ch0:  C_CMD: WRCMD     C_r = 0x099   at time   57872521 ps
inst0 ch0:  C_CMD: WRCMD     C_f = 0x07a   at time   57872935 ps
inst0 ch0:  R_CMD: ACTCMD    R_r0= 0x0a    at time   57894049 ps
inst0 ch0:  R_CMD: ACTCMD    R_f0= 0x38    at time   57894463 ps
inst0 ch0:  R_CMD: ACTCMD    R_r1= 0x3f    at time   57894877 ps
inst0 ch0:  R_CMD: ACTCMD    R_f1= 0x3b    at time   57895291 ps
inst0 ch0:  C_CMD: WRCMD     C_r = 0x099   at time   57904813 ps
inst0 ch0:  C_CMD: WRCMD     C_f = 0x0fa   at time   57905227 ps
inst0 ch0:  R_CMD: ACTCMD    R_r0= 0x0a    at time   58780009 ps
inst0 ch0:  R_CMD: ACTCMD    R_f0= 0x1b    at time   58780423 ps
inst0 ch0:  R_CMD: ACTCMD    R_r1= 0x3f    at time   58780837 ps
inst0 ch0:  R_CMD: ACTCMD    R_f1= 0x3b    at time   58781251 ps
inst0 ch0:  C_CMD: WRCMD     C_r = 0x019   at time   58790773 ps
inst0 ch0:  C_CMD: WRCMD     C_f = 0x090   at time   58791187 ps
inst0 ch0:  R_CMD: ACTCMD    R_r0= 0x0a    at time   58811473 ps
inst0 ch0:  R_CMD: ACTCMD    R_f0= 0x13    at time   58811887 ps
inst0 ch0:  R_CMD: ACTCMD    R_r1= 0x3f    at time   58812301 ps
inst0 ch0:  R_CMD: ACTCMD    R_f1= 0x3b    at time   58812715 ps
inst0 ch0:  C_CMD: WRCMD     C_r = 0x019   at time   58822237 ps
inst0 ch0:  C_CMD: WRCMD     C_f = 0x010   at time   58822651 ps
inst0 ch0:  R_CMD: ACTCMD    R_r0= 0x02    at time   59097133 ps
inst0 ch0:  R_CMD: ACTCMD    R_f0= 0x1b    at time   59097547 ps
inst0 ch0:  R_CMD: ACTCMD    R_r1= 0x3f    at time   59097961 ps
inst0 ch0:  R_CMD: ACTCMD    R_f1= 0x3b    at time   59098375 ps
inst0 ch0:  C_CMD: WRCMD     C_r = 0x009   at time   59107897 ps
inst0 ch0:  C_CMD: WRCMD     C_f = 0x080   at time   59108311 ps
inst0 ch0:  R_CMD: ACTCMD    R_r0= 0x02    at time   59326489 ps
inst0 ch0:  R_CMD: ACTCMD    R_f0= 0x13    at time   59326903 ps
inst0 ch0:  R_CMD: ACTCMD    R_r1= 0x3f    at time   59327317 ps
inst0 ch0:  R_CMD: ACTCMD    R_f1= 0x3b    at time   59327731 ps
inst0 ch0:  C_CMD: WRCMD     C_r = 0x009   at time   59337253 ps
inst0 ch0:  C_CMD: WRCMD     C_f = 0x000   at time   59337667 ps
inst0 ch0:  R_CMD: ACTCMD    R_r0= 0x02    at time   60628933 ps
inst0 ch0:  R_CMD: ACTCMD    R_f0= 0x08    at time   60629347 ps
inst0 ch0:  R_CMD: ACTCMD    R_r1= 0x00    at time   60629761 ps
inst0 ch0:  R_CMD: ACTCMD    R_f1= 0x00    at time   60630175 ps
inst0 ch0:  C_CMD: RDCMD     C_r = 0x005   at time   60643837 ps
inst0 ch0:  C_CMD: RDCMD     C_f = 0x098   at time   60644251 ps
inst0 ch0:  C_CMD: RDCMD     C_r = 0x005   at time   60647149 ps
inst0 ch0:  C_CMD: RDCMD     C_f = 0x09a   at time   60647563 ps
inst0 ch0:  C_CMD: RDCMD     C_r = 0x005   at time   60650461 ps
inst0 ch0:  C_CMD: RDCMD     C_f = 0x090   at time   60650875 ps
inst0 ch0:  C_CMD: RDCMD     C_r = 0x005   at time   60653773 ps
inst0 ch0:  C_CMD: RDCMD     C_f = 0x092   at time   60654187 ps
inst0 ch0:  C_CMD: RDCMD     C_r = 0x005   at time   60657085 ps
inst0 ch0:  C_CMD: RDCMD     C_f = 0x088   at time   60657499 ps
inst0 ch0:  C_CMD: RDCMD     C_r = 0x005   at time   60660397 ps
inst0 ch0:  C_CMD: RDCMD     C_f = 0x08a   at time   60660811 ps
inst0 ch0:  C_CMD: RDCMD     C_r = 0x005   at time   60663709 ps
inst0 ch0:  C_CMD: RDCMD     C_f = 0x080   at time   60664123 ps
inst0 ch0:  C_CMD: RDCMD     C_r = 0x00d   at time   60667021 ps
inst0 ch0:  C_CMD: RDCMD     C_f = 0x082   at time   60667435 ps
inst0 ch0:  R_CMD: ACTCMD    R_r0= 0x02    at time   60801985 ps
inst0 ch0:  R_CMD: ACTCMD    R_f0= 0x00    at time   60802399 ps
inst0 ch0:  R_CMD: ACTCMD    R_r1= 0x00    at time   60802813 ps
inst0 ch0:  R_CMD: ACTCMD    R_f1= 0x00    at time   60803227 ps
inst0 ch0:  C_CMD: RDCMD     C_r = 0x005   at time   60816889 ps
inst0 ch0:  C_CMD: RDCMD     C_f = 0x018   at time   60817303 ps
inst0 ch0:  C_CMD: RDCMD     C_r = 0x005   at time   60820201 ps
inst0 ch0:  C_CMD: RDCMD     C_f = 0x01a   at time   60820615 ps
inst0 ch0:  C_CMD: RDCMD     C_r = 0x005   at time   60823513 ps
inst0 ch0:  C_CMD: RDCMD     C_f = 0x010   at time   60823927 ps
inst0 ch0:  C_CMD: RDCMD     C_r = 0x005   at time   60826825 ps
inst0 ch0:  C_CMD: RDCMD     C_f = 0x012   at time   60827239 ps
inst0 ch0:  C_CMD: RDCMD     C_r = 0x005   at time   60830137 ps
inst0 ch0:  C_CMD: RDCMD     C_f = 0x008   at time   60830551 ps
inst0 ch0:  C_CMD: RDCMD     C_r = 0x005   at time   60833449 ps
inst0 ch0:  C_CMD: RDCMD     C_f = 0x00a   at time   60833863 ps
inst0 ch0:  C_CMD: RDCMD     C_r = 0x005   at time   60836761 ps
inst0 ch0:  C_CMD: RDCMD     C_f = 0x000   at time   60837175 ps
inst0 ch0:  C_CMD: RDCMD     C_r = 0x00d   at time   60840073 ps
inst0 ch0:  C_CMD: RDCMD     C_f = 0x002   at time   60840487 ps
inst0 ch0:  R_CMD: ACTCMD    R_r0= 0x0a    at time   60989941 ps
inst0 ch0:  R_CMD: ACTCMD    R_f0= 0x08    at time   60990355 ps
inst0 ch0:  R_CMD: ACTCMD    R_r1= 0x00    at time   60990769 ps
inst0 ch0:  R_CMD: ACTCMD    R_f1= 0x00    at time   60991183 ps
inst0 ch0:  C_CMD: RDCMD     C_r = 0x015   at time   61004845 ps
inst0 ch0:  C_CMD: RDCMD     C_f = 0x098   at time   61005259 ps
inst0 ch0:  C_CMD: RDCMD     C_r = 0x015   at time   61008157 ps
inst0 ch0:  C_CMD: RDCMD     C_f = 0x09a   at time   61008571 ps
inst0 ch0:  C_CMD: RDCMD     C_r = 0x015   at time   61011469 ps
inst0 ch0:  C_CMD: RDCMD     C_f = 0x090   at time   61011883 ps
inst0 ch0:  C_CMD: RDCMD     C_r = 0x015   at time   61014781 ps
inst0 ch0:  C_CMD: RDCMD     C_f = 0x092   at time   61015195 ps
inst0 ch0:  C_CMD: RDCMD     C_r = 0x015   at time   61018093 ps
inst0 ch0:  C_CMD: RDCMD     C_f = 0x088   at time   61018507 ps
inst0 ch0:  C_CMD: RDCMD     C_r = 0x015   at time   61021405 ps
inst0 ch0:  C_CMD: RDCMD     C_f = 0x08a   at time   61021819 ps
inst0 ch0:  C_CMD: RDCMD     C_r = 0x015   at time   61024717 ps
inst0 ch0:  C_CMD: RDCMD     C_f = 0x080   at time   61025131 ps
inst0 ch0:  C_CMD: RDCMD     C_r = 0x01d   at time   61028029 ps
inst0 ch0:  C_CMD: RDCMD     C_f = 0x082   at time   61028443 ps
inst0 ch0:  R_CMD: ACTCMD    R_r0= 0x0a    at time   61287193 ps
inst0 ch0:  R_CMD: ACTCMD    R_f0= 0x00    at time   61287607 ps
inst0 ch0:  R_CMD: ACTCMD    R_r1= 0x00    at time   61288021 ps
inst0 ch0:  R_CMD: ACTCMD    R_f1= 0x00    at time   61288435 ps
inst0 ch0:  R_CMD: ACTCMD    R_r0= 0x0a    at time   61291333 ps
inst0 ch0:  R_CMD: ACTCMD    R_f0= 0x08    at time   61291747 ps
inst0 ch0:  R_CMD: ACTCMD    R_r1= 0x00    at time   61292161 ps
inst0 ch0:  R_CMD: ACTCMD    R_f1= 0x00    at time   61292575 ps
inst0 ch0:  C_CMD: RDCMD     C_r = 0x015   at time   61302097 ps
inst0 ch0:  C_CMD: RDCMD     C_f = 0x018   at time   61302511 ps
inst0 ch0:  C_CMD: WRCMD     C_r = 0x011   at time   61302925 ps
inst0 ch0:  C_CMD: WRCMD     C_f = 0x0b8   at time   61303339 ps
inst0 ch0:  C_CMD: RDCMD     C_r = 0x015   at time   61305409 ps
inst0 ch0:  C_CMD: RDCMD     C_f = 0x01a   at time   61305823 ps
inst0 ch0:  C_CMD: WRCMD     C_r = 0x011   at time   61306237 ps
inst0 ch0:  C_CMD: WRCMD     C_f = 0x0ba   at time   61306651 ps
inst0 ch0:  C_CMD: RDCMD     C_r = 0x015   at time   61308721 ps
inst0 ch0:  C_CMD: RDCMD     C_f = 0x010   at time   61309135 ps
inst0 ch0:  C_CMD: WRCMD     C_r = 0x011   at time   61309549 ps
inst0 ch0:  C_CMD: WRCMD     C_f = 0x0b0   at time   61309963 ps
inst0 ch0:  C_CMD: RDCMD     C_r = 0x01d   at time   61312033 ps
inst0 ch0:  C_CMD: RDCMD     C_f = 0x012   at time   61312447 ps
inst0 ch0:  C_CMD: WRCMD     C_r = 0x011   at time   61312861 ps
inst0 ch0:  C_CMD: WRCMD     C_f = 0x0b2   at time   61313275 ps
inst0 ch0:  C_CMD: WRCMD     C_r = 0x011   at time   61316173 ps
inst0 ch0:  C_CMD: WRCMD     C_f = 0x0a8   at time   61316587 ps
inst0 ch0:  C_CMD: WRCMD     C_r = 0x011   at time   61319485 ps
inst0 ch0:  C_CMD: WRCMD     C_f = 0x0aa   at time   61319899 ps
inst0 ch0:  C_CMD: WRCMD     C_r = 0x011   at time   61322797 ps
inst0 ch0:  C_CMD: WRCMD     C_f = 0x0a0   at time   61323211 ps
inst0 ch0:  C_CMD: WRCMD     C_r = 0x019   at time   61326109 ps
inst0 ch0:  C_CMD: WRCMD     C_f = 0x0a2   at time   61326523 ps
inst0 ch0:  R_CMD: ACTCMD    R_r0= 0x0a    at time   61350949 ps
inst0 ch0:  R_CMD: ACTCMD    R_f0= 0x00    at time   61351363 ps
inst0 ch0:  R_CMD: ACTCMD    R_r1= 0x00    at time   61351777 ps
inst0 ch0:  R_CMD: ACTCMD    R_f1= 0x00    at time   61352191 ps
inst0 ch0:  C_CMD: RDCMD     C_r = 0x015   at time   61365853 ps
inst0 ch0:  C_CMD: RDCMD     C_f = 0x008   at time   61366267 ps
inst0 ch0:  C_CMD: RDCMD     C_r = 0x015   at time   61369165 ps
inst0 ch0:  C_CMD: RDCMD     C_f = 0x00a   at time   61369579 ps
inst0 ch0:  C_CMD: RDCMD     C_r = 0x015   at time   61372477 ps
inst0 ch0:  C_CMD: RDCMD     C_f = 0x000   at time   61372891 ps
inst0 ch0:  C_CMD: RDCMD     C_r = 0x01d   at time   61375789 ps
inst0 ch0:  C_CMD: RDCMD     C_f = 0x002   at time   61376203 ps
inst0 ch0:  R_CMD: ACTCMD    R_r0= 0x0a    at time   61606801 ps
inst0 ch0:  R_CMD: ACTCMD    R_f0= 0x00    at time   61607215 ps
inst0 ch0:  R_CMD: ACTCMD    R_r1= 0x00    at time   61607629 ps
inst0 ch0:  R_CMD: ACTCMD    R_f1= 0x00    at time   61608043 ps
inst0 ch0:  C_CMD: WRCMD     C_r = 0x011   at time   61617565 ps
inst0 ch0:  C_CMD: WRCMD     C_f = 0x038   at time   61617979 ps
inst0 ch0:  C_CMD: WRCMD     C_r = 0x011   at time   61620877 ps
inst0 ch0:  C_CMD: WRCMD     C_f = 0x03a   at time   61621291 ps
inst0 ch0:  C_CMD: WRCMD     C_r = 0x011   at time   61624189 ps
inst0 ch0:  C_CMD: WRCMD     C_f = 0x030   at time   61624603 ps
inst0 ch0:  C_CMD: WRCMD     C_r = 0x011   at time   61627501 ps
inst0 ch0:  C_CMD: WRCMD     C_f = 0x032   at time   61627915 ps
inst0 ch0:  C_CMD: WRCMD     C_r = 0x011   at time   61630813 ps
inst0 ch0:  C_CMD: WRCMD     C_f = 0x028   at time   61631227 ps
inst0 ch0:  C_CMD: WRCMD     C_r = 0x011   at time   61634125 ps
inst0 ch0:  C_CMD: WRCMD     C_f = 0x02a   at time   61634539 ps
inst0 ch0:  C_CMD: WRCMD     C_r = 0x011   at time   61637437 ps
inst0 ch0:  C_CMD: WRCMD     C_f = 0x020   at time   61637851 ps
inst0 ch0:  C_CMD: WRCMD     C_r = 0x019   at time   61640749 ps
inst0 ch0:  C_CMD: WRCMD     C_f = 0x022   at time   61641163 ps
inst0 ch0:  R_CMD: ACTCMD    R_r0= 0x02    at time   62236081 ps
inst0 ch0:  R_CMD: ACTCMD    R_f0= 0x1b    at time   62236495 ps
inst0 ch0:  R_CMD: ACTCMD    R_r1= 0x3f    at time   62236909 ps
inst0 ch0:  R_CMD: ACTCMD    R_f1= 0x3b    at time   62237323 ps
inst0 ch0:  C_CMD: WRCMD     C_r = 0x009   at time   62246845 ps
inst0 ch0:  C_CMD: WRCMD     C_f = 0x080   at time   62247259 ps
inst0 ch0:  R_CMD: ACTCMD    R_r0= 0x02    at time   62358625 ps
inst0 ch0:  R_CMD: ACTCMD    R_f0= 0x13    at time   62359039 ps
inst0 ch0:  R_CMD: ACTCMD    R_r1= 0x3f    at time   62359453 ps
inst0 ch0:  R_CMD: ACTCMD    R_f1= 0x3b    at time   62359867 ps
inst0 ch0:  C_CMD: WRCMD     C_r = 0x009   at time   62369389 ps
inst0 ch0:  C_CMD: WRCMD     C_f = 0x000   at time   62369803 ps
inst0 ch0:  R_CMD: ACTCMD    R_r0= 0x0a    at time   62751097 ps
inst0 ch0:  R_CMD: ACTCMD    R_f0= 0x11    at time   62751511 ps
inst0 ch0:  R_CMD: ACTCMD    R_r1= 0x3f    at time   62751925 ps
inst0 ch0:  R_CMD: ACTCMD    R_f1= 0x3b    at time   62752339 ps
inst0 ch0:  R_CMD: ACTCMD    R_r0= 0x02    at time   62755237 ps
inst0 ch0:  R_CMD: ACTCMD    R_f0= 0x11    at time   62755651 ps
inst0 ch0:  R_CMD: ACTCMD    R_r1= 0x3f    at time   62756065 ps
inst0 ch0:  R_CMD: ACTCMD    R_f1= 0x3b    at time   62756479 ps
inst0 ch0:  C_CMD: WRCMD     C_r = 0x019   at time   62761861 ps
inst0 ch0:  C_CMD: WRCMD     C_f = 0x07a   at time   62762275 ps
inst0 ch0:  C_CMD: WRCMD     C_r = 0x009   at time   62766001 ps
inst0 ch0:  C_CMD: WRCMD     C_f = 0x07a   at time   62766415 ps
inst0 ch0:  R_CMD: ACTCMD    R_r0= 0x0a    at time   62774281 ps
inst0 ch0:  R_CMD: ACTCMD    R_f0= 0x19    at time   62774695 ps
inst0 ch0:  R_CMD: ACTCMD    R_r1= 0x3f    at time   62775109 ps
inst0 ch0:  R_CMD: ACTCMD    R_f1= 0x3b    at time   62775523 ps
inst0 ch0:  R_CMD: ACTCMD    R_r0= 0x02    at time   62778421 ps
inst0 ch0:  R_CMD: ACTCMD    R_f0= 0x19    at time   62778835 ps
inst0 ch0:  R_CMD: ACTCMD    R_r1= 0x3f    at time   62779249 ps
inst0 ch0:  R_CMD: ACTCMD    R_f1= 0x3b    at time   62779663 ps
inst0 ch0:  C_CMD: WRCMD     C_r = 0x019   at time   62785045 ps
inst0 ch0:  C_CMD: WRCMD     C_f = 0x0fa   at time   62785459 ps
inst0 ch0:  C_CMD: WRCMD     C_r = 0x009   at time   62789185 ps
inst0 ch0:  C_CMD: WRCMD     C_f = 0x0fa   at time   62789599 ps
inst0 ch0:  R_CMD: ACTCMD    R_r0= 0x0a    at time   63189109 ps
inst0 ch0:  R_CMD: ACTCMD    R_f0= 0x0a    at time   63189523 ps
inst0 ch0:  R_CMD: ACTCMD    R_r1= 0x00    at time   63189937 ps
inst0 ch0:  R_CMD: ACTCMD    R_f1= 0x00    at time   63190351 ps
inst0 ch0:  R_CMD: ACTCMD    R_r0= 0x02    at time   63193249 ps
inst0 ch0:  R_CMD: ACTCMD    R_f0= 0x0a    at time   63193663 ps
inst0 ch0:  R_CMD: ACTCMD    R_r1= 0x00    at time   63194077 ps
inst0 ch0:  R_CMD: ACTCMD    R_f1= 0x00    at time   63194491 ps
inst0 ch0:  C_CMD: RDCMD     C_r = 0x015   at time   63204013 ps
inst0 ch0:  C_CMD: RDCMD     C_f = 0x080   at time   63204427 ps
inst0 ch0:  C_CMD: RDCMD     C_r = 0x01d   at time   63207325 ps
inst0 ch0:  C_CMD: RDCMD     C_f = 0x082   at time   63207739 ps
inst0 ch0:  C_CMD: RDCMD     C_r = 0x005   at time   63210637 ps
inst0 ch0:  C_CMD: RDCMD     C_f = 0x080   at time   63211051 ps
inst0 ch0:  C_CMD: RDCMD     C_r = 0x00d   at time   63213949 ps
inst0 ch0:  C_CMD: RDCMD     C_f = 0x082   at time   63214363 ps
inst0 ch0:  R_CMD: ACTCMD    R_r0= 0x0a    at time   63474769 ps
inst0 ch0:  R_CMD: ACTCMD    R_f0= 0x02    at time   63475183 ps
inst0 ch0:  R_CMD: ACTCMD    R_r1= 0x00    at time   63475597 ps
inst0 ch0:  R_CMD: ACTCMD    R_f1= 0x00    at time   63476011 ps
inst0 ch0:  R_CMD: ACTCMD    R_r0= 0x02    at time   63478909 ps
inst0 ch0:  R_CMD: ACTCMD    R_f0= 0x02    at time   63479323 ps
inst0 ch0:  R_CMD: ACTCMD    R_r1= 0x00    at time   63479737 ps
inst0 ch0:  R_CMD: ACTCMD    R_f1= 0x00    at time   63480151 ps
inst0 ch0:  C_CMD: RDCMD     C_r = 0x015   at time   63489673 ps
inst0 ch0:  C_CMD: RDCMD     C_f = 0x000   at time   63490087 ps
inst0 ch0:  C_CMD: RDCMD     C_r = 0x01d   at time   63492985 ps
inst0 ch0:  C_CMD: RDCMD     C_f = 0x002   at time   63493399 ps
inst0 ch0:  C_CMD: RDCMD     C_r = 0x005   at time   63496297 ps
inst0 ch0:  C_CMD: RDCMD     C_f = 0x000   at time   63496711 ps
inst0 ch0:  C_CMD: RDCMD     C_r = 0x00d   at time   63499609 ps
inst0 ch0:  C_CMD: RDCMD     C_f = 0x002   at time   63500023 ps
