inst0 ch0:  R_CMD: ACTCMD    R_r0= 0x0e    at time   33400981 ps
inst0 ch0:  R_CMD: ACTCMD    R_f0= 0x28    at time   33401395 ps
inst0 ch0:  R_CMD: ACTCMD    R_r1= 0x00    at time   33401809 ps
inst0 ch0:  R_CMD: ACTCMD    R_f1= 0x02    at time   33402223 ps
inst0 ch0:  R_CMD: ACTCMD    R_r0= 0x0e    at time   33403465 ps
inst0 ch0:  R_CMD: ACTCMD    R_f0= 0x20    at time   33403879 ps
inst0 ch0:  R_CMD: ACTCMD    R_r1= 0x00    at time   33404293 ps
inst0 ch0:  R_CMD: ACTCMD    R_f1= 0x02    at time   33404707 ps
inst0 ch0:  C_CMD: RDCMD     C_r = 0x095   at time   33415885 ps
inst0 ch0:  C_CMD: RDCMD     C_f = 0x0a9   at time   33416299 ps
inst0 ch0:  C_CMD: RDCMD     C_r = 0x095   at time   33418369 ps
inst0 ch0:  C_CMD: RDCMD     C_f = 0x029   at time   33418783 ps
inst0 ch0:  C_CMD: RDCMD     C_r = 0x095   at time   33419197 ps
inst0 ch0:  C_CMD: RDCMD     C_f = 0x0ab   at time   33419611 ps
inst0 ch0:  C_CMD: RDCMD     C_r = 0x095   at time   33421681 ps
inst0 ch0:  C_CMD: RDCMD     C_f = 0x02b   at time   33422095 ps
inst0 ch0:  C_CMD: RDCMD     C_r = 0x095   at time   33422509 ps
inst0 ch0:  C_CMD: RDCMD     C_f = 0x0a1   at time   33422923 ps
inst0 ch0:  C_CMD: RDCMD     C_r = 0x095   at time   33424993 ps
inst0 ch0:  C_CMD: RDCMD     C_f = 0x021   at time   33425407 ps
inst0 ch0:  C_CMD: RDCMD     C_r = 0x09d   at time   33425821 ps
inst0 ch0:  C_CMD: RDCMD     C_f = 0x0a3   at time   33426235 ps
inst0 ch0:  C_CMD: RDCMD     C_r = 0x09d   at time   33428305 ps
inst0 ch0:  C_CMD: RDCMD     C_f = 0x023   at time   33428719 ps
inst0 ch0:  R_CMD: ACTCMD    R_r0= 0x0e    at time   33624541 ps
inst0 ch0:  R_CMD: ACTCMD    R_f0= 0x28    at time   33624955 ps
inst0 ch0:  R_CMD: ACTCMD    R_r1= 0x00    at time   33625369 ps
inst0 ch0:  R_CMD: ACTCMD    R_f1= 0x02    at time   33625783 ps
inst0 ch0:  R_CMD: ACTCMD    R_r0= 0x0e    at time   33626197 ps
inst0 ch0:  R_CMD: ACTCMD    R_f0= 0x20    at time   33626611 ps
inst0 ch0:  R_CMD: ACTCMD    R_r1= 0x00    at time   33627025 ps
inst0 ch0:  R_CMD: ACTCMD    R_f1= 0x02    at time   33627439 ps
inst0 ch0:  C_CMD: WRCMD     C_r = 0x091   at time   33635305 ps
inst0 ch0:  C_CMD: WRCMD     C_f = 0x0a9   at time   33635719 ps
inst0 ch0:  C_CMD: WRCMD     C_r = 0x091   at time   33636961 ps
inst0 ch0:  C_CMD: WRCMD     C_f = 0x029   at time   33637375 ps
inst0 ch0:  C_CMD: WRCMD     C_r = 0x091   at time   33638617 ps
inst0 ch0:  C_CMD: WRCMD     C_f = 0x0ab   at time   33639031 ps
inst0 ch0:  C_CMD: WRCMD     C_r = 0x091   at time   33640273 ps
inst0 ch0:  C_CMD: WRCMD     C_f = 0x02b   at time   33640687 ps
inst0 ch0:  C_CMD: WRCMD     C_r = 0x091   at time   33641929 ps
inst0 ch0:  C_CMD: WRCMD     C_f = 0x0a1   at time   33642343 ps
inst0 ch0:  C_CMD: WRCMD     C_r = 0x091   at time   33643585 ps
inst0 ch0:  C_CMD: WRCMD     C_f = 0x021   at time   33643999 ps
inst0 ch0:  C_CMD: WRCMD     C_r = 0x099   at time   33645241 ps
inst0 ch0:  C_CMD: WRCMD     C_f = 0x0a3   at time   33645655 ps
inst0 ch0:  C_CMD: WRCMD     C_r = 0x099   at time   33646897 ps
inst0 ch0:  C_CMD: WRCMD     C_f = 0x023   at time   33647311 ps
inst0 ch0:  R_CMD: ACTCMD    R_r0= 0x2e    at time   37742185 ps
inst0 ch0:  R_CMD: ACTCMD    R_f0= 0x28    at time   37742599 ps
inst0 ch0:  R_CMD: ACTCMD    R_r1= 0x00    at time   37743013 ps
inst0 ch0:  R_CMD: ACTCMD    R_f1= 0x02    at time   37743427 ps
inst0 ch0:  R_CMD: ACTCMD    R_r0= 0x2e    at time   37744669 ps
inst0 ch0:  R_CMD: ACTCMD    R_f0= 0x20    at time   37745083 ps
inst0 ch0:  R_CMD: ACTCMD    R_r1= 0x00    at time   37745497 ps
inst0 ch0:  R_CMD: ACTCMD    R_f1= 0x02    at time   37745911 ps
inst0 ch0:  C_CMD: RDCMD     C_r = 0x0d5   at time   37757089 ps
inst0 ch0:  C_CMD: RDCMD     C_f = 0x0a9   at time   37757503 ps
inst0 ch0:  C_CMD: RDCMD     C_r = 0x0d5   at time   37759573 ps
inst0 ch0:  C_CMD: RDCMD     C_f = 0x029   at time   37759987 ps
inst0 ch0:  C_CMD: RDCMD     C_r = 0x0d5   at time   37760401 ps
inst0 ch0:  C_CMD: RDCMD     C_f = 0x0ab   at time   37760815 ps
inst0 ch0:  C_CMD: RDCMD     C_r = 0x0d5   at time   37762885 ps
inst0 ch0:  C_CMD: RDCMD     C_f = 0x02b   at time   37763299 ps
inst0 ch0:  C_CMD: RDCMD     C_r = 0x0d5   at time   37763713 ps
inst0 ch0:  C_CMD: RDCMD     C_f = 0x0a1   at time   37764127 ps
inst0 ch0:  C_CMD: RDCMD     C_r = 0x0d5   at time   37766197 ps
inst0 ch0:  C_CMD: RDCMD     C_f = 0x021   at time   37766611 ps
inst0 ch0:  C_CMD: RDCMD     C_r = 0x0dd   at time   37767025 ps
inst0 ch0:  C_CMD: RDCMD     C_f = 0x0a3   at time   37767439 ps
inst0 ch0:  C_CMD: RDCMD     C_r = 0x0dd   at time   37769509 ps
inst0 ch0:  C_CMD: RDCMD     C_f = 0x023   at time   37769923 ps
inst0 ch0:  R_CMD: ACTCMD    R_r0= 0x2e    at time   37812565 ps
inst0 ch0:  R_CMD: ACTCMD    R_f0= 0x28    at time   37812979 ps
inst0 ch0:  R_CMD: ACTCMD    R_r1= 0x00    at time   37813393 ps
inst0 ch0:  R_CMD: ACTCMD    R_f1= 0x02    at time   37813807 ps
inst0 ch0:  R_CMD: ACTCMD    R_r0= 0x2e    at time   37815049 ps
inst0 ch0:  R_CMD: ACTCMD    R_f0= 0x20    at time   37815463 ps
inst0 ch0:  R_CMD: ACTCMD    R_r1= 0x00    at time   37815877 ps
inst0 ch0:  R_CMD: ACTCMD    R_f1= 0x02    at time   37816291 ps
inst0 ch0:  C_CMD: WRCMD     C_r = 0x0d1   at time   37823329 ps
inst0 ch0:  C_CMD: WRCMD     C_f = 0x0a9   at time   37823743 ps
inst0 ch0:  C_CMD: WRCMD     C_r = 0x0d1   at time   37825813 ps
inst0 ch0:  C_CMD: WRCMD     C_f = 0x029   at time   37826227 ps
inst0 ch0:  C_CMD: WRCMD     C_r = 0x0d1   at time   37826641 ps
inst0 ch0:  C_CMD: WRCMD     C_f = 0x0ab   at time   37827055 ps
inst0 ch0:  C_CMD: WRCMD     C_r = 0x0d1   at time   37829125 ps
inst0 ch0:  C_CMD: WRCMD     C_f = 0x02b   at time   37829539 ps
inst0 ch0:  C_CMD: WRCMD     C_r = 0x0d1   at time   37829953 ps
inst0 ch0:  C_CMD: WRCMD     C_f = 0x0a1   at time   37830367 ps
inst0 ch0:  C_CMD: WRCMD     C_r = 0x0d1   at time   37832437 ps
inst0 ch0:  C_CMD: WRCMD     C_f = 0x021   at time   37832851 ps
inst0 ch0:  C_CMD: WRCMD     C_r = 0x0d9   at time   37833265 ps
inst0 ch0:  C_CMD: WRCMD     C_f = 0x0a3   at time   37833679 ps
inst0 ch0:  C_CMD: WRCMD     C_r = 0x0d9   at time   37835749 ps
inst0 ch0:  C_CMD: WRCMD     C_f = 0x023   at time   37836163 ps
inst0 ch0:  R_CMD: ACTCMD    R_r0= 0x22    at time   54505045 ps
inst0 ch0:  R_CMD: ACTCMD    R_f0= 0x2a    at time   54505459 ps
inst0 ch0:  R_CMD: ACTCMD    R_r1= 0x00    at time   54505873 ps
inst0 ch0:  R_CMD: ACTCMD    R_f1= 0x00    at time   54506287 ps
inst0 ch0:  R_CMD: ACTCMD    R_r0= 0x22    at time   54508357 ps
inst0 ch0:  R_CMD: ACTCMD    R_f0= 0x22    at time   54508771 ps
inst0 ch0:  R_CMD: ACTCMD    R_r1= 0x00    at time   54509185 ps
inst0 ch0:  R_CMD: ACTCMD    R_f1= 0x00    at time   54509599 ps
inst0 ch0:  R_CMD: ACTCMD    R_r0= 0x02    at time   54510013 ps
inst0 ch0:  R_CMD: ACTCMD    R_f0= 0x2a    at time   54510427 ps
inst0 ch0:  R_CMD: ACTCMD    R_r1= 0x00    at time   54510841 ps
inst0 ch0:  R_CMD: ACTCMD    R_f1= 0x00    at time   54511255 ps
inst0 ch0:  R_CMD: ACTCMD    R_r0= 0x02    at time   54512497 ps
inst0 ch0:  R_CMD: ACTCMD    R_f0= 0x22    at time   54512911 ps
inst0 ch0:  R_CMD: ACTCMD    R_r1= 0x00    at time   54513325 ps
inst0 ch0:  R_CMD: ACTCMD    R_f1= 0x00    at time   54513739 ps
inst0 ch0:  R_CMD: ACTCMD    R_r0= 0x22    at time   54514153 ps
inst0 ch0:  R_CMD: ACTCMD    R_f0= 0x0a    at time   54514567 ps
inst0 ch0:  R_CMD: ACTCMD    R_r1= 0x00    at time   54514981 ps
inst0 ch0:  R_CMD: ACTCMD    R_f1= 0x00    at time   54515395 ps
inst0 ch0:  R_CMD: ACTCMD    R_r0= 0x22    at time   54516637 ps
inst0 ch0:  R_CMD: ACTCMD    R_f0= 0x02    at time   54517051 ps
inst0 ch0:  R_CMD: ACTCMD    R_r1= 0x00    at time   54517465 ps
inst0 ch0:  R_CMD: ACTCMD    R_f1= 0x00    at time   54517879 ps
inst0 ch0:  R_CMD: ACTCMD    R_r0= 0x02    at time   54518293 ps
inst0 ch0:  R_CMD: ACTCMD    R_f0= 0x0a    at time   54518707 ps
inst0 ch0:  R_CMD: ACTCMD    R_r1= 0x00    at time   54519121 ps
inst0 ch0:  R_CMD: ACTCMD    R_f1= 0x00    at time   54519535 ps
inst0 ch0:  C_CMD: RDCMD     C_r = 0x0c5   at time   54519949 ps
inst0 ch0:  C_CMD: RDCMD     C_f = 0x080   at time   54520363 ps
inst0 ch0:  R_CMD: ACTCMD    R_r0= 0x02    at time   54520777 ps
inst0 ch0:  R_CMD: ACTCMD    R_f0= 0x02    at time   54521191 ps
inst0 ch0:  R_CMD: ACTCMD    R_r1= 0x00    at time   54521605 ps
inst0 ch0:  R_CMD: ACTCMD    R_f1= 0x00    at time   54522019 ps
inst0 ch0:  C_CMD: RDCMD     C_r = 0x0cd   at time   54523261 ps
inst0 ch0:  C_CMD: RDCMD     C_f = 0x082   at time   54523675 ps
inst0 ch0:  C_CMD: RDCMD     C_r = 0x0c5   at time   54524089 ps
inst0 ch0:  C_CMD: RDCMD     C_f = 0x000   at time   54524503 ps
inst0 ch0:  C_CMD: RDCMD     C_r = 0x085   at time   54524917 ps
inst0 ch0:  C_CMD: RDCMD     C_f = 0x080   at time   54525331 ps
inst0 ch0:  C_CMD: RDCMD     C_r = 0x0cd   at time   54527401 ps
inst0 ch0:  C_CMD: RDCMD     C_f = 0x002   at time   54527815 ps
inst0 ch0:  C_CMD: RDCMD     C_r = 0x08d   at time   54528229 ps
inst0 ch0:  C_CMD: RDCMD     C_f = 0x082   at time   54528643 ps
inst0 ch0:  C_CMD: RDCMD     C_r = 0x085   at time   54529057 ps
inst0 ch0:  C_CMD: RDCMD     C_f = 0x000   at time   54529471 ps
inst0 ch0:  C_CMD: RDCMD     C_r = 0x045   at time   54529885 ps
inst0 ch0:  C_CMD: RDCMD     C_f = 0x080   at time   54530299 ps
inst0 ch0:  C_CMD: RDCMD     C_r = 0x045   at time   54531541 ps
inst0 ch0:  C_CMD: RDCMD     C_f = 0x000   at time   54531955 ps
inst0 ch0:  C_CMD: RDCMD     C_r = 0x04d   at time   54533197 ps
inst0 ch0:  C_CMD: RDCMD     C_f = 0x082   at time   54533611 ps
inst0 ch0:  C_CMD: RDCMD     C_r = 0x08d   at time   54534025 ps
inst0 ch0:  C_CMD: RDCMD     C_f = 0x002   at time   54534439 ps
inst0 ch0:  C_CMD: RDCMD     C_r = 0x005   at time   54534853 ps
inst0 ch0:  C_CMD: RDCMD     C_f = 0x080   at time   54535267 ps
inst0 ch0:  C_CMD: RDCMD     C_r = 0x04d   at time   54535681 ps
inst0 ch0:  C_CMD: RDCMD     C_f = 0x002   at time   54536095 ps
inst0 ch0:  C_CMD: RDCMD     C_r = 0x005   at time   54537337 ps
inst0 ch0:  C_CMD: RDCMD     C_f = 0x000   at time   54537751 ps
inst0 ch0:  C_CMD: RDCMD     C_r = 0x00d   at time   54538165 ps
inst0 ch0:  C_CMD: RDCMD     C_f = 0x082   at time   54538579 ps
inst0 ch0:  C_CMD: RDCMD     C_r = 0x00d   at time   54540649 ps
inst0 ch0:  C_CMD: RDCMD     C_f = 0x002   at time   54541063 ps
inst0 ch0:  R_CMD: ACTCMD    R_r0= 0x2a    at time   55100377 ps
inst0 ch0:  R_CMD: ACTCMD    R_f0= 0x22    at time   55100791 ps
inst0 ch0:  R_CMD: ACTCMD    R_r1= 0x00    at time   55101205 ps
inst0 ch0:  R_CMD: ACTCMD    R_f1= 0x00    at time   55101619 ps
inst0 ch0:  R_CMD: ACTCMD    R_r0= 0x0a    at time   55104517 ps
inst0 ch0:  R_CMD: ACTCMD    R_f0= 0x22    at time   55104931 ps
inst0 ch0:  R_CMD: ACTCMD    R_r1= 0x00    at time   55105345 ps
inst0 ch0:  R_CMD: ACTCMD    R_f1= 0x00    at time   55105759 ps
inst0 ch0:  R_CMD: ACTCMD    R_r0= 0x2a    at time   55108657 ps
inst0 ch0:  R_CMD: ACTCMD    R_f0= 0x02    at time   55109071 ps
inst0 ch0:  R_CMD: ACTCMD    R_r1= 0x00    at time   55109485 ps
inst0 ch0:  R_CMD: ACTCMD    R_f1= 0x00    at time   55109899 ps
inst0 ch0:  R_CMD: ACTCMD    R_r0= 0x0a    at time   55112797 ps
inst0 ch0:  R_CMD: ACTCMD    R_f0= 0x02    at time   55113211 ps
inst0 ch0:  R_CMD: ACTCMD    R_r1= 0x00    at time   55113625 ps
inst0 ch0:  R_CMD: ACTCMD    R_f1= 0x00    at time   55114039 ps
inst0 ch0:  C_CMD: RDCMD     C_r = 0x0d5   at time   55115281 ps
inst0 ch0:  C_CMD: RDCMD     C_f = 0x000   at time   55115695 ps
inst0 ch0:  C_CMD: RDCMD     C_r = 0x0dd   at time   55118593 ps
inst0 ch0:  C_CMD: RDCMD     C_f = 0x002   at time   55119007 ps
inst0 ch0:  C_CMD: RDCMD     C_r = 0x095   at time   55120249 ps
inst0 ch0:  C_CMD: RDCMD     C_f = 0x000   at time   55120663 ps
inst0 ch0:  C_CMD: RDCMD     C_r = 0x09d   at time   55123561 ps
inst0 ch0:  C_CMD: RDCMD     C_f = 0x002   at time   55123975 ps
inst0 ch0:  C_CMD: RDCMD     C_r = 0x055   at time   55125217 ps
inst0 ch0:  C_CMD: RDCMD     C_f = 0x000   at time   55125631 ps
inst0 ch0:  C_CMD: RDCMD     C_r = 0x015   at time   55127701 ps
inst0 ch0:  C_CMD: RDCMD     C_f = 0x000   at time   55128115 ps
inst0 ch0:  C_CMD: RDCMD     C_r = 0x05d   at time   55129357 ps
inst0 ch0:  C_CMD: RDCMD     C_f = 0x002   at time   55129771 ps
inst0 ch0:  C_CMD: RDCMD     C_r = 0x01d   at time   55131013 ps
inst0 ch0:  C_CMD: RDCMD     C_f = 0x002   at time   55131427 ps
inst0 ch0:  R_CMD: ACTCMD    R_r0= 0x32    at time   55400941 ps
inst0 ch0:  R_CMD: ACTCMD    R_f0= 0x22    at time   55401355 ps
inst0 ch0:  R_CMD: ACTCMD    R_r1= 0x00    at time   55401769 ps
inst0 ch0:  R_CMD: ACTCMD    R_f1= 0x00    at time   55402183 ps
inst0 ch0:  R_CMD: ACTCMD    R_r0= 0x12    at time   55405081 ps
inst0 ch0:  R_CMD: ACTCMD    R_f0= 0x22    at time   55405495 ps
inst0 ch0:  R_CMD: ACTCMD    R_r1= 0x00    at time   55405909 ps
inst0 ch0:  R_CMD: ACTCMD    R_f1= 0x00    at time   55406323 ps
inst0 ch0:  R_CMD: ACTCMD    R_r0= 0x32    at time   55409221 ps
inst0 ch0:  R_CMD: ACTCMD    R_f0= 0x02    at time   55409635 ps
inst0 ch0:  R_CMD: ACTCMD    R_r1= 0x00    at time   55410049 ps
inst0 ch0:  R_CMD: ACTCMD    R_f1= 0x00    at time   55410463 ps
inst0 ch0:  R_CMD: ACTCMD    R_r0= 0x12    at time   55413361 ps
inst0 ch0:  R_CMD: ACTCMD    R_f0= 0x02    at time   55413775 ps
inst0 ch0:  R_CMD: ACTCMD    R_r1= 0x00    at time   55414189 ps
inst0 ch0:  R_CMD: ACTCMD    R_f1= 0x00    at time   55414603 ps
inst0 ch0:  C_CMD: RDCMD     C_r = 0x0e5   at time   55415845 ps
inst0 ch0:  C_CMD: RDCMD     C_f = 0x000   at time   55416259 ps
inst0 ch0:  C_CMD: RDCMD     C_r = 0x0ed   at time   55419157 ps
inst0 ch0:  C_CMD: RDCMD     C_f = 0x002   at time   55419571 ps
inst0 ch0:  C_CMD: RDCMD     C_r = 0x0a5   at time   55420813 ps
inst0 ch0:  C_CMD: RDCMD     C_f = 0x000   at time   55421227 ps
inst0 ch0:  C_CMD: RDCMD     C_r = 0x0ad   at time   55424125 ps
inst0 ch0:  C_CMD: RDCMD     C_f = 0x002   at time   55424539 ps
inst0 ch0:  C_CMD: RDCMD     C_r = 0x065   at time   55425781 ps
inst0 ch0:  C_CMD: RDCMD     C_f = 0x000   at time   55426195 ps
inst0 ch0:  R_CMD: ACTCMD    R_r0= 0x2a    at time   55427437 ps
inst0 ch0:  R_CMD: ACTCMD    R_f0= 0x2a    at time   55427851 ps
inst0 ch0:  R_CMD: ACTCMD    R_r1= 0x00    at time   55428265 ps
inst0 ch0:  C_CMD: RDCMD     C_r = 0x025   at time   55428265 ps
inst0 ch0:  R_CMD: ACTCMD    R_f1= 0x00    at time   55428679 ps
inst0 ch0:  C_CMD: RDCMD     C_f = 0x000   at time   55428679 ps
inst0 ch0:  C_CMD: RDCMD     C_r = 0x06d   at time   55429921 ps
inst0 ch0:  C_CMD: RDCMD     C_f = 0x002   at time   55430335 ps
inst0 ch0:  R_CMD: ACTCMD    R_r0= 0x0a    at time   55431577 ps
inst0 ch0:  C_CMD: RDCMD     C_r = 0x02d   at time   55431577 ps
inst0 ch0:  R_CMD: ACTCMD    R_f0= 0x2a    at time   55431991 ps
inst0 ch0:  C_CMD: RDCMD     C_f = 0x002   at time   55431991 ps
inst0 ch0:  R_CMD: ACTCMD    R_r1= 0x00    at time   55432405 ps
inst0 ch0:  R_CMD: ACTCMD    R_f1= 0x00    at time   55432819 ps
inst0 ch0:  R_CMD: ACTCMD    R_r0= 0x2a    at time   55435717 ps
inst0 ch0:  R_CMD: ACTCMD    R_f0= 0x0a    at time   55436131 ps
inst0 ch0:  R_CMD: ACTCMD    R_r1= 0x00    at time   55436545 ps
inst0 ch0:  R_CMD: ACTCMD    R_f1= 0x00    at time   55436959 ps
inst0 ch0:  R_CMD: ACTCMD    R_r0= 0x0a    at time   55439857 ps
inst0 ch0:  R_CMD: ACTCMD    R_f0= 0x0a    at time   55440271 ps
inst0 ch0:  R_CMD: ACTCMD    R_r1= 0x00    at time   55440685 ps
inst0 ch0:  R_CMD: ACTCMD    R_f1= 0x00    at time   55441099 ps
inst0 ch0:  C_CMD: RDCMD     C_r = 0x0d5   at time   55442341 ps
inst0 ch0:  C_CMD: RDCMD     C_f = 0x080   at time   55442755 ps
inst0 ch0:  C_CMD: RDCMD     C_r = 0x0dd   at time   55445653 ps
inst0 ch0:  C_CMD: RDCMD     C_f = 0x082   at time   55446067 ps
inst0 ch0:  C_CMD: RDCMD     C_r = 0x095   at time   55447309 ps
inst0 ch0:  C_CMD: RDCMD     C_f = 0x080   at time   55447723 ps
inst0 ch0:  C_CMD: RDCMD     C_r = 0x09d   at time   55450621 ps
inst0 ch0:  C_CMD: RDCMD     C_f = 0x082   at time   55451035 ps
inst0 ch0:  C_CMD: RDCMD     C_r = 0x055   at time   55452277 ps
inst0 ch0:  C_CMD: RDCMD     C_f = 0x080   at time   55452691 ps
inst0 ch0:  C_CMD: RDCMD     C_r = 0x015   at time   55454761 ps
inst0 ch0:  C_CMD: RDCMD     C_f = 0x080   at time   55455175 ps
inst0 ch0:  C_CMD: RDCMD     C_r = 0x05d   at time   55456417 ps
inst0 ch0:  C_CMD: RDCMD     C_f = 0x082   at time   55456831 ps
inst0 ch0:  C_CMD: RDCMD     C_r = 0x01d   at time   55458073 ps
inst0 ch0:  C_CMD: RDCMD     C_f = 0x082   at time   55458487 ps
inst0 ch0:  R_CMD: ACTCMD    R_r0= 0x32    at time   55769401 ps
inst0 ch0:  R_CMD: ACTCMD    R_f0= 0x2a    at time   55769815 ps
inst0 ch0:  R_CMD: ACTCMD    R_r1= 0x00    at time   55770229 ps
inst0 ch0:  R_CMD: ACTCMD    R_f1= 0x00    at time   55770643 ps
inst0 ch0:  R_CMD: ACTCMD    R_r0= 0x12    at time   55773541 ps
inst0 ch0:  R_CMD: ACTCMD    R_f0= 0x2a    at time   55773955 ps
inst0 ch0:  R_CMD: ACTCMD    R_r1= 0x00    at time   55774369 ps
inst0 ch0:  R_CMD: ACTCMD    R_f1= 0x00    at time   55774783 ps
inst0 ch0:  R_CMD: ACTCMD    R_r0= 0x32    at time   55777681 ps
inst0 ch0:  R_CMD: ACTCMD    R_f0= 0x0a    at time   55778095 ps
inst0 ch0:  R_CMD: ACTCMD    R_r1= 0x00    at time   55778509 ps
inst0 ch0:  R_CMD: ACTCMD    R_f1= 0x00    at time   55778923 ps
inst0 ch0:  R_CMD: ACTCMD    R_r0= 0x12    at time   55781821 ps
inst0 ch0:  R_CMD: ACTCMD    R_f0= 0x0a    at time   55782235 ps
inst0 ch0:  R_CMD: ACTCMD    R_r1= 0x00    at time   55782649 ps
inst0 ch0:  R_CMD: ACTCMD    R_f1= 0x00    at time   55783063 ps
inst0 ch0:  C_CMD: RDCMD     C_r = 0x0e5   at time   55784305 ps
inst0 ch0:  C_CMD: RDCMD     C_f = 0x080   at time   55784719 ps
inst0 ch0:  C_CMD: RDCMD     C_r = 0x0ed   at time   55787617 ps
inst0 ch0:  C_CMD: RDCMD     C_f = 0x082   at time   55788031 ps
inst0 ch0:  C_CMD: RDCMD     C_r = 0x0a5   at time   55789273 ps
inst0 ch0:  C_CMD: RDCMD     C_f = 0x080   at time   55789687 ps
inst0 ch0:  C_CMD: RDCMD     C_r = 0x0ad   at time   55792585 ps
inst0 ch0:  C_CMD: RDCMD     C_f = 0x082   at time   55792999 ps
inst0 ch0:  C_CMD: RDCMD     C_r = 0x065   at time   55794241 ps
inst0 ch0:  C_CMD: RDCMD     C_f = 0x080   at time   55794655 ps
inst0 ch0:  C_CMD: RDCMD     C_r = 0x025   at time   55796725 ps
inst0 ch0:  C_CMD: RDCMD     C_f = 0x080   at time   55797139 ps
inst0 ch0:  C_CMD: RDCMD     C_r = 0x06d   at time   55798381 ps
inst0 ch0:  C_CMD: RDCMD     C_f = 0x082   at time   55798795 ps
inst0 ch0:  C_CMD: RDCMD     C_r = 0x02d   at time   55800037 ps
inst0 ch0:  C_CMD: RDCMD     C_f = 0x082   at time   55800451 ps
inst0 ch0:  R_CMD: ACTCMD    R_r0= 0x3a    at time   56063341 ps
inst0 ch0:  R_CMD: ACTCMD    R_f0= 0x22    at time   56063755 ps
inst0 ch0:  R_CMD: ACTCMD    R_r1= 0x00    at time   56064169 ps
inst0 ch0:  R_CMD: ACTCMD    R_f1= 0x00    at time   56064583 ps
inst0 ch0:  R_CMD: ACTCMD    R_r0= 0x1a    at time   56067481 ps
inst0 ch0:  R_CMD: ACTCMD    R_f0= 0x22    at time   56067895 ps
inst0 ch0:  R_CMD: ACTCMD    R_r1= 0x00    at time   56068309 ps
inst0 ch0:  R_CMD: ACTCMD    R_f1= 0x00    at time   56068723 ps
inst0 ch0:  R_CMD: ACTCMD    R_r0= 0x3a    at time   56071621 ps
inst0 ch0:  R_CMD: ACTCMD    R_f0= 0x02    at time   56072035 ps
inst0 ch0:  R_CMD: ACTCMD    R_r1= 0x00    at time   56072449 ps
inst0 ch0:  R_CMD: ACTCMD    R_f1= 0x00    at time   56072863 ps
inst0 ch0:  R_CMD: ACTCMD    R_r0= 0x1a    at time   56075761 ps
inst0 ch0:  R_CMD: ACTCMD    R_f0= 0x02    at time   56076175 ps
inst0 ch0:  R_CMD: ACTCMD    R_r1= 0x00    at time   56076589 ps
inst0 ch0:  R_CMD: ACTCMD    R_f1= 0x00    at time   56077003 ps
inst0 ch0:  C_CMD: RDCMD     C_r = 0x0f5   at time   56078245 ps
inst0 ch0:  C_CMD: RDCMD     C_f = 0x000   at time   56078659 ps
inst0 ch0:  C_CMD: RDCMD     C_r = 0x0fd   at time   56081557 ps
inst0 ch0:  C_CMD: RDCMD     C_f = 0x002   at time   56081971 ps
inst0 ch0:  C_CMD: RDCMD     C_r = 0x0b5   at time   56083213 ps
inst0 ch0:  C_CMD: RDCMD     C_f = 0x000   at time   56083627 ps
inst0 ch0:  C_CMD: RDCMD     C_r = 0x0bd   at time   56086525 ps
inst0 ch0:  C_CMD: RDCMD     C_f = 0x002   at time   56086939 ps
inst0 ch0:  C_CMD: RDCMD     C_r = 0x075   at time   56088181 ps
inst0 ch0:  C_CMD: RDCMD     C_f = 0x000   at time   56088595 ps
inst0 ch0:  C_CMD: RDCMD     C_r = 0x035   at time   56090665 ps
inst0 ch0:  C_CMD: RDCMD     C_f = 0x000   at time   56091079 ps
inst0 ch0:  C_CMD: RDCMD     C_r = 0x07d   at time   56092321 ps
inst0 ch0:  C_CMD: RDCMD     C_f = 0x002   at time   56092735 ps
inst0 ch0:  C_CMD: RDCMD     C_r = 0x03d   at time   56093977 ps
inst0 ch0:  C_CMD: RDCMD     C_f = 0x002   at time   56094391 ps
inst0 ch0:  R_CMD: ACTCMD    R_r0= 0x3a    at time   56304289 ps
inst0 ch0:  R_CMD: ACTCMD    R_f0= 0x2a    at time   56304703 ps
inst0 ch0:  R_CMD: ACTCMD    R_r1= 0x00    at time   56305117 ps
inst0 ch0:  R_CMD: ACTCMD    R_f1= 0x00    at time   56305531 ps
inst0 ch0:  R_CMD: ACTCMD    R_r0= 0x1a    at time   56308429 ps
inst0 ch0:  R_CMD: ACTCMD    R_f0= 0x2a    at time   56308843 ps
inst0 ch0:  R_CMD: ACTCMD    R_r1= 0x00    at time   56309257 ps
inst0 ch0:  R_CMD: ACTCMD    R_f1= 0x00    at time   56309671 ps
inst0 ch0:  R_CMD: ACTCMD    R_r0= 0x3a    at time   56312569 ps
inst0 ch0:  R_CMD: ACTCMD    R_f0= 0x0a    at time   56312983 ps
inst0 ch0:  R_CMD: ACTCMD    R_r1= 0x00    at time   56313397 ps
inst0 ch0:  R_CMD: ACTCMD    R_f1= 0x00    at time   56313811 ps
inst0 ch0:  R_CMD: ACTCMD    R_r0= 0x1a    at time   56316709 ps
inst0 ch0:  R_CMD: ACTCMD    R_f0= 0x0a    at time   56317123 ps
inst0 ch0:  R_CMD: ACTCMD    R_r1= 0x00    at time   56317537 ps
inst0 ch0:  R_CMD: ACTCMD    R_f1= 0x00    at time   56317951 ps
inst0 ch0:  C_CMD: RDCMD     C_r = 0x0f5   at time   56319193 ps
inst0 ch0:  C_CMD: RDCMD     C_f = 0x080   at time   56319607 ps
inst0 ch0:  C_CMD: RDCMD     C_r = 0x0fd   at time   56322505 ps
inst0 ch0:  C_CMD: RDCMD     C_f = 0x082   at time   56322919 ps
inst0 ch0:  C_CMD: RDCMD     C_r = 0x0b5   at time   56324161 ps
inst0 ch0:  C_CMD: RDCMD     C_f = 0x080   at time   56324575 ps
inst0 ch0:  C_CMD: RDCMD     C_r = 0x0bd   at time   56327473 ps
inst0 ch0:  C_CMD: RDCMD     C_f = 0x082   at time   56327887 ps
inst0 ch0:  C_CMD: RDCMD     C_r = 0x075   at time   56329129 ps
inst0 ch0:  C_CMD: RDCMD     C_f = 0x080   at time   56329543 ps
inst0 ch0:  C_CMD: RDCMD     C_r = 0x035   at time   56331613 ps
inst0 ch0:  C_CMD: RDCMD     C_f = 0x080   at time   56332027 ps
inst0 ch0:  C_CMD: RDCMD     C_r = 0x07d   at time   56333269 ps
inst0 ch0:  C_CMD: RDCMD     C_f = 0x082   at time   56333683 ps
inst0 ch0:  C_CMD: RDCMD     C_r = 0x03d   at time   56334925 ps
inst0 ch0:  C_CMD: RDCMD     C_f = 0x082   at time   56335339 ps
inst0 ch0:  R_CMD: ACTCMD    R_r0= 0x02    at time   56516257 ps
inst0 ch0:  R_CMD: ACTCMD    R_f0= 0x10    at time   56516671 ps
inst0 ch0:  R_CMD: ACTCMD    R_r1= 0x3f    at time   56517085 ps
inst0 ch0:  R_CMD: ACTCMD    R_f1= 0x3b    at time   56517499 ps
inst0 ch0:  C_CMD: RDCMD     C_r = 0x005   at time   56531161 ps
inst0 ch0:  C_CMD: RDCMD     C_f = 0x078   at time   56531575 ps
inst0 ch0:  C_CMD: RDCMD     C_r = 0x00d   at time   56534473 ps
inst0 ch0:  C_CMD: RDCMD     C_f = 0x07a   at time   56534887 ps
inst0 ch0:  R_CMD: ACTCMD    R_r0= 0x02    at time   56751409 ps
inst0 ch0:  R_CMD: ACTCMD    R_f0= 0x18    at time   56751823 ps
inst0 ch0:  R_CMD: ACTCMD    R_r1= 0x3f    at time   56752237 ps
inst0 ch0:  R_CMD: ACTCMD    R_f1= 0x3b    at time   56752651 ps
inst0 ch0:  C_CMD: RDCMD     C_r = 0x005   at time   56766313 ps
inst0 ch0:  C_CMD: RDCMD     C_f = 0x0f8   at time   56766727 ps
inst0 ch0:  C_CMD: RDCMD     C_r = 0x00d   at time   56769625 ps
inst0 ch0:  C_CMD: RDCMD     C_f = 0x0fa   at time   56770039 ps
inst0 ch0:  R_CMD: ACTCMD    R_r0= 0x02    at time   56792809 ps
inst0 ch0:  R_CMD: ACTCMD    R_f0= 0x10    at time   56793223 ps
inst0 ch0:  R_CMD: ACTCMD    R_r1= 0x3f    at time   56793637 ps
inst0 ch0:  R_CMD: ACTCMD    R_f1= 0x3b    at time   56794051 ps
inst0 ch0:  C_CMD: WRCMD     C_r = 0x001   at time   56803573 ps
inst0 ch0:  C_CMD: WRCMD     C_f = 0x078   at time   56803987 ps
inst0 ch0:  C_CMD: WRCMD     C_r = 0x009   at time   56806885 ps
inst0 ch0:  C_CMD: WRCMD     C_f = 0x07a   at time   56807299 ps
inst0 ch0:  R_CMD: ACTCMD    R_r0= 0x02    at time   56821789 ps
inst0 ch0:  R_CMD: ACTCMD    R_f0= 0x18    at time   56822203 ps
inst0 ch0:  R_CMD: ACTCMD    R_r1= 0x3f    at time   56822617 ps
inst0 ch0:  R_CMD: ACTCMD    R_f1= 0x3b    at time   56823031 ps
inst0 ch0:  C_CMD: WRCMD     C_r = 0x001   at time   56832553 ps
inst0 ch0:  C_CMD: WRCMD     C_f = 0x0f8   at time   56832967 ps
inst0 ch0:  C_CMD: WRCMD     C_r = 0x009   at time   56835865 ps
inst0 ch0:  C_CMD: WRCMD     C_f = 0x0fa   at time   56836279 ps
inst0 ch0:  R_CMD: ACTCMD    R_r0= 0x0a    at time   57470113 ps
inst0 ch0:  R_CMD: ACTCMD    R_f0= 0x10    at time   57470527 ps
inst0 ch0:  R_CMD: ACTCMD    R_r1= 0x3f    at time   57470941 ps
inst0 ch0:  R_CMD: ACTCMD    R_f1= 0x3b    at time   57471355 ps
inst0 ch0:  C_CMD: RDCMD     C_r = 0x015   at time   57485017 ps
inst0 ch0:  C_CMD: RDCMD     C_f = 0x078   at time   57485431 ps
inst0 ch0:  C_CMD: RDCMD     C_r = 0x01d   at time   57488329 ps
inst0 ch0:  C_CMD: RDCMD     C_f = 0x07a   at time   57488743 ps
inst0 ch0:  R_CMD: ACTCMD    R_r0= 0x0a    at time   57542977 ps
inst0 ch0:  R_CMD: ACTCMD    R_f0= 0x10    at time   57543391 ps
inst0 ch0:  R_CMD: ACTCMD    R_r1= 0x3f    at time   57543805 ps
inst0 ch0:  R_CMD: ACTCMD    R_f1= 0x3b    at time   57544219 ps
inst0 ch0:  C_CMD: WRCMD     C_r = 0x011   at time   57553741 ps
inst0 ch0:  C_CMD: WRCMD     C_f = 0x078   at time   57554155 ps
inst0 ch0:  C_CMD: WRCMD     C_r = 0x019   at time   57557053 ps
inst0 ch0:  C_CMD: WRCMD     C_f = 0x07a   at time   57557467 ps
inst0 ch0:  R_CMD: ACTCMD    R_r0= 0x02    at time   57630745 ps
inst0 ch0:  R_CMD: ACTCMD    R_f0= 0x30    at time   57631159 ps
inst0 ch0:  R_CMD: ACTCMD    R_r1= 0x3f    at time   57631573 ps
inst0 ch0:  R_CMD: ACTCMD    R_f1= 0x3b    at time   57631987 ps
inst0 ch0:  C_CMD: RDCMD     C_r = 0x085   at time   57645649 ps
inst0 ch0:  C_CMD: RDCMD     C_f = 0x078   at time   57646063 ps
inst0 ch0:  C_CMD: RDCMD     C_r = 0x08d   at time   57648961 ps
inst0 ch0:  C_CMD: RDCMD     C_f = 0x07a   at time   57649375 ps
inst0 ch0:  R_CMD: ACTCMD    R_r0= 0x02    at time   57701125 ps
inst0 ch0:  R_CMD: ACTCMD    R_f0= 0x30    at time   57701539 ps
inst0 ch0:  R_CMD: ACTCMD    R_r1= 0x3f    at time   57701953 ps
inst0 ch0:  R_CMD: ACTCMD    R_f1= 0x3b    at time   57702367 ps
inst0 ch0:  C_CMD: WRCMD     C_r = 0x081   at time   57711889 ps
inst0 ch0:  C_CMD: WRCMD     C_f = 0x078   at time   57712303 ps
inst0 ch0:  C_CMD: WRCMD     C_r = 0x089   at time   57715201 ps
inst0 ch0:  C_CMD: WRCMD     C_f = 0x07a   at time   57715615 ps
inst0 ch0:  R_CMD: ACTCMD    R_r0= 0x0a    at time   57827809 ps
inst0 ch0:  R_CMD: ACTCMD    R_f0= 0x30    at time   57828223 ps
inst0 ch0:  R_CMD: ACTCMD    R_r1= 0x3f    at time   57828637 ps
inst0 ch0:  R_CMD: ACTCMD    R_f1= 0x3b    at time   57829051 ps
inst0 ch0:  C_CMD: RDCMD     C_r = 0x095   at time   57842713 ps
inst0 ch0:  C_CMD: RDCMD     C_f = 0x078   at time   57843127 ps
inst0 ch0:  C_CMD: RDCMD     C_r = 0x09d   at time   57846025 ps
inst0 ch0:  C_CMD: RDCMD     C_f = 0x07a   at time   57846439 ps
inst0 ch0:  R_CMD: ACTCMD    R_r0= 0x0a    at time   57898189 ps
inst0 ch0:  R_CMD: ACTCMD    R_f0= 0x30    at time   57898603 ps
inst0 ch0:  R_CMD: ACTCMD    R_r1= 0x3f    at time   57899017 ps
inst0 ch0:  R_CMD: ACTCMD    R_f1= 0x3b    at time   57899431 ps
inst0 ch0:  C_CMD: WRCMD     C_r = 0x091   at time   57908953 ps
inst0 ch0:  C_CMD: WRCMD     C_f = 0x078   at time   57909367 ps
inst0 ch0:  C_CMD: WRCMD     C_r = 0x099   at time   57912265 ps
inst0 ch0:  C_CMD: WRCMD     C_f = 0x07a   at time   57912679 ps
inst0 ch0:  R_CMD: ACTCMD    R_r0= 0x0a    at time   58228561 ps
inst0 ch0:  R_CMD: ACTCMD    R_f0= 0x18    at time   58228975 ps
inst0 ch0:  R_CMD: ACTCMD    R_r1= 0x3f    at time   58229389 ps
inst0 ch0:  R_CMD: ACTCMD    R_f1= 0x3b    at time   58229803 ps
inst0 ch0:  C_CMD: RDCMD     C_r = 0x015   at time   58243465 ps
inst0 ch0:  C_CMD: RDCMD     C_f = 0x0f8   at time   58243879 ps
inst0 ch0:  C_CMD: RDCMD     C_r = 0x01d   at time   58246777 ps
inst0 ch0:  C_CMD: RDCMD     C_f = 0x0fa   at time   58247191 ps
inst0 ch0:  R_CMD: ACTCMD    R_r0= 0x0a    at time   58301425 ps
inst0 ch0:  R_CMD: ACTCMD    R_f0= 0x18    at time   58301839 ps
inst0 ch0:  R_CMD: ACTCMD    R_r1= 0x3f    at time   58302253 ps
inst0 ch0:  R_CMD: ACTCMD    R_f1= 0x3b    at time   58302667 ps
inst0 ch0:  C_CMD: WRCMD     C_r = 0x011   at time   58312189 ps
inst0 ch0:  C_CMD: WRCMD     C_f = 0x0f8   at time   58312603 ps
inst0 ch0:  C_CMD: WRCMD     C_r = 0x019   at time   58315501 ps
inst0 ch0:  C_CMD: WRCMD     C_f = 0x0fa   at time   58315915 ps
inst0 ch0:  R_CMD: ACTCMD    R_r0= 0x02    at time   58388365 ps
inst0 ch0:  R_CMD: ACTCMD    R_f0= 0x38    at time   58388779 ps
inst0 ch0:  R_CMD: ACTCMD    R_r1= 0x3f    at time   58389193 ps
inst0 ch0:  R_CMD: ACTCMD    R_f1= 0x3b    at time   58389607 ps
inst0 ch0:  C_CMD: RDCMD     C_r = 0x085   at time   58403269 ps
inst0 ch0:  C_CMD: RDCMD     C_f = 0x0f8   at time   58403683 ps
inst0 ch0:  C_CMD: RDCMD     C_r = 0x08d   at time   58406581 ps
inst0 ch0:  C_CMD: RDCMD     C_f = 0x0fa   at time   58406995 ps
inst0 ch0:  R_CMD: ACTCMD    R_r0= 0x02    at time   58458745 ps
inst0 ch0:  R_CMD: ACTCMD    R_f0= 0x38    at time   58459159 ps
inst0 ch0:  R_CMD: ACTCMD    R_r1= 0x3f    at time   58459573 ps
inst0 ch0:  R_CMD: ACTCMD    R_f1= 0x3b    at time   58459987 ps
inst0 ch0:  C_CMD: WRCMD     C_r = 0x081   at time   58469509 ps
inst0 ch0:  C_CMD: WRCMD     C_f = 0x0f8   at time   58469923 ps
inst0 ch0:  C_CMD: WRCMD     C_r = 0x089   at time   58472821 ps
inst0 ch0:  C_CMD: WRCMD     C_f = 0x0fa   at time   58473235 ps
inst0 ch0:  R_CMD: ACTCMD    R_r0= 0x0a    at time   58546513 ps
inst0 ch0:  R_CMD: ACTCMD    R_f0= 0x38    at time   58546927 ps
inst0 ch0:  R_CMD: ACTCMD    R_r1= 0x3f    at time   58547341 ps
inst0 ch0:  R_CMD: ACTCMD    R_f1= 0x3b    at time   58547755 ps
inst0 ch0:  C_CMD: RDCMD     C_r = 0x095   at time   58561417 ps
inst0 ch0:  C_CMD: RDCMD     C_f = 0x0f8   at time   58561831 ps
inst0 ch0:  C_CMD: RDCMD     C_r = 0x09d   at time   58564729 ps
inst0 ch0:  C_CMD: RDCMD     C_f = 0x0fa   at time   58565143 ps
inst0 ch0:  R_CMD: ACTCMD    R_r0= 0x0a    at time   58616893 ps
inst0 ch0:  R_CMD: ACTCMD    R_f0= 0x38    at time   58617307 ps
inst0 ch0:  R_CMD: ACTCMD    R_r1= 0x3f    at time   58617721 ps
inst0 ch0:  R_CMD: ACTCMD    R_f1= 0x3b    at time   58618135 ps
inst0 ch0:  C_CMD: WRCMD     C_r = 0x091   at time   58627657 ps
inst0 ch0:  C_CMD: WRCMD     C_f = 0x0f8   at time   58628071 ps
inst0 ch0:  C_CMD: WRCMD     C_r = 0x099   at time   58630969 ps
inst0 ch0:  C_CMD: WRCMD     C_f = 0x0fa   at time   58631383 ps
inst0 ch0:  R_CMD: ACTCMD    R_r0= 0x0a    at time   59623741 ps
inst0 ch0:  R_CMD: ACTCMD    R_f0= 0x13    at time   59624155 ps
inst0 ch0:  R_CMD: ACTCMD    R_r1= 0x3f    at time   59624569 ps
inst0 ch0:  R_CMD: ACTCMD    R_f1= 0x3b    at time   59624983 ps
inst0 ch0:  C_CMD: RDCMD     C_r = 0x015   at time   59638645 ps
inst0 ch0:  C_CMD: RDCMD     C_f = 0x010   at time   59639059 ps
inst0 ch0:  C_CMD: RDCMD     C_r = 0x01d   at time   59641957 ps
inst0 ch0:  C_CMD: RDCMD     C_f = 0x012   at time   59642371 ps
inst0 ch0:  R_CMD: ACTCMD    R_r0= 0x0a    at time   59696605 ps
inst0 ch0:  R_CMD: ACTCMD    R_f0= 0x13    at time   59697019 ps
inst0 ch0:  R_CMD: ACTCMD    R_r1= 0x3f    at time   59697433 ps
inst0 ch0:  R_CMD: ACTCMD    R_f1= 0x3b    at time   59697847 ps
inst0 ch0:  C_CMD: WRCMD     C_r = 0x011   at time   59707369 ps
inst0 ch0:  C_CMD: WRCMD     C_f = 0x010   at time   59707783 ps
inst0 ch0:  C_CMD: WRCMD     C_r = 0x019   at time   59710681 ps
inst0 ch0:  C_CMD: WRCMD     C_f = 0x012   at time   59711095 ps
inst0 ch0:  R_CMD: ACTCMD    R_r0= 0x0a    at time   59809213 ps
inst0 ch0:  R_CMD: ACTCMD    R_f0= 0x13    at time   59809627 ps
inst0 ch0:  R_CMD: ACTCMD    R_r1= 0x3f    at time   59810041 ps
inst0 ch0:  R_CMD: ACTCMD    R_f1= 0x3b    at time   59810455 ps
inst0 ch0:  C_CMD: RDCMD     C_r = 0x015   at time   59824117 ps
inst0 ch0:  C_CMD: RDCMD     C_f = 0x010   at time   59824531 ps
inst0 ch0:  C_CMD: RDCMD     C_r = 0x01d   at time   59827429 ps
inst0 ch0:  C_CMD: RDCMD     C_f = 0x012   at time   59827843 ps
inst0 ch0:  R_CMD: ACTCMD    R_r0= 0x0a    at time   59879593 ps
inst0 ch0:  R_CMD: ACTCMD    R_f0= 0x13    at time   59880007 ps
inst0 ch0:  R_CMD: ACTCMD    R_r1= 0x3f    at time   59880421 ps
inst0 ch0:  R_CMD: ACTCMD    R_f1= 0x3b    at time   59880835 ps
inst0 ch0:  C_CMD: WRCMD     C_r = 0x011   at time   59890357 ps
inst0 ch0:  C_CMD: WRCMD     C_f = 0x010   at time   59890771 ps
inst0 ch0:  C_CMD: WRCMD     C_r = 0x019   at time   59893669 ps
inst0 ch0:  C_CMD: WRCMD     C_f = 0x012   at time   59894083 ps
inst0 ch0:  R_CMD: ACTCMD    R_r0= 0x0a    at time   60176017 ps
inst0 ch0:  R_CMD: ACTCMD    R_f0= 0x1b    at time   60176431 ps
inst0 ch0:  R_CMD: ACTCMD    R_r1= 0x3f    at time   60176845 ps
inst0 ch0:  R_CMD: ACTCMD    R_f1= 0x3b    at time   60177259 ps
inst0 ch0:  C_CMD: RDCMD     C_r = 0x015   at time   60190921 ps
inst0 ch0:  C_CMD: RDCMD     C_f = 0x090   at time   60191335 ps
inst0 ch0:  C_CMD: RDCMD     C_r = 0x01d   at time   60194233 ps
inst0 ch0:  C_CMD: RDCMD     C_f = 0x092   at time   60194647 ps
inst0 ch0:  R_CMD: ACTCMD    R_r0= 0x0a    at time   60248881 ps
inst0 ch0:  R_CMD: ACTCMD    R_f0= 0x1b    at time   60249295 ps
inst0 ch0:  R_CMD: ACTCMD    R_r1= 0x3f    at time   60249709 ps
inst0 ch0:  R_CMD: ACTCMD    R_f1= 0x3b    at time   60250123 ps
inst0 ch0:  C_CMD: WRCMD     C_r = 0x011   at time   60259645 ps
inst0 ch0:  C_CMD: WRCMD     C_f = 0x090   at time   60260059 ps
inst0 ch0:  C_CMD: WRCMD     C_r = 0x019   at time   60262957 ps
inst0 ch0:  C_CMD: WRCMD     C_f = 0x092   at time   60263371 ps
inst0 ch0:  R_CMD: ACTCMD    R_r0= 0x0a    at time   60354037 ps
inst0 ch0:  R_CMD: ACTCMD    R_f0= 0x1b    at time   60354451 ps
inst0 ch0:  R_CMD: ACTCMD    R_r1= 0x3f    at time   60354865 ps
inst0 ch0:  R_CMD: ACTCMD    R_f1= 0x3b    at time   60355279 ps
inst0 ch0:  C_CMD: RDCMD     C_r = 0x015   at time   60368941 ps
inst0 ch0:  C_CMD: RDCMD     C_f = 0x090   at time   60369355 ps
inst0 ch0:  C_CMD: RDCMD     C_r = 0x01d   at time   60372253 ps
inst0 ch0:  C_CMD: RDCMD     C_f = 0x092   at time   60372667 ps
inst0 ch0:  R_CMD: ACTCMD    R_r0= 0x0a    at time   60424417 ps
inst0 ch0:  R_CMD: ACTCMD    R_f0= 0x1b    at time   60424831 ps
inst0 ch0:  R_CMD: ACTCMD    R_r1= 0x3f    at time   60425245 ps
inst0 ch0:  R_CMD: ACTCMD    R_f1= 0x3b    at time   60425659 ps
inst0 ch0:  C_CMD: WRCMD     C_r = 0x011   at time   60435181 ps
inst0 ch0:  C_CMD: WRCMD     C_f = 0x090   at time   60435595 ps
inst0 ch0:  C_CMD: WRCMD     C_r = 0x019   at time   60438493 ps
inst0 ch0:  C_CMD: WRCMD     C_f = 0x092   at time   60438907 ps
inst0 ch0:  R_CMD: ACTCMD    R_r0= 0x02    at time   61271461 ps
inst0 ch0:  R_CMD: ACTCMD    R_f0= 0x13    at time   61271875 ps
inst0 ch0:  R_CMD: ACTCMD    R_r1= 0x3f    at time   61272289 ps
inst0 ch0:  R_CMD: ACTCMD    R_f1= 0x3b    at time   61272703 ps
inst0 ch0:  C_CMD: RDCMD     C_r = 0x005   at time   61286365 ps
inst0 ch0:  C_CMD: RDCMD     C_f = 0x000   at time   61286779 ps
inst0 ch0:  C_CMD: RDCMD     C_r = 0x00d   at time   61289677 ps
inst0 ch0:  C_CMD: RDCMD     C_f = 0x002   at time   61290091 ps
inst0 ch0:  R_CMD: ACTCMD    R_r0= 0x02    at time   61446169 ps
inst0 ch0:  R_CMD: ACTCMD    R_f0= 0x13    at time   61446583 ps
inst0 ch0:  R_CMD: ACTCMD    R_r1= 0x3f    at time   61446997 ps
inst0 ch0:  R_CMD: ACTCMD    R_f1= 0x3b    at time   61447411 ps
inst0 ch0:  C_CMD: WRCMD     C_r = 0x001   at time   61456933 ps
inst0 ch0:  C_CMD: WRCMD     C_f = 0x000   at time   61457347 ps
inst0 ch0:  C_CMD: WRCMD     C_r = 0x009   at time   61460245 ps
inst0 ch0:  C_CMD: WRCMD     C_f = 0x002   at time   61460659 ps
inst0 ch0:  R_CMD: ACTCMD    R_r0= 0x02    at time   61578649 ps
inst0 ch0:  R_CMD: ACTCMD    R_f0= 0x13    at time   61579063 ps
inst0 ch0:  R_CMD: ACTCMD    R_r1= 0x3f    at time   61579477 ps
inst0 ch0:  R_CMD: ACTCMD    R_f1= 0x3b    at time   61579891 ps
inst0 ch0:  C_CMD: RDCMD     C_r = 0x005   at time   61593553 ps
inst0 ch0:  C_CMD: RDCMD     C_f = 0x000   at time   61593967 ps
inst0 ch0:  C_CMD: RDCMD     C_r = 0x00d   at time   61596865 ps
inst0 ch0:  C_CMD: RDCMD     C_f = 0x002   at time   61597279 ps
inst0 ch0:  R_CMD: ACTCMD    R_r0= 0x02    at time   61649029 ps
inst0 ch0:  R_CMD: ACTCMD    R_f0= 0x13    at time   61649443 ps
inst0 ch0:  R_CMD: ACTCMD    R_r1= 0x3f    at time   61649857 ps
inst0 ch0:  R_CMD: ACTCMD    R_f1= 0x3b    at time   61650271 ps
inst0 ch0:  C_CMD: WRCMD     C_r = 0x001   at time   61659793 ps
inst0 ch0:  C_CMD: WRCMD     C_f = 0x000   at time   61660207 ps
inst0 ch0:  C_CMD: WRCMD     C_r = 0x009   at time   61663105 ps
inst0 ch0:  C_CMD: WRCMD     C_f = 0x002   at time   61663519 ps
inst0 ch0:  R_CMD: ACTCMD    R_r0= 0x02    at time   62094493 ps
inst0 ch0:  R_CMD: ACTCMD    R_f0= 0x1b    at time   62094907 ps
inst0 ch0:  R_CMD: ACTCMD    R_r1= 0x3f    at time   62095321 ps
inst0 ch0:  R_CMD: ACTCMD    R_f1= 0x3b    at time   62095735 ps
inst0 ch0:  C_CMD: RDCMD     C_r = 0x005   at time   62109397 ps
inst0 ch0:  C_CMD: RDCMD     C_f = 0x080   at time   62109811 ps
inst0 ch0:  C_CMD: RDCMD     C_r = 0x00d   at time   62112709 ps
inst0 ch0:  C_CMD: RDCMD     C_f = 0x082   at time   62113123 ps
inst0 ch0:  R_CMD: ACTCMD    R_r0= 0x02    at time   62167357 ps
inst0 ch0:  R_CMD: ACTCMD    R_f0= 0x1b    at time   62167771 ps
inst0 ch0:  R_CMD: ACTCMD    R_r1= 0x3f    at time   62168185 ps
inst0 ch0:  R_CMD: ACTCMD    R_f1= 0x3b    at time   62168599 ps
inst0 ch0:  C_CMD: WRCMD     C_r = 0x001   at time   62178121 ps
inst0 ch0:  C_CMD: WRCMD     C_f = 0x080   at time   62178535 ps
inst0 ch0:  C_CMD: WRCMD     C_r = 0x009   at time   62181433 ps
inst0 ch0:  C_CMD: WRCMD     C_f = 0x082   at time   62181847 ps
inst0 ch0:  R_CMD: ACTCMD    R_r0= 0x02    at time   62241049 ps
inst0 ch0:  R_CMD: ACTCMD    R_f0= 0x00    at time   62241463 ps
inst0 ch0:  R_CMD: ACTCMD    R_r1= 0x00    at time   62241877 ps
inst0 ch0:  R_CMD: ACTCMD    R_f1= 0x00    at time   62242291 ps
inst0 ch0:  C_CMD: RDCMD     C_r = 0x005   at time   62255953 ps
inst0 ch0:  C_CMD: RDCMD     C_f = 0x018   at time   62256367 ps
inst0 ch0:  C_CMD: RDCMD     C_r = 0x005   at time   62259265 ps
inst0 ch0:  C_CMD: RDCMD     C_f = 0x01a   at time   62259679 ps
inst0 ch0:  C_CMD: RDCMD     C_r = 0x005   at time   62262577 ps
inst0 ch0:  C_CMD: RDCMD     C_f = 0x010   at time   62262991 ps
inst0 ch0:  C_CMD: RDCMD     C_r = 0x005   at time   62265889 ps
inst0 ch0:  C_CMD: RDCMD     C_f = 0x012   at time   62266303 ps
inst0 ch0:  C_CMD: RDCMD     C_r = 0x005   at time   62269201 ps
inst0 ch0:  C_CMD: RDCMD     C_f = 0x008   at time   62269615 ps
inst0 ch0:  C_CMD: RDCMD     C_r = 0x005   at time   62272513 ps
inst0 ch0:  C_CMD: RDCMD     C_f = 0x00a   at time   62272927 ps
inst0 ch0:  C_CMD: RDCMD     C_r = 0x005   at time   62275825 ps
inst0 ch0:  C_CMD: RDCMD     C_f = 0x000   at time   62276239 ps
inst0 ch0:  C_CMD: RDCMD     C_r = 0x00d   at time   62279137 ps
inst0 ch0:  C_CMD: RDCMD     C_f = 0x002   at time   62279551 ps
inst0 ch0:  R_CMD: ACTCMD    R_r0= 0x02    at time   62304805 ps
inst0 ch0:  R_CMD: ACTCMD    R_f0= 0x1b    at time   62305219 ps
inst0 ch0:  R_CMD: ACTCMD    R_r1= 0x3f    at time   62305633 ps
inst0 ch0:  R_CMD: ACTCMD    R_f1= 0x3b    at time   62306047 ps
inst0 ch0:  C_CMD: RDCMD     C_r = 0x005   at time   62319709 ps
inst0 ch0:  C_CMD: RDCMD     C_f = 0x080   at time   62320123 ps
inst0 ch0:  C_CMD: RDCMD     C_r = 0x00d   at time   62323021 ps
inst0 ch0:  C_CMD: RDCMD     C_f = 0x082   at time   62323435 ps
inst0 ch0:  R_CMD: ACTCMD    R_r0= 0x02    at time   62377669 ps
inst0 ch0:  R_CMD: ACTCMD    R_f0= 0x1b    at time   62378083 ps
inst0 ch0:  R_CMD: ACTCMD    R_r1= 0x3f    at time   62378497 ps
inst0 ch0:  R_CMD: ACTCMD    R_f1= 0x3b    at time   62378911 ps
inst0 ch0:  C_CMD: WRCMD     C_r = 0x001   at time   62388433 ps
inst0 ch0:  C_CMD: WRCMD     C_f = 0x080   at time   62388847 ps
inst0 ch0:  C_CMD: WRCMD     C_r = 0x009   at time   62391745 ps
inst0 ch0:  C_CMD: WRCMD     C_f = 0x082   at time   62392159 ps
inst0 ch0:  R_CMD: ACTCMD    R_r0= 0x0a    at time   62661673 ps
inst0 ch0:  R_CMD: ACTCMD    R_f0= 0x00    at time   62662087 ps
inst0 ch0:  R_CMD: ACTCMD    R_r1= 0x00    at time   62662501 ps
inst0 ch0:  R_CMD: ACTCMD    R_f1= 0x00    at time   62662915 ps
inst0 ch0:  C_CMD: RDCMD     C_r = 0x015   at time   62676577 ps
inst0 ch0:  C_CMD: RDCMD     C_f = 0x018   at time   62676991 ps
inst0 ch0:  C_CMD: RDCMD     C_r = 0x015   at time   62679889 ps
inst0 ch0:  C_CMD: RDCMD     C_f = 0x01a   at time   62680303 ps
inst0 ch0:  C_CMD: RDCMD     C_r = 0x015   at time   62683201 ps
inst0 ch0:  C_CMD: RDCMD     C_f = 0x010   at time   62683615 ps
inst0 ch0:  C_CMD: RDCMD     C_r = 0x015   at time   62686513 ps
inst0 ch0:  C_CMD: RDCMD     C_f = 0x012   at time   62686927 ps
inst0 ch0:  C_CMD: RDCMD     C_r = 0x015   at time   62689825 ps
inst0 ch0:  C_CMD: RDCMD     C_f = 0x008   at time   62690239 ps
inst0 ch0:  C_CMD: RDCMD     C_r = 0x015   at time   62693137 ps
inst0 ch0:  C_CMD: RDCMD     C_f = 0x00a   at time   62693551 ps
inst0 ch0:  C_CMD: RDCMD     C_r = 0x015   at time   62696449 ps
inst0 ch0:  C_CMD: RDCMD     C_f = 0x000   at time   62696863 ps
inst0 ch0:  C_CMD: RDCMD     C_r = 0x01d   at time   62699761 ps
inst0 ch0:  C_CMD: RDCMD     C_f = 0x002   at time   62700175 ps
inst0 ch0:  R_CMD: ACTCMD    R_r0= 0x0a    at time   62889373 ps
inst0 ch0:  R_CMD: ACTCMD    R_f0= 0x00    at time   62889787 ps
inst0 ch0:  R_CMD: ACTCMD    R_r1= 0x00    at time   62890201 ps
inst0 ch0:  R_CMD: ACTCMD    R_f1= 0x00    at time   62890615 ps
inst0 ch0:  C_CMD: RDCMD     C_r = 0x015   at time   62904277 ps
inst0 ch0:  C_CMD: RDCMD     C_f = 0x038   at time   62904691 ps
inst0 ch0:  C_CMD: RDCMD     C_r = 0x015   at time   62907589 ps
inst0 ch0:  C_CMD: RDCMD     C_f = 0x03a   at time   62908003 ps
inst0 ch0:  C_CMD: RDCMD     C_r = 0x015   at time   62910901 ps
inst0 ch0:  C_CMD: RDCMD     C_f = 0x030   at time   62911315 ps
inst0 ch0:  C_CMD: RDCMD     C_r = 0x015   at time   62914213 ps
inst0 ch0:  C_CMD: RDCMD     C_f = 0x032   at time   62914627 ps
inst0 ch0:  C_CMD: RDCMD     C_r = 0x015   at time   62917525 ps
inst0 ch0:  C_CMD: RDCMD     C_f = 0x028   at time   62917939 ps
inst0 ch0:  C_CMD: RDCMD     C_r = 0x015   at time   62920837 ps
inst0 ch0:  C_CMD: RDCMD     C_f = 0x02a   at time   62921251 ps
inst0 ch0:  C_CMD: RDCMD     C_r = 0x015   at time   62924149 ps
inst0 ch0:  C_CMD: RDCMD     C_f = 0x020   at time   62924563 ps
inst0 ch0:  C_CMD: RDCMD     C_r = 0x01d   at time   62927461 ps
inst0 ch0:  C_CMD: RDCMD     C_f = 0x022   at time   62927875 ps
inst0 ch0:  R_CMD: ACTCMD    R_r0= 0x0a    at time   62962237 ps
inst0 ch0:  R_CMD: ACTCMD    R_f0= 0x00    at time   62962651 ps
inst0 ch0:  R_CMD: ACTCMD    R_r1= 0x00    at time   62963065 ps
inst0 ch0:  R_CMD: ACTCMD    R_f1= 0x00    at time   62963479 ps
inst0 ch0:  C_CMD: WRCMD     C_r = 0x011   at time   62973001 ps
inst0 ch0:  C_CMD: WRCMD     C_f = 0x038   at time   62973415 ps
inst0 ch0:  C_CMD: WRCMD     C_r = 0x011   at time   62976313 ps
inst0 ch0:  C_CMD: WRCMD     C_f = 0x03a   at time   62976727 ps
inst0 ch0:  C_CMD: WRCMD     C_r = 0x011   at time   62979625 ps
inst0 ch0:  C_CMD: WRCMD     C_f = 0x028   at time   62980039 ps
inst0 ch0:  C_CMD: WRCMD     C_r = 0x011   at time   62982937 ps
inst0 ch0:  C_CMD: WRCMD     C_f = 0x02a   at time   62983351 ps
inst0 ch0:  C_CMD: WRCMD     C_r = 0x011   at time   62986249 ps
inst0 ch0:  C_CMD: WRCMD     C_f = 0x030   at time   62986663 ps
inst0 ch0:  C_CMD: WRCMD     C_r = 0x011   at time   62989561 ps
inst0 ch0:  C_CMD: WRCMD     C_f = 0x032   at time   62989975 ps
inst0 ch0:  C_CMD: WRCMD     C_r = 0x011   at time   62992873 ps
inst0 ch0:  C_CMD: WRCMD     C_f = 0x020   at time   62993287 ps
inst0 ch0:  C_CMD: WRCMD     C_r = 0x019   at time   62996185 ps
inst0 ch0:  C_CMD: WRCMD     C_f = 0x022   at time   62996599 ps
inst0 ch0:  R_CMD: ACTCMD    R_r0= 0x02    at time   63522793 ps
inst0 ch0:  R_CMD: ACTCMD    R_f0= 0x08    at time   63523207 ps
inst0 ch0:  R_CMD: ACTCMD    R_r1= 0x00    at time   63523621 ps
inst0 ch0:  R_CMD: ACTCMD    R_f1= 0x00    at time   63524035 ps
inst0 ch0:  C_CMD: RDCMD     C_r = 0x005   at time   63537697 ps
inst0 ch0:  C_CMD: RDCMD     C_f = 0x098   at time   63538111 ps
inst0 ch0:  C_CMD: RDCMD     C_r = 0x005   at time   63541009 ps
inst0 ch0:  C_CMD: RDCMD     C_f = 0x09a   at time   63541423 ps
inst0 ch0:  C_CMD: RDCMD     C_r = 0x005   at time   63544321 ps
inst0 ch0:  C_CMD: RDCMD     C_f = 0x090   at time   63544735 ps
inst0 ch0:  C_CMD: RDCMD     C_r = 0x005   at time   63547633 ps
inst0 ch0:  C_CMD: RDCMD     C_f = 0x092   at time   63548047 ps
inst0 ch0:  C_CMD: RDCMD     C_r = 0x005   at time   63550945 ps
inst0 ch0:  C_CMD: RDCMD     C_f = 0x088   at time   63551359 ps
inst0 ch0:  C_CMD: RDCMD     C_r = 0x005   at time   63554257 ps
inst0 ch0:  C_CMD: RDCMD     C_f = 0x08a   at time   63554671 ps
inst0 ch0:  C_CMD: RDCMD     C_r = 0x005   at time   63557569 ps
inst0 ch0:  C_CMD: RDCMD     C_f = 0x080   at time   63557983 ps
inst0 ch0:  C_CMD: RDCMD     C_r = 0x00d   at time   63560881 ps
inst0 ch0:  C_CMD: RDCMD     C_f = 0x082   at time   63561295 ps
inst0 ch0:  R_CMD: ACTCMD    R_r0= 0x0a    at time   64099909 ps
inst0 ch0:  R_CMD: ACTCMD    R_f0= 0x08    at time   64100323 ps
inst0 ch0:  R_CMD: ACTCMD    R_r1= 0x00    at time   64100737 ps
inst0 ch0:  R_CMD: ACTCMD    R_f1= 0x00    at time   64101151 ps
inst0 ch0:  C_CMD: RDCMD     C_r = 0x015   at time   64114813 ps
inst0 ch0:  C_CMD: RDCMD     C_f = 0x098   at time   64115227 ps
inst0 ch0:  C_CMD: RDCMD     C_r = 0x015   at time   64118125 ps
inst0 ch0:  C_CMD: RDCMD     C_f = 0x09a   at time   64118539 ps
inst0 ch0:  C_CMD: RDCMD     C_r = 0x015   at time   64121437 ps
inst0 ch0:  C_CMD: RDCMD     C_f = 0x090   at time   64121851 ps
inst0 ch0:  C_CMD: RDCMD     C_r = 0x015   at time   64124749 ps
inst0 ch0:  C_CMD: RDCMD     C_f = 0x092   at time   64125163 ps
inst0 ch0:  C_CMD: RDCMD     C_r = 0x015   at time   64128061 ps
inst0 ch0:  C_CMD: RDCMD     C_f = 0x088   at time   64128475 ps
inst0 ch0:  C_CMD: RDCMD     C_r = 0x015   at time   64131373 ps
inst0 ch0:  C_CMD: RDCMD     C_f = 0x08a   at time   64131787 ps
inst0 ch0:  C_CMD: RDCMD     C_r = 0x015   at time   64134685 ps
inst0 ch0:  C_CMD: RDCMD     C_f = 0x080   at time   64135099 ps
inst0 ch0:  C_CMD: RDCMD     C_r = 0x01d   at time   64137997 ps
inst0 ch0:  C_CMD: RDCMD     C_f = 0x082   at time   64138411 ps
inst0 ch0:  R_CMD: ACTCMD    R_r0= 0x0a    at time   64318501 ps
inst0 ch0:  R_CMD: ACTCMD    R_f0= 0x08    at time   64318915 ps
inst0 ch0:  R_CMD: ACTCMD    R_r1= 0x00    at time   64319329 ps
inst0 ch0:  R_CMD: ACTCMD    R_f1= 0x00    at time   64319743 ps
inst0 ch0:  C_CMD: RDCMD     C_r = 0x015   at time   64333405 ps
inst0 ch0:  C_CMD: RDCMD     C_f = 0x0b8   at time   64333819 ps
inst0 ch0:  C_CMD: RDCMD     C_r = 0x015   at time   64336717 ps
inst0 ch0:  C_CMD: RDCMD     C_f = 0x0ba   at time   64337131 ps
inst0 ch0:  C_CMD: RDCMD     C_r = 0x015   at time   64340029 ps
inst0 ch0:  C_CMD: RDCMD     C_f = 0x0b0   at time   64340443 ps
inst0 ch0:  C_CMD: RDCMD     C_r = 0x015   at time   64343341 ps
inst0 ch0:  C_CMD: RDCMD     C_f = 0x0b2   at time   64343755 ps
inst0 ch0:  C_CMD: RDCMD     C_r = 0x015   at time   64346653 ps
inst0 ch0:  C_CMD: RDCMD     C_f = 0x0a8   at time   64347067 ps
inst0 ch0:  C_CMD: RDCMD     C_r = 0x015   at time   64349965 ps
inst0 ch0:  C_CMD: RDCMD     C_f = 0x0aa   at time   64350379 ps
inst0 ch0:  C_CMD: RDCMD     C_r = 0x015   at time   64353277 ps
inst0 ch0:  C_CMD: RDCMD     C_f = 0x0a0   at time   64353691 ps
inst0 ch0:  C_CMD: RDCMD     C_r = 0x01d   at time   64356589 ps
inst0 ch0:  C_CMD: RDCMD     C_f = 0x0a2   at time   64357003 ps
inst0 ch0:  R_CMD: ACTCMD    R_r0= 0x0a    at time   64391365 ps
inst0 ch0:  R_CMD: ACTCMD    R_f0= 0x08    at time   64391779 ps
inst0 ch0:  R_CMD: ACTCMD    R_r1= 0x00    at time   64392193 ps
inst0 ch0:  R_CMD: ACTCMD    R_f1= 0x00    at time   64392607 ps
inst0 ch0:  C_CMD: WRCMD     C_r = 0x011   at time   64402129 ps
inst0 ch0:  C_CMD: WRCMD     C_f = 0x0b8   at time   64402543 ps
inst0 ch0:  C_CMD: WRCMD     C_r = 0x011   at time   64405441 ps
inst0 ch0:  C_CMD: WRCMD     C_f = 0x0ba   at time   64405855 ps
inst0 ch0:  C_CMD: WRCMD     C_r = 0x011   at time   64408753 ps
inst0 ch0:  C_CMD: WRCMD     C_f = 0x0a8   at time   64409167 ps
inst0 ch0:  C_CMD: WRCMD     C_r = 0x011   at time   64412065 ps
inst0 ch0:  C_CMD: WRCMD     C_f = 0x0aa   at time   64412479 ps
inst0 ch0:  C_CMD: WRCMD     C_r = 0x011   at time   64415377 ps
inst0 ch0:  C_CMD: WRCMD     C_f = 0x0b0   at time   64415791 ps
inst0 ch0:  C_CMD: WRCMD     C_r = 0x011   at time   64418689 ps
inst0 ch0:  C_CMD: WRCMD     C_f = 0x0b2   at time   64419103 ps
inst0 ch0:  C_CMD: WRCMD     C_r = 0x011   at time   64422001 ps
inst0 ch0:  C_CMD: WRCMD     C_f = 0x0a0   at time   64422415 ps
inst0 ch0:  C_CMD: WRCMD     C_r = 0x019   at time   64425313 ps
inst0 ch0:  C_CMD: WRCMD     C_f = 0x0a2   at time   64425727 ps
inst0 ch0:  R_CMD: ACTCMD    R_r0= 0x02    at time   64503145 ps
inst0 ch0:  R_CMD: ACTCMD    R_f0= 0x13    at time   64503559 ps
inst0 ch0:  R_CMD: ACTCMD    R_r1= 0x3f    at time   64503973 ps
inst0 ch0:  R_CMD: ACTCMD    R_f1= 0x3b    at time   64504387 ps
inst0 ch0:  C_CMD: RDCMD     C_r = 0x005   at time   64518049 ps
inst0 ch0:  C_CMD: RDCMD     C_f = 0x000   at time   64518463 ps
inst0 ch0:  C_CMD: RDCMD     C_r = 0x00d   at time   64521361 ps
inst0 ch0:  C_CMD: RDCMD     C_f = 0x002   at time   64521775 ps
inst0 ch0:  R_CMD: ACTCMD    R_r0= 0x02    at time   64576009 ps
inst0 ch0:  R_CMD: ACTCMD    R_f0= 0x13    at time   64576423 ps
inst0 ch0:  R_CMD: ACTCMD    R_r1= 0x3f    at time   64576837 ps
inst0 ch0:  R_CMD: ACTCMD    R_f1= 0x3b    at time   64577251 ps
inst0 ch0:  C_CMD: WRCMD     C_r = 0x001   at time   64586773 ps
inst0 ch0:  C_CMD: WRCMD     C_f = 0x000   at time   64587187 ps
inst0 ch0:  C_CMD: WRCMD     C_r = 0x009   at time   64590085 ps
inst0 ch0:  C_CMD: WRCMD     C_f = 0x002   at time   64590499 ps
inst0 ch0:  R_CMD: ACTCMD    R_r0= 0x02    at time   64686133 ps
inst0 ch0:  R_CMD: ACTCMD    R_f0= 0x13    at time   64686547 ps
inst0 ch0:  R_CMD: ACTCMD    R_r1= 0x3f    at time   64686961 ps
inst0 ch0:  R_CMD: ACTCMD    R_f1= 0x3b    at time   64687375 ps
inst0 ch0:  C_CMD: RDCMD     C_r = 0x005   at time   64701037 ps
inst0 ch0:  C_CMD: RDCMD     C_f = 0x000   at time   64701451 ps
inst0 ch0:  C_CMD: RDCMD     C_r = 0x00d   at time   64704349 ps
inst0 ch0:  C_CMD: RDCMD     C_f = 0x002   at time   64704763 ps
inst0 ch0:  R_CMD: ACTCMD    R_r0= 0x02    at time   64756513 ps
inst0 ch0:  R_CMD: ACTCMD    R_f0= 0x13    at time   64756927 ps
inst0 ch0:  R_CMD: ACTCMD    R_r1= 0x3f    at time   64757341 ps
inst0 ch0:  R_CMD: ACTCMD    R_f1= 0x3b    at time   64757755 ps
inst0 ch0:  C_CMD: WRCMD     C_r = 0x001   at time   64767277 ps
inst0 ch0:  C_CMD: WRCMD     C_f = 0x000   at time   64767691 ps
inst0 ch0:  C_CMD: WRCMD     C_r = 0x009   at time   64770589 ps
inst0 ch0:  C_CMD: WRCMD     C_f = 0x002   at time   64771003 ps
inst0 ch0:  R_CMD: ACTCMD    R_r0= 0x0a    at time   64982557 ps
inst0 ch0:  R_CMD: ACTCMD    R_f0= 0x11    at time   64982971 ps
inst0 ch0:  R_CMD: ACTCMD    R_r1= 0x3f    at time   64983385 ps
inst0 ch0:  R_CMD: ACTCMD    R_f1= 0x3b    at time   64983799 ps
inst0 ch0:  R_CMD: ACTCMD    R_r0= 0x02    at time   64986697 ps
inst0 ch0:  R_CMD: ACTCMD    R_f0= 0x11    at time   64987111 ps
inst0 ch0:  R_CMD: ACTCMD    R_r1= 0x3f    at time   64987525 ps
inst0 ch0:  R_CMD: ACTCMD    R_f1= 0x3b    at time   64987939 ps
inst0 ch0:  C_CMD: RDCMD     C_r = 0x015   at time   64997461 ps
inst0 ch0:  C_CMD: RDCMD     C_f = 0x078   at time   64997875 ps
inst0 ch0:  C_CMD: RDCMD     C_r = 0x01d   at time   65000773 ps
inst0 ch0:  C_CMD: RDCMD     C_f = 0x07a   at time   65001187 ps
inst0 ch0:  C_CMD: RDCMD     C_r = 0x005   at time   65004085 ps
inst0 ch0:  C_CMD: RDCMD     C_f = 0x078   at time   65004499 ps
inst0 ch0:  C_CMD: RDCMD     C_r = 0x00d   at time   65007397 ps
inst0 ch0:  C_CMD: RDCMD     C_f = 0x07a   at time   65007811 ps
inst0 ch0:  R_CMD: ACTCMD    R_r0= 0x0a    at time   65052937 ps
inst0 ch0:  R_CMD: ACTCMD    R_f0= 0x11    at time   65053351 ps
inst0 ch0:  R_CMD: ACTCMD    R_r1= 0x3f    at time   65053765 ps
inst0 ch0:  R_CMD: ACTCMD    R_f1= 0x3b    at time   65054179 ps
inst0 ch0:  R_CMD: ACTCMD    R_r0= 0x02    at time   65057077 ps
inst0 ch0:  R_CMD: ACTCMD    R_f0= 0x11    at time   65057491 ps
inst0 ch0:  R_CMD: ACTCMD    R_r1= 0x3f    at time   65057905 ps
inst0 ch0:  R_CMD: ACTCMD    R_f1= 0x3b    at time   65058319 ps
inst0 ch0:  C_CMD: WRCMD     C_r = 0x011   at time   65063701 ps
inst0 ch0:  C_CMD: WRCMD     C_f = 0x078   at time   65064115 ps
inst0 ch0:  C_CMD: WRCMD     C_r = 0x019   at time   65067013 ps
inst0 ch0:  C_CMD: WRCMD     C_f = 0x07a   at time   65067427 ps
inst0 ch0:  C_CMD: WRCMD     C_r = 0x001   at time   65070325 ps
inst0 ch0:  C_CMD: WRCMD     C_f = 0x078   at time   65070739 ps
inst0 ch0:  C_CMD: WRCMD     C_r = 0x009   at time   65073637 ps
inst0 ch0:  C_CMD: WRCMD     C_f = 0x07a   at time   65074051 ps
inst0 ch0:  R_CMD: ACTCMD    R_r0= 0x02    at time   65745145 ps
inst0 ch0:  R_CMD: ACTCMD    R_f0= 0x1b    at time   65745559 ps
inst0 ch0:  R_CMD: ACTCMD    R_r1= 0x3f    at time   65745973 ps
inst0 ch0:  R_CMD: ACTCMD    R_f1= 0x3b    at time   65746387 ps
inst0 ch0:  C_CMD: RDCMD     C_r = 0x005   at time   65760049 ps
inst0 ch0:  C_CMD: RDCMD     C_f = 0x080   at time   65760463 ps
inst0 ch0:  C_CMD: RDCMD     C_r = 0x00d   at time   65763361 ps
inst0 ch0:  C_CMD: RDCMD     C_f = 0x082   at time   65763775 ps
inst0 ch0:  R_CMD: ACTCMD    R_r0= 0x02    at time   65818009 ps
inst0 ch0:  R_CMD: ACTCMD    R_f0= 0x1b    at time   65818423 ps
inst0 ch0:  R_CMD: ACTCMD    R_r1= 0x3f    at time   65818837 ps
inst0 ch0:  R_CMD: ACTCMD    R_f1= 0x3b    at time   65819251 ps
inst0 ch0:  C_CMD: WRCMD     C_r = 0x001   at time   65828773 ps
inst0 ch0:  C_CMD: WRCMD     C_f = 0x080   at time   65829187 ps
inst0 ch0:  C_CMD: WRCMD     C_r = 0x009   at time   65832085 ps
inst0 ch0:  C_CMD: WRCMD     C_f = 0x082   at time   65832499 ps
inst0 ch0:  R_CMD: ACTCMD    R_r0= 0x0a    at time   65933101 ps
inst0 ch0:  R_CMD: ACTCMD    R_f0= 0x02    at time   65933515 ps
inst0 ch0:  R_CMD: ACTCMD    R_r1= 0x00    at time   65933929 ps
inst0 ch0:  R_CMD: ACTCMD    R_f1= 0x00    at time   65934343 ps
inst0 ch0:  R_CMD: ACTCMD    R_r0= 0x02    at time   65937241 ps
inst0 ch0:  R_CMD: ACTCMD    R_f0= 0x02    at time   65937655 ps
inst0 ch0:  R_CMD: ACTCMD    R_r1= 0x00    at time   65938069 ps
inst0 ch0:  R_CMD: ACTCMD    R_f1= 0x00    at time   65938483 ps
inst0 ch0:  C_CMD: RDCMD     C_r = 0x015   at time   65948005 ps
inst0 ch0:  C_CMD: RDCMD     C_f = 0x000   at time   65948419 ps
inst0 ch0:  C_CMD: RDCMD     C_r = 0x01d   at time   65951317 ps
inst0 ch0:  C_CMD: RDCMD     C_f = 0x002   at time   65951731 ps
inst0 ch0:  C_CMD: RDCMD     C_r = 0x005   at time   65954629 ps
inst0 ch0:  C_CMD: RDCMD     C_f = 0x000   at time   65955043 ps
inst0 ch0:  C_CMD: RDCMD     C_r = 0x00d   at time   65957941 ps
inst0 ch0:  C_CMD: RDCMD     C_f = 0x002   at time   65958355 ps
inst0 ch0:  R_CMD: ACTCMD    R_r0= 0x02    at time   66229525 ps
inst0 ch0:  R_CMD: ACTCMD    R_f0= 0x1b    at time   66229939 ps
inst0 ch0:  R_CMD: ACTCMD    R_r1= 0x3f    at time   66230353 ps
inst0 ch0:  R_CMD: ACTCMD    R_f1= 0x3b    at time   66230767 ps
inst0 ch0:  C_CMD: RDCMD     C_r = 0x005   at time   66244429 ps
inst0 ch0:  C_CMD: RDCMD     C_f = 0x080   at time   66244843 ps
inst0 ch0:  C_CMD: RDCMD     C_r = 0x00d   at time   66247741 ps
inst0 ch0:  C_CMD: RDCMD     C_f = 0x082   at time   66248155 ps
inst0 ch0:  R_CMD: ACTCMD    R_r0= 0x02    at time   66302389 ps
inst0 ch0:  R_CMD: ACTCMD    R_f0= 0x1b    at time   66302803 ps
inst0 ch0:  R_CMD: ACTCMD    R_r1= 0x3f    at time   66303217 ps
inst0 ch0:  R_CMD: ACTCMD    R_f1= 0x3b    at time   66303631 ps
inst0 ch0:  C_CMD: WRCMD     C_r = 0x001   at time   66313153 ps
inst0 ch0:  C_CMD: WRCMD     C_f = 0x080   at time   66313567 ps
inst0 ch0:  C_CMD: WRCMD     C_r = 0x009   at time   66316465 ps
inst0 ch0:  C_CMD: WRCMD     C_f = 0x082   at time   66316879 ps
inst0 ch0:  R_CMD: ACTCMD    R_r0= 0x0a    at time   66538369 ps
inst0 ch0:  R_CMD: ACTCMD    R_f0= 0x19    at time   66538783 ps
inst0 ch0:  R_CMD: ACTCMD    R_r1= 0x3f    at time   66539197 ps
inst0 ch0:  R_CMD: ACTCMD    R_f1= 0x3b    at time   66539611 ps
inst0 ch0:  R_CMD: ACTCMD    R_r0= 0x02    at time   66542509 ps
inst0 ch0:  R_CMD: ACTCMD    R_f0= 0x19    at time   66542923 ps
inst0 ch0:  R_CMD: ACTCMD    R_r1= 0x3f    at time   66543337 ps
inst0 ch0:  R_CMD: ACTCMD    R_f1= 0x3b    at time   66543751 ps
inst0 ch0:  C_CMD: RDCMD     C_r = 0x015   at time   66553273 ps
inst0 ch0:  C_CMD: RDCMD     C_f = 0x0f8   at time   66553687 ps
inst0 ch0:  C_CMD: RDCMD     C_r = 0x01d   at time   66556585 ps
inst0 ch0:  C_CMD: RDCMD     C_f = 0x0fa   at time   66556999 ps
inst0 ch0:  C_CMD: RDCMD     C_r = 0x005   at time   66559897 ps
inst0 ch0:  C_CMD: RDCMD     C_f = 0x0f8   at time   66560311 ps
inst0 ch0:  C_CMD: RDCMD     C_r = 0x00d   at time   66563209 ps
inst0 ch0:  C_CMD: RDCMD     C_f = 0x0fa   at time   66563623 ps
inst0 ch0:  R_CMD: ACTCMD    R_r0= 0x0a    at time   66608749 ps
inst0 ch0:  R_CMD: ACTCMD    R_f0= 0x19    at time   66609163 ps
inst0 ch0:  R_CMD: ACTCMD    R_r1= 0x3f    at time   66609577 ps
inst0 ch0:  R_CMD: ACTCMD    R_f1= 0x3b    at time   66609991 ps
inst0 ch0:  R_CMD: ACTCMD    R_r0= 0x02    at time   66612889 ps
inst0 ch0:  R_CMD: ACTCMD    R_f0= 0x19    at time   66613303 ps
inst0 ch0:  R_CMD: ACTCMD    R_r1= 0x3f    at time   66613717 ps
inst0 ch0:  R_CMD: ACTCMD    R_f1= 0x3b    at time   66614131 ps
inst0 ch0:  C_CMD: WRCMD     C_r = 0x011   at time   66619513 ps
inst0 ch0:  C_CMD: WRCMD     C_f = 0x0f8   at time   66619927 ps
inst0 ch0:  C_CMD: WRCMD     C_r = 0x019   at time   66622825 ps
inst0 ch0:  C_CMD: WRCMD     C_f = 0x0fa   at time   66623239 ps
inst0 ch0:  C_CMD: WRCMD     C_r = 0x001   at time   66626137 ps
inst0 ch0:  C_CMD: WRCMD     C_f = 0x0f8   at time   66626551 ps
inst0 ch0:  C_CMD: WRCMD     C_r = 0x009   at time   66629449 ps
inst0 ch0:  C_CMD: WRCMD     C_f = 0x0fa   at time   66629863 ps
inst0 ch0:  R_CMD: ACTCMD    R_r0= 0x0a    at time   66811609 ps
inst0 ch0:  R_CMD: ACTCMD    R_f0= 0x0a    at time   66812023 ps
inst0 ch0:  R_CMD: ACTCMD    R_r1= 0x00    at time   66812437 ps
inst0 ch0:  R_CMD: ACTCMD    R_f1= 0x00    at time   66812851 ps
inst0 ch0:  R_CMD: ACTCMD    R_r0= 0x02    at time   66815749 ps
inst0 ch0:  R_CMD: ACTCMD    R_f0= 0x0a    at time   66816163 ps
inst0 ch0:  R_CMD: ACTCMD    R_r1= 0x00    at time   66816577 ps
inst0 ch0:  R_CMD: ACTCMD    R_f1= 0x00    at time   66816991 ps
inst0 ch0:  C_CMD: RDCMD     C_r = 0x015   at time   66826513 ps
inst0 ch0:  C_CMD: RDCMD     C_f = 0x080   at time   66826927 ps
inst0 ch0:  C_CMD: RDCMD     C_r = 0x01d   at time   66829825 ps
inst0 ch0:  C_CMD: RDCMD     C_f = 0x082   at time   66830239 ps
inst0 ch0:  C_CMD: RDCMD     C_r = 0x005   at time   66833137 ps
inst0 ch0:  C_CMD: RDCMD     C_f = 0x080   at time   66833551 ps
inst0 ch0:  C_CMD: RDCMD     C_r = 0x00d   at time   66836449 ps
inst0 ch0:  C_CMD: RDCMD     C_f = 0x082   at time   66836863 ps
