inst0 ch0:  R_CMD: ACTCMD    R_r0= 0x0e    at time   33400981 ps
inst0 ch0:  R_CMD: ACTCMD    R_f0= 0x28    at time   33401395 ps
inst0 ch0:  R_CMD: ACTCMD    R_r1= 0x00    at time   33401809 ps
inst0 ch0:  R_CMD: ACTCMD    R_f1= 0x02    at time   33402223 ps
inst0 ch0:  R_CMD: ACTCMD    R_r0= 0x0e    at time   33404293 ps
inst0 ch0:  R_CMD: ACTCMD    R_f0= 0x20    at time   33404707 ps
inst0 ch0:  R_CMD: ACTCMD    R_r1= 0x00    at time   33405121 ps
inst0 ch0:  R_CMD: ACTCMD    R_f1= 0x02    at time   33405535 ps
inst0 ch0:  C_CMD: RDCMD     C_r = 0x095   at time   33415885 ps
inst0 ch0:  C_CMD: RDCMD     C_f = 0x0a9   at time   33416299 ps
inst0 ch0:  C_CMD: RDCMD     C_r = 0x095   at time   33419197 ps
inst0 ch0:  C_CMD: RDCMD     C_f = 0x0ab   at time   33419611 ps
inst0 ch0:  C_CMD: RDCMD     C_r = 0x095   at time   33420025 ps
inst0 ch0:  C_CMD: RDCMD     C_f = 0x029   at time   33420439 ps
inst0 ch0:  C_CMD: RDCMD     C_r = 0x095   at time   33422509 ps
inst0 ch0:  C_CMD: RDCMD     C_f = 0x0a1   at time   33422923 ps
inst0 ch0:  C_CMD: RDCMD     C_r = 0x095   at time   33423337 ps
inst0 ch0:  C_CMD: RDCMD     C_f = 0x02b   at time   33423751 ps
inst0 ch0:  C_CMD: RDCMD     C_r = 0x09d   at time   33425821 ps
inst0 ch0:  C_CMD: RDCMD     C_f = 0x0a3   at time   33426235 ps
inst0 ch0:  C_CMD: RDCMD     C_r = 0x095   at time   33426649 ps
inst0 ch0:  C_CMD: RDCMD     C_f = 0x021   at time   33427063 ps
inst0 ch0:  C_CMD: RDCMD     C_r = 0x09d   at time   33429961 ps
inst0 ch0:  C_CMD: RDCMD     C_f = 0x023   at time   33430375 ps
inst0 ch0:  R_CMD: ACTCMD    R_r0= 0x0e    at time   33672565 ps
inst0 ch0:  R_CMD: ACTCMD    R_f0= 0x28    at time   33672979 ps
inst0 ch0:  R_CMD: ACTCMD    R_r1= 0x00    at time   33673393 ps
inst0 ch0:  R_CMD: ACTCMD    R_f1= 0x02    at time   33673807 ps
inst0 ch0:  R_CMD: ACTCMD    R_r0= 0x0e    at time   33674221 ps
inst0 ch0:  R_CMD: ACTCMD    R_f0= 0x20    at time   33674635 ps
inst0 ch0:  R_CMD: ACTCMD    R_r1= 0x00    at time   33675049 ps
inst0 ch0:  R_CMD: ACTCMD    R_f1= 0x02    at time   33675463 ps
inst0 ch0:  C_CMD: WRCMD     C_r = 0x091   at time   33683329 ps
inst0 ch0:  C_CMD: WRCMD     C_f = 0x0a9   at time   33683743 ps
inst0 ch0:  C_CMD: WRCMD     C_r = 0x091   at time   33684985 ps
inst0 ch0:  C_CMD: WRCMD     C_f = 0x029   at time   33685399 ps
inst0 ch0:  C_CMD: WRCMD     C_r = 0x091   at time   33686641 ps
inst0 ch0:  C_CMD: WRCMD     C_f = 0x0ab   at time   33687055 ps
inst0 ch0:  C_CMD: WRCMD     C_r = 0x091   at time   33688297 ps
inst0 ch0:  C_CMD: WRCMD     C_f = 0x02b   at time   33688711 ps
inst0 ch0:  C_CMD: WRCMD     C_r = 0x091   at time   33689953 ps
inst0 ch0:  C_CMD: WRCMD     C_f = 0x0a1   at time   33690367 ps
inst0 ch0:  C_CMD: WRCMD     C_r = 0x091   at time   33691609 ps
inst0 ch0:  C_CMD: WRCMD     C_f = 0x021   at time   33692023 ps
inst0 ch0:  C_CMD: WRCMD     C_r = 0x099   at time   33693265 ps
inst0 ch0:  C_CMD: WRCMD     C_f = 0x0a3   at time   33693679 ps
inst0 ch0:  C_CMD: WRCMD     C_r = 0x099   at time   33694921 ps
inst0 ch0:  C_CMD: WRCMD     C_f = 0x023   at time   33695335 ps
inst0 ch0:  R_CMD: ACTCMD    R_r0= 0x26    at time   37593973 ps
inst0 ch0:  R_CMD: ACTCMD    R_f0= 0x28    at time   37594387 ps
inst0 ch0:  R_CMD: ACTCMD    R_r1= 0x00    at time   37594801 ps
inst0 ch0:  R_CMD: ACTCMD    R_f1= 0x02    at time   37595215 ps
inst0 ch0:  R_CMD: ACTCMD    R_r0= 0x26    at time   37597285 ps
inst0 ch0:  R_CMD: ACTCMD    R_f0= 0x20    at time   37597699 ps
inst0 ch0:  R_CMD: ACTCMD    R_r1= 0x00    at time   37598113 ps
inst0 ch0:  R_CMD: ACTCMD    R_f1= 0x02    at time   37598527 ps
inst0 ch0:  C_CMD: RDCMD     C_r = 0x0c5   at time   37608877 ps
inst0 ch0:  C_CMD: RDCMD     C_f = 0x0a9   at time   37609291 ps
inst0 ch0:  C_CMD: RDCMD     C_r = 0x0c5   at time   37612189 ps
inst0 ch0:  C_CMD: RDCMD     C_f = 0x0ab   at time   37612603 ps
inst0 ch0:  C_CMD: RDCMD     C_r = 0x0c5   at time   37613017 ps
inst0 ch0:  C_CMD: RDCMD     C_f = 0x029   at time   37613431 ps
inst0 ch0:  C_CMD: RDCMD     C_r = 0x0c5   at time   37615501 ps
inst0 ch0:  C_CMD: RDCMD     C_f = 0x0a1   at time   37615915 ps
inst0 ch0:  C_CMD: RDCMD     C_r = 0x0c5   at time   37616329 ps
inst0 ch0:  C_CMD: RDCMD     C_f = 0x02b   at time   37616743 ps
inst0 ch0:  C_CMD: RDCMD     C_r = 0x0cd   at time   37618813 ps
inst0 ch0:  C_CMD: RDCMD     C_f = 0x0a3   at time   37619227 ps
inst0 ch0:  C_CMD: RDCMD     C_r = 0x0c5   at time   37619641 ps
inst0 ch0:  C_CMD: RDCMD     C_f = 0x021   at time   37620055 ps
inst0 ch0:  C_CMD: RDCMD     C_r = 0x0cd   at time   37622953 ps
inst0 ch0:  C_CMD: RDCMD     C_f = 0x023   at time   37623367 ps
inst0 ch0:  R_CMD: ACTCMD    R_r0= 0x26    at time   37734733 ps
inst0 ch0:  R_CMD: ACTCMD    R_f0= 0x28    at time   37735147 ps
inst0 ch0:  R_CMD: ACTCMD    R_r1= 0x00    at time   37735561 ps
inst0 ch0:  R_CMD: ACTCMD    R_f1= 0x02    at time   37735975 ps
inst0 ch0:  R_CMD: ACTCMD    R_r0= 0x26    at time   37738045 ps
inst0 ch0:  R_CMD: ACTCMD    R_f0= 0x20    at time   37738459 ps
inst0 ch0:  R_CMD: ACTCMD    R_r1= 0x00    at time   37738873 ps
inst0 ch0:  R_CMD: ACTCMD    R_f1= 0x02    at time   37739287 ps
inst0 ch0:  C_CMD: WRCMD     C_r = 0x0c1   at time   37745497 ps
inst0 ch0:  C_CMD: WRCMD     C_f = 0x0a9   at time   37745911 ps
inst0 ch0:  C_CMD: WRCMD     C_r = 0x0c1   at time   37748809 ps
inst0 ch0:  C_CMD: WRCMD     C_f = 0x0ab   at time   37749223 ps
inst0 ch0:  C_CMD: WRCMD     C_r = 0x0c1   at time   37749637 ps
inst0 ch0:  C_CMD: WRCMD     C_f = 0x029   at time   37750051 ps
inst0 ch0:  C_CMD: WRCMD     C_r = 0x0c1   at time   37752121 ps
inst0 ch0:  C_CMD: WRCMD     C_f = 0x0a1   at time   37752535 ps
inst0 ch0:  C_CMD: WRCMD     C_r = 0x0c1   at time   37752949 ps
inst0 ch0:  C_CMD: WRCMD     C_f = 0x02b   at time   37753363 ps
inst0 ch0:  C_CMD: WRCMD     C_r = 0x0c9   at time   37755433 ps
inst0 ch0:  C_CMD: WRCMD     C_f = 0x0a3   at time   37755847 ps
inst0 ch0:  C_CMD: WRCMD     C_r = 0x0c1   at time   37756261 ps
inst0 ch0:  C_CMD: WRCMD     C_f = 0x021   at time   37756675 ps
inst0 ch0:  C_CMD: WRCMD     C_r = 0x0c9   at time   37759573 ps
inst0 ch0:  C_CMD: WRCMD     C_f = 0x023   at time   37759987 ps
inst0 ch0:  R_CMD: ACTCMD    R_r0= 0x22    at time   54568801 ps
inst0 ch0:  R_CMD: ACTCMD    R_f0= 0x2a    at time   54569215 ps
inst0 ch0:  R_CMD: ACTCMD    R_r1= 0x00    at time   54569629 ps
inst0 ch0:  R_CMD: ACTCMD    R_f1= 0x00    at time   54570043 ps
inst0 ch0:  R_CMD: ACTCMD    R_r0= 0x22    at time   54572113 ps
inst0 ch0:  R_CMD: ACTCMD    R_f0= 0x22    at time   54572527 ps
inst0 ch0:  R_CMD: ACTCMD    R_r1= 0x00    at time   54572941 ps
inst0 ch0:  R_CMD: ACTCMD    R_f1= 0x00    at time   54573355 ps
inst0 ch0:  R_CMD: ACTCMD    R_r0= 0x02    at time   54573769 ps
inst0 ch0:  R_CMD: ACTCMD    R_f0= 0x2a    at time   54574183 ps
inst0 ch0:  R_CMD: ACTCMD    R_r1= 0x00    at time   54574597 ps
inst0 ch0:  R_CMD: ACTCMD    R_f1= 0x00    at time   54575011 ps
inst0 ch0:  R_CMD: ACTCMD    R_r0= 0x02    at time   54576253 ps
inst0 ch0:  R_CMD: ACTCMD    R_f0= 0x22    at time   54576667 ps
inst0 ch0:  R_CMD: ACTCMD    R_r1= 0x00    at time   54577081 ps
inst0 ch0:  R_CMD: ACTCMD    R_f1= 0x00    at time   54577495 ps
inst0 ch0:  R_CMD: ACTCMD    R_r0= 0x22    at time   54577909 ps
inst0 ch0:  R_CMD: ACTCMD    R_f0= 0x0a    at time   54578323 ps
inst0 ch0:  R_CMD: ACTCMD    R_r1= 0x00    at time   54578737 ps
inst0 ch0:  R_CMD: ACTCMD    R_f1= 0x00    at time   54579151 ps
inst0 ch0:  R_CMD: ACTCMD    R_r0= 0x22    at time   54580393 ps
inst0 ch0:  R_CMD: ACTCMD    R_f0= 0x02    at time   54580807 ps
inst0 ch0:  R_CMD: ACTCMD    R_r1= 0x00    at time   54581221 ps
inst0 ch0:  R_CMD: ACTCMD    R_f1= 0x00    at time   54581635 ps
inst0 ch0:  R_CMD: ACTCMD    R_r0= 0x02    at time   54582049 ps
inst0 ch0:  R_CMD: ACTCMD    R_f0= 0x0a    at time   54582463 ps
inst0 ch0:  R_CMD: ACTCMD    R_r1= 0x00    at time   54582877 ps
inst0 ch0:  R_CMD: ACTCMD    R_f1= 0x00    at time   54583291 ps
inst0 ch0:  C_CMD: RDCMD     C_r = 0x0c5   at time   54583705 ps
inst0 ch0:  C_CMD: RDCMD     C_f = 0x080   at time   54584119 ps
inst0 ch0:  R_CMD: ACTCMD    R_r0= 0x02    at time   54584533 ps
inst0 ch0:  R_CMD: ACTCMD    R_f0= 0x02    at time   54584947 ps
inst0 ch0:  R_CMD: ACTCMD    R_r1= 0x00    at time   54585361 ps
inst0 ch0:  R_CMD: ACTCMD    R_f1= 0x00    at time   54585775 ps
inst0 ch0:  C_CMD: RDCMD     C_r = 0x0cd   at time   54587017 ps
inst0 ch0:  C_CMD: RDCMD     C_f = 0x082   at time   54587431 ps
inst0 ch0:  C_CMD: RDCMD     C_r = 0x0c5   at time   54587845 ps
inst0 ch0:  C_CMD: RDCMD     C_f = 0x000   at time   54588259 ps
inst0 ch0:  C_CMD: RDCMD     C_r = 0x085   at time   54588673 ps
inst0 ch0:  C_CMD: RDCMD     C_f = 0x080   at time   54589087 ps
inst0 ch0:  C_CMD: RDCMD     C_r = 0x0cd   at time   54591157 ps
inst0 ch0:  C_CMD: RDCMD     C_f = 0x002   at time   54591571 ps
inst0 ch0:  C_CMD: RDCMD     C_r = 0x08d   at time   54591985 ps
inst0 ch0:  C_CMD: RDCMD     C_f = 0x082   at time   54592399 ps
inst0 ch0:  C_CMD: RDCMD     C_r = 0x085   at time   54592813 ps
inst0 ch0:  C_CMD: RDCMD     C_f = 0x000   at time   54593227 ps
inst0 ch0:  C_CMD: RDCMD     C_r = 0x045   at time   54593641 ps
inst0 ch0:  C_CMD: RDCMD     C_f = 0x080   at time   54594055 ps
inst0 ch0:  C_CMD: RDCMD     C_r = 0x045   at time   54595297 ps
inst0 ch0:  C_CMD: RDCMD     C_f = 0x000   at time   54595711 ps
inst0 ch0:  C_CMD: RDCMD     C_r = 0x04d   at time   54596953 ps
inst0 ch0:  C_CMD: RDCMD     C_f = 0x082   at time   54597367 ps
inst0 ch0:  C_CMD: RDCMD     C_r = 0x08d   at time   54597781 ps
inst0 ch0:  C_CMD: RDCMD     C_f = 0x002   at time   54598195 ps
inst0 ch0:  C_CMD: RDCMD     C_r = 0x005   at time   54598609 ps
inst0 ch0:  C_CMD: RDCMD     C_f = 0x080   at time   54599023 ps
inst0 ch0:  C_CMD: RDCMD     C_r = 0x04d   at time   54599437 ps
inst0 ch0:  C_CMD: RDCMD     C_f = 0x002   at time   54599851 ps
inst0 ch0:  C_CMD: RDCMD     C_r = 0x005   at time   54601093 ps
inst0 ch0:  C_CMD: RDCMD     C_f = 0x000   at time   54601507 ps
inst0 ch0:  C_CMD: RDCMD     C_r = 0x00d   at time   54601921 ps
inst0 ch0:  C_CMD: RDCMD     C_f = 0x082   at time   54602335 ps
inst0 ch0:  C_CMD: RDCMD     C_r = 0x00d   at time   54604405 ps
inst0 ch0:  C_CMD: RDCMD     C_f = 0x002   at time   54604819 ps
inst0 ch0:  R_CMD: ACTCMD    R_r0= 0x2a    at time   55453105 ps
inst0 ch0:  R_CMD: ACTCMD    R_f0= 0x22    at time   55453519 ps
inst0 ch0:  R_CMD: ACTCMD    R_r1= 0x00    at time   55453933 ps
inst0 ch0:  R_CMD: ACTCMD    R_f1= 0x00    at time   55454347 ps
inst0 ch0:  R_CMD: ACTCMD    R_r0= 0x0a    at time   55457245 ps
inst0 ch0:  R_CMD: ACTCMD    R_f0= 0x22    at time   55457659 ps
inst0 ch0:  R_CMD: ACTCMD    R_r1= 0x00    at time   55458073 ps
inst0 ch0:  R_CMD: ACTCMD    R_f1= 0x00    at time   55458487 ps
inst0 ch0:  R_CMD: ACTCMD    R_r0= 0x2a    at time   55461385 ps
inst0 ch0:  R_CMD: ACTCMD    R_f0= 0x02    at time   55461799 ps
inst0 ch0:  R_CMD: ACTCMD    R_r1= 0x00    at time   55462213 ps
inst0 ch0:  R_CMD: ACTCMD    R_f1= 0x00    at time   55462627 ps
inst0 ch0:  R_CMD: ACTCMD    R_r0= 0x0a    at time   55465525 ps
inst0 ch0:  R_CMD: ACTCMD    R_f0= 0x02    at time   55465939 ps
inst0 ch0:  R_CMD: ACTCMD    R_r1= 0x00    at time   55466353 ps
inst0 ch0:  R_CMD: ACTCMD    R_f1= 0x00    at time   55466767 ps
inst0 ch0:  C_CMD: RDCMD     C_r = 0x0d5   at time   55468009 ps
inst0 ch0:  C_CMD: RDCMD     C_f = 0x000   at time   55468423 ps
inst0 ch0:  C_CMD: RDCMD     C_r = 0x0dd   at time   55471321 ps
inst0 ch0:  C_CMD: RDCMD     C_f = 0x002   at time   55471735 ps
inst0 ch0:  C_CMD: RDCMD     C_r = 0x095   at time   55472977 ps
inst0 ch0:  C_CMD: RDCMD     C_f = 0x000   at time   55473391 ps
inst0 ch0:  C_CMD: RDCMD     C_r = 0x09d   at time   55476289 ps
inst0 ch0:  C_CMD: RDCMD     C_f = 0x002   at time   55476703 ps
inst0 ch0:  C_CMD: RDCMD     C_r = 0x055   at time   55477945 ps
inst0 ch0:  C_CMD: RDCMD     C_f = 0x000   at time   55478359 ps
inst0 ch0:  R_CMD: ACTCMD    R_r0= 0x2a    at time   55480429 ps
inst0 ch0:  C_CMD: RDCMD     C_r = 0x015   at time   55480429 ps
inst0 ch0:  R_CMD: ACTCMD    R_f0= 0x2a    at time   55480843 ps
inst0 ch0:  C_CMD: RDCMD     C_f = 0x000   at time   55480843 ps
inst0 ch0:  R_CMD: ACTCMD    R_r1= 0x00    at time   55481257 ps
inst0 ch0:  R_CMD: ACTCMD    R_f1= 0x00    at time   55481671 ps
inst0 ch0:  C_CMD: RDCMD     C_r = 0x05d   at time   55482085 ps
inst0 ch0:  C_CMD: RDCMD     C_f = 0x002   at time   55482499 ps
inst0 ch0:  C_CMD: RDCMD     C_r = 0x01d   at time   55483741 ps
inst0 ch0:  C_CMD: RDCMD     C_f = 0x002   at time   55484155 ps
inst0 ch0:  R_CMD: ACTCMD    R_r0= 0x0a    at time   55484569 ps
inst0 ch0:  R_CMD: ACTCMD    R_f0= 0x2a    at time   55484983 ps
inst0 ch0:  R_CMD: ACTCMD    R_r1= 0x00    at time   55485397 ps
inst0 ch0:  R_CMD: ACTCMD    R_f1= 0x00    at time   55485811 ps
inst0 ch0:  R_CMD: ACTCMD    R_r0= 0x2a    at time   55488709 ps
inst0 ch0:  R_CMD: ACTCMD    R_f0= 0x0a    at time   55489123 ps
inst0 ch0:  R_CMD: ACTCMD    R_r1= 0x00    at time   55489537 ps
inst0 ch0:  R_CMD: ACTCMD    R_f1= 0x00    at time   55489951 ps
inst0 ch0:  R_CMD: ACTCMD    R_r0= 0x0a    at time   55492849 ps
inst0 ch0:  R_CMD: ACTCMD    R_f0= 0x0a    at time   55493263 ps
inst0 ch0:  R_CMD: ACTCMD    R_r1= 0x00    at time   55493677 ps
inst0 ch0:  R_CMD: ACTCMD    R_f1= 0x00    at time   55494091 ps
inst0 ch0:  C_CMD: RDCMD     C_r = 0x0d5   at time   55495333 ps
inst0 ch0:  C_CMD: RDCMD     C_f = 0x080   at time   55495747 ps
inst0 ch0:  C_CMD: RDCMD     C_r = 0x0dd   at time   55498645 ps
inst0 ch0:  C_CMD: RDCMD     C_f = 0x082   at time   55499059 ps
inst0 ch0:  C_CMD: RDCMD     C_r = 0x095   at time   55500301 ps
inst0 ch0:  C_CMD: RDCMD     C_f = 0x080   at time   55500715 ps
inst0 ch0:  C_CMD: RDCMD     C_r = 0x09d   at time   55503613 ps
inst0 ch0:  C_CMD: RDCMD     C_f = 0x082   at time   55504027 ps
inst0 ch0:  C_CMD: RDCMD     C_r = 0x055   at time   55505269 ps
inst0 ch0:  C_CMD: RDCMD     C_f = 0x080   at time   55505683 ps
inst0 ch0:  C_CMD: RDCMD     C_r = 0x015   at time   55507753 ps
inst0 ch0:  C_CMD: RDCMD     C_f = 0x080   at time   55508167 ps
inst0 ch0:  C_CMD: RDCMD     C_r = 0x05d   at time   55509409 ps
inst0 ch0:  C_CMD: RDCMD     C_f = 0x082   at time   55509823 ps
inst0 ch0:  C_CMD: RDCMD     C_r = 0x01d   at time   55511065 ps
inst0 ch0:  C_CMD: RDCMD     C_f = 0x082   at time   55511479 ps
inst0 ch0:  R_CMD: ACTCMD    R_r0= 0x32    at time   55785961 ps
inst0 ch0:  R_CMD: ACTCMD    R_f0= 0x22    at time   55786375 ps
inst0 ch0:  R_CMD: ACTCMD    R_r1= 0x00    at time   55786789 ps
inst0 ch0:  R_CMD: ACTCMD    R_f1= 0x00    at time   55787203 ps
inst0 ch0:  R_CMD: ACTCMD    R_r0= 0x12    at time   55790101 ps
inst0 ch0:  R_CMD: ACTCMD    R_f0= 0x22    at time   55790515 ps
inst0 ch0:  R_CMD: ACTCMD    R_r1= 0x00    at time   55790929 ps
inst0 ch0:  R_CMD: ACTCMD    R_f1= 0x00    at time   55791343 ps
inst0 ch0:  R_CMD: ACTCMD    R_r0= 0x32    at time   55794241 ps
inst0 ch0:  R_CMD: ACTCMD    R_f0= 0x02    at time   55794655 ps
inst0 ch0:  R_CMD: ACTCMD    R_r1= 0x00    at time   55795069 ps
inst0 ch0:  R_CMD: ACTCMD    R_f1= 0x00    at time   55795483 ps
inst0 ch0:  R_CMD: ACTCMD    R_r0= 0x12    at time   55798381 ps
inst0 ch0:  R_CMD: ACTCMD    R_f0= 0x02    at time   55798795 ps
inst0 ch0:  R_CMD: ACTCMD    R_r1= 0x00    at time   55799209 ps
inst0 ch0:  R_CMD: ACTCMD    R_f1= 0x00    at time   55799623 ps
inst0 ch0:  C_CMD: RDCMD     C_r = 0x0e5   at time   55800865 ps
inst0 ch0:  C_CMD: RDCMD     C_f = 0x000   at time   55801279 ps
inst0 ch0:  C_CMD: RDCMD     C_r = 0x0ed   at time   55804177 ps
inst0 ch0:  C_CMD: RDCMD     C_f = 0x002   at time   55804591 ps
inst0 ch0:  C_CMD: RDCMD     C_r = 0x0a5   at time   55805833 ps
inst0 ch0:  C_CMD: RDCMD     C_f = 0x000   at time   55806247 ps
inst0 ch0:  C_CMD: RDCMD     C_r = 0x0ad   at time   55809145 ps
inst0 ch0:  C_CMD: RDCMD     C_f = 0x002   at time   55809559 ps
inst0 ch0:  C_CMD: RDCMD     C_r = 0x065   at time   55810801 ps
inst0 ch0:  C_CMD: RDCMD     C_f = 0x000   at time   55811215 ps
inst0 ch0:  C_CMD: RDCMD     C_r = 0x025   at time   55813285 ps
inst0 ch0:  C_CMD: RDCMD     C_f = 0x000   at time   55813699 ps
inst0 ch0:  C_CMD: RDCMD     C_r = 0x06d   at time   55814941 ps
inst0 ch0:  C_CMD: RDCMD     C_f = 0x002   at time   55815355 ps
inst0 ch0:  C_CMD: RDCMD     C_r = 0x02d   at time   55816597 ps
inst0 ch0:  C_CMD: RDCMD     C_f = 0x002   at time   55817011 ps
inst0 ch0:  R_CMD: ACTCMD    R_r0= 0x32    at time   55836469 ps
inst0 ch0:  R_CMD: ACTCMD    R_f0= 0x2a    at time   55836883 ps
inst0 ch0:  R_CMD: ACTCMD    R_r1= 0x00    at time   55837297 ps
inst0 ch0:  R_CMD: ACTCMD    R_f1= 0x00    at time   55837711 ps
inst0 ch0:  R_CMD: ACTCMD    R_r0= 0x12    at time   55840609 ps
inst0 ch0:  R_CMD: ACTCMD    R_f0= 0x2a    at time   55841023 ps
inst0 ch0:  R_CMD: ACTCMD    R_r1= 0x00    at time   55841437 ps
inst0 ch0:  R_CMD: ACTCMD    R_f1= 0x00    at time   55841851 ps
inst0 ch0:  R_CMD: ACTCMD    R_r0= 0x32    at time   55844749 ps
inst0 ch0:  R_CMD: ACTCMD    R_f0= 0x0a    at time   55845163 ps
inst0 ch0:  R_CMD: ACTCMD    R_r1= 0x00    at time   55845577 ps
inst0 ch0:  R_CMD: ACTCMD    R_f1= 0x00    at time   55845991 ps
inst0 ch0:  R_CMD: ACTCMD    R_r0= 0x12    at time   55848889 ps
inst0 ch0:  R_CMD: ACTCMD    R_f0= 0x0a    at time   55849303 ps
inst0 ch0:  R_CMD: ACTCMD    R_r1= 0x00    at time   55849717 ps
inst0 ch0:  R_CMD: ACTCMD    R_f1= 0x00    at time   55850131 ps
inst0 ch0:  C_CMD: RDCMD     C_r = 0x0e5   at time   55851373 ps
inst0 ch0:  C_CMD: RDCMD     C_f = 0x080   at time   55851787 ps
inst0 ch0:  C_CMD: RDCMD     C_r = 0x0ed   at time   55854685 ps
inst0 ch0:  C_CMD: RDCMD     C_f = 0x082   at time   55855099 ps
inst0 ch0:  C_CMD: RDCMD     C_r = 0x0a5   at time   55856341 ps
inst0 ch0:  C_CMD: RDCMD     C_f = 0x080   at time   55856755 ps
inst0 ch0:  C_CMD: RDCMD     C_r = 0x0ad   at time   55859653 ps
inst0 ch0:  C_CMD: RDCMD     C_f = 0x082   at time   55860067 ps
inst0 ch0:  C_CMD: RDCMD     C_r = 0x065   at time   55861309 ps
inst0 ch0:  C_CMD: RDCMD     C_f = 0x080   at time   55861723 ps
inst0 ch0:  C_CMD: RDCMD     C_r = 0x025   at time   55863793 ps
inst0 ch0:  C_CMD: RDCMD     C_f = 0x080   at time   55864207 ps
inst0 ch0:  C_CMD: RDCMD     C_r = 0x06d   at time   55865449 ps
inst0 ch0:  C_CMD: RDCMD     C_f = 0x082   at time   55865863 ps
inst0 ch0:  C_CMD: RDCMD     C_r = 0x02d   at time   55867105 ps
inst0 ch0:  C_CMD: RDCMD     C_f = 0x082   at time   55867519 ps
inst0 ch0:  R_CMD: ACTCMD    R_r0= 0x3a    at time   56115505 ps
inst0 ch0:  R_CMD: ACTCMD    R_f0= 0x22    at time   56115919 ps
inst0 ch0:  R_CMD: ACTCMD    R_r1= 0x00    at time   56116333 ps
inst0 ch0:  R_CMD: ACTCMD    R_f1= 0x00    at time   56116747 ps
inst0 ch0:  R_CMD: ACTCMD    R_r0= 0x1a    at time   56119645 ps
inst0 ch0:  R_CMD: ACTCMD    R_f0= 0x22    at time   56120059 ps
inst0 ch0:  R_CMD: ACTCMD    R_r1= 0x00    at time   56120473 ps
inst0 ch0:  R_CMD: ACTCMD    R_f1= 0x00    at time   56120887 ps
inst0 ch0:  R_CMD: ACTCMD    R_r0= 0x3a    at time   56123785 ps
inst0 ch0:  R_CMD: ACTCMD    R_f0= 0x02    at time   56124199 ps
inst0 ch0:  R_CMD: ACTCMD    R_r1= 0x00    at time   56124613 ps
inst0 ch0:  R_CMD: ACTCMD    R_f1= 0x00    at time   56125027 ps
inst0 ch0:  R_CMD: ACTCMD    R_r0= 0x1a    at time   56127925 ps
inst0 ch0:  R_CMD: ACTCMD    R_f0= 0x02    at time   56128339 ps
inst0 ch0:  R_CMD: ACTCMD    R_r1= 0x00    at time   56128753 ps
inst0 ch0:  R_CMD: ACTCMD    R_f1= 0x00    at time   56129167 ps
inst0 ch0:  C_CMD: RDCMD     C_r = 0x0f5   at time   56130409 ps
inst0 ch0:  C_CMD: RDCMD     C_f = 0x000   at time   56130823 ps
inst0 ch0:  C_CMD: RDCMD     C_r = 0x0fd   at time   56133721 ps
inst0 ch0:  C_CMD: RDCMD     C_f = 0x002   at time   56134135 ps
inst0 ch0:  C_CMD: RDCMD     C_r = 0x0b5   at time   56135377 ps
inst0 ch0:  C_CMD: RDCMD     C_f = 0x000   at time   56135791 ps
inst0 ch0:  C_CMD: RDCMD     C_r = 0x0bd   at time   56138689 ps
inst0 ch0:  C_CMD: RDCMD     C_f = 0x002   at time   56139103 ps
inst0 ch0:  C_CMD: RDCMD     C_r = 0x075   at time   56140345 ps
inst0 ch0:  C_CMD: RDCMD     C_f = 0x000   at time   56140759 ps
inst0 ch0:  C_CMD: RDCMD     C_r = 0x035   at time   56142829 ps
inst0 ch0:  C_CMD: RDCMD     C_f = 0x000   at time   56143243 ps
inst0 ch0:  C_CMD: RDCMD     C_r = 0x07d   at time   56144485 ps
inst0 ch0:  C_CMD: RDCMD     C_f = 0x002   at time   56144899 ps
inst0 ch0:  C_CMD: RDCMD     C_r = 0x03d   at time   56146141 ps
inst0 ch0:  C_CMD: RDCMD     C_f = 0x002   at time   56146555 ps
inst0 ch0:  R_CMD: ACTCMD    R_r0= 0x3a    at time   56355625 ps
inst0 ch0:  R_CMD: ACTCMD    R_f0= 0x2a    at time   56356039 ps
inst0 ch0:  R_CMD: ACTCMD    R_r1= 0x00    at time   56356453 ps
inst0 ch0:  R_CMD: ACTCMD    R_f1= 0x00    at time   56356867 ps
inst0 ch0:  R_CMD: ACTCMD    R_r0= 0x1a    at time   56359765 ps
inst0 ch0:  R_CMD: ACTCMD    R_f0= 0x2a    at time   56360179 ps
inst0 ch0:  R_CMD: ACTCMD    R_r1= 0x00    at time   56360593 ps
inst0 ch0:  R_CMD: ACTCMD    R_f1= 0x00    at time   56361007 ps
inst0 ch0:  R_CMD: ACTCMD    R_r0= 0x3a    at time   56363905 ps
inst0 ch0:  R_CMD: ACTCMD    R_f0= 0x0a    at time   56364319 ps
inst0 ch0:  R_CMD: ACTCMD    R_r1= 0x00    at time   56364733 ps
inst0 ch0:  R_CMD: ACTCMD    R_f1= 0x00    at time   56365147 ps
inst0 ch0:  R_CMD: ACTCMD    R_r0= 0x1a    at time   56368045 ps
inst0 ch0:  R_CMD: ACTCMD    R_f0= 0x0a    at time   56368459 ps
inst0 ch0:  R_CMD: ACTCMD    R_r1= 0x00    at time   56368873 ps
inst0 ch0:  R_CMD: ACTCMD    R_f1= 0x00    at time   56369287 ps
inst0 ch0:  C_CMD: RDCMD     C_r = 0x0f5   at time   56370529 ps
inst0 ch0:  C_CMD: RDCMD     C_f = 0x080   at time   56370943 ps
inst0 ch0:  C_CMD: RDCMD     C_r = 0x0fd   at time   56373841 ps
inst0 ch0:  C_CMD: RDCMD     C_f = 0x082   at time   56374255 ps
inst0 ch0:  C_CMD: RDCMD     C_r = 0x0b5   at time   56375497 ps
inst0 ch0:  C_CMD: RDCMD     C_f = 0x080   at time   56375911 ps
inst0 ch0:  C_CMD: RDCMD     C_r = 0x0bd   at time   56378809 ps
inst0 ch0:  C_CMD: RDCMD     C_f = 0x082   at time   56379223 ps
inst0 ch0:  C_CMD: RDCMD     C_r = 0x075   at time   56380465 ps
inst0 ch0:  C_CMD: RDCMD     C_f = 0x080   at time   56380879 ps
inst0 ch0:  C_CMD: RDCMD     C_r = 0x035   at time   56382949 ps
inst0 ch0:  C_CMD: RDCMD     C_f = 0x080   at time   56383363 ps
inst0 ch0:  C_CMD: RDCMD     C_r = 0x07d   at time   56384605 ps
inst0 ch0:  C_CMD: RDCMD     C_f = 0x082   at time   56385019 ps
inst0 ch0:  C_CMD: RDCMD     C_r = 0x03d   at time   56386261 ps
inst0 ch0:  C_CMD: RDCMD     C_f = 0x082   at time   56386675 ps
inst0 ch0:  R_CMD: ACTCMD    R_r0= 0x02    at time   56570905 ps
inst0 ch0:  R_CMD: ACTCMD    R_f0= 0x10    at time   56571319 ps
inst0 ch0:  R_CMD: ACTCMD    R_r1= 0x3f    at time   56571733 ps
inst0 ch0:  R_CMD: ACTCMD    R_f1= 0x3b    at time   56572147 ps
inst0 ch0:  C_CMD: RDCMD     C_r = 0x005   at time   56585809 ps
inst0 ch0:  C_CMD: RDCMD     C_f = 0x078   at time   56586223 ps
inst0 ch0:  C_CMD: RDCMD     C_r = 0x00d   at time   56589121 ps
inst0 ch0:  C_CMD: RDCMD     C_f = 0x07a   at time   56589535 ps
inst0 ch0:  R_CMD: ACTCMD    R_r0= 0x02    at time   56811853 ps
inst0 ch0:  R_CMD: ACTCMD    R_f0= 0x18    at time   56812267 ps
inst0 ch0:  R_CMD: ACTCMD    R_r1= 0x3f    at time   56812681 ps
inst0 ch0:  R_CMD: ACTCMD    R_f1= 0x3b    at time   56813095 ps
inst0 ch0:  C_CMD: RDCMD     C_r = 0x005   at time   56826757 ps
inst0 ch0:  C_CMD: RDCMD     C_f = 0x0f8   at time   56827171 ps
inst0 ch0:  C_CMD: RDCMD     C_r = 0x00d   at time   56830069 ps
inst0 ch0:  C_CMD: RDCMD     C_f = 0x0fa   at time   56830483 ps
inst0 ch0:  R_CMD: ACTCMD    R_r0= 0x02    at time   56840833 ps
inst0 ch0:  R_CMD: ACTCMD    R_f0= 0x10    at time   56841247 ps
inst0 ch0:  R_CMD: ACTCMD    R_r1= 0x3f    at time   56841661 ps
inst0 ch0:  R_CMD: ACTCMD    R_f1= 0x3b    at time   56842075 ps
inst0 ch0:  C_CMD: WRCMD     C_r = 0x001   at time   56851597 ps
inst0 ch0:  C_CMD: WRCMD     C_f = 0x078   at time   56852011 ps
inst0 ch0:  C_CMD: WRCMD     C_r = 0x009   at time   56854909 ps
inst0 ch0:  C_CMD: WRCMD     C_f = 0x07a   at time   56855323 ps
inst0 ch0:  R_CMD: ACTCMD    R_r0= 0x02    at time   56882233 ps
inst0 ch0:  R_CMD: ACTCMD    R_f0= 0x18    at time   56882647 ps
inst0 ch0:  R_CMD: ACTCMD    R_r1= 0x3f    at time   56883061 ps
inst0 ch0:  R_CMD: ACTCMD    R_f1= 0x3b    at time   56883475 ps
inst0 ch0:  C_CMD: WRCMD     C_r = 0x001   at time   56892997 ps
inst0 ch0:  C_CMD: WRCMD     C_f = 0x0f8   at time   56893411 ps
inst0 ch0:  C_CMD: WRCMD     C_r = 0x009   at time   56896309 ps
inst0 ch0:  C_CMD: WRCMD     C_f = 0x0fa   at time   56896723 ps
inst0 ch0:  R_CMD: ACTCMD    R_r0= 0x0a    at time   57682909 ps
inst0 ch0:  R_CMD: ACTCMD    R_f0= 0x10    at time   57683323 ps
inst0 ch0:  R_CMD: ACTCMD    R_r1= 0x3f    at time   57683737 ps
inst0 ch0:  R_CMD: ACTCMD    R_f1= 0x3b    at time   57684151 ps
inst0 ch0:  C_CMD: RDCMD     C_r = 0x015   at time   57697813 ps
inst0 ch0:  C_CMD: RDCMD     C_f = 0x078   at time   57698227 ps
inst0 ch0:  C_CMD: RDCMD     C_r = 0x01d   at time   57701125 ps
inst0 ch0:  C_CMD: RDCMD     C_f = 0x07a   at time   57701539 ps
inst0 ch0:  R_CMD: ACTCMD    R_r0= 0x0a    at time   57755773 ps
inst0 ch0:  R_CMD: ACTCMD    R_f0= 0x10    at time   57756187 ps
inst0 ch0:  R_CMD: ACTCMD    R_r1= 0x3f    at time   57756601 ps
inst0 ch0:  R_CMD: ACTCMD    R_f1= 0x3b    at time   57757015 ps
inst0 ch0:  C_CMD: WRCMD     C_r = 0x011   at time   57766537 ps
inst0 ch0:  C_CMD: WRCMD     C_f = 0x078   at time   57766951 ps
inst0 ch0:  C_CMD: WRCMD     C_r = 0x019   at time   57769849 ps
inst0 ch0:  C_CMD: WRCMD     C_f = 0x07a   at time   57770263 ps
inst0 ch0:  R_CMD: ACTCMD    R_r0= 0x02    at time   57842713 ps
inst0 ch0:  R_CMD: ACTCMD    R_f0= 0x30    at time   57843127 ps
inst0 ch0:  R_CMD: ACTCMD    R_r1= 0x3f    at time   57843541 ps
inst0 ch0:  R_CMD: ACTCMD    R_f1= 0x3b    at time   57843955 ps
inst0 ch0:  C_CMD: RDCMD     C_r = 0x085   at time   57857617 ps
inst0 ch0:  C_CMD: RDCMD     C_f = 0x078   at time   57858031 ps
inst0 ch0:  C_CMD: RDCMD     C_r = 0x08d   at time   57860929 ps
inst0 ch0:  C_CMD: RDCMD     C_f = 0x07a   at time   57861343 ps
inst0 ch0:  R_CMD: ACTCMD    R_r0= 0x02    at time   57913093 ps
inst0 ch0:  R_CMD: ACTCMD    R_f0= 0x30    at time   57913507 ps
inst0 ch0:  R_CMD: ACTCMD    R_r1= 0x3f    at time   57913921 ps
inst0 ch0:  R_CMD: ACTCMD    R_f1= 0x3b    at time   57914335 ps
inst0 ch0:  C_CMD: WRCMD     C_r = 0x081   at time   57923857 ps
inst0 ch0:  C_CMD: WRCMD     C_f = 0x078   at time   57924271 ps
inst0 ch0:  C_CMD: WRCMD     C_r = 0x089   at time   57927169 ps
inst0 ch0:  C_CMD: WRCMD     C_f = 0x07a   at time   57927583 ps
inst0 ch0:  R_CMD: ACTCMD    R_r0= 0x0a    at time   58000033 ps
inst0 ch0:  R_CMD: ACTCMD    R_f0= 0x30    at time   58000447 ps
inst0 ch0:  R_CMD: ACTCMD    R_r1= 0x3f    at time   58000861 ps
inst0 ch0:  R_CMD: ACTCMD    R_f1= 0x3b    at time   58001275 ps
inst0 ch0:  C_CMD: RDCMD     C_r = 0x095   at time   58014937 ps
inst0 ch0:  C_CMD: RDCMD     C_f = 0x078   at time   58015351 ps
inst0 ch0:  C_CMD: RDCMD     C_r = 0x09d   at time   58018249 ps
inst0 ch0:  C_CMD: RDCMD     C_f = 0x07a   at time   58018663 ps
inst0 ch0:  R_CMD: ACTCMD    R_r0= 0x0a    at time   58070413 ps
inst0 ch0:  R_CMD: ACTCMD    R_f0= 0x30    at time   58070827 ps
inst0 ch0:  R_CMD: ACTCMD    R_r1= 0x3f    at time   58071241 ps
inst0 ch0:  R_CMD: ACTCMD    R_f1= 0x3b    at time   58071655 ps
inst0 ch0:  C_CMD: WRCMD     C_r = 0x091   at time   58081177 ps
inst0 ch0:  C_CMD: WRCMD     C_f = 0x078   at time   58081591 ps
inst0 ch0:  C_CMD: WRCMD     C_r = 0x099   at time   58084489 ps
inst0 ch0:  C_CMD: WRCMD     C_f = 0x07a   at time   58084903 ps
inst0 ch0:  R_CMD: ACTCMD    R_r0= 0x0a    at time   58285693 ps
inst0 ch0:  R_CMD: ACTCMD    R_f0= 0x18    at time   58286107 ps
inst0 ch0:  R_CMD: ACTCMD    R_r1= 0x3f    at time   58286521 ps
inst0 ch0:  R_CMD: ACTCMD    R_f1= 0x3b    at time   58286935 ps
inst0 ch0:  C_CMD: RDCMD     C_r = 0x015   at time   58300597 ps
inst0 ch0:  C_CMD: RDCMD     C_f = 0x0f8   at time   58301011 ps
inst0 ch0:  C_CMD: RDCMD     C_r = 0x01d   at time   58303909 ps
inst0 ch0:  C_CMD: RDCMD     C_f = 0x0fa   at time   58304323 ps
inst0 ch0:  R_CMD: ACTCMD    R_r0= 0x0a    at time   58358557 ps
inst0 ch0:  R_CMD: ACTCMD    R_f0= 0x18    at time   58358971 ps
inst0 ch0:  R_CMD: ACTCMD    R_r1= 0x3f    at time   58359385 ps
inst0 ch0:  R_CMD: ACTCMD    R_f1= 0x3b    at time   58359799 ps
inst0 ch0:  C_CMD: WRCMD     C_r = 0x011   at time   58369321 ps
inst0 ch0:  C_CMD: WRCMD     C_f = 0x0f8   at time   58369735 ps
inst0 ch0:  C_CMD: WRCMD     C_r = 0x019   at time   58372633 ps
inst0 ch0:  C_CMD: WRCMD     C_f = 0x0fa   at time   58373047 ps
inst0 ch0:  R_CMD: ACTCMD    R_r0= 0x02    at time   58446325 ps
inst0 ch0:  R_CMD: ACTCMD    R_f0= 0x38    at time   58446739 ps
inst0 ch0:  R_CMD: ACTCMD    R_r1= 0x3f    at time   58447153 ps
inst0 ch0:  R_CMD: ACTCMD    R_f1= 0x3b    at time   58447567 ps
inst0 ch0:  C_CMD: RDCMD     C_r = 0x085   at time   58461229 ps
inst0 ch0:  C_CMD: RDCMD     C_f = 0x0f8   at time   58461643 ps
inst0 ch0:  C_CMD: RDCMD     C_r = 0x08d   at time   58464541 ps
inst0 ch0:  C_CMD: RDCMD     C_f = 0x0fa   at time   58464955 ps
inst0 ch0:  R_CMD: ACTCMD    R_r0= 0x02    at time   58516705 ps
inst0 ch0:  R_CMD: ACTCMD    R_f0= 0x38    at time   58517119 ps
inst0 ch0:  R_CMD: ACTCMD    R_r1= 0x3f    at time   58517533 ps
inst0 ch0:  R_CMD: ACTCMD    R_f1= 0x3b    at time   58517947 ps
inst0 ch0:  C_CMD: WRCMD     C_r = 0x081   at time   58527469 ps
inst0 ch0:  C_CMD: WRCMD     C_f = 0x0f8   at time   58527883 ps
inst0 ch0:  C_CMD: WRCMD     C_r = 0x089   at time   58530781 ps
inst0 ch0:  C_CMD: WRCMD     C_f = 0x0fa   at time   58531195 ps
inst0 ch0:  R_CMD: ACTCMD    R_r0= 0x0a    at time   58604473 ps
inst0 ch0:  R_CMD: ACTCMD    R_f0= 0x38    at time   58604887 ps
inst0 ch0:  R_CMD: ACTCMD    R_r1= 0x3f    at time   58605301 ps
inst0 ch0:  R_CMD: ACTCMD    R_f1= 0x3b    at time   58605715 ps
inst0 ch0:  C_CMD: RDCMD     C_r = 0x095   at time   58619377 ps
inst0 ch0:  C_CMD: RDCMD     C_f = 0x0f8   at time   58619791 ps
inst0 ch0:  C_CMD: RDCMD     C_r = 0x09d   at time   58622689 ps
inst0 ch0:  C_CMD: RDCMD     C_f = 0x0fa   at time   58623103 ps
inst0 ch0:  R_CMD: ACTCMD    R_r0= 0x0a    at time   58674853 ps
inst0 ch0:  R_CMD: ACTCMD    R_f0= 0x38    at time   58675267 ps
inst0 ch0:  R_CMD: ACTCMD    R_r1= 0x3f    at time   58675681 ps
inst0 ch0:  R_CMD: ACTCMD    R_f1= 0x3b    at time   58676095 ps
inst0 ch0:  C_CMD: WRCMD     C_r = 0x091   at time   58685617 ps
inst0 ch0:  C_CMD: WRCMD     C_f = 0x0f8   at time   58686031 ps
inst0 ch0:  C_CMD: WRCMD     C_r = 0x099   at time   58688929 ps
inst0 ch0:  C_CMD: WRCMD     C_f = 0x0fa   at time   58689343 ps
inst0 ch0:  R_CMD: ACTCMD    R_r0= 0x0a    at time   59871313 ps
inst0 ch0:  R_CMD: ACTCMD    R_f0= 0x13    at time   59871727 ps
inst0 ch0:  R_CMD: ACTCMD    R_r1= 0x3f    at time   59872141 ps
inst0 ch0:  R_CMD: ACTCMD    R_f1= 0x3b    at time   59872555 ps
inst0 ch0:  C_CMD: RDCMD     C_r = 0x015   at time   59886217 ps
inst0 ch0:  C_CMD: RDCMD     C_f = 0x010   at time   59886631 ps
inst0 ch0:  C_CMD: RDCMD     C_r = 0x01d   at time   59889529 ps
inst0 ch0:  C_CMD: RDCMD     C_f = 0x012   at time   59889943 ps
inst0 ch0:  R_CMD: ACTCMD    R_r0= 0x0a    at time   59944177 ps
inst0 ch0:  R_CMD: ACTCMD    R_f0= 0x13    at time   59944591 ps
inst0 ch0:  R_CMD: ACTCMD    R_r1= 0x3f    at time   59945005 ps
inst0 ch0:  R_CMD: ACTCMD    R_f1= 0x3b    at time   59945419 ps
inst0 ch0:  C_CMD: WRCMD     C_r = 0x011   at time   59954941 ps
inst0 ch0:  C_CMD: WRCMD     C_f = 0x010   at time   59955355 ps
inst0 ch0:  C_CMD: WRCMD     C_r = 0x019   at time   59958253 ps
inst0 ch0:  C_CMD: WRCMD     C_f = 0x012   at time   59958667 ps
inst0 ch0:  R_CMD: ACTCMD    R_r0= 0x0a    at time   60183469 ps
inst0 ch0:  R_CMD: ACTCMD    R_f0= 0x13    at time   60183883 ps
inst0 ch0:  R_CMD: ACTCMD    R_r1= 0x3f    at time   60184297 ps
inst0 ch0:  R_CMD: ACTCMD    R_f1= 0x3b    at time   60184711 ps
inst0 ch0:  C_CMD: RDCMD     C_r = 0x015   at time   60198373 ps
inst0 ch0:  C_CMD: RDCMD     C_f = 0x010   at time   60198787 ps
inst0 ch0:  C_CMD: RDCMD     C_r = 0x01d   at time   60201685 ps
inst0 ch0:  C_CMD: RDCMD     C_f = 0x012   at time   60202099 ps
inst0 ch0:  R_CMD: ACTCMD    R_r0= 0x0a    at time   60253849 ps
inst0 ch0:  R_CMD: ACTCMD    R_f0= 0x13    at time   60254263 ps
inst0 ch0:  R_CMD: ACTCMD    R_r1= 0x3f    at time   60254677 ps
inst0 ch0:  R_CMD: ACTCMD    R_f1= 0x3b    at time   60255091 ps
inst0 ch0:  C_CMD: WRCMD     C_r = 0x011   at time   60264613 ps
inst0 ch0:  C_CMD: WRCMD     C_f = 0x010   at time   60265027 ps
inst0 ch0:  C_CMD: WRCMD     C_r = 0x019   at time   60267925 ps
inst0 ch0:  C_CMD: WRCMD     C_f = 0x012   at time   60268339 ps
inst0 ch0:  R_CMD: ACTCMD    R_r0= 0x0a    at time   60392125 ps
inst0 ch0:  R_CMD: ACTCMD    R_f0= 0x1b    at time   60392539 ps
inst0 ch0:  R_CMD: ACTCMD    R_r1= 0x3f    at time   60392953 ps
inst0 ch0:  R_CMD: ACTCMD    R_f1= 0x3b    at time   60393367 ps
inst0 ch0:  C_CMD: RDCMD     C_r = 0x015   at time   60407029 ps
inst0 ch0:  C_CMD: RDCMD     C_f = 0x090   at time   60407443 ps
inst0 ch0:  C_CMD: RDCMD     C_r = 0x01d   at time   60410341 ps
inst0 ch0:  C_CMD: RDCMD     C_f = 0x092   at time   60410755 ps
inst0 ch0:  R_CMD: ACTCMD    R_r0= 0x0a    at time   60464989 ps
inst0 ch0:  R_CMD: ACTCMD    R_f0= 0x1b    at time   60465403 ps
inst0 ch0:  R_CMD: ACTCMD    R_r1= 0x3f    at time   60465817 ps
inst0 ch0:  R_CMD: ACTCMD    R_f1= 0x3b    at time   60466231 ps
inst0 ch0:  C_CMD: WRCMD     C_r = 0x011   at time   60475753 ps
inst0 ch0:  C_CMD: WRCMD     C_f = 0x090   at time   60476167 ps
inst0 ch0:  C_CMD: WRCMD     C_r = 0x019   at time   60479065 ps
inst0 ch0:  C_CMD: WRCMD     C_f = 0x092   at time   60479479 ps
inst0 ch0:  R_CMD: ACTCMD    R_r0= 0x0a    at time   60584221 ps
inst0 ch0:  R_CMD: ACTCMD    R_f0= 0x1b    at time   60584635 ps
inst0 ch0:  R_CMD: ACTCMD    R_r1= 0x3f    at time   60585049 ps
inst0 ch0:  R_CMD: ACTCMD    R_f1= 0x3b    at time   60585463 ps
inst0 ch0:  C_CMD: RDCMD     C_r = 0x015   at time   60599125 ps
inst0 ch0:  C_CMD: RDCMD     C_f = 0x090   at time   60599539 ps
inst0 ch0:  C_CMD: RDCMD     C_r = 0x01d   at time   60602437 ps
inst0 ch0:  C_CMD: RDCMD     C_f = 0x092   at time   60602851 ps
inst0 ch0:  R_CMD: ACTCMD    R_r0= 0x0a    at time   60654601 ps
inst0 ch0:  R_CMD: ACTCMD    R_f0= 0x1b    at time   60655015 ps
inst0 ch0:  R_CMD: ACTCMD    R_r1= 0x3f    at time   60655429 ps
inst0 ch0:  R_CMD: ACTCMD    R_f1= 0x3b    at time   60655843 ps
inst0 ch0:  C_CMD: WRCMD     C_r = 0x011   at time   60665365 ps
inst0 ch0:  C_CMD: WRCMD     C_f = 0x090   at time   60665779 ps
inst0 ch0:  C_CMD: WRCMD     C_r = 0x019   at time   60668677 ps
inst0 ch0:  C_CMD: WRCMD     C_f = 0x092   at time   60669091 ps
inst0 ch0:  R_CMD: ACTCMD    R_r0= 0x02    at time   61954561 ps
inst0 ch0:  R_CMD: ACTCMD    R_f0= 0x13    at time   61954975 ps
inst0 ch0:  R_CMD: ACTCMD    R_r1= 0x3f    at time   61955389 ps
inst0 ch0:  R_CMD: ACTCMD    R_f1= 0x3b    at time   61955803 ps
inst0 ch0:  C_CMD: RDCMD     C_r = 0x005   at time   61969465 ps
inst0 ch0:  C_CMD: RDCMD     C_f = 0x000   at time   61969879 ps
inst0 ch0:  C_CMD: RDCMD     C_r = 0x00d   at time   61972777 ps
inst0 ch0:  C_CMD: RDCMD     C_f = 0x002   at time   61973191 ps
inst0 ch0:  R_CMD: ACTCMD    R_r0= 0x02    at time   62027425 ps
inst0 ch0:  R_CMD: ACTCMD    R_f0= 0x13    at time   62027839 ps
inst0 ch0:  R_CMD: ACTCMD    R_r1= 0x3f    at time   62028253 ps
inst0 ch0:  R_CMD: ACTCMD    R_f1= 0x3b    at time   62028667 ps
inst0 ch0:  C_CMD: WRCMD     C_r = 0x001   at time   62038189 ps
inst0 ch0:  C_CMD: WRCMD     C_f = 0x000   at time   62038603 ps
inst0 ch0:  C_CMD: WRCMD     C_r = 0x009   at time   62041501 ps
inst0 ch0:  C_CMD: WRCMD     C_f = 0x002   at time   62041915 ps
inst0 ch0:  R_CMD: ACTCMD    R_r0= 0x02    at time   62149969 ps
inst0 ch0:  R_CMD: ACTCMD    R_f0= 0x1b    at time   62150383 ps
inst0 ch0:  R_CMD: ACTCMD    R_r1= 0x3f    at time   62150797 ps
inst0 ch0:  R_CMD: ACTCMD    R_f1= 0x3b    at time   62151211 ps
inst0 ch0:  R_CMD: ACTCMD    R_r0= 0x02    at time   62162389 ps
inst0 ch0:  R_CMD: ACTCMD    R_f0= 0x13    at time   62162803 ps
inst0 ch0:  R_CMD: ACTCMD    R_r1= 0x3f    at time   62163217 ps
inst0 ch0:  R_CMD: ACTCMD    R_f1= 0x3b    at time   62163631 ps
inst0 ch0:  C_CMD: RDCMD     C_r = 0x005   at time   62164873 ps
inst0 ch0:  C_CMD: RDCMD     C_f = 0x080   at time   62165287 ps
inst0 ch0:  C_CMD: RDCMD     C_r = 0x00d   at time   62168185 ps
inst0 ch0:  C_CMD: RDCMD     C_f = 0x082   at time   62168599 ps
inst0 ch0:  C_CMD: RDCMD     C_r = 0x005   at time   62177293 ps
inst0 ch0:  C_CMD: RDCMD     C_f = 0x000   at time   62177707 ps
inst0 ch0:  C_CMD: RDCMD     C_r = 0x00d   at time   62180605 ps
inst0 ch0:  C_CMD: RDCMD     C_f = 0x002   at time   62181019 ps
inst0 ch0:  R_CMD: ACTCMD    R_r0= 0x02    at time   62220349 ps
inst0 ch0:  R_CMD: ACTCMD    R_f0= 0x1b    at time   62220763 ps
inst0 ch0:  R_CMD: ACTCMD    R_r1= 0x3f    at time   62221177 ps
inst0 ch0:  R_CMD: ACTCMD    R_f1= 0x3b    at time   62221591 ps
inst0 ch0:  C_CMD: WRCMD     C_r = 0x001   at time   62231113 ps
inst0 ch0:  C_CMD: WRCMD     C_f = 0x080   at time   62231527 ps
inst0 ch0:  R_CMD: ACTCMD    R_r0= 0x02    at time   62232769 ps
inst0 ch0:  R_CMD: ACTCMD    R_f0= 0x13    at time   62233183 ps
inst0 ch0:  R_CMD: ACTCMD    R_r1= 0x3f    at time   62233597 ps
inst0 ch0:  R_CMD: ACTCMD    R_f1= 0x3b    at time   62234011 ps
inst0 ch0:  C_CMD: WRCMD     C_r = 0x009   at time   62234425 ps
inst0 ch0:  C_CMD: WRCMD     C_f = 0x082   at time   62234839 ps
inst0 ch0:  C_CMD: WRCMD     C_r = 0x001   at time   62243533 ps
inst0 ch0:  C_CMD: WRCMD     C_f = 0x000   at time   62243947 ps
inst0 ch0:  C_CMD: WRCMD     C_r = 0x009   at time   62246845 ps
inst0 ch0:  C_CMD: WRCMD     C_f = 0x002   at time   62247259 ps
inst0 ch0:  R_CMD: ACTCMD    R_r0= 0x02    at time   62361109 ps
inst0 ch0:  R_CMD: ACTCMD    R_f0= 0x1b    at time   62361523 ps
inst0 ch0:  R_CMD: ACTCMD    R_r1= 0x3f    at time   62361937 ps
inst0 ch0:  R_CMD: ACTCMD    R_f1= 0x3b    at time   62362351 ps
inst0 ch0:  C_CMD: RDCMD     C_r = 0x005   at time   62376013 ps
inst0 ch0:  C_CMD: RDCMD     C_f = 0x080   at time   62376427 ps
inst0 ch0:  C_CMD: RDCMD     C_r = 0x00d   at time   62379325 ps
inst0 ch0:  C_CMD: RDCMD     C_f = 0x082   at time   62379739 ps
inst0 ch0:  R_CMD: ACTCMD    R_r0= 0x02    at time   62433973 ps
inst0 ch0:  R_CMD: ACTCMD    R_f0= 0x1b    at time   62434387 ps
inst0 ch0:  R_CMD: ACTCMD    R_r1= 0x3f    at time   62434801 ps
inst0 ch0:  R_CMD: ACTCMD    R_f1= 0x3b    at time   62435215 ps
inst0 ch0:  C_CMD: WRCMD     C_r = 0x001   at time   62444737 ps
inst0 ch0:  C_CMD: WRCMD     C_f = 0x080   at time   62445151 ps
inst0 ch0:  C_CMD: WRCMD     C_r = 0x009   at time   62448049 ps
inst0 ch0:  C_CMD: WRCMD     C_f = 0x082   at time   62448463 ps
inst0 ch0:  R_CMD: ACTCMD    R_r0= 0x02    at time   63117901 ps
inst0 ch0:  R_CMD: ACTCMD    R_f0= 0x00    at time   63118315 ps
inst0 ch0:  R_CMD: ACTCMD    R_r1= 0x00    at time   63118729 ps
inst0 ch0:  R_CMD: ACTCMD    R_f1= 0x00    at time   63119143 ps
inst0 ch0:  C_CMD: RDCMD     C_r = 0x005   at time   63132805 ps
inst0 ch0:  C_CMD: RDCMD     C_f = 0x018   at time   63133219 ps
inst0 ch0:  C_CMD: RDCMD     C_r = 0x005   at time   63136117 ps
inst0 ch0:  C_CMD: RDCMD     C_f = 0x01a   at time   63136531 ps
inst0 ch0:  C_CMD: RDCMD     C_r = 0x005   at time   63139429 ps
inst0 ch0:  C_CMD: RDCMD     C_f = 0x010   at time   63139843 ps
inst0 ch0:  C_CMD: RDCMD     C_r = 0x005   at time   63142741 ps
inst0 ch0:  C_CMD: RDCMD     C_f = 0x012   at time   63143155 ps
inst0 ch0:  C_CMD: RDCMD     C_r = 0x005   at time   63146053 ps
inst0 ch0:  C_CMD: RDCMD     C_f = 0x008   at time   63146467 ps
inst0 ch0:  C_CMD: RDCMD     C_r = 0x005   at time   63149365 ps
inst0 ch0:  C_CMD: RDCMD     C_f = 0x00a   at time   63149779 ps
inst0 ch0:  C_CMD: RDCMD     C_r = 0x005   at time   63152677 ps
inst0 ch0:  C_CMD: RDCMD     C_f = 0x000   at time   63153091 ps
inst0 ch0:  C_CMD: RDCMD     C_r = 0x00d   at time   63155989 ps
inst0 ch0:  C_CMD: RDCMD     C_f = 0x002   at time   63156403 ps
inst0 ch0:  R_CMD: ACTCMD    R_r0= 0x0a    at time   63348085 ps
inst0 ch0:  R_CMD: ACTCMD    R_f0= 0x00    at time   63348499 ps
inst0 ch0:  R_CMD: ACTCMD    R_r1= 0x00    at time   63348913 ps
inst0 ch0:  R_CMD: ACTCMD    R_f1= 0x00    at time   63349327 ps
inst0 ch0:  C_CMD: RDCMD     C_r = 0x015   at time   63362989 ps
inst0 ch0:  C_CMD: RDCMD     C_f = 0x018   at time   63363403 ps
inst0 ch0:  C_CMD: RDCMD     C_r = 0x015   at time   63366301 ps
inst0 ch0:  C_CMD: RDCMD     C_f = 0x01a   at time   63366715 ps
inst0 ch0:  C_CMD: RDCMD     C_r = 0x015   at time   63369613 ps
inst0 ch0:  C_CMD: RDCMD     C_f = 0x010   at time   63370027 ps
inst0 ch0:  C_CMD: RDCMD     C_r = 0x015   at time   63372925 ps
inst0 ch0:  C_CMD: RDCMD     C_f = 0x012   at time   63373339 ps
inst0 ch0:  C_CMD: RDCMD     C_r = 0x015   at time   63376237 ps
inst0 ch0:  C_CMD: RDCMD     C_f = 0x008   at time   63376651 ps
inst0 ch0:  C_CMD: RDCMD     C_r = 0x015   at time   63379549 ps
inst0 ch0:  C_CMD: RDCMD     C_f = 0x00a   at time   63379963 ps
inst0 ch0:  C_CMD: RDCMD     C_r = 0x015   at time   63382861 ps
inst0 ch0:  C_CMD: RDCMD     C_f = 0x000   at time   63383275 ps
inst0 ch0:  C_CMD: RDCMD     C_r = 0x01d   at time   63386173 ps
inst0 ch0:  C_CMD: RDCMD     C_f = 0x002   at time   63386587 ps
inst0 ch0:  R_CMD: ACTCMD    R_r0= 0x0a    at time   63551773 ps
inst0 ch0:  R_CMD: ACTCMD    R_f0= 0x00    at time   63552187 ps
inst0 ch0:  R_CMD: ACTCMD    R_r1= 0x00    at time   63552601 ps
inst0 ch0:  R_CMD: ACTCMD    R_f1= 0x00    at time   63553015 ps
inst0 ch0:  C_CMD: RDCMD     C_r = 0x015   at time   63566677 ps
inst0 ch0:  C_CMD: RDCMD     C_f = 0x038   at time   63567091 ps
inst0 ch0:  C_CMD: RDCMD     C_r = 0x015   at time   63569989 ps
inst0 ch0:  C_CMD: RDCMD     C_f = 0x03a   at time   63570403 ps
inst0 ch0:  C_CMD: RDCMD     C_r = 0x015   at time   63573301 ps
inst0 ch0:  C_CMD: RDCMD     C_f = 0x030   at time   63573715 ps
inst0 ch0:  C_CMD: RDCMD     C_r = 0x015   at time   63576613 ps
inst0 ch0:  C_CMD: RDCMD     C_f = 0x032   at time   63577027 ps
inst0 ch0:  C_CMD: RDCMD     C_r = 0x015   at time   63579925 ps
inst0 ch0:  C_CMD: RDCMD     C_f = 0x028   at time   63580339 ps
inst0 ch0:  C_CMD: RDCMD     C_r = 0x015   at time   63583237 ps
inst0 ch0:  C_CMD: RDCMD     C_f = 0x02a   at time   63583651 ps
inst0 ch0:  C_CMD: RDCMD     C_r = 0x015   at time   63586549 ps
inst0 ch0:  C_CMD: RDCMD     C_f = 0x020   at time   63586963 ps
inst0 ch0:  C_CMD: RDCMD     C_r = 0x01d   at time   63589861 ps
inst0 ch0:  C_CMD: RDCMD     C_f = 0x022   at time   63590275 ps
inst0 ch0:  R_CMD: ACTCMD    R_r0= 0x02    at time   63721513 ps
inst0 ch0:  R_CMD: ACTCMD    R_f0= 0x08    at time   63721927 ps
inst0 ch0:  R_CMD: ACTCMD    R_r1= 0x00    at time   63722341 ps
inst0 ch0:  R_CMD: ACTCMD    R_f1= 0x00    at time   63722755 ps
inst0 ch0:  C_CMD: RDCMD     C_r = 0x005   at time   63736417 ps
inst0 ch0:  C_CMD: RDCMD     C_f = 0x098   at time   63736831 ps
inst0 ch0:  C_CMD: RDCMD     C_r = 0x005   at time   63739729 ps
inst0 ch0:  C_CMD: RDCMD     C_f = 0x09a   at time   63740143 ps
inst0 ch0:  C_CMD: RDCMD     C_r = 0x005   at time   63743041 ps
inst0 ch0:  C_CMD: RDCMD     C_f = 0x090   at time   63743455 ps
inst0 ch0:  C_CMD: RDCMD     C_r = 0x005   at time   63746353 ps
inst0 ch0:  C_CMD: RDCMD     C_f = 0x092   at time   63746767 ps
inst0 ch0:  C_CMD: RDCMD     C_r = 0x005   at time   63749665 ps
inst0 ch0:  C_CMD: RDCMD     C_f = 0x088   at time   63750079 ps
inst0 ch0:  C_CMD: RDCMD     C_r = 0x005   at time   63752977 ps
inst0 ch0:  C_CMD: RDCMD     C_f = 0x08a   at time   63753391 ps
inst0 ch0:  C_CMD: RDCMD     C_r = 0x005   at time   63756289 ps
inst0 ch0:  C_CMD: RDCMD     C_f = 0x080   at time   63756703 ps
inst0 ch0:  C_CMD: RDCMD     C_r = 0x00d   at time   63759601 ps
inst0 ch0:  C_CMD: RDCMD     C_f = 0x082   at time   63760015 ps
inst0 ch0:  R_CMD: ACTCMD    R_r0= 0x0a    at time   63830809 ps
inst0 ch0:  R_CMD: ACTCMD    R_f0= 0x00    at time   63831223 ps
inst0 ch0:  R_CMD: ACTCMD    R_r1= 0x00    at time   63831637 ps
inst0 ch0:  R_CMD: ACTCMD    R_f1= 0x00    at time   63832051 ps
inst0 ch0:  C_CMD: WRCMD     C_r = 0x011   at time   63841573 ps
inst0 ch0:  C_CMD: WRCMD     C_f = 0x028   at time   63841987 ps
inst0 ch0:  C_CMD: WRCMD     C_r = 0x011   at time   63844885 ps
inst0 ch0:  C_CMD: WRCMD     C_f = 0x02a   at time   63845299 ps
inst0 ch0:  C_CMD: WRCMD     C_r = 0x011   at time   63848197 ps
inst0 ch0:  C_CMD: WRCMD     C_f = 0x038   at time   63848611 ps
inst0 ch0:  C_CMD: WRCMD     C_r = 0x011   at time   63851509 ps
inst0 ch0:  C_CMD: WRCMD     C_f = 0x03a   at time   63851923 ps
inst0 ch0:  C_CMD: WRCMD     C_r = 0x011   at time   63854821 ps
inst0 ch0:  C_CMD: WRCMD     C_f = 0x020   at time   63855235 ps
inst0 ch0:  C_CMD: WRCMD     C_r = 0x011   at time   63858133 ps
inst0 ch0:  C_CMD: WRCMD     C_f = 0x022   at time   63858547 ps
inst0 ch0:  C_CMD: WRCMD     C_r = 0x011   at time   63861445 ps
inst0 ch0:  C_CMD: WRCMD     C_f = 0x030   at time   63861859 ps
inst0 ch0:  C_CMD: WRCMD     C_r = 0x019   at time   63864757 ps
inst0 ch0:  C_CMD: WRCMD     C_f = 0x032   at time   63865171 ps
inst0 ch0:  R_CMD: ACTCMD    R_r0= 0x0a    at time   64167805 ps
inst0 ch0:  R_CMD: ACTCMD    R_f0= 0x08    at time   64168219 ps
inst0 ch0:  R_CMD: ACTCMD    R_r1= 0x00    at time   64168633 ps
inst0 ch0:  R_CMD: ACTCMD    R_f1= 0x00    at time   64169047 ps
inst0 ch0:  C_CMD: RDCMD     C_r = 0x015   at time   64182709 ps
inst0 ch0:  C_CMD: RDCMD     C_f = 0x098   at time   64183123 ps
inst0 ch0:  C_CMD: RDCMD     C_r = 0x015   at time   64186021 ps
inst0 ch0:  C_CMD: RDCMD     C_f = 0x09a   at time   64186435 ps
inst0 ch0:  C_CMD: RDCMD     C_r = 0x015   at time   64189333 ps
inst0 ch0:  C_CMD: RDCMD     C_f = 0x090   at time   64189747 ps
inst0 ch0:  C_CMD: RDCMD     C_r = 0x015   at time   64192645 ps
inst0 ch0:  C_CMD: RDCMD     C_f = 0x092   at time   64193059 ps
inst0 ch0:  C_CMD: RDCMD     C_r = 0x015   at time   64195957 ps
inst0 ch0:  C_CMD: RDCMD     C_f = 0x088   at time   64196371 ps
inst0 ch0:  C_CMD: RDCMD     C_r = 0x015   at time   64199269 ps
inst0 ch0:  C_CMD: RDCMD     C_f = 0x08a   at time   64199683 ps
inst0 ch0:  C_CMD: RDCMD     C_r = 0x015   at time   64202581 ps
inst0 ch0:  C_CMD: RDCMD     C_f = 0x080   at time   64202995 ps
inst0 ch0:  C_CMD: RDCMD     C_r = 0x01d   at time   64205893 ps
inst0 ch0:  C_CMD: RDCMD     C_f = 0x082   at time   64206307 ps
inst0 ch0:  R_CMD: ACTCMD    R_r0= 0x0a    at time   64678681 ps
inst0 ch0:  R_CMD: ACTCMD    R_f0= 0x08    at time   64679095 ps
inst0 ch0:  R_CMD: ACTCMD    R_r1= 0x00    at time   64679509 ps
inst0 ch0:  R_CMD: ACTCMD    R_f1= 0x00    at time   64679923 ps
inst0 ch0:  C_CMD: RDCMD     C_r = 0x015   at time   64693585 ps
inst0 ch0:  C_CMD: RDCMD     C_f = 0x0b8   at time   64693999 ps
inst0 ch0:  C_CMD: RDCMD     C_r = 0x015   at time   64696897 ps
inst0 ch0:  C_CMD: RDCMD     C_f = 0x0ba   at time   64697311 ps
inst0 ch0:  C_CMD: RDCMD     C_r = 0x015   at time   64700209 ps
inst0 ch0:  C_CMD: RDCMD     C_f = 0x0b0   at time   64700623 ps
inst0 ch0:  C_CMD: RDCMD     C_r = 0x015   at time   64703521 ps
inst0 ch0:  C_CMD: RDCMD     C_f = 0x0b2   at time   64703935 ps
inst0 ch0:  C_CMD: RDCMD     C_r = 0x015   at time   64706833 ps
inst0 ch0:  C_CMD: RDCMD     C_f = 0x0a8   at time   64707247 ps
inst0 ch0:  C_CMD: RDCMD     C_r = 0x015   at time   64710145 ps
inst0 ch0:  C_CMD: RDCMD     C_f = 0x0aa   at time   64710559 ps
inst0 ch0:  C_CMD: RDCMD     C_r = 0x015   at time   64713457 ps
inst0 ch0:  C_CMD: RDCMD     C_f = 0x0a0   at time   64713871 ps
inst0 ch0:  C_CMD: RDCMD     C_r = 0x01d   at time   64716769 ps
inst0 ch0:  C_CMD: RDCMD     C_f = 0x0a2   at time   64717183 ps
inst0 ch0:  R_CMD: ACTCMD    R_r0= 0x0a    at time   64751545 ps
inst0 ch0:  R_CMD: ACTCMD    R_f0= 0x08    at time   64751959 ps
inst0 ch0:  R_CMD: ACTCMD    R_r1= 0x00    at time   64752373 ps
inst0 ch0:  R_CMD: ACTCMD    R_f1= 0x00    at time   64752787 ps
inst0 ch0:  C_CMD: WRCMD     C_r = 0x011   at time   64762309 ps
inst0 ch0:  C_CMD: WRCMD     C_f = 0x0b8   at time   64762723 ps
inst0 ch0:  C_CMD: WRCMD     C_r = 0x011   at time   64765621 ps
inst0 ch0:  C_CMD: WRCMD     C_f = 0x0ba   at time   64766035 ps
inst0 ch0:  C_CMD: WRCMD     C_r = 0x011   at time   64768933 ps
inst0 ch0:  C_CMD: WRCMD     C_f = 0x0a8   at time   64769347 ps
inst0 ch0:  C_CMD: WRCMD     C_r = 0x011   at time   64772245 ps
inst0 ch0:  C_CMD: WRCMD     C_f = 0x0aa   at time   64772659 ps
inst0 ch0:  C_CMD: WRCMD     C_r = 0x011   at time   64775557 ps
inst0 ch0:  C_CMD: WRCMD     C_f = 0x0b0   at time   64775971 ps
inst0 ch0:  C_CMD: WRCMD     C_r = 0x011   at time   64778869 ps
inst0 ch0:  C_CMD: WRCMD     C_f = 0x0b2   at time   64779283 ps
inst0 ch0:  C_CMD: WRCMD     C_r = 0x011   at time   64782181 ps
inst0 ch0:  C_CMD: WRCMD     C_f = 0x0a0   at time   64782595 ps
inst0 ch0:  C_CMD: WRCMD     C_r = 0x019   at time   64785493 ps
inst0 ch0:  C_CMD: WRCMD     C_f = 0x0a2   at time   64785907 ps
inst0 ch0:  R_CMD: ACTCMD    R_r0= 0x02    at time   65219365 ps
inst0 ch0:  R_CMD: ACTCMD    R_f0= 0x13    at time   65219779 ps
inst0 ch0:  R_CMD: ACTCMD    R_r1= 0x3f    at time   65220193 ps
inst0 ch0:  R_CMD: ACTCMD    R_f1= 0x3b    at time   65220607 ps
inst0 ch0:  C_CMD: RDCMD     C_r = 0x005   at time   65234269 ps
inst0 ch0:  C_CMD: RDCMD     C_f = 0x000   at time   65234683 ps
inst0 ch0:  C_CMD: RDCMD     C_r = 0x00d   at time   65237581 ps
inst0 ch0:  C_CMD: RDCMD     C_f = 0x002   at time   65237995 ps
inst0 ch0:  R_CMD: ACTCMD    R_r0= 0x02    at time   65292229 ps
inst0 ch0:  R_CMD: ACTCMD    R_f0= 0x13    at time   65292643 ps
inst0 ch0:  R_CMD: ACTCMD    R_r1= 0x3f    at time   65293057 ps
inst0 ch0:  R_CMD: ACTCMD    R_f1= 0x3b    at time   65293471 ps
inst0 ch0:  C_CMD: WRCMD     C_r = 0x001   at time   65302993 ps
inst0 ch0:  C_CMD: WRCMD     C_f = 0x000   at time   65303407 ps
inst0 ch0:  C_CMD: WRCMD     C_r = 0x009   at time   65306305 ps
inst0 ch0:  C_CMD: WRCMD     C_f = 0x002   at time   65306719 ps
inst0 ch0:  R_CMD: ACTCMD    R_r0= 0x02    at time   65408977 ps
inst0 ch0:  R_CMD: ACTCMD    R_f0= 0x13    at time   65409391 ps
inst0 ch0:  R_CMD: ACTCMD    R_r1= 0x3f    at time   65409805 ps
inst0 ch0:  R_CMD: ACTCMD    R_f1= 0x3b    at time   65410219 ps
inst0 ch0:  C_CMD: RDCMD     C_r = 0x005   at time   65423881 ps
inst0 ch0:  C_CMD: RDCMD     C_f = 0x000   at time   65424295 ps
inst0 ch0:  C_CMD: RDCMD     C_r = 0x00d   at time   65427193 ps
inst0 ch0:  C_CMD: RDCMD     C_f = 0x002   at time   65427607 ps
inst0 ch0:  R_CMD: ACTCMD    R_r0= 0x02    at time   65479357 ps
inst0 ch0:  R_CMD: ACTCMD    R_f0= 0x13    at time   65479771 ps
inst0 ch0:  R_CMD: ACTCMD    R_r1= 0x3f    at time   65480185 ps
inst0 ch0:  R_CMD: ACTCMD    R_f1= 0x3b    at time   65480599 ps
inst0 ch0:  C_CMD: WRCMD     C_r = 0x001   at time   65490121 ps
inst0 ch0:  C_CMD: WRCMD     C_f = 0x000   at time   65490535 ps
inst0 ch0:  C_CMD: WRCMD     C_r = 0x009   at time   65493433 ps
inst0 ch0:  C_CMD: WRCMD     C_f = 0x002   at time   65493847 ps
inst0 ch0:  R_CMD: ACTCMD    R_r0= 0x0a    at time   65670625 ps
inst0 ch0:  R_CMD: ACTCMD    R_f0= 0x11    at time   65671039 ps
inst0 ch0:  R_CMD: ACTCMD    R_r1= 0x3f    at time   65671453 ps
inst0 ch0:  R_CMD: ACTCMD    R_f1= 0x3b    at time   65671867 ps
inst0 ch0:  R_CMD: ACTCMD    R_r0= 0x02    at time   65674765 ps
inst0 ch0:  R_CMD: ACTCMD    R_f0= 0x11    at time   65675179 ps
inst0 ch0:  R_CMD: ACTCMD    R_r1= 0x3f    at time   65675593 ps
inst0 ch0:  R_CMD: ACTCMD    R_f1= 0x3b    at time   65676007 ps
inst0 ch0:  C_CMD: RDCMD     C_r = 0x015   at time   65685529 ps
inst0 ch0:  C_CMD: RDCMD     C_f = 0x078   at time   65685943 ps
inst0 ch0:  C_CMD: RDCMD     C_r = 0x01d   at time   65688841 ps
inst0 ch0:  C_CMD: RDCMD     C_f = 0x07a   at time   65689255 ps
inst0 ch0:  C_CMD: RDCMD     C_r = 0x005   at time   65692153 ps
inst0 ch0:  C_CMD: RDCMD     C_f = 0x078   at time   65692567 ps
inst0 ch0:  C_CMD: RDCMD     C_r = 0x00d   at time   65695465 ps
inst0 ch0:  C_CMD: RDCMD     C_f = 0x07a   at time   65695879 ps
inst0 ch0:  R_CMD: ACTCMD    R_r0= 0x0a    at time   65741005 ps
inst0 ch0:  R_CMD: ACTCMD    R_f0= 0x11    at time   65741419 ps
inst0 ch0:  R_CMD: ACTCMD    R_r1= 0x3f    at time   65741833 ps
inst0 ch0:  R_CMD: ACTCMD    R_f1= 0x3b    at time   65742247 ps
inst0 ch0:  R_CMD: ACTCMD    R_r0= 0x02    at time   65745145 ps
inst0 ch0:  R_CMD: ACTCMD    R_f0= 0x11    at time   65745559 ps
inst0 ch0:  R_CMD: ACTCMD    R_r1= 0x3f    at time   65745973 ps
inst0 ch0:  R_CMD: ACTCMD    R_f1= 0x3b    at time   65746387 ps
inst0 ch0:  C_CMD: WRCMD     C_r = 0x011   at time   65751769 ps
inst0 ch0:  C_CMD: WRCMD     C_f = 0x078   at time   65752183 ps
inst0 ch0:  C_CMD: WRCMD     C_r = 0x019   at time   65755081 ps
inst0 ch0:  C_CMD: WRCMD     C_f = 0x07a   at time   65755495 ps
inst0 ch0:  C_CMD: WRCMD     C_r = 0x001   at time   65758393 ps
inst0 ch0:  C_CMD: WRCMD     C_f = 0x078   at time   65758807 ps
inst0 ch0:  C_CMD: WRCMD     C_r = 0x009   at time   65761705 ps
inst0 ch0:  C_CMD: WRCMD     C_f = 0x07a   at time   65762119 ps
inst0 ch0:  R_CMD: ACTCMD    R_r0= 0x0a    at time   66011761 ps
inst0 ch0:  R_CMD: ACTCMD    R_f0= 0x02    at time   66012175 ps
inst0 ch0:  R_CMD: ACTCMD    R_r1= 0x00    at time   66012589 ps
inst0 ch0:  R_CMD: ACTCMD    R_f1= 0x00    at time   66013003 ps
inst0 ch0:  R_CMD: ACTCMD    R_r0= 0x02    at time   66015901 ps
inst0 ch0:  R_CMD: ACTCMD    R_f0= 0x02    at time   66016315 ps
inst0 ch0:  R_CMD: ACTCMD    R_r1= 0x00    at time   66016729 ps
inst0 ch0:  R_CMD: ACTCMD    R_f1= 0x00    at time   66017143 ps
inst0 ch0:  C_CMD: RDCMD     C_r = 0x015   at time   66026665 ps
inst0 ch0:  C_CMD: RDCMD     C_f = 0x000   at time   66027079 ps
inst0 ch0:  C_CMD: RDCMD     C_r = 0x01d   at time   66029977 ps
inst0 ch0:  C_CMD: RDCMD     C_f = 0x002   at time   66030391 ps
inst0 ch0:  C_CMD: RDCMD     C_r = 0x005   at time   66033289 ps
inst0 ch0:  C_CMD: RDCMD     C_f = 0x000   at time   66033703 ps
inst0 ch0:  C_CMD: RDCMD     C_r = 0x00d   at time   66036601 ps
inst0 ch0:  C_CMD: RDCMD     C_f = 0x002   at time   66037015 ps
inst0 ch0:  R_CMD: ACTCMD    R_r0= 0x02    at time   66269269 ps
inst0 ch0:  R_CMD: ACTCMD    R_f0= 0x1b    at time   66269683 ps
inst0 ch0:  R_CMD: ACTCMD    R_r1= 0x3f    at time   66270097 ps
inst0 ch0:  R_CMD: ACTCMD    R_f1= 0x3b    at time   66270511 ps
inst0 ch0:  C_CMD: RDCMD     C_r = 0x005   at time   66284173 ps
inst0 ch0:  C_CMD: RDCMD     C_f = 0x080   at time   66284587 ps
inst0 ch0:  C_CMD: RDCMD     C_r = 0x00d   at time   66287485 ps
inst0 ch0:  C_CMD: RDCMD     C_f = 0x082   at time   66287899 ps
inst0 ch0:  R_CMD: ACTCMD    R_r0= 0x02    at time   66342133 ps
inst0 ch0:  R_CMD: ACTCMD    R_f0= 0x1b    at time   66342547 ps
inst0 ch0:  R_CMD: ACTCMD    R_r1= 0x3f    at time   66342961 ps
inst0 ch0:  R_CMD: ACTCMD    R_f1= 0x3b    at time   66343375 ps
inst0 ch0:  C_CMD: WRCMD     C_r = 0x001   at time   66352897 ps
inst0 ch0:  C_CMD: WRCMD     C_f = 0x080   at time   66353311 ps
inst0 ch0:  C_CMD: WRCMD     C_r = 0x009   at time   66356209 ps
inst0 ch0:  C_CMD: WRCMD     C_f = 0x082   at time   66356623 ps
inst0 ch0:  R_CMD: ACTCMD    R_r0= 0x02    at time   66469645 ps
inst0 ch0:  R_CMD: ACTCMD    R_f0= 0x1b    at time   66470059 ps
inst0 ch0:  R_CMD: ACTCMD    R_r1= 0x3f    at time   66470473 ps
inst0 ch0:  R_CMD: ACTCMD    R_f1= 0x3b    at time   66470887 ps
inst0 ch0:  C_CMD: RDCMD     C_r = 0x005   at time   66484549 ps
inst0 ch0:  C_CMD: RDCMD     C_f = 0x080   at time   66484963 ps
inst0 ch0:  C_CMD: RDCMD     C_r = 0x00d   at time   66487861 ps
inst0 ch0:  C_CMD: RDCMD     C_f = 0x082   at time   66488275 ps
inst0 ch0:  R_CMD: ACTCMD    R_r0= 0x02    at time   66540025 ps
inst0 ch0:  R_CMD: ACTCMD    R_f0= 0x1b    at time   66540439 ps
inst0 ch0:  R_CMD: ACTCMD    R_r1= 0x3f    at time   66540853 ps
inst0 ch0:  R_CMD: ACTCMD    R_f1= 0x3b    at time   66541267 ps
inst0 ch0:  C_CMD: WRCMD     C_r = 0x001   at time   66550789 ps
inst0 ch0:  C_CMD: WRCMD     C_f = 0x080   at time   66551203 ps
inst0 ch0:  C_CMD: WRCMD     C_r = 0x009   at time   66554101 ps
inst0 ch0:  C_CMD: WRCMD     C_f = 0x082   at time   66554515 ps
inst0 ch0:  R_CMD: ACTCMD    R_r0= 0x0a    at time   66727153 ps
inst0 ch0:  R_CMD: ACTCMD    R_f0= 0x19    at time   66727567 ps
inst0 ch0:  R_CMD: ACTCMD    R_r1= 0x3f    at time   66727981 ps
inst0 ch0:  R_CMD: ACTCMD    R_f1= 0x3b    at time   66728395 ps
inst0 ch0:  R_CMD: ACTCMD    R_r0= 0x02    at time   66731293 ps
inst0 ch0:  R_CMD: ACTCMD    R_f0= 0x19    at time   66731707 ps
inst0 ch0:  R_CMD: ACTCMD    R_r1= 0x3f    at time   66732121 ps
inst0 ch0:  R_CMD: ACTCMD    R_f1= 0x3b    at time   66732535 ps
inst0 ch0:  C_CMD: RDCMD     C_r = 0x015   at time   66742057 ps
inst0 ch0:  C_CMD: RDCMD     C_f = 0x0f8   at time   66742471 ps
inst0 ch0:  C_CMD: RDCMD     C_r = 0x01d   at time   66745369 ps
inst0 ch0:  C_CMD: RDCMD     C_f = 0x0fa   at time   66745783 ps
inst0 ch0:  C_CMD: RDCMD     C_r = 0x005   at time   66748681 ps
inst0 ch0:  C_CMD: RDCMD     C_f = 0x0f8   at time   66749095 ps
inst0 ch0:  C_CMD: RDCMD     C_r = 0x00d   at time   66751993 ps
inst0 ch0:  C_CMD: RDCMD     C_f = 0x0fa   at time   66752407 ps
inst0 ch0:  R_CMD: ACTCMD    R_r0= 0x0a    at time   66797533 ps
inst0 ch0:  R_CMD: ACTCMD    R_f0= 0x19    at time   66797947 ps
inst0 ch0:  R_CMD: ACTCMD    R_r1= 0x3f    at time   66798361 ps
inst0 ch0:  R_CMD: ACTCMD    R_f1= 0x3b    at time   66798775 ps
inst0 ch0:  R_CMD: ACTCMD    R_r0= 0x02    at time   66801673 ps
inst0 ch0:  R_CMD: ACTCMD    R_f0= 0x19    at time   66802087 ps
inst0 ch0:  R_CMD: ACTCMD    R_r1= 0x3f    at time   66802501 ps
inst0 ch0:  R_CMD: ACTCMD    R_f1= 0x3b    at time   66802915 ps
inst0 ch0:  C_CMD: WRCMD     C_r = 0x011   at time   66808297 ps
inst0 ch0:  C_CMD: WRCMD     C_f = 0x0f8   at time   66808711 ps
inst0 ch0:  C_CMD: WRCMD     C_r = 0x019   at time   66811609 ps
inst0 ch0:  C_CMD: WRCMD     C_f = 0x0fa   at time   66812023 ps
inst0 ch0:  C_CMD: WRCMD     C_r = 0x001   at time   66814921 ps
inst0 ch0:  C_CMD: WRCMD     C_f = 0x0f8   at time   66815335 ps
inst0 ch0:  C_CMD: WRCMD     C_r = 0x009   at time   66818233 ps
inst0 ch0:  C_CMD: WRCMD     C_f = 0x0fa   at time   66818647 ps
inst0 ch0:  R_CMD: ACTCMD    R_r0= 0x0a    at time   67034341 ps
inst0 ch0:  R_CMD: ACTCMD    R_f0= 0x0a    at time   67034755 ps
inst0 ch0:  R_CMD: ACTCMD    R_r1= 0x00    at time   67035169 ps
inst0 ch0:  R_CMD: ACTCMD    R_f1= 0x00    at time   67035583 ps
inst0 ch0:  R_CMD: ACTCMD    R_r0= 0x02    at time   67038481 ps
inst0 ch0:  R_CMD: ACTCMD    R_f0= 0x0a    at time   67038895 ps
inst0 ch0:  R_CMD: ACTCMD    R_r1= 0x00    at time   67039309 ps
inst0 ch0:  R_CMD: ACTCMD    R_f1= 0x00    at time   67039723 ps
inst0 ch0:  C_CMD: RDCMD     C_r = 0x015   at time   67049245 ps
inst0 ch0:  C_CMD: RDCMD     C_f = 0x080   at time   67049659 ps
inst0 ch0:  C_CMD: RDCMD     C_r = 0x01d   at time   67052557 ps
inst0 ch0:  C_CMD: RDCMD     C_f = 0x082   at time   67052971 ps
inst0 ch0:  C_CMD: RDCMD     C_r = 0x005   at time   67055869 ps
inst0 ch0:  C_CMD: RDCMD     C_f = 0x080   at time   67056283 ps
inst0 ch0:  C_CMD: RDCMD     C_r = 0x00d   at time   67059181 ps
inst0 ch0:  C_CMD: RDCMD     C_f = 0x082   at time   67059595 ps
