inst0 ch0:  R_CMD: ACTCMD    R_r0= 0x0e    at time   33400981 ps
inst0 ch0:  R_CMD: ACTCMD    R_f0= 0x28    at time   33401395 ps
inst0 ch0:  R_CMD: ACTCMD    R_r1= 0x00    at time   33401809 ps
inst0 ch0:  R_CMD: ACTCMD    R_f1= 0x02    at time   33402223 ps
inst0 ch0:  R_CMD: ACTCMD    R_r0= 0x0e    at time   33402637 ps
inst0 ch0:  R_CMD: ACTCMD    R_f0= 0x20    at time   33403051 ps
inst0 ch0:  R_CMD: ACTCMD    R_r1= 0x00    at time   33403465 ps
inst0 ch0:  R_CMD: ACTCMD    R_f1= 0x02    at time   33403879 ps
inst0 ch0:  C_CMD: RDCMD     C_r = 0x095   at time   33415885 ps
inst0 ch0:  C_CMD: RDCMD     C_f = 0x0a9   at time   33416299 ps
inst0 ch0:  C_CMD: RDCMD     C_r = 0x095   at time   33417541 ps
inst0 ch0:  C_CMD: RDCMD     C_f = 0x029   at time   33417955 ps
inst0 ch0:  C_CMD: RDCMD     C_r = 0x095   at time   33419197 ps
inst0 ch0:  C_CMD: RDCMD     C_f = 0x0ab   at time   33419611 ps
inst0 ch0:  C_CMD: RDCMD     C_r = 0x095   at time   33420853 ps
inst0 ch0:  C_CMD: RDCMD     C_f = 0x02b   at time   33421267 ps
inst0 ch0:  C_CMD: RDCMD     C_r = 0x095   at time   33422509 ps
inst0 ch0:  C_CMD: RDCMD     C_f = 0x0a1   at time   33422923 ps
inst0 ch0:  C_CMD: RDCMD     C_r = 0x095   at time   33424165 ps
inst0 ch0:  C_CMD: RDCMD     C_f = 0x021   at time   33424579 ps
inst0 ch0:  C_CMD: RDCMD     C_r = 0x09d   at time   33425821 ps
inst0 ch0:  C_CMD: RDCMD     C_f = 0x0a3   at time   33426235 ps
inst0 ch0:  C_CMD: RDCMD     C_r = 0x09d   at time   33427477 ps
inst0 ch0:  C_CMD: RDCMD     C_f = 0x023   at time   33427891 ps
inst0 ch0:  R_CMD: ACTCMD    R_r0= 0x0e    at time   33471361 ps
inst0 ch0:  R_CMD: ACTCMD    R_f0= 0x28    at time   33471775 ps
inst0 ch0:  R_CMD: ACTCMD    R_r1= 0x00    at time   33472189 ps
inst0 ch0:  R_CMD: ACTCMD    R_f1= 0x02    at time   33472603 ps
inst0 ch0:  R_CMD: ACTCMD    R_r0= 0x0e    at time   33473845 ps
inst0 ch0:  R_CMD: ACTCMD    R_f0= 0x20    at time   33474259 ps
inst0 ch0:  R_CMD: ACTCMD    R_r1= 0x00    at time   33474673 ps
inst0 ch0:  R_CMD: ACTCMD    R_f1= 0x02    at time   33475087 ps
inst0 ch0:  C_CMD: WRCMD     C_r = 0x091   at time   33482125 ps
inst0 ch0:  C_CMD: WRCMD     C_f = 0x0a9   at time   33482539 ps
inst0 ch0:  C_CMD: WRCMD     C_r = 0x091   at time   33484609 ps
inst0 ch0:  C_CMD: WRCMD     C_f = 0x029   at time   33485023 ps
inst0 ch0:  C_CMD: WRCMD     C_r = 0x091   at time   33485437 ps
inst0 ch0:  C_CMD: WRCMD     C_f = 0x0ab   at time   33485851 ps
inst0 ch0:  C_CMD: WRCMD     C_r = 0x091   at time   33487921 ps
inst0 ch0:  C_CMD: WRCMD     C_f = 0x02b   at time   33488335 ps
inst0 ch0:  C_CMD: WRCMD     C_r = 0x091   at time   33488749 ps
inst0 ch0:  C_CMD: WRCMD     C_f = 0x0a1   at time   33489163 ps
inst0 ch0:  C_CMD: WRCMD     C_r = 0x091   at time   33491233 ps
inst0 ch0:  C_CMD: WRCMD     C_f = 0x021   at time   33491647 ps
inst0 ch0:  C_CMD: WRCMD     C_r = 0x099   at time   33492061 ps
inst0 ch0:  C_CMD: WRCMD     C_f = 0x0a3   at time   33492475 ps
inst0 ch0:  C_CMD: WRCMD     C_r = 0x099   at time   33494545 ps
inst0 ch0:  C_CMD: WRCMD     C_f = 0x023   at time   33494959 ps
inst0 ch0:  R_CMD: ACTCMD    R_r0= 0x2e    at time   54517465 ps
inst0 ch0:  R_CMD: ACTCMD    R_f0= 0x28    at time   54517879 ps
inst0 ch0:  R_CMD: ACTCMD    R_r1= 0x00    at time   54518293 ps
inst0 ch0:  R_CMD: ACTCMD    R_f1= 0x02    at time   54518707 ps
inst0 ch0:  R_CMD: ACTCMD    R_r0= 0x2e    at time   54519949 ps
inst0 ch0:  R_CMD: ACTCMD    R_f0= 0x20    at time   54520363 ps
inst0 ch0:  R_CMD: ACTCMD    R_r1= 0x00    at time   54520777 ps
inst0 ch0:  R_CMD: ACTCMD    R_f1= 0x02    at time   54521191 ps
inst0 ch0:  C_CMD: RDCMD     C_r = 0x0d5   at time   54532369 ps
inst0 ch0:  C_CMD: RDCMD     C_f = 0x0a9   at time   54532783 ps
inst0 ch0:  C_CMD: RDCMD     C_r = 0x0d5   at time   54534853 ps
inst0 ch0:  C_CMD: RDCMD     C_f = 0x029   at time   54535267 ps
inst0 ch0:  C_CMD: RDCMD     C_r = 0x0d5   at time   54535681 ps
inst0 ch0:  C_CMD: RDCMD     C_f = 0x0ab   at time   54536095 ps
inst0 ch0:  C_CMD: RDCMD     C_r = 0x0d5   at time   54538165 ps
inst0 ch0:  C_CMD: RDCMD     C_f = 0x02b   at time   54538579 ps
inst0 ch0:  C_CMD: RDCMD     C_r = 0x0d5   at time   54538993 ps
inst0 ch0:  C_CMD: RDCMD     C_f = 0x0a1   at time   54539407 ps
inst0 ch0:  C_CMD: RDCMD     C_r = 0x0d5   at time   54541477 ps
inst0 ch0:  C_CMD: RDCMD     C_f = 0x021   at time   54541891 ps
inst0 ch0:  C_CMD: RDCMD     C_r = 0x0dd   at time   54542305 ps
inst0 ch0:  C_CMD: RDCMD     C_f = 0x0a3   at time   54542719 ps
inst0 ch0:  C_CMD: RDCMD     C_r = 0x0dd   at time   54544789 ps
inst0 ch0:  C_CMD: RDCMD     C_f = 0x023   at time   54545203 ps
inst0 ch0:  R_CMD: ACTCMD    R_r0= 0x2e    at time   54711217 ps
inst0 ch0:  R_CMD: ACTCMD    R_f0= 0x28    at time   54711631 ps
inst0 ch0:  R_CMD: ACTCMD    R_r1= 0x00    at time   54712045 ps
inst0 ch0:  R_CMD: ACTCMD    R_f1= 0x02    at time   54712459 ps
inst0 ch0:  R_CMD: ACTCMD    R_r0= 0x2e    at time   54712873 ps
inst0 ch0:  R_CMD: ACTCMD    R_f0= 0x20    at time   54713287 ps
inst0 ch0:  R_CMD: ACTCMD    R_r1= 0x00    at time   54713701 ps
inst0 ch0:  R_CMD: ACTCMD    R_f1= 0x02    at time   54714115 ps
inst0 ch0:  C_CMD: WRCMD     C_r = 0x0d1   at time   54721981 ps
inst0 ch0:  C_CMD: WRCMD     C_f = 0x0a9   at time   54722395 ps
inst0 ch0:  C_CMD: WRCMD     C_r = 0x0d1   at time   54723637 ps
inst0 ch0:  C_CMD: WRCMD     C_f = 0x029   at time   54724051 ps
inst0 ch0:  C_CMD: WRCMD     C_r = 0x0d1   at time   54725293 ps
inst0 ch0:  C_CMD: WRCMD     C_f = 0x0ab   at time   54725707 ps
inst0 ch0:  C_CMD: WRCMD     C_r = 0x0d1   at time   54726949 ps
inst0 ch0:  C_CMD: WRCMD     C_f = 0x02b   at time   54727363 ps
inst0 ch0:  C_CMD: WRCMD     C_r = 0x0d1   at time   54728605 ps
inst0 ch0:  C_CMD: WRCMD     C_f = 0x0a1   at time   54729019 ps
inst0 ch0:  C_CMD: WRCMD     C_r = 0x0d1   at time   54730261 ps
inst0 ch0:  C_CMD: WRCMD     C_f = 0x021   at time   54730675 ps
inst0 ch0:  C_CMD: WRCMD     C_r = 0x0d9   at time   54731917 ps
inst0 ch0:  C_CMD: WRCMD     C_f = 0x0a3   at time   54732331 ps
inst0 ch0:  C_CMD: WRCMD     C_r = 0x0d9   at time   54733573 ps
inst0 ch0:  C_CMD: WRCMD     C_f = 0x023   at time   54733987 ps
inst0 ch0:  R_CMD: ACTCMD    R_r0= 0x2e    at time  122905297 ps
inst0 ch0:  R_CMD: ACTCMD    R_f0= 0x20    at time  122905711 ps
inst0 ch0:  R_CMD: ACTCMD    R_r1= 0x00    at time  122906125 ps
inst0 ch0:  R_CMD: ACTCMD    R_f1= 0x02    at time  122906539 ps
inst0 ch0:  C_CMD: RDCMD     C_r = 0x0d5   at time  122920201 ps
inst0 ch0:  C_CMD: RDCMD     C_f = 0x021   at time  122920615 ps
inst0 ch0:  C_CMD: RDCMD     C_r = 0x0dd   at time  122923513 ps
inst0 ch0:  C_CMD: RDCMD     C_f = 0x023   at time  122923927 ps
inst0 ch0:  R_CMD: ACTCMD    R_r0= 0x2e    at time  124342705 ps
inst0 ch0:  R_CMD: ACTCMD    R_f0= 0x28    at time  124343119 ps
inst0 ch0:  R_CMD: ACTCMD    R_r1= 0x00    at time  124343533 ps
inst0 ch0:  R_CMD: ACTCMD    R_f1= 0x02    at time  124343947 ps
inst0 ch0:  C_CMD: RDCMD     C_r = 0x0d5   at time  124357609 ps
inst0 ch0:  C_CMD: RDCMD     C_f = 0x0a1   at time  124358023 ps
inst0 ch0:  C_CMD: RDCMD     C_r = 0x0dd   at time  124360921 ps
inst0 ch0:  C_CMD: RDCMD     C_f = 0x0a3   at time  124361335 ps
inst0 ch0:  R_CMD: ACTCMD    R_r0= 0x2e    at time  124566265 ps
inst0 ch0:  R_CMD: ACTCMD    R_f0= 0x20    at time  124566679 ps
inst0 ch0:  R_CMD: ACTCMD    R_r1= 0x00    at time  124567093 ps
inst0 ch0:  R_CMD: ACTCMD    R_f1= 0x02    at time  124567507 ps
inst0 ch0:  C_CMD: RDCMD     C_r = 0x0d5   at time  124581169 ps
inst0 ch0:  C_CMD: RDCMD     C_f = 0x029   at time  124581583 ps
inst0 ch0:  C_CMD: RDCMD     C_r = 0x0dd   at time  124584481 ps
inst0 ch0:  C_CMD: RDCMD     C_f = 0x02b   at time  124584895 ps
inst0 ch0:  R_CMD: ACTCMD    R_r0= 0x2e    at time  124803073 ps
inst0 ch0:  R_CMD: ACTCMD    R_f0= 0x28    at time  124803487 ps
inst0 ch0:  R_CMD: ACTCMD    R_r1= 0x00    at time  124803901 ps
inst0 ch0:  R_CMD: ACTCMD    R_f1= 0x02    at time  124804315 ps
inst0 ch0:  C_CMD: RDCMD     C_r = 0x0d5   at time  124817977 ps
inst0 ch0:  C_CMD: RDCMD     C_f = 0x0a9   at time  124818391 ps
inst0 ch0:  C_CMD: RDCMD     C_r = 0x0dd   at time  124821289 ps
inst0 ch0:  C_CMD: RDCMD     C_f = 0x0ab   at time  124821703 ps
inst0 ch0:  R_CMD: ACTCMD    R_r0= 0x22    at time  124837849 ps
inst0 ch0:  R_CMD: ACTCMD    R_f0= 0x2a    at time  124838263 ps
inst0 ch0:  R_CMD: ACTCMD    R_r1= 0x00    at time  124838677 ps
inst0 ch0:  R_CMD: ACTCMD    R_f1= 0x00    at time  124839091 ps
inst0 ch0:  R_CMD: ACTCMD    R_r0= 0x02    at time  124841989 ps
inst0 ch0:  R_CMD: ACTCMD    R_f0= 0x2a    at time  124842403 ps
inst0 ch0:  R_CMD: ACTCMD    R_r1= 0x00    at time  124842817 ps
inst0 ch0:  R_CMD: ACTCMD    R_f1= 0x00    at time  124843231 ps
inst0 ch0:  R_CMD: ACTCMD    R_r0= 0x22    at time  124843645 ps
inst0 ch0:  R_CMD: ACTCMD    R_f0= 0x22    at time  124844059 ps
inst0 ch0:  R_CMD: ACTCMD    R_r1= 0x00    at time  124844473 ps
inst0 ch0:  R_CMD: ACTCMD    R_f1= 0x00    at time  124844887 ps
inst0 ch0:  R_CMD: ACTCMD    R_r0= 0x22    at time  124846129 ps
inst0 ch0:  R_CMD: ACTCMD    R_f0= 0x0a    at time  124846543 ps
inst0 ch0:  R_CMD: ACTCMD    R_r1= 0x00    at time  124846957 ps
inst0 ch0:  R_CMD: ACTCMD    R_f1= 0x00    at time  124847371 ps
inst0 ch0:  R_CMD: ACTCMD    R_r0= 0x02    at time  124847785 ps
inst0 ch0:  R_CMD: ACTCMD    R_f0= 0x22    at time  124848199 ps
inst0 ch0:  R_CMD: ACTCMD    R_r1= 0x00    at time  124848613 ps
inst0 ch0:  R_CMD: ACTCMD    R_f1= 0x00    at time  124849027 ps
inst0 ch0:  R_CMD: ACTCMD    R_r0= 0x02    at time  124850269 ps
inst0 ch0:  R_CMD: ACTCMD    R_f0= 0x0a    at time  124850683 ps
inst0 ch0:  R_CMD: ACTCMD    R_r1= 0x00    at time  124851097 ps
inst0 ch0:  R_CMD: ACTCMD    R_f1= 0x00    at time  124851511 ps
inst0 ch0:  R_CMD: ACTCMD    R_r0= 0x22    at time  124851925 ps
inst0 ch0:  R_CMD: ACTCMD    R_f0= 0x02    at time  124852339 ps
inst0 ch0:  R_CMD: ACTCMD    R_r1= 0x00    at time  124852753 ps
inst0 ch0:  C_CMD: RDCMD     C_r = 0x0c5   at time  124852753 ps
inst0 ch0:  R_CMD: ACTCMD    R_f1= 0x00    at time  124853167 ps
inst0 ch0:  C_CMD: RDCMD     C_f = 0x080   at time  124853167 ps
inst0 ch0:  R_CMD: ACTCMD    R_r0= 0x02    at time  124856065 ps
inst0 ch0:  C_CMD: RDCMD     C_r = 0x0cd   at time  124856065 ps
inst0 ch0:  R_CMD: ACTCMD    R_f0= 0x02    at time  124856479 ps
inst0 ch0:  C_CMD: RDCMD     C_f = 0x082   at time  124856479 ps
inst0 ch0:  R_CMD: ACTCMD    R_r1= 0x00    at time  124856893 ps
inst0 ch0:  R_CMD: ACTCMD    R_f1= 0x00    at time  124857307 ps
inst0 ch0:  C_CMD: RDCMD     C_r = 0x085   at time  124857721 ps
inst0 ch0:  C_CMD: RDCMD     C_f = 0x080   at time  124858135 ps
inst0 ch0:  C_CMD: RDCMD     C_r = 0x0c5   at time  124858549 ps
inst0 ch0:  C_CMD: RDCMD     C_f = 0x000   at time  124858963 ps
inst0 ch0:  C_CMD: RDCMD     C_r = 0x08d   at time  124861033 ps
inst0 ch0:  C_CMD: RDCMD     C_f = 0x082   at time  124861447 ps
inst0 ch0:  C_CMD: RDCMD     C_r = 0x0cd   at time  124861861 ps
inst0 ch0:  C_CMD: RDCMD     C_f = 0x002   at time  124862275 ps
inst0 ch0:  C_CMD: RDCMD     C_r = 0x045   at time  124862689 ps
inst0 ch0:  C_CMD: RDCMD     C_f = 0x080   at time  124863103 ps
inst0 ch0:  C_CMD: RDCMD     C_r = 0x085   at time  124863517 ps
inst0 ch0:  C_CMD: RDCMD     C_f = 0x000   at time  124863931 ps
inst0 ch0:  C_CMD: RDCMD     C_r = 0x005   at time  124865173 ps
inst0 ch0:  C_CMD: RDCMD     C_f = 0x080   at time  124865587 ps
inst0 ch0:  C_CMD: RDCMD     C_r = 0x04d   at time  124866829 ps
inst0 ch0:  C_CMD: RDCMD     C_f = 0x082   at time  124867243 ps
inst0 ch0:  C_CMD: RDCMD     C_r = 0x08d   at time  124867657 ps
inst0 ch0:  C_CMD: RDCMD     C_f = 0x002   at time  124868071 ps
inst0 ch0:  C_CMD: RDCMD     C_r = 0x00d   at time  124868485 ps
inst0 ch0:  C_CMD: RDCMD     C_f = 0x082   at time  124868899 ps
inst0 ch0:  C_CMD: RDCMD     C_r = 0x045   at time  124869313 ps
inst0 ch0:  C_CMD: RDCMD     C_f = 0x000   at time  124869727 ps
inst0 ch0:  C_CMD: RDCMD     C_r = 0x005   at time  124870969 ps
inst0 ch0:  C_CMD: RDCMD     C_f = 0x000   at time  124871383 ps
inst0 ch0:  C_CMD: RDCMD     C_r = 0x04d   at time  124872625 ps
inst0 ch0:  C_CMD: RDCMD     C_f = 0x002   at time  124873039 ps
inst0 ch0:  C_CMD: RDCMD     C_r = 0x00d   at time  124874281 ps
inst0 ch0:  C_CMD: RDCMD     C_f = 0x002   at time  124874695 ps
inst0 ch0:  R_CMD: ACTCMD    R_r0= 0x2a    at time  125145037 ps
inst0 ch0:  R_CMD: ACTCMD    R_f0= 0x2a    at time  125145451 ps
inst0 ch0:  R_CMD: ACTCMD    R_r1= 0x00    at time  125145865 ps
inst0 ch0:  R_CMD: ACTCMD    R_f1= 0x00    at time  125146279 ps
inst0 ch0:  C_CMD: RDCMD     C_r = 0x0d5   at time  125159941 ps
inst0 ch0:  C_CMD: RDCMD     C_f = 0x080   at time  125160355 ps
inst0 ch0:  C_CMD: RDCMD     C_r = 0x0dd   at time  125163253 ps
inst0 ch0:  C_CMD: RDCMD     C_f = 0x082   at time  125163667 ps
inst0 ch0:  R_CMD: ACTCMD    R_r0= 0x0a    at time  125255989 ps
inst0 ch0:  R_CMD: ACTCMD    R_f0= 0x2a    at time  125256403 ps
inst0 ch0:  R_CMD: ACTCMD    R_r1= 0x00    at time  125256817 ps
inst0 ch0:  R_CMD: ACTCMD    R_f1= 0x00    at time  125257231 ps
inst0 ch0:  C_CMD: RDCMD     C_r = 0x095   at time  125270893 ps
inst0 ch0:  C_CMD: RDCMD     C_f = 0x080   at time  125271307 ps
inst0 ch0:  C_CMD: RDCMD     C_r = 0x09d   at time  125274205 ps
inst0 ch0:  C_CMD: RDCMD     C_f = 0x082   at time  125274619 ps
inst0 ch0:  R_CMD: ACTCMD    R_r0= 0x2a    at time  125319745 ps
inst0 ch0:  R_CMD: ACTCMD    R_f0= 0x22    at time  125320159 ps
inst0 ch0:  R_CMD: ACTCMD    R_r1= 0x00    at time  125320573 ps
inst0 ch0:  R_CMD: ACTCMD    R_f1= 0x00    at time  125320987 ps
inst0 ch0:  C_CMD: RDCMD     C_r = 0x0d5   at time  125334649 ps
inst0 ch0:  C_CMD: RDCMD     C_f = 0x000   at time  125335063 ps
inst0 ch0:  C_CMD: RDCMD     C_r = 0x0dd   at time  125337961 ps
inst0 ch0:  C_CMD: RDCMD     C_f = 0x002   at time  125338375 ps
inst0 ch0:  R_CMD: ACTCMD    R_r0= 0x2a    at time  125344585 ps
inst0 ch0:  R_CMD: ACTCMD    R_f0= 0x0a    at time  125344999 ps
inst0 ch0:  R_CMD: ACTCMD    R_r1= 0x00    at time  125345413 ps
inst0 ch0:  R_CMD: ACTCMD    R_f1= 0x00    at time  125345827 ps
inst0 ch0:  R_CMD: ACTCMD    R_r0= 0x0a    at time  125346241 ps
inst0 ch0:  R_CMD: ACTCMD    R_f0= 0x22    at time  125346655 ps
inst0 ch0:  R_CMD: ACTCMD    R_r1= 0x00    at time  125347069 ps
inst0 ch0:  R_CMD: ACTCMD    R_f1= 0x00    at time  125347483 ps
inst0 ch0:  R_CMD: ACTCMD    R_r0= 0x0a    at time  125348725 ps
inst0 ch0:  R_CMD: ACTCMD    R_f0= 0x0a    at time  125349139 ps
inst0 ch0:  R_CMD: ACTCMD    R_r1= 0x00    at time  125349553 ps
inst0 ch0:  R_CMD: ACTCMD    R_f1= 0x00    at time  125349967 ps
inst0 ch0:  R_CMD: ACTCMD    R_r0= 0x2a    at time  125350381 ps
inst0 ch0:  R_CMD: ACTCMD    R_f0= 0x02    at time  125350795 ps
inst0 ch0:  R_CMD: ACTCMD    R_r1= 0x00    at time  125351209 ps
inst0 ch0:  R_CMD: ACTCMD    R_f1= 0x00    at time  125351623 ps
inst0 ch0:  R_CMD: ACTCMD    R_r0= 0x0a    at time  125354521 ps
inst0 ch0:  R_CMD: ACTCMD    R_f0= 0x02    at time  125354935 ps
inst0 ch0:  R_CMD: ACTCMD    R_r1= 0x00    at time  125355349 ps
inst0 ch0:  R_CMD: ACTCMD    R_f1= 0x00    at time  125355763 ps
inst0 ch0:  C_CMD: RDCMD     C_r = 0x055   at time  125359489 ps
inst0 ch0:  C_CMD: RDCMD     C_f = 0x080   at time  125359903 ps
inst0 ch0:  C_CMD: RDCMD     C_r = 0x095   at time  125361145 ps
inst0 ch0:  C_CMD: RDCMD     C_f = 0x000   at time  125361559 ps
inst0 ch0:  C_CMD: RDCMD     C_r = 0x05d   at time  125362801 ps
inst0 ch0:  C_CMD: RDCMD     C_f = 0x082   at time  125363215 ps
inst0 ch0:  C_CMD: RDCMD     C_r = 0x015   at time  125364457 ps
inst0 ch0:  C_CMD: RDCMD     C_f = 0x080   at time  125364871 ps
inst0 ch0:  C_CMD: RDCMD     C_r = 0x09d   at time  125365285 ps
inst0 ch0:  C_CMD: RDCMD     C_f = 0x002   at time  125365699 ps
inst0 ch0:  C_CMD: RDCMD     C_r = 0x055   at time  125366941 ps
inst0 ch0:  C_CMD: RDCMD     C_f = 0x000   at time  125367355 ps
inst0 ch0:  C_CMD: RDCMD     C_r = 0x01d   at time  125367769 ps
inst0 ch0:  C_CMD: RDCMD     C_f = 0x082   at time  125368183 ps
inst0 ch0:  C_CMD: RDCMD     C_r = 0x015   at time  125369425 ps
inst0 ch0:  C_CMD: RDCMD     C_f = 0x000   at time  125369839 ps
inst0 ch0:  C_CMD: RDCMD     C_r = 0x05d   at time  125371081 ps
inst0 ch0:  C_CMD: RDCMD     C_f = 0x002   at time  125371495 ps
inst0 ch0:  C_CMD: RDCMD     C_r = 0x01d   at time  125372737 ps
inst0 ch0:  C_CMD: RDCMD     C_f = 0x002   at time  125373151 ps
inst0 ch0:  R_CMD: ACTCMD    R_r0= 0x32    at time  125621965 ps
inst0 ch0:  R_CMD: ACTCMD    R_f0= 0x2a    at time  125622379 ps
inst0 ch0:  R_CMD: ACTCMD    R_r1= 0x00    at time  125622793 ps
inst0 ch0:  R_CMD: ACTCMD    R_f1= 0x00    at time  125623207 ps
inst0 ch0:  R_CMD: ACTCMD    R_r0= 0x12    at time  125629417 ps
inst0 ch0:  R_CMD: ACTCMD    R_f0= 0x2a    at time  125629831 ps
inst0 ch0:  R_CMD: ACTCMD    R_r1= 0x00    at time  125630245 ps
inst0 ch0:  R_CMD: ACTCMD    R_f1= 0x00    at time  125630659 ps
inst0 ch0:  C_CMD: RDCMD     C_r = 0x0e5   at time  125636869 ps
inst0 ch0:  C_CMD: RDCMD     C_f = 0x080   at time  125637283 ps
inst0 ch0:  C_CMD: RDCMD     C_r = 0x0ed   at time  125640181 ps
inst0 ch0:  C_CMD: RDCMD     C_f = 0x082   at time  125640595 ps
inst0 ch0:  C_CMD: RDCMD     C_r = 0x0a5   at time  125644321 ps
inst0 ch0:  C_CMD: RDCMD     C_f = 0x080   at time  125644735 ps
inst0 ch0:  C_CMD: RDCMD     C_r = 0x0ad   at time  125647633 ps
inst0 ch0:  C_CMD: RDCMD     C_f = 0x082   at time  125648047 ps
inst0 ch0:  R_CMD: ACTCMD    R_r0= 0x32    at time  125657569 ps
inst0 ch0:  R_CMD: ACTCMD    R_f0= 0x22    at time  125657983 ps
inst0 ch0:  R_CMD: ACTCMD    R_r1= 0x00    at time  125658397 ps
inst0 ch0:  R_CMD: ACTCMD    R_f1= 0x00    at time  125658811 ps
inst0 ch0:  C_CMD: RDCMD     C_r = 0x0e5   at time  125672473 ps
inst0 ch0:  C_CMD: RDCMD     C_f = 0x000   at time  125672887 ps
inst0 ch0:  C_CMD: RDCMD     C_r = 0x0ed   at time  125675785 ps
inst0 ch0:  C_CMD: RDCMD     C_f = 0x002   at time  125676199 ps
inst0 ch0:  R_CMD: ACTCMD    R_r0= 0x32    at time  125770177 ps
inst0 ch0:  R_CMD: ACTCMD    R_f0= 0x0a    at time  125770591 ps
inst0 ch0:  R_CMD: ACTCMD    R_r1= 0x00    at time  125771005 ps
inst0 ch0:  R_CMD: ACTCMD    R_f1= 0x00    at time  125771419 ps
inst0 ch0:  C_CMD: RDCMD     C_r = 0x065   at time  125785081 ps
inst0 ch0:  C_CMD: RDCMD     C_f = 0x080   at time  125785495 ps
inst0 ch0:  C_CMD: RDCMD     C_r = 0x06d   at time  125788393 ps
inst0 ch0:  C_CMD: RDCMD     C_f = 0x082   at time  125788807 ps
inst0 ch0:  R_CMD: ACTCMD    R_r0= 0x12    at time  125834761 ps
inst0 ch0:  R_CMD: ACTCMD    R_f0= 0x0a    at time  125835175 ps
inst0 ch0:  R_CMD: ACTCMD    R_r1= 0x00    at time  125835589 ps
inst0 ch0:  R_CMD: ACTCMD    R_f1= 0x00    at time  125836003 ps
inst0 ch0:  R_CMD: ACTCMD    R_r0= 0x12    at time  125848009 ps
inst0 ch0:  R_CMD: ACTCMD    R_f0= 0x22    at time  125848423 ps
inst0 ch0:  R_CMD: ACTCMD    R_r1= 0x00    at time  125848837 ps
inst0 ch0:  R_CMD: ACTCMD    R_f1= 0x00    at time  125849251 ps
inst0 ch0:  C_CMD: RDCMD     C_r = 0x025   at time  125849665 ps
inst0 ch0:  C_CMD: RDCMD     C_f = 0x080   at time  125850079 ps
inst0 ch0:  R_CMD: ACTCMD    R_r0= 0x32    at time  125852149 ps
inst0 ch0:  R_CMD: ACTCMD    R_f0= 0x02    at time  125852563 ps
inst0 ch0:  R_CMD: ACTCMD    R_r1= 0x00    at time  125852977 ps
inst0 ch0:  C_CMD: RDCMD     C_r = 0x02d   at time  125852977 ps
inst0 ch0:  R_CMD: ACTCMD    R_f1= 0x00    at time  125853391 ps
inst0 ch0:  C_CMD: RDCMD     C_f = 0x082   at time  125853391 ps
inst0 ch0:  R_CMD: ACTCMD    R_r0= 0x12    at time  125856289 ps
inst0 ch0:  R_CMD: ACTCMD    R_f0= 0x02    at time  125856703 ps
inst0 ch0:  R_CMD: ACTCMD    R_r1= 0x00    at time  125857117 ps
inst0 ch0:  R_CMD: ACTCMD    R_f1= 0x00    at time  125857531 ps
inst0 ch0:  C_CMD: RDCMD     C_r = 0x0a5   at time  125862913 ps
inst0 ch0:  C_CMD: RDCMD     C_f = 0x000   at time  125863327 ps
inst0 ch0:  C_CMD: RDCMD     C_r = 0x0ad   at time  125866225 ps
inst0 ch0:  C_CMD: RDCMD     C_f = 0x002   at time  125866639 ps
inst0 ch0:  C_CMD: RDCMD     C_r = 0x065   at time  125867881 ps
inst0 ch0:  C_CMD: RDCMD     C_f = 0x000   at time  125868295 ps
inst0 ch0:  C_CMD: RDCMD     C_r = 0x06d   at time  125871193 ps
inst0 ch0:  C_CMD: RDCMD     C_f = 0x002   at time  125871607 ps
inst0 ch0:  C_CMD: RDCMD     C_r = 0x025   at time  125872849 ps
inst0 ch0:  C_CMD: RDCMD     C_f = 0x000   at time  125873263 ps
inst0 ch0:  C_CMD: RDCMD     C_r = 0x02d   at time  125876161 ps
inst0 ch0:  C_CMD: RDCMD     C_f = 0x002   at time  125876575 ps
inst0 ch0:  R_CMD: ACTCMD    R_r0= 0x3a    at time  126115453 ps
inst0 ch0:  R_CMD: ACTCMD    R_f0= 0x2a    at time  126115867 ps
inst0 ch0:  R_CMD: ACTCMD    R_r1= 0x00    at time  126116281 ps
inst0 ch0:  R_CMD: ACTCMD    R_f1= 0x00    at time  126116695 ps
inst0 ch0:  R_CMD: ACTCMD    R_r0= 0x1a    at time  126119593 ps
inst0 ch0:  R_CMD: ACTCMD    R_f0= 0x2a    at time  126120007 ps
inst0 ch0:  R_CMD: ACTCMD    R_r1= 0x00    at time  126120421 ps
inst0 ch0:  R_CMD: ACTCMD    R_f1= 0x00    at time  126120835 ps
inst0 ch0:  R_CMD: ACTCMD    R_r0= 0x3a    at time  126124561 ps
inst0 ch0:  R_CMD: ACTCMD    R_f0= 0x22    at time  126124975 ps
inst0 ch0:  R_CMD: ACTCMD    R_r1= 0x00    at time  126125389 ps
inst0 ch0:  R_CMD: ACTCMD    R_f1= 0x00    at time  126125803 ps
inst0 ch0:  C_CMD: RDCMD     C_r = 0x0f5   at time  126130357 ps
inst0 ch0:  C_CMD: RDCMD     C_f = 0x080   at time  126130771 ps
inst0 ch0:  R_CMD: ACTCMD    R_r0= 0x3a    at time  126132013 ps
inst0 ch0:  R_CMD: ACTCMD    R_f0= 0x0a    at time  126132427 ps
inst0 ch0:  R_CMD: ACTCMD    R_r1= 0x00    at time  126132841 ps
inst0 ch0:  R_CMD: ACTCMD    R_f1= 0x00    at time  126133255 ps
inst0 ch0:  C_CMD: RDCMD     C_r = 0x0fd   at time  126133669 ps
inst0 ch0:  C_CMD: RDCMD     C_f = 0x082   at time  126134083 ps
inst0 ch0:  C_CMD: RDCMD     C_r = 0x0b5   at time  126135325 ps
inst0 ch0:  C_CMD: RDCMD     C_f = 0x080   at time  126135739 ps
inst0 ch0:  C_CMD: RDCMD     C_r = 0x0bd   at time  126138637 ps
inst0 ch0:  C_CMD: RDCMD     C_f = 0x082   at time  126139051 ps
inst0 ch0:  C_CMD: RDCMD     C_r = 0x0f5   at time  126139465 ps
inst0 ch0:  C_CMD: RDCMD     C_f = 0x000   at time  126139879 ps
inst0 ch0:  C_CMD: RDCMD     C_r = 0x0fd   at time  126142777 ps
inst0 ch0:  C_CMD: RDCMD     C_f = 0x002   at time  126143191 ps
inst0 ch0:  C_CMD: RDCMD     C_r = 0x075   at time  126146917 ps
inst0 ch0:  C_CMD: RDCMD     C_f = 0x080   at time  126147331 ps
inst0 ch0:  C_CMD: RDCMD     C_r = 0x07d   at time  126150229 ps
inst0 ch0:  C_CMD: RDCMD     C_f = 0x082   at time  126150643 ps
inst0 ch0:  R_CMD: ACTCMD    R_r0= 0x1a    at time  126171757 ps
inst0 ch0:  R_CMD: ACTCMD    R_f0= 0x0a    at time  126172171 ps
inst0 ch0:  R_CMD: ACTCMD    R_r1= 0x00    at time  126172585 ps
inst0 ch0:  R_CMD: ACTCMD    R_f1= 0x00    at time  126172999 ps
inst0 ch0:  C_CMD: RDCMD     C_r = 0x035   at time  126186661 ps
inst0 ch0:  C_CMD: RDCMD     C_f = 0x080   at time  126187075 ps
inst0 ch0:  C_CMD: RDCMD     C_r = 0x03d   at time  126189973 ps
inst0 ch0:  C_CMD: RDCMD     C_f = 0x082   at time  126190387 ps
inst0 ch0:  R_CMD: ACTCMD    R_r0= 0x1a    at time  126284365 ps
inst0 ch0:  R_CMD: ACTCMD    R_f0= 0x22    at time  126284779 ps
inst0 ch0:  R_CMD: ACTCMD    R_r1= 0x00    at time  126285193 ps
inst0 ch0:  R_CMD: ACTCMD    R_f1= 0x00    at time  126285607 ps
inst0 ch0:  C_CMD: RDCMD     C_r = 0x0b5   at time  126299269 ps
inst0 ch0:  C_CMD: RDCMD     C_f = 0x000   at time  126299683 ps
inst0 ch0:  C_CMD: RDCMD     C_r = 0x0bd   at time  126302581 ps
inst0 ch0:  C_CMD: RDCMD     C_f = 0x002   at time  126302995 ps
inst0 ch0:  R_CMD: ACTCMD    R_r0= 0x3a    at time  126350605 ps
inst0 ch0:  R_CMD: ACTCMD    R_f0= 0x02    at time  126351019 ps
inst0 ch0:  R_CMD: ACTCMD    R_r1= 0x00    at time  126351433 ps
inst0 ch0:  R_CMD: ACTCMD    R_f1= 0x00    at time  126351847 ps
inst0 ch0:  R_CMD: ACTCMD    R_r0= 0x1a    at time  126354745 ps
inst0 ch0:  R_CMD: ACTCMD    R_f0= 0x02    at time  126355159 ps
inst0 ch0:  R_CMD: ACTCMD    R_r1= 0x00    at time  126355573 ps
inst0 ch0:  R_CMD: ACTCMD    R_f1= 0x00    at time  126355987 ps
inst0 ch0:  C_CMD: RDCMD     C_r = 0x075   at time  126365509 ps
inst0 ch0:  C_CMD: RDCMD     C_f = 0x000   at time  126365923 ps
inst0 ch0:  C_CMD: RDCMD     C_r = 0x07d   at time  126368821 ps
inst0 ch0:  C_CMD: RDCMD     C_f = 0x002   at time  126369235 ps
inst0 ch0:  C_CMD: RDCMD     C_r = 0x035   at time  126370477 ps
inst0 ch0:  C_CMD: RDCMD     C_f = 0x000   at time  126370891 ps
inst0 ch0:  C_CMD: RDCMD     C_r = 0x03d   at time  126373789 ps
inst0 ch0:  C_CMD: RDCMD     C_f = 0x002   at time  126374203 ps
inst0 ch0:  R_CMD: ACTCMD    R_r0= 0x02    at time  130873969 ps
inst0 ch0:  R_CMD: ACTCMD    R_f0= 0x00    at time  130874383 ps
inst0 ch0:  R_CMD: ACTCMD    R_r1= 0x00    at time  130874797 ps
inst0 ch0:  R_CMD: ACTCMD    R_f1= 0x00    at time  130875211 ps
inst0 ch0:  C_CMD: RDCMD     C_r = 0x005   at time  130888873 ps
inst0 ch0:  C_CMD: RDCMD     C_f = 0x018   at time  130889287 ps
inst0 ch0:  C_CMD: RDCMD     C_r = 0x005   at time  130892185 ps
inst0 ch0:  C_CMD: RDCMD     C_f = 0x01a   at time  130892599 ps
inst0 ch0:  C_CMD: RDCMD     C_r = 0x005   at time  130895497 ps
inst0 ch0:  C_CMD: RDCMD     C_f = 0x010   at time  130895911 ps
inst0 ch0:  C_CMD: RDCMD     C_r = 0x005   at time  130898809 ps
inst0 ch0:  C_CMD: RDCMD     C_f = 0x012   at time  130899223 ps
inst0 ch0:  C_CMD: RDCMD     C_r = 0x005   at time  130902121 ps
inst0 ch0:  C_CMD: RDCMD     C_f = 0x008   at time  130902535 ps
inst0 ch0:  C_CMD: RDCMD     C_r = 0x005   at time  130905433 ps
inst0 ch0:  C_CMD: RDCMD     C_f = 0x00a   at time  130905847 ps
inst0 ch0:  C_CMD: RDCMD     C_r = 0x005   at time  130908745 ps
inst0 ch0:  C_CMD: RDCMD     C_f = 0x000   at time  130909159 ps
inst0 ch0:  C_CMD: RDCMD     C_r = 0x00d   at time  130912057 ps
inst0 ch0:  C_CMD: RDCMD     C_f = 0x002   at time  130912471 ps
inst0 ch0:  R_CMD: ACTCMD    R_r0= 0x02    at time  130931101 ps
inst0 ch0:  R_CMD: ACTCMD    R_f0= 0x08    at time  130931515 ps
inst0 ch0:  R_CMD: ACTCMD    R_r1= 0x00    at time  130931929 ps
inst0 ch0:  R_CMD: ACTCMD    R_f1= 0x00    at time  130932343 ps
inst0 ch0:  C_CMD: RDCMD     C_r = 0x005   at time  130946005 ps
inst0 ch0:  C_CMD: RDCMD     C_f = 0x098   at time  130946419 ps
inst0 ch0:  C_CMD: RDCMD     C_r = 0x005   at time  130949317 ps
inst0 ch0:  C_CMD: RDCMD     C_f = 0x09a   at time  130949731 ps
inst0 ch0:  C_CMD: RDCMD     C_r = 0x005   at time  130952629 ps
inst0 ch0:  C_CMD: RDCMD     C_f = 0x090   at time  130953043 ps
inst0 ch0:  C_CMD: RDCMD     C_r = 0x005   at time  130955941 ps
inst0 ch0:  C_CMD: RDCMD     C_f = 0x092   at time  130956355 ps
inst0 ch0:  C_CMD: RDCMD     C_r = 0x005   at time  130959253 ps
inst0 ch0:  C_CMD: RDCMD     C_f = 0x088   at time  130959667 ps
inst0 ch0:  C_CMD: RDCMD     C_r = 0x005   at time  130962565 ps
inst0 ch0:  C_CMD: RDCMD     C_f = 0x08a   at time  130962979 ps
inst0 ch0:  C_CMD: RDCMD     C_r = 0x005   at time  130965877 ps
inst0 ch0:  C_CMD: RDCMD     C_f = 0x080   at time  130966291 ps
inst0 ch0:  C_CMD: RDCMD     C_r = 0x00d   at time  130969189 ps
inst0 ch0:  C_CMD: RDCMD     C_f = 0x082   at time  130969603 ps
inst0 ch0:  R_CMD: ACTCMD    R_r0= 0x0a    at time  131098357 ps
inst0 ch0:  R_CMD: ACTCMD    R_f0= 0x00    at time  131098771 ps
inst0 ch0:  R_CMD: ACTCMD    R_r1= 0x00    at time  131099185 ps
inst0 ch0:  R_CMD: ACTCMD    R_f1= 0x00    at time  131099599 ps
inst0 ch0:  C_CMD: RDCMD     C_r = 0x015   at time  131113261 ps
inst0 ch0:  C_CMD: RDCMD     C_f = 0x018   at time  131113675 ps
inst0 ch0:  C_CMD: RDCMD     C_r = 0x015   at time  131116573 ps
inst0 ch0:  C_CMD: RDCMD     C_f = 0x01a   at time  131116987 ps
inst0 ch0:  C_CMD: RDCMD     C_r = 0x015   at time  131119885 ps
inst0 ch0:  C_CMD: RDCMD     C_f = 0x010   at time  131120299 ps
inst0 ch0:  C_CMD: RDCMD     C_r = 0x015   at time  131123197 ps
inst0 ch0:  C_CMD: RDCMD     C_f = 0x012   at time  131123611 ps
inst0 ch0:  C_CMD: RDCMD     C_r = 0x015   at time  131126509 ps
inst0 ch0:  C_CMD: RDCMD     C_f = 0x008   at time  131126923 ps
inst0 ch0:  C_CMD: RDCMD     C_r = 0x015   at time  131129821 ps
inst0 ch0:  C_CMD: RDCMD     C_f = 0x00a   at time  131130235 ps
inst0 ch0:  R_CMD: ACTCMD    R_r0= 0x0a    at time  131133133 ps
inst0 ch0:  C_CMD: RDCMD     C_r = 0x015   at time  131133133 ps
inst0 ch0:  R_CMD: ACTCMD    R_f0= 0x08    at time  131133547 ps
inst0 ch0:  C_CMD: RDCMD     C_f = 0x000   at time  131133547 ps
inst0 ch0:  R_CMD: ACTCMD    R_r1= 0x00    at time  131133961 ps
inst0 ch0:  R_CMD: ACTCMD    R_f1= 0x00    at time  131134375 ps
inst0 ch0:  C_CMD: RDCMD     C_r = 0x01d   at time  131136445 ps
inst0 ch0:  C_CMD: RDCMD     C_f = 0x002   at time  131136859 ps
inst0 ch0:  C_CMD: RDCMD     C_r = 0x015   at time  131148037 ps
inst0 ch0:  C_CMD: RDCMD     C_f = 0x098   at time  131148451 ps
inst0 ch0:  C_CMD: RDCMD     C_r = 0x015   at time  131151349 ps
inst0 ch0:  C_CMD: RDCMD     C_f = 0x09a   at time  131151763 ps
inst0 ch0:  C_CMD: RDCMD     C_r = 0x015   at time  131154661 ps
inst0 ch0:  C_CMD: RDCMD     C_f = 0x090   at time  131155075 ps
inst0 ch0:  C_CMD: RDCMD     C_r = 0x015   at time  131157973 ps
inst0 ch0:  C_CMD: RDCMD     C_f = 0x092   at time  131158387 ps
inst0 ch0:  C_CMD: RDCMD     C_r = 0x015   at time  131161285 ps
inst0 ch0:  C_CMD: RDCMD     C_f = 0x088   at time  131161699 ps
inst0 ch0:  C_CMD: RDCMD     C_r = 0x015   at time  131164597 ps
inst0 ch0:  C_CMD: RDCMD     C_f = 0x08a   at time  131165011 ps
inst0 ch0:  C_CMD: RDCMD     C_r = 0x015   at time  131167909 ps
inst0 ch0:  C_CMD: RDCMD     C_f = 0x080   at time  131168323 ps
inst0 ch0:  C_CMD: RDCMD     C_r = 0x01d   at time  131171221 ps
inst0 ch0:  C_CMD: RDCMD     C_f = 0x082   at time  131171635 ps
inst0 ch0:  R_CMD: ACTCMD    R_r0= 0x02    at time  133964893 ps
inst0 ch0:  R_CMD: ACTCMD    R_f0= 0x1b    at time  133965307 ps
inst0 ch0:  R_CMD: ACTCMD    R_r1= 0x3f    at time  133965721 ps
inst0 ch0:  R_CMD: ACTCMD    R_f1= 0x3b    at time  133966135 ps
inst0 ch0:  R_CMD: ACTCMD    R_r0= 0x02    at time  133966549 ps
inst0 ch0:  R_CMD: ACTCMD    R_f0= 0x13    at time  133966963 ps
inst0 ch0:  R_CMD: ACTCMD    R_r1= 0x3f    at time  133967377 ps
inst0 ch0:  R_CMD: ACTCMD    R_f1= 0x3b    at time  133967791 ps
inst0 ch0:  C_CMD: RDCMD     C_r = 0x005   at time  133979797 ps
inst0 ch0:  C_CMD: RDCMD     C_f = 0x080   at time  133980211 ps
inst0 ch0:  C_CMD: RDCMD     C_r = 0x005   at time  133981453 ps
inst0 ch0:  C_CMD: RDCMD     C_f = 0x000   at time  133981867 ps
inst0 ch0:  C_CMD: RDCMD     C_r = 0x00d   at time  133983109 ps
inst0 ch0:  C_CMD: RDCMD     C_f = 0x082   at time  133983523 ps
inst0 ch0:  C_CMD: RDCMD     C_r = 0x00d   at time  133984765 ps
inst0 ch0:  C_CMD: RDCMD     C_f = 0x002   at time  133985179 ps
inst0 ch0:  R_CMD: ACTCMD    R_r0= 0x02    at time  134035273 ps
inst0 ch0:  R_CMD: ACTCMD    R_f0= 0x1b    at time  134035687 ps
inst0 ch0:  R_CMD: ACTCMD    R_r1= 0x3f    at time  134036101 ps
inst0 ch0:  R_CMD: ACTCMD    R_f1= 0x3b    at time  134036515 ps
inst0 ch0:  R_CMD: ACTCMD    R_r0= 0x02    at time  134037757 ps
inst0 ch0:  R_CMD: ACTCMD    R_f0= 0x13    at time  134038171 ps
inst0 ch0:  R_CMD: ACTCMD    R_r1= 0x3f    at time  134038585 ps
inst0 ch0:  R_CMD: ACTCMD    R_f1= 0x3b    at time  134038999 ps
inst0 ch0:  C_CMD: WRCMD     C_r = 0x001   at time  134046037 ps
inst0 ch0:  C_CMD: WRCMD     C_f = 0x080   at time  134046451 ps
inst0 ch0:  C_CMD: WRCMD     C_r = 0x001   at time  134048521 ps
inst0 ch0:  C_CMD: WRCMD     C_f = 0x000   at time  134048935 ps
inst0 ch0:  C_CMD: WRCMD     C_r = 0x009   at time  134049349 ps
inst0 ch0:  C_CMD: WRCMD     C_f = 0x082   at time  134049763 ps
inst0 ch0:  C_CMD: WRCMD     C_r = 0x009   at time  134051833 ps
inst0 ch0:  C_CMD: WRCMD     C_f = 0x002   at time  134052247 ps
inst0 ch0:  R_CMD: ACTCMD    R_r0= 0x0a    at time  138290365 ps
inst0 ch0:  R_CMD: ACTCMD    R_f0= 0x1b    at time  138290779 ps
inst0 ch0:  R_CMD: ACTCMD    R_r1= 0x3f    at time  138291193 ps
inst0 ch0:  R_CMD: ACTCMD    R_f1= 0x3b    at time  138291607 ps
inst0 ch0:  R_CMD: ACTCMD    R_r0= 0x0a    at time  138292021 ps
inst0 ch0:  R_CMD: ACTCMD    R_f0= 0x13    at time  138292435 ps
inst0 ch0:  R_CMD: ACTCMD    R_r1= 0x3f    at time  138292849 ps
inst0 ch0:  R_CMD: ACTCMD    R_f1= 0x3b    at time  138293263 ps
inst0 ch0:  C_CMD: RDCMD     C_r = 0x015   at time  138305269 ps
inst0 ch0:  C_CMD: RDCMD     C_f = 0x090   at time  138305683 ps
inst0 ch0:  C_CMD: RDCMD     C_r = 0x015   at time  138306925 ps
inst0 ch0:  C_CMD: RDCMD     C_f = 0x010   at time  138307339 ps
inst0 ch0:  C_CMD: RDCMD     C_r = 0x01d   at time  138308581 ps
inst0 ch0:  C_CMD: RDCMD     C_f = 0x092   at time  138308995 ps
inst0 ch0:  C_CMD: RDCMD     C_r = 0x01d   at time  138310237 ps
inst0 ch0:  C_CMD: RDCMD     C_f = 0x012   at time  138310651 ps
inst0 ch0:  R_CMD: ACTCMD    R_r0= 0x0a    at time  138556981 ps
inst0 ch0:  R_CMD: ACTCMD    R_f0= 0x1b    at time  138557395 ps
inst0 ch0:  R_CMD: ACTCMD    R_r1= 0x3f    at time  138557809 ps
inst0 ch0:  R_CMD: ACTCMD    R_f1= 0x3b    at time  138558223 ps
inst0 ch0:  R_CMD: ACTCMD    R_r0= 0x0a    at time  138559465 ps
inst0 ch0:  R_CMD: ACTCMD    R_f0= 0x13    at time  138559879 ps
inst0 ch0:  R_CMD: ACTCMD    R_r1= 0x3f    at time  138560293 ps
inst0 ch0:  R_CMD: ACTCMD    R_f1= 0x3b    at time  138560707 ps
inst0 ch0:  C_CMD: WRCMD     C_r = 0x011   at time  138567745 ps
inst0 ch0:  C_CMD: WRCMD     C_f = 0x090   at time  138568159 ps
inst0 ch0:  C_CMD: WRCMD     C_r = 0x011   at time  138570229 ps
inst0 ch0:  C_CMD: WRCMD     C_f = 0x010   at time  138570643 ps
inst0 ch0:  C_CMD: WRCMD     C_r = 0x019   at time  138571057 ps
inst0 ch0:  C_CMD: WRCMD     C_f = 0x092   at time  138571471 ps
inst0 ch0:  C_CMD: WRCMD     C_r = 0x019   at time  138573541 ps
inst0 ch0:  C_CMD: WRCMD     C_f = 0x012   at time  138573955 ps
inst0 ch0:  R_CMD: ACTCMD    R_r0= 0x0a    at time  142362469 ps
inst0 ch0:  R_CMD: ACTCMD    R_f0= 0x08    at time  142362883 ps
inst0 ch0:  R_CMD: ACTCMD    R_r1= 0x00    at time  142363297 ps
inst0 ch0:  R_CMD: ACTCMD    R_f1= 0x00    at time  142363711 ps
inst0 ch0:  R_CMD: ACTCMD    R_r0= 0x0a    at time  142364125 ps
inst0 ch0:  R_CMD: ACTCMD    R_f0= 0x00    at time  142364539 ps
inst0 ch0:  R_CMD: ACTCMD    R_r1= 0x00    at time  142364953 ps
inst0 ch0:  R_CMD: ACTCMD    R_f1= 0x00    at time  142365367 ps
inst0 ch0:  C_CMD: RDCMD     C_r = 0x015   at time  142377373 ps
inst0 ch0:  C_CMD: RDCMD     C_f = 0x0a8   at time  142377787 ps
inst0 ch0:  C_CMD: RDCMD     C_r = 0x015   at time  142379029 ps
inst0 ch0:  C_CMD: RDCMD     C_f = 0x028   at time  142379443 ps
inst0 ch0:  C_CMD: RDCMD     C_r = 0x015   at time  142380685 ps
inst0 ch0:  C_CMD: RDCMD     C_f = 0x0aa   at time  142381099 ps
inst0 ch0:  C_CMD: RDCMD     C_r = 0x015   at time  142382341 ps
inst0 ch0:  C_CMD: RDCMD     C_f = 0x02a   at time  142382755 ps
inst0 ch0:  C_CMD: RDCMD     C_r = 0x015   at time  142383997 ps
inst0 ch0:  C_CMD: RDCMD     C_f = 0x0a0   at time  142384411 ps
inst0 ch0:  C_CMD: RDCMD     C_r = 0x015   at time  142385653 ps
inst0 ch0:  C_CMD: RDCMD     C_f = 0x020   at time  142386067 ps
inst0 ch0:  C_CMD: RDCMD     C_r = 0x01d   at time  142387309 ps
inst0 ch0:  C_CMD: RDCMD     C_f = 0x0a2   at time  142387723 ps
inst0 ch0:  C_CMD: RDCMD     C_r = 0x01d   at time  142388965 ps
inst0 ch0:  C_CMD: RDCMD     C_f = 0x022   at time  142389379 ps
inst0 ch0:  R_CMD: ACTCMD    R_r0= 0x0a    at time  142432849 ps
inst0 ch0:  R_CMD: ACTCMD    R_f0= 0x08    at time  142433263 ps
inst0 ch0:  R_CMD: ACTCMD    R_r1= 0x00    at time  142433677 ps
inst0 ch0:  R_CMD: ACTCMD    R_f1= 0x00    at time  142434091 ps
inst0 ch0:  R_CMD: ACTCMD    R_r0= 0x0a    at time  142434505 ps
inst0 ch0:  R_CMD: ACTCMD    R_f0= 0x00    at time  142434919 ps
inst0 ch0:  R_CMD: ACTCMD    R_r1= 0x00    at time  142435333 ps
inst0 ch0:  R_CMD: ACTCMD    R_f1= 0x00    at time  142435747 ps
inst0 ch0:  C_CMD: WRCMD     C_r = 0x011   at time  142443613 ps
inst0 ch0:  C_CMD: WRCMD     C_f = 0x0a8   at time  142444027 ps
inst0 ch0:  C_CMD: WRCMD     C_r = 0x011   at time  142445269 ps
inst0 ch0:  C_CMD: WRCMD     C_f = 0x028   at time  142445683 ps
inst0 ch0:  C_CMD: WRCMD     C_r = 0x011   at time  142446925 ps
inst0 ch0:  C_CMD: WRCMD     C_f = 0x0aa   at time  142447339 ps
inst0 ch0:  C_CMD: WRCMD     C_r = 0x011   at time  142448581 ps
inst0 ch0:  C_CMD: WRCMD     C_f = 0x02a   at time  142448995 ps
inst0 ch0:  C_CMD: WRCMD     C_r = 0x011   at time  142450237 ps
inst0 ch0:  C_CMD: WRCMD     C_f = 0x0a0   at time  142450651 ps
inst0 ch0:  C_CMD: WRCMD     C_r = 0x011   at time  142451893 ps
inst0 ch0:  C_CMD: WRCMD     C_f = 0x020   at time  142452307 ps
inst0 ch0:  C_CMD: WRCMD     C_r = 0x019   at time  142453549 ps
inst0 ch0:  C_CMD: WRCMD     C_f = 0x0a2   at time  142453963 ps
inst0 ch0:  C_CMD: WRCMD     C_r = 0x019   at time  142455205 ps
inst0 ch0:  C_CMD: WRCMD     C_f = 0x022   at time  142455619 ps
inst0 ch0:  R_CMD: ACTCMD    R_r0= 0x02    at time  146178721 ps
inst0 ch0:  R_CMD: ACTCMD    R_f0= 0x18    at time  146179135 ps
inst0 ch0:  R_CMD: ACTCMD    R_r1= 0x3f    at time  146179549 ps
inst0 ch0:  R_CMD: ACTCMD    R_f1= 0x3b    at time  146179963 ps
inst0 ch0:  R_CMD: ACTCMD    R_r0= 0x02    at time  146180377 ps
inst0 ch0:  R_CMD: ACTCMD    R_f0= 0x10    at time  146180791 ps
inst0 ch0:  R_CMD: ACTCMD    R_r1= 0x3f    at time  146181205 ps
inst0 ch0:  R_CMD: ACTCMD    R_f1= 0x3b    at time  146181619 ps
inst0 ch0:  C_CMD: RDCMD     C_r = 0x005   at time  146193625 ps
inst0 ch0:  C_CMD: RDCMD     C_f = 0x0f8   at time  146194039 ps
inst0 ch0:  C_CMD: RDCMD     C_r = 0x005   at time  146195281 ps
inst0 ch0:  C_CMD: RDCMD     C_f = 0x078   at time  146195695 ps
inst0 ch0:  C_CMD: RDCMD     C_r = 0x00d   at time  146196937 ps
inst0 ch0:  C_CMD: RDCMD     C_f = 0x0fa   at time  146197351 ps
inst0 ch0:  C_CMD: RDCMD     C_r = 0x00d   at time  146198593 ps
inst0 ch0:  C_CMD: RDCMD     C_f = 0x07a   at time  146199007 ps
inst0 ch0:  R_CMD: ACTCMD    R_r0= 0x02    at time  146225917 ps
inst0 ch0:  R_CMD: ACTCMD    R_f0= 0x19    at time  146226331 ps
inst0 ch0:  R_CMD: ACTCMD    R_r1= 0x3f    at time  146226745 ps
inst0 ch0:  R_CMD: ACTCMD    R_f1= 0x3b    at time  146227159 ps
inst0 ch0:  R_CMD: ACTCMD    R_r0= 0x02    at time  146227573 ps
inst0 ch0:  R_CMD: ACTCMD    R_f0= 0x11    at time  146227987 ps
inst0 ch0:  R_CMD: ACTCMD    R_r1= 0x3f    at time  146228401 ps
inst0 ch0:  R_CMD: ACTCMD    R_f1= 0x3b    at time  146228815 ps
inst0 ch0:  C_CMD: RDCMD     C_r = 0x005   at time  146240821 ps
inst0 ch0:  C_CMD: RDCMD     C_f = 0x0f8   at time  146241235 ps
inst0 ch0:  C_CMD: RDCMD     C_r = 0x005   at time  146242477 ps
inst0 ch0:  C_CMD: RDCMD     C_f = 0x078   at time  146242891 ps
inst0 ch0:  C_CMD: RDCMD     C_r = 0x00d   at time  146244133 ps
inst0 ch0:  C_CMD: RDCMD     C_f = 0x0fa   at time  146244547 ps
inst0 ch0:  C_CMD: RDCMD     C_r = 0x00d   at time  146245789 ps
inst0 ch0:  C_CMD: RDCMD     C_f = 0x07a   at time  146246203 ps
inst0 ch0:  R_CMD: ACTCMD    R_r0= 0x02    at time  146273113 ps
inst0 ch0:  R_CMD: ACTCMD    R_f0= 0x18    at time  146273527 ps
inst0 ch0:  R_CMD: ACTCMD    R_r1= 0x3f    at time  146273941 ps
inst0 ch0:  R_CMD: ACTCMD    R_f1= 0x3b    at time  146274355 ps
inst0 ch0:  R_CMD: ACTCMD    R_r0= 0x02    at time  146274769 ps
inst0 ch0:  R_CMD: ACTCMD    R_f0= 0x10    at time  146275183 ps
inst0 ch0:  R_CMD: ACTCMD    R_r1= 0x3f    at time  146275597 ps
inst0 ch0:  R_CMD: ACTCMD    R_f1= 0x3b    at time  146276011 ps
inst0 ch0:  C_CMD: WRCMD     C_r = 0x001   at time  146283877 ps
inst0 ch0:  C_CMD: WRCMD     C_f = 0x0f8   at time  146284291 ps
inst0 ch0:  C_CMD: WRCMD     C_r = 0x001   at time  146285533 ps
inst0 ch0:  C_CMD: WRCMD     C_f = 0x078   at time  146285947 ps
inst0 ch0:  C_CMD: WRCMD     C_r = 0x009   at time  146287189 ps
inst0 ch0:  C_CMD: WRCMD     C_f = 0x0fa   at time  146287603 ps
inst0 ch0:  C_CMD: WRCMD     C_r = 0x009   at time  146288845 ps
inst0 ch0:  C_CMD: WRCMD     C_f = 0x07a   at time  146289259 ps
inst0 ch0:  R_CMD: ACTCMD    R_r0= 0x02    at time  146325277 ps
inst0 ch0:  R_CMD: ACTCMD    R_f0= 0x19    at time  146325691 ps
inst0 ch0:  R_CMD: ACTCMD    R_r1= 0x3f    at time  146326105 ps
inst0 ch0:  R_CMD: ACTCMD    R_f1= 0x3b    at time  146326519 ps
inst0 ch0:  R_CMD: ACTCMD    R_r0= 0x02    at time  146326933 ps
inst0 ch0:  R_CMD: ACTCMD    R_f0= 0x11    at time  146327347 ps
inst0 ch0:  R_CMD: ACTCMD    R_r1= 0x3f    at time  146327761 ps
inst0 ch0:  R_CMD: ACTCMD    R_f1= 0x3b    at time  146328175 ps
inst0 ch0:  C_CMD: WRCMD     C_r = 0x001   at time  146336041 ps
inst0 ch0:  C_CMD: WRCMD     C_f = 0x0f8   at time  146336455 ps
inst0 ch0:  C_CMD: WRCMD     C_r = 0x001   at time  146337697 ps
inst0 ch0:  C_CMD: WRCMD     C_f = 0x078   at time  146338111 ps
inst0 ch0:  C_CMD: WRCMD     C_r = 0x009   at time  146339353 ps
inst0 ch0:  C_CMD: WRCMD     C_f = 0x0fa   at time  146339767 ps
inst0 ch0:  C_CMD: WRCMD     C_r = 0x009   at time  146341009 ps
inst0 ch0:  C_CMD: WRCMD     C_f = 0x07a   at time  146341423 ps
inst0 ch0:  R_CMD: ACTCMD    R_r0= 0x0a    at time  146433745 ps
inst0 ch0:  R_CMD: ACTCMD    R_f0= 0x18    at time  146434159 ps
inst0 ch0:  R_CMD: ACTCMD    R_r1= 0x3f    at time  146434573 ps
inst0 ch0:  R_CMD: ACTCMD    R_f1= 0x3b    at time  146434987 ps
inst0 ch0:  R_CMD: ACTCMD    R_r0= 0x0a    at time  146435401 ps
inst0 ch0:  R_CMD: ACTCMD    R_f0= 0x10    at time  146435815 ps
inst0 ch0:  R_CMD: ACTCMD    R_r1= 0x3f    at time  146436229 ps
inst0 ch0:  R_CMD: ACTCMD    R_f1= 0x3b    at time  146436643 ps
inst0 ch0:  C_CMD: RDCMD     C_r = 0x015   at time  146448649 ps
inst0 ch0:  C_CMD: RDCMD     C_f = 0x0f8   at time  146449063 ps
inst0 ch0:  C_CMD: RDCMD     C_r = 0x015   at time  146450305 ps
inst0 ch0:  C_CMD: RDCMD     C_f = 0x078   at time  146450719 ps
inst0 ch0:  C_CMD: RDCMD     C_r = 0x01d   at time  146451961 ps
inst0 ch0:  C_CMD: RDCMD     C_f = 0x0fa   at time  146452375 ps
inst0 ch0:  C_CMD: RDCMD     C_r = 0x01d   at time  146453617 ps
inst0 ch0:  C_CMD: RDCMD     C_f = 0x07a   at time  146454031 ps
inst0 ch0:  R_CMD: ACTCMD    R_r0= 0x0a    at time  146480941 ps
inst0 ch0:  R_CMD: ACTCMD    R_f0= 0x08    at time  146481355 ps
inst0 ch0:  R_CMD: ACTCMD    R_r1= 0x00    at time  146481769 ps
inst0 ch0:  R_CMD: ACTCMD    R_f1= 0x00    at time  146482183 ps
inst0 ch0:  R_CMD: ACTCMD    R_r0= 0x0a    at time  146482597 ps
inst0 ch0:  R_CMD: ACTCMD    R_f0= 0x00    at time  146483011 ps
inst0 ch0:  R_CMD: ACTCMD    R_r1= 0x00    at time  146483425 ps
inst0 ch0:  R_CMD: ACTCMD    R_f1= 0x00    at time  146483839 ps
inst0 ch0:  C_CMD: RDCMD     C_r = 0x015   at time  146495845 ps
inst0 ch0:  C_CMD: RDCMD     C_f = 0x0b8   at time  146496259 ps
inst0 ch0:  C_CMD: RDCMD     C_r = 0x015   at time  146497501 ps
inst0 ch0:  C_CMD: RDCMD     C_f = 0x038   at time  146497915 ps
inst0 ch0:  C_CMD: RDCMD     C_r = 0x015   at time  146499157 ps
inst0 ch0:  C_CMD: RDCMD     C_f = 0x0ba   at time  146499571 ps
inst0 ch0:  C_CMD: RDCMD     C_r = 0x015   at time  146500813 ps
inst0 ch0:  C_CMD: RDCMD     C_f = 0x03a   at time  146501227 ps
inst0 ch0:  C_CMD: RDCMD     C_r = 0x015   at time  146502469 ps
inst0 ch0:  C_CMD: RDCMD     C_f = 0x0b0   at time  146502883 ps
inst0 ch0:  C_CMD: RDCMD     C_r = 0x015   at time  146504125 ps
inst0 ch0:  C_CMD: RDCMD     C_f = 0x030   at time  146504539 ps
inst0 ch0:  C_CMD: RDCMD     C_r = 0x01d   at time  146505781 ps
inst0 ch0:  C_CMD: RDCMD     C_f = 0x0b2   at time  146506195 ps
inst0 ch0:  C_CMD: RDCMD     C_r = 0x01d   at time  146507437 ps
inst0 ch0:  C_CMD: RDCMD     C_f = 0x032   at time  146507851 ps
inst0 ch0:  R_CMD: ACTCMD    R_r0= 0x0a    at time  146528137 ps
inst0 ch0:  R_CMD: ACTCMD    R_f0= 0x19    at time  146528551 ps
inst0 ch0:  R_CMD: ACTCMD    R_r1= 0x3f    at time  146528965 ps
inst0 ch0:  R_CMD: ACTCMD    R_f1= 0x3b    at time  146529379 ps
inst0 ch0:  R_CMD: ACTCMD    R_r0= 0x0a    at time  146529793 ps
inst0 ch0:  R_CMD: ACTCMD    R_f0= 0x11    at time  146530207 ps
inst0 ch0:  R_CMD: ACTCMD    R_r1= 0x3f    at time  146530621 ps
inst0 ch0:  R_CMD: ACTCMD    R_f1= 0x3b    at time  146531035 ps
inst0 ch0:  C_CMD: RDCMD     C_r = 0x015   at time  146543041 ps
inst0 ch0:  C_CMD: RDCMD     C_f = 0x0f8   at time  146543455 ps
inst0 ch0:  C_CMD: RDCMD     C_r = 0x015   at time  146544697 ps
inst0 ch0:  C_CMD: RDCMD     C_f = 0x078   at time  146545111 ps
inst0 ch0:  C_CMD: RDCMD     C_r = 0x01d   at time  146546353 ps
inst0 ch0:  C_CMD: RDCMD     C_f = 0x0fa   at time  146546767 ps
inst0 ch0:  C_CMD: RDCMD     C_r = 0x01d   at time  146548009 ps
inst0 ch0:  C_CMD: RDCMD     C_f = 0x07a   at time  146548423 ps
inst0 ch0:  R_CMD: ACTCMD    R_r0= 0x0a    at time  146575333 ps
inst0 ch0:  R_CMD: ACTCMD    R_f0= 0x18    at time  146575747 ps
inst0 ch0:  R_CMD: ACTCMD    R_r1= 0x3f    at time  146576161 ps
inst0 ch0:  R_CMD: ACTCMD    R_f1= 0x3b    at time  146576575 ps
inst0 ch0:  R_CMD: ACTCMD    R_r0= 0x0a    at time  146576989 ps
inst0 ch0:  R_CMD: ACTCMD    R_f0= 0x10    at time  146577403 ps
inst0 ch0:  R_CMD: ACTCMD    R_r1= 0x3f    at time  146577817 ps
inst0 ch0:  R_CMD: ACTCMD    R_f1= 0x3b    at time  146578231 ps
inst0 ch0:  C_CMD: WRCMD     C_r = 0x011   at time  146586097 ps
inst0 ch0:  C_CMD: WRCMD     C_f = 0x0f8   at time  146586511 ps
inst0 ch0:  C_CMD: WRCMD     C_r = 0x011   at time  146587753 ps
inst0 ch0:  C_CMD: WRCMD     C_f = 0x078   at time  146588167 ps
inst0 ch0:  C_CMD: WRCMD     C_r = 0x019   at time  146589409 ps
inst0 ch0:  C_CMD: WRCMD     C_f = 0x0fa   at time  146589823 ps
inst0 ch0:  C_CMD: WRCMD     C_r = 0x019   at time  146591065 ps
inst0 ch0:  C_CMD: WRCMD     C_f = 0x07a   at time  146591479 ps
inst0 ch0:  R_CMD: ACTCMD    R_r0= 0x0a    at time  146627497 ps
inst0 ch0:  R_CMD: ACTCMD    R_f0= 0x08    at time  146627911 ps
inst0 ch0:  R_CMD: ACTCMD    R_r1= 0x00    at time  146628325 ps
inst0 ch0:  R_CMD: ACTCMD    R_f1= 0x00    at time  146628739 ps
inst0 ch0:  R_CMD: ACTCMD    R_r0= 0x0a    at time  146629153 ps
inst0 ch0:  R_CMD: ACTCMD    R_f0= 0x00    at time  146629567 ps
inst0 ch0:  R_CMD: ACTCMD    R_r1= 0x00    at time  146629981 ps
inst0 ch0:  R_CMD: ACTCMD    R_f1= 0x00    at time  146630395 ps
inst0 ch0:  C_CMD: WRCMD     C_r = 0x011   at time  146638261 ps
inst0 ch0:  C_CMD: WRCMD     C_f = 0x0b8   at time  146638675 ps
inst0 ch0:  C_CMD: WRCMD     C_r = 0x011   at time  146639917 ps
inst0 ch0:  C_CMD: WRCMD     C_f = 0x038   at time  146640331 ps
inst0 ch0:  C_CMD: WRCMD     C_r = 0x011   at time  146641573 ps
inst0 ch0:  C_CMD: WRCMD     C_f = 0x0ba   at time  146641987 ps
inst0 ch0:  C_CMD: WRCMD     C_r = 0x011   at time  146643229 ps
inst0 ch0:  C_CMD: WRCMD     C_f = 0x03a   at time  146643643 ps
inst0 ch0:  C_CMD: WRCMD     C_r = 0x011   at time  146644885 ps
inst0 ch0:  C_CMD: WRCMD     C_f = 0x0b0   at time  146645299 ps
inst0 ch0:  C_CMD: WRCMD     C_r = 0x011   at time  146646541 ps
inst0 ch0:  C_CMD: WRCMD     C_f = 0x030   at time  146646955 ps
inst0 ch0:  C_CMD: WRCMD     C_r = 0x019   at time  146648197 ps
inst0 ch0:  C_CMD: WRCMD     C_f = 0x0b2   at time  146648611 ps
inst0 ch0:  C_CMD: WRCMD     C_r = 0x019   at time  146649853 ps
inst0 ch0:  C_CMD: WRCMD     C_f = 0x032   at time  146650267 ps
inst0 ch0:  R_CMD: ACTCMD    R_r0= 0x0a    at time  146686285 ps
inst0 ch0:  R_CMD: ACTCMD    R_f0= 0x19    at time  146686699 ps
inst0 ch0:  R_CMD: ACTCMD    R_r1= 0x3f    at time  146687113 ps
inst0 ch0:  R_CMD: ACTCMD    R_f1= 0x3b    at time  146687527 ps
inst0 ch0:  R_CMD: ACTCMD    R_r0= 0x0a    at time  146687941 ps
inst0 ch0:  R_CMD: ACTCMD    R_f0= 0x11    at time  146688355 ps
inst0 ch0:  R_CMD: ACTCMD    R_r1= 0x3f    at time  146688769 ps
inst0 ch0:  R_CMD: ACTCMD    R_f1= 0x3b    at time  146689183 ps
inst0 ch0:  C_CMD: WRCMD     C_r = 0x011   at time  146697049 ps
inst0 ch0:  C_CMD: WRCMD     C_f = 0x0f8   at time  146697463 ps
inst0 ch0:  C_CMD: WRCMD     C_r = 0x011   at time  146698705 ps
inst0 ch0:  C_CMD: WRCMD     C_f = 0x078   at time  146699119 ps
inst0 ch0:  C_CMD: WRCMD     C_r = 0x019   at time  146700361 ps
inst0 ch0:  C_CMD: WRCMD     C_f = 0x0fa   at time  146700775 ps
inst0 ch0:  C_CMD: WRCMD     C_r = 0x019   at time  146702017 ps
inst0 ch0:  C_CMD: WRCMD     C_f = 0x07a   at time  146702431 ps
inst0 ch0:  R_CMD: ACTCMD    R_r0= 0x02    at time  147197161 ps
inst0 ch0:  R_CMD: ACTCMD    R_f0= 0x38    at time  147197575 ps
inst0 ch0:  R_CMD: ACTCMD    R_r1= 0x3f    at time  147197989 ps
inst0 ch0:  R_CMD: ACTCMD    R_f1= 0x3b    at time  147198403 ps
inst0 ch0:  R_CMD: ACTCMD    R_r0= 0x02    at time  147198817 ps
inst0 ch0:  R_CMD: ACTCMD    R_f0= 0x30    at time  147199231 ps
inst0 ch0:  R_CMD: ACTCMD    R_r1= 0x3f    at time  147199645 ps
inst0 ch0:  R_CMD: ACTCMD    R_f1= 0x3b    at time  147200059 ps
inst0 ch0:  C_CMD: RDCMD     C_r = 0x085   at time  147212065 ps
inst0 ch0:  C_CMD: RDCMD     C_f = 0x0f8   at time  147212479 ps
inst0 ch0:  C_CMD: RDCMD     C_r = 0x085   at time  147213721 ps
inst0 ch0:  C_CMD: RDCMD     C_f = 0x078   at time  147214135 ps
inst0 ch0:  C_CMD: RDCMD     C_r = 0x08d   at time  147215377 ps
inst0 ch0:  C_CMD: RDCMD     C_f = 0x0fa   at time  147215791 ps
inst0 ch0:  C_CMD: RDCMD     C_r = 0x08d   at time  147217033 ps
inst0 ch0:  C_CMD: RDCMD     C_f = 0x07a   at time  147217447 ps
inst0 ch0:  R_CMD: ACTCMD    R_r0= 0x02    at time  147269197 ps
inst0 ch0:  R_CMD: ACTCMD    R_f0= 0x30    at time  147269611 ps
inst0 ch0:  R_CMD: ACTCMD    R_r1= 0x3f    at time  147270025 ps
inst0 ch0:  R_CMD: ACTCMD    R_f1= 0x3b    at time  147270439 ps
inst0 ch0:  R_CMD: ACTCMD    R_r0= 0x02    at time  147270853 ps
inst0 ch0:  R_CMD: ACTCMD    R_f0= 0x38    at time  147271267 ps
inst0 ch0:  R_CMD: ACTCMD    R_r1= 0x3f    at time  147271681 ps
inst0 ch0:  R_CMD: ACTCMD    R_f1= 0x3b    at time  147272095 ps
inst0 ch0:  C_CMD: WRCMD     C_r = 0x081   at time  147279961 ps
inst0 ch0:  C_CMD: WRCMD     C_f = 0x078   at time  147280375 ps
inst0 ch0:  C_CMD: WRCMD     C_r = 0x081   at time  147281617 ps
inst0 ch0:  C_CMD: WRCMD     C_f = 0x0f8   at time  147282031 ps
inst0 ch0:  C_CMD: WRCMD     C_r = 0x089   at time  147283273 ps
inst0 ch0:  C_CMD: WRCMD     C_f = 0x07a   at time  147283687 ps
inst0 ch0:  C_CMD: WRCMD     C_r = 0x089   at time  147284929 ps
inst0 ch0:  C_CMD: WRCMD     C_f = 0x0fa   at time  147285343 ps
inst0 ch0:  R_CMD: ACTCMD    R_r0= 0x0a    at time  147450529 ps
inst0 ch0:  R_CMD: ACTCMD    R_f0= 0x30    at time  147450943 ps
inst0 ch0:  R_CMD: ACTCMD    R_r1= 0x3f    at time  147451357 ps
inst0 ch0:  R_CMD: ACTCMD    R_f1= 0x3b    at time  147451771 ps
inst0 ch0:  R_CMD: ACTCMD    R_r0= 0x0a    at time  147453013 ps
inst0 ch0:  R_CMD: ACTCMD    R_f0= 0x38    at time  147453427 ps
inst0 ch0:  R_CMD: ACTCMD    R_r1= 0x3f    at time  147453841 ps
inst0 ch0:  R_CMD: ACTCMD    R_f1= 0x3b    at time  147454255 ps
inst0 ch0:  C_CMD: RDCMD     C_r = 0x095   at time  147465433 ps
inst0 ch0:  C_CMD: RDCMD     C_f = 0x078   at time  147465847 ps
inst0 ch0:  C_CMD: RDCMD     C_r = 0x095   at time  147467917 ps
inst0 ch0:  C_CMD: RDCMD     C_f = 0x0f8   at time  147468331 ps
inst0 ch0:  C_CMD: RDCMD     C_r = 0x09d   at time  147468745 ps
inst0 ch0:  C_CMD: RDCMD     C_f = 0x07a   at time  147469159 ps
inst0 ch0:  C_CMD: RDCMD     C_r = 0x09d   at time  147471229 ps
inst0 ch0:  C_CMD: RDCMD     C_f = 0x0fa   at time  147471643 ps
inst0 ch0:  R_CMD: ACTCMD    R_r0= 0x0a    at time  147520909 ps
inst0 ch0:  R_CMD: ACTCMD    R_f0= 0x30    at time  147521323 ps
inst0 ch0:  R_CMD: ACTCMD    R_r1= 0x3f    at time  147521737 ps
inst0 ch0:  R_CMD: ACTCMD    R_f1= 0x3b    at time  147522151 ps
inst0 ch0:  R_CMD: ACTCMD    R_r0= 0x0a    at time  147523393 ps
inst0 ch0:  R_CMD: ACTCMD    R_f0= 0x38    at time  147523807 ps
inst0 ch0:  R_CMD: ACTCMD    R_r1= 0x3f    at time  147524221 ps
inst0 ch0:  R_CMD: ACTCMD    R_f1= 0x3b    at time  147524635 ps
inst0 ch0:  C_CMD: WRCMD     C_r = 0x091   at time  147531673 ps
inst0 ch0:  C_CMD: WRCMD     C_f = 0x078   at time  147532087 ps
inst0 ch0:  C_CMD: WRCMD     C_r = 0x091   at time  147534157 ps
inst0 ch0:  C_CMD: WRCMD     C_f = 0x0f8   at time  147534571 ps
inst0 ch0:  C_CMD: WRCMD     C_r = 0x099   at time  147534985 ps
inst0 ch0:  C_CMD: WRCMD     C_f = 0x07a   at time  147535399 ps
inst0 ch0:  C_CMD: WRCMD     C_r = 0x099   at time  147537469 ps
inst0 ch0:  C_CMD: WRCMD     C_f = 0x0fa   at time  147537883 ps
