inst0 ch0:  R_CMD: ACTCMD    R_r0= 0x0e    at time   33400981 ps
inst0 ch0:  R_CMD: ACTCMD    R_f0= 0x28    at time   33401395 ps
inst0 ch0:  R_CMD: ACTCMD    R_r1= 0x00    at time   33401809 ps
inst0 ch0:  R_CMD: ACTCMD    R_f1= 0x02    at time   33402223 ps
inst0 ch0:  R_CMD: ACTCMD    R_r0= 0x0e    at time   33402637 ps
inst0 ch0:  R_CMD: ACTCMD    R_f0= 0x20    at time   33403051 ps
inst0 ch0:  R_CMD: ACTCMD    R_r1= 0x00    at time   33403465 ps
inst0 ch0:  R_CMD: ACTCMD    R_f1= 0x02    at time   33403879 ps
inst0 ch0:  C_CMD: RDCMD     C_r = 0x095   at time   33415885 ps
inst0 ch0:  C_CMD: RDCMD     C_f = 0x0a9   at time   33416299 ps
inst0 ch0:  C_CMD: RDCMD     C_r = 0x095   at time   33417541 ps
inst0 ch0:  C_CMD: RDCMD     C_f = 0x029   at time   33417955 ps
inst0 ch0:  C_CMD: RDCMD     C_r = 0x095   at time   33419197 ps
inst0 ch0:  C_CMD: RDCMD     C_f = 0x0ab   at time   33419611 ps
inst0 ch0:  C_CMD: RDCMD     C_r = 0x095   at time   33420853 ps
inst0 ch0:  C_CMD: RDCMD     C_f = 0x02b   at time   33421267 ps
inst0 ch0:  C_CMD: RDCMD     C_r = 0x095   at time   33422509 ps
inst0 ch0:  C_CMD: RDCMD     C_f = 0x0a1   at time   33422923 ps
inst0 ch0:  C_CMD: RDCMD     C_r = 0x095   at time   33424165 ps
inst0 ch0:  C_CMD: RDCMD     C_f = 0x021   at time   33424579 ps
inst0 ch0:  C_CMD: RDCMD     C_r = 0x09d   at time   33425821 ps
inst0 ch0:  C_CMD: RDCMD     C_f = 0x0a3   at time   33426235 ps
inst0 ch0:  C_CMD: RDCMD     C_r = 0x09d   at time   33427477 ps
inst0 ch0:  C_CMD: RDCMD     C_f = 0x023   at time   33427891 ps
inst0 ch0:  R_CMD: ACTCMD    R_r0= 0x0e    at time   33610465 ps
inst0 ch0:  R_CMD: ACTCMD    R_f0= 0x28    at time   33610879 ps
inst0 ch0:  R_CMD: ACTCMD    R_r1= 0x00    at time   33611293 ps
inst0 ch0:  R_CMD: ACTCMD    R_f1= 0x02    at time   33611707 ps
inst0 ch0:  R_CMD: ACTCMD    R_r0= 0x0e    at time   33612121 ps
inst0 ch0:  R_CMD: ACTCMD    R_f0= 0x20    at time   33612535 ps
inst0 ch0:  R_CMD: ACTCMD    R_r1= 0x00    at time   33612949 ps
inst0 ch0:  R_CMD: ACTCMD    R_f1= 0x02    at time   33613363 ps
inst0 ch0:  C_CMD: WRCMD     C_r = 0x091   at time   33621229 ps
inst0 ch0:  C_CMD: WRCMD     C_f = 0x0a9   at time   33621643 ps
inst0 ch0:  C_CMD: WRCMD     C_r = 0x091   at time   33622885 ps
inst0 ch0:  C_CMD: WRCMD     C_f = 0x029   at time   33623299 ps
inst0 ch0:  C_CMD: WRCMD     C_r = 0x091   at time   33624541 ps
inst0 ch0:  C_CMD: WRCMD     C_f = 0x0ab   at time   33624955 ps
inst0 ch0:  C_CMD: WRCMD     C_r = 0x091   at time   33626197 ps
inst0 ch0:  C_CMD: WRCMD     C_f = 0x02b   at time   33626611 ps
inst0 ch0:  C_CMD: WRCMD     C_r = 0x091   at time   33627853 ps
inst0 ch0:  C_CMD: WRCMD     C_f = 0x0a1   at time   33628267 ps
inst0 ch0:  C_CMD: WRCMD     C_r = 0x091   at time   33629509 ps
inst0 ch0:  C_CMD: WRCMD     C_f = 0x021   at time   33629923 ps
inst0 ch0:  C_CMD: WRCMD     C_r = 0x099   at time   33631165 ps
inst0 ch0:  C_CMD: WRCMD     C_f = 0x0a3   at time   33631579 ps
inst0 ch0:  C_CMD: WRCMD     C_r = 0x099   at time   33632821 ps
inst0 ch0:  C_CMD: WRCMD     C_f = 0x023   at time   33633235 ps
inst0 ch0:  R_CMD: ACTCMD    R_r0= 0x26    at time   37558369 ps
inst0 ch0:  R_CMD: ACTCMD    R_f0= 0x28    at time   37558783 ps
inst0 ch0:  R_CMD: ACTCMD    R_r1= 0x00    at time   37559197 ps
inst0 ch0:  R_CMD: ACTCMD    R_f1= 0x02    at time   37559611 ps
inst0 ch0:  R_CMD: ACTCMD    R_r0= 0x26    at time   37560853 ps
inst0 ch0:  R_CMD: ACTCMD    R_f0= 0x20    at time   37561267 ps
inst0 ch0:  R_CMD: ACTCMD    R_r1= 0x00    at time   37561681 ps
inst0 ch0:  R_CMD: ACTCMD    R_f1= 0x02    at time   37562095 ps
inst0 ch0:  C_CMD: RDCMD     C_r = 0x0c5   at time   37573273 ps
inst0 ch0:  C_CMD: RDCMD     C_f = 0x0a9   at time   37573687 ps
inst0 ch0:  C_CMD: RDCMD     C_r = 0x0c5   at time   37575757 ps
inst0 ch0:  C_CMD: RDCMD     C_f = 0x029   at time   37576171 ps
inst0 ch0:  C_CMD: RDCMD     C_r = 0x0c5   at time   37576585 ps
inst0 ch0:  C_CMD: RDCMD     C_f = 0x0ab   at time   37576999 ps
inst0 ch0:  C_CMD: RDCMD     C_r = 0x0c5   at time   37579069 ps
inst0 ch0:  C_CMD: RDCMD     C_f = 0x02b   at time   37579483 ps
inst0 ch0:  C_CMD: RDCMD     C_r = 0x0c5   at time   37579897 ps
inst0 ch0:  C_CMD: RDCMD     C_f = 0x0a1   at time   37580311 ps
inst0 ch0:  C_CMD: RDCMD     C_r = 0x0c5   at time   37582381 ps
inst0 ch0:  C_CMD: RDCMD     C_f = 0x021   at time   37582795 ps
inst0 ch0:  C_CMD: RDCMD     C_r = 0x0cd   at time   37583209 ps
inst0 ch0:  C_CMD: RDCMD     C_f = 0x0a3   at time   37583623 ps
inst0 ch0:  C_CMD: RDCMD     C_r = 0x0cd   at time   37585693 ps
inst0 ch0:  C_CMD: RDCMD     C_f = 0x023   at time   37586107 ps
inst0 ch0:  R_CMD: ACTCMD    R_r0= 0x26    at time   37701613 ps
inst0 ch0:  R_CMD: ACTCMD    R_f0= 0x28    at time   37702027 ps
inst0 ch0:  R_CMD: ACTCMD    R_r1= 0x00    at time   37702441 ps
inst0 ch0:  R_CMD: ACTCMD    R_f1= 0x02    at time   37702855 ps
inst0 ch0:  R_CMD: ACTCMD    R_r0= 0x26    at time   37704097 ps
inst0 ch0:  R_CMD: ACTCMD    R_f0= 0x20    at time   37704511 ps
inst0 ch0:  R_CMD: ACTCMD    R_r1= 0x00    at time   37704925 ps
inst0 ch0:  R_CMD: ACTCMD    R_f1= 0x02    at time   37705339 ps
inst0 ch0:  C_CMD: WRCMD     C_r = 0x0c1   at time   37712377 ps
inst0 ch0:  C_CMD: WRCMD     C_f = 0x0a9   at time   37712791 ps
inst0 ch0:  C_CMD: WRCMD     C_r = 0x0c1   at time   37714861 ps
inst0 ch0:  C_CMD: WRCMD     C_f = 0x029   at time   37715275 ps
inst0 ch0:  C_CMD: WRCMD     C_r = 0x0c1   at time   37715689 ps
inst0 ch0:  C_CMD: WRCMD     C_f = 0x0ab   at time   37716103 ps
inst0 ch0:  C_CMD: WRCMD     C_r = 0x0c1   at time   37718173 ps
inst0 ch0:  C_CMD: WRCMD     C_f = 0x02b   at time   37718587 ps
inst0 ch0:  C_CMD: WRCMD     C_r = 0x0c1   at time   37719001 ps
inst0 ch0:  C_CMD: WRCMD     C_f = 0x0a1   at time   37719415 ps
inst0 ch0:  C_CMD: WRCMD     C_r = 0x0c1   at time   37721485 ps
inst0 ch0:  C_CMD: WRCMD     C_f = 0x021   at time   37721899 ps
inst0 ch0:  C_CMD: WRCMD     C_r = 0x0c9   at time   37722313 ps
inst0 ch0:  C_CMD: WRCMD     C_f = 0x0a3   at time   37722727 ps
inst0 ch0:  C_CMD: WRCMD     C_r = 0x0c9   at time   37724797 ps
inst0 ch0:  C_CMD: WRCMD     C_f = 0x023   at time   37725211 ps
inst0 ch0:  R_CMD: ACTCMD    R_r0= 0x22    at time   54522433 ps
inst0 ch0:  R_CMD: ACTCMD    R_f0= 0x2a    at time   54522847 ps
inst0 ch0:  R_CMD: ACTCMD    R_r1= 0x00    at time   54523261 ps
inst0 ch0:  R_CMD: ACTCMD    R_f1= 0x00    at time   54523675 ps
inst0 ch0:  R_CMD: ACTCMD    R_r0= 0x22    at time   54525745 ps
inst0 ch0:  R_CMD: ACTCMD    R_f0= 0x22    at time   54526159 ps
inst0 ch0:  R_CMD: ACTCMD    R_r1= 0x00    at time   54526573 ps
inst0 ch0:  R_CMD: ACTCMD    R_f1= 0x00    at time   54526987 ps
inst0 ch0:  R_CMD: ACTCMD    R_r0= 0x02    at time   54527401 ps
inst0 ch0:  R_CMD: ACTCMD    R_f0= 0x2a    at time   54527815 ps
inst0 ch0:  R_CMD: ACTCMD    R_r1= 0x00    at time   54528229 ps
inst0 ch0:  R_CMD: ACTCMD    R_f1= 0x00    at time   54528643 ps
inst0 ch0:  R_CMD: ACTCMD    R_r0= 0x02    at time   54529885 ps
inst0 ch0:  R_CMD: ACTCMD    R_f0= 0x22    at time   54530299 ps
inst0 ch0:  R_CMD: ACTCMD    R_r1= 0x00    at time   54530713 ps
inst0 ch0:  R_CMD: ACTCMD    R_f1= 0x00    at time   54531127 ps
inst0 ch0:  R_CMD: ACTCMD    R_r0= 0x22    at time   54531541 ps
inst0 ch0:  R_CMD: ACTCMD    R_f0= 0x0a    at time   54531955 ps
inst0 ch0:  R_CMD: ACTCMD    R_r1= 0x00    at time   54532369 ps
inst0 ch0:  R_CMD: ACTCMD    R_f1= 0x00    at time   54532783 ps
inst0 ch0:  R_CMD: ACTCMD    R_r0= 0x22    at time   54534025 ps
inst0 ch0:  R_CMD: ACTCMD    R_f0= 0x02    at time   54534439 ps
inst0 ch0:  R_CMD: ACTCMD    R_r1= 0x00    at time   54534853 ps
inst0 ch0:  R_CMD: ACTCMD    R_f1= 0x00    at time   54535267 ps
inst0 ch0:  R_CMD: ACTCMD    R_r0= 0x02    at time   54535681 ps
inst0 ch0:  R_CMD: ACTCMD    R_f0= 0x0a    at time   54536095 ps
inst0 ch0:  R_CMD: ACTCMD    R_r1= 0x00    at time   54536509 ps
inst0 ch0:  R_CMD: ACTCMD    R_f1= 0x00    at time   54536923 ps
inst0 ch0:  C_CMD: RDCMD     C_r = 0x0c5   at time   54537337 ps
inst0 ch0:  C_CMD: RDCMD     C_f = 0x080   at time   54537751 ps
inst0 ch0:  R_CMD: ACTCMD    R_r0= 0x02    at time   54538165 ps
inst0 ch0:  R_CMD: ACTCMD    R_f0= 0x02    at time   54538579 ps
inst0 ch0:  R_CMD: ACTCMD    R_r1= 0x00    at time   54538993 ps
inst0 ch0:  R_CMD: ACTCMD    R_f1= 0x00    at time   54539407 ps
inst0 ch0:  C_CMD: RDCMD     C_r = 0x0cd   at time   54540649 ps
inst0 ch0:  C_CMD: RDCMD     C_f = 0x082   at time   54541063 ps
inst0 ch0:  C_CMD: RDCMD     C_r = 0x0c5   at time   54541477 ps
inst0 ch0:  C_CMD: RDCMD     C_f = 0x000   at time   54541891 ps
inst0 ch0:  C_CMD: RDCMD     C_r = 0x085   at time   54542305 ps
inst0 ch0:  C_CMD: RDCMD     C_f = 0x080   at time   54542719 ps
inst0 ch0:  C_CMD: RDCMD     C_r = 0x0cd   at time   54544789 ps
inst0 ch0:  C_CMD: RDCMD     C_f = 0x002   at time   54545203 ps
inst0 ch0:  C_CMD: RDCMD     C_r = 0x08d   at time   54545617 ps
inst0 ch0:  C_CMD: RDCMD     C_f = 0x082   at time   54546031 ps
inst0 ch0:  C_CMD: RDCMD     C_r = 0x085   at time   54546445 ps
inst0 ch0:  C_CMD: RDCMD     C_f = 0x000   at time   54546859 ps
inst0 ch0:  C_CMD: RDCMD     C_r = 0x045   at time   54547273 ps
inst0 ch0:  C_CMD: RDCMD     C_f = 0x080   at time   54547687 ps
inst0 ch0:  C_CMD: RDCMD     C_r = 0x045   at time   54548929 ps
inst0 ch0:  C_CMD: RDCMD     C_f = 0x000   at time   54549343 ps
inst0 ch0:  C_CMD: RDCMD     C_r = 0x04d   at time   54550585 ps
inst0 ch0:  C_CMD: RDCMD     C_f = 0x082   at time   54550999 ps
inst0 ch0:  C_CMD: RDCMD     C_r = 0x08d   at time   54551413 ps
inst0 ch0:  C_CMD: RDCMD     C_f = 0x002   at time   54551827 ps
inst0 ch0:  C_CMD: RDCMD     C_r = 0x005   at time   54552241 ps
inst0 ch0:  C_CMD: RDCMD     C_f = 0x080   at time   54552655 ps
inst0 ch0:  C_CMD: RDCMD     C_r = 0x04d   at time   54553069 ps
inst0 ch0:  C_CMD: RDCMD     C_f = 0x002   at time   54553483 ps
inst0 ch0:  C_CMD: RDCMD     C_r = 0x005   at time   54554725 ps
inst0 ch0:  C_CMD: RDCMD     C_f = 0x000   at time   54555139 ps
inst0 ch0:  C_CMD: RDCMD     C_r = 0x00d   at time   54555553 ps
inst0 ch0:  C_CMD: RDCMD     C_f = 0x082   at time   54555967 ps
inst0 ch0:  C_CMD: RDCMD     C_r = 0x00d   at time   54558037 ps
inst0 ch0:  C_CMD: RDCMD     C_f = 0x002   at time   54558451 ps
inst0 ch0:  R_CMD: ACTCMD    R_r0= 0x2a    at time   55406737 ps
inst0 ch0:  R_CMD: ACTCMD    R_f0= 0x22    at time   55407151 ps
inst0 ch0:  R_CMD: ACTCMD    R_r1= 0x00    at time   55407565 ps
inst0 ch0:  R_CMD: ACTCMD    R_f1= 0x00    at time   55407979 ps
inst0 ch0:  R_CMD: ACTCMD    R_r0= 0x0a    at time   55410877 ps
inst0 ch0:  R_CMD: ACTCMD    R_f0= 0x22    at time   55411291 ps
inst0 ch0:  R_CMD: ACTCMD    R_r1= 0x00    at time   55411705 ps
inst0 ch0:  R_CMD: ACTCMD    R_f1= 0x00    at time   55412119 ps
inst0 ch0:  R_CMD: ACTCMD    R_r0= 0x2a    at time   55415017 ps
inst0 ch0:  R_CMD: ACTCMD    R_f0= 0x02    at time   55415431 ps
inst0 ch0:  R_CMD: ACTCMD    R_r1= 0x00    at time   55415845 ps
inst0 ch0:  R_CMD: ACTCMD    R_f1= 0x00    at time   55416259 ps
inst0 ch0:  R_CMD: ACTCMD    R_r0= 0x0a    at time   55419157 ps
inst0 ch0:  R_CMD: ACTCMD    R_f0= 0x02    at time   55419571 ps
inst0 ch0:  R_CMD: ACTCMD    R_r1= 0x00    at time   55419985 ps
inst0 ch0:  R_CMD: ACTCMD    R_f1= 0x00    at time   55420399 ps
inst0 ch0:  R_CMD: ACTCMD    R_r0= 0x2a    at time   55421641 ps
inst0 ch0:  C_CMD: RDCMD     C_r = 0x0d5   at time   55421641 ps
inst0 ch0:  R_CMD: ACTCMD    R_f0= 0x2a    at time   55422055 ps
inst0 ch0:  C_CMD: RDCMD     C_f = 0x000   at time   55422055 ps
inst0 ch0:  R_CMD: ACTCMD    R_r1= 0x00    at time   55422469 ps
inst0 ch0:  R_CMD: ACTCMD    R_f1= 0x00    at time   55422883 ps
inst0 ch0:  C_CMD: RDCMD     C_r = 0x0dd   at time   55424953 ps
inst0 ch0:  C_CMD: RDCMD     C_f = 0x002   at time   55425367 ps
inst0 ch0:  R_CMD: ACTCMD    R_r0= 0x0a    at time   55425781 ps
inst0 ch0:  R_CMD: ACTCMD    R_f0= 0x2a    at time   55426195 ps
inst0 ch0:  R_CMD: ACTCMD    R_r1= 0x00    at time   55426609 ps
inst0 ch0:  C_CMD: RDCMD     C_r = 0x095   at time   55426609 ps
inst0 ch0:  R_CMD: ACTCMD    R_f1= 0x00    at time   55427023 ps
inst0 ch0:  C_CMD: RDCMD     C_f = 0x000   at time   55427023 ps
inst0 ch0:  R_CMD: ACTCMD    R_r0= 0x2a    at time   55429921 ps
inst0 ch0:  C_CMD: RDCMD     C_r = 0x09d   at time   55429921 ps
inst0 ch0:  R_CMD: ACTCMD    R_f0= 0x0a    at time   55430335 ps
inst0 ch0:  C_CMD: RDCMD     C_f = 0x002   at time   55430335 ps
inst0 ch0:  R_CMD: ACTCMD    R_r1= 0x00    at time   55430749 ps
inst0 ch0:  R_CMD: ACTCMD    R_f1= 0x00    at time   55431163 ps
inst0 ch0:  C_CMD: RDCMD     C_r = 0x055   at time   55431577 ps
inst0 ch0:  C_CMD: RDCMD     C_f = 0x000   at time   55431991 ps
inst0 ch0:  R_CMD: ACTCMD    R_r0= 0x0a    at time   55434061 ps
inst0 ch0:  C_CMD: RDCMD     C_r = 0x015   at time   55434061 ps
inst0 ch0:  R_CMD: ACTCMD    R_f0= 0x0a    at time   55434475 ps
inst0 ch0:  C_CMD: RDCMD     C_f = 0x000   at time   55434475 ps
inst0 ch0:  R_CMD: ACTCMD    R_r1= 0x00    at time   55434889 ps
inst0 ch0:  R_CMD: ACTCMD    R_f1= 0x00    at time   55435303 ps
inst0 ch0:  C_CMD: RDCMD     C_r = 0x05d   at time   55435717 ps
inst0 ch0:  C_CMD: RDCMD     C_f = 0x002   at time   55436131 ps
inst0 ch0:  C_CMD: RDCMD     C_r = 0x0d5   at time   55436545 ps
inst0 ch0:  C_CMD: RDCMD     C_f = 0x080   at time   55436959 ps
inst0 ch0:  C_CMD: RDCMD     C_r = 0x01d   at time   55437373 ps
inst0 ch0:  C_CMD: RDCMD     C_f = 0x002   at time   55437787 ps
inst0 ch0:  C_CMD: RDCMD     C_r = 0x0dd   at time   55439857 ps
inst0 ch0:  C_CMD: RDCMD     C_f = 0x082   at time   55440271 ps
inst0 ch0:  C_CMD: RDCMD     C_r = 0x095   at time   55441513 ps
inst0 ch0:  C_CMD: RDCMD     C_f = 0x080   at time   55441927 ps
inst0 ch0:  C_CMD: RDCMD     C_r = 0x09d   at time   55444825 ps
inst0 ch0:  C_CMD: RDCMD     C_f = 0x082   at time   55445239 ps
inst0 ch0:  C_CMD: RDCMD     C_r = 0x055   at time   55446481 ps
inst0 ch0:  C_CMD: RDCMD     C_f = 0x080   at time   55446895 ps
inst0 ch0:  C_CMD: RDCMD     C_r = 0x015   at time   55448965 ps
inst0 ch0:  C_CMD: RDCMD     C_f = 0x080   at time   55449379 ps
inst0 ch0:  C_CMD: RDCMD     C_r = 0x05d   at time   55450621 ps
inst0 ch0:  C_CMD: RDCMD     C_f = 0x082   at time   55451035 ps
inst0 ch0:  C_CMD: RDCMD     C_r = 0x01d   at time   55452277 ps
inst0 ch0:  C_CMD: RDCMD     C_f = 0x082   at time   55452691 ps
inst0 ch0:  R_CMD: ACTCMD    R_r0= 0x32    at time   55732969 ps
inst0 ch0:  R_CMD: ACTCMD    R_f0= 0x22    at time   55733383 ps
inst0 ch0:  R_CMD: ACTCMD    R_r1= 0x00    at time   55733797 ps
inst0 ch0:  R_CMD: ACTCMD    R_f1= 0x00    at time   55734211 ps
inst0 ch0:  R_CMD: ACTCMD    R_r0= 0x12    at time   55737109 ps
inst0 ch0:  R_CMD: ACTCMD    R_f0= 0x22    at time   55737523 ps
inst0 ch0:  R_CMD: ACTCMD    R_r1= 0x00    at time   55737937 ps
inst0 ch0:  R_CMD: ACTCMD    R_f1= 0x00    at time   55738351 ps
inst0 ch0:  R_CMD: ACTCMD    R_r0= 0x32    at time   55741249 ps
inst0 ch0:  R_CMD: ACTCMD    R_f0= 0x02    at time   55741663 ps
inst0 ch0:  R_CMD: ACTCMD    R_r1= 0x00    at time   55742077 ps
inst0 ch0:  R_CMD: ACTCMD    R_f1= 0x00    at time   55742491 ps
inst0 ch0:  R_CMD: ACTCMD    R_r0= 0x12    at time   55745389 ps
inst0 ch0:  R_CMD: ACTCMD    R_f0= 0x02    at time   55745803 ps
inst0 ch0:  R_CMD: ACTCMD    R_r1= 0x00    at time   55746217 ps
inst0 ch0:  R_CMD: ACTCMD    R_f1= 0x00    at time   55746631 ps
inst0 ch0:  C_CMD: RDCMD     C_r = 0x0e5   at time   55747873 ps
inst0 ch0:  C_CMD: RDCMD     C_f = 0x000   at time   55748287 ps
inst0 ch0:  C_CMD: RDCMD     C_r = 0x0ed   at time   55751185 ps
inst0 ch0:  C_CMD: RDCMD     C_f = 0x002   at time   55751599 ps
inst0 ch0:  C_CMD: RDCMD     C_r = 0x0a5   at time   55752841 ps
inst0 ch0:  C_CMD: RDCMD     C_f = 0x000   at time   55753255 ps
inst0 ch0:  C_CMD: RDCMD     C_r = 0x0ad   at time   55756153 ps
inst0 ch0:  C_CMD: RDCMD     C_f = 0x002   at time   55756567 ps
inst0 ch0:  C_CMD: RDCMD     C_r = 0x065   at time   55757809 ps
inst0 ch0:  C_CMD: RDCMD     C_f = 0x000   at time   55758223 ps
inst0 ch0:  C_CMD: RDCMD     C_r = 0x025   at time   55760293 ps
inst0 ch0:  C_CMD: RDCMD     C_f = 0x000   at time   55760707 ps
inst0 ch0:  C_CMD: RDCMD     C_r = 0x06d   at time   55761949 ps
inst0 ch0:  C_CMD: RDCMD     C_f = 0x002   at time   55762363 ps
inst0 ch0:  C_CMD: RDCMD     C_r = 0x02d   at time   55763605 ps
inst0 ch0:  C_CMD: RDCMD     C_f = 0x002   at time   55764019 ps
inst0 ch0:  R_CMD: ACTCMD    R_r0= 0x32    at time   55782649 ps
inst0 ch0:  R_CMD: ACTCMD    R_f0= 0x2a    at time   55783063 ps
inst0 ch0:  R_CMD: ACTCMD    R_r1= 0x00    at time   55783477 ps
inst0 ch0:  R_CMD: ACTCMD    R_f1= 0x00    at time   55783891 ps
inst0 ch0:  R_CMD: ACTCMD    R_r0= 0x12    at time   55786789 ps
inst0 ch0:  R_CMD: ACTCMD    R_f0= 0x2a    at time   55787203 ps
inst0 ch0:  R_CMD: ACTCMD    R_r1= 0x00    at time   55787617 ps
inst0 ch0:  R_CMD: ACTCMD    R_f1= 0x00    at time   55788031 ps
inst0 ch0:  R_CMD: ACTCMD    R_r0= 0x32    at time   55790929 ps
inst0 ch0:  R_CMD: ACTCMD    R_f0= 0x0a    at time   55791343 ps
inst0 ch0:  R_CMD: ACTCMD    R_r1= 0x00    at time   55791757 ps
inst0 ch0:  R_CMD: ACTCMD    R_f1= 0x00    at time   55792171 ps
inst0 ch0:  R_CMD: ACTCMD    R_r0= 0x12    at time   55795069 ps
inst0 ch0:  R_CMD: ACTCMD    R_f0= 0x0a    at time   55795483 ps
inst0 ch0:  R_CMD: ACTCMD    R_r1= 0x00    at time   55795897 ps
inst0 ch0:  R_CMD: ACTCMD    R_f1= 0x00    at time   55796311 ps
inst0 ch0:  C_CMD: RDCMD     C_r = 0x0e5   at time   55797553 ps
inst0 ch0:  C_CMD: RDCMD     C_f = 0x080   at time   55797967 ps
inst0 ch0:  C_CMD: RDCMD     C_r = 0x0ed   at time   55800865 ps
inst0 ch0:  C_CMD: RDCMD     C_f = 0x082   at time   55801279 ps
inst0 ch0:  C_CMD: RDCMD     C_r = 0x0a5   at time   55802521 ps
inst0 ch0:  C_CMD: RDCMD     C_f = 0x080   at time   55802935 ps
inst0 ch0:  C_CMD: RDCMD     C_r = 0x0ad   at time   55805833 ps
inst0 ch0:  C_CMD: RDCMD     C_f = 0x082   at time   55806247 ps
inst0 ch0:  C_CMD: RDCMD     C_r = 0x065   at time   55807489 ps
inst0 ch0:  C_CMD: RDCMD     C_f = 0x080   at time   55807903 ps
inst0 ch0:  C_CMD: RDCMD     C_r = 0x025   at time   55809973 ps
inst0 ch0:  C_CMD: RDCMD     C_f = 0x080   at time   55810387 ps
inst0 ch0:  C_CMD: RDCMD     C_r = 0x06d   at time   55811629 ps
inst0 ch0:  C_CMD: RDCMD     C_f = 0x082   at time   55812043 ps
inst0 ch0:  C_CMD: RDCMD     C_r = 0x02d   at time   55813285 ps
inst0 ch0:  C_CMD: RDCMD     C_f = 0x082   at time   55813699 ps
inst0 ch0:  R_CMD: ACTCMD    R_r0= 0x3a    at time   56251297 ps
inst0 ch0:  R_CMD: ACTCMD    R_f0= 0x22    at time   56251711 ps
inst0 ch0:  R_CMD: ACTCMD    R_r1= 0x00    at time   56252125 ps
inst0 ch0:  R_CMD: ACTCMD    R_f1= 0x00    at time   56252539 ps
inst0 ch0:  R_CMD: ACTCMD    R_r0= 0x1a    at time   56255437 ps
inst0 ch0:  R_CMD: ACTCMD    R_f0= 0x22    at time   56255851 ps
inst0 ch0:  R_CMD: ACTCMD    R_r1= 0x00    at time   56256265 ps
inst0 ch0:  R_CMD: ACTCMD    R_f1= 0x00    at time   56256679 ps
inst0 ch0:  R_CMD: ACTCMD    R_r0= 0x3a    at time   56259577 ps
inst0 ch0:  R_CMD: ACTCMD    R_f0= 0x02    at time   56259991 ps
inst0 ch0:  R_CMD: ACTCMD    R_r1= 0x00    at time   56260405 ps
inst0 ch0:  R_CMD: ACTCMD    R_f1= 0x00    at time   56260819 ps
inst0 ch0:  R_CMD: ACTCMD    R_r0= 0x1a    at time   56263717 ps
inst0 ch0:  R_CMD: ACTCMD    R_f0= 0x02    at time   56264131 ps
inst0 ch0:  R_CMD: ACTCMD    R_r1= 0x00    at time   56264545 ps
inst0 ch0:  R_CMD: ACTCMD    R_f1= 0x00    at time   56264959 ps
inst0 ch0:  C_CMD: RDCMD     C_r = 0x0f5   at time   56266201 ps
inst0 ch0:  C_CMD: RDCMD     C_f = 0x000   at time   56266615 ps
inst0 ch0:  C_CMD: RDCMD     C_r = 0x0fd   at time   56269513 ps
inst0 ch0:  C_CMD: RDCMD     C_f = 0x002   at time   56269927 ps
inst0 ch0:  C_CMD: RDCMD     C_r = 0x0b5   at time   56271169 ps
inst0 ch0:  C_CMD: RDCMD     C_f = 0x000   at time   56271583 ps
inst0 ch0:  C_CMD: RDCMD     C_r = 0x0bd   at time   56274481 ps
inst0 ch0:  C_CMD: RDCMD     C_f = 0x002   at time   56274895 ps
inst0 ch0:  C_CMD: RDCMD     C_r = 0x075   at time   56276137 ps
inst0 ch0:  C_CMD: RDCMD     C_f = 0x000   at time   56276551 ps
inst0 ch0:  C_CMD: RDCMD     C_r = 0x035   at time   56278621 ps
inst0 ch0:  C_CMD: RDCMD     C_f = 0x000   at time   56279035 ps
inst0 ch0:  C_CMD: RDCMD     C_r = 0x07d   at time   56280277 ps
inst0 ch0:  C_CMD: RDCMD     C_f = 0x002   at time   56280691 ps
inst0 ch0:  C_CMD: RDCMD     C_r = 0x03d   at time   56281933 ps
inst0 ch0:  C_CMD: RDCMD     C_f = 0x002   at time   56282347 ps
inst0 ch0:  R_CMD: ACTCMD    R_r0= 0x3a    at time   56299321 ps
inst0 ch0:  R_CMD: ACTCMD    R_f0= 0x2a    at time   56299735 ps
inst0 ch0:  R_CMD: ACTCMD    R_r1= 0x00    at time   56300149 ps
inst0 ch0:  R_CMD: ACTCMD    R_f1= 0x00    at time   56300563 ps
inst0 ch0:  R_CMD: ACTCMD    R_r0= 0x1a    at time   56303461 ps
inst0 ch0:  R_CMD: ACTCMD    R_f0= 0x2a    at time   56303875 ps
inst0 ch0:  R_CMD: ACTCMD    R_r1= 0x00    at time   56304289 ps
inst0 ch0:  R_CMD: ACTCMD    R_f1= 0x00    at time   56304703 ps
inst0 ch0:  R_CMD: ACTCMD    R_r0= 0x3a    at time   56307601 ps
inst0 ch0:  R_CMD: ACTCMD    R_f0= 0x0a    at time   56308015 ps
inst0 ch0:  R_CMD: ACTCMD    R_r1= 0x00    at time   56308429 ps
inst0 ch0:  R_CMD: ACTCMD    R_f1= 0x00    at time   56308843 ps
inst0 ch0:  R_CMD: ACTCMD    R_r0= 0x1a    at time   56311741 ps
inst0 ch0:  R_CMD: ACTCMD    R_f0= 0x0a    at time   56312155 ps
inst0 ch0:  R_CMD: ACTCMD    R_r1= 0x00    at time   56312569 ps
inst0 ch0:  R_CMD: ACTCMD    R_f1= 0x00    at time   56312983 ps
inst0 ch0:  C_CMD: RDCMD     C_r = 0x0f5   at time   56314225 ps
inst0 ch0:  C_CMD: RDCMD     C_f = 0x080   at time   56314639 ps
inst0 ch0:  C_CMD: RDCMD     C_r = 0x0fd   at time   56317537 ps
inst0 ch0:  C_CMD: RDCMD     C_f = 0x082   at time   56317951 ps
inst0 ch0:  C_CMD: RDCMD     C_r = 0x0b5   at time   56319193 ps
inst0 ch0:  C_CMD: RDCMD     C_f = 0x080   at time   56319607 ps
inst0 ch0:  C_CMD: RDCMD     C_r = 0x0bd   at time   56322505 ps
inst0 ch0:  C_CMD: RDCMD     C_f = 0x082   at time   56322919 ps
inst0 ch0:  C_CMD: RDCMD     C_r = 0x075   at time   56324161 ps
inst0 ch0:  C_CMD: RDCMD     C_f = 0x080   at time   56324575 ps
inst0 ch0:  C_CMD: RDCMD     C_r = 0x035   at time   56326645 ps
inst0 ch0:  C_CMD: RDCMD     C_f = 0x080   at time   56327059 ps
inst0 ch0:  C_CMD: RDCMD     C_r = 0x07d   at time   56328301 ps
inst0 ch0:  C_CMD: RDCMD     C_f = 0x082   at time   56328715 ps
inst0 ch0:  C_CMD: RDCMD     C_r = 0x03d   at time   56329957 ps
inst0 ch0:  C_CMD: RDCMD     C_f = 0x082   at time   56330371 ps
inst0 ch0:  R_CMD: ACTCMD    R_r0= 0x02    at time   56646253 ps
inst0 ch0:  R_CMD: ACTCMD    R_f0= 0x10    at time   56646667 ps
inst0 ch0:  R_CMD: ACTCMD    R_r1= 0x3f    at time   56647081 ps
inst0 ch0:  R_CMD: ACTCMD    R_f1= 0x3b    at time   56647495 ps
inst0 ch0:  C_CMD: RDCMD     C_r = 0x005   at time   56661157 ps
inst0 ch0:  C_CMD: RDCMD     C_f = 0x078   at time   56661571 ps
inst0 ch0:  C_CMD: RDCMD     C_r = 0x00d   at time   56664469 ps
inst0 ch0:  C_CMD: RDCMD     C_f = 0x07a   at time   56664883 ps
inst0 ch0:  R_CMD: ACTCMD    R_r0= 0x02    at time   56761345 ps
inst0 ch0:  R_CMD: ACTCMD    R_f0= 0x18    at time   56761759 ps
inst0 ch0:  R_CMD: ACTCMD    R_r1= 0x3f    at time   56762173 ps
inst0 ch0:  R_CMD: ACTCMD    R_f1= 0x3b    at time   56762587 ps
inst0 ch0:  C_CMD: RDCMD     C_r = 0x005   at time   56776249 ps
inst0 ch0:  C_CMD: RDCMD     C_f = 0x0f8   at time   56776663 ps
inst0 ch0:  R_CMD: ACTCMD    R_r0= 0x02    at time   56778733 ps
inst0 ch0:  R_CMD: ACTCMD    R_f0= 0x10    at time   56779147 ps
inst0 ch0:  R_CMD: ACTCMD    R_r1= 0x3f    at time   56779561 ps
inst0 ch0:  C_CMD: RDCMD     C_r = 0x00d   at time   56779561 ps
inst0 ch0:  R_CMD: ACTCMD    R_f1= 0x3b    at time   56779975 ps
inst0 ch0:  C_CMD: RDCMD     C_f = 0x0fa   at time   56779975 ps
inst0 ch0:  C_CMD: WRCMD     C_r = 0x001   at time   56789497 ps
inst0 ch0:  C_CMD: WRCMD     C_f = 0x078   at time   56789911 ps
inst0 ch0:  C_CMD: WRCMD     C_r = 0x009   at time   56792809 ps
inst0 ch0:  C_CMD: WRCMD     C_f = 0x07a   at time   56793223 ps
inst0 ch0:  R_CMD: ACTCMD    R_r0= 0x02    at time   56831725 ps
inst0 ch0:  R_CMD: ACTCMD    R_f0= 0x18    at time   56832139 ps
inst0 ch0:  R_CMD: ACTCMD    R_r1= 0x3f    at time   56832553 ps
inst0 ch0:  R_CMD: ACTCMD    R_f1= 0x3b    at time   56832967 ps
inst0 ch0:  C_CMD: WRCMD     C_r = 0x001   at time   56842489 ps
inst0 ch0:  C_CMD: WRCMD     C_f = 0x0f8   at time   56842903 ps
inst0 ch0:  C_CMD: WRCMD     C_r = 0x009   at time   56845801 ps
inst0 ch0:  C_CMD: WRCMD     C_f = 0x0fa   at time   56846215 ps
inst0 ch0:  R_CMD: ACTCMD    R_r0= 0x0a    at time   58242637 ps
inst0 ch0:  R_CMD: ACTCMD    R_f0= 0x18    at time   58243051 ps
inst0 ch0:  R_CMD: ACTCMD    R_r1= 0x3f    at time   58243465 ps
inst0 ch0:  R_CMD: ACTCMD    R_f1= 0x3b    at time   58243879 ps
inst0 ch0:  C_CMD: RDCMD     C_r = 0x015   at time   58257541 ps
inst0 ch0:  C_CMD: RDCMD     C_f = 0x0f8   at time   58257955 ps
inst0 ch0:  C_CMD: RDCMD     C_r = 0x01d   at time   58260853 ps
inst0 ch0:  C_CMD: RDCMD     C_f = 0x0fa   at time   58261267 ps
inst0 ch0:  R_CMD: ACTCMD    R_r0= 0x0a    at time   58269133 ps
inst0 ch0:  R_CMD: ACTCMD    R_f0= 0x10    at time   58269547 ps
inst0 ch0:  R_CMD: ACTCMD    R_r1= 0x3f    at time   58269961 ps
inst0 ch0:  R_CMD: ACTCMD    R_f1= 0x3b    at time   58270375 ps
inst0 ch0:  C_CMD: RDCMD     C_r = 0x015   at time   58284037 ps
inst0 ch0:  C_CMD: RDCMD     C_f = 0x078   at time   58284451 ps
inst0 ch0:  C_CMD: RDCMD     C_r = 0x01d   at time   58287349 ps
inst0 ch0:  C_CMD: RDCMD     C_f = 0x07a   at time   58287763 ps
inst0 ch0:  R_CMD: ACTCMD    R_r0= 0x0a    at time   58310533 ps
inst0 ch0:  R_CMD: ACTCMD    R_f0= 0x18    at time   58310947 ps
inst0 ch0:  R_CMD: ACTCMD    R_r1= 0x3f    at time   58311361 ps
inst0 ch0:  R_CMD: ACTCMD    R_f1= 0x3b    at time   58311775 ps
inst0 ch0:  C_CMD: WRCMD     C_r = 0x011   at time   58321297 ps
inst0 ch0:  C_CMD: WRCMD     C_f = 0x0f8   at time   58321711 ps
inst0 ch0:  C_CMD: WRCMD     C_r = 0x019   at time   58324609 ps
inst0 ch0:  C_CMD: WRCMD     C_f = 0x0fa   at time   58325023 ps
inst0 ch0:  R_CMD: ACTCMD    R_r0= 0x0a    at time   58339513 ps
inst0 ch0:  R_CMD: ACTCMD    R_f0= 0x10    at time   58339927 ps
inst0 ch0:  R_CMD: ACTCMD    R_r1= 0x3f    at time   58340341 ps
inst0 ch0:  R_CMD: ACTCMD    R_f1= 0x3b    at time   58340755 ps
inst0 ch0:  C_CMD: WRCMD     C_r = 0x011   at time   58350277 ps
inst0 ch0:  C_CMD: WRCMD     C_f = 0x078   at time   58350691 ps
inst0 ch0:  C_CMD: WRCMD     C_r = 0x019   at time   58353589 ps
inst0 ch0:  C_CMD: WRCMD     C_f = 0x07a   at time   58354003 ps
inst0 ch0:  R_CMD: ACTCMD    R_r0= 0x02    at time   58398301 ps
inst0 ch0:  R_CMD: ACTCMD    R_f0= 0x38    at time   58398715 ps
inst0 ch0:  R_CMD: ACTCMD    R_r1= 0x3f    at time   58399129 ps
inst0 ch0:  R_CMD: ACTCMD    R_f1= 0x3b    at time   58399543 ps
inst0 ch0:  C_CMD: RDCMD     C_r = 0x085   at time   58413205 ps
inst0 ch0:  C_CMD: RDCMD     C_f = 0x0f8   at time   58413619 ps
inst0 ch0:  C_CMD: RDCMD     C_r = 0x08d   at time   58416517 ps
inst0 ch0:  C_CMD: RDCMD     C_f = 0x0fa   at time   58416931 ps
inst0 ch0:  R_CMD: ACTCMD    R_r0= 0x02    at time   58426453 ps
inst0 ch0:  R_CMD: ACTCMD    R_f0= 0x30    at time   58426867 ps
inst0 ch0:  R_CMD: ACTCMD    R_r1= 0x3f    at time   58427281 ps
inst0 ch0:  R_CMD: ACTCMD    R_f1= 0x3b    at time   58427695 ps
inst0 ch0:  C_CMD: RDCMD     C_r = 0x085   at time   58441357 ps
inst0 ch0:  C_CMD: RDCMD     C_f = 0x078   at time   58441771 ps
inst0 ch0:  C_CMD: RDCMD     C_r = 0x08d   at time   58444669 ps
inst0 ch0:  C_CMD: RDCMD     C_f = 0x07a   at time   58445083 ps
inst0 ch0:  R_CMD: ACTCMD    R_r0= 0x02    at time   58468681 ps
inst0 ch0:  R_CMD: ACTCMD    R_f0= 0x38    at time   58469095 ps
inst0 ch0:  R_CMD: ACTCMD    R_r1= 0x3f    at time   58469509 ps
inst0 ch0:  R_CMD: ACTCMD    R_f1= 0x3b    at time   58469923 ps
inst0 ch0:  C_CMD: WRCMD     C_r = 0x081   at time   58479445 ps
inst0 ch0:  C_CMD: WRCMD     C_f = 0x0f8   at time   58479859 ps
inst0 ch0:  C_CMD: WRCMD     C_r = 0x089   at time   58482757 ps
inst0 ch0:  C_CMD: WRCMD     C_f = 0x0fa   at time   58483171 ps
inst0 ch0:  R_CMD: ACTCMD    R_r0= 0x02    at time   58496833 ps
inst0 ch0:  R_CMD: ACTCMD    R_f0= 0x30    at time   58497247 ps
inst0 ch0:  R_CMD: ACTCMD    R_r1= 0x3f    at time   58497661 ps
inst0 ch0:  R_CMD: ACTCMD    R_f1= 0x3b    at time   58498075 ps
inst0 ch0:  C_CMD: WRCMD     C_r = 0x081   at time   58507597 ps
inst0 ch0:  C_CMD: WRCMD     C_f = 0x078   at time   58508011 ps
inst0 ch0:  C_CMD: WRCMD     C_r = 0x089   at time   58510909 ps
inst0 ch0:  C_CMD: WRCMD     C_f = 0x07a   at time   58511323 ps
inst0 ch0:  R_CMD: ACTCMD    R_r0= 0x0a    at time   58604473 ps
inst0 ch0:  R_CMD: ACTCMD    R_f0= 0x30    at time   58604887 ps
inst0 ch0:  R_CMD: ACTCMD    R_r1= 0x3f    at time   58605301 ps
inst0 ch0:  R_CMD: ACTCMD    R_f1= 0x3b    at time   58605715 ps
inst0 ch0:  C_CMD: RDCMD     C_r = 0x095   at time   58619377 ps
inst0 ch0:  C_CMD: RDCMD     C_f = 0x078   at time   58619791 ps
inst0 ch0:  C_CMD: RDCMD     C_r = 0x09d   at time   58622689 ps
inst0 ch0:  C_CMD: RDCMD     C_f = 0x07a   at time   58623103 ps
inst0 ch0:  R_CMD: ACTCMD    R_r0= 0x0a    at time   58674853 ps
inst0 ch0:  R_CMD: ACTCMD    R_f0= 0x30    at time   58675267 ps
inst0 ch0:  R_CMD: ACTCMD    R_r1= 0x3f    at time   58675681 ps
inst0 ch0:  R_CMD: ACTCMD    R_f1= 0x3b    at time   58676095 ps
inst0 ch0:  C_CMD: WRCMD     C_r = 0x091   at time   58685617 ps
inst0 ch0:  C_CMD: WRCMD     C_f = 0x078   at time   58686031 ps
inst0 ch0:  C_CMD: WRCMD     C_r = 0x099   at time   58688929 ps
inst0 ch0:  C_CMD: WRCMD     C_f = 0x07a   at time   58689343 ps
inst0 ch0:  R_CMD: ACTCMD    R_r0= 0x0a    at time   58705489 ps
inst0 ch0:  R_CMD: ACTCMD    R_f0= 0x38    at time   58705903 ps
inst0 ch0:  R_CMD: ACTCMD    R_r1= 0x3f    at time   58706317 ps
inst0 ch0:  R_CMD: ACTCMD    R_f1= 0x3b    at time   58706731 ps
inst0 ch0:  C_CMD: RDCMD     C_r = 0x095   at time   58720393 ps
inst0 ch0:  C_CMD: RDCMD     C_f = 0x0f8   at time   58720807 ps
inst0 ch0:  C_CMD: RDCMD     C_r = 0x09d   at time   58723705 ps
inst0 ch0:  C_CMD: RDCMD     C_f = 0x0fa   at time   58724119 ps
inst0 ch0:  R_CMD: ACTCMD    R_r0= 0x0a    at time   58778353 ps
inst0 ch0:  R_CMD: ACTCMD    R_f0= 0x38    at time   58778767 ps
inst0 ch0:  R_CMD: ACTCMD    R_r1= 0x3f    at time   58779181 ps
inst0 ch0:  R_CMD: ACTCMD    R_f1= 0x3b    at time   58779595 ps
inst0 ch0:  C_CMD: WRCMD     C_r = 0x091   at time   58789117 ps
inst0 ch0:  C_CMD: WRCMD     C_f = 0x0f8   at time   58789531 ps
inst0 ch0:  C_CMD: WRCMD     C_r = 0x099   at time   58792429 ps
inst0 ch0:  C_CMD: WRCMD     C_f = 0x0fa   at time   58792843 ps
inst0 ch0:  R_CMD: ACTCMD    R_r0= 0x0a    at time   60348241 ps
inst0 ch0:  R_CMD: ACTCMD    R_f0= 0x1b    at time   60348655 ps
inst0 ch0:  R_CMD: ACTCMD    R_r1= 0x3f    at time   60349069 ps
inst0 ch0:  R_CMD: ACTCMD    R_f1= 0x3b    at time   60349483 ps
inst0 ch0:  C_CMD: RDCMD     C_r = 0x015   at time   60363145 ps
inst0 ch0:  C_CMD: RDCMD     C_f = 0x090   at time   60363559 ps
inst0 ch0:  C_CMD: RDCMD     C_r = 0x01d   at time   60366457 ps
inst0 ch0:  C_CMD: RDCMD     C_f = 0x092   at time   60366871 ps
inst0 ch0:  R_CMD: ACTCMD    R_r0= 0x0a    at time   60418621 ps
inst0 ch0:  R_CMD: ACTCMD    R_f0= 0x1b    at time   60419035 ps
inst0 ch0:  R_CMD: ACTCMD    R_r1= 0x3f    at time   60419449 ps
inst0 ch0:  R_CMD: ACTCMD    R_f1= 0x3b    at time   60419863 ps
inst0 ch0:  C_CMD: WRCMD     C_r = 0x011   at time   60429385 ps
inst0 ch0:  C_CMD: WRCMD     C_f = 0x090   at time   60429799 ps
inst0 ch0:  C_CMD: WRCMD     C_r = 0x019   at time   60432697 ps
inst0 ch0:  C_CMD: WRCMD     C_f = 0x092   at time   60433111 ps
inst0 ch0:  R_CMD: ACTCMD    R_r0= 0x0a    at time   60499765 ps
inst0 ch0:  R_CMD: ACTCMD    R_f0= 0x13    at time   60500179 ps
inst0 ch0:  R_CMD: ACTCMD    R_r1= 0x3f    at time   60500593 ps
inst0 ch0:  R_CMD: ACTCMD    R_f1= 0x3b    at time   60501007 ps
inst0 ch0:  C_CMD: RDCMD     C_r = 0x015   at time   60514669 ps
inst0 ch0:  C_CMD: RDCMD     C_f = 0x010   at time   60515083 ps
inst0 ch0:  C_CMD: RDCMD     C_r = 0x01d   at time   60517981 ps
inst0 ch0:  C_CMD: RDCMD     C_f = 0x012   at time   60518395 ps
inst0 ch0:  R_CMD: ACTCMD    R_r0= 0x0a    at time   60527917 ps
inst0 ch0:  R_CMD: ACTCMD    R_f0= 0x1b    at time   60528331 ps
inst0 ch0:  R_CMD: ACTCMD    R_r1= 0x3f    at time   60528745 ps
inst0 ch0:  R_CMD: ACTCMD    R_f1= 0x3b    at time   60529159 ps
inst0 ch0:  C_CMD: RDCMD     C_r = 0x015   at time   60542821 ps
inst0 ch0:  C_CMD: RDCMD     C_f = 0x090   at time   60543235 ps
inst0 ch0:  C_CMD: RDCMD     C_r = 0x01d   at time   60546133 ps
inst0 ch0:  C_CMD: RDCMD     C_f = 0x092   at time   60546547 ps
inst0 ch0:  R_CMD: ACTCMD    R_r0= 0x0a    at time   60570145 ps
inst0 ch0:  R_CMD: ACTCMD    R_f0= 0x13    at time   60570559 ps
inst0 ch0:  R_CMD: ACTCMD    R_r1= 0x3f    at time   60570973 ps
inst0 ch0:  R_CMD: ACTCMD    R_f1= 0x3b    at time   60571387 ps
inst0 ch0:  C_CMD: WRCMD     C_r = 0x011   at time   60580909 ps
inst0 ch0:  C_CMD: WRCMD     C_f = 0x010   at time   60581323 ps
inst0 ch0:  C_CMD: WRCMD     C_r = 0x019   at time   60584221 ps
inst0 ch0:  C_CMD: WRCMD     C_f = 0x012   at time   60584635 ps
inst0 ch0:  R_CMD: ACTCMD    R_r0= 0x0a    at time   60598297 ps
inst0 ch0:  R_CMD: ACTCMD    R_f0= 0x1b    at time   60598711 ps
inst0 ch0:  R_CMD: ACTCMD    R_r1= 0x3f    at time   60599125 ps
inst0 ch0:  R_CMD: ACTCMD    R_f1= 0x3b    at time   60599539 ps
inst0 ch0:  C_CMD: WRCMD     C_r = 0x011   at time   60609061 ps
inst0 ch0:  C_CMD: WRCMD     C_f = 0x090   at time   60609475 ps
inst0 ch0:  C_CMD: WRCMD     C_r = 0x019   at time   60612373 ps
inst0 ch0:  C_CMD: WRCMD     C_f = 0x092   at time   60612787 ps
inst0 ch0:  R_CMD: ACTCMD    R_r0= 0x0a    at time   60726637 ps
inst0 ch0:  R_CMD: ACTCMD    R_f0= 0x13    at time   60727051 ps
inst0 ch0:  R_CMD: ACTCMD    R_r1= 0x3f    at time   60727465 ps
inst0 ch0:  R_CMD: ACTCMD    R_f1= 0x3b    at time   60727879 ps
inst0 ch0:  C_CMD: RDCMD     C_r = 0x015   at time   60741541 ps
inst0 ch0:  C_CMD: RDCMD     C_f = 0x010   at time   60741955 ps
inst0 ch0:  C_CMD: RDCMD     C_r = 0x01d   at time   60744853 ps
inst0 ch0:  C_CMD: RDCMD     C_f = 0x012   at time   60745267 ps
inst0 ch0:  R_CMD: ACTCMD    R_r0= 0x0a    at time   60799501 ps
inst0 ch0:  R_CMD: ACTCMD    R_f0= 0x13    at time   60799915 ps
inst0 ch0:  R_CMD: ACTCMD    R_r1= 0x3f    at time   60800329 ps
inst0 ch0:  R_CMD: ACTCMD    R_f1= 0x3b    at time   60800743 ps
inst0 ch0:  C_CMD: WRCMD     C_r = 0x011   at time   60810265 ps
inst0 ch0:  C_CMD: WRCMD     C_f = 0x010   at time   60810679 ps
inst0 ch0:  C_CMD: WRCMD     C_r = 0x019   at time   60813577 ps
inst0 ch0:  C_CMD: WRCMD     C_f = 0x012   at time   60813991 ps
inst0 ch0:  R_CMD: ACTCMD    R_r0= 0x02    at time   61926409 ps
inst0 ch0:  R_CMD: ACTCMD    R_f0= 0x13    at time   61926823 ps
inst0 ch0:  R_CMD: ACTCMD    R_r1= 0x3f    at time   61927237 ps
inst0 ch0:  R_CMD: ACTCMD    R_f1= 0x3b    at time   61927651 ps
inst0 ch0:  C_CMD: RDCMD     C_r = 0x005   at time   61941313 ps
inst0 ch0:  C_CMD: RDCMD     C_f = 0x000   at time   61941727 ps
inst0 ch0:  C_CMD: RDCMD     C_r = 0x00d   at time   61944625 ps
inst0 ch0:  C_CMD: RDCMD     C_f = 0x002   at time   61945039 ps
inst0 ch0:  R_CMD: ACTCMD    R_r0= 0x02    at time   61996789 ps
inst0 ch0:  R_CMD: ACTCMD    R_f0= 0x13    at time   61997203 ps
inst0 ch0:  R_CMD: ACTCMD    R_r1= 0x3f    at time   61997617 ps
inst0 ch0:  R_CMD: ACTCMD    R_f1= 0x3b    at time   61998031 ps
inst0 ch0:  C_CMD: WRCMD     C_r = 0x001   at time   62007553 ps
inst0 ch0:  C_CMD: WRCMD     C_f = 0x000   at time   62007967 ps
inst0 ch0:  C_CMD: WRCMD     C_r = 0x009   at time   62010865 ps
inst0 ch0:  C_CMD: WRCMD     C_f = 0x002   at time   62011279 ps
inst0 ch0:  R_CMD: ACTCMD    R_r0= 0x02    at time   62096149 ps
inst0 ch0:  R_CMD: ACTCMD    R_f0= 0x1b    at time   62096563 ps
inst0 ch0:  R_CMD: ACTCMD    R_r1= 0x3f    at time   62096977 ps
inst0 ch0:  R_CMD: ACTCMD    R_f1= 0x3b    at time   62097391 ps
inst0 ch0:  C_CMD: RDCMD     C_r = 0x005   at time   62111053 ps
inst0 ch0:  C_CMD: RDCMD     C_f = 0x080   at time   62111467 ps
inst0 ch0:  C_CMD: RDCMD     C_r = 0x00d   at time   62114365 ps
inst0 ch0:  C_CMD: RDCMD     C_f = 0x082   at time   62114779 ps
inst0 ch0:  R_CMD: ACTCMD    R_r0= 0x02    at time   62169013 ps
inst0 ch0:  R_CMD: ACTCMD    R_f0= 0x1b    at time   62169427 ps
inst0 ch0:  R_CMD: ACTCMD    R_r1= 0x3f    at time   62169841 ps
inst0 ch0:  R_CMD: ACTCMD    R_f1= 0x3b    at time   62170255 ps
inst0 ch0:  C_CMD: WRCMD     C_r = 0x001   at time   62179777 ps
inst0 ch0:  C_CMD: WRCMD     C_f = 0x080   at time   62180191 ps
inst0 ch0:  C_CMD: WRCMD     C_r = 0x009   at time   62183089 ps
inst0 ch0:  C_CMD: WRCMD     C_f = 0x082   at time   62183503 ps
inst0 ch0:  R_CMD: ACTCMD    R_r0= 0x02    at time   62281621 ps
inst0 ch0:  R_CMD: ACTCMD    R_f0= 0x13    at time   62282035 ps
inst0 ch0:  R_CMD: ACTCMD    R_r1= 0x3f    at time   62282449 ps
inst0 ch0:  R_CMD: ACTCMD    R_f1= 0x3b    at time   62282863 ps
inst0 ch0:  C_CMD: RDCMD     C_r = 0x005   at time   62296525 ps
inst0 ch0:  C_CMD: RDCMD     C_f = 0x000   at time   62296939 ps
inst0 ch0:  C_CMD: RDCMD     C_r = 0x00d   at time   62299837 ps
inst0 ch0:  C_CMD: RDCMD     C_f = 0x002   at time   62300251 ps
inst0 ch0:  R_CMD: ACTCMD    R_r0= 0x02    at time   62354485 ps
inst0 ch0:  R_CMD: ACTCMD    R_f0= 0x13    at time   62354899 ps
inst0 ch0:  R_CMD: ACTCMD    R_r1= 0x3f    at time   62355313 ps
inst0 ch0:  R_CMD: ACTCMD    R_f1= 0x3b    at time   62355727 ps
inst0 ch0:  C_CMD: WRCMD     C_r = 0x001   at time   62365249 ps
inst0 ch0:  C_CMD: WRCMD     C_f = 0x000   at time   62365663 ps
inst0 ch0:  C_CMD: WRCMD     C_r = 0x009   at time   62368561 ps
inst0 ch0:  C_CMD: WRCMD     C_f = 0x002   at time   62368975 ps
inst0 ch0:  R_CMD: ACTCMD    R_r0= 0x02    at time   62469577 ps
inst0 ch0:  R_CMD: ACTCMD    R_f0= 0x1b    at time   62469991 ps
inst0 ch0:  R_CMD: ACTCMD    R_r1= 0x3f    at time   62470405 ps
inst0 ch0:  R_CMD: ACTCMD    R_f1= 0x3b    at time   62470819 ps
inst0 ch0:  C_CMD: RDCMD     C_r = 0x005   at time   62484481 ps
inst0 ch0:  C_CMD: RDCMD     C_f = 0x080   at time   62484895 ps
inst0 ch0:  C_CMD: RDCMD     C_r = 0x00d   at time   62487793 ps
inst0 ch0:  C_CMD: RDCMD     C_f = 0x082   at time   62488207 ps
inst0 ch0:  R_CMD: ACTCMD    R_r0= 0x02    at time   62542441 ps
inst0 ch0:  R_CMD: ACTCMD    R_f0= 0x1b    at time   62542855 ps
inst0 ch0:  R_CMD: ACTCMD    R_r1= 0x3f    at time   62543269 ps
inst0 ch0:  R_CMD: ACTCMD    R_f1= 0x3b    at time   62543683 ps
inst0 ch0:  C_CMD: WRCMD     C_r = 0x001   at time   62553205 ps
inst0 ch0:  C_CMD: WRCMD     C_f = 0x080   at time   62553619 ps
inst0 ch0:  C_CMD: WRCMD     C_r = 0x009   at time   62556517 ps
inst0 ch0:  C_CMD: WRCMD     C_f = 0x082   at time   62556931 ps
inst0 ch0:  R_CMD: ACTCMD    R_r0= 0x02    at time   63608905 ps
inst0 ch0:  R_CMD: ACTCMD    R_f0= 0x00    at time   63609319 ps
inst0 ch0:  R_CMD: ACTCMD    R_r1= 0x00    at time   63609733 ps
inst0 ch0:  R_CMD: ACTCMD    R_f1= 0x00    at time   63610147 ps
inst0 ch0:  C_CMD: RDCMD     C_r = 0x005   at time   63623809 ps
inst0 ch0:  C_CMD: RDCMD     C_f = 0x018   at time   63624223 ps
inst0 ch0:  C_CMD: RDCMD     C_r = 0x005   at time   63627121 ps
inst0 ch0:  C_CMD: RDCMD     C_f = 0x01a   at time   63627535 ps
inst0 ch0:  C_CMD: RDCMD     C_r = 0x005   at time   63630433 ps
inst0 ch0:  C_CMD: RDCMD     C_f = 0x010   at time   63630847 ps
inst0 ch0:  C_CMD: RDCMD     C_r = 0x005   at time   63633745 ps
inst0 ch0:  C_CMD: RDCMD     C_f = 0x012   at time   63634159 ps
inst0 ch0:  C_CMD: RDCMD     C_r = 0x005   at time   63637057 ps
inst0 ch0:  C_CMD: RDCMD     C_f = 0x008   at time   63637471 ps
inst0 ch0:  C_CMD: RDCMD     C_r = 0x005   at time   63640369 ps
inst0 ch0:  C_CMD: RDCMD     C_f = 0x00a   at time   63640783 ps
inst0 ch0:  C_CMD: RDCMD     C_r = 0x005   at time   63643681 ps
inst0 ch0:  C_CMD: RDCMD     C_f = 0x000   at time   63644095 ps
inst0 ch0:  C_CMD: RDCMD     C_r = 0x00d   at time   63646993 ps
inst0 ch0:  C_CMD: RDCMD     C_f = 0x002   at time   63647407 ps
inst0 ch0:  R_CMD: ACTCMD    R_r0= 0x02    at time   63771193 ps
inst0 ch0:  R_CMD: ACTCMD    R_f0= 0x08    at time   63771607 ps
inst0 ch0:  R_CMD: ACTCMD    R_r1= 0x00    at time   63772021 ps
inst0 ch0:  R_CMD: ACTCMD    R_f1= 0x00    at time   63772435 ps
inst0 ch0:  C_CMD: RDCMD     C_r = 0x005   at time   63786097 ps
inst0 ch0:  C_CMD: RDCMD     C_f = 0x098   at time   63786511 ps
inst0 ch0:  C_CMD: RDCMD     C_r = 0x005   at time   63789409 ps
inst0 ch0:  C_CMD: RDCMD     C_f = 0x09a   at time   63789823 ps
inst0 ch0:  C_CMD: RDCMD     C_r = 0x005   at time   63792721 ps
inst0 ch0:  C_CMD: RDCMD     C_f = 0x090   at time   63793135 ps
inst0 ch0:  C_CMD: RDCMD     C_r = 0x005   at time   63796033 ps
inst0 ch0:  C_CMD: RDCMD     C_f = 0x092   at time   63796447 ps
inst0 ch0:  C_CMD: RDCMD     C_r = 0x005   at time   63799345 ps
inst0 ch0:  C_CMD: RDCMD     C_f = 0x088   at time   63799759 ps
inst0 ch0:  C_CMD: RDCMD     C_r = 0x005   at time   63802657 ps
inst0 ch0:  C_CMD: RDCMD     C_f = 0x08a   at time   63803071 ps
inst0 ch0:  C_CMD: RDCMD     C_r = 0x005   at time   63805969 ps
inst0 ch0:  C_CMD: RDCMD     C_f = 0x080   at time   63806383 ps
inst0 ch0:  C_CMD: RDCMD     C_r = 0x00d   at time   63809281 ps
inst0 ch0:  C_CMD: RDCMD     C_f = 0x082   at time   63809695 ps
inst0 ch0:  R_CMD: ACTCMD    R_r0= 0x0a    at time   64085005 ps
inst0 ch0:  R_CMD: ACTCMD    R_f0= 0x00    at time   64085419 ps
inst0 ch0:  R_CMD: ACTCMD    R_r1= 0x00    at time   64085833 ps
inst0 ch0:  R_CMD: ACTCMD    R_f1= 0x00    at time   64086247 ps
inst0 ch0:  C_CMD: RDCMD     C_r = 0x015   at time   64099909 ps
inst0 ch0:  C_CMD: RDCMD     C_f = 0x018   at time   64100323 ps
inst0 ch0:  C_CMD: RDCMD     C_r = 0x015   at time   64103221 ps
inst0 ch0:  C_CMD: RDCMD     C_f = 0x01a   at time   64103635 ps
inst0 ch0:  C_CMD: RDCMD     C_r = 0x015   at time   64106533 ps
inst0 ch0:  C_CMD: RDCMD     C_f = 0x010   at time   64106947 ps
inst0 ch0:  C_CMD: RDCMD     C_r = 0x015   at time   64109845 ps
inst0 ch0:  C_CMD: RDCMD     C_f = 0x012   at time   64110259 ps
inst0 ch0:  C_CMD: RDCMD     C_r = 0x015   at time   64113157 ps
inst0 ch0:  C_CMD: RDCMD     C_f = 0x008   at time   64113571 ps
inst0 ch0:  C_CMD: RDCMD     C_r = 0x015   at time   64116469 ps
inst0 ch0:  C_CMD: RDCMD     C_f = 0x00a   at time   64116883 ps
inst0 ch0:  C_CMD: RDCMD     C_r = 0x015   at time   64119781 ps
inst0 ch0:  C_CMD: RDCMD     C_f = 0x000   at time   64120195 ps
inst0 ch0:  C_CMD: RDCMD     C_r = 0x01d   at time   64123093 ps
inst0 ch0:  C_CMD: RDCMD     C_f = 0x002   at time   64123507 ps
inst0 ch0:  R_CMD: ACTCMD    R_r0= 0x0a    at time   64640593 ps
inst0 ch0:  R_CMD: ACTCMD    R_f0= 0x08    at time   64641007 ps
inst0 ch0:  R_CMD: ACTCMD    R_r1= 0x00    at time   64641421 ps
inst0 ch0:  R_CMD: ACTCMD    R_f1= 0x00    at time   64641835 ps
inst0 ch0:  C_CMD: RDCMD     C_r = 0x015   at time   64655497 ps
inst0 ch0:  C_CMD: RDCMD     C_f = 0x098   at time   64655911 ps
inst0 ch0:  C_CMD: RDCMD     C_r = 0x015   at time   64658809 ps
inst0 ch0:  C_CMD: RDCMD     C_f = 0x09a   at time   64659223 ps
inst0 ch0:  C_CMD: RDCMD     C_r = 0x015   at time   64662121 ps
inst0 ch0:  C_CMD: RDCMD     C_f = 0x090   at time   64662535 ps
inst0 ch0:  C_CMD: RDCMD     C_r = 0x015   at time   64665433 ps
inst0 ch0:  C_CMD: RDCMD     C_f = 0x092   at time   64665847 ps
inst0 ch0:  C_CMD: RDCMD     C_r = 0x015   at time   64668745 ps
inst0 ch0:  C_CMD: RDCMD     C_f = 0x088   at time   64669159 ps
inst0 ch0:  C_CMD: RDCMD     C_r = 0x015   at time   64672057 ps
inst0 ch0:  C_CMD: RDCMD     C_f = 0x08a   at time   64672471 ps
inst0 ch0:  C_CMD: RDCMD     C_r = 0x015   at time   64675369 ps
inst0 ch0:  C_CMD: RDCMD     C_f = 0x080   at time   64675783 ps
inst0 ch0:  R_CMD: ACTCMD    R_r0= 0x0a    at time   64677853 ps
inst0 ch0:  R_CMD: ACTCMD    R_f0= 0x00    at time   64678267 ps
inst0 ch0:  R_CMD: ACTCMD    R_r1= 0x00    at time   64678681 ps
inst0 ch0:  C_CMD: RDCMD     C_r = 0x01d   at time   64678681 ps
inst0 ch0:  R_CMD: ACTCMD    R_f1= 0x00    at time   64679095 ps
inst0 ch0:  C_CMD: RDCMD     C_f = 0x082   at time   64679095 ps
inst0 ch0:  C_CMD: RDCMD     C_r = 0x015   at time   64692757 ps
inst0 ch0:  C_CMD: RDCMD     C_f = 0x038   at time   64693171 ps
inst0 ch0:  C_CMD: RDCMD     C_r = 0x015   at time   64696069 ps
inst0 ch0:  C_CMD: RDCMD     C_f = 0x03a   at time   64696483 ps
inst0 ch0:  C_CMD: RDCMD     C_r = 0x015   at time   64699381 ps
inst0 ch0:  C_CMD: RDCMD     C_f = 0x030   at time   64699795 ps
inst0 ch0:  C_CMD: RDCMD     C_r = 0x015   at time   64702693 ps
inst0 ch0:  C_CMD: RDCMD     C_f = 0x032   at time   64703107 ps
inst0 ch0:  C_CMD: RDCMD     C_r = 0x015   at time   64706005 ps
inst0 ch0:  C_CMD: RDCMD     C_f = 0x028   at time   64706419 ps
inst0 ch0:  C_CMD: RDCMD     C_r = 0x015   at time   64709317 ps
inst0 ch0:  C_CMD: RDCMD     C_f = 0x02a   at time   64709731 ps
inst0 ch0:  C_CMD: RDCMD     C_r = 0x015   at time   64712629 ps
inst0 ch0:  C_CMD: RDCMD     C_f = 0x020   at time   64713043 ps
inst0 ch0:  C_CMD: RDCMD     C_r = 0x01d   at time   64715941 ps
inst0 ch0:  C_CMD: RDCMD     C_f = 0x022   at time   64716355 ps
inst0 ch0:  R_CMD: ACTCMD    R_r0= 0x0a    at time   64762309 ps
inst0 ch0:  R_CMD: ACTCMD    R_f0= 0x00    at time   64762723 ps
inst0 ch0:  R_CMD: ACTCMD    R_r1= 0x00    at time   64763137 ps
inst0 ch0:  R_CMD: ACTCMD    R_f1= 0x00    at time   64763551 ps
inst0 ch0:  C_CMD: WRCMD     C_r = 0x011   at time   64773073 ps
inst0 ch0:  C_CMD: WRCMD     C_f = 0x028   at time   64773487 ps
inst0 ch0:  C_CMD: WRCMD     C_r = 0x011   at time   64776385 ps
inst0 ch0:  C_CMD: WRCMD     C_f = 0x02a   at time   64776799 ps
inst0 ch0:  C_CMD: WRCMD     C_r = 0x011   at time   64779697 ps
inst0 ch0:  C_CMD: WRCMD     C_f = 0x038   at time   64780111 ps
inst0 ch0:  C_CMD: WRCMD     C_r = 0x011   at time   64783009 ps
inst0 ch0:  C_CMD: WRCMD     C_f = 0x03a   at time   64783423 ps
inst0 ch0:  C_CMD: WRCMD     C_r = 0x011   at time   64786321 ps
inst0 ch0:  C_CMD: WRCMD     C_f = 0x020   at time   64786735 ps
inst0 ch0:  C_CMD: WRCMD     C_r = 0x011   at time   64789633 ps
inst0 ch0:  C_CMD: WRCMD     C_f = 0x022   at time   64790047 ps
inst0 ch0:  C_CMD: WRCMD     C_r = 0x011   at time   64792945 ps
inst0 ch0:  C_CMD: WRCMD     C_f = 0x030   at time   64793359 ps
inst0 ch0:  C_CMD: WRCMD     C_r = 0x019   at time   64796257 ps
inst0 ch0:  C_CMD: WRCMD     C_f = 0x032   at time   64796671 ps
inst0 ch0:  R_CMD: ACTCMD    R_r0= 0x0a    at time   64825237 ps
inst0 ch0:  R_CMD: ACTCMD    R_f0= 0x08    at time   64825651 ps
inst0 ch0:  R_CMD: ACTCMD    R_r1= 0x00    at time   64826065 ps
inst0 ch0:  R_CMD: ACTCMD    R_f1= 0x00    at time   64826479 ps
inst0 ch0:  C_CMD: RDCMD     C_r = 0x015   at time   64840141 ps
inst0 ch0:  C_CMD: RDCMD     C_f = 0x0b8   at time   64840555 ps
inst0 ch0:  C_CMD: RDCMD     C_r = 0x015   at time   64843453 ps
inst0 ch0:  C_CMD: RDCMD     C_f = 0x0ba   at time   64843867 ps
inst0 ch0:  C_CMD: RDCMD     C_r = 0x015   at time   64846765 ps
inst0 ch0:  C_CMD: RDCMD     C_f = 0x0b0   at time   64847179 ps
inst0 ch0:  C_CMD: RDCMD     C_r = 0x015   at time   64850077 ps
inst0 ch0:  C_CMD: RDCMD     C_f = 0x0b2   at time   64850491 ps
inst0 ch0:  C_CMD: RDCMD     C_r = 0x015   at time   64853389 ps
inst0 ch0:  C_CMD: RDCMD     C_f = 0x0a8   at time   64853803 ps
inst0 ch0:  C_CMD: RDCMD     C_r = 0x015   at time   64856701 ps
inst0 ch0:  C_CMD: RDCMD     C_f = 0x0aa   at time   64857115 ps
inst0 ch0:  C_CMD: RDCMD     C_r = 0x015   at time   64860013 ps
inst0 ch0:  C_CMD: RDCMD     C_f = 0x0a0   at time   64860427 ps
inst0 ch0:  C_CMD: RDCMD     C_r = 0x01d   at time   64863325 ps
inst0 ch0:  C_CMD: RDCMD     C_f = 0x0a2   at time   64863739 ps
inst0 ch0:  R_CMD: ACTCMD    R_r0= 0x0a    at time   64898101 ps
inst0 ch0:  R_CMD: ACTCMD    R_f0= 0x08    at time   64898515 ps
inst0 ch0:  R_CMD: ACTCMD    R_r1= 0x00    at time   64898929 ps
inst0 ch0:  R_CMD: ACTCMD    R_f1= 0x00    at time   64899343 ps
inst0 ch0:  C_CMD: WRCMD     C_r = 0x011   at time   64908865 ps
inst0 ch0:  C_CMD: WRCMD     C_f = 0x0b8   at time   64909279 ps
inst0 ch0:  C_CMD: WRCMD     C_r = 0x011   at time   64912177 ps
inst0 ch0:  C_CMD: WRCMD     C_f = 0x0ba   at time   64912591 ps
inst0 ch0:  C_CMD: WRCMD     C_r = 0x011   at time   64915489 ps
inst0 ch0:  C_CMD: WRCMD     C_f = 0x0a8   at time   64915903 ps
inst0 ch0:  C_CMD: WRCMD     C_r = 0x011   at time   64918801 ps
inst0 ch0:  C_CMD: WRCMD     C_f = 0x0aa   at time   64919215 ps
inst0 ch0:  C_CMD: WRCMD     C_r = 0x011   at time   64922113 ps
inst0 ch0:  C_CMD: WRCMD     C_f = 0x0b0   at time   64922527 ps
inst0 ch0:  C_CMD: WRCMD     C_r = 0x011   at time   64925425 ps
inst0 ch0:  C_CMD: WRCMD     C_f = 0x0b2   at time   64925839 ps
inst0 ch0:  C_CMD: WRCMD     C_r = 0x011   at time   64928737 ps
inst0 ch0:  C_CMD: WRCMD     C_f = 0x0a0   at time   64929151 ps
inst0 ch0:  C_CMD: WRCMD     C_r = 0x019   at time   64932049 ps
inst0 ch0:  C_CMD: WRCMD     C_f = 0x0a2   at time   64932463 ps
inst0 ch0:  R_CMD: ACTCMD    R_r0= 0x02    at time   65934757 ps
inst0 ch0:  R_CMD: ACTCMD    R_f0= 0x13    at time   65935171 ps
inst0 ch0:  R_CMD: ACTCMD    R_r1= 0x3f    at time   65935585 ps
inst0 ch0:  R_CMD: ACTCMD    R_f1= 0x3b    at time   65935999 ps
inst0 ch0:  C_CMD: RDCMD     C_r = 0x005   at time   65949661 ps
inst0 ch0:  C_CMD: RDCMD     C_f = 0x000   at time   65950075 ps
inst0 ch0:  C_CMD: RDCMD     C_r = 0x00d   at time   65952973 ps
inst0 ch0:  C_CMD: RDCMD     C_f = 0x002   at time   65953387 ps
inst0 ch0:  R_CMD: ACTCMD    R_r0= 0x02    at time   66083797 ps
inst0 ch0:  R_CMD: ACTCMD    R_f0= 0x13    at time   66084211 ps
inst0 ch0:  R_CMD: ACTCMD    R_r1= 0x3f    at time   66084625 ps
inst0 ch0:  R_CMD: ACTCMD    R_f1= 0x3b    at time   66085039 ps
inst0 ch0:  C_CMD: WRCMD     C_r = 0x001   at time   66094561 ps
inst0 ch0:  C_CMD: WRCMD     C_f = 0x000   at time   66094975 ps
inst0 ch0:  C_CMD: WRCMD     C_r = 0x009   at time   66097873 ps
inst0 ch0:  C_CMD: WRCMD     C_f = 0x002   at time   66098287 ps
inst0 ch0:  R_CMD: ACTCMD    R_r0= 0x02    at time   66228697 ps
inst0 ch0:  R_CMD: ACTCMD    R_f0= 0x13    at time   66229111 ps
inst0 ch0:  R_CMD: ACTCMD    R_r1= 0x3f    at time   66229525 ps
inst0 ch0:  R_CMD: ACTCMD    R_f1= 0x3b    at time   66229939 ps
inst0 ch0:  R_CMD: ACTCMD    R_r0= 0x02    at time   66231181 ps
inst0 ch0:  R_CMD: ACTCMD    R_f0= 0x1b    at time   66231595 ps
inst0 ch0:  R_CMD: ACTCMD    R_r1= 0x3f    at time   66232009 ps
inst0 ch0:  R_CMD: ACTCMD    R_f1= 0x3b    at time   66232423 ps
inst0 ch0:  C_CMD: RDCMD     C_r = 0x005   at time   66243601 ps
inst0 ch0:  C_CMD: RDCMD     C_f = 0x000   at time   66244015 ps
inst0 ch0:  C_CMD: RDCMD     C_r = 0x005   at time   66246085 ps
inst0 ch0:  C_CMD: RDCMD     C_f = 0x080   at time   66246499 ps
inst0 ch0:  C_CMD: RDCMD     C_r = 0x00d   at time   66246913 ps
inst0 ch0:  C_CMD: RDCMD     C_f = 0x002   at time   66247327 ps
inst0 ch0:  C_CMD: RDCMD     C_r = 0x00d   at time   66249397 ps
inst0 ch0:  C_CMD: RDCMD     C_f = 0x082   at time   66249811 ps
inst0 ch0:  R_CMD: ACTCMD    R_r0= 0x02    at time   66296593 ps
inst0 ch0:  R_CMD: ACTCMD    R_f0= 0x13    at time   66297007 ps
inst0 ch0:  R_CMD: ACTCMD    R_r1= 0x3f    at time   66297421 ps
inst0 ch0:  R_CMD: ACTCMD    R_f1= 0x3b    at time   66297835 ps
inst0 ch0:  R_CMD: ACTCMD    R_r0= 0x02    at time   66302389 ps
inst0 ch0:  R_CMD: ACTCMD    R_f0= 0x1b    at time   66302803 ps
inst0 ch0:  R_CMD: ACTCMD    R_r1= 0x3f    at time   66303217 ps
inst0 ch0:  R_CMD: ACTCMD    R_f1= 0x3b    at time   66303631 ps
inst0 ch0:  C_CMD: WRCMD     C_r = 0x001   at time   66307357 ps
inst0 ch0:  C_CMD: WRCMD     C_f = 0x000   at time   66307771 ps
inst0 ch0:  C_CMD: WRCMD     C_r = 0x009   at time   66310669 ps
inst0 ch0:  C_CMD: WRCMD     C_f = 0x002   at time   66311083 ps
inst0 ch0:  C_CMD: WRCMD     C_r = 0x001   at time   66313153 ps
inst0 ch0:  C_CMD: WRCMD     C_f = 0x080   at time   66313567 ps
inst0 ch0:  C_CMD: WRCMD     C_r = 0x009   at time   66316465 ps
inst0 ch0:  C_CMD: WRCMD     C_f = 0x082   at time   66316879 ps
inst0 ch0:  R_CMD: ACTCMD    R_r0= 0x0a    at time   66506905 ps
inst0 ch0:  R_CMD: ACTCMD    R_f0= 0x11    at time   66507319 ps
inst0 ch0:  R_CMD: ACTCMD    R_r1= 0x3f    at time   66507733 ps
inst0 ch0:  R_CMD: ACTCMD    R_f1= 0x3b    at time   66508147 ps
inst0 ch0:  R_CMD: ACTCMD    R_r0= 0x02    at time   66511045 ps
inst0 ch0:  R_CMD: ACTCMD    R_f0= 0x11    at time   66511459 ps
inst0 ch0:  R_CMD: ACTCMD    R_r1= 0x3f    at time   66511873 ps
inst0 ch0:  R_CMD: ACTCMD    R_f1= 0x3b    at time   66512287 ps
inst0 ch0:  C_CMD: RDCMD     C_r = 0x015   at time   66521809 ps
inst0 ch0:  C_CMD: RDCMD     C_f = 0x078   at time   66522223 ps
inst0 ch0:  C_CMD: RDCMD     C_r = 0x01d   at time   66525121 ps
inst0 ch0:  C_CMD: RDCMD     C_f = 0x07a   at time   66525535 ps
inst0 ch0:  C_CMD: RDCMD     C_r = 0x005   at time   66528433 ps
inst0 ch0:  C_CMD: RDCMD     C_f = 0x078   at time   66528847 ps
inst0 ch0:  C_CMD: RDCMD     C_r = 0x00d   at time   66531745 ps
inst0 ch0:  C_CMD: RDCMD     C_f = 0x07a   at time   66532159 ps
inst0 ch0:  R_CMD: ACTCMD    R_r0= 0x02    at time   66563209 ps
inst0 ch0:  R_CMD: ACTCMD    R_f0= 0x1b    at time   66563623 ps
inst0 ch0:  R_CMD: ACTCMD    R_r1= 0x3f    at time   66564037 ps
inst0 ch0:  R_CMD: ACTCMD    R_f1= 0x3b    at time   66564451 ps
inst0 ch0:  R_CMD: ACTCMD    R_r0= 0x0a    at time   66577285 ps
inst0 ch0:  R_CMD: ACTCMD    R_f0= 0x11    at time   66577699 ps
inst0 ch0:  R_CMD: ACTCMD    R_r1= 0x3f    at time   66578113 ps
inst0 ch0:  C_CMD: RDCMD     C_r = 0x005   at time   66578113 ps
inst0 ch0:  R_CMD: ACTCMD    R_f1= 0x3b    at time   66578527 ps
inst0 ch0:  C_CMD: RDCMD     C_f = 0x080   at time   66578527 ps
inst0 ch0:  C_CMD: RDCMD     C_r = 0x00d   at time   66581425 ps
inst0 ch0:  C_CMD: RDCMD     C_f = 0x082   at time   66581839 ps
inst0 ch0:  R_CMD: ACTCMD    R_r0= 0x02    at time   66583909 ps
inst0 ch0:  R_CMD: ACTCMD    R_f0= 0x11    at time   66584323 ps
inst0 ch0:  R_CMD: ACTCMD    R_r1= 0x3f    at time   66584737 ps
inst0 ch0:  R_CMD: ACTCMD    R_f1= 0x3b    at time   66585151 ps
inst0 ch0:  C_CMD: WRCMD     C_r = 0x011   at time   66588049 ps
inst0 ch0:  C_CMD: WRCMD     C_f = 0x078   at time   66588463 ps
inst0 ch0:  C_CMD: WRCMD     C_r = 0x019   at time   66591361 ps
inst0 ch0:  C_CMD: WRCMD     C_f = 0x07a   at time   66591775 ps
inst0 ch0:  C_CMD: WRCMD     C_r = 0x001   at time   66594673 ps
inst0 ch0:  C_CMD: WRCMD     C_f = 0x078   at time   66595087 ps
inst0 ch0:  C_CMD: WRCMD     C_r = 0x009   at time   66597985 ps
inst0 ch0:  C_CMD: WRCMD     C_f = 0x07a   at time   66598399 ps
inst0 ch0:  R_CMD: ACTCMD    R_r0= 0x02    at time   66633589 ps
inst0 ch0:  R_CMD: ACTCMD    R_f0= 0x1b    at time   66634003 ps
inst0 ch0:  R_CMD: ACTCMD    R_r1= 0x3f    at time   66634417 ps
inst0 ch0:  R_CMD: ACTCMD    R_f1= 0x3b    at time   66634831 ps
inst0 ch0:  C_CMD: WRCMD     C_r = 0x001   at time   66644353 ps
inst0 ch0:  C_CMD: WRCMD     C_f = 0x080   at time   66644767 ps
inst0 ch0:  C_CMD: WRCMD     C_r = 0x009   at time   66647665 ps
inst0 ch0:  C_CMD: WRCMD     C_f = 0x082   at time   66648079 ps
inst0 ch0:  R_CMD: ACTCMD    R_r0= 0x0a    at time   66742057 ps
inst0 ch0:  R_CMD: ACTCMD    R_f0= 0x02    at time   66742471 ps
inst0 ch0:  R_CMD: ACTCMD    R_r1= 0x00    at time   66742885 ps
inst0 ch0:  R_CMD: ACTCMD    R_f1= 0x00    at time   66743299 ps
inst0 ch0:  R_CMD: ACTCMD    R_r0= 0x02    at time   66746197 ps
inst0 ch0:  R_CMD: ACTCMD    R_f0= 0x02    at time   66746611 ps
inst0 ch0:  R_CMD: ACTCMD    R_r1= 0x00    at time   66747025 ps
inst0 ch0:  R_CMD: ACTCMD    R_f1= 0x00    at time   66747439 ps
inst0 ch0:  C_CMD: RDCMD     C_r = 0x015   at time   66756961 ps
inst0 ch0:  C_CMD: RDCMD     C_f = 0x000   at time   66757375 ps
inst0 ch0:  C_CMD: RDCMD     C_r = 0x01d   at time   66760273 ps
inst0 ch0:  C_CMD: RDCMD     C_f = 0x002   at time   66760687 ps
inst0 ch0:  C_CMD: RDCMD     C_r = 0x005   at time   66763585 ps
inst0 ch0:  C_CMD: RDCMD     C_f = 0x000   at time   66763999 ps
inst0 ch0:  C_CMD: RDCMD     C_r = 0x00d   at time   66766897 ps
inst0 ch0:  C_CMD: RDCMD     C_f = 0x002   at time   66767311 ps
inst0 ch0:  R_CMD: ACTCMD    R_r0= 0x0a    at time   66816577 ps
inst0 ch0:  R_CMD: ACTCMD    R_f0= 0x19    at time   66816991 ps
inst0 ch0:  R_CMD: ACTCMD    R_r1= 0x3f    at time   66817405 ps
inst0 ch0:  R_CMD: ACTCMD    R_f1= 0x3b    at time   66817819 ps
inst0 ch0:  R_CMD: ACTCMD    R_r0= 0x02    at time   66820717 ps
inst0 ch0:  R_CMD: ACTCMD    R_f0= 0x19    at time   66821131 ps
inst0 ch0:  R_CMD: ACTCMD    R_r1= 0x3f    at time   66821545 ps
inst0 ch0:  R_CMD: ACTCMD    R_f1= 0x3b    at time   66821959 ps
inst0 ch0:  C_CMD: RDCMD     C_r = 0x015   at time   66831481 ps
inst0 ch0:  C_CMD: RDCMD     C_f = 0x0f8   at time   66831895 ps
inst0 ch0:  C_CMD: RDCMD     C_r = 0x01d   at time   66834793 ps
inst0 ch0:  C_CMD: RDCMD     C_f = 0x0fa   at time   66835207 ps
inst0 ch0:  C_CMD: RDCMD     C_r = 0x005   at time   66838105 ps
inst0 ch0:  C_CMD: RDCMD     C_f = 0x0f8   at time   66838519 ps
inst0 ch0:  C_CMD: RDCMD     C_r = 0x00d   at time   66841417 ps
inst0 ch0:  C_CMD: RDCMD     C_f = 0x0fa   at time   66841831 ps
inst0 ch0:  R_CMD: ACTCMD    R_r0= 0x0a    at time   66889441 ps
inst0 ch0:  R_CMD: ACTCMD    R_f0= 0x19    at time   66889855 ps
inst0 ch0:  R_CMD: ACTCMD    R_r1= 0x3f    at time   66890269 ps
inst0 ch0:  R_CMD: ACTCMD    R_f1= 0x3b    at time   66890683 ps
inst0 ch0:  R_CMD: ACTCMD    R_r0= 0x02    at time   66893581 ps
inst0 ch0:  R_CMD: ACTCMD    R_f0= 0x19    at time   66893995 ps
inst0 ch0:  R_CMD: ACTCMD    R_r1= 0x3f    at time   66894409 ps
inst0 ch0:  R_CMD: ACTCMD    R_f1= 0x3b    at time   66894823 ps
inst0 ch0:  C_CMD: WRCMD     C_r = 0x011   at time   66900205 ps
inst0 ch0:  C_CMD: WRCMD     C_f = 0x0f8   at time   66900619 ps
inst0 ch0:  C_CMD: WRCMD     C_r = 0x019   at time   66903517 ps
inst0 ch0:  C_CMD: WRCMD     C_f = 0x0fa   at time   66903931 ps
inst0 ch0:  C_CMD: WRCMD     C_r = 0x001   at time   66906829 ps
inst0 ch0:  C_CMD: WRCMD     C_f = 0x0f8   at time   66907243 ps
inst0 ch0:  C_CMD: WRCMD     C_r = 0x009   at time   66910141 ps
inst0 ch0:  C_CMD: WRCMD     C_f = 0x0fa   at time   66910555 ps
inst0 ch0:  R_CMD: ACTCMD    R_r0= 0x0a    at time   67146949 ps
inst0 ch0:  R_CMD: ACTCMD    R_f0= 0x0a    at time   67147363 ps
inst0 ch0:  R_CMD: ACTCMD    R_r1= 0x00    at time   67147777 ps
inst0 ch0:  R_CMD: ACTCMD    R_f1= 0x00    at time   67148191 ps
inst0 ch0:  R_CMD: ACTCMD    R_r0= 0x02    at time   67151089 ps
inst0 ch0:  R_CMD: ACTCMD    R_f0= 0x0a    at time   67151503 ps
inst0 ch0:  R_CMD: ACTCMD    R_r1= 0x00    at time   67151917 ps
inst0 ch0:  R_CMD: ACTCMD    R_f1= 0x00    at time   67152331 ps
inst0 ch0:  C_CMD: RDCMD     C_r = 0x015   at time   67161853 ps
inst0 ch0:  C_CMD: RDCMD     C_f = 0x080   at time   67162267 ps
inst0 ch0:  C_CMD: RDCMD     C_r = 0x01d   at time   67165165 ps
inst0 ch0:  C_CMD: RDCMD     C_f = 0x082   at time   67165579 ps
inst0 ch0:  C_CMD: RDCMD     C_r = 0x005   at time   67168477 ps
inst0 ch0:  C_CMD: RDCMD     C_f = 0x080   at time   67168891 ps
inst0 ch0:  C_CMD: RDCMD     C_r = 0x00d   at time   67171789 ps
inst0 ch0:  C_CMD: RDCMD     C_f = 0x082   at time   67172203 ps
