inst0 ch0:  R_CMD: ACTCMD    R_r0= 0x0e    at time   33400981 ps
inst0 ch0:  R_CMD: ACTCMD    R_f0= 0x28    at time   33401395 ps
inst0 ch0:  R_CMD: ACTCMD    R_r1= 0x00    at time   33401809 ps
inst0 ch0:  R_CMD: ACTCMD    R_f1= 0x02    at time   33402223 ps
inst0 ch0:  R_CMD: ACTCMD    R_r0= 0x0e    at time   33402637 ps
inst0 ch0:  R_CMD: ACTCMD    R_f0= 0x20    at time   33403051 ps
inst0 ch0:  R_CMD: ACTCMD    R_r1= 0x00    at time   33403465 ps
inst0 ch0:  R_CMD: ACTCMD    R_f1= 0x02    at time   33403879 ps
inst0 ch0:  C_CMD: WRCMD     C_r = 0x091   at time   33411745 ps
inst0 ch0:  C_CMD: WRCMD     C_f = 0x0a9   at time   33412159 ps
inst0 ch0:  C_CMD: WRCMD     C_r = 0x091   at time   33413401 ps
inst0 ch0:  C_CMD: WRCMD     C_f = 0x029   at time   33413815 ps
inst0 ch0:  C_CMD: WRCMD     C_r = 0x091   at time   33415057 ps
inst0 ch0:  C_CMD: WRCMD     C_f = 0x0ab   at time   33415471 ps
inst0 ch0:  C_CMD: WRCMD     C_r = 0x091   at time   33416713 ps
inst0 ch0:  C_CMD: WRCMD     C_f = 0x02b   at time   33417127 ps
inst0 ch0:  C_CMD: WRCMD     C_r = 0x091   at time   33418369 ps
inst0 ch0:  C_CMD: WRCMD     C_f = 0x0a1   at time   33418783 ps
inst0 ch0:  C_CMD: WRCMD     C_r = 0x091   at time   33420025 ps
inst0 ch0:  C_CMD: WRCMD     C_f = 0x021   at time   33420439 ps
inst0 ch0:  C_CMD: WRCMD     C_r = 0x099   at time   33421681 ps
inst0 ch0:  C_CMD: WRCMD     C_f = 0x0a3   at time   33422095 ps
inst0 ch0:  C_CMD: WRCMD     C_r = 0x099   at time   33423337 ps
inst0 ch0:  C_CMD: WRCMD     C_f = 0x023   at time   33423751 ps
inst0 ch0:  R_CMD: ACTCMD    R_r0= 0x2e    at time   37545121 ps
inst0 ch0:  R_CMD: ACTCMD    R_f0= 0x28    at time   37545535 ps
inst0 ch0:  R_CMD: ACTCMD    R_r1= 0x00    at time   37545949 ps
inst0 ch0:  R_CMD: ACTCMD    R_f1= 0x02    at time   37546363 ps
inst0 ch0:  R_CMD: ACTCMD    R_r0= 0x2e    at time   37548433 ps
inst0 ch0:  R_CMD: ACTCMD    R_f0= 0x20    at time   37548847 ps
inst0 ch0:  R_CMD: ACTCMD    R_r1= 0x00    at time   37549261 ps
inst0 ch0:  R_CMD: ACTCMD    R_f1= 0x02    at time   37549675 ps
inst0 ch0:  C_CMD: WRCMD     C_r = 0x0d1   at time   37555885 ps
inst0 ch0:  C_CMD: WRCMD     C_f = 0x0a9   at time   37556299 ps
inst0 ch0:  C_CMD: WRCMD     C_r = 0x0d1   at time   37559197 ps
inst0 ch0:  C_CMD: WRCMD     C_f = 0x0ab   at time   37559611 ps
inst0 ch0:  C_CMD: WRCMD     C_r = 0x0d1   at time   37560025 ps
inst0 ch0:  C_CMD: WRCMD     C_f = 0x029   at time   37560439 ps
inst0 ch0:  C_CMD: WRCMD     C_r = 0x0d1   at time   37562509 ps
inst0 ch0:  C_CMD: WRCMD     C_f = 0x0a1   at time   37562923 ps
inst0 ch0:  C_CMD: WRCMD     C_r = 0x0d1   at time   37563337 ps
inst0 ch0:  C_CMD: WRCMD     C_f = 0x02b   at time   37563751 ps
inst0 ch0:  C_CMD: WRCMD     C_r = 0x0d9   at time   37565821 ps
inst0 ch0:  C_CMD: WRCMD     C_f = 0x0a3   at time   37566235 ps
inst0 ch0:  C_CMD: WRCMD     C_r = 0x0d1   at time   37566649 ps
inst0 ch0:  C_CMD: WRCMD     C_f = 0x021   at time   37567063 ps
inst0 ch0:  C_CMD: WRCMD     C_r = 0x0d9   at time   37569961 ps
inst0 ch0:  C_CMD: WRCMD     C_f = 0x023   at time   37570375 ps
inst0 ch0:  R_CMD: ACTCMD    R_r0= 0x22    at time   54829621 ps
inst0 ch0:  R_CMD: ACTCMD    R_f0= 0x22    at time   54830035 ps
inst0 ch0:  R_CMD: ACTCMD    R_r1= 0x00    at time   54830449 ps
inst0 ch0:  R_CMD: ACTCMD    R_f1= 0x00    at time   54830863 ps
inst0 ch0:  R_CMD: ACTCMD    R_r0= 0x22    at time   54831277 ps
inst0 ch0:  R_CMD: ACTCMD    R_f0= 0x2a    at time   54831691 ps
inst0 ch0:  R_CMD: ACTCMD    R_r1= 0x00    at time   54832105 ps
inst0 ch0:  R_CMD: ACTCMD    R_f1= 0x00    at time   54832519 ps
inst0 ch0:  R_CMD: ACTCMD    R_r0= 0x02    at time   54833761 ps
inst0 ch0:  R_CMD: ACTCMD    R_f0= 0x22    at time   54834175 ps
inst0 ch0:  R_CMD: ACTCMD    R_r1= 0x00    at time   54834589 ps
inst0 ch0:  R_CMD: ACTCMD    R_f1= 0x00    at time   54835003 ps
inst0 ch0:  R_CMD: ACTCMD    R_r0= 0x02    at time   54835417 ps
inst0 ch0:  R_CMD: ACTCMD    R_f0= 0x2a    at time   54835831 ps
inst0 ch0:  R_CMD: ACTCMD    R_r1= 0x00    at time   54836245 ps
inst0 ch0:  R_CMD: ACTCMD    R_f1= 0x00    at time   54836659 ps
inst0 ch0:  R_CMD: ACTCMD    R_r0= 0x22    at time   54837901 ps
inst0 ch0:  R_CMD: ACTCMD    R_f0= 0x02    at time   54838315 ps
inst0 ch0:  R_CMD: ACTCMD    R_r1= 0x00    at time   54838729 ps
inst0 ch0:  R_CMD: ACTCMD    R_f1= 0x00    at time   54839143 ps
inst0 ch0:  R_CMD: ACTCMD    R_r0= 0x22    at time   54839557 ps
inst0 ch0:  R_CMD: ACTCMD    R_f0= 0x0a    at time   54839971 ps
inst0 ch0:  R_CMD: ACTCMD    R_r1= 0x00    at time   54840385 ps
inst0 ch0:  R_CMD: ACTCMD    R_f1= 0x00    at time   54840799 ps
inst0 ch0:  R_CMD: ACTCMD    R_r0= 0x02    at time   54842041 ps
inst0 ch0:  R_CMD: ACTCMD    R_f0= 0x02    at time   54842455 ps
inst0 ch0:  R_CMD: ACTCMD    R_r1= 0x00    at time   54842869 ps
inst0 ch0:  R_CMD: ACTCMD    R_f1= 0x00    at time   54843283 ps
inst0 ch0:  R_CMD: ACTCMD    R_r0= 0x02    at time   54843697 ps
inst0 ch0:  R_CMD: ACTCMD    R_f0= 0x0a    at time   54844111 ps
inst0 ch0:  R_CMD: ACTCMD    R_r1= 0x00    at time   54844525 ps
inst0 ch0:  C_CMD: RDCMD     C_r = 0x0c5   at time   54844525 ps
inst0 ch0:  R_CMD: ACTCMD    R_f1= 0x00    at time   54844939 ps
inst0 ch0:  C_CMD: RDCMD     C_f = 0x000   at time   54844939 ps
inst0 ch0:  C_CMD: RDCMD     C_r = 0x0c5   at time   54846181 ps
inst0 ch0:  C_CMD: RDCMD     C_f = 0x080   at time   54846595 ps
inst0 ch0:  C_CMD: RDCMD     C_r = 0x0cd   at time   54847837 ps
inst0 ch0:  C_CMD: RDCMD     C_f = 0x002   at time   54848251 ps
inst0 ch0:  C_CMD: RDCMD     C_r = 0x085   at time   54849493 ps
inst0 ch0:  C_CMD: RDCMD     C_f = 0x000   at time   54849907 ps
inst0 ch0:  C_CMD: RDCMD     C_r = 0x0cd   at time   54850321 ps
inst0 ch0:  C_CMD: RDCMD     C_f = 0x082   at time   54850735 ps
inst0 ch0:  C_CMD: RDCMD     C_r = 0x085   at time   54851977 ps
inst0 ch0:  C_CMD: RDCMD     C_f = 0x080   at time   54852391 ps
inst0 ch0:  C_CMD: RDCMD     C_r = 0x08d   at time   54852805 ps
inst0 ch0:  C_CMD: RDCMD     C_f = 0x002   at time   54853219 ps
inst0 ch0:  C_CMD: RDCMD     C_r = 0x045   at time   54854461 ps
inst0 ch0:  C_CMD: RDCMD     C_f = 0x000   at time   54854875 ps
inst0 ch0:  C_CMD: RDCMD     C_r = 0x08d   at time   54855289 ps
inst0 ch0:  C_CMD: RDCMD     C_f = 0x082   at time   54855703 ps
inst0 ch0:  C_CMD: RDCMD     C_r = 0x005   at time   54856945 ps
inst0 ch0:  C_CMD: RDCMD     C_f = 0x000   at time   54857359 ps
inst0 ch0:  C_CMD: RDCMD     C_r = 0x045   at time   54857773 ps
inst0 ch0:  C_CMD: RDCMD     C_f = 0x080   at time   54858187 ps
inst0 ch0:  C_CMD: RDCMD     C_r = 0x04d   at time   54858601 ps
inst0 ch0:  C_CMD: RDCMD     C_f = 0x002   at time   54859015 ps
inst0 ch0:  C_CMD: RDCMD     C_r = 0x005   at time   54859429 ps
inst0 ch0:  C_CMD: RDCMD     C_f = 0x080   at time   54859843 ps
inst0 ch0:  C_CMD: RDCMD     C_r = 0x00d   at time   54860257 ps
inst0 ch0:  C_CMD: RDCMD     C_f = 0x002   at time   54860671 ps
inst0 ch0:  C_CMD: RDCMD     C_r = 0x04d   at time   54861085 ps
inst0 ch0:  C_CMD: RDCMD     C_f = 0x082   at time   54861499 ps
inst0 ch0:  C_CMD: RDCMD     C_r = 0x00d   at time   54862741 ps
inst0 ch0:  C_CMD: RDCMD     C_f = 0x082   at time   54863155 ps
inst0 ch0:  R_CMD: ACTCMD    R_r0= 0x2e    at time   55093753 ps
inst0 ch0:  R_CMD: ACTCMD    R_f0= 0x20    at time   55094167 ps
inst0 ch0:  R_CMD: ACTCMD    R_r1= 0x00    at time   55094581 ps
inst0 ch0:  R_CMD: ACTCMD    R_f1= 0x02    at time   55094995 ps
inst0 ch0:  C_CMD: RDCMD     C_r = 0x0d5   at time   55108657 ps
inst0 ch0:  C_CMD: RDCMD     C_f = 0x021   at time   55109071 ps
inst0 ch0:  C_CMD: RDCMD     C_r = 0x0dd   at time   55111969 ps
inst0 ch0:  C_CMD: RDCMD     C_f = 0x023   at time   55112383 ps
inst0 ch0:  R_CMD: ACTCMD    R_r0= 0x2a    at time   55384381 ps
inst0 ch0:  R_CMD: ACTCMD    R_f0= 0x22    at time   55384795 ps
inst0 ch0:  R_CMD: ACTCMD    R_r1= 0x00    at time   55385209 ps
inst0 ch0:  R_CMD: ACTCMD    R_f1= 0x00    at time   55385623 ps
inst0 ch0:  R_CMD: ACTCMD    R_r0= 0x0a    at time   55388521 ps
inst0 ch0:  R_CMD: ACTCMD    R_f0= 0x22    at time   55388935 ps
inst0 ch0:  R_CMD: ACTCMD    R_r1= 0x00    at time   55389349 ps
inst0 ch0:  R_CMD: ACTCMD    R_f1= 0x00    at time   55389763 ps
inst0 ch0:  R_CMD: ACTCMD    R_r0= 0x2a    at time   55392661 ps
inst0 ch0:  R_CMD: ACTCMD    R_f0= 0x02    at time   55393075 ps
inst0 ch0:  R_CMD: ACTCMD    R_r1= 0x00    at time   55393489 ps
inst0 ch0:  R_CMD: ACTCMD    R_f1= 0x00    at time   55393903 ps
inst0 ch0:  R_CMD: ACTCMD    R_r0= 0x0a    at time   55396801 ps
inst0 ch0:  R_CMD: ACTCMD    R_f0= 0x02    at time   55397215 ps
inst0 ch0:  R_CMD: ACTCMD    R_r1= 0x00    at time   55397629 ps
inst0 ch0:  R_CMD: ACTCMD    R_f1= 0x00    at time   55398043 ps
inst0 ch0:  C_CMD: RDCMD     C_r = 0x0d5   at time   55399285 ps
inst0 ch0:  C_CMD: RDCMD     C_f = 0x000   at time   55399699 ps
inst0 ch0:  C_CMD: RDCMD     C_r = 0x0dd   at time   55402597 ps
inst0 ch0:  C_CMD: RDCMD     C_f = 0x002   at time   55403011 ps
inst0 ch0:  C_CMD: RDCMD     C_r = 0x095   at time   55404253 ps
inst0 ch0:  C_CMD: RDCMD     C_f = 0x000   at time   55404667 ps
inst0 ch0:  C_CMD: RDCMD     C_r = 0x09d   at time   55407565 ps
inst0 ch0:  C_CMD: RDCMD     C_f = 0x002   at time   55407979 ps
inst0 ch0:  C_CMD: RDCMD     C_r = 0x055   at time   55409221 ps
inst0 ch0:  C_CMD: RDCMD     C_f = 0x000   at time   55409635 ps
inst0 ch0:  C_CMD: RDCMD     C_r = 0x015   at time   55411705 ps
inst0 ch0:  C_CMD: RDCMD     C_f = 0x000   at time   55412119 ps
inst0 ch0:  C_CMD: RDCMD     C_r = 0x05d   at time   55413361 ps
inst0 ch0:  C_CMD: RDCMD     C_f = 0x002   at time   55413775 ps
inst0 ch0:  C_CMD: RDCMD     C_r = 0x01d   at time   55415017 ps
inst0 ch0:  C_CMD: RDCMD     C_f = 0x002   at time   55415431 ps
inst0 ch0:  R_CMD: ACTCMD    R_r0= 0x2a    at time   55427437 ps
inst0 ch0:  R_CMD: ACTCMD    R_f0= 0x2a    at time   55427851 ps
inst0 ch0:  R_CMD: ACTCMD    R_r1= 0x00    at time   55428265 ps
inst0 ch0:  R_CMD: ACTCMD    R_f1= 0x00    at time   55428679 ps
inst0 ch0:  R_CMD: ACTCMD    R_r0= 0x0a    at time   55431577 ps
inst0 ch0:  R_CMD: ACTCMD    R_f0= 0x2a    at time   55431991 ps
inst0 ch0:  R_CMD: ACTCMD    R_r1= 0x00    at time   55432405 ps
inst0 ch0:  R_CMD: ACTCMD    R_f1= 0x00    at time   55432819 ps
inst0 ch0:  R_CMD: ACTCMD    R_r0= 0x2a    at time   55435717 ps
inst0 ch0:  R_CMD: ACTCMD    R_f0= 0x0a    at time   55436131 ps
inst0 ch0:  R_CMD: ACTCMD    R_r1= 0x00    at time   55436545 ps
inst0 ch0:  R_CMD: ACTCMD    R_f1= 0x00    at time   55436959 ps
inst0 ch0:  R_CMD: ACTCMD    R_r0= 0x0a    at time   55439857 ps
inst0 ch0:  R_CMD: ACTCMD    R_f0= 0x0a    at time   55440271 ps
inst0 ch0:  R_CMD: ACTCMD    R_r1= 0x00    at time   55440685 ps
inst0 ch0:  R_CMD: ACTCMD    R_f1= 0x00    at time   55441099 ps
inst0 ch0:  C_CMD: RDCMD     C_r = 0x0d5   at time   55442341 ps
inst0 ch0:  C_CMD: RDCMD     C_f = 0x080   at time   55442755 ps
inst0 ch0:  C_CMD: RDCMD     C_r = 0x0dd   at time   55445653 ps
inst0 ch0:  C_CMD: RDCMD     C_f = 0x082   at time   55446067 ps
inst0 ch0:  C_CMD: RDCMD     C_r = 0x095   at time   55447309 ps
inst0 ch0:  C_CMD: RDCMD     C_f = 0x080   at time   55447723 ps
inst0 ch0:  C_CMD: RDCMD     C_r = 0x09d   at time   55450621 ps
inst0 ch0:  C_CMD: RDCMD     C_f = 0x082   at time   55451035 ps
inst0 ch0:  C_CMD: RDCMD     C_r = 0x055   at time   55452277 ps
inst0 ch0:  C_CMD: RDCMD     C_f = 0x080   at time   55452691 ps
inst0 ch0:  C_CMD: RDCMD     C_r = 0x015   at time   55454761 ps
inst0 ch0:  C_CMD: RDCMD     C_f = 0x080   at time   55455175 ps
inst0 ch0:  C_CMD: RDCMD     C_r = 0x05d   at time   55456417 ps
inst0 ch0:  C_CMD: RDCMD     C_f = 0x082   at time   55456831 ps
inst0 ch0:  C_CMD: RDCMD     C_r = 0x01d   at time   55458073 ps
inst0 ch0:  C_CMD: RDCMD     C_f = 0x082   at time   55458487 ps
inst0 ch0:  R_CMD: ACTCMD    R_r0= 0x32    at time   55596349 ps
inst0 ch0:  R_CMD: ACTCMD    R_f0= 0x22    at time   55596763 ps
inst0 ch0:  R_CMD: ACTCMD    R_r1= 0x00    at time   55597177 ps
inst0 ch0:  R_CMD: ACTCMD    R_f1= 0x00    at time   55597591 ps
inst0 ch0:  R_CMD: ACTCMD    R_r0= 0x12    at time   55600489 ps
inst0 ch0:  R_CMD: ACTCMD    R_f0= 0x22    at time   55600903 ps
inst0 ch0:  R_CMD: ACTCMD    R_r1= 0x00    at time   55601317 ps
inst0 ch0:  R_CMD: ACTCMD    R_f1= 0x00    at time   55601731 ps
inst0 ch0:  R_CMD: ACTCMD    R_r0= 0x32    at time   55604629 ps
inst0 ch0:  R_CMD: ACTCMD    R_f0= 0x02    at time   55605043 ps
inst0 ch0:  R_CMD: ACTCMD    R_r1= 0x00    at time   55605457 ps
inst0 ch0:  R_CMD: ACTCMD    R_f1= 0x00    at time   55605871 ps
inst0 ch0:  C_CMD: RDCMD     C_r = 0x0e5   at time   55611253 ps
inst0 ch0:  C_CMD: RDCMD     C_f = 0x000   at time   55611667 ps
inst0 ch0:  C_CMD: RDCMD     C_r = 0x0ed   at time   55614565 ps
inst0 ch0:  C_CMD: RDCMD     C_f = 0x002   at time   55614979 ps
inst0 ch0:  C_CMD: RDCMD     C_r = 0x0a5   at time   55616221 ps
inst0 ch0:  C_CMD: RDCMD     C_f = 0x000   at time   55616635 ps
inst0 ch0:  C_CMD: RDCMD     C_r = 0x0ad   at time   55619533 ps
inst0 ch0:  C_CMD: RDCMD     C_f = 0x002   at time   55619947 ps
inst0 ch0:  C_CMD: RDCMD     C_r = 0x065   at time   55621189 ps
inst0 ch0:  C_CMD: RDCMD     C_f = 0x000   at time   55621603 ps
inst0 ch0:  C_CMD: RDCMD     C_r = 0x06d   at time   55624501 ps
inst0 ch0:  C_CMD: RDCMD     C_f = 0x002   at time   55624915 ps
inst0 ch0:  R_CMD: ACTCMD    R_r0= 0x12    at time   55660933 ps
inst0 ch0:  R_CMD: ACTCMD    R_f0= 0x02    at time   55661347 ps
inst0 ch0:  R_CMD: ACTCMD    R_r1= 0x00    at time   55661761 ps
inst0 ch0:  R_CMD: ACTCMD    R_f1= 0x00    at time   55662175 ps
inst0 ch0:  C_CMD: RDCMD     C_r = 0x025   at time   55675837 ps
inst0 ch0:  C_CMD: RDCMD     C_f = 0x000   at time   55676251 ps
inst0 ch0:  C_CMD: RDCMD     C_r = 0x02d   at time   55679149 ps
inst0 ch0:  C_CMD: RDCMD     C_f = 0x002   at time   55679563 ps
inst0 ch0:  R_CMD: ACTCMD    R_r0= 0x32    at time   55703989 ps
inst0 ch0:  R_CMD: ACTCMD    R_f0= 0x2a    at time   55704403 ps
inst0 ch0:  R_CMD: ACTCMD    R_r1= 0x00    at time   55704817 ps
inst0 ch0:  R_CMD: ACTCMD    R_f1= 0x00    at time   55705231 ps
inst0 ch0:  R_CMD: ACTCMD    R_r0= 0x12    at time   55708129 ps
inst0 ch0:  R_CMD: ACTCMD    R_f0= 0x2a    at time   55708543 ps
inst0 ch0:  R_CMD: ACTCMD    R_r1= 0x00    at time   55708957 ps
inst0 ch0:  R_CMD: ACTCMD    R_f1= 0x00    at time   55709371 ps
inst0 ch0:  R_CMD: ACTCMD    R_r0= 0x32    at time   55712269 ps
inst0 ch0:  R_CMD: ACTCMD    R_f0= 0x0a    at time   55712683 ps
inst0 ch0:  R_CMD: ACTCMD    R_r1= 0x00    at time   55713097 ps
inst0 ch0:  R_CMD: ACTCMD    R_f1= 0x00    at time   55713511 ps
inst0 ch0:  R_CMD: ACTCMD    R_r0= 0x12    at time   55716409 ps
inst0 ch0:  R_CMD: ACTCMD    R_f0= 0x0a    at time   55716823 ps
inst0 ch0:  R_CMD: ACTCMD    R_r1= 0x00    at time   55717237 ps
inst0 ch0:  R_CMD: ACTCMD    R_f1= 0x00    at time   55717651 ps
inst0 ch0:  C_CMD: RDCMD     C_r = 0x0e5   at time   55718893 ps
inst0 ch0:  C_CMD: RDCMD     C_f = 0x080   at time   55719307 ps
inst0 ch0:  C_CMD: RDCMD     C_r = 0x0ed   at time   55722205 ps
inst0 ch0:  C_CMD: RDCMD     C_f = 0x082   at time   55722619 ps
inst0 ch0:  C_CMD: RDCMD     C_r = 0x0a5   at time   55723861 ps
inst0 ch0:  C_CMD: RDCMD     C_f = 0x080   at time   55724275 ps
inst0 ch0:  C_CMD: RDCMD     C_r = 0x0ad   at time   55727173 ps
inst0 ch0:  C_CMD: RDCMD     C_f = 0x082   at time   55727587 ps
inst0 ch0:  C_CMD: RDCMD     C_r = 0x065   at time   55728829 ps
inst0 ch0:  C_CMD: RDCMD     C_f = 0x080   at time   55729243 ps
inst0 ch0:  C_CMD: RDCMD     C_r = 0x025   at time   55731313 ps
inst0 ch0:  C_CMD: RDCMD     C_f = 0x080   at time   55731727 ps
inst0 ch0:  C_CMD: RDCMD     C_r = 0x06d   at time   55732969 ps
inst0 ch0:  C_CMD: RDCMD     C_f = 0x082   at time   55733383 ps
inst0 ch0:  C_CMD: RDCMD     C_r = 0x02d   at time   55734625 ps
inst0 ch0:  C_CMD: RDCMD     C_f = 0x082   at time   55735039 ps
inst0 ch0:  R_CMD: ACTCMD    R_r0= 0x2e    at time   55780993 ps
inst0 ch0:  R_CMD: ACTCMD    R_f0= 0x28    at time   55781407 ps
inst0 ch0:  R_CMD: ACTCMD    R_r1= 0x00    at time   55781821 ps
inst0 ch0:  R_CMD: ACTCMD    R_f1= 0x02    at time   55782235 ps
inst0 ch0:  C_CMD: RDCMD     C_r = 0x0d5   at time   55795897 ps
inst0 ch0:  C_CMD: RDCMD     C_f = 0x0a1   at time   55796311 ps
inst0 ch0:  C_CMD: RDCMD     C_r = 0x0dd   at time   55799209 ps
inst0 ch0:  C_CMD: RDCMD     C_f = 0x0a3   at time   55799623 ps
inst0 ch0:  R_CMD: ACTCMD    R_r0= 0x3a    at time   56081557 ps
inst0 ch0:  R_CMD: ACTCMD    R_f0= 0x22    at time   56081971 ps
inst0 ch0:  R_CMD: ACTCMD    R_r1= 0x00    at time   56082385 ps
inst0 ch0:  R_CMD: ACTCMD    R_f1= 0x00    at time   56082799 ps
inst0 ch0:  R_CMD: ACTCMD    R_r0= 0x1a    at time   56085697 ps
inst0 ch0:  R_CMD: ACTCMD    R_f0= 0x22    at time   56086111 ps
inst0 ch0:  R_CMD: ACTCMD    R_r1= 0x00    at time   56086525 ps
inst0 ch0:  R_CMD: ACTCMD    R_f1= 0x00    at time   56086939 ps
inst0 ch0:  R_CMD: ACTCMD    R_r0= 0x3a    at time   56089837 ps
inst0 ch0:  R_CMD: ACTCMD    R_f0= 0x02    at time   56090251 ps
inst0 ch0:  R_CMD: ACTCMD    R_r1= 0x00    at time   56090665 ps
inst0 ch0:  R_CMD: ACTCMD    R_f1= 0x00    at time   56091079 ps
inst0 ch0:  R_CMD: ACTCMD    R_r0= 0x1a    at time   56093977 ps
inst0 ch0:  R_CMD: ACTCMD    R_f0= 0x02    at time   56094391 ps
inst0 ch0:  R_CMD: ACTCMD    R_r1= 0x00    at time   56094805 ps
inst0 ch0:  R_CMD: ACTCMD    R_f1= 0x00    at time   56095219 ps
inst0 ch0:  R_CMD: ACTCMD    R_r0= 0x3a    at time   56096461 ps
inst0 ch0:  C_CMD: RDCMD     C_r = 0x0f5   at time   56096461 ps
inst0 ch0:  R_CMD: ACTCMD    R_f0= 0x2a    at time   56096875 ps
inst0 ch0:  C_CMD: RDCMD     C_f = 0x000   at time   56096875 ps
inst0 ch0:  R_CMD: ACTCMD    R_r1= 0x00    at time   56097289 ps
inst0 ch0:  R_CMD: ACTCMD    R_f1= 0x00    at time   56097703 ps
inst0 ch0:  C_CMD: RDCMD     C_r = 0x0fd   at time   56099773 ps
inst0 ch0:  C_CMD: RDCMD     C_f = 0x002   at time   56100187 ps
inst0 ch0:  R_CMD: ACTCMD    R_r0= 0x1a    at time   56100601 ps
inst0 ch0:  R_CMD: ACTCMD    R_f0= 0x2a    at time   56101015 ps
inst0 ch0:  R_CMD: ACTCMD    R_r1= 0x00    at time   56101429 ps
inst0 ch0:  C_CMD: RDCMD     C_r = 0x0b5   at time   56101429 ps
inst0 ch0:  R_CMD: ACTCMD    R_f1= 0x00    at time   56101843 ps
inst0 ch0:  C_CMD: RDCMD     C_f = 0x000   at time   56101843 ps
inst0 ch0:  R_CMD: ACTCMD    R_r0= 0x2e    at time   56103085 ps
inst0 ch0:  R_CMD: ACTCMD    R_f0= 0x20    at time   56103499 ps
inst0 ch0:  R_CMD: ACTCMD    R_r1= 0x00    at time   56103913 ps
inst0 ch0:  R_CMD: ACTCMD    R_f1= 0x02    at time   56104327 ps
inst0 ch0:  R_CMD: ACTCMD    R_r0= 0x3a    at time   56104741 ps
inst0 ch0:  C_CMD: RDCMD     C_r = 0x0bd   at time   56104741 ps
inst0 ch0:  R_CMD: ACTCMD    R_f0= 0x0a    at time   56105155 ps
inst0 ch0:  C_CMD: RDCMD     C_f = 0x002   at time   56105155 ps
inst0 ch0:  R_CMD: ACTCMD    R_r1= 0x00    at time   56105569 ps
inst0 ch0:  R_CMD: ACTCMD    R_f1= 0x00    at time   56105983 ps
inst0 ch0:  C_CMD: RDCMD     C_r = 0x075   at time   56106397 ps
inst0 ch0:  C_CMD: RDCMD     C_f = 0x000   at time   56106811 ps
inst0 ch0:  R_CMD: ACTCMD    R_r0= 0x1a    at time   56108881 ps
inst0 ch0:  C_CMD: RDCMD     C_r = 0x035   at time   56108881 ps
inst0 ch0:  R_CMD: ACTCMD    R_f0= 0x0a    at time   56109295 ps
inst0 ch0:  C_CMD: RDCMD     C_f = 0x000   at time   56109295 ps
inst0 ch0:  R_CMD: ACTCMD    R_r1= 0x00    at time   56109709 ps
inst0 ch0:  R_CMD: ACTCMD    R_f1= 0x00    at time   56110123 ps
inst0 ch0:  C_CMD: RDCMD     C_r = 0x07d   at time   56110537 ps
inst0 ch0:  C_CMD: RDCMD     C_f = 0x002   at time   56110951 ps
inst0 ch0:  C_CMD: RDCMD     C_r = 0x0f5   at time   56111365 ps
inst0 ch0:  C_CMD: RDCMD     C_f = 0x080   at time   56111779 ps
inst0 ch0:  C_CMD: RDCMD     C_r = 0x03d   at time   56112193 ps
inst0 ch0:  C_CMD: RDCMD     C_f = 0x002   at time   56112607 ps
inst0 ch0:  C_CMD: RDCMD     C_r = 0x0fd   at time   56114677 ps
inst0 ch0:  C_CMD: RDCMD     C_f = 0x082   at time   56115091 ps
inst0 ch0:  C_CMD: RDCMD     C_r = 0x0b5   at time   56116333 ps
inst0 ch0:  C_CMD: RDCMD     C_f = 0x080   at time   56116747 ps
inst0 ch0:  C_CMD: RDCMD     C_r = 0x0d5   at time   56117989 ps
inst0 ch0:  C_CMD: RDCMD     C_f = 0x029   at time   56118403 ps
inst0 ch0:  C_CMD: RDCMD     C_r = 0x0bd   at time   56119645 ps
inst0 ch0:  C_CMD: RDCMD     C_f = 0x082   at time   56120059 ps
inst0 ch0:  C_CMD: RDCMD     C_r = 0x075   at time   56121301 ps
inst0 ch0:  C_CMD: RDCMD     C_f = 0x080   at time   56121715 ps
inst0 ch0:  C_CMD: RDCMD     C_r = 0x0dd   at time   56122957 ps
inst0 ch0:  C_CMD: RDCMD     C_f = 0x02b   at time   56123371 ps
inst0 ch0:  C_CMD: RDCMD     C_r = 0x035   at time   56123785 ps
inst0 ch0:  C_CMD: RDCMD     C_f = 0x080   at time   56124199 ps
inst0 ch0:  C_CMD: RDCMD     C_r = 0x07d   at time   56126269 ps
inst0 ch0:  C_CMD: RDCMD     C_f = 0x082   at time   56126683 ps
inst0 ch0:  C_CMD: RDCMD     C_r = 0x03d   at time   56127925 ps
inst0 ch0:  C_CMD: RDCMD     C_f = 0x082   at time   56128339 ps
inst0 ch0:  R_CMD: ACTCMD    R_r0= 0x02    at time   56472373 ps
inst0 ch0:  R_CMD: ACTCMD    R_f0= 0x10    at time   56472787 ps
inst0 ch0:  R_CMD: ACTCMD    R_r1= 0x3f    at time   56473201 ps
inst0 ch0:  R_CMD: ACTCMD    R_f1= 0x3b    at time   56473615 ps
inst0 ch0:  C_CMD: WRCMD     C_r = 0x009   at time   56483137 ps
inst0 ch0:  C_CMD: WRCMD     C_f = 0x07a   at time   56483551 ps
inst0 ch0:  R_CMD: ACTCMD    R_r0= 0x2e    at time   56487277 ps
inst0 ch0:  R_CMD: ACTCMD    R_f0= 0x28    at time   56487691 ps
inst0 ch0:  R_CMD: ACTCMD    R_r1= 0x00    at time   56488105 ps
inst0 ch0:  R_CMD: ACTCMD    R_f1= 0x02    at time   56488519 ps
inst0 ch0:  C_CMD: RDCMD     C_r = 0x0d5   at time   56502181 ps
inst0 ch0:  C_CMD: RDCMD     C_f = 0x0a9   at time   56502595 ps
inst0 ch0:  C_CMD: RDCMD     C_r = 0x0dd   at time   56505493 ps
inst0 ch0:  C_CMD: RDCMD     C_f = 0x0ab   at time   56505907 ps
inst0 ch0:  R_CMD: ACTCMD    R_r0= 0x02    at time   56585809 ps
inst0 ch0:  R_CMD: ACTCMD    R_f0= 0x18    at time   56586223 ps
inst0 ch0:  R_CMD: ACTCMD    R_r1= 0x3f    at time   56586637 ps
inst0 ch0:  R_CMD: ACTCMD    R_f1= 0x3b    at time   56587051 ps
inst0 ch0:  C_CMD: WRCMD     C_r = 0x009   at time   56596573 ps
inst0 ch0:  C_CMD: WRCMD     C_f = 0x0fa   at time   56596987 ps
inst0 ch0:  R_CMD: ACTCMD    R_r0= 0x0a    at time   56984905 ps
inst0 ch0:  R_CMD: ACTCMD    R_f0= 0x10    at time   56985319 ps
inst0 ch0:  R_CMD: ACTCMD    R_r1= 0x3f    at time   56985733 ps
inst0 ch0:  R_CMD: ACTCMD    R_f1= 0x3b    at time   56986147 ps
inst0 ch0:  C_CMD: WRCMD     C_r = 0x019   at time   56995669 ps
inst0 ch0:  C_CMD: WRCMD     C_f = 0x07a   at time   56996083 ps
inst0 ch0:  R_CMD: ACTCMD    R_r0= 0x0a    at time   56998153 ps
inst0 ch0:  R_CMD: ACTCMD    R_f0= 0x18    at time   56998567 ps
inst0 ch0:  R_CMD: ACTCMD    R_r1= 0x3f    at time   56998981 ps
inst0 ch0:  R_CMD: ACTCMD    R_f1= 0x3b    at time   56999395 ps
inst0 ch0:  C_CMD: WRCMD     C_r = 0x019   at time   57008917 ps
inst0 ch0:  C_CMD: WRCMD     C_f = 0x0fa   at time   57009331 ps
inst0 ch0:  R_CMD: ACTCMD    R_r0= 0x02    at time   57240757 ps
inst0 ch0:  R_CMD: ACTCMD    R_f0= 0x30    at time   57241171 ps
inst0 ch0:  R_CMD: ACTCMD    R_r1= 0x3f    at time   57241585 ps
inst0 ch0:  R_CMD: ACTCMD    R_f1= 0x3b    at time   57241999 ps
inst0 ch0:  C_CMD: WRCMD     C_r = 0x089   at time   57251521 ps
inst0 ch0:  C_CMD: WRCMD     C_f = 0x07a   at time   57251935 ps
inst0 ch0:  R_CMD: ACTCMD    R_r0= 0x02    at time   57253177 ps
inst0 ch0:  R_CMD: ACTCMD    R_f0= 0x38    at time   57253591 ps
inst0 ch0:  R_CMD: ACTCMD    R_r1= 0x3f    at time   57254005 ps
inst0 ch0:  R_CMD: ACTCMD    R_f1= 0x3b    at time   57254419 ps
inst0 ch0:  C_CMD: WRCMD     C_r = 0x089   at time   57263941 ps
inst0 ch0:  C_CMD: WRCMD     C_f = 0x0fa   at time   57264355 ps
inst0 ch0:  R_CMD: ACTCMD    R_r0= 0x0a    at time   57369097 ps
inst0 ch0:  R_CMD: ACTCMD    R_f0= 0x30    at time   57369511 ps
inst0 ch0:  R_CMD: ACTCMD    R_r1= 0x3f    at time   57369925 ps
inst0 ch0:  R_CMD: ACTCMD    R_f1= 0x3b    at time   57370339 ps
inst0 ch0:  R_CMD: ACTCMD    R_r0= 0x0a    at time   57379861 ps
inst0 ch0:  C_CMD: WRCMD     C_r = 0x099   at time   57379861 ps
inst0 ch0:  R_CMD: ACTCMD    R_f0= 0x38    at time   57380275 ps
inst0 ch0:  C_CMD: WRCMD     C_f = 0x07a   at time   57380275 ps
inst0 ch0:  R_CMD: ACTCMD    R_r1= 0x3f    at time   57380689 ps
inst0 ch0:  R_CMD: ACTCMD    R_f1= 0x3b    at time   57381103 ps
inst0 ch0:  C_CMD: WRCMD     C_r = 0x099   at time   57390625 ps
inst0 ch0:  C_CMD: WRCMD     C_f = 0x0fa   at time   57391039 ps
inst0 ch0:  R_CMD: ACTCMD    R_r0= 0x0a    at time   58676509 ps
inst0 ch0:  R_CMD: ACTCMD    R_f0= 0x1b    at time   58676923 ps
inst0 ch0:  R_CMD: ACTCMD    R_r1= 0x3f    at time   58677337 ps
inst0 ch0:  R_CMD: ACTCMD    R_f1= 0x3b    at time   58677751 ps
inst0 ch0:  C_CMD: WRCMD     C_r = 0x019   at time   58687273 ps
inst0 ch0:  C_CMD: WRCMD     C_f = 0x090   at time   58687687 ps
inst0 ch0:  R_CMD: ACTCMD    R_r0= 0x0a    at time   58707973 ps
inst0 ch0:  R_CMD: ACTCMD    R_f0= 0x13    at time   58708387 ps
inst0 ch0:  R_CMD: ACTCMD    R_r1= 0x3f    at time   58708801 ps
inst0 ch0:  R_CMD: ACTCMD    R_f1= 0x3b    at time   58709215 ps
inst0 ch0:  C_CMD: WRCMD     C_r = 0x019   at time   58718737 ps
inst0 ch0:  C_CMD: WRCMD     C_f = 0x010   at time   58719151 ps
inst0 ch0:  R_CMD: ACTCMD    R_r0= 0x02    at time   58951405 ps
inst0 ch0:  R_CMD: ACTCMD    R_f0= 0x13    at time   58951819 ps
inst0 ch0:  R_CMD: ACTCMD    R_r1= 0x3f    at time   58952233 ps
inst0 ch0:  R_CMD: ACTCMD    R_f1= 0x3b    at time   58952647 ps
inst0 ch0:  R_CMD: ACTCMD    R_r0= 0x02    at time   58953889 ps
inst0 ch0:  R_CMD: ACTCMD    R_f0= 0x1b    at time   58954303 ps
inst0 ch0:  R_CMD: ACTCMD    R_r1= 0x3f    at time   58954717 ps
inst0 ch0:  R_CMD: ACTCMD    R_f1= 0x3b    at time   58955131 ps
inst0 ch0:  C_CMD: WRCMD     C_r = 0x009   at time   58962169 ps
inst0 ch0:  C_CMD: WRCMD     C_f = 0x000   at time   58962583 ps
inst0 ch0:  C_CMD: WRCMD     C_r = 0x009   at time   58964653 ps
inst0 ch0:  C_CMD: WRCMD     C_f = 0x080   at time   58965067 ps
inst0 ch0:  R_CMD: ACTCMD    R_r0= 0x02    at time   60473269 ps
inst0 ch0:  R_CMD: ACTCMD    R_f0= 0x08    at time   60473683 ps
inst0 ch0:  R_CMD: ACTCMD    R_r1= 0x00    at time   60474097 ps
inst0 ch0:  R_CMD: ACTCMD    R_f1= 0x00    at time   60474511 ps
inst0 ch0:  R_CMD: ACTCMD    R_r0= 0x02    at time   60474925 ps
inst0 ch0:  R_CMD: ACTCMD    R_f0= 0x00    at time   60475339 ps
inst0 ch0:  R_CMD: ACTCMD    R_r1= 0x00    at time   60475753 ps
inst0 ch0:  R_CMD: ACTCMD    R_f1= 0x00    at time   60476167 ps
inst0 ch0:  C_CMD: RDCMD     C_r = 0x005   at time   60488173 ps
inst0 ch0:  C_CMD: RDCMD     C_f = 0x098   at time   60488587 ps
inst0 ch0:  C_CMD: RDCMD     C_r = 0x005   at time   60489829 ps
inst0 ch0:  C_CMD: RDCMD     C_f = 0x018   at time   60490243 ps
inst0 ch0:  C_CMD: RDCMD     C_r = 0x005   at time   60491485 ps
inst0 ch0:  C_CMD: RDCMD     C_f = 0x09a   at time   60491899 ps
inst0 ch0:  C_CMD: RDCMD     C_r = 0x005   at time   60493141 ps
inst0 ch0:  C_CMD: RDCMD     C_f = 0x01a   at time   60493555 ps
inst0 ch0:  C_CMD: RDCMD     C_r = 0x005   at time   60494797 ps
inst0 ch0:  C_CMD: RDCMD     C_f = 0x090   at time   60495211 ps
inst0 ch0:  C_CMD: RDCMD     C_r = 0x005   at time   60496453 ps
inst0 ch0:  C_CMD: RDCMD     C_f = 0x010   at time   60496867 ps
inst0 ch0:  C_CMD: RDCMD     C_r = 0x005   at time   60498109 ps
inst0 ch0:  C_CMD: RDCMD     C_f = 0x092   at time   60498523 ps
inst0 ch0:  C_CMD: RDCMD     C_r = 0x005   at time   60499765 ps
inst0 ch0:  C_CMD: RDCMD     C_f = 0x012   at time   60500179 ps
inst0 ch0:  C_CMD: RDCMD     C_r = 0x005   at time   60501421 ps
inst0 ch0:  C_CMD: RDCMD     C_f = 0x088   at time   60501835 ps
inst0 ch0:  C_CMD: RDCMD     C_r = 0x005   at time   60503077 ps
inst0 ch0:  C_CMD: RDCMD     C_f = 0x008   at time   60503491 ps
inst0 ch0:  C_CMD: RDCMD     C_r = 0x005   at time   60504733 ps
inst0 ch0:  C_CMD: RDCMD     C_f = 0x08a   at time   60505147 ps
inst0 ch0:  C_CMD: RDCMD     C_r = 0x005   at time   60506389 ps
inst0 ch0:  C_CMD: RDCMD     C_f = 0x00a   at time   60506803 ps
inst0 ch0:  C_CMD: RDCMD     C_r = 0x005   at time   60508045 ps
inst0 ch0:  C_CMD: RDCMD     C_f = 0x080   at time   60508459 ps
inst0 ch0:  C_CMD: RDCMD     C_r = 0x005   at time   60509701 ps
inst0 ch0:  C_CMD: RDCMD     C_f = 0x000   at time   60510115 ps
inst0 ch0:  C_CMD: RDCMD     C_r = 0x00d   at time   60511357 ps
inst0 ch0:  C_CMD: RDCMD     C_f = 0x082   at time   60511771 ps
inst0 ch0:  C_CMD: RDCMD     C_r = 0x00d   at time   60513013 ps
inst0 ch0:  C_CMD: RDCMD     C_f = 0x002   at time   60513427 ps
inst0 ch0:  R_CMD: ACTCMD    R_r0= 0x0a    at time   60647977 ps
inst0 ch0:  R_CMD: ACTCMD    R_f0= 0x08    at time   60648391 ps
inst0 ch0:  R_CMD: ACTCMD    R_r1= 0x00    at time   60648805 ps
inst0 ch0:  R_CMD: ACTCMD    R_f1= 0x00    at time   60649219 ps
inst0 ch0:  R_CMD: ACTCMD    R_r0= 0x0a    at time   60660397 ps
inst0 ch0:  R_CMD: ACTCMD    R_f0= 0x00    at time   60660811 ps
inst0 ch0:  R_CMD: ACTCMD    R_r1= 0x00    at time   60661225 ps
inst0 ch0:  R_CMD: ACTCMD    R_f1= 0x00    at time   60661639 ps
inst0 ch0:  C_CMD: RDCMD     C_r = 0x015   at time   60662881 ps
inst0 ch0:  C_CMD: RDCMD     C_f = 0x098   at time   60663295 ps
inst0 ch0:  C_CMD: RDCMD     C_r = 0x015   at time   60666193 ps
inst0 ch0:  C_CMD: RDCMD     C_f = 0x09a   at time   60666607 ps
inst0 ch0:  C_CMD: RDCMD     C_r = 0x015   at time   60669505 ps
inst0 ch0:  C_CMD: RDCMD     C_f = 0x090   at time   60669919 ps
inst0 ch0:  C_CMD: RDCMD     C_r = 0x015   at time   60672817 ps
inst0 ch0:  C_CMD: RDCMD     C_f = 0x092   at time   60673231 ps
inst0 ch0:  C_CMD: RDCMD     C_r = 0x015   at time   60675301 ps
inst0 ch0:  C_CMD: RDCMD     C_f = 0x018   at time   60675715 ps
inst0 ch0:  C_CMD: RDCMD     C_r = 0x015   at time   60676129 ps
inst0 ch0:  C_CMD: RDCMD     C_f = 0x088   at time   60676543 ps
inst0 ch0:  C_CMD: RDCMD     C_r = 0x015   at time   60678613 ps
inst0 ch0:  C_CMD: RDCMD     C_f = 0x01a   at time   60679027 ps
inst0 ch0:  C_CMD: RDCMD     C_r = 0x015   at time   60679441 ps
inst0 ch0:  C_CMD: RDCMD     C_f = 0x08a   at time   60679855 ps
inst0 ch0:  C_CMD: RDCMD     C_r = 0x015   at time   60681925 ps
inst0 ch0:  C_CMD: RDCMD     C_f = 0x010   at time   60682339 ps
inst0 ch0:  C_CMD: RDCMD     C_r = 0x015   at time   60682753 ps
inst0 ch0:  C_CMD: RDCMD     C_f = 0x080   at time   60683167 ps
inst0 ch0:  C_CMD: RDCMD     C_r = 0x015   at time   60685237 ps
inst0 ch0:  C_CMD: RDCMD     C_f = 0x012   at time   60685651 ps
inst0 ch0:  C_CMD: RDCMD     C_r = 0x01d   at time   60686065 ps
inst0 ch0:  C_CMD: RDCMD     C_f = 0x082   at time   60686479 ps
inst0 ch0:  C_CMD: RDCMD     C_r = 0x015   at time   60688549 ps
inst0 ch0:  C_CMD: RDCMD     C_f = 0x008   at time   60688963 ps
inst0 ch0:  C_CMD: RDCMD     C_r = 0x015   at time   60691861 ps
inst0 ch0:  C_CMD: RDCMD     C_f = 0x00a   at time   60692275 ps
inst0 ch0:  C_CMD: RDCMD     C_r = 0x015   at time   60695173 ps
inst0 ch0:  C_CMD: RDCMD     C_f = 0x000   at time   60695587 ps
inst0 ch0:  C_CMD: RDCMD     C_r = 0x01d   at time   60698485 ps
inst0 ch0:  C_CMD: RDCMD     C_f = 0x002   at time   60698899 ps
inst0 ch0:  R_CMD: ACTCMD    R_r0= 0x0a    at time   60989113 ps
inst0 ch0:  R_CMD: ACTCMD    R_f0= 0x08    at time   60989527 ps
inst0 ch0:  R_CMD: ACTCMD    R_r1= 0x00    at time   60989941 ps
inst0 ch0:  R_CMD: ACTCMD    R_f1= 0x00    at time   60990355 ps
inst0 ch0:  C_CMD: WRCMD     C_r = 0x011   at time   60999877 ps
inst0 ch0:  C_CMD: WRCMD     C_f = 0x0b8   at time   61000291 ps
inst0 ch0:  C_CMD: WRCMD     C_r = 0x011   at time   61003189 ps
inst0 ch0:  C_CMD: WRCMD     C_f = 0x0ba   at time   61003603 ps
inst0 ch0:  C_CMD: WRCMD     C_r = 0x011   at time   61006501 ps
inst0 ch0:  C_CMD: WRCMD     C_f = 0x0b0   at time   61006915 ps
inst0 ch0:  C_CMD: WRCMD     C_r = 0x011   at time   61009813 ps
inst0 ch0:  C_CMD: WRCMD     C_f = 0x0b2   at time   61010227 ps
inst0 ch0:  C_CMD: WRCMD     C_r = 0x011   at time   61013125 ps
inst0 ch0:  C_CMD: WRCMD     C_f = 0x0a8   at time   61013539 ps
inst0 ch0:  C_CMD: WRCMD     C_r = 0x011   at time   61016437 ps
inst0 ch0:  C_CMD: WRCMD     C_f = 0x0aa   at time   61016851 ps
inst0 ch0:  C_CMD: WRCMD     C_r = 0x011   at time   61019749 ps
inst0 ch0:  C_CMD: WRCMD     C_f = 0x0a0   at time   61020163 ps
inst0 ch0:  C_CMD: WRCMD     C_r = 0x019   at time   61023061 ps
inst0 ch0:  C_CMD: WRCMD     C_f = 0x0a2   at time   61023475 ps
inst0 ch0:  R_CMD: ACTCMD    R_r0= 0x0a    at time   61032997 ps
inst0 ch0:  R_CMD: ACTCMD    R_f0= 0x00    at time   61033411 ps
inst0 ch0:  R_CMD: ACTCMD    R_r1= 0x00    at time   61033825 ps
inst0 ch0:  R_CMD: ACTCMD    R_f1= 0x00    at time   61034239 ps
inst0 ch0:  C_CMD: WRCMD     C_r = 0x011   at time   61043761 ps
inst0 ch0:  C_CMD: WRCMD     C_f = 0x038   at time   61044175 ps
inst0 ch0:  C_CMD: WRCMD     C_r = 0x011   at time   61047073 ps
inst0 ch0:  C_CMD: WRCMD     C_f = 0x03a   at time   61047487 ps
inst0 ch0:  C_CMD: WRCMD     C_r = 0x011   at time   61050385 ps
inst0 ch0:  C_CMD: WRCMD     C_f = 0x030   at time   61050799 ps
inst0 ch0:  C_CMD: WRCMD     C_r = 0x011   at time   61053697 ps
inst0 ch0:  C_CMD: WRCMD     C_f = 0x032   at time   61054111 ps
inst0 ch0:  C_CMD: WRCMD     C_r = 0x011   at time   61057009 ps
inst0 ch0:  C_CMD: WRCMD     C_f = 0x028   at time   61057423 ps
inst0 ch0:  C_CMD: WRCMD     C_r = 0x011   at time   61060321 ps
inst0 ch0:  C_CMD: WRCMD     C_f = 0x02a   at time   61060735 ps
inst0 ch0:  C_CMD: WRCMD     C_r = 0x011   at time   61063633 ps
inst0 ch0:  C_CMD: WRCMD     C_f = 0x020   at time   61064047 ps
inst0 ch0:  C_CMD: WRCMD     C_r = 0x019   at time   61066945 ps
inst0 ch0:  C_CMD: WRCMD     C_f = 0x022   at time   61067359 ps
inst0 ch0:  R_CMD: ACTCMD    R_r0= 0x02    at time   62148313 ps
inst0 ch0:  R_CMD: ACTCMD    R_f0= 0x13    at time   62148727 ps
inst0 ch0:  R_CMD: ACTCMD    R_r1= 0x3f    at time   62149141 ps
inst0 ch0:  R_CMD: ACTCMD    R_f1= 0x3b    at time   62149555 ps
inst0 ch0:  C_CMD: WRCMD     C_r = 0x009   at time   62159077 ps
inst0 ch0:  C_CMD: WRCMD     C_f = 0x000   at time   62159491 ps
inst0 ch0:  R_CMD: ACTCMD    R_r0= 0x02    at time   62161561 ps
inst0 ch0:  R_CMD: ACTCMD    R_f0= 0x1b    at time   62161975 ps
inst0 ch0:  R_CMD: ACTCMD    R_r1= 0x3f    at time   62162389 ps
inst0 ch0:  R_CMD: ACTCMD    R_f1= 0x3b    at time   62162803 ps
inst0 ch0:  C_CMD: WRCMD     C_r = 0x009   at time   62172325 ps
inst0 ch0:  C_CMD: WRCMD     C_f = 0x080   at time   62172739 ps
inst0 ch0:  R_CMD: ACTCMD    R_r0= 0x0a    at time   62722117 ps
inst0 ch0:  R_CMD: ACTCMD    R_f0= 0x19    at time   62722531 ps
inst0 ch0:  R_CMD: ACTCMD    R_r1= 0x3f    at time   62722945 ps
inst0 ch0:  R_CMD: ACTCMD    R_f1= 0x3b    at time   62723359 ps
inst0 ch0:  R_CMD: ACTCMD    R_r0= 0x02    at time   62726257 ps
inst0 ch0:  R_CMD: ACTCMD    R_f0= 0x19    at time   62726671 ps
inst0 ch0:  R_CMD: ACTCMD    R_r1= 0x3f    at time   62727085 ps
inst0 ch0:  R_CMD: ACTCMD    R_f1= 0x3b    at time   62727499 ps
inst0 ch0:  C_CMD: WRCMD     C_r = 0x019   at time   62732881 ps
inst0 ch0:  C_CMD: WRCMD     C_f = 0x0fa   at time   62733295 ps
inst0 ch0:  R_CMD: ACTCMD    R_r0= 0x0a    at time   62735365 ps
inst0 ch0:  R_CMD: ACTCMD    R_f0= 0x11    at time   62735779 ps
inst0 ch0:  R_CMD: ACTCMD    R_r1= 0x3f    at time   62736193 ps
inst0 ch0:  R_CMD: ACTCMD    R_f1= 0x3b    at time   62736607 ps
inst0 ch0:  C_CMD: WRCMD     C_r = 0x009   at time   62737021 ps
inst0 ch0:  C_CMD: WRCMD     C_f = 0x0fa   at time   62737435 ps
inst0 ch0:  R_CMD: ACTCMD    R_r0= 0x02    at time   62739505 ps
inst0 ch0:  R_CMD: ACTCMD    R_f0= 0x11    at time   62739919 ps
inst0 ch0:  R_CMD: ACTCMD    R_r1= 0x3f    at time   62740333 ps
inst0 ch0:  R_CMD: ACTCMD    R_f1= 0x3b    at time   62740747 ps
inst0 ch0:  C_CMD: WRCMD     C_r = 0x019   at time   62746129 ps
inst0 ch0:  C_CMD: WRCMD     C_f = 0x07a   at time   62746543 ps
inst0 ch0:  C_CMD: WRCMD     C_r = 0x009   at time   62750269 ps
inst0 ch0:  C_CMD: WRCMD     C_f = 0x07a   at time   62750683 ps
inst0 ch0:  R_CMD: ACTCMD    R_r0= 0x0a    at time   62894341 ps
inst0 ch0:  R_CMD: ACTCMD    R_f0= 0x0a    at time   62894755 ps
inst0 ch0:  R_CMD: ACTCMD    R_r1= 0x00    at time   62895169 ps
inst0 ch0:  R_CMD: ACTCMD    R_f1= 0x00    at time   62895583 ps
inst0 ch0:  R_CMD: ACTCMD    R_r0= 0x02    at time   62898481 ps
inst0 ch0:  R_CMD: ACTCMD    R_f0= 0x0a    at time   62898895 ps
inst0 ch0:  R_CMD: ACTCMD    R_r1= 0x00    at time   62899309 ps
inst0 ch0:  R_CMD: ACTCMD    R_f1= 0x00    at time   62899723 ps
inst0 ch0:  C_CMD: RDCMD     C_r = 0x015   at time   62909245 ps
inst0 ch0:  C_CMD: RDCMD     C_f = 0x080   at time   62909659 ps
inst0 ch0:  C_CMD: RDCMD     C_r = 0x01d   at time   62912557 ps
inst0 ch0:  C_CMD: RDCMD     C_f = 0x082   at time   62912971 ps
inst0 ch0:  C_CMD: RDCMD     C_r = 0x005   at time   62915869 ps
inst0 ch0:  C_CMD: RDCMD     C_f = 0x080   at time   62916283 ps
inst0 ch0:  C_CMD: RDCMD     C_r = 0x00d   at time   62919181 ps
inst0 ch0:  C_CMD: RDCMD     C_f = 0x082   at time   62919595 ps
inst0 ch0:  R_CMD: ACTCMD    R_r0= 0x0a    at time   62990389 ps
inst0 ch0:  R_CMD: ACTCMD    R_f0= 0x02    at time   62990803 ps
inst0 ch0:  R_CMD: ACTCMD    R_r1= 0x00    at time   62991217 ps
inst0 ch0:  R_CMD: ACTCMD    R_f1= 0x00    at time   62991631 ps
inst0 ch0:  R_CMD: ACTCMD    R_r0= 0x02    at time   62994529 ps
inst0 ch0:  R_CMD: ACTCMD    R_f0= 0x02    at time   62994943 ps
inst0 ch0:  R_CMD: ACTCMD    R_r1= 0x00    at time   62995357 ps
inst0 ch0:  R_CMD: ACTCMD    R_f1= 0x00    at time   62995771 ps
inst0 ch0:  C_CMD: RDCMD     C_r = 0x015   at time   63005293 ps
inst0 ch0:  C_CMD: RDCMD     C_f = 0x000   at time   63005707 ps
inst0 ch0:  C_CMD: RDCMD     C_r = 0x01d   at time   63008605 ps
inst0 ch0:  C_CMD: RDCMD     C_f = 0x002   at time   63009019 ps
inst0 ch0:  C_CMD: RDCMD     C_r = 0x005   at time   63011917 ps
inst0 ch0:  C_CMD: RDCMD     C_f = 0x000   at time   63012331 ps
inst0 ch0:  C_CMD: RDCMD     C_r = 0x00d   at time   63015229 ps
inst0 ch0:  C_CMD: RDCMD     C_f = 0x002   at time   63015643 ps
