inst0 ch0:  R_CMD: ACTCMD    R_r0= 0x0e    at time   33400981 ps
inst0 ch0:  R_CMD: ACTCMD    R_f0= 0x28    at time   33401395 ps
inst0 ch0:  R_CMD: ACTCMD    R_r1= 0x00    at time   33401809 ps
inst0 ch0:  R_CMD: ACTCMD    R_f1= 0x02    at time   33402223 ps
inst0 ch0:  C_CMD: WRCMD     C_r = 0x091   at time   33411745 ps
inst0 ch0:  C_CMD: WRCMD     C_f = 0x0a9   at time   33412159 ps
inst0 ch0:  C_CMD: WRCMD     C_r = 0x099   at time   33415057 ps
inst0 ch0:  C_CMD: WRCMD     C_f = 0x0ab   at time   33415471 ps
inst0 ch0:  R_CMD: ACTCMD    R_r0= 0x0e    at time   33425821 ps
inst0 ch0:  R_CMD: ACTCMD    R_f0= 0x20    at time   33426235 ps
inst0 ch0:  R_CMD: ACTCMD    R_r1= 0x00    at time   33426649 ps
inst0 ch0:  R_CMD: ACTCMD    R_f1= 0x02    at time   33427063 ps
inst0 ch0:  C_CMD: WRCMD     C_r = 0x091   at time   33436585 ps
inst0 ch0:  C_CMD: WRCMD     C_f = 0x029   at time   33436999 ps
inst0 ch0:  C_CMD: WRCMD     C_r = 0x091   at time   33439897 ps
inst0 ch0:  C_CMD: WRCMD     C_f = 0x02b   at time   33440311 ps
inst0 ch0:  C_CMD: WRCMD     C_r = 0x091   at time   33443209 ps
inst0 ch0:  C_CMD: WRCMD     C_f = 0x021   at time   33443623 ps
inst0 ch0:  C_CMD: WRCMD     C_r = 0x099   at time   33446521 ps
inst0 ch0:  C_CMD: WRCMD     C_f = 0x023   at time   33446935 ps
inst0 ch0:  R_CMD: ACTCMD    R_r0= 0x0e    at time   33453145 ps
inst0 ch0:  R_CMD: ACTCMD    R_f0= 0x28    at time   33453559 ps
inst0 ch0:  R_CMD: ACTCMD    R_r1= 0x00    at time   33453973 ps
inst0 ch0:  R_CMD: ACTCMD    R_f1= 0x02    at time   33454387 ps
inst0 ch0:  C_CMD: WRCMD     C_r = 0x091   at time   33463909 ps
inst0 ch0:  C_CMD: WRCMD     C_f = 0x0a1   at time   33464323 ps
inst0 ch0:  C_CMD: WRCMD     C_r = 0x099   at time   33467221 ps
inst0 ch0:  C_CMD: WRCMD     C_f = 0x0a3   at time   33467635 ps
inst0 ch0:  R_CMD: ACTCMD    R_r0= 0x2e    at time   37791865 ps
inst0 ch0:  R_CMD: ACTCMD    R_f0= 0x28    at time   37792279 ps
inst0 ch0:  R_CMD: ACTCMD    R_r1= 0x00    at time   37792693 ps
inst0 ch0:  R_CMD: ACTCMD    R_f1= 0x02    at time   37793107 ps
inst0 ch0:  R_CMD: ACTCMD    R_r0= 0x2e    at time   37793521 ps
inst0 ch0:  R_CMD: ACTCMD    R_f0= 0x20    at time   37793935 ps
inst0 ch0:  R_CMD: ACTCMD    R_r1= 0x00    at time   37794349 ps
inst0 ch0:  R_CMD: ACTCMD    R_f1= 0x02    at time   37794763 ps
inst0 ch0:  C_CMD: WRCMD     C_r = 0x0d1   at time   37802629 ps
inst0 ch0:  C_CMD: WRCMD     C_f = 0x0a9   at time   37803043 ps
inst0 ch0:  C_CMD: WRCMD     C_r = 0x0d1   at time   37804285 ps
inst0 ch0:  C_CMD: WRCMD     C_f = 0x029   at time   37804699 ps
inst0 ch0:  C_CMD: WRCMD     C_r = 0x0d1   at time   37805941 ps
inst0 ch0:  C_CMD: WRCMD     C_f = 0x0ab   at time   37806355 ps
inst0 ch0:  C_CMD: WRCMD     C_r = 0x0d1   at time   37807597 ps
inst0 ch0:  C_CMD: WRCMD     C_f = 0x02b   at time   37808011 ps
inst0 ch0:  C_CMD: WRCMD     C_r = 0x0d1   at time   37809253 ps
inst0 ch0:  C_CMD: WRCMD     C_f = 0x0a1   at time   37809667 ps
inst0 ch0:  C_CMD: WRCMD     C_r = 0x0d1   at time   37810909 ps
inst0 ch0:  C_CMD: WRCMD     C_f = 0x021   at time   37811323 ps
inst0 ch0:  C_CMD: WRCMD     C_r = 0x0d9   at time   37812565 ps
inst0 ch0:  C_CMD: WRCMD     C_f = 0x0a3   at time   37812979 ps
inst0 ch0:  C_CMD: WRCMD     C_r = 0x0d9   at time   37814221 ps
inst0 ch0:  C_CMD: WRCMD     C_f = 0x023   at time   37814635 ps
inst0 ch0:  R_CMD: ACTCMD    R_r0= 0x22    at time   54982801 ps
inst0 ch0:  R_CMD: ACTCMD    R_f0= 0x2a    at time   54983215 ps
inst0 ch0:  R_CMD: ACTCMD    R_r1= 0x00    at time   54983629 ps
inst0 ch0:  R_CMD: ACTCMD    R_f1= 0x00    at time   54984043 ps
inst0 ch0:  R_CMD: ACTCMD    R_r0= 0x02    at time   54986941 ps
inst0 ch0:  R_CMD: ACTCMD    R_f0= 0x2a    at time   54987355 ps
inst0 ch0:  R_CMD: ACTCMD    R_r1= 0x00    at time   54987769 ps
inst0 ch0:  R_CMD: ACTCMD    R_f1= 0x00    at time   54988183 ps
inst0 ch0:  R_CMD: ACTCMD    R_r0= 0x22    at time   54988597 ps
inst0 ch0:  R_CMD: ACTCMD    R_f0= 0x22    at time   54989011 ps
inst0 ch0:  R_CMD: ACTCMD    R_r1= 0x00    at time   54989425 ps
inst0 ch0:  R_CMD: ACTCMD    R_f1= 0x00    at time   54989839 ps
inst0 ch0:  R_CMD: ACTCMD    R_r0= 0x22    at time   54991081 ps
inst0 ch0:  R_CMD: ACTCMD    R_f0= 0x0a    at time   54991495 ps
inst0 ch0:  R_CMD: ACTCMD    R_r1= 0x00    at time   54991909 ps
inst0 ch0:  R_CMD: ACTCMD    R_f1= 0x00    at time   54992323 ps
inst0 ch0:  R_CMD: ACTCMD    R_r0= 0x02    at time   54992737 ps
inst0 ch0:  R_CMD: ACTCMD    R_f0= 0x22    at time   54993151 ps
inst0 ch0:  R_CMD: ACTCMD    R_r1= 0x00    at time   54993565 ps
inst0 ch0:  R_CMD: ACTCMD    R_f1= 0x00    at time   54993979 ps
inst0 ch0:  R_CMD: ACTCMD    R_r0= 0x02    at time   54995221 ps
inst0 ch0:  R_CMD: ACTCMD    R_f0= 0x0a    at time   54995635 ps
inst0 ch0:  R_CMD: ACTCMD    R_r1= 0x00    at time   54996049 ps
inst0 ch0:  R_CMD: ACTCMD    R_f1= 0x00    at time   54996463 ps
inst0 ch0:  R_CMD: ACTCMD    R_r0= 0x22    at time   54996877 ps
inst0 ch0:  R_CMD: ACTCMD    R_f0= 0x02    at time   54997291 ps
inst0 ch0:  R_CMD: ACTCMD    R_r1= 0x00    at time   54997705 ps
inst0 ch0:  C_CMD: RDCMD     C_r = 0x0c5   at time   54997705 ps
inst0 ch0:  R_CMD: ACTCMD    R_f1= 0x00    at time   54998119 ps
inst0 ch0:  C_CMD: RDCMD     C_f = 0x080   at time   54998119 ps
inst0 ch0:  R_CMD: ACTCMD    R_r0= 0x02    at time   55001017 ps
inst0 ch0:  C_CMD: RDCMD     C_r = 0x0cd   at time   55001017 ps
inst0 ch0:  R_CMD: ACTCMD    R_f0= 0x02    at time   55001431 ps
inst0 ch0:  C_CMD: RDCMD     C_f = 0x082   at time   55001431 ps
inst0 ch0:  R_CMD: ACTCMD    R_r1= 0x00    at time   55001845 ps
inst0 ch0:  R_CMD: ACTCMD    R_f1= 0x00    at time   55002259 ps
inst0 ch0:  C_CMD: RDCMD     C_r = 0x085   at time   55002673 ps
inst0 ch0:  C_CMD: RDCMD     C_f = 0x080   at time   55003087 ps
inst0 ch0:  C_CMD: RDCMD     C_r = 0x0c5   at time   55003501 ps
inst0 ch0:  C_CMD: RDCMD     C_f = 0x000   at time   55003915 ps
inst0 ch0:  C_CMD: RDCMD     C_r = 0x08d   at time   55005985 ps
inst0 ch0:  C_CMD: RDCMD     C_f = 0x082   at time   55006399 ps
inst0 ch0:  C_CMD: RDCMD     C_r = 0x0cd   at time   55006813 ps
inst0 ch0:  C_CMD: RDCMD     C_f = 0x002   at time   55007227 ps
inst0 ch0:  C_CMD: RDCMD     C_r = 0x045   at time   55007641 ps
inst0 ch0:  C_CMD: RDCMD     C_f = 0x080   at time   55008055 ps
inst0 ch0:  C_CMD: RDCMD     C_r = 0x085   at time   55008469 ps
inst0 ch0:  C_CMD: RDCMD     C_f = 0x000   at time   55008883 ps
inst0 ch0:  C_CMD: RDCMD     C_r = 0x005   at time   55010125 ps
inst0 ch0:  C_CMD: RDCMD     C_f = 0x080   at time   55010539 ps
inst0 ch0:  C_CMD: RDCMD     C_r = 0x04d   at time   55011781 ps
inst0 ch0:  C_CMD: RDCMD     C_f = 0x082   at time   55012195 ps
inst0 ch0:  C_CMD: RDCMD     C_r = 0x08d   at time   55012609 ps
inst0 ch0:  C_CMD: RDCMD     C_f = 0x002   at time   55013023 ps
inst0 ch0:  C_CMD: RDCMD     C_r = 0x00d   at time   55013437 ps
inst0 ch0:  C_CMD: RDCMD     C_f = 0x082   at time   55013851 ps
inst0 ch0:  C_CMD: RDCMD     C_r = 0x045   at time   55014265 ps
inst0 ch0:  C_CMD: RDCMD     C_f = 0x000   at time   55014679 ps
inst0 ch0:  C_CMD: RDCMD     C_r = 0x005   at time   55015921 ps
inst0 ch0:  C_CMD: RDCMD     C_f = 0x000   at time   55016335 ps
inst0 ch0:  C_CMD: RDCMD     C_r = 0x04d   at time   55017577 ps
inst0 ch0:  C_CMD: RDCMD     C_f = 0x002   at time   55017991 ps
inst0 ch0:  C_CMD: RDCMD     C_r = 0x00d   at time   55019233 ps
inst0 ch0:  C_CMD: RDCMD     C_f = 0x002   at time   55019647 ps
inst0 ch0:  R_CMD: ACTCMD    R_r0= 0x2a    at time   55443169 ps
inst0 ch0:  R_CMD: ACTCMD    R_f0= 0x2a    at time   55443583 ps
inst0 ch0:  R_CMD: ACTCMD    R_r1= 0x00    at time   55443997 ps
inst0 ch0:  R_CMD: ACTCMD    R_f1= 0x00    at time   55444411 ps
inst0 ch0:  R_CMD: ACTCMD    R_r0= 0x0a    at time   55447309 ps
inst0 ch0:  R_CMD: ACTCMD    R_f0= 0x2a    at time   55447723 ps
inst0 ch0:  R_CMD: ACTCMD    R_r1= 0x00    at time   55448137 ps
inst0 ch0:  R_CMD: ACTCMD    R_f1= 0x00    at time   55448551 ps
inst0 ch0:  R_CMD: ACTCMD    R_r0= 0x2a    at time   55451449 ps
inst0 ch0:  R_CMD: ACTCMD    R_f0= 0x0a    at time   55451863 ps
inst0 ch0:  R_CMD: ACTCMD    R_r1= 0x00    at time   55452277 ps
inst0 ch0:  R_CMD: ACTCMD    R_f1= 0x00    at time   55452691 ps
inst0 ch0:  R_CMD: ACTCMD    R_r0= 0x0a    at time   55455589 ps
inst0 ch0:  R_CMD: ACTCMD    R_f0= 0x0a    at time   55456003 ps
inst0 ch0:  R_CMD: ACTCMD    R_r1= 0x00    at time   55456417 ps
inst0 ch0:  R_CMD: ACTCMD    R_f1= 0x00    at time   55456831 ps
inst0 ch0:  C_CMD: RDCMD     C_r = 0x0d5   at time   55458073 ps
inst0 ch0:  C_CMD: RDCMD     C_f = 0x080   at time   55458487 ps
inst0 ch0:  C_CMD: RDCMD     C_r = 0x0dd   at time   55461385 ps
inst0 ch0:  C_CMD: RDCMD     C_f = 0x082   at time   55461799 ps
inst0 ch0:  C_CMD: RDCMD     C_r = 0x095   at time   55463041 ps
inst0 ch0:  C_CMD: RDCMD     C_f = 0x080   at time   55463455 ps
inst0 ch0:  C_CMD: RDCMD     C_r = 0x09d   at time   55466353 ps
inst0 ch0:  C_CMD: RDCMD     C_f = 0x082   at time   55466767 ps
inst0 ch0:  C_CMD: RDCMD     C_r = 0x055   at time   55468009 ps
inst0 ch0:  C_CMD: RDCMD     C_f = 0x080   at time   55468423 ps
inst0 ch0:  C_CMD: RDCMD     C_r = 0x015   at time   55470493 ps
inst0 ch0:  C_CMD: RDCMD     C_f = 0x080   at time   55470907 ps
inst0 ch0:  C_CMD: RDCMD     C_r = 0x05d   at time   55472149 ps
inst0 ch0:  C_CMD: RDCMD     C_f = 0x082   at time   55472563 ps
inst0 ch0:  C_CMD: RDCMD     C_r = 0x01d   at time   55473805 ps
inst0 ch0:  C_CMD: RDCMD     C_f = 0x082   at time   55474219 ps
inst0 ch0:  R_CMD: ACTCMD    R_r0= 0x2a    at time   55585585 ps
inst0 ch0:  R_CMD: ACTCMD    R_f0= 0x22    at time   55585999 ps
inst0 ch0:  R_CMD: ACTCMD    R_r1= 0x00    at time   55586413 ps
inst0 ch0:  R_CMD: ACTCMD    R_f1= 0x00    at time   55586827 ps
inst0 ch0:  R_CMD: ACTCMD    R_r0= 0x0a    at time   55589725 ps
inst0 ch0:  R_CMD: ACTCMD    R_f0= 0x22    at time   55590139 ps
inst0 ch0:  R_CMD: ACTCMD    R_r1= 0x00    at time   55590553 ps
inst0 ch0:  R_CMD: ACTCMD    R_f1= 0x00    at time   55590967 ps
inst0 ch0:  R_CMD: ACTCMD    R_r0= 0x2a    at time   55593865 ps
inst0 ch0:  R_CMD: ACTCMD    R_f0= 0x02    at time   55594279 ps
inst0 ch0:  R_CMD: ACTCMD    R_r1= 0x00    at time   55594693 ps
inst0 ch0:  R_CMD: ACTCMD    R_f1= 0x00    at time   55595107 ps
inst0 ch0:  R_CMD: ACTCMD    R_r0= 0x0a    at time   55598005 ps
inst0 ch0:  R_CMD: ACTCMD    R_f0= 0x02    at time   55598419 ps
inst0 ch0:  R_CMD: ACTCMD    R_r1= 0x00    at time   55598833 ps
inst0 ch0:  R_CMD: ACTCMD    R_f1= 0x00    at time   55599247 ps
inst0 ch0:  C_CMD: RDCMD     C_r = 0x0d5   at time   55600489 ps
inst0 ch0:  C_CMD: RDCMD     C_f = 0x000   at time   55600903 ps
inst0 ch0:  C_CMD: RDCMD     C_r = 0x0dd   at time   55603801 ps
inst0 ch0:  C_CMD: RDCMD     C_f = 0x002   at time   55604215 ps
inst0 ch0:  C_CMD: RDCMD     C_r = 0x095   at time   55605457 ps
inst0 ch0:  C_CMD: RDCMD     C_f = 0x000   at time   55605871 ps
inst0 ch0:  C_CMD: RDCMD     C_r = 0x09d   at time   55608769 ps
inst0 ch0:  C_CMD: RDCMD     C_f = 0x002   at time   55609183 ps
inst0 ch0:  C_CMD: RDCMD     C_r = 0x055   at time   55610425 ps
inst0 ch0:  C_CMD: RDCMD     C_f = 0x000   at time   55610839 ps
inst0 ch0:  C_CMD: RDCMD     C_r = 0x015   at time   55612909 ps
inst0 ch0:  C_CMD: RDCMD     C_f = 0x000   at time   55613323 ps
inst0 ch0:  C_CMD: RDCMD     C_r = 0x05d   at time   55614565 ps
inst0 ch0:  C_CMD: RDCMD     C_f = 0x002   at time   55614979 ps
inst0 ch0:  C_CMD: RDCMD     C_r = 0x01d   at time   55616221 ps
inst0 ch0:  C_CMD: RDCMD     C_f = 0x002   at time   55616635 ps
inst0 ch0:  R_CMD: ACTCMD    R_r0= 0x32    at time   55622845 ps
inst0 ch0:  R_CMD: ACTCMD    R_f0= 0x2a    at time   55623259 ps
inst0 ch0:  R_CMD: ACTCMD    R_r1= 0x00    at time   55623673 ps
inst0 ch0:  R_CMD: ACTCMD    R_f1= 0x00    at time   55624087 ps
inst0 ch0:  R_CMD: ACTCMD    R_r0= 0x12    at time   55626985 ps
inst0 ch0:  R_CMD: ACTCMD    R_f0= 0x2a    at time   55627399 ps
inst0 ch0:  R_CMD: ACTCMD    R_r1= 0x00    at time   55627813 ps
inst0 ch0:  R_CMD: ACTCMD    R_f1= 0x00    at time   55628227 ps
inst0 ch0:  R_CMD: ACTCMD    R_r0= 0x32    at time   55631125 ps
inst0 ch0:  R_CMD: ACTCMD    R_f0= 0x0a    at time   55631539 ps
inst0 ch0:  R_CMD: ACTCMD    R_r1= 0x00    at time   55631953 ps
inst0 ch0:  R_CMD: ACTCMD    R_f1= 0x00    at time   55632367 ps
inst0 ch0:  R_CMD: ACTCMD    R_r0= 0x12    at time   55635265 ps
inst0 ch0:  R_CMD: ACTCMD    R_f0= 0x0a    at time   55635679 ps
inst0 ch0:  R_CMD: ACTCMD    R_r1= 0x00    at time   55636093 ps
inst0 ch0:  R_CMD: ACTCMD    R_f1= 0x00    at time   55636507 ps
inst0 ch0:  C_CMD: RDCMD     C_r = 0x0e5   at time   55637749 ps
inst0 ch0:  C_CMD: RDCMD     C_f = 0x080   at time   55638163 ps
inst0 ch0:  C_CMD: RDCMD     C_r = 0x0ed   at time   55641061 ps
inst0 ch0:  C_CMD: RDCMD     C_f = 0x082   at time   55641475 ps
inst0 ch0:  C_CMD: RDCMD     C_r = 0x0a5   at time   55642717 ps
inst0 ch0:  C_CMD: RDCMD     C_f = 0x080   at time   55643131 ps
inst0 ch0:  C_CMD: RDCMD     C_r = 0x0ad   at time   55646029 ps
inst0 ch0:  C_CMD: RDCMD     C_f = 0x082   at time   55646443 ps
inst0 ch0:  C_CMD: RDCMD     C_r = 0x065   at time   55647685 ps
inst0 ch0:  C_CMD: RDCMD     C_f = 0x080   at time   55648099 ps
inst0 ch0:  C_CMD: RDCMD     C_r = 0x025   at time   55650169 ps
inst0 ch0:  C_CMD: RDCMD     C_f = 0x080   at time   55650583 ps
inst0 ch0:  C_CMD: RDCMD     C_r = 0x06d   at time   55651825 ps
inst0 ch0:  C_CMD: RDCMD     C_f = 0x082   at time   55652239 ps
inst0 ch0:  C_CMD: RDCMD     C_r = 0x02d   at time   55653481 ps
inst0 ch0:  C_CMD: RDCMD     C_f = 0x082   at time   55653895 ps
inst0 ch0:  R_CMD: ACTCMD    R_r0= 0x32    at time   55862137 ps
inst0 ch0:  R_CMD: ACTCMD    R_f0= 0x22    at time   55862551 ps
inst0 ch0:  R_CMD: ACTCMD    R_r1= 0x00    at time   55862965 ps
inst0 ch0:  R_CMD: ACTCMD    R_f1= 0x00    at time   55863379 ps
inst0 ch0:  R_CMD: ACTCMD    R_r0= 0x12    at time   55866277 ps
inst0 ch0:  R_CMD: ACTCMD    R_f0= 0x22    at time   55866691 ps
inst0 ch0:  R_CMD: ACTCMD    R_r1= 0x00    at time   55867105 ps
inst0 ch0:  R_CMD: ACTCMD    R_f1= 0x00    at time   55867519 ps
inst0 ch0:  R_CMD: ACTCMD    R_r0= 0x32    at time   55870417 ps
inst0 ch0:  R_CMD: ACTCMD    R_f0= 0x02    at time   55870831 ps
inst0 ch0:  R_CMD: ACTCMD    R_r1= 0x00    at time   55871245 ps
inst0 ch0:  R_CMD: ACTCMD    R_f1= 0x00    at time   55871659 ps
inst0 ch0:  R_CMD: ACTCMD    R_r0= 0x12    at time   55874557 ps
inst0 ch0:  R_CMD: ACTCMD    R_f0= 0x02    at time   55874971 ps
inst0 ch0:  R_CMD: ACTCMD    R_r1= 0x00    at time   55875385 ps
inst0 ch0:  R_CMD: ACTCMD    R_f1= 0x00    at time   55875799 ps
inst0 ch0:  C_CMD: RDCMD     C_r = 0x0e5   at time   55877041 ps
inst0 ch0:  C_CMD: RDCMD     C_f = 0x000   at time   55877455 ps
inst0 ch0:  C_CMD: RDCMD     C_r = 0x0ed   at time   55880353 ps
inst0 ch0:  C_CMD: RDCMD     C_f = 0x002   at time   55880767 ps
inst0 ch0:  C_CMD: RDCMD     C_r = 0x0a5   at time   55882009 ps
inst0 ch0:  C_CMD: RDCMD     C_f = 0x000   at time   55882423 ps
inst0 ch0:  C_CMD: RDCMD     C_r = 0x0ad   at time   55885321 ps
inst0 ch0:  C_CMD: RDCMD     C_f = 0x002   at time   55885735 ps
inst0 ch0:  C_CMD: RDCMD     C_r = 0x065   at time   55886977 ps
inst0 ch0:  C_CMD: RDCMD     C_f = 0x000   at time   55887391 ps
inst0 ch0:  C_CMD: RDCMD     C_r = 0x025   at time   55889461 ps
inst0 ch0:  C_CMD: RDCMD     C_f = 0x000   at time   55889875 ps
inst0 ch0:  C_CMD: RDCMD     C_r = 0x06d   at time   55891117 ps
inst0 ch0:  C_CMD: RDCMD     C_f = 0x002   at time   55891531 ps
inst0 ch0:  C_CMD: RDCMD     C_r = 0x02d   at time   55892773 ps
inst0 ch0:  C_CMD: RDCMD     C_f = 0x002   at time   55893187 ps
inst0 ch0:  R_CMD: ACTCMD    R_r0= 0x3a    at time   55928377 ps
inst0 ch0:  R_CMD: ACTCMD    R_f0= 0x2a    at time   55928791 ps
inst0 ch0:  R_CMD: ACTCMD    R_r1= 0x00    at time   55929205 ps
inst0 ch0:  R_CMD: ACTCMD    R_f1= 0x00    at time   55929619 ps
inst0 ch0:  R_CMD: ACTCMD    R_r0= 0x1a    at time   55932517 ps
inst0 ch0:  R_CMD: ACTCMD    R_f0= 0x2a    at time   55932931 ps
inst0 ch0:  R_CMD: ACTCMD    R_r1= 0x00    at time   55933345 ps
inst0 ch0:  R_CMD: ACTCMD    R_f1= 0x00    at time   55933759 ps
inst0 ch0:  R_CMD: ACTCMD    R_r0= 0x3a    at time   55936657 ps
inst0 ch0:  R_CMD: ACTCMD    R_f0= 0x0a    at time   55937071 ps
inst0 ch0:  R_CMD: ACTCMD    R_r1= 0x00    at time   55937485 ps
inst0 ch0:  R_CMD: ACTCMD    R_f1= 0x00    at time   55937899 ps
inst0 ch0:  R_CMD: ACTCMD    R_r0= 0x1a    at time   55940797 ps
inst0 ch0:  R_CMD: ACTCMD    R_f0= 0x0a    at time   55941211 ps
inst0 ch0:  R_CMD: ACTCMD    R_r1= 0x00    at time   55941625 ps
inst0 ch0:  R_CMD: ACTCMD    R_f1= 0x00    at time   55942039 ps
inst0 ch0:  C_CMD: RDCMD     C_r = 0x0f5   at time   55943281 ps
inst0 ch0:  C_CMD: RDCMD     C_f = 0x080   at time   55943695 ps
inst0 ch0:  C_CMD: RDCMD     C_r = 0x0fd   at time   55946593 ps
inst0 ch0:  C_CMD: RDCMD     C_f = 0x082   at time   55947007 ps
inst0 ch0:  C_CMD: RDCMD     C_r = 0x0b5   at time   55948249 ps
inst0 ch0:  C_CMD: RDCMD     C_f = 0x080   at time   55948663 ps
inst0 ch0:  C_CMD: RDCMD     C_r = 0x0bd   at time   55951561 ps
inst0 ch0:  C_CMD: RDCMD     C_f = 0x082   at time   55951975 ps
inst0 ch0:  C_CMD: RDCMD     C_r = 0x075   at time   55953217 ps
inst0 ch0:  C_CMD: RDCMD     C_f = 0x080   at time   55953631 ps
inst0 ch0:  C_CMD: RDCMD     C_r = 0x035   at time   55955701 ps
inst0 ch0:  C_CMD: RDCMD     C_f = 0x080   at time   55956115 ps
inst0 ch0:  C_CMD: RDCMD     C_r = 0x07d   at time   55957357 ps
inst0 ch0:  C_CMD: RDCMD     C_f = 0x082   at time   55957771 ps
inst0 ch0:  C_CMD: RDCMD     C_r = 0x03d   at time   55959013 ps
inst0 ch0:  C_CMD: RDCMD     C_f = 0x082   at time   55959427 ps
inst0 ch0:  R_CMD: ACTCMD    R_r0= 0x3a    at time   56252125 ps
inst0 ch0:  R_CMD: ACTCMD    R_f0= 0x22    at time   56252539 ps
inst0 ch0:  R_CMD: ACTCMD    R_r1= 0x00    at time   56252953 ps
inst0 ch0:  R_CMD: ACTCMD    R_f1= 0x00    at time   56253367 ps
inst0 ch0:  R_CMD: ACTCMD    R_r0= 0x1a    at time   56256265 ps
inst0 ch0:  R_CMD: ACTCMD    R_f0= 0x22    at time   56256679 ps
inst0 ch0:  R_CMD: ACTCMD    R_r1= 0x00    at time   56257093 ps
inst0 ch0:  R_CMD: ACTCMD    R_f1= 0x00    at time   56257507 ps
inst0 ch0:  R_CMD: ACTCMD    R_r0= 0x3a    at time   56260405 ps
inst0 ch0:  R_CMD: ACTCMD    R_f0= 0x02    at time   56260819 ps
inst0 ch0:  R_CMD: ACTCMD    R_r1= 0x00    at time   56261233 ps
inst0 ch0:  R_CMD: ACTCMD    R_f1= 0x00    at time   56261647 ps
inst0 ch0:  R_CMD: ACTCMD    R_r0= 0x1a    at time   56264545 ps
inst0 ch0:  R_CMD: ACTCMD    R_f0= 0x02    at time   56264959 ps
inst0 ch0:  R_CMD: ACTCMD    R_r1= 0x00    at time   56265373 ps
inst0 ch0:  R_CMD: ACTCMD    R_f1= 0x00    at time   56265787 ps
inst0 ch0:  C_CMD: RDCMD     C_r = 0x0f5   at time   56267029 ps
inst0 ch0:  C_CMD: RDCMD     C_f = 0x000   at time   56267443 ps
inst0 ch0:  C_CMD: RDCMD     C_r = 0x0fd   at time   56270341 ps
inst0 ch0:  C_CMD: RDCMD     C_f = 0x002   at time   56270755 ps
inst0 ch0:  C_CMD: RDCMD     C_r = 0x0b5   at time   56271997 ps
inst0 ch0:  C_CMD: RDCMD     C_f = 0x000   at time   56272411 ps
inst0 ch0:  C_CMD: RDCMD     C_r = 0x0bd   at time   56275309 ps
inst0 ch0:  C_CMD: RDCMD     C_f = 0x002   at time   56275723 ps
inst0 ch0:  C_CMD: RDCMD     C_r = 0x075   at time   56276965 ps
inst0 ch0:  C_CMD: RDCMD     C_f = 0x000   at time   56277379 ps
inst0 ch0:  C_CMD: RDCMD     C_r = 0x035   at time   56279449 ps
inst0 ch0:  C_CMD: RDCMD     C_f = 0x000   at time   56279863 ps
inst0 ch0:  C_CMD: RDCMD     C_r = 0x07d   at time   56281105 ps
inst0 ch0:  C_CMD: RDCMD     C_f = 0x002   at time   56281519 ps
inst0 ch0:  C_CMD: RDCMD     C_r = 0x03d   at time   56282761 ps
inst0 ch0:  C_CMD: RDCMD     C_f = 0x002   at time   56283175 ps
inst0 ch0:  R_CMD: ACTCMD    R_r0= 0x02    at time   56537785 ps
inst0 ch0:  R_CMD: ACTCMD    R_f0= 0x18    at time   56538199 ps
inst0 ch0:  R_CMD: ACTCMD    R_r1= 0x3f    at time   56538613 ps
inst0 ch0:  R_CMD: ACTCMD    R_f1= 0x3b    at time   56539027 ps
inst0 ch0:  C_CMD: WRCMD     C_r = 0x009   at time   56548549 ps
inst0 ch0:  C_CMD: WRCMD     C_f = 0x0fa   at time   56548963 ps
inst0 ch0:  R_CMD: ACTCMD    R_r0= 0x02    at time   56752237 ps
inst0 ch0:  R_CMD: ACTCMD    R_f0= 0x10    at time   56752651 ps
inst0 ch0:  R_CMD: ACTCMD    R_r1= 0x3f    at time   56753065 ps
inst0 ch0:  R_CMD: ACTCMD    R_f1= 0x3b    at time   56753479 ps
inst0 ch0:  C_CMD: WRCMD     C_r = 0x009   at time   56763001 ps
inst0 ch0:  C_CMD: WRCMD     C_f = 0x07a   at time   56763415 ps
inst0 ch0:  R_CMD: ACTCMD    R_r0= 0x0a    at time   56934397 ps
inst0 ch0:  R_CMD: ACTCMD    R_f0= 0x18    at time   56934811 ps
inst0 ch0:  R_CMD: ACTCMD    R_r1= 0x3f    at time   56935225 ps
inst0 ch0:  R_CMD: ACTCMD    R_f1= 0x3b    at time   56935639 ps
inst0 ch0:  C_CMD: WRCMD     C_r = 0x019   at time   56945161 ps
inst0 ch0:  C_CMD: WRCMD     C_f = 0x0fa   at time   56945575 ps
inst0 ch0:  R_CMD: ACTCMD    R_r0= 0x02    at time   57061909 ps
inst0 ch0:  R_CMD: ACTCMD    R_f0= 0x38    at time   57062323 ps
inst0 ch0:  R_CMD: ACTCMD    R_r1= 0x3f    at time   57062737 ps
inst0 ch0:  R_CMD: ACTCMD    R_f1= 0x3b    at time   57063151 ps
inst0 ch0:  C_CMD: WRCMD     C_r = 0x089   at time   57072673 ps
inst0 ch0:  C_CMD: WRCMD     C_f = 0x0fa   at time   57073087 ps
inst0 ch0:  R_CMD: ACTCMD    R_r0= 0x0a    at time   57159613 ps
inst0 ch0:  R_CMD: ACTCMD    R_f0= 0x10    at time   57160027 ps
inst0 ch0:  R_CMD: ACTCMD    R_r1= 0x3f    at time   57160441 ps
inst0 ch0:  R_CMD: ACTCMD    R_f1= 0x3b    at time   57160855 ps
inst0 ch0:  C_CMD: WRCMD     C_r = 0x019   at time   57170377 ps
inst0 ch0:  C_CMD: WRCMD     C_f = 0x07a   at time   57170791 ps
inst0 ch0:  R_CMD: ACTCMD    R_r0= 0x0a    at time   57296233 ps
inst0 ch0:  R_CMD: ACTCMD    R_f0= 0x38    at time   57296647 ps
inst0 ch0:  R_CMD: ACTCMD    R_r1= 0x3f    at time   57297061 ps
inst0 ch0:  R_CMD: ACTCMD    R_f1= 0x3b    at time   57297475 ps
inst0 ch0:  C_CMD: WRCMD     C_r = 0x099   at time   57306997 ps
inst0 ch0:  C_CMD: WRCMD     C_f = 0x0fa   at time   57307411 ps
inst0 ch0:  R_CMD: ACTCMD    R_r0= 0x02    at time   57418777 ps
inst0 ch0:  R_CMD: ACTCMD    R_f0= 0x30    at time   57419191 ps
inst0 ch0:  R_CMD: ACTCMD    R_r1= 0x3f    at time   57419605 ps
inst0 ch0:  R_CMD: ACTCMD    R_f1= 0x3b    at time   57420019 ps
inst0 ch0:  C_CMD: WRCMD     C_r = 0x089   at time   57429541 ps
inst0 ch0:  C_CMD: WRCMD     C_f = 0x07a   at time   57429955 ps
inst0 ch0:  R_CMD: ACTCMD    R_r0= 0x0a    at time   57665521 ps
inst0 ch0:  R_CMD: ACTCMD    R_f0= 0x30    at time   57665935 ps
inst0 ch0:  R_CMD: ACTCMD    R_r1= 0x3f    at time   57666349 ps
inst0 ch0:  R_CMD: ACTCMD    R_f1= 0x3b    at time   57666763 ps
inst0 ch0:  C_CMD: WRCMD     C_r = 0x099   at time   57676285 ps
inst0 ch0:  C_CMD: WRCMD     C_f = 0x07a   at time   57676699 ps
inst0 ch0:  R_CMD: ACTCMD    R_r0= 0x0a    at time   58510081 ps
inst0 ch0:  R_CMD: ACTCMD    R_f0= 0x1b    at time   58510495 ps
inst0 ch0:  R_CMD: ACTCMD    R_r1= 0x3f    at time   58510909 ps
inst0 ch0:  R_CMD: ACTCMD    R_f1= 0x3b    at time   58511323 ps
inst0 ch0:  C_CMD: WRCMD     C_r = 0x019   at time   58520845 ps
inst0 ch0:  C_CMD: WRCMD     C_f = 0x090   at time   58521259 ps
inst0 ch0:  R_CMD: ACTCMD    R_r0= 0x0a    at time   59107069 ps
inst0 ch0:  R_CMD: ACTCMD    R_f0= 0x13    at time   59107483 ps
inst0 ch0:  R_CMD: ACTCMD    R_r1= 0x3f    at time   59107897 ps
inst0 ch0:  R_CMD: ACTCMD    R_f1= 0x3b    at time   59108311 ps
inst0 ch0:  R_CMD: ACTCMD    R_r0= 0x02    at time   59108725 ps
inst0 ch0:  R_CMD: ACTCMD    R_f0= 0x1b    at time   59109139 ps
inst0 ch0:  R_CMD: ACTCMD    R_r1= 0x3f    at time   59109553 ps
inst0 ch0:  R_CMD: ACTCMD    R_f1= 0x3b    at time   59109967 ps
inst0 ch0:  C_CMD: WRCMD     C_r = 0x019   at time   59117833 ps
inst0 ch0:  C_CMD: WRCMD     C_f = 0x010   at time   59118247 ps
inst0 ch0:  C_CMD: WRCMD     C_r = 0x009   at time   59119489 ps
inst0 ch0:  C_CMD: WRCMD     C_f = 0x080   at time   59119903 ps
inst0 ch0:  R_CMD: ACTCMD    R_r0= 0x2e    at time   59404321 ps
inst0 ch0:  R_CMD: ACTCMD    R_f0= 0x20    at time   59404735 ps
inst0 ch0:  R_CMD: ACTCMD    R_r1= 0x00    at time   59405149 ps
inst0 ch0:  R_CMD: ACTCMD    R_f1= 0x02    at time   59405563 ps
inst0 ch0:  C_CMD: RDCMD     C_r = 0x0d5   at time   59419225 ps
inst0 ch0:  C_CMD: RDCMD     C_f = 0x021   at time   59419639 ps
inst0 ch0:  C_CMD: RDCMD     C_r = 0x0dd   at time   59422537 ps
inst0 ch0:  C_CMD: RDCMD     C_f = 0x023   at time   59422951 ps
inst0 ch0:  R_CMD: ACTCMD    R_r0= 0x02    at time   59530177 ps
inst0 ch0:  R_CMD: ACTCMD    R_f0= 0x13    at time   59530591 ps
inst0 ch0:  R_CMD: ACTCMD    R_r1= 0x3f    at time   59531005 ps
inst0 ch0:  R_CMD: ACTCMD    R_f1= 0x3b    at time   59531419 ps
inst0 ch0:  C_CMD: WRCMD     C_r = 0x009   at time   59540941 ps
inst0 ch0:  C_CMD: WRCMD     C_f = 0x000   at time   59541355 ps
inst0 ch0:  R_CMD: ACTCMD    R_r0= 0x2e    at time   59556673 ps
inst0 ch0:  R_CMD: ACTCMD    R_f0= 0x28    at time   59557087 ps
inst0 ch0:  R_CMD: ACTCMD    R_r1= 0x00    at time   59557501 ps
inst0 ch0:  R_CMD: ACTCMD    R_f1= 0x02    at time   59557915 ps
inst0 ch0:  C_CMD: RDCMD     C_r = 0x0d5   at time   59571577 ps
inst0 ch0:  C_CMD: RDCMD     C_f = 0x0a1   at time   59571991 ps
inst0 ch0:  C_CMD: RDCMD     C_r = 0x0dd   at time   59574889 ps
inst0 ch0:  C_CMD: RDCMD     C_f = 0x0a3   at time   59575303 ps
inst0 ch0:  R_CMD: ACTCMD    R_r0= 0x2e    at time   59706541 ps
inst0 ch0:  R_CMD: ACTCMD    R_f0= 0x20    at time   59706955 ps
inst0 ch0:  R_CMD: ACTCMD    R_r1= 0x00    at time   59707369 ps
inst0 ch0:  R_CMD: ACTCMD    R_f1= 0x02    at time   59707783 ps
inst0 ch0:  C_CMD: RDCMD     C_r = 0x0d5   at time   59721445 ps
inst0 ch0:  C_CMD: RDCMD     C_f = 0x029   at time   59721859 ps
inst0 ch0:  C_CMD: RDCMD     C_r = 0x0dd   at time   59724757 ps
inst0 ch0:  C_CMD: RDCMD     C_f = 0x02b   at time   59725171 ps
inst0 ch0:  R_CMD: ACTCMD    R_r0= 0x2e    at time   59908573 ps
inst0 ch0:  R_CMD: ACTCMD    R_f0= 0x28    at time   59908987 ps
inst0 ch0:  R_CMD: ACTCMD    R_r1= 0x00    at time   59909401 ps
inst0 ch0:  R_CMD: ACTCMD    R_f1= 0x02    at time   59909815 ps
inst0 ch0:  C_CMD: RDCMD     C_r = 0x0d5   at time   59923477 ps
inst0 ch0:  C_CMD: RDCMD     C_f = 0x0a9   at time   59923891 ps
inst0 ch0:  C_CMD: RDCMD     C_r = 0x0dd   at time   59926789 ps
inst0 ch0:  C_CMD: RDCMD     C_f = 0x0ab   at time   59927203 ps
inst0 ch0:  R_CMD: ACTCMD    R_r0= 0x02    at time   60545305 ps
inst0 ch0:  R_CMD: ACTCMD    R_f0= 0x08    at time   60545719 ps
inst0 ch0:  R_CMD: ACTCMD    R_r1= 0x00    at time   60546133 ps
inst0 ch0:  R_CMD: ACTCMD    R_f1= 0x00    at time   60546547 ps
inst0 ch0:  C_CMD: RDCMD     C_r = 0x005   at time   60560209 ps
inst0 ch0:  C_CMD: RDCMD     C_f = 0x098   at time   60560623 ps
inst0 ch0:  C_CMD: RDCMD     C_r = 0x005   at time   60563521 ps
inst0 ch0:  C_CMD: RDCMD     C_f = 0x09a   at time   60563935 ps
inst0 ch0:  C_CMD: RDCMD     C_r = 0x005   at time   60566833 ps
inst0 ch0:  C_CMD: RDCMD     C_f = 0x090   at time   60567247 ps
inst0 ch0:  C_CMD: RDCMD     C_r = 0x005   at time   60570145 ps
inst0 ch0:  C_CMD: RDCMD     C_f = 0x092   at time   60570559 ps
inst0 ch0:  C_CMD: RDCMD     C_r = 0x005   at time   60573457 ps
inst0 ch0:  C_CMD: RDCMD     C_f = 0x088   at time   60573871 ps
inst0 ch0:  C_CMD: RDCMD     C_r = 0x005   at time   60576769 ps
inst0 ch0:  C_CMD: RDCMD     C_f = 0x08a   at time   60577183 ps
inst0 ch0:  C_CMD: RDCMD     C_r = 0x005   at time   60580081 ps
inst0 ch0:  C_CMD: RDCMD     C_f = 0x080   at time   60580495 ps
inst0 ch0:  C_CMD: RDCMD     C_r = 0x00d   at time   60583393 ps
inst0 ch0:  C_CMD: RDCMD     C_f = 0x082   at time   60583807 ps
inst0 ch0:  R_CMD: ACTCMD    R_r0= 0x0a    at time   60742369 ps
inst0 ch0:  R_CMD: ACTCMD    R_f0= 0x08    at time   60742783 ps
inst0 ch0:  R_CMD: ACTCMD    R_r1= 0x00    at time   60743197 ps
inst0 ch0:  R_CMD: ACTCMD    R_f1= 0x00    at time   60743611 ps
inst0 ch0:  C_CMD: RDCMD     C_r = 0x015   at time   60757273 ps
inst0 ch0:  C_CMD: RDCMD     C_f = 0x098   at time   60757687 ps
inst0 ch0:  C_CMD: RDCMD     C_r = 0x015   at time   60760585 ps
inst0 ch0:  C_CMD: RDCMD     C_f = 0x09a   at time   60760999 ps
inst0 ch0:  C_CMD: RDCMD     C_r = 0x015   at time   60763897 ps
inst0 ch0:  C_CMD: RDCMD     C_f = 0x090   at time   60764311 ps
inst0 ch0:  C_CMD: RDCMD     C_r = 0x015   at time   60767209 ps
inst0 ch0:  C_CMD: RDCMD     C_f = 0x092   at time   60767623 ps
inst0 ch0:  C_CMD: RDCMD     C_r = 0x015   at time   60770521 ps
inst0 ch0:  C_CMD: RDCMD     C_f = 0x088   at time   60770935 ps
inst0 ch0:  C_CMD: RDCMD     C_r = 0x015   at time   60773833 ps
inst0 ch0:  C_CMD: RDCMD     C_f = 0x08a   at time   60774247 ps
inst0 ch0:  C_CMD: RDCMD     C_r = 0x015   at time   60777145 ps
inst0 ch0:  C_CMD: RDCMD     C_f = 0x080   at time   60777559 ps
inst0 ch0:  C_CMD: RDCMD     C_r = 0x01d   at time   60780457 ps
inst0 ch0:  C_CMD: RDCMD     C_f = 0x082   at time   60780871 ps
inst0 ch0:  R_CMD: ACTCMD    R_r0= 0x02    at time   60999877 ps
inst0 ch0:  R_CMD: ACTCMD    R_f0= 0x00    at time   61000291 ps
inst0 ch0:  R_CMD: ACTCMD    R_r1= 0x00    at time   61000705 ps
inst0 ch0:  R_CMD: ACTCMD    R_f1= 0x00    at time   61001119 ps
inst0 ch0:  C_CMD: RDCMD     C_r = 0x005   at time   61014781 ps
inst0 ch0:  C_CMD: RDCMD     C_f = 0x018   at time   61015195 ps
inst0 ch0:  C_CMD: RDCMD     C_r = 0x005   at time   61018093 ps
inst0 ch0:  C_CMD: RDCMD     C_f = 0x01a   at time   61018507 ps
inst0 ch0:  C_CMD: RDCMD     C_r = 0x005   at time   61021405 ps
inst0 ch0:  C_CMD: RDCMD     C_f = 0x010   at time   61021819 ps
inst0 ch0:  C_CMD: RDCMD     C_r = 0x005   at time   61024717 ps
inst0 ch0:  C_CMD: RDCMD     C_f = 0x012   at time   61025131 ps
inst0 ch0:  C_CMD: RDCMD     C_r = 0x005   at time   61028029 ps
inst0 ch0:  C_CMD: RDCMD     C_f = 0x008   at time   61028443 ps
inst0 ch0:  C_CMD: RDCMD     C_r = 0x005   at time   61031341 ps
inst0 ch0:  C_CMD: RDCMD     C_f = 0x00a   at time   61031755 ps
inst0 ch0:  C_CMD: RDCMD     C_r = 0x005   at time   61034653 ps
inst0 ch0:  C_CMD: RDCMD     C_f = 0x000   at time   61035067 ps
inst0 ch0:  C_CMD: RDCMD     C_r = 0x00d   at time   61037965 ps
inst0 ch0:  C_CMD: RDCMD     C_f = 0x002   at time   61038379 ps
inst0 ch0:  R_CMD: ACTCMD    R_r0= 0x0a    at time   61051213 ps
inst0 ch0:  R_CMD: ACTCMD    R_f0= 0x08    at time   61051627 ps
inst0 ch0:  R_CMD: ACTCMD    R_r1= 0x00    at time   61052041 ps
inst0 ch0:  R_CMD: ACTCMD    R_f1= 0x00    at time   61052455 ps
inst0 ch0:  C_CMD: WRCMD     C_r = 0x011   at time   61061977 ps
inst0 ch0:  C_CMD: WRCMD     C_f = 0x0b8   at time   61062391 ps
inst0 ch0:  C_CMD: WRCMD     C_r = 0x011   at time   61065289 ps
inst0 ch0:  C_CMD: WRCMD     C_f = 0x0ba   at time   61065703 ps
inst0 ch0:  C_CMD: WRCMD     C_r = 0x011   at time   61068601 ps
inst0 ch0:  C_CMD: WRCMD     C_f = 0x0b0   at time   61069015 ps
inst0 ch0:  C_CMD: WRCMD     C_r = 0x011   at time   61071913 ps
inst0 ch0:  C_CMD: WRCMD     C_f = 0x0b2   at time   61072327 ps
inst0 ch0:  C_CMD: WRCMD     C_r = 0x011   at time   61075225 ps
inst0 ch0:  C_CMD: WRCMD     C_f = 0x0a8   at time   61075639 ps
inst0 ch0:  C_CMD: WRCMD     C_r = 0x019   at time   61078537 ps
inst0 ch0:  C_CMD: WRCMD     C_f = 0x0aa   at time   61078951 ps
inst0 ch0:  R_CMD: ACTCMD    R_r0= 0x0a    at time   61116625 ps
inst0 ch0:  R_CMD: ACTCMD    R_f0= 0x08    at time   61117039 ps
inst0 ch0:  R_CMD: ACTCMD    R_r1= 0x00    at time   61117453 ps
inst0 ch0:  R_CMD: ACTCMD    R_f1= 0x00    at time   61117867 ps
inst0 ch0:  C_CMD: WRCMD     C_r = 0x011   at time   61127389 ps
inst0 ch0:  C_CMD: WRCMD     C_f = 0x0a0   at time   61127803 ps
inst0 ch0:  C_CMD: WRCMD     C_r = 0x019   at time   61130701 ps
inst0 ch0:  C_CMD: WRCMD     C_f = 0x0a2   at time   61131115 ps
inst0 ch0:  R_CMD: ACTCMD    R_r0= 0x0a    at time   61655653 ps
inst0 ch0:  R_CMD: ACTCMD    R_f0= 0x00    at time   61656067 ps
inst0 ch0:  R_CMD: ACTCMD    R_r1= 0x00    at time   61656481 ps
inst0 ch0:  R_CMD: ACTCMD    R_f1= 0x00    at time   61656895 ps
inst0 ch0:  C_CMD: RDCMD     C_r = 0x015   at time   61670557 ps
inst0 ch0:  C_CMD: RDCMD     C_f = 0x018   at time   61670971 ps
inst0 ch0:  C_CMD: RDCMD     C_r = 0x015   at time   61673869 ps
inst0 ch0:  C_CMD: RDCMD     C_f = 0x01a   at time   61674283 ps
inst0 ch0:  C_CMD: RDCMD     C_r = 0x015   at time   61677181 ps
inst0 ch0:  C_CMD: RDCMD     C_f = 0x010   at time   61677595 ps
inst0 ch0:  C_CMD: RDCMD     C_r = 0x015   at time   61680493 ps
inst0 ch0:  C_CMD: RDCMD     C_f = 0x012   at time   61680907 ps
inst0 ch0:  C_CMD: RDCMD     C_r = 0x015   at time   61683805 ps
inst0 ch0:  C_CMD: RDCMD     C_f = 0x008   at time   61684219 ps
inst0 ch0:  C_CMD: RDCMD     C_r = 0x015   at time   61687117 ps
inst0 ch0:  C_CMD: RDCMD     C_f = 0x00a   at time   61687531 ps
inst0 ch0:  C_CMD: RDCMD     C_r = 0x015   at time   61690429 ps
inst0 ch0:  C_CMD: RDCMD     C_f = 0x000   at time   61690843 ps
inst0 ch0:  C_CMD: RDCMD     C_r = 0x01d   at time   61693741 ps
inst0 ch0:  C_CMD: RDCMD     C_f = 0x002   at time   61694155 ps
inst0 ch0:  R_CMD: ACTCMD    R_r0= 0x0a    at time   61876729 ps
inst0 ch0:  R_CMD: ACTCMD    R_f0= 0x00    at time   61877143 ps
inst0 ch0:  R_CMD: ACTCMD    R_r1= 0x00    at time   61877557 ps
inst0 ch0:  R_CMD: ACTCMD    R_f1= 0x00    at time   61877971 ps
inst0 ch0:  C_CMD: WRCMD     C_r = 0x011   at time   61887493 ps
inst0 ch0:  C_CMD: WRCMD     C_f = 0x038   at time   61887907 ps
inst0 ch0:  C_CMD: WRCMD     C_r = 0x011   at time   61890805 ps
inst0 ch0:  C_CMD: WRCMD     C_f = 0x03a   at time   61891219 ps
inst0 ch0:  C_CMD: WRCMD     C_r = 0x011   at time   61894117 ps
inst0 ch0:  C_CMD: WRCMD     C_f = 0x030   at time   61894531 ps
inst0 ch0:  C_CMD: WRCMD     C_r = 0x011   at time   61897429 ps
inst0 ch0:  C_CMD: WRCMD     C_f = 0x032   at time   61897843 ps
inst0 ch0:  C_CMD: WRCMD     C_r = 0x011   at time   61900741 ps
inst0 ch0:  C_CMD: WRCMD     C_f = 0x028   at time   61901155 ps
inst0 ch0:  C_CMD: WRCMD     C_r = 0x011   at time   61904053 ps
inst0 ch0:  C_CMD: WRCMD     C_f = 0x02a   at time   61904467 ps
inst0 ch0:  C_CMD: WRCMD     C_r = 0x011   at time   61907365 ps
inst0 ch0:  C_CMD: WRCMD     C_f = 0x020   at time   61907779 ps
inst0 ch0:  C_CMD: WRCMD     C_r = 0x019   at time   61910677 ps
inst0 ch0:  C_CMD: WRCMD     C_f = 0x022   at time   61911091 ps
inst0 ch0:  R_CMD: ACTCMD    R_r0= 0x02    at time   62256781 ps
inst0 ch0:  R_CMD: ACTCMD    R_f0= 0x1b    at time   62257195 ps
inst0 ch0:  R_CMD: ACTCMD    R_r1= 0x3f    at time   62257609 ps
inst0 ch0:  R_CMD: ACTCMD    R_f1= 0x3b    at time   62258023 ps
inst0 ch0:  C_CMD: WRCMD     C_r = 0x009   at time   62267545 ps
inst0 ch0:  C_CMD: WRCMD     C_f = 0x080   at time   62267959 ps
inst0 ch0:  R_CMD: ACTCMD    R_r0= 0x02    at time   62486965 ps
inst0 ch0:  R_CMD: ACTCMD    R_f0= 0x13    at time   62487379 ps
inst0 ch0:  R_CMD: ACTCMD    R_r1= 0x3f    at time   62487793 ps
inst0 ch0:  R_CMD: ACTCMD    R_f1= 0x3b    at time   62488207 ps
inst0 ch0:  C_CMD: WRCMD     C_r = 0x009   at time   62497729 ps
inst0 ch0:  C_CMD: WRCMD     C_f = 0x000   at time   62498143 ps
inst0 ch0:  R_CMD: ACTCMD    R_r0= 0x0a    at time   62653393 ps
inst0 ch0:  R_CMD: ACTCMD    R_f0= 0x19    at time   62653807 ps
inst0 ch0:  R_CMD: ACTCMD    R_r1= 0x3f    at time   62654221 ps
inst0 ch0:  R_CMD: ACTCMD    R_f1= 0x3b    at time   62654635 ps
inst0 ch0:  R_CMD: ACTCMD    R_r0= 0x02    at time   62657533 ps
inst0 ch0:  R_CMD: ACTCMD    R_f0= 0x19    at time   62657947 ps
inst0 ch0:  R_CMD: ACTCMD    R_r1= 0x3f    at time   62658361 ps
inst0 ch0:  R_CMD: ACTCMD    R_f1= 0x3b    at time   62658775 ps
inst0 ch0:  C_CMD: WRCMD     C_r = 0x019   at time   62664157 ps
inst0 ch0:  C_CMD: WRCMD     C_f = 0x0fa   at time   62664571 ps
inst0 ch0:  C_CMD: WRCMD     C_r = 0x009   at time   62668297 ps
inst0 ch0:  C_CMD: WRCMD     C_f = 0x0fa   at time   62668711 ps
inst0 ch0:  R_CMD: ACTCMD    R_r0= 0x0a    at time   62818993 ps
inst0 ch0:  R_CMD: ACTCMD    R_f0= 0x0a    at time   62819407 ps
inst0 ch0:  R_CMD: ACTCMD    R_r1= 0x00    at time   62819821 ps
inst0 ch0:  R_CMD: ACTCMD    R_f1= 0x00    at time   62820235 ps
inst0 ch0:  R_CMD: ACTCMD    R_r0= 0x02    at time   62823133 ps
inst0 ch0:  R_CMD: ACTCMD    R_f0= 0x0a    at time   62823547 ps
inst0 ch0:  R_CMD: ACTCMD    R_r1= 0x00    at time   62823961 ps
inst0 ch0:  R_CMD: ACTCMD    R_f1= 0x00    at time   62824375 ps
inst0 ch0:  C_CMD: RDCMD     C_r = 0x015   at time   62833897 ps
inst0 ch0:  C_CMD: RDCMD     C_f = 0x080   at time   62834311 ps
inst0 ch0:  C_CMD: RDCMD     C_r = 0x01d   at time   62837209 ps
inst0 ch0:  C_CMD: RDCMD     C_f = 0x082   at time   62837623 ps
inst0 ch0:  C_CMD: RDCMD     C_r = 0x005   at time   62840521 ps
inst0 ch0:  C_CMD: RDCMD     C_f = 0x080   at time   62840935 ps
inst0 ch0:  C_CMD: RDCMD     C_r = 0x00d   at time   62843833 ps
inst0 ch0:  C_CMD: RDCMD     C_f = 0x082   at time   62844247 ps
inst0 ch0:  R_CMD: ACTCMD    R_r0= 0x0a    at time   63120385 ps
inst0 ch0:  R_CMD: ACTCMD    R_f0= 0x11    at time   63120799 ps
inst0 ch0:  R_CMD: ACTCMD    R_r1= 0x3f    at time   63121213 ps
inst0 ch0:  R_CMD: ACTCMD    R_f1= 0x3b    at time   63121627 ps
inst0 ch0:  R_CMD: ACTCMD    R_r0= 0x02    at time   63124525 ps
inst0 ch0:  R_CMD: ACTCMD    R_f0= 0x11    at time   63124939 ps
inst0 ch0:  R_CMD: ACTCMD    R_r1= 0x3f    at time   63125353 ps
inst0 ch0:  R_CMD: ACTCMD    R_f1= 0x3b    at time   63125767 ps
inst0 ch0:  C_CMD: WRCMD     C_r = 0x019   at time   63131149 ps
inst0 ch0:  C_CMD: WRCMD     C_f = 0x07a   at time   63131563 ps
inst0 ch0:  C_CMD: WRCMD     C_r = 0x009   at time   63135289 ps
inst0 ch0:  C_CMD: WRCMD     C_f = 0x07a   at time   63135703 ps
inst0 ch0:  R_CMD: ACTCMD    R_r0= 0x0a    at time   63709093 ps
inst0 ch0:  R_CMD: ACTCMD    R_f0= 0x02    at time   63709507 ps
inst0 ch0:  R_CMD: ACTCMD    R_r1= 0x00    at time   63709921 ps
inst0 ch0:  R_CMD: ACTCMD    R_f1= 0x00    at time   63710335 ps
inst0 ch0:  R_CMD: ACTCMD    R_r0= 0x02    at time   63713233 ps
inst0 ch0:  R_CMD: ACTCMD    R_f0= 0x02    at time   63713647 ps
inst0 ch0:  R_CMD: ACTCMD    R_r1= 0x00    at time   63714061 ps
inst0 ch0:  R_CMD: ACTCMD    R_f1= 0x00    at time   63714475 ps
inst0 ch0:  C_CMD: RDCMD     C_r = 0x015   at time   63723997 ps
inst0 ch0:  C_CMD: RDCMD     C_f = 0x000   at time   63724411 ps
inst0 ch0:  C_CMD: RDCMD     C_r = 0x01d   at time   63727309 ps
inst0 ch0:  C_CMD: RDCMD     C_f = 0x002   at time   63727723 ps
inst0 ch0:  C_CMD: RDCMD     C_r = 0x005   at time   63730621 ps
inst0 ch0:  C_CMD: RDCMD     C_f = 0x000   at time   63731035 ps
inst0 ch0:  C_CMD: RDCMD     C_r = 0x00d   at time   63733933 ps
inst0 ch0:  C_CMD: RDCMD     C_f = 0x002   at time   63734347 ps
