inst0 ch0:  R_CMD: ACTCMD    R_r0= 0x0e    at time   33400981 ps
inst0 ch0:  R_CMD: ACTCMD    R_f0= 0x28    at time   33401395 ps
inst0 ch0:  R_CMD: ACTCMD    R_r1= 0x00    at time   33401809 ps
inst0 ch0:  R_CMD: ACTCMD    R_f1= 0x02    at time   33402223 ps
inst0 ch0:  R_CMD: ACTCMD    R_r0= 0x0e    at time   33402637 ps
inst0 ch0:  R_CMD: ACTCMD    R_f0= 0x20    at time   33403051 ps
inst0 ch0:  R_CMD: ACTCMD    R_r1= 0x00    at time   33403465 ps
inst0 ch0:  R_CMD: ACTCMD    R_f1= 0x02    at time   33403879 ps
inst0 ch0:  C_CMD: WRCMD     C_r = 0x091   at time   33411745 ps
inst0 ch0:  C_CMD: WRCMD     C_f = 0x0a9   at time   33412159 ps
inst0 ch0:  C_CMD: WRCMD     C_r = 0x091   at time   33413401 ps
inst0 ch0:  C_CMD: WRCMD     C_f = 0x029   at time   33413815 ps
inst0 ch0:  C_CMD: WRCMD     C_r = 0x091   at time   33415057 ps
inst0 ch0:  C_CMD: WRCMD     C_f = 0x0ab   at time   33415471 ps
inst0 ch0:  C_CMD: WRCMD     C_r = 0x091   at time   33416713 ps
inst0 ch0:  C_CMD: WRCMD     C_f = 0x02b   at time   33417127 ps
inst0 ch0:  C_CMD: WRCMD     C_r = 0x091   at time   33418369 ps
inst0 ch0:  C_CMD: WRCMD     C_f = 0x0a1   at time   33418783 ps
inst0 ch0:  C_CMD: WRCMD     C_r = 0x091   at time   33420025 ps
inst0 ch0:  C_CMD: WRCMD     C_f = 0x021   at time   33420439 ps
inst0 ch0:  C_CMD: WRCMD     C_r = 0x099   at time   33421681 ps
inst0 ch0:  C_CMD: WRCMD     C_f = 0x0a3   at time   33422095 ps
inst0 ch0:  C_CMD: WRCMD     C_r = 0x099   at time   33423337 ps
inst0 ch0:  C_CMD: WRCMD     C_f = 0x023   at time   33423751 ps
inst0 ch0:  R_CMD: ACTCMD    R_r0= 0x2e    at time   37837405 ps
inst0 ch0:  R_CMD: ACTCMD    R_f0= 0x28    at time   37837819 ps
inst0 ch0:  R_CMD: ACTCMD    R_r1= 0x00    at time   37838233 ps
inst0 ch0:  R_CMD: ACTCMD    R_f1= 0x02    at time   37838647 ps
inst0 ch0:  R_CMD: ACTCMD    R_r0= 0x2e    at time   37839061 ps
inst0 ch0:  R_CMD: ACTCMD    R_f0= 0x20    at time   37839475 ps
inst0 ch0:  R_CMD: ACTCMD    R_r1= 0x00    at time   37839889 ps
inst0 ch0:  R_CMD: ACTCMD    R_f1= 0x02    at time   37840303 ps
inst0 ch0:  C_CMD: WRCMD     C_r = 0x0d1   at time   37848169 ps
inst0 ch0:  C_CMD: WRCMD     C_f = 0x0a9   at time   37848583 ps
inst0 ch0:  C_CMD: WRCMD     C_r = 0x0d1   at time   37849825 ps
inst0 ch0:  C_CMD: WRCMD     C_f = 0x029   at time   37850239 ps
inst0 ch0:  C_CMD: WRCMD     C_r = 0x0d1   at time   37851481 ps
inst0 ch0:  C_CMD: WRCMD     C_f = 0x0ab   at time   37851895 ps
inst0 ch0:  C_CMD: WRCMD     C_r = 0x0d1   at time   37853137 ps
inst0 ch0:  C_CMD: WRCMD     C_f = 0x02b   at time   37853551 ps
inst0 ch0:  C_CMD: WRCMD     C_r = 0x0d1   at time   37854793 ps
inst0 ch0:  C_CMD: WRCMD     C_f = 0x0a1   at time   37855207 ps
inst0 ch0:  C_CMD: WRCMD     C_r = 0x0d1   at time   37856449 ps
inst0 ch0:  C_CMD: WRCMD     C_f = 0x021   at time   37856863 ps
inst0 ch0:  C_CMD: WRCMD     C_r = 0x0d9   at time   37858105 ps
inst0 ch0:  C_CMD: WRCMD     C_f = 0x0a3   at time   37858519 ps
inst0 ch0:  C_CMD: WRCMD     C_r = 0x0d9   at time   37859761 ps
inst0 ch0:  C_CMD: WRCMD     C_f = 0x023   at time   37860175 ps
inst0 ch0:  R_CMD: ACTCMD    R_r0= 0x22    at time   54957133 ps
inst0 ch0:  R_CMD: ACTCMD    R_f0= 0x2a    at time   54957547 ps
inst0 ch0:  R_CMD: ACTCMD    R_r1= 0x00    at time   54957961 ps
inst0 ch0:  R_CMD: ACTCMD    R_f1= 0x00    at time   54958375 ps
inst0 ch0:  R_CMD: ACTCMD    R_r0= 0x02    at time   54961273 ps
inst0 ch0:  R_CMD: ACTCMD    R_f0= 0x2a    at time   54961687 ps
inst0 ch0:  R_CMD: ACTCMD    R_r1= 0x00    at time   54962101 ps
inst0 ch0:  R_CMD: ACTCMD    R_f1= 0x00    at time   54962515 ps
inst0 ch0:  R_CMD: ACTCMD    R_r0= 0x22    at time   54962929 ps
inst0 ch0:  R_CMD: ACTCMD    R_f0= 0x22    at time   54963343 ps
inst0 ch0:  R_CMD: ACTCMD    R_r1= 0x00    at time   54963757 ps
inst0 ch0:  R_CMD: ACTCMD    R_f1= 0x00    at time   54964171 ps
inst0 ch0:  R_CMD: ACTCMD    R_r0= 0x22    at time   54965413 ps
inst0 ch0:  R_CMD: ACTCMD    R_f0= 0x0a    at time   54965827 ps
inst0 ch0:  R_CMD: ACTCMD    R_r1= 0x00    at time   54966241 ps
inst0 ch0:  R_CMD: ACTCMD    R_f1= 0x00    at time   54966655 ps
inst0 ch0:  R_CMD: ACTCMD    R_r0= 0x02    at time   54967069 ps
inst0 ch0:  R_CMD: ACTCMD    R_f0= 0x22    at time   54967483 ps
inst0 ch0:  R_CMD: ACTCMD    R_r1= 0x00    at time   54967897 ps
inst0 ch0:  R_CMD: ACTCMD    R_f1= 0x00    at time   54968311 ps
inst0 ch0:  R_CMD: ACTCMD    R_r0= 0x02    at time   54969553 ps
inst0 ch0:  R_CMD: ACTCMD    R_f0= 0x0a    at time   54969967 ps
inst0 ch0:  R_CMD: ACTCMD    R_r1= 0x00    at time   54970381 ps
inst0 ch0:  R_CMD: ACTCMD    R_f1= 0x00    at time   54970795 ps
inst0 ch0:  R_CMD: ACTCMD    R_r0= 0x22    at time   54971209 ps
inst0 ch0:  R_CMD: ACTCMD    R_f0= 0x02    at time   54971623 ps
inst0 ch0:  R_CMD: ACTCMD    R_r1= 0x00    at time   54972037 ps
inst0 ch0:  C_CMD: RDCMD     C_r = 0x0c5   at time   54972037 ps
inst0 ch0:  R_CMD: ACTCMD    R_f1= 0x00    at time   54972451 ps
inst0 ch0:  C_CMD: RDCMD     C_f = 0x080   at time   54972451 ps
inst0 ch0:  R_CMD: ACTCMD    R_r0= 0x02    at time   54975349 ps
inst0 ch0:  C_CMD: RDCMD     C_r = 0x0cd   at time   54975349 ps
inst0 ch0:  R_CMD: ACTCMD    R_f0= 0x02    at time   54975763 ps
inst0 ch0:  C_CMD: RDCMD     C_f = 0x082   at time   54975763 ps
inst0 ch0:  R_CMD: ACTCMD    R_r1= 0x00    at time   54976177 ps
inst0 ch0:  R_CMD: ACTCMD    R_f1= 0x00    at time   54976591 ps
inst0 ch0:  C_CMD: RDCMD     C_r = 0x085   at time   54977005 ps
inst0 ch0:  C_CMD: RDCMD     C_f = 0x080   at time   54977419 ps
inst0 ch0:  C_CMD: RDCMD     C_r = 0x0c5   at time   54977833 ps
inst0 ch0:  C_CMD: RDCMD     C_f = 0x000   at time   54978247 ps
inst0 ch0:  C_CMD: RDCMD     C_r = 0x08d   at time   54980317 ps
inst0 ch0:  C_CMD: RDCMD     C_f = 0x082   at time   54980731 ps
inst0 ch0:  C_CMD: RDCMD     C_r = 0x0cd   at time   54981145 ps
inst0 ch0:  C_CMD: RDCMD     C_f = 0x002   at time   54981559 ps
inst0 ch0:  C_CMD: RDCMD     C_r = 0x045   at time   54981973 ps
inst0 ch0:  C_CMD: RDCMD     C_f = 0x080   at time   54982387 ps
inst0 ch0:  C_CMD: RDCMD     C_r = 0x085   at time   54982801 ps
inst0 ch0:  C_CMD: RDCMD     C_f = 0x000   at time   54983215 ps
inst0 ch0:  C_CMD: RDCMD     C_r = 0x005   at time   54984457 ps
inst0 ch0:  C_CMD: RDCMD     C_f = 0x080   at time   54984871 ps
inst0 ch0:  C_CMD: RDCMD     C_r = 0x04d   at time   54986113 ps
inst0 ch0:  C_CMD: RDCMD     C_f = 0x082   at time   54986527 ps
inst0 ch0:  C_CMD: RDCMD     C_r = 0x08d   at time   54986941 ps
inst0 ch0:  C_CMD: RDCMD     C_f = 0x002   at time   54987355 ps
inst0 ch0:  C_CMD: RDCMD     C_r = 0x00d   at time   54987769 ps
inst0 ch0:  C_CMD: RDCMD     C_f = 0x082   at time   54988183 ps
inst0 ch0:  C_CMD: RDCMD     C_r = 0x045   at time   54988597 ps
inst0 ch0:  C_CMD: RDCMD     C_f = 0x000   at time   54989011 ps
inst0 ch0:  C_CMD: RDCMD     C_r = 0x005   at time   54990253 ps
inst0 ch0:  C_CMD: RDCMD     C_f = 0x000   at time   54990667 ps
inst0 ch0:  C_CMD: RDCMD     C_r = 0x04d   at time   54991909 ps
inst0 ch0:  C_CMD: RDCMD     C_f = 0x002   at time   54992323 ps
inst0 ch0:  C_CMD: RDCMD     C_r = 0x00d   at time   54993565 ps
inst0 ch0:  C_CMD: RDCMD     C_f = 0x002   at time   54993979 ps
inst0 ch0:  R_CMD: ACTCMD    R_r0= 0x2a    at time   55417501 ps
inst0 ch0:  R_CMD: ACTCMD    R_f0= 0x2a    at time   55417915 ps
inst0 ch0:  R_CMD: ACTCMD    R_r1= 0x00    at time   55418329 ps
inst0 ch0:  R_CMD: ACTCMD    R_f1= 0x00    at time   55418743 ps
inst0 ch0:  R_CMD: ACTCMD    R_r0= 0x0a    at time   55421641 ps
inst0 ch0:  R_CMD: ACTCMD    R_f0= 0x2a    at time   55422055 ps
inst0 ch0:  R_CMD: ACTCMD    R_r1= 0x00    at time   55422469 ps
inst0 ch0:  R_CMD: ACTCMD    R_f1= 0x00    at time   55422883 ps
inst0 ch0:  R_CMD: ACTCMD    R_r0= 0x2a    at time   55425781 ps
inst0 ch0:  R_CMD: ACTCMD    R_f0= 0x0a    at time   55426195 ps
inst0 ch0:  R_CMD: ACTCMD    R_r1= 0x00    at time   55426609 ps
inst0 ch0:  R_CMD: ACTCMD    R_f1= 0x00    at time   55427023 ps
inst0 ch0:  R_CMD: ACTCMD    R_r0= 0x0a    at time   55429921 ps
inst0 ch0:  R_CMD: ACTCMD    R_f0= 0x0a    at time   55430335 ps
inst0 ch0:  R_CMD: ACTCMD    R_r1= 0x00    at time   55430749 ps
inst0 ch0:  R_CMD: ACTCMD    R_f1= 0x00    at time   55431163 ps
inst0 ch0:  C_CMD: RDCMD     C_r = 0x0d5   at time   55432405 ps
inst0 ch0:  C_CMD: RDCMD     C_f = 0x080   at time   55432819 ps
inst0 ch0:  C_CMD: RDCMD     C_r = 0x0dd   at time   55435717 ps
inst0 ch0:  C_CMD: RDCMD     C_f = 0x082   at time   55436131 ps
inst0 ch0:  C_CMD: RDCMD     C_r = 0x095   at time   55437373 ps
inst0 ch0:  C_CMD: RDCMD     C_f = 0x080   at time   55437787 ps
inst0 ch0:  C_CMD: RDCMD     C_r = 0x09d   at time   55440685 ps
inst0 ch0:  C_CMD: RDCMD     C_f = 0x082   at time   55441099 ps
inst0 ch0:  C_CMD: RDCMD     C_r = 0x055   at time   55442341 ps
inst0 ch0:  C_CMD: RDCMD     C_f = 0x080   at time   55442755 ps
inst0 ch0:  C_CMD: RDCMD     C_r = 0x015   at time   55444825 ps
inst0 ch0:  C_CMD: RDCMD     C_f = 0x080   at time   55445239 ps
inst0 ch0:  C_CMD: RDCMD     C_r = 0x05d   at time   55446481 ps
inst0 ch0:  C_CMD: RDCMD     C_f = 0x082   at time   55446895 ps
inst0 ch0:  C_CMD: RDCMD     C_r = 0x01d   at time   55448137 ps
inst0 ch0:  C_CMD: RDCMD     C_f = 0x082   at time   55448551 ps
inst0 ch0:  R_CMD: ACTCMD    R_r0= 0x2a    at time   55556605 ps
inst0 ch0:  R_CMD: ACTCMD    R_f0= 0x22    at time   55557019 ps
inst0 ch0:  R_CMD: ACTCMD    R_r1= 0x00    at time   55557433 ps
inst0 ch0:  R_CMD: ACTCMD    R_f1= 0x00    at time   55557847 ps
inst0 ch0:  R_CMD: ACTCMD    R_r0= 0x0a    at time   55560745 ps
inst0 ch0:  R_CMD: ACTCMD    R_f0= 0x22    at time   55561159 ps
inst0 ch0:  R_CMD: ACTCMD    R_r1= 0x00    at time   55561573 ps
inst0 ch0:  R_CMD: ACTCMD    R_f1= 0x00    at time   55561987 ps
inst0 ch0:  R_CMD: ACTCMD    R_r0= 0x2a    at time   55564885 ps
inst0 ch0:  R_CMD: ACTCMD    R_f0= 0x02    at time   55565299 ps
inst0 ch0:  R_CMD: ACTCMD    R_r1= 0x00    at time   55565713 ps
inst0 ch0:  R_CMD: ACTCMD    R_f1= 0x00    at time   55566127 ps
inst0 ch0:  R_CMD: ACTCMD    R_r0= 0x0a    at time   55569025 ps
inst0 ch0:  R_CMD: ACTCMD    R_f0= 0x02    at time   55569439 ps
inst0 ch0:  R_CMD: ACTCMD    R_r1= 0x00    at time   55569853 ps
inst0 ch0:  R_CMD: ACTCMD    R_f1= 0x00    at time   55570267 ps
inst0 ch0:  C_CMD: RDCMD     C_r = 0x0d5   at time   55571509 ps
inst0 ch0:  C_CMD: RDCMD     C_f = 0x000   at time   55571923 ps
inst0 ch0:  C_CMD: RDCMD     C_r = 0x0dd   at time   55574821 ps
inst0 ch0:  C_CMD: RDCMD     C_f = 0x002   at time   55575235 ps
inst0 ch0:  C_CMD: RDCMD     C_r = 0x095   at time   55576477 ps
inst0 ch0:  C_CMD: RDCMD     C_f = 0x000   at time   55576891 ps
inst0 ch0:  C_CMD: RDCMD     C_r = 0x09d   at time   55579789 ps
inst0 ch0:  C_CMD: RDCMD     C_f = 0x002   at time   55580203 ps
inst0 ch0:  C_CMD: RDCMD     C_r = 0x055   at time   55581445 ps
inst0 ch0:  C_CMD: RDCMD     C_f = 0x000   at time   55581859 ps
inst0 ch0:  C_CMD: RDCMD     C_r = 0x015   at time   55583929 ps
inst0 ch0:  C_CMD: RDCMD     C_f = 0x000   at time   55584343 ps
inst0 ch0:  C_CMD: RDCMD     C_r = 0x05d   at time   55585585 ps
inst0 ch0:  C_CMD: RDCMD     C_f = 0x002   at time   55585999 ps
inst0 ch0:  C_CMD: RDCMD     C_r = 0x01d   at time   55587241 ps
inst0 ch0:  C_CMD: RDCMD     C_f = 0x002   at time   55587655 ps
inst0 ch0:  R_CMD: ACTCMD    R_r0= 0x32    at time   55598833 ps
inst0 ch0:  R_CMD: ACTCMD    R_f0= 0x2a    at time   55599247 ps
inst0 ch0:  R_CMD: ACTCMD    R_r1= 0x00    at time   55599661 ps
inst0 ch0:  R_CMD: ACTCMD    R_f1= 0x00    at time   55600075 ps
inst0 ch0:  R_CMD: ACTCMD    R_r0= 0x12    at time   55602973 ps
inst0 ch0:  R_CMD: ACTCMD    R_f0= 0x2a    at time   55603387 ps
inst0 ch0:  R_CMD: ACTCMD    R_r1= 0x00    at time   55603801 ps
inst0 ch0:  R_CMD: ACTCMD    R_f1= 0x00    at time   55604215 ps
inst0 ch0:  R_CMD: ACTCMD    R_r0= 0x32    at time   55607113 ps
inst0 ch0:  R_CMD: ACTCMD    R_f0= 0x0a    at time   55607527 ps
inst0 ch0:  R_CMD: ACTCMD    R_r1= 0x00    at time   55607941 ps
inst0 ch0:  R_CMD: ACTCMD    R_f1= 0x00    at time   55608355 ps
inst0 ch0:  R_CMD: ACTCMD    R_r0= 0x12    at time   55611253 ps
inst0 ch0:  R_CMD: ACTCMD    R_f0= 0x0a    at time   55611667 ps
inst0 ch0:  R_CMD: ACTCMD    R_r1= 0x00    at time   55612081 ps
inst0 ch0:  R_CMD: ACTCMD    R_f1= 0x00    at time   55612495 ps
inst0 ch0:  C_CMD: RDCMD     C_r = 0x0e5   at time   55613737 ps
inst0 ch0:  C_CMD: RDCMD     C_f = 0x080   at time   55614151 ps
inst0 ch0:  C_CMD: RDCMD     C_r = 0x0ed   at time   55617049 ps
inst0 ch0:  C_CMD: RDCMD     C_f = 0x082   at time   55617463 ps
inst0 ch0:  C_CMD: RDCMD     C_r = 0x0a5   at time   55618705 ps
inst0 ch0:  C_CMD: RDCMD     C_f = 0x080   at time   55619119 ps
inst0 ch0:  C_CMD: RDCMD     C_r = 0x0ad   at time   55622017 ps
inst0 ch0:  C_CMD: RDCMD     C_f = 0x082   at time   55622431 ps
inst0 ch0:  C_CMD: RDCMD     C_r = 0x065   at time   55623673 ps
inst0 ch0:  C_CMD: RDCMD     C_f = 0x080   at time   55624087 ps
inst0 ch0:  C_CMD: RDCMD     C_r = 0x025   at time   55626157 ps
inst0 ch0:  C_CMD: RDCMD     C_f = 0x080   at time   55626571 ps
inst0 ch0:  C_CMD: RDCMD     C_r = 0x06d   at time   55627813 ps
inst0 ch0:  C_CMD: RDCMD     C_f = 0x082   at time   55628227 ps
inst0 ch0:  C_CMD: RDCMD     C_r = 0x02d   at time   55629469 ps
inst0 ch0:  C_CMD: RDCMD     C_f = 0x082   at time   55629883 ps
inst0 ch0:  R_CMD: ACTCMD    R_r0= 0x32    at time   55833985 ps
inst0 ch0:  R_CMD: ACTCMD    R_f0= 0x22    at time   55834399 ps
inst0 ch0:  R_CMD: ACTCMD    R_r1= 0x00    at time   55834813 ps
inst0 ch0:  R_CMD: ACTCMD    R_f1= 0x00    at time   55835227 ps
inst0 ch0:  R_CMD: ACTCMD    R_r0= 0x12    at time   55838125 ps
inst0 ch0:  R_CMD: ACTCMD    R_f0= 0x22    at time   55838539 ps
inst0 ch0:  R_CMD: ACTCMD    R_r1= 0x00    at time   55838953 ps
inst0 ch0:  R_CMD: ACTCMD    R_f1= 0x00    at time   55839367 ps
inst0 ch0:  R_CMD: ACTCMD    R_r0= 0x32    at time   55842265 ps
inst0 ch0:  R_CMD: ACTCMD    R_f0= 0x02    at time   55842679 ps
inst0 ch0:  R_CMD: ACTCMD    R_r1= 0x00    at time   55843093 ps
inst0 ch0:  R_CMD: ACTCMD    R_f1= 0x00    at time   55843507 ps
inst0 ch0:  R_CMD: ACTCMD    R_r0= 0x12    at time   55846405 ps
inst0 ch0:  R_CMD: ACTCMD    R_f0= 0x02    at time   55846819 ps
inst0 ch0:  R_CMD: ACTCMD    R_r1= 0x00    at time   55847233 ps
inst0 ch0:  R_CMD: ACTCMD    R_f1= 0x00    at time   55847647 ps
inst0 ch0:  C_CMD: RDCMD     C_r = 0x0e5   at time   55848889 ps
inst0 ch0:  C_CMD: RDCMD     C_f = 0x000   at time   55849303 ps
inst0 ch0:  C_CMD: RDCMD     C_r = 0x0ed   at time   55852201 ps
inst0 ch0:  C_CMD: RDCMD     C_f = 0x002   at time   55852615 ps
inst0 ch0:  C_CMD: RDCMD     C_r = 0x0a5   at time   55853857 ps
inst0 ch0:  C_CMD: RDCMD     C_f = 0x000   at time   55854271 ps
inst0 ch0:  C_CMD: RDCMD     C_r = 0x0ad   at time   55857169 ps
inst0 ch0:  C_CMD: RDCMD     C_f = 0x002   at time   55857583 ps
inst0 ch0:  C_CMD: RDCMD     C_r = 0x065   at time   55858825 ps
inst0 ch0:  C_CMD: RDCMD     C_f = 0x000   at time   55859239 ps
inst0 ch0:  C_CMD: RDCMD     C_r = 0x025   at time   55861309 ps
inst0 ch0:  C_CMD: RDCMD     C_f = 0x000   at time   55861723 ps
inst0 ch0:  C_CMD: RDCMD     C_r = 0x06d   at time   55862965 ps
inst0 ch0:  C_CMD: RDCMD     C_f = 0x002   at time   55863379 ps
inst0 ch0:  C_CMD: RDCMD     C_r = 0x02d   at time   55864621 ps
inst0 ch0:  C_CMD: RDCMD     C_f = 0x002   at time   55865035 ps
inst0 ch0:  R_CMD: ACTCMD    R_r0= 0x3a    at time   55902709 ps
inst0 ch0:  R_CMD: ACTCMD    R_f0= 0x2a    at time   55903123 ps
inst0 ch0:  R_CMD: ACTCMD    R_r1= 0x00    at time   55903537 ps
inst0 ch0:  R_CMD: ACTCMD    R_f1= 0x00    at time   55903951 ps
inst0 ch0:  R_CMD: ACTCMD    R_r0= 0x1a    at time   55906849 ps
inst0 ch0:  R_CMD: ACTCMD    R_f0= 0x2a    at time   55907263 ps
inst0 ch0:  R_CMD: ACTCMD    R_r1= 0x00    at time   55907677 ps
inst0 ch0:  R_CMD: ACTCMD    R_f1= 0x00    at time   55908091 ps
inst0 ch0:  R_CMD: ACTCMD    R_r0= 0x3a    at time   55910989 ps
inst0 ch0:  R_CMD: ACTCMD    R_f0= 0x0a    at time   55911403 ps
inst0 ch0:  R_CMD: ACTCMD    R_r1= 0x00    at time   55911817 ps
inst0 ch0:  R_CMD: ACTCMD    R_f1= 0x00    at time   55912231 ps
inst0 ch0:  R_CMD: ACTCMD    R_r0= 0x1a    at time   55915129 ps
inst0 ch0:  R_CMD: ACTCMD    R_f0= 0x0a    at time   55915543 ps
inst0 ch0:  R_CMD: ACTCMD    R_r1= 0x00    at time   55915957 ps
inst0 ch0:  R_CMD: ACTCMD    R_f1= 0x00    at time   55916371 ps
inst0 ch0:  C_CMD: RDCMD     C_r = 0x0f5   at time   55917613 ps
inst0 ch0:  C_CMD: RDCMD     C_f = 0x080   at time   55918027 ps
inst0 ch0:  C_CMD: RDCMD     C_r = 0x0fd   at time   55920925 ps
inst0 ch0:  C_CMD: RDCMD     C_f = 0x082   at time   55921339 ps
inst0 ch0:  C_CMD: RDCMD     C_r = 0x0b5   at time   55922581 ps
inst0 ch0:  C_CMD: RDCMD     C_f = 0x080   at time   55922995 ps
inst0 ch0:  C_CMD: RDCMD     C_r = 0x0bd   at time   55925893 ps
inst0 ch0:  C_CMD: RDCMD     C_f = 0x082   at time   55926307 ps
inst0 ch0:  C_CMD: RDCMD     C_r = 0x075   at time   55927549 ps
inst0 ch0:  C_CMD: RDCMD     C_f = 0x080   at time   55927963 ps
inst0 ch0:  C_CMD: RDCMD     C_r = 0x035   at time   55930033 ps
inst0 ch0:  C_CMD: RDCMD     C_f = 0x080   at time   55930447 ps
inst0 ch0:  C_CMD: RDCMD     C_r = 0x07d   at time   55931689 ps
inst0 ch0:  C_CMD: RDCMD     C_f = 0x082   at time   55932103 ps
inst0 ch0:  C_CMD: RDCMD     C_r = 0x03d   at time   55933345 ps
inst0 ch0:  C_CMD: RDCMD     C_f = 0x082   at time   55933759 ps
inst0 ch0:  R_CMD: ACTCMD    R_r0= 0x3a    at time   56220661 ps
inst0 ch0:  R_CMD: ACTCMD    R_f0= 0x22    at time   56221075 ps
inst0 ch0:  R_CMD: ACTCMD    R_r1= 0x00    at time   56221489 ps
inst0 ch0:  R_CMD: ACTCMD    R_f1= 0x00    at time   56221903 ps
inst0 ch0:  R_CMD: ACTCMD    R_r0= 0x1a    at time   56224801 ps
inst0 ch0:  R_CMD: ACTCMD    R_f0= 0x22    at time   56225215 ps
inst0 ch0:  R_CMD: ACTCMD    R_r1= 0x00    at time   56225629 ps
inst0 ch0:  R_CMD: ACTCMD    R_f1= 0x00    at time   56226043 ps
inst0 ch0:  R_CMD: ACTCMD    R_r0= 0x3a    at time   56228941 ps
inst0 ch0:  R_CMD: ACTCMD    R_f0= 0x02    at time   56229355 ps
inst0 ch0:  R_CMD: ACTCMD    R_r1= 0x00    at time   56229769 ps
inst0 ch0:  R_CMD: ACTCMD    R_f1= 0x00    at time   56230183 ps
inst0 ch0:  R_CMD: ACTCMD    R_r0= 0x1a    at time   56233081 ps
inst0 ch0:  R_CMD: ACTCMD    R_f0= 0x02    at time   56233495 ps
inst0 ch0:  R_CMD: ACTCMD    R_r1= 0x00    at time   56233909 ps
inst0 ch0:  R_CMD: ACTCMD    R_f1= 0x00    at time   56234323 ps
inst0 ch0:  C_CMD: RDCMD     C_r = 0x0f5   at time   56235565 ps
inst0 ch0:  C_CMD: RDCMD     C_f = 0x000   at time   56235979 ps
inst0 ch0:  C_CMD: RDCMD     C_r = 0x0fd   at time   56238877 ps
inst0 ch0:  C_CMD: RDCMD     C_f = 0x002   at time   56239291 ps
inst0 ch0:  C_CMD: RDCMD     C_r = 0x0b5   at time   56240533 ps
inst0 ch0:  C_CMD: RDCMD     C_f = 0x000   at time   56240947 ps
inst0 ch0:  C_CMD: RDCMD     C_r = 0x0bd   at time   56243845 ps
inst0 ch0:  C_CMD: RDCMD     C_f = 0x002   at time   56244259 ps
inst0 ch0:  C_CMD: RDCMD     C_r = 0x075   at time   56245501 ps
inst0 ch0:  C_CMD: RDCMD     C_f = 0x000   at time   56245915 ps
inst0 ch0:  C_CMD: RDCMD     C_r = 0x035   at time   56247985 ps
inst0 ch0:  C_CMD: RDCMD     C_f = 0x000   at time   56248399 ps
inst0 ch0:  C_CMD: RDCMD     C_r = 0x07d   at time   56249641 ps
inst0 ch0:  C_CMD: RDCMD     C_f = 0x002   at time   56250055 ps
inst0 ch0:  C_CMD: RDCMD     C_r = 0x03d   at time   56251297 ps
inst0 ch0:  C_CMD: RDCMD     C_f = 0x002   at time   56251711 ps
inst0 ch0:  R_CMD: ACTCMD    R_r0= 0x02    at time   56636317 ps
inst0 ch0:  R_CMD: ACTCMD    R_f0= 0x18    at time   56636731 ps
inst0 ch0:  R_CMD: ACTCMD    R_r1= 0x3f    at time   56637145 ps
inst0 ch0:  R_CMD: ACTCMD    R_f1= 0x3b    at time   56637559 ps
inst0 ch0:  C_CMD: WRCMD     C_r = 0x009   at time   56647081 ps
inst0 ch0:  C_CMD: WRCMD     C_f = 0x0fa   at time   56647495 ps
inst0 ch0:  R_CMD: ACTCMD    R_r0= 0x02    at time   56818477 ps
inst0 ch0:  R_CMD: ACTCMD    R_f0= 0x10    at time   56818891 ps
inst0 ch0:  R_CMD: ACTCMD    R_r1= 0x3f    at time   56819305 ps
inst0 ch0:  R_CMD: ACTCMD    R_f1= 0x3b    at time   56819719 ps
inst0 ch0:  C_CMD: WRCMD     C_r = 0x009   at time   56829241 ps
inst0 ch0:  C_CMD: WRCMD     C_f = 0x07a   at time   56829655 ps
inst0 ch0:  R_CMD: ACTCMD    R_r0= 0x0a    at time   56916181 ps
inst0 ch0:  R_CMD: ACTCMD    R_f0= 0x18    at time   56916595 ps
inst0 ch0:  R_CMD: ACTCMD    R_r1= 0x3f    at time   56917009 ps
inst0 ch0:  R_CMD: ACTCMD    R_f1= 0x3b    at time   56917423 ps
inst0 ch0:  C_CMD: WRCMD     C_r = 0x019   at time   56926945 ps
inst0 ch0:  C_CMD: WRCMD     C_f = 0x0fa   at time   56927359 ps
inst0 ch0:  R_CMD: ACTCMD    R_r0= 0x02    at time   57051145 ps
inst0 ch0:  R_CMD: ACTCMD    R_f0= 0x38    at time   57051559 ps
inst0 ch0:  R_CMD: ACTCMD    R_r1= 0x3f    at time   57051973 ps
inst0 ch0:  R_CMD: ACTCMD    R_f1= 0x3b    at time   57052387 ps
inst0 ch0:  C_CMD: WRCMD     C_r = 0x089   at time   57061909 ps
inst0 ch0:  C_CMD: WRCMD     C_f = 0x0fa   at time   57062323 ps
inst0 ch0:  R_CMD: ACTCMD    R_r0= 0x0a    at time   57142225 ps
inst0 ch0:  R_CMD: ACTCMD    R_f0= 0x10    at time   57142639 ps
inst0 ch0:  R_CMD: ACTCMD    R_r1= 0x3f    at time   57143053 ps
inst0 ch0:  R_CMD: ACTCMD    R_f1= 0x3b    at time   57143467 ps
inst0 ch0:  C_CMD: WRCMD     C_r = 0x019   at time   57152989 ps
inst0 ch0:  C_CMD: WRCMD     C_f = 0x07a   at time   57153403 ps
inst0 ch0:  R_CMD: ACTCMD    R_r0= 0x0a    at time   57278017 ps
inst0 ch0:  R_CMD: ACTCMD    R_f0= 0x38    at time   57278431 ps
inst0 ch0:  R_CMD: ACTCMD    R_r1= 0x3f    at time   57278845 ps
inst0 ch0:  R_CMD: ACTCMD    R_f1= 0x3b    at time   57279259 ps
inst0 ch0:  C_CMD: WRCMD     C_r = 0x099   at time   57288781 ps
inst0 ch0:  C_CMD: WRCMD     C_f = 0x0fa   at time   57289195 ps
inst0 ch0:  R_CMD: ACTCMD    R_r0= 0x02    at time   57409669 ps
inst0 ch0:  R_CMD: ACTCMD    R_f0= 0x30    at time   57410083 ps
inst0 ch0:  R_CMD: ACTCMD    R_r1= 0x3f    at time   57410497 ps
inst0 ch0:  R_CMD: ACTCMD    R_f1= 0x3b    at time   57410911 ps
inst0 ch0:  C_CMD: WRCMD     C_r = 0x089   at time   57420433 ps
inst0 ch0:  C_CMD: WRCMD     C_f = 0x07a   at time   57420847 ps
inst0 ch0:  R_CMD: ACTCMD    R_r0= 0x0a    at time   57646477 ps
inst0 ch0:  R_CMD: ACTCMD    R_f0= 0x30    at time   57646891 ps
inst0 ch0:  R_CMD: ACTCMD    R_r1= 0x3f    at time   57647305 ps
inst0 ch0:  R_CMD: ACTCMD    R_f1= 0x3b    at time   57647719 ps
inst0 ch0:  C_CMD: WRCMD     C_r = 0x099   at time   57657241 ps
inst0 ch0:  C_CMD: WRCMD     C_f = 0x07a   at time   57657655 ps
inst0 ch0:  R_CMD: ACTCMD    R_r0= 0x0a    at time   58500973 ps
inst0 ch0:  R_CMD: ACTCMD    R_f0= 0x1b    at time   58501387 ps
inst0 ch0:  R_CMD: ACTCMD    R_r1= 0x3f    at time   58501801 ps
inst0 ch0:  R_CMD: ACTCMD    R_f1= 0x3b    at time   58502215 ps
inst0 ch0:  C_CMD: WRCMD     C_r = 0x019   at time   58511737 ps
inst0 ch0:  C_CMD: WRCMD     C_f = 0x090   at time   58512151 ps
inst0 ch0:  R_CMD: ACTCMD    R_r0= 0x0a    at time   59088853 ps
inst0 ch0:  R_CMD: ACTCMD    R_f0= 0x13    at time   59089267 ps
inst0 ch0:  R_CMD: ACTCMD    R_r1= 0x3f    at time   59089681 ps
inst0 ch0:  R_CMD: ACTCMD    R_f1= 0x3b    at time   59090095 ps
inst0 ch0:  R_CMD: ACTCMD    R_r0= 0x02    at time   59091337 ps
inst0 ch0:  R_CMD: ACTCMD    R_f0= 0x1b    at time   59091751 ps
inst0 ch0:  R_CMD: ACTCMD    R_r1= 0x3f    at time   59092165 ps
inst0 ch0:  R_CMD: ACTCMD    R_f1= 0x3b    at time   59092579 ps
inst0 ch0:  C_CMD: WRCMD     C_r = 0x019   at time   59099617 ps
inst0 ch0:  C_CMD: WRCMD     C_f = 0x010   at time   59100031 ps
inst0 ch0:  C_CMD: WRCMD     C_r = 0x009   at time   59102101 ps
inst0 ch0:  C_CMD: WRCMD     C_f = 0x080   at time   59102515 ps
inst0 ch0:  R_CMD: ACTCMD    R_r0= 0x02    at time   59510305 ps
inst0 ch0:  R_CMD: ACTCMD    R_f0= 0x13    at time   59510719 ps
inst0 ch0:  R_CMD: ACTCMD    R_r1= 0x3f    at time   59511133 ps
inst0 ch0:  R_CMD: ACTCMD    R_f1= 0x3b    at time   59511547 ps
inst0 ch0:  C_CMD: WRCMD     C_r = 0x009   at time   59521069 ps
inst0 ch0:  C_CMD: WRCMD     C_f = 0x000   at time   59521483 ps
inst0 ch0:  R_CMD: ACTCMD    R_r0= 0x02    at time   60523777 ps
inst0 ch0:  R_CMD: ACTCMD    R_f0= 0x08    at time   60524191 ps
inst0 ch0:  R_CMD: ACTCMD    R_r1= 0x00    at time   60524605 ps
inst0 ch0:  R_CMD: ACTCMD    R_f1= 0x00    at time   60525019 ps
inst0 ch0:  C_CMD: RDCMD     C_r = 0x005   at time   60538681 ps
inst0 ch0:  C_CMD: RDCMD     C_f = 0x098   at time   60539095 ps
inst0 ch0:  C_CMD: RDCMD     C_r = 0x005   at time   60541993 ps
inst0 ch0:  C_CMD: RDCMD     C_f = 0x09a   at time   60542407 ps
inst0 ch0:  C_CMD: RDCMD     C_r = 0x005   at time   60545305 ps
inst0 ch0:  C_CMD: RDCMD     C_f = 0x090   at time   60545719 ps
inst0 ch0:  C_CMD: RDCMD     C_r = 0x005   at time   60548617 ps
inst0 ch0:  C_CMD: RDCMD     C_f = 0x092   at time   60549031 ps
inst0 ch0:  C_CMD: RDCMD     C_r = 0x005   at time   60551929 ps
inst0 ch0:  C_CMD: RDCMD     C_f = 0x088   at time   60552343 ps
inst0 ch0:  C_CMD: RDCMD     C_r = 0x005   at time   60555241 ps
inst0 ch0:  C_CMD: RDCMD     C_f = 0x08a   at time   60555655 ps
inst0 ch0:  C_CMD: RDCMD     C_r = 0x005   at time   60558553 ps
inst0 ch0:  C_CMD: RDCMD     C_f = 0x080   at time   60558967 ps
inst0 ch0:  C_CMD: RDCMD     C_r = 0x00d   at time   60561865 ps
inst0 ch0:  C_CMD: RDCMD     C_f = 0x082   at time   60562279 ps
inst0 ch0:  R_CMD: ACTCMD    R_r0= 0x0a    at time   60709249 ps
inst0 ch0:  R_CMD: ACTCMD    R_f0= 0x08    at time   60709663 ps
inst0 ch0:  R_CMD: ACTCMD    R_r1= 0x00    at time   60710077 ps
inst0 ch0:  R_CMD: ACTCMD    R_f1= 0x00    at time   60710491 ps
inst0 ch0:  C_CMD: RDCMD     C_r = 0x015   at time   60724153 ps
inst0 ch0:  C_CMD: RDCMD     C_f = 0x098   at time   60724567 ps
inst0 ch0:  C_CMD: RDCMD     C_r = 0x015   at time   60727465 ps
inst0 ch0:  C_CMD: RDCMD     C_f = 0x09a   at time   60727879 ps
inst0 ch0:  C_CMD: RDCMD     C_r = 0x015   at time   60730777 ps
inst0 ch0:  C_CMD: RDCMD     C_f = 0x090   at time   60731191 ps
inst0 ch0:  C_CMD: RDCMD     C_r = 0x015   at time   60734089 ps
inst0 ch0:  C_CMD: RDCMD     C_f = 0x092   at time   60734503 ps
inst0 ch0:  C_CMD: RDCMD     C_r = 0x015   at time   60737401 ps
inst0 ch0:  C_CMD: RDCMD     C_f = 0x088   at time   60737815 ps
inst0 ch0:  C_CMD: RDCMD     C_r = 0x015   at time   60740713 ps
inst0 ch0:  C_CMD: RDCMD     C_f = 0x08a   at time   60741127 ps
inst0 ch0:  C_CMD: RDCMD     C_r = 0x015   at time   60744025 ps
inst0 ch0:  C_CMD: RDCMD     C_f = 0x080   at time   60744439 ps
inst0 ch0:  C_CMD: RDCMD     C_r = 0x01d   at time   60747337 ps
inst0 ch0:  C_CMD: RDCMD     C_f = 0x082   at time   60747751 ps
inst0 ch0:  R_CMD: ACTCMD    R_r0= 0x02    at time   60888925 ps
inst0 ch0:  R_CMD: ACTCMD    R_f0= 0x00    at time   60889339 ps
inst0 ch0:  R_CMD: ACTCMD    R_r1= 0x00    at time   60889753 ps
inst0 ch0:  R_CMD: ACTCMD    R_f1= 0x00    at time   60890167 ps
inst0 ch0:  C_CMD: RDCMD     C_r = 0x005   at time   60903829 ps
inst0 ch0:  C_CMD: RDCMD     C_f = 0x018   at time   60904243 ps
inst0 ch0:  C_CMD: RDCMD     C_r = 0x005   at time   60907141 ps
inst0 ch0:  C_CMD: RDCMD     C_f = 0x01a   at time   60907555 ps
inst0 ch0:  C_CMD: RDCMD     C_r = 0x005   at time   60910453 ps
inst0 ch0:  C_CMD: RDCMD     C_f = 0x010   at time   60910867 ps
inst0 ch0:  C_CMD: RDCMD     C_r = 0x005   at time   60913765 ps
inst0 ch0:  C_CMD: RDCMD     C_f = 0x012   at time   60914179 ps
inst0 ch0:  C_CMD: RDCMD     C_r = 0x005   at time   60917077 ps
inst0 ch0:  C_CMD: RDCMD     C_f = 0x008   at time   60917491 ps
inst0 ch0:  C_CMD: RDCMD     C_r = 0x005   at time   60920389 ps
inst0 ch0:  C_CMD: RDCMD     C_f = 0x00a   at time   60920803 ps
inst0 ch0:  C_CMD: RDCMD     C_r = 0x005   at time   60923701 ps
inst0 ch0:  C_CMD: RDCMD     C_f = 0x000   at time   60924115 ps
inst0 ch0:  C_CMD: RDCMD     C_r = 0x00d   at time   60927013 ps
inst0 ch0:  C_CMD: RDCMD     C_f = 0x002   at time   60927427 ps
inst0 ch0:  R_CMD: ACTCMD    R_r0= 0x0a    at time   61119937 ps
inst0 ch0:  R_CMD: ACTCMD    R_f0= 0x08    at time   61120351 ps
inst0 ch0:  R_CMD: ACTCMD    R_r1= 0x00    at time   61120765 ps
inst0 ch0:  R_CMD: ACTCMD    R_f1= 0x00    at time   61121179 ps
inst0 ch0:  C_CMD: WRCMD     C_r = 0x011   at time   61130701 ps
inst0 ch0:  C_CMD: WRCMD     C_f = 0x0b8   at time   61131115 ps
inst0 ch0:  C_CMD: WRCMD     C_r = 0x011   at time   61134013 ps
inst0 ch0:  C_CMD: WRCMD     C_f = 0x0ba   at time   61134427 ps
inst0 ch0:  C_CMD: WRCMD     C_r = 0x011   at time   61137325 ps
inst0 ch0:  C_CMD: WRCMD     C_f = 0x0b0   at time   61137739 ps
inst0 ch0:  C_CMD: WRCMD     C_r = 0x011   at time   61140637 ps
inst0 ch0:  C_CMD: WRCMD     C_f = 0x0b2   at time   61141051 ps
inst0 ch0:  C_CMD: WRCMD     C_r = 0x011   at time   61143949 ps
inst0 ch0:  C_CMD: WRCMD     C_f = 0x0a8   at time   61144363 ps
inst0 ch0:  C_CMD: WRCMD     C_r = 0x011   at time   61147261 ps
inst0 ch0:  C_CMD: WRCMD     C_f = 0x0aa   at time   61147675 ps
inst0 ch0:  C_CMD: WRCMD     C_r = 0x011   at time   61150573 ps
inst0 ch0:  C_CMD: WRCMD     C_f = 0x0a0   at time   61150987 ps
inst0 ch0:  C_CMD: WRCMD     C_r = 0x019   at time   61153885 ps
inst0 ch0:  C_CMD: WRCMD     C_f = 0x0a2   at time   61154299 ps
inst0 ch0:  R_CMD: ACTCMD    R_r0= 0x0a    at time   61181209 ps
inst0 ch0:  R_CMD: ACTCMD    R_f0= 0x00    at time   61181623 ps
inst0 ch0:  R_CMD: ACTCMD    R_r1= 0x00    at time   61182037 ps
inst0 ch0:  R_CMD: ACTCMD    R_f1= 0x00    at time   61182451 ps
inst0 ch0:  C_CMD: RDCMD     C_r = 0x015   at time   61196113 ps
inst0 ch0:  C_CMD: RDCMD     C_f = 0x018   at time   61196527 ps
inst0 ch0:  C_CMD: RDCMD     C_r = 0x015   at time   61199425 ps
inst0 ch0:  C_CMD: RDCMD     C_f = 0x01a   at time   61199839 ps
inst0 ch0:  C_CMD: RDCMD     C_r = 0x015   at time   61202737 ps
inst0 ch0:  C_CMD: RDCMD     C_f = 0x010   at time   61203151 ps
inst0 ch0:  C_CMD: RDCMD     C_r = 0x015   at time   61206049 ps
inst0 ch0:  C_CMD: RDCMD     C_f = 0x012   at time   61206463 ps
inst0 ch0:  C_CMD: RDCMD     C_r = 0x015   at time   61209361 ps
inst0 ch0:  C_CMD: RDCMD     C_f = 0x008   at time   61209775 ps
inst0 ch0:  C_CMD: RDCMD     C_r = 0x015   at time   61212673 ps
inst0 ch0:  C_CMD: RDCMD     C_f = 0x00a   at time   61213087 ps
inst0 ch0:  C_CMD: RDCMD     C_r = 0x015   at time   61215985 ps
inst0 ch0:  C_CMD: RDCMD     C_f = 0x000   at time   61216399 ps
inst0 ch0:  C_CMD: RDCMD     C_r = 0x01d   at time   61219297 ps
inst0 ch0:  C_CMD: RDCMD     C_f = 0x002   at time   61219711 ps
inst0 ch0:  R_CMD: ACTCMD    R_r0= 0x0a    at time   61482601 ps
inst0 ch0:  R_CMD: ACTCMD    R_f0= 0x00    at time   61483015 ps
inst0 ch0:  R_CMD: ACTCMD    R_r1= 0x00    at time   61483429 ps
inst0 ch0:  R_CMD: ACTCMD    R_f1= 0x00    at time   61483843 ps
inst0 ch0:  C_CMD: WRCMD     C_r = 0x011   at time   61493365 ps
inst0 ch0:  C_CMD: WRCMD     C_f = 0x038   at time   61493779 ps
inst0 ch0:  C_CMD: WRCMD     C_r = 0x011   at time   61496677 ps
inst0 ch0:  C_CMD: WRCMD     C_f = 0x03a   at time   61497091 ps
inst0 ch0:  C_CMD: WRCMD     C_r = 0x011   at time   61499989 ps
inst0 ch0:  C_CMD: WRCMD     C_f = 0x030   at time   61500403 ps
inst0 ch0:  C_CMD: WRCMD     C_r = 0x011   at time   61503301 ps
inst0 ch0:  C_CMD: WRCMD     C_f = 0x032   at time   61503715 ps
inst0 ch0:  C_CMD: WRCMD     C_r = 0x011   at time   61506613 ps
inst0 ch0:  C_CMD: WRCMD     C_f = 0x028   at time   61507027 ps
inst0 ch0:  C_CMD: WRCMD     C_r = 0x011   at time   61509925 ps
inst0 ch0:  C_CMD: WRCMD     C_f = 0x02a   at time   61510339 ps
inst0 ch0:  C_CMD: WRCMD     C_r = 0x011   at time   61513237 ps
inst0 ch0:  C_CMD: WRCMD     C_f = 0x020   at time   61513651 ps
inst0 ch0:  C_CMD: WRCMD     C_r = 0x019   at time   61516549 ps
inst0 ch0:  C_CMD: WRCMD     C_f = 0x022   at time   61516963 ps
inst0 ch0:  R_CMD: ACTCMD    R_r0= 0x02    at time   62065513 ps
inst0 ch0:  R_CMD: ACTCMD    R_f0= 0x1b    at time   62065927 ps
inst0 ch0:  R_CMD: ACTCMD    R_r1= 0x3f    at time   62066341 ps
inst0 ch0:  R_CMD: ACTCMD    R_f1= 0x3b    at time   62066755 ps
inst0 ch0:  C_CMD: WRCMD     C_r = 0x009   at time   62076277 ps
inst0 ch0:  C_CMD: WRCMD     C_f = 0x080   at time   62076691 ps
inst0 ch0:  R_CMD: ACTCMD    R_r0= 0x02    at time   62429005 ps
inst0 ch0:  R_CMD: ACTCMD    R_f0= 0x13    at time   62429419 ps
inst0 ch0:  R_CMD: ACTCMD    R_r1= 0x3f    at time   62429833 ps
inst0 ch0:  R_CMD: ACTCMD    R_f1= 0x3b    at time   62430247 ps
inst0 ch0:  C_CMD: WRCMD     C_r = 0x009   at time   62439769 ps
inst0 ch0:  C_CMD: WRCMD     C_f = 0x000   at time   62440183 ps
inst0 ch0:  R_CMD: ACTCMD    R_r0= 0x0a    at time   62634349 ps
inst0 ch0:  R_CMD: ACTCMD    R_f0= 0x19    at time   62634763 ps
inst0 ch0:  R_CMD: ACTCMD    R_r1= 0x3f    at time   62635177 ps
inst0 ch0:  R_CMD: ACTCMD    R_f1= 0x3b    at time   62635591 ps
inst0 ch0:  R_CMD: ACTCMD    R_r0= 0x02    at time   62638489 ps
inst0 ch0:  R_CMD: ACTCMD    R_f0= 0x19    at time   62638903 ps
inst0 ch0:  R_CMD: ACTCMD    R_r1= 0x3f    at time   62639317 ps
inst0 ch0:  R_CMD: ACTCMD    R_f1= 0x3b    at time   62639731 ps
inst0 ch0:  C_CMD: WRCMD     C_r = 0x019   at time   62645113 ps
inst0 ch0:  C_CMD: WRCMD     C_f = 0x0fa   at time   62645527 ps
inst0 ch0:  C_CMD: WRCMD     C_r = 0x009   at time   62649253 ps
inst0 ch0:  C_CMD: WRCMD     C_f = 0x0fa   at time   62649667 ps
inst0 ch0:  R_CMD: ACTCMD    R_r0= 0x0a    at time   62770141 ps
inst0 ch0:  R_CMD: ACTCMD    R_f0= 0x0a    at time   62770555 ps
inst0 ch0:  R_CMD: ACTCMD    R_r1= 0x00    at time   62770969 ps
inst0 ch0:  R_CMD: ACTCMD    R_f1= 0x00    at time   62771383 ps
inst0 ch0:  R_CMD: ACTCMD    R_r0= 0x02    at time   62774281 ps
inst0 ch0:  R_CMD: ACTCMD    R_f0= 0x0a    at time   62774695 ps
inst0 ch0:  R_CMD: ACTCMD    R_r1= 0x00    at time   62775109 ps
inst0 ch0:  R_CMD: ACTCMD    R_f1= 0x00    at time   62775523 ps
inst0 ch0:  C_CMD: RDCMD     C_r = 0x015   at time   62785045 ps
inst0 ch0:  C_CMD: RDCMD     C_f = 0x080   at time   62785459 ps
inst0 ch0:  C_CMD: RDCMD     C_r = 0x01d   at time   62788357 ps
inst0 ch0:  C_CMD: RDCMD     C_f = 0x082   at time   62788771 ps
inst0 ch0:  C_CMD: RDCMD     C_r = 0x005   at time   62791669 ps
inst0 ch0:  C_CMD: RDCMD     C_f = 0x080   at time   62792083 ps
inst0 ch0:  C_CMD: RDCMD     C_r = 0x00d   at time   62794981 ps
inst0 ch0:  C_CMD: RDCMD     C_f = 0x082   at time   62795395 ps
inst0 ch0:  R_CMD: ACTCMD    R_r0= 0x0a    at time   63074845 ps
inst0 ch0:  R_CMD: ACTCMD    R_f0= 0x11    at time   63075259 ps
inst0 ch0:  R_CMD: ACTCMD    R_r1= 0x3f    at time   63075673 ps
inst0 ch0:  R_CMD: ACTCMD    R_f1= 0x3b    at time   63076087 ps
inst0 ch0:  R_CMD: ACTCMD    R_r0= 0x02    at time   63079813 ps
inst0 ch0:  R_CMD: ACTCMD    R_f0= 0x11    at time   63080227 ps
inst0 ch0:  R_CMD: ACTCMD    R_r1= 0x3f    at time   63080641 ps
inst0 ch0:  R_CMD: ACTCMD    R_f1= 0x3b    at time   63081055 ps
inst0 ch0:  C_CMD: WRCMD     C_r = 0x019   at time   63085609 ps
inst0 ch0:  C_CMD: WRCMD     C_f = 0x07a   at time   63086023 ps
inst0 ch0:  C_CMD: WRCMD     C_r = 0x009   at time   63090577 ps
inst0 ch0:  C_CMD: WRCMD     C_f = 0x07a   at time   63090991 ps
inst0 ch0:  R_CMD: ACTCMD    R_r0= 0x0a    at time   63252865 ps
inst0 ch0:  R_CMD: ACTCMD    R_f0= 0x02    at time   63253279 ps
inst0 ch0:  R_CMD: ACTCMD    R_r1= 0x00    at time   63253693 ps
inst0 ch0:  R_CMD: ACTCMD    R_f1= 0x00    at time   63254107 ps
inst0 ch0:  R_CMD: ACTCMD    R_r0= 0x02    at time   63257005 ps
inst0 ch0:  R_CMD: ACTCMD    R_f0= 0x02    at time   63257419 ps
inst0 ch0:  R_CMD: ACTCMD    R_r1= 0x00    at time   63257833 ps
inst0 ch0:  R_CMD: ACTCMD    R_f1= 0x00    at time   63258247 ps
inst0 ch0:  C_CMD: RDCMD     C_r = 0x015   at time   63267769 ps
inst0 ch0:  C_CMD: RDCMD     C_f = 0x000   at time   63268183 ps
inst0 ch0:  C_CMD: RDCMD     C_r = 0x01d   at time   63271081 ps
inst0 ch0:  C_CMD: RDCMD     C_f = 0x002   at time   63271495 ps
inst0 ch0:  C_CMD: RDCMD     C_r = 0x005   at time   63274393 ps
inst0 ch0:  C_CMD: RDCMD     C_f = 0x000   at time   63274807 ps
inst0 ch0:  C_CMD: RDCMD     C_r = 0x00d   at time   63277705 ps
inst0 ch0:  C_CMD: RDCMD     C_f = 0x002   at time   63278119 ps
