inst0 ch0:  R_CMD: ACTCMD    R_r0= 0x0e    at time   33400981 ps
inst0 ch0:  R_CMD: ACTCMD    R_f0= 0x28    at time   33401395 ps
inst0 ch0:  R_CMD: ACTCMD    R_r1= 0x00    at time   33401809 ps
inst0 ch0:  R_CMD: ACTCMD    R_f1= 0x02    at time   33402223 ps
inst0 ch0:  R_CMD: ACTCMD    R_r0= 0x0e    at time   33402637 ps
inst0 ch0:  R_CMD: ACTCMD    R_f0= 0x20    at time   33403051 ps
inst0 ch0:  R_CMD: ACTCMD    R_r1= 0x00    at time   33403465 ps
inst0 ch0:  R_CMD: ACTCMD    R_f1= 0x02    at time   33403879 ps
inst0 ch0:  C_CMD: RDCMD     C_r = 0x095   at time   33415885 ps
inst0 ch0:  C_CMD: RDCMD     C_f = 0x0a9   at time   33416299 ps
inst0 ch0:  C_CMD: RDCMD     C_r = 0x095   at time   33417541 ps
inst0 ch0:  C_CMD: RDCMD     C_f = 0x029   at time   33417955 ps
inst0 ch0:  C_CMD: RDCMD     C_r = 0x095   at time   33419197 ps
inst0 ch0:  C_CMD: RDCMD     C_f = 0x0ab   at time   33419611 ps
inst0 ch0:  C_CMD: RDCMD     C_r = 0x095   at time   33420853 ps
inst0 ch0:  C_CMD: RDCMD     C_f = 0x02b   at time   33421267 ps
inst0 ch0:  C_CMD: RDCMD     C_r = 0x095   at time   33422509 ps
inst0 ch0:  C_CMD: RDCMD     C_f = 0x0a1   at time   33422923 ps
inst0 ch0:  C_CMD: RDCMD     C_r = 0x095   at time   33424165 ps
inst0 ch0:  C_CMD: RDCMD     C_f = 0x021   at time   33424579 ps
inst0 ch0:  C_CMD: RDCMD     C_r = 0x09d   at time   33425821 ps
inst0 ch0:  C_CMD: RDCMD     C_f = 0x0a3   at time   33426235 ps
inst0 ch0:  C_CMD: RDCMD     C_r = 0x09d   at time   33427477 ps
inst0 ch0:  C_CMD: RDCMD     C_f = 0x023   at time   33427891 ps
inst0 ch0:  R_CMD: ACTCMD    R_r0= 0x0e    at time   33555817 ps
inst0 ch0:  R_CMD: ACTCMD    R_f0= 0x28    at time   33556231 ps
inst0 ch0:  R_CMD: ACTCMD    R_r1= 0x00    at time   33556645 ps
inst0 ch0:  R_CMD: ACTCMD    R_f1= 0x02    at time   33557059 ps
inst0 ch0:  R_CMD: ACTCMD    R_r0= 0x0e    at time   33557473 ps
inst0 ch0:  R_CMD: ACTCMD    R_f0= 0x20    at time   33557887 ps
inst0 ch0:  R_CMD: ACTCMD    R_r1= 0x00    at time   33558301 ps
inst0 ch0:  R_CMD: ACTCMD    R_f1= 0x02    at time   33558715 ps
inst0 ch0:  C_CMD: WRCMD     C_r = 0x091   at time   33566581 ps
inst0 ch0:  C_CMD: WRCMD     C_f = 0x0a9   at time   33566995 ps
inst0 ch0:  C_CMD: WRCMD     C_r = 0x091   at time   33568237 ps
inst0 ch0:  C_CMD: WRCMD     C_f = 0x029   at time   33568651 ps
inst0 ch0:  C_CMD: WRCMD     C_r = 0x091   at time   33569893 ps
inst0 ch0:  C_CMD: WRCMD     C_f = 0x0ab   at time   33570307 ps
inst0 ch0:  C_CMD: WRCMD     C_r = 0x091   at time   33571549 ps
inst0 ch0:  C_CMD: WRCMD     C_f = 0x02b   at time   33571963 ps
inst0 ch0:  C_CMD: WRCMD     C_r = 0x091   at time   33573205 ps
inst0 ch0:  C_CMD: WRCMD     C_f = 0x0a1   at time   33573619 ps
inst0 ch0:  C_CMD: WRCMD     C_r = 0x091   at time   33574861 ps
inst0 ch0:  C_CMD: WRCMD     C_f = 0x021   at time   33575275 ps
inst0 ch0:  C_CMD: WRCMD     C_r = 0x099   at time   33576517 ps
inst0 ch0:  C_CMD: WRCMD     C_f = 0x0a3   at time   33576931 ps
inst0 ch0:  C_CMD: WRCMD     C_r = 0x099   at time   33578173 ps
inst0 ch0:  C_CMD: WRCMD     C_f = 0x023   at time   33578587 ps
inst0 ch0:  R_CMD: ACTCMD    R_r0= 0x26    at time   54263269 ps
inst0 ch0:  R_CMD: ACTCMD    R_f0= 0x28    at time   54263683 ps
inst0 ch0:  R_CMD: ACTCMD    R_r1= 0x00    at time   54264097 ps
inst0 ch0:  R_CMD: ACTCMD    R_f1= 0x02    at time   54264511 ps
inst0 ch0:  R_CMD: ACTCMD    R_r0= 0x26    at time   54265753 ps
inst0 ch0:  R_CMD: ACTCMD    R_f0= 0x20    at time   54266167 ps
inst0 ch0:  R_CMD: ACTCMD    R_r1= 0x00    at time   54266581 ps
inst0 ch0:  R_CMD: ACTCMD    R_f1= 0x02    at time   54266995 ps
inst0 ch0:  C_CMD: RDCMD     C_r = 0x0c5   at time   54278173 ps
inst0 ch0:  C_CMD: RDCMD     C_f = 0x0a9   at time   54278587 ps
inst0 ch0:  C_CMD: RDCMD     C_r = 0x0c5   at time   54280657 ps
inst0 ch0:  C_CMD: RDCMD     C_f = 0x029   at time   54281071 ps
inst0 ch0:  C_CMD: RDCMD     C_r = 0x0c5   at time   54281485 ps
inst0 ch0:  C_CMD: RDCMD     C_f = 0x0ab   at time   54281899 ps
inst0 ch0:  C_CMD: RDCMD     C_r = 0x0c5   at time   54283969 ps
inst0 ch0:  C_CMD: RDCMD     C_f = 0x02b   at time   54284383 ps
inst0 ch0:  C_CMD: RDCMD     C_r = 0x0c5   at time   54284797 ps
inst0 ch0:  C_CMD: RDCMD     C_f = 0x0a1   at time   54285211 ps
inst0 ch0:  C_CMD: RDCMD     C_r = 0x0c5   at time   54287281 ps
inst0 ch0:  C_CMD: RDCMD     C_f = 0x021   at time   54287695 ps
inst0 ch0:  C_CMD: RDCMD     C_r = 0x0cd   at time   54288109 ps
inst0 ch0:  C_CMD: RDCMD     C_f = 0x0a3   at time   54288523 ps
inst0 ch0:  C_CMD: RDCMD     C_r = 0x0cd   at time   54290593 ps
inst0 ch0:  C_CMD: RDCMD     C_f = 0x023   at time   54291007 ps
inst0 ch0:  R_CMD: ACTCMD    R_r0= 0x26    at time   54333649 ps
inst0 ch0:  R_CMD: ACTCMD    R_f0= 0x28    at time   54334063 ps
inst0 ch0:  R_CMD: ACTCMD    R_r1= 0x00    at time   54334477 ps
inst0 ch0:  R_CMD: ACTCMD    R_f1= 0x02    at time   54334891 ps
inst0 ch0:  R_CMD: ACTCMD    R_r0= 0x26    at time   54336133 ps
inst0 ch0:  R_CMD: ACTCMD    R_f0= 0x20    at time   54336547 ps
inst0 ch0:  R_CMD: ACTCMD    R_r1= 0x00    at time   54336961 ps
inst0 ch0:  R_CMD: ACTCMD    R_f1= 0x02    at time   54337375 ps
inst0 ch0:  C_CMD: WRCMD     C_r = 0x0c1   at time   54344413 ps
inst0 ch0:  C_CMD: WRCMD     C_f = 0x0a9   at time   54344827 ps
inst0 ch0:  C_CMD: WRCMD     C_r = 0x0c1   at time   54346897 ps
inst0 ch0:  C_CMD: WRCMD     C_f = 0x029   at time   54347311 ps
inst0 ch0:  C_CMD: WRCMD     C_r = 0x0c1   at time   54347725 ps
inst0 ch0:  C_CMD: WRCMD     C_f = 0x0ab   at time   54348139 ps
inst0 ch0:  C_CMD: WRCMD     C_r = 0x0c1   at time   54350209 ps
inst0 ch0:  C_CMD: WRCMD     C_f = 0x02b   at time   54350623 ps
inst0 ch0:  C_CMD: WRCMD     C_r = 0x0c1   at time   54351037 ps
inst0 ch0:  C_CMD: WRCMD     C_f = 0x0a1   at time   54351451 ps
inst0 ch0:  C_CMD: WRCMD     C_r = 0x0c1   at time   54353521 ps
inst0 ch0:  C_CMD: WRCMD     C_f = 0x021   at time   54353935 ps
inst0 ch0:  C_CMD: WRCMD     C_r = 0x0c9   at time   54354349 ps
inst0 ch0:  C_CMD: WRCMD     C_f = 0x0a3   at time   54354763 ps
inst0 ch0:  C_CMD: WRCMD     C_r = 0x0c9   at time   54356833 ps
inst0 ch0:  C_CMD: WRCMD     C_f = 0x023   at time   54357247 ps
inst0 ch0:  R_CMD: ACTCMD    R_r0= 0x22    at time  124888357 ps
inst0 ch0:  R_CMD: ACTCMD    R_f0= 0x2a    at time  124888771 ps
inst0 ch0:  R_CMD: ACTCMD    R_r1= 0x00    at time  124889185 ps
inst0 ch0:  R_CMD: ACTCMD    R_f1= 0x00    at time  124889599 ps
inst0 ch0:  R_CMD: ACTCMD    R_r0= 0x02    at time  124892497 ps
inst0 ch0:  R_CMD: ACTCMD    R_f0= 0x2a    at time  124892911 ps
inst0 ch0:  R_CMD: ACTCMD    R_r1= 0x00    at time  124893325 ps
inst0 ch0:  R_CMD: ACTCMD    R_f1= 0x00    at time  124893739 ps
inst0 ch0:  R_CMD: ACTCMD    R_r0= 0x22    at time  124894153 ps
inst0 ch0:  R_CMD: ACTCMD    R_f0= 0x22    at time  124894567 ps
inst0 ch0:  R_CMD: ACTCMD    R_r1= 0x00    at time  124894981 ps
inst0 ch0:  R_CMD: ACTCMD    R_f1= 0x00    at time  124895395 ps
inst0 ch0:  R_CMD: ACTCMD    R_r0= 0x22    at time  124896637 ps
inst0 ch0:  R_CMD: ACTCMD    R_f0= 0x0a    at time  124897051 ps
inst0 ch0:  R_CMD: ACTCMD    R_r1= 0x00    at time  124897465 ps
inst0 ch0:  R_CMD: ACTCMD    R_f1= 0x00    at time  124897879 ps
inst0 ch0:  R_CMD: ACTCMD    R_r0= 0x02    at time  124898293 ps
inst0 ch0:  R_CMD: ACTCMD    R_f0= 0x22    at time  124898707 ps
inst0 ch0:  R_CMD: ACTCMD    R_r1= 0x00    at time  124899121 ps
inst0 ch0:  R_CMD: ACTCMD    R_f1= 0x00    at time  124899535 ps
inst0 ch0:  R_CMD: ACTCMD    R_r0= 0x02    at time  124900777 ps
inst0 ch0:  R_CMD: ACTCMD    R_f0= 0x0a    at time  124901191 ps
inst0 ch0:  R_CMD: ACTCMD    R_r1= 0x00    at time  124901605 ps
inst0 ch0:  R_CMD: ACTCMD    R_f1= 0x00    at time  124902019 ps
inst0 ch0:  R_CMD: ACTCMD    R_r0= 0x22    at time  124902433 ps
inst0 ch0:  R_CMD: ACTCMD    R_f0= 0x02    at time  124902847 ps
inst0 ch0:  R_CMD: ACTCMD    R_r1= 0x00    at time  124903261 ps
inst0 ch0:  C_CMD: RDCMD     C_r = 0x0c5   at time  124903261 ps
inst0 ch0:  R_CMD: ACTCMD    R_f1= 0x00    at time  124903675 ps
inst0 ch0:  C_CMD: RDCMD     C_f = 0x080   at time  124903675 ps
inst0 ch0:  R_CMD: ACTCMD    R_r0= 0x02    at time  124906573 ps
inst0 ch0:  C_CMD: RDCMD     C_r = 0x0cd   at time  124906573 ps
inst0 ch0:  R_CMD: ACTCMD    R_f0= 0x02    at time  124906987 ps
inst0 ch0:  C_CMD: RDCMD     C_f = 0x082   at time  124906987 ps
inst0 ch0:  R_CMD: ACTCMD    R_r1= 0x00    at time  124907401 ps
inst0 ch0:  R_CMD: ACTCMD    R_f1= 0x00    at time  124907815 ps
inst0 ch0:  C_CMD: RDCMD     C_r = 0x085   at time  124908229 ps
inst0 ch0:  C_CMD: RDCMD     C_f = 0x080   at time  124908643 ps
inst0 ch0:  C_CMD: RDCMD     C_r = 0x0c5   at time  124909057 ps
inst0 ch0:  C_CMD: RDCMD     C_f = 0x000   at time  124909471 ps
inst0 ch0:  C_CMD: RDCMD     C_r = 0x08d   at time  124911541 ps
inst0 ch0:  C_CMD: RDCMD     C_f = 0x082   at time  124911955 ps
inst0 ch0:  C_CMD: RDCMD     C_r = 0x0cd   at time  124912369 ps
inst0 ch0:  C_CMD: RDCMD     C_f = 0x002   at time  124912783 ps
inst0 ch0:  C_CMD: RDCMD     C_r = 0x045   at time  124913197 ps
inst0 ch0:  C_CMD: RDCMD     C_f = 0x080   at time  124913611 ps
inst0 ch0:  C_CMD: RDCMD     C_r = 0x085   at time  124914025 ps
inst0 ch0:  C_CMD: RDCMD     C_f = 0x000   at time  124914439 ps
inst0 ch0:  C_CMD: RDCMD     C_r = 0x005   at time  124915681 ps
inst0 ch0:  C_CMD: RDCMD     C_f = 0x080   at time  124916095 ps
inst0 ch0:  C_CMD: RDCMD     C_r = 0x04d   at time  124917337 ps
inst0 ch0:  C_CMD: RDCMD     C_f = 0x082   at time  124917751 ps
inst0 ch0:  C_CMD: RDCMD     C_r = 0x08d   at time  124918165 ps
inst0 ch0:  C_CMD: RDCMD     C_f = 0x002   at time  124918579 ps
inst0 ch0:  C_CMD: RDCMD     C_r = 0x00d   at time  124918993 ps
inst0 ch0:  C_CMD: RDCMD     C_f = 0x082   at time  124919407 ps
inst0 ch0:  C_CMD: RDCMD     C_r = 0x045   at time  124919821 ps
inst0 ch0:  C_CMD: RDCMD     C_f = 0x000   at time  124920235 ps
inst0 ch0:  C_CMD: RDCMD     C_r = 0x005   at time  124921477 ps
inst0 ch0:  C_CMD: RDCMD     C_f = 0x000   at time  124921891 ps
inst0 ch0:  C_CMD: RDCMD     C_r = 0x04d   at time  124923133 ps
inst0 ch0:  C_CMD: RDCMD     C_f = 0x002   at time  124923547 ps
inst0 ch0:  C_CMD: RDCMD     C_r = 0x00d   at time  124924789 ps
inst0 ch0:  C_CMD: RDCMD     C_f = 0x002   at time  124925203 ps
inst0 ch0:  R_CMD: ACTCMD    R_r0= 0x2a    at time  125385985 ps
inst0 ch0:  R_CMD: ACTCMD    R_f0= 0x2a    at time  125386399 ps
inst0 ch0:  R_CMD: ACTCMD    R_r1= 0x00    at time  125386813 ps
inst0 ch0:  R_CMD: ACTCMD    R_f1= 0x00    at time  125387227 ps
inst0 ch0:  R_CMD: ACTCMD    R_r0= 0x0a    at time  125390125 ps
inst0 ch0:  R_CMD: ACTCMD    R_f0= 0x2a    at time  125390539 ps
inst0 ch0:  R_CMD: ACTCMD    R_r1= 0x00    at time  125390953 ps
inst0 ch0:  R_CMD: ACTCMD    R_f1= 0x00    at time  125391367 ps
inst0 ch0:  R_CMD: ACTCMD    R_r0= 0x2a    at time  125394265 ps
inst0 ch0:  R_CMD: ACTCMD    R_f0= 0x0a    at time  125394679 ps
inst0 ch0:  R_CMD: ACTCMD    R_r1= 0x00    at time  125395093 ps
inst0 ch0:  R_CMD: ACTCMD    R_f1= 0x00    at time  125395507 ps
inst0 ch0:  R_CMD: ACTCMD    R_r0= 0x2a    at time  125395921 ps
inst0 ch0:  R_CMD: ACTCMD    R_f0= 0x22    at time  125396335 ps
inst0 ch0:  R_CMD: ACTCMD    R_r1= 0x00    at time  125396749 ps
inst0 ch0:  R_CMD: ACTCMD    R_f1= 0x00    at time  125397163 ps
inst0 ch0:  R_CMD: ACTCMD    R_r0= 0x0a    at time  125398405 ps
inst0 ch0:  R_CMD: ACTCMD    R_f0= 0x0a    at time  125398819 ps
inst0 ch0:  R_CMD: ACTCMD    R_r1= 0x00    at time  125399233 ps
inst0 ch0:  R_CMD: ACTCMD    R_f1= 0x00    at time  125399647 ps
inst0 ch0:  R_CMD: ACTCMD    R_r0= 0x0a    at time  125400061 ps
inst0 ch0:  R_CMD: ACTCMD    R_f0= 0x22    at time  125400475 ps
inst0 ch0:  R_CMD: ACTCMD    R_r1= 0x00    at time  125400889 ps
inst0 ch0:  C_CMD: RDCMD     C_r = 0x0d5   at time  125400889 ps
inst0 ch0:  R_CMD: ACTCMD    R_f1= 0x00    at time  125401303 ps
inst0 ch0:  C_CMD: RDCMD     C_f = 0x080   at time  125401303 ps
inst0 ch0:  R_CMD: ACTCMD    R_r0= 0x2a    at time  125404201 ps
inst0 ch0:  C_CMD: RDCMD     C_r = 0x0dd   at time  125404201 ps
inst0 ch0:  R_CMD: ACTCMD    R_f0= 0x02    at time  125404615 ps
inst0 ch0:  C_CMD: RDCMD     C_f = 0x082   at time  125404615 ps
inst0 ch0:  R_CMD: ACTCMD    R_r1= 0x00    at time  125405029 ps
inst0 ch0:  R_CMD: ACTCMD    R_f1= 0x00    at time  125405443 ps
inst0 ch0:  C_CMD: RDCMD     C_r = 0x095   at time  125405857 ps
inst0 ch0:  C_CMD: RDCMD     C_f = 0x080   at time  125406271 ps
inst0 ch0:  R_CMD: ACTCMD    R_r0= 0x0a    at time  125408341 ps
inst0 ch0:  R_CMD: ACTCMD    R_f0= 0x02    at time  125408755 ps
inst0 ch0:  R_CMD: ACTCMD    R_r1= 0x00    at time  125409169 ps
inst0 ch0:  C_CMD: RDCMD     C_r = 0x09d   at time  125409169 ps
inst0 ch0:  R_CMD: ACTCMD    R_f1= 0x00    at time  125409583 ps
inst0 ch0:  C_CMD: RDCMD     C_f = 0x082   at time  125409583 ps
inst0 ch0:  C_CMD: RDCMD     C_r = 0x055   at time  125410825 ps
inst0 ch0:  C_CMD: RDCMD     C_f = 0x080   at time  125411239 ps
inst0 ch0:  C_CMD: RDCMD     C_r = 0x0d5   at time  125411653 ps
inst0 ch0:  C_CMD: RDCMD     C_f = 0x000   at time  125412067 ps
inst0 ch0:  C_CMD: RDCMD     C_r = 0x015   at time  125413309 ps
inst0 ch0:  C_CMD: RDCMD     C_f = 0x080   at time  125413723 ps
inst0 ch0:  C_CMD: RDCMD     C_r = 0x05d   at time  125414965 ps
inst0 ch0:  C_CMD: RDCMD     C_f = 0x082   at time  125415379 ps
inst0 ch0:  C_CMD: RDCMD     C_r = 0x0dd   at time  125415793 ps
inst0 ch0:  C_CMD: RDCMD     C_f = 0x002   at time  125416207 ps
inst0 ch0:  C_CMD: RDCMD     C_r = 0x01d   at time  125416621 ps
inst0 ch0:  C_CMD: RDCMD     C_f = 0x082   at time  125417035 ps
inst0 ch0:  C_CMD: RDCMD     C_r = 0x095   at time  125417449 ps
inst0 ch0:  C_CMD: RDCMD     C_f = 0x000   at time  125417863 ps
inst0 ch0:  C_CMD: RDCMD     C_r = 0x055   at time  125419105 ps
inst0 ch0:  C_CMD: RDCMD     C_f = 0x000   at time  125419519 ps
inst0 ch0:  C_CMD: RDCMD     C_r = 0x09d   at time  125420761 ps
inst0 ch0:  C_CMD: RDCMD     C_f = 0x002   at time  125421175 ps
inst0 ch0:  C_CMD: RDCMD     C_r = 0x05d   at time  125422417 ps
inst0 ch0:  C_CMD: RDCMD     C_f = 0x002   at time  125422831 ps
inst0 ch0:  C_CMD: RDCMD     C_r = 0x015   at time  125424073 ps
inst0 ch0:  C_CMD: RDCMD     C_f = 0x000   at time  125424487 ps
inst0 ch0:  C_CMD: RDCMD     C_r = 0x01d   at time  125427385 ps
inst0 ch0:  C_CMD: RDCMD     C_f = 0x002   at time  125427799 ps
inst0 ch0:  R_CMD: ACTCMD    R_r0= 0x32    at time  125887753 ps
inst0 ch0:  R_CMD: ACTCMD    R_f0= 0x2a    at time  125888167 ps
inst0 ch0:  R_CMD: ACTCMD    R_r1= 0x00    at time  125888581 ps
inst0 ch0:  R_CMD: ACTCMD    R_f1= 0x00    at time  125888995 ps
inst0 ch0:  R_CMD: ACTCMD    R_r0= 0x12    at time  125891893 ps
inst0 ch0:  R_CMD: ACTCMD    R_f0= 0x2a    at time  125892307 ps
inst0 ch0:  R_CMD: ACTCMD    R_r1= 0x00    at time  125892721 ps
inst0 ch0:  R_CMD: ACTCMD    R_f1= 0x00    at time  125893135 ps
inst0 ch0:  R_CMD: ACTCMD    R_r0= 0x32    at time  125895205 ps
inst0 ch0:  R_CMD: ACTCMD    R_f0= 0x22    at time  125895619 ps
inst0 ch0:  R_CMD: ACTCMD    R_r1= 0x00    at time  125896033 ps
inst0 ch0:  R_CMD: ACTCMD    R_f1= 0x00    at time  125896447 ps
inst0 ch0:  R_CMD: ACTCMD    R_r0= 0x32    at time  125896861 ps
inst0 ch0:  R_CMD: ACTCMD    R_f0= 0x0a    at time  125897275 ps
inst0 ch0:  R_CMD: ACTCMD    R_r1= 0x00    at time  125897689 ps
inst0 ch0:  R_CMD: ACTCMD    R_f1= 0x00    at time  125898103 ps
inst0 ch0:  R_CMD: ACTCMD    R_r0= 0x12    at time  125899345 ps
inst0 ch0:  R_CMD: ACTCMD    R_f0= 0x22    at time  125899759 ps
inst0 ch0:  R_CMD: ACTCMD    R_r1= 0x00    at time  125900173 ps
inst0 ch0:  R_CMD: ACTCMD    R_f1= 0x00    at time  125900587 ps
inst0 ch0:  R_CMD: ACTCMD    R_r0= 0x12    at time  125901001 ps
inst0 ch0:  R_CMD: ACTCMD    R_f0= 0x0a    at time  125901415 ps
inst0 ch0:  R_CMD: ACTCMD    R_r1= 0x00    at time  125901829 ps
inst0 ch0:  R_CMD: ACTCMD    R_f1= 0x00    at time  125902243 ps
inst0 ch0:  C_CMD: RDCMD     C_r = 0x0e5   at time  125902657 ps
inst0 ch0:  C_CMD: RDCMD     C_f = 0x080   at time  125903071 ps
inst0 ch0:  R_CMD: ACTCMD    R_r0= 0x32    at time  125903485 ps
inst0 ch0:  R_CMD: ACTCMD    R_f0= 0x02    at time  125903899 ps
inst0 ch0:  R_CMD: ACTCMD    R_r1= 0x00    at time  125904313 ps
inst0 ch0:  R_CMD: ACTCMD    R_f1= 0x00    at time  125904727 ps
inst0 ch0:  C_CMD: RDCMD     C_r = 0x0ed   at time  125905969 ps
inst0 ch0:  C_CMD: RDCMD     C_f = 0x082   at time  125906383 ps
inst0 ch0:  R_CMD: ACTCMD    R_r0= 0x12    at time  125907625 ps
inst0 ch0:  C_CMD: RDCMD     C_r = 0x0a5   at time  125907625 ps
inst0 ch0:  R_CMD: ACTCMD    R_f0= 0x02    at time  125908039 ps
inst0 ch0:  C_CMD: RDCMD     C_f = 0x080   at time  125908039 ps
inst0 ch0:  R_CMD: ACTCMD    R_r1= 0x00    at time  125908453 ps
inst0 ch0:  R_CMD: ACTCMD    R_f1= 0x00    at time  125908867 ps
inst0 ch0:  C_CMD: RDCMD     C_r = 0x0e5   at time  125910109 ps
inst0 ch0:  C_CMD: RDCMD     C_f = 0x000   at time  125910523 ps
inst0 ch0:  C_CMD: RDCMD     C_r = 0x0ad   at time  125910937 ps
inst0 ch0:  C_CMD: RDCMD     C_f = 0x082   at time  125911351 ps
inst0 ch0:  C_CMD: RDCMD     C_r = 0x065   at time  125912593 ps
inst0 ch0:  C_CMD: RDCMD     C_f = 0x080   at time  125913007 ps
inst0 ch0:  C_CMD: RDCMD     C_r = 0x0ed   at time  125913421 ps
inst0 ch0:  C_CMD: RDCMD     C_f = 0x002   at time  125913835 ps
inst0 ch0:  C_CMD: RDCMD     C_r = 0x0a5   at time  125915077 ps
inst0 ch0:  C_CMD: RDCMD     C_f = 0x000   at time  125915491 ps
inst0 ch0:  C_CMD: RDCMD     C_r = 0x06d   at time  125915905 ps
inst0 ch0:  C_CMD: RDCMD     C_f = 0x082   at time  125916319 ps
inst0 ch0:  C_CMD: RDCMD     C_r = 0x025   at time  125917561 ps
inst0 ch0:  C_CMD: RDCMD     C_f = 0x080   at time  125917975 ps
inst0 ch0:  C_CMD: RDCMD     C_r = 0x0ad   at time  125918389 ps
inst0 ch0:  C_CMD: RDCMD     C_f = 0x002   at time  125918803 ps
inst0 ch0:  C_CMD: RDCMD     C_r = 0x065   at time  125920045 ps
inst0 ch0:  C_CMD: RDCMD     C_f = 0x000   at time  125920459 ps
inst0 ch0:  C_CMD: RDCMD     C_r = 0x02d   at time  125920873 ps
inst0 ch0:  C_CMD: RDCMD     C_f = 0x082   at time  125921287 ps
inst0 ch0:  C_CMD: RDCMD     C_r = 0x025   at time  125922529 ps
inst0 ch0:  C_CMD: RDCMD     C_f = 0x000   at time  125922943 ps
inst0 ch0:  C_CMD: RDCMD     C_r = 0x06d   at time  125924185 ps
inst0 ch0:  C_CMD: RDCMD     C_f = 0x002   at time  125924599 ps
inst0 ch0:  C_CMD: RDCMD     C_r = 0x02d   at time  125925841 ps
inst0 ch0:  C_CMD: RDCMD     C_f = 0x002   at time  125926255 ps
inst0 ch0:  R_CMD: ACTCMD    R_r0= 0x3a    at time  126390349 ps
inst0 ch0:  R_CMD: ACTCMD    R_f0= 0x2a    at time  126390763 ps
inst0 ch0:  R_CMD: ACTCMD    R_r1= 0x00    at time  126391177 ps
inst0 ch0:  R_CMD: ACTCMD    R_f1= 0x00    at time  126391591 ps
inst0 ch0:  R_CMD: ACTCMD    R_r0= 0x1a    at time  126394489 ps
inst0 ch0:  R_CMD: ACTCMD    R_f0= 0x2a    at time  126394903 ps
inst0 ch0:  R_CMD: ACTCMD    R_r1= 0x00    at time  126395317 ps
inst0 ch0:  R_CMD: ACTCMD    R_f1= 0x00    at time  126395731 ps
inst0 ch0:  R_CMD: ACTCMD    R_r0= 0x3a    at time  126397801 ps
inst0 ch0:  R_CMD: ACTCMD    R_f0= 0x22    at time  126398215 ps
inst0 ch0:  R_CMD: ACTCMD    R_r1= 0x00    at time  126398629 ps
inst0 ch0:  R_CMD: ACTCMD    R_f1= 0x00    at time  126399043 ps
inst0 ch0:  R_CMD: ACTCMD    R_r0= 0x3a    at time  126399457 ps
inst0 ch0:  R_CMD: ACTCMD    R_f0= 0x0a    at time  126399871 ps
inst0 ch0:  R_CMD: ACTCMD    R_r1= 0x00    at time  126400285 ps
inst0 ch0:  R_CMD: ACTCMD    R_f1= 0x00    at time  126400699 ps
inst0 ch0:  R_CMD: ACTCMD    R_r0= 0x1a    at time  126401941 ps
inst0 ch0:  R_CMD: ACTCMD    R_f0= 0x22    at time  126402355 ps
inst0 ch0:  R_CMD: ACTCMD    R_r1= 0x00    at time  126402769 ps
inst0 ch0:  R_CMD: ACTCMD    R_f1= 0x00    at time  126403183 ps
inst0 ch0:  R_CMD: ACTCMD    R_r0= 0x1a    at time  126403597 ps
inst0 ch0:  R_CMD: ACTCMD    R_f0= 0x0a    at time  126404011 ps
inst0 ch0:  R_CMD: ACTCMD    R_r1= 0x00    at time  126404425 ps
inst0 ch0:  R_CMD: ACTCMD    R_f1= 0x00    at time  126404839 ps
inst0 ch0:  C_CMD: RDCMD     C_r = 0x0f5   at time  126405253 ps
inst0 ch0:  C_CMD: RDCMD     C_f = 0x080   at time  126405667 ps
inst0 ch0:  R_CMD: ACTCMD    R_r0= 0x3a    at time  126406081 ps
inst0 ch0:  R_CMD: ACTCMD    R_f0= 0x02    at time  126406495 ps
inst0 ch0:  R_CMD: ACTCMD    R_r1= 0x00    at time  126406909 ps
inst0 ch0:  R_CMD: ACTCMD    R_f1= 0x00    at time  126407323 ps
inst0 ch0:  C_CMD: RDCMD     C_r = 0x0fd   at time  126408565 ps
inst0 ch0:  C_CMD: RDCMD     C_f = 0x082   at time  126408979 ps
inst0 ch0:  R_CMD: ACTCMD    R_r0= 0x1a    at time  126410221 ps
inst0 ch0:  C_CMD: RDCMD     C_r = 0x0b5   at time  126410221 ps
inst0 ch0:  R_CMD: ACTCMD    R_f0= 0x02    at time  126410635 ps
inst0 ch0:  C_CMD: RDCMD     C_f = 0x080   at time  126410635 ps
inst0 ch0:  R_CMD: ACTCMD    R_r1= 0x00    at time  126411049 ps
inst0 ch0:  R_CMD: ACTCMD    R_f1= 0x00    at time  126411463 ps
inst0 ch0:  C_CMD: RDCMD     C_r = 0x0f5   at time  126412705 ps
inst0 ch0:  C_CMD: RDCMD     C_f = 0x000   at time  126413119 ps
inst0 ch0:  C_CMD: RDCMD     C_r = 0x0bd   at time  126413533 ps
inst0 ch0:  C_CMD: RDCMD     C_f = 0x082   at time  126413947 ps
inst0 ch0:  C_CMD: RDCMD     C_r = 0x075   at time  126415189 ps
inst0 ch0:  C_CMD: RDCMD     C_f = 0x080   at time  126415603 ps
inst0 ch0:  C_CMD: RDCMD     C_r = 0x0fd   at time  126416017 ps
inst0 ch0:  C_CMD: RDCMD     C_f = 0x002   at time  126416431 ps
inst0 ch0:  C_CMD: RDCMD     C_r = 0x0b5   at time  126417673 ps
inst0 ch0:  C_CMD: RDCMD     C_f = 0x000   at time  126418087 ps
inst0 ch0:  C_CMD: RDCMD     C_r = 0x07d   at time  126418501 ps
inst0 ch0:  C_CMD: RDCMD     C_f = 0x082   at time  126418915 ps
inst0 ch0:  C_CMD: RDCMD     C_r = 0x035   at time  126420157 ps
inst0 ch0:  C_CMD: RDCMD     C_f = 0x080   at time  126420571 ps
inst0 ch0:  C_CMD: RDCMD     C_r = 0x0bd   at time  126420985 ps
inst0 ch0:  C_CMD: RDCMD     C_f = 0x002   at time  126421399 ps
inst0 ch0:  C_CMD: RDCMD     C_r = 0x075   at time  126422641 ps
inst0 ch0:  C_CMD: RDCMD     C_f = 0x000   at time  126423055 ps
inst0 ch0:  C_CMD: RDCMD     C_r = 0x03d   at time  126423469 ps
inst0 ch0:  C_CMD: RDCMD     C_f = 0x082   at time  126423883 ps
inst0 ch0:  C_CMD: RDCMD     C_r = 0x035   at time  126425125 ps
inst0 ch0:  C_CMD: RDCMD     C_f = 0x000   at time  126425539 ps
inst0 ch0:  C_CMD: RDCMD     C_r = 0x07d   at time  126426781 ps
inst0 ch0:  C_CMD: RDCMD     C_f = 0x002   at time  126427195 ps
inst0 ch0:  C_CMD: RDCMD     C_r = 0x03d   at time  126428437 ps
inst0 ch0:  C_CMD: RDCMD     C_f = 0x002   at time  126428851 ps
inst0 ch0:  R_CMD: ACTCMD    R_r0= 0x02    at time  130934413 ps
inst0 ch0:  R_CMD: ACTCMD    R_f0= 0x08    at time  130934827 ps
inst0 ch0:  R_CMD: ACTCMD    R_r1= 0x00    at time  130935241 ps
inst0 ch0:  R_CMD: ACTCMD    R_f1= 0x00    at time  130935655 ps
inst0 ch0:  C_CMD: RDCMD     C_r = 0x005   at time  130949317 ps
inst0 ch0:  C_CMD: RDCMD     C_f = 0x098   at time  130949731 ps
inst0 ch0:  C_CMD: RDCMD     C_r = 0x005   at time  130952629 ps
inst0 ch0:  C_CMD: RDCMD     C_f = 0x09a   at time  130953043 ps
inst0 ch0:  C_CMD: RDCMD     C_r = 0x005   at time  130955941 ps
inst0 ch0:  C_CMD: RDCMD     C_f = 0x090   at time  130956355 ps
inst0 ch0:  C_CMD: RDCMD     C_r = 0x005   at time  130959253 ps
inst0 ch0:  C_CMD: RDCMD     C_f = 0x092   at time  130959667 ps
inst0 ch0:  C_CMD: RDCMD     C_r = 0x005   at time  130962565 ps
inst0 ch0:  C_CMD: RDCMD     C_f = 0x088   at time  130962979 ps
inst0 ch0:  C_CMD: RDCMD     C_r = 0x005   at time  130965877 ps
inst0 ch0:  C_CMD: RDCMD     C_f = 0x08a   at time  130966291 ps
inst0 ch0:  C_CMD: RDCMD     C_r = 0x005   at time  130969189 ps
inst0 ch0:  C_CMD: RDCMD     C_f = 0x080   at time  130969603 ps
inst0 ch0:  C_CMD: RDCMD     C_r = 0x00d   at time  130972501 ps
inst0 ch0:  C_CMD: RDCMD     C_f = 0x082   at time  130972915 ps
inst0 ch0:  R_CMD: ACTCMD    R_r0= 0x02    at time  131123197 ps
inst0 ch0:  R_CMD: ACTCMD    R_f0= 0x00    at time  131123611 ps
inst0 ch0:  R_CMD: ACTCMD    R_r1= 0x00    at time  131124025 ps
inst0 ch0:  R_CMD: ACTCMD    R_f1= 0x00    at time  131124439 ps
inst0 ch0:  C_CMD: RDCMD     C_r = 0x005   at time  131138101 ps
inst0 ch0:  C_CMD: RDCMD     C_f = 0x018   at time  131138515 ps
inst0 ch0:  C_CMD: RDCMD     C_r = 0x005   at time  131141413 ps
inst0 ch0:  C_CMD: RDCMD     C_f = 0x01a   at time  131141827 ps
inst0 ch0:  C_CMD: RDCMD     C_r = 0x005   at time  131144725 ps
inst0 ch0:  C_CMD: RDCMD     C_f = 0x010   at time  131145139 ps
inst0 ch0:  C_CMD: RDCMD     C_r = 0x005   at time  131148037 ps
inst0 ch0:  C_CMD: RDCMD     C_f = 0x012   at time  131148451 ps
inst0 ch0:  C_CMD: RDCMD     C_r = 0x005   at time  131151349 ps
inst0 ch0:  C_CMD: RDCMD     C_f = 0x008   at time  131151763 ps
inst0 ch0:  C_CMD: RDCMD     C_r = 0x005   at time  131154661 ps
inst0 ch0:  C_CMD: RDCMD     C_f = 0x00a   at time  131155075 ps
inst0 ch0:  C_CMD: RDCMD     C_r = 0x005   at time  131157973 ps
inst0 ch0:  C_CMD: RDCMD     C_f = 0x000   at time  131158387 ps
inst0 ch0:  C_CMD: RDCMD     C_r = 0x00d   at time  131161285 ps
inst0 ch0:  C_CMD: RDCMD     C_f = 0x002   at time  131161699 ps
inst0 ch0:  R_CMD: ACTCMD    R_r0= 0x0a    at time  131663053 ps
inst0 ch0:  R_CMD: ACTCMD    R_f0= 0x00    at time  131663467 ps
inst0 ch0:  R_CMD: ACTCMD    R_r1= 0x00    at time  131663881 ps
inst0 ch0:  R_CMD: ACTCMD    R_f1= 0x00    at time  131664295 ps
inst0 ch0:  C_CMD: RDCMD     C_r = 0x015   at time  131677957 ps
inst0 ch0:  C_CMD: RDCMD     C_f = 0x018   at time  131678371 ps
inst0 ch0:  C_CMD: RDCMD     C_r = 0x015   at time  131681269 ps
inst0 ch0:  C_CMD: RDCMD     C_f = 0x01a   at time  131681683 ps
inst0 ch0:  C_CMD: RDCMD     C_r = 0x015   at time  131684581 ps
inst0 ch0:  C_CMD: RDCMD     C_f = 0x010   at time  131684995 ps
inst0 ch0:  C_CMD: RDCMD     C_r = 0x015   at time  131687893 ps
inst0 ch0:  C_CMD: RDCMD     C_f = 0x012   at time  131688307 ps
inst0 ch0:  C_CMD: RDCMD     C_r = 0x015   at time  131691205 ps
inst0 ch0:  C_CMD: RDCMD     C_f = 0x008   at time  131691619 ps
inst0 ch0:  C_CMD: RDCMD     C_r = 0x015   at time  131694517 ps
inst0 ch0:  C_CMD: RDCMD     C_f = 0x00a   at time  131694931 ps
inst0 ch0:  C_CMD: RDCMD     C_r = 0x015   at time  131697829 ps
inst0 ch0:  C_CMD: RDCMD     C_f = 0x000   at time  131698243 ps
inst0 ch0:  C_CMD: RDCMD     C_r = 0x01d   at time  131701141 ps
inst0 ch0:  C_CMD: RDCMD     C_f = 0x002   at time  131701555 ps
inst0 ch0:  R_CMD: ACTCMD    R_r0= 0x0a    at time  131718529 ps
inst0 ch0:  R_CMD: ACTCMD    R_f0= 0x08    at time  131718943 ps
inst0 ch0:  R_CMD: ACTCMD    R_r1= 0x00    at time  131719357 ps
inst0 ch0:  R_CMD: ACTCMD    R_f1= 0x00    at time  131719771 ps
inst0 ch0:  C_CMD: RDCMD     C_r = 0x015   at time  131733433 ps
inst0 ch0:  C_CMD: RDCMD     C_f = 0x098   at time  131733847 ps
inst0 ch0:  C_CMD: RDCMD     C_r = 0x015   at time  131736745 ps
inst0 ch0:  C_CMD: RDCMD     C_f = 0x09a   at time  131737159 ps
inst0 ch0:  C_CMD: RDCMD     C_r = 0x015   at time  131740057 ps
inst0 ch0:  C_CMD: RDCMD     C_f = 0x090   at time  131740471 ps
inst0 ch0:  C_CMD: RDCMD     C_r = 0x015   at time  131743369 ps
inst0 ch0:  C_CMD: RDCMD     C_f = 0x092   at time  131743783 ps
inst0 ch0:  C_CMD: RDCMD     C_r = 0x015   at time  131746681 ps
inst0 ch0:  C_CMD: RDCMD     C_f = 0x088   at time  131747095 ps
inst0 ch0:  C_CMD: RDCMD     C_r = 0x015   at time  131749993 ps
inst0 ch0:  C_CMD: RDCMD     C_f = 0x08a   at time  131750407 ps
inst0 ch0:  C_CMD: RDCMD     C_r = 0x015   at time  131753305 ps
inst0 ch0:  C_CMD: RDCMD     C_f = 0x080   at time  131753719 ps
inst0 ch0:  C_CMD: RDCMD     C_r = 0x01d   at time  131756617 ps
inst0 ch0:  C_CMD: RDCMD     C_f = 0x082   at time  131757031 ps
inst0 ch0:  R_CMD: ACTCMD    R_r0= 0x02    at time  133964893 ps
inst0 ch0:  R_CMD: ACTCMD    R_f0= 0x1b    at time  133965307 ps
inst0 ch0:  R_CMD: ACTCMD    R_r1= 0x3f    at time  133965721 ps
inst0 ch0:  R_CMD: ACTCMD    R_f1= 0x3b    at time  133966135 ps
inst0 ch0:  R_CMD: ACTCMD    R_r0= 0x02    at time  133966549 ps
inst0 ch0:  R_CMD: ACTCMD    R_f0= 0x13    at time  133966963 ps
inst0 ch0:  R_CMD: ACTCMD    R_r1= 0x3f    at time  133967377 ps
inst0 ch0:  R_CMD: ACTCMD    R_f1= 0x3b    at time  133967791 ps
inst0 ch0:  C_CMD: RDCMD     C_r = 0x005   at time  133979797 ps
inst0 ch0:  C_CMD: RDCMD     C_f = 0x080   at time  133980211 ps
inst0 ch0:  C_CMD: RDCMD     C_r = 0x005   at time  133981453 ps
inst0 ch0:  C_CMD: RDCMD     C_f = 0x000   at time  133981867 ps
inst0 ch0:  C_CMD: RDCMD     C_r = 0x00d   at time  133983109 ps
inst0 ch0:  C_CMD: RDCMD     C_f = 0x082   at time  133983523 ps
inst0 ch0:  C_CMD: RDCMD     C_r = 0x00d   at time  133984765 ps
inst0 ch0:  C_CMD: RDCMD     C_f = 0x002   at time  133985179 ps
inst0 ch0:  R_CMD: ACTCMD    R_r0= 0x02    at time  134035273 ps
inst0 ch0:  R_CMD: ACTCMD    R_f0= 0x1b    at time  134035687 ps
inst0 ch0:  R_CMD: ACTCMD    R_r1= 0x3f    at time  134036101 ps
inst0 ch0:  R_CMD: ACTCMD    R_f1= 0x3b    at time  134036515 ps
inst0 ch0:  R_CMD: ACTCMD    R_r0= 0x02    at time  134037757 ps
inst0 ch0:  R_CMD: ACTCMD    R_f0= 0x13    at time  134038171 ps
inst0 ch0:  R_CMD: ACTCMD    R_r1= 0x3f    at time  134038585 ps
inst0 ch0:  R_CMD: ACTCMD    R_f1= 0x3b    at time  134038999 ps
inst0 ch0:  C_CMD: WRCMD     C_r = 0x001   at time  134046037 ps
inst0 ch0:  C_CMD: WRCMD     C_f = 0x080   at time  134046451 ps
inst0 ch0:  C_CMD: WRCMD     C_r = 0x001   at time  134048521 ps
inst0 ch0:  C_CMD: WRCMD     C_f = 0x000   at time  134048935 ps
inst0 ch0:  C_CMD: WRCMD     C_r = 0x009   at time  134049349 ps
inst0 ch0:  C_CMD: WRCMD     C_f = 0x082   at time  134049763 ps
inst0 ch0:  C_CMD: WRCMD     C_r = 0x009   at time  134051833 ps
inst0 ch0:  C_CMD: WRCMD     C_f = 0x002   at time  134052247 ps
inst0 ch0:  R_CMD: ACTCMD    R_r0= 0x0a    at time  138289537 ps
inst0 ch0:  R_CMD: ACTCMD    R_f0= 0x1b    at time  138289951 ps
inst0 ch0:  R_CMD: ACTCMD    R_r1= 0x3f    at time  138290365 ps
inst0 ch0:  R_CMD: ACTCMD    R_f1= 0x3b    at time  138290779 ps
inst0 ch0:  R_CMD: ACTCMD    R_r0= 0x0a    at time  138292021 ps
inst0 ch0:  R_CMD: ACTCMD    R_f0= 0x13    at time  138292435 ps
inst0 ch0:  R_CMD: ACTCMD    R_r1= 0x3f    at time  138292849 ps
inst0 ch0:  R_CMD: ACTCMD    R_f1= 0x3b    at time  138293263 ps
inst0 ch0:  C_CMD: RDCMD     C_r = 0x015   at time  138304441 ps
inst0 ch0:  C_CMD: RDCMD     C_f = 0x090   at time  138304855 ps
inst0 ch0:  C_CMD: RDCMD     C_r = 0x015   at time  138306925 ps
inst0 ch0:  C_CMD: RDCMD     C_f = 0x010   at time  138307339 ps
inst0 ch0:  C_CMD: RDCMD     C_r = 0x01d   at time  138307753 ps
inst0 ch0:  C_CMD: RDCMD     C_f = 0x092   at time  138308167 ps
inst0 ch0:  C_CMD: RDCMD     C_r = 0x01d   at time  138310237 ps
inst0 ch0:  C_CMD: RDCMD     C_f = 0x012   at time  138310651 ps
inst0 ch0:  R_CMD: ACTCMD    R_r0= 0x0a    at time  138359917 ps
inst0 ch0:  R_CMD: ACTCMD    R_f0= 0x1b    at time  138360331 ps
inst0 ch0:  R_CMD: ACTCMD    R_r1= 0x3f    at time  138360745 ps
inst0 ch0:  R_CMD: ACTCMD    R_f1= 0x3b    at time  138361159 ps
inst0 ch0:  R_CMD: ACTCMD    R_r0= 0x0a    at time  138362401 ps
inst0 ch0:  R_CMD: ACTCMD    R_f0= 0x13    at time  138362815 ps
inst0 ch0:  R_CMD: ACTCMD    R_r1= 0x3f    at time  138363229 ps
inst0 ch0:  R_CMD: ACTCMD    R_f1= 0x3b    at time  138363643 ps
inst0 ch0:  C_CMD: WRCMD     C_r = 0x011   at time  138370681 ps
inst0 ch0:  C_CMD: WRCMD     C_f = 0x090   at time  138371095 ps
inst0 ch0:  C_CMD: WRCMD     C_r = 0x011   at time  138373165 ps
inst0 ch0:  C_CMD: WRCMD     C_f = 0x010   at time  138373579 ps
inst0 ch0:  C_CMD: WRCMD     C_r = 0x019   at time  138373993 ps
inst0 ch0:  C_CMD: WRCMD     C_f = 0x092   at time  138374407 ps
inst0 ch0:  C_CMD: WRCMD     C_r = 0x019   at time  138376477 ps
inst0 ch0:  C_CMD: WRCMD     C_f = 0x012   at time  138376891 ps
inst0 ch0:  R_CMD: ACTCMD    R_r0= 0x0a    at time  142362469 ps
inst0 ch0:  R_CMD: ACTCMD    R_f0= 0x08    at time  142362883 ps
inst0 ch0:  R_CMD: ACTCMD    R_r1= 0x00    at time  142363297 ps
inst0 ch0:  R_CMD: ACTCMD    R_f1= 0x00    at time  142363711 ps
inst0 ch0:  R_CMD: ACTCMD    R_r0= 0x0a    at time  142364125 ps
inst0 ch0:  R_CMD: ACTCMD    R_f0= 0x00    at time  142364539 ps
inst0 ch0:  R_CMD: ACTCMD    R_r1= 0x00    at time  142364953 ps
inst0 ch0:  R_CMD: ACTCMD    R_f1= 0x00    at time  142365367 ps
inst0 ch0:  C_CMD: RDCMD     C_r = 0x015   at time  142377373 ps
inst0 ch0:  C_CMD: RDCMD     C_f = 0x0a8   at time  142377787 ps
inst0 ch0:  C_CMD: RDCMD     C_r = 0x015   at time  142379029 ps
inst0 ch0:  C_CMD: RDCMD     C_f = 0x028   at time  142379443 ps
inst0 ch0:  C_CMD: RDCMD     C_r = 0x015   at time  142380685 ps
inst0 ch0:  C_CMD: RDCMD     C_f = 0x0aa   at time  142381099 ps
inst0 ch0:  C_CMD: RDCMD     C_r = 0x015   at time  142382341 ps
inst0 ch0:  C_CMD: RDCMD     C_f = 0x02a   at time  142382755 ps
inst0 ch0:  C_CMD: RDCMD     C_r = 0x015   at time  142383997 ps
inst0 ch0:  C_CMD: RDCMD     C_f = 0x0a0   at time  142384411 ps
inst0 ch0:  C_CMD: RDCMD     C_r = 0x015   at time  142385653 ps
inst0 ch0:  C_CMD: RDCMD     C_f = 0x020   at time  142386067 ps
inst0 ch0:  C_CMD: RDCMD     C_r = 0x01d   at time  142387309 ps
inst0 ch0:  C_CMD: RDCMD     C_f = 0x0a2   at time  142387723 ps
inst0 ch0:  C_CMD: RDCMD     C_r = 0x01d   at time  142388965 ps
inst0 ch0:  C_CMD: RDCMD     C_f = 0x022   at time  142389379 ps
inst0 ch0:  R_CMD: ACTCMD    R_r0= 0x0a    at time  142432849 ps
inst0 ch0:  R_CMD: ACTCMD    R_f0= 0x08    at time  142433263 ps
inst0 ch0:  R_CMD: ACTCMD    R_r1= 0x00    at time  142433677 ps
inst0 ch0:  R_CMD: ACTCMD    R_f1= 0x00    at time  142434091 ps
inst0 ch0:  R_CMD: ACTCMD    R_r0= 0x0a    at time  142434505 ps
inst0 ch0:  R_CMD: ACTCMD    R_f0= 0x00    at time  142434919 ps
inst0 ch0:  R_CMD: ACTCMD    R_r1= 0x00    at time  142435333 ps
inst0 ch0:  R_CMD: ACTCMD    R_f1= 0x00    at time  142435747 ps
inst0 ch0:  C_CMD: WRCMD     C_r = 0x011   at time  142443613 ps
inst0 ch0:  C_CMD: WRCMD     C_f = 0x0a8   at time  142444027 ps
inst0 ch0:  C_CMD: WRCMD     C_r = 0x011   at time  142445269 ps
inst0 ch0:  C_CMD: WRCMD     C_f = 0x028   at time  142445683 ps
inst0 ch0:  C_CMD: WRCMD     C_r = 0x011   at time  142446925 ps
inst0 ch0:  C_CMD: WRCMD     C_f = 0x0aa   at time  142447339 ps
inst0 ch0:  C_CMD: WRCMD     C_r = 0x011   at time  142448581 ps
inst0 ch0:  C_CMD: WRCMD     C_f = 0x02a   at time  142448995 ps
inst0 ch0:  C_CMD: WRCMD     C_r = 0x011   at time  142450237 ps
inst0 ch0:  C_CMD: WRCMD     C_f = 0x0a0   at time  142450651 ps
inst0 ch0:  C_CMD: WRCMD     C_r = 0x011   at time  142451893 ps
inst0 ch0:  C_CMD: WRCMD     C_f = 0x020   at time  142452307 ps
inst0 ch0:  C_CMD: WRCMD     C_r = 0x019   at time  142453549 ps
inst0 ch0:  C_CMD: WRCMD     C_f = 0x0a2   at time  142453963 ps
inst0 ch0:  C_CMD: WRCMD     C_r = 0x019   at time  142455205 ps
inst0 ch0:  C_CMD: WRCMD     C_f = 0x022   at time  142455619 ps
inst0 ch0:  R_CMD: ACTCMD    R_r0= 0x02    at time  146178721 ps
inst0 ch0:  R_CMD: ACTCMD    R_f0= 0x18    at time  146179135 ps
inst0 ch0:  R_CMD: ACTCMD    R_r1= 0x3f    at time  146179549 ps
inst0 ch0:  R_CMD: ACTCMD    R_f1= 0x3b    at time  146179963 ps
inst0 ch0:  R_CMD: ACTCMD    R_r0= 0x02    at time  146180377 ps
inst0 ch0:  R_CMD: ACTCMD    R_f0= 0x10    at time  146180791 ps
inst0 ch0:  R_CMD: ACTCMD    R_r1= 0x3f    at time  146181205 ps
inst0 ch0:  R_CMD: ACTCMD    R_f1= 0x3b    at time  146181619 ps
inst0 ch0:  C_CMD: RDCMD     C_r = 0x005   at time  146193625 ps
inst0 ch0:  C_CMD: RDCMD     C_f = 0x0f8   at time  146194039 ps
inst0 ch0:  C_CMD: RDCMD     C_r = 0x005   at time  146195281 ps
inst0 ch0:  C_CMD: RDCMD     C_f = 0x078   at time  146195695 ps
inst0 ch0:  C_CMD: RDCMD     C_r = 0x00d   at time  146196937 ps
inst0 ch0:  C_CMD: RDCMD     C_f = 0x0fa   at time  146197351 ps
inst0 ch0:  C_CMD: RDCMD     C_r = 0x00d   at time  146198593 ps
inst0 ch0:  C_CMD: RDCMD     C_f = 0x07a   at time  146199007 ps
inst0 ch0:  R_CMD: ACTCMD    R_r0= 0x02    at time  146225917 ps
inst0 ch0:  R_CMD: ACTCMD    R_f0= 0x19    at time  146226331 ps
inst0 ch0:  R_CMD: ACTCMD    R_r1= 0x3f    at time  146226745 ps
inst0 ch0:  R_CMD: ACTCMD    R_f1= 0x3b    at time  146227159 ps
inst0 ch0:  R_CMD: ACTCMD    R_r0= 0x02    at time  146227573 ps
inst0 ch0:  R_CMD: ACTCMD    R_f0= 0x11    at time  146227987 ps
inst0 ch0:  R_CMD: ACTCMD    R_r1= 0x3f    at time  146228401 ps
inst0 ch0:  R_CMD: ACTCMD    R_f1= 0x3b    at time  146228815 ps
inst0 ch0:  C_CMD: RDCMD     C_r = 0x005   at time  146240821 ps
inst0 ch0:  C_CMD: RDCMD     C_f = 0x0f8   at time  146241235 ps
inst0 ch0:  C_CMD: RDCMD     C_r = 0x005   at time  146242477 ps
inst0 ch0:  C_CMD: RDCMD     C_f = 0x078   at time  146242891 ps
inst0 ch0:  C_CMD: RDCMD     C_r = 0x00d   at time  146244133 ps
inst0 ch0:  C_CMD: RDCMD     C_f = 0x0fa   at time  146244547 ps
inst0 ch0:  C_CMD: RDCMD     C_r = 0x00d   at time  146245789 ps
inst0 ch0:  C_CMD: RDCMD     C_f = 0x07a   at time  146246203 ps
inst0 ch0:  R_CMD: ACTCMD    R_r0= 0x02    at time  146273113 ps
inst0 ch0:  R_CMD: ACTCMD    R_f0= 0x18    at time  146273527 ps
inst0 ch0:  R_CMD: ACTCMD    R_r1= 0x3f    at time  146273941 ps
inst0 ch0:  R_CMD: ACTCMD    R_f1= 0x3b    at time  146274355 ps
inst0 ch0:  R_CMD: ACTCMD    R_r0= 0x02    at time  146274769 ps
inst0 ch0:  R_CMD: ACTCMD    R_f0= 0x10    at time  146275183 ps
inst0 ch0:  R_CMD: ACTCMD    R_r1= 0x3f    at time  146275597 ps
inst0 ch0:  R_CMD: ACTCMD    R_f1= 0x3b    at time  146276011 ps
inst0 ch0:  C_CMD: WRCMD     C_r = 0x001   at time  146283877 ps
inst0 ch0:  C_CMD: WRCMD     C_f = 0x0f8   at time  146284291 ps
inst0 ch0:  C_CMD: WRCMD     C_r = 0x001   at time  146285533 ps
inst0 ch0:  C_CMD: WRCMD     C_f = 0x078   at time  146285947 ps
inst0 ch0:  C_CMD: WRCMD     C_r = 0x009   at time  146287189 ps
inst0 ch0:  C_CMD: WRCMD     C_f = 0x0fa   at time  146287603 ps
inst0 ch0:  C_CMD: WRCMD     C_r = 0x009   at time  146288845 ps
inst0 ch0:  C_CMD: WRCMD     C_f = 0x07a   at time  146289259 ps
inst0 ch0:  R_CMD: ACTCMD    R_r0= 0x02    at time  146325277 ps
inst0 ch0:  R_CMD: ACTCMD    R_f0= 0x19    at time  146325691 ps
inst0 ch0:  R_CMD: ACTCMD    R_r1= 0x3f    at time  146326105 ps
inst0 ch0:  R_CMD: ACTCMD    R_f1= 0x3b    at time  146326519 ps
inst0 ch0:  R_CMD: ACTCMD    R_r0= 0x02    at time  146326933 ps
inst0 ch0:  R_CMD: ACTCMD    R_f0= 0x11    at time  146327347 ps
inst0 ch0:  R_CMD: ACTCMD    R_r1= 0x3f    at time  146327761 ps
inst0 ch0:  R_CMD: ACTCMD    R_f1= 0x3b    at time  146328175 ps
inst0 ch0:  C_CMD: WRCMD     C_r = 0x001   at time  146336041 ps
inst0 ch0:  C_CMD: WRCMD     C_f = 0x0f8   at time  146336455 ps
inst0 ch0:  C_CMD: WRCMD     C_r = 0x001   at time  146337697 ps
inst0 ch0:  C_CMD: WRCMD     C_f = 0x078   at time  146338111 ps
inst0 ch0:  C_CMD: WRCMD     C_r = 0x009   at time  146339353 ps
inst0 ch0:  C_CMD: WRCMD     C_f = 0x0fa   at time  146339767 ps
inst0 ch0:  C_CMD: WRCMD     C_r = 0x009   at time  146341009 ps
inst0 ch0:  C_CMD: WRCMD     C_f = 0x07a   at time  146341423 ps
inst0 ch0:  R_CMD: ACTCMD    R_r0= 0x0a    at time  146434573 ps
inst0 ch0:  R_CMD: ACTCMD    R_f0= 0x18    at time  146434987 ps
inst0 ch0:  R_CMD: ACTCMD    R_r1= 0x3f    at time  146435401 ps
inst0 ch0:  R_CMD: ACTCMD    R_f1= 0x3b    at time  146435815 ps
inst0 ch0:  R_CMD: ACTCMD    R_r0= 0x0a    at time  146436229 ps
inst0 ch0:  R_CMD: ACTCMD    R_f0= 0x10    at time  146436643 ps
inst0 ch0:  R_CMD: ACTCMD    R_r1= 0x3f    at time  146437057 ps
inst0 ch0:  R_CMD: ACTCMD    R_f1= 0x3b    at time  146437471 ps
inst0 ch0:  C_CMD: RDCMD     C_r = 0x015   at time  146449477 ps
inst0 ch0:  C_CMD: RDCMD     C_f = 0x0f8   at time  146449891 ps
inst0 ch0:  C_CMD: RDCMD     C_r = 0x015   at time  146451133 ps
inst0 ch0:  C_CMD: RDCMD     C_f = 0x078   at time  146451547 ps
inst0 ch0:  C_CMD: RDCMD     C_r = 0x01d   at time  146452789 ps
inst0 ch0:  C_CMD: RDCMD     C_f = 0x0fa   at time  146453203 ps
inst0 ch0:  C_CMD: RDCMD     C_r = 0x01d   at time  146454445 ps
inst0 ch0:  C_CMD: RDCMD     C_f = 0x07a   at time  146454859 ps
inst0 ch0:  R_CMD: ACTCMD    R_r0= 0x0a    at time  146481769 ps
inst0 ch0:  R_CMD: ACTCMD    R_f0= 0x08    at time  146482183 ps
inst0 ch0:  R_CMD: ACTCMD    R_r1= 0x00    at time  146482597 ps
inst0 ch0:  R_CMD: ACTCMD    R_f1= 0x00    at time  146483011 ps
inst0 ch0:  R_CMD: ACTCMD    R_r0= 0x0a    at time  146483425 ps
inst0 ch0:  R_CMD: ACTCMD    R_f0= 0x00    at time  146483839 ps
inst0 ch0:  R_CMD: ACTCMD    R_r1= 0x00    at time  146484253 ps
inst0 ch0:  R_CMD: ACTCMD    R_f1= 0x00    at time  146484667 ps
inst0 ch0:  C_CMD: RDCMD     C_r = 0x015   at time  146496673 ps
inst0 ch0:  C_CMD: RDCMD     C_f = 0x0b8   at time  146497087 ps
inst0 ch0:  C_CMD: RDCMD     C_r = 0x015   at time  146498329 ps
inst0 ch0:  C_CMD: RDCMD     C_f = 0x038   at time  146498743 ps
inst0 ch0:  C_CMD: RDCMD     C_r = 0x015   at time  146499985 ps
inst0 ch0:  C_CMD: RDCMD     C_f = 0x0ba   at time  146500399 ps
inst0 ch0:  C_CMD: RDCMD     C_r = 0x015   at time  146501641 ps
inst0 ch0:  C_CMD: RDCMD     C_f = 0x03a   at time  146502055 ps
inst0 ch0:  C_CMD: RDCMD     C_r = 0x015   at time  146503297 ps
inst0 ch0:  C_CMD: RDCMD     C_f = 0x0b0   at time  146503711 ps
inst0 ch0:  C_CMD: RDCMD     C_r = 0x015   at time  146504953 ps
inst0 ch0:  C_CMD: RDCMD     C_f = 0x030   at time  146505367 ps
inst0 ch0:  C_CMD: RDCMD     C_r = 0x01d   at time  146506609 ps
inst0 ch0:  C_CMD: RDCMD     C_f = 0x0b2   at time  146507023 ps
inst0 ch0:  C_CMD: RDCMD     C_r = 0x01d   at time  146508265 ps
inst0 ch0:  C_CMD: RDCMD     C_f = 0x032   at time  146508679 ps
inst0 ch0:  R_CMD: ACTCMD    R_r0= 0x0a    at time  146528965 ps
inst0 ch0:  R_CMD: ACTCMD    R_f0= 0x19    at time  146529379 ps
inst0 ch0:  R_CMD: ACTCMD    R_r1= 0x3f    at time  146529793 ps
inst0 ch0:  R_CMD: ACTCMD    R_f1= 0x3b    at time  146530207 ps
inst0 ch0:  R_CMD: ACTCMD    R_r0= 0x0a    at time  146530621 ps
inst0 ch0:  R_CMD: ACTCMD    R_f0= 0x11    at time  146531035 ps
inst0 ch0:  R_CMD: ACTCMD    R_r1= 0x3f    at time  146531449 ps
inst0 ch0:  R_CMD: ACTCMD    R_f1= 0x3b    at time  146531863 ps
inst0 ch0:  C_CMD: RDCMD     C_r = 0x015   at time  146543869 ps
inst0 ch0:  C_CMD: RDCMD     C_f = 0x0f8   at time  146544283 ps
inst0 ch0:  C_CMD: RDCMD     C_r = 0x015   at time  146545525 ps
inst0 ch0:  C_CMD: RDCMD     C_f = 0x078   at time  146545939 ps
inst0 ch0:  C_CMD: RDCMD     C_r = 0x01d   at time  146547181 ps
inst0 ch0:  C_CMD: RDCMD     C_f = 0x0fa   at time  146547595 ps
inst0 ch0:  C_CMD: RDCMD     C_r = 0x01d   at time  146548837 ps
inst0 ch0:  C_CMD: RDCMD     C_f = 0x07a   at time  146549251 ps
inst0 ch0:  R_CMD: ACTCMD    R_r0= 0x0a    at time  146576161 ps
inst0 ch0:  R_CMD: ACTCMD    R_f0= 0x18    at time  146576575 ps
inst0 ch0:  R_CMD: ACTCMD    R_r1= 0x3f    at time  146576989 ps
inst0 ch0:  R_CMD: ACTCMD    R_f1= 0x3b    at time  146577403 ps
inst0 ch0:  R_CMD: ACTCMD    R_r0= 0x0a    at time  146577817 ps
inst0 ch0:  R_CMD: ACTCMD    R_f0= 0x10    at time  146578231 ps
inst0 ch0:  R_CMD: ACTCMD    R_r1= 0x3f    at time  146578645 ps
inst0 ch0:  R_CMD: ACTCMD    R_f1= 0x3b    at time  146579059 ps
inst0 ch0:  C_CMD: WRCMD     C_r = 0x011   at time  146586925 ps
inst0 ch0:  C_CMD: WRCMD     C_f = 0x0f8   at time  146587339 ps
inst0 ch0:  C_CMD: WRCMD     C_r = 0x011   at time  146588581 ps
inst0 ch0:  C_CMD: WRCMD     C_f = 0x078   at time  146588995 ps
inst0 ch0:  C_CMD: WRCMD     C_r = 0x019   at time  146590237 ps
inst0 ch0:  C_CMD: WRCMD     C_f = 0x0fa   at time  146590651 ps
inst0 ch0:  C_CMD: WRCMD     C_r = 0x019   at time  146591893 ps
inst0 ch0:  C_CMD: WRCMD     C_f = 0x07a   at time  146592307 ps
inst0 ch0:  R_CMD: ACTCMD    R_r0= 0x0a    at time  146628325 ps
inst0 ch0:  R_CMD: ACTCMD    R_f0= 0x08    at time  146628739 ps
inst0 ch0:  R_CMD: ACTCMD    R_r1= 0x00    at time  146629153 ps
inst0 ch0:  R_CMD: ACTCMD    R_f1= 0x00    at time  146629567 ps
inst0 ch0:  R_CMD: ACTCMD    R_r0= 0x0a    at time  146629981 ps
inst0 ch0:  R_CMD: ACTCMD    R_f0= 0x00    at time  146630395 ps
inst0 ch0:  R_CMD: ACTCMD    R_r1= 0x00    at time  146630809 ps
inst0 ch0:  R_CMD: ACTCMD    R_f1= 0x00    at time  146631223 ps
inst0 ch0:  C_CMD: WRCMD     C_r = 0x011   at time  146639089 ps
inst0 ch0:  C_CMD: WRCMD     C_f = 0x0b8   at time  146639503 ps
inst0 ch0:  C_CMD: WRCMD     C_r = 0x011   at time  146640745 ps
inst0 ch0:  C_CMD: WRCMD     C_f = 0x038   at time  146641159 ps
inst0 ch0:  C_CMD: WRCMD     C_r = 0x011   at time  146642401 ps
inst0 ch0:  C_CMD: WRCMD     C_f = 0x0ba   at time  146642815 ps
inst0 ch0:  C_CMD: WRCMD     C_r = 0x011   at time  146644057 ps
inst0 ch0:  C_CMD: WRCMD     C_f = 0x03a   at time  146644471 ps
inst0 ch0:  C_CMD: WRCMD     C_r = 0x011   at time  146645713 ps
inst0 ch0:  C_CMD: WRCMD     C_f = 0x0b0   at time  146646127 ps
inst0 ch0:  C_CMD: WRCMD     C_r = 0x011   at time  146647369 ps
inst0 ch0:  C_CMD: WRCMD     C_f = 0x030   at time  146647783 ps
inst0 ch0:  C_CMD: WRCMD     C_r = 0x019   at time  146649025 ps
inst0 ch0:  C_CMD: WRCMD     C_f = 0x0b2   at time  146649439 ps
inst0 ch0:  C_CMD: WRCMD     C_r = 0x019   at time  146650681 ps
inst0 ch0:  C_CMD: WRCMD     C_f = 0x032   at time  146651095 ps
inst0 ch0:  R_CMD: ACTCMD    R_r0= 0x0a    at time  146687113 ps
inst0 ch0:  R_CMD: ACTCMD    R_f0= 0x19    at time  146687527 ps
inst0 ch0:  R_CMD: ACTCMD    R_r1= 0x3f    at time  146687941 ps
inst0 ch0:  R_CMD: ACTCMD    R_f1= 0x3b    at time  146688355 ps
inst0 ch0:  R_CMD: ACTCMD    R_r0= 0x0a    at time  146688769 ps
inst0 ch0:  R_CMD: ACTCMD    R_f0= 0x11    at time  146689183 ps
inst0 ch0:  R_CMD: ACTCMD    R_r1= 0x3f    at time  146689597 ps
inst0 ch0:  R_CMD: ACTCMD    R_f1= 0x3b    at time  146690011 ps
inst0 ch0:  C_CMD: WRCMD     C_r = 0x011   at time  146697877 ps
inst0 ch0:  C_CMD: WRCMD     C_f = 0x0f8   at time  146698291 ps
inst0 ch0:  C_CMD: WRCMD     C_r = 0x011   at time  146699533 ps
inst0 ch0:  C_CMD: WRCMD     C_f = 0x078   at time  146699947 ps
inst0 ch0:  C_CMD: WRCMD     C_r = 0x019   at time  146701189 ps
inst0 ch0:  C_CMD: WRCMD     C_f = 0x0fa   at time  146701603 ps
inst0 ch0:  C_CMD: WRCMD     C_r = 0x019   at time  146702845 ps
inst0 ch0:  C_CMD: WRCMD     C_f = 0x07a   at time  146703259 ps
inst0 ch0:  R_CMD: ACTCMD    R_r0= 0x02    at time  147196333 ps
inst0 ch0:  R_CMD: ACTCMD    R_f0= 0x38    at time  147196747 ps
inst0 ch0:  R_CMD: ACTCMD    R_r1= 0x3f    at time  147197161 ps
inst0 ch0:  R_CMD: ACTCMD    R_f1= 0x3b    at time  147197575 ps
inst0 ch0:  R_CMD: ACTCMD    R_r0= 0x02    at time  147197989 ps
inst0 ch0:  R_CMD: ACTCMD    R_f0= 0x30    at time  147198403 ps
inst0 ch0:  R_CMD: ACTCMD    R_r1= 0x3f    at time  147198817 ps
inst0 ch0:  R_CMD: ACTCMD    R_f1= 0x3b    at time  147199231 ps
inst0 ch0:  C_CMD: RDCMD     C_r = 0x085   at time  147211237 ps
inst0 ch0:  C_CMD: RDCMD     C_f = 0x0f8   at time  147211651 ps
inst0 ch0:  C_CMD: RDCMD     C_r = 0x085   at time  147212893 ps
inst0 ch0:  C_CMD: RDCMD     C_f = 0x078   at time  147213307 ps
inst0 ch0:  C_CMD: RDCMD     C_r = 0x08d   at time  147214549 ps
inst0 ch0:  C_CMD: RDCMD     C_f = 0x0fa   at time  147214963 ps
inst0 ch0:  C_CMD: RDCMD     C_r = 0x08d   at time  147216205 ps
inst0 ch0:  C_CMD: RDCMD     C_f = 0x07a   at time  147216619 ps
inst0 ch0:  R_CMD: ACTCMD    R_r0= 0x02    at time  147268369 ps
inst0 ch0:  R_CMD: ACTCMD    R_f0= 0x30    at time  147268783 ps
inst0 ch0:  R_CMD: ACTCMD    R_r1= 0x3f    at time  147269197 ps
inst0 ch0:  R_CMD: ACTCMD    R_f1= 0x3b    at time  147269611 ps
inst0 ch0:  R_CMD: ACTCMD    R_r0= 0x02    at time  147270025 ps
inst0 ch0:  R_CMD: ACTCMD    R_f0= 0x38    at time  147270439 ps
inst0 ch0:  R_CMD: ACTCMD    R_r1= 0x3f    at time  147270853 ps
inst0 ch0:  R_CMD: ACTCMD    R_f1= 0x3b    at time  147271267 ps
inst0 ch0:  C_CMD: WRCMD     C_r = 0x081   at time  147279133 ps
inst0 ch0:  C_CMD: WRCMD     C_f = 0x078   at time  147279547 ps
inst0 ch0:  C_CMD: WRCMD     C_r = 0x081   at time  147280789 ps
inst0 ch0:  C_CMD: WRCMD     C_f = 0x0f8   at time  147281203 ps
inst0 ch0:  C_CMD: WRCMD     C_r = 0x089   at time  147282445 ps
inst0 ch0:  C_CMD: WRCMD     C_f = 0x07a   at time  147282859 ps
inst0 ch0:  C_CMD: WRCMD     C_r = 0x089   at time  147284101 ps
inst0 ch0:  C_CMD: WRCMD     C_f = 0x0fa   at time  147284515 ps
inst0 ch0:  R_CMD: ACTCMD    R_r0= 0x0a    at time  147450529 ps
inst0 ch0:  R_CMD: ACTCMD    R_f0= 0x30    at time  147450943 ps
inst0 ch0:  R_CMD: ACTCMD    R_r1= 0x3f    at time  147451357 ps
inst0 ch0:  R_CMD: ACTCMD    R_f1= 0x3b    at time  147451771 ps
inst0 ch0:  R_CMD: ACTCMD    R_r0= 0x0a    at time  147453013 ps
inst0 ch0:  R_CMD: ACTCMD    R_f0= 0x38    at time  147453427 ps
inst0 ch0:  R_CMD: ACTCMD    R_r1= 0x3f    at time  147453841 ps
inst0 ch0:  R_CMD: ACTCMD    R_f1= 0x3b    at time  147454255 ps
inst0 ch0:  C_CMD: RDCMD     C_r = 0x095   at time  147465433 ps
inst0 ch0:  C_CMD: RDCMD     C_f = 0x078   at time  147465847 ps
inst0 ch0:  C_CMD: RDCMD     C_r = 0x095   at time  147467917 ps
inst0 ch0:  C_CMD: RDCMD     C_f = 0x0f8   at time  147468331 ps
inst0 ch0:  C_CMD: RDCMD     C_r = 0x09d   at time  147468745 ps
inst0 ch0:  C_CMD: RDCMD     C_f = 0x07a   at time  147469159 ps
inst0 ch0:  C_CMD: RDCMD     C_r = 0x09d   at time  147471229 ps
inst0 ch0:  C_CMD: RDCMD     C_f = 0x0fa   at time  147471643 ps
inst0 ch0:  R_CMD: ACTCMD    R_r0= 0x0a    at time  147718801 ps
inst0 ch0:  R_CMD: ACTCMD    R_f0= 0x30    at time  147719215 ps
inst0 ch0:  R_CMD: ACTCMD    R_r1= 0x3f    at time  147719629 ps
inst0 ch0:  R_CMD: ACTCMD    R_f1= 0x3b    at time  147720043 ps
inst0 ch0:  R_CMD: ACTCMD    R_r0= 0x0a    at time  147720457 ps
inst0 ch0:  R_CMD: ACTCMD    R_f0= 0x38    at time  147720871 ps
inst0 ch0:  R_CMD: ACTCMD    R_r1= 0x3f    at time  147721285 ps
inst0 ch0:  R_CMD: ACTCMD    R_f1= 0x3b    at time  147721699 ps
inst0 ch0:  C_CMD: WRCMD     C_r = 0x091   at time  147729565 ps
inst0 ch0:  C_CMD: WRCMD     C_f = 0x078   at time  147729979 ps
inst0 ch0:  C_CMD: WRCMD     C_r = 0x091   at time  147731221 ps
inst0 ch0:  C_CMD: WRCMD     C_f = 0x0f8   at time  147731635 ps
inst0 ch0:  C_CMD: WRCMD     C_r = 0x099   at time  147732877 ps
inst0 ch0:  C_CMD: WRCMD     C_f = 0x07a   at time  147733291 ps
inst0 ch0:  C_CMD: WRCMD     C_r = 0x099   at time  147734533 ps
inst0 ch0:  C_CMD: WRCMD     C_f = 0x0fa   at time  147734947 ps
