inst0 ch0:  R_CMD: ACTCMD    R_r0= 0x0e    at time   33400981 ps
inst0 ch0:  R_CMD: ACTCMD    R_f0= 0x28    at time   33401395 ps
inst0 ch0:  R_CMD: ACTCMD    R_r1= 0x00    at time   33401809 ps
inst0 ch0:  R_CMD: ACTCMD    R_f1= 0x02    at time   33402223 ps
inst0 ch0:  R_CMD: ACTCMD    R_r0= 0x0e    at time   33403465 ps
inst0 ch0:  R_CMD: ACTCMD    R_f0= 0x20    at time   33403879 ps
inst0 ch0:  R_CMD: ACTCMD    R_r1= 0x00    at time   33404293 ps
inst0 ch0:  R_CMD: ACTCMD    R_f1= 0x02    at time   33404707 ps
inst0 ch0:  C_CMD: WRCMD     C_r = 0x091   at time   33411745 ps
inst0 ch0:  C_CMD: WRCMD     C_f = 0x0a9   at time   33412159 ps
inst0 ch0:  C_CMD: WRCMD     C_r = 0x091   at time   33414229 ps
inst0 ch0:  C_CMD: WRCMD     C_f = 0x029   at time   33414643 ps
inst0 ch0:  C_CMD: WRCMD     C_r = 0x091   at time   33415057 ps
inst0 ch0:  C_CMD: WRCMD     C_f = 0x0ab   at time   33415471 ps
inst0 ch0:  C_CMD: WRCMD     C_r = 0x091   at time   33417541 ps
inst0 ch0:  C_CMD: WRCMD     C_f = 0x02b   at time   33417955 ps
inst0 ch0:  C_CMD: WRCMD     C_r = 0x091   at time   33418369 ps
inst0 ch0:  C_CMD: WRCMD     C_f = 0x0a1   at time   33418783 ps
inst0 ch0:  C_CMD: WRCMD     C_r = 0x091   at time   33420853 ps
inst0 ch0:  C_CMD: WRCMD     C_f = 0x021   at time   33421267 ps
inst0 ch0:  C_CMD: WRCMD     C_r = 0x099   at time   33421681 ps
inst0 ch0:  C_CMD: WRCMD     C_f = 0x0a3   at time   33422095 ps
inst0 ch0:  C_CMD: WRCMD     C_r = 0x099   at time   33424165 ps
inst0 ch0:  C_CMD: WRCMD     C_f = 0x023   at time   33424579 ps
inst0 ch0:  R_CMD: ACTCMD    R_r0= 0x26    at time   37590661 ps
inst0 ch0:  R_CMD: ACTCMD    R_f0= 0x28    at time   37591075 ps
inst0 ch0:  R_CMD: ACTCMD    R_r1= 0x00    at time   37591489 ps
inst0 ch0:  R_CMD: ACTCMD    R_f1= 0x02    at time   37591903 ps
inst0 ch0:  R_CMD: ACTCMD    R_r0= 0x26    at time   37592317 ps
inst0 ch0:  R_CMD: ACTCMD    R_f0= 0x20    at time   37592731 ps
inst0 ch0:  R_CMD: ACTCMD    R_r1= 0x00    at time   37593145 ps
inst0 ch0:  R_CMD: ACTCMD    R_f1= 0x02    at time   37593559 ps
inst0 ch0:  C_CMD: WRCMD     C_r = 0x0c1   at time   37601425 ps
inst0 ch0:  C_CMD: WRCMD     C_f = 0x0a9   at time   37601839 ps
inst0 ch0:  C_CMD: WRCMD     C_r = 0x0c1   at time   37603081 ps
inst0 ch0:  C_CMD: WRCMD     C_f = 0x029   at time   37603495 ps
inst0 ch0:  C_CMD: WRCMD     C_r = 0x0c1   at time   37604737 ps
inst0 ch0:  C_CMD: WRCMD     C_f = 0x0ab   at time   37605151 ps
inst0 ch0:  C_CMD: WRCMD     C_r = 0x0c9   at time   37606393 ps
inst0 ch0:  C_CMD: WRCMD     C_f = 0x02b   at time   37606807 ps
inst0 ch0:  C_CMD: WRCMD     C_r = 0x0c1   at time   37608049 ps
inst0 ch0:  C_CMD: WRCMD     C_f = 0x0a1   at time   37608463 ps
inst0 ch0:  C_CMD: WRCMD     C_r = 0x0c9   at time   37611361 ps
inst0 ch0:  C_CMD: WRCMD     C_f = 0x0a3   at time   37611775 ps
inst0 ch0:  R_CMD: ACTCMD    R_r0= 0x26    at time   37644481 ps
inst0 ch0:  R_CMD: ACTCMD    R_f0= 0x20    at time   37644895 ps
inst0 ch0:  R_CMD: ACTCMD    R_r1= 0x00    at time   37645309 ps
inst0 ch0:  R_CMD: ACTCMD    R_f1= 0x02    at time   37645723 ps
inst0 ch0:  C_CMD: WRCMD     C_r = 0x0c1   at time   37655245 ps
inst0 ch0:  C_CMD: WRCMD     C_f = 0x021   at time   37655659 ps
inst0 ch0:  C_CMD: WRCMD     C_r = 0x0c9   at time   37658557 ps
inst0 ch0:  C_CMD: WRCMD     C_f = 0x023   at time   37658971 ps
inst0 ch0:  R_CMD: ACTCMD    R_r0= 0x22    at time   54898345 ps
inst0 ch0:  R_CMD: ACTCMD    R_f0= 0x2a    at time   54898759 ps
inst0 ch0:  R_CMD: ACTCMD    R_r1= 0x00    at time   54899173 ps
inst0 ch0:  R_CMD: ACTCMD    R_f1= 0x00    at time   54899587 ps
inst0 ch0:  R_CMD: ACTCMD    R_r0= 0x02    at time   54902485 ps
inst0 ch0:  R_CMD: ACTCMD    R_f0= 0x2a    at time   54902899 ps
inst0 ch0:  R_CMD: ACTCMD    R_r1= 0x00    at time   54903313 ps
inst0 ch0:  R_CMD: ACTCMD    R_f1= 0x00    at time   54903727 ps
inst0 ch0:  R_CMD: ACTCMD    R_r0= 0x22    at time   54904141 ps
inst0 ch0:  R_CMD: ACTCMD    R_f0= 0x22    at time   54904555 ps
inst0 ch0:  R_CMD: ACTCMD    R_r1= 0x00    at time   54904969 ps
inst0 ch0:  R_CMD: ACTCMD    R_f1= 0x00    at time   54905383 ps
inst0 ch0:  R_CMD: ACTCMD    R_r0= 0x22    at time   54906625 ps
inst0 ch0:  R_CMD: ACTCMD    R_f0= 0x0a    at time   54907039 ps
inst0 ch0:  R_CMD: ACTCMD    R_r1= 0x00    at time   54907453 ps
inst0 ch0:  R_CMD: ACTCMD    R_f1= 0x00    at time   54907867 ps
inst0 ch0:  R_CMD: ACTCMD    R_r0= 0x02    at time   54908281 ps
inst0 ch0:  R_CMD: ACTCMD    R_f0= 0x22    at time   54908695 ps
inst0 ch0:  R_CMD: ACTCMD    R_r1= 0x00    at time   54909109 ps
inst0 ch0:  R_CMD: ACTCMD    R_f1= 0x00    at time   54909523 ps
inst0 ch0:  R_CMD: ACTCMD    R_r0= 0x02    at time   54910765 ps
inst0 ch0:  R_CMD: ACTCMD    R_f0= 0x0a    at time   54911179 ps
inst0 ch0:  R_CMD: ACTCMD    R_r1= 0x00    at time   54911593 ps
inst0 ch0:  R_CMD: ACTCMD    R_f1= 0x00    at time   54912007 ps
inst0 ch0:  R_CMD: ACTCMD    R_r0= 0x22    at time   54912421 ps
inst0 ch0:  R_CMD: ACTCMD    R_f0= 0x02    at time   54912835 ps
inst0 ch0:  R_CMD: ACTCMD    R_r1= 0x00    at time   54913249 ps
inst0 ch0:  C_CMD: RDCMD     C_r = 0x0c5   at time   54913249 ps
inst0 ch0:  R_CMD: ACTCMD    R_f1= 0x00    at time   54913663 ps
inst0 ch0:  C_CMD: RDCMD     C_f = 0x080   at time   54913663 ps
inst0 ch0:  R_CMD: ACTCMD    R_r0= 0x02    at time   54916561 ps
inst0 ch0:  C_CMD: RDCMD     C_r = 0x0cd   at time   54916561 ps
inst0 ch0:  R_CMD: ACTCMD    R_f0= 0x02    at time   54916975 ps
inst0 ch0:  C_CMD: RDCMD     C_f = 0x082   at time   54916975 ps
inst0 ch0:  R_CMD: ACTCMD    R_r1= 0x00    at time   54917389 ps
inst0 ch0:  R_CMD: ACTCMD    R_f1= 0x00    at time   54917803 ps
inst0 ch0:  C_CMD: RDCMD     C_r = 0x085   at time   54918217 ps
inst0 ch0:  C_CMD: RDCMD     C_f = 0x080   at time   54918631 ps
inst0 ch0:  C_CMD: RDCMD     C_r = 0x0c5   at time   54919045 ps
inst0 ch0:  C_CMD: RDCMD     C_f = 0x000   at time   54919459 ps
inst0 ch0:  C_CMD: RDCMD     C_r = 0x08d   at time   54921529 ps
inst0 ch0:  C_CMD: RDCMD     C_f = 0x082   at time   54921943 ps
inst0 ch0:  C_CMD: RDCMD     C_r = 0x0cd   at time   54922357 ps
inst0 ch0:  C_CMD: RDCMD     C_f = 0x002   at time   54922771 ps
inst0 ch0:  C_CMD: RDCMD     C_r = 0x045   at time   54923185 ps
inst0 ch0:  C_CMD: RDCMD     C_f = 0x080   at time   54923599 ps
inst0 ch0:  C_CMD: RDCMD     C_r = 0x085   at time   54924013 ps
inst0 ch0:  C_CMD: RDCMD     C_f = 0x000   at time   54924427 ps
inst0 ch0:  C_CMD: RDCMD     C_r = 0x005   at time   54925669 ps
inst0 ch0:  C_CMD: RDCMD     C_f = 0x080   at time   54926083 ps
inst0 ch0:  C_CMD: RDCMD     C_r = 0x04d   at time   54927325 ps
inst0 ch0:  C_CMD: RDCMD     C_f = 0x082   at time   54927739 ps
inst0 ch0:  C_CMD: RDCMD     C_r = 0x08d   at time   54928153 ps
inst0 ch0:  C_CMD: RDCMD     C_f = 0x002   at time   54928567 ps
inst0 ch0:  C_CMD: RDCMD     C_r = 0x00d   at time   54928981 ps
inst0 ch0:  C_CMD: RDCMD     C_f = 0x082   at time   54929395 ps
inst0 ch0:  C_CMD: RDCMD     C_r = 0x045   at time   54929809 ps
inst0 ch0:  C_CMD: RDCMD     C_f = 0x000   at time   54930223 ps
inst0 ch0:  C_CMD: RDCMD     C_r = 0x005   at time   54931465 ps
inst0 ch0:  C_CMD: RDCMD     C_f = 0x000   at time   54931879 ps
inst0 ch0:  C_CMD: RDCMD     C_r = 0x04d   at time   54933121 ps
inst0 ch0:  C_CMD: RDCMD     C_f = 0x002   at time   54933535 ps
inst0 ch0:  C_CMD: RDCMD     C_r = 0x00d   at time   54934777 ps
inst0 ch0:  C_CMD: RDCMD     C_f = 0x002   at time   54935191 ps
inst0 ch0:  R_CMD: ACTCMD    R_r0= 0x2a    at time   55545841 ps
inst0 ch0:  R_CMD: ACTCMD    R_f0= 0x2a    at time   55546255 ps
inst0 ch0:  R_CMD: ACTCMD    R_r1= 0x00    at time   55546669 ps
inst0 ch0:  R_CMD: ACTCMD    R_f1= 0x00    at time   55547083 ps
inst0 ch0:  R_CMD: ACTCMD    R_r0= 0x0a    at time   55549981 ps
inst0 ch0:  R_CMD: ACTCMD    R_f0= 0x2a    at time   55550395 ps
inst0 ch0:  R_CMD: ACTCMD    R_r1= 0x00    at time   55550809 ps
inst0 ch0:  R_CMD: ACTCMD    R_f1= 0x00    at time   55551223 ps
inst0 ch0:  R_CMD: ACTCMD    R_r0= 0x2a    at time   55554121 ps
inst0 ch0:  R_CMD: ACTCMD    R_f0= 0x0a    at time   55554535 ps
inst0 ch0:  R_CMD: ACTCMD    R_r1= 0x00    at time   55554949 ps
inst0 ch0:  R_CMD: ACTCMD    R_f1= 0x00    at time   55555363 ps
inst0 ch0:  R_CMD: ACTCMD    R_r0= 0x0a    at time   55558261 ps
inst0 ch0:  R_CMD: ACTCMD    R_f0= 0x0a    at time   55558675 ps
inst0 ch0:  R_CMD: ACTCMD    R_r1= 0x00    at time   55559089 ps
inst0 ch0:  R_CMD: ACTCMD    R_f1= 0x00    at time   55559503 ps
inst0 ch0:  C_CMD: RDCMD     C_r = 0x0d5   at time   55560745 ps
inst0 ch0:  C_CMD: RDCMD     C_f = 0x080   at time   55561159 ps
inst0 ch0:  C_CMD: RDCMD     C_r = 0x0dd   at time   55564057 ps
inst0 ch0:  C_CMD: RDCMD     C_f = 0x082   at time   55564471 ps
inst0 ch0:  C_CMD: RDCMD     C_r = 0x095   at time   55565713 ps
inst0 ch0:  C_CMD: RDCMD     C_f = 0x080   at time   55566127 ps
inst0 ch0:  C_CMD: RDCMD     C_r = 0x09d   at time   55569025 ps
inst0 ch0:  C_CMD: RDCMD     C_f = 0x082   at time   55569439 ps
inst0 ch0:  C_CMD: RDCMD     C_r = 0x055   at time   55570681 ps
inst0 ch0:  C_CMD: RDCMD     C_f = 0x080   at time   55571095 ps
inst0 ch0:  C_CMD: RDCMD     C_r = 0x015   at time   55573165 ps
inst0 ch0:  C_CMD: RDCMD     C_f = 0x080   at time   55573579 ps
inst0 ch0:  C_CMD: RDCMD     C_r = 0x05d   at time   55574821 ps
inst0 ch0:  C_CMD: RDCMD     C_f = 0x082   at time   55575235 ps
inst0 ch0:  C_CMD: RDCMD     C_r = 0x01d   at time   55576477 ps
inst0 ch0:  C_CMD: RDCMD     C_f = 0x082   at time   55576891 ps
inst0 ch0:  R_CMD: ACTCMD    R_r0= 0x2a    at time   55765261 ps
inst0 ch0:  R_CMD: ACTCMD    R_f0= 0x22    at time   55765675 ps
inst0 ch0:  R_CMD: ACTCMD    R_r1= 0x00    at time   55766089 ps
inst0 ch0:  R_CMD: ACTCMD    R_f1= 0x00    at time   55766503 ps
inst0 ch0:  R_CMD: ACTCMD    R_r0= 0x0a    at time   55769401 ps
inst0 ch0:  R_CMD: ACTCMD    R_f0= 0x22    at time   55769815 ps
inst0 ch0:  R_CMD: ACTCMD    R_r1= 0x00    at time   55770229 ps
inst0 ch0:  R_CMD: ACTCMD    R_f1= 0x00    at time   55770643 ps
inst0 ch0:  R_CMD: ACTCMD    R_r0= 0x2a    at time   55773541 ps
inst0 ch0:  R_CMD: ACTCMD    R_f0= 0x02    at time   55773955 ps
inst0 ch0:  R_CMD: ACTCMD    R_r1= 0x00    at time   55774369 ps
inst0 ch0:  R_CMD: ACTCMD    R_f1= 0x00    at time   55774783 ps
inst0 ch0:  R_CMD: ACTCMD    R_r0= 0x0a    at time   55777681 ps
inst0 ch0:  R_CMD: ACTCMD    R_f0= 0x02    at time   55778095 ps
inst0 ch0:  R_CMD: ACTCMD    R_r1= 0x00    at time   55778509 ps
inst0 ch0:  R_CMD: ACTCMD    R_f1= 0x00    at time   55778923 ps
inst0 ch0:  C_CMD: RDCMD     C_r = 0x0d5   at time   55780165 ps
inst0 ch0:  C_CMD: RDCMD     C_f = 0x000   at time   55780579 ps
inst0 ch0:  C_CMD: RDCMD     C_r = 0x0dd   at time   55783477 ps
inst0 ch0:  C_CMD: RDCMD     C_f = 0x002   at time   55783891 ps
inst0 ch0:  C_CMD: RDCMD     C_r = 0x095   at time   55785133 ps
inst0 ch0:  C_CMD: RDCMD     C_f = 0x000   at time   55785547 ps
inst0 ch0:  R_CMD: ACTCMD    R_r0= 0x32    at time   55787617 ps
inst0 ch0:  R_CMD: ACTCMD    R_f0= 0x2a    at time   55788031 ps
inst0 ch0:  R_CMD: ACTCMD    R_r1= 0x00    at time   55788445 ps
inst0 ch0:  C_CMD: RDCMD     C_r = 0x09d   at time   55788445 ps
inst0 ch0:  R_CMD: ACTCMD    R_f1= 0x00    at time   55788859 ps
inst0 ch0:  C_CMD: RDCMD     C_f = 0x002   at time   55788859 ps
inst0 ch0:  C_CMD: RDCMD     C_r = 0x055   at time   55790101 ps
inst0 ch0:  C_CMD: RDCMD     C_f = 0x000   at time   55790515 ps
inst0 ch0:  R_CMD: ACTCMD    R_r0= 0x12    at time   55791757 ps
inst0 ch0:  R_CMD: ACTCMD    R_f0= 0x2a    at time   55792171 ps
inst0 ch0:  R_CMD: ACTCMD    R_r1= 0x00    at time   55792585 ps
inst0 ch0:  C_CMD: RDCMD     C_r = 0x015   at time   55792585 ps
inst0 ch0:  R_CMD: ACTCMD    R_f1= 0x00    at time   55792999 ps
inst0 ch0:  C_CMD: RDCMD     C_f = 0x000   at time   55792999 ps
inst0 ch0:  C_CMD: RDCMD     C_r = 0x05d   at time   55794241 ps
inst0 ch0:  C_CMD: RDCMD     C_f = 0x002   at time   55794655 ps
inst0 ch0:  R_CMD: ACTCMD    R_r0= 0x32    at time   55795897 ps
inst0 ch0:  C_CMD: RDCMD     C_r = 0x01d   at time   55795897 ps
inst0 ch0:  R_CMD: ACTCMD    R_f0= 0x0a    at time   55796311 ps
inst0 ch0:  C_CMD: RDCMD     C_f = 0x002   at time   55796311 ps
inst0 ch0:  R_CMD: ACTCMD    R_r1= 0x00    at time   55796725 ps
inst0 ch0:  R_CMD: ACTCMD    R_f1= 0x00    at time   55797139 ps
inst0 ch0:  R_CMD: ACTCMD    R_r0= 0x12    at time   55800037 ps
inst0 ch0:  R_CMD: ACTCMD    R_f0= 0x0a    at time   55800451 ps
inst0 ch0:  R_CMD: ACTCMD    R_r1= 0x00    at time   55800865 ps
inst0 ch0:  R_CMD: ACTCMD    R_f1= 0x00    at time   55801279 ps
inst0 ch0:  C_CMD: RDCMD     C_r = 0x0e5   at time   55802521 ps
inst0 ch0:  C_CMD: RDCMD     C_f = 0x080   at time   55802935 ps
inst0 ch0:  C_CMD: RDCMD     C_r = 0x0ed   at time   55805833 ps
inst0 ch0:  C_CMD: RDCMD     C_f = 0x082   at time   55806247 ps
inst0 ch0:  C_CMD: RDCMD     C_r = 0x0a5   at time   55807489 ps
inst0 ch0:  C_CMD: RDCMD     C_f = 0x080   at time   55807903 ps
inst0 ch0:  C_CMD: RDCMD     C_r = 0x0ad   at time   55810801 ps
inst0 ch0:  C_CMD: RDCMD     C_f = 0x082   at time   55811215 ps
inst0 ch0:  C_CMD: RDCMD     C_r = 0x065   at time   55812457 ps
inst0 ch0:  C_CMD: RDCMD     C_f = 0x080   at time   55812871 ps
inst0 ch0:  C_CMD: RDCMD     C_r = 0x025   at time   55814941 ps
inst0 ch0:  C_CMD: RDCMD     C_f = 0x080   at time   55815355 ps
inst0 ch0:  C_CMD: RDCMD     C_r = 0x06d   at time   55816597 ps
inst0 ch0:  C_CMD: RDCMD     C_f = 0x082   at time   55817011 ps
inst0 ch0:  C_CMD: RDCMD     C_r = 0x02d   at time   55818253 ps
inst0 ch0:  C_CMD: RDCMD     C_f = 0x082   at time   55818667 ps
inst0 ch0:  R_CMD: ACTCMD    R_r0= 0x32    at time   56117161 ps
inst0 ch0:  R_CMD: ACTCMD    R_f0= 0x22    at time   56117575 ps
inst0 ch0:  R_CMD: ACTCMD    R_r1= 0x00    at time   56117989 ps
inst0 ch0:  R_CMD: ACTCMD    R_f1= 0x00    at time   56118403 ps
inst0 ch0:  R_CMD: ACTCMD    R_r0= 0x12    at time   56121301 ps
inst0 ch0:  R_CMD: ACTCMD    R_f0= 0x22    at time   56121715 ps
inst0 ch0:  R_CMD: ACTCMD    R_r1= 0x00    at time   56122129 ps
inst0 ch0:  R_CMD: ACTCMD    R_f1= 0x00    at time   56122543 ps
inst0 ch0:  R_CMD: ACTCMD    R_r0= 0x32    at time   56125441 ps
inst0 ch0:  R_CMD: ACTCMD    R_f0= 0x02    at time   56125855 ps
inst0 ch0:  R_CMD: ACTCMD    R_r1= 0x00    at time   56126269 ps
inst0 ch0:  R_CMD: ACTCMD    R_f1= 0x00    at time   56126683 ps
inst0 ch0:  R_CMD: ACTCMD    R_r0= 0x12    at time   56129581 ps
inst0 ch0:  R_CMD: ACTCMD    R_f0= 0x02    at time   56129995 ps
inst0 ch0:  R_CMD: ACTCMD    R_r1= 0x00    at time   56130409 ps
inst0 ch0:  R_CMD: ACTCMD    R_f1= 0x00    at time   56130823 ps
inst0 ch0:  C_CMD: RDCMD     C_r = 0x0e5   at time   56132065 ps
inst0 ch0:  C_CMD: RDCMD     C_f = 0x000   at time   56132479 ps
inst0 ch0:  C_CMD: RDCMD     C_r = 0x0ed   at time   56135377 ps
inst0 ch0:  C_CMD: RDCMD     C_f = 0x002   at time   56135791 ps
inst0 ch0:  C_CMD: RDCMD     C_r = 0x0a5   at time   56137033 ps
inst0 ch0:  C_CMD: RDCMD     C_f = 0x000   at time   56137447 ps
inst0 ch0:  C_CMD: RDCMD     C_r = 0x0ad   at time   56140345 ps
inst0 ch0:  C_CMD: RDCMD     C_f = 0x002   at time   56140759 ps
inst0 ch0:  C_CMD: RDCMD     C_r = 0x065   at time   56142001 ps
inst0 ch0:  C_CMD: RDCMD     C_f = 0x000   at time   56142415 ps
inst0 ch0:  C_CMD: RDCMD     C_r = 0x025   at time   56144485 ps
inst0 ch0:  C_CMD: RDCMD     C_f = 0x000   at time   56144899 ps
inst0 ch0:  C_CMD: RDCMD     C_r = 0x06d   at time   56146141 ps
inst0 ch0:  C_CMD: RDCMD     C_f = 0x002   at time   56146555 ps
inst0 ch0:  C_CMD: RDCMD     C_r = 0x02d   at time   56147797 ps
inst0 ch0:  C_CMD: RDCMD     C_f = 0x002   at time   56148211 ps
inst0 ch0:  R_CMD: ACTCMD    R_r0= 0x3a    at time   56192509 ps
inst0 ch0:  R_CMD: ACTCMD    R_f0= 0x2a    at time   56192923 ps
inst0 ch0:  R_CMD: ACTCMD    R_r1= 0x00    at time   56193337 ps
inst0 ch0:  R_CMD: ACTCMD    R_f1= 0x00    at time   56193751 ps
inst0 ch0:  R_CMD: ACTCMD    R_r0= 0x1a    at time   56196649 ps
inst0 ch0:  R_CMD: ACTCMD    R_f0= 0x2a    at time   56197063 ps
inst0 ch0:  R_CMD: ACTCMD    R_r1= 0x00    at time   56197477 ps
inst0 ch0:  R_CMD: ACTCMD    R_f1= 0x00    at time   56197891 ps
inst0 ch0:  R_CMD: ACTCMD    R_r0= 0x3a    at time   56200789 ps
inst0 ch0:  R_CMD: ACTCMD    R_f0= 0x0a    at time   56201203 ps
inst0 ch0:  R_CMD: ACTCMD    R_r1= 0x00    at time   56201617 ps
inst0 ch0:  R_CMD: ACTCMD    R_f1= 0x00    at time   56202031 ps
inst0 ch0:  R_CMD: ACTCMD    R_r0= 0x1a    at time   56204929 ps
inst0 ch0:  R_CMD: ACTCMD    R_f0= 0x0a    at time   56205343 ps
inst0 ch0:  R_CMD: ACTCMD    R_r1= 0x00    at time   56205757 ps
inst0 ch0:  R_CMD: ACTCMD    R_f1= 0x00    at time   56206171 ps
inst0 ch0:  C_CMD: RDCMD     C_r = 0x0f5   at time   56207413 ps
inst0 ch0:  C_CMD: RDCMD     C_f = 0x080   at time   56207827 ps
inst0 ch0:  C_CMD: RDCMD     C_r = 0x0fd   at time   56210725 ps
inst0 ch0:  C_CMD: RDCMD     C_f = 0x082   at time   56211139 ps
inst0 ch0:  C_CMD: RDCMD     C_r = 0x0b5   at time   56212381 ps
inst0 ch0:  C_CMD: RDCMD     C_f = 0x080   at time   56212795 ps
inst0 ch0:  C_CMD: RDCMD     C_r = 0x0bd   at time   56215693 ps
inst0 ch0:  C_CMD: RDCMD     C_f = 0x082   at time   56216107 ps
inst0 ch0:  C_CMD: RDCMD     C_r = 0x075   at time   56217349 ps
inst0 ch0:  C_CMD: RDCMD     C_f = 0x080   at time   56217763 ps
inst0 ch0:  C_CMD: RDCMD     C_r = 0x035   at time   56219833 ps
inst0 ch0:  C_CMD: RDCMD     C_f = 0x080   at time   56220247 ps
inst0 ch0:  C_CMD: RDCMD     C_r = 0x07d   at time   56221489 ps
inst0 ch0:  C_CMD: RDCMD     C_f = 0x082   at time   56221903 ps
inst0 ch0:  C_CMD: RDCMD     C_r = 0x03d   at time   56223145 ps
inst0 ch0:  C_CMD: RDCMD     C_f = 0x082   at time   56223559 ps
inst0 ch0:  R_CMD: ACTCMD    R_r0= 0x3a    at time   56450845 ps
inst0 ch0:  R_CMD: ACTCMD    R_f0= 0x22    at time   56451259 ps
inst0 ch0:  R_CMD: ACTCMD    R_r1= 0x00    at time   56451673 ps
inst0 ch0:  R_CMD: ACTCMD    R_f1= 0x00    at time   56452087 ps
inst0 ch0:  R_CMD: ACTCMD    R_r0= 0x1a    at time   56454985 ps
inst0 ch0:  R_CMD: ACTCMD    R_f0= 0x22    at time   56455399 ps
inst0 ch0:  R_CMD: ACTCMD    R_r1= 0x00    at time   56455813 ps
inst0 ch0:  R_CMD: ACTCMD    R_f1= 0x00    at time   56456227 ps
inst0 ch0:  R_CMD: ACTCMD    R_r0= 0x3a    at time   56459125 ps
inst0 ch0:  R_CMD: ACTCMD    R_f0= 0x02    at time   56459539 ps
inst0 ch0:  R_CMD: ACTCMD    R_r1= 0x00    at time   56459953 ps
inst0 ch0:  R_CMD: ACTCMD    R_f1= 0x00    at time   56460367 ps
inst0 ch0:  R_CMD: ACTCMD    R_r0= 0x1a    at time   56463265 ps
inst0 ch0:  R_CMD: ACTCMD    R_f0= 0x02    at time   56463679 ps
inst0 ch0:  R_CMD: ACTCMD    R_r1= 0x00    at time   56464093 ps
inst0 ch0:  R_CMD: ACTCMD    R_f1= 0x00    at time   56464507 ps
inst0 ch0:  C_CMD: RDCMD     C_r = 0x0f5   at time   56465749 ps
inst0 ch0:  C_CMD: RDCMD     C_f = 0x000   at time   56466163 ps
inst0 ch0:  C_CMD: RDCMD     C_r = 0x0fd   at time   56469061 ps
inst0 ch0:  C_CMD: RDCMD     C_f = 0x002   at time   56469475 ps
inst0 ch0:  C_CMD: RDCMD     C_r = 0x0b5   at time   56470717 ps
inst0 ch0:  C_CMD: RDCMD     C_f = 0x000   at time   56471131 ps
inst0 ch0:  C_CMD: RDCMD     C_r = 0x0bd   at time   56474029 ps
inst0 ch0:  C_CMD: RDCMD     C_f = 0x002   at time   56474443 ps
inst0 ch0:  C_CMD: RDCMD     C_r = 0x075   at time   56475685 ps
inst0 ch0:  C_CMD: RDCMD     C_f = 0x000   at time   56476099 ps
inst0 ch0:  C_CMD: RDCMD     C_r = 0x035   at time   56478169 ps
inst0 ch0:  C_CMD: RDCMD     C_f = 0x000   at time   56478583 ps
inst0 ch0:  C_CMD: RDCMD     C_r = 0x07d   at time   56479825 ps
inst0 ch0:  C_CMD: RDCMD     C_f = 0x002   at time   56480239 ps
inst0 ch0:  C_CMD: RDCMD     C_r = 0x03d   at time   56481481 ps
inst0 ch0:  C_CMD: RDCMD     C_f = 0x002   at time   56481895 ps
inst0 ch0:  R_CMD: ACTCMD    R_r0= 0x02    at time   56858221 ps
inst0 ch0:  R_CMD: ACTCMD    R_f0= 0x18    at time   56858635 ps
inst0 ch0:  R_CMD: ACTCMD    R_r1= 0x3f    at time   56859049 ps
inst0 ch0:  R_CMD: ACTCMD    R_f1= 0x3b    at time   56859463 ps
inst0 ch0:  C_CMD: WRCMD     C_r = 0x009   at time   56868985 ps
inst0 ch0:  C_CMD: WRCMD     C_f = 0x0fa   at time   56869399 ps
inst0 ch0:  R_CMD: ACTCMD    R_r0= 0x02    at time   57090889 ps
inst0 ch0:  R_CMD: ACTCMD    R_f0= 0x10    at time   57091303 ps
inst0 ch0:  R_CMD: ACTCMD    R_r1= 0x3f    at time   57091717 ps
inst0 ch0:  R_CMD: ACTCMD    R_f1= 0x3b    at time   57092131 ps
inst0 ch0:  C_CMD: WRCMD     C_r = 0x009   at time   57101653 ps
inst0 ch0:  C_CMD: WRCMD     C_f = 0x07a   at time   57102067 ps
inst0 ch0:  R_CMD: ACTCMD    R_r0= 0x0a    at time   57468457 ps
inst0 ch0:  R_CMD: ACTCMD    R_f0= 0x18    at time   57468871 ps
inst0 ch0:  R_CMD: ACTCMD    R_r1= 0x3f    at time   57469285 ps
inst0 ch0:  R_CMD: ACTCMD    R_f1= 0x3b    at time   57469699 ps
inst0 ch0:  C_CMD: WRCMD     C_r = 0x019   at time   57479221 ps
inst0 ch0:  C_CMD: WRCMD     C_f = 0x0fa   at time   57479635 ps
inst0 ch0:  R_CMD: ACTCMD    R_r0= 0x02    at time   57603421 ps
inst0 ch0:  R_CMD: ACTCMD    R_f0= 0x38    at time   57603835 ps
inst0 ch0:  R_CMD: ACTCMD    R_r1= 0x3f    at time   57604249 ps
inst0 ch0:  R_CMD: ACTCMD    R_f1= 0x3b    at time   57604663 ps
inst0 ch0:  C_CMD: WRCMD     C_r = 0x089   at time   57614185 ps
inst0 ch0:  C_CMD: WRCMD     C_f = 0x0fa   at time   57614599 ps
inst0 ch0:  R_CMD: ACTCMD    R_r0= 0x0a    at time   57730105 ps
inst0 ch0:  R_CMD: ACTCMD    R_f0= 0x38    at time   57730519 ps
inst0 ch0:  R_CMD: ACTCMD    R_r1= 0x3f    at time   57730933 ps
inst0 ch0:  R_CMD: ACTCMD    R_f1= 0x3b    at time   57731347 ps
inst0 ch0:  C_CMD: WRCMD     C_r = 0x099   at time   57740869 ps
inst0 ch0:  C_CMD: WRCMD     C_f = 0x0fa   at time   57741283 ps
inst0 ch0:  R_CMD: ACTCMD    R_r0= 0x0a    at time   57836089 ps
inst0 ch0:  R_CMD: ACTCMD    R_f0= 0x10    at time   57836503 ps
inst0 ch0:  R_CMD: ACTCMD    R_r1= 0x3f    at time   57836917 ps
inst0 ch0:  R_CMD: ACTCMD    R_f1= 0x3b    at time   57837331 ps
inst0 ch0:  C_CMD: WRCMD     C_r = 0x019   at time   57846853 ps
inst0 ch0:  C_CMD: WRCMD     C_f = 0x07a   at time   57847267 ps
inst0 ch0:  R_CMD: ACTCMD    R_r0= 0x02    at time   57961945 ps
inst0 ch0:  R_CMD: ACTCMD    R_f0= 0x30    at time   57962359 ps
inst0 ch0:  R_CMD: ACTCMD    R_r1= 0x3f    at time   57962773 ps
inst0 ch0:  R_CMD: ACTCMD    R_f1= 0x3b    at time   57963187 ps
inst0 ch0:  C_CMD: WRCMD     C_r = 0x089   at time   57972709 ps
inst0 ch0:  C_CMD: WRCMD     C_f = 0x07a   at time   57973123 ps
inst0 ch0:  R_CMD: ACTCMD    R_r0= 0x0a    at time   58113469 ps
inst0 ch0:  R_CMD: ACTCMD    R_f0= 0x30    at time   58113883 ps
inst0 ch0:  R_CMD: ACTCMD    R_r1= 0x3f    at time   58114297 ps
inst0 ch0:  R_CMD: ACTCMD    R_f1= 0x3b    at time   58114711 ps
inst0 ch0:  C_CMD: WRCMD     C_r = 0x099   at time   58124233 ps
inst0 ch0:  C_CMD: WRCMD     C_f = 0x07a   at time   58124647 ps
inst0 ch0:  R_CMD: ACTCMD    R_r0= 0x0a    at time   58639249 ps
inst0 ch0:  R_CMD: ACTCMD    R_f0= 0x1b    at time   58639663 ps
inst0 ch0:  R_CMD: ACTCMD    R_r1= 0x3f    at time   58640077 ps
inst0 ch0:  R_CMD: ACTCMD    R_f1= 0x3b    at time   58640491 ps
inst0 ch0:  C_CMD: WRCMD     C_r = 0x019   at time   58650013 ps
inst0 ch0:  C_CMD: WRCMD     C_f = 0x090   at time   58650427 ps
inst0 ch0:  R_CMD: ACTCMD    R_r0= 0x0a    at time   59050765 ps
inst0 ch0:  R_CMD: ACTCMD    R_f0= 0x13    at time   59051179 ps
inst0 ch0:  R_CMD: ACTCMD    R_r1= 0x3f    at time   59051593 ps
inst0 ch0:  R_CMD: ACTCMD    R_f1= 0x3b    at time   59052007 ps
inst0 ch0:  C_CMD: WRCMD     C_r = 0x019   at time   59061529 ps
inst0 ch0:  C_CMD: WRCMD     C_f = 0x010   at time   59061943 ps
inst0 ch0:  R_CMD: ACTCMD    R_r0= 0x02    at time   59227129 ps
inst0 ch0:  R_CMD: ACTCMD    R_f0= 0x1b    at time   59227543 ps
inst0 ch0:  R_CMD: ACTCMD    R_r1= 0x3f    at time   59227957 ps
inst0 ch0:  R_CMD: ACTCMD    R_f1= 0x3b    at time   59228371 ps
inst0 ch0:  C_CMD: WRCMD     C_r = 0x009   at time   59237893 ps
inst0 ch0:  C_CMD: WRCMD     C_f = 0x080   at time   59238307 ps
inst0 ch0:  R_CMD: ACTCMD    R_r0= 0x02    at time   59471389 ps
inst0 ch0:  R_CMD: ACTCMD    R_f0= 0x13    at time   59471803 ps
inst0 ch0:  R_CMD: ACTCMD    R_r1= 0x3f    at time   59472217 ps
inst0 ch0:  R_CMD: ACTCMD    R_f1= 0x3b    at time   59472631 ps
inst0 ch0:  C_CMD: WRCMD     C_r = 0x009   at time   59482153 ps
inst0 ch0:  C_CMD: WRCMD     C_f = 0x000   at time   59482567 ps
inst0 ch0:  R_CMD: ACTCMD    R_r0= 0x02    at time   60719185 ps
inst0 ch0:  R_CMD: ACTCMD    R_f0= 0x08    at time   60719599 ps
inst0 ch0:  R_CMD: ACTCMD    R_r1= 0x00    at time   60720013 ps
inst0 ch0:  R_CMD: ACTCMD    R_f1= 0x00    at time   60720427 ps
inst0 ch0:  C_CMD: RDCMD     C_r = 0x005   at time   60734089 ps
inst0 ch0:  C_CMD: RDCMD     C_f = 0x098   at time   60734503 ps
inst0 ch0:  C_CMD: RDCMD     C_r = 0x005   at time   60737401 ps
inst0 ch0:  C_CMD: RDCMD     C_f = 0x09a   at time   60737815 ps
inst0 ch0:  C_CMD: RDCMD     C_r = 0x005   at time   60740713 ps
inst0 ch0:  C_CMD: RDCMD     C_f = 0x090   at time   60741127 ps
inst0 ch0:  C_CMD: RDCMD     C_r = 0x005   at time   60744025 ps
inst0 ch0:  C_CMD: RDCMD     C_f = 0x092   at time   60744439 ps
inst0 ch0:  C_CMD: RDCMD     C_r = 0x005   at time   60747337 ps
inst0 ch0:  C_CMD: RDCMD     C_f = 0x088   at time   60747751 ps
inst0 ch0:  C_CMD: RDCMD     C_r = 0x005   at time   60750649 ps
inst0 ch0:  C_CMD: RDCMD     C_f = 0x08a   at time   60751063 ps
inst0 ch0:  C_CMD: RDCMD     C_r = 0x005   at time   60753961 ps
inst0 ch0:  C_CMD: RDCMD     C_f = 0x080   at time   60754375 ps
inst0 ch0:  C_CMD: RDCMD     C_r = 0x00d   at time   60757273 ps
inst0 ch0:  C_CMD: RDCMD     C_f = 0x082   at time   60757687 ps
inst0 ch0:  R_CMD: ACTCMD    R_r0= 0x0a    at time   60903001 ps
inst0 ch0:  R_CMD: ACTCMD    R_f0= 0x08    at time   60903415 ps
inst0 ch0:  R_CMD: ACTCMD    R_r1= 0x00    at time   60903829 ps
inst0 ch0:  R_CMD: ACTCMD    R_f1= 0x00    at time   60904243 ps
inst0 ch0:  C_CMD: RDCMD     C_r = 0x015   at time   60917905 ps
inst0 ch0:  C_CMD: RDCMD     C_f = 0x098   at time   60918319 ps
inst0 ch0:  C_CMD: RDCMD     C_r = 0x015   at time   60921217 ps
inst0 ch0:  C_CMD: RDCMD     C_f = 0x09a   at time   60921631 ps
inst0 ch0:  C_CMD: RDCMD     C_r = 0x015   at time   60924529 ps
inst0 ch0:  C_CMD: RDCMD     C_f = 0x090   at time   60924943 ps
inst0 ch0:  C_CMD: RDCMD     C_r = 0x015   at time   60927841 ps
inst0 ch0:  C_CMD: RDCMD     C_f = 0x092   at time   60928255 ps
inst0 ch0:  C_CMD: RDCMD     C_r = 0x015   at time   60931153 ps
inst0 ch0:  C_CMD: RDCMD     C_f = 0x088   at time   60931567 ps
inst0 ch0:  C_CMD: RDCMD     C_r = 0x015   at time   60934465 ps
inst0 ch0:  C_CMD: RDCMD     C_f = 0x08a   at time   60934879 ps
inst0 ch0:  C_CMD: RDCMD     C_r = 0x015   at time   60937777 ps
inst0 ch0:  C_CMD: RDCMD     C_f = 0x080   at time   60938191 ps
inst0 ch0:  C_CMD: RDCMD     C_r = 0x01d   at time   60941089 ps
inst0 ch0:  C_CMD: RDCMD     C_f = 0x082   at time   60941503 ps
inst0 ch0:  R_CMD: ACTCMD    R_r0= 0x02    at time   61148089 ps
inst0 ch0:  R_CMD: ACTCMD    R_f0= 0x00    at time   61148503 ps
inst0 ch0:  R_CMD: ACTCMD    R_r1= 0x00    at time   61148917 ps
inst0 ch0:  R_CMD: ACTCMD    R_f1= 0x00    at time   61149331 ps
inst0 ch0:  C_CMD: RDCMD     C_r = 0x005   at time   61162993 ps
inst0 ch0:  C_CMD: RDCMD     C_f = 0x018   at time   61163407 ps
inst0 ch0:  C_CMD: RDCMD     C_r = 0x005   at time   61166305 ps
inst0 ch0:  C_CMD: RDCMD     C_f = 0x01a   at time   61166719 ps
inst0 ch0:  C_CMD: RDCMD     C_r = 0x005   at time   61169617 ps
inst0 ch0:  C_CMD: RDCMD     C_f = 0x010   at time   61170031 ps
inst0 ch0:  C_CMD: RDCMD     C_r = 0x005   at time   61172929 ps
inst0 ch0:  C_CMD: RDCMD     C_f = 0x012   at time   61173343 ps
inst0 ch0:  C_CMD: RDCMD     C_r = 0x005   at time   61176241 ps
inst0 ch0:  C_CMD: RDCMD     C_f = 0x008   at time   61176655 ps
inst0 ch0:  C_CMD: RDCMD     C_r = 0x005   at time   61179553 ps
inst0 ch0:  C_CMD: RDCMD     C_f = 0x00a   at time   61179967 ps
inst0 ch0:  C_CMD: RDCMD     C_r = 0x005   at time   61182865 ps
inst0 ch0:  C_CMD: RDCMD     C_f = 0x000   at time   61183279 ps
inst0 ch0:  C_CMD: RDCMD     C_r = 0x00d   at time   61186177 ps
inst0 ch0:  C_CMD: RDCMD     C_f = 0x002   at time   61186591 ps
inst0 ch0:  R_CMD: ACTCMD    R_r0= 0x0a    at time   61408909 ps
inst0 ch0:  R_CMD: ACTCMD    R_f0= 0x08    at time   61409323 ps
inst0 ch0:  R_CMD: ACTCMD    R_r1= 0x00    at time   61409737 ps
inst0 ch0:  R_CMD: ACTCMD    R_f1= 0x00    at time   61410151 ps
inst0 ch0:  C_CMD: WRCMD     C_r = 0x011   at time   61419673 ps
inst0 ch0:  C_CMD: WRCMD     C_f = 0x0b8   at time   61420087 ps
inst0 ch0:  C_CMD: WRCMD     C_r = 0x011   at time   61422985 ps
inst0 ch0:  C_CMD: WRCMD     C_f = 0x0ba   at time   61423399 ps
inst0 ch0:  C_CMD: WRCMD     C_r = 0x011   at time   61426297 ps
inst0 ch0:  C_CMD: WRCMD     C_f = 0x0b0   at time   61426711 ps
inst0 ch0:  C_CMD: WRCMD     C_r = 0x011   at time   61429609 ps
inst0 ch0:  C_CMD: WRCMD     C_f = 0x0b2   at time   61430023 ps
inst0 ch0:  C_CMD: WRCMD     C_r = 0x011   at time   61432921 ps
inst0 ch0:  C_CMD: WRCMD     C_f = 0x0a8   at time   61433335 ps
inst0 ch0:  C_CMD: WRCMD     C_r = 0x011   at time   61436233 ps
inst0 ch0:  C_CMD: WRCMD     C_f = 0x0aa   at time   61436647 ps
inst0 ch0:  C_CMD: WRCMD     C_r = 0x011   at time   61439545 ps
inst0 ch0:  C_CMD: WRCMD     C_f = 0x0a0   at time   61439959 ps
inst0 ch0:  C_CMD: WRCMD     C_r = 0x019   at time   61442857 ps
inst0 ch0:  C_CMD: WRCMD     C_f = 0x0a2   at time   61443271 ps
inst0 ch0:  R_CMD: ACTCMD    R_r0= 0x0a    at time   61921441 ps
inst0 ch0:  R_CMD: ACTCMD    R_f0= 0x00    at time   61921855 ps
inst0 ch0:  R_CMD: ACTCMD    R_r1= 0x00    at time   61922269 ps
inst0 ch0:  R_CMD: ACTCMD    R_f1= 0x00    at time   61922683 ps
inst0 ch0:  C_CMD: RDCMD     C_r = 0x015   at time   61936345 ps
inst0 ch0:  C_CMD: RDCMD     C_f = 0x018   at time   61936759 ps
inst0 ch0:  C_CMD: RDCMD     C_r = 0x015   at time   61939657 ps
inst0 ch0:  C_CMD: RDCMD     C_f = 0x01a   at time   61940071 ps
inst0 ch0:  C_CMD: RDCMD     C_r = 0x015   at time   61942969 ps
inst0 ch0:  C_CMD: RDCMD     C_f = 0x010   at time   61943383 ps
inst0 ch0:  C_CMD: RDCMD     C_r = 0x015   at time   61946281 ps
inst0 ch0:  C_CMD: RDCMD     C_f = 0x012   at time   61946695 ps
inst0 ch0:  C_CMD: RDCMD     C_r = 0x015   at time   61949593 ps
inst0 ch0:  C_CMD: RDCMD     C_f = 0x008   at time   61950007 ps
inst0 ch0:  C_CMD: RDCMD     C_r = 0x015   at time   61952905 ps
inst0 ch0:  C_CMD: RDCMD     C_f = 0x00a   at time   61953319 ps
inst0 ch0:  C_CMD: RDCMD     C_r = 0x015   at time   61956217 ps
inst0 ch0:  C_CMD: RDCMD     C_f = 0x000   at time   61956631 ps
inst0 ch0:  C_CMD: RDCMD     C_r = 0x01d   at time   61959529 ps
inst0 ch0:  C_CMD: RDCMD     C_f = 0x002   at time   61959943 ps
inst0 ch0:  R_CMD: ACTCMD    R_r0= 0x0a    at time   62159077 ps
inst0 ch0:  R_CMD: ACTCMD    R_f0= 0x00    at time   62159491 ps
inst0 ch0:  R_CMD: ACTCMD    R_r1= 0x00    at time   62159905 ps
inst0 ch0:  R_CMD: ACTCMD    R_f1= 0x00    at time   62160319 ps
inst0 ch0:  C_CMD: WRCMD     C_r = 0x011   at time   62169841 ps
inst0 ch0:  C_CMD: WRCMD     C_f = 0x038   at time   62170255 ps
inst0 ch0:  C_CMD: WRCMD     C_r = 0x011   at time   62173153 ps
inst0 ch0:  C_CMD: WRCMD     C_f = 0x03a   at time   62173567 ps
inst0 ch0:  C_CMD: WRCMD     C_r = 0x011   at time   62176465 ps
inst0 ch0:  C_CMD: WRCMD     C_f = 0x030   at time   62176879 ps
inst0 ch0:  C_CMD: WRCMD     C_r = 0x011   at time   62179777 ps
inst0 ch0:  C_CMD: WRCMD     C_f = 0x032   at time   62180191 ps
inst0 ch0:  C_CMD: WRCMD     C_r = 0x011   at time   62183089 ps
inst0 ch0:  C_CMD: WRCMD     C_f = 0x028   at time   62183503 ps
inst0 ch0:  C_CMD: WRCMD     C_r = 0x011   at time   62186401 ps
inst0 ch0:  C_CMD: WRCMD     C_f = 0x02a   at time   62186815 ps
inst0 ch0:  C_CMD: WRCMD     C_r = 0x011   at time   62189713 ps
inst0 ch0:  C_CMD: WRCMD     C_f = 0x020   at time   62190127 ps
inst0 ch0:  C_CMD: WRCMD     C_r = 0x019   at time   62193025 ps
inst0 ch0:  C_CMD: WRCMD     C_f = 0x022   at time   62193439 ps
inst0 ch0:  R_CMD: ACTCMD    R_r0= 0x02    at time   62291557 ps
inst0 ch0:  R_CMD: ACTCMD    R_f0= 0x1b    at time   62291971 ps
inst0 ch0:  R_CMD: ACTCMD    R_r1= 0x3f    at time   62292385 ps
inst0 ch0:  R_CMD: ACTCMD    R_f1= 0x3b    at time   62292799 ps
inst0 ch0:  C_CMD: WRCMD     C_r = 0x009   at time   62302321 ps
inst0 ch0:  C_CMD: WRCMD     C_f = 0x080   at time   62302735 ps
inst0 ch0:  R_CMD: ACTCMD    R_r0= 0x0a    at time   62644285 ps
inst0 ch0:  R_CMD: ACTCMD    R_f0= 0x19    at time   62644699 ps
inst0 ch0:  R_CMD: ACTCMD    R_r1= 0x3f    at time   62645113 ps
inst0 ch0:  R_CMD: ACTCMD    R_f1= 0x3b    at time   62645527 ps
inst0 ch0:  R_CMD: ACTCMD    R_r0= 0x02    at time   62648425 ps
inst0 ch0:  R_CMD: ACTCMD    R_f0= 0x19    at time   62648839 ps
inst0 ch0:  R_CMD: ACTCMD    R_r1= 0x3f    at time   62649253 ps
inst0 ch0:  R_CMD: ACTCMD    R_f1= 0x3b    at time   62649667 ps
inst0 ch0:  C_CMD: WRCMD     C_r = 0x019   at time   62655049 ps
inst0 ch0:  C_CMD: WRCMD     C_f = 0x0fa   at time   62655463 ps
inst0 ch0:  C_CMD: WRCMD     C_r = 0x009   at time   62659189 ps
inst0 ch0:  C_CMD: WRCMD     C_f = 0x0fa   at time   62659603 ps
inst0 ch0:  R_CMD: ACTCMD    R_r0= 0x0a    at time   62891029 ps
inst0 ch0:  R_CMD: ACTCMD    R_f0= 0x0a    at time   62891443 ps
inst0 ch0:  R_CMD: ACTCMD    R_r1= 0x00    at time   62891857 ps
inst0 ch0:  R_CMD: ACTCMD    R_f1= 0x00    at time   62892271 ps
inst0 ch0:  R_CMD: ACTCMD    R_r0= 0x02    at time   62895169 ps
inst0 ch0:  R_CMD: ACTCMD    R_f0= 0x0a    at time   62895583 ps
inst0 ch0:  R_CMD: ACTCMD    R_r1= 0x00    at time   62895997 ps
inst0 ch0:  R_CMD: ACTCMD    R_f1= 0x00    at time   62896411 ps
inst0 ch0:  C_CMD: RDCMD     C_r = 0x015   at time   62905933 ps
inst0 ch0:  C_CMD: RDCMD     C_f = 0x080   at time   62906347 ps
inst0 ch0:  C_CMD: RDCMD     C_r = 0x01d   at time   62909245 ps
inst0 ch0:  C_CMD: RDCMD     C_f = 0x082   at time   62909659 ps
inst0 ch0:  C_CMD: RDCMD     C_r = 0x005   at time   62912557 ps
inst0 ch0:  C_CMD: RDCMD     C_f = 0x080   at time   62912971 ps
inst0 ch0:  C_CMD: RDCMD     C_r = 0x00d   at time   62915869 ps
inst0 ch0:  C_CMD: RDCMD     C_f = 0x082   at time   62916283 ps
inst0 ch0:  R_CMD: ACTCMD    R_r0= 0x02    at time   63198217 ps
inst0 ch0:  R_CMD: ACTCMD    R_f0= 0x13    at time   63198631 ps
inst0 ch0:  R_CMD: ACTCMD    R_r1= 0x3f    at time   63199045 ps
inst0 ch0:  R_CMD: ACTCMD    R_f1= 0x3b    at time   63199459 ps
inst0 ch0:  C_CMD: WRCMD     C_r = 0x009   at time   63208981 ps
inst0 ch0:  C_CMD: WRCMD     C_f = 0x000   at time   63209395 ps
inst0 ch0:  R_CMD: ACTCMD    R_r0= 0x0a    at time   63745525 ps
inst0 ch0:  R_CMD: ACTCMD    R_f0= 0x11    at time   63745939 ps
inst0 ch0:  R_CMD: ACTCMD    R_r1= 0x3f    at time   63746353 ps
inst0 ch0:  R_CMD: ACTCMD    R_f1= 0x3b    at time   63746767 ps
inst0 ch0:  R_CMD: ACTCMD    R_r0= 0x02    at time   63749665 ps
inst0 ch0:  R_CMD: ACTCMD    R_f0= 0x11    at time   63750079 ps
inst0 ch0:  R_CMD: ACTCMD    R_r1= 0x3f    at time   63750493 ps
inst0 ch0:  R_CMD: ACTCMD    R_f1= 0x3b    at time   63750907 ps
inst0 ch0:  C_CMD: WRCMD     C_r = 0x019   at time   63756289 ps
inst0 ch0:  C_CMD: WRCMD     C_f = 0x07a   at time   63756703 ps
inst0 ch0:  C_CMD: WRCMD     C_r = 0x009   at time   63760429 ps
inst0 ch0:  C_CMD: WRCMD     C_f = 0x07a   at time   63760843 ps
inst0 ch0:  R_CMD: ACTCMD    R_r0= 0x0a    at time   64129717 ps
inst0 ch0:  R_CMD: ACTCMD    R_f0= 0x02    at time   64130131 ps
inst0 ch0:  R_CMD: ACTCMD    R_r1= 0x00    at time   64130545 ps
inst0 ch0:  R_CMD: ACTCMD    R_f1= 0x00    at time   64130959 ps
inst0 ch0:  R_CMD: ACTCMD    R_r0= 0x02    at time   64133857 ps
inst0 ch0:  R_CMD: ACTCMD    R_f0= 0x02    at time   64134271 ps
inst0 ch0:  R_CMD: ACTCMD    R_r1= 0x00    at time   64134685 ps
inst0 ch0:  R_CMD: ACTCMD    R_f1= 0x00    at time   64135099 ps
inst0 ch0:  C_CMD: RDCMD     C_r = 0x015   at time   64144621 ps
inst0 ch0:  C_CMD: RDCMD     C_f = 0x000   at time   64145035 ps
inst0 ch0:  C_CMD: RDCMD     C_r = 0x01d   at time   64147933 ps
inst0 ch0:  C_CMD: RDCMD     C_f = 0x002   at time   64148347 ps
inst0 ch0:  C_CMD: RDCMD     C_r = 0x005   at time   64151245 ps
inst0 ch0:  C_CMD: RDCMD     C_f = 0x000   at time   64151659 ps
inst0 ch0:  C_CMD: RDCMD     C_r = 0x00d   at time   64154557 ps
inst0 ch0:  C_CMD: RDCMD     C_f = 0x002   at time   64154971 ps
