inst0 ch0:  R_CMD: ACTCMD    R_r0= 0x0e    at time   33400981 ps
inst0 ch0:  R_CMD: ACTCMD    R_f0= 0x28    at time   33401395 ps
inst0 ch0:  R_CMD: ACTCMD    R_r1= 0x00    at time   33401809 ps
inst0 ch0:  R_CMD: ACTCMD    R_f1= 0x02    at time   33402223 ps
inst0 ch0:  R_CMD: ACTCMD    R_r0= 0x0e    at time   33402637 ps
inst0 ch0:  R_CMD: ACTCMD    R_f0= 0x20    at time   33403051 ps
inst0 ch0:  R_CMD: ACTCMD    R_r1= 0x00    at time   33403465 ps
inst0 ch0:  R_CMD: ACTCMD    R_f1= 0x02    at time   33403879 ps
inst0 ch0:  C_CMD: WRCMD     C_r = 0x091   at time   33411745 ps
inst0 ch0:  C_CMD: WRCMD     C_f = 0x0a9   at time   33412159 ps
inst0 ch0:  C_CMD: WRCMD     C_r = 0x091   at time   33413401 ps
inst0 ch0:  C_CMD: WRCMD     C_f = 0x029   at time   33413815 ps
inst0 ch0:  C_CMD: WRCMD     C_r = 0x091   at time   33415057 ps
inst0 ch0:  C_CMD: WRCMD     C_f = 0x0ab   at time   33415471 ps
inst0 ch0:  C_CMD: WRCMD     C_r = 0x099   at time   33416713 ps
inst0 ch0:  C_CMD: WRCMD     C_f = 0x02b   at time   33417127 ps
inst0 ch0:  C_CMD: WRCMD     C_r = 0x091   at time   33418369 ps
inst0 ch0:  C_CMD: WRCMD     C_f = 0x0a1   at time   33418783 ps
inst0 ch0:  C_CMD: WRCMD     C_r = 0x099   at time   33421681 ps
inst0 ch0:  C_CMD: WRCMD     C_f = 0x0a3   at time   33422095 ps
inst0 ch0:  R_CMD: ACTCMD    R_r0= 0x0e    at time   33454801 ps
inst0 ch0:  R_CMD: ACTCMD    R_f0= 0x20    at time   33455215 ps
inst0 ch0:  R_CMD: ACTCMD    R_r1= 0x00    at time   33455629 ps
inst0 ch0:  R_CMD: ACTCMD    R_f1= 0x02    at time   33456043 ps
inst0 ch0:  C_CMD: WRCMD     C_r = 0x091   at time   33465565 ps
inst0 ch0:  C_CMD: WRCMD     C_f = 0x021   at time   33465979 ps
inst0 ch0:  C_CMD: WRCMD     C_r = 0x099   at time   33468877 ps
inst0 ch0:  C_CMD: WRCMD     C_f = 0x023   at time   33469291 ps
inst0 ch0:  R_CMD: ACTCMD    R_r0= 0x2e    at time   37572445 ps
inst0 ch0:  R_CMD: ACTCMD    R_f0= 0x28    at time   37572859 ps
inst0 ch0:  R_CMD: ACTCMD    R_r1= 0x00    at time   37573273 ps
inst0 ch0:  R_CMD: ACTCMD    R_f1= 0x02    at time   37573687 ps
inst0 ch0:  R_CMD: ACTCMD    R_r0= 0x2e    at time   37574101 ps
inst0 ch0:  R_CMD: ACTCMD    R_f0= 0x20    at time   37574515 ps
inst0 ch0:  R_CMD: ACTCMD    R_r1= 0x00    at time   37574929 ps
inst0 ch0:  R_CMD: ACTCMD    R_f1= 0x02    at time   37575343 ps
inst0 ch0:  C_CMD: WRCMD     C_r = 0x0d1   at time   37583209 ps
inst0 ch0:  C_CMD: WRCMD     C_f = 0x0a9   at time   37583623 ps
inst0 ch0:  C_CMD: WRCMD     C_r = 0x0d1   at time   37584865 ps
inst0 ch0:  C_CMD: WRCMD     C_f = 0x029   at time   37585279 ps
inst0 ch0:  C_CMD: WRCMD     C_r = 0x0d1   at time   37586521 ps
inst0 ch0:  C_CMD: WRCMD     C_f = 0x0ab   at time   37586935 ps
inst0 ch0:  C_CMD: WRCMD     C_r = 0x0d1   at time   37588177 ps
inst0 ch0:  C_CMD: WRCMD     C_f = 0x02b   at time   37588591 ps
inst0 ch0:  C_CMD: WRCMD     C_r = 0x0d1   at time   37589833 ps
inst0 ch0:  C_CMD: WRCMD     C_f = 0x0a1   at time   37590247 ps
inst0 ch0:  C_CMD: WRCMD     C_r = 0x0d1   at time   37591489 ps
inst0 ch0:  C_CMD: WRCMD     C_f = 0x021   at time   37591903 ps
inst0 ch0:  C_CMD: WRCMD     C_r = 0x0d9   at time   37593145 ps
inst0 ch0:  C_CMD: WRCMD     C_f = 0x0a3   at time   37593559 ps
inst0 ch0:  C_CMD: WRCMD     C_r = 0x0d9   at time   37594801 ps
inst0 ch0:  C_CMD: WRCMD     C_f = 0x023   at time   37595215 ps
inst0 ch0:  R_CMD: ACTCMD    R_r0= 0x22    at time   54817201 ps
inst0 ch0:  R_CMD: ACTCMD    R_f0= 0x2a    at time   54817615 ps
inst0 ch0:  R_CMD: ACTCMD    R_r1= 0x00    at time   54818029 ps
inst0 ch0:  R_CMD: ACTCMD    R_f1= 0x00    at time   54818443 ps
inst0 ch0:  R_CMD: ACTCMD    R_r0= 0x02    at time   54821341 ps
inst0 ch0:  R_CMD: ACTCMD    R_f0= 0x2a    at time   54821755 ps
inst0 ch0:  R_CMD: ACTCMD    R_r1= 0x00    at time   54822169 ps
inst0 ch0:  R_CMD: ACTCMD    R_f1= 0x00    at time   54822583 ps
inst0 ch0:  R_CMD: ACTCMD    R_r0= 0x22    at time   54822997 ps
inst0 ch0:  R_CMD: ACTCMD    R_f0= 0x22    at time   54823411 ps
inst0 ch0:  R_CMD: ACTCMD    R_r1= 0x00    at time   54823825 ps
inst0 ch0:  R_CMD: ACTCMD    R_f1= 0x00    at time   54824239 ps
inst0 ch0:  R_CMD: ACTCMD    R_r0= 0x22    at time   54825481 ps
inst0 ch0:  R_CMD: ACTCMD    R_f0= 0x0a    at time   54825895 ps
inst0 ch0:  R_CMD: ACTCMD    R_r1= 0x00    at time   54826309 ps
inst0 ch0:  R_CMD: ACTCMD    R_f1= 0x00    at time   54826723 ps
inst0 ch0:  R_CMD: ACTCMD    R_r0= 0x02    at time   54827137 ps
inst0 ch0:  R_CMD: ACTCMD    R_f0= 0x22    at time   54827551 ps
inst0 ch0:  R_CMD: ACTCMD    R_r1= 0x00    at time   54827965 ps
inst0 ch0:  R_CMD: ACTCMD    R_f1= 0x00    at time   54828379 ps
inst0 ch0:  R_CMD: ACTCMD    R_r0= 0x02    at time   54829621 ps
inst0 ch0:  R_CMD: ACTCMD    R_f0= 0x0a    at time   54830035 ps
inst0 ch0:  R_CMD: ACTCMD    R_r1= 0x00    at time   54830449 ps
inst0 ch0:  R_CMD: ACTCMD    R_f1= 0x00    at time   54830863 ps
inst0 ch0:  R_CMD: ACTCMD    R_r0= 0x22    at time   54831277 ps
inst0 ch0:  R_CMD: ACTCMD    R_f0= 0x02    at time   54831691 ps
inst0 ch0:  R_CMD: ACTCMD    R_r1= 0x00    at time   54832105 ps
inst0 ch0:  C_CMD: RDCMD     C_r = 0x0c5   at time   54832105 ps
inst0 ch0:  R_CMD: ACTCMD    R_f1= 0x00    at time   54832519 ps
inst0 ch0:  C_CMD: RDCMD     C_f = 0x080   at time   54832519 ps
inst0 ch0:  R_CMD: ACTCMD    R_r0= 0x02    at time   54835417 ps
inst0 ch0:  C_CMD: RDCMD     C_r = 0x0cd   at time   54835417 ps
inst0 ch0:  R_CMD: ACTCMD    R_f0= 0x02    at time   54835831 ps
inst0 ch0:  C_CMD: RDCMD     C_f = 0x082   at time   54835831 ps
inst0 ch0:  R_CMD: ACTCMD    R_r1= 0x00    at time   54836245 ps
inst0 ch0:  R_CMD: ACTCMD    R_f1= 0x00    at time   54836659 ps
inst0 ch0:  C_CMD: RDCMD     C_r = 0x085   at time   54837073 ps
inst0 ch0:  C_CMD: RDCMD     C_f = 0x080   at time   54837487 ps
inst0 ch0:  C_CMD: RDCMD     C_r = 0x0c5   at time   54837901 ps
inst0 ch0:  C_CMD: RDCMD     C_f = 0x000   at time   54838315 ps
inst0 ch0:  C_CMD: RDCMD     C_r = 0x08d   at time   54840385 ps
inst0 ch0:  C_CMD: RDCMD     C_f = 0x082   at time   54840799 ps
inst0 ch0:  C_CMD: RDCMD     C_r = 0x0cd   at time   54841213 ps
inst0 ch0:  C_CMD: RDCMD     C_f = 0x002   at time   54841627 ps
inst0 ch0:  C_CMD: RDCMD     C_r = 0x045   at time   54842041 ps
inst0 ch0:  C_CMD: RDCMD     C_f = 0x080   at time   54842455 ps
inst0 ch0:  C_CMD: RDCMD     C_r = 0x085   at time   54842869 ps
inst0 ch0:  C_CMD: RDCMD     C_f = 0x000   at time   54843283 ps
inst0 ch0:  C_CMD: RDCMD     C_r = 0x005   at time   54844525 ps
inst0 ch0:  C_CMD: RDCMD     C_f = 0x080   at time   54844939 ps
inst0 ch0:  C_CMD: RDCMD     C_r = 0x04d   at time   54846181 ps
inst0 ch0:  C_CMD: RDCMD     C_f = 0x082   at time   54846595 ps
inst0 ch0:  C_CMD: RDCMD     C_r = 0x08d   at time   54847009 ps
inst0 ch0:  C_CMD: RDCMD     C_f = 0x002   at time   54847423 ps
inst0 ch0:  C_CMD: RDCMD     C_r = 0x00d   at time   54847837 ps
inst0 ch0:  C_CMD: RDCMD     C_f = 0x082   at time   54848251 ps
inst0 ch0:  C_CMD: RDCMD     C_r = 0x045   at time   54848665 ps
inst0 ch0:  C_CMD: RDCMD     C_f = 0x000   at time   54849079 ps
inst0 ch0:  C_CMD: RDCMD     C_r = 0x005   at time   54850321 ps
inst0 ch0:  C_CMD: RDCMD     C_f = 0x000   at time   54850735 ps
inst0 ch0:  C_CMD: RDCMD     C_r = 0x04d   at time   54851977 ps
inst0 ch0:  C_CMD: RDCMD     C_f = 0x002   at time   54852391 ps
inst0 ch0:  C_CMD: RDCMD     C_r = 0x00d   at time   54853633 ps
inst0 ch0:  C_CMD: RDCMD     C_f = 0x002   at time   54854047 ps
inst0 ch0:  R_CMD: ACTCMD    R_r0= 0x2a    at time   55275913 ps
inst0 ch0:  R_CMD: ACTCMD    R_f0= 0x2a    at time   55276327 ps
inst0 ch0:  R_CMD: ACTCMD    R_r1= 0x00    at time   55276741 ps
inst0 ch0:  R_CMD: ACTCMD    R_f1= 0x00    at time   55277155 ps
inst0 ch0:  R_CMD: ACTCMD    R_r0= 0x0a    at time   55280053 ps
inst0 ch0:  R_CMD: ACTCMD    R_f0= 0x2a    at time   55280467 ps
inst0 ch0:  R_CMD: ACTCMD    R_r1= 0x00    at time   55280881 ps
inst0 ch0:  R_CMD: ACTCMD    R_f1= 0x00    at time   55281295 ps
inst0 ch0:  R_CMD: ACTCMD    R_r0= 0x2a    at time   55284193 ps
inst0 ch0:  R_CMD: ACTCMD    R_f0= 0x0a    at time   55284607 ps
inst0 ch0:  R_CMD: ACTCMD    R_r1= 0x00    at time   55285021 ps
inst0 ch0:  R_CMD: ACTCMD    R_f1= 0x00    at time   55285435 ps
inst0 ch0:  R_CMD: ACTCMD    R_r0= 0x0a    at time   55288333 ps
inst0 ch0:  R_CMD: ACTCMD    R_f0= 0x0a    at time   55288747 ps
inst0 ch0:  R_CMD: ACTCMD    R_r1= 0x00    at time   55289161 ps
inst0 ch0:  R_CMD: ACTCMD    R_f1= 0x00    at time   55289575 ps
inst0 ch0:  C_CMD: RDCMD     C_r = 0x0d5   at time   55290817 ps
inst0 ch0:  C_CMD: RDCMD     C_f = 0x080   at time   55291231 ps
inst0 ch0:  C_CMD: RDCMD     C_r = 0x0dd   at time   55294129 ps
inst0 ch0:  C_CMD: RDCMD     C_f = 0x082   at time   55294543 ps
inst0 ch0:  C_CMD: RDCMD     C_r = 0x095   at time   55295785 ps
inst0 ch0:  C_CMD: RDCMD     C_f = 0x080   at time   55296199 ps
inst0 ch0:  C_CMD: RDCMD     C_r = 0x09d   at time   55299097 ps
inst0 ch0:  C_CMD: RDCMD     C_f = 0x082   at time   55299511 ps
inst0 ch0:  C_CMD: RDCMD     C_r = 0x055   at time   55300753 ps
inst0 ch0:  C_CMD: RDCMD     C_f = 0x080   at time   55301167 ps
inst0 ch0:  C_CMD: RDCMD     C_r = 0x015   at time   55303237 ps
inst0 ch0:  C_CMD: RDCMD     C_f = 0x080   at time   55303651 ps
inst0 ch0:  C_CMD: RDCMD     C_r = 0x05d   at time   55304893 ps
inst0 ch0:  C_CMD: RDCMD     C_f = 0x082   at time   55305307 ps
inst0 ch0:  C_CMD: RDCMD     C_r = 0x01d   at time   55306549 ps
inst0 ch0:  C_CMD: RDCMD     C_f = 0x082   at time   55306963 ps
inst0 ch0:  R_CMD: ACTCMD    R_r0= 0x2a    at time   55417501 ps
inst0 ch0:  R_CMD: ACTCMD    R_f0= 0x22    at time   55417915 ps
inst0 ch0:  R_CMD: ACTCMD    R_r1= 0x00    at time   55418329 ps
inst0 ch0:  R_CMD: ACTCMD    R_f1= 0x00    at time   55418743 ps
inst0 ch0:  R_CMD: ACTCMD    R_r0= 0x0a    at time   55421641 ps
inst0 ch0:  R_CMD: ACTCMD    R_f0= 0x22    at time   55422055 ps
inst0 ch0:  R_CMD: ACTCMD    R_r1= 0x00    at time   55422469 ps
inst0 ch0:  R_CMD: ACTCMD    R_f1= 0x00    at time   55422883 ps
inst0 ch0:  R_CMD: ACTCMD    R_r0= 0x2a    at time   55425781 ps
inst0 ch0:  R_CMD: ACTCMD    R_f0= 0x02    at time   55426195 ps
inst0 ch0:  R_CMD: ACTCMD    R_r1= 0x00    at time   55426609 ps
inst0 ch0:  R_CMD: ACTCMD    R_f1= 0x00    at time   55427023 ps
inst0 ch0:  R_CMD: ACTCMD    R_r0= 0x0a    at time   55429921 ps
inst0 ch0:  R_CMD: ACTCMD    R_f0= 0x02    at time   55430335 ps
inst0 ch0:  R_CMD: ACTCMD    R_r1= 0x00    at time   55430749 ps
inst0 ch0:  R_CMD: ACTCMD    R_f1= 0x00    at time   55431163 ps
inst0 ch0:  C_CMD: RDCMD     C_r = 0x0d5   at time   55432405 ps
inst0 ch0:  C_CMD: RDCMD     C_f = 0x000   at time   55432819 ps
inst0 ch0:  C_CMD: RDCMD     C_r = 0x0dd   at time   55435717 ps
inst0 ch0:  C_CMD: RDCMD     C_f = 0x002   at time   55436131 ps
inst0 ch0:  C_CMD: RDCMD     C_r = 0x095   at time   55437373 ps
inst0 ch0:  C_CMD: RDCMD     C_f = 0x000   at time   55437787 ps
inst0 ch0:  C_CMD: RDCMD     C_r = 0x09d   at time   55440685 ps
inst0 ch0:  C_CMD: RDCMD     C_f = 0x002   at time   55441099 ps
inst0 ch0:  C_CMD: RDCMD     C_r = 0x055   at time   55442341 ps
inst0 ch0:  C_CMD: RDCMD     C_f = 0x000   at time   55442755 ps
inst0 ch0:  C_CMD: RDCMD     C_r = 0x015   at time   55444825 ps
inst0 ch0:  C_CMD: RDCMD     C_f = 0x000   at time   55445239 ps
inst0 ch0:  C_CMD: RDCMD     C_r = 0x05d   at time   55446481 ps
inst0 ch0:  C_CMD: RDCMD     C_f = 0x002   at time   55446895 ps
inst0 ch0:  C_CMD: RDCMD     C_r = 0x01d   at time   55448137 ps
inst0 ch0:  C_CMD: RDCMD     C_f = 0x002   at time   55448551 ps
inst0 ch0:  R_CMD: ACTCMD    R_r0= 0x32    at time   55456417 ps
inst0 ch0:  R_CMD: ACTCMD    R_f0= 0x2a    at time   55456831 ps
inst0 ch0:  R_CMD: ACTCMD    R_r1= 0x00    at time   55457245 ps
inst0 ch0:  R_CMD: ACTCMD    R_f1= 0x00    at time   55457659 ps
inst0 ch0:  R_CMD: ACTCMD    R_r0= 0x12    at time   55460557 ps
inst0 ch0:  R_CMD: ACTCMD    R_f0= 0x2a    at time   55460971 ps
inst0 ch0:  R_CMD: ACTCMD    R_r1= 0x00    at time   55461385 ps
inst0 ch0:  R_CMD: ACTCMD    R_f1= 0x00    at time   55461799 ps
inst0 ch0:  R_CMD: ACTCMD    R_r0= 0x32    at time   55464697 ps
inst0 ch0:  R_CMD: ACTCMD    R_f0= 0x0a    at time   55465111 ps
inst0 ch0:  R_CMD: ACTCMD    R_r1= 0x00    at time   55465525 ps
inst0 ch0:  R_CMD: ACTCMD    R_f1= 0x00    at time   55465939 ps
inst0 ch0:  R_CMD: ACTCMD    R_r0= 0x12    at time   55468837 ps
inst0 ch0:  R_CMD: ACTCMD    R_f0= 0x0a    at time   55469251 ps
inst0 ch0:  R_CMD: ACTCMD    R_r1= 0x00    at time   55469665 ps
inst0 ch0:  R_CMD: ACTCMD    R_f1= 0x00    at time   55470079 ps
inst0 ch0:  C_CMD: RDCMD     C_r = 0x0e5   at time   55471321 ps
inst0 ch0:  C_CMD: RDCMD     C_f = 0x080   at time   55471735 ps
inst0 ch0:  C_CMD: RDCMD     C_r = 0x0ed   at time   55474633 ps
inst0 ch0:  C_CMD: RDCMD     C_f = 0x082   at time   55475047 ps
inst0 ch0:  C_CMD: RDCMD     C_r = 0x0a5   at time   55476289 ps
inst0 ch0:  C_CMD: RDCMD     C_f = 0x080   at time   55476703 ps
inst0 ch0:  C_CMD: RDCMD     C_r = 0x0ad   at time   55479601 ps
inst0 ch0:  C_CMD: RDCMD     C_f = 0x082   at time   55480015 ps
inst0 ch0:  C_CMD: RDCMD     C_r = 0x065   at time   55481257 ps
inst0 ch0:  C_CMD: RDCMD     C_f = 0x080   at time   55481671 ps
inst0 ch0:  C_CMD: RDCMD     C_r = 0x025   at time   55483741 ps
inst0 ch0:  C_CMD: RDCMD     C_f = 0x080   at time   55484155 ps
inst0 ch0:  C_CMD: RDCMD     C_r = 0x06d   at time   55485397 ps
inst0 ch0:  C_CMD: RDCMD     C_f = 0x082   at time   55485811 ps
inst0 ch0:  C_CMD: RDCMD     C_r = 0x02d   at time   55487053 ps
inst0 ch0:  C_CMD: RDCMD     C_f = 0x082   at time   55487467 ps
inst0 ch0:  R_CMD: ACTCMD    R_r0= 0x32    at time   55696537 ps
inst0 ch0:  R_CMD: ACTCMD    R_f0= 0x22    at time   55696951 ps
inst0 ch0:  R_CMD: ACTCMD    R_r1= 0x00    at time   55697365 ps
inst0 ch0:  R_CMD: ACTCMD    R_f1= 0x00    at time   55697779 ps
inst0 ch0:  R_CMD: ACTCMD    R_r0= 0x12    at time   55700677 ps
inst0 ch0:  R_CMD: ACTCMD    R_f0= 0x22    at time   55701091 ps
inst0 ch0:  R_CMD: ACTCMD    R_r1= 0x00    at time   55701505 ps
inst0 ch0:  R_CMD: ACTCMD    R_f1= 0x00    at time   55701919 ps
inst0 ch0:  R_CMD: ACTCMD    R_r0= 0x32    at time   55704817 ps
inst0 ch0:  R_CMD: ACTCMD    R_f0= 0x02    at time   55705231 ps
inst0 ch0:  R_CMD: ACTCMD    R_r1= 0x00    at time   55705645 ps
inst0 ch0:  R_CMD: ACTCMD    R_f1= 0x00    at time   55706059 ps
inst0 ch0:  R_CMD: ACTCMD    R_r0= 0x12    at time   55708957 ps
inst0 ch0:  R_CMD: ACTCMD    R_f0= 0x02    at time   55709371 ps
inst0 ch0:  R_CMD: ACTCMD    R_r1= 0x00    at time   55709785 ps
inst0 ch0:  R_CMD: ACTCMD    R_f1= 0x00    at time   55710199 ps
inst0 ch0:  C_CMD: RDCMD     C_r = 0x0e5   at time   55711441 ps
inst0 ch0:  C_CMD: RDCMD     C_f = 0x000   at time   55711855 ps
inst0 ch0:  C_CMD: RDCMD     C_r = 0x0ed   at time   55714753 ps
inst0 ch0:  C_CMD: RDCMD     C_f = 0x002   at time   55715167 ps
inst0 ch0:  C_CMD: RDCMD     C_r = 0x0a5   at time   55716409 ps
inst0 ch0:  C_CMD: RDCMD     C_f = 0x000   at time   55716823 ps
inst0 ch0:  C_CMD: RDCMD     C_r = 0x0ad   at time   55719721 ps
inst0 ch0:  C_CMD: RDCMD     C_f = 0x002   at time   55720135 ps
inst0 ch0:  C_CMD: RDCMD     C_r = 0x065   at time   55721377 ps
inst0 ch0:  C_CMD: RDCMD     C_f = 0x000   at time   55721791 ps
inst0 ch0:  C_CMD: RDCMD     C_r = 0x025   at time   55723861 ps
inst0 ch0:  C_CMD: RDCMD     C_f = 0x000   at time   55724275 ps
inst0 ch0:  C_CMD: RDCMD     C_r = 0x06d   at time   55725517 ps
inst0 ch0:  C_CMD: RDCMD     C_f = 0x002   at time   55725931 ps
inst0 ch0:  C_CMD: RDCMD     C_r = 0x02d   at time   55727173 ps
inst0 ch0:  C_CMD: RDCMD     C_f = 0x002   at time   55727587 ps
inst0 ch0:  R_CMD: ACTCMD    R_r0= 0x3a    at time   55761121 ps
inst0 ch0:  R_CMD: ACTCMD    R_f0= 0x2a    at time   55761535 ps
inst0 ch0:  R_CMD: ACTCMD    R_r1= 0x00    at time   55761949 ps
inst0 ch0:  R_CMD: ACTCMD    R_f1= 0x00    at time   55762363 ps
inst0 ch0:  R_CMD: ACTCMD    R_r0= 0x1a    at time   55765261 ps
inst0 ch0:  R_CMD: ACTCMD    R_f0= 0x2a    at time   55765675 ps
inst0 ch0:  R_CMD: ACTCMD    R_r1= 0x00    at time   55766089 ps
inst0 ch0:  R_CMD: ACTCMD    R_f1= 0x00    at time   55766503 ps
inst0 ch0:  R_CMD: ACTCMD    R_r0= 0x3a    at time   55769401 ps
inst0 ch0:  R_CMD: ACTCMD    R_f0= 0x0a    at time   55769815 ps
inst0 ch0:  R_CMD: ACTCMD    R_r1= 0x00    at time   55770229 ps
inst0 ch0:  R_CMD: ACTCMD    R_f1= 0x00    at time   55770643 ps
inst0 ch0:  R_CMD: ACTCMD    R_r0= 0x1a    at time   55773541 ps
inst0 ch0:  R_CMD: ACTCMD    R_f0= 0x0a    at time   55773955 ps
inst0 ch0:  R_CMD: ACTCMD    R_r1= 0x00    at time   55774369 ps
inst0 ch0:  R_CMD: ACTCMD    R_f1= 0x00    at time   55774783 ps
inst0 ch0:  C_CMD: RDCMD     C_r = 0x0f5   at time   55776025 ps
inst0 ch0:  C_CMD: RDCMD     C_f = 0x080   at time   55776439 ps
inst0 ch0:  C_CMD: RDCMD     C_r = 0x0fd   at time   55779337 ps
inst0 ch0:  C_CMD: RDCMD     C_f = 0x082   at time   55779751 ps
inst0 ch0:  C_CMD: RDCMD     C_r = 0x0b5   at time   55780993 ps
inst0 ch0:  C_CMD: RDCMD     C_f = 0x080   at time   55781407 ps
inst0 ch0:  C_CMD: RDCMD     C_r = 0x0bd   at time   55784305 ps
inst0 ch0:  C_CMD: RDCMD     C_f = 0x082   at time   55784719 ps
inst0 ch0:  C_CMD: RDCMD     C_r = 0x075   at time   55785961 ps
inst0 ch0:  C_CMD: RDCMD     C_f = 0x080   at time   55786375 ps
inst0 ch0:  C_CMD: RDCMD     C_r = 0x035   at time   55788445 ps
inst0 ch0:  C_CMD: RDCMD     C_f = 0x080   at time   55788859 ps
inst0 ch0:  C_CMD: RDCMD     C_r = 0x07d   at time   55790101 ps
inst0 ch0:  C_CMD: RDCMD     C_f = 0x082   at time   55790515 ps
inst0 ch0:  C_CMD: RDCMD     C_r = 0x03d   at time   55791757 ps
inst0 ch0:  C_CMD: RDCMD     C_f = 0x082   at time   55792171 ps
inst0 ch0:  R_CMD: ACTCMD    R_r0= 0x3a    at time   56087353 ps
inst0 ch0:  R_CMD: ACTCMD    R_f0= 0x22    at time   56087767 ps
inst0 ch0:  R_CMD: ACTCMD    R_r1= 0x00    at time   56088181 ps
inst0 ch0:  R_CMD: ACTCMD    R_f1= 0x00    at time   56088595 ps
inst0 ch0:  R_CMD: ACTCMD    R_r0= 0x1a    at time   56091493 ps
inst0 ch0:  R_CMD: ACTCMD    R_f0= 0x22    at time   56091907 ps
inst0 ch0:  R_CMD: ACTCMD    R_r1= 0x00    at time   56092321 ps
inst0 ch0:  R_CMD: ACTCMD    R_f1= 0x00    at time   56092735 ps
inst0 ch0:  R_CMD: ACTCMD    R_r0= 0x3a    at time   56095633 ps
inst0 ch0:  R_CMD: ACTCMD    R_f0= 0x02    at time   56096047 ps
inst0 ch0:  R_CMD: ACTCMD    R_r1= 0x00    at time   56096461 ps
inst0 ch0:  R_CMD: ACTCMD    R_f1= 0x00    at time   56096875 ps
inst0 ch0:  R_CMD: ACTCMD    R_r0= 0x1a    at time   56099773 ps
inst0 ch0:  R_CMD: ACTCMD    R_f0= 0x02    at time   56100187 ps
inst0 ch0:  R_CMD: ACTCMD    R_r1= 0x00    at time   56100601 ps
inst0 ch0:  R_CMD: ACTCMD    R_f1= 0x00    at time   56101015 ps
inst0 ch0:  C_CMD: RDCMD     C_r = 0x0f5   at time   56102257 ps
inst0 ch0:  C_CMD: RDCMD     C_f = 0x000   at time   56102671 ps
inst0 ch0:  C_CMD: RDCMD     C_r = 0x0fd   at time   56105569 ps
inst0 ch0:  C_CMD: RDCMD     C_f = 0x002   at time   56105983 ps
inst0 ch0:  C_CMD: RDCMD     C_r = 0x0b5   at time   56107225 ps
inst0 ch0:  C_CMD: RDCMD     C_f = 0x000   at time   56107639 ps
inst0 ch0:  C_CMD: RDCMD     C_r = 0x0bd   at time   56110537 ps
inst0 ch0:  C_CMD: RDCMD     C_f = 0x002   at time   56110951 ps
inst0 ch0:  C_CMD: RDCMD     C_r = 0x075   at time   56112193 ps
inst0 ch0:  C_CMD: RDCMD     C_f = 0x000   at time   56112607 ps
inst0 ch0:  C_CMD: RDCMD     C_r = 0x035   at time   56114677 ps
inst0 ch0:  C_CMD: RDCMD     C_f = 0x000   at time   56115091 ps
inst0 ch0:  C_CMD: RDCMD     C_r = 0x07d   at time   56116333 ps
inst0 ch0:  C_CMD: RDCMD     C_f = 0x002   at time   56116747 ps
inst0 ch0:  C_CMD: RDCMD     C_r = 0x03d   at time   56117989 ps
inst0 ch0:  C_CMD: RDCMD     C_f = 0x002   at time   56118403 ps
inst0 ch0:  R_CMD: ACTCMD    R_r0= 0x02    at time   56373841 ps
inst0 ch0:  R_CMD: ACTCMD    R_f0= 0x18    at time   56374255 ps
inst0 ch0:  R_CMD: ACTCMD    R_r1= 0x3f    at time   56374669 ps
inst0 ch0:  R_CMD: ACTCMD    R_f1= 0x3b    at time   56375083 ps
inst0 ch0:  C_CMD: WRCMD     C_r = 0x009   at time   56384605 ps
inst0 ch0:  C_CMD: WRCMD     C_f = 0x0fa   at time   56385019 ps
inst0 ch0:  R_CMD: ACTCMD    R_r0= 0x02    at time   56550205 ps
inst0 ch0:  R_CMD: ACTCMD    R_f0= 0x10    at time   56550619 ps
inst0 ch0:  R_CMD: ACTCMD    R_r1= 0x3f    at time   56551033 ps
inst0 ch0:  R_CMD: ACTCMD    R_f1= 0x3b    at time   56551447 ps
inst0 ch0:  C_CMD: WRCMD     C_r = 0x009   at time   56560969 ps
inst0 ch0:  C_CMD: WRCMD     C_f = 0x07a   at time   56561383 ps
inst0 ch0:  R_CMD: ACTCMD    R_r0= 0x0a    at time   56763001 ps
inst0 ch0:  R_CMD: ACTCMD    R_f0= 0x18    at time   56763415 ps
inst0 ch0:  R_CMD: ACTCMD    R_r1= 0x3f    at time   56763829 ps
inst0 ch0:  R_CMD: ACTCMD    R_f1= 0x3b    at time   56764243 ps
inst0 ch0:  C_CMD: WRCMD     C_r = 0x019   at time   56773765 ps
inst0 ch0:  C_CMD: WRCMD     C_f = 0x0fa   at time   56774179 ps
inst0 ch0:  R_CMD: ACTCMD    R_r0= 0x02    at time   56897137 ps
inst0 ch0:  R_CMD: ACTCMD    R_f0= 0x38    at time   56897551 ps
inst0 ch0:  R_CMD: ACTCMD    R_r1= 0x3f    at time   56897965 ps
inst0 ch0:  R_CMD: ACTCMD    R_f1= 0x3b    at time   56898379 ps
inst0 ch0:  C_CMD: WRCMD     C_r = 0x089   at time   56907901 ps
inst0 ch0:  C_CMD: WRCMD     C_f = 0x0fa   at time   56908315 ps
inst0 ch0:  R_CMD: ACTCMD    R_r0= 0x0a    at time   56989045 ps
inst0 ch0:  R_CMD: ACTCMD    R_f0= 0x10    at time   56989459 ps
inst0 ch0:  R_CMD: ACTCMD    R_r1= 0x3f    at time   56989873 ps
inst0 ch0:  R_CMD: ACTCMD    R_f1= 0x3b    at time   56990287 ps
inst0 ch0:  C_CMD: WRCMD     C_r = 0x019   at time   56999809 ps
inst0 ch0:  C_CMD: WRCMD     C_f = 0x07a   at time   57000223 ps
inst0 ch0:  R_CMD: ACTCMD    R_r0= 0x2e    at time   57090061 ps
inst0 ch0:  R_CMD: ACTCMD    R_f0= 0x20    at time   57090475 ps
inst0 ch0:  R_CMD: ACTCMD    R_r1= 0x00    at time   57090889 ps
inst0 ch0:  R_CMD: ACTCMD    R_f1= 0x02    at time   57091303 ps
inst0 ch0:  C_CMD: RDCMD     C_r = 0x0d5   at time   57104965 ps
inst0 ch0:  C_CMD: RDCMD     C_f = 0x021   at time   57105379 ps
inst0 ch0:  C_CMD: RDCMD     C_r = 0x0dd   at time   57108277 ps
inst0 ch0:  C_CMD: RDCMD     C_f = 0x023   at time   57108691 ps
inst0 ch0:  R_CMD: ACTCMD    R_r0= 0x0a    at time   57124837 ps
inst0 ch0:  R_CMD: ACTCMD    R_f0= 0x38    at time   57125251 ps
inst0 ch0:  R_CMD: ACTCMD    R_r1= 0x3f    at time   57125665 ps
inst0 ch0:  R_CMD: ACTCMD    R_f1= 0x3b    at time   57126079 ps
inst0 ch0:  C_CMD: WRCMD     C_r = 0x099   at time   57135601 ps
inst0 ch0:  C_CMD: WRCMD     C_f = 0x0fa   at time   57136015 ps
inst0 ch0:  R_CMD: ACTCMD    R_r0= 0x02    at time   57247381 ps
inst0 ch0:  R_CMD: ACTCMD    R_f0= 0x30    at time   57247795 ps
inst0 ch0:  R_CMD: ACTCMD    R_r1= 0x3f    at time   57248209 ps
inst0 ch0:  R_CMD: ACTCMD    R_f1= 0x3b    at time   57248623 ps
inst0 ch0:  C_CMD: WRCMD     C_r = 0x089   at time   57258145 ps
inst0 ch0:  C_CMD: WRCMD     C_f = 0x07a   at time   57258559 ps
inst0 ch0:  R_CMD: ACTCMD    R_r0= 0x2e    at time   57272221 ps
inst0 ch0:  R_CMD: ACTCMD    R_f0= 0x28    at time   57272635 ps
inst0 ch0:  R_CMD: ACTCMD    R_r1= 0x00    at time   57273049 ps
inst0 ch0:  R_CMD: ACTCMD    R_f1= 0x02    at time   57273463 ps
inst0 ch0:  C_CMD: RDCMD     C_r = 0x0d5   at time   57287125 ps
inst0 ch0:  C_CMD: RDCMD     C_f = 0x0a1   at time   57287539 ps
inst0 ch0:  C_CMD: RDCMD     C_r = 0x0dd   at time   57290437 ps
inst0 ch0:  C_CMD: RDCMD     C_f = 0x0a3   at time   57290851 ps
inst0 ch0:  R_CMD: ACTCMD    R_r0= 0x0a    at time   57374893 ps
inst0 ch0:  R_CMD: ACTCMD    R_f0= 0x30    at time   57375307 ps
inst0 ch0:  R_CMD: ACTCMD    R_r1= 0x3f    at time   57375721 ps
inst0 ch0:  R_CMD: ACTCMD    R_f1= 0x3b    at time   57376135 ps
inst0 ch0:  C_CMD: WRCMD     C_r = 0x099   at time   57385657 ps
inst0 ch0:  C_CMD: WRCMD     C_f = 0x07a   at time   57386071 ps
inst0 ch0:  R_CMD: ACTCMD    R_r0= 0x2e    at time   57425401 ps
inst0 ch0:  R_CMD: ACTCMD    R_f0= 0x20    at time   57425815 ps
inst0 ch0:  R_CMD: ACTCMD    R_r1= 0x00    at time   57426229 ps
inst0 ch0:  R_CMD: ACTCMD    R_f1= 0x02    at time   57426643 ps
inst0 ch0:  C_CMD: RDCMD     C_r = 0x0d5   at time   57440305 ps
inst0 ch0:  C_CMD: RDCMD     C_f = 0x029   at time   57440719 ps
inst0 ch0:  C_CMD: RDCMD     C_r = 0x0dd   at time   57443617 ps
inst0 ch0:  C_CMD: RDCMD     C_f = 0x02b   at time   57444031 ps
inst0 ch0:  R_CMD: ACTCMD    R_r0= 0x2e    at time   57571957 ps
inst0 ch0:  R_CMD: ACTCMD    R_f0= 0x28    at time   57572371 ps
inst0 ch0:  R_CMD: ACTCMD    R_r1= 0x00    at time   57572785 ps
inst0 ch0:  R_CMD: ACTCMD    R_f1= 0x02    at time   57573199 ps
inst0 ch0:  C_CMD: RDCMD     C_r = 0x0d5   at time   57586861 ps
inst0 ch0:  C_CMD: RDCMD     C_f = 0x0a9   at time   57587275 ps
inst0 ch0:  C_CMD: RDCMD     C_r = 0x0dd   at time   57590173 ps
inst0 ch0:  C_CMD: RDCMD     C_f = 0x0ab   at time   57590587 ps
inst0 ch0:  R_CMD: ACTCMD    R_r0= 0x0a    at time   58127545 ps
inst0 ch0:  R_CMD: ACTCMD    R_f0= 0x1b    at time   58127959 ps
inst0 ch0:  R_CMD: ACTCMD    R_r1= 0x3f    at time   58128373 ps
inst0 ch0:  R_CMD: ACTCMD    R_f1= 0x3b    at time   58128787 ps
inst0 ch0:  C_CMD: WRCMD     C_r = 0x019   at time   58138309 ps
inst0 ch0:  C_CMD: WRCMD     C_f = 0x090   at time   58138723 ps
inst0 ch0:  R_CMD: ACTCMD    R_r0= 0x02    at time   58561417 ps
inst0 ch0:  R_CMD: ACTCMD    R_f0= 0x1b    at time   58561831 ps
inst0 ch0:  R_CMD: ACTCMD    R_r1= 0x3f    at time   58562245 ps
inst0 ch0:  R_CMD: ACTCMD    R_f1= 0x3b    at time   58562659 ps
inst0 ch0:  C_CMD: WRCMD     C_r = 0x009   at time   58572181 ps
inst0 ch0:  C_CMD: WRCMD     C_f = 0x080   at time   58572595 ps
inst0 ch0:  R_CMD: ACTCMD    R_r0= 0x0a    at time   58729501 ps
inst0 ch0:  R_CMD: ACTCMD    R_f0= 0x13    at time   58729915 ps
inst0 ch0:  R_CMD: ACTCMD    R_r1= 0x3f    at time   58730329 ps
inst0 ch0:  R_CMD: ACTCMD    R_f1= 0x3b    at time   58730743 ps
inst0 ch0:  C_CMD: WRCMD     C_r = 0x019   at time   58740265 ps
inst0 ch0:  C_CMD: WRCMD     C_f = 0x010   at time   58740679 ps
inst0 ch0:  R_CMD: ACTCMD    R_r0= 0x02    at time   59151781 ps
inst0 ch0:  R_CMD: ACTCMD    R_f0= 0x13    at time   59152195 ps
inst0 ch0:  R_CMD: ACTCMD    R_r1= 0x3f    at time   59152609 ps
inst0 ch0:  R_CMD: ACTCMD    R_f1= 0x3b    at time   59153023 ps
inst0 ch0:  C_CMD: WRCMD     C_r = 0x009   at time   59162545 ps
inst0 ch0:  C_CMD: WRCMD     C_f = 0x000   at time   59162959 ps
inst0 ch0:  R_CMD: ACTCMD    R_r0= 0x02    at time   60330025 ps
inst0 ch0:  R_CMD: ACTCMD    R_f0= 0x08    at time   60330439 ps
inst0 ch0:  R_CMD: ACTCMD    R_r1= 0x00    at time   60330853 ps
inst0 ch0:  R_CMD: ACTCMD    R_f1= 0x00    at time   60331267 ps
inst0 ch0:  C_CMD: RDCMD     C_r = 0x005   at time   60344929 ps
inst0 ch0:  C_CMD: RDCMD     C_f = 0x098   at time   60345343 ps
inst0 ch0:  C_CMD: RDCMD     C_r = 0x005   at time   60348241 ps
inst0 ch0:  C_CMD: RDCMD     C_f = 0x09a   at time   60348655 ps
inst0 ch0:  C_CMD: RDCMD     C_r = 0x005   at time   60351553 ps
inst0 ch0:  C_CMD: RDCMD     C_f = 0x090   at time   60351967 ps
inst0 ch0:  C_CMD: RDCMD     C_r = 0x005   at time   60354865 ps
inst0 ch0:  C_CMD: RDCMD     C_f = 0x092   at time   60355279 ps
inst0 ch0:  C_CMD: RDCMD     C_r = 0x005   at time   60358177 ps
inst0 ch0:  C_CMD: RDCMD     C_f = 0x088   at time   60358591 ps
inst0 ch0:  C_CMD: RDCMD     C_r = 0x005   at time   60361489 ps
inst0 ch0:  C_CMD: RDCMD     C_f = 0x08a   at time   60361903 ps
inst0 ch0:  C_CMD: RDCMD     C_r = 0x005   at time   60364801 ps
inst0 ch0:  C_CMD: RDCMD     C_f = 0x080   at time   60365215 ps
inst0 ch0:  C_CMD: RDCMD     C_r = 0x00d   at time   60368113 ps
inst0 ch0:  C_CMD: RDCMD     C_f = 0x082   at time   60368527 ps
inst0 ch0:  R_CMD: ACTCMD    R_r0= 0x02    at time   60434353 ps
inst0 ch0:  R_CMD: ACTCMD    R_f0= 0x00    at time   60434767 ps
inst0 ch0:  R_CMD: ACTCMD    R_r1= 0x00    at time   60435181 ps
inst0 ch0:  R_CMD: ACTCMD    R_f1= 0x00    at time   60435595 ps
inst0 ch0:  C_CMD: RDCMD     C_r = 0x005   at time   60449257 ps
inst0 ch0:  C_CMD: RDCMD     C_f = 0x018   at time   60449671 ps
inst0 ch0:  C_CMD: RDCMD     C_r = 0x005   at time   60452569 ps
inst0 ch0:  C_CMD: RDCMD     C_f = 0x01a   at time   60452983 ps
inst0 ch0:  C_CMD: RDCMD     C_r = 0x005   at time   60455881 ps
inst0 ch0:  C_CMD: RDCMD     C_f = 0x010   at time   60456295 ps
inst0 ch0:  C_CMD: RDCMD     C_r = 0x005   at time   60459193 ps
inst0 ch0:  C_CMD: RDCMD     C_f = 0x012   at time   60459607 ps
inst0 ch0:  C_CMD: RDCMD     C_r = 0x005   at time   60462505 ps
inst0 ch0:  C_CMD: RDCMD     C_f = 0x008   at time   60462919 ps
inst0 ch0:  C_CMD: RDCMD     C_r = 0x005   at time   60465817 ps
inst0 ch0:  C_CMD: RDCMD     C_f = 0x00a   at time   60466231 ps
inst0 ch0:  C_CMD: RDCMD     C_r = 0x005   at time   60469129 ps
inst0 ch0:  C_CMD: RDCMD     C_f = 0x000   at time   60469543 ps
inst0 ch0:  C_CMD: RDCMD     C_r = 0x00d   at time   60472441 ps
inst0 ch0:  C_CMD: RDCMD     C_f = 0x002   at time   60472855 ps
inst0 ch0:  R_CMD: ACTCMD    R_r0= 0x0a    at time   60520465 ps
inst0 ch0:  R_CMD: ACTCMD    R_f0= 0x08    at time   60520879 ps
inst0 ch0:  R_CMD: ACTCMD    R_r1= 0x00    at time   60521293 ps
inst0 ch0:  R_CMD: ACTCMD    R_f1= 0x00    at time   60521707 ps
inst0 ch0:  C_CMD: RDCMD     C_r = 0x015   at time   60535369 ps
inst0 ch0:  C_CMD: RDCMD     C_f = 0x098   at time   60535783 ps
inst0 ch0:  C_CMD: RDCMD     C_r = 0x015   at time   60538681 ps
inst0 ch0:  C_CMD: RDCMD     C_f = 0x09a   at time   60539095 ps
inst0 ch0:  C_CMD: RDCMD     C_r = 0x015   at time   60541993 ps
inst0 ch0:  C_CMD: RDCMD     C_f = 0x090   at time   60542407 ps
inst0 ch0:  C_CMD: RDCMD     C_r = 0x015   at time   60545305 ps
inst0 ch0:  C_CMD: RDCMD     C_f = 0x092   at time   60545719 ps
inst0 ch0:  C_CMD: RDCMD     C_r = 0x015   at time   60548617 ps
inst0 ch0:  C_CMD: RDCMD     C_f = 0x088   at time   60549031 ps
inst0 ch0:  C_CMD: RDCMD     C_r = 0x015   at time   60551929 ps
inst0 ch0:  C_CMD: RDCMD     C_f = 0x08a   at time   60552343 ps
inst0 ch0:  C_CMD: RDCMD     C_r = 0x015   at time   60555241 ps
inst0 ch0:  C_CMD: RDCMD     C_f = 0x080   at time   60555655 ps
inst0 ch0:  C_CMD: RDCMD     C_r = 0x01d   at time   60558553 ps
inst0 ch0:  C_CMD: RDCMD     C_f = 0x082   at time   60558967 ps
inst0 ch0:  R_CMD: ACTCMD    R_r0= 0x0a    at time   60611545 ps
inst0 ch0:  R_CMD: ACTCMD    R_f0= 0x00    at time   60611959 ps
inst0 ch0:  R_CMD: ACTCMD    R_r1= 0x00    at time   60612373 ps
inst0 ch0:  R_CMD: ACTCMD    R_f1= 0x00    at time   60612787 ps
inst0 ch0:  C_CMD: RDCMD     C_r = 0x015   at time   60626449 ps
inst0 ch0:  C_CMD: RDCMD     C_f = 0x018   at time   60626863 ps
inst0 ch0:  C_CMD: RDCMD     C_r = 0x015   at time   60629761 ps
inst0 ch0:  C_CMD: RDCMD     C_f = 0x01a   at time   60630175 ps
inst0 ch0:  C_CMD: RDCMD     C_r = 0x015   at time   60633073 ps
inst0 ch0:  C_CMD: RDCMD     C_f = 0x010   at time   60633487 ps
inst0 ch0:  C_CMD: RDCMD     C_r = 0x015   at time   60636385 ps
inst0 ch0:  C_CMD: RDCMD     C_f = 0x012   at time   60636799 ps
inst0 ch0:  C_CMD: RDCMD     C_r = 0x015   at time   60639697 ps
inst0 ch0:  C_CMD: RDCMD     C_f = 0x008   at time   60640111 ps
inst0 ch0:  C_CMD: RDCMD     C_r = 0x015   at time   60643009 ps
inst0 ch0:  C_CMD: RDCMD     C_f = 0x00a   at time   60643423 ps
inst0 ch0:  C_CMD: RDCMD     C_r = 0x015   at time   60646321 ps
inst0 ch0:  C_CMD: RDCMD     C_f = 0x000   at time   60646735 ps
inst0 ch0:  C_CMD: RDCMD     C_r = 0x01d   at time   60649633 ps
inst0 ch0:  C_CMD: RDCMD     C_f = 0x002   at time   60650047 ps
inst0 ch0:  R_CMD: ACTCMD    R_r0= 0x0a    at time   60853321 ps
inst0 ch0:  R_CMD: ACTCMD    R_f0= 0x08    at time   60853735 ps
inst0 ch0:  R_CMD: ACTCMD    R_r1= 0x00    at time   60854149 ps
inst0 ch0:  R_CMD: ACTCMD    R_f1= 0x00    at time   60854563 ps
inst0 ch0:  C_CMD: WRCMD     C_r = 0x011   at time   60864085 ps
inst0 ch0:  C_CMD: WRCMD     C_f = 0x0b8   at time   60864499 ps
inst0 ch0:  C_CMD: WRCMD     C_r = 0x011   at time   60867397 ps
inst0 ch0:  C_CMD: WRCMD     C_f = 0x0ba   at time   60867811 ps
inst0 ch0:  C_CMD: WRCMD     C_r = 0x011   at time   60870709 ps
inst0 ch0:  C_CMD: WRCMD     C_f = 0x0b0   at time   60871123 ps
inst0 ch0:  C_CMD: WRCMD     C_r = 0x011   at time   60874021 ps
inst0 ch0:  C_CMD: WRCMD     C_f = 0x0b2   at time   60874435 ps
inst0 ch0:  C_CMD: WRCMD     C_r = 0x011   at time   60877333 ps
inst0 ch0:  C_CMD: WRCMD     C_f = 0x0a8   at time   60877747 ps
inst0 ch0:  C_CMD: WRCMD     C_r = 0x011   at time   60880645 ps
inst0 ch0:  C_CMD: WRCMD     C_f = 0x0aa   at time   60881059 ps
inst0 ch0:  C_CMD: WRCMD     C_r = 0x011   at time   60883957 ps
inst0 ch0:  C_CMD: WRCMD     C_f = 0x0a0   at time   60884371 ps
inst0 ch0:  C_CMD: WRCMD     C_r = 0x019   at time   60887269 ps
inst0 ch0:  C_CMD: WRCMD     C_f = 0x0a2   at time   60887683 ps
inst0 ch0:  R_CMD: ACTCMD    R_r0= 0x0a    at time   61004017 ps
inst0 ch0:  R_CMD: ACTCMD    R_f0= 0x00    at time   61004431 ps
inst0 ch0:  R_CMD: ACTCMD    R_r1= 0x00    at time   61004845 ps
inst0 ch0:  R_CMD: ACTCMD    R_f1= 0x00    at time   61005259 ps
inst0 ch0:  C_CMD: WRCMD     C_r = 0x011   at time   61014781 ps
inst0 ch0:  C_CMD: WRCMD     C_f = 0x038   at time   61015195 ps
inst0 ch0:  C_CMD: WRCMD     C_r = 0x011   at time   61018093 ps
inst0 ch0:  C_CMD: WRCMD     C_f = 0x03a   at time   61018507 ps
inst0 ch0:  C_CMD: WRCMD     C_r = 0x011   at time   61021405 ps
inst0 ch0:  C_CMD: WRCMD     C_f = 0x030   at time   61021819 ps
inst0 ch0:  C_CMD: WRCMD     C_r = 0x011   at time   61024717 ps
inst0 ch0:  C_CMD: WRCMD     C_f = 0x032   at time   61025131 ps
inst0 ch0:  C_CMD: WRCMD     C_r = 0x011   at time   61028029 ps
inst0 ch0:  C_CMD: WRCMD     C_f = 0x028   at time   61028443 ps
inst0 ch0:  C_CMD: WRCMD     C_r = 0x011   at time   61031341 ps
inst0 ch0:  C_CMD: WRCMD     C_f = 0x02a   at time   61031755 ps
inst0 ch0:  C_CMD: WRCMD     C_r = 0x011   at time   61034653 ps
inst0 ch0:  C_CMD: WRCMD     C_f = 0x020   at time   61035067 ps
inst0 ch0:  C_CMD: WRCMD     C_r = 0x019   at time   61037965 ps
inst0 ch0:  C_CMD: WRCMD     C_f = 0x022   at time   61038379 ps
inst0 ch0:  R_CMD: ACTCMD    R_r0= 0x02    at time   61951249 ps
inst0 ch0:  R_CMD: ACTCMD    R_f0= 0x1b    at time   61951663 ps
inst0 ch0:  R_CMD: ACTCMD    R_r1= 0x3f    at time   61952077 ps
inst0 ch0:  R_CMD: ACTCMD    R_f1= 0x3b    at time   61952491 ps
inst0 ch0:  C_CMD: WRCMD     C_r = 0x009   at time   61962013 ps
inst0 ch0:  C_CMD: WRCMD     C_f = 0x080   at time   61962427 ps
inst0 ch0:  R_CMD: ACTCMD    R_r0= 0x02    at time   62142517 ps
inst0 ch0:  R_CMD: ACTCMD    R_f0= 0x13    at time   62142931 ps
inst0 ch0:  R_CMD: ACTCMD    R_r1= 0x3f    at time   62143345 ps
inst0 ch0:  R_CMD: ACTCMD    R_f1= 0x3b    at time   62143759 ps
inst0 ch0:  C_CMD: WRCMD     C_r = 0x009   at time   62153281 ps
inst0 ch0:  C_CMD: WRCMD     C_f = 0x000   at time   62153695 ps
inst0 ch0:  R_CMD: ACTCMD    R_r0= 0x0a    at time   62472889 ps
inst0 ch0:  R_CMD: ACTCMD    R_f0= 0x19    at time   62473303 ps
inst0 ch0:  R_CMD: ACTCMD    R_r1= 0x3f    at time   62473717 ps
inst0 ch0:  R_CMD: ACTCMD    R_f1= 0x3b    at time   62474131 ps
inst0 ch0:  R_CMD: ACTCMD    R_r0= 0x02    at time   62477029 ps
inst0 ch0:  R_CMD: ACTCMD    R_f0= 0x19    at time   62477443 ps
inst0 ch0:  R_CMD: ACTCMD    R_r1= 0x3f    at time   62477857 ps
inst0 ch0:  R_CMD: ACTCMD    R_f1= 0x3b    at time   62478271 ps
inst0 ch0:  C_CMD: WRCMD     C_r = 0x019   at time   62483653 ps
inst0 ch0:  C_CMD: WRCMD     C_f = 0x0fa   at time   62484067 ps
inst0 ch0:  C_CMD: WRCMD     C_r = 0x009   at time   62487793 ps
inst0 ch0:  C_CMD: WRCMD     C_f = 0x0fa   at time   62488207 ps
inst0 ch0:  R_CMD: ACTCMD    R_r0= 0x0a    at time   62648425 ps
inst0 ch0:  R_CMD: ACTCMD    R_f0= 0x0a    at time   62648839 ps
inst0 ch0:  R_CMD: ACTCMD    R_r1= 0x00    at time   62649253 ps
inst0 ch0:  R_CMD: ACTCMD    R_f1= 0x00    at time   62649667 ps
inst0 ch0:  R_CMD: ACTCMD    R_r0= 0x02    at time   62652565 ps
inst0 ch0:  R_CMD: ACTCMD    R_f0= 0x0a    at time   62652979 ps
inst0 ch0:  R_CMD: ACTCMD    R_r1= 0x00    at time   62653393 ps
inst0 ch0:  R_CMD: ACTCMD    R_f1= 0x00    at time   62653807 ps
inst0 ch0:  R_CMD: ACTCMD    R_r0= 0x0a    at time   62656705 ps
inst0 ch0:  R_CMD: ACTCMD    R_f0= 0x11    at time   62657119 ps
inst0 ch0:  R_CMD: ACTCMD    R_r1= 0x3f    at time   62657533 ps
inst0 ch0:  R_CMD: ACTCMD    R_f1= 0x3b    at time   62657947 ps
inst0 ch0:  R_CMD: ACTCMD    R_r0= 0x02    at time   62660845 ps
inst0 ch0:  R_CMD: ACTCMD    R_f0= 0x11    at time   62661259 ps
inst0 ch0:  R_CMD: ACTCMD    R_r1= 0x3f    at time   62661673 ps
inst0 ch0:  R_CMD: ACTCMD    R_f1= 0x3b    at time   62662087 ps
inst0 ch0:  C_CMD: RDCMD     C_r = 0x015   at time   62663329 ps
inst0 ch0:  C_CMD: RDCMD     C_f = 0x080   at time   62663743 ps
inst0 ch0:  C_CMD: RDCMD     C_r = 0x01d   at time   62666641 ps
inst0 ch0:  C_CMD: RDCMD     C_f = 0x082   at time   62667055 ps
inst0 ch0:  C_CMD: WRCMD     C_r = 0x019   at time   62667469 ps
inst0 ch0:  C_CMD: WRCMD     C_f = 0x07a   at time   62667883 ps
inst0 ch0:  C_CMD: RDCMD     C_r = 0x005   at time   62669953 ps
inst0 ch0:  C_CMD: RDCMD     C_f = 0x080   at time   62670367 ps
inst0 ch0:  C_CMD: WRCMD     C_r = 0x009   at time   62671609 ps
inst0 ch0:  C_CMD: WRCMD     C_f = 0x07a   at time   62672023 ps
inst0 ch0:  C_CMD: RDCMD     C_r = 0x00d   at time   62673265 ps
inst0 ch0:  C_CMD: RDCMD     C_f = 0x082   at time   62673679 ps
inst0 ch0:  R_CMD: ACTCMD    R_r0= 0x0a    at time   62746129 ps
inst0 ch0:  R_CMD: ACTCMD    R_f0= 0x02    at time   62746543 ps
inst0 ch0:  R_CMD: ACTCMD    R_r1= 0x00    at time   62746957 ps
inst0 ch0:  R_CMD: ACTCMD    R_f1= 0x00    at time   62747371 ps
inst0 ch0:  R_CMD: ACTCMD    R_r0= 0x02    at time   62750269 ps
inst0 ch0:  R_CMD: ACTCMD    R_f0= 0x02    at time   62750683 ps
inst0 ch0:  R_CMD: ACTCMD    R_r1= 0x00    at time   62751097 ps
inst0 ch0:  R_CMD: ACTCMD    R_f1= 0x00    at time   62751511 ps
inst0 ch0:  C_CMD: RDCMD     C_r = 0x015   at time   62761033 ps
inst0 ch0:  C_CMD: RDCMD     C_f = 0x000   at time   62761447 ps
inst0 ch0:  C_CMD: RDCMD     C_r = 0x01d   at time   62764345 ps
inst0 ch0:  C_CMD: RDCMD     C_f = 0x002   at time   62764759 ps
inst0 ch0:  C_CMD: RDCMD     C_r = 0x005   at time   62767657 ps
inst0 ch0:  C_CMD: RDCMD     C_f = 0x000   at time   62768071 ps
inst0 ch0:  C_CMD: RDCMD     C_r = 0x00d   at time   62770969 ps
inst0 ch0:  C_CMD: RDCMD     C_f = 0x002   at time   62771383 ps
