inst0 ch0:  R_CMD: ACTCMD    R_r0= 0x0e    at time   33400981 ps
inst0 ch0:  R_CMD: ACTCMD    R_f0= 0x28    at time   33401395 ps
inst0 ch0:  R_CMD: ACTCMD    R_r1= 0x00    at time   33401809 ps
inst0 ch0:  R_CMD: ACTCMD    R_f1= 0x02    at time   33402223 ps
inst0 ch0:  R_CMD: ACTCMD    R_r0= 0x0e    at time   33402637 ps
inst0 ch0:  R_CMD: ACTCMD    R_f0= 0x20    at time   33403051 ps
inst0 ch0:  R_CMD: ACTCMD    R_r1= 0x00    at time   33403465 ps
inst0 ch0:  R_CMD: ACTCMD    R_f1= 0x02    at time   33403879 ps
inst0 ch0:  C_CMD: RDCMD     C_r = 0x095   at time   33415885 ps
inst0 ch0:  C_CMD: RDCMD     C_f = 0x0a9   at time   33416299 ps
inst0 ch0:  C_CMD: RDCMD     C_r = 0x095   at time   33417541 ps
inst0 ch0:  C_CMD: RDCMD     C_f = 0x029   at time   33417955 ps
inst0 ch0:  C_CMD: RDCMD     C_r = 0x095   at time   33419197 ps
inst0 ch0:  C_CMD: RDCMD     C_f = 0x0ab   at time   33419611 ps
inst0 ch0:  C_CMD: RDCMD     C_r = 0x095   at time   33420853 ps
inst0 ch0:  C_CMD: RDCMD     C_f = 0x02b   at time   33421267 ps
inst0 ch0:  C_CMD: RDCMD     C_r = 0x095   at time   33422509 ps
inst0 ch0:  C_CMD: RDCMD     C_f = 0x0a1   at time   33422923 ps
inst0 ch0:  C_CMD: RDCMD     C_r = 0x095   at time   33424165 ps
inst0 ch0:  C_CMD: RDCMD     C_f = 0x021   at time   33424579 ps
inst0 ch0:  C_CMD: RDCMD     C_r = 0x09d   at time   33425821 ps
inst0 ch0:  C_CMD: RDCMD     C_f = 0x0a3   at time   33426235 ps
inst0 ch0:  C_CMD: RDCMD     C_r = 0x09d   at time   33427477 ps
inst0 ch0:  C_CMD: RDCMD     C_f = 0x023   at time   33427891 ps
inst0 ch0:  R_CMD: ACTCMD    R_r0= 0x0e    at time   33471361 ps
inst0 ch0:  R_CMD: ACTCMD    R_f0= 0x28    at time   33471775 ps
inst0 ch0:  R_CMD: ACTCMD    R_r1= 0x00    at time   33472189 ps
inst0 ch0:  R_CMD: ACTCMD    R_f1= 0x02    at time   33472603 ps
inst0 ch0:  R_CMD: ACTCMD    R_r0= 0x0e    at time   33473845 ps
inst0 ch0:  R_CMD: ACTCMD    R_f0= 0x20    at time   33474259 ps
inst0 ch0:  R_CMD: ACTCMD    R_r1= 0x00    at time   33474673 ps
inst0 ch0:  R_CMD: ACTCMD    R_f1= 0x02    at time   33475087 ps
inst0 ch0:  C_CMD: WRCMD     C_r = 0x091   at time   33482125 ps
inst0 ch0:  C_CMD: WRCMD     C_f = 0x0a9   at time   33482539 ps
inst0 ch0:  C_CMD: WRCMD     C_r = 0x091   at time   33484609 ps
inst0 ch0:  C_CMD: WRCMD     C_f = 0x029   at time   33485023 ps
inst0 ch0:  C_CMD: WRCMD     C_r = 0x091   at time   33485437 ps
inst0 ch0:  C_CMD: WRCMD     C_f = 0x0ab   at time   33485851 ps
inst0 ch0:  C_CMD: WRCMD     C_r = 0x091   at time   33487921 ps
inst0 ch0:  C_CMD: WRCMD     C_f = 0x02b   at time   33488335 ps
inst0 ch0:  C_CMD: WRCMD     C_r = 0x091   at time   33488749 ps
inst0 ch0:  C_CMD: WRCMD     C_f = 0x0a1   at time   33489163 ps
inst0 ch0:  C_CMD: WRCMD     C_r = 0x091   at time   33491233 ps
inst0 ch0:  C_CMD: WRCMD     C_f = 0x021   at time   33491647 ps
inst0 ch0:  C_CMD: WRCMD     C_r = 0x099   at time   33492061 ps
inst0 ch0:  C_CMD: WRCMD     C_f = 0x0a3   at time   33492475 ps
inst0 ch0:  C_CMD: WRCMD     C_r = 0x099   at time   33494545 ps
inst0 ch0:  C_CMD: WRCMD     C_f = 0x023   at time   33494959 ps
inst0 ch0:  R_CMD: ACTCMD    R_r0= 0x2e    at time   54518293 ps
inst0 ch0:  R_CMD: ACTCMD    R_f0= 0x28    at time   54518707 ps
inst0 ch0:  R_CMD: ACTCMD    R_r1= 0x00    at time   54519121 ps
inst0 ch0:  R_CMD: ACTCMD    R_f1= 0x02    at time   54519535 ps
inst0 ch0:  R_CMD: ACTCMD    R_r0= 0x2e    at time   54520777 ps
inst0 ch0:  R_CMD: ACTCMD    R_f0= 0x20    at time   54521191 ps
inst0 ch0:  R_CMD: ACTCMD    R_r1= 0x00    at time   54521605 ps
inst0 ch0:  R_CMD: ACTCMD    R_f1= 0x02    at time   54522019 ps
inst0 ch0:  C_CMD: RDCMD     C_r = 0x0d5   at time   54533197 ps
inst0 ch0:  C_CMD: RDCMD     C_f = 0x0a9   at time   54533611 ps
inst0 ch0:  C_CMD: RDCMD     C_r = 0x0d5   at time   54535681 ps
inst0 ch0:  C_CMD: RDCMD     C_f = 0x029   at time   54536095 ps
inst0 ch0:  C_CMD: RDCMD     C_r = 0x0d5   at time   54536509 ps
inst0 ch0:  C_CMD: RDCMD     C_f = 0x0ab   at time   54536923 ps
inst0 ch0:  C_CMD: RDCMD     C_r = 0x0d5   at time   54538993 ps
inst0 ch0:  C_CMD: RDCMD     C_f = 0x02b   at time   54539407 ps
inst0 ch0:  C_CMD: RDCMD     C_r = 0x0d5   at time   54539821 ps
inst0 ch0:  C_CMD: RDCMD     C_f = 0x0a1   at time   54540235 ps
inst0 ch0:  C_CMD: RDCMD     C_r = 0x0d5   at time   54542305 ps
inst0 ch0:  C_CMD: RDCMD     C_f = 0x021   at time   54542719 ps
inst0 ch0:  C_CMD: RDCMD     C_r = 0x0dd   at time   54543133 ps
inst0 ch0:  C_CMD: RDCMD     C_f = 0x0a3   at time   54543547 ps
inst0 ch0:  C_CMD: RDCMD     C_r = 0x0dd   at time   54545617 ps
inst0 ch0:  C_CMD: RDCMD     C_f = 0x023   at time   54546031 ps
inst0 ch0:  R_CMD: ACTCMD    R_r0= 0x2e    at time   54655741 ps
inst0 ch0:  R_CMD: ACTCMD    R_f0= 0x28    at time   54656155 ps
inst0 ch0:  R_CMD: ACTCMD    R_r1= 0x00    at time   54656569 ps
inst0 ch0:  R_CMD: ACTCMD    R_f1= 0x02    at time   54656983 ps
inst0 ch0:  R_CMD: ACTCMD    R_r0= 0x2e    at time   54657397 ps
inst0 ch0:  R_CMD: ACTCMD    R_f0= 0x20    at time   54657811 ps
inst0 ch0:  R_CMD: ACTCMD    R_r1= 0x00    at time   54658225 ps
inst0 ch0:  R_CMD: ACTCMD    R_f1= 0x02    at time   54658639 ps
inst0 ch0:  C_CMD: WRCMD     C_r = 0x0d1   at time   54666505 ps
inst0 ch0:  C_CMD: WRCMD     C_f = 0x0a9   at time   54666919 ps
inst0 ch0:  C_CMD: WRCMD     C_r = 0x0d1   at time   54668161 ps
inst0 ch0:  C_CMD: WRCMD     C_f = 0x029   at time   54668575 ps
inst0 ch0:  C_CMD: WRCMD     C_r = 0x0d1   at time   54669817 ps
inst0 ch0:  C_CMD: WRCMD     C_f = 0x0ab   at time   54670231 ps
inst0 ch0:  C_CMD: WRCMD     C_r = 0x0d1   at time   54671473 ps
inst0 ch0:  C_CMD: WRCMD     C_f = 0x02b   at time   54671887 ps
inst0 ch0:  C_CMD: WRCMD     C_r = 0x0d1   at time   54673129 ps
inst0 ch0:  C_CMD: WRCMD     C_f = 0x0a1   at time   54673543 ps
inst0 ch0:  C_CMD: WRCMD     C_r = 0x0d1   at time   54674785 ps
inst0 ch0:  C_CMD: WRCMD     C_f = 0x021   at time   54675199 ps
inst0 ch0:  C_CMD: WRCMD     C_r = 0x0d9   at time   54676441 ps
inst0 ch0:  C_CMD: WRCMD     C_f = 0x0a3   at time   54676855 ps
inst0 ch0:  C_CMD: WRCMD     C_r = 0x0d9   at time   54678097 ps
inst0 ch0:  C_CMD: WRCMD     C_f = 0x023   at time   54678511 ps
inst0 ch0:  R_CMD: ACTCMD    R_r0= 0x22    at time  124803901 ps
inst0 ch0:  R_CMD: ACTCMD    R_f0= 0x22    at time  124804315 ps
inst0 ch0:  R_CMD: ACTCMD    R_r1= 0x00    at time  124804729 ps
inst0 ch0:  R_CMD: ACTCMD    R_f1= 0x00    at time  124805143 ps
inst0 ch0:  R_CMD: ACTCMD    R_r0= 0x22    at time  124805557 ps
inst0 ch0:  R_CMD: ACTCMD    R_f0= 0x2a    at time  124805971 ps
inst0 ch0:  R_CMD: ACTCMD    R_r1= 0x00    at time  124806385 ps
inst0 ch0:  R_CMD: ACTCMD    R_f1= 0x00    at time  124806799 ps
inst0 ch0:  R_CMD: ACTCMD    R_r0= 0x02    at time  124808041 ps
inst0 ch0:  R_CMD: ACTCMD    R_f0= 0x22    at time  124808455 ps
inst0 ch0:  R_CMD: ACTCMD    R_r1= 0x00    at time  124808869 ps
inst0 ch0:  R_CMD: ACTCMD    R_f1= 0x00    at time  124809283 ps
inst0 ch0:  R_CMD: ACTCMD    R_r0= 0x02    at time  124809697 ps
inst0 ch0:  R_CMD: ACTCMD    R_f0= 0x2a    at time  124810111 ps
inst0 ch0:  R_CMD: ACTCMD    R_r1= 0x00    at time  124810525 ps
inst0 ch0:  R_CMD: ACTCMD    R_f1= 0x00    at time  124810939 ps
inst0 ch0:  R_CMD: ACTCMD    R_r0= 0x22    at time  124812181 ps
inst0 ch0:  R_CMD: ACTCMD    R_f0= 0x02    at time  124812595 ps
inst0 ch0:  R_CMD: ACTCMD    R_r1= 0x00    at time  124813009 ps
inst0 ch0:  R_CMD: ACTCMD    R_f1= 0x00    at time  124813423 ps
inst0 ch0:  R_CMD: ACTCMD    R_r0= 0x22    at time  124813837 ps
inst0 ch0:  R_CMD: ACTCMD    R_f0= 0x0a    at time  124814251 ps
inst0 ch0:  R_CMD: ACTCMD    R_r1= 0x00    at time  124814665 ps
inst0 ch0:  R_CMD: ACTCMD    R_f1= 0x00    at time  124815079 ps
inst0 ch0:  R_CMD: ACTCMD    R_r0= 0x02    at time  124816321 ps
inst0 ch0:  R_CMD: ACTCMD    R_f0= 0x02    at time  124816735 ps
inst0 ch0:  R_CMD: ACTCMD    R_r1= 0x00    at time  124817149 ps
inst0 ch0:  R_CMD: ACTCMD    R_f1= 0x00    at time  124817563 ps
inst0 ch0:  R_CMD: ACTCMD    R_r0= 0x02    at time  124817977 ps
inst0 ch0:  R_CMD: ACTCMD    R_f0= 0x0a    at time  124818391 ps
inst0 ch0:  R_CMD: ACTCMD    R_r1= 0x00    at time  124818805 ps
inst0 ch0:  C_CMD: RDCMD     C_r = 0x0c5   at time  124818805 ps
inst0 ch0:  R_CMD: ACTCMD    R_f1= 0x00    at time  124819219 ps
inst0 ch0:  C_CMD: RDCMD     C_f = 0x000   at time  124819219 ps
inst0 ch0:  C_CMD: RDCMD     C_r = 0x0c5   at time  124820461 ps
inst0 ch0:  C_CMD: RDCMD     C_f = 0x080   at time  124820875 ps
inst0 ch0:  C_CMD: RDCMD     C_r = 0x0cd   at time  124822117 ps
inst0 ch0:  C_CMD: RDCMD     C_f = 0x002   at time  124822531 ps
inst0 ch0:  C_CMD: RDCMD     C_r = 0x085   at time  124823773 ps
inst0 ch0:  C_CMD: RDCMD     C_f = 0x000   at time  124824187 ps
inst0 ch0:  C_CMD: RDCMD     C_r = 0x0cd   at time  124824601 ps
inst0 ch0:  C_CMD: RDCMD     C_f = 0x082   at time  124825015 ps
inst0 ch0:  C_CMD: RDCMD     C_r = 0x085   at time  124826257 ps
inst0 ch0:  C_CMD: RDCMD     C_f = 0x080   at time  124826671 ps
inst0 ch0:  C_CMD: RDCMD     C_r = 0x08d   at time  124827085 ps
inst0 ch0:  C_CMD: RDCMD     C_f = 0x002   at time  124827499 ps
inst0 ch0:  C_CMD: RDCMD     C_r = 0x045   at time  124828741 ps
inst0 ch0:  C_CMD: RDCMD     C_f = 0x000   at time  124829155 ps
inst0 ch0:  C_CMD: RDCMD     C_r = 0x08d   at time  124829569 ps
inst0 ch0:  C_CMD: RDCMD     C_f = 0x082   at time  124829983 ps
inst0 ch0:  C_CMD: RDCMD     C_r = 0x005   at time  124831225 ps
inst0 ch0:  C_CMD: RDCMD     C_f = 0x000   at time  124831639 ps
inst0 ch0:  C_CMD: RDCMD     C_r = 0x045   at time  124832053 ps
inst0 ch0:  C_CMD: RDCMD     C_f = 0x080   at time  124832467 ps
inst0 ch0:  C_CMD: RDCMD     C_r = 0x04d   at time  124832881 ps
inst0 ch0:  C_CMD: RDCMD     C_f = 0x002   at time  124833295 ps
inst0 ch0:  C_CMD: RDCMD     C_r = 0x005   at time  124833709 ps
inst0 ch0:  C_CMD: RDCMD     C_f = 0x080   at time  124834123 ps
inst0 ch0:  C_CMD: RDCMD     C_r = 0x00d   at time  124834537 ps
inst0 ch0:  C_CMD: RDCMD     C_f = 0x002   at time  124834951 ps
inst0 ch0:  C_CMD: RDCMD     C_r = 0x04d   at time  124835365 ps
inst0 ch0:  C_CMD: RDCMD     C_f = 0x082   at time  124835779 ps
inst0 ch0:  C_CMD: RDCMD     C_r = 0x00d   at time  124837021 ps
inst0 ch0:  C_CMD: RDCMD     C_f = 0x082   at time  124837435 ps
inst0 ch0:  R_CMD: ACTCMD    R_r0= 0x2a    at time  125298217 ps
inst0 ch0:  R_CMD: ACTCMD    R_f0= 0x22    at time  125298631 ps
inst0 ch0:  R_CMD: ACTCMD    R_r1= 0x00    at time  125299045 ps
inst0 ch0:  R_CMD: ACTCMD    R_f1= 0x00    at time  125299459 ps
inst0 ch0:  R_CMD: ACTCMD    R_r0= 0x0a    at time  125303185 ps
inst0 ch0:  R_CMD: ACTCMD    R_f0= 0x22    at time  125303599 ps
inst0 ch0:  R_CMD: ACTCMD    R_r1= 0x00    at time  125304013 ps
inst0 ch0:  R_CMD: ACTCMD    R_f1= 0x00    at time  125304427 ps
inst0 ch0:  R_CMD: ACTCMD    R_r0= 0x2a    at time  125304841 ps
inst0 ch0:  R_CMD: ACTCMD    R_f0= 0x2a    at time  125305255 ps
inst0 ch0:  R_CMD: ACTCMD    R_r1= 0x00    at time  125305669 ps
inst0 ch0:  R_CMD: ACTCMD    R_f1= 0x00    at time  125306083 ps
inst0 ch0:  R_CMD: ACTCMD    R_r0= 0x2a    at time  125307325 ps
inst0 ch0:  R_CMD: ACTCMD    R_f0= 0x02    at time  125307739 ps
inst0 ch0:  R_CMD: ACTCMD    R_r1= 0x00    at time  125308153 ps
inst0 ch0:  R_CMD: ACTCMD    R_f1= 0x00    at time  125308567 ps
inst0 ch0:  R_CMD: ACTCMD    R_r0= 0x0a    at time  125308981 ps
inst0 ch0:  R_CMD: ACTCMD    R_f0= 0x2a    at time  125309395 ps
inst0 ch0:  R_CMD: ACTCMD    R_r1= 0x00    at time  125309809 ps
inst0 ch0:  R_CMD: ACTCMD    R_f1= 0x00    at time  125310223 ps
inst0 ch0:  R_CMD: ACTCMD    R_r0= 0x0a    at time  125311465 ps
inst0 ch0:  R_CMD: ACTCMD    R_f0= 0x02    at time  125311879 ps
inst0 ch0:  R_CMD: ACTCMD    R_r1= 0x00    at time  125312293 ps
inst0 ch0:  R_CMD: ACTCMD    R_f1= 0x00    at time  125312707 ps
inst0 ch0:  R_CMD: ACTCMD    R_r0= 0x2a    at time  125313121 ps
inst0 ch0:  C_CMD: RDCMD     C_r = 0x0d5   at time  125313121 ps
inst0 ch0:  R_CMD: ACTCMD    R_f0= 0x0a    at time  125313535 ps
inst0 ch0:  C_CMD: RDCMD     C_f = 0x000   at time  125313535 ps
inst0 ch0:  R_CMD: ACTCMD    R_r1= 0x00    at time  125313949 ps
inst0 ch0:  R_CMD: ACTCMD    R_f1= 0x00    at time  125314363 ps
inst0 ch0:  C_CMD: RDCMD     C_r = 0x0dd   at time  125316433 ps
inst0 ch0:  C_CMD: RDCMD     C_f = 0x002   at time  125316847 ps
inst0 ch0:  R_CMD: ACTCMD    R_r0= 0x0a    at time  125317261 ps
inst0 ch0:  R_CMD: ACTCMD    R_f0= 0x0a    at time  125317675 ps
inst0 ch0:  R_CMD: ACTCMD    R_r1= 0x00    at time  125318089 ps
inst0 ch0:  C_CMD: RDCMD     C_r = 0x095   at time  125318089 ps
inst0 ch0:  R_CMD: ACTCMD    R_f1= 0x00    at time  125318503 ps
inst0 ch0:  C_CMD: RDCMD     C_f = 0x000   at time  125318503 ps
inst0 ch0:  C_CMD: RDCMD     C_r = 0x0d5   at time  125319745 ps
inst0 ch0:  C_CMD: RDCMD     C_f = 0x080   at time  125320159 ps
inst0 ch0:  C_CMD: RDCMD     C_r = 0x09d   at time  125321401 ps
inst0 ch0:  C_CMD: RDCMD     C_f = 0x002   at time  125321815 ps
inst0 ch0:  C_CMD: RDCMD     C_r = 0x055   at time  125323057 ps
inst0 ch0:  C_CMD: RDCMD     C_f = 0x000   at time  125323471 ps
inst0 ch0:  C_CMD: RDCMD     C_r = 0x0dd   at time  125323885 ps
inst0 ch0:  C_CMD: RDCMD     C_f = 0x082   at time  125324299 ps
inst0 ch0:  C_CMD: RDCMD     C_r = 0x095   at time  125325541 ps
inst0 ch0:  C_CMD: RDCMD     C_f = 0x080   at time  125325955 ps
inst0 ch0:  C_CMD: RDCMD     C_r = 0x05d   at time  125326369 ps
inst0 ch0:  C_CMD: RDCMD     C_f = 0x002   at time  125326783 ps
inst0 ch0:  C_CMD: RDCMD     C_r = 0x015   at time  125328025 ps
inst0 ch0:  C_CMD: RDCMD     C_f = 0x000   at time  125328439 ps
inst0 ch0:  C_CMD: RDCMD     C_r = 0x09d   at time  125328853 ps
inst0 ch0:  C_CMD: RDCMD     C_f = 0x082   at time  125329267 ps
inst0 ch0:  C_CMD: RDCMD     C_r = 0x055   at time  125330509 ps
inst0 ch0:  C_CMD: RDCMD     C_f = 0x080   at time  125330923 ps
inst0 ch0:  C_CMD: RDCMD     C_r = 0x01d   at time  125331337 ps
inst0 ch0:  C_CMD: RDCMD     C_f = 0x002   at time  125331751 ps
inst0 ch0:  C_CMD: RDCMD     C_r = 0x015   at time  125332165 ps
inst0 ch0:  C_CMD: RDCMD     C_f = 0x080   at time  125332579 ps
inst0 ch0:  C_CMD: RDCMD     C_r = 0x05d   at time  125333821 ps
inst0 ch0:  C_CMD: RDCMD     C_f = 0x082   at time  125334235 ps
inst0 ch0:  C_CMD: RDCMD     C_r = 0x01d   at time  125335477 ps
inst0 ch0:  C_CMD: RDCMD     C_f = 0x082   at time  125335891 ps
inst0 ch0:  R_CMD: ACTCMD    R_r0= 0x32    at time  125799985 ps
inst0 ch0:  R_CMD: ACTCMD    R_f0= 0x22    at time  125800399 ps
inst0 ch0:  R_CMD: ACTCMD    R_r1= 0x00    at time  125800813 ps
inst0 ch0:  R_CMD: ACTCMD    R_f1= 0x00    at time  125801227 ps
inst0 ch0:  R_CMD: ACTCMD    R_r0= 0x32    at time  125803297 ps
inst0 ch0:  R_CMD: ACTCMD    R_f0= 0x2a    at time  125803711 ps
inst0 ch0:  R_CMD: ACTCMD    R_r1= 0x00    at time  125804125 ps
inst0 ch0:  R_CMD: ACTCMD    R_f1= 0x00    at time  125804539 ps
inst0 ch0:  R_CMD: ACTCMD    R_r0= 0x12    at time  125804953 ps
inst0 ch0:  R_CMD: ACTCMD    R_f0= 0x22    at time  125805367 ps
inst0 ch0:  R_CMD: ACTCMD    R_r1= 0x00    at time  125805781 ps
inst0 ch0:  R_CMD: ACTCMD    R_f1= 0x00    at time  125806195 ps
inst0 ch0:  R_CMD: ACTCMD    R_r0= 0x12    at time  125807437 ps
inst0 ch0:  R_CMD: ACTCMD    R_f0= 0x2a    at time  125807851 ps
inst0 ch0:  R_CMD: ACTCMD    R_r1= 0x00    at time  125808265 ps
inst0 ch0:  R_CMD: ACTCMD    R_f1= 0x00    at time  125808679 ps
inst0 ch0:  R_CMD: ACTCMD    R_r0= 0x32    at time  125809093 ps
inst0 ch0:  R_CMD: ACTCMD    R_f0= 0x02    at time  125809507 ps
inst0 ch0:  R_CMD: ACTCMD    R_r1= 0x00    at time  125809921 ps
inst0 ch0:  R_CMD: ACTCMD    R_f1= 0x00    at time  125810335 ps
inst0 ch0:  R_CMD: ACTCMD    R_r0= 0x32    at time  125811577 ps
inst0 ch0:  R_CMD: ACTCMD    R_f0= 0x0a    at time  125811991 ps
inst0 ch0:  R_CMD: ACTCMD    R_r1= 0x00    at time  125812405 ps
inst0 ch0:  R_CMD: ACTCMD    R_f1= 0x00    at time  125812819 ps
inst0 ch0:  R_CMD: ACTCMD    R_r0= 0x12    at time  125813233 ps
inst0 ch0:  R_CMD: ACTCMD    R_f0= 0x02    at time  125813647 ps
inst0 ch0:  R_CMD: ACTCMD    R_r1= 0x00    at time  125814061 ps
inst0 ch0:  R_CMD: ACTCMD    R_f1= 0x00    at time  125814475 ps
inst0 ch0:  C_CMD: RDCMD     C_r = 0x0e5   at time  125814889 ps
inst0 ch0:  C_CMD: RDCMD     C_f = 0x000   at time  125815303 ps
inst0 ch0:  R_CMD: ACTCMD    R_r0= 0x12    at time  125815717 ps
inst0 ch0:  R_CMD: ACTCMD    R_f0= 0x0a    at time  125816131 ps
inst0 ch0:  R_CMD: ACTCMD    R_r1= 0x00    at time  125816545 ps
inst0 ch0:  R_CMD: ACTCMD    R_f1= 0x00    at time  125816959 ps
inst0 ch0:  C_CMD: RDCMD     C_r = 0x0ed   at time  125818201 ps
inst0 ch0:  C_CMD: RDCMD     C_f = 0x002   at time  125818615 ps
inst0 ch0:  C_CMD: RDCMD     C_r = 0x0e5   at time  125819029 ps
inst0 ch0:  C_CMD: RDCMD     C_f = 0x080   at time  125819443 ps
inst0 ch0:  C_CMD: RDCMD     C_r = 0x0a5   at time  125819857 ps
inst0 ch0:  C_CMD: RDCMD     C_f = 0x000   at time  125820271 ps
inst0 ch0:  C_CMD: RDCMD     C_r = 0x0ed   at time  125822341 ps
inst0 ch0:  C_CMD: RDCMD     C_f = 0x082   at time  125822755 ps
inst0 ch0:  C_CMD: RDCMD     C_r = 0x0ad   at time  125823169 ps
inst0 ch0:  C_CMD: RDCMD     C_f = 0x002   at time  125823583 ps
inst0 ch0:  C_CMD: RDCMD     C_r = 0x0a5   at time  125823997 ps
inst0 ch0:  C_CMD: RDCMD     C_f = 0x080   at time  125824411 ps
inst0 ch0:  C_CMD: RDCMD     C_r = 0x065   at time  125824825 ps
inst0 ch0:  C_CMD: RDCMD     C_f = 0x000   at time  125825239 ps
inst0 ch0:  C_CMD: RDCMD     C_r = 0x065   at time  125826481 ps
inst0 ch0:  C_CMD: RDCMD     C_f = 0x080   at time  125826895 ps
inst0 ch0:  C_CMD: RDCMD     C_r = 0x06d   at time  125828137 ps
inst0 ch0:  C_CMD: RDCMD     C_f = 0x002   at time  125828551 ps
inst0 ch0:  C_CMD: RDCMD     C_r = 0x0ad   at time  125828965 ps
inst0 ch0:  C_CMD: RDCMD     C_f = 0x082   at time  125829379 ps
inst0 ch0:  C_CMD: RDCMD     C_r = 0x025   at time  125829793 ps
inst0 ch0:  C_CMD: RDCMD     C_f = 0x000   at time  125830207 ps
inst0 ch0:  C_CMD: RDCMD     C_r = 0x06d   at time  125830621 ps
inst0 ch0:  C_CMD: RDCMD     C_f = 0x082   at time  125831035 ps
inst0 ch0:  C_CMD: RDCMD     C_r = 0x025   at time  125832277 ps
inst0 ch0:  C_CMD: RDCMD     C_f = 0x080   at time  125832691 ps
inst0 ch0:  C_CMD: RDCMD     C_r = 0x02d   at time  125833105 ps
inst0 ch0:  C_CMD: RDCMD     C_f = 0x002   at time  125833519 ps
inst0 ch0:  C_CMD: RDCMD     C_r = 0x02d   at time  125835589 ps
inst0 ch0:  C_CMD: RDCMD     C_f = 0x082   at time  125836003 ps
inst0 ch0:  R_CMD: ACTCMD    R_r0= 0x3a    at time  126300925 ps
inst0 ch0:  R_CMD: ACTCMD    R_f0= 0x22    at time  126301339 ps
inst0 ch0:  R_CMD: ACTCMD    R_r1= 0x00    at time  126301753 ps
inst0 ch0:  R_CMD: ACTCMD    R_f1= 0x00    at time  126302167 ps
inst0 ch0:  R_CMD: ACTCMD    R_r0= 0x3a    at time  126302581 ps
inst0 ch0:  R_CMD: ACTCMD    R_f0= 0x2a    at time  126302995 ps
inst0 ch0:  R_CMD: ACTCMD    R_r1= 0x00    at time  126303409 ps
inst0 ch0:  R_CMD: ACTCMD    R_f1= 0x00    at time  126303823 ps
inst0 ch0:  R_CMD: ACTCMD    R_r0= 0x1a    at time  126305065 ps
inst0 ch0:  R_CMD: ACTCMD    R_f0= 0x22    at time  126305479 ps
inst0 ch0:  R_CMD: ACTCMD    R_r1= 0x00    at time  126305893 ps
inst0 ch0:  R_CMD: ACTCMD    R_f1= 0x00    at time  126306307 ps
inst0 ch0:  R_CMD: ACTCMD    R_r0= 0x1a    at time  126306721 ps
inst0 ch0:  R_CMD: ACTCMD    R_f0= 0x2a    at time  126307135 ps
inst0 ch0:  R_CMD: ACTCMD    R_r1= 0x00    at time  126307549 ps
inst0 ch0:  R_CMD: ACTCMD    R_f1= 0x00    at time  126307963 ps
inst0 ch0:  R_CMD: ACTCMD    R_r0= 0x3a    at time  126309205 ps
inst0 ch0:  R_CMD: ACTCMD    R_f0= 0x02    at time  126309619 ps
inst0 ch0:  R_CMD: ACTCMD    R_r1= 0x00    at time  126310033 ps
inst0 ch0:  R_CMD: ACTCMD    R_f1= 0x00    at time  126310447 ps
inst0 ch0:  R_CMD: ACTCMD    R_r0= 0x3a    at time  126310861 ps
inst0 ch0:  R_CMD: ACTCMD    R_f0= 0x0a    at time  126311275 ps
inst0 ch0:  R_CMD: ACTCMD    R_r1= 0x00    at time  126311689 ps
inst0 ch0:  R_CMD: ACTCMD    R_f1= 0x00    at time  126312103 ps
inst0 ch0:  R_CMD: ACTCMD    R_r0= 0x1a    at time  126313345 ps
inst0 ch0:  R_CMD: ACTCMD    R_f0= 0x02    at time  126313759 ps
inst0 ch0:  R_CMD: ACTCMD    R_r1= 0x00    at time  126314173 ps
inst0 ch0:  R_CMD: ACTCMD    R_f1= 0x00    at time  126314587 ps
inst0 ch0:  R_CMD: ACTCMD    R_r0= 0x1a    at time  126315001 ps
inst0 ch0:  R_CMD: ACTCMD    R_f0= 0x0a    at time  126315415 ps
inst0 ch0:  R_CMD: ACTCMD    R_r1= 0x00    at time  126315829 ps
inst0 ch0:  C_CMD: RDCMD     C_r = 0x0f5   at time  126315829 ps
inst0 ch0:  R_CMD: ACTCMD    R_f1= 0x00    at time  126316243 ps
inst0 ch0:  C_CMD: RDCMD     C_f = 0x000   at time  126316243 ps
inst0 ch0:  C_CMD: RDCMD     C_r = 0x0f5   at time  126317485 ps
inst0 ch0:  C_CMD: RDCMD     C_f = 0x080   at time  126317899 ps
inst0 ch0:  C_CMD: RDCMD     C_r = 0x0fd   at time  126319141 ps
inst0 ch0:  C_CMD: RDCMD     C_f = 0x002   at time  126319555 ps
inst0 ch0:  C_CMD: RDCMD     C_r = 0x0fd   at time  126320797 ps
inst0 ch0:  C_CMD: RDCMD     C_f = 0x082   at time  126321211 ps
inst0 ch0:  C_CMD: RDCMD     C_r = 0x0b5   at time  126321625 ps
inst0 ch0:  C_CMD: RDCMD     C_f = 0x000   at time  126322039 ps
inst0 ch0:  C_CMD: RDCMD     C_r = 0x0b5   at time  126322453 ps
inst0 ch0:  C_CMD: RDCMD     C_f = 0x080   at time  126322867 ps
inst0 ch0:  C_CMD: RDCMD     C_r = 0x075   at time  126324109 ps
inst0 ch0:  C_CMD: RDCMD     C_f = 0x000   at time  126324523 ps
inst0 ch0:  C_CMD: RDCMD     C_r = 0x0bd   at time  126325765 ps
inst0 ch0:  C_CMD: RDCMD     C_f = 0x002   at time  126326179 ps
inst0 ch0:  C_CMD: RDCMD     C_r = 0x0bd   at time  126326593 ps
inst0 ch0:  C_CMD: RDCMD     C_f = 0x082   at time  126327007 ps
inst0 ch0:  C_CMD: RDCMD     C_r = 0x07d   at time  126327421 ps
inst0 ch0:  C_CMD: RDCMD     C_f = 0x002   at time  126327835 ps
inst0 ch0:  C_CMD: RDCMD     C_r = 0x075   at time  126328249 ps
inst0 ch0:  C_CMD: RDCMD     C_f = 0x080   at time  126328663 ps
inst0 ch0:  C_CMD: RDCMD     C_r = 0x035   at time  126329077 ps
inst0 ch0:  C_CMD: RDCMD     C_f = 0x000   at time  126329491 ps
inst0 ch0:  C_CMD: RDCMD     C_r = 0x035   at time  126329905 ps
inst0 ch0:  C_CMD: RDCMD     C_f = 0x080   at time  126330319 ps
inst0 ch0:  C_CMD: RDCMD     C_r = 0x07d   at time  126331561 ps
inst0 ch0:  C_CMD: RDCMD     C_f = 0x082   at time  126331975 ps
inst0 ch0:  C_CMD: RDCMD     C_r = 0x03d   at time  126332389 ps
inst0 ch0:  C_CMD: RDCMD     C_f = 0x002   at time  126332803 ps
inst0 ch0:  C_CMD: RDCMD     C_r = 0x03d   at time  126333217 ps
inst0 ch0:  C_CMD: RDCMD     C_f = 0x082   at time  126333631 ps
inst0 ch0:  R_CMD: ACTCMD    R_r0= 0x02    at time  130773781 ps
inst0 ch0:  R_CMD: ACTCMD    R_f0= 0x00    at time  130774195 ps
inst0 ch0:  R_CMD: ACTCMD    R_r1= 0x00    at time  130774609 ps
inst0 ch0:  R_CMD: ACTCMD    R_f1= 0x00    at time  130775023 ps
inst0 ch0:  C_CMD: RDCMD     C_r = 0x005   at time  130788685 ps
inst0 ch0:  C_CMD: RDCMD     C_f = 0x018   at time  130789099 ps
inst0 ch0:  C_CMD: RDCMD     C_r = 0x005   at time  130791997 ps
inst0 ch0:  C_CMD: RDCMD     C_f = 0x01a   at time  130792411 ps
inst0 ch0:  C_CMD: RDCMD     C_r = 0x005   at time  130795309 ps
inst0 ch0:  C_CMD: RDCMD     C_f = 0x010   at time  130795723 ps
inst0 ch0:  C_CMD: RDCMD     C_r = 0x005   at time  130798621 ps
inst0 ch0:  C_CMD: RDCMD     C_f = 0x012   at time  130799035 ps
inst0 ch0:  C_CMD: RDCMD     C_r = 0x005   at time  130801933 ps
inst0 ch0:  C_CMD: RDCMD     C_f = 0x008   at time  130802347 ps
inst0 ch0:  C_CMD: RDCMD     C_r = 0x005   at time  130805245 ps
inst0 ch0:  C_CMD: RDCMD     C_f = 0x00a   at time  130805659 ps
inst0 ch0:  C_CMD: RDCMD     C_r = 0x005   at time  130808557 ps
inst0 ch0:  C_CMD: RDCMD     C_f = 0x000   at time  130808971 ps
inst0 ch0:  C_CMD: RDCMD     C_r = 0x00d   at time  130811869 ps
inst0 ch0:  C_CMD: RDCMD     C_f = 0x002   at time  130812283 ps
inst0 ch0:  R_CMD: ACTCMD    R_r0= 0x02    at time  130838365 ps
inst0 ch0:  R_CMD: ACTCMD    R_f0= 0x08    at time  130838779 ps
inst0 ch0:  R_CMD: ACTCMD    R_r1= 0x00    at time  130839193 ps
inst0 ch0:  R_CMD: ACTCMD    R_f1= 0x00    at time  130839607 ps
inst0 ch0:  C_CMD: RDCMD     C_r = 0x005   at time  130853269 ps
inst0 ch0:  C_CMD: RDCMD     C_f = 0x098   at time  130853683 ps
inst0 ch0:  C_CMD: RDCMD     C_r = 0x005   at time  130856581 ps
inst0 ch0:  C_CMD: RDCMD     C_f = 0x09a   at time  130856995 ps
inst0 ch0:  C_CMD: RDCMD     C_r = 0x005   at time  130859893 ps
inst0 ch0:  C_CMD: RDCMD     C_f = 0x090   at time  130860307 ps
inst0 ch0:  C_CMD: RDCMD     C_r = 0x005   at time  130863205 ps
inst0 ch0:  C_CMD: RDCMD     C_f = 0x092   at time  130863619 ps
inst0 ch0:  C_CMD: RDCMD     C_r = 0x005   at time  130866517 ps
inst0 ch0:  C_CMD: RDCMD     C_f = 0x088   at time  130866931 ps
inst0 ch0:  C_CMD: RDCMD     C_r = 0x005   at time  130869829 ps
inst0 ch0:  C_CMD: RDCMD     C_f = 0x08a   at time  130870243 ps
inst0 ch0:  C_CMD: RDCMD     C_r = 0x005   at time  130873141 ps
inst0 ch0:  C_CMD: RDCMD     C_f = 0x080   at time  130873555 ps
inst0 ch0:  C_CMD: RDCMD     C_r = 0x00d   at time  130876453 ps
inst0 ch0:  C_CMD: RDCMD     C_f = 0x082   at time  130876867 ps
inst0 ch0:  R_CMD: ACTCMD    R_r0= 0x0a    at time  131036257 ps
inst0 ch0:  R_CMD: ACTCMD    R_f0= 0x00    at time  131036671 ps
inst0 ch0:  R_CMD: ACTCMD    R_r1= 0x00    at time  131037085 ps
inst0 ch0:  R_CMD: ACTCMD    R_f1= 0x00    at time  131037499 ps
inst0 ch0:  C_CMD: RDCMD     C_r = 0x015   at time  131051161 ps
inst0 ch0:  C_CMD: RDCMD     C_f = 0x018   at time  131051575 ps
inst0 ch0:  C_CMD: RDCMD     C_r = 0x015   at time  131054473 ps
inst0 ch0:  C_CMD: RDCMD     C_f = 0x01a   at time  131054887 ps
inst0 ch0:  C_CMD: RDCMD     C_r = 0x015   at time  131057785 ps
inst0 ch0:  C_CMD: RDCMD     C_f = 0x010   at time  131058199 ps
inst0 ch0:  C_CMD: RDCMD     C_r = 0x015   at time  131061097 ps
inst0 ch0:  C_CMD: RDCMD     C_f = 0x012   at time  131061511 ps
inst0 ch0:  C_CMD: RDCMD     C_r = 0x015   at time  131064409 ps
inst0 ch0:  C_CMD: RDCMD     C_f = 0x008   at time  131064823 ps
inst0 ch0:  C_CMD: RDCMD     C_r = 0x015   at time  131067721 ps
inst0 ch0:  C_CMD: RDCMD     C_f = 0x00a   at time  131068135 ps
inst0 ch0:  C_CMD: RDCMD     C_r = 0x015   at time  131071033 ps
inst0 ch0:  C_CMD: RDCMD     C_f = 0x000   at time  131071447 ps
inst0 ch0:  C_CMD: RDCMD     C_r = 0x01d   at time  131074345 ps
inst0 ch0:  C_CMD: RDCMD     C_f = 0x002   at time  131074759 ps
inst0 ch0:  R_CMD: ACTCMD    R_r0= 0x0a    at time  131301217 ps
inst0 ch0:  R_CMD: ACTCMD    R_f0= 0x08    at time  131301631 ps
inst0 ch0:  R_CMD: ACTCMD    R_r1= 0x00    at time  131302045 ps
inst0 ch0:  R_CMD: ACTCMD    R_f1= 0x00    at time  131302459 ps
inst0 ch0:  C_CMD: RDCMD     C_r = 0x015   at time  131316121 ps
inst0 ch0:  C_CMD: RDCMD     C_f = 0x098   at time  131316535 ps
inst0 ch0:  C_CMD: RDCMD     C_r = 0x015   at time  131319433 ps
inst0 ch0:  C_CMD: RDCMD     C_f = 0x09a   at time  131319847 ps
inst0 ch0:  C_CMD: RDCMD     C_r = 0x015   at time  131322745 ps
inst0 ch0:  C_CMD: RDCMD     C_f = 0x090   at time  131323159 ps
inst0 ch0:  C_CMD: RDCMD     C_r = 0x015   at time  131326057 ps
inst0 ch0:  C_CMD: RDCMD     C_f = 0x092   at time  131326471 ps
inst0 ch0:  C_CMD: RDCMD     C_r = 0x015   at time  131329369 ps
inst0 ch0:  C_CMD: RDCMD     C_f = 0x088   at time  131329783 ps
inst0 ch0:  C_CMD: RDCMD     C_r = 0x015   at time  131332681 ps
inst0 ch0:  C_CMD: RDCMD     C_f = 0x08a   at time  131333095 ps
inst0 ch0:  C_CMD: RDCMD     C_r = 0x015   at time  131335993 ps
inst0 ch0:  C_CMD: RDCMD     C_f = 0x080   at time  131336407 ps
inst0 ch0:  C_CMD: RDCMD     C_r = 0x01d   at time  131339305 ps
inst0 ch0:  C_CMD: RDCMD     C_f = 0x082   at time  131339719 ps
inst0 ch0:  R_CMD: ACTCMD    R_r0= 0x2e    at time  131999221 ps
inst0 ch0:  R_CMD: ACTCMD    R_f0= 0x20    at time  131999635 ps
inst0 ch0:  R_CMD: ACTCMD    R_r1= 0x00    at time  132000049 ps
inst0 ch0:  R_CMD: ACTCMD    R_f1= 0x02    at time  132000463 ps
inst0 ch0:  C_CMD: RDCMD     C_r = 0x0d5   at time  132014125 ps
inst0 ch0:  C_CMD: RDCMD     C_f = 0x021   at time  132014539 ps
inst0 ch0:  C_CMD: RDCMD     C_r = 0x0dd   at time  132017437 ps
inst0 ch0:  C_CMD: RDCMD     C_f = 0x023   at time  132017851 ps
inst0 ch0:  R_CMD: ACTCMD    R_r0= 0x2e    at time  132796585 ps
inst0 ch0:  R_CMD: ACTCMD    R_f0= 0x28    at time  132796999 ps
inst0 ch0:  R_CMD: ACTCMD    R_r1= 0x00    at time  132797413 ps
inst0 ch0:  R_CMD: ACTCMD    R_f1= 0x02    at time  132797827 ps
inst0 ch0:  C_CMD: RDCMD     C_r = 0x0d5   at time  132811489 ps
inst0 ch0:  C_CMD: RDCMD     C_f = 0x0a1   at time  132811903 ps
inst0 ch0:  C_CMD: RDCMD     C_r = 0x0dd   at time  132814801 ps
inst0 ch0:  C_CMD: RDCMD     C_f = 0x0a3   at time  132815215 ps
inst0 ch0:  R_CMD: ACTCMD    R_r0= 0x2e    at time  132947281 ps
inst0 ch0:  R_CMD: ACTCMD    R_f0= 0x20    at time  132947695 ps
inst0 ch0:  R_CMD: ACTCMD    R_r1= 0x00    at time  132948109 ps
inst0 ch0:  R_CMD: ACTCMD    R_f1= 0x02    at time  132948523 ps
inst0 ch0:  C_CMD: RDCMD     C_r = 0x0d5   at time  132962185 ps
inst0 ch0:  C_CMD: RDCMD     C_f = 0x029   at time  132962599 ps
inst0 ch0:  C_CMD: RDCMD     C_r = 0x0dd   at time  132965497 ps
inst0 ch0:  C_CMD: RDCMD     C_f = 0x02b   at time  132965911 ps
inst0 ch0:  R_CMD: ACTCMD    R_r0= 0x2e    at time  133098805 ps
inst0 ch0:  R_CMD: ACTCMD    R_f0= 0x28    at time  133099219 ps
inst0 ch0:  R_CMD: ACTCMD    R_r1= 0x00    at time  133099633 ps
inst0 ch0:  R_CMD: ACTCMD    R_f1= 0x02    at time  133100047 ps
inst0 ch0:  C_CMD: RDCMD     C_r = 0x0d5   at time  133113709 ps
inst0 ch0:  C_CMD: RDCMD     C_f = 0x0a9   at time  133114123 ps
inst0 ch0:  C_CMD: RDCMD     C_r = 0x0dd   at time  133117021 ps
inst0 ch0:  C_CMD: RDCMD     C_f = 0x0ab   at time  133117435 ps
inst0 ch0:  R_CMD: ACTCMD    R_r0= 0x02    at time  133964065 ps
inst0 ch0:  R_CMD: ACTCMD    R_f0= 0x13    at time  133964479 ps
inst0 ch0:  R_CMD: ACTCMD    R_r1= 0x3f    at time  133964893 ps
inst0 ch0:  R_CMD: ACTCMD    R_f1= 0x3b    at time  133965307 ps
inst0 ch0:  R_CMD: ACTCMD    R_r0= 0x02    at time  133965721 ps
inst0 ch0:  R_CMD: ACTCMD    R_f0= 0x1b    at time  133966135 ps
inst0 ch0:  R_CMD: ACTCMD    R_r1= 0x3f    at time  133966549 ps
inst0 ch0:  R_CMD: ACTCMD    R_f1= 0x3b    at time  133966963 ps
inst0 ch0:  C_CMD: RDCMD     C_r = 0x005   at time  133978969 ps
inst0 ch0:  C_CMD: RDCMD     C_f = 0x000   at time  133979383 ps
inst0 ch0:  C_CMD: RDCMD     C_r = 0x005   at time  133980625 ps
inst0 ch0:  C_CMD: RDCMD     C_f = 0x080   at time  133981039 ps
inst0 ch0:  C_CMD: RDCMD     C_r = 0x00d   at time  133982281 ps
inst0 ch0:  C_CMD: RDCMD     C_f = 0x002   at time  133982695 ps
inst0 ch0:  C_CMD: RDCMD     C_r = 0x00d   at time  133983937 ps
inst0 ch0:  C_CMD: RDCMD     C_f = 0x082   at time  133984351 ps
inst0 ch0:  R_CMD: ACTCMD    R_r0= 0x02    at time  134034445 ps
inst0 ch0:  R_CMD: ACTCMD    R_f0= 0x13    at time  134034859 ps
inst0 ch0:  R_CMD: ACTCMD    R_r1= 0x3f    at time  134035273 ps
inst0 ch0:  R_CMD: ACTCMD    R_f1= 0x3b    at time  134035687 ps
inst0 ch0:  R_CMD: ACTCMD    R_r0= 0x02    at time  134036929 ps
inst0 ch0:  R_CMD: ACTCMD    R_f0= 0x1b    at time  134037343 ps
inst0 ch0:  R_CMD: ACTCMD    R_r1= 0x3f    at time  134037757 ps
inst0 ch0:  R_CMD: ACTCMD    R_f1= 0x3b    at time  134038171 ps
inst0 ch0:  C_CMD: WRCMD     C_r = 0x001   at time  134045209 ps
inst0 ch0:  C_CMD: WRCMD     C_f = 0x000   at time  134045623 ps
inst0 ch0:  C_CMD: WRCMD     C_r = 0x001   at time  134047693 ps
inst0 ch0:  C_CMD: WRCMD     C_f = 0x080   at time  134048107 ps
inst0 ch0:  C_CMD: WRCMD     C_r = 0x009   at time  134048521 ps
inst0 ch0:  C_CMD: WRCMD     C_f = 0x002   at time  134048935 ps
inst0 ch0:  C_CMD: WRCMD     C_r = 0x009   at time  134051005 ps
inst0 ch0:  C_CMD: WRCMD     C_f = 0x082   at time  134051419 ps
inst0 ch0:  R_CMD: ACTCMD    R_r0= 0x0a    at time  138290365 ps
inst0 ch0:  R_CMD: ACTCMD    R_f0= 0x13    at time  138290779 ps
inst0 ch0:  R_CMD: ACTCMD    R_r1= 0x3f    at time  138291193 ps
inst0 ch0:  R_CMD: ACTCMD    R_f1= 0x3b    at time  138291607 ps
inst0 ch0:  R_CMD: ACTCMD    R_r0= 0x0a    at time  138292021 ps
inst0 ch0:  R_CMD: ACTCMD    R_f0= 0x1b    at time  138292435 ps
inst0 ch0:  R_CMD: ACTCMD    R_r1= 0x3f    at time  138292849 ps
inst0 ch0:  R_CMD: ACTCMD    R_f1= 0x3b    at time  138293263 ps
inst0 ch0:  C_CMD: RDCMD     C_r = 0x015   at time  138305269 ps
inst0 ch0:  C_CMD: RDCMD     C_f = 0x010   at time  138305683 ps
inst0 ch0:  C_CMD: RDCMD     C_r = 0x015   at time  138306925 ps
inst0 ch0:  C_CMD: RDCMD     C_f = 0x090   at time  138307339 ps
inst0 ch0:  C_CMD: RDCMD     C_r = 0x01d   at time  138308581 ps
inst0 ch0:  C_CMD: RDCMD     C_f = 0x012   at time  138308995 ps
inst0 ch0:  C_CMD: RDCMD     C_r = 0x01d   at time  138310237 ps
inst0 ch0:  C_CMD: RDCMD     C_f = 0x092   at time  138310651 ps
inst0 ch0:  R_CMD: ACTCMD    R_r0= 0x0a    at time  138503989 ps
inst0 ch0:  R_CMD: ACTCMD    R_f0= 0x1b    at time  138504403 ps
inst0 ch0:  R_CMD: ACTCMD    R_r1= 0x3f    at time  138504817 ps
inst0 ch0:  R_CMD: ACTCMD    R_f1= 0x3b    at time  138505231 ps
inst0 ch0:  R_CMD: ACTCMD    R_r0= 0x0a    at time  138505645 ps
inst0 ch0:  R_CMD: ACTCMD    R_f0= 0x13    at time  138506059 ps
inst0 ch0:  R_CMD: ACTCMD    R_r1= 0x3f    at time  138506473 ps
inst0 ch0:  R_CMD: ACTCMD    R_f1= 0x3b    at time  138506887 ps
inst0 ch0:  C_CMD: WRCMD     C_r = 0x011   at time  138514753 ps
inst0 ch0:  C_CMD: WRCMD     C_f = 0x090   at time  138515167 ps
inst0 ch0:  C_CMD: WRCMD     C_r = 0x011   at time  138516409 ps
inst0 ch0:  C_CMD: WRCMD     C_f = 0x010   at time  138516823 ps
inst0 ch0:  C_CMD: WRCMD     C_r = 0x019   at time  138518065 ps
inst0 ch0:  C_CMD: WRCMD     C_f = 0x092   at time  138518479 ps
inst0 ch0:  C_CMD: WRCMD     C_r = 0x019   at time  138519721 ps
inst0 ch0:  C_CMD: WRCMD     C_f = 0x012   at time  138520135 ps
inst0 ch0:  R_CMD: ACTCMD    R_r0= 0x0a    at time  142362469 ps
inst0 ch0:  R_CMD: ACTCMD    R_f0= 0x08    at time  142362883 ps
inst0 ch0:  R_CMD: ACTCMD    R_r1= 0x00    at time  142363297 ps
inst0 ch0:  R_CMD: ACTCMD    R_f1= 0x00    at time  142363711 ps
inst0 ch0:  R_CMD: ACTCMD    R_r0= 0x0a    at time  142364125 ps
inst0 ch0:  R_CMD: ACTCMD    R_f0= 0x00    at time  142364539 ps
inst0 ch0:  R_CMD: ACTCMD    R_r1= 0x00    at time  142364953 ps
inst0 ch0:  R_CMD: ACTCMD    R_f1= 0x00    at time  142365367 ps
inst0 ch0:  C_CMD: RDCMD     C_r = 0x015   at time  142377373 ps
inst0 ch0:  C_CMD: RDCMD     C_f = 0x0a8   at time  142377787 ps
inst0 ch0:  C_CMD: RDCMD     C_r = 0x015   at time  142379029 ps
inst0 ch0:  C_CMD: RDCMD     C_f = 0x028   at time  142379443 ps
inst0 ch0:  C_CMD: RDCMD     C_r = 0x015   at time  142380685 ps
inst0 ch0:  C_CMD: RDCMD     C_f = 0x0aa   at time  142381099 ps
inst0 ch0:  C_CMD: RDCMD     C_r = 0x015   at time  142382341 ps
inst0 ch0:  C_CMD: RDCMD     C_f = 0x02a   at time  142382755 ps
inst0 ch0:  C_CMD: RDCMD     C_r = 0x015   at time  142383997 ps
inst0 ch0:  C_CMD: RDCMD     C_f = 0x0a0   at time  142384411 ps
inst0 ch0:  C_CMD: RDCMD     C_r = 0x015   at time  142385653 ps
inst0 ch0:  C_CMD: RDCMD     C_f = 0x020   at time  142386067 ps
inst0 ch0:  C_CMD: RDCMD     C_r = 0x01d   at time  142387309 ps
inst0 ch0:  C_CMD: RDCMD     C_f = 0x0a2   at time  142387723 ps
inst0 ch0:  C_CMD: RDCMD     C_r = 0x01d   at time  142388965 ps
inst0 ch0:  C_CMD: RDCMD     C_f = 0x022   at time  142389379 ps
inst0 ch0:  R_CMD: ACTCMD    R_r0= 0x0a    at time  142432849 ps
inst0 ch0:  R_CMD: ACTCMD    R_f0= 0x08    at time  142433263 ps
inst0 ch0:  R_CMD: ACTCMD    R_r1= 0x00    at time  142433677 ps
inst0 ch0:  R_CMD: ACTCMD    R_f1= 0x00    at time  142434091 ps
inst0 ch0:  R_CMD: ACTCMD    R_r0= 0x0a    at time  142434505 ps
inst0 ch0:  R_CMD: ACTCMD    R_f0= 0x00    at time  142434919 ps
inst0 ch0:  R_CMD: ACTCMD    R_r1= 0x00    at time  142435333 ps
inst0 ch0:  R_CMD: ACTCMD    R_f1= 0x00    at time  142435747 ps
inst0 ch0:  C_CMD: WRCMD     C_r = 0x011   at time  142443613 ps
inst0 ch0:  C_CMD: WRCMD     C_f = 0x0a8   at time  142444027 ps
inst0 ch0:  C_CMD: WRCMD     C_r = 0x011   at time  142445269 ps
inst0 ch0:  C_CMD: WRCMD     C_f = 0x028   at time  142445683 ps
inst0 ch0:  C_CMD: WRCMD     C_r = 0x011   at time  142446925 ps
inst0 ch0:  C_CMD: WRCMD     C_f = 0x0aa   at time  142447339 ps
inst0 ch0:  C_CMD: WRCMD     C_r = 0x011   at time  142448581 ps
inst0 ch0:  C_CMD: WRCMD     C_f = 0x02a   at time  142448995 ps
inst0 ch0:  C_CMD: WRCMD     C_r = 0x011   at time  142450237 ps
inst0 ch0:  C_CMD: WRCMD     C_f = 0x0a0   at time  142450651 ps
inst0 ch0:  C_CMD: WRCMD     C_r = 0x011   at time  142451893 ps
inst0 ch0:  C_CMD: WRCMD     C_f = 0x020   at time  142452307 ps
inst0 ch0:  C_CMD: WRCMD     C_r = 0x019   at time  142453549 ps
inst0 ch0:  C_CMD: WRCMD     C_f = 0x0a2   at time  142453963 ps
inst0 ch0:  C_CMD: WRCMD     C_r = 0x019   at time  142455205 ps
inst0 ch0:  C_CMD: WRCMD     C_f = 0x022   at time  142455619 ps
inst0 ch0:  R_CMD: ACTCMD    R_r0= 0x02    at time  146178721 ps
inst0 ch0:  R_CMD: ACTCMD    R_f0= 0x18    at time  146179135 ps
inst0 ch0:  R_CMD: ACTCMD    R_r1= 0x3f    at time  146179549 ps
inst0 ch0:  R_CMD: ACTCMD    R_f1= 0x3b    at time  146179963 ps
inst0 ch0:  R_CMD: ACTCMD    R_r0= 0x02    at time  146180377 ps
inst0 ch0:  R_CMD: ACTCMD    R_f0= 0x10    at time  146180791 ps
inst0 ch0:  R_CMD: ACTCMD    R_r1= 0x3f    at time  146181205 ps
inst0 ch0:  R_CMD: ACTCMD    R_f1= 0x3b    at time  146181619 ps
inst0 ch0:  C_CMD: RDCMD     C_r = 0x005   at time  146193625 ps
inst0 ch0:  C_CMD: RDCMD     C_f = 0x0f8   at time  146194039 ps
inst0 ch0:  C_CMD: RDCMD     C_r = 0x005   at time  146195281 ps
inst0 ch0:  C_CMD: RDCMD     C_f = 0x078   at time  146195695 ps
inst0 ch0:  C_CMD: RDCMD     C_r = 0x00d   at time  146196937 ps
inst0 ch0:  C_CMD: RDCMD     C_f = 0x0fa   at time  146197351 ps
inst0 ch0:  C_CMD: RDCMD     C_r = 0x00d   at time  146198593 ps
inst0 ch0:  C_CMD: RDCMD     C_f = 0x07a   at time  146199007 ps
inst0 ch0:  R_CMD: ACTCMD    R_r0= 0x02    at time  146225917 ps
inst0 ch0:  R_CMD: ACTCMD    R_f0= 0x19    at time  146226331 ps
inst0 ch0:  R_CMD: ACTCMD    R_r1= 0x3f    at time  146226745 ps
inst0 ch0:  R_CMD: ACTCMD    R_f1= 0x3b    at time  146227159 ps
inst0 ch0:  R_CMD: ACTCMD    R_r0= 0x02    at time  146227573 ps
inst0 ch0:  R_CMD: ACTCMD    R_f0= 0x11    at time  146227987 ps
inst0 ch0:  R_CMD: ACTCMD    R_r1= 0x3f    at time  146228401 ps
inst0 ch0:  R_CMD: ACTCMD    R_f1= 0x3b    at time  146228815 ps
inst0 ch0:  C_CMD: RDCMD     C_r = 0x005   at time  146240821 ps
inst0 ch0:  C_CMD: RDCMD     C_f = 0x0f8   at time  146241235 ps
inst0 ch0:  C_CMD: RDCMD     C_r = 0x005   at time  146242477 ps
inst0 ch0:  C_CMD: RDCMD     C_f = 0x078   at time  146242891 ps
inst0 ch0:  C_CMD: RDCMD     C_r = 0x00d   at time  146244133 ps
inst0 ch0:  C_CMD: RDCMD     C_f = 0x0fa   at time  146244547 ps
inst0 ch0:  C_CMD: RDCMD     C_r = 0x00d   at time  146245789 ps
inst0 ch0:  C_CMD: RDCMD     C_f = 0x07a   at time  146246203 ps
inst0 ch0:  R_CMD: ACTCMD    R_r0= 0x02    at time  146273113 ps
inst0 ch0:  R_CMD: ACTCMD    R_f0= 0x18    at time  146273527 ps
inst0 ch0:  R_CMD: ACTCMD    R_r1= 0x3f    at time  146273941 ps
inst0 ch0:  R_CMD: ACTCMD    R_f1= 0x3b    at time  146274355 ps
inst0 ch0:  R_CMD: ACTCMD    R_r0= 0x02    at time  146274769 ps
inst0 ch0:  R_CMD: ACTCMD    R_f0= 0x10    at time  146275183 ps
inst0 ch0:  R_CMD: ACTCMD    R_r1= 0x3f    at time  146275597 ps
inst0 ch0:  R_CMD: ACTCMD    R_f1= 0x3b    at time  146276011 ps
inst0 ch0:  C_CMD: WRCMD     C_r = 0x001   at time  146283877 ps
inst0 ch0:  C_CMD: WRCMD     C_f = 0x0f8   at time  146284291 ps
inst0 ch0:  C_CMD: WRCMD     C_r = 0x001   at time  146285533 ps
inst0 ch0:  C_CMD: WRCMD     C_f = 0x078   at time  146285947 ps
inst0 ch0:  C_CMD: WRCMD     C_r = 0x009   at time  146287189 ps
inst0 ch0:  C_CMD: WRCMD     C_f = 0x0fa   at time  146287603 ps
inst0 ch0:  C_CMD: WRCMD     C_r = 0x009   at time  146288845 ps
inst0 ch0:  C_CMD: WRCMD     C_f = 0x07a   at time  146289259 ps
inst0 ch0:  R_CMD: ACTCMD    R_r0= 0x02    at time  146325277 ps
inst0 ch0:  R_CMD: ACTCMD    R_f0= 0x19    at time  146325691 ps
inst0 ch0:  R_CMD: ACTCMD    R_r1= 0x3f    at time  146326105 ps
inst0 ch0:  R_CMD: ACTCMD    R_f1= 0x3b    at time  146326519 ps
inst0 ch0:  R_CMD: ACTCMD    R_r0= 0x02    at time  146326933 ps
inst0 ch0:  R_CMD: ACTCMD    R_f0= 0x11    at time  146327347 ps
inst0 ch0:  R_CMD: ACTCMD    R_r1= 0x3f    at time  146327761 ps
inst0 ch0:  R_CMD: ACTCMD    R_f1= 0x3b    at time  146328175 ps
inst0 ch0:  C_CMD: WRCMD     C_r = 0x001   at time  146336041 ps
inst0 ch0:  C_CMD: WRCMD     C_f = 0x0f8   at time  146336455 ps
inst0 ch0:  C_CMD: WRCMD     C_r = 0x001   at time  146337697 ps
inst0 ch0:  C_CMD: WRCMD     C_f = 0x078   at time  146338111 ps
inst0 ch0:  C_CMD: WRCMD     C_r = 0x009   at time  146339353 ps
inst0 ch0:  C_CMD: WRCMD     C_f = 0x0fa   at time  146339767 ps
inst0 ch0:  C_CMD: WRCMD     C_r = 0x009   at time  146341009 ps
inst0 ch0:  C_CMD: WRCMD     C_f = 0x07a   at time  146341423 ps
inst0 ch0:  R_CMD: ACTCMD    R_r0= 0x0a    at time  146455273 ps
inst0 ch0:  R_CMD: ACTCMD    R_f0= 0x18    at time  146455687 ps
inst0 ch0:  R_CMD: ACTCMD    R_r1= 0x3f    at time  146456101 ps
inst0 ch0:  R_CMD: ACTCMD    R_f1= 0x3b    at time  146456515 ps
inst0 ch0:  R_CMD: ACTCMD    R_r0= 0x0a    at time  146456929 ps
inst0 ch0:  R_CMD: ACTCMD    R_f0= 0x10    at time  146457343 ps
inst0 ch0:  R_CMD: ACTCMD    R_r1= 0x3f    at time  146457757 ps
inst0 ch0:  R_CMD: ACTCMD    R_f1= 0x3b    at time  146458171 ps
inst0 ch0:  C_CMD: RDCMD     C_r = 0x015   at time  146470177 ps
inst0 ch0:  C_CMD: RDCMD     C_f = 0x0f8   at time  146470591 ps
inst0 ch0:  C_CMD: RDCMD     C_r = 0x015   at time  146471833 ps
inst0 ch0:  C_CMD: RDCMD     C_f = 0x078   at time  146472247 ps
inst0 ch0:  C_CMD: RDCMD     C_r = 0x01d   at time  146473489 ps
inst0 ch0:  C_CMD: RDCMD     C_f = 0x0fa   at time  146473903 ps
inst0 ch0:  C_CMD: RDCMD     C_r = 0x01d   at time  146475145 ps
inst0 ch0:  C_CMD: RDCMD     C_f = 0x07a   at time  146475559 ps
inst0 ch0:  R_CMD: ACTCMD    R_r0= 0x0a    at time  146502469 ps
inst0 ch0:  R_CMD: ACTCMD    R_f0= 0x08    at time  146502883 ps
inst0 ch0:  R_CMD: ACTCMD    R_r1= 0x00    at time  146503297 ps
inst0 ch0:  R_CMD: ACTCMD    R_f1= 0x00    at time  146503711 ps
inst0 ch0:  R_CMD: ACTCMD    R_r0= 0x0a    at time  146504125 ps
inst0 ch0:  R_CMD: ACTCMD    R_f0= 0x00    at time  146504539 ps
inst0 ch0:  R_CMD: ACTCMD    R_r1= 0x00    at time  146504953 ps
inst0 ch0:  R_CMD: ACTCMD    R_f1= 0x00    at time  146505367 ps
inst0 ch0:  C_CMD: RDCMD     C_r = 0x015   at time  146517373 ps
inst0 ch0:  C_CMD: RDCMD     C_f = 0x0b8   at time  146517787 ps
inst0 ch0:  C_CMD: RDCMD     C_r = 0x015   at time  146519029 ps
inst0 ch0:  C_CMD: RDCMD     C_f = 0x038   at time  146519443 ps
inst0 ch0:  C_CMD: RDCMD     C_r = 0x015   at time  146520685 ps
inst0 ch0:  C_CMD: RDCMD     C_f = 0x0ba   at time  146521099 ps
inst0 ch0:  C_CMD: RDCMD     C_r = 0x015   at time  146522341 ps
inst0 ch0:  C_CMD: RDCMD     C_f = 0x03a   at time  146522755 ps
inst0 ch0:  C_CMD: RDCMD     C_r = 0x015   at time  146523997 ps
inst0 ch0:  C_CMD: RDCMD     C_f = 0x0b0   at time  146524411 ps
inst0 ch0:  C_CMD: RDCMD     C_r = 0x015   at time  146525653 ps
inst0 ch0:  C_CMD: RDCMD     C_f = 0x030   at time  146526067 ps
inst0 ch0:  C_CMD: RDCMD     C_r = 0x01d   at time  146527309 ps
inst0 ch0:  C_CMD: RDCMD     C_f = 0x0b2   at time  146527723 ps
inst0 ch0:  C_CMD: RDCMD     C_r = 0x01d   at time  146528965 ps
inst0 ch0:  C_CMD: RDCMD     C_f = 0x032   at time  146529379 ps
inst0 ch0:  R_CMD: ACTCMD    R_r0= 0x0a    at time  146549665 ps
inst0 ch0:  R_CMD: ACTCMD    R_f0= 0x19    at time  146550079 ps
inst0 ch0:  R_CMD: ACTCMD    R_r1= 0x3f    at time  146550493 ps
inst0 ch0:  R_CMD: ACTCMD    R_f1= 0x3b    at time  146550907 ps
inst0 ch0:  R_CMD: ACTCMD    R_r0= 0x0a    at time  146551321 ps
inst0 ch0:  R_CMD: ACTCMD    R_f0= 0x11    at time  146551735 ps
inst0 ch0:  R_CMD: ACTCMD    R_r1= 0x3f    at time  146552149 ps
inst0 ch0:  R_CMD: ACTCMD    R_f1= 0x3b    at time  146552563 ps
inst0 ch0:  C_CMD: RDCMD     C_r = 0x015   at time  146564569 ps
inst0 ch0:  C_CMD: RDCMD     C_f = 0x0f8   at time  146564983 ps
inst0 ch0:  C_CMD: RDCMD     C_r = 0x015   at time  146566225 ps
inst0 ch0:  C_CMD: RDCMD     C_f = 0x078   at time  146566639 ps
inst0 ch0:  C_CMD: RDCMD     C_r = 0x01d   at time  146567881 ps
inst0 ch0:  C_CMD: RDCMD     C_f = 0x0fa   at time  146568295 ps
inst0 ch0:  C_CMD: RDCMD     C_r = 0x01d   at time  146569537 ps
inst0 ch0:  C_CMD: RDCMD     C_f = 0x07a   at time  146569951 ps
inst0 ch0:  R_CMD: ACTCMD    R_r0= 0x0a    at time  146596861 ps
inst0 ch0:  R_CMD: ACTCMD    R_f0= 0x18    at time  146597275 ps
inst0 ch0:  R_CMD: ACTCMD    R_r1= 0x3f    at time  146597689 ps
inst0 ch0:  R_CMD: ACTCMD    R_f1= 0x3b    at time  146598103 ps
inst0 ch0:  R_CMD: ACTCMD    R_r0= 0x0a    at time  146598517 ps
inst0 ch0:  R_CMD: ACTCMD    R_f0= 0x10    at time  146598931 ps
inst0 ch0:  R_CMD: ACTCMD    R_r1= 0x3f    at time  146599345 ps
inst0 ch0:  R_CMD: ACTCMD    R_f1= 0x3b    at time  146599759 ps
inst0 ch0:  C_CMD: WRCMD     C_r = 0x011   at time  146607625 ps
inst0 ch0:  C_CMD: WRCMD     C_f = 0x0f8   at time  146608039 ps
inst0 ch0:  C_CMD: WRCMD     C_r = 0x011   at time  146609281 ps
inst0 ch0:  C_CMD: WRCMD     C_f = 0x078   at time  146609695 ps
inst0 ch0:  C_CMD: WRCMD     C_r = 0x019   at time  146610937 ps
inst0 ch0:  C_CMD: WRCMD     C_f = 0x0fa   at time  146611351 ps
inst0 ch0:  C_CMD: WRCMD     C_r = 0x019   at time  146612593 ps
inst0 ch0:  C_CMD: WRCMD     C_f = 0x07a   at time  146613007 ps
inst0 ch0:  R_CMD: ACTCMD    R_r0= 0x0a    at time  146649025 ps
inst0 ch0:  R_CMD: ACTCMD    R_f0= 0x08    at time  146649439 ps
inst0 ch0:  R_CMD: ACTCMD    R_r1= 0x00    at time  146649853 ps
inst0 ch0:  R_CMD: ACTCMD    R_f1= 0x00    at time  146650267 ps
inst0 ch0:  R_CMD: ACTCMD    R_r0= 0x0a    at time  146650681 ps
inst0 ch0:  R_CMD: ACTCMD    R_f0= 0x00    at time  146651095 ps
inst0 ch0:  R_CMD: ACTCMD    R_r1= 0x00    at time  146651509 ps
inst0 ch0:  R_CMD: ACTCMD    R_f1= 0x00    at time  146651923 ps
inst0 ch0:  C_CMD: WRCMD     C_r = 0x011   at time  146659789 ps
inst0 ch0:  C_CMD: WRCMD     C_f = 0x0b8   at time  146660203 ps
inst0 ch0:  C_CMD: WRCMD     C_r = 0x011   at time  146661445 ps
inst0 ch0:  C_CMD: WRCMD     C_f = 0x038   at time  146661859 ps
inst0 ch0:  C_CMD: WRCMD     C_r = 0x011   at time  146663101 ps
inst0 ch0:  C_CMD: WRCMD     C_f = 0x0ba   at time  146663515 ps
inst0 ch0:  C_CMD: WRCMD     C_r = 0x011   at time  146664757 ps
inst0 ch0:  C_CMD: WRCMD     C_f = 0x03a   at time  146665171 ps
inst0 ch0:  C_CMD: WRCMD     C_r = 0x011   at time  146666413 ps
inst0 ch0:  C_CMD: WRCMD     C_f = 0x0b0   at time  146666827 ps
inst0 ch0:  C_CMD: WRCMD     C_r = 0x011   at time  146668069 ps
inst0 ch0:  C_CMD: WRCMD     C_f = 0x030   at time  146668483 ps
inst0 ch0:  C_CMD: WRCMD     C_r = 0x019   at time  146669725 ps
inst0 ch0:  C_CMD: WRCMD     C_f = 0x0b2   at time  146670139 ps
inst0 ch0:  C_CMD: WRCMD     C_r = 0x019   at time  146671381 ps
inst0 ch0:  C_CMD: WRCMD     C_f = 0x032   at time  146671795 ps
inst0 ch0:  R_CMD: ACTCMD    R_r0= 0x0a    at time  146707813 ps
inst0 ch0:  R_CMD: ACTCMD    R_f0= 0x19    at time  146708227 ps
inst0 ch0:  R_CMD: ACTCMD    R_r1= 0x3f    at time  146708641 ps
inst0 ch0:  R_CMD: ACTCMD    R_f1= 0x3b    at time  146709055 ps
inst0 ch0:  R_CMD: ACTCMD    R_r0= 0x0a    at time  146709469 ps
inst0 ch0:  R_CMD: ACTCMD    R_f0= 0x11    at time  146709883 ps
inst0 ch0:  R_CMD: ACTCMD    R_r1= 0x3f    at time  146710297 ps
inst0 ch0:  R_CMD: ACTCMD    R_f1= 0x3b    at time  146710711 ps
inst0 ch0:  C_CMD: WRCMD     C_r = 0x011   at time  146718577 ps
inst0 ch0:  C_CMD: WRCMD     C_f = 0x0f8   at time  146718991 ps
inst0 ch0:  C_CMD: WRCMD     C_r = 0x011   at time  146720233 ps
inst0 ch0:  C_CMD: WRCMD     C_f = 0x078   at time  146720647 ps
inst0 ch0:  C_CMD: WRCMD     C_r = 0x019   at time  146721889 ps
inst0 ch0:  C_CMD: WRCMD     C_f = 0x0fa   at time  146722303 ps
inst0 ch0:  C_CMD: WRCMD     C_r = 0x019   at time  146723545 ps
inst0 ch0:  C_CMD: WRCMD     C_f = 0x07a   at time  146723959 ps
inst0 ch0:  R_CMD: ACTCMD    R_r0= 0x02    at time  147196333 ps
inst0 ch0:  R_CMD: ACTCMD    R_f0= 0x38    at time  147196747 ps
inst0 ch0:  R_CMD: ACTCMD    R_r1= 0x3f    at time  147197161 ps
inst0 ch0:  R_CMD: ACTCMD    R_f1= 0x3b    at time  147197575 ps
inst0 ch0:  R_CMD: ACTCMD    R_r0= 0x02    at time  147197989 ps
inst0 ch0:  R_CMD: ACTCMD    R_f0= 0x30    at time  147198403 ps
inst0 ch0:  R_CMD: ACTCMD    R_r1= 0x3f    at time  147198817 ps
inst0 ch0:  R_CMD: ACTCMD    R_f1= 0x3b    at time  147199231 ps
inst0 ch0:  C_CMD: RDCMD     C_r = 0x085   at time  147211237 ps
inst0 ch0:  C_CMD: RDCMD     C_f = 0x0f8   at time  147211651 ps
inst0 ch0:  C_CMD: RDCMD     C_r = 0x085   at time  147212893 ps
inst0 ch0:  C_CMD: RDCMD     C_f = 0x078   at time  147213307 ps
inst0 ch0:  C_CMD: RDCMD     C_r = 0x08d   at time  147214549 ps
inst0 ch0:  C_CMD: RDCMD     C_f = 0x0fa   at time  147214963 ps
inst0 ch0:  C_CMD: RDCMD     C_r = 0x08d   at time  147216205 ps
inst0 ch0:  C_CMD: RDCMD     C_f = 0x07a   at time  147216619 ps
inst0 ch0:  R_CMD: ACTCMD    R_r0= 0x02    at time  147268369 ps
inst0 ch0:  R_CMD: ACTCMD    R_f0= 0x30    at time  147268783 ps
inst0 ch0:  R_CMD: ACTCMD    R_r1= 0x3f    at time  147269197 ps
inst0 ch0:  R_CMD: ACTCMD    R_f1= 0x3b    at time  147269611 ps
inst0 ch0:  R_CMD: ACTCMD    R_r0= 0x02    at time  147270025 ps
inst0 ch0:  R_CMD: ACTCMD    R_f0= 0x38    at time  147270439 ps
inst0 ch0:  R_CMD: ACTCMD    R_r1= 0x3f    at time  147270853 ps
inst0 ch0:  R_CMD: ACTCMD    R_f1= 0x3b    at time  147271267 ps
inst0 ch0:  C_CMD: WRCMD     C_r = 0x081   at time  147279133 ps
inst0 ch0:  C_CMD: WRCMD     C_f = 0x078   at time  147279547 ps
inst0 ch0:  C_CMD: WRCMD     C_r = 0x081   at time  147280789 ps
inst0 ch0:  C_CMD: WRCMD     C_f = 0x0f8   at time  147281203 ps
inst0 ch0:  C_CMD: WRCMD     C_r = 0x089   at time  147282445 ps
inst0 ch0:  C_CMD: WRCMD     C_f = 0x07a   at time  147282859 ps
inst0 ch0:  C_CMD: WRCMD     C_r = 0x089   at time  147284101 ps
inst0 ch0:  C_CMD: WRCMD     C_f = 0x0fa   at time  147284515 ps
inst0 ch0:  R_CMD: ACTCMD    R_r0= 0x0a    at time  147449701 ps
inst0 ch0:  R_CMD: ACTCMD    R_f0= 0x30    at time  147450115 ps
inst0 ch0:  R_CMD: ACTCMD    R_r1= 0x3f    at time  147450529 ps
inst0 ch0:  R_CMD: ACTCMD    R_f1= 0x3b    at time  147450943 ps
inst0 ch0:  R_CMD: ACTCMD    R_r0= 0x0a    at time  147452185 ps
inst0 ch0:  R_CMD: ACTCMD    R_f0= 0x38    at time  147452599 ps
inst0 ch0:  R_CMD: ACTCMD    R_r1= 0x3f    at time  147453013 ps
inst0 ch0:  R_CMD: ACTCMD    R_f1= 0x3b    at time  147453427 ps
inst0 ch0:  C_CMD: RDCMD     C_r = 0x095   at time  147464605 ps
inst0 ch0:  C_CMD: RDCMD     C_f = 0x078   at time  147465019 ps
inst0 ch0:  C_CMD: RDCMD     C_r = 0x095   at time  147467089 ps
inst0 ch0:  C_CMD: RDCMD     C_f = 0x0f8   at time  147467503 ps
inst0 ch0:  C_CMD: RDCMD     C_r = 0x09d   at time  147467917 ps
inst0 ch0:  C_CMD: RDCMD     C_f = 0x07a   at time  147468331 ps
inst0 ch0:  C_CMD: RDCMD     C_r = 0x09d   at time  147470401 ps
inst0 ch0:  C_CMD: RDCMD     C_f = 0x0fa   at time  147470815 ps
inst0 ch0:  R_CMD: ACTCMD    R_r0= 0x0a    at time  147520081 ps
inst0 ch0:  R_CMD: ACTCMD    R_f0= 0x30    at time  147520495 ps
inst0 ch0:  R_CMD: ACTCMD    R_r1= 0x3f    at time  147520909 ps
inst0 ch0:  R_CMD: ACTCMD    R_f1= 0x3b    at time  147521323 ps
inst0 ch0:  R_CMD: ACTCMD    R_r0= 0x0a    at time  147522565 ps
inst0 ch0:  R_CMD: ACTCMD    R_f0= 0x38    at time  147522979 ps
inst0 ch0:  R_CMD: ACTCMD    R_r1= 0x3f    at time  147523393 ps
inst0 ch0:  R_CMD: ACTCMD    R_f1= 0x3b    at time  147523807 ps
inst0 ch0:  C_CMD: WRCMD     C_r = 0x091   at time  147530845 ps
inst0 ch0:  C_CMD: WRCMD     C_f = 0x078   at time  147531259 ps
inst0 ch0:  C_CMD: WRCMD     C_r = 0x091   at time  147533329 ps
inst0 ch0:  C_CMD: WRCMD     C_f = 0x0f8   at time  147533743 ps
inst0 ch0:  C_CMD: WRCMD     C_r = 0x099   at time  147534157 ps
inst0 ch0:  C_CMD: WRCMD     C_f = 0x07a   at time  147534571 ps
inst0 ch0:  C_CMD: WRCMD     C_r = 0x099   at time  147536641 ps
inst0 ch0:  C_CMD: WRCMD     C_f = 0x0fa   at time  147537055 ps
