inst0 ch0:  R_CMD: ACTCMD    R_r0= 0x0e    at time   33400981 ps
inst0 ch0:  R_CMD: ACTCMD    R_f0= 0x28    at time   33401395 ps
inst0 ch0:  R_CMD: ACTCMD    R_r1= 0x00    at time   33401809 ps
inst0 ch0:  R_CMD: ACTCMD    R_f1= 0x02    at time   33402223 ps
inst0 ch0:  R_CMD: ACTCMD    R_r0= 0x0e    at time   33404293 ps
inst0 ch0:  R_CMD: ACTCMD    R_f0= 0x20    at time   33404707 ps
inst0 ch0:  R_CMD: ACTCMD    R_r1= 0x00    at time   33405121 ps
inst0 ch0:  R_CMD: ACTCMD    R_f1= 0x02    at time   33405535 ps
inst0 ch0:  C_CMD: RDCMD     C_r = 0x095   at time   33415885 ps
inst0 ch0:  C_CMD: RDCMD     C_f = 0x0a9   at time   33416299 ps
inst0 ch0:  C_CMD: RDCMD     C_r = 0x095   at time   33419197 ps
inst0 ch0:  C_CMD: RDCMD     C_f = 0x0ab   at time   33419611 ps
inst0 ch0:  C_CMD: RDCMD     C_r = 0x095   at time   33420025 ps
inst0 ch0:  C_CMD: RDCMD     C_f = 0x029   at time   33420439 ps
inst0 ch0:  C_CMD: RDCMD     C_r = 0x095   at time   33422509 ps
inst0 ch0:  C_CMD: RDCMD     C_f = 0x0a1   at time   33422923 ps
inst0 ch0:  C_CMD: RDCMD     C_r = 0x095   at time   33423337 ps
inst0 ch0:  C_CMD: RDCMD     C_f = 0x02b   at time   33423751 ps
inst0 ch0:  C_CMD: RDCMD     C_r = 0x09d   at time   33425821 ps
inst0 ch0:  C_CMD: RDCMD     C_f = 0x0a3   at time   33426235 ps
inst0 ch0:  C_CMD: RDCMD     C_r = 0x095   at time   33426649 ps
inst0 ch0:  C_CMD: RDCMD     C_f = 0x021   at time   33427063 ps
inst0 ch0:  C_CMD: RDCMD     C_r = 0x09d   at time   33429961 ps
inst0 ch0:  C_CMD: RDCMD     C_f = 0x023   at time   33430375 ps
inst0 ch0:  R_CMD: ACTCMD    R_r0= 0x0e    at time   33694093 ps
inst0 ch0:  R_CMD: ACTCMD    R_f0= 0x28    at time   33694507 ps
inst0 ch0:  R_CMD: ACTCMD    R_r1= 0x00    at time   33694921 ps
inst0 ch0:  R_CMD: ACTCMD    R_f1= 0x02    at time   33695335 ps
inst0 ch0:  R_CMD: ACTCMD    R_r0= 0x0e    at time   33695749 ps
inst0 ch0:  R_CMD: ACTCMD    R_f0= 0x20    at time   33696163 ps
inst0 ch0:  R_CMD: ACTCMD    R_r1= 0x00    at time   33696577 ps
inst0 ch0:  R_CMD: ACTCMD    R_f1= 0x02    at time   33696991 ps
inst0 ch0:  C_CMD: WRCMD     C_r = 0x091   at time   33704857 ps
inst0 ch0:  C_CMD: WRCMD     C_f = 0x0a9   at time   33705271 ps
inst0 ch0:  C_CMD: WRCMD     C_r = 0x091   at time   33706513 ps
inst0 ch0:  C_CMD: WRCMD     C_f = 0x029   at time   33706927 ps
inst0 ch0:  C_CMD: WRCMD     C_r = 0x091   at time   33708169 ps
inst0 ch0:  C_CMD: WRCMD     C_f = 0x0ab   at time   33708583 ps
inst0 ch0:  C_CMD: WRCMD     C_r = 0x091   at time   33709825 ps
inst0 ch0:  C_CMD: WRCMD     C_f = 0x02b   at time   33710239 ps
inst0 ch0:  C_CMD: WRCMD     C_r = 0x091   at time   33711481 ps
inst0 ch0:  C_CMD: WRCMD     C_f = 0x0a1   at time   33711895 ps
inst0 ch0:  C_CMD: WRCMD     C_r = 0x091   at time   33713137 ps
inst0 ch0:  C_CMD: WRCMD     C_f = 0x021   at time   33713551 ps
inst0 ch0:  C_CMD: WRCMD     C_r = 0x099   at time   33714793 ps
inst0 ch0:  C_CMD: WRCMD     C_f = 0x0a3   at time   33715207 ps
inst0 ch0:  C_CMD: WRCMD     C_r = 0x099   at time   33716449 ps
inst0 ch0:  C_CMD: WRCMD     C_f = 0x023   at time   33716863 ps
inst0 ch0:  R_CMD: ACTCMD    R_r0= 0x2e    at time   37810081 ps
inst0 ch0:  R_CMD: ACTCMD    R_f0= 0x28    at time   37810495 ps
inst0 ch0:  R_CMD: ACTCMD    R_r1= 0x00    at time   37810909 ps
inst0 ch0:  R_CMD: ACTCMD    R_f1= 0x02    at time   37811323 ps
inst0 ch0:  R_CMD: ACTCMD    R_r0= 0x2e    at time   37812565 ps
inst0 ch0:  R_CMD: ACTCMD    R_f0= 0x20    at time   37812979 ps
inst0 ch0:  R_CMD: ACTCMD    R_r1= 0x00    at time   37813393 ps
inst0 ch0:  R_CMD: ACTCMD    R_f1= 0x02    at time   37813807 ps
inst0 ch0:  C_CMD: RDCMD     C_r = 0x0d5   at time   37824985 ps
inst0 ch0:  C_CMD: RDCMD     C_f = 0x0a9   at time   37825399 ps
inst0 ch0:  C_CMD: RDCMD     C_r = 0x0d5   at time   37827469 ps
inst0 ch0:  C_CMD: RDCMD     C_f = 0x029   at time   37827883 ps
inst0 ch0:  C_CMD: RDCMD     C_r = 0x0d5   at time   37828297 ps
inst0 ch0:  C_CMD: RDCMD     C_f = 0x0ab   at time   37828711 ps
inst0 ch0:  C_CMD: RDCMD     C_r = 0x0d5   at time   37830781 ps
inst0 ch0:  C_CMD: RDCMD     C_f = 0x02b   at time   37831195 ps
inst0 ch0:  C_CMD: RDCMD     C_r = 0x0d5   at time   37831609 ps
inst0 ch0:  C_CMD: RDCMD     C_f = 0x0a1   at time   37832023 ps
inst0 ch0:  C_CMD: RDCMD     C_r = 0x0d5   at time   37834093 ps
inst0 ch0:  C_CMD: RDCMD     C_f = 0x021   at time   37834507 ps
inst0 ch0:  C_CMD: RDCMD     C_r = 0x0dd   at time   37834921 ps
inst0 ch0:  C_CMD: RDCMD     C_f = 0x0a3   at time   37835335 ps
inst0 ch0:  C_CMD: RDCMD     C_r = 0x0dd   at time   37837405 ps
inst0 ch0:  C_CMD: RDCMD     C_f = 0x023   at time   37837819 ps
inst0 ch0:  R_CMD: ACTCMD    R_r0= 0x2e    at time   37880461 ps
inst0 ch0:  R_CMD: ACTCMD    R_f0= 0x28    at time   37880875 ps
inst0 ch0:  R_CMD: ACTCMD    R_r1= 0x00    at time   37881289 ps
inst0 ch0:  R_CMD: ACTCMD    R_f1= 0x02    at time   37881703 ps
inst0 ch0:  R_CMD: ACTCMD    R_r0= 0x2e    at time   37882945 ps
inst0 ch0:  R_CMD: ACTCMD    R_f0= 0x20    at time   37883359 ps
inst0 ch0:  R_CMD: ACTCMD    R_r1= 0x00    at time   37883773 ps
inst0 ch0:  R_CMD: ACTCMD    R_f1= 0x02    at time   37884187 ps
inst0 ch0:  C_CMD: WRCMD     C_r = 0x0d1   at time   37891225 ps
inst0 ch0:  C_CMD: WRCMD     C_f = 0x0a9   at time   37891639 ps
inst0 ch0:  C_CMD: WRCMD     C_r = 0x0d1   at time   37893709 ps
inst0 ch0:  C_CMD: WRCMD     C_f = 0x029   at time   37894123 ps
inst0 ch0:  C_CMD: WRCMD     C_r = 0x0d1   at time   37894537 ps
inst0 ch0:  C_CMD: WRCMD     C_f = 0x0ab   at time   37894951 ps
inst0 ch0:  C_CMD: WRCMD     C_r = 0x0d1   at time   37897021 ps
inst0 ch0:  C_CMD: WRCMD     C_f = 0x02b   at time   37897435 ps
inst0 ch0:  C_CMD: WRCMD     C_r = 0x0d1   at time   37897849 ps
inst0 ch0:  C_CMD: WRCMD     C_f = 0x0a1   at time   37898263 ps
inst0 ch0:  C_CMD: WRCMD     C_r = 0x0d1   at time   37900333 ps
inst0 ch0:  C_CMD: WRCMD     C_f = 0x021   at time   37900747 ps
inst0 ch0:  C_CMD: WRCMD     C_r = 0x0d9   at time   37901161 ps
inst0 ch0:  C_CMD: WRCMD     C_f = 0x0a3   at time   37901575 ps
inst0 ch0:  C_CMD: WRCMD     C_r = 0x0d9   at time   37903645 ps
inst0 ch0:  C_CMD: WRCMD     C_f = 0x023   at time   37904059 ps
inst0 ch0:  R_CMD: ACTCMD    R_r0= 0x22    at time   54567145 ps
inst0 ch0:  R_CMD: ACTCMD    R_f0= 0x22    at time   54567559 ps
inst0 ch0:  R_CMD: ACTCMD    R_r1= 0x00    at time   54567973 ps
inst0 ch0:  R_CMD: ACTCMD    R_f1= 0x00    at time   54568387 ps
inst0 ch0:  R_CMD: ACTCMD    R_r0= 0x22    at time   54568801 ps
inst0 ch0:  R_CMD: ACTCMD    R_f0= 0x2a    at time   54569215 ps
inst0 ch0:  R_CMD: ACTCMD    R_r1= 0x00    at time   54569629 ps
inst0 ch0:  R_CMD: ACTCMD    R_f1= 0x00    at time   54570043 ps
inst0 ch0:  R_CMD: ACTCMD    R_r0= 0x02    at time   54571285 ps
inst0 ch0:  R_CMD: ACTCMD    R_f0= 0x22    at time   54571699 ps
inst0 ch0:  R_CMD: ACTCMD    R_r1= 0x00    at time   54572113 ps
inst0 ch0:  R_CMD: ACTCMD    R_f1= 0x00    at time   54572527 ps
inst0 ch0:  R_CMD: ACTCMD    R_r0= 0x02    at time   54572941 ps
inst0 ch0:  R_CMD: ACTCMD    R_f0= 0x2a    at time   54573355 ps
inst0 ch0:  R_CMD: ACTCMD    R_r1= 0x00    at time   54573769 ps
inst0 ch0:  R_CMD: ACTCMD    R_f1= 0x00    at time   54574183 ps
inst0 ch0:  R_CMD: ACTCMD    R_r0= 0x22    at time   54575425 ps
inst0 ch0:  R_CMD: ACTCMD    R_f0= 0x02    at time   54575839 ps
inst0 ch0:  R_CMD: ACTCMD    R_r1= 0x00    at time   54576253 ps
inst0 ch0:  R_CMD: ACTCMD    R_f1= 0x00    at time   54576667 ps
inst0 ch0:  R_CMD: ACTCMD    R_r0= 0x22    at time   54577081 ps
inst0 ch0:  R_CMD: ACTCMD    R_f0= 0x0a    at time   54577495 ps
inst0 ch0:  R_CMD: ACTCMD    R_r1= 0x00    at time   54577909 ps
inst0 ch0:  R_CMD: ACTCMD    R_f1= 0x00    at time   54578323 ps
inst0 ch0:  R_CMD: ACTCMD    R_r0= 0x02    at time   54579565 ps
inst0 ch0:  R_CMD: ACTCMD    R_f0= 0x02    at time   54579979 ps
inst0 ch0:  R_CMD: ACTCMD    R_r1= 0x00    at time   54580393 ps
inst0 ch0:  R_CMD: ACTCMD    R_f1= 0x00    at time   54580807 ps
inst0 ch0:  R_CMD: ACTCMD    R_r0= 0x02    at time   54581221 ps
inst0 ch0:  R_CMD: ACTCMD    R_f0= 0x0a    at time   54581635 ps
inst0 ch0:  R_CMD: ACTCMD    R_r1= 0x00    at time   54582049 ps
inst0 ch0:  C_CMD: RDCMD     C_r = 0x0c5   at time   54582049 ps
inst0 ch0:  R_CMD: ACTCMD    R_f1= 0x00    at time   54582463 ps
inst0 ch0:  C_CMD: RDCMD     C_f = 0x000   at time   54582463 ps
inst0 ch0:  C_CMD: RDCMD     C_r = 0x0c5   at time   54583705 ps
inst0 ch0:  C_CMD: RDCMD     C_f = 0x080   at time   54584119 ps
inst0 ch0:  C_CMD: RDCMD     C_r = 0x0cd   at time   54585361 ps
inst0 ch0:  C_CMD: RDCMD     C_f = 0x002   at time   54585775 ps
inst0 ch0:  C_CMD: RDCMD     C_r = 0x085   at time   54587017 ps
inst0 ch0:  C_CMD: RDCMD     C_f = 0x000   at time   54587431 ps
inst0 ch0:  C_CMD: RDCMD     C_r = 0x0cd   at time   54587845 ps
inst0 ch0:  C_CMD: RDCMD     C_f = 0x082   at time   54588259 ps
inst0 ch0:  C_CMD: RDCMD     C_r = 0x085   at time   54589501 ps
inst0 ch0:  C_CMD: RDCMD     C_f = 0x080   at time   54589915 ps
inst0 ch0:  C_CMD: RDCMD     C_r = 0x08d   at time   54590329 ps
inst0 ch0:  C_CMD: RDCMD     C_f = 0x002   at time   54590743 ps
inst0 ch0:  C_CMD: RDCMD     C_r = 0x045   at time   54591985 ps
inst0 ch0:  C_CMD: RDCMD     C_f = 0x000   at time   54592399 ps
inst0 ch0:  C_CMD: RDCMD     C_r = 0x08d   at time   54592813 ps
inst0 ch0:  C_CMD: RDCMD     C_f = 0x082   at time   54593227 ps
inst0 ch0:  C_CMD: RDCMD     C_r = 0x005   at time   54594469 ps
inst0 ch0:  C_CMD: RDCMD     C_f = 0x000   at time   54594883 ps
inst0 ch0:  C_CMD: RDCMD     C_r = 0x045   at time   54595297 ps
inst0 ch0:  C_CMD: RDCMD     C_f = 0x080   at time   54595711 ps
inst0 ch0:  C_CMD: RDCMD     C_r = 0x04d   at time   54596125 ps
inst0 ch0:  C_CMD: RDCMD     C_f = 0x002   at time   54596539 ps
inst0 ch0:  C_CMD: RDCMD     C_r = 0x005   at time   54596953 ps
inst0 ch0:  C_CMD: RDCMD     C_f = 0x080   at time   54597367 ps
inst0 ch0:  C_CMD: RDCMD     C_r = 0x00d   at time   54597781 ps
inst0 ch0:  C_CMD: RDCMD     C_f = 0x002   at time   54598195 ps
inst0 ch0:  C_CMD: RDCMD     C_r = 0x04d   at time   54598609 ps
inst0 ch0:  C_CMD: RDCMD     C_f = 0x082   at time   54599023 ps
inst0 ch0:  C_CMD: RDCMD     C_r = 0x00d   at time   54600265 ps
inst0 ch0:  C_CMD: RDCMD     C_f = 0x082   at time   54600679 ps
inst0 ch0:  R_CMD: ACTCMD    R_r0= 0x2a    at time   55144261 ps
inst0 ch0:  R_CMD: ACTCMD    R_f0= 0x22    at time   55144675 ps
inst0 ch0:  R_CMD: ACTCMD    R_r1= 0x00    at time   55145089 ps
inst0 ch0:  R_CMD: ACTCMD    R_f1= 0x00    at time   55145503 ps
inst0 ch0:  R_CMD: ACTCMD    R_r0= 0x0a    at time   55148401 ps
inst0 ch0:  R_CMD: ACTCMD    R_f0= 0x22    at time   55148815 ps
inst0 ch0:  R_CMD: ACTCMD    R_r1= 0x00    at time   55149229 ps
inst0 ch0:  R_CMD: ACTCMD    R_f1= 0x00    at time   55149643 ps
inst0 ch0:  R_CMD: ACTCMD    R_r0= 0x2a    at time   55152541 ps
inst0 ch0:  R_CMD: ACTCMD    R_f0= 0x02    at time   55152955 ps
inst0 ch0:  R_CMD: ACTCMD    R_r1= 0x00    at time   55153369 ps
inst0 ch0:  R_CMD: ACTCMD    R_f1= 0x00    at time   55153783 ps
inst0 ch0:  R_CMD: ACTCMD    R_r0= 0x2a    at time   55155853 ps
inst0 ch0:  R_CMD: ACTCMD    R_f0= 0x2a    at time   55156267 ps
inst0 ch0:  R_CMD: ACTCMD    R_r1= 0x00    at time   55156681 ps
inst0 ch0:  R_CMD: ACTCMD    R_f1= 0x00    at time   55157095 ps
inst0 ch0:  R_CMD: ACTCMD    R_r0= 0x0a    at time   55157509 ps
inst0 ch0:  R_CMD: ACTCMD    R_f0= 0x02    at time   55157923 ps
inst0 ch0:  R_CMD: ACTCMD    R_r1= 0x00    at time   55158337 ps
inst0 ch0:  R_CMD: ACTCMD    R_f1= 0x00    at time   55158751 ps
inst0 ch0:  C_CMD: RDCMD     C_r = 0x0d5   at time   55159165 ps
inst0 ch0:  C_CMD: RDCMD     C_f = 0x000   at time   55159579 ps
inst0 ch0:  R_CMD: ACTCMD    R_r0= 0x0a    at time   55159993 ps
inst0 ch0:  R_CMD: ACTCMD    R_f0= 0x2a    at time   55160407 ps
inst0 ch0:  R_CMD: ACTCMD    R_r1= 0x00    at time   55160821 ps
inst0 ch0:  R_CMD: ACTCMD    R_f1= 0x00    at time   55161235 ps
inst0 ch0:  C_CMD: RDCMD     C_r = 0x0dd   at time   55162477 ps
inst0 ch0:  C_CMD: RDCMD     C_f = 0x002   at time   55162891 ps
inst0 ch0:  R_CMD: ACTCMD    R_r0= 0x2a    at time   55164133 ps
inst0 ch0:  C_CMD: RDCMD     C_r = 0x095   at time   55164133 ps
inst0 ch0:  R_CMD: ACTCMD    R_f0= 0x0a    at time   55164547 ps
inst0 ch0:  C_CMD: RDCMD     C_f = 0x000   at time   55164547 ps
inst0 ch0:  R_CMD: ACTCMD    R_r1= 0x00    at time   55164961 ps
inst0 ch0:  R_CMD: ACTCMD    R_f1= 0x00    at time   55165375 ps
inst0 ch0:  C_CMD: RDCMD     C_r = 0x09d   at time   55167445 ps
inst0 ch0:  C_CMD: RDCMD     C_f = 0x002   at time   55167859 ps
inst0 ch0:  R_CMD: ACTCMD    R_r0= 0x0a    at time   55168273 ps
inst0 ch0:  R_CMD: ACTCMD    R_f0= 0x0a    at time   55168687 ps
inst0 ch0:  R_CMD: ACTCMD    R_r1= 0x00    at time   55169101 ps
inst0 ch0:  C_CMD: RDCMD     C_r = 0x055   at time   55169101 ps
inst0 ch0:  R_CMD: ACTCMD    R_f1= 0x00    at time   55169515 ps
inst0 ch0:  C_CMD: RDCMD     C_f = 0x000   at time   55169515 ps
inst0 ch0:  C_CMD: RDCMD     C_r = 0x0d5   at time   55170757 ps
inst0 ch0:  C_CMD: RDCMD     C_f = 0x080   at time   55171171 ps
inst0 ch0:  C_CMD: RDCMD     C_r = 0x05d   at time   55172413 ps
inst0 ch0:  C_CMD: RDCMD     C_f = 0x002   at time   55172827 ps
inst0 ch0:  C_CMD: RDCMD     C_r = 0x015   at time   55174069 ps
inst0 ch0:  C_CMD: RDCMD     C_f = 0x000   at time   55174483 ps
inst0 ch0:  C_CMD: RDCMD     C_r = 0x0dd   at time   55174897 ps
inst0 ch0:  C_CMD: RDCMD     C_f = 0x082   at time   55175311 ps
inst0 ch0:  C_CMD: RDCMD     C_r = 0x095   at time   55176553 ps
inst0 ch0:  C_CMD: RDCMD     C_f = 0x080   at time   55176967 ps
inst0 ch0:  C_CMD: RDCMD     C_r = 0x01d   at time   55177381 ps
inst0 ch0:  C_CMD: RDCMD     C_f = 0x002   at time   55177795 ps
inst0 ch0:  C_CMD: RDCMD     C_r = 0x055   at time   55179037 ps
inst0 ch0:  C_CMD: RDCMD     C_f = 0x080   at time   55179451 ps
inst0 ch0:  C_CMD: RDCMD     C_r = 0x09d   at time   55180693 ps
inst0 ch0:  C_CMD: RDCMD     C_f = 0x082   at time   55181107 ps
inst0 ch0:  C_CMD: RDCMD     C_r = 0x05d   at time   55182349 ps
inst0 ch0:  C_CMD: RDCMD     C_f = 0x082   at time   55182763 ps
inst0 ch0:  C_CMD: RDCMD     C_r = 0x015   at time   55184005 ps
inst0 ch0:  C_CMD: RDCMD     C_f = 0x080   at time   55184419 ps
inst0 ch0:  C_CMD: RDCMD     C_r = 0x01d   at time   55187317 ps
inst0 ch0:  C_CMD: RDCMD     C_f = 0x082   at time   55187731 ps
inst0 ch0:  R_CMD: ACTCMD    R_r0= 0x32    at time   55418329 ps
inst0 ch0:  R_CMD: ACTCMD    R_f0= 0x22    at time   55418743 ps
inst0 ch0:  R_CMD: ACTCMD    R_r1= 0x00    at time   55419157 ps
inst0 ch0:  R_CMD: ACTCMD    R_f1= 0x00    at time   55419571 ps
inst0 ch0:  R_CMD: ACTCMD    R_r0= 0x12    at time   55422469 ps
inst0 ch0:  R_CMD: ACTCMD    R_f0= 0x22    at time   55422883 ps
inst0 ch0:  R_CMD: ACTCMD    R_r1= 0x00    at time   55423297 ps
inst0 ch0:  R_CMD: ACTCMD    R_f1= 0x00    at time   55423711 ps
inst0 ch0:  R_CMD: ACTCMD    R_r0= 0x32    at time   55424953 ps
inst0 ch0:  R_CMD: ACTCMD    R_f0= 0x2a    at time   55425367 ps
inst0 ch0:  R_CMD: ACTCMD    R_r1= 0x00    at time   55425781 ps
inst0 ch0:  R_CMD: ACTCMD    R_f1= 0x00    at time   55426195 ps
inst0 ch0:  R_CMD: ACTCMD    R_r0= 0x32    at time   55426609 ps
inst0 ch0:  R_CMD: ACTCMD    R_f0= 0x02    at time   55427023 ps
inst0 ch0:  R_CMD: ACTCMD    R_r1= 0x00    at time   55427437 ps
inst0 ch0:  R_CMD: ACTCMD    R_f1= 0x00    at time   55427851 ps
inst0 ch0:  R_CMD: ACTCMD    R_r0= 0x12    at time   55429093 ps
inst0 ch0:  R_CMD: ACTCMD    R_f0= 0x2a    at time   55429507 ps
inst0 ch0:  R_CMD: ACTCMD    R_r1= 0x00    at time   55429921 ps
inst0 ch0:  R_CMD: ACTCMD    R_f1= 0x00    at time   55430335 ps
inst0 ch0:  R_CMD: ACTCMD    R_r0= 0x12    at time   55430749 ps
inst0 ch0:  R_CMD: ACTCMD    R_f0= 0x02    at time   55431163 ps
inst0 ch0:  R_CMD: ACTCMD    R_r1= 0x00    at time   55431577 ps
inst0 ch0:  R_CMD: ACTCMD    R_f1= 0x00    at time   55431991 ps
inst0 ch0:  R_CMD: ACTCMD    R_r0= 0x32    at time   55433233 ps
inst0 ch0:  C_CMD: RDCMD     C_r = 0x0e5   at time   55433233 ps
inst0 ch0:  R_CMD: ACTCMD    R_f0= 0x0a    at time   55433647 ps
inst0 ch0:  C_CMD: RDCMD     C_f = 0x000   at time   55433647 ps
inst0 ch0:  R_CMD: ACTCMD    R_r1= 0x00    at time   55434061 ps
inst0 ch0:  R_CMD: ACTCMD    R_f1= 0x00    at time   55434475 ps
inst0 ch0:  C_CMD: RDCMD     C_r = 0x0ed   at time   55436545 ps
inst0 ch0:  C_CMD: RDCMD     C_f = 0x002   at time   55436959 ps
inst0 ch0:  R_CMD: ACTCMD    R_r0= 0x12    at time   55437373 ps
inst0 ch0:  R_CMD: ACTCMD    R_f0= 0x0a    at time   55437787 ps
inst0 ch0:  R_CMD: ACTCMD    R_r1= 0x00    at time   55438201 ps
inst0 ch0:  C_CMD: RDCMD     C_r = 0x0a5   at time   55438201 ps
inst0 ch0:  R_CMD: ACTCMD    R_f1= 0x00    at time   55438615 ps
inst0 ch0:  C_CMD: RDCMD     C_f = 0x000   at time   55438615 ps
inst0 ch0:  C_CMD: RDCMD     C_r = 0x0e5   at time   55439857 ps
inst0 ch0:  C_CMD: RDCMD     C_f = 0x080   at time   55440271 ps
inst0 ch0:  C_CMD: RDCMD     C_r = 0x0ad   at time   55441513 ps
inst0 ch0:  C_CMD: RDCMD     C_f = 0x002   at time   55441927 ps
inst0 ch0:  C_CMD: RDCMD     C_r = 0x065   at time   55443169 ps
inst0 ch0:  C_CMD: RDCMD     C_f = 0x000   at time   55443583 ps
inst0 ch0:  C_CMD: RDCMD     C_r = 0x0ed   at time   55443997 ps
inst0 ch0:  C_CMD: RDCMD     C_f = 0x082   at time   55444411 ps
inst0 ch0:  C_CMD: RDCMD     C_r = 0x025   at time   55445653 ps
inst0 ch0:  C_CMD: RDCMD     C_f = 0x000   at time   55446067 ps
inst0 ch0:  C_CMD: RDCMD     C_r = 0x0a5   at time   55446481 ps
inst0 ch0:  C_CMD: RDCMD     C_f = 0x080   at time   55446895 ps
inst0 ch0:  C_CMD: RDCMD     C_r = 0x06d   at time   55447309 ps
inst0 ch0:  C_CMD: RDCMD     C_f = 0x002   at time   55447723 ps
inst0 ch0:  C_CMD: RDCMD     C_r = 0x065   at time   55448137 ps
inst0 ch0:  C_CMD: RDCMD     C_f = 0x080   at time   55448551 ps
inst0 ch0:  C_CMD: RDCMD     C_r = 0x02d   at time   55448965 ps
inst0 ch0:  C_CMD: RDCMD     C_f = 0x002   at time   55449379 ps
inst0 ch0:  C_CMD: RDCMD     C_r = 0x0ad   at time   55449793 ps
inst0 ch0:  C_CMD: RDCMD     C_f = 0x082   at time   55450207 ps
inst0 ch0:  C_CMD: RDCMD     C_r = 0x06d   at time   55451449 ps
inst0 ch0:  C_CMD: RDCMD     C_f = 0x082   at time   55451863 ps
inst0 ch0:  C_CMD: RDCMD     C_r = 0x025   at time   55453105 ps
inst0 ch0:  C_CMD: RDCMD     C_f = 0x080   at time   55453519 ps
inst0 ch0:  C_CMD: RDCMD     C_r = 0x02d   at time   55456417 ps
inst0 ch0:  C_CMD: RDCMD     C_f = 0x082   at time   55456831 ps
inst0 ch0:  R_CMD: ACTCMD    R_r0= 0x3a    at time   55852201 ps
inst0 ch0:  R_CMD: ACTCMD    R_f0= 0x22    at time   55852615 ps
inst0 ch0:  R_CMD: ACTCMD    R_r1= 0x00    at time   55853029 ps
inst0 ch0:  R_CMD: ACTCMD    R_f1= 0x00    at time   55853443 ps
inst0 ch0:  R_CMD: ACTCMD    R_r0= 0x1a    at time   55856341 ps
inst0 ch0:  R_CMD: ACTCMD    R_f0= 0x22    at time   55856755 ps
inst0 ch0:  R_CMD: ACTCMD    R_r1= 0x00    at time   55857169 ps
inst0 ch0:  R_CMD: ACTCMD    R_f1= 0x00    at time   55857583 ps
inst0 ch0:  R_CMD: ACTCMD    R_r0= 0x3a    at time   55860481 ps
inst0 ch0:  R_CMD: ACTCMD    R_f0= 0x02    at time   55860895 ps
inst0 ch0:  R_CMD: ACTCMD    R_r1= 0x00    at time   55861309 ps
inst0 ch0:  R_CMD: ACTCMD    R_f1= 0x00    at time   55861723 ps
inst0 ch0:  R_CMD: ACTCMD    R_r0= 0x1a    at time   55864621 ps
inst0 ch0:  R_CMD: ACTCMD    R_f0= 0x02    at time   55865035 ps
inst0 ch0:  R_CMD: ACTCMD    R_r1= 0x00    at time   55865449 ps
inst0 ch0:  R_CMD: ACTCMD    R_f1= 0x00    at time   55865863 ps
inst0 ch0:  C_CMD: RDCMD     C_r = 0x0f5   at time   55867105 ps
inst0 ch0:  C_CMD: RDCMD     C_f = 0x000   at time   55867519 ps
inst0 ch0:  C_CMD: RDCMD     C_r = 0x0fd   at time   55870417 ps
inst0 ch0:  C_CMD: RDCMD     C_f = 0x002   at time   55870831 ps
inst0 ch0:  C_CMD: RDCMD     C_r = 0x0b5   at time   55872073 ps
inst0 ch0:  C_CMD: RDCMD     C_f = 0x000   at time   55872487 ps
inst0 ch0:  C_CMD: RDCMD     C_r = 0x0bd   at time   55875385 ps
inst0 ch0:  C_CMD: RDCMD     C_f = 0x002   at time   55875799 ps
inst0 ch0:  C_CMD: RDCMD     C_r = 0x075   at time   55877041 ps
inst0 ch0:  C_CMD: RDCMD     C_f = 0x000   at time   55877455 ps
inst0 ch0:  R_CMD: ACTCMD    R_r0= 0x3a    at time   55877869 ps
inst0 ch0:  R_CMD: ACTCMD    R_f0= 0x2a    at time   55878283 ps
inst0 ch0:  R_CMD: ACTCMD    R_r1= 0x00    at time   55878697 ps
inst0 ch0:  R_CMD: ACTCMD    R_f1= 0x00    at time   55879111 ps
inst0 ch0:  C_CMD: RDCMD     C_r = 0x035   at time   55879525 ps
inst0 ch0:  C_CMD: RDCMD     C_f = 0x000   at time   55879939 ps
inst0 ch0:  C_CMD: RDCMD     C_r = 0x07d   at time   55881181 ps
inst0 ch0:  C_CMD: RDCMD     C_f = 0x002   at time   55881595 ps
inst0 ch0:  R_CMD: ACTCMD    R_r0= 0x1a    at time   55882009 ps
inst0 ch0:  R_CMD: ACTCMD    R_f0= 0x2a    at time   55882423 ps
inst0 ch0:  R_CMD: ACTCMD    R_r1= 0x00    at time   55882837 ps
inst0 ch0:  C_CMD: RDCMD     C_r = 0x03d   at time   55882837 ps
inst0 ch0:  R_CMD: ACTCMD    R_f1= 0x00    at time   55883251 ps
inst0 ch0:  C_CMD: RDCMD     C_f = 0x002   at time   55883251 ps
inst0 ch0:  R_CMD: ACTCMD    R_r0= 0x3a    at time   55886149 ps
inst0 ch0:  R_CMD: ACTCMD    R_f0= 0x0a    at time   55886563 ps
inst0 ch0:  R_CMD: ACTCMD    R_r1= 0x00    at time   55886977 ps
inst0 ch0:  R_CMD: ACTCMD    R_f1= 0x00    at time   55887391 ps
inst0 ch0:  R_CMD: ACTCMD    R_r0= 0x1a    at time   55890289 ps
inst0 ch0:  R_CMD: ACTCMD    R_f0= 0x0a    at time   55890703 ps
inst0 ch0:  R_CMD: ACTCMD    R_r1= 0x00    at time   55891117 ps
inst0 ch0:  R_CMD: ACTCMD    R_f1= 0x00    at time   55891531 ps
inst0 ch0:  C_CMD: RDCMD     C_r = 0x0f5   at time   55892773 ps
inst0 ch0:  C_CMD: RDCMD     C_f = 0x080   at time   55893187 ps
inst0 ch0:  C_CMD: RDCMD     C_r = 0x0fd   at time   55896085 ps
inst0 ch0:  C_CMD: RDCMD     C_f = 0x082   at time   55896499 ps
inst0 ch0:  C_CMD: RDCMD     C_r = 0x0b5   at time   55897741 ps
inst0 ch0:  C_CMD: RDCMD     C_f = 0x080   at time   55898155 ps
inst0 ch0:  C_CMD: RDCMD     C_r = 0x0bd   at time   55901053 ps
inst0 ch0:  C_CMD: RDCMD     C_f = 0x082   at time   55901467 ps
inst0 ch0:  C_CMD: RDCMD     C_r = 0x075   at time   55902709 ps
inst0 ch0:  C_CMD: RDCMD     C_f = 0x080   at time   55903123 ps
inst0 ch0:  C_CMD: RDCMD     C_r = 0x035   at time   55905193 ps
inst0 ch0:  C_CMD: RDCMD     C_f = 0x080   at time   55905607 ps
inst0 ch0:  C_CMD: RDCMD     C_r = 0x07d   at time   55906849 ps
inst0 ch0:  C_CMD: RDCMD     C_f = 0x082   at time   55907263 ps
inst0 ch0:  C_CMD: RDCMD     C_r = 0x03d   at time   55908505 ps
inst0 ch0:  C_CMD: RDCMD     C_f = 0x082   at time   55908919 ps
inst0 ch0:  R_CMD: ACTCMD    R_r0= 0x02    at time   56291041 ps
inst0 ch0:  R_CMD: ACTCMD    R_f0= 0x10    at time   56291455 ps
inst0 ch0:  R_CMD: ACTCMD    R_r1= 0x3f    at time   56291869 ps
inst0 ch0:  R_CMD: ACTCMD    R_f1= 0x3b    at time   56292283 ps
inst0 ch0:  C_CMD: RDCMD     C_r = 0x005   at time   56305945 ps
inst0 ch0:  C_CMD: RDCMD     C_f = 0x078   at time   56306359 ps
inst0 ch0:  R_CMD: ACTCMD    R_r0= 0x02    at time   56307601 ps
inst0 ch0:  R_CMD: ACTCMD    R_f0= 0x18    at time   56308015 ps
inst0 ch0:  R_CMD: ACTCMD    R_r1= 0x3f    at time   56308429 ps
inst0 ch0:  R_CMD: ACTCMD    R_f1= 0x3b    at time   56308843 ps
inst0 ch0:  C_CMD: RDCMD     C_r = 0x00d   at time   56309257 ps
inst0 ch0:  C_CMD: RDCMD     C_f = 0x07a   at time   56309671 ps
inst0 ch0:  C_CMD: RDCMD     C_r = 0x005   at time   56322505 ps
inst0 ch0:  C_CMD: RDCMD     C_f = 0x0f8   at time   56322919 ps
inst0 ch0:  C_CMD: RDCMD     C_r = 0x00d   at time   56325817 ps
inst0 ch0:  C_CMD: RDCMD     C_f = 0x0fa   at time   56326231 ps
inst0 ch0:  R_CMD: ACTCMD    R_r0= 0x02    at time   56361421 ps
inst0 ch0:  R_CMD: ACTCMD    R_f0= 0x10    at time   56361835 ps
inst0 ch0:  R_CMD: ACTCMD    R_r1= 0x3f    at time   56362249 ps
inst0 ch0:  R_CMD: ACTCMD    R_f1= 0x3b    at time   56362663 ps
inst0 ch0:  C_CMD: WRCMD     C_r = 0x001   at time   56372185 ps
inst0 ch0:  C_CMD: WRCMD     C_f = 0x078   at time   56372599 ps
inst0 ch0:  C_CMD: WRCMD     C_r = 0x009   at time   56375497 ps
inst0 ch0:  C_CMD: WRCMD     C_f = 0x07a   at time   56375911 ps
inst0 ch0:  R_CMD: ACTCMD    R_r0= 0x02    at time   56377981 ps
inst0 ch0:  R_CMD: ACTCMD    R_f0= 0x18    at time   56378395 ps
inst0 ch0:  R_CMD: ACTCMD    R_r1= 0x3f    at time   56378809 ps
inst0 ch0:  R_CMD: ACTCMD    R_f1= 0x3b    at time   56379223 ps
inst0 ch0:  C_CMD: WRCMD     C_r = 0x001   at time   56388745 ps
inst0 ch0:  C_CMD: WRCMD     C_f = 0x0f8   at time   56389159 ps
inst0 ch0:  C_CMD: WRCMD     C_r = 0x009   at time   56392057 ps
inst0 ch0:  C_CMD: WRCMD     C_f = 0x0fa   at time   56392471 ps
inst0 ch0:  R_CMD: ACTCMD    R_r0= 0x0a    at time   56544409 ps
inst0 ch0:  R_CMD: ACTCMD    R_f0= 0x10    at time   56544823 ps
inst0 ch0:  R_CMD: ACTCMD    R_r1= 0x3f    at time   56545237 ps
inst0 ch0:  R_CMD: ACTCMD    R_f1= 0x3b    at time   56545651 ps
inst0 ch0:  C_CMD: RDCMD     C_r = 0x015   at time   56559313 ps
inst0 ch0:  C_CMD: RDCMD     C_f = 0x078   at time   56559727 ps
inst0 ch0:  C_CMD: RDCMD     C_r = 0x01d   at time   56562625 ps
inst0 ch0:  C_CMD: RDCMD     C_f = 0x07a   at time   56563039 ps
inst0 ch0:  R_CMD: ACTCMD    R_r0= 0x0a    at time   56603197 ps
inst0 ch0:  R_CMD: ACTCMD    R_f0= 0x18    at time   56603611 ps
inst0 ch0:  R_CMD: ACTCMD    R_r1= 0x3f    at time   56604025 ps
inst0 ch0:  R_CMD: ACTCMD    R_f1= 0x3b    at time   56604439 ps
inst0 ch0:  C_CMD: RDCMD     C_r = 0x015   at time   56618101 ps
inst0 ch0:  C_CMD: RDCMD     C_f = 0x0f8   at time   56618515 ps
inst0 ch0:  C_CMD: RDCMD     C_r = 0x01d   at time   56621413 ps
inst0 ch0:  C_CMD: RDCMD     C_f = 0x0fa   at time   56621827 ps
inst0 ch0:  R_CMD: ACTCMD    R_r0= 0x0a    at time   56755549 ps
inst0 ch0:  R_CMD: ACTCMD    R_f0= 0x10    at time   56755963 ps
inst0 ch0:  R_CMD: ACTCMD    R_r1= 0x3f    at time   56756377 ps
inst0 ch0:  R_CMD: ACTCMD    R_f1= 0x3b    at time   56756791 ps
inst0 ch0:  C_CMD: WRCMD     C_r = 0x011   at time   56766313 ps
inst0 ch0:  C_CMD: WRCMD     C_f = 0x078   at time   56766727 ps
inst0 ch0:  C_CMD: WRCMD     C_r = 0x019   at time   56769625 ps
inst0 ch0:  C_CMD: WRCMD     C_f = 0x07a   at time   56770039 ps
inst0 ch0:  R_CMD: ACTCMD    R_r0= 0x02    at time   56853253 ps
inst0 ch0:  R_CMD: ACTCMD    R_f0= 0x30    at time   56853667 ps
inst0 ch0:  R_CMD: ACTCMD    R_r1= 0x3f    at time   56854081 ps
inst0 ch0:  R_CMD: ACTCMD    R_f1= 0x3b    at time   56854495 ps
inst0 ch0:  C_CMD: RDCMD     C_r = 0x085   at time   56868157 ps
inst0 ch0:  C_CMD: RDCMD     C_f = 0x078   at time   56868571 ps
inst0 ch0:  R_CMD: ACTCMD    R_r0= 0x0a    at time   56871469 ps
inst0 ch0:  C_CMD: RDCMD     C_r = 0x08d   at time   56871469 ps
inst0 ch0:  R_CMD: ACTCMD    R_f0= 0x18    at time   56871883 ps
inst0 ch0:  C_CMD: RDCMD     C_f = 0x07a   at time   56871883 ps
inst0 ch0:  R_CMD: ACTCMD    R_r1= 0x3f    at time   56872297 ps
inst0 ch0:  R_CMD: ACTCMD    R_f1= 0x3b    at time   56872711 ps
inst0 ch0:  C_CMD: WRCMD     C_r = 0x011   at time   56882233 ps
inst0 ch0:  C_CMD: WRCMD     C_f = 0x0f8   at time   56882647 ps
inst0 ch0:  C_CMD: WRCMD     C_r = 0x019   at time   56885545 ps
inst0 ch0:  C_CMD: WRCMD     C_f = 0x0fa   at time   56885959 ps
inst0 ch0:  R_CMD: ACTCMD    R_r0= 0x02    at time   56934397 ps
inst0 ch0:  R_CMD: ACTCMD    R_f0= 0x30    at time   56934811 ps
inst0 ch0:  R_CMD: ACTCMD    R_r1= 0x3f    at time   56935225 ps
inst0 ch0:  R_CMD: ACTCMD    R_f1= 0x3b    at time   56935639 ps
inst0 ch0:  C_CMD: WRCMD     C_r = 0x081   at time   56945161 ps
inst0 ch0:  C_CMD: WRCMD     C_f = 0x078   at time   56945575 ps
inst0 ch0:  C_CMD: WRCMD     C_r = 0x089   at time   56948473 ps
inst0 ch0:  C_CMD: WRCMD     C_f = 0x07a   at time   56948887 ps
inst0 ch0:  R_CMD: ACTCMD    R_r0= 0x02    at time   56965861 ps
inst0 ch0:  R_CMD: ACTCMD    R_f0= 0x38    at time   56966275 ps
inst0 ch0:  R_CMD: ACTCMD    R_r1= 0x3f    at time   56966689 ps
inst0 ch0:  R_CMD: ACTCMD    R_f1= 0x3b    at time   56967103 ps
inst0 ch0:  C_CMD: RDCMD     C_r = 0x085   at time   56980765 ps
inst0 ch0:  C_CMD: RDCMD     C_f = 0x0f8   at time   56981179 ps
inst0 ch0:  C_CMD: RDCMD     C_r = 0x08d   at time   56984077 ps
inst0 ch0:  C_CMD: RDCMD     C_f = 0x0fa   at time   56984491 ps
inst0 ch0:  R_CMD: ACTCMD    R_r0= 0x02    at time   57038725 ps
inst0 ch0:  R_CMD: ACTCMD    R_f0= 0x38    at time   57039139 ps
inst0 ch0:  R_CMD: ACTCMD    R_r1= 0x3f    at time   57039553 ps
inst0 ch0:  R_CMD: ACTCMD    R_f1= 0x3b    at time   57039967 ps
inst0 ch0:  C_CMD: WRCMD     C_r = 0x081   at time   57049489 ps
inst0 ch0:  C_CMD: WRCMD     C_f = 0x0f8   at time   57049903 ps
inst0 ch0:  C_CMD: WRCMD     C_r = 0x089   at time   57052801 ps
inst0 ch0:  C_CMD: WRCMD     C_f = 0x0fa   at time   57053215 ps
inst0 ch0:  R_CMD: ACTCMD    R_r0= 0x0a    at time   57135601 ps
inst0 ch0:  R_CMD: ACTCMD    R_f0= 0x30    at time   57136015 ps
inst0 ch0:  R_CMD: ACTCMD    R_r1= 0x3f    at time   57136429 ps
inst0 ch0:  R_CMD: ACTCMD    R_f1= 0x3b    at time   57136843 ps
inst0 ch0:  C_CMD: RDCMD     C_r = 0x095   at time   57150505 ps
inst0 ch0:  C_CMD: RDCMD     C_f = 0x078   at time   57150919 ps
inst0 ch0:  C_CMD: RDCMD     C_r = 0x09d   at time   57153817 ps
inst0 ch0:  C_CMD: RDCMD     C_f = 0x07a   at time   57154231 ps
inst0 ch0:  R_CMD: ACTCMD    R_r0= 0x0a    at time   57180313 ps
inst0 ch0:  R_CMD: ACTCMD    R_f0= 0x38    at time   57180727 ps
inst0 ch0:  R_CMD: ACTCMD    R_r1= 0x3f    at time   57181141 ps
inst0 ch0:  R_CMD: ACTCMD    R_f1= 0x3b    at time   57181555 ps
inst0 ch0:  C_CMD: RDCMD     C_r = 0x095   at time   57195217 ps
inst0 ch0:  C_CMD: RDCMD     C_f = 0x0f8   at time   57195631 ps
inst0 ch0:  C_CMD: RDCMD     C_r = 0x09d   at time   57198529 ps
inst0 ch0:  C_CMD: RDCMD     C_f = 0x0fa   at time   57198943 ps
inst0 ch0:  R_CMD: ACTCMD    R_r0= 0x0a    at time   57205981 ps
inst0 ch0:  R_CMD: ACTCMD    R_f0= 0x30    at time   57206395 ps
inst0 ch0:  R_CMD: ACTCMD    R_r1= 0x3f    at time   57206809 ps
inst0 ch0:  R_CMD: ACTCMD    R_f1= 0x3b    at time   57207223 ps
inst0 ch0:  C_CMD: WRCMD     C_r = 0x091   at time   57216745 ps
inst0 ch0:  C_CMD: WRCMD     C_f = 0x078   at time   57217159 ps
inst0 ch0:  C_CMD: WRCMD     C_r = 0x099   at time   57220057 ps
inst0 ch0:  C_CMD: WRCMD     C_f = 0x07a   at time   57220471 ps
inst0 ch0:  R_CMD: ACTCMD    R_r0= 0x0a    at time   57250693 ps
inst0 ch0:  R_CMD: ACTCMD    R_f0= 0x38    at time   57251107 ps
inst0 ch0:  R_CMD: ACTCMD    R_r1= 0x3f    at time   57251521 ps
inst0 ch0:  R_CMD: ACTCMD    R_f1= 0x3b    at time   57251935 ps
inst0 ch0:  C_CMD: WRCMD     C_r = 0x091   at time   57261457 ps
inst0 ch0:  C_CMD: WRCMD     C_f = 0x0f8   at time   57261871 ps
inst0 ch0:  C_CMD: WRCMD     C_r = 0x099   at time   57264769 ps
inst0 ch0:  C_CMD: WRCMD     C_f = 0x0fa   at time   57265183 ps
inst0 ch0:  R_CMD: ACTCMD    R_r0= 0x0a    at time   58356073 ps
inst0 ch0:  R_CMD: ACTCMD    R_f0= 0x1b    at time   58356487 ps
inst0 ch0:  R_CMD: ACTCMD    R_r1= 0x3f    at time   58356901 ps
inst0 ch0:  R_CMD: ACTCMD    R_f1= 0x3b    at time   58357315 ps
inst0 ch0:  C_CMD: RDCMD     C_r = 0x015   at time   58370977 ps
inst0 ch0:  C_CMD: RDCMD     C_f = 0x090   at time   58371391 ps
inst0 ch0:  C_CMD: RDCMD     C_r = 0x01d   at time   58374289 ps
inst0 ch0:  C_CMD: RDCMD     C_f = 0x092   at time   58374703 ps
inst0 ch0:  R_CMD: ACTCMD    R_r0= 0x0a    at time   58426453 ps
inst0 ch0:  R_CMD: ACTCMD    R_f0= 0x1b    at time   58426867 ps
inst0 ch0:  R_CMD: ACTCMD    R_r1= 0x3f    at time   58427281 ps
inst0 ch0:  R_CMD: ACTCMD    R_f1= 0x3b    at time   58427695 ps
inst0 ch0:  C_CMD: WRCMD     C_r = 0x011   at time   58437217 ps
inst0 ch0:  C_CMD: WRCMD     C_f = 0x090   at time   58437631 ps
inst0 ch0:  C_CMD: WRCMD     C_r = 0x019   at time   58440529 ps
inst0 ch0:  C_CMD: WRCMD     C_f = 0x092   at time   58440943 ps
inst0 ch0:  R_CMD: ACTCMD    R_r0= 0x0a    at time   58674853 ps
inst0 ch0:  R_CMD: ACTCMD    R_f0= 0x13    at time   58675267 ps
inst0 ch0:  R_CMD: ACTCMD    R_r1= 0x3f    at time   58675681 ps
inst0 ch0:  R_CMD: ACTCMD    R_f1= 0x3b    at time   58676095 ps
inst0 ch0:  C_CMD: RDCMD     C_r = 0x015   at time   58689757 ps
inst0 ch0:  C_CMD: RDCMD     C_f = 0x010   at time   58690171 ps
inst0 ch0:  C_CMD: RDCMD     C_r = 0x01d   at time   58693069 ps
inst0 ch0:  C_CMD: RDCMD     C_f = 0x012   at time   58693483 ps
inst0 ch0:  R_CMD: ACTCMD    R_r0= 0x0a    at time   58747717 ps
inst0 ch0:  R_CMD: ACTCMD    R_f0= 0x13    at time   58748131 ps
inst0 ch0:  R_CMD: ACTCMD    R_r1= 0x3f    at time   58748545 ps
inst0 ch0:  R_CMD: ACTCMD    R_f1= 0x3b    at time   58748959 ps
inst0 ch0:  C_CMD: WRCMD     C_r = 0x011   at time   58758481 ps
inst0 ch0:  C_CMD: WRCMD     C_f = 0x010   at time   58758895 ps
inst0 ch0:  C_CMD: WRCMD     C_r = 0x019   at time   58761793 ps
inst0 ch0:  C_CMD: WRCMD     C_f = 0x012   at time   58762207 ps
inst0 ch0:  R_CMD: ACTCMD    R_r0= 0x0a    at time   58980385 ps
inst0 ch0:  R_CMD: ACTCMD    R_f0= 0x1b    at time   58980799 ps
inst0 ch0:  R_CMD: ACTCMD    R_r1= 0x3f    at time   58981213 ps
inst0 ch0:  R_CMD: ACTCMD    R_f1= 0x3b    at time   58981627 ps
inst0 ch0:  R_CMD: ACTCMD    R_r0= 0x0a    at time   58991149 ps
inst0 ch0:  R_CMD: ACTCMD    R_f0= 0x13    at time   58991563 ps
inst0 ch0:  R_CMD: ACTCMD    R_r1= 0x3f    at time   58991977 ps
inst0 ch0:  R_CMD: ACTCMD    R_f1= 0x3b    at time   58992391 ps
inst0 ch0:  C_CMD: RDCMD     C_r = 0x015   at time   58995289 ps
inst0 ch0:  C_CMD: RDCMD     C_f = 0x090   at time   58995703 ps
inst0 ch0:  C_CMD: RDCMD     C_r = 0x01d   at time   58998601 ps
inst0 ch0:  C_CMD: RDCMD     C_f = 0x092   at time   58999015 ps
inst0 ch0:  C_CMD: RDCMD     C_r = 0x015   at time   59006053 ps
inst0 ch0:  C_CMD: RDCMD     C_f = 0x010   at time   59006467 ps
inst0 ch0:  C_CMD: RDCMD     C_r = 0x01d   at time   59009365 ps
inst0 ch0:  C_CMD: RDCMD     C_f = 0x012   at time   59009779 ps
inst0 ch0:  R_CMD: ACTCMD    R_r0= 0x0a    at time   59197321 ps
inst0 ch0:  R_CMD: ACTCMD    R_f0= 0x1b    at time   59197735 ps
inst0 ch0:  R_CMD: ACTCMD    R_r1= 0x3f    at time   59198149 ps
inst0 ch0:  R_CMD: ACTCMD    R_f1= 0x3b    at time   59198563 ps
inst0 ch0:  R_CMD: ACTCMD    R_r0= 0x0a    at time   59199805 ps
inst0 ch0:  R_CMD: ACTCMD    R_f0= 0x13    at time   59200219 ps
inst0 ch0:  R_CMD: ACTCMD    R_r1= 0x3f    at time   59200633 ps
inst0 ch0:  R_CMD: ACTCMD    R_f1= 0x3b    at time   59201047 ps
inst0 ch0:  C_CMD: WRCMD     C_r = 0x011   at time   59208085 ps
inst0 ch0:  C_CMD: WRCMD     C_f = 0x090   at time   59208499 ps
inst0 ch0:  C_CMD: WRCMD     C_r = 0x011   at time   59210569 ps
inst0 ch0:  C_CMD: WRCMD     C_f = 0x010   at time   59210983 ps
inst0 ch0:  C_CMD: WRCMD     C_r = 0x019   at time   59211397 ps
inst0 ch0:  C_CMD: WRCMD     C_f = 0x092   at time   59211811 ps
inst0 ch0:  C_CMD: WRCMD     C_r = 0x019   at time   59213881 ps
inst0 ch0:  C_CMD: WRCMD     C_f = 0x012   at time   59214295 ps
inst0 ch0:  R_CMD: ACTCMD    R_r0= 0x02    at time   60575113 ps
inst0 ch0:  R_CMD: ACTCMD    R_f0= 0x13    at time   60575527 ps
inst0 ch0:  R_CMD: ACTCMD    R_r1= 0x3f    at time   60575941 ps
inst0 ch0:  R_CMD: ACTCMD    R_f1= 0x3b    at time   60576355 ps
inst0 ch0:  R_CMD: ACTCMD    R_r0= 0x02    at time   60584221 ps
inst0 ch0:  R_CMD: ACTCMD    R_f0= 0x1b    at time   60584635 ps
inst0 ch0:  R_CMD: ACTCMD    R_r1= 0x3f    at time   60585049 ps
inst0 ch0:  R_CMD: ACTCMD    R_f1= 0x3b    at time   60585463 ps
inst0 ch0:  C_CMD: RDCMD     C_r = 0x005   at time   60590017 ps
inst0 ch0:  C_CMD: RDCMD     C_f = 0x000   at time   60590431 ps
inst0 ch0:  C_CMD: RDCMD     C_r = 0x00d   at time   60593329 ps
inst0 ch0:  C_CMD: RDCMD     C_f = 0x002   at time   60593743 ps
inst0 ch0:  C_CMD: RDCMD     C_r = 0x005   at time   60599125 ps
inst0 ch0:  C_CMD: RDCMD     C_f = 0x080   at time   60599539 ps
inst0 ch0:  C_CMD: RDCMD     C_r = 0x00d   at time   60602437 ps
inst0 ch0:  C_CMD: RDCMD     C_f = 0x082   at time   60602851 ps
inst0 ch0:  R_CMD: ACTCMD    R_r0= 0x02    at time   60643009 ps
inst0 ch0:  R_CMD: ACTCMD    R_f0= 0x13    at time   60643423 ps
inst0 ch0:  R_CMD: ACTCMD    R_r1= 0x3f    at time   60643837 ps
inst0 ch0:  R_CMD: ACTCMD    R_f1= 0x3b    at time   60644251 ps
inst0 ch0:  C_CMD: WRCMD     C_r = 0x001   at time   60653773 ps
inst0 ch0:  C_CMD: WRCMD     C_f = 0x000   at time   60654187 ps
inst0 ch0:  R_CMD: ACTCMD    R_r0= 0x02    at time   60654601 ps
inst0 ch0:  R_CMD: ACTCMD    R_f0= 0x1b    at time   60655015 ps
inst0 ch0:  R_CMD: ACTCMD    R_r1= 0x3f    at time   60655429 ps
inst0 ch0:  R_CMD: ACTCMD    R_f1= 0x3b    at time   60655843 ps
inst0 ch0:  C_CMD: WRCMD     C_r = 0x009   at time   60657085 ps
inst0 ch0:  C_CMD: WRCMD     C_f = 0x002   at time   60657499 ps
inst0 ch0:  C_CMD: WRCMD     C_r = 0x001   at time   60665365 ps
inst0 ch0:  C_CMD: WRCMD     C_f = 0x080   at time   60665779 ps
inst0 ch0:  C_CMD: WRCMD     C_r = 0x009   at time   60668677 ps
inst0 ch0:  C_CMD: WRCMD     C_f = 0x082   at time   60669091 ps
inst0 ch0:  R_CMD: ACTCMD    R_r0= 0x02    at time   60758101 ps
inst0 ch0:  R_CMD: ACTCMD    R_f0= 0x1b    at time   60758515 ps
inst0 ch0:  R_CMD: ACTCMD    R_r1= 0x3f    at time   60758929 ps
inst0 ch0:  R_CMD: ACTCMD    R_f1= 0x3b    at time   60759343 ps
inst0 ch0:  R_CMD: ACTCMD    R_r0= 0x02    at time   60770521 ps
inst0 ch0:  R_CMD: ACTCMD    R_f0= 0x13    at time   60770935 ps
inst0 ch0:  R_CMD: ACTCMD    R_r1= 0x3f    at time   60771349 ps
inst0 ch0:  R_CMD: ACTCMD    R_f1= 0x3b    at time   60771763 ps
inst0 ch0:  C_CMD: RDCMD     C_r = 0x005   at time   60773005 ps
inst0 ch0:  C_CMD: RDCMD     C_f = 0x080   at time   60773419 ps
inst0 ch0:  C_CMD: RDCMD     C_r = 0x00d   at time   60776317 ps
inst0 ch0:  C_CMD: RDCMD     C_f = 0x082   at time   60776731 ps
inst0 ch0:  C_CMD: RDCMD     C_r = 0x005   at time   60785425 ps
inst0 ch0:  C_CMD: RDCMD     C_f = 0x000   at time   60785839 ps
inst0 ch0:  C_CMD: RDCMD     C_r = 0x00d   at time   60788737 ps
inst0 ch0:  C_CMD: RDCMD     C_f = 0x002   at time   60789151 ps
inst0 ch0:  R_CMD: ACTCMD    R_r0= 0x02    at time   60825997 ps
inst0 ch0:  R_CMD: ACTCMD    R_f0= 0x1b    at time   60826411 ps
inst0 ch0:  R_CMD: ACTCMD    R_r1= 0x3f    at time   60826825 ps
inst0 ch0:  R_CMD: ACTCMD    R_f1= 0x3b    at time   60827239 ps
inst0 ch0:  C_CMD: WRCMD     C_r = 0x001   at time   60836761 ps
inst0 ch0:  C_CMD: WRCMD     C_f = 0x080   at time   60837175 ps
inst0 ch0:  C_CMD: WRCMD     C_r = 0x009   at time   60840073 ps
inst0 ch0:  C_CMD: WRCMD     C_f = 0x082   at time   60840487 ps
inst0 ch0:  R_CMD: ACTCMD    R_r0= 0x02    at time   60840901 ps
inst0 ch0:  R_CMD: ACTCMD    R_f0= 0x13    at time   60841315 ps
inst0 ch0:  R_CMD: ACTCMD    R_r1= 0x3f    at time   60841729 ps
inst0 ch0:  R_CMD: ACTCMD    R_f1= 0x3b    at time   60842143 ps
inst0 ch0:  C_CMD: WRCMD     C_r = 0x001   at time   60851665 ps
inst0 ch0:  C_CMD: WRCMD     C_f = 0x000   at time   60852079 ps
inst0 ch0:  C_CMD: WRCMD     C_r = 0x009   at time   60854977 ps
inst0 ch0:  C_CMD: WRCMD     C_f = 0x002   at time   60855391 ps
inst0 ch0:  R_CMD: ACTCMD    R_r0= 0x02    at time   62006725 ps
inst0 ch0:  R_CMD: ACTCMD    R_f0= 0x00    at time   62007139 ps
inst0 ch0:  R_CMD: ACTCMD    R_r1= 0x00    at time   62007553 ps
inst0 ch0:  R_CMD: ACTCMD    R_f1= 0x00    at time   62007967 ps
inst0 ch0:  C_CMD: RDCMD     C_r = 0x005   at time   62021629 ps
inst0 ch0:  C_CMD: RDCMD     C_f = 0x018   at time   62022043 ps
inst0 ch0:  R_CMD: ACTCMD    R_r0= 0x02    at time   62023285 ps
inst0 ch0:  R_CMD: ACTCMD    R_f0= 0x08    at time   62023699 ps
inst0 ch0:  R_CMD: ACTCMD    R_r1= 0x00    at time   62024113 ps
inst0 ch0:  R_CMD: ACTCMD    R_f1= 0x00    at time   62024527 ps
inst0 ch0:  C_CMD: RDCMD     C_r = 0x005   at time   62024941 ps
inst0 ch0:  C_CMD: RDCMD     C_f = 0x01a   at time   62025355 ps
inst0 ch0:  C_CMD: RDCMD     C_r = 0x005   at time   62028253 ps
inst0 ch0:  C_CMD: RDCMD     C_f = 0x010   at time   62028667 ps
inst0 ch0:  C_CMD: RDCMD     C_r = 0x005   at time   62031565 ps
inst0 ch0:  C_CMD: RDCMD     C_f = 0x012   at time   62031979 ps
inst0 ch0:  C_CMD: RDCMD     C_r = 0x005   at time   62034877 ps
inst0 ch0:  C_CMD: RDCMD     C_f = 0x008   at time   62035291 ps
inst0 ch0:  C_CMD: RDCMD     C_r = 0x005   at time   62038189 ps
inst0 ch0:  C_CMD: RDCMD     C_f = 0x00a   at time   62038603 ps
inst0 ch0:  C_CMD: RDCMD     C_r = 0x005   at time   62039017 ps
inst0 ch0:  C_CMD: RDCMD     C_f = 0x098   at time   62039431 ps
inst0 ch0:  C_CMD: RDCMD     C_r = 0x005   at time   62041501 ps
inst0 ch0:  C_CMD: RDCMD     C_f = 0x000   at time   62041915 ps
inst0 ch0:  C_CMD: RDCMD     C_r = 0x005   at time   62042329 ps
inst0 ch0:  C_CMD: RDCMD     C_f = 0x09a   at time   62042743 ps
inst0 ch0:  C_CMD: RDCMD     C_r = 0x00d   at time   62044813 ps
inst0 ch0:  C_CMD: RDCMD     C_f = 0x002   at time   62045227 ps
inst0 ch0:  C_CMD: RDCMD     C_r = 0x005   at time   62045641 ps
inst0 ch0:  C_CMD: RDCMD     C_f = 0x090   at time   62046055 ps
inst0 ch0:  C_CMD: RDCMD     C_r = 0x005   at time   62048953 ps
inst0 ch0:  C_CMD: RDCMD     C_f = 0x092   at time   62049367 ps
inst0 ch0:  C_CMD: RDCMD     C_r = 0x005   at time   62052265 ps
inst0 ch0:  C_CMD: RDCMD     C_f = 0x088   at time   62052679 ps
inst0 ch0:  C_CMD: RDCMD     C_r = 0x005   at time   62055577 ps
inst0 ch0:  C_CMD: RDCMD     C_f = 0x08a   at time   62055991 ps
inst0 ch0:  C_CMD: RDCMD     C_r = 0x005   at time   62058889 ps
inst0 ch0:  C_CMD: RDCMD     C_f = 0x080   at time   62059303 ps
inst0 ch0:  C_CMD: RDCMD     C_r = 0x00d   at time   62062201 ps
inst0 ch0:  C_CMD: RDCMD     C_f = 0x082   at time   62062615 ps
inst0 ch0:  R_CMD: ACTCMD    R_r0= 0x0a    at time   62255125 ps
inst0 ch0:  R_CMD: ACTCMD    R_f0= 0x00    at time   62255539 ps
inst0 ch0:  R_CMD: ACTCMD    R_r1= 0x00    at time   62255953 ps
inst0 ch0:  R_CMD: ACTCMD    R_f1= 0x00    at time   62256367 ps
inst0 ch0:  C_CMD: RDCMD     C_r = 0x015   at time   62270029 ps
inst0 ch0:  C_CMD: RDCMD     C_f = 0x018   at time   62270443 ps
inst0 ch0:  C_CMD: RDCMD     C_r = 0x015   at time   62273341 ps
inst0 ch0:  C_CMD: RDCMD     C_f = 0x01a   at time   62273755 ps
inst0 ch0:  C_CMD: RDCMD     C_r = 0x015   at time   62276653 ps
inst0 ch0:  C_CMD: RDCMD     C_f = 0x010   at time   62277067 ps
inst0 ch0:  C_CMD: RDCMD     C_r = 0x015   at time   62279965 ps
inst0 ch0:  C_CMD: RDCMD     C_f = 0x012   at time   62280379 ps
inst0 ch0:  C_CMD: RDCMD     C_r = 0x015   at time   62283277 ps
inst0 ch0:  C_CMD: RDCMD     C_f = 0x008   at time   62283691 ps
inst0 ch0:  C_CMD: RDCMD     C_r = 0x015   at time   62286589 ps
inst0 ch0:  C_CMD: RDCMD     C_f = 0x00a   at time   62287003 ps
inst0 ch0:  C_CMD: RDCMD     C_r = 0x015   at time   62289901 ps
inst0 ch0:  C_CMD: RDCMD     C_f = 0x000   at time   62290315 ps
inst0 ch0:  C_CMD: RDCMD     C_r = 0x01d   at time   62293213 ps
inst0 ch0:  C_CMD: RDCMD     C_f = 0x002   at time   62293627 ps
inst0 ch0:  R_CMD: ACTCMD    R_r0= 0x0a    at time   62364421 ps
inst0 ch0:  R_CMD: ACTCMD    R_f0= 0x08    at time   62364835 ps
inst0 ch0:  R_CMD: ACTCMD    R_r1= 0x00    at time   62365249 ps
inst0 ch0:  R_CMD: ACTCMD    R_f1= 0x00    at time   62365663 ps
inst0 ch0:  C_CMD: RDCMD     C_r = 0x015   at time   62379325 ps
inst0 ch0:  C_CMD: RDCMD     C_f = 0x098   at time   62379739 ps
inst0 ch0:  C_CMD: RDCMD     C_r = 0x015   at time   62382637 ps
inst0 ch0:  C_CMD: RDCMD     C_f = 0x09a   at time   62383051 ps
inst0 ch0:  C_CMD: RDCMD     C_r = 0x015   at time   62385949 ps
inst0 ch0:  C_CMD: RDCMD     C_f = 0x090   at time   62386363 ps
inst0 ch0:  C_CMD: RDCMD     C_r = 0x015   at time   62389261 ps
inst0 ch0:  C_CMD: RDCMD     C_f = 0x092   at time   62389675 ps
inst0 ch0:  C_CMD: RDCMD     C_r = 0x015   at time   62392573 ps
inst0 ch0:  C_CMD: RDCMD     C_f = 0x088   at time   62392987 ps
inst0 ch0:  C_CMD: RDCMD     C_r = 0x015   at time   62395885 ps
inst0 ch0:  C_CMD: RDCMD     C_f = 0x08a   at time   62396299 ps
inst0 ch0:  C_CMD: RDCMD     C_r = 0x015   at time   62399197 ps
inst0 ch0:  C_CMD: RDCMD     C_f = 0x080   at time   62399611 ps
inst0 ch0:  C_CMD: RDCMD     C_r = 0x01d   at time   62402509 ps
inst0 ch0:  C_CMD: RDCMD     C_f = 0x082   at time   62402923 ps
inst0 ch0:  R_CMD: ACTCMD    R_r0= 0x0a    at time   62574733 ps
inst0 ch0:  R_CMD: ACTCMD    R_f0= 0x00    at time   62575147 ps
inst0 ch0:  R_CMD: ACTCMD    R_r1= 0x00    at time   62575561 ps
inst0 ch0:  R_CMD: ACTCMD    R_f1= 0x00    at time   62575975 ps
inst0 ch0:  C_CMD: RDCMD     C_r = 0x015   at time   62589637 ps
inst0 ch0:  C_CMD: RDCMD     C_f = 0x038   at time   62590051 ps
inst0 ch0:  C_CMD: RDCMD     C_r = 0x015   at time   62592949 ps
inst0 ch0:  C_CMD: RDCMD     C_f = 0x03a   at time   62593363 ps
inst0 ch0:  C_CMD: RDCMD     C_r = 0x015   at time   62596261 ps
inst0 ch0:  C_CMD: RDCMD     C_f = 0x030   at time   62596675 ps
inst0 ch0:  C_CMD: RDCMD     C_r = 0x015   at time   62599573 ps
inst0 ch0:  C_CMD: RDCMD     C_f = 0x032   at time   62599987 ps
inst0 ch0:  C_CMD: RDCMD     C_r = 0x015   at time   62602885 ps
inst0 ch0:  C_CMD: RDCMD     C_f = 0x028   at time   62603299 ps
inst0 ch0:  C_CMD: RDCMD     C_r = 0x015   at time   62606197 ps
inst0 ch0:  C_CMD: RDCMD     C_f = 0x02a   at time   62606611 ps
inst0 ch0:  C_CMD: RDCMD     C_r = 0x015   at time   62609509 ps
inst0 ch0:  C_CMD: RDCMD     C_f = 0x020   at time   62609923 ps
inst0 ch0:  C_CMD: RDCMD     C_r = 0x01d   at time   62612821 ps
inst0 ch0:  C_CMD: RDCMD     C_f = 0x022   at time   62613235 ps
inst0 ch0:  R_CMD: ACTCMD    R_r0= 0x0a    at time   62635177 ps
inst0 ch0:  R_CMD: ACTCMD    R_f0= 0x08    at time   62635591 ps
inst0 ch0:  R_CMD: ACTCMD    R_r1= 0x00    at time   62636005 ps
inst0 ch0:  R_CMD: ACTCMD    R_f1= 0x00    at time   62636419 ps
inst0 ch0:  R_CMD: ACTCMD    R_r0= 0x0a    at time   62645113 ps
inst0 ch0:  R_CMD: ACTCMD    R_f0= 0x00    at time   62645527 ps
inst0 ch0:  R_CMD: ACTCMD    R_r1= 0x00    at time   62645941 ps
inst0 ch0:  R_CMD: ACTCMD    R_f1= 0x00    at time   62646355 ps
inst0 ch0:  C_CMD: RDCMD     C_r = 0x015   at time   62650081 ps
inst0 ch0:  C_CMD: RDCMD     C_f = 0x0b8   at time   62650495 ps
inst0 ch0:  C_CMD: RDCMD     C_r = 0x015   at time   62653393 ps
inst0 ch0:  C_CMD: RDCMD     C_f = 0x0ba   at time   62653807 ps
inst0 ch0:  C_CMD: WRCMD     C_r = 0x011   at time   62655877 ps
inst0 ch0:  C_CMD: WRCMD     C_f = 0x038   at time   62656291 ps
inst0 ch0:  C_CMD: RDCMD     C_r = 0x015   at time   62656705 ps
inst0 ch0:  C_CMD: RDCMD     C_f = 0x0b0   at time   62657119 ps
inst0 ch0:  C_CMD: WRCMD     C_r = 0x011   at time   62659189 ps
inst0 ch0:  C_CMD: WRCMD     C_f = 0x03a   at time   62659603 ps
inst0 ch0:  C_CMD: RDCMD     C_r = 0x015   at time   62660017 ps
inst0 ch0:  C_CMD: RDCMD     C_f = 0x0b2   at time   62660431 ps
inst0 ch0:  C_CMD: WRCMD     C_r = 0x011   at time   62662501 ps
inst0 ch0:  C_CMD: WRCMD     C_f = 0x028   at time   62662915 ps
inst0 ch0:  C_CMD: RDCMD     C_r = 0x015   at time   62663329 ps
inst0 ch0:  C_CMD: RDCMD     C_f = 0x0a8   at time   62663743 ps
inst0 ch0:  C_CMD: WRCMD     C_r = 0x011   at time   62665813 ps
inst0 ch0:  C_CMD: WRCMD     C_f = 0x02a   at time   62666227 ps
inst0 ch0:  C_CMD: RDCMD     C_r = 0x015   at time   62666641 ps
inst0 ch0:  C_CMD: RDCMD     C_f = 0x0aa   at time   62667055 ps
inst0 ch0:  C_CMD: WRCMD     C_r = 0x011   at time   62669125 ps
inst0 ch0:  C_CMD: WRCMD     C_f = 0x030   at time   62669539 ps
inst0 ch0:  C_CMD: RDCMD     C_r = 0x015   at time   62669953 ps
inst0 ch0:  C_CMD: RDCMD     C_f = 0x0a0   at time   62670367 ps
inst0 ch0:  C_CMD: WRCMD     C_r = 0x011   at time   62672437 ps
inst0 ch0:  C_CMD: WRCMD     C_f = 0x032   at time   62672851 ps
inst0 ch0:  C_CMD: RDCMD     C_r = 0x01d   at time   62673265 ps
inst0 ch0:  C_CMD: RDCMD     C_f = 0x0a2   at time   62673679 ps
inst0 ch0:  C_CMD: WRCMD     C_r = 0x011   at time   62675749 ps
inst0 ch0:  C_CMD: WRCMD     C_f = 0x020   at time   62676163 ps
inst0 ch0:  C_CMD: WRCMD     C_r = 0x019   at time   62679061 ps
inst0 ch0:  C_CMD: WRCMD     C_f = 0x022   at time   62679475 ps
inst0 ch0:  R_CMD: ACTCMD    R_r0= 0x0a    at time   62705557 ps
inst0 ch0:  R_CMD: ACTCMD    R_f0= 0x08    at time   62705971 ps
inst0 ch0:  R_CMD: ACTCMD    R_r1= 0x00    at time   62706385 ps
inst0 ch0:  R_CMD: ACTCMD    R_f1= 0x00    at time   62706799 ps
inst0 ch0:  C_CMD: WRCMD     C_r = 0x011   at time   62716321 ps
inst0 ch0:  C_CMD: WRCMD     C_f = 0x0b8   at time   62716735 ps
inst0 ch0:  C_CMD: WRCMD     C_r = 0x011   at time   62719633 ps
inst0 ch0:  C_CMD: WRCMD     C_f = 0x0ba   at time   62720047 ps
inst0 ch0:  C_CMD: WRCMD     C_r = 0x011   at time   62722945 ps
inst0 ch0:  C_CMD: WRCMD     C_f = 0x0a8   at time   62723359 ps
inst0 ch0:  C_CMD: WRCMD     C_r = 0x011   at time   62726257 ps
inst0 ch0:  C_CMD: WRCMD     C_f = 0x0aa   at time   62726671 ps
inst0 ch0:  C_CMD: WRCMD     C_r = 0x011   at time   62729569 ps
inst0 ch0:  C_CMD: WRCMD     C_f = 0x0b0   at time   62729983 ps
inst0 ch0:  C_CMD: WRCMD     C_r = 0x011   at time   62732881 ps
inst0 ch0:  C_CMD: WRCMD     C_f = 0x0b2   at time   62733295 ps
inst0 ch0:  C_CMD: WRCMD     C_r = 0x011   at time   62736193 ps
inst0 ch0:  C_CMD: WRCMD     C_f = 0x0a0   at time   62736607 ps
inst0 ch0:  C_CMD: WRCMD     C_r = 0x019   at time   62739505 ps
inst0 ch0:  C_CMD: WRCMD     C_f = 0x0a2   at time   62739919 ps
inst0 ch0:  R_CMD: ACTCMD    R_r0= 0x2e    at time   63053317 ps
inst0 ch0:  R_CMD: ACTCMD    R_f0= 0x20    at time   63053731 ps
inst0 ch0:  R_CMD: ACTCMD    R_r1= 0x00    at time   63054145 ps
inst0 ch0:  R_CMD: ACTCMD    R_f1= 0x02    at time   63054559 ps
inst0 ch0:  C_CMD: RDCMD     C_r = 0x0d5   at time   63068221 ps
inst0 ch0:  C_CMD: RDCMD     C_f = 0x021   at time   63068635 ps
inst0 ch0:  C_CMD: RDCMD     C_r = 0x0dd   at time   63071533 ps
inst0 ch0:  C_CMD: RDCMD     C_f = 0x023   at time   63071947 ps
inst0 ch0:  R_CMD: ACTCMD    R_r0= 0x2e    at time   63206497 ps
inst0 ch0:  R_CMD: ACTCMD    R_f0= 0x28    at time   63206911 ps
inst0 ch0:  R_CMD: ACTCMD    R_r1= 0x00    at time   63207325 ps
inst0 ch0:  R_CMD: ACTCMD    R_f1= 0x02    at time   63207739 ps
inst0 ch0:  C_CMD: RDCMD     C_r = 0x0d5   at time   63221401 ps
inst0 ch0:  C_CMD: RDCMD     C_f = 0x0a1   at time   63221815 ps
inst0 ch0:  C_CMD: RDCMD     C_r = 0x0dd   at time   63224713 ps
inst0 ch0:  C_CMD: RDCMD     C_f = 0x0a3   at time   63225127 ps
inst0 ch0:  R_CMD: ACTCMD    R_r0= 0x02    at time   63488845 ps
inst0 ch0:  R_CMD: ACTCMD    R_f0= 0x1b    at time   63489259 ps
inst0 ch0:  R_CMD: ACTCMD    R_r1= 0x3f    at time   63489673 ps
inst0 ch0:  R_CMD: ACTCMD    R_f1= 0x3b    at time   63490087 ps
inst0 ch0:  C_CMD: RDCMD     C_r = 0x005   at time   63503749 ps
inst0 ch0:  C_CMD: RDCMD     C_f = 0x080   at time   63504163 ps
inst0 ch0:  C_CMD: RDCMD     C_r = 0x00d   at time   63507061 ps
inst0 ch0:  C_CMD: RDCMD     C_f = 0x082   at time   63507475 ps
inst0 ch0:  R_CMD: ACTCMD    R_r0= 0x02    at time   63561709 ps
inst0 ch0:  R_CMD: ACTCMD    R_f0= 0x1b    at time   63562123 ps
inst0 ch0:  R_CMD: ACTCMD    R_r1= 0x3f    at time   63562537 ps
inst0 ch0:  R_CMD: ACTCMD    R_f1= 0x3b    at time   63562951 ps
inst0 ch0:  C_CMD: WRCMD     C_r = 0x001   at time   63572473 ps
inst0 ch0:  C_CMD: WRCMD     C_f = 0x080   at time   63572887 ps
inst0 ch0:  C_CMD: WRCMD     C_r = 0x009   at time   63575785 ps
inst0 ch0:  C_CMD: WRCMD     C_f = 0x082   at time   63576199 ps
inst0 ch0:  R_CMD: ACTCMD    R_r0= 0x02    at time   63605593 ps
inst0 ch0:  R_CMD: ACTCMD    R_f0= 0x13    at time   63606007 ps
inst0 ch0:  R_CMD: ACTCMD    R_r1= 0x3f    at time   63606421 ps
inst0 ch0:  R_CMD: ACTCMD    R_f1= 0x3b    at time   63606835 ps
inst0 ch0:  C_CMD: RDCMD     C_r = 0x005   at time   63620497 ps
inst0 ch0:  C_CMD: RDCMD     C_f = 0x000   at time   63620911 ps
inst0 ch0:  C_CMD: RDCMD     C_r = 0x00d   at time   63623809 ps
inst0 ch0:  C_CMD: RDCMD     C_f = 0x002   at time   63624223 ps
inst0 ch0:  R_CMD: ACTCMD    R_r0= 0x02    at time   63699985 ps
inst0 ch0:  R_CMD: ACTCMD    R_f0= 0x1b    at time   63700399 ps
inst0 ch0:  R_CMD: ACTCMD    R_r1= 0x3f    at time   63700813 ps
inst0 ch0:  R_CMD: ACTCMD    R_f1= 0x3b    at time   63701227 ps
inst0 ch0:  C_CMD: RDCMD     C_r = 0x005   at time   63714889 ps
inst0 ch0:  C_CMD: RDCMD     C_f = 0x080   at time   63715303 ps
inst0 ch0:  C_CMD: RDCMD     C_r = 0x00d   at time   63718201 ps
inst0 ch0:  C_CMD: RDCMD     C_f = 0x082   at time   63718615 ps
inst0 ch0:  R_CMD: ACTCMD    R_r0= 0x02    at time   63839089 ps
inst0 ch0:  R_CMD: ACTCMD    R_f0= 0x13    at time   63839503 ps
inst0 ch0:  R_CMD: ACTCMD    R_r1= 0x3f    at time   63839917 ps
inst0 ch0:  R_CMD: ACTCMD    R_f1= 0x3b    at time   63840331 ps
inst0 ch0:  C_CMD: WRCMD     C_r = 0x001   at time   63849853 ps
inst0 ch0:  C_CMD: WRCMD     C_f = 0x000   at time   63850267 ps
inst0 ch0:  C_CMD: WRCMD     C_r = 0x009   at time   63853165 ps
inst0 ch0:  C_CMD: WRCMD     C_f = 0x002   at time   63853579 ps
inst0 ch0:  R_CMD: ACTCMD    R_r0= 0x02    at time   63869725 ps
inst0 ch0:  R_CMD: ACTCMD    R_f0= 0x1b    at time   63870139 ps
inst0 ch0:  R_CMD: ACTCMD    R_r1= 0x3f    at time   63870553 ps
inst0 ch0:  R_CMD: ACTCMD    R_f1= 0x3b    at time   63870967 ps
inst0 ch0:  C_CMD: WRCMD     C_r = 0x001   at time   63880489 ps
inst0 ch0:  C_CMD: WRCMD     C_f = 0x080   at time   63880903 ps
inst0 ch0:  C_CMD: WRCMD     C_r = 0x009   at time   63883801 ps
inst0 ch0:  C_CMD: WRCMD     C_f = 0x082   at time   63884215 ps
inst0 ch0:  R_CMD: ACTCMD    R_r0= 0x02    at time   63983989 ps
inst0 ch0:  R_CMD: ACTCMD    R_f0= 0x13    at time   63984403 ps
inst0 ch0:  R_CMD: ACTCMD    R_r1= 0x3f    at time   63984817 ps
inst0 ch0:  R_CMD: ACTCMD    R_f1= 0x3b    at time   63985231 ps
inst0 ch0:  C_CMD: RDCMD     C_r = 0x005   at time   63998893 ps
inst0 ch0:  C_CMD: RDCMD     C_f = 0x000   at time   63999307 ps
inst0 ch0:  C_CMD: RDCMD     C_r = 0x00d   at time   64002205 ps
inst0 ch0:  C_CMD: RDCMD     C_f = 0x002   at time   64002619 ps
inst0 ch0:  R_CMD: ACTCMD    R_r0= 0x02    at time   64056853 ps
inst0 ch0:  R_CMD: ACTCMD    R_f0= 0x13    at time   64057267 ps
inst0 ch0:  R_CMD: ACTCMD    R_r1= 0x3f    at time   64057681 ps
inst0 ch0:  R_CMD: ACTCMD    R_f1= 0x3b    at time   64058095 ps
inst0 ch0:  C_CMD: WRCMD     C_r = 0x001   at time   64067617 ps
inst0 ch0:  C_CMD: WRCMD     C_f = 0x000   at time   64068031 ps
inst0 ch0:  R_CMD: ACTCMD    R_r0= 0x2e    at time   64070101 ps
inst0 ch0:  R_CMD: ACTCMD    R_f0= 0x20    at time   64070515 ps
inst0 ch0:  R_CMD: ACTCMD    R_r1= 0x00    at time   64070929 ps
inst0 ch0:  C_CMD: WRCMD     C_r = 0x009   at time   64070929 ps
inst0 ch0:  R_CMD: ACTCMD    R_f1= 0x02    at time   64071343 ps
inst0 ch0:  C_CMD: WRCMD     C_f = 0x002   at time   64071343 ps
inst0 ch0:  C_CMD: RDCMD     C_r = 0x0d5   at time   64085005 ps
inst0 ch0:  C_CMD: RDCMD     C_f = 0x029   at time   64085419 ps
inst0 ch0:  C_CMD: RDCMD     C_r = 0x0dd   at time   64088317 ps
inst0 ch0:  C_CMD: RDCMD     C_f = 0x02b   at time   64088731 ps
inst0 ch0:  R_CMD: ACTCMD    R_r0= 0x2e    at time   64219141 ps
inst0 ch0:  R_CMD: ACTCMD    R_f0= 0x28    at time   64219555 ps
inst0 ch0:  R_CMD: ACTCMD    R_r1= 0x00    at time   64219969 ps
inst0 ch0:  R_CMD: ACTCMD    R_f1= 0x02    at time   64220383 ps
inst0 ch0:  C_CMD: RDCMD     C_r = 0x0d5   at time   64234045 ps
inst0 ch0:  C_CMD: RDCMD     C_f = 0x0a9   at time   64234459 ps
inst0 ch0:  C_CMD: RDCMD     C_r = 0x0dd   at time   64237357 ps
inst0 ch0:  C_CMD: RDCMD     C_f = 0x0ab   at time   64237771 ps
inst0 ch0:  R_CMD: ACTCMD    R_r0= 0x0a    at time   64436077 ps
inst0 ch0:  R_CMD: ACTCMD    R_f0= 0x19    at time   64436491 ps
inst0 ch0:  R_CMD: ACTCMD    R_r1= 0x3f    at time   64436905 ps
inst0 ch0:  R_CMD: ACTCMD    R_f1= 0x3b    at time   64437319 ps
inst0 ch0:  R_CMD: ACTCMD    R_r0= 0x02    at time   64440217 ps
inst0 ch0:  R_CMD: ACTCMD    R_f0= 0x19    at time   64440631 ps
inst0 ch0:  R_CMD: ACTCMD    R_r1= 0x3f    at time   64441045 ps
inst0 ch0:  R_CMD: ACTCMD    R_f1= 0x3b    at time   64441459 ps
inst0 ch0:  C_CMD: RDCMD     C_r = 0x015   at time   64450981 ps
inst0 ch0:  C_CMD: RDCMD     C_f = 0x0f8   at time   64451395 ps
inst0 ch0:  C_CMD: RDCMD     C_r = 0x01d   at time   64454293 ps
inst0 ch0:  C_CMD: RDCMD     C_f = 0x0fa   at time   64454707 ps
inst0 ch0:  C_CMD: RDCMD     C_r = 0x005   at time   64457605 ps
inst0 ch0:  C_CMD: RDCMD     C_f = 0x0f8   at time   64458019 ps
inst0 ch0:  C_CMD: RDCMD     C_r = 0x00d   at time   64460917 ps
inst0 ch0:  C_CMD: RDCMD     C_f = 0x0fa   at time   64461331 ps
inst0 ch0:  R_CMD: ACTCMD    R_r0= 0x0a    at time   64508941 ps
inst0 ch0:  R_CMD: ACTCMD    R_f0= 0x19    at time   64509355 ps
inst0 ch0:  R_CMD: ACTCMD    R_r1= 0x3f    at time   64509769 ps
inst0 ch0:  R_CMD: ACTCMD    R_f1= 0x3b    at time   64510183 ps
inst0 ch0:  R_CMD: ACTCMD    R_r0= 0x02    at time   64513081 ps
inst0 ch0:  R_CMD: ACTCMD    R_f0= 0x19    at time   64513495 ps
inst0 ch0:  R_CMD: ACTCMD    R_r1= 0x3f    at time   64513909 ps
inst0 ch0:  R_CMD: ACTCMD    R_f1= 0x3b    at time   64514323 ps
inst0 ch0:  C_CMD: WRCMD     C_r = 0x011   at time   64519705 ps
inst0 ch0:  C_CMD: WRCMD     C_f = 0x0f8   at time   64520119 ps
inst0 ch0:  C_CMD: WRCMD     C_r = 0x019   at time   64523017 ps
inst0 ch0:  C_CMD: WRCMD     C_f = 0x0fa   at time   64523431 ps
inst0 ch0:  C_CMD: WRCMD     C_r = 0x001   at time   64526329 ps
inst0 ch0:  C_CMD: WRCMD     C_f = 0x0f8   at time   64526743 ps
inst0 ch0:  R_CMD: ACTCMD    R_r0= 0x0a    at time   64527985 ps
inst0 ch0:  R_CMD: ACTCMD    R_f0= 0x11    at time   64528399 ps
inst0 ch0:  R_CMD: ACTCMD    R_r1= 0x3f    at time   64528813 ps
inst0 ch0:  R_CMD: ACTCMD    R_f1= 0x3b    at time   64529227 ps
inst0 ch0:  C_CMD: WRCMD     C_r = 0x009   at time   64529641 ps
inst0 ch0:  C_CMD: WRCMD     C_f = 0x0fa   at time   64530055 ps
inst0 ch0:  R_CMD: ACTCMD    R_r0= 0x02    at time   64532125 ps
inst0 ch0:  R_CMD: ACTCMD    R_f0= 0x11    at time   64532539 ps
inst0 ch0:  R_CMD: ACTCMD    R_r1= 0x3f    at time   64532953 ps
inst0 ch0:  R_CMD: ACTCMD    R_f1= 0x3b    at time   64533367 ps
inst0 ch0:  C_CMD: RDCMD     C_r = 0x015   at time   64542889 ps
inst0 ch0:  C_CMD: RDCMD     C_f = 0x078   at time   64543303 ps
inst0 ch0:  C_CMD: RDCMD     C_r = 0x01d   at time   64546201 ps
inst0 ch0:  C_CMD: RDCMD     C_f = 0x07a   at time   64546615 ps
inst0 ch0:  C_CMD: RDCMD     C_r = 0x005   at time   64549513 ps
inst0 ch0:  C_CMD: RDCMD     C_f = 0x078   at time   64549927 ps
inst0 ch0:  C_CMD: RDCMD     C_r = 0x00d   at time   64552825 ps
inst0 ch0:  C_CMD: RDCMD     C_f = 0x07a   at time   64553239 ps
inst0 ch0:  R_CMD: ACTCMD    R_r0= 0x0a    at time   64600849 ps
inst0 ch0:  R_CMD: ACTCMD    R_f0= 0x11    at time   64601263 ps
inst0 ch0:  R_CMD: ACTCMD    R_r1= 0x3f    at time   64601677 ps
inst0 ch0:  R_CMD: ACTCMD    R_f1= 0x3b    at time   64602091 ps
inst0 ch0:  R_CMD: ACTCMD    R_r0= 0x02    at time   64604989 ps
inst0 ch0:  R_CMD: ACTCMD    R_f0= 0x11    at time   64605403 ps
inst0 ch0:  R_CMD: ACTCMD    R_r1= 0x3f    at time   64605817 ps
inst0 ch0:  R_CMD: ACTCMD    R_f1= 0x3b    at time   64606231 ps
inst0 ch0:  C_CMD: WRCMD     C_r = 0x011   at time   64611613 ps
inst0 ch0:  C_CMD: WRCMD     C_f = 0x078   at time   64612027 ps
inst0 ch0:  C_CMD: WRCMD     C_r = 0x019   at time   64614925 ps
inst0 ch0:  C_CMD: WRCMD     C_f = 0x07a   at time   64615339 ps
inst0 ch0:  C_CMD: WRCMD     C_r = 0x001   at time   64618237 ps
inst0 ch0:  C_CMD: WRCMD     C_f = 0x078   at time   64618651 ps
inst0 ch0:  C_CMD: WRCMD     C_r = 0x009   at time   64621549 ps
inst0 ch0:  C_CMD: WRCMD     C_f = 0x07a   at time   64621963 ps
inst0 ch0:  R_CMD: ACTCMD    R_r0= 0x0a    at time   64750717 ps
inst0 ch0:  R_CMD: ACTCMD    R_f0= 0x02    at time   64751131 ps
inst0 ch0:  R_CMD: ACTCMD    R_r1= 0x00    at time   64751545 ps
inst0 ch0:  R_CMD: ACTCMD    R_f1= 0x00    at time   64751959 ps
inst0 ch0:  R_CMD: ACTCMD    R_r0= 0x02    at time   64754857 ps
inst0 ch0:  R_CMD: ACTCMD    R_f0= 0x02    at time   64755271 ps
inst0 ch0:  R_CMD: ACTCMD    R_r1= 0x00    at time   64755685 ps
inst0 ch0:  R_CMD: ACTCMD    R_f1= 0x00    at time   64756099 ps
inst0 ch0:  C_CMD: RDCMD     C_r = 0x015   at time   64765621 ps
inst0 ch0:  C_CMD: RDCMD     C_f = 0x000   at time   64766035 ps
inst0 ch0:  C_CMD: RDCMD     C_r = 0x01d   at time   64768933 ps
inst0 ch0:  C_CMD: RDCMD     C_f = 0x002   at time   64769347 ps
inst0 ch0:  C_CMD: RDCMD     C_r = 0x005   at time   64772245 ps
inst0 ch0:  C_CMD: RDCMD     C_f = 0x000   at time   64772659 ps
inst0 ch0:  C_CMD: RDCMD     C_r = 0x00d   at time   64775557 ps
inst0 ch0:  C_CMD: RDCMD     C_f = 0x002   at time   64775971 ps
inst0 ch0:  R_CMD: ACTCMD    R_r0= 0x0a    at time   65080261 ps
inst0 ch0:  R_CMD: ACTCMD    R_f0= 0x0a    at time   65080675 ps
inst0 ch0:  R_CMD: ACTCMD    R_r1= 0x00    at time   65081089 ps
inst0 ch0:  R_CMD: ACTCMD    R_f1= 0x00    at time   65081503 ps
inst0 ch0:  R_CMD: ACTCMD    R_r0= 0x02    at time   65084401 ps
inst0 ch0:  R_CMD: ACTCMD    R_f0= 0x0a    at time   65084815 ps
inst0 ch0:  R_CMD: ACTCMD    R_r1= 0x00    at time   65085229 ps
inst0 ch0:  R_CMD: ACTCMD    R_f1= 0x00    at time   65085643 ps
inst0 ch0:  C_CMD: RDCMD     C_r = 0x015   at time   65095165 ps
inst0 ch0:  C_CMD: RDCMD     C_f = 0x080   at time   65095579 ps
inst0 ch0:  C_CMD: RDCMD     C_r = 0x01d   at time   65098477 ps
inst0 ch0:  C_CMD: RDCMD     C_f = 0x082   at time   65098891 ps
inst0 ch0:  C_CMD: RDCMD     C_r = 0x005   at time   65101789 ps
inst0 ch0:  C_CMD: RDCMD     C_f = 0x080   at time   65102203 ps
inst0 ch0:  C_CMD: RDCMD     C_r = 0x00d   at time   65105101 ps
inst0 ch0:  C_CMD: RDCMD     C_f = 0x082   at time   65105515 ps
