inst0 ch0:  R_CMD: ACTCMD    R_r0= 0x0e    at time   33400981 ps
inst0 ch0:  R_CMD: ACTCMD    R_f0= 0x28    at time   33401395 ps
inst0 ch0:  R_CMD: ACTCMD    R_r1= 0x00    at time   33401809 ps
inst0 ch0:  R_CMD: ACTCMD    R_f1= 0x02    at time   33402223 ps
inst0 ch0:  R_CMD: ACTCMD    R_r0= 0x0e    at time   33402637 ps
inst0 ch0:  R_CMD: ACTCMD    R_f0= 0x20    at time   33403051 ps
inst0 ch0:  R_CMD: ACTCMD    R_r1= 0x00    at time   33403465 ps
inst0 ch0:  R_CMD: ACTCMD    R_f1= 0x02    at time   33403879 ps
inst0 ch0:  C_CMD: WRCMD     C_r = 0x091   at time   33411745 ps
inst0 ch0:  C_CMD: WRCMD     C_f = 0x0a9   at time   33412159 ps
inst0 ch0:  C_CMD: WRCMD     C_r = 0x091   at time   33413401 ps
inst0 ch0:  C_CMD: WRCMD     C_f = 0x029   at time   33413815 ps
inst0 ch0:  C_CMD: WRCMD     C_r = 0x091   at time   33415057 ps
inst0 ch0:  C_CMD: WRCMD     C_f = 0x0ab   at time   33415471 ps
inst0 ch0:  C_CMD: WRCMD     C_r = 0x091   at time   33416713 ps
inst0 ch0:  C_CMD: WRCMD     C_f = 0x02b   at time   33417127 ps
inst0 ch0:  C_CMD: WRCMD     C_r = 0x091   at time   33418369 ps
inst0 ch0:  C_CMD: WRCMD     C_f = 0x0a1   at time   33418783 ps
inst0 ch0:  C_CMD: WRCMD     C_r = 0x091   at time   33420025 ps
inst0 ch0:  C_CMD: WRCMD     C_f = 0x021   at time   33420439 ps
inst0 ch0:  C_CMD: WRCMD     C_r = 0x099   at time   33421681 ps
inst0 ch0:  C_CMD: WRCMD     C_f = 0x0a3   at time   33422095 ps
inst0 ch0:  C_CMD: WRCMD     C_r = 0x099   at time   33423337 ps
inst0 ch0:  C_CMD: WRCMD     C_f = 0x023   at time   33423751 ps
inst0 ch0:  R_CMD: ACTCMD    R_r0= 0x2e    at time   37575757 ps
inst0 ch0:  R_CMD: ACTCMD    R_f0= 0x28    at time   37576171 ps
inst0 ch0:  R_CMD: ACTCMD    R_r1= 0x00    at time   37576585 ps
inst0 ch0:  R_CMD: ACTCMD    R_f1= 0x02    at time   37576999 ps
inst0 ch0:  R_CMD: ACTCMD    R_r0= 0x2e    at time   37577413 ps
inst0 ch0:  R_CMD: ACTCMD    R_f0= 0x20    at time   37577827 ps
inst0 ch0:  R_CMD: ACTCMD    R_r1= 0x00    at time   37578241 ps
inst0 ch0:  R_CMD: ACTCMD    R_f1= 0x02    at time   37578655 ps
inst0 ch0:  C_CMD: WRCMD     C_r = 0x0d1   at time   37586521 ps
inst0 ch0:  C_CMD: WRCMD     C_f = 0x0a9   at time   37586935 ps
inst0 ch0:  C_CMD: WRCMD     C_r = 0x0d1   at time   37588177 ps
inst0 ch0:  C_CMD: WRCMD     C_f = 0x029   at time   37588591 ps
inst0 ch0:  C_CMD: WRCMD     C_r = 0x0d1   at time   37589833 ps
inst0 ch0:  C_CMD: WRCMD     C_f = 0x0ab   at time   37590247 ps
inst0 ch0:  C_CMD: WRCMD     C_r = 0x0d1   at time   37591489 ps
inst0 ch0:  C_CMD: WRCMD     C_f = 0x02b   at time   37591903 ps
inst0 ch0:  C_CMD: WRCMD     C_r = 0x0d1   at time   37593145 ps
inst0 ch0:  C_CMD: WRCMD     C_f = 0x0a1   at time   37593559 ps
inst0 ch0:  C_CMD: WRCMD     C_r = 0x0d1   at time   37594801 ps
inst0 ch0:  C_CMD: WRCMD     C_f = 0x021   at time   37595215 ps
inst0 ch0:  C_CMD: WRCMD     C_r = 0x0d9   at time   37596457 ps
inst0 ch0:  C_CMD: WRCMD     C_f = 0x0a3   at time   37596871 ps
inst0 ch0:  C_CMD: WRCMD     C_r = 0x0d9   at time   37598113 ps
inst0 ch0:  C_CMD: WRCMD     C_f = 0x023   at time   37598527 ps
inst0 ch0:  R_CMD: ACTCMD    R_r0= 0x22    at time   54788221 ps
inst0 ch0:  R_CMD: ACTCMD    R_f0= 0x22    at time   54788635 ps
inst0 ch0:  R_CMD: ACTCMD    R_r1= 0x00    at time   54789049 ps
inst0 ch0:  R_CMD: ACTCMD    R_f1= 0x00    at time   54789463 ps
inst0 ch0:  R_CMD: ACTCMD    R_r0= 0x22    at time   54789877 ps
inst0 ch0:  R_CMD: ACTCMD    R_f0= 0x2a    at time   54790291 ps
inst0 ch0:  R_CMD: ACTCMD    R_r1= 0x00    at time   54790705 ps
inst0 ch0:  R_CMD: ACTCMD    R_f1= 0x00    at time   54791119 ps
inst0 ch0:  R_CMD: ACTCMD    R_r0= 0x02    at time   54792361 ps
inst0 ch0:  R_CMD: ACTCMD    R_f0= 0x22    at time   54792775 ps
inst0 ch0:  R_CMD: ACTCMD    R_r1= 0x00    at time   54793189 ps
inst0 ch0:  R_CMD: ACTCMD    R_f1= 0x00    at time   54793603 ps
inst0 ch0:  R_CMD: ACTCMD    R_r0= 0x02    at time   54794017 ps
inst0 ch0:  R_CMD: ACTCMD    R_f0= 0x2a    at time   54794431 ps
inst0 ch0:  R_CMD: ACTCMD    R_r1= 0x00    at time   54794845 ps
inst0 ch0:  R_CMD: ACTCMD    R_f1= 0x00    at time   54795259 ps
inst0 ch0:  R_CMD: ACTCMD    R_r0= 0x22    at time   54796501 ps
inst0 ch0:  R_CMD: ACTCMD    R_f0= 0x02    at time   54796915 ps
inst0 ch0:  R_CMD: ACTCMD    R_r1= 0x00    at time   54797329 ps
inst0 ch0:  R_CMD: ACTCMD    R_f1= 0x00    at time   54797743 ps
inst0 ch0:  R_CMD: ACTCMD    R_r0= 0x22    at time   54798157 ps
inst0 ch0:  R_CMD: ACTCMD    R_f0= 0x0a    at time   54798571 ps
inst0 ch0:  R_CMD: ACTCMD    R_r1= 0x00    at time   54798985 ps
inst0 ch0:  R_CMD: ACTCMD    R_f1= 0x00    at time   54799399 ps
inst0 ch0:  R_CMD: ACTCMD    R_r0= 0x02    at time   54800641 ps
inst0 ch0:  R_CMD: ACTCMD    R_f0= 0x02    at time   54801055 ps
inst0 ch0:  R_CMD: ACTCMD    R_r1= 0x00    at time   54801469 ps
inst0 ch0:  R_CMD: ACTCMD    R_f1= 0x00    at time   54801883 ps
inst0 ch0:  R_CMD: ACTCMD    R_r0= 0x02    at time   54802297 ps
inst0 ch0:  R_CMD: ACTCMD    R_f0= 0x0a    at time   54802711 ps
inst0 ch0:  R_CMD: ACTCMD    R_r1= 0x00    at time   54803125 ps
inst0 ch0:  C_CMD: RDCMD     C_r = 0x0c5   at time   54803125 ps
inst0 ch0:  R_CMD: ACTCMD    R_f1= 0x00    at time   54803539 ps
inst0 ch0:  C_CMD: RDCMD     C_f = 0x000   at time   54803539 ps
inst0 ch0:  C_CMD: RDCMD     C_r = 0x0c5   at time   54804781 ps
inst0 ch0:  C_CMD: RDCMD     C_f = 0x080   at time   54805195 ps
inst0 ch0:  C_CMD: RDCMD     C_r = 0x0cd   at time   54806437 ps
inst0 ch0:  C_CMD: RDCMD     C_f = 0x002   at time   54806851 ps
inst0 ch0:  C_CMD: RDCMD     C_r = 0x085   at time   54808093 ps
inst0 ch0:  C_CMD: RDCMD     C_f = 0x000   at time   54808507 ps
inst0 ch0:  C_CMD: RDCMD     C_r = 0x0cd   at time   54808921 ps
inst0 ch0:  C_CMD: RDCMD     C_f = 0x082   at time   54809335 ps
inst0 ch0:  C_CMD: RDCMD     C_r = 0x085   at time   54810577 ps
inst0 ch0:  C_CMD: RDCMD     C_f = 0x080   at time   54810991 ps
inst0 ch0:  C_CMD: RDCMD     C_r = 0x08d   at time   54811405 ps
inst0 ch0:  C_CMD: RDCMD     C_f = 0x002   at time   54811819 ps
inst0 ch0:  C_CMD: RDCMD     C_r = 0x045   at time   54813061 ps
inst0 ch0:  C_CMD: RDCMD     C_f = 0x000   at time   54813475 ps
inst0 ch0:  C_CMD: RDCMD     C_r = 0x08d   at time   54813889 ps
inst0 ch0:  C_CMD: RDCMD     C_f = 0x082   at time   54814303 ps
inst0 ch0:  C_CMD: RDCMD     C_r = 0x005   at time   54815545 ps
inst0 ch0:  C_CMD: RDCMD     C_f = 0x000   at time   54815959 ps
inst0 ch0:  C_CMD: RDCMD     C_r = 0x045   at time   54816373 ps
inst0 ch0:  C_CMD: RDCMD     C_f = 0x080   at time   54816787 ps
inst0 ch0:  C_CMD: RDCMD     C_r = 0x04d   at time   54817201 ps
inst0 ch0:  C_CMD: RDCMD     C_f = 0x002   at time   54817615 ps
inst0 ch0:  C_CMD: RDCMD     C_r = 0x005   at time   54818029 ps
inst0 ch0:  C_CMD: RDCMD     C_f = 0x080   at time   54818443 ps
inst0 ch0:  C_CMD: RDCMD     C_r = 0x00d   at time   54818857 ps
inst0 ch0:  C_CMD: RDCMD     C_f = 0x002   at time   54819271 ps
inst0 ch0:  C_CMD: RDCMD     C_r = 0x04d   at time   54819685 ps
inst0 ch0:  C_CMD: RDCMD     C_f = 0x082   at time   54820099 ps
inst0 ch0:  C_CMD: RDCMD     C_r = 0x00d   at time   54821341 ps
inst0 ch0:  C_CMD: RDCMD     C_f = 0x082   at time   54821755 ps
inst0 ch0:  R_CMD: ACTCMD    R_r0= 0x2a    at time   55362853 ps
inst0 ch0:  R_CMD: ACTCMD    R_f0= 0x22    at time   55363267 ps
inst0 ch0:  R_CMD: ACTCMD    R_r1= 0x00    at time   55363681 ps
inst0 ch0:  R_CMD: ACTCMD    R_f1= 0x00    at time   55364095 ps
inst0 ch0:  R_CMD: ACTCMD    R_r0= 0x0a    at time   55366993 ps
inst0 ch0:  R_CMD: ACTCMD    R_f0= 0x22    at time   55367407 ps
inst0 ch0:  R_CMD: ACTCMD    R_r1= 0x00    at time   55367821 ps
inst0 ch0:  R_CMD: ACTCMD    R_f1= 0x00    at time   55368235 ps
inst0 ch0:  R_CMD: ACTCMD    R_r0= 0x2a    at time   55371133 ps
inst0 ch0:  R_CMD: ACTCMD    R_f0= 0x02    at time   55371547 ps
inst0 ch0:  R_CMD: ACTCMD    R_r1= 0x00    at time   55371961 ps
inst0 ch0:  R_CMD: ACTCMD    R_f1= 0x00    at time   55372375 ps
inst0 ch0:  R_CMD: ACTCMD    R_r0= 0x0a    at time   55375273 ps
inst0 ch0:  R_CMD: ACTCMD    R_f0= 0x02    at time   55375687 ps
inst0 ch0:  R_CMD: ACTCMD    R_r1= 0x00    at time   55376101 ps
inst0 ch0:  R_CMD: ACTCMD    R_f1= 0x00    at time   55376515 ps
inst0 ch0:  C_CMD: RDCMD     C_r = 0x0d5   at time   55377757 ps
inst0 ch0:  C_CMD: RDCMD     C_f = 0x000   at time   55378171 ps
inst0 ch0:  C_CMD: RDCMD     C_r = 0x0dd   at time   55381069 ps
inst0 ch0:  C_CMD: RDCMD     C_f = 0x002   at time   55381483 ps
inst0 ch0:  R_CMD: ACTCMD    R_r0= 0x2a    at time   55382725 ps
inst0 ch0:  C_CMD: RDCMD     C_r = 0x095   at time   55382725 ps
inst0 ch0:  R_CMD: ACTCMD    R_f0= 0x2a    at time   55383139 ps
inst0 ch0:  C_CMD: RDCMD     C_f = 0x000   at time   55383139 ps
inst0 ch0:  R_CMD: ACTCMD    R_r1= 0x00    at time   55383553 ps
inst0 ch0:  R_CMD: ACTCMD    R_f1= 0x00    at time   55383967 ps
inst0 ch0:  C_CMD: RDCMD     C_r = 0x09d   at time   55386037 ps
inst0 ch0:  C_CMD: RDCMD     C_f = 0x002   at time   55386451 ps
inst0 ch0:  R_CMD: ACTCMD    R_r0= 0x0a    at time   55386865 ps
inst0 ch0:  R_CMD: ACTCMD    R_f0= 0x2a    at time   55387279 ps
inst0 ch0:  R_CMD: ACTCMD    R_r1= 0x00    at time   55387693 ps
inst0 ch0:  C_CMD: RDCMD     C_r = 0x055   at time   55387693 ps
inst0 ch0:  R_CMD: ACTCMD    R_f1= 0x00    at time   55388107 ps
inst0 ch0:  C_CMD: RDCMD     C_f = 0x000   at time   55388107 ps
inst0 ch0:  C_CMD: RDCMD     C_r = 0x015   at time   55390177 ps
inst0 ch0:  C_CMD: RDCMD     C_f = 0x000   at time   55390591 ps
inst0 ch0:  R_CMD: ACTCMD    R_r0= 0x2a    at time   55391005 ps
inst0 ch0:  R_CMD: ACTCMD    R_f0= 0x0a    at time   55391419 ps
inst0 ch0:  R_CMD: ACTCMD    R_r1= 0x00    at time   55391833 ps
inst0 ch0:  C_CMD: RDCMD     C_r = 0x05d   at time   55391833 ps
inst0 ch0:  R_CMD: ACTCMD    R_f1= 0x00    at time   55392247 ps
inst0 ch0:  C_CMD: RDCMD     C_f = 0x002   at time   55392247 ps
inst0 ch0:  C_CMD: RDCMD     C_r = 0x01d   at time   55393489 ps
inst0 ch0:  C_CMD: RDCMD     C_f = 0x002   at time   55393903 ps
inst0 ch0:  R_CMD: ACTCMD    R_r0= 0x0a    at time   55395145 ps
inst0 ch0:  R_CMD: ACTCMD    R_f0= 0x0a    at time   55395559 ps
inst0 ch0:  R_CMD: ACTCMD    R_r1= 0x00    at time   55395973 ps
inst0 ch0:  R_CMD: ACTCMD    R_f1= 0x00    at time   55396387 ps
inst0 ch0:  C_CMD: RDCMD     C_r = 0x0d5   at time   55397629 ps
inst0 ch0:  C_CMD: RDCMD     C_f = 0x080   at time   55398043 ps
inst0 ch0:  C_CMD: RDCMD     C_r = 0x0dd   at time   55400941 ps
inst0 ch0:  C_CMD: RDCMD     C_f = 0x082   at time   55401355 ps
inst0 ch0:  C_CMD: RDCMD     C_r = 0x095   at time   55402597 ps
inst0 ch0:  C_CMD: RDCMD     C_f = 0x080   at time   55403011 ps
inst0 ch0:  C_CMD: RDCMD     C_r = 0x09d   at time   55405909 ps
inst0 ch0:  C_CMD: RDCMD     C_f = 0x082   at time   55406323 ps
inst0 ch0:  C_CMD: RDCMD     C_r = 0x055   at time   55407565 ps
inst0 ch0:  C_CMD: RDCMD     C_f = 0x080   at time   55407979 ps
inst0 ch0:  C_CMD: RDCMD     C_r = 0x015   at time   55410049 ps
inst0 ch0:  C_CMD: RDCMD     C_f = 0x080   at time   55410463 ps
inst0 ch0:  C_CMD: RDCMD     C_r = 0x05d   at time   55411705 ps
inst0 ch0:  C_CMD: RDCMD     C_f = 0x082   at time   55412119 ps
inst0 ch0:  C_CMD: RDCMD     C_r = 0x01d   at time   55413361 ps
inst0 ch0:  C_CMD: RDCMD     C_f = 0x082   at time   55413775 ps
inst0 ch0:  R_CMD: ACTCMD    R_r0= 0x32    at time   55651825 ps
inst0 ch0:  R_CMD: ACTCMD    R_f0= 0x22    at time   55652239 ps
inst0 ch0:  R_CMD: ACTCMD    R_r1= 0x00    at time   55652653 ps
inst0 ch0:  R_CMD: ACTCMD    R_f1= 0x00    at time   55653067 ps
inst0 ch0:  R_CMD: ACTCMD    R_r0= 0x12    at time   55655965 ps
inst0 ch0:  R_CMD: ACTCMD    R_f0= 0x22    at time   55656379 ps
inst0 ch0:  R_CMD: ACTCMD    R_r1= 0x00    at time   55656793 ps
inst0 ch0:  R_CMD: ACTCMD    R_f1= 0x00    at time   55657207 ps
inst0 ch0:  R_CMD: ACTCMD    R_r0= 0x32    at time   55660105 ps
inst0 ch0:  R_CMD: ACTCMD    R_f0= 0x02    at time   55660519 ps
inst0 ch0:  R_CMD: ACTCMD    R_r1= 0x00    at time   55660933 ps
inst0 ch0:  R_CMD: ACTCMD    R_f1= 0x00    at time   55661347 ps
inst0 ch0:  R_CMD: ACTCMD    R_r0= 0x32    at time   55661761 ps
inst0 ch0:  R_CMD: ACTCMD    R_f0= 0x2a    at time   55662175 ps
inst0 ch0:  R_CMD: ACTCMD    R_r1= 0x00    at time   55662589 ps
inst0 ch0:  R_CMD: ACTCMD    R_f1= 0x00    at time   55663003 ps
inst0 ch0:  R_CMD: ACTCMD    R_r0= 0x12    at time   55664245 ps
inst0 ch0:  R_CMD: ACTCMD    R_f0= 0x02    at time   55664659 ps
inst0 ch0:  R_CMD: ACTCMD    R_r1= 0x00    at time   55665073 ps
inst0 ch0:  R_CMD: ACTCMD    R_f1= 0x00    at time   55665487 ps
inst0 ch0:  R_CMD: ACTCMD    R_r0= 0x12    at time   55665901 ps
inst0 ch0:  R_CMD: ACTCMD    R_f0= 0x2a    at time   55666315 ps
inst0 ch0:  R_CMD: ACTCMD    R_r1= 0x00    at time   55666729 ps
inst0 ch0:  C_CMD: RDCMD     C_r = 0x0e5   at time   55666729 ps
inst0 ch0:  R_CMD: ACTCMD    R_f1= 0x00    at time   55667143 ps
inst0 ch0:  C_CMD: RDCMD     C_f = 0x000   at time   55667143 ps
inst0 ch0:  R_CMD: ACTCMD    R_r0= 0x32    at time   55670041 ps
inst0 ch0:  C_CMD: RDCMD     C_r = 0x0ed   at time   55670041 ps
inst0 ch0:  R_CMD: ACTCMD    R_f0= 0x0a    at time   55670455 ps
inst0 ch0:  C_CMD: RDCMD     C_f = 0x002   at time   55670455 ps
inst0 ch0:  R_CMD: ACTCMD    R_r1= 0x00    at time   55670869 ps
inst0 ch0:  R_CMD: ACTCMD    R_f1= 0x00    at time   55671283 ps
inst0 ch0:  C_CMD: RDCMD     C_r = 0x0a5   at time   55671697 ps
inst0 ch0:  C_CMD: RDCMD     C_f = 0x000   at time   55672111 ps
inst0 ch0:  R_CMD: ACTCMD    R_r0= 0x12    at time   55674181 ps
inst0 ch0:  R_CMD: ACTCMD    R_f0= 0x0a    at time   55674595 ps
inst0 ch0:  R_CMD: ACTCMD    R_r1= 0x00    at time   55675009 ps
inst0 ch0:  C_CMD: RDCMD     C_r = 0x0ad   at time   55675009 ps
inst0 ch0:  R_CMD: ACTCMD    R_f1= 0x00    at time   55675423 ps
inst0 ch0:  C_CMD: RDCMD     C_f = 0x002   at time   55675423 ps
inst0 ch0:  C_CMD: RDCMD     C_r = 0x065   at time   55676665 ps
inst0 ch0:  C_CMD: RDCMD     C_f = 0x000   at time   55677079 ps
inst0 ch0:  C_CMD: RDCMD     C_r = 0x0e5   at time   55677493 ps
inst0 ch0:  C_CMD: RDCMD     C_f = 0x080   at time   55677907 ps
inst0 ch0:  C_CMD: RDCMD     C_r = 0x025   at time   55679149 ps
inst0 ch0:  C_CMD: RDCMD     C_f = 0x000   at time   55679563 ps
inst0 ch0:  C_CMD: RDCMD     C_r = 0x06d   at time   55680805 ps
inst0 ch0:  C_CMD: RDCMD     C_f = 0x002   at time   55681219 ps
inst0 ch0:  C_CMD: RDCMD     C_r = 0x0ed   at time   55681633 ps
inst0 ch0:  C_CMD: RDCMD     C_f = 0x082   at time   55682047 ps
inst0 ch0:  C_CMD: RDCMD     C_r = 0x02d   at time   55682461 ps
inst0 ch0:  C_CMD: RDCMD     C_f = 0x002   at time   55682875 ps
inst0 ch0:  C_CMD: RDCMD     C_r = 0x0a5   at time   55683289 ps
inst0 ch0:  C_CMD: RDCMD     C_f = 0x080   at time   55683703 ps
inst0 ch0:  C_CMD: RDCMD     C_r = 0x065   at time   55684945 ps
inst0 ch0:  C_CMD: RDCMD     C_f = 0x080   at time   55685359 ps
inst0 ch0:  C_CMD: RDCMD     C_r = 0x0ad   at time   55686601 ps
inst0 ch0:  C_CMD: RDCMD     C_f = 0x082   at time   55687015 ps
inst0 ch0:  C_CMD: RDCMD     C_r = 0x06d   at time   55688257 ps
inst0 ch0:  C_CMD: RDCMD     C_f = 0x082   at time   55688671 ps
inst0 ch0:  C_CMD: RDCMD     C_r = 0x025   at time   55689913 ps
inst0 ch0:  C_CMD: RDCMD     C_f = 0x080   at time   55690327 ps
inst0 ch0:  C_CMD: RDCMD     C_r = 0x02d   at time   55693225 ps
inst0 ch0:  C_CMD: RDCMD     C_f = 0x082   at time   55693639 ps
inst0 ch0:  R_CMD: ACTCMD    R_r0= 0x3a    at time   56035189 ps
inst0 ch0:  R_CMD: ACTCMD    R_f0= 0x22    at time   56035603 ps
inst0 ch0:  R_CMD: ACTCMD    R_r1= 0x00    at time   56036017 ps
inst0 ch0:  R_CMD: ACTCMD    R_f1= 0x00    at time   56036431 ps
inst0 ch0:  R_CMD: ACTCMD    R_r0= 0x1a    at time   56039329 ps
inst0 ch0:  R_CMD: ACTCMD    R_f0= 0x22    at time   56039743 ps
inst0 ch0:  R_CMD: ACTCMD    R_r1= 0x00    at time   56040157 ps
inst0 ch0:  R_CMD: ACTCMD    R_f1= 0x00    at time   56040571 ps
inst0 ch0:  R_CMD: ACTCMD    R_r0= 0x3a    at time   56043469 ps
inst0 ch0:  R_CMD: ACTCMD    R_f0= 0x02    at time   56043883 ps
inst0 ch0:  R_CMD: ACTCMD    R_r1= 0x00    at time   56044297 ps
inst0 ch0:  R_CMD: ACTCMD    R_f1= 0x00    at time   56044711 ps
inst0 ch0:  R_CMD: ACTCMD    R_r0= 0x1a    at time   56047609 ps
inst0 ch0:  R_CMD: ACTCMD    R_f0= 0x02    at time   56048023 ps
inst0 ch0:  R_CMD: ACTCMD    R_r1= 0x00    at time   56048437 ps
inst0 ch0:  R_CMD: ACTCMD    R_f1= 0x00    at time   56048851 ps
inst0 ch0:  R_CMD: ACTCMD    R_r0= 0x3a    at time   56050093 ps
inst0 ch0:  C_CMD: RDCMD     C_r = 0x0f5   at time   56050093 ps
inst0 ch0:  R_CMD: ACTCMD    R_f0= 0x2a    at time   56050507 ps
inst0 ch0:  C_CMD: RDCMD     C_f = 0x000   at time   56050507 ps
inst0 ch0:  R_CMD: ACTCMD    R_r1= 0x00    at time   56050921 ps
inst0 ch0:  R_CMD: ACTCMD    R_f1= 0x00    at time   56051335 ps
inst0 ch0:  C_CMD: RDCMD     C_r = 0x0fd   at time   56053405 ps
inst0 ch0:  C_CMD: RDCMD     C_f = 0x002   at time   56053819 ps
inst0 ch0:  R_CMD: ACTCMD    R_r0= 0x1a    at time   56054233 ps
inst0 ch0:  R_CMD: ACTCMD    R_f0= 0x2a    at time   56054647 ps
inst0 ch0:  R_CMD: ACTCMD    R_r1= 0x00    at time   56055061 ps
inst0 ch0:  C_CMD: RDCMD     C_r = 0x0b5   at time   56055061 ps
inst0 ch0:  R_CMD: ACTCMD    R_f1= 0x00    at time   56055475 ps
inst0 ch0:  C_CMD: RDCMD     C_f = 0x000   at time   56055475 ps
inst0 ch0:  R_CMD: ACTCMD    R_r0= 0x3a    at time   56058373 ps
inst0 ch0:  C_CMD: RDCMD     C_r = 0x0bd   at time   56058373 ps
inst0 ch0:  R_CMD: ACTCMD    R_f0= 0x0a    at time   56058787 ps
inst0 ch0:  C_CMD: RDCMD     C_f = 0x002   at time   56058787 ps
inst0 ch0:  R_CMD: ACTCMD    R_r1= 0x00    at time   56059201 ps
inst0 ch0:  R_CMD: ACTCMD    R_f1= 0x00    at time   56059615 ps
inst0 ch0:  C_CMD: RDCMD     C_r = 0x075   at time   56060029 ps
inst0 ch0:  C_CMD: RDCMD     C_f = 0x000   at time   56060443 ps
inst0 ch0:  R_CMD: ACTCMD    R_r0= 0x1a    at time   56062513 ps
inst0 ch0:  C_CMD: RDCMD     C_r = 0x035   at time   56062513 ps
inst0 ch0:  R_CMD: ACTCMD    R_f0= 0x0a    at time   56062927 ps
inst0 ch0:  C_CMD: RDCMD     C_f = 0x000   at time   56062927 ps
inst0 ch0:  R_CMD: ACTCMD    R_r1= 0x00    at time   56063341 ps
inst0 ch0:  R_CMD: ACTCMD    R_f1= 0x00    at time   56063755 ps
inst0 ch0:  C_CMD: RDCMD     C_r = 0x07d   at time   56064169 ps
inst0 ch0:  C_CMD: RDCMD     C_f = 0x002   at time   56064583 ps
inst0 ch0:  C_CMD: RDCMD     C_r = 0x0f5   at time   56064997 ps
inst0 ch0:  C_CMD: RDCMD     C_f = 0x080   at time   56065411 ps
inst0 ch0:  C_CMD: RDCMD     C_r = 0x03d   at time   56065825 ps
inst0 ch0:  C_CMD: RDCMD     C_f = 0x002   at time   56066239 ps
inst0 ch0:  C_CMD: RDCMD     C_r = 0x0fd   at time   56068309 ps
inst0 ch0:  C_CMD: RDCMD     C_f = 0x082   at time   56068723 ps
inst0 ch0:  C_CMD: RDCMD     C_r = 0x0b5   at time   56069965 ps
inst0 ch0:  C_CMD: RDCMD     C_f = 0x080   at time   56070379 ps
inst0 ch0:  C_CMD: RDCMD     C_r = 0x0bd   at time   56073277 ps
inst0 ch0:  C_CMD: RDCMD     C_f = 0x082   at time   56073691 ps
inst0 ch0:  C_CMD: RDCMD     C_r = 0x075   at time   56074933 ps
inst0 ch0:  C_CMD: RDCMD     C_f = 0x080   at time   56075347 ps
inst0 ch0:  C_CMD: RDCMD     C_r = 0x035   at time   56077417 ps
inst0 ch0:  C_CMD: RDCMD     C_f = 0x080   at time   56077831 ps
inst0 ch0:  C_CMD: RDCMD     C_r = 0x07d   at time   56079073 ps
inst0 ch0:  C_CMD: RDCMD     C_f = 0x082   at time   56079487 ps
inst0 ch0:  C_CMD: RDCMD     C_r = 0x03d   at time   56080729 ps
inst0 ch0:  C_CMD: RDCMD     C_f = 0x082   at time   56081143 ps
inst0 ch0:  R_CMD: ACTCMD    R_r0= 0x02    at time   56503009 ps
inst0 ch0:  R_CMD: ACTCMD    R_f0= 0x10    at time   56503423 ps
inst0 ch0:  R_CMD: ACTCMD    R_r1= 0x3f    at time   56503837 ps
inst0 ch0:  R_CMD: ACTCMD    R_f1= 0x3b    at time   56504251 ps
inst0 ch0:  C_CMD: WRCMD     C_r = 0x009   at time   56513773 ps
inst0 ch0:  C_CMD: WRCMD     C_f = 0x07a   at time   56514187 ps
inst0 ch0:  R_CMD: ACTCMD    R_r0= 0x02    at time   56613133 ps
inst0 ch0:  R_CMD: ACTCMD    R_f0= 0x18    at time   56613547 ps
inst0 ch0:  R_CMD: ACTCMD    R_r1= 0x3f    at time   56613961 ps
inst0 ch0:  R_CMD: ACTCMD    R_f1= 0x3b    at time   56614375 ps
inst0 ch0:  C_CMD: WRCMD     C_r = 0x009   at time   56623897 ps
inst0 ch0:  C_CMD: WRCMD     C_f = 0x0fa   at time   56624311 ps
inst0 ch0:  R_CMD: ACTCMD    R_r0= 0x0a    at time   56951785 ps
inst0 ch0:  R_CMD: ACTCMD    R_f0= 0x10    at time   56952199 ps
inst0 ch0:  R_CMD: ACTCMD    R_r1= 0x3f    at time   56952613 ps
inst0 ch0:  R_CMD: ACTCMD    R_f1= 0x3b    at time   56953027 ps
inst0 ch0:  C_CMD: WRCMD     C_r = 0x019   at time   56962549 ps
inst0 ch0:  C_CMD: WRCMD     C_f = 0x07a   at time   56962963 ps
inst0 ch0:  R_CMD: ACTCMD    R_r0= 0x0a    at time   56965033 ps
inst0 ch0:  R_CMD: ACTCMD    R_f0= 0x18    at time   56965447 ps
inst0 ch0:  R_CMD: ACTCMD    R_r1= 0x3f    at time   56965861 ps
inst0 ch0:  R_CMD: ACTCMD    R_f1= 0x3b    at time   56966275 ps
inst0 ch0:  C_CMD: WRCMD     C_r = 0x019   at time   56975797 ps
inst0 ch0:  C_CMD: WRCMD     C_f = 0x0fa   at time   56976211 ps
inst0 ch0:  R_CMD: ACTCMD    R_r0= 0x02    at time   57206809 ps
inst0 ch0:  R_CMD: ACTCMD    R_f0= 0x30    at time   57207223 ps
inst0 ch0:  R_CMD: ACTCMD    R_r1= 0x3f    at time   57207637 ps
inst0 ch0:  R_CMD: ACTCMD    R_f1= 0x3b    at time   57208051 ps
inst0 ch0:  C_CMD: WRCMD     C_r = 0x089   at time   57217573 ps
inst0 ch0:  C_CMD: WRCMD     C_f = 0x07a   at time   57217987 ps
inst0 ch0:  R_CMD: ACTCMD    R_r0= 0x02    at time   57219229 ps
inst0 ch0:  R_CMD: ACTCMD    R_f0= 0x38    at time   57219643 ps
inst0 ch0:  R_CMD: ACTCMD    R_r1= 0x3f    at time   57220057 ps
inst0 ch0:  R_CMD: ACTCMD    R_f1= 0x3b    at time   57220471 ps
inst0 ch0:  C_CMD: WRCMD     C_r = 0x089   at time   57229993 ps
inst0 ch0:  C_CMD: WRCMD     C_f = 0x0fa   at time   57230407 ps
inst0 ch0:  R_CMD: ACTCMD    R_r0= 0x0a    at time   57463489 ps
inst0 ch0:  R_CMD: ACTCMD    R_f0= 0x30    at time   57463903 ps
inst0 ch0:  R_CMD: ACTCMD    R_r1= 0x3f    at time   57464317 ps
inst0 ch0:  R_CMD: ACTCMD    R_f1= 0x3b    at time   57464731 ps
inst0 ch0:  R_CMD: ACTCMD    R_r0= 0x0a    at time   57465973 ps
inst0 ch0:  R_CMD: ACTCMD    R_f0= 0x38    at time   57466387 ps
inst0 ch0:  R_CMD: ACTCMD    R_r1= 0x3f    at time   57466801 ps
inst0 ch0:  R_CMD: ACTCMD    R_f1= 0x3b    at time   57467215 ps
inst0 ch0:  C_CMD: WRCMD     C_r = 0x099   at time   57474253 ps
inst0 ch0:  C_CMD: WRCMD     C_f = 0x07a   at time   57474667 ps
inst0 ch0:  C_CMD: WRCMD     C_r = 0x099   at time   57476737 ps
inst0 ch0:  C_CMD: WRCMD     C_f = 0x0fa   at time   57477151 ps
inst0 ch0:  R_CMD: ACTCMD    R_r0= 0x0a    at time   58643389 ps
inst0 ch0:  R_CMD: ACTCMD    R_f0= 0x1b    at time   58643803 ps
inst0 ch0:  R_CMD: ACTCMD    R_r1= 0x3f    at time   58644217 ps
inst0 ch0:  R_CMD: ACTCMD    R_f1= 0x3b    at time   58644631 ps
inst0 ch0:  C_CMD: WRCMD     C_r = 0x019   at time   58654153 ps
inst0 ch0:  C_CMD: WRCMD     C_f = 0x090   at time   58654567 ps
inst0 ch0:  R_CMD: ACTCMD    R_r0= 0x0a    at time   58674025 ps
inst0 ch0:  R_CMD: ACTCMD    R_f0= 0x13    at time   58674439 ps
inst0 ch0:  R_CMD: ACTCMD    R_r1= 0x3f    at time   58674853 ps
inst0 ch0:  R_CMD: ACTCMD    R_f1= 0x3b    at time   58675267 ps
inst0 ch0:  C_CMD: WRCMD     C_r = 0x019   at time   58684789 ps
inst0 ch0:  C_CMD: WRCMD     C_f = 0x010   at time   58685203 ps
inst0 ch0:  R_CMD: ACTCMD    R_r0= 0x02    at time   58917457 ps
inst0 ch0:  R_CMD: ACTCMD    R_f0= 0x1b    at time   58917871 ps
inst0 ch0:  R_CMD: ACTCMD    R_r1= 0x3f    at time   58918285 ps
inst0 ch0:  R_CMD: ACTCMD    R_f1= 0x3b    at time   58918699 ps
inst0 ch0:  C_CMD: WRCMD     C_r = 0x009   at time   58928221 ps
inst0 ch0:  C_CMD: WRCMD     C_f = 0x080   at time   58928635 ps
inst0 ch0:  R_CMD: ACTCMD    R_r0= 0x02    at time   59107897 ps
inst0 ch0:  R_CMD: ACTCMD    R_f0= 0x13    at time   59108311 ps
inst0 ch0:  R_CMD: ACTCMD    R_r1= 0x3f    at time   59108725 ps
inst0 ch0:  R_CMD: ACTCMD    R_f1= 0x3b    at time   59109139 ps
inst0 ch0:  C_CMD: WRCMD     C_r = 0x009   at time   59118661 ps
inst0 ch0:  C_CMD: WRCMD     C_f = 0x000   at time   59119075 ps
inst0 ch0:  R_CMD: ACTCMD    R_r0= 0x2e    at time   59854753 ps
inst0 ch0:  R_CMD: ACTCMD    R_f0= 0x20    at time   59855167 ps
inst0 ch0:  R_CMD: ACTCMD    R_r1= 0x00    at time   59855581 ps
inst0 ch0:  R_CMD: ACTCMD    R_f1= 0x02    at time   59855995 ps
inst0 ch0:  C_CMD: RDCMD     C_r = 0x0d5   at time   59869657 ps
inst0 ch0:  C_CMD: RDCMD     C_f = 0x021   at time   59870071 ps
inst0 ch0:  C_CMD: RDCMD     C_r = 0x0dd   at time   59872969 ps
inst0 ch0:  C_CMD: RDCMD     C_f = 0x023   at time   59873383 ps
inst0 ch0:  R_CMD: ACTCMD    R_r0= 0x2e    at time   60007105 ps
inst0 ch0:  R_CMD: ACTCMD    R_f0= 0x28    at time   60007519 ps
inst0 ch0:  R_CMD: ACTCMD    R_r1= 0x00    at time   60007933 ps
inst0 ch0:  R_CMD: ACTCMD    R_f1= 0x02    at time   60008347 ps
inst0 ch0:  C_CMD: RDCMD     C_r = 0x0d5   at time   60022009 ps
inst0 ch0:  C_CMD: RDCMD     C_f = 0x0a1   at time   60022423 ps
inst0 ch0:  C_CMD: RDCMD     C_r = 0x0dd   at time   60025321 ps
inst0 ch0:  C_CMD: RDCMD     C_f = 0x0a3   at time   60025735 ps
inst0 ch0:  R_CMD: ACTCMD    R_r0= 0x2e    at time   60209965 ps
inst0 ch0:  R_CMD: ACTCMD    R_f0= 0x20    at time   60210379 ps
inst0 ch0:  R_CMD: ACTCMD    R_r1= 0x00    at time   60210793 ps
inst0 ch0:  R_CMD: ACTCMD    R_f1= 0x02    at time   60211207 ps
inst0 ch0:  C_CMD: RDCMD     C_r = 0x0d5   at time   60224869 ps
inst0 ch0:  C_CMD: RDCMD     C_f = 0x029   at time   60225283 ps
inst0 ch0:  C_CMD: RDCMD     C_r = 0x0dd   at time   60228181 ps
inst0 ch0:  C_CMD: RDCMD     C_f = 0x02b   at time   60228595 ps
inst0 ch0:  R_CMD: ACTCMD    R_r0= 0x02    at time   60324229 ps
inst0 ch0:  R_CMD: ACTCMD    R_f0= 0x08    at time   60324643 ps
inst0 ch0:  R_CMD: ACTCMD    R_r1= 0x00    at time   60325057 ps
inst0 ch0:  R_CMD: ACTCMD    R_f1= 0x00    at time   60325471 ps
inst0 ch0:  C_CMD: RDCMD     C_r = 0x005   at time   60339133 ps
inst0 ch0:  C_CMD: RDCMD     C_f = 0x098   at time   60339547 ps
inst0 ch0:  C_CMD: RDCMD     C_r = 0x005   at time   60342445 ps
inst0 ch0:  C_CMD: RDCMD     C_f = 0x09a   at time   60342859 ps
inst0 ch0:  C_CMD: RDCMD     C_r = 0x005   at time   60345757 ps
inst0 ch0:  C_CMD: RDCMD     C_f = 0x090   at time   60346171 ps
inst0 ch0:  C_CMD: RDCMD     C_r = 0x005   at time   60349069 ps
inst0 ch0:  C_CMD: RDCMD     C_f = 0x092   at time   60349483 ps
inst0 ch0:  C_CMD: RDCMD     C_r = 0x005   at time   60352381 ps
inst0 ch0:  C_CMD: RDCMD     C_f = 0x088   at time   60352795 ps
inst0 ch0:  C_CMD: RDCMD     C_r = 0x005   at time   60355693 ps
inst0 ch0:  C_CMD: RDCMD     C_f = 0x08a   at time   60356107 ps
inst0 ch0:  R_CMD: ACTCMD    R_r0= 0x2e    at time   60358177 ps
inst0 ch0:  R_CMD: ACTCMD    R_f0= 0x28    at time   60358591 ps
inst0 ch0:  R_CMD: ACTCMD    R_r1= 0x00    at time   60359005 ps
inst0 ch0:  C_CMD: RDCMD     C_r = 0x005   at time   60359005 ps
inst0 ch0:  R_CMD: ACTCMD    R_f1= 0x02    at time   60359419 ps
inst0 ch0:  C_CMD: RDCMD     C_f = 0x080   at time   60359419 ps
inst0 ch0:  R_CMD: ACTCMD    R_r0= 0x02    at time   60361489 ps
inst0 ch0:  R_CMD: ACTCMD    R_f0= 0x00    at time   60361903 ps
inst0 ch0:  R_CMD: ACTCMD    R_r1= 0x00    at time   60362317 ps
inst0 ch0:  C_CMD: RDCMD     C_r = 0x00d   at time   60362317 ps
inst0 ch0:  R_CMD: ACTCMD    R_f1= 0x00    at time   60362731 ps
inst0 ch0:  C_CMD: RDCMD     C_f = 0x082   at time   60362731 ps
inst0 ch0:  C_CMD: RDCMD     C_r = 0x0d5   at time   60373081 ps
inst0 ch0:  C_CMD: RDCMD     C_f = 0x0a9   at time   60373495 ps
inst0 ch0:  C_CMD: RDCMD     C_r = 0x0dd   at time   60376393 ps
inst0 ch0:  C_CMD: RDCMD     C_f = 0x0ab   at time   60376807 ps
inst0 ch0:  C_CMD: RDCMD     C_r = 0x005   at time   60377221 ps
inst0 ch0:  C_CMD: RDCMD     C_f = 0x018   at time   60377635 ps
inst0 ch0:  C_CMD: RDCMD     C_r = 0x005   at time   60380533 ps
inst0 ch0:  C_CMD: RDCMD     C_f = 0x01a   at time   60380947 ps
inst0 ch0:  C_CMD: RDCMD     C_r = 0x005   at time   60383845 ps
inst0 ch0:  C_CMD: RDCMD     C_f = 0x010   at time   60384259 ps
inst0 ch0:  C_CMD: RDCMD     C_r = 0x005   at time   60387157 ps
inst0 ch0:  C_CMD: RDCMD     C_f = 0x012   at time   60387571 ps
inst0 ch0:  C_CMD: RDCMD     C_r = 0x005   at time   60390469 ps
inst0 ch0:  C_CMD: RDCMD     C_f = 0x008   at time   60390883 ps
inst0 ch0:  C_CMD: RDCMD     C_r = 0x005   at time   60393781 ps
inst0 ch0:  C_CMD: RDCMD     C_f = 0x00a   at time   60394195 ps
inst0 ch0:  C_CMD: RDCMD     C_r = 0x005   at time   60397093 ps
inst0 ch0:  C_CMD: RDCMD     C_f = 0x000   at time   60397507 ps
inst0 ch0:  C_CMD: RDCMD     C_r = 0x00d   at time   60400405 ps
inst0 ch0:  C_CMD: RDCMD     C_f = 0x002   at time   60400819 ps
inst0 ch0:  R_CMD: ACTCMD    R_r0= 0x0a    at time   60561865 ps
inst0 ch0:  R_CMD: ACTCMD    R_f0= 0x08    at time   60562279 ps
inst0 ch0:  R_CMD: ACTCMD    R_r1= 0x00    at time   60562693 ps
inst0 ch0:  R_CMD: ACTCMD    R_f1= 0x00    at time   60563107 ps
inst0 ch0:  R_CMD: ACTCMD    R_r0= 0x0a    at time   60565177 ps
inst0 ch0:  R_CMD: ACTCMD    R_f0= 0x00    at time   60565591 ps
inst0 ch0:  R_CMD: ACTCMD    R_r1= 0x00    at time   60566005 ps
inst0 ch0:  R_CMD: ACTCMD    R_f1= 0x00    at time   60566419 ps
inst0 ch0:  C_CMD: RDCMD     C_r = 0x015   at time   60576769 ps
inst0 ch0:  C_CMD: RDCMD     C_f = 0x098   at time   60577183 ps
inst0 ch0:  C_CMD: RDCMD     C_r = 0x015   at time   60580081 ps
inst0 ch0:  C_CMD: RDCMD     C_f = 0x09a   at time   60580495 ps
inst0 ch0:  C_CMD: RDCMD     C_r = 0x015   at time   60580909 ps
inst0 ch0:  C_CMD: RDCMD     C_f = 0x018   at time   60581323 ps
inst0 ch0:  C_CMD: RDCMD     C_r = 0x015   at time   60583393 ps
inst0 ch0:  C_CMD: RDCMD     C_f = 0x090   at time   60583807 ps
inst0 ch0:  C_CMD: RDCMD     C_r = 0x015   at time   60584221 ps
inst0 ch0:  C_CMD: RDCMD     C_f = 0x01a   at time   60584635 ps
inst0 ch0:  C_CMD: RDCMD     C_r = 0x015   at time   60586705 ps
inst0 ch0:  C_CMD: RDCMD     C_f = 0x092   at time   60587119 ps
inst0 ch0:  C_CMD: RDCMD     C_r = 0x015   at time   60587533 ps
inst0 ch0:  C_CMD: RDCMD     C_f = 0x010   at time   60587947 ps
inst0 ch0:  C_CMD: RDCMD     C_r = 0x015   at time   60590017 ps
inst0 ch0:  C_CMD: RDCMD     C_f = 0x088   at time   60590431 ps
inst0 ch0:  C_CMD: RDCMD     C_r = 0x015   at time   60590845 ps
inst0 ch0:  C_CMD: RDCMD     C_f = 0x012   at time   60591259 ps
inst0 ch0:  C_CMD: RDCMD     C_r = 0x015   at time   60593329 ps
inst0 ch0:  C_CMD: RDCMD     C_f = 0x08a   at time   60593743 ps
inst0 ch0:  C_CMD: RDCMD     C_r = 0x015   at time   60594157 ps
inst0 ch0:  C_CMD: RDCMD     C_f = 0x008   at time   60594571 ps
inst0 ch0:  C_CMD: RDCMD     C_r = 0x015   at time   60596641 ps
inst0 ch0:  C_CMD: RDCMD     C_f = 0x080   at time   60597055 ps
inst0 ch0:  C_CMD: RDCMD     C_r = 0x015   at time   60597469 ps
inst0 ch0:  C_CMD: RDCMD     C_f = 0x00a   at time   60597883 ps
inst0 ch0:  C_CMD: RDCMD     C_r = 0x01d   at time   60599953 ps
inst0 ch0:  C_CMD: RDCMD     C_f = 0x082   at time   60600367 ps
inst0 ch0:  C_CMD: RDCMD     C_r = 0x015   at time   60600781 ps
inst0 ch0:  C_CMD: RDCMD     C_f = 0x000   at time   60601195 ps
inst0 ch0:  C_CMD: RDCMD     C_r = 0x01d   at time   60604093 ps
inst0 ch0:  C_CMD: RDCMD     C_f = 0x002   at time   60604507 ps
inst0 ch0:  R_CMD: ACTCMD    R_r0= 0x0a    at time   60951853 ps
inst0 ch0:  R_CMD: ACTCMD    R_f0= 0x08    at time   60952267 ps
inst0 ch0:  R_CMD: ACTCMD    R_r1= 0x00    at time   60952681 ps
inst0 ch0:  R_CMD: ACTCMD    R_f1= 0x00    at time   60953095 ps
inst0 ch0:  C_CMD: WRCMD     C_r = 0x011   at time   60962617 ps
inst0 ch0:  C_CMD: WRCMD     C_f = 0x0b8   at time   60963031 ps
inst0 ch0:  C_CMD: WRCMD     C_r = 0x011   at time   60965929 ps
inst0 ch0:  C_CMD: WRCMD     C_f = 0x0ba   at time   60966343 ps
inst0 ch0:  C_CMD: WRCMD     C_r = 0x011   at time   60969241 ps
inst0 ch0:  C_CMD: WRCMD     C_f = 0x0b0   at time   60969655 ps
inst0 ch0:  C_CMD: WRCMD     C_r = 0x011   at time   60972553 ps
inst0 ch0:  C_CMD: WRCMD     C_f = 0x0b2   at time   60972967 ps
inst0 ch0:  C_CMD: WRCMD     C_r = 0x011   at time   60975865 ps
inst0 ch0:  C_CMD: WRCMD     C_f = 0x0a8   at time   60976279 ps
inst0 ch0:  C_CMD: WRCMD     C_r = 0x011   at time   60979177 ps
inst0 ch0:  C_CMD: WRCMD     C_f = 0x0aa   at time   60979591 ps
inst0 ch0:  C_CMD: WRCMD     C_r = 0x011   at time   60982489 ps
inst0 ch0:  C_CMD: WRCMD     C_f = 0x0a0   at time   60982903 ps
inst0 ch0:  C_CMD: WRCMD     C_r = 0x019   at time   60985801 ps
inst0 ch0:  C_CMD: WRCMD     C_f = 0x0a2   at time   60986215 ps
inst0 ch0:  R_CMD: ACTCMD    R_r0= 0x0a    at time   60999877 ps
inst0 ch0:  R_CMD: ACTCMD    R_f0= 0x00    at time   61000291 ps
inst0 ch0:  R_CMD: ACTCMD    R_r1= 0x00    at time   61000705 ps
inst0 ch0:  R_CMD: ACTCMD    R_f1= 0x00    at time   61001119 ps
inst0 ch0:  C_CMD: WRCMD     C_r = 0x011   at time   61010641 ps
inst0 ch0:  C_CMD: WRCMD     C_f = 0x038   at time   61011055 ps
inst0 ch0:  C_CMD: WRCMD     C_r = 0x011   at time   61013953 ps
inst0 ch0:  C_CMD: WRCMD     C_f = 0x03a   at time   61014367 ps
inst0 ch0:  C_CMD: WRCMD     C_r = 0x011   at time   61017265 ps
inst0 ch0:  C_CMD: WRCMD     C_f = 0x030   at time   61017679 ps
inst0 ch0:  C_CMD: WRCMD     C_r = 0x011   at time   61020577 ps
inst0 ch0:  C_CMD: WRCMD     C_f = 0x032   at time   61020991 ps
inst0 ch0:  C_CMD: WRCMD     C_r = 0x011   at time   61023889 ps
inst0 ch0:  C_CMD: WRCMD     C_f = 0x028   at time   61024303 ps
inst0 ch0:  C_CMD: WRCMD     C_r = 0x011   at time   61027201 ps
inst0 ch0:  C_CMD: WRCMD     C_f = 0x02a   at time   61027615 ps
inst0 ch0:  C_CMD: WRCMD     C_r = 0x011   at time   61030513 ps
inst0 ch0:  C_CMD: WRCMD     C_f = 0x020   at time   61030927 ps
inst0 ch0:  C_CMD: WRCMD     C_r = 0x019   at time   61033825 ps
inst0 ch0:  C_CMD: WRCMD     C_f = 0x022   at time   61034239 ps
inst0 ch0:  R_CMD: ACTCMD    R_r0= 0x02    at time   62092009 ps
inst0 ch0:  R_CMD: ACTCMD    R_f0= 0x13    at time   62092423 ps
inst0 ch0:  R_CMD: ACTCMD    R_r1= 0x3f    at time   62092837 ps
inst0 ch0:  R_CMD: ACTCMD    R_f1= 0x3b    at time   62093251 ps
inst0 ch0:  R_CMD: ACTCMD    R_r0= 0x02    at time   62100289 ps
inst0 ch0:  R_CMD: ACTCMD    R_f0= 0x1b    at time   62100703 ps
inst0 ch0:  R_CMD: ACTCMD    R_r1= 0x3f    at time   62101117 ps
inst0 ch0:  R_CMD: ACTCMD    R_f1= 0x3b    at time   62101531 ps
inst0 ch0:  C_CMD: WRCMD     C_r = 0x009   at time   62102773 ps
inst0 ch0:  C_CMD: WRCMD     C_f = 0x000   at time   62103187 ps
inst0 ch0:  C_CMD: WRCMD     C_r = 0x009   at time   62111053 ps
inst0 ch0:  C_CMD: WRCMD     C_f = 0x080   at time   62111467 ps
inst0 ch0:  R_CMD: ACTCMD    R_r0= 0x0a    at time   62649253 ps
inst0 ch0:  R_CMD: ACTCMD    R_f0= 0x19    at time   62649667 ps
inst0 ch0:  R_CMD: ACTCMD    R_r1= 0x3f    at time   62650081 ps
inst0 ch0:  R_CMD: ACTCMD    R_f1= 0x3b    at time   62650495 ps
inst0 ch0:  R_CMD: ACTCMD    R_r0= 0x02    at time   62653393 ps
inst0 ch0:  R_CMD: ACTCMD    R_f0= 0x19    at time   62653807 ps
inst0 ch0:  R_CMD: ACTCMD    R_r1= 0x3f    at time   62654221 ps
inst0 ch0:  R_CMD: ACTCMD    R_f1= 0x3b    at time   62654635 ps
inst0 ch0:  C_CMD: WRCMD     C_r = 0x019   at time   62660017 ps
inst0 ch0:  C_CMD: WRCMD     C_f = 0x0fa   at time   62660431 ps
inst0 ch0:  C_CMD: WRCMD     C_r = 0x009   at time   62664157 ps
inst0 ch0:  C_CMD: WRCMD     C_f = 0x0fa   at time   62664571 ps
inst0 ch0:  R_CMD: ACTCMD    R_r0= 0x0a    at time   62713837 ps
inst0 ch0:  R_CMD: ACTCMD    R_f0= 0x11    at time   62714251 ps
inst0 ch0:  R_CMD: ACTCMD    R_r1= 0x3f    at time   62714665 ps
inst0 ch0:  R_CMD: ACTCMD    R_f1= 0x3b    at time   62715079 ps
inst0 ch0:  R_CMD: ACTCMD    R_r0= 0x02    at time   62717977 ps
inst0 ch0:  R_CMD: ACTCMD    R_f0= 0x11    at time   62718391 ps
inst0 ch0:  R_CMD: ACTCMD    R_r1= 0x3f    at time   62718805 ps
inst0 ch0:  R_CMD: ACTCMD    R_f1= 0x3b    at time   62719219 ps
inst0 ch0:  C_CMD: WRCMD     C_r = 0x019   at time   62724601 ps
inst0 ch0:  C_CMD: WRCMD     C_f = 0x07a   at time   62725015 ps
inst0 ch0:  C_CMD: WRCMD     C_r = 0x009   at time   62728741 ps
inst0 ch0:  C_CMD: WRCMD     C_f = 0x07a   at time   62729155 ps
inst0 ch0:  R_CMD: ACTCMD    R_r0= 0x0a    at time   62835553 ps
inst0 ch0:  R_CMD: ACTCMD    R_f0= 0x0a    at time   62835967 ps
inst0 ch0:  R_CMD: ACTCMD    R_r1= 0x00    at time   62836381 ps
inst0 ch0:  R_CMD: ACTCMD    R_f1= 0x00    at time   62836795 ps
inst0 ch0:  R_CMD: ACTCMD    R_r0= 0x02    at time   62839693 ps
inst0 ch0:  R_CMD: ACTCMD    R_f0= 0x0a    at time   62840107 ps
inst0 ch0:  R_CMD: ACTCMD    R_r1= 0x00    at time   62840521 ps
inst0 ch0:  R_CMD: ACTCMD    R_f1= 0x00    at time   62840935 ps
inst0 ch0:  C_CMD: RDCMD     C_r = 0x015   at time   62850457 ps
inst0 ch0:  C_CMD: RDCMD     C_f = 0x080   at time   62850871 ps
inst0 ch0:  C_CMD: RDCMD     C_r = 0x01d   at time   62853769 ps
inst0 ch0:  C_CMD: RDCMD     C_f = 0x082   at time   62854183 ps
inst0 ch0:  C_CMD: RDCMD     C_r = 0x005   at time   62857081 ps
inst0 ch0:  C_CMD: RDCMD     C_f = 0x080   at time   62857495 ps
inst0 ch0:  C_CMD: RDCMD     C_r = 0x00d   at time   62860393 ps
inst0 ch0:  C_CMD: RDCMD     C_f = 0x082   at time   62860807 ps
inst0 ch0:  R_CMD: ACTCMD    R_r0= 0x0a    at time   62936569 ps
inst0 ch0:  R_CMD: ACTCMD    R_f0= 0x02    at time   62936983 ps
inst0 ch0:  R_CMD: ACTCMD    R_r1= 0x00    at time   62937397 ps
inst0 ch0:  R_CMD: ACTCMD    R_f1= 0x00    at time   62937811 ps
inst0 ch0:  R_CMD: ACTCMD    R_r0= 0x02    at time   62940709 ps
inst0 ch0:  R_CMD: ACTCMD    R_f0= 0x02    at time   62941123 ps
inst0 ch0:  R_CMD: ACTCMD    R_r1= 0x00    at time   62941537 ps
inst0 ch0:  R_CMD: ACTCMD    R_f1= 0x00    at time   62941951 ps
inst0 ch0:  C_CMD: RDCMD     C_r = 0x015   at time   62951473 ps
inst0 ch0:  C_CMD: RDCMD     C_f = 0x000   at time   62951887 ps
inst0 ch0:  C_CMD: RDCMD     C_r = 0x01d   at time   62954785 ps
inst0 ch0:  C_CMD: RDCMD     C_f = 0x002   at time   62955199 ps
inst0 ch0:  C_CMD: RDCMD     C_r = 0x005   at time   62958097 ps
inst0 ch0:  C_CMD: RDCMD     C_f = 0x000   at time   62958511 ps
inst0 ch0:  C_CMD: RDCMD     C_r = 0x00d   at time   62961409 ps
inst0 ch0:  C_CMD: RDCMD     C_f = 0x002   at time   62961823 ps
