inst0 ch0:  R_CMD: ACTCMD    R_r0= 0x0e    at time   33400981 ps
inst0 ch0:  R_CMD: ACTCMD    R_f0= 0x28    at time   33401395 ps
inst0 ch0:  R_CMD: ACTCMD    R_r1= 0x00    at time   33401809 ps
inst0 ch0:  R_CMD: ACTCMD    R_f1= 0x02    at time   33402223 ps
inst0 ch0:  R_CMD: ACTCMD    R_r0= 0x0e    at time   33402637 ps
inst0 ch0:  R_CMD: ACTCMD    R_f0= 0x20    at time   33403051 ps
inst0 ch0:  R_CMD: ACTCMD    R_r1= 0x00    at time   33403465 ps
inst0 ch0:  R_CMD: ACTCMD    R_f1= 0x02    at time   33403879 ps
inst0 ch0:  C_CMD: RDCMD     C_r = 0x095   at time   33415885 ps
inst0 ch0:  C_CMD: RDCMD     C_f = 0x0a9   at time   33416299 ps
inst0 ch0:  C_CMD: RDCMD     C_r = 0x095   at time   33417541 ps
inst0 ch0:  C_CMD: RDCMD     C_f = 0x029   at time   33417955 ps
inst0 ch0:  C_CMD: RDCMD     C_r = 0x095   at time   33419197 ps
inst0 ch0:  C_CMD: RDCMD     C_f = 0x0ab   at time   33419611 ps
inst0 ch0:  C_CMD: RDCMD     C_r = 0x095   at time   33420853 ps
inst0 ch0:  C_CMD: RDCMD     C_f = 0x02b   at time   33421267 ps
inst0 ch0:  C_CMD: RDCMD     C_r = 0x095   at time   33422509 ps
inst0 ch0:  C_CMD: RDCMD     C_f = 0x0a1   at time   33422923 ps
inst0 ch0:  C_CMD: RDCMD     C_r = 0x095   at time   33424165 ps
inst0 ch0:  C_CMD: RDCMD     C_f = 0x021   at time   33424579 ps
inst0 ch0:  C_CMD: RDCMD     C_r = 0x09d   at time   33425821 ps
inst0 ch0:  C_CMD: RDCMD     C_f = 0x0a3   at time   33426235 ps
inst0 ch0:  C_CMD: RDCMD     C_r = 0x09d   at time   33427477 ps
inst0 ch0:  C_CMD: RDCMD     C_f = 0x023   at time   33427891 ps
inst0 ch0:  R_CMD: ACTCMD    R_r0= 0x0e    at time   33471361 ps
inst0 ch0:  R_CMD: ACTCMD    R_f0= 0x28    at time   33471775 ps
inst0 ch0:  R_CMD: ACTCMD    R_r1= 0x00    at time   33472189 ps
inst0 ch0:  R_CMD: ACTCMD    R_f1= 0x02    at time   33472603 ps
inst0 ch0:  R_CMD: ACTCMD    R_r0= 0x0e    at time   33473845 ps
inst0 ch0:  R_CMD: ACTCMD    R_f0= 0x20    at time   33474259 ps
inst0 ch0:  R_CMD: ACTCMD    R_r1= 0x00    at time   33474673 ps
inst0 ch0:  R_CMD: ACTCMD    R_f1= 0x02    at time   33475087 ps
inst0 ch0:  C_CMD: WRCMD     C_r = 0x091   at time   33482125 ps
inst0 ch0:  C_CMD: WRCMD     C_f = 0x0a9   at time   33482539 ps
inst0 ch0:  C_CMD: WRCMD     C_r = 0x091   at time   33484609 ps
inst0 ch0:  C_CMD: WRCMD     C_f = 0x029   at time   33485023 ps
inst0 ch0:  C_CMD: WRCMD     C_r = 0x091   at time   33485437 ps
inst0 ch0:  C_CMD: WRCMD     C_f = 0x0ab   at time   33485851 ps
inst0 ch0:  C_CMD: WRCMD     C_r = 0x091   at time   33487921 ps
inst0 ch0:  C_CMD: WRCMD     C_f = 0x02b   at time   33488335 ps
inst0 ch0:  C_CMD: WRCMD     C_r = 0x091   at time   33488749 ps
inst0 ch0:  C_CMD: WRCMD     C_f = 0x0a1   at time   33489163 ps
inst0 ch0:  C_CMD: WRCMD     C_r = 0x091   at time   33491233 ps
inst0 ch0:  C_CMD: WRCMD     C_f = 0x021   at time   33491647 ps
inst0 ch0:  C_CMD: WRCMD     C_r = 0x099   at time   33492061 ps
inst0 ch0:  C_CMD: WRCMD     C_f = 0x0a3   at time   33492475 ps
inst0 ch0:  C_CMD: WRCMD     C_r = 0x099   at time   33494545 ps
inst0 ch0:  C_CMD: WRCMD     C_f = 0x023   at time   33494959 ps
inst0 ch0:  R_CMD: ACTCMD    R_r0= 0x2e    at time   54517465 ps
inst0 ch0:  R_CMD: ACTCMD    R_f0= 0x28    at time   54517879 ps
inst0 ch0:  R_CMD: ACTCMD    R_r1= 0x00    at time   54518293 ps
inst0 ch0:  R_CMD: ACTCMD    R_f1= 0x02    at time   54518707 ps
inst0 ch0:  R_CMD: ACTCMD    R_r0= 0x2e    at time   54519949 ps
inst0 ch0:  R_CMD: ACTCMD    R_f0= 0x20    at time   54520363 ps
inst0 ch0:  R_CMD: ACTCMD    R_r1= 0x00    at time   54520777 ps
inst0 ch0:  R_CMD: ACTCMD    R_f1= 0x02    at time   54521191 ps
inst0 ch0:  C_CMD: RDCMD     C_r = 0x0d5   at time   54532369 ps
inst0 ch0:  C_CMD: RDCMD     C_f = 0x0a9   at time   54532783 ps
inst0 ch0:  C_CMD: RDCMD     C_r = 0x0d5   at time   54534853 ps
inst0 ch0:  C_CMD: RDCMD     C_f = 0x029   at time   54535267 ps
inst0 ch0:  C_CMD: RDCMD     C_r = 0x0d5   at time   54535681 ps
inst0 ch0:  C_CMD: RDCMD     C_f = 0x0ab   at time   54536095 ps
inst0 ch0:  C_CMD: RDCMD     C_r = 0x0d5   at time   54538165 ps
inst0 ch0:  C_CMD: RDCMD     C_f = 0x02b   at time   54538579 ps
inst0 ch0:  C_CMD: RDCMD     C_r = 0x0d5   at time   54538993 ps
inst0 ch0:  C_CMD: RDCMD     C_f = 0x0a1   at time   54539407 ps
inst0 ch0:  C_CMD: RDCMD     C_r = 0x0d5   at time   54541477 ps
inst0 ch0:  C_CMD: RDCMD     C_f = 0x021   at time   54541891 ps
inst0 ch0:  C_CMD: RDCMD     C_r = 0x0dd   at time   54542305 ps
inst0 ch0:  C_CMD: RDCMD     C_f = 0x0a3   at time   54542719 ps
inst0 ch0:  C_CMD: RDCMD     C_r = 0x0dd   at time   54544789 ps
inst0 ch0:  C_CMD: RDCMD     C_f = 0x023   at time   54545203 ps
inst0 ch0:  R_CMD: ACTCMD    R_r0= 0x2e    at time   54702937 ps
inst0 ch0:  R_CMD: ACTCMD    R_f0= 0x28    at time   54703351 ps
inst0 ch0:  R_CMD: ACTCMD    R_r1= 0x00    at time   54703765 ps
inst0 ch0:  R_CMD: ACTCMD    R_f1= 0x02    at time   54704179 ps
inst0 ch0:  R_CMD: ACTCMD    R_r0= 0x2e    at time   54704593 ps
inst0 ch0:  R_CMD: ACTCMD    R_f0= 0x20    at time   54705007 ps
inst0 ch0:  R_CMD: ACTCMD    R_r1= 0x00    at time   54705421 ps
inst0 ch0:  R_CMD: ACTCMD    R_f1= 0x02    at time   54705835 ps
inst0 ch0:  C_CMD: WRCMD     C_r = 0x0d1   at time   54713701 ps
inst0 ch0:  C_CMD: WRCMD     C_f = 0x0a9   at time   54714115 ps
inst0 ch0:  C_CMD: WRCMD     C_r = 0x0d1   at time   54715357 ps
inst0 ch0:  C_CMD: WRCMD     C_f = 0x029   at time   54715771 ps
inst0 ch0:  C_CMD: WRCMD     C_r = 0x0d1   at time   54717013 ps
inst0 ch0:  C_CMD: WRCMD     C_f = 0x0ab   at time   54717427 ps
inst0 ch0:  C_CMD: WRCMD     C_r = 0x0d1   at time   54718669 ps
inst0 ch0:  C_CMD: WRCMD     C_f = 0x02b   at time   54719083 ps
inst0 ch0:  C_CMD: WRCMD     C_r = 0x0d1   at time   54720325 ps
inst0 ch0:  C_CMD: WRCMD     C_f = 0x0a1   at time   54720739 ps
inst0 ch0:  C_CMD: WRCMD     C_r = 0x0d1   at time   54721981 ps
inst0 ch0:  C_CMD: WRCMD     C_f = 0x021   at time   54722395 ps
inst0 ch0:  C_CMD: WRCMD     C_r = 0x0d9   at time   54723637 ps
inst0 ch0:  C_CMD: WRCMD     C_f = 0x0a3   at time   54724051 ps
inst0 ch0:  C_CMD: WRCMD     C_r = 0x0d9   at time   54725293 ps
inst0 ch0:  C_CMD: WRCMD     C_f = 0x023   at time   54725707 ps
inst0 ch0:  R_CMD: ACTCMD    R_r0= 0x22    at time  124840333 ps
inst0 ch0:  R_CMD: ACTCMD    R_f0= 0x22    at time  124840747 ps
inst0 ch0:  R_CMD: ACTCMD    R_r1= 0x00    at time  124841161 ps
inst0 ch0:  R_CMD: ACTCMD    R_f1= 0x00    at time  124841575 ps
inst0 ch0:  R_CMD: ACTCMD    R_r0= 0x22    at time  124841989 ps
inst0 ch0:  R_CMD: ACTCMD    R_f0= 0x2a    at time  124842403 ps
inst0 ch0:  R_CMD: ACTCMD    R_r1= 0x00    at time  124842817 ps
inst0 ch0:  R_CMD: ACTCMD    R_f1= 0x00    at time  124843231 ps
inst0 ch0:  R_CMD: ACTCMD    R_r0= 0x02    at time  124844473 ps
inst0 ch0:  R_CMD: ACTCMD    R_f0= 0x22    at time  124844887 ps
inst0 ch0:  R_CMD: ACTCMD    R_r1= 0x00    at time  124845301 ps
inst0 ch0:  R_CMD: ACTCMD    R_f1= 0x00    at time  124845715 ps
inst0 ch0:  R_CMD: ACTCMD    R_r0= 0x02    at time  124846129 ps
inst0 ch0:  R_CMD: ACTCMD    R_f0= 0x2a    at time  124846543 ps
inst0 ch0:  R_CMD: ACTCMD    R_r1= 0x00    at time  124846957 ps
inst0 ch0:  R_CMD: ACTCMD    R_f1= 0x00    at time  124847371 ps
inst0 ch0:  R_CMD: ACTCMD    R_r0= 0x22    at time  124848613 ps
inst0 ch0:  R_CMD: ACTCMD    R_f0= 0x02    at time  124849027 ps
inst0 ch0:  R_CMD: ACTCMD    R_r1= 0x00    at time  124849441 ps
inst0 ch0:  R_CMD: ACTCMD    R_f1= 0x00    at time  124849855 ps
inst0 ch0:  R_CMD: ACTCMD    R_r0= 0x22    at time  124850269 ps
inst0 ch0:  R_CMD: ACTCMD    R_f0= 0x0a    at time  124850683 ps
inst0 ch0:  R_CMD: ACTCMD    R_r1= 0x00    at time  124851097 ps
inst0 ch0:  R_CMD: ACTCMD    R_f1= 0x00    at time  124851511 ps
inst0 ch0:  R_CMD: ACTCMD    R_r0= 0x02    at time  124852753 ps
inst0 ch0:  R_CMD: ACTCMD    R_f0= 0x02    at time  124853167 ps
inst0 ch0:  R_CMD: ACTCMD    R_r1= 0x00    at time  124853581 ps
inst0 ch0:  R_CMD: ACTCMD    R_f1= 0x00    at time  124853995 ps
inst0 ch0:  R_CMD: ACTCMD    R_r0= 0x02    at time  124854409 ps
inst0 ch0:  R_CMD: ACTCMD    R_f0= 0x0a    at time  124854823 ps
inst0 ch0:  R_CMD: ACTCMD    R_r1= 0x00    at time  124855237 ps
inst0 ch0:  C_CMD: RDCMD     C_r = 0x0c5   at time  124855237 ps
inst0 ch0:  R_CMD: ACTCMD    R_f1= 0x00    at time  124855651 ps
inst0 ch0:  C_CMD: RDCMD     C_f = 0x000   at time  124855651 ps
inst0 ch0:  C_CMD: RDCMD     C_r = 0x0c5   at time  124856893 ps
inst0 ch0:  C_CMD: RDCMD     C_f = 0x080   at time  124857307 ps
inst0 ch0:  C_CMD: RDCMD     C_r = 0x0cd   at time  124858549 ps
inst0 ch0:  C_CMD: RDCMD     C_f = 0x002   at time  124858963 ps
inst0 ch0:  C_CMD: RDCMD     C_r = 0x085   at time  124860205 ps
inst0 ch0:  C_CMD: RDCMD     C_f = 0x000   at time  124860619 ps
inst0 ch0:  C_CMD: RDCMD     C_r = 0x0cd   at time  124861033 ps
inst0 ch0:  C_CMD: RDCMD     C_f = 0x082   at time  124861447 ps
inst0 ch0:  C_CMD: RDCMD     C_r = 0x085   at time  124862689 ps
inst0 ch0:  C_CMD: RDCMD     C_f = 0x080   at time  124863103 ps
inst0 ch0:  C_CMD: RDCMD     C_r = 0x08d   at time  124863517 ps
inst0 ch0:  C_CMD: RDCMD     C_f = 0x002   at time  124863931 ps
inst0 ch0:  C_CMD: RDCMD     C_r = 0x045   at time  124865173 ps
inst0 ch0:  C_CMD: RDCMD     C_f = 0x000   at time  124865587 ps
inst0 ch0:  C_CMD: RDCMD     C_r = 0x08d   at time  124866001 ps
inst0 ch0:  C_CMD: RDCMD     C_f = 0x082   at time  124866415 ps
inst0 ch0:  C_CMD: RDCMD     C_r = 0x005   at time  124867657 ps
inst0 ch0:  C_CMD: RDCMD     C_f = 0x000   at time  124868071 ps
inst0 ch0:  C_CMD: RDCMD     C_r = 0x045   at time  124868485 ps
inst0 ch0:  C_CMD: RDCMD     C_f = 0x080   at time  124868899 ps
inst0 ch0:  C_CMD: RDCMD     C_r = 0x04d   at time  124869313 ps
inst0 ch0:  C_CMD: RDCMD     C_f = 0x002   at time  124869727 ps
inst0 ch0:  C_CMD: RDCMD     C_r = 0x005   at time  124870141 ps
inst0 ch0:  C_CMD: RDCMD     C_f = 0x080   at time  124870555 ps
inst0 ch0:  C_CMD: RDCMD     C_r = 0x00d   at time  124870969 ps
inst0 ch0:  C_CMD: RDCMD     C_f = 0x002   at time  124871383 ps
inst0 ch0:  C_CMD: RDCMD     C_r = 0x04d   at time  124871797 ps
inst0 ch0:  C_CMD: RDCMD     C_f = 0x082   at time  124872211 ps
inst0 ch0:  C_CMD: RDCMD     C_r = 0x00d   at time  124873453 ps
inst0 ch0:  C_CMD: RDCMD     C_f = 0x082   at time  124873867 ps
inst0 ch0:  R_CMD: ACTCMD    R_r0= 0x2e    at time  124990201 ps
inst0 ch0:  R_CMD: ACTCMD    R_f0= 0x20    at time  124990615 ps
inst0 ch0:  R_CMD: ACTCMD    R_r1= 0x00    at time  124991029 ps
inst0 ch0:  R_CMD: ACTCMD    R_f1= 0x02    at time  124991443 ps
inst0 ch0:  C_CMD: RDCMD     C_r = 0x0d5   at time  125005105 ps
inst0 ch0:  C_CMD: RDCMD     C_f = 0x021   at time  125005519 ps
inst0 ch0:  C_CMD: RDCMD     C_r = 0x0dd   at time  125008417 ps
inst0 ch0:  C_CMD: RDCMD     C_f = 0x023   at time  125008831 ps
inst0 ch0:  R_CMD: ACTCMD    R_r0= 0x2a    at time  125311465 ps
inst0 ch0:  R_CMD: ACTCMD    R_f0= 0x22    at time  125311879 ps
inst0 ch0:  R_CMD: ACTCMD    R_r1= 0x00    at time  125312293 ps
inst0 ch0:  R_CMD: ACTCMD    R_f1= 0x00    at time  125312707 ps
inst0 ch0:  C_CMD: RDCMD     C_r = 0x0d5   at time  125326369 ps
inst0 ch0:  C_CMD: RDCMD     C_f = 0x000   at time  125326783 ps
inst0 ch0:  C_CMD: RDCMD     C_r = 0x0dd   at time  125329681 ps
inst0 ch0:  C_CMD: RDCMD     C_f = 0x002   at time  125330095 ps
inst0 ch0:  R_CMD: ACTCMD    R_r0= 0x2a    at time  125337133 ps
inst0 ch0:  R_CMD: ACTCMD    R_f0= 0x2a    at time  125337547 ps
inst0 ch0:  R_CMD: ACTCMD    R_r1= 0x00    at time  125337961 ps
inst0 ch0:  R_CMD: ACTCMD    R_f1= 0x00    at time  125338375 ps
inst0 ch0:  R_CMD: ACTCMD    R_r0= 0x0a    at time  125338789 ps
inst0 ch0:  R_CMD: ACTCMD    R_f0= 0x22    at time  125339203 ps
inst0 ch0:  R_CMD: ACTCMD    R_r1= 0x00    at time  125339617 ps
inst0 ch0:  R_CMD: ACTCMD    R_f1= 0x00    at time  125340031 ps
inst0 ch0:  R_CMD: ACTCMD    R_r0= 0x0a    at time  125341273 ps
inst0 ch0:  R_CMD: ACTCMD    R_f0= 0x2a    at time  125341687 ps
inst0 ch0:  R_CMD: ACTCMD    R_r1= 0x00    at time  125342101 ps
inst0 ch0:  R_CMD: ACTCMD    R_f1= 0x00    at time  125342515 ps
inst0 ch0:  R_CMD: ACTCMD    R_r0= 0x2a    at time  125342929 ps
inst0 ch0:  R_CMD: ACTCMD    R_f0= 0x02    at time  125343343 ps
inst0 ch0:  R_CMD: ACTCMD    R_r1= 0x00    at time  125343757 ps
inst0 ch0:  R_CMD: ACTCMD    R_f1= 0x00    at time  125344171 ps
inst0 ch0:  R_CMD: ACTCMD    R_r0= 0x2a    at time  125345413 ps
inst0 ch0:  R_CMD: ACTCMD    R_f0= 0x0a    at time  125345827 ps
inst0 ch0:  R_CMD: ACTCMD    R_r1= 0x00    at time  125346241 ps
inst0 ch0:  R_CMD: ACTCMD    R_f1= 0x00    at time  125346655 ps
inst0 ch0:  R_CMD: ACTCMD    R_r0= 0x0a    at time  125347069 ps
inst0 ch0:  R_CMD: ACTCMD    R_f0= 0x02    at time  125347483 ps
inst0 ch0:  R_CMD: ACTCMD    R_r1= 0x00    at time  125347897 ps
inst0 ch0:  R_CMD: ACTCMD    R_f1= 0x00    at time  125348311 ps
inst0 ch0:  R_CMD: ACTCMD    R_r0= 0x0a    at time  125349553 ps
inst0 ch0:  R_CMD: ACTCMD    R_f0= 0x0a    at time  125349967 ps
inst0 ch0:  R_CMD: ACTCMD    R_r1= 0x00    at time  125350381 ps
inst0 ch0:  R_CMD: ACTCMD    R_f1= 0x00    at time  125350795 ps
inst0 ch0:  C_CMD: RDCMD     C_r = 0x0d5   at time  125352037 ps
inst0 ch0:  C_CMD: RDCMD     C_f = 0x080   at time  125352451 ps
inst0 ch0:  C_CMD: RDCMD     C_r = 0x095   at time  125353693 ps
inst0 ch0:  C_CMD: RDCMD     C_f = 0x000   at time  125354107 ps
inst0 ch0:  C_CMD: RDCMD     C_r = 0x0dd   at time  125355349 ps
inst0 ch0:  C_CMD: RDCMD     C_f = 0x082   at time  125355763 ps
inst0 ch0:  C_CMD: RDCMD     C_r = 0x09d   at time  125357005 ps
inst0 ch0:  C_CMD: RDCMD     C_f = 0x002   at time  125357419 ps
inst0 ch0:  C_CMD: RDCMD     C_r = 0x095   at time  125357833 ps
inst0 ch0:  C_CMD: RDCMD     C_f = 0x080   at time  125358247 ps
inst0 ch0:  C_CMD: RDCMD     C_r = 0x055   at time  125358661 ps
inst0 ch0:  C_CMD: RDCMD     C_f = 0x000   at time  125359075 ps
inst0 ch0:  C_CMD: RDCMD     C_r = 0x055   at time  125360317 ps
inst0 ch0:  C_CMD: RDCMD     C_f = 0x080   at time  125360731 ps
inst0 ch0:  C_CMD: RDCMD     C_r = 0x05d   at time  125361973 ps
inst0 ch0:  C_CMD: RDCMD     C_f = 0x002   at time  125362387 ps
inst0 ch0:  C_CMD: RDCMD     C_r = 0x09d   at time  125362801 ps
inst0 ch0:  C_CMD: RDCMD     C_f = 0x082   at time  125363215 ps
inst0 ch0:  C_CMD: RDCMD     C_r = 0x015   at time  125363629 ps
inst0 ch0:  C_CMD: RDCMD     C_f = 0x000   at time  125364043 ps
inst0 ch0:  C_CMD: RDCMD     C_r = 0x05d   at time  125364457 ps
inst0 ch0:  C_CMD: RDCMD     C_f = 0x082   at time  125364871 ps
inst0 ch0:  C_CMD: RDCMD     C_r = 0x015   at time  125366113 ps
inst0 ch0:  C_CMD: RDCMD     C_f = 0x080   at time  125366527 ps
inst0 ch0:  C_CMD: RDCMD     C_r = 0x01d   at time  125366941 ps
inst0 ch0:  C_CMD: RDCMD     C_f = 0x002   at time  125367355 ps
inst0 ch0:  C_CMD: RDCMD     C_r = 0x01d   at time  125369425 ps
inst0 ch0:  C_CMD: RDCMD     C_f = 0x082   at time  125369839 ps
inst0 ch0:  R_CMD: ACTCMD    R_r0= 0x32    at time  125650117 ps
inst0 ch0:  R_CMD: ACTCMD    R_f0= 0x22    at time  125650531 ps
inst0 ch0:  R_CMD: ACTCMD    R_r1= 0x00    at time  125650945 ps
inst0 ch0:  R_CMD: ACTCMD    R_f1= 0x00    at time  125651359 ps
inst0 ch0:  C_CMD: RDCMD     C_r = 0x0e5   at time  125665021 ps
inst0 ch0:  C_CMD: RDCMD     C_f = 0x000   at time  125665435 ps
inst0 ch0:  C_CMD: RDCMD     C_r = 0x0ed   at time  125668333 ps
inst0 ch0:  C_CMD: RDCMD     C_f = 0x002   at time  125668747 ps
inst0 ch0:  R_CMD: ACTCMD    R_r0= 0x32    at time  125761897 ps
inst0 ch0:  R_CMD: ACTCMD    R_f0= 0x2a    at time  125762311 ps
inst0 ch0:  R_CMD: ACTCMD    R_r1= 0x00    at time  125762725 ps
inst0 ch0:  R_CMD: ACTCMD    R_f1= 0x00    at time  125763139 ps
inst0 ch0:  C_CMD: RDCMD     C_r = 0x0e5   at time  125776801 ps
inst0 ch0:  C_CMD: RDCMD     C_f = 0x080   at time  125777215 ps
inst0 ch0:  C_CMD: RDCMD     C_r = 0x0ed   at time  125780113 ps
inst0 ch0:  C_CMD: RDCMD     C_f = 0x082   at time  125780527 ps
inst0 ch0:  R_CMD: ACTCMD    R_r0= 0x12    at time  125826481 ps
inst0 ch0:  R_CMD: ACTCMD    R_f0= 0x22    at time  125826895 ps
inst0 ch0:  R_CMD: ACTCMD    R_r1= 0x00    at time  125827309 ps
inst0 ch0:  R_CMD: ACTCMD    R_f1= 0x00    at time  125827723 ps
inst0 ch0:  R_CMD: ACTCMD    R_r0= 0x32    at time  125840557 ps
inst0 ch0:  R_CMD: ACTCMD    R_f0= 0x02    at time  125840971 ps
inst0 ch0:  R_CMD: ACTCMD    R_r1= 0x00    at time  125841385 ps
inst0 ch0:  C_CMD: RDCMD     C_r = 0x0a5   at time  125841385 ps
inst0 ch0:  R_CMD: ACTCMD    R_f1= 0x00    at time  125841799 ps
inst0 ch0:  C_CMD: RDCMD     C_f = 0x000   at time  125841799 ps
inst0 ch0:  R_CMD: ACTCMD    R_r0= 0x12    at time  125842213 ps
inst0 ch0:  R_CMD: ACTCMD    R_f0= 0x2a    at time  125842627 ps
inst0 ch0:  R_CMD: ACTCMD    R_r1= 0x00    at time  125843041 ps
inst0 ch0:  R_CMD: ACTCMD    R_f1= 0x00    at time  125843455 ps
inst0 ch0:  R_CMD: ACTCMD    R_r0= 0x12    at time  125844697 ps
inst0 ch0:  C_CMD: RDCMD     C_r = 0x0ad   at time  125844697 ps
inst0 ch0:  R_CMD: ACTCMD    R_f0= 0x02    at time  125845111 ps
inst0 ch0:  C_CMD: RDCMD     C_f = 0x002   at time  125845111 ps
inst0 ch0:  R_CMD: ACTCMD    R_r1= 0x00    at time  125845525 ps
inst0 ch0:  R_CMD: ACTCMD    R_f1= 0x00    at time  125845939 ps
inst0 ch0:  R_CMD: ACTCMD    R_r0= 0x32    at time  125846353 ps
inst0 ch0:  R_CMD: ACTCMD    R_f0= 0x0a    at time  125846767 ps
inst0 ch0:  R_CMD: ACTCMD    R_r1= 0x00    at time  125847181 ps
inst0 ch0:  R_CMD: ACTCMD    R_f1= 0x00    at time  125847595 ps
inst0 ch0:  R_CMD: ACTCMD    R_r0= 0x12    at time  125850493 ps
inst0 ch0:  R_CMD: ACTCMD    R_f0= 0x0a    at time  125850907 ps
inst0 ch0:  R_CMD: ACTCMD    R_r1= 0x00    at time  125851321 ps
inst0 ch0:  R_CMD: ACTCMD    R_f1= 0x00    at time  125851735 ps
inst0 ch0:  C_CMD: RDCMD     C_r = 0x065   at time  125855461 ps
inst0 ch0:  C_CMD: RDCMD     C_f = 0x000   at time  125855875 ps
inst0 ch0:  C_CMD: RDCMD     C_r = 0x0a5   at time  125857117 ps
inst0 ch0:  C_CMD: RDCMD     C_f = 0x080   at time  125857531 ps
inst0 ch0:  C_CMD: RDCMD     C_r = 0x06d   at time  125858773 ps
inst0 ch0:  C_CMD: RDCMD     C_f = 0x002   at time  125859187 ps
inst0 ch0:  C_CMD: RDCMD     C_r = 0x025   at time  125860429 ps
inst0 ch0:  C_CMD: RDCMD     C_f = 0x000   at time  125860843 ps
inst0 ch0:  C_CMD: RDCMD     C_r = 0x0ad   at time  125861257 ps
inst0 ch0:  C_CMD: RDCMD     C_f = 0x082   at time  125861671 ps
inst0 ch0:  C_CMD: RDCMD     C_r = 0x065   at time  125862913 ps
inst0 ch0:  C_CMD: RDCMD     C_f = 0x080   at time  125863327 ps
inst0 ch0:  C_CMD: RDCMD     C_r = 0x02d   at time  125863741 ps
inst0 ch0:  C_CMD: RDCMD     C_f = 0x002   at time  125864155 ps
inst0 ch0:  C_CMD: RDCMD     C_r = 0x025   at time  125865397 ps
inst0 ch0:  C_CMD: RDCMD     C_f = 0x080   at time  125865811 ps
inst0 ch0:  C_CMD: RDCMD     C_r = 0x06d   at time  125867053 ps
inst0 ch0:  C_CMD: RDCMD     C_f = 0x082   at time  125867467 ps
inst0 ch0:  C_CMD: RDCMD     C_r = 0x02d   at time  125868709 ps
inst0 ch0:  C_CMD: RDCMD     C_f = 0x082   at time  125869123 ps
inst0 ch0:  R_CMD: ACTCMD    R_r0= 0x3a    at time  126122077 ps
inst0 ch0:  R_CMD: ACTCMD    R_f0= 0x22    at time  126122491 ps
inst0 ch0:  R_CMD: ACTCMD    R_r1= 0x00    at time  126122905 ps
inst0 ch0:  R_CMD: ACTCMD    R_f1= 0x00    at time  126123319 ps
inst0 ch0:  R_CMD: ACTCMD    R_r0= 0x3a    at time  126124561 ps
inst0 ch0:  R_CMD: ACTCMD    R_f0= 0x2a    at time  126124975 ps
inst0 ch0:  R_CMD: ACTCMD    R_r1= 0x00    at time  126125389 ps
inst0 ch0:  R_CMD: ACTCMD    R_f1= 0x00    at time  126125803 ps
inst0 ch0:  C_CMD: RDCMD     C_r = 0x0f5   at time  126136981 ps
inst0 ch0:  C_CMD: RDCMD     C_f = 0x000   at time  126137395 ps
inst0 ch0:  C_CMD: RDCMD     C_r = 0x0f5   at time  126139465 ps
inst0 ch0:  C_CMD: RDCMD     C_f = 0x080   at time  126139879 ps
inst0 ch0:  C_CMD: RDCMD     C_r = 0x0fd   at time  126140293 ps
inst0 ch0:  C_CMD: RDCMD     C_f = 0x002   at time  126140707 ps
inst0 ch0:  C_CMD: RDCMD     C_r = 0x0fd   at time  126142777 ps
inst0 ch0:  C_CMD: RDCMD     C_f = 0x082   at time  126143191 ps
inst0 ch0:  R_CMD: ACTCMD    R_r0= 0x1a    at time  126164305 ps
inst0 ch0:  R_CMD: ACTCMD    R_f0= 0x22    at time  126164719 ps
inst0 ch0:  R_CMD: ACTCMD    R_r1= 0x00    at time  126165133 ps
inst0 ch0:  R_CMD: ACTCMD    R_f1= 0x00    at time  126165547 ps
inst0 ch0:  C_CMD: RDCMD     C_r = 0x0b5   at time  126179209 ps
inst0 ch0:  C_CMD: RDCMD     C_f = 0x000   at time  126179623 ps
inst0 ch0:  C_CMD: RDCMD     C_r = 0x0bd   at time  126182521 ps
inst0 ch0:  C_CMD: RDCMD     C_f = 0x002   at time  126182935 ps
inst0 ch0:  R_CMD: ACTCMD    R_r0= 0x3a    at time  126339841 ps
inst0 ch0:  R_CMD: ACTCMD    R_f0= 0x02    at time  126340255 ps
inst0 ch0:  R_CMD: ACTCMD    R_r1= 0x00    at time  126340669 ps
inst0 ch0:  R_CMD: ACTCMD    R_f1= 0x00    at time  126341083 ps
inst0 ch0:  R_CMD: ACTCMD    R_r0= 0x1a    at time  126341497 ps
inst0 ch0:  R_CMD: ACTCMD    R_f0= 0x2a    at time  126341911 ps
inst0 ch0:  R_CMD: ACTCMD    R_r1= 0x00    at time  126342325 ps
inst0 ch0:  R_CMD: ACTCMD    R_f1= 0x00    at time  126342739 ps
inst0 ch0:  R_CMD: ACTCMD    R_r0= 0x1a    at time  126343981 ps
inst0 ch0:  R_CMD: ACTCMD    R_f0= 0x02    at time  126344395 ps
inst0 ch0:  R_CMD: ACTCMD    R_r1= 0x00    at time  126344809 ps
inst0 ch0:  R_CMD: ACTCMD    R_f1= 0x00    at time  126345223 ps
inst0 ch0:  R_CMD: ACTCMD    R_r0= 0x3a    at time  126345637 ps
inst0 ch0:  R_CMD: ACTCMD    R_f0= 0x0a    at time  126346051 ps
inst0 ch0:  R_CMD: ACTCMD    R_r1= 0x00    at time  126346465 ps
inst0 ch0:  R_CMD: ACTCMD    R_f1= 0x00    at time  126346879 ps
inst0 ch0:  R_CMD: ACTCMD    R_r0= 0x1a    at time  126349777 ps
inst0 ch0:  R_CMD: ACTCMD    R_f0= 0x0a    at time  126350191 ps
inst0 ch0:  R_CMD: ACTCMD    R_r1= 0x00    at time  126350605 ps
inst0 ch0:  R_CMD: ACTCMD    R_f1= 0x00    at time  126351019 ps
inst0 ch0:  C_CMD: RDCMD     C_r = 0x075   at time  126354745 ps
inst0 ch0:  C_CMD: RDCMD     C_f = 0x000   at time  126355159 ps
inst0 ch0:  C_CMD: RDCMD     C_r = 0x0b5   at time  126356401 ps
inst0 ch0:  C_CMD: RDCMD     C_f = 0x080   at time  126356815 ps
inst0 ch0:  C_CMD: RDCMD     C_r = 0x07d   at time  126358057 ps
inst0 ch0:  C_CMD: RDCMD     C_f = 0x002   at time  126358471 ps
inst0 ch0:  C_CMD: RDCMD     C_r = 0x0bd   at time  126359713 ps
inst0 ch0:  C_CMD: RDCMD     C_f = 0x082   at time  126360127 ps
inst0 ch0:  C_CMD: RDCMD     C_r = 0x035   at time  126360541 ps
inst0 ch0:  C_CMD: RDCMD     C_f = 0x000   at time  126360955 ps
inst0 ch0:  C_CMD: RDCMD     C_r = 0x075   at time  126361369 ps
inst0 ch0:  C_CMD: RDCMD     C_f = 0x080   at time  126361783 ps
inst0 ch0:  C_CMD: RDCMD     C_r = 0x03d   at time  126363853 ps
inst0 ch0:  C_CMD: RDCMD     C_f = 0x002   at time  126364267 ps
inst0 ch0:  C_CMD: RDCMD     C_r = 0x07d   at time  126364681 ps
inst0 ch0:  C_CMD: RDCMD     C_f = 0x082   at time  126365095 ps
inst0 ch0:  C_CMD: RDCMD     C_r = 0x035   at time  126366337 ps
inst0 ch0:  C_CMD: RDCMD     C_f = 0x080   at time  126366751 ps
inst0 ch0:  C_CMD: RDCMD     C_r = 0x03d   at time  126369649 ps
inst0 ch0:  C_CMD: RDCMD     C_f = 0x082   at time  126370063 ps
inst0 ch0:  R_CMD: ACTCMD    R_r0= 0x2e    at time  126406909 ps
inst0 ch0:  R_CMD: ACTCMD    R_f0= 0x28    at time  126407323 ps
inst0 ch0:  R_CMD: ACTCMD    R_r1= 0x00    at time  126407737 ps
inst0 ch0:  R_CMD: ACTCMD    R_f1= 0x02    at time  126408151 ps
inst0 ch0:  C_CMD: RDCMD     C_r = 0x0d5   at time  126421813 ps
inst0 ch0:  C_CMD: RDCMD     C_f = 0x0a1   at time  126422227 ps
inst0 ch0:  C_CMD: RDCMD     C_r = 0x0dd   at time  126425125 ps
inst0 ch0:  C_CMD: RDCMD     C_f = 0x0a3   at time  126425539 ps
inst0 ch0:  R_CMD: ACTCMD    R_r0= 0x2e    at time  126634609 ps
inst0 ch0:  R_CMD: ACTCMD    R_f0= 0x20    at time  126635023 ps
inst0 ch0:  R_CMD: ACTCMD    R_r1= 0x00    at time  126635437 ps
inst0 ch0:  R_CMD: ACTCMD    R_f1= 0x02    at time  126635851 ps
inst0 ch0:  C_CMD: RDCMD     C_r = 0x0d5   at time  126649513 ps
inst0 ch0:  C_CMD: RDCMD     C_f = 0x029   at time  126649927 ps
inst0 ch0:  C_CMD: RDCMD     C_r = 0x0dd   at time  126652825 ps
inst0 ch0:  C_CMD: RDCMD     C_f = 0x02b   at time  126653239 ps
inst0 ch0:  R_CMD: ACTCMD    R_r0= 0x2e    at time  126978229 ps
inst0 ch0:  R_CMD: ACTCMD    R_f0= 0x28    at time  126978643 ps
inst0 ch0:  R_CMD: ACTCMD    R_r1= 0x00    at time  126979057 ps
inst0 ch0:  R_CMD: ACTCMD    R_f1= 0x02    at time  126979471 ps
inst0 ch0:  C_CMD: RDCMD     C_r = 0x0d5   at time  126993133 ps
inst0 ch0:  C_CMD: RDCMD     C_f = 0x0a9   at time  126993547 ps
inst0 ch0:  C_CMD: RDCMD     C_r = 0x0dd   at time  126996445 ps
inst0 ch0:  C_CMD: RDCMD     C_f = 0x0ab   at time  126996859 ps
inst0 ch0:  R_CMD: ACTCMD    R_r0= 0x02    at time  130883077 ps
inst0 ch0:  R_CMD: ACTCMD    R_f0= 0x08    at time  130883491 ps
inst0 ch0:  R_CMD: ACTCMD    R_r1= 0x00    at time  130883905 ps
inst0 ch0:  R_CMD: ACTCMD    R_f1= 0x00    at time  130884319 ps
inst0 ch0:  C_CMD: RDCMD     C_r = 0x005   at time  130897981 ps
inst0 ch0:  C_CMD: RDCMD     C_f = 0x098   at time  130898395 ps
inst0 ch0:  C_CMD: RDCMD     C_r = 0x005   at time  130901293 ps
inst0 ch0:  C_CMD: RDCMD     C_f = 0x09a   at time  130901707 ps
inst0 ch0:  C_CMD: RDCMD     C_r = 0x005   at time  130904605 ps
inst0 ch0:  C_CMD: RDCMD     C_f = 0x090   at time  130905019 ps
inst0 ch0:  C_CMD: RDCMD     C_r = 0x005   at time  130907917 ps
inst0 ch0:  C_CMD: RDCMD     C_f = 0x092   at time  130908331 ps
inst0 ch0:  R_CMD: ACTCMD    R_r0= 0x02    at time  130908745 ps
inst0 ch0:  R_CMD: ACTCMD    R_f0= 0x00    at time  130909159 ps
inst0 ch0:  R_CMD: ACTCMD    R_r1= 0x00    at time  130909573 ps
inst0 ch0:  R_CMD: ACTCMD    R_f1= 0x00    at time  130909987 ps
inst0 ch0:  C_CMD: RDCMD     C_r = 0x005   at time  130911229 ps
inst0 ch0:  C_CMD: RDCMD     C_f = 0x088   at time  130911643 ps
inst0 ch0:  C_CMD: RDCMD     C_r = 0x005   at time  130914541 ps
inst0 ch0:  C_CMD: RDCMD     C_f = 0x08a   at time  130914955 ps
inst0 ch0:  C_CMD: RDCMD     C_r = 0x005   at time  130917853 ps
inst0 ch0:  C_CMD: RDCMD     C_f = 0x080   at time  130918267 ps
inst0 ch0:  C_CMD: RDCMD     C_r = 0x00d   at time  130921165 ps
inst0 ch0:  C_CMD: RDCMD     C_f = 0x082   at time  130921579 ps
inst0 ch0:  C_CMD: RDCMD     C_r = 0x005   at time  130923649 ps
inst0 ch0:  C_CMD: RDCMD     C_f = 0x018   at time  130924063 ps
inst0 ch0:  C_CMD: RDCMD     C_r = 0x005   at time  130926961 ps
inst0 ch0:  C_CMD: RDCMD     C_f = 0x01a   at time  130927375 ps
inst0 ch0:  C_CMD: RDCMD     C_r = 0x005   at time  130930273 ps
inst0 ch0:  C_CMD: RDCMD     C_f = 0x010   at time  130930687 ps
inst0 ch0:  C_CMD: RDCMD     C_r = 0x005   at time  130933585 ps
inst0 ch0:  C_CMD: RDCMD     C_f = 0x012   at time  130933999 ps
inst0 ch0:  C_CMD: RDCMD     C_r = 0x005   at time  130936897 ps
inst0 ch0:  C_CMD: RDCMD     C_f = 0x008   at time  130937311 ps
inst0 ch0:  C_CMD: RDCMD     C_r = 0x005   at time  130940209 ps
inst0 ch0:  C_CMD: RDCMD     C_f = 0x00a   at time  130940623 ps
inst0 ch0:  C_CMD: RDCMD     C_r = 0x005   at time  130943521 ps
inst0 ch0:  C_CMD: RDCMD     C_f = 0x000   at time  130943935 ps
inst0 ch0:  C_CMD: RDCMD     C_r = 0x00d   at time  130946833 ps
inst0 ch0:  C_CMD: RDCMD     C_f = 0x002   at time  130947247 ps
inst0 ch0:  R_CMD: ACTCMD    R_r0= 0x0a    at time  131341789 ps
inst0 ch0:  R_CMD: ACTCMD    R_f0= 0x00    at time  131342203 ps
inst0 ch0:  R_CMD: ACTCMD    R_r1= 0x00    at time  131342617 ps
inst0 ch0:  R_CMD: ACTCMD    R_f1= 0x00    at time  131343031 ps
inst0 ch0:  R_CMD: ACTCMD    R_r0= 0x0a    at time  131351725 ps
inst0 ch0:  R_CMD: ACTCMD    R_f0= 0x08    at time  131352139 ps
inst0 ch0:  R_CMD: ACTCMD    R_r1= 0x00    at time  131352553 ps
inst0 ch0:  R_CMD: ACTCMD    R_f1= 0x00    at time  131352967 ps
inst0 ch0:  C_CMD: RDCMD     C_r = 0x015   at time  131356693 ps
inst0 ch0:  C_CMD: RDCMD     C_f = 0x018   at time  131357107 ps
inst0 ch0:  C_CMD: RDCMD     C_r = 0x015   at time  131360005 ps
inst0 ch0:  C_CMD: RDCMD     C_f = 0x01a   at time  131360419 ps
inst0 ch0:  C_CMD: RDCMD     C_r = 0x015   at time  131363317 ps
inst0 ch0:  C_CMD: RDCMD     C_f = 0x010   at time  131363731 ps
inst0 ch0:  C_CMD: RDCMD     C_r = 0x015   at time  131366629 ps
inst0 ch0:  C_CMD: RDCMD     C_f = 0x012   at time  131367043 ps
inst0 ch0:  C_CMD: RDCMD     C_r = 0x015   at time  131367457 ps
inst0 ch0:  C_CMD: RDCMD     C_f = 0x098   at time  131367871 ps
inst0 ch0:  C_CMD: RDCMD     C_r = 0x015   at time  131369941 ps
inst0 ch0:  C_CMD: RDCMD     C_f = 0x008   at time  131370355 ps
inst0 ch0:  C_CMD: RDCMD     C_r = 0x015   at time  131370769 ps
inst0 ch0:  C_CMD: RDCMD     C_f = 0x09a   at time  131371183 ps
inst0 ch0:  C_CMD: RDCMD     C_r = 0x015   at time  131373253 ps
inst0 ch0:  C_CMD: RDCMD     C_f = 0x00a   at time  131373667 ps
inst0 ch0:  C_CMD: RDCMD     C_r = 0x015   at time  131374081 ps
inst0 ch0:  C_CMD: RDCMD     C_f = 0x090   at time  131374495 ps
inst0 ch0:  C_CMD: RDCMD     C_r = 0x015   at time  131376565 ps
inst0 ch0:  C_CMD: RDCMD     C_f = 0x000   at time  131376979 ps
inst0 ch0:  C_CMD: RDCMD     C_r = 0x015   at time  131377393 ps
inst0 ch0:  C_CMD: RDCMD     C_f = 0x092   at time  131377807 ps
inst0 ch0:  C_CMD: RDCMD     C_r = 0x01d   at time  131379877 ps
inst0 ch0:  C_CMD: RDCMD     C_f = 0x002   at time  131380291 ps
inst0 ch0:  C_CMD: RDCMD     C_r = 0x015   at time  131380705 ps
inst0 ch0:  C_CMD: RDCMD     C_f = 0x088   at time  131381119 ps
inst0 ch0:  C_CMD: RDCMD     C_r = 0x015   at time  131384017 ps
inst0 ch0:  C_CMD: RDCMD     C_f = 0x08a   at time  131384431 ps
inst0 ch0:  C_CMD: RDCMD     C_r = 0x015   at time  131387329 ps
inst0 ch0:  C_CMD: RDCMD     C_f = 0x080   at time  131387743 ps
inst0 ch0:  C_CMD: RDCMD     C_r = 0x01d   at time  131390641 ps
inst0 ch0:  C_CMD: RDCMD     C_f = 0x082   at time  131391055 ps
inst0 ch0:  R_CMD: ACTCMD    R_r0= 0x02    at time  133964893 ps
inst0 ch0:  R_CMD: ACTCMD    R_f0= 0x1b    at time  133965307 ps
inst0 ch0:  R_CMD: ACTCMD    R_r1= 0x3f    at time  133965721 ps
inst0 ch0:  R_CMD: ACTCMD    R_f1= 0x3b    at time  133966135 ps
inst0 ch0:  R_CMD: ACTCMD    R_r0= 0x02    at time  133966549 ps
inst0 ch0:  R_CMD: ACTCMD    R_f0= 0x13    at time  133966963 ps
inst0 ch0:  R_CMD: ACTCMD    R_r1= 0x3f    at time  133967377 ps
inst0 ch0:  R_CMD: ACTCMD    R_f1= 0x3b    at time  133967791 ps
inst0 ch0:  C_CMD: RDCMD     C_r = 0x005   at time  133979797 ps
inst0 ch0:  C_CMD: RDCMD     C_f = 0x080   at time  133980211 ps
inst0 ch0:  C_CMD: RDCMD     C_r = 0x005   at time  133981453 ps
inst0 ch0:  C_CMD: RDCMD     C_f = 0x000   at time  133981867 ps
inst0 ch0:  C_CMD: RDCMD     C_r = 0x00d   at time  133983109 ps
inst0 ch0:  C_CMD: RDCMD     C_f = 0x082   at time  133983523 ps
inst0 ch0:  C_CMD: RDCMD     C_r = 0x00d   at time  133984765 ps
inst0 ch0:  C_CMD: RDCMD     C_f = 0x002   at time  133985179 ps
inst0 ch0:  R_CMD: ACTCMD    R_r0= 0x02    at time  134035273 ps
inst0 ch0:  R_CMD: ACTCMD    R_f0= 0x1b    at time  134035687 ps
inst0 ch0:  R_CMD: ACTCMD    R_r1= 0x3f    at time  134036101 ps
inst0 ch0:  R_CMD: ACTCMD    R_f1= 0x3b    at time  134036515 ps
inst0 ch0:  R_CMD: ACTCMD    R_r0= 0x02    at time  134037757 ps
inst0 ch0:  R_CMD: ACTCMD    R_f0= 0x13    at time  134038171 ps
inst0 ch0:  R_CMD: ACTCMD    R_r1= 0x3f    at time  134038585 ps
inst0 ch0:  R_CMD: ACTCMD    R_f1= 0x3b    at time  134038999 ps
inst0 ch0:  C_CMD: WRCMD     C_r = 0x001   at time  134046037 ps
inst0 ch0:  C_CMD: WRCMD     C_f = 0x080   at time  134046451 ps
inst0 ch0:  C_CMD: WRCMD     C_r = 0x001   at time  134048521 ps
inst0 ch0:  C_CMD: WRCMD     C_f = 0x000   at time  134048935 ps
inst0 ch0:  C_CMD: WRCMD     C_r = 0x009   at time  134049349 ps
inst0 ch0:  C_CMD: WRCMD     C_f = 0x082   at time  134049763 ps
inst0 ch0:  C_CMD: WRCMD     C_r = 0x009   at time  134051833 ps
inst0 ch0:  C_CMD: WRCMD     C_f = 0x002   at time  134052247 ps
inst0 ch0:  R_CMD: ACTCMD    R_r0= 0x0a    at time  138289537 ps
inst0 ch0:  R_CMD: ACTCMD    R_f0= 0x1b    at time  138289951 ps
inst0 ch0:  R_CMD: ACTCMD    R_r1= 0x3f    at time  138290365 ps
inst0 ch0:  R_CMD: ACTCMD    R_f1= 0x3b    at time  138290779 ps
inst0 ch0:  R_CMD: ACTCMD    R_r0= 0x0a    at time  138292021 ps
inst0 ch0:  R_CMD: ACTCMD    R_f0= 0x13    at time  138292435 ps
inst0 ch0:  R_CMD: ACTCMD    R_r1= 0x3f    at time  138292849 ps
inst0 ch0:  R_CMD: ACTCMD    R_f1= 0x3b    at time  138293263 ps
inst0 ch0:  C_CMD: RDCMD     C_r = 0x015   at time  138304441 ps
inst0 ch0:  C_CMD: RDCMD     C_f = 0x090   at time  138304855 ps
inst0 ch0:  C_CMD: RDCMD     C_r = 0x015   at time  138306925 ps
inst0 ch0:  C_CMD: RDCMD     C_f = 0x010   at time  138307339 ps
inst0 ch0:  C_CMD: RDCMD     C_r = 0x01d   at time  138307753 ps
inst0 ch0:  C_CMD: RDCMD     C_f = 0x092   at time  138308167 ps
inst0 ch0:  C_CMD: RDCMD     C_r = 0x01d   at time  138310237 ps
inst0 ch0:  C_CMD: RDCMD     C_f = 0x012   at time  138310651 ps
inst0 ch0:  R_CMD: ACTCMD    R_r0= 0x0a    at time  138548701 ps
inst0 ch0:  R_CMD: ACTCMD    R_f0= 0x1b    at time  138549115 ps
inst0 ch0:  R_CMD: ACTCMD    R_r1= 0x3f    at time  138549529 ps
inst0 ch0:  R_CMD: ACTCMD    R_f1= 0x3b    at time  138549943 ps
inst0 ch0:  R_CMD: ACTCMD    R_r0= 0x0a    at time  138551185 ps
inst0 ch0:  R_CMD: ACTCMD    R_f0= 0x13    at time  138551599 ps
inst0 ch0:  R_CMD: ACTCMD    R_r1= 0x3f    at time  138552013 ps
inst0 ch0:  R_CMD: ACTCMD    R_f1= 0x3b    at time  138552427 ps
inst0 ch0:  C_CMD: WRCMD     C_r = 0x011   at time  138559465 ps
inst0 ch0:  C_CMD: WRCMD     C_f = 0x090   at time  138559879 ps
inst0 ch0:  C_CMD: WRCMD     C_r = 0x011   at time  138561949 ps
inst0 ch0:  C_CMD: WRCMD     C_f = 0x010   at time  138562363 ps
inst0 ch0:  C_CMD: WRCMD     C_r = 0x019   at time  138562777 ps
inst0 ch0:  C_CMD: WRCMD     C_f = 0x092   at time  138563191 ps
inst0 ch0:  C_CMD: WRCMD     C_r = 0x019   at time  138565261 ps
inst0 ch0:  C_CMD: WRCMD     C_f = 0x012   at time  138565675 ps
inst0 ch0:  R_CMD: ACTCMD    R_r0= 0x0a    at time  142362469 ps
inst0 ch0:  R_CMD: ACTCMD    R_f0= 0x08    at time  142362883 ps
inst0 ch0:  R_CMD: ACTCMD    R_r1= 0x00    at time  142363297 ps
inst0 ch0:  R_CMD: ACTCMD    R_f1= 0x00    at time  142363711 ps
inst0 ch0:  R_CMD: ACTCMD    R_r0= 0x0a    at time  142364125 ps
inst0 ch0:  R_CMD: ACTCMD    R_f0= 0x00    at time  142364539 ps
inst0 ch0:  R_CMD: ACTCMD    R_r1= 0x00    at time  142364953 ps
inst0 ch0:  R_CMD: ACTCMD    R_f1= 0x00    at time  142365367 ps
inst0 ch0:  C_CMD: RDCMD     C_r = 0x015   at time  142377373 ps
inst0 ch0:  C_CMD: RDCMD     C_f = 0x0a8   at time  142377787 ps
inst0 ch0:  C_CMD: RDCMD     C_r = 0x015   at time  142379029 ps
inst0 ch0:  C_CMD: RDCMD     C_f = 0x028   at time  142379443 ps
inst0 ch0:  C_CMD: RDCMD     C_r = 0x015   at time  142380685 ps
inst0 ch0:  C_CMD: RDCMD     C_f = 0x0aa   at time  142381099 ps
inst0 ch0:  C_CMD: RDCMD     C_r = 0x015   at time  142382341 ps
inst0 ch0:  C_CMD: RDCMD     C_f = 0x02a   at time  142382755 ps
inst0 ch0:  C_CMD: RDCMD     C_r = 0x015   at time  142383997 ps
inst0 ch0:  C_CMD: RDCMD     C_f = 0x0a0   at time  142384411 ps
inst0 ch0:  C_CMD: RDCMD     C_r = 0x015   at time  142385653 ps
inst0 ch0:  C_CMD: RDCMD     C_f = 0x020   at time  142386067 ps
inst0 ch0:  C_CMD: RDCMD     C_r = 0x01d   at time  142387309 ps
inst0 ch0:  C_CMD: RDCMD     C_f = 0x0a2   at time  142387723 ps
inst0 ch0:  C_CMD: RDCMD     C_r = 0x01d   at time  142388965 ps
inst0 ch0:  C_CMD: RDCMD     C_f = 0x022   at time  142389379 ps
inst0 ch0:  R_CMD: ACTCMD    R_r0= 0x0a    at time  142432849 ps
inst0 ch0:  R_CMD: ACTCMD    R_f0= 0x08    at time  142433263 ps
inst0 ch0:  R_CMD: ACTCMD    R_r1= 0x00    at time  142433677 ps
inst0 ch0:  R_CMD: ACTCMD    R_f1= 0x00    at time  142434091 ps
inst0 ch0:  R_CMD: ACTCMD    R_r0= 0x0a    at time  142434505 ps
inst0 ch0:  R_CMD: ACTCMD    R_f0= 0x00    at time  142434919 ps
inst0 ch0:  R_CMD: ACTCMD    R_r1= 0x00    at time  142435333 ps
inst0 ch0:  R_CMD: ACTCMD    R_f1= 0x00    at time  142435747 ps
inst0 ch0:  C_CMD: WRCMD     C_r = 0x011   at time  142443613 ps
inst0 ch0:  C_CMD: WRCMD     C_f = 0x0a8   at time  142444027 ps
inst0 ch0:  C_CMD: WRCMD     C_r = 0x011   at time  142445269 ps
inst0 ch0:  C_CMD: WRCMD     C_f = 0x028   at time  142445683 ps
inst0 ch0:  C_CMD: WRCMD     C_r = 0x011   at time  142446925 ps
inst0 ch0:  C_CMD: WRCMD     C_f = 0x0aa   at time  142447339 ps
inst0 ch0:  C_CMD: WRCMD     C_r = 0x011   at time  142448581 ps
inst0 ch0:  C_CMD: WRCMD     C_f = 0x02a   at time  142448995 ps
inst0 ch0:  C_CMD: WRCMD     C_r = 0x011   at time  142450237 ps
inst0 ch0:  C_CMD: WRCMD     C_f = 0x0a0   at time  142450651 ps
inst0 ch0:  C_CMD: WRCMD     C_r = 0x011   at time  142451893 ps
inst0 ch0:  C_CMD: WRCMD     C_f = 0x020   at time  142452307 ps
inst0 ch0:  C_CMD: WRCMD     C_r = 0x019   at time  142453549 ps
inst0 ch0:  C_CMD: WRCMD     C_f = 0x0a2   at time  142453963 ps
inst0 ch0:  C_CMD: WRCMD     C_r = 0x019   at time  142455205 ps
inst0 ch0:  C_CMD: WRCMD     C_f = 0x022   at time  142455619 ps
inst0 ch0:  R_CMD: ACTCMD    R_r0= 0x02    at time  146178721 ps
inst0 ch0:  R_CMD: ACTCMD    R_f0= 0x18    at time  146179135 ps
inst0 ch0:  R_CMD: ACTCMD    R_r1= 0x3f    at time  146179549 ps
inst0 ch0:  R_CMD: ACTCMD    R_f1= 0x3b    at time  146179963 ps
inst0 ch0:  R_CMD: ACTCMD    R_r0= 0x02    at time  146180377 ps
inst0 ch0:  R_CMD: ACTCMD    R_f0= 0x10    at time  146180791 ps
inst0 ch0:  R_CMD: ACTCMD    R_r1= 0x3f    at time  146181205 ps
inst0 ch0:  R_CMD: ACTCMD    R_f1= 0x3b    at time  146181619 ps
inst0 ch0:  C_CMD: RDCMD     C_r = 0x005   at time  146193625 ps
inst0 ch0:  C_CMD: RDCMD     C_f = 0x0f8   at time  146194039 ps
inst0 ch0:  C_CMD: RDCMD     C_r = 0x005   at time  146195281 ps
inst0 ch0:  C_CMD: RDCMD     C_f = 0x078   at time  146195695 ps
inst0 ch0:  C_CMD: RDCMD     C_r = 0x00d   at time  146196937 ps
inst0 ch0:  C_CMD: RDCMD     C_f = 0x0fa   at time  146197351 ps
inst0 ch0:  C_CMD: RDCMD     C_r = 0x00d   at time  146198593 ps
inst0 ch0:  C_CMD: RDCMD     C_f = 0x07a   at time  146199007 ps
inst0 ch0:  R_CMD: ACTCMD    R_r0= 0x02    at time  146225917 ps
inst0 ch0:  R_CMD: ACTCMD    R_f0= 0x19    at time  146226331 ps
inst0 ch0:  R_CMD: ACTCMD    R_r1= 0x3f    at time  146226745 ps
inst0 ch0:  R_CMD: ACTCMD    R_f1= 0x3b    at time  146227159 ps
inst0 ch0:  R_CMD: ACTCMD    R_r0= 0x02    at time  146227573 ps
inst0 ch0:  R_CMD: ACTCMD    R_f0= 0x11    at time  146227987 ps
inst0 ch0:  R_CMD: ACTCMD    R_r1= 0x3f    at time  146228401 ps
inst0 ch0:  R_CMD: ACTCMD    R_f1= 0x3b    at time  146228815 ps
inst0 ch0:  C_CMD: RDCMD     C_r = 0x005   at time  146240821 ps
inst0 ch0:  C_CMD: RDCMD     C_f = 0x0f8   at time  146241235 ps
inst0 ch0:  C_CMD: RDCMD     C_r = 0x005   at time  146242477 ps
inst0 ch0:  C_CMD: RDCMD     C_f = 0x078   at time  146242891 ps
inst0 ch0:  C_CMD: RDCMD     C_r = 0x00d   at time  146244133 ps
inst0 ch0:  C_CMD: RDCMD     C_f = 0x0fa   at time  146244547 ps
inst0 ch0:  C_CMD: RDCMD     C_r = 0x00d   at time  146245789 ps
inst0 ch0:  C_CMD: RDCMD     C_f = 0x07a   at time  146246203 ps
inst0 ch0:  R_CMD: ACTCMD    R_r0= 0x02    at time  146273113 ps
inst0 ch0:  R_CMD: ACTCMD    R_f0= 0x18    at time  146273527 ps
inst0 ch0:  R_CMD: ACTCMD    R_r1= 0x3f    at time  146273941 ps
inst0 ch0:  R_CMD: ACTCMD    R_f1= 0x3b    at time  146274355 ps
inst0 ch0:  R_CMD: ACTCMD    R_r0= 0x02    at time  146274769 ps
inst0 ch0:  R_CMD: ACTCMD    R_f0= 0x10    at time  146275183 ps
inst0 ch0:  R_CMD: ACTCMD    R_r1= 0x3f    at time  146275597 ps
inst0 ch0:  R_CMD: ACTCMD    R_f1= 0x3b    at time  146276011 ps
inst0 ch0:  C_CMD: WRCMD     C_r = 0x001   at time  146283877 ps
inst0 ch0:  C_CMD: WRCMD     C_f = 0x0f8   at time  146284291 ps
inst0 ch0:  C_CMD: WRCMD     C_r = 0x001   at time  146285533 ps
inst0 ch0:  C_CMD: WRCMD     C_f = 0x078   at time  146285947 ps
inst0 ch0:  C_CMD: WRCMD     C_r = 0x009   at time  146287189 ps
inst0 ch0:  C_CMD: WRCMD     C_f = 0x0fa   at time  146287603 ps
inst0 ch0:  C_CMD: WRCMD     C_r = 0x009   at time  146288845 ps
inst0 ch0:  C_CMD: WRCMD     C_f = 0x07a   at time  146289259 ps
inst0 ch0:  R_CMD: ACTCMD    R_r0= 0x02    at time  146325277 ps
inst0 ch0:  R_CMD: ACTCMD    R_f0= 0x19    at time  146325691 ps
inst0 ch0:  R_CMD: ACTCMD    R_r1= 0x3f    at time  146326105 ps
inst0 ch0:  R_CMD: ACTCMD    R_f1= 0x3b    at time  146326519 ps
inst0 ch0:  R_CMD: ACTCMD    R_r0= 0x02    at time  146326933 ps
inst0 ch0:  R_CMD: ACTCMD    R_f0= 0x11    at time  146327347 ps
inst0 ch0:  R_CMD: ACTCMD    R_r1= 0x3f    at time  146327761 ps
inst0 ch0:  R_CMD: ACTCMD    R_f1= 0x3b    at time  146328175 ps
inst0 ch0:  C_CMD: WRCMD     C_r = 0x001   at time  146336041 ps
inst0 ch0:  C_CMD: WRCMD     C_f = 0x0f8   at time  146336455 ps
inst0 ch0:  C_CMD: WRCMD     C_r = 0x001   at time  146337697 ps
inst0 ch0:  C_CMD: WRCMD     C_f = 0x078   at time  146338111 ps
inst0 ch0:  C_CMD: WRCMD     C_r = 0x009   at time  146339353 ps
inst0 ch0:  C_CMD: WRCMD     C_f = 0x0fa   at time  146339767 ps
inst0 ch0:  C_CMD: WRCMD     C_r = 0x009   at time  146341009 ps
inst0 ch0:  C_CMD: WRCMD     C_f = 0x07a   at time  146341423 ps
inst0 ch0:  R_CMD: ACTCMD    R_r0= 0x0a    at time  146432917 ps
inst0 ch0:  R_CMD: ACTCMD    R_f0= 0x18    at time  146433331 ps
inst0 ch0:  R_CMD: ACTCMD    R_r1= 0x3f    at time  146433745 ps
inst0 ch0:  R_CMD: ACTCMD    R_f1= 0x3b    at time  146434159 ps
inst0 ch0:  R_CMD: ACTCMD    R_r0= 0x0a    at time  146434573 ps
inst0 ch0:  R_CMD: ACTCMD    R_f0= 0x10    at time  146434987 ps
inst0 ch0:  R_CMD: ACTCMD    R_r1= 0x3f    at time  146435401 ps
inst0 ch0:  R_CMD: ACTCMD    R_f1= 0x3b    at time  146435815 ps
inst0 ch0:  C_CMD: RDCMD     C_r = 0x015   at time  146447821 ps
inst0 ch0:  C_CMD: RDCMD     C_f = 0x0f8   at time  146448235 ps
inst0 ch0:  C_CMD: RDCMD     C_r = 0x015   at time  146449477 ps
inst0 ch0:  C_CMD: RDCMD     C_f = 0x078   at time  146449891 ps
inst0 ch0:  C_CMD: RDCMD     C_r = 0x01d   at time  146451133 ps
inst0 ch0:  C_CMD: RDCMD     C_f = 0x0fa   at time  146451547 ps
inst0 ch0:  C_CMD: RDCMD     C_r = 0x01d   at time  146452789 ps
inst0 ch0:  C_CMD: RDCMD     C_f = 0x07a   at time  146453203 ps
inst0 ch0:  R_CMD: ACTCMD    R_r0= 0x0a    at time  146480113 ps
inst0 ch0:  R_CMD: ACTCMD    R_f0= 0x08    at time  146480527 ps
inst0 ch0:  R_CMD: ACTCMD    R_r1= 0x00    at time  146480941 ps
inst0 ch0:  R_CMD: ACTCMD    R_f1= 0x00    at time  146481355 ps
inst0 ch0:  R_CMD: ACTCMD    R_r0= 0x0a    at time  146481769 ps
inst0 ch0:  R_CMD: ACTCMD    R_f0= 0x00    at time  146482183 ps
inst0 ch0:  R_CMD: ACTCMD    R_r1= 0x00    at time  146482597 ps
inst0 ch0:  R_CMD: ACTCMD    R_f1= 0x00    at time  146483011 ps
inst0 ch0:  C_CMD: RDCMD     C_r = 0x015   at time  146495017 ps
inst0 ch0:  C_CMD: RDCMD     C_f = 0x0b8   at time  146495431 ps
inst0 ch0:  C_CMD: RDCMD     C_r = 0x015   at time  146496673 ps
inst0 ch0:  C_CMD: RDCMD     C_f = 0x038   at time  146497087 ps
inst0 ch0:  C_CMD: RDCMD     C_r = 0x015   at time  146498329 ps
inst0 ch0:  C_CMD: RDCMD     C_f = 0x0ba   at time  146498743 ps
inst0 ch0:  C_CMD: RDCMD     C_r = 0x015   at time  146499985 ps
inst0 ch0:  C_CMD: RDCMD     C_f = 0x03a   at time  146500399 ps
inst0 ch0:  C_CMD: RDCMD     C_r = 0x015   at time  146501641 ps
inst0 ch0:  C_CMD: RDCMD     C_f = 0x0b0   at time  146502055 ps
inst0 ch0:  C_CMD: RDCMD     C_r = 0x015   at time  146503297 ps
inst0 ch0:  C_CMD: RDCMD     C_f = 0x030   at time  146503711 ps
inst0 ch0:  C_CMD: RDCMD     C_r = 0x01d   at time  146504953 ps
inst0 ch0:  C_CMD: RDCMD     C_f = 0x0b2   at time  146505367 ps
inst0 ch0:  C_CMD: RDCMD     C_r = 0x01d   at time  146506609 ps
inst0 ch0:  C_CMD: RDCMD     C_f = 0x032   at time  146507023 ps
inst0 ch0:  R_CMD: ACTCMD    R_r0= 0x0a    at time  146527309 ps
inst0 ch0:  R_CMD: ACTCMD    R_f0= 0x19    at time  146527723 ps
inst0 ch0:  R_CMD: ACTCMD    R_r1= 0x3f    at time  146528137 ps
inst0 ch0:  R_CMD: ACTCMD    R_f1= 0x3b    at time  146528551 ps
inst0 ch0:  R_CMD: ACTCMD    R_r0= 0x0a    at time  146528965 ps
inst0 ch0:  R_CMD: ACTCMD    R_f0= 0x11    at time  146529379 ps
inst0 ch0:  R_CMD: ACTCMD    R_r1= 0x3f    at time  146529793 ps
inst0 ch0:  R_CMD: ACTCMD    R_f1= 0x3b    at time  146530207 ps
inst0 ch0:  C_CMD: RDCMD     C_r = 0x015   at time  146542213 ps
inst0 ch0:  C_CMD: RDCMD     C_f = 0x0f8   at time  146542627 ps
inst0 ch0:  C_CMD: RDCMD     C_r = 0x015   at time  146543869 ps
inst0 ch0:  C_CMD: RDCMD     C_f = 0x078   at time  146544283 ps
inst0 ch0:  C_CMD: RDCMD     C_r = 0x01d   at time  146545525 ps
inst0 ch0:  C_CMD: RDCMD     C_f = 0x0fa   at time  146545939 ps
inst0 ch0:  C_CMD: RDCMD     C_r = 0x01d   at time  146547181 ps
inst0 ch0:  C_CMD: RDCMD     C_f = 0x07a   at time  146547595 ps
inst0 ch0:  R_CMD: ACTCMD    R_r0= 0x0a    at time  146574505 ps
inst0 ch0:  R_CMD: ACTCMD    R_f0= 0x18    at time  146574919 ps
inst0 ch0:  R_CMD: ACTCMD    R_r1= 0x3f    at time  146575333 ps
inst0 ch0:  R_CMD: ACTCMD    R_f1= 0x3b    at time  146575747 ps
inst0 ch0:  R_CMD: ACTCMD    R_r0= 0x0a    at time  146576161 ps
inst0 ch0:  R_CMD: ACTCMD    R_f0= 0x10    at time  146576575 ps
inst0 ch0:  R_CMD: ACTCMD    R_r1= 0x3f    at time  146576989 ps
inst0 ch0:  R_CMD: ACTCMD    R_f1= 0x3b    at time  146577403 ps
inst0 ch0:  C_CMD: WRCMD     C_r = 0x011   at time  146585269 ps
inst0 ch0:  C_CMD: WRCMD     C_f = 0x0f8   at time  146585683 ps
inst0 ch0:  C_CMD: WRCMD     C_r = 0x011   at time  146586925 ps
inst0 ch0:  C_CMD: WRCMD     C_f = 0x078   at time  146587339 ps
inst0 ch0:  C_CMD: WRCMD     C_r = 0x019   at time  146588581 ps
inst0 ch0:  C_CMD: WRCMD     C_f = 0x0fa   at time  146588995 ps
inst0 ch0:  C_CMD: WRCMD     C_r = 0x019   at time  146590237 ps
inst0 ch0:  C_CMD: WRCMD     C_f = 0x07a   at time  146590651 ps
inst0 ch0:  R_CMD: ACTCMD    R_r0= 0x0a    at time  146626669 ps
inst0 ch0:  R_CMD: ACTCMD    R_f0= 0x08    at time  146627083 ps
inst0 ch0:  R_CMD: ACTCMD    R_r1= 0x00    at time  146627497 ps
inst0 ch0:  R_CMD: ACTCMD    R_f1= 0x00    at time  146627911 ps
inst0 ch0:  R_CMD: ACTCMD    R_r0= 0x0a    at time  146628325 ps
inst0 ch0:  R_CMD: ACTCMD    R_f0= 0x00    at time  146628739 ps
inst0 ch0:  R_CMD: ACTCMD    R_r1= 0x00    at time  146629153 ps
inst0 ch0:  R_CMD: ACTCMD    R_f1= 0x00    at time  146629567 ps
inst0 ch0:  C_CMD: WRCMD     C_r = 0x011   at time  146637433 ps
inst0 ch0:  C_CMD: WRCMD     C_f = 0x0b8   at time  146637847 ps
inst0 ch0:  C_CMD: WRCMD     C_r = 0x011   at time  146639089 ps
inst0 ch0:  C_CMD: WRCMD     C_f = 0x038   at time  146639503 ps
inst0 ch0:  C_CMD: WRCMD     C_r = 0x011   at time  146640745 ps
inst0 ch0:  C_CMD: WRCMD     C_f = 0x0ba   at time  146641159 ps
inst0 ch0:  C_CMD: WRCMD     C_r = 0x011   at time  146642401 ps
inst0 ch0:  C_CMD: WRCMD     C_f = 0x03a   at time  146642815 ps
inst0 ch0:  C_CMD: WRCMD     C_r = 0x011   at time  146644057 ps
inst0 ch0:  C_CMD: WRCMD     C_f = 0x0b0   at time  146644471 ps
inst0 ch0:  C_CMD: WRCMD     C_r = 0x011   at time  146645713 ps
inst0 ch0:  C_CMD: WRCMD     C_f = 0x030   at time  146646127 ps
inst0 ch0:  C_CMD: WRCMD     C_r = 0x019   at time  146647369 ps
inst0 ch0:  C_CMD: WRCMD     C_f = 0x0b2   at time  146647783 ps
inst0 ch0:  C_CMD: WRCMD     C_r = 0x019   at time  146649025 ps
inst0 ch0:  C_CMD: WRCMD     C_f = 0x032   at time  146649439 ps
inst0 ch0:  R_CMD: ACTCMD    R_r0= 0x0a    at time  146685457 ps
inst0 ch0:  R_CMD: ACTCMD    R_f0= 0x19    at time  146685871 ps
inst0 ch0:  R_CMD: ACTCMD    R_r1= 0x3f    at time  146686285 ps
inst0 ch0:  R_CMD: ACTCMD    R_f1= 0x3b    at time  146686699 ps
inst0 ch0:  R_CMD: ACTCMD    R_r0= 0x0a    at time  146687113 ps
inst0 ch0:  R_CMD: ACTCMD    R_f0= 0x11    at time  146687527 ps
inst0 ch0:  R_CMD: ACTCMD    R_r1= 0x3f    at time  146687941 ps
inst0 ch0:  R_CMD: ACTCMD    R_f1= 0x3b    at time  146688355 ps
inst0 ch0:  C_CMD: WRCMD     C_r = 0x011   at time  146696221 ps
inst0 ch0:  C_CMD: WRCMD     C_f = 0x0f8   at time  146696635 ps
inst0 ch0:  C_CMD: WRCMD     C_r = 0x011   at time  146697877 ps
inst0 ch0:  C_CMD: WRCMD     C_f = 0x078   at time  146698291 ps
inst0 ch0:  C_CMD: WRCMD     C_r = 0x019   at time  146699533 ps
inst0 ch0:  C_CMD: WRCMD     C_f = 0x0fa   at time  146699947 ps
inst0 ch0:  C_CMD: WRCMD     C_r = 0x019   at time  146701189 ps
inst0 ch0:  C_CMD: WRCMD     C_f = 0x07a   at time  146701603 ps
inst0 ch0:  R_CMD: ACTCMD    R_r0= 0x02    at time  147196333 ps
inst0 ch0:  R_CMD: ACTCMD    R_f0= 0x38    at time  147196747 ps
inst0 ch0:  R_CMD: ACTCMD    R_r1= 0x3f    at time  147197161 ps
inst0 ch0:  R_CMD: ACTCMD    R_f1= 0x3b    at time  147197575 ps
inst0 ch0:  R_CMD: ACTCMD    R_r0= 0x02    at time  147197989 ps
inst0 ch0:  R_CMD: ACTCMD    R_f0= 0x30    at time  147198403 ps
inst0 ch0:  R_CMD: ACTCMD    R_r1= 0x3f    at time  147198817 ps
inst0 ch0:  R_CMD: ACTCMD    R_f1= 0x3b    at time  147199231 ps
inst0 ch0:  C_CMD: RDCMD     C_r = 0x085   at time  147211237 ps
inst0 ch0:  C_CMD: RDCMD     C_f = 0x0f8   at time  147211651 ps
inst0 ch0:  C_CMD: RDCMD     C_r = 0x085   at time  147212893 ps
inst0 ch0:  C_CMD: RDCMD     C_f = 0x078   at time  147213307 ps
inst0 ch0:  C_CMD: RDCMD     C_r = 0x08d   at time  147214549 ps
inst0 ch0:  C_CMD: RDCMD     C_f = 0x0fa   at time  147214963 ps
inst0 ch0:  C_CMD: RDCMD     C_r = 0x08d   at time  147216205 ps
inst0 ch0:  C_CMD: RDCMD     C_f = 0x07a   at time  147216619 ps
inst0 ch0:  R_CMD: ACTCMD    R_r0= 0x02    at time  147268369 ps
inst0 ch0:  R_CMD: ACTCMD    R_f0= 0x30    at time  147268783 ps
inst0 ch0:  R_CMD: ACTCMD    R_r1= 0x3f    at time  147269197 ps
inst0 ch0:  R_CMD: ACTCMD    R_f1= 0x3b    at time  147269611 ps
inst0 ch0:  R_CMD: ACTCMD    R_r0= 0x02    at time  147270025 ps
inst0 ch0:  R_CMD: ACTCMD    R_f0= 0x38    at time  147270439 ps
inst0 ch0:  R_CMD: ACTCMD    R_r1= 0x3f    at time  147270853 ps
inst0 ch0:  R_CMD: ACTCMD    R_f1= 0x3b    at time  147271267 ps
inst0 ch0:  C_CMD: WRCMD     C_r = 0x081   at time  147279133 ps
inst0 ch0:  C_CMD: WRCMD     C_f = 0x078   at time  147279547 ps
inst0 ch0:  C_CMD: WRCMD     C_r = 0x081   at time  147280789 ps
inst0 ch0:  C_CMD: WRCMD     C_f = 0x0f8   at time  147281203 ps
inst0 ch0:  C_CMD: WRCMD     C_r = 0x089   at time  147282445 ps
inst0 ch0:  C_CMD: WRCMD     C_f = 0x07a   at time  147282859 ps
inst0 ch0:  C_CMD: WRCMD     C_r = 0x089   at time  147284101 ps
inst0 ch0:  C_CMD: WRCMD     C_f = 0x0fa   at time  147284515 ps
inst0 ch0:  R_CMD: ACTCMD    R_r0= 0x0a    at time  147450529 ps
inst0 ch0:  R_CMD: ACTCMD    R_f0= 0x30    at time  147450943 ps
inst0 ch0:  R_CMD: ACTCMD    R_r1= 0x3f    at time  147451357 ps
inst0 ch0:  R_CMD: ACTCMD    R_f1= 0x3b    at time  147451771 ps
inst0 ch0:  R_CMD: ACTCMD    R_r0= 0x0a    at time  147453013 ps
inst0 ch0:  R_CMD: ACTCMD    R_f0= 0x38    at time  147453427 ps
inst0 ch0:  R_CMD: ACTCMD    R_r1= 0x3f    at time  147453841 ps
inst0 ch0:  R_CMD: ACTCMD    R_f1= 0x3b    at time  147454255 ps
inst0 ch0:  C_CMD: RDCMD     C_r = 0x095   at time  147465433 ps
inst0 ch0:  C_CMD: RDCMD     C_f = 0x078   at time  147465847 ps
inst0 ch0:  C_CMD: RDCMD     C_r = 0x095   at time  147467917 ps
inst0 ch0:  C_CMD: RDCMD     C_f = 0x0f8   at time  147468331 ps
inst0 ch0:  C_CMD: RDCMD     C_r = 0x09d   at time  147468745 ps
inst0 ch0:  C_CMD: RDCMD     C_f = 0x07a   at time  147469159 ps
inst0 ch0:  C_CMD: RDCMD     C_r = 0x09d   at time  147471229 ps
inst0 ch0:  C_CMD: RDCMD     C_f = 0x0fa   at time  147471643 ps
inst0 ch0:  R_CMD: ACTCMD    R_r0= 0x0a    at time  147520909 ps
inst0 ch0:  R_CMD: ACTCMD    R_f0= 0x30    at time  147521323 ps
inst0 ch0:  R_CMD: ACTCMD    R_r1= 0x3f    at time  147521737 ps
inst0 ch0:  R_CMD: ACTCMD    R_f1= 0x3b    at time  147522151 ps
inst0 ch0:  R_CMD: ACTCMD    R_r0= 0x0a    at time  147523393 ps
inst0 ch0:  R_CMD: ACTCMD    R_f0= 0x38    at time  147523807 ps
inst0 ch0:  R_CMD: ACTCMD    R_r1= 0x3f    at time  147524221 ps
inst0 ch0:  R_CMD: ACTCMD    R_f1= 0x3b    at time  147524635 ps
inst0 ch0:  C_CMD: WRCMD     C_r = 0x091   at time  147531673 ps
inst0 ch0:  C_CMD: WRCMD     C_f = 0x078   at time  147532087 ps
inst0 ch0:  C_CMD: WRCMD     C_r = 0x091   at time  147534157 ps
inst0 ch0:  C_CMD: WRCMD     C_f = 0x0f8   at time  147534571 ps
inst0 ch0:  C_CMD: WRCMD     C_r = 0x099   at time  147534985 ps
inst0 ch0:  C_CMD: WRCMD     C_f = 0x07a   at time  147535399 ps
inst0 ch0:  C_CMD: WRCMD     C_r = 0x099   at time  147537469 ps
inst0 ch0:  C_CMD: WRCMD     C_f = 0x0fa   at time  147537883 ps
