inst0 ch0:  R_CMD: ACTCMD    R_r0= 0x0e    at time   33400981 ps
inst0 ch0:  R_CMD: ACTCMD    R_f0= 0x28    at time   33401395 ps
inst0 ch0:  R_CMD: ACTCMD    R_r1= 0x00    at time   33401809 ps
inst0 ch0:  R_CMD: ACTCMD    R_f1= 0x02    at time   33402223 ps
inst0 ch0:  R_CMD: ACTCMD    R_r0= 0x0e    at time   33402637 ps
inst0 ch0:  R_CMD: ACTCMD    R_f0= 0x20    at time   33403051 ps
inst0 ch0:  R_CMD: ACTCMD    R_r1= 0x00    at time   33403465 ps
inst0 ch0:  R_CMD: ACTCMD    R_f1= 0x02    at time   33403879 ps
inst0 ch0:  C_CMD: WRCMD     C_r = 0x091   at time   33411745 ps
inst0 ch0:  C_CMD: WRCMD     C_f = 0x0a9   at time   33412159 ps
inst0 ch0:  C_CMD: WRCMD     C_r = 0x091   at time   33413401 ps
inst0 ch0:  C_CMD: WRCMD     C_f = 0x029   at time   33413815 ps
inst0 ch0:  C_CMD: WRCMD     C_r = 0x091   at time   33415057 ps
inst0 ch0:  C_CMD: WRCMD     C_f = 0x0ab   at time   33415471 ps
inst0 ch0:  C_CMD: WRCMD     C_r = 0x091   at time   33416713 ps
inst0 ch0:  C_CMD: WRCMD     C_f = 0x02b   at time   33417127 ps
inst0 ch0:  C_CMD: WRCMD     C_r = 0x091   at time   33418369 ps
inst0 ch0:  C_CMD: WRCMD     C_f = 0x0a1   at time   33418783 ps
inst0 ch0:  C_CMD: WRCMD     C_r = 0x091   at time   33420025 ps
inst0 ch0:  C_CMD: WRCMD     C_f = 0x021   at time   33420439 ps
inst0 ch0:  C_CMD: WRCMD     C_r = 0x099   at time   33421681 ps
inst0 ch0:  C_CMD: WRCMD     C_f = 0x0a3   at time   33422095 ps
inst0 ch0:  C_CMD: WRCMD     C_r = 0x099   at time   33423337 ps
inst0 ch0:  C_CMD: WRCMD     C_f = 0x023   at time   33423751 ps
inst0 ch0:  R_CMD: ACTCMD    R_r0= 0x2e    at time   37653589 ps
inst0 ch0:  R_CMD: ACTCMD    R_f0= 0x28    at time   37654003 ps
inst0 ch0:  R_CMD: ACTCMD    R_r1= 0x00    at time   37654417 ps
inst0 ch0:  R_CMD: ACTCMD    R_f1= 0x02    at time   37654831 ps
inst0 ch0:  R_CMD: ACTCMD    R_r0= 0x2e    at time   37655245 ps
inst0 ch0:  R_CMD: ACTCMD    R_f0= 0x20    at time   37655659 ps
inst0 ch0:  R_CMD: ACTCMD    R_r1= 0x00    at time   37656073 ps
inst0 ch0:  R_CMD: ACTCMD    R_f1= 0x02    at time   37656487 ps
inst0 ch0:  C_CMD: WRCMD     C_r = 0x0d1   at time   37664353 ps
inst0 ch0:  C_CMD: WRCMD     C_f = 0x0a9   at time   37664767 ps
inst0 ch0:  C_CMD: WRCMD     C_r = 0x0d1   at time   37666009 ps
inst0 ch0:  C_CMD: WRCMD     C_f = 0x029   at time   37666423 ps
inst0 ch0:  C_CMD: WRCMD     C_r = 0x0d1   at time   37667665 ps
inst0 ch0:  C_CMD: WRCMD     C_f = 0x0ab   at time   37668079 ps
inst0 ch0:  C_CMD: WRCMD     C_r = 0x0d1   at time   37669321 ps
inst0 ch0:  C_CMD: WRCMD     C_f = 0x02b   at time   37669735 ps
inst0 ch0:  C_CMD: WRCMD     C_r = 0x0d1   at time   37670977 ps
inst0 ch0:  C_CMD: WRCMD     C_f = 0x0a1   at time   37671391 ps
inst0 ch0:  C_CMD: WRCMD     C_r = 0x0d1   at time   37672633 ps
inst0 ch0:  C_CMD: WRCMD     C_f = 0x021   at time   37673047 ps
inst0 ch0:  C_CMD: WRCMD     C_r = 0x0d9   at time   37674289 ps
inst0 ch0:  C_CMD: WRCMD     C_f = 0x0a3   at time   37674703 ps
inst0 ch0:  C_CMD: WRCMD     C_r = 0x0d9   at time   37675945 ps
inst0 ch0:  C_CMD: WRCMD     C_f = 0x023   at time   37676359 ps
inst0 ch0:  R_CMD: ACTCMD    R_r0= 0x22    at time   54786565 ps
inst0 ch0:  R_CMD: ACTCMD    R_f0= 0x22    at time   54786979 ps
inst0 ch0:  R_CMD: ACTCMD    R_r1= 0x00    at time   54787393 ps
inst0 ch0:  R_CMD: ACTCMD    R_f1= 0x00    at time   54787807 ps
inst0 ch0:  R_CMD: ACTCMD    R_r0= 0x22    at time   54788221 ps
inst0 ch0:  R_CMD: ACTCMD    R_f0= 0x2a    at time   54788635 ps
inst0 ch0:  R_CMD: ACTCMD    R_r1= 0x00    at time   54789049 ps
inst0 ch0:  R_CMD: ACTCMD    R_f1= 0x00    at time   54789463 ps
inst0 ch0:  R_CMD: ACTCMD    R_r0= 0x02    at time   54790705 ps
inst0 ch0:  R_CMD: ACTCMD    R_f0= 0x22    at time   54791119 ps
inst0 ch0:  R_CMD: ACTCMD    R_r1= 0x00    at time   54791533 ps
inst0 ch0:  R_CMD: ACTCMD    R_f1= 0x00    at time   54791947 ps
inst0 ch0:  R_CMD: ACTCMD    R_r0= 0x02    at time   54792361 ps
inst0 ch0:  R_CMD: ACTCMD    R_f0= 0x2a    at time   54792775 ps
inst0 ch0:  R_CMD: ACTCMD    R_r1= 0x00    at time   54793189 ps
inst0 ch0:  R_CMD: ACTCMD    R_f1= 0x00    at time   54793603 ps
inst0 ch0:  R_CMD: ACTCMD    R_r0= 0x22    at time   54794845 ps
inst0 ch0:  R_CMD: ACTCMD    R_f0= 0x02    at time   54795259 ps
inst0 ch0:  R_CMD: ACTCMD    R_r1= 0x00    at time   54795673 ps
inst0 ch0:  R_CMD: ACTCMD    R_f1= 0x00    at time   54796087 ps
inst0 ch0:  R_CMD: ACTCMD    R_r0= 0x22    at time   54796501 ps
inst0 ch0:  R_CMD: ACTCMD    R_f0= 0x0a    at time   54796915 ps
inst0 ch0:  R_CMD: ACTCMD    R_r1= 0x00    at time   54797329 ps
inst0 ch0:  R_CMD: ACTCMD    R_f1= 0x00    at time   54797743 ps
inst0 ch0:  R_CMD: ACTCMD    R_r0= 0x02    at time   54798985 ps
inst0 ch0:  R_CMD: ACTCMD    R_f0= 0x02    at time   54799399 ps
inst0 ch0:  R_CMD: ACTCMD    R_r1= 0x00    at time   54799813 ps
inst0 ch0:  R_CMD: ACTCMD    R_f1= 0x00    at time   54800227 ps
inst0 ch0:  R_CMD: ACTCMD    R_r0= 0x02    at time   54800641 ps
inst0 ch0:  R_CMD: ACTCMD    R_f0= 0x0a    at time   54801055 ps
inst0 ch0:  R_CMD: ACTCMD    R_r1= 0x00    at time   54801469 ps
inst0 ch0:  C_CMD: RDCMD     C_r = 0x0c5   at time   54801469 ps
inst0 ch0:  R_CMD: ACTCMD    R_f1= 0x00    at time   54801883 ps
inst0 ch0:  C_CMD: RDCMD     C_f = 0x000   at time   54801883 ps
inst0 ch0:  C_CMD: RDCMD     C_r = 0x0c5   at time   54803125 ps
inst0 ch0:  C_CMD: RDCMD     C_f = 0x080   at time   54803539 ps
inst0 ch0:  C_CMD: RDCMD     C_r = 0x0cd   at time   54804781 ps
inst0 ch0:  C_CMD: RDCMD     C_f = 0x002   at time   54805195 ps
inst0 ch0:  C_CMD: RDCMD     C_r = 0x085   at time   54806437 ps
inst0 ch0:  C_CMD: RDCMD     C_f = 0x000   at time   54806851 ps
inst0 ch0:  C_CMD: RDCMD     C_r = 0x0cd   at time   54807265 ps
inst0 ch0:  C_CMD: RDCMD     C_f = 0x082   at time   54807679 ps
inst0 ch0:  C_CMD: RDCMD     C_r = 0x085   at time   54808921 ps
inst0 ch0:  C_CMD: RDCMD     C_f = 0x080   at time   54809335 ps
inst0 ch0:  C_CMD: RDCMD     C_r = 0x08d   at time   54809749 ps
inst0 ch0:  C_CMD: RDCMD     C_f = 0x002   at time   54810163 ps
inst0 ch0:  C_CMD: RDCMD     C_r = 0x045   at time   54811405 ps
inst0 ch0:  C_CMD: RDCMD     C_f = 0x000   at time   54811819 ps
inst0 ch0:  C_CMD: RDCMD     C_r = 0x08d   at time   54812233 ps
inst0 ch0:  C_CMD: RDCMD     C_f = 0x082   at time   54812647 ps
inst0 ch0:  C_CMD: RDCMD     C_r = 0x005   at time   54813889 ps
inst0 ch0:  C_CMD: RDCMD     C_f = 0x000   at time   54814303 ps
inst0 ch0:  C_CMD: RDCMD     C_r = 0x045   at time   54814717 ps
inst0 ch0:  C_CMD: RDCMD     C_f = 0x080   at time   54815131 ps
inst0 ch0:  C_CMD: RDCMD     C_r = 0x04d   at time   54815545 ps
inst0 ch0:  C_CMD: RDCMD     C_f = 0x002   at time   54815959 ps
inst0 ch0:  C_CMD: RDCMD     C_r = 0x005   at time   54816373 ps
inst0 ch0:  C_CMD: RDCMD     C_f = 0x080   at time   54816787 ps
inst0 ch0:  C_CMD: RDCMD     C_r = 0x00d   at time   54817201 ps
inst0 ch0:  C_CMD: RDCMD     C_f = 0x002   at time   54817615 ps
inst0 ch0:  C_CMD: RDCMD     C_r = 0x04d   at time   54818029 ps
inst0 ch0:  C_CMD: RDCMD     C_f = 0x082   at time   54818443 ps
inst0 ch0:  C_CMD: RDCMD     C_r = 0x00d   at time   54819685 ps
inst0 ch0:  C_CMD: RDCMD     C_f = 0x082   at time   54820099 ps
inst0 ch0:  R_CMD: ACTCMD    R_r0= 0x2a    at time   55373617 ps
inst0 ch0:  R_CMD: ACTCMD    R_f0= 0x2a    at time   55374031 ps
inst0 ch0:  R_CMD: ACTCMD    R_r1= 0x00    at time   55374445 ps
inst0 ch0:  R_CMD: ACTCMD    R_f1= 0x00    at time   55374859 ps
inst0 ch0:  R_CMD: ACTCMD    R_r0= 0x0a    at time   55377757 ps
inst0 ch0:  R_CMD: ACTCMD    R_f0= 0x2a    at time   55378171 ps
inst0 ch0:  R_CMD: ACTCMD    R_r1= 0x00    at time   55378585 ps
inst0 ch0:  R_CMD: ACTCMD    R_f1= 0x00    at time   55378999 ps
inst0 ch0:  R_CMD: ACTCMD    R_r0= 0x2a    at time   55381897 ps
inst0 ch0:  R_CMD: ACTCMD    R_f0= 0x0a    at time   55382311 ps
inst0 ch0:  R_CMD: ACTCMD    R_r1= 0x00    at time   55382725 ps
inst0 ch0:  R_CMD: ACTCMD    R_f1= 0x00    at time   55383139 ps
inst0 ch0:  R_CMD: ACTCMD    R_r0= 0x0a    at time   55386037 ps
inst0 ch0:  R_CMD: ACTCMD    R_f0= 0x0a    at time   55386451 ps
inst0 ch0:  R_CMD: ACTCMD    R_r1= 0x00    at time   55386865 ps
inst0 ch0:  R_CMD: ACTCMD    R_f1= 0x00    at time   55387279 ps
inst0 ch0:  C_CMD: RDCMD     C_r = 0x0d5   at time   55388521 ps
inst0 ch0:  C_CMD: RDCMD     C_f = 0x080   at time   55388935 ps
inst0 ch0:  C_CMD: RDCMD     C_r = 0x0dd   at time   55391833 ps
inst0 ch0:  C_CMD: RDCMD     C_f = 0x082   at time   55392247 ps
inst0 ch0:  C_CMD: RDCMD     C_r = 0x095   at time   55393489 ps
inst0 ch0:  C_CMD: RDCMD     C_f = 0x080   at time   55393903 ps
inst0 ch0:  C_CMD: RDCMD     C_r = 0x09d   at time   55396801 ps
inst0 ch0:  C_CMD: RDCMD     C_f = 0x082   at time   55397215 ps
inst0 ch0:  C_CMD: RDCMD     C_r = 0x055   at time   55398457 ps
inst0 ch0:  C_CMD: RDCMD     C_f = 0x080   at time   55398871 ps
inst0 ch0:  C_CMD: RDCMD     C_r = 0x015   at time   55400941 ps
inst0 ch0:  C_CMD: RDCMD     C_f = 0x080   at time   55401355 ps
inst0 ch0:  C_CMD: RDCMD     C_r = 0x05d   at time   55402597 ps
inst0 ch0:  C_CMD: RDCMD     C_f = 0x082   at time   55403011 ps
inst0 ch0:  C_CMD: RDCMD     C_r = 0x01d   at time   55404253 ps
inst0 ch0:  C_CMD: RDCMD     C_f = 0x082   at time   55404667 ps
inst0 ch0:  R_CMD: ACTCMD    R_r0= 0x32    at time   55654309 ps
inst0 ch0:  R_CMD: ACTCMD    R_f0= 0x2a    at time   55654723 ps
inst0 ch0:  R_CMD: ACTCMD    R_r1= 0x00    at time   55655137 ps
inst0 ch0:  R_CMD: ACTCMD    R_f1= 0x00    at time   55655551 ps
inst0 ch0:  R_CMD: ACTCMD    R_r0= 0x2a    at time   55657621 ps
inst0 ch0:  R_CMD: ACTCMD    R_f0= 0x22    at time   55658035 ps
inst0 ch0:  R_CMD: ACTCMD    R_r1= 0x00    at time   55658449 ps
inst0 ch0:  R_CMD: ACTCMD    R_f1= 0x00    at time   55658863 ps
inst0 ch0:  R_CMD: ACTCMD    R_r0= 0x12    at time   55659277 ps
inst0 ch0:  R_CMD: ACTCMD    R_f0= 0x2a    at time   55659691 ps
inst0 ch0:  R_CMD: ACTCMD    R_r1= 0x00    at time   55660105 ps
inst0 ch0:  R_CMD: ACTCMD    R_f1= 0x00    at time   55660519 ps
inst0 ch0:  R_CMD: ACTCMD    R_r0= 0x0a    at time   55661761 ps
inst0 ch0:  R_CMD: ACTCMD    R_f0= 0x22    at time   55662175 ps
inst0 ch0:  R_CMD: ACTCMD    R_r1= 0x00    at time   55662589 ps
inst0 ch0:  R_CMD: ACTCMD    R_f1= 0x00    at time   55663003 ps
inst0 ch0:  R_CMD: ACTCMD    R_r0= 0x32    at time   55663417 ps
inst0 ch0:  R_CMD: ACTCMD    R_f0= 0x0a    at time   55663831 ps
inst0 ch0:  R_CMD: ACTCMD    R_r1= 0x00    at time   55664245 ps
inst0 ch0:  R_CMD: ACTCMD    R_f1= 0x00    at time   55664659 ps
inst0 ch0:  R_CMD: ACTCMD    R_r0= 0x2a    at time   55665901 ps
inst0 ch0:  R_CMD: ACTCMD    R_f0= 0x02    at time   55666315 ps
inst0 ch0:  R_CMD: ACTCMD    R_r1= 0x00    at time   55666729 ps
inst0 ch0:  R_CMD: ACTCMD    R_f1= 0x00    at time   55667143 ps
inst0 ch0:  R_CMD: ACTCMD    R_r0= 0x12    at time   55667557 ps
inst0 ch0:  R_CMD: ACTCMD    R_f0= 0x0a    at time   55667971 ps
inst0 ch0:  R_CMD: ACTCMD    R_r1= 0x00    at time   55668385 ps
inst0 ch0:  R_CMD: ACTCMD    R_f1= 0x00    at time   55668799 ps
inst0 ch0:  C_CMD: RDCMD     C_r = 0x0e5   at time   55669213 ps
inst0 ch0:  C_CMD: RDCMD     C_f = 0x080   at time   55669627 ps
inst0 ch0:  R_CMD: ACTCMD    R_r0= 0x0a    at time   55670041 ps
inst0 ch0:  R_CMD: ACTCMD    R_f0= 0x02    at time   55670455 ps
inst0 ch0:  R_CMD: ACTCMD    R_r1= 0x00    at time   55670869 ps
inst0 ch0:  R_CMD: ACTCMD    R_f1= 0x00    at time   55671283 ps
inst0 ch0:  C_CMD: RDCMD     C_r = 0x0ed   at time   55672525 ps
inst0 ch0:  C_CMD: RDCMD     C_f = 0x082   at time   55672939 ps
inst0 ch0:  C_CMD: RDCMD     C_r = 0x0d5   at time   55673353 ps
inst0 ch0:  C_CMD: RDCMD     C_f = 0x000   at time   55673767 ps
inst0 ch0:  C_CMD: RDCMD     C_r = 0x0a5   at time   55674181 ps
inst0 ch0:  C_CMD: RDCMD     C_f = 0x080   at time   55674595 ps
inst0 ch0:  C_CMD: RDCMD     C_r = 0x0dd   at time   55676665 ps
inst0 ch0:  C_CMD: RDCMD     C_f = 0x002   at time   55677079 ps
inst0 ch0:  C_CMD: RDCMD     C_r = 0x0ad   at time   55677493 ps
inst0 ch0:  C_CMD: RDCMD     C_f = 0x082   at time   55677907 ps
inst0 ch0:  C_CMD: RDCMD     C_r = 0x095   at time   55678321 ps
inst0 ch0:  C_CMD: RDCMD     C_f = 0x000   at time   55678735 ps
inst0 ch0:  C_CMD: RDCMD     C_r = 0x065   at time   55679149 ps
inst0 ch0:  C_CMD: RDCMD     C_f = 0x080   at time   55679563 ps
inst0 ch0:  C_CMD: RDCMD     C_r = 0x055   at time   55680805 ps
inst0 ch0:  C_CMD: RDCMD     C_f = 0x000   at time   55681219 ps
inst0 ch0:  C_CMD: RDCMD     C_r = 0x06d   at time   55682461 ps
inst0 ch0:  C_CMD: RDCMD     C_f = 0x082   at time   55682875 ps
inst0 ch0:  C_CMD: RDCMD     C_r = 0x09d   at time   55683289 ps
inst0 ch0:  C_CMD: RDCMD     C_f = 0x002   at time   55683703 ps
inst0 ch0:  C_CMD: RDCMD     C_r = 0x025   at time   55684117 ps
inst0 ch0:  C_CMD: RDCMD     C_f = 0x080   at time   55684531 ps
inst0 ch0:  C_CMD: RDCMD     C_r = 0x05d   at time   55684945 ps
inst0 ch0:  C_CMD: RDCMD     C_f = 0x002   at time   55685359 ps
inst0 ch0:  C_CMD: RDCMD     C_r = 0x015   at time   55686601 ps
inst0 ch0:  C_CMD: RDCMD     C_f = 0x000   at time   55687015 ps
inst0 ch0:  C_CMD: RDCMD     C_r = 0x02d   at time   55687429 ps
inst0 ch0:  C_CMD: RDCMD     C_f = 0x082   at time   55687843 ps
inst0 ch0:  C_CMD: RDCMD     C_r = 0x01d   at time   55689913 ps
inst0 ch0:  C_CMD: RDCMD     C_f = 0x002   at time   55690327 ps
inst0 ch0:  R_CMD: ACTCMD    R_r0= 0x32    at time   56011177 ps
inst0 ch0:  R_CMD: ACTCMD    R_f0= 0x22    at time   56011591 ps
inst0 ch0:  R_CMD: ACTCMD    R_r1= 0x00    at time   56012005 ps
inst0 ch0:  R_CMD: ACTCMD    R_f1= 0x00    at time   56012419 ps
inst0 ch0:  R_CMD: ACTCMD    R_r0= 0x12    at time   56015317 ps
inst0 ch0:  R_CMD: ACTCMD    R_f0= 0x22    at time   56015731 ps
inst0 ch0:  R_CMD: ACTCMD    R_r1= 0x00    at time   56016145 ps
inst0 ch0:  R_CMD: ACTCMD    R_f1= 0x00    at time   56016559 ps
inst0 ch0:  R_CMD: ACTCMD    R_r0= 0x32    at time   56019457 ps
inst0 ch0:  R_CMD: ACTCMD    R_f0= 0x02    at time   56019871 ps
inst0 ch0:  R_CMD: ACTCMD    R_r1= 0x00    at time   56020285 ps
inst0 ch0:  R_CMD: ACTCMD    R_f1= 0x00    at time   56020699 ps
inst0 ch0:  R_CMD: ACTCMD    R_r0= 0x12    at time   56023597 ps
inst0 ch0:  R_CMD: ACTCMD    R_f0= 0x02    at time   56024011 ps
inst0 ch0:  R_CMD: ACTCMD    R_r1= 0x00    at time   56024425 ps
inst0 ch0:  R_CMD: ACTCMD    R_f1= 0x00    at time   56024839 ps
inst0 ch0:  C_CMD: RDCMD     C_r = 0x0e5   at time   56026081 ps
inst0 ch0:  C_CMD: RDCMD     C_f = 0x000   at time   56026495 ps
inst0 ch0:  C_CMD: RDCMD     C_r = 0x0ed   at time   56029393 ps
inst0 ch0:  C_CMD: RDCMD     C_f = 0x002   at time   56029807 ps
inst0 ch0:  C_CMD: RDCMD     C_r = 0x0a5   at time   56031049 ps
inst0 ch0:  C_CMD: RDCMD     C_f = 0x000   at time   56031463 ps
inst0 ch0:  C_CMD: RDCMD     C_r = 0x0ad   at time   56034361 ps
inst0 ch0:  C_CMD: RDCMD     C_f = 0x002   at time   56034775 ps
inst0 ch0:  C_CMD: RDCMD     C_r = 0x065   at time   56036017 ps
inst0 ch0:  C_CMD: RDCMD     C_f = 0x000   at time   56036431 ps
inst0 ch0:  C_CMD: RDCMD     C_r = 0x025   at time   56038501 ps
inst0 ch0:  C_CMD: RDCMD     C_f = 0x000   at time   56038915 ps
inst0 ch0:  C_CMD: RDCMD     C_r = 0x06d   at time   56040157 ps
inst0 ch0:  C_CMD: RDCMD     C_f = 0x002   at time   56040571 ps
inst0 ch0:  C_CMD: RDCMD     C_r = 0x02d   at time   56041813 ps
inst0 ch0:  C_CMD: RDCMD     C_f = 0x002   at time   56042227 ps
inst0 ch0:  R_CMD: ACTCMD    R_r0= 0x3a    at time   56340721 ps
inst0 ch0:  R_CMD: ACTCMD    R_f0= 0x2a    at time   56341135 ps
inst0 ch0:  R_CMD: ACTCMD    R_r1= 0x00    at time   56341549 ps
inst0 ch0:  R_CMD: ACTCMD    R_f1= 0x00    at time   56341963 ps
inst0 ch0:  R_CMD: ACTCMD    R_r0= 0x1a    at time   56344861 ps
inst0 ch0:  R_CMD: ACTCMD    R_f0= 0x2a    at time   56345275 ps
inst0 ch0:  R_CMD: ACTCMD    R_r1= 0x00    at time   56345689 ps
inst0 ch0:  R_CMD: ACTCMD    R_f1= 0x00    at time   56346103 ps
inst0 ch0:  R_CMD: ACTCMD    R_r0= 0x3a    at time   56349001 ps
inst0 ch0:  R_CMD: ACTCMD    R_f0= 0x0a    at time   56349415 ps
inst0 ch0:  R_CMD: ACTCMD    R_r1= 0x00    at time   56349829 ps
inst0 ch0:  R_CMD: ACTCMD    R_f1= 0x00    at time   56350243 ps
inst0 ch0:  R_CMD: ACTCMD    R_r0= 0x1a    at time   56353141 ps
inst0 ch0:  R_CMD: ACTCMD    R_f0= 0x0a    at time   56353555 ps
inst0 ch0:  R_CMD: ACTCMD    R_r1= 0x00    at time   56353969 ps
inst0 ch0:  R_CMD: ACTCMD    R_f1= 0x00    at time   56354383 ps
inst0 ch0:  C_CMD: RDCMD     C_r = 0x0f5   at time   56355625 ps
inst0 ch0:  C_CMD: RDCMD     C_f = 0x080   at time   56356039 ps
inst0 ch0:  C_CMD: RDCMD     C_r = 0x0fd   at time   56358937 ps
inst0 ch0:  C_CMD: RDCMD     C_f = 0x082   at time   56359351 ps
inst0 ch0:  C_CMD: RDCMD     C_r = 0x0b5   at time   56360593 ps
inst0 ch0:  C_CMD: RDCMD     C_f = 0x080   at time   56361007 ps
inst0 ch0:  C_CMD: RDCMD     C_r = 0x0bd   at time   56363905 ps
inst0 ch0:  C_CMD: RDCMD     C_f = 0x082   at time   56364319 ps
inst0 ch0:  C_CMD: RDCMD     C_r = 0x075   at time   56365561 ps
inst0 ch0:  C_CMD: RDCMD     C_f = 0x080   at time   56365975 ps
inst0 ch0:  C_CMD: RDCMD     C_r = 0x035   at time   56368045 ps
inst0 ch0:  C_CMD: RDCMD     C_f = 0x080   at time   56368459 ps
inst0 ch0:  C_CMD: RDCMD     C_r = 0x07d   at time   56369701 ps
inst0 ch0:  C_CMD: RDCMD     C_f = 0x082   at time   56370115 ps
inst0 ch0:  C_CMD: RDCMD     C_r = 0x03d   at time   56371357 ps
inst0 ch0:  C_CMD: RDCMD     C_f = 0x082   at time   56371771 ps
inst0 ch0:  R_CMD: ACTCMD    R_r0= 0x3a    at time   56653705 ps
inst0 ch0:  R_CMD: ACTCMD    R_f0= 0x22    at time   56654119 ps
inst0 ch0:  R_CMD: ACTCMD    R_r1= 0x00    at time   56654533 ps
inst0 ch0:  R_CMD: ACTCMD    R_f1= 0x00    at time   56654947 ps
inst0 ch0:  R_CMD: ACTCMD    R_r0= 0x1a    at time   56657845 ps
inst0 ch0:  R_CMD: ACTCMD    R_f0= 0x22    at time   56658259 ps
inst0 ch0:  R_CMD: ACTCMD    R_r1= 0x00    at time   56658673 ps
inst0 ch0:  R_CMD: ACTCMD    R_f1= 0x00    at time   56659087 ps
inst0 ch0:  R_CMD: ACTCMD    R_r0= 0x3a    at time   56661985 ps
inst0 ch0:  R_CMD: ACTCMD    R_f0= 0x02    at time   56662399 ps
inst0 ch0:  R_CMD: ACTCMD    R_r1= 0x00    at time   56662813 ps
inst0 ch0:  R_CMD: ACTCMD    R_f1= 0x00    at time   56663227 ps
inst0 ch0:  R_CMD: ACTCMD    R_r0= 0x1a    at time   56666125 ps
inst0 ch0:  R_CMD: ACTCMD    R_f0= 0x02    at time   56666539 ps
inst0 ch0:  R_CMD: ACTCMD    R_r1= 0x00    at time   56666953 ps
inst0 ch0:  R_CMD: ACTCMD    R_f1= 0x00    at time   56667367 ps
inst0 ch0:  C_CMD: RDCMD     C_r = 0x0f5   at time   56668609 ps
inst0 ch0:  C_CMD: RDCMD     C_f = 0x000   at time   56669023 ps
inst0 ch0:  C_CMD: RDCMD     C_r = 0x0fd   at time   56671921 ps
inst0 ch0:  C_CMD: RDCMD     C_f = 0x002   at time   56672335 ps
inst0 ch0:  C_CMD: RDCMD     C_r = 0x0b5   at time   56673577 ps
inst0 ch0:  C_CMD: RDCMD     C_f = 0x000   at time   56673991 ps
inst0 ch0:  C_CMD: RDCMD     C_r = 0x0bd   at time   56676889 ps
inst0 ch0:  C_CMD: RDCMD     C_f = 0x002   at time   56677303 ps
inst0 ch0:  C_CMD: RDCMD     C_r = 0x075   at time   56678545 ps
inst0 ch0:  C_CMD: RDCMD     C_f = 0x000   at time   56678959 ps
inst0 ch0:  C_CMD: RDCMD     C_r = 0x035   at time   56681029 ps
inst0 ch0:  C_CMD: RDCMD     C_f = 0x000   at time   56681443 ps
inst0 ch0:  C_CMD: RDCMD     C_r = 0x07d   at time   56682685 ps
inst0 ch0:  C_CMD: RDCMD     C_f = 0x002   at time   56683099 ps
inst0 ch0:  C_CMD: RDCMD     C_r = 0x03d   at time   56684341 ps
inst0 ch0:  C_CMD: RDCMD     C_f = 0x002   at time   56684755 ps
inst0 ch0:  R_CMD: ACTCMD    R_r0= 0x02    at time   56876437 ps
inst0 ch0:  R_CMD: ACTCMD    R_f0= 0x18    at time   56876851 ps
inst0 ch0:  R_CMD: ACTCMD    R_r1= 0x3f    at time   56877265 ps
inst0 ch0:  R_CMD: ACTCMD    R_f1= 0x3b    at time   56877679 ps
inst0 ch0:  C_CMD: WRCMD     C_r = 0x009   at time   56887201 ps
inst0 ch0:  C_CMD: WRCMD     C_f = 0x0fa   at time   56887615 ps
inst0 ch0:  R_CMD: ACTCMD    R_r0= 0x02    at time   57247381 ps
inst0 ch0:  R_CMD: ACTCMD    R_f0= 0x10    at time   57247795 ps
inst0 ch0:  R_CMD: ACTCMD    R_r1= 0x3f    at time   57248209 ps
inst0 ch0:  R_CMD: ACTCMD    R_f1= 0x3b    at time   57248623 ps
inst0 ch0:  C_CMD: WRCMD     C_r = 0x009   at time   57258145 ps
inst0 ch0:  C_CMD: WRCMD     C_f = 0x07a   at time   57258559 ps
inst0 ch0:  R_CMD: ACTCMD    R_r0= 0x0a    at time   57600109 ps
inst0 ch0:  R_CMD: ACTCMD    R_f0= 0x18    at time   57600523 ps
inst0 ch0:  R_CMD: ACTCMD    R_r1= 0x3f    at time   57600937 ps
inst0 ch0:  R_CMD: ACTCMD    R_f1= 0x3b    at time   57601351 ps
inst0 ch0:  C_CMD: WRCMD     C_r = 0x019   at time   57610873 ps
inst0 ch0:  C_CMD: WRCMD     C_f = 0x0fa   at time   57611287 ps
inst0 ch0:  R_CMD: ACTCMD    R_r0= 0x02    at time   57728449 ps
inst0 ch0:  R_CMD: ACTCMD    R_f0= 0x38    at time   57728863 ps
inst0 ch0:  R_CMD: ACTCMD    R_r1= 0x3f    at time   57729277 ps
inst0 ch0:  R_CMD: ACTCMD    R_f1= 0x3b    at time   57729691 ps
inst0 ch0:  C_CMD: WRCMD     C_r = 0x089   at time   57739213 ps
inst0 ch0:  C_CMD: WRCMD     C_f = 0x0fa   at time   57739627 ps
inst0 ch0:  R_CMD: ACTCMD    R_r0= 0x0a    at time   57886597 ps
inst0 ch0:  R_CMD: ACTCMD    R_f0= 0x38    at time   57887011 ps
inst0 ch0:  R_CMD: ACTCMD    R_r1= 0x3f    at time   57887425 ps
inst0 ch0:  R_CMD: ACTCMD    R_f1= 0x3b    at time   57887839 ps
inst0 ch0:  C_CMD: WRCMD     C_r = 0x099   at time   57897361 ps
inst0 ch0:  C_CMD: WRCMD     C_f = 0x0fa   at time   57897775 ps
inst0 ch0:  R_CMD: ACTCMD    R_r0= 0x0a    at time   58141621 ps
inst0 ch0:  R_CMD: ACTCMD    R_f0= 0x10    at time   58142035 ps
inst0 ch0:  R_CMD: ACTCMD    R_r1= 0x3f    at time   58142449 ps
inst0 ch0:  R_CMD: ACTCMD    R_f1= 0x3b    at time   58142863 ps
inst0 ch0:  C_CMD: WRCMD     C_r = 0x019   at time   58152385 ps
inst0 ch0:  C_CMD: WRCMD     C_f = 0x07a   at time   58152799 ps
inst0 ch0:  R_CMD: ACTCMD    R_r0= 0x02    at time   58269133 ps
inst0 ch0:  R_CMD: ACTCMD    R_f0= 0x30    at time   58269547 ps
inst0 ch0:  R_CMD: ACTCMD    R_r1= 0x3f    at time   58269961 ps
inst0 ch0:  R_CMD: ACTCMD    R_f1= 0x3b    at time   58270375 ps
inst0 ch0:  C_CMD: WRCMD     C_r = 0x089   at time   58279897 ps
inst0 ch0:  C_CMD: WRCMD     C_f = 0x07a   at time   58280311 ps
inst0 ch0:  R_CMD: ACTCMD    R_r0= 0x0a    at time   58394161 ps
inst0 ch0:  R_CMD: ACTCMD    R_f0= 0x30    at time   58394575 ps
inst0 ch0:  R_CMD: ACTCMD    R_r1= 0x3f    at time   58394989 ps
inst0 ch0:  R_CMD: ACTCMD    R_f1= 0x3b    at time   58395403 ps
inst0 ch0:  C_CMD: WRCMD     C_r = 0x099   at time   58404925 ps
inst0 ch0:  C_CMD: WRCMD     C_f = 0x07a   at time   58405339 ps
inst0 ch0:  R_CMD: ACTCMD    R_r0= 0x0a    at time   58780009 ps
inst0 ch0:  R_CMD: ACTCMD    R_f0= 0x1b    at time   58780423 ps
inst0 ch0:  R_CMD: ACTCMD    R_r1= 0x3f    at time   58780837 ps
inst0 ch0:  R_CMD: ACTCMD    R_f1= 0x3b    at time   58781251 ps
inst0 ch0:  C_CMD: WRCMD     C_r = 0x019   at time   58790773 ps
inst0 ch0:  C_CMD: WRCMD     C_f = 0x090   at time   58791187 ps
inst0 ch0:  R_CMD: ACTCMD    R_r0= 0x02    at time   59112037 ps
inst0 ch0:  R_CMD: ACTCMD    R_f0= 0x1b    at time   59112451 ps
inst0 ch0:  R_CMD: ACTCMD    R_r1= 0x3f    at time   59112865 ps
inst0 ch0:  R_CMD: ACTCMD    R_f1= 0x3b    at time   59113279 ps
inst0 ch0:  C_CMD: WRCMD     C_r = 0x009   at time   59122801 ps
inst0 ch0:  C_CMD: WRCMD     C_f = 0x080   at time   59123215 ps
inst0 ch0:  R_CMD: ACTCMD    R_r0= 0x0a    at time   59349673 ps
inst0 ch0:  R_CMD: ACTCMD    R_f0= 0x13    at time   59350087 ps
inst0 ch0:  R_CMD: ACTCMD    R_r1= 0x3f    at time   59350501 ps
inst0 ch0:  R_CMD: ACTCMD    R_f1= 0x3b    at time   59350915 ps
inst0 ch0:  C_CMD: WRCMD     C_r = 0x019   at time   59360437 ps
inst0 ch0:  C_CMD: WRCMD     C_f = 0x010   at time   59360851 ps
inst0 ch0:  R_CMD: ACTCMD    R_r0= 0x02    at time   59714821 ps
inst0 ch0:  R_CMD: ACTCMD    R_f0= 0x13    at time   59715235 ps
inst0 ch0:  R_CMD: ACTCMD    R_r1= 0x3f    at time   59715649 ps
inst0 ch0:  R_CMD: ACTCMD    R_f1= 0x3b    at time   59716063 ps
inst0 ch0:  C_CMD: WRCMD     C_r = 0x009   at time   59725585 ps
inst0 ch0:  C_CMD: WRCMD     C_f = 0x000   at time   59725999 ps
inst0 ch0:  R_CMD: ACTCMD    R_r0= 0x02    at time   60326713 ps
inst0 ch0:  R_CMD: ACTCMD    R_f0= 0x08    at time   60327127 ps
inst0 ch0:  R_CMD: ACTCMD    R_r1= 0x00    at time   60327541 ps
inst0 ch0:  R_CMD: ACTCMD    R_f1= 0x00    at time   60327955 ps
inst0 ch0:  C_CMD: RDCMD     C_r = 0x005   at time   60341617 ps
inst0 ch0:  C_CMD: RDCMD     C_f = 0x098   at time   60342031 ps
inst0 ch0:  C_CMD: RDCMD     C_r = 0x005   at time   60344929 ps
inst0 ch0:  C_CMD: RDCMD     C_f = 0x09a   at time   60345343 ps
inst0 ch0:  C_CMD: RDCMD     C_r = 0x005   at time   60348241 ps
inst0 ch0:  C_CMD: RDCMD     C_f = 0x090   at time   60348655 ps
inst0 ch0:  C_CMD: RDCMD     C_r = 0x005   at time   60351553 ps
inst0 ch0:  C_CMD: RDCMD     C_f = 0x092   at time   60351967 ps
inst0 ch0:  C_CMD: RDCMD     C_r = 0x005   at time   60354865 ps
inst0 ch0:  C_CMD: RDCMD     C_f = 0x088   at time   60355279 ps
inst0 ch0:  C_CMD: RDCMD     C_r = 0x005   at time   60358177 ps
inst0 ch0:  C_CMD: RDCMD     C_f = 0x08a   at time   60358591 ps
inst0 ch0:  C_CMD: RDCMD     C_r = 0x005   at time   60361489 ps
inst0 ch0:  C_CMD: RDCMD     C_f = 0x080   at time   60361903 ps
inst0 ch0:  C_CMD: RDCMD     C_r = 0x00d   at time   60364801 ps
inst0 ch0:  C_CMD: RDCMD     C_f = 0x082   at time   60365215 ps
inst0 ch0:  R_CMD: ACTCMD    R_r0= 0x0a    at time   60547789 ps
inst0 ch0:  R_CMD: ACTCMD    R_f0= 0x08    at time   60548203 ps
inst0 ch0:  R_CMD: ACTCMD    R_r1= 0x00    at time   60548617 ps
inst0 ch0:  R_CMD: ACTCMD    R_f1= 0x00    at time   60549031 ps
inst0 ch0:  C_CMD: RDCMD     C_r = 0x015   at time   60562693 ps
inst0 ch0:  C_CMD: RDCMD     C_f = 0x098   at time   60563107 ps
inst0 ch0:  C_CMD: RDCMD     C_r = 0x015   at time   60566005 ps
inst0 ch0:  C_CMD: RDCMD     C_f = 0x09a   at time   60566419 ps
inst0 ch0:  C_CMD: RDCMD     C_r = 0x015   at time   60569317 ps
inst0 ch0:  C_CMD: RDCMD     C_f = 0x090   at time   60569731 ps
inst0 ch0:  C_CMD: RDCMD     C_r = 0x015   at time   60572629 ps
inst0 ch0:  C_CMD: RDCMD     C_f = 0x092   at time   60573043 ps
inst0 ch0:  C_CMD: RDCMD     C_r = 0x015   at time   60575941 ps
inst0 ch0:  C_CMD: RDCMD     C_f = 0x088   at time   60576355 ps
inst0 ch0:  C_CMD: RDCMD     C_r = 0x015   at time   60579253 ps
inst0 ch0:  C_CMD: RDCMD     C_f = 0x08a   at time   60579667 ps
inst0 ch0:  C_CMD: RDCMD     C_r = 0x015   at time   60582565 ps
inst0 ch0:  C_CMD: RDCMD     C_f = 0x080   at time   60582979 ps
inst0 ch0:  C_CMD: RDCMD     C_r = 0x01d   at time   60585877 ps
inst0 ch0:  C_CMD: RDCMD     C_f = 0x082   at time   60586291 ps
inst0 ch0:  R_CMD: ACTCMD    R_r0= 0x0a    at time   60947713 ps
inst0 ch0:  R_CMD: ACTCMD    R_f0= 0x08    at time   60948127 ps
inst0 ch0:  R_CMD: ACTCMD    R_r1= 0x00    at time   60948541 ps
inst0 ch0:  R_CMD: ACTCMD    R_f1= 0x00    at time   60948955 ps
inst0 ch0:  C_CMD: WRCMD     C_r = 0x011   at time   60958477 ps
inst0 ch0:  C_CMD: WRCMD     C_f = 0x0b8   at time   60958891 ps
inst0 ch0:  C_CMD: WRCMD     C_r = 0x011   at time   60961789 ps
inst0 ch0:  C_CMD: WRCMD     C_f = 0x0ba   at time   60962203 ps
inst0 ch0:  C_CMD: WRCMD     C_r = 0x011   at time   60965101 ps
inst0 ch0:  C_CMD: WRCMD     C_f = 0x0b0   at time   60965515 ps
inst0 ch0:  C_CMD: WRCMD     C_r = 0x011   at time   60968413 ps
inst0 ch0:  C_CMD: WRCMD     C_f = 0x0b2   at time   60968827 ps
inst0 ch0:  C_CMD: WRCMD     C_r = 0x011   at time   60971725 ps
inst0 ch0:  C_CMD: WRCMD     C_f = 0x0a8   at time   60972139 ps
inst0 ch0:  C_CMD: WRCMD     C_r = 0x011   at time   60975037 ps
inst0 ch0:  C_CMD: WRCMD     C_f = 0x0aa   at time   60975451 ps
inst0 ch0:  C_CMD: WRCMD     C_r = 0x011   at time   60978349 ps
inst0 ch0:  C_CMD: WRCMD     C_f = 0x0a0   at time   60978763 ps
inst0 ch0:  C_CMD: WRCMD     C_r = 0x019   at time   60981661 ps
inst0 ch0:  C_CMD: WRCMD     C_f = 0x0a2   at time   60982075 ps
inst0 ch0:  R_CMD: ACTCMD    R_r0= 0x02    at time   61071085 ps
inst0 ch0:  R_CMD: ACTCMD    R_f0= 0x00    at time   61071499 ps
inst0 ch0:  R_CMD: ACTCMD    R_r1= 0x00    at time   61071913 ps
inst0 ch0:  R_CMD: ACTCMD    R_f1= 0x00    at time   61072327 ps
inst0 ch0:  C_CMD: RDCMD     C_r = 0x005   at time   61085989 ps
inst0 ch0:  C_CMD: RDCMD     C_f = 0x018   at time   61086403 ps
inst0 ch0:  C_CMD: RDCMD     C_r = 0x005   at time   61089301 ps
inst0 ch0:  C_CMD: RDCMD     C_f = 0x01a   at time   61089715 ps
inst0 ch0:  C_CMD: RDCMD     C_r = 0x005   at time   61092613 ps
inst0 ch0:  C_CMD: RDCMD     C_f = 0x010   at time   61093027 ps
inst0 ch0:  C_CMD: RDCMD     C_r = 0x005   at time   61095925 ps
inst0 ch0:  C_CMD: RDCMD     C_f = 0x012   at time   61096339 ps
inst0 ch0:  C_CMD: RDCMD     C_r = 0x005   at time   61099237 ps
inst0 ch0:  C_CMD: RDCMD     C_f = 0x008   at time   61099651 ps
inst0 ch0:  C_CMD: RDCMD     C_r = 0x005   at time   61102549 ps
inst0 ch0:  C_CMD: RDCMD     C_f = 0x00a   at time   61102963 ps
inst0 ch0:  C_CMD: RDCMD     C_r = 0x005   at time   61105861 ps
inst0 ch0:  C_CMD: RDCMD     C_f = 0x000   at time   61106275 ps
inst0 ch0:  C_CMD: RDCMD     C_r = 0x00d   at time   61109173 ps
inst0 ch0:  C_CMD: RDCMD     C_f = 0x002   at time   61109587 ps
inst0 ch0:  R_CMD: ACTCMD    R_r0= 0x0a    at time   61576165 ps
inst0 ch0:  R_CMD: ACTCMD    R_f0= 0x00    at time   61576579 ps
inst0 ch0:  R_CMD: ACTCMD    R_r1= 0x00    at time   61576993 ps
inst0 ch0:  R_CMD: ACTCMD    R_f1= 0x00    at time   61577407 ps
inst0 ch0:  C_CMD: RDCMD     C_r = 0x015   at time   61591069 ps
inst0 ch0:  C_CMD: RDCMD     C_f = 0x018   at time   61591483 ps
inst0 ch0:  C_CMD: RDCMD     C_r = 0x015   at time   61594381 ps
inst0 ch0:  C_CMD: RDCMD     C_f = 0x01a   at time   61594795 ps
inst0 ch0:  C_CMD: RDCMD     C_r = 0x015   at time   61597693 ps
inst0 ch0:  C_CMD: RDCMD     C_f = 0x010   at time   61598107 ps
inst0 ch0:  C_CMD: RDCMD     C_r = 0x015   at time   61601005 ps
inst0 ch0:  C_CMD: RDCMD     C_f = 0x012   at time   61601419 ps
inst0 ch0:  C_CMD: RDCMD     C_r = 0x015   at time   61604317 ps
inst0 ch0:  C_CMD: RDCMD     C_f = 0x008   at time   61604731 ps
inst0 ch0:  C_CMD: RDCMD     C_r = 0x015   at time   61607629 ps
inst0 ch0:  C_CMD: RDCMD     C_f = 0x00a   at time   61608043 ps
inst0 ch0:  C_CMD: RDCMD     C_r = 0x015   at time   61610941 ps
inst0 ch0:  C_CMD: RDCMD     C_f = 0x000   at time   61611355 ps
inst0 ch0:  C_CMD: RDCMD     C_r = 0x01d   at time   61614253 ps
inst0 ch0:  C_CMD: RDCMD     C_f = 0x002   at time   61614667 ps
inst0 ch0:  R_CMD: ACTCMD    R_r0= 0x0a    at time   61869277 ps
inst0 ch0:  R_CMD: ACTCMD    R_f0= 0x00    at time   61869691 ps
inst0 ch0:  R_CMD: ACTCMD    R_r1= 0x00    at time   61870105 ps
inst0 ch0:  R_CMD: ACTCMD    R_f1= 0x00    at time   61870519 ps
inst0 ch0:  C_CMD: WRCMD     C_r = 0x011   at time   61880041 ps
inst0 ch0:  C_CMD: WRCMD     C_f = 0x038   at time   61880455 ps
inst0 ch0:  C_CMD: WRCMD     C_r = 0x011   at time   61883353 ps
inst0 ch0:  C_CMD: WRCMD     C_f = 0x03a   at time   61883767 ps
inst0 ch0:  C_CMD: WRCMD     C_r = 0x011   at time   61886665 ps
inst0 ch0:  C_CMD: WRCMD     C_f = 0x030   at time   61887079 ps
inst0 ch0:  C_CMD: WRCMD     C_r = 0x011   at time   61889977 ps
inst0 ch0:  C_CMD: WRCMD     C_f = 0x032   at time   61890391 ps
inst0 ch0:  C_CMD: WRCMD     C_r = 0x011   at time   61893289 ps
inst0 ch0:  C_CMD: WRCMD     C_f = 0x028   at time   61893703 ps
inst0 ch0:  C_CMD: WRCMD     C_r = 0x011   at time   61896601 ps
inst0 ch0:  C_CMD: WRCMD     C_f = 0x02a   at time   61897015 ps
inst0 ch0:  C_CMD: WRCMD     C_r = 0x011   at time   61899913 ps
inst0 ch0:  C_CMD: WRCMD     C_f = 0x020   at time   61900327 ps
inst0 ch0:  C_CMD: WRCMD     C_r = 0x019   at time   61903225 ps
inst0 ch0:  C_CMD: WRCMD     C_f = 0x022   at time   61903639 ps
inst0 ch0:  R_CMD: ACTCMD    R_r0= 0x02    at time   62111881 ps
inst0 ch0:  R_CMD: ACTCMD    R_f0= 0x1b    at time   62112295 ps
inst0 ch0:  R_CMD: ACTCMD    R_r1= 0x3f    at time   62112709 ps
inst0 ch0:  R_CMD: ACTCMD    R_f1= 0x3b    at time   62113123 ps
inst0 ch0:  C_CMD: WRCMD     C_r = 0x009   at time   62122645 ps
inst0 ch0:  C_CMD: WRCMD     C_f = 0x080   at time   62123059 ps
inst0 ch0:  R_CMD: ACTCMD    R_r0= 0x0a    at time   62708869 ps
inst0 ch0:  R_CMD: ACTCMD    R_f0= 0x19    at time   62709283 ps
inst0 ch0:  R_CMD: ACTCMD    R_r1= 0x3f    at time   62709697 ps
inst0 ch0:  R_CMD: ACTCMD    R_f1= 0x3b    at time   62710111 ps
inst0 ch0:  R_CMD: ACTCMD    R_r0= 0x02    at time   62713009 ps
inst0 ch0:  R_CMD: ACTCMD    R_f0= 0x19    at time   62713423 ps
inst0 ch0:  R_CMD: ACTCMD    R_r1= 0x3f    at time   62713837 ps
inst0 ch0:  R_CMD: ACTCMD    R_f1= 0x3b    at time   62714251 ps
inst0 ch0:  C_CMD: WRCMD     C_r = 0x019   at time   62719633 ps
inst0 ch0:  C_CMD: WRCMD     C_f = 0x0fa   at time   62720047 ps
inst0 ch0:  C_CMD: WRCMD     C_r = 0x009   at time   62723773 ps
inst0 ch0:  C_CMD: WRCMD     C_f = 0x0fa   at time   62724187 ps
inst0 ch0:  R_CMD: ACTCMD    R_r0= 0x02    at time   62726257 ps
inst0 ch0:  R_CMD: ACTCMD    R_f0= 0x13    at time   62726671 ps
inst0 ch0:  R_CMD: ACTCMD    R_r1= 0x3f    at time   62727085 ps
inst0 ch0:  R_CMD: ACTCMD    R_f1= 0x3b    at time   62727499 ps
inst0 ch0:  C_CMD: WRCMD     C_r = 0x009   at time   62737021 ps
inst0 ch0:  C_CMD: WRCMD     C_f = 0x000   at time   62737435 ps
inst0 ch0:  R_CMD: ACTCMD    R_r0= 0x0a    at time   63009433 ps
inst0 ch0:  R_CMD: ACTCMD    R_f0= 0x0a    at time   63009847 ps
inst0 ch0:  R_CMD: ACTCMD    R_r1= 0x00    at time   63010261 ps
inst0 ch0:  R_CMD: ACTCMD    R_f1= 0x00    at time   63010675 ps
inst0 ch0:  R_CMD: ACTCMD    R_r0= 0x02    at time   63013573 ps
inst0 ch0:  R_CMD: ACTCMD    R_f0= 0x0a    at time   63013987 ps
inst0 ch0:  R_CMD: ACTCMD    R_r1= 0x00    at time   63014401 ps
inst0 ch0:  R_CMD: ACTCMD    R_f1= 0x00    at time   63014815 ps
inst0 ch0:  C_CMD: RDCMD     C_r = 0x015   at time   63024337 ps
inst0 ch0:  C_CMD: RDCMD     C_f = 0x080   at time   63024751 ps
inst0 ch0:  C_CMD: RDCMD     C_r = 0x01d   at time   63027649 ps
inst0 ch0:  C_CMD: RDCMD     C_f = 0x082   at time   63028063 ps
inst0 ch0:  C_CMD: RDCMD     C_r = 0x005   at time   63030961 ps
inst0 ch0:  C_CMD: RDCMD     C_f = 0x080   at time   63031375 ps
inst0 ch0:  C_CMD: RDCMD     C_r = 0x00d   at time   63034273 ps
inst0 ch0:  C_CMD: RDCMD     C_f = 0x082   at time   63034687 ps
inst0 ch0:  R_CMD: ACTCMD    R_r0= 0x0a    at time   63115417 ps
inst0 ch0:  R_CMD: ACTCMD    R_f0= 0x11    at time   63115831 ps
inst0 ch0:  R_CMD: ACTCMD    R_r1= 0x3f    at time   63116245 ps
inst0 ch0:  R_CMD: ACTCMD    R_f1= 0x3b    at time   63116659 ps
inst0 ch0:  R_CMD: ACTCMD    R_r0= 0x02    at time   63121213 ps
inst0 ch0:  R_CMD: ACTCMD    R_f0= 0x11    at time   63121627 ps
inst0 ch0:  R_CMD: ACTCMD    R_r1= 0x3f    at time   63122041 ps
inst0 ch0:  R_CMD: ACTCMD    R_f1= 0x3b    at time   63122455 ps
inst0 ch0:  C_CMD: WRCMD     C_r = 0x019   at time   63126181 ps
inst0 ch0:  C_CMD: WRCMD     C_f = 0x07a   at time   63126595 ps
inst0 ch0:  C_CMD: WRCMD     C_r = 0x009   at time   63131977 ps
inst0 ch0:  C_CMD: WRCMD     C_f = 0x07a   at time   63132391 ps
inst0 ch0:  R_CMD: ACTCMD    R_r0= 0x0a    at time   63505405 ps
inst0 ch0:  R_CMD: ACTCMD    R_f0= 0x02    at time   63505819 ps
inst0 ch0:  R_CMD: ACTCMD    R_r1= 0x00    at time   63506233 ps
inst0 ch0:  R_CMD: ACTCMD    R_f1= 0x00    at time   63506647 ps
inst0 ch0:  R_CMD: ACTCMD    R_r0= 0x02    at time   63509545 ps
inst0 ch0:  R_CMD: ACTCMD    R_f0= 0x02    at time   63509959 ps
inst0 ch0:  R_CMD: ACTCMD    R_r1= 0x00    at time   63510373 ps
inst0 ch0:  R_CMD: ACTCMD    R_f1= 0x00    at time   63510787 ps
inst0 ch0:  C_CMD: RDCMD     C_r = 0x015   at time   63520309 ps
inst0 ch0:  C_CMD: RDCMD     C_f = 0x000   at time   63520723 ps
inst0 ch0:  C_CMD: RDCMD     C_r = 0x01d   at time   63523621 ps
inst0 ch0:  C_CMD: RDCMD     C_f = 0x002   at time   63524035 ps
inst0 ch0:  C_CMD: RDCMD     C_r = 0x005   at time   63526933 ps
inst0 ch0:  C_CMD: RDCMD     C_f = 0x000   at time   63527347 ps
inst0 ch0:  C_CMD: RDCMD     C_r = 0x00d   at time   63530245 ps
inst0 ch0:  C_CMD: RDCMD     C_f = 0x002   at time   63530659 ps
