inst0 ch0:  R_CMD: ACTCMD    R_r0= 0x0e    at time   33400981 ps
inst0 ch0:  R_CMD: ACTCMD    R_f0= 0x28    at time   33401395 ps
inst0 ch0:  R_CMD: ACTCMD    R_r1= 0x00    at time   33401809 ps
inst0 ch0:  R_CMD: ACTCMD    R_f1= 0x02    at time   33402223 ps
inst0 ch0:  R_CMD: ACTCMD    R_r0= 0x0e    at time   33402637 ps
inst0 ch0:  R_CMD: ACTCMD    R_f0= 0x20    at time   33403051 ps
inst0 ch0:  R_CMD: ACTCMD    R_r1= 0x00    at time   33403465 ps
inst0 ch0:  R_CMD: ACTCMD    R_f1= 0x02    at time   33403879 ps
inst0 ch0:  C_CMD: RDCMD     C_r = 0x095   at time   33415885 ps
inst0 ch0:  C_CMD: RDCMD     C_f = 0x0a9   at time   33416299 ps
inst0 ch0:  C_CMD: RDCMD     C_r = 0x095   at time   33417541 ps
inst0 ch0:  C_CMD: RDCMD     C_f = 0x029   at time   33417955 ps
inst0 ch0:  C_CMD: RDCMD     C_r = 0x095   at time   33419197 ps
inst0 ch0:  C_CMD: RDCMD     C_f = 0x0ab   at time   33419611 ps
inst0 ch0:  C_CMD: RDCMD     C_r = 0x095   at time   33420853 ps
inst0 ch0:  C_CMD: RDCMD     C_f = 0x02b   at time   33421267 ps
inst0 ch0:  C_CMD: RDCMD     C_r = 0x095   at time   33422509 ps
inst0 ch0:  C_CMD: RDCMD     C_f = 0x0a1   at time   33422923 ps
inst0 ch0:  C_CMD: RDCMD     C_r = 0x095   at time   33424165 ps
inst0 ch0:  C_CMD: RDCMD     C_f = 0x021   at time   33424579 ps
inst0 ch0:  C_CMD: RDCMD     C_r = 0x09d   at time   33425821 ps
inst0 ch0:  C_CMD: RDCMD     C_f = 0x0a3   at time   33426235 ps
inst0 ch0:  C_CMD: RDCMD     C_r = 0x09d   at time   33427477 ps
inst0 ch0:  C_CMD: RDCMD     C_f = 0x023   at time   33427891 ps
inst0 ch0:  R_CMD: ACTCMD    R_r0= 0x0e    at time   33471361 ps
inst0 ch0:  R_CMD: ACTCMD    R_f0= 0x28    at time   33471775 ps
inst0 ch0:  R_CMD: ACTCMD    R_r1= 0x00    at time   33472189 ps
inst0 ch0:  R_CMD: ACTCMD    R_f1= 0x02    at time   33472603 ps
inst0 ch0:  R_CMD: ACTCMD    R_r0= 0x0e    at time   33473845 ps
inst0 ch0:  R_CMD: ACTCMD    R_f0= 0x20    at time   33474259 ps
inst0 ch0:  R_CMD: ACTCMD    R_r1= 0x00    at time   33474673 ps
inst0 ch0:  R_CMD: ACTCMD    R_f1= 0x02    at time   33475087 ps
inst0 ch0:  C_CMD: WRCMD     C_r = 0x091   at time   33482125 ps
inst0 ch0:  C_CMD: WRCMD     C_f = 0x0a9   at time   33482539 ps
inst0 ch0:  C_CMD: WRCMD     C_r = 0x091   at time   33484609 ps
inst0 ch0:  C_CMD: WRCMD     C_f = 0x029   at time   33485023 ps
inst0 ch0:  C_CMD: WRCMD     C_r = 0x091   at time   33485437 ps
inst0 ch0:  C_CMD: WRCMD     C_f = 0x0ab   at time   33485851 ps
inst0 ch0:  C_CMD: WRCMD     C_r = 0x091   at time   33487921 ps
inst0 ch0:  C_CMD: WRCMD     C_f = 0x02b   at time   33488335 ps
inst0 ch0:  C_CMD: WRCMD     C_r = 0x091   at time   33488749 ps
inst0 ch0:  C_CMD: WRCMD     C_f = 0x0a1   at time   33489163 ps
inst0 ch0:  C_CMD: WRCMD     C_r = 0x091   at time   33491233 ps
inst0 ch0:  C_CMD: WRCMD     C_f = 0x021   at time   33491647 ps
inst0 ch0:  C_CMD: WRCMD     C_r = 0x099   at time   33492061 ps
inst0 ch0:  C_CMD: WRCMD     C_f = 0x0a3   at time   33492475 ps
inst0 ch0:  C_CMD: WRCMD     C_r = 0x099   at time   33494545 ps
inst0 ch0:  C_CMD: WRCMD     C_f = 0x023   at time   33494959 ps
inst0 ch0:  R_CMD: ACTCMD    R_r0= 0x2e    at time   54517465 ps
inst0 ch0:  R_CMD: ACTCMD    R_f0= 0x28    at time   54517879 ps
inst0 ch0:  R_CMD: ACTCMD    R_r1= 0x00    at time   54518293 ps
inst0 ch0:  R_CMD: ACTCMD    R_f1= 0x02    at time   54518707 ps
inst0 ch0:  R_CMD: ACTCMD    R_r0= 0x2e    at time   54519949 ps
inst0 ch0:  R_CMD: ACTCMD    R_f0= 0x20    at time   54520363 ps
inst0 ch0:  R_CMD: ACTCMD    R_r1= 0x00    at time   54520777 ps
inst0 ch0:  R_CMD: ACTCMD    R_f1= 0x02    at time   54521191 ps
inst0 ch0:  C_CMD: RDCMD     C_r = 0x0d5   at time   54532369 ps
inst0 ch0:  C_CMD: RDCMD     C_f = 0x0a9   at time   54532783 ps
inst0 ch0:  C_CMD: RDCMD     C_r = 0x0d5   at time   54534853 ps
inst0 ch0:  C_CMD: RDCMD     C_f = 0x029   at time   54535267 ps
inst0 ch0:  C_CMD: RDCMD     C_r = 0x0d5   at time   54535681 ps
inst0 ch0:  C_CMD: RDCMD     C_f = 0x0ab   at time   54536095 ps
inst0 ch0:  C_CMD: RDCMD     C_r = 0x0d5   at time   54538165 ps
inst0 ch0:  C_CMD: RDCMD     C_f = 0x02b   at time   54538579 ps
inst0 ch0:  C_CMD: RDCMD     C_r = 0x0d5   at time   54538993 ps
inst0 ch0:  C_CMD: RDCMD     C_f = 0x0a1   at time   54539407 ps
inst0 ch0:  C_CMD: RDCMD     C_r = 0x0d5   at time   54541477 ps
inst0 ch0:  C_CMD: RDCMD     C_f = 0x021   at time   54541891 ps
inst0 ch0:  C_CMD: RDCMD     C_r = 0x0dd   at time   54542305 ps
inst0 ch0:  C_CMD: RDCMD     C_f = 0x0a3   at time   54542719 ps
inst0 ch0:  C_CMD: RDCMD     C_r = 0x0dd   at time   54544789 ps
inst0 ch0:  C_CMD: RDCMD     C_f = 0x023   at time   54545203 ps
inst0 ch0:  R_CMD: ACTCMD    R_r0= 0x2e    at time   54647461 ps
inst0 ch0:  R_CMD: ACTCMD    R_f0= 0x28    at time   54647875 ps
inst0 ch0:  R_CMD: ACTCMD    R_r1= 0x00    at time   54648289 ps
inst0 ch0:  R_CMD: ACTCMD    R_f1= 0x02    at time   54648703 ps
inst0 ch0:  R_CMD: ACTCMD    R_r0= 0x2e    at time   54649117 ps
inst0 ch0:  R_CMD: ACTCMD    R_f0= 0x20    at time   54649531 ps
inst0 ch0:  R_CMD: ACTCMD    R_r1= 0x00    at time   54649945 ps
inst0 ch0:  R_CMD: ACTCMD    R_f1= 0x02    at time   54650359 ps
inst0 ch0:  C_CMD: WRCMD     C_r = 0x0d1   at time   54658225 ps
inst0 ch0:  C_CMD: WRCMD     C_f = 0x0a9   at time   54658639 ps
inst0 ch0:  C_CMD: WRCMD     C_r = 0x0d1   at time   54659881 ps
inst0 ch0:  C_CMD: WRCMD     C_f = 0x029   at time   54660295 ps
inst0 ch0:  C_CMD: WRCMD     C_r = 0x0d1   at time   54661537 ps
inst0 ch0:  C_CMD: WRCMD     C_f = 0x0ab   at time   54661951 ps
inst0 ch0:  C_CMD: WRCMD     C_r = 0x0d1   at time   54663193 ps
inst0 ch0:  C_CMD: WRCMD     C_f = 0x02b   at time   54663607 ps
inst0 ch0:  C_CMD: WRCMD     C_r = 0x0d1   at time   54664849 ps
inst0 ch0:  C_CMD: WRCMD     C_f = 0x0a1   at time   54665263 ps
inst0 ch0:  C_CMD: WRCMD     C_r = 0x0d1   at time   54666505 ps
inst0 ch0:  C_CMD: WRCMD     C_f = 0x021   at time   54666919 ps
inst0 ch0:  C_CMD: WRCMD     C_r = 0x0d9   at time   54668161 ps
inst0 ch0:  C_CMD: WRCMD     C_f = 0x0a3   at time   54668575 ps
inst0 ch0:  C_CMD: WRCMD     C_r = 0x0d9   at time   54669817 ps
inst0 ch0:  C_CMD: WRCMD     C_f = 0x023   at time   54670231 ps
inst0 ch0:  R_CMD: ACTCMD    R_r0= 0x22    at time  124788997 ps
inst0 ch0:  R_CMD: ACTCMD    R_f0= 0x2a    at time  124789411 ps
inst0 ch0:  R_CMD: ACTCMD    R_r1= 0x00    at time  124789825 ps
inst0 ch0:  R_CMD: ACTCMD    R_f1= 0x00    at time  124790239 ps
inst0 ch0:  R_CMD: ACTCMD    R_r0= 0x02    at time  124793137 ps
inst0 ch0:  R_CMD: ACTCMD    R_f0= 0x2a    at time  124793551 ps
inst0 ch0:  R_CMD: ACTCMD    R_r1= 0x00    at time  124793965 ps
inst0 ch0:  R_CMD: ACTCMD    R_f1= 0x00    at time  124794379 ps
inst0 ch0:  R_CMD: ACTCMD    R_r0= 0x22    at time  124794793 ps
inst0 ch0:  R_CMD: ACTCMD    R_f0= 0x22    at time  124795207 ps
inst0 ch0:  R_CMD: ACTCMD    R_r1= 0x00    at time  124795621 ps
inst0 ch0:  R_CMD: ACTCMD    R_f1= 0x00    at time  124796035 ps
inst0 ch0:  R_CMD: ACTCMD    R_r0= 0x22    at time  124797277 ps
inst0 ch0:  R_CMD: ACTCMD    R_f0= 0x0a    at time  124797691 ps
inst0 ch0:  R_CMD: ACTCMD    R_r1= 0x00    at time  124798105 ps
inst0 ch0:  R_CMD: ACTCMD    R_f1= 0x00    at time  124798519 ps
inst0 ch0:  R_CMD: ACTCMD    R_r0= 0x02    at time  124798933 ps
inst0 ch0:  R_CMD: ACTCMD    R_f0= 0x22    at time  124799347 ps
inst0 ch0:  R_CMD: ACTCMD    R_r1= 0x00    at time  124799761 ps
inst0 ch0:  R_CMD: ACTCMD    R_f1= 0x00    at time  124800175 ps
inst0 ch0:  R_CMD: ACTCMD    R_r0= 0x02    at time  124801417 ps
inst0 ch0:  R_CMD: ACTCMD    R_f0= 0x0a    at time  124801831 ps
inst0 ch0:  R_CMD: ACTCMD    R_r1= 0x00    at time  124802245 ps
inst0 ch0:  R_CMD: ACTCMD    R_f1= 0x00    at time  124802659 ps
inst0 ch0:  R_CMD: ACTCMD    R_r0= 0x22    at time  124803073 ps
inst0 ch0:  R_CMD: ACTCMD    R_f0= 0x02    at time  124803487 ps
inst0 ch0:  R_CMD: ACTCMD    R_r1= 0x00    at time  124803901 ps
inst0 ch0:  C_CMD: RDCMD     C_r = 0x0c5   at time  124803901 ps
inst0 ch0:  R_CMD: ACTCMD    R_f1= 0x00    at time  124804315 ps
inst0 ch0:  C_CMD: RDCMD     C_f = 0x080   at time  124804315 ps
inst0 ch0:  R_CMD: ACTCMD    R_r0= 0x02    at time  124807213 ps
inst0 ch0:  C_CMD: RDCMD     C_r = 0x0cd   at time  124807213 ps
inst0 ch0:  R_CMD: ACTCMD    R_f0= 0x02    at time  124807627 ps
inst0 ch0:  C_CMD: RDCMD     C_f = 0x082   at time  124807627 ps
inst0 ch0:  R_CMD: ACTCMD    R_r1= 0x00    at time  124808041 ps
inst0 ch0:  R_CMD: ACTCMD    R_f1= 0x00    at time  124808455 ps
inst0 ch0:  C_CMD: RDCMD     C_r = 0x085   at time  124808869 ps
inst0 ch0:  C_CMD: RDCMD     C_f = 0x080   at time  124809283 ps
inst0 ch0:  C_CMD: RDCMD     C_r = 0x0c5   at time  124809697 ps
inst0 ch0:  C_CMD: RDCMD     C_f = 0x000   at time  124810111 ps
inst0 ch0:  C_CMD: RDCMD     C_r = 0x08d   at time  124812181 ps
inst0 ch0:  C_CMD: RDCMD     C_f = 0x082   at time  124812595 ps
inst0 ch0:  C_CMD: RDCMD     C_r = 0x0cd   at time  124813009 ps
inst0 ch0:  C_CMD: RDCMD     C_f = 0x002   at time  124813423 ps
inst0 ch0:  C_CMD: RDCMD     C_r = 0x045   at time  124813837 ps
inst0 ch0:  C_CMD: RDCMD     C_f = 0x080   at time  124814251 ps
inst0 ch0:  C_CMD: RDCMD     C_r = 0x085   at time  124814665 ps
inst0 ch0:  C_CMD: RDCMD     C_f = 0x000   at time  124815079 ps
inst0 ch0:  C_CMD: RDCMD     C_r = 0x005   at time  124816321 ps
inst0 ch0:  C_CMD: RDCMD     C_f = 0x080   at time  124816735 ps
inst0 ch0:  C_CMD: RDCMD     C_r = 0x04d   at time  124817977 ps
inst0 ch0:  C_CMD: RDCMD     C_f = 0x082   at time  124818391 ps
inst0 ch0:  C_CMD: RDCMD     C_r = 0x08d   at time  124818805 ps
inst0 ch0:  C_CMD: RDCMD     C_f = 0x002   at time  124819219 ps
inst0 ch0:  C_CMD: RDCMD     C_r = 0x00d   at time  124819633 ps
inst0 ch0:  C_CMD: RDCMD     C_f = 0x082   at time  124820047 ps
inst0 ch0:  C_CMD: RDCMD     C_r = 0x045   at time  124820461 ps
inst0 ch0:  C_CMD: RDCMD     C_f = 0x000   at time  124820875 ps
inst0 ch0:  C_CMD: RDCMD     C_r = 0x005   at time  124822117 ps
inst0 ch0:  C_CMD: RDCMD     C_f = 0x000   at time  124822531 ps
inst0 ch0:  C_CMD: RDCMD     C_r = 0x04d   at time  124823773 ps
inst0 ch0:  C_CMD: RDCMD     C_f = 0x002   at time  124824187 ps
inst0 ch0:  C_CMD: RDCMD     C_r = 0x00d   at time  124825429 ps
inst0 ch0:  C_CMD: RDCMD     C_f = 0x002   at time  124825843 ps
inst0 ch0:  R_CMD: ACTCMD    R_r0= 0x2a    at time  125288281 ps
inst0 ch0:  R_CMD: ACTCMD    R_f0= 0x2a    at time  125288695 ps
inst0 ch0:  R_CMD: ACTCMD    R_r1= 0x00    at time  125289109 ps
inst0 ch0:  R_CMD: ACTCMD    R_f1= 0x00    at time  125289523 ps
inst0 ch0:  R_CMD: ACTCMD    R_r0= 0x0a    at time  125292421 ps
inst0 ch0:  R_CMD: ACTCMD    R_f0= 0x2a    at time  125292835 ps
inst0 ch0:  R_CMD: ACTCMD    R_r1= 0x00    at time  125293249 ps
inst0 ch0:  R_CMD: ACTCMD    R_f1= 0x00    at time  125293663 ps
inst0 ch0:  R_CMD: ACTCMD    R_r0= 0x2a    at time  125296561 ps
inst0 ch0:  R_CMD: ACTCMD    R_f0= 0x0a    at time  125296975 ps
inst0 ch0:  R_CMD: ACTCMD    R_r1= 0x00    at time  125297389 ps
inst0 ch0:  R_CMD: ACTCMD    R_f1= 0x00    at time  125297803 ps
inst0 ch0:  R_CMD: ACTCMD    R_r0= 0x2a    at time  125298217 ps
inst0 ch0:  R_CMD: ACTCMD    R_f0= 0x22    at time  125298631 ps
inst0 ch0:  R_CMD: ACTCMD    R_r1= 0x00    at time  125299045 ps
inst0 ch0:  R_CMD: ACTCMD    R_f1= 0x00    at time  125299459 ps
inst0 ch0:  R_CMD: ACTCMD    R_r0= 0x0a    at time  125300701 ps
inst0 ch0:  R_CMD: ACTCMD    R_f0= 0x0a    at time  125301115 ps
inst0 ch0:  R_CMD: ACTCMD    R_r1= 0x00    at time  125301529 ps
inst0 ch0:  R_CMD: ACTCMD    R_f1= 0x00    at time  125301943 ps
inst0 ch0:  R_CMD: ACTCMD    R_r0= 0x0a    at time  125302357 ps
inst0 ch0:  R_CMD: ACTCMD    R_f0= 0x22    at time  125302771 ps
inst0 ch0:  R_CMD: ACTCMD    R_r1= 0x00    at time  125303185 ps
inst0 ch0:  C_CMD: RDCMD     C_r = 0x0d5   at time  125303185 ps
inst0 ch0:  R_CMD: ACTCMD    R_f1= 0x00    at time  125303599 ps
inst0 ch0:  C_CMD: RDCMD     C_f = 0x080   at time  125303599 ps
inst0 ch0:  R_CMD: ACTCMD    R_r0= 0x2a    at time  125306497 ps
inst0 ch0:  C_CMD: RDCMD     C_r = 0x0dd   at time  125306497 ps
inst0 ch0:  R_CMD: ACTCMD    R_f0= 0x02    at time  125306911 ps
inst0 ch0:  C_CMD: RDCMD     C_f = 0x082   at time  125306911 ps
inst0 ch0:  R_CMD: ACTCMD    R_r1= 0x00    at time  125307325 ps
inst0 ch0:  R_CMD: ACTCMD    R_f1= 0x00    at time  125307739 ps
inst0 ch0:  C_CMD: RDCMD     C_r = 0x095   at time  125308153 ps
inst0 ch0:  C_CMD: RDCMD     C_f = 0x080   at time  125308567 ps
inst0 ch0:  R_CMD: ACTCMD    R_r0= 0x0a    at time  125310637 ps
inst0 ch0:  R_CMD: ACTCMD    R_f0= 0x02    at time  125311051 ps
inst0 ch0:  R_CMD: ACTCMD    R_r1= 0x00    at time  125311465 ps
inst0 ch0:  C_CMD: RDCMD     C_r = 0x09d   at time  125311465 ps
inst0 ch0:  R_CMD: ACTCMD    R_f1= 0x00    at time  125311879 ps
inst0 ch0:  C_CMD: RDCMD     C_f = 0x082   at time  125311879 ps
inst0 ch0:  C_CMD: RDCMD     C_r = 0x055   at time  125313121 ps
inst0 ch0:  C_CMD: RDCMD     C_f = 0x080   at time  125313535 ps
inst0 ch0:  C_CMD: RDCMD     C_r = 0x0d5   at time  125313949 ps
inst0 ch0:  C_CMD: RDCMD     C_f = 0x000   at time  125314363 ps
inst0 ch0:  C_CMD: RDCMD     C_r = 0x015   at time  125315605 ps
inst0 ch0:  C_CMD: RDCMD     C_f = 0x080   at time  125316019 ps
inst0 ch0:  C_CMD: RDCMD     C_r = 0x05d   at time  125317261 ps
inst0 ch0:  C_CMD: RDCMD     C_f = 0x082   at time  125317675 ps
inst0 ch0:  C_CMD: RDCMD     C_r = 0x0dd   at time  125318089 ps
inst0 ch0:  C_CMD: RDCMD     C_f = 0x002   at time  125318503 ps
inst0 ch0:  C_CMD: RDCMD     C_r = 0x01d   at time  125318917 ps
inst0 ch0:  C_CMD: RDCMD     C_f = 0x082   at time  125319331 ps
inst0 ch0:  C_CMD: RDCMD     C_r = 0x095   at time  125319745 ps
inst0 ch0:  C_CMD: RDCMD     C_f = 0x000   at time  125320159 ps
inst0 ch0:  C_CMD: RDCMD     C_r = 0x055   at time  125321401 ps
inst0 ch0:  C_CMD: RDCMD     C_f = 0x000   at time  125321815 ps
inst0 ch0:  C_CMD: RDCMD     C_r = 0x09d   at time  125323057 ps
inst0 ch0:  C_CMD: RDCMD     C_f = 0x002   at time  125323471 ps
inst0 ch0:  C_CMD: RDCMD     C_r = 0x05d   at time  125324713 ps
inst0 ch0:  C_CMD: RDCMD     C_f = 0x002   at time  125325127 ps
inst0 ch0:  C_CMD: RDCMD     C_r = 0x015   at time  125326369 ps
inst0 ch0:  C_CMD: RDCMD     C_f = 0x000   at time  125326783 ps
inst0 ch0:  C_CMD: RDCMD     C_r = 0x01d   at time  125329681 ps
inst0 ch0:  C_CMD: RDCMD     C_f = 0x002   at time  125330095 ps
inst0 ch0:  R_CMD: ACTCMD    R_r0= 0x32    at time  125790049 ps
inst0 ch0:  R_CMD: ACTCMD    R_f0= 0x2a    at time  125790463 ps
inst0 ch0:  R_CMD: ACTCMD    R_r1= 0x00    at time  125790877 ps
inst0 ch0:  R_CMD: ACTCMD    R_f1= 0x00    at time  125791291 ps
inst0 ch0:  R_CMD: ACTCMD    R_r0= 0x12    at time  125794189 ps
inst0 ch0:  R_CMD: ACTCMD    R_f0= 0x2a    at time  125794603 ps
inst0 ch0:  R_CMD: ACTCMD    R_r1= 0x00    at time  125795017 ps
inst0 ch0:  R_CMD: ACTCMD    R_f1= 0x00    at time  125795431 ps
inst0 ch0:  R_CMD: ACTCMD    R_r0= 0x32    at time  125795845 ps
inst0 ch0:  R_CMD: ACTCMD    R_f0= 0x22    at time  125796259 ps
inst0 ch0:  R_CMD: ACTCMD    R_r1= 0x00    at time  125796673 ps
inst0 ch0:  R_CMD: ACTCMD    R_f1= 0x00    at time  125797087 ps
inst0 ch0:  R_CMD: ACTCMD    R_r0= 0x32    at time  125798329 ps
inst0 ch0:  R_CMD: ACTCMD    R_f0= 0x0a    at time  125798743 ps
inst0 ch0:  R_CMD: ACTCMD    R_r1= 0x00    at time  125799157 ps
inst0 ch0:  R_CMD: ACTCMD    R_f1= 0x00    at time  125799571 ps
inst0 ch0:  R_CMD: ACTCMD    R_r0= 0x12    at time  125799985 ps
inst0 ch0:  R_CMD: ACTCMD    R_f0= 0x22    at time  125800399 ps
inst0 ch0:  R_CMD: ACTCMD    R_r1= 0x00    at time  125800813 ps
inst0 ch0:  R_CMD: ACTCMD    R_f1= 0x00    at time  125801227 ps
inst0 ch0:  R_CMD: ACTCMD    R_r0= 0x12    at time  125802469 ps
inst0 ch0:  R_CMD: ACTCMD    R_f0= 0x0a    at time  125802883 ps
inst0 ch0:  R_CMD: ACTCMD    R_r1= 0x00    at time  125803297 ps
inst0 ch0:  R_CMD: ACTCMD    R_f1= 0x00    at time  125803711 ps
inst0 ch0:  R_CMD: ACTCMD    R_r0= 0x32    at time  125804125 ps
inst0 ch0:  R_CMD: ACTCMD    R_f0= 0x02    at time  125804539 ps
inst0 ch0:  R_CMD: ACTCMD    R_r1= 0x00    at time  125804953 ps
inst0 ch0:  C_CMD: RDCMD     C_r = 0x0e5   at time  125804953 ps
inst0 ch0:  R_CMD: ACTCMD    R_f1= 0x00    at time  125805367 ps
inst0 ch0:  C_CMD: RDCMD     C_f = 0x080   at time  125805367 ps
inst0 ch0:  R_CMD: ACTCMD    R_r0= 0x12    at time  125808265 ps
inst0 ch0:  C_CMD: RDCMD     C_r = 0x0ed   at time  125808265 ps
inst0 ch0:  R_CMD: ACTCMD    R_f0= 0x02    at time  125808679 ps
inst0 ch0:  C_CMD: RDCMD     C_f = 0x082   at time  125808679 ps
inst0 ch0:  R_CMD: ACTCMD    R_r1= 0x00    at time  125809093 ps
inst0 ch0:  R_CMD: ACTCMD    R_f1= 0x00    at time  125809507 ps
inst0 ch0:  C_CMD: RDCMD     C_r = 0x0a5   at time  125809921 ps
inst0 ch0:  C_CMD: RDCMD     C_f = 0x080   at time  125810335 ps
inst0 ch0:  C_CMD: RDCMD     C_r = 0x0e5   at time  125810749 ps
inst0 ch0:  C_CMD: RDCMD     C_f = 0x000   at time  125811163 ps
inst0 ch0:  C_CMD: RDCMD     C_r = 0x0ad   at time  125813233 ps
inst0 ch0:  C_CMD: RDCMD     C_f = 0x082   at time  125813647 ps
inst0 ch0:  C_CMD: RDCMD     C_r = 0x0ed   at time  125814061 ps
inst0 ch0:  C_CMD: RDCMD     C_f = 0x002   at time  125814475 ps
inst0 ch0:  C_CMD: RDCMD     C_r = 0x065   at time  125814889 ps
inst0 ch0:  C_CMD: RDCMD     C_f = 0x080   at time  125815303 ps
inst0 ch0:  C_CMD: RDCMD     C_r = 0x0a5   at time  125815717 ps
inst0 ch0:  C_CMD: RDCMD     C_f = 0x000   at time  125816131 ps
inst0 ch0:  C_CMD: RDCMD     C_r = 0x025   at time  125817373 ps
inst0 ch0:  C_CMD: RDCMD     C_f = 0x080   at time  125817787 ps
inst0 ch0:  C_CMD: RDCMD     C_r = 0x06d   at time  125819029 ps
inst0 ch0:  C_CMD: RDCMD     C_f = 0x082   at time  125819443 ps
inst0 ch0:  C_CMD: RDCMD     C_r = 0x0ad   at time  125819857 ps
inst0 ch0:  C_CMD: RDCMD     C_f = 0x002   at time  125820271 ps
inst0 ch0:  C_CMD: RDCMD     C_r = 0x02d   at time  125820685 ps
inst0 ch0:  C_CMD: RDCMD     C_f = 0x082   at time  125821099 ps
inst0 ch0:  C_CMD: RDCMD     C_r = 0x065   at time  125821513 ps
inst0 ch0:  C_CMD: RDCMD     C_f = 0x000   at time  125821927 ps
inst0 ch0:  C_CMD: RDCMD     C_r = 0x025   at time  125823169 ps
inst0 ch0:  C_CMD: RDCMD     C_f = 0x000   at time  125823583 ps
inst0 ch0:  C_CMD: RDCMD     C_r = 0x06d   at time  125824825 ps
inst0 ch0:  C_CMD: RDCMD     C_f = 0x002   at time  125825239 ps
inst0 ch0:  C_CMD: RDCMD     C_r = 0x02d   at time  125826481 ps
inst0 ch0:  C_CMD: RDCMD     C_f = 0x002   at time  125826895 ps
inst0 ch0:  R_CMD: ACTCMD    R_r0= 0x3a    at time  126290989 ps
inst0 ch0:  R_CMD: ACTCMD    R_f0= 0x2a    at time  126291403 ps
inst0 ch0:  R_CMD: ACTCMD    R_r1= 0x00    at time  126291817 ps
inst0 ch0:  R_CMD: ACTCMD    R_f1= 0x00    at time  126292231 ps
inst0 ch0:  R_CMD: ACTCMD    R_r0= 0x1a    at time  126295129 ps
inst0 ch0:  R_CMD: ACTCMD    R_f0= 0x2a    at time  126295543 ps
inst0 ch0:  R_CMD: ACTCMD    R_r1= 0x00    at time  126295957 ps
inst0 ch0:  R_CMD: ACTCMD    R_f1= 0x00    at time  126296371 ps
inst0 ch0:  R_CMD: ACTCMD    R_r0= 0x3a    at time  126298441 ps
inst0 ch0:  R_CMD: ACTCMD    R_f0= 0x22    at time  126298855 ps
inst0 ch0:  R_CMD: ACTCMD    R_r1= 0x00    at time  126299269 ps
inst0 ch0:  R_CMD: ACTCMD    R_f1= 0x00    at time  126299683 ps
inst0 ch0:  R_CMD: ACTCMD    R_r0= 0x3a    at time  126300097 ps
inst0 ch0:  R_CMD: ACTCMD    R_f0= 0x0a    at time  126300511 ps
inst0 ch0:  R_CMD: ACTCMD    R_r1= 0x00    at time  126300925 ps
inst0 ch0:  R_CMD: ACTCMD    R_f1= 0x00    at time  126301339 ps
inst0 ch0:  R_CMD: ACTCMD    R_r0= 0x1a    at time  126302581 ps
inst0 ch0:  R_CMD: ACTCMD    R_f0= 0x22    at time  126302995 ps
inst0 ch0:  R_CMD: ACTCMD    R_r1= 0x00    at time  126303409 ps
inst0 ch0:  R_CMD: ACTCMD    R_f1= 0x00    at time  126303823 ps
inst0 ch0:  R_CMD: ACTCMD    R_r0= 0x1a    at time  126304237 ps
inst0 ch0:  R_CMD: ACTCMD    R_f0= 0x0a    at time  126304651 ps
inst0 ch0:  R_CMD: ACTCMD    R_r1= 0x00    at time  126305065 ps
inst0 ch0:  R_CMD: ACTCMD    R_f1= 0x00    at time  126305479 ps
inst0 ch0:  C_CMD: RDCMD     C_r = 0x0f5   at time  126305893 ps
inst0 ch0:  C_CMD: RDCMD     C_f = 0x080   at time  126306307 ps
inst0 ch0:  R_CMD: ACTCMD    R_r0= 0x3a    at time  126306721 ps
inst0 ch0:  R_CMD: ACTCMD    R_f0= 0x02    at time  126307135 ps
inst0 ch0:  R_CMD: ACTCMD    R_r1= 0x00    at time  126307549 ps
inst0 ch0:  R_CMD: ACTCMD    R_f1= 0x00    at time  126307963 ps
inst0 ch0:  C_CMD: RDCMD     C_r = 0x0fd   at time  126309205 ps
inst0 ch0:  C_CMD: RDCMD     C_f = 0x082   at time  126309619 ps
inst0 ch0:  R_CMD: ACTCMD    R_r0= 0x1a    at time  126310861 ps
inst0 ch0:  C_CMD: RDCMD     C_r = 0x0b5   at time  126310861 ps
inst0 ch0:  R_CMD: ACTCMD    R_f0= 0x02    at time  126311275 ps
inst0 ch0:  C_CMD: RDCMD     C_f = 0x080   at time  126311275 ps
inst0 ch0:  R_CMD: ACTCMD    R_r1= 0x00    at time  126311689 ps
inst0 ch0:  R_CMD: ACTCMD    R_f1= 0x00    at time  126312103 ps
inst0 ch0:  C_CMD: RDCMD     C_r = 0x0f5   at time  126313345 ps
inst0 ch0:  C_CMD: RDCMD     C_f = 0x000   at time  126313759 ps
inst0 ch0:  C_CMD: RDCMD     C_r = 0x0bd   at time  126314173 ps
inst0 ch0:  C_CMD: RDCMD     C_f = 0x082   at time  126314587 ps
inst0 ch0:  C_CMD: RDCMD     C_r = 0x075   at time  126315829 ps
inst0 ch0:  C_CMD: RDCMD     C_f = 0x080   at time  126316243 ps
inst0 ch0:  C_CMD: RDCMD     C_r = 0x0fd   at time  126316657 ps
inst0 ch0:  C_CMD: RDCMD     C_f = 0x002   at time  126317071 ps
inst0 ch0:  C_CMD: RDCMD     C_r = 0x0b5   at time  126318313 ps
inst0 ch0:  C_CMD: RDCMD     C_f = 0x000   at time  126318727 ps
inst0 ch0:  C_CMD: RDCMD     C_r = 0x07d   at time  126319141 ps
inst0 ch0:  C_CMD: RDCMD     C_f = 0x082   at time  126319555 ps
inst0 ch0:  C_CMD: RDCMD     C_r = 0x035   at time  126320797 ps
inst0 ch0:  C_CMD: RDCMD     C_f = 0x080   at time  126321211 ps
inst0 ch0:  C_CMD: RDCMD     C_r = 0x0bd   at time  126321625 ps
inst0 ch0:  C_CMD: RDCMD     C_f = 0x002   at time  126322039 ps
inst0 ch0:  C_CMD: RDCMD     C_r = 0x075   at time  126323281 ps
inst0 ch0:  C_CMD: RDCMD     C_f = 0x000   at time  126323695 ps
inst0 ch0:  C_CMD: RDCMD     C_r = 0x03d   at time  126324109 ps
inst0 ch0:  C_CMD: RDCMD     C_f = 0x082   at time  126324523 ps
inst0 ch0:  C_CMD: RDCMD     C_r = 0x035   at time  126325765 ps
inst0 ch0:  C_CMD: RDCMD     C_f = 0x000   at time  126326179 ps
inst0 ch0:  C_CMD: RDCMD     C_r = 0x07d   at time  126327421 ps
inst0 ch0:  C_CMD: RDCMD     C_f = 0x002   at time  126327835 ps
inst0 ch0:  C_CMD: RDCMD     C_r = 0x03d   at time  126329077 ps
inst0 ch0:  C_CMD: RDCMD     C_f = 0x002   at time  126329491 ps
inst0 ch0:  R_CMD: ACTCMD    R_r0= 0x02    at time  130813525 ps
inst0 ch0:  R_CMD: ACTCMD    R_f0= 0x00    at time  130813939 ps
inst0 ch0:  R_CMD: ACTCMD    R_r1= 0x00    at time  130814353 ps
inst0 ch0:  R_CMD: ACTCMD    R_f1= 0x00    at time  130814767 ps
inst0 ch0:  C_CMD: RDCMD     C_r = 0x005   at time  130828429 ps
inst0 ch0:  C_CMD: RDCMD     C_f = 0x018   at time  130828843 ps
inst0 ch0:  C_CMD: RDCMD     C_r = 0x005   at time  130831741 ps
inst0 ch0:  C_CMD: RDCMD     C_f = 0x01a   at time  130832155 ps
inst0 ch0:  C_CMD: RDCMD     C_r = 0x005   at time  130835053 ps
inst0 ch0:  C_CMD: RDCMD     C_f = 0x010   at time  130835467 ps
inst0 ch0:  C_CMD: RDCMD     C_r = 0x005   at time  130838365 ps
inst0 ch0:  C_CMD: RDCMD     C_f = 0x012   at time  130838779 ps
inst0 ch0:  C_CMD: RDCMD     C_r = 0x005   at time  130841677 ps
inst0 ch0:  C_CMD: RDCMD     C_f = 0x008   at time  130842091 ps
inst0 ch0:  C_CMD: RDCMD     C_r = 0x005   at time  130844989 ps
inst0 ch0:  C_CMD: RDCMD     C_f = 0x00a   at time  130845403 ps
inst0 ch0:  C_CMD: RDCMD     C_r = 0x005   at time  130848301 ps
inst0 ch0:  C_CMD: RDCMD     C_f = 0x000   at time  130848715 ps
inst0 ch0:  C_CMD: RDCMD     C_r = 0x00d   at time  130851613 ps
inst0 ch0:  C_CMD: RDCMD     C_f = 0x002   at time  130852027 ps
inst0 ch0:  R_CMD: ACTCMD    R_r0= 0x02    at time  130869001 ps
inst0 ch0:  R_CMD: ACTCMD    R_f0= 0x08    at time  130869415 ps
inst0 ch0:  R_CMD: ACTCMD    R_r1= 0x00    at time  130869829 ps
inst0 ch0:  R_CMD: ACTCMD    R_f1= 0x00    at time  130870243 ps
inst0 ch0:  C_CMD: RDCMD     C_r = 0x005   at time  130883905 ps
inst0 ch0:  C_CMD: RDCMD     C_f = 0x098   at time  130884319 ps
inst0 ch0:  C_CMD: RDCMD     C_r = 0x005   at time  130887217 ps
inst0 ch0:  C_CMD: RDCMD     C_f = 0x09a   at time  130887631 ps
inst0 ch0:  C_CMD: RDCMD     C_r = 0x005   at time  130890529 ps
inst0 ch0:  C_CMD: RDCMD     C_f = 0x090   at time  130890943 ps
inst0 ch0:  C_CMD: RDCMD     C_r = 0x005   at time  130893841 ps
inst0 ch0:  C_CMD: RDCMD     C_f = 0x092   at time  130894255 ps
inst0 ch0:  C_CMD: RDCMD     C_r = 0x005   at time  130897153 ps
inst0 ch0:  C_CMD: RDCMD     C_f = 0x088   at time  130897567 ps
inst0 ch0:  C_CMD: RDCMD     C_r = 0x005   at time  130900465 ps
inst0 ch0:  C_CMD: RDCMD     C_f = 0x08a   at time  130900879 ps
inst0 ch0:  C_CMD: RDCMD     C_r = 0x005   at time  130903777 ps
inst0 ch0:  C_CMD: RDCMD     C_f = 0x080   at time  130904191 ps
inst0 ch0:  C_CMD: RDCMD     C_r = 0x00d   at time  130907089 ps
inst0 ch0:  C_CMD: RDCMD     C_f = 0x082   at time  130907503 ps
inst0 ch0:  R_CMD: ACTCMD    R_r0= 0x0a    at time  131072689 ps
inst0 ch0:  R_CMD: ACTCMD    R_f0= 0x08    at time  131073103 ps
inst0 ch0:  R_CMD: ACTCMD    R_r1= 0x00    at time  131073517 ps
inst0 ch0:  R_CMD: ACTCMD    R_f1= 0x00    at time  131073931 ps
inst0 ch0:  C_CMD: RDCMD     C_r = 0x015   at time  131087593 ps
inst0 ch0:  C_CMD: RDCMD     C_f = 0x098   at time  131088007 ps
inst0 ch0:  C_CMD: RDCMD     C_r = 0x015   at time  131090905 ps
inst0 ch0:  C_CMD: RDCMD     C_f = 0x09a   at time  131091319 ps
inst0 ch0:  C_CMD: RDCMD     C_r = 0x015   at time  131094217 ps
inst0 ch0:  C_CMD: RDCMD     C_f = 0x090   at time  131094631 ps
inst0 ch0:  C_CMD: RDCMD     C_r = 0x015   at time  131097529 ps
inst0 ch0:  C_CMD: RDCMD     C_f = 0x092   at time  131097943 ps
inst0 ch0:  C_CMD: RDCMD     C_r = 0x015   at time  131100841 ps
inst0 ch0:  C_CMD: RDCMD     C_f = 0x088   at time  131101255 ps
inst0 ch0:  C_CMD: RDCMD     C_r = 0x015   at time  131104153 ps
inst0 ch0:  C_CMD: RDCMD     C_f = 0x08a   at time  131104567 ps
inst0 ch0:  C_CMD: RDCMD     C_r = 0x015   at time  131107465 ps
inst0 ch0:  C_CMD: RDCMD     C_f = 0x080   at time  131107879 ps
inst0 ch0:  C_CMD: RDCMD     C_r = 0x01d   at time  131110777 ps
inst0 ch0:  C_CMD: RDCMD     C_f = 0x082   at time  131111191 ps
inst0 ch0:  R_CMD: ACTCMD    R_r0= 0x0a    at time  131289625 ps
inst0 ch0:  R_CMD: ACTCMD    R_f0= 0x00    at time  131290039 ps
inst0 ch0:  R_CMD: ACTCMD    R_r1= 0x00    at time  131290453 ps
inst0 ch0:  R_CMD: ACTCMD    R_f1= 0x00    at time  131290867 ps
inst0 ch0:  C_CMD: RDCMD     C_r = 0x015   at time  131304529 ps
inst0 ch0:  C_CMD: RDCMD     C_f = 0x018   at time  131304943 ps
inst0 ch0:  C_CMD: RDCMD     C_r = 0x015   at time  131307841 ps
inst0 ch0:  C_CMD: RDCMD     C_f = 0x01a   at time  131308255 ps
inst0 ch0:  C_CMD: RDCMD     C_r = 0x015   at time  131311153 ps
inst0 ch0:  C_CMD: RDCMD     C_f = 0x010   at time  131311567 ps
inst0 ch0:  C_CMD: RDCMD     C_r = 0x015   at time  131314465 ps
inst0 ch0:  C_CMD: RDCMD     C_f = 0x012   at time  131314879 ps
inst0 ch0:  C_CMD: RDCMD     C_r = 0x015   at time  131317777 ps
inst0 ch0:  C_CMD: RDCMD     C_f = 0x008   at time  131318191 ps
inst0 ch0:  C_CMD: RDCMD     C_r = 0x015   at time  131321089 ps
inst0 ch0:  C_CMD: RDCMD     C_f = 0x00a   at time  131321503 ps
inst0 ch0:  C_CMD: RDCMD     C_r = 0x015   at time  131324401 ps
inst0 ch0:  C_CMD: RDCMD     C_f = 0x000   at time  131324815 ps
inst0 ch0:  C_CMD: RDCMD     C_r = 0x01d   at time  131327713 ps
inst0 ch0:  C_CMD: RDCMD     C_f = 0x002   at time  131328127 ps
inst0 ch0:  R_CMD: ACTCMD    R_r0= 0x02    at time  133964065 ps
inst0 ch0:  R_CMD: ACTCMD    R_f0= 0x1b    at time  133964479 ps
inst0 ch0:  R_CMD: ACTCMD    R_r1= 0x3f    at time  133964893 ps
inst0 ch0:  R_CMD: ACTCMD    R_f1= 0x3b    at time  133965307 ps
inst0 ch0:  R_CMD: ACTCMD    R_r0= 0x02    at time  133965721 ps
inst0 ch0:  R_CMD: ACTCMD    R_f0= 0x13    at time  133966135 ps
inst0 ch0:  R_CMD: ACTCMD    R_r1= 0x3f    at time  133966549 ps
inst0 ch0:  R_CMD: ACTCMD    R_f1= 0x3b    at time  133966963 ps
inst0 ch0:  C_CMD: RDCMD     C_r = 0x005   at time  133978969 ps
inst0 ch0:  C_CMD: RDCMD     C_f = 0x080   at time  133979383 ps
inst0 ch0:  C_CMD: RDCMD     C_r = 0x005   at time  133980625 ps
inst0 ch0:  C_CMD: RDCMD     C_f = 0x000   at time  133981039 ps
inst0 ch0:  C_CMD: RDCMD     C_r = 0x00d   at time  133982281 ps
inst0 ch0:  C_CMD: RDCMD     C_f = 0x082   at time  133982695 ps
inst0 ch0:  C_CMD: RDCMD     C_r = 0x00d   at time  133983937 ps
inst0 ch0:  C_CMD: RDCMD     C_f = 0x002   at time  133984351 ps
inst0 ch0:  R_CMD: ACTCMD    R_r0= 0x02    at time  134034445 ps
inst0 ch0:  R_CMD: ACTCMD    R_f0= 0x1b    at time  134034859 ps
inst0 ch0:  R_CMD: ACTCMD    R_r1= 0x3f    at time  134035273 ps
inst0 ch0:  R_CMD: ACTCMD    R_f1= 0x3b    at time  134035687 ps
inst0 ch0:  R_CMD: ACTCMD    R_r0= 0x02    at time  134036929 ps
inst0 ch0:  R_CMD: ACTCMD    R_f0= 0x13    at time  134037343 ps
inst0 ch0:  R_CMD: ACTCMD    R_r1= 0x3f    at time  134037757 ps
inst0 ch0:  R_CMD: ACTCMD    R_f1= 0x3b    at time  134038171 ps
inst0 ch0:  C_CMD: WRCMD     C_r = 0x001   at time  134045209 ps
inst0 ch0:  C_CMD: WRCMD     C_f = 0x080   at time  134045623 ps
inst0 ch0:  C_CMD: WRCMD     C_r = 0x001   at time  134047693 ps
inst0 ch0:  C_CMD: WRCMD     C_f = 0x000   at time  134048107 ps
inst0 ch0:  C_CMD: WRCMD     C_r = 0x009   at time  134048521 ps
inst0 ch0:  C_CMD: WRCMD     C_f = 0x082   at time  134048935 ps
inst0 ch0:  C_CMD: WRCMD     C_r = 0x009   at time  134051005 ps
inst0 ch0:  C_CMD: WRCMD     C_f = 0x002   at time  134051419 ps
inst0 ch0:  R_CMD: ACTCMD    R_r0= 0x0a    at time  138288709 ps
inst0 ch0:  R_CMD: ACTCMD    R_f0= 0x1b    at time  138289123 ps
inst0 ch0:  R_CMD: ACTCMD    R_r1= 0x3f    at time  138289537 ps
inst0 ch0:  R_CMD: ACTCMD    R_f1= 0x3b    at time  138289951 ps
inst0 ch0:  R_CMD: ACTCMD    R_r0= 0x0a    at time  138291193 ps
inst0 ch0:  R_CMD: ACTCMD    R_f0= 0x13    at time  138291607 ps
inst0 ch0:  R_CMD: ACTCMD    R_r1= 0x3f    at time  138292021 ps
inst0 ch0:  R_CMD: ACTCMD    R_f1= 0x3b    at time  138292435 ps
inst0 ch0:  C_CMD: RDCMD     C_r = 0x015   at time  138303613 ps
inst0 ch0:  C_CMD: RDCMD     C_f = 0x090   at time  138304027 ps
inst0 ch0:  C_CMD: RDCMD     C_r = 0x015   at time  138306097 ps
inst0 ch0:  C_CMD: RDCMD     C_f = 0x010   at time  138306511 ps
inst0 ch0:  C_CMD: RDCMD     C_r = 0x01d   at time  138306925 ps
inst0 ch0:  C_CMD: RDCMD     C_f = 0x092   at time  138307339 ps
inst0 ch0:  C_CMD: RDCMD     C_r = 0x01d   at time  138309409 ps
inst0 ch0:  C_CMD: RDCMD     C_f = 0x012   at time  138309823 ps
inst0 ch0:  R_CMD: ACTCMD    R_r0= 0x0a    at time  138493225 ps
inst0 ch0:  R_CMD: ACTCMD    R_f0= 0x1b    at time  138493639 ps
inst0 ch0:  R_CMD: ACTCMD    R_r1= 0x3f    at time  138494053 ps
inst0 ch0:  R_CMD: ACTCMD    R_f1= 0x3b    at time  138494467 ps
inst0 ch0:  R_CMD: ACTCMD    R_r0= 0x0a    at time  138495709 ps
inst0 ch0:  R_CMD: ACTCMD    R_f0= 0x13    at time  138496123 ps
inst0 ch0:  R_CMD: ACTCMD    R_r1= 0x3f    at time  138496537 ps
inst0 ch0:  R_CMD: ACTCMD    R_f1= 0x3b    at time  138496951 ps
inst0 ch0:  C_CMD: WRCMD     C_r = 0x011   at time  138503989 ps
inst0 ch0:  C_CMD: WRCMD     C_f = 0x090   at time  138504403 ps
inst0 ch0:  C_CMD: WRCMD     C_r = 0x011   at time  138506473 ps
inst0 ch0:  C_CMD: WRCMD     C_f = 0x010   at time  138506887 ps
inst0 ch0:  C_CMD: WRCMD     C_r = 0x019   at time  138507301 ps
inst0 ch0:  C_CMD: WRCMD     C_f = 0x092   at time  138507715 ps
inst0 ch0:  C_CMD: WRCMD     C_r = 0x019   at time  138509785 ps
inst0 ch0:  C_CMD: WRCMD     C_f = 0x012   at time  138510199 ps
inst0 ch0:  R_CMD: ACTCMD    R_r0= 0x0a    at time  142359985 ps
inst0 ch0:  R_CMD: ACTCMD    R_f0= 0x08    at time  142360399 ps
inst0 ch0:  R_CMD: ACTCMD    R_r1= 0x00    at time  142360813 ps
inst0 ch0:  R_CMD: ACTCMD    R_f1= 0x00    at time  142361227 ps
inst0 ch0:  R_CMD: ACTCMD    R_r0= 0x0a    at time  142362469 ps
inst0 ch0:  R_CMD: ACTCMD    R_f0= 0x00    at time  142362883 ps
inst0 ch0:  R_CMD: ACTCMD    R_r1= 0x00    at time  142363297 ps
inst0 ch0:  R_CMD: ACTCMD    R_f1= 0x00    at time  142363711 ps
inst0 ch0:  C_CMD: RDCMD     C_r = 0x015   at time  142374889 ps
inst0 ch0:  C_CMD: RDCMD     C_f = 0x0a8   at time  142375303 ps
inst0 ch0:  C_CMD: RDCMD     C_r = 0x015   at time  142377373 ps
inst0 ch0:  C_CMD: RDCMD     C_f = 0x028   at time  142377787 ps
inst0 ch0:  C_CMD: RDCMD     C_r = 0x015   at time  142378201 ps
inst0 ch0:  C_CMD: RDCMD     C_f = 0x0aa   at time  142378615 ps
inst0 ch0:  C_CMD: RDCMD     C_r = 0x015   at time  142380685 ps
inst0 ch0:  C_CMD: RDCMD     C_f = 0x02a   at time  142381099 ps
inst0 ch0:  C_CMD: RDCMD     C_r = 0x015   at time  142381513 ps
inst0 ch0:  C_CMD: RDCMD     C_f = 0x0a0   at time  142381927 ps
inst0 ch0:  C_CMD: RDCMD     C_r = 0x015   at time  142383997 ps
inst0 ch0:  C_CMD: RDCMD     C_f = 0x020   at time  142384411 ps
inst0 ch0:  C_CMD: RDCMD     C_r = 0x01d   at time  142384825 ps
inst0 ch0:  C_CMD: RDCMD     C_f = 0x0a2   at time  142385239 ps
inst0 ch0:  C_CMD: RDCMD     C_r = 0x01d   at time  142387309 ps
inst0 ch0:  C_CMD: RDCMD     C_f = 0x022   at time  142387723 ps
inst0 ch0:  R_CMD: ACTCMD    R_r0= 0x0a    at time  142430365 ps
inst0 ch0:  R_CMD: ACTCMD    R_f0= 0x08    at time  142430779 ps
inst0 ch0:  R_CMD: ACTCMD    R_r1= 0x00    at time  142431193 ps
inst0 ch0:  R_CMD: ACTCMD    R_f1= 0x00    at time  142431607 ps
inst0 ch0:  R_CMD: ACTCMD    R_r0= 0x0a    at time  142432849 ps
inst0 ch0:  R_CMD: ACTCMD    R_f0= 0x00    at time  142433263 ps
inst0 ch0:  R_CMD: ACTCMD    R_r1= 0x00    at time  142433677 ps
inst0 ch0:  R_CMD: ACTCMD    R_f1= 0x00    at time  142434091 ps
inst0 ch0:  C_CMD: WRCMD     C_r = 0x011   at time  142441129 ps
inst0 ch0:  C_CMD: WRCMD     C_f = 0x0a8   at time  142441543 ps
inst0 ch0:  C_CMD: WRCMD     C_r = 0x011   at time  142443613 ps
inst0 ch0:  C_CMD: WRCMD     C_f = 0x028   at time  142444027 ps
inst0 ch0:  C_CMD: WRCMD     C_r = 0x011   at time  142444441 ps
inst0 ch0:  C_CMD: WRCMD     C_f = 0x0aa   at time  142444855 ps
inst0 ch0:  C_CMD: WRCMD     C_r = 0x011   at time  142446925 ps
inst0 ch0:  C_CMD: WRCMD     C_f = 0x02a   at time  142447339 ps
inst0 ch0:  C_CMD: WRCMD     C_r = 0x011   at time  142447753 ps
inst0 ch0:  C_CMD: WRCMD     C_f = 0x0a0   at time  142448167 ps
inst0 ch0:  C_CMD: WRCMD     C_r = 0x011   at time  142450237 ps
inst0 ch0:  C_CMD: WRCMD     C_f = 0x020   at time  142450651 ps
inst0 ch0:  C_CMD: WRCMD     C_r = 0x019   at time  142451065 ps
inst0 ch0:  C_CMD: WRCMD     C_f = 0x0a2   at time  142451479 ps
inst0 ch0:  C_CMD: WRCMD     C_r = 0x019   at time  142453549 ps
inst0 ch0:  C_CMD: WRCMD     C_f = 0x022   at time  142453963 ps
inst0 ch0:  R_CMD: ACTCMD    R_r0= 0x02    at time  146177065 ps
inst0 ch0:  R_CMD: ACTCMD    R_f0= 0x18    at time  146177479 ps
inst0 ch0:  R_CMD: ACTCMD    R_r1= 0x3f    at time  146177893 ps
inst0 ch0:  R_CMD: ACTCMD    R_f1= 0x3b    at time  146178307 ps
inst0 ch0:  R_CMD: ACTCMD    R_r0= 0x02    at time  146179549 ps
inst0 ch0:  R_CMD: ACTCMD    R_f0= 0x10    at time  146179963 ps
inst0 ch0:  R_CMD: ACTCMD    R_r1= 0x3f    at time  146180377 ps
inst0 ch0:  R_CMD: ACTCMD    R_f1= 0x3b    at time  146180791 ps
inst0 ch0:  C_CMD: RDCMD     C_r = 0x005   at time  146191969 ps
inst0 ch0:  C_CMD: RDCMD     C_f = 0x0f8   at time  146192383 ps
inst0 ch0:  C_CMD: RDCMD     C_r = 0x005   at time  146194453 ps
inst0 ch0:  C_CMD: RDCMD     C_f = 0x078   at time  146194867 ps
inst0 ch0:  C_CMD: RDCMD     C_r = 0x00d   at time  146195281 ps
inst0 ch0:  C_CMD: RDCMD     C_f = 0x0fa   at time  146195695 ps
inst0 ch0:  C_CMD: RDCMD     C_r = 0x00d   at time  146197765 ps
inst0 ch0:  C_CMD: RDCMD     C_f = 0x07a   at time  146198179 ps
inst0 ch0:  R_CMD: ACTCMD    R_r0= 0x02    at time  146224261 ps
inst0 ch0:  R_CMD: ACTCMD    R_f0= 0x19    at time  146224675 ps
inst0 ch0:  R_CMD: ACTCMD    R_r1= 0x3f    at time  146225089 ps
inst0 ch0:  R_CMD: ACTCMD    R_f1= 0x3b    at time  146225503 ps
inst0 ch0:  R_CMD: ACTCMD    R_r0= 0x02    at time  146226745 ps
inst0 ch0:  R_CMD: ACTCMD    R_f0= 0x11    at time  146227159 ps
inst0 ch0:  R_CMD: ACTCMD    R_r1= 0x3f    at time  146227573 ps
inst0 ch0:  R_CMD: ACTCMD    R_f1= 0x3b    at time  146227987 ps
inst0 ch0:  C_CMD: RDCMD     C_r = 0x005   at time  146239165 ps
inst0 ch0:  C_CMD: RDCMD     C_f = 0x0f8   at time  146239579 ps
inst0 ch0:  C_CMD: RDCMD     C_r = 0x005   at time  146241649 ps
inst0 ch0:  C_CMD: RDCMD     C_f = 0x078   at time  146242063 ps
inst0 ch0:  C_CMD: RDCMD     C_r = 0x00d   at time  146242477 ps
inst0 ch0:  C_CMD: RDCMD     C_f = 0x0fa   at time  146242891 ps
inst0 ch0:  C_CMD: RDCMD     C_r = 0x00d   at time  146244961 ps
inst0 ch0:  C_CMD: RDCMD     C_f = 0x07a   at time  146245375 ps
inst0 ch0:  R_CMD: ACTCMD    R_r0= 0x02    at time  146271457 ps
inst0 ch0:  R_CMD: ACTCMD    R_f0= 0x18    at time  146271871 ps
inst0 ch0:  R_CMD: ACTCMD    R_r1= 0x3f    at time  146272285 ps
inst0 ch0:  R_CMD: ACTCMD    R_f1= 0x3b    at time  146272699 ps
inst0 ch0:  R_CMD: ACTCMD    R_r0= 0x02    at time  146273941 ps
inst0 ch0:  R_CMD: ACTCMD    R_f0= 0x10    at time  146274355 ps
inst0 ch0:  R_CMD: ACTCMD    R_r1= 0x3f    at time  146274769 ps
inst0 ch0:  R_CMD: ACTCMD    R_f1= 0x3b    at time  146275183 ps
inst0 ch0:  C_CMD: WRCMD     C_r = 0x001   at time  146282221 ps
inst0 ch0:  C_CMD: WRCMD     C_f = 0x0f8   at time  146282635 ps
inst0 ch0:  C_CMD: WRCMD     C_r = 0x001   at time  146284705 ps
inst0 ch0:  C_CMD: WRCMD     C_f = 0x078   at time  146285119 ps
inst0 ch0:  C_CMD: WRCMD     C_r = 0x009   at time  146285533 ps
inst0 ch0:  C_CMD: WRCMD     C_f = 0x0fa   at time  146285947 ps
inst0 ch0:  C_CMD: WRCMD     C_r = 0x009   at time  146288017 ps
inst0 ch0:  C_CMD: WRCMD     C_f = 0x07a   at time  146288431 ps
inst0 ch0:  R_CMD: ACTCMD    R_r0= 0x02    at time  146323621 ps
inst0 ch0:  R_CMD: ACTCMD    R_f0= 0x19    at time  146324035 ps
inst0 ch0:  R_CMD: ACTCMD    R_r1= 0x3f    at time  146324449 ps
inst0 ch0:  R_CMD: ACTCMD    R_f1= 0x3b    at time  146324863 ps
inst0 ch0:  R_CMD: ACTCMD    R_r0= 0x02    at time  146326105 ps
inst0 ch0:  R_CMD: ACTCMD    R_f0= 0x11    at time  146326519 ps
inst0 ch0:  R_CMD: ACTCMD    R_r1= 0x3f    at time  146326933 ps
inst0 ch0:  R_CMD: ACTCMD    R_f1= 0x3b    at time  146327347 ps
inst0 ch0:  C_CMD: WRCMD     C_r = 0x001   at time  146334385 ps
inst0 ch0:  C_CMD: WRCMD     C_f = 0x0f8   at time  146334799 ps
inst0 ch0:  C_CMD: WRCMD     C_r = 0x001   at time  146336869 ps
inst0 ch0:  C_CMD: WRCMD     C_f = 0x078   at time  146337283 ps
inst0 ch0:  C_CMD: WRCMD     C_r = 0x009   at time  146337697 ps
inst0 ch0:  C_CMD: WRCMD     C_f = 0x0fa   at time  146338111 ps
inst0 ch0:  C_CMD: WRCMD     C_r = 0x009   at time  146340181 ps
inst0 ch0:  C_CMD: WRCMD     C_f = 0x07a   at time  146340595 ps
inst0 ch0:  R_CMD: ACTCMD    R_r0= 0x0a    at time  146447821 ps
inst0 ch0:  R_CMD: ACTCMD    R_f0= 0x18    at time  146448235 ps
inst0 ch0:  R_CMD: ACTCMD    R_r1= 0x3f    at time  146448649 ps
inst0 ch0:  R_CMD: ACTCMD    R_f1= 0x3b    at time  146449063 ps
inst0 ch0:  R_CMD: ACTCMD    R_r0= 0x0a    at time  146450305 ps
inst0 ch0:  R_CMD: ACTCMD    R_f0= 0x10    at time  146450719 ps
inst0 ch0:  R_CMD: ACTCMD    R_r1= 0x3f    at time  146451133 ps
inst0 ch0:  R_CMD: ACTCMD    R_f1= 0x3b    at time  146451547 ps
inst0 ch0:  C_CMD: RDCMD     C_r = 0x015   at time  146462725 ps
inst0 ch0:  C_CMD: RDCMD     C_f = 0x0f8   at time  146463139 ps
inst0 ch0:  C_CMD: RDCMD     C_r = 0x015   at time  146465209 ps
inst0 ch0:  C_CMD: RDCMD     C_f = 0x078   at time  146465623 ps
inst0 ch0:  C_CMD: RDCMD     C_r = 0x01d   at time  146466037 ps
inst0 ch0:  C_CMD: RDCMD     C_f = 0x0fa   at time  146466451 ps
inst0 ch0:  C_CMD: RDCMD     C_r = 0x01d   at time  146468521 ps
inst0 ch0:  C_CMD: RDCMD     C_f = 0x07a   at time  146468935 ps
inst0 ch0:  R_CMD: ACTCMD    R_r0= 0x0a    at time  146495017 ps
inst0 ch0:  R_CMD: ACTCMD    R_f0= 0x08    at time  146495431 ps
inst0 ch0:  R_CMD: ACTCMD    R_r1= 0x00    at time  146495845 ps
inst0 ch0:  R_CMD: ACTCMD    R_f1= 0x00    at time  146496259 ps
inst0 ch0:  R_CMD: ACTCMD    R_r0= 0x0a    at time  146497501 ps
inst0 ch0:  R_CMD: ACTCMD    R_f0= 0x00    at time  146497915 ps
inst0 ch0:  R_CMD: ACTCMD    R_r1= 0x00    at time  146498329 ps
inst0 ch0:  R_CMD: ACTCMD    R_f1= 0x00    at time  146498743 ps
inst0 ch0:  C_CMD: RDCMD     C_r = 0x015   at time  146509921 ps
inst0 ch0:  C_CMD: RDCMD     C_f = 0x0b8   at time  146510335 ps
inst0 ch0:  C_CMD: RDCMD     C_r = 0x015   at time  146512405 ps
inst0 ch0:  C_CMD: RDCMD     C_f = 0x038   at time  146512819 ps
inst0 ch0:  C_CMD: RDCMD     C_r = 0x015   at time  146513233 ps
inst0 ch0:  C_CMD: RDCMD     C_f = 0x0ba   at time  146513647 ps
inst0 ch0:  C_CMD: RDCMD     C_r = 0x015   at time  146515717 ps
inst0 ch0:  C_CMD: RDCMD     C_f = 0x03a   at time  146516131 ps
inst0 ch0:  C_CMD: RDCMD     C_r = 0x015   at time  146516545 ps
inst0 ch0:  C_CMD: RDCMD     C_f = 0x0b0   at time  146516959 ps
inst0 ch0:  C_CMD: RDCMD     C_r = 0x015   at time  146519029 ps
inst0 ch0:  C_CMD: RDCMD     C_f = 0x030   at time  146519443 ps
inst0 ch0:  C_CMD: RDCMD     C_r = 0x01d   at time  146519857 ps
inst0 ch0:  C_CMD: RDCMD     C_f = 0x0b2   at time  146520271 ps
inst0 ch0:  C_CMD: RDCMD     C_r = 0x01d   at time  146522341 ps
inst0 ch0:  C_CMD: RDCMD     C_f = 0x032   at time  146522755 ps
inst0 ch0:  R_CMD: ACTCMD    R_r0= 0x0a    at time  146542213 ps
inst0 ch0:  R_CMD: ACTCMD    R_f0= 0x19    at time  146542627 ps
inst0 ch0:  R_CMD: ACTCMD    R_r1= 0x3f    at time  146543041 ps
inst0 ch0:  R_CMD: ACTCMD    R_f1= 0x3b    at time  146543455 ps
inst0 ch0:  R_CMD: ACTCMD    R_r0= 0x0a    at time  146544697 ps
inst0 ch0:  R_CMD: ACTCMD    R_f0= 0x11    at time  146545111 ps
inst0 ch0:  R_CMD: ACTCMD    R_r1= 0x3f    at time  146545525 ps
inst0 ch0:  R_CMD: ACTCMD    R_f1= 0x3b    at time  146545939 ps
inst0 ch0:  C_CMD: RDCMD     C_r = 0x015   at time  146557117 ps
inst0 ch0:  C_CMD: RDCMD     C_f = 0x0f8   at time  146557531 ps
inst0 ch0:  C_CMD: RDCMD     C_r = 0x015   at time  146559601 ps
inst0 ch0:  C_CMD: RDCMD     C_f = 0x078   at time  146560015 ps
inst0 ch0:  C_CMD: RDCMD     C_r = 0x01d   at time  146560429 ps
inst0 ch0:  C_CMD: RDCMD     C_f = 0x0fa   at time  146560843 ps
inst0 ch0:  C_CMD: RDCMD     C_r = 0x01d   at time  146562913 ps
inst0 ch0:  C_CMD: RDCMD     C_f = 0x07a   at time  146563327 ps
inst0 ch0:  R_CMD: ACTCMD    R_r0= 0x0a    at time  146589409 ps
inst0 ch0:  R_CMD: ACTCMD    R_f0= 0x18    at time  146589823 ps
inst0 ch0:  R_CMD: ACTCMD    R_r1= 0x3f    at time  146590237 ps
inst0 ch0:  R_CMD: ACTCMD    R_f1= 0x3b    at time  146590651 ps
inst0 ch0:  R_CMD: ACTCMD    R_r0= 0x0a    at time  146591893 ps
inst0 ch0:  R_CMD: ACTCMD    R_f0= 0x10    at time  146592307 ps
inst0 ch0:  R_CMD: ACTCMD    R_r1= 0x3f    at time  146592721 ps
inst0 ch0:  R_CMD: ACTCMD    R_f1= 0x3b    at time  146593135 ps
inst0 ch0:  C_CMD: WRCMD     C_r = 0x011   at time  146600173 ps
inst0 ch0:  C_CMD: WRCMD     C_f = 0x0f8   at time  146600587 ps
inst0 ch0:  C_CMD: WRCMD     C_r = 0x011   at time  146602657 ps
inst0 ch0:  C_CMD: WRCMD     C_f = 0x078   at time  146603071 ps
inst0 ch0:  C_CMD: WRCMD     C_r = 0x019   at time  146603485 ps
inst0 ch0:  C_CMD: WRCMD     C_f = 0x0fa   at time  146603899 ps
inst0 ch0:  C_CMD: WRCMD     C_r = 0x019   at time  146605969 ps
inst0 ch0:  C_CMD: WRCMD     C_f = 0x07a   at time  146606383 ps
inst0 ch0:  R_CMD: ACTCMD    R_r0= 0x0a    at time  146641573 ps
inst0 ch0:  R_CMD: ACTCMD    R_f0= 0x08    at time  146641987 ps
inst0 ch0:  R_CMD: ACTCMD    R_r1= 0x00    at time  146642401 ps
inst0 ch0:  R_CMD: ACTCMD    R_f1= 0x00    at time  146642815 ps
inst0 ch0:  R_CMD: ACTCMD    R_r0= 0x0a    at time  146644057 ps
inst0 ch0:  R_CMD: ACTCMD    R_f0= 0x00    at time  146644471 ps
inst0 ch0:  R_CMD: ACTCMD    R_r1= 0x00    at time  146644885 ps
inst0 ch0:  R_CMD: ACTCMD    R_f1= 0x00    at time  146645299 ps
inst0 ch0:  C_CMD: WRCMD     C_r = 0x011   at time  146652337 ps
inst0 ch0:  C_CMD: WRCMD     C_f = 0x0b8   at time  146652751 ps
inst0 ch0:  C_CMD: WRCMD     C_r = 0x011   at time  146654821 ps
inst0 ch0:  C_CMD: WRCMD     C_f = 0x038   at time  146655235 ps
inst0 ch0:  C_CMD: WRCMD     C_r = 0x011   at time  146655649 ps
inst0 ch0:  C_CMD: WRCMD     C_f = 0x0ba   at time  146656063 ps
inst0 ch0:  C_CMD: WRCMD     C_r = 0x011   at time  146658133 ps
inst0 ch0:  C_CMD: WRCMD     C_f = 0x03a   at time  146658547 ps
inst0 ch0:  C_CMD: WRCMD     C_r = 0x011   at time  146658961 ps
inst0 ch0:  C_CMD: WRCMD     C_f = 0x0b0   at time  146659375 ps
inst0 ch0:  C_CMD: WRCMD     C_r = 0x011   at time  146661445 ps
inst0 ch0:  C_CMD: WRCMD     C_f = 0x030   at time  146661859 ps
inst0 ch0:  C_CMD: WRCMD     C_r = 0x019   at time  146662273 ps
inst0 ch0:  C_CMD: WRCMD     C_f = 0x0b2   at time  146662687 ps
inst0 ch0:  C_CMD: WRCMD     C_r = 0x019   at time  146664757 ps
inst0 ch0:  C_CMD: WRCMD     C_f = 0x032   at time  146665171 ps
inst0 ch0:  R_CMD: ACTCMD    R_r0= 0x0a    at time  146700361 ps
inst0 ch0:  R_CMD: ACTCMD    R_f0= 0x19    at time  146700775 ps
inst0 ch0:  R_CMD: ACTCMD    R_r1= 0x3f    at time  146701189 ps
inst0 ch0:  R_CMD: ACTCMD    R_f1= 0x3b    at time  146701603 ps
inst0 ch0:  R_CMD: ACTCMD    R_r0= 0x0a    at time  146702845 ps
inst0 ch0:  R_CMD: ACTCMD    R_f0= 0x11    at time  146703259 ps
inst0 ch0:  R_CMD: ACTCMD    R_r1= 0x3f    at time  146703673 ps
inst0 ch0:  R_CMD: ACTCMD    R_f1= 0x3b    at time  146704087 ps
inst0 ch0:  C_CMD: WRCMD     C_r = 0x011   at time  146711125 ps
inst0 ch0:  C_CMD: WRCMD     C_f = 0x0f8   at time  146711539 ps
inst0 ch0:  C_CMD: WRCMD     C_r = 0x011   at time  146713609 ps
inst0 ch0:  C_CMD: WRCMD     C_f = 0x078   at time  146714023 ps
inst0 ch0:  C_CMD: WRCMD     C_r = 0x019   at time  146714437 ps
inst0 ch0:  C_CMD: WRCMD     C_f = 0x0fa   at time  146714851 ps
inst0 ch0:  C_CMD: WRCMD     C_r = 0x019   at time  146716921 ps
inst0 ch0:  C_CMD: WRCMD     C_f = 0x07a   at time  146717335 ps
inst0 ch0:  R_CMD: ACTCMD    R_r0= 0x02    at time  147195505 ps
inst0 ch0:  R_CMD: ACTCMD    R_f0= 0x38    at time  147195919 ps
inst0 ch0:  R_CMD: ACTCMD    R_r1= 0x3f    at time  147196333 ps
inst0 ch0:  R_CMD: ACTCMD    R_f1= 0x3b    at time  147196747 ps
inst0 ch0:  R_CMD: ACTCMD    R_r0= 0x02    at time  147197161 ps
inst0 ch0:  R_CMD: ACTCMD    R_f0= 0x30    at time  147197575 ps
inst0 ch0:  R_CMD: ACTCMD    R_r1= 0x3f    at time  147197989 ps
inst0 ch0:  R_CMD: ACTCMD    R_f1= 0x3b    at time  147198403 ps
inst0 ch0:  C_CMD: RDCMD     C_r = 0x085   at time  147210409 ps
inst0 ch0:  C_CMD: RDCMD     C_f = 0x0f8   at time  147210823 ps
inst0 ch0:  C_CMD: RDCMD     C_r = 0x085   at time  147212065 ps
inst0 ch0:  C_CMD: RDCMD     C_f = 0x078   at time  147212479 ps
inst0 ch0:  C_CMD: RDCMD     C_r = 0x08d   at time  147213721 ps
inst0 ch0:  C_CMD: RDCMD     C_f = 0x0fa   at time  147214135 ps
inst0 ch0:  C_CMD: RDCMD     C_r = 0x08d   at time  147215377 ps
inst0 ch0:  C_CMD: RDCMD     C_f = 0x07a   at time  147215791 ps
inst0 ch0:  R_CMD: ACTCMD    R_r0= 0x02    at time  147267541 ps
inst0 ch0:  R_CMD: ACTCMD    R_f0= 0x30    at time  147267955 ps
inst0 ch0:  R_CMD: ACTCMD    R_r1= 0x3f    at time  147268369 ps
inst0 ch0:  R_CMD: ACTCMD    R_f1= 0x3b    at time  147268783 ps
inst0 ch0:  R_CMD: ACTCMD    R_r0= 0x02    at time  147269197 ps
inst0 ch0:  R_CMD: ACTCMD    R_f0= 0x38    at time  147269611 ps
inst0 ch0:  R_CMD: ACTCMD    R_r1= 0x3f    at time  147270025 ps
inst0 ch0:  R_CMD: ACTCMD    R_f1= 0x3b    at time  147270439 ps
inst0 ch0:  C_CMD: WRCMD     C_r = 0x081   at time  147278305 ps
inst0 ch0:  C_CMD: WRCMD     C_f = 0x078   at time  147278719 ps
inst0 ch0:  C_CMD: WRCMD     C_r = 0x081   at time  147279961 ps
inst0 ch0:  C_CMD: WRCMD     C_f = 0x0f8   at time  147280375 ps
inst0 ch0:  C_CMD: WRCMD     C_r = 0x089   at time  147281617 ps
inst0 ch0:  C_CMD: WRCMD     C_f = 0x07a   at time  147282031 ps
inst0 ch0:  C_CMD: WRCMD     C_r = 0x089   at time  147283273 ps
inst0 ch0:  C_CMD: WRCMD     C_f = 0x0fa   at time  147283687 ps
inst0 ch0:  R_CMD: ACTCMD    R_r0= 0x0a    at time  147449701 ps
inst0 ch0:  R_CMD: ACTCMD    R_f0= 0x30    at time  147450115 ps
inst0 ch0:  R_CMD: ACTCMD    R_r1= 0x3f    at time  147450529 ps
inst0 ch0:  R_CMD: ACTCMD    R_f1= 0x3b    at time  147450943 ps
inst0 ch0:  R_CMD: ACTCMD    R_r0= 0x0a    at time  147452185 ps
inst0 ch0:  R_CMD: ACTCMD    R_f0= 0x38    at time  147452599 ps
inst0 ch0:  R_CMD: ACTCMD    R_r1= 0x3f    at time  147453013 ps
inst0 ch0:  R_CMD: ACTCMD    R_f1= 0x3b    at time  147453427 ps
inst0 ch0:  C_CMD: RDCMD     C_r = 0x095   at time  147464605 ps
inst0 ch0:  C_CMD: RDCMD     C_f = 0x078   at time  147465019 ps
inst0 ch0:  C_CMD: RDCMD     C_r = 0x095   at time  147467089 ps
inst0 ch0:  C_CMD: RDCMD     C_f = 0x0f8   at time  147467503 ps
inst0 ch0:  C_CMD: RDCMD     C_r = 0x09d   at time  147467917 ps
inst0 ch0:  C_CMD: RDCMD     C_f = 0x07a   at time  147468331 ps
inst0 ch0:  C_CMD: RDCMD     C_r = 0x09d   at time  147470401 ps
inst0 ch0:  C_CMD: RDCMD     C_f = 0x0fa   at time  147470815 ps
inst0 ch0:  R_CMD: ACTCMD    R_r0= 0x0a    at time  147520081 ps
inst0 ch0:  R_CMD: ACTCMD    R_f0= 0x30    at time  147520495 ps
inst0 ch0:  R_CMD: ACTCMD    R_r1= 0x3f    at time  147520909 ps
inst0 ch0:  R_CMD: ACTCMD    R_f1= 0x3b    at time  147521323 ps
inst0 ch0:  R_CMD: ACTCMD    R_r0= 0x0a    at time  147522565 ps
inst0 ch0:  R_CMD: ACTCMD    R_f0= 0x38    at time  147522979 ps
inst0 ch0:  R_CMD: ACTCMD    R_r1= 0x3f    at time  147523393 ps
inst0 ch0:  R_CMD: ACTCMD    R_f1= 0x3b    at time  147523807 ps
inst0 ch0:  C_CMD: WRCMD     C_r = 0x091   at time  147530845 ps
inst0 ch0:  C_CMD: WRCMD     C_f = 0x078   at time  147531259 ps
inst0 ch0:  C_CMD: WRCMD     C_r = 0x091   at time  147533329 ps
inst0 ch0:  C_CMD: WRCMD     C_f = 0x0f8   at time  147533743 ps
inst0 ch0:  C_CMD: WRCMD     C_r = 0x099   at time  147534157 ps
inst0 ch0:  C_CMD: WRCMD     C_f = 0x07a   at time  147534571 ps
inst0 ch0:  C_CMD: WRCMD     C_r = 0x099   at time  147536641 ps
inst0 ch0:  C_CMD: WRCMD     C_f = 0x0fa   at time  147537055 ps
