inst0 ch0:  R_CMD: ACTCMD    R_r0= 0x0e    at time   33400981 ps
inst0 ch0:  R_CMD: ACTCMD    R_f0= 0x28    at time   33401395 ps
inst0 ch0:  R_CMD: ACTCMD    R_r1= 0x00    at time   33401809 ps
inst0 ch0:  R_CMD: ACTCMD    R_f1= 0x02    at time   33402223 ps
inst0 ch0:  R_CMD: ACTCMD    R_r0= 0x0e    at time   33402637 ps
inst0 ch0:  R_CMD: ACTCMD    R_f0= 0x20    at time   33403051 ps
inst0 ch0:  R_CMD: ACTCMD    R_r1= 0x00    at time   33403465 ps
inst0 ch0:  R_CMD: ACTCMD    R_f1= 0x02    at time   33403879 ps
inst0 ch0:  C_CMD: WRCMD     C_r = 0x091   at time   33411745 ps
inst0 ch0:  C_CMD: WRCMD     C_f = 0x0a9   at time   33412159 ps
inst0 ch0:  C_CMD: WRCMD     C_r = 0x091   at time   33413401 ps
inst0 ch0:  C_CMD: WRCMD     C_f = 0x029   at time   33413815 ps
inst0 ch0:  C_CMD: WRCMD     C_r = 0x091   at time   33415057 ps
inst0 ch0:  C_CMD: WRCMD     C_f = 0x0ab   at time   33415471 ps
inst0 ch0:  C_CMD: WRCMD     C_r = 0x091   at time   33416713 ps
inst0 ch0:  C_CMD: WRCMD     C_f = 0x02b   at time   33417127 ps
inst0 ch0:  C_CMD: WRCMD     C_r = 0x091   at time   33418369 ps
inst0 ch0:  C_CMD: WRCMD     C_f = 0x0a1   at time   33418783 ps
inst0 ch0:  C_CMD: WRCMD     C_r = 0x091   at time   33420025 ps
inst0 ch0:  C_CMD: WRCMD     C_f = 0x021   at time   33420439 ps
inst0 ch0:  C_CMD: WRCMD     C_r = 0x099   at time   33421681 ps
inst0 ch0:  C_CMD: WRCMD     C_f = 0x0a3   at time   33422095 ps
inst0 ch0:  C_CMD: WRCMD     C_r = 0x099   at time   33423337 ps
inst0 ch0:  C_CMD: WRCMD     C_f = 0x023   at time   33423751 ps
inst0 ch0:  R_CMD: ACTCMD    R_r0= 0x26    at time   37500409 ps
inst0 ch0:  R_CMD: ACTCMD    R_f0= 0x28    at time   37500823 ps
inst0 ch0:  R_CMD: ACTCMD    R_r1= 0x00    at time   37501237 ps
inst0 ch0:  R_CMD: ACTCMD    R_f1= 0x02    at time   37501651 ps
inst0 ch0:  R_CMD: ACTCMD    R_r0= 0x26    at time   37503721 ps
inst0 ch0:  R_CMD: ACTCMD    R_f0= 0x20    at time   37504135 ps
inst0 ch0:  R_CMD: ACTCMD    R_r1= 0x00    at time   37504549 ps
inst0 ch0:  R_CMD: ACTCMD    R_f1= 0x02    at time   37504963 ps
inst0 ch0:  C_CMD: WRCMD     C_r = 0x0c1   at time   37511173 ps
inst0 ch0:  C_CMD: WRCMD     C_f = 0x0a9   at time   37511587 ps
inst0 ch0:  C_CMD: WRCMD     C_r = 0x0c1   at time   37514485 ps
inst0 ch0:  C_CMD: WRCMD     C_f = 0x0ab   at time   37514899 ps
inst0 ch0:  C_CMD: WRCMD     C_r = 0x0c1   at time   37515313 ps
inst0 ch0:  C_CMD: WRCMD     C_f = 0x029   at time   37515727 ps
inst0 ch0:  C_CMD: WRCMD     C_r = 0x0c1   at time   37517797 ps
inst0 ch0:  C_CMD: WRCMD     C_f = 0x0a1   at time   37518211 ps
inst0 ch0:  C_CMD: WRCMD     C_r = 0x0c1   at time   37518625 ps
inst0 ch0:  C_CMD: WRCMD     C_f = 0x02b   at time   37519039 ps
inst0 ch0:  C_CMD: WRCMD     C_r = 0x0c9   at time   37521109 ps
inst0 ch0:  C_CMD: WRCMD     C_f = 0x0a3   at time   37521523 ps
inst0 ch0:  C_CMD: WRCMD     C_r = 0x0c1   at time   37521937 ps
inst0 ch0:  C_CMD: WRCMD     C_f = 0x021   at time   37522351 ps
inst0 ch0:  C_CMD: WRCMD     C_r = 0x0c9   at time   37525249 ps
inst0 ch0:  C_CMD: WRCMD     C_f = 0x023   at time   37525663 ps
inst0 ch0:  R_CMD: ACTCMD    R_r0= 0x22    at time   54783253 ps
inst0 ch0:  R_CMD: ACTCMD    R_f0= 0x22    at time   54783667 ps
inst0 ch0:  R_CMD: ACTCMD    R_r1= 0x00    at time   54784081 ps
inst0 ch0:  R_CMD: ACTCMD    R_f1= 0x00    at time   54784495 ps
inst0 ch0:  R_CMD: ACTCMD    R_r0= 0x22    at time   54784909 ps
inst0 ch0:  R_CMD: ACTCMD    R_f0= 0x2a    at time   54785323 ps
inst0 ch0:  R_CMD: ACTCMD    R_r1= 0x00    at time   54785737 ps
inst0 ch0:  R_CMD: ACTCMD    R_f1= 0x00    at time   54786151 ps
inst0 ch0:  R_CMD: ACTCMD    R_r0= 0x02    at time   54787393 ps
inst0 ch0:  R_CMD: ACTCMD    R_f0= 0x22    at time   54787807 ps
inst0 ch0:  R_CMD: ACTCMD    R_r1= 0x00    at time   54788221 ps
inst0 ch0:  R_CMD: ACTCMD    R_f1= 0x00    at time   54788635 ps
inst0 ch0:  R_CMD: ACTCMD    R_r0= 0x02    at time   54789049 ps
inst0 ch0:  R_CMD: ACTCMD    R_f0= 0x2a    at time   54789463 ps
inst0 ch0:  R_CMD: ACTCMD    R_r1= 0x00    at time   54789877 ps
inst0 ch0:  R_CMD: ACTCMD    R_f1= 0x00    at time   54790291 ps
inst0 ch0:  R_CMD: ACTCMD    R_r0= 0x22    at time   54791533 ps
inst0 ch0:  R_CMD: ACTCMD    R_f0= 0x02    at time   54791947 ps
inst0 ch0:  R_CMD: ACTCMD    R_r1= 0x00    at time   54792361 ps
inst0 ch0:  R_CMD: ACTCMD    R_f1= 0x00    at time   54792775 ps
inst0 ch0:  R_CMD: ACTCMD    R_r0= 0x22    at time   54793189 ps
inst0 ch0:  R_CMD: ACTCMD    R_f0= 0x0a    at time   54793603 ps
inst0 ch0:  R_CMD: ACTCMD    R_r1= 0x00    at time   54794017 ps
inst0 ch0:  R_CMD: ACTCMD    R_f1= 0x00    at time   54794431 ps
inst0 ch0:  R_CMD: ACTCMD    R_r0= 0x02    at time   54795673 ps
inst0 ch0:  R_CMD: ACTCMD    R_f0= 0x02    at time   54796087 ps
inst0 ch0:  R_CMD: ACTCMD    R_r1= 0x00    at time   54796501 ps
inst0 ch0:  R_CMD: ACTCMD    R_f1= 0x00    at time   54796915 ps
inst0 ch0:  R_CMD: ACTCMD    R_r0= 0x02    at time   54797329 ps
inst0 ch0:  R_CMD: ACTCMD    R_f0= 0x0a    at time   54797743 ps
inst0 ch0:  R_CMD: ACTCMD    R_r1= 0x00    at time   54798157 ps
inst0 ch0:  C_CMD: RDCMD     C_r = 0x0c5   at time   54798157 ps
inst0 ch0:  R_CMD: ACTCMD    R_f1= 0x00    at time   54798571 ps
inst0 ch0:  C_CMD: RDCMD     C_f = 0x000   at time   54798571 ps
inst0 ch0:  C_CMD: RDCMD     C_r = 0x0c5   at time   54799813 ps
inst0 ch0:  C_CMD: RDCMD     C_f = 0x080   at time   54800227 ps
inst0 ch0:  C_CMD: RDCMD     C_r = 0x0cd   at time   54801469 ps
inst0 ch0:  C_CMD: RDCMD     C_f = 0x002   at time   54801883 ps
inst0 ch0:  C_CMD: RDCMD     C_r = 0x085   at time   54803125 ps
inst0 ch0:  C_CMD: RDCMD     C_f = 0x000   at time   54803539 ps
inst0 ch0:  C_CMD: RDCMD     C_r = 0x0cd   at time   54803953 ps
inst0 ch0:  C_CMD: RDCMD     C_f = 0x082   at time   54804367 ps
inst0 ch0:  C_CMD: RDCMD     C_r = 0x085   at time   54805609 ps
inst0 ch0:  C_CMD: RDCMD     C_f = 0x080   at time   54806023 ps
inst0 ch0:  C_CMD: RDCMD     C_r = 0x08d   at time   54806437 ps
inst0 ch0:  C_CMD: RDCMD     C_f = 0x002   at time   54806851 ps
inst0 ch0:  C_CMD: RDCMD     C_r = 0x045   at time   54808093 ps
inst0 ch0:  C_CMD: RDCMD     C_f = 0x000   at time   54808507 ps
inst0 ch0:  C_CMD: RDCMD     C_r = 0x08d   at time   54808921 ps
inst0 ch0:  C_CMD: RDCMD     C_f = 0x082   at time   54809335 ps
inst0 ch0:  C_CMD: RDCMD     C_r = 0x005   at time   54810577 ps
inst0 ch0:  C_CMD: RDCMD     C_f = 0x000   at time   54810991 ps
inst0 ch0:  C_CMD: RDCMD     C_r = 0x045   at time   54811405 ps
inst0 ch0:  C_CMD: RDCMD     C_f = 0x080   at time   54811819 ps
inst0 ch0:  C_CMD: RDCMD     C_r = 0x04d   at time   54812233 ps
inst0 ch0:  C_CMD: RDCMD     C_f = 0x002   at time   54812647 ps
inst0 ch0:  C_CMD: RDCMD     C_r = 0x005   at time   54813061 ps
inst0 ch0:  C_CMD: RDCMD     C_f = 0x080   at time   54813475 ps
inst0 ch0:  C_CMD: RDCMD     C_r = 0x00d   at time   54813889 ps
inst0 ch0:  C_CMD: RDCMD     C_f = 0x002   at time   54814303 ps
inst0 ch0:  C_CMD: RDCMD     C_r = 0x04d   at time   54814717 ps
inst0 ch0:  C_CMD: RDCMD     C_f = 0x082   at time   54815131 ps
inst0 ch0:  C_CMD: RDCMD     C_r = 0x00d   at time   54816373 ps
inst0 ch0:  C_CMD: RDCMD     C_f = 0x082   at time   54816787 ps
inst0 ch0:  R_CMD: ACTCMD    R_r0= 0x2a    at time   55619533 ps
inst0 ch0:  R_CMD: ACTCMD    R_f0= 0x22    at time   55619947 ps
inst0 ch0:  R_CMD: ACTCMD    R_r1= 0x00    at time   55620361 ps
inst0 ch0:  R_CMD: ACTCMD    R_f1= 0x00    at time   55620775 ps
inst0 ch0:  R_CMD: ACTCMD    R_r0= 0x0a    at time   55623673 ps
inst0 ch0:  R_CMD: ACTCMD    R_f0= 0x22    at time   55624087 ps
inst0 ch0:  R_CMD: ACTCMD    R_r1= 0x00    at time   55624501 ps
inst0 ch0:  R_CMD: ACTCMD    R_f1= 0x00    at time   55624915 ps
inst0 ch0:  R_CMD: ACTCMD    R_r0= 0x2a    at time   55627813 ps
inst0 ch0:  R_CMD: ACTCMD    R_f0= 0x02    at time   55628227 ps
inst0 ch0:  R_CMD: ACTCMD    R_r1= 0x00    at time   55628641 ps
inst0 ch0:  R_CMD: ACTCMD    R_f1= 0x00    at time   55629055 ps
inst0 ch0:  R_CMD: ACTCMD    R_r0= 0x0a    at time   55631953 ps
inst0 ch0:  R_CMD: ACTCMD    R_f0= 0x02    at time   55632367 ps
inst0 ch0:  R_CMD: ACTCMD    R_r1= 0x00    at time   55632781 ps
inst0 ch0:  R_CMD: ACTCMD    R_f1= 0x00    at time   55633195 ps
inst0 ch0:  C_CMD: RDCMD     C_r = 0x0d5   at time   55634437 ps
inst0 ch0:  C_CMD: RDCMD     C_f = 0x000   at time   55634851 ps
inst0 ch0:  R_CMD: ACTCMD    R_r0= 0x2a    at time   55636921 ps
inst0 ch0:  R_CMD: ACTCMD    R_f0= 0x2a    at time   55637335 ps
inst0 ch0:  R_CMD: ACTCMD    R_r1= 0x00    at time   55637749 ps
inst0 ch0:  C_CMD: RDCMD     C_r = 0x0dd   at time   55637749 ps
inst0 ch0:  R_CMD: ACTCMD    R_f1= 0x00    at time   55638163 ps
inst0 ch0:  C_CMD: RDCMD     C_f = 0x002   at time   55638163 ps
inst0 ch0:  C_CMD: RDCMD     C_r = 0x095   at time   55639405 ps
inst0 ch0:  C_CMD: RDCMD     C_f = 0x000   at time   55639819 ps
inst0 ch0:  R_CMD: ACTCMD    R_r0= 0x0a    at time   55641061 ps
inst0 ch0:  R_CMD: ACTCMD    R_f0= 0x2a    at time   55641475 ps
inst0 ch0:  R_CMD: ACTCMD    R_r1= 0x00    at time   55641889 ps
inst0 ch0:  R_CMD: ACTCMD    R_f1= 0x00    at time   55642303 ps
inst0 ch0:  C_CMD: RDCMD     C_r = 0x09d   at time   55642717 ps
inst0 ch0:  C_CMD: RDCMD     C_f = 0x002   at time   55643131 ps
inst0 ch0:  C_CMD: RDCMD     C_r = 0x055   at time   55644373 ps
inst0 ch0:  C_CMD: RDCMD     C_f = 0x000   at time   55644787 ps
inst0 ch0:  R_CMD: ACTCMD    R_r0= 0x2a    at time   55645201 ps
inst0 ch0:  R_CMD: ACTCMD    R_f0= 0x0a    at time   55645615 ps
inst0 ch0:  R_CMD: ACTCMD    R_r1= 0x00    at time   55646029 ps
inst0 ch0:  R_CMD: ACTCMD    R_f1= 0x00    at time   55646443 ps
inst0 ch0:  C_CMD: RDCMD     C_r = 0x015   at time   55646857 ps
inst0 ch0:  C_CMD: RDCMD     C_f = 0x000   at time   55647271 ps
inst0 ch0:  C_CMD: RDCMD     C_r = 0x05d   at time   55648513 ps
inst0 ch0:  C_CMD: RDCMD     C_f = 0x002   at time   55648927 ps
inst0 ch0:  R_CMD: ACTCMD    R_r0= 0x0a    at time   55649341 ps
inst0 ch0:  R_CMD: ACTCMD    R_f0= 0x0a    at time   55649755 ps
inst0 ch0:  R_CMD: ACTCMD    R_r1= 0x00    at time   55650169 ps
inst0 ch0:  C_CMD: RDCMD     C_r = 0x01d   at time   55650169 ps
inst0 ch0:  R_CMD: ACTCMD    R_f1= 0x00    at time   55650583 ps
inst0 ch0:  C_CMD: RDCMD     C_f = 0x002   at time   55650583 ps
inst0 ch0:  C_CMD: RDCMD     C_r = 0x0d5   at time   55651825 ps
inst0 ch0:  C_CMD: RDCMD     C_f = 0x080   at time   55652239 ps
inst0 ch0:  C_CMD: RDCMD     C_r = 0x0dd   at time   55655137 ps
inst0 ch0:  C_CMD: RDCMD     C_f = 0x082   at time   55655551 ps
inst0 ch0:  C_CMD: RDCMD     C_r = 0x095   at time   55656793 ps
inst0 ch0:  C_CMD: RDCMD     C_f = 0x080   at time   55657207 ps
inst0 ch0:  C_CMD: RDCMD     C_r = 0x09d   at time   55660105 ps
inst0 ch0:  C_CMD: RDCMD     C_f = 0x082   at time   55660519 ps
inst0 ch0:  C_CMD: RDCMD     C_r = 0x055   at time   55661761 ps
inst0 ch0:  C_CMD: RDCMD     C_f = 0x080   at time   55662175 ps
inst0 ch0:  C_CMD: RDCMD     C_r = 0x015   at time   55664245 ps
inst0 ch0:  C_CMD: RDCMD     C_f = 0x080   at time   55664659 ps
inst0 ch0:  C_CMD: RDCMD     C_r = 0x05d   at time   55665901 ps
inst0 ch0:  C_CMD: RDCMD     C_f = 0x082   at time   55666315 ps
inst0 ch0:  C_CMD: RDCMD     C_r = 0x01d   at time   55667557 ps
inst0 ch0:  C_CMD: RDCMD     C_f = 0x082   at time   55667971 ps
inst0 ch0:  R_CMD: ACTCMD    R_r0= 0x32    at time   55929205 ps
inst0 ch0:  R_CMD: ACTCMD    R_f0= 0x22    at time   55929619 ps
inst0 ch0:  R_CMD: ACTCMD    R_r1= 0x00    at time   55930033 ps
inst0 ch0:  R_CMD: ACTCMD    R_f1= 0x00    at time   55930447 ps
inst0 ch0:  R_CMD: ACTCMD    R_r0= 0x12    at time   55933345 ps
inst0 ch0:  R_CMD: ACTCMD    R_f0= 0x22    at time   55933759 ps
inst0 ch0:  R_CMD: ACTCMD    R_r1= 0x00    at time   55934173 ps
inst0 ch0:  R_CMD: ACTCMD    R_f1= 0x00    at time   55934587 ps
inst0 ch0:  R_CMD: ACTCMD    R_r0= 0x32    at time   55937485 ps
inst0 ch0:  R_CMD: ACTCMD    R_f0= 0x02    at time   55937899 ps
inst0 ch0:  R_CMD: ACTCMD    R_r1= 0x00    at time   55938313 ps
inst0 ch0:  R_CMD: ACTCMD    R_f1= 0x00    at time   55938727 ps
inst0 ch0:  C_CMD: RDCMD     C_r = 0x0e5   at time   55944109 ps
inst0 ch0:  C_CMD: RDCMD     C_f = 0x000   at time   55944523 ps
inst0 ch0:  C_CMD: RDCMD     C_r = 0x0ed   at time   55947421 ps
inst0 ch0:  C_CMD: RDCMD     C_f = 0x002   at time   55947835 ps
inst0 ch0:  C_CMD: RDCMD     C_r = 0x0a5   at time   55949077 ps
inst0 ch0:  C_CMD: RDCMD     C_f = 0x000   at time   55949491 ps
inst0 ch0:  C_CMD: RDCMD     C_r = 0x0ad   at time   55952389 ps
inst0 ch0:  C_CMD: RDCMD     C_f = 0x002   at time   55952803 ps
inst0 ch0:  C_CMD: RDCMD     C_r = 0x065   at time   55954045 ps
inst0 ch0:  C_CMD: RDCMD     C_f = 0x000   at time   55954459 ps
inst0 ch0:  C_CMD: RDCMD     C_r = 0x06d   at time   55957357 ps
inst0 ch0:  C_CMD: RDCMD     C_f = 0x002   at time   55957771 ps
inst0 ch0:  R_CMD: ACTCMD    R_r0= 0x12    at time   55979713 ps
inst0 ch0:  R_CMD: ACTCMD    R_f0= 0x02    at time   55980127 ps
inst0 ch0:  R_CMD: ACTCMD    R_r1= 0x00    at time   55980541 ps
inst0 ch0:  R_CMD: ACTCMD    R_f1= 0x00    at time   55980955 ps
inst0 ch0:  R_CMD: ACTCMD    R_r0= 0x32    at time   55991305 ps
inst0 ch0:  R_CMD: ACTCMD    R_f0= 0x2a    at time   55991719 ps
inst0 ch0:  R_CMD: ACTCMD    R_r1= 0x00    at time   55992133 ps
inst0 ch0:  R_CMD: ACTCMD    R_f1= 0x00    at time   55992547 ps
inst0 ch0:  C_CMD: RDCMD     C_r = 0x025   at time   55994617 ps
inst0 ch0:  C_CMD: RDCMD     C_f = 0x000   at time   55995031 ps
inst0 ch0:  R_CMD: ACTCMD    R_r0= 0x12    at time   55995445 ps
inst0 ch0:  R_CMD: ACTCMD    R_f0= 0x2a    at time   55995859 ps
inst0 ch0:  R_CMD: ACTCMD    R_r1= 0x00    at time   55996273 ps
inst0 ch0:  R_CMD: ACTCMD    R_f1= 0x00    at time   55996687 ps
inst0 ch0:  C_CMD: RDCMD     C_r = 0x02d   at time   55997929 ps
inst0 ch0:  C_CMD: RDCMD     C_f = 0x002   at time   55998343 ps
inst0 ch0:  R_CMD: ACTCMD    R_r0= 0x32    at time   55999585 ps
inst0 ch0:  R_CMD: ACTCMD    R_f0= 0x0a    at time   55999999 ps
inst0 ch0:  R_CMD: ACTCMD    R_r1= 0x00    at time   56000413 ps
inst0 ch0:  R_CMD: ACTCMD    R_f1= 0x00    at time   56000827 ps
inst0 ch0:  R_CMD: ACTCMD    R_r0= 0x12    at time   56003725 ps
inst0 ch0:  R_CMD: ACTCMD    R_f0= 0x0a    at time   56004139 ps
inst0 ch0:  R_CMD: ACTCMD    R_r1= 0x00    at time   56004553 ps
inst0 ch0:  R_CMD: ACTCMD    R_f1= 0x00    at time   56004967 ps
inst0 ch0:  C_CMD: RDCMD     C_r = 0x0e5   at time   56006209 ps
inst0 ch0:  C_CMD: RDCMD     C_f = 0x080   at time   56006623 ps
inst0 ch0:  C_CMD: RDCMD     C_r = 0x0ed   at time   56009521 ps
inst0 ch0:  C_CMD: RDCMD     C_f = 0x082   at time   56009935 ps
inst0 ch0:  C_CMD: RDCMD     C_r = 0x0a5   at time   56011177 ps
inst0 ch0:  C_CMD: RDCMD     C_f = 0x080   at time   56011591 ps
inst0 ch0:  C_CMD: RDCMD     C_r = 0x0ad   at time   56014489 ps
inst0 ch0:  C_CMD: RDCMD     C_f = 0x082   at time   56014903 ps
inst0 ch0:  C_CMD: RDCMD     C_r = 0x065   at time   56016145 ps
inst0 ch0:  C_CMD: RDCMD     C_f = 0x080   at time   56016559 ps
inst0 ch0:  C_CMD: RDCMD     C_r = 0x025   at time   56018629 ps
inst0 ch0:  C_CMD: RDCMD     C_f = 0x080   at time   56019043 ps
inst0 ch0:  C_CMD: RDCMD     C_r = 0x06d   at time   56020285 ps
inst0 ch0:  C_CMD: RDCMD     C_f = 0x082   at time   56020699 ps
inst0 ch0:  C_CMD: RDCMD     C_r = 0x02d   at time   56021941 ps
inst0 ch0:  C_CMD: RDCMD     C_f = 0x082   at time   56022355 ps
inst0 ch0:  R_CMD: ACTCMD    R_r0= 0x3a    at time   56286073 ps
inst0 ch0:  R_CMD: ACTCMD    R_f0= 0x22    at time   56286487 ps
inst0 ch0:  R_CMD: ACTCMD    R_r1= 0x00    at time   56286901 ps
inst0 ch0:  R_CMD: ACTCMD    R_f1= 0x00    at time   56287315 ps
inst0 ch0:  R_CMD: ACTCMD    R_r0= 0x1a    at time   56290213 ps
inst0 ch0:  R_CMD: ACTCMD    R_f0= 0x22    at time   56290627 ps
inst0 ch0:  R_CMD: ACTCMD    R_r1= 0x00    at time   56291041 ps
inst0 ch0:  R_CMD: ACTCMD    R_f1= 0x00    at time   56291455 ps
inst0 ch0:  R_CMD: ACTCMD    R_r0= 0x3a    at time   56294353 ps
inst0 ch0:  R_CMD: ACTCMD    R_f0= 0x02    at time   56294767 ps
inst0 ch0:  R_CMD: ACTCMD    R_r1= 0x00    at time   56295181 ps
inst0 ch0:  R_CMD: ACTCMD    R_f1= 0x00    at time   56295595 ps
inst0 ch0:  R_CMD: ACTCMD    R_r0= 0x1a    at time   56298493 ps
inst0 ch0:  R_CMD: ACTCMD    R_f0= 0x02    at time   56298907 ps
inst0 ch0:  R_CMD: ACTCMD    R_r1= 0x00    at time   56299321 ps
inst0 ch0:  R_CMD: ACTCMD    R_f1= 0x00    at time   56299735 ps
inst0 ch0:  C_CMD: RDCMD     C_r = 0x0f5   at time   56300977 ps
inst0 ch0:  C_CMD: RDCMD     C_f = 0x000   at time   56301391 ps
inst0 ch0:  C_CMD: RDCMD     C_r = 0x0fd   at time   56304289 ps
inst0 ch0:  C_CMD: RDCMD     C_f = 0x002   at time   56304703 ps
inst0 ch0:  C_CMD: RDCMD     C_r = 0x0b5   at time   56305945 ps
inst0 ch0:  C_CMD: RDCMD     C_f = 0x000   at time   56306359 ps
inst0 ch0:  C_CMD: RDCMD     C_r = 0x0bd   at time   56309257 ps
inst0 ch0:  C_CMD: RDCMD     C_f = 0x002   at time   56309671 ps
inst0 ch0:  C_CMD: RDCMD     C_r = 0x075   at time   56310913 ps
inst0 ch0:  C_CMD: RDCMD     C_f = 0x000   at time   56311327 ps
inst0 ch0:  C_CMD: RDCMD     C_r = 0x035   at time   56313397 ps
inst0 ch0:  C_CMD: RDCMD     C_f = 0x000   at time   56313811 ps
inst0 ch0:  C_CMD: RDCMD     C_r = 0x07d   at time   56315053 ps
inst0 ch0:  C_CMD: RDCMD     C_f = 0x002   at time   56315467 ps
inst0 ch0:  C_CMD: RDCMD     C_r = 0x03d   at time   56316709 ps
inst0 ch0:  C_CMD: RDCMD     C_f = 0x002   at time   56317123 ps
inst0 ch0:  R_CMD: ACTCMD    R_r0= 0x3a    at time   56631349 ps
inst0 ch0:  R_CMD: ACTCMD    R_f0= 0x2a    at time   56631763 ps
inst0 ch0:  R_CMD: ACTCMD    R_r1= 0x00    at time   56632177 ps
inst0 ch0:  R_CMD: ACTCMD    R_f1= 0x00    at time   56632591 ps
inst0 ch0:  R_CMD: ACTCMD    R_r0= 0x1a    at time   56635489 ps
inst0 ch0:  R_CMD: ACTCMD    R_f0= 0x2a    at time   56635903 ps
inst0 ch0:  R_CMD: ACTCMD    R_r1= 0x00    at time   56636317 ps
inst0 ch0:  R_CMD: ACTCMD    R_f1= 0x00    at time   56636731 ps
inst0 ch0:  R_CMD: ACTCMD    R_r0= 0x3a    at time   56639629 ps
inst0 ch0:  R_CMD: ACTCMD    R_f0= 0x0a    at time   56640043 ps
inst0 ch0:  R_CMD: ACTCMD    R_r1= 0x00    at time   56640457 ps
inst0 ch0:  R_CMD: ACTCMD    R_f1= 0x00    at time   56640871 ps
inst0 ch0:  R_CMD: ACTCMD    R_r0= 0x1a    at time   56643769 ps
inst0 ch0:  R_CMD: ACTCMD    R_f0= 0x0a    at time   56644183 ps
inst0 ch0:  R_CMD: ACTCMD    R_r1= 0x00    at time   56644597 ps
inst0 ch0:  R_CMD: ACTCMD    R_f1= 0x00    at time   56645011 ps
inst0 ch0:  C_CMD: RDCMD     C_r = 0x0f5   at time   56646253 ps
inst0 ch0:  C_CMD: RDCMD     C_f = 0x080   at time   56646667 ps
inst0 ch0:  C_CMD: RDCMD     C_r = 0x0fd   at time   56649565 ps
inst0 ch0:  C_CMD: RDCMD     C_f = 0x082   at time   56649979 ps
inst0 ch0:  C_CMD: RDCMD     C_r = 0x0b5   at time   56651221 ps
inst0 ch0:  C_CMD: RDCMD     C_f = 0x080   at time   56651635 ps
inst0 ch0:  C_CMD: RDCMD     C_r = 0x0bd   at time   56654533 ps
inst0 ch0:  C_CMD: RDCMD     C_f = 0x082   at time   56654947 ps
inst0 ch0:  C_CMD: RDCMD     C_r = 0x075   at time   56656189 ps
inst0 ch0:  C_CMD: RDCMD     C_f = 0x080   at time   56656603 ps
inst0 ch0:  C_CMD: RDCMD     C_r = 0x035   at time   56658673 ps
inst0 ch0:  C_CMD: RDCMD     C_f = 0x080   at time   56659087 ps
inst0 ch0:  C_CMD: RDCMD     C_r = 0x07d   at time   56660329 ps
inst0 ch0:  C_CMD: RDCMD     C_f = 0x082   at time   56660743 ps
inst0 ch0:  C_CMD: RDCMD     C_r = 0x03d   at time   56661985 ps
inst0 ch0:  C_CMD: RDCMD     C_f = 0x082   at time   56662399 ps
inst0 ch0:  R_CMD: ACTCMD    R_r0= 0x02    at time   56946817 ps
inst0 ch0:  R_CMD: ACTCMD    R_f0= 0x10    at time   56947231 ps
inst0 ch0:  R_CMD: ACTCMD    R_r1= 0x3f    at time   56947645 ps
inst0 ch0:  R_CMD: ACTCMD    R_f1= 0x3b    at time   56948059 ps
inst0 ch0:  C_CMD: WRCMD     C_r = 0x009   at time   56957581 ps
inst0 ch0:  C_CMD: WRCMD     C_f = 0x07a   at time   56957995 ps
inst0 ch0:  R_CMD: ACTCMD    R_r0= 0x02    at time   57099169 ps
inst0 ch0:  R_CMD: ACTCMD    R_f0= 0x18    at time   57099583 ps
inst0 ch0:  R_CMD: ACTCMD    R_r1= 0x3f    at time   57099997 ps
inst0 ch0:  R_CMD: ACTCMD    R_f1= 0x3b    at time   57100411 ps
inst0 ch0:  C_CMD: WRCMD     C_r = 0x009   at time   57109933 ps
inst0 ch0:  C_CMD: WRCMD     C_f = 0x0fa   at time   57110347 ps
inst0 ch0:  R_CMD: ACTCMD    R_r0= 0x0a    at time   57696985 ps
inst0 ch0:  R_CMD: ACTCMD    R_f0= 0x10    at time   57697399 ps
inst0 ch0:  R_CMD: ACTCMD    R_r1= 0x3f    at time   57697813 ps
inst0 ch0:  R_CMD: ACTCMD    R_f1= 0x3b    at time   57698227 ps
inst0 ch0:  C_CMD: WRCMD     C_r = 0x019   at time   57707749 ps
inst0 ch0:  C_CMD: WRCMD     C_f = 0x07a   at time   57708163 ps
inst0 ch0:  R_CMD: ACTCMD    R_r0= 0x02    at time   57826981 ps
inst0 ch0:  R_CMD: ACTCMD    R_f0= 0x30    at time   57827395 ps
inst0 ch0:  R_CMD: ACTCMD    R_r1= 0x3f    at time   57827809 ps
inst0 ch0:  R_CMD: ACTCMD    R_f1= 0x3b    at time   57828223 ps
inst0 ch0:  C_CMD: WRCMD     C_r = 0x089   at time   57837745 ps
inst0 ch0:  C_CMD: WRCMD     C_f = 0x07a   at time   57838159 ps
inst0 ch0:  R_CMD: ACTCMD    R_r0= 0x0a    at time   57894877 ps
inst0 ch0:  R_CMD: ACTCMD    R_f0= 0x18    at time   57895291 ps
inst0 ch0:  R_CMD: ACTCMD    R_r1= 0x3f    at time   57895705 ps
inst0 ch0:  R_CMD: ACTCMD    R_f1= 0x3b    at time   57896119 ps
inst0 ch0:  C_CMD: WRCMD     C_r = 0x019   at time   57905641 ps
inst0 ch0:  C_CMD: WRCMD     C_f = 0x0fa   at time   57906055 ps
inst0 ch0:  R_CMD: ACTCMD    R_r0= 0x0a    at time   57969397 ps
inst0 ch0:  R_CMD: ACTCMD    R_f0= 0x30    at time   57969811 ps
inst0 ch0:  R_CMD: ACTCMD    R_r1= 0x3f    at time   57970225 ps
inst0 ch0:  R_CMD: ACTCMD    R_f1= 0x3b    at time   57970639 ps
inst0 ch0:  C_CMD: WRCMD     C_r = 0x099   at time   57980161 ps
inst0 ch0:  C_CMD: WRCMD     C_f = 0x07a   at time   57980575 ps
inst0 ch0:  R_CMD: ACTCMD    R_r0= 0x02    at time   58144933 ps
inst0 ch0:  R_CMD: ACTCMD    R_f0= 0x38    at time   58145347 ps
inst0 ch0:  R_CMD: ACTCMD    R_r1= 0x3f    at time   58145761 ps
inst0 ch0:  R_CMD: ACTCMD    R_f1= 0x3b    at time   58146175 ps
inst0 ch0:  C_CMD: WRCMD     C_r = 0x089   at time   58155697 ps
inst0 ch0:  C_CMD: WRCMD     C_f = 0x0fa   at time   58156111 ps
inst0 ch0:  R_CMD: ACTCMD    R_r0= 0x0a    at time   58310533 ps
inst0 ch0:  R_CMD: ACTCMD    R_f0= 0x38    at time   58310947 ps
inst0 ch0:  R_CMD: ACTCMD    R_r1= 0x3f    at time   58311361 ps
inst0 ch0:  R_CMD: ACTCMD    R_f1= 0x3b    at time   58311775 ps
inst0 ch0:  C_CMD: WRCMD     C_r = 0x099   at time   58321297 ps
inst0 ch0:  C_CMD: WRCMD     C_f = 0x0fa   at time   58321711 ps
inst0 ch0:  R_CMD: ACTCMD    R_r0= 0x0a    at time   58918285 ps
inst0 ch0:  R_CMD: ACTCMD    R_f0= 0x1b    at time   58918699 ps
inst0 ch0:  R_CMD: ACTCMD    R_r1= 0x3f    at time   58919113 ps
inst0 ch0:  R_CMD: ACTCMD    R_f1= 0x3b    at time   58919527 ps
inst0 ch0:  C_CMD: WRCMD     C_r = 0x019   at time   58929049 ps
inst0 ch0:  C_CMD: WRCMD     C_f = 0x090   at time   58929463 ps
inst0 ch0:  R_CMD: ACTCMD    R_r0= 0x0a    at time   59070637 ps
inst0 ch0:  R_CMD: ACTCMD    R_f0= 0x13    at time   59071051 ps
inst0 ch0:  R_CMD: ACTCMD    R_r1= 0x3f    at time   59071465 ps
inst0 ch0:  R_CMD: ACTCMD    R_f1= 0x3b    at time   59071879 ps
inst0 ch0:  C_CMD: WRCMD     C_r = 0x019   at time   59081401 ps
inst0 ch0:  C_CMD: WRCMD     C_f = 0x010   at time   59081815 ps
inst0 ch0:  R_CMD: ACTCMD    R_r0= 0x02    at time   59300821 ps
inst0 ch0:  R_CMD: ACTCMD    R_f0= 0x1b    at time   59301235 ps
inst0 ch0:  R_CMD: ACTCMD    R_r1= 0x3f    at time   59301649 ps
inst0 ch0:  R_CMD: ACTCMD    R_f1= 0x3b    at time   59302063 ps
inst0 ch0:  C_CMD: WRCMD     C_r = 0x009   at time   59311585 ps
inst0 ch0:  C_CMD: WRCMD     C_f = 0x080   at time   59311999 ps
inst0 ch0:  R_CMD: ACTCMD    R_r0= 0x02    at time   59505337 ps
inst0 ch0:  R_CMD: ACTCMD    R_f0= 0x13    at time   59505751 ps
inst0 ch0:  R_CMD: ACTCMD    R_r1= 0x3f    at time   59506165 ps
inst0 ch0:  R_CMD: ACTCMD    R_f1= 0x3b    at time   59506579 ps
inst0 ch0:  C_CMD: WRCMD     C_r = 0x009   at time   59516101 ps
inst0 ch0:  C_CMD: WRCMD     C_f = 0x000   at time   59516515 ps
inst0 ch0:  R_CMD: ACTCMD    R_r0= 0x02    at time   60676957 ps
inst0 ch0:  R_CMD: ACTCMD    R_f0= 0x08    at time   60677371 ps
inst0 ch0:  R_CMD: ACTCMD    R_r1= 0x00    at time   60677785 ps
inst0 ch0:  R_CMD: ACTCMD    R_f1= 0x00    at time   60678199 ps
inst0 ch0:  C_CMD: RDCMD     C_r = 0x005   at time   60691861 ps
inst0 ch0:  C_CMD: RDCMD     C_f = 0x098   at time   60692275 ps
inst0 ch0:  C_CMD: RDCMD     C_r = 0x005   at time   60695173 ps
inst0 ch0:  C_CMD: RDCMD     C_f = 0x09a   at time   60695587 ps
inst0 ch0:  C_CMD: RDCMD     C_r = 0x005   at time   60698485 ps
inst0 ch0:  C_CMD: RDCMD     C_f = 0x090   at time   60698899 ps
inst0 ch0:  C_CMD: RDCMD     C_r = 0x005   at time   60701797 ps
inst0 ch0:  C_CMD: RDCMD     C_f = 0x092   at time   60702211 ps
inst0 ch0:  C_CMD: RDCMD     C_r = 0x005   at time   60705109 ps
inst0 ch0:  C_CMD: RDCMD     C_f = 0x088   at time   60705523 ps
inst0 ch0:  C_CMD: RDCMD     C_r = 0x005   at time   60708421 ps
inst0 ch0:  C_CMD: RDCMD     C_f = 0x08a   at time   60708835 ps
inst0 ch0:  C_CMD: RDCMD     C_r = 0x005   at time   60711733 ps
inst0 ch0:  C_CMD: RDCMD     C_f = 0x080   at time   60712147 ps
inst0 ch0:  C_CMD: RDCMD     C_r = 0x00d   at time   60715045 ps
inst0 ch0:  C_CMD: RDCMD     C_f = 0x082   at time   60715459 ps
inst0 ch0:  R_CMD: ACTCMD    R_r0= 0x02    at time   60965929 ps
inst0 ch0:  R_CMD: ACTCMD    R_f0= 0x00    at time   60966343 ps
inst0 ch0:  R_CMD: ACTCMD    R_r1= 0x00    at time   60966757 ps
inst0 ch0:  R_CMD: ACTCMD    R_f1= 0x00    at time   60967171 ps
inst0 ch0:  C_CMD: RDCMD     C_r = 0x005   at time   60980833 ps
inst0 ch0:  C_CMD: RDCMD     C_f = 0x018   at time   60981247 ps
inst0 ch0:  C_CMD: RDCMD     C_r = 0x005   at time   60984145 ps
inst0 ch0:  C_CMD: RDCMD     C_f = 0x01a   at time   60984559 ps
inst0 ch0:  C_CMD: RDCMD     C_r = 0x005   at time   60987457 ps
inst0 ch0:  C_CMD: RDCMD     C_f = 0x010   at time   60987871 ps
inst0 ch0:  C_CMD: RDCMD     C_r = 0x005   at time   60990769 ps
inst0 ch0:  C_CMD: RDCMD     C_f = 0x012   at time   60991183 ps
inst0 ch0:  C_CMD: RDCMD     C_r = 0x005   at time   60994081 ps
inst0 ch0:  C_CMD: RDCMD     C_f = 0x008   at time   60994495 ps
inst0 ch0:  C_CMD: RDCMD     C_r = 0x005   at time   60997393 ps
inst0 ch0:  C_CMD: RDCMD     C_f = 0x00a   at time   60997807 ps
inst0 ch0:  C_CMD: RDCMD     C_r = 0x005   at time   61000705 ps
inst0 ch0:  C_CMD: RDCMD     C_f = 0x000   at time   61001119 ps
inst0 ch0:  C_CMD: RDCMD     C_r = 0x00d   at time   61004017 ps
inst0 ch0:  C_CMD: RDCMD     C_f = 0x002   at time   61004431 ps
inst0 ch0:  R_CMD: ACTCMD    R_r0= 0x0a    at time   61199425 ps
inst0 ch0:  R_CMD: ACTCMD    R_f0= 0x08    at time   61199839 ps
inst0 ch0:  R_CMD: ACTCMD    R_r1= 0x00    at time   61200253 ps
inst0 ch0:  R_CMD: ACTCMD    R_f1= 0x00    at time   61200667 ps
inst0 ch0:  C_CMD: RDCMD     C_r = 0x015   at time   61214329 ps
inst0 ch0:  C_CMD: RDCMD     C_f = 0x098   at time   61214743 ps
inst0 ch0:  C_CMD: RDCMD     C_r = 0x015   at time   61217641 ps
inst0 ch0:  C_CMD: RDCMD     C_f = 0x09a   at time   61218055 ps
inst0 ch0:  C_CMD: RDCMD     C_r = 0x015   at time   61220953 ps
inst0 ch0:  C_CMD: RDCMD     C_f = 0x090   at time   61221367 ps
inst0 ch0:  C_CMD: RDCMD     C_r = 0x015   at time   61224265 ps
inst0 ch0:  C_CMD: RDCMD     C_f = 0x092   at time   61224679 ps
inst0 ch0:  C_CMD: RDCMD     C_r = 0x015   at time   61227577 ps
inst0 ch0:  C_CMD: RDCMD     C_f = 0x088   at time   61227991 ps
inst0 ch0:  C_CMD: RDCMD     C_r = 0x015   at time   61230889 ps
inst0 ch0:  C_CMD: RDCMD     C_f = 0x08a   at time   61231303 ps
inst0 ch0:  C_CMD: RDCMD     C_r = 0x015   at time   61234201 ps
inst0 ch0:  C_CMD: RDCMD     C_f = 0x080   at time   61234615 ps
inst0 ch0:  C_CMD: RDCMD     C_r = 0x01d   at time   61237513 ps
inst0 ch0:  C_CMD: RDCMD     C_f = 0x082   at time   61237927 ps
inst0 ch0:  R_CMD: ACTCMD    R_r0= 0x0a    at time   61496677 ps
inst0 ch0:  R_CMD: ACTCMD    R_f0= 0x08    at time   61497091 ps
inst0 ch0:  R_CMD: ACTCMD    R_r1= 0x00    at time   61497505 ps
inst0 ch0:  R_CMD: ACTCMD    R_f1= 0x00    at time   61497919 ps
inst0 ch0:  C_CMD: WRCMD     C_r = 0x011   at time   61507441 ps
inst0 ch0:  C_CMD: WRCMD     C_f = 0x0b8   at time   61507855 ps
inst0 ch0:  C_CMD: WRCMD     C_r = 0x011   at time   61510753 ps
inst0 ch0:  C_CMD: WRCMD     C_f = 0x0ba   at time   61511167 ps
inst0 ch0:  C_CMD: WRCMD     C_r = 0x011   at time   61514065 ps
inst0 ch0:  C_CMD: WRCMD     C_f = 0x0b0   at time   61514479 ps
inst0 ch0:  C_CMD: WRCMD     C_r = 0x011   at time   61517377 ps
inst0 ch0:  C_CMD: WRCMD     C_f = 0x0b2   at time   61517791 ps
inst0 ch0:  C_CMD: WRCMD     C_r = 0x011   at time   61520689 ps
inst0 ch0:  C_CMD: WRCMD     C_f = 0x0a8   at time   61521103 ps
inst0 ch0:  C_CMD: WRCMD     C_r = 0x011   at time   61524001 ps
inst0 ch0:  C_CMD: WRCMD     C_f = 0x0aa   at time   61524415 ps
inst0 ch0:  C_CMD: WRCMD     C_r = 0x011   at time   61527313 ps
inst0 ch0:  C_CMD: WRCMD     C_f = 0x0a0   at time   61527727 ps
inst0 ch0:  C_CMD: WRCMD     C_r = 0x019   at time   61530625 ps
inst0 ch0:  C_CMD: WRCMD     C_f = 0x0a2   at time   61531039 ps
inst0 ch0:  R_CMD: ACTCMD    R_r0= 0x0a    at time   61547185 ps
inst0 ch0:  R_CMD: ACTCMD    R_f0= 0x00    at time   61547599 ps
inst0 ch0:  R_CMD: ACTCMD    R_r1= 0x00    at time   61548013 ps
inst0 ch0:  R_CMD: ACTCMD    R_f1= 0x00    at time   61548427 ps
inst0 ch0:  C_CMD: RDCMD     C_r = 0x015   at time   61562089 ps
inst0 ch0:  C_CMD: RDCMD     C_f = 0x018   at time   61562503 ps
inst0 ch0:  C_CMD: RDCMD     C_r = 0x015   at time   61565401 ps
inst0 ch0:  C_CMD: RDCMD     C_f = 0x01a   at time   61565815 ps
inst0 ch0:  C_CMD: RDCMD     C_r = 0x015   at time   61568713 ps
inst0 ch0:  C_CMD: RDCMD     C_f = 0x010   at time   61569127 ps
inst0 ch0:  C_CMD: RDCMD     C_r = 0x015   at time   61572025 ps
inst0 ch0:  C_CMD: RDCMD     C_f = 0x012   at time   61572439 ps
inst0 ch0:  C_CMD: RDCMD     C_r = 0x015   at time   61575337 ps
inst0 ch0:  C_CMD: RDCMD     C_f = 0x008   at time   61575751 ps
inst0 ch0:  C_CMD: RDCMD     C_r = 0x015   at time   61578649 ps
inst0 ch0:  C_CMD: RDCMD     C_f = 0x00a   at time   61579063 ps
inst0 ch0:  C_CMD: RDCMD     C_r = 0x015   at time   61581961 ps
inst0 ch0:  C_CMD: RDCMD     C_f = 0x000   at time   61582375 ps
inst0 ch0:  C_CMD: RDCMD     C_r = 0x01d   at time   61585273 ps
inst0 ch0:  C_CMD: RDCMD     C_f = 0x002   at time   61585687 ps
inst0 ch0:  R_CMD: ACTCMD    R_r0= 0x0a    at time   61796413 ps
inst0 ch0:  R_CMD: ACTCMD    R_f0= 0x00    at time   61796827 ps
inst0 ch0:  R_CMD: ACTCMD    R_r1= 0x00    at time   61797241 ps
inst0 ch0:  R_CMD: ACTCMD    R_f1= 0x00    at time   61797655 ps
inst0 ch0:  C_CMD: WRCMD     C_r = 0x011   at time   61807177 ps
inst0 ch0:  C_CMD: WRCMD     C_f = 0x038   at time   61807591 ps
inst0 ch0:  C_CMD: WRCMD     C_r = 0x011   at time   61810489 ps
inst0 ch0:  C_CMD: WRCMD     C_f = 0x03a   at time   61810903 ps
inst0 ch0:  C_CMD: WRCMD     C_r = 0x011   at time   61813801 ps
inst0 ch0:  C_CMD: WRCMD     C_f = 0x030   at time   61814215 ps
inst0 ch0:  C_CMD: WRCMD     C_r = 0x011   at time   61817113 ps
inst0 ch0:  C_CMD: WRCMD     C_f = 0x032   at time   61817527 ps
inst0 ch0:  C_CMD: WRCMD     C_r = 0x011   at time   61820425 ps
inst0 ch0:  C_CMD: WRCMD     C_f = 0x028   at time   61820839 ps
inst0 ch0:  C_CMD: WRCMD     C_r = 0x011   at time   61823737 ps
inst0 ch0:  C_CMD: WRCMD     C_f = 0x02a   at time   61824151 ps
inst0 ch0:  C_CMD: WRCMD     C_r = 0x011   at time   61827049 ps
inst0 ch0:  C_CMD: WRCMD     C_f = 0x020   at time   61827463 ps
inst0 ch0:  C_CMD: WRCMD     C_r = 0x019   at time   61830361 ps
inst0 ch0:  C_CMD: WRCMD     C_f = 0x022   at time   61830775 ps
inst0 ch0:  R_CMD: ACTCMD    R_r0= 0x02    at time   62352829 ps
inst0 ch0:  R_CMD: ACTCMD    R_f0= 0x1b    at time   62353243 ps
inst0 ch0:  R_CMD: ACTCMD    R_r1= 0x3f    at time   62353657 ps
inst0 ch0:  R_CMD: ACTCMD    R_f1= 0x3b    at time   62354071 ps
inst0 ch0:  C_CMD: WRCMD     C_r = 0x009   at time   62363593 ps
inst0 ch0:  C_CMD: WRCMD     C_f = 0x080   at time   62364007 ps
inst0 ch0:  R_CMD: ACTCMD    R_r0= 0x02    at time   62551549 ps
inst0 ch0:  R_CMD: ACTCMD    R_f0= 0x13    at time   62551963 ps
inst0 ch0:  R_CMD: ACTCMD    R_r1= 0x3f    at time   62552377 ps
inst0 ch0:  R_CMD: ACTCMD    R_f1= 0x3b    at time   62552791 ps
inst0 ch0:  C_CMD: WRCMD     C_r = 0x009   at time   62562313 ps
inst0 ch0:  C_CMD: WRCMD     C_f = 0x000   at time   62562727 ps
inst0 ch0:  R_CMD: ACTCMD    R_r0= 0x0a    at time   62808229 ps
inst0 ch0:  R_CMD: ACTCMD    R_f0= 0x19    at time   62808643 ps
inst0 ch0:  R_CMD: ACTCMD    R_r1= 0x3f    at time   62809057 ps
inst0 ch0:  R_CMD: ACTCMD    R_f1= 0x3b    at time   62809471 ps
inst0 ch0:  R_CMD: ACTCMD    R_r0= 0x02    at time   62812369 ps
inst0 ch0:  R_CMD: ACTCMD    R_f0= 0x19    at time   62812783 ps
inst0 ch0:  R_CMD: ACTCMD    R_r1= 0x3f    at time   62813197 ps
inst0 ch0:  R_CMD: ACTCMD    R_f1= 0x3b    at time   62813611 ps
inst0 ch0:  C_CMD: WRCMD     C_r = 0x019   at time   62818993 ps
inst0 ch0:  C_CMD: WRCMD     C_f = 0x0fa   at time   62819407 ps
inst0 ch0:  C_CMD: WRCMD     C_r = 0x009   at time   62823133 ps
inst0 ch0:  C_CMD: WRCMD     C_f = 0x0fa   at time   62823547 ps
inst0 ch0:  R_CMD: ACTCMD    R_r0= 0x0a    at time   62832241 ps
inst0 ch0:  R_CMD: ACTCMD    R_f0= 0x11    at time   62832655 ps
inst0 ch0:  R_CMD: ACTCMD    R_r1= 0x3f    at time   62833069 ps
inst0 ch0:  R_CMD: ACTCMD    R_f1= 0x3b    at time   62833483 ps
inst0 ch0:  R_CMD: ACTCMD    R_r0= 0x02    at time   62836381 ps
inst0 ch0:  R_CMD: ACTCMD    R_f0= 0x11    at time   62836795 ps
inst0 ch0:  R_CMD: ACTCMD    R_r1= 0x3f    at time   62837209 ps
inst0 ch0:  R_CMD: ACTCMD    R_f1= 0x3b    at time   62837623 ps
inst0 ch0:  C_CMD: WRCMD     C_r = 0x019   at time   62843005 ps
inst0 ch0:  C_CMD: WRCMD     C_f = 0x07a   at time   62843419 ps
inst0 ch0:  C_CMD: WRCMD     C_r = 0x009   at time   62847145 ps
inst0 ch0:  C_CMD: WRCMD     C_f = 0x07a   at time   62847559 ps
inst0 ch0:  R_CMD: ACTCMD    R_r0= 0x0a    at time   63170893 ps
inst0 ch0:  R_CMD: ACTCMD    R_f0= 0x0a    at time   63171307 ps
inst0 ch0:  R_CMD: ACTCMD    R_r1= 0x00    at time   63171721 ps
inst0 ch0:  R_CMD: ACTCMD    R_f1= 0x00    at time   63172135 ps
inst0 ch0:  R_CMD: ACTCMD    R_r0= 0x02    at time   63175033 ps
inst0 ch0:  R_CMD: ACTCMD    R_f0= 0x0a    at time   63175447 ps
inst0 ch0:  R_CMD: ACTCMD    R_r1= 0x00    at time   63175861 ps
inst0 ch0:  R_CMD: ACTCMD    R_f1= 0x00    at time   63176275 ps
inst0 ch0:  C_CMD: RDCMD     C_r = 0x015   at time   63185797 ps
inst0 ch0:  C_CMD: RDCMD     C_f = 0x080   at time   63186211 ps
inst0 ch0:  C_CMD: RDCMD     C_r = 0x01d   at time   63189109 ps
inst0 ch0:  C_CMD: RDCMD     C_f = 0x082   at time   63189523 ps
inst0 ch0:  C_CMD: RDCMD     C_r = 0x005   at time   63192421 ps
inst0 ch0:  C_CMD: RDCMD     C_f = 0x080   at time   63192835 ps
inst0 ch0:  C_CMD: RDCMD     C_r = 0x00d   at time   63195733 ps
inst0 ch0:  C_CMD: RDCMD     C_f = 0x082   at time   63196147 ps
inst0 ch0:  R_CMD: ACTCMD    R_r0= 0x0a    at time   63467317 ps
inst0 ch0:  R_CMD: ACTCMD    R_f0= 0x02    at time   63467731 ps
inst0 ch0:  R_CMD: ACTCMD    R_r1= 0x00    at time   63468145 ps
inst0 ch0:  R_CMD: ACTCMD    R_f1= 0x00    at time   63468559 ps
inst0 ch0:  R_CMD: ACTCMD    R_r0= 0x02    at time   63471457 ps
inst0 ch0:  R_CMD: ACTCMD    R_f0= 0x02    at time   63471871 ps
inst0 ch0:  R_CMD: ACTCMD    R_r1= 0x00    at time   63472285 ps
inst0 ch0:  R_CMD: ACTCMD    R_f1= 0x00    at time   63472699 ps
inst0 ch0:  C_CMD: RDCMD     C_r = 0x015   at time   63482221 ps
inst0 ch0:  C_CMD: RDCMD     C_f = 0x000   at time   63482635 ps
inst0 ch0:  C_CMD: RDCMD     C_r = 0x01d   at time   63485533 ps
inst0 ch0:  C_CMD: RDCMD     C_f = 0x002   at time   63485947 ps
inst0 ch0:  C_CMD: RDCMD     C_r = 0x005   at time   63488845 ps
inst0 ch0:  C_CMD: RDCMD     C_f = 0x000   at time   63489259 ps
inst0 ch0:  C_CMD: RDCMD     C_r = 0x00d   at time   63492157 ps
inst0 ch0:  C_CMD: RDCMD     C_f = 0x002   at time   63492571 ps
