inst0 ch0:  R_CMD: ACTCMD    R_r0= 0x0e    at time   33400981 ps
inst0 ch0:  R_CMD: ACTCMD    R_f0= 0x28    at time   33401395 ps
inst0 ch0:  R_CMD: ACTCMD    R_r1= 0x00    at time   33401809 ps
inst0 ch0:  R_CMD: ACTCMD    R_f1= 0x02    at time   33402223 ps
inst0 ch0:  R_CMD: ACTCMD    R_r0= 0x0e    at time   33402637 ps
inst0 ch0:  R_CMD: ACTCMD    R_f0= 0x20    at time   33403051 ps
inst0 ch0:  R_CMD: ACTCMD    R_r1= 0x00    at time   33403465 ps
inst0 ch0:  R_CMD: ACTCMD    R_f1= 0x02    at time   33403879 ps
inst0 ch0:  C_CMD: WRCMD     C_r = 0x091   at time   33411745 ps
inst0 ch0:  C_CMD: WRCMD     C_f = 0x0a9   at time   33412159 ps
inst0 ch0:  C_CMD: WRCMD     C_r = 0x091   at time   33413401 ps
inst0 ch0:  C_CMD: WRCMD     C_f = 0x029   at time   33413815 ps
inst0 ch0:  C_CMD: WRCMD     C_r = 0x091   at time   33415057 ps
inst0 ch0:  C_CMD: WRCMD     C_f = 0x0ab   at time   33415471 ps
inst0 ch0:  C_CMD: WRCMD     C_r = 0x091   at time   33416713 ps
inst0 ch0:  C_CMD: WRCMD     C_f = 0x02b   at time   33417127 ps
inst0 ch0:  C_CMD: WRCMD     C_r = 0x091   at time   33418369 ps
inst0 ch0:  C_CMD: WRCMD     C_f = 0x0a1   at time   33418783 ps
inst0 ch0:  C_CMD: WRCMD     C_r = 0x091   at time   33420025 ps
inst0 ch0:  C_CMD: WRCMD     C_f = 0x021   at time   33420439 ps
inst0 ch0:  C_CMD: WRCMD     C_r = 0x099   at time   33421681 ps
inst0 ch0:  C_CMD: WRCMD     C_f = 0x0a3   at time   33422095 ps
inst0 ch0:  C_CMD: WRCMD     C_r = 0x099   at time   33423337 ps
inst0 ch0:  C_CMD: WRCMD     C_f = 0x023   at time   33423751 ps
inst0 ch0:  R_CMD: ACTCMD    R_r0= 0x2e    at time   37640341 ps
inst0 ch0:  R_CMD: ACTCMD    R_f0= 0x28    at time   37640755 ps
inst0 ch0:  R_CMD: ACTCMD    R_r1= 0x00    at time   37641169 ps
inst0 ch0:  R_CMD: ACTCMD    R_f1= 0x02    at time   37641583 ps
inst0 ch0:  R_CMD: ACTCMD    R_r0= 0x2e    at time   37641997 ps
inst0 ch0:  R_CMD: ACTCMD    R_f0= 0x20    at time   37642411 ps
inst0 ch0:  R_CMD: ACTCMD    R_r1= 0x00    at time   37642825 ps
inst0 ch0:  R_CMD: ACTCMD    R_f1= 0x02    at time   37643239 ps
inst0 ch0:  C_CMD: WRCMD     C_r = 0x0d1   at time   37651105 ps
inst0 ch0:  C_CMD: WRCMD     C_f = 0x0a9   at time   37651519 ps
inst0 ch0:  C_CMD: WRCMD     C_r = 0x0d1   at time   37652761 ps
inst0 ch0:  C_CMD: WRCMD     C_f = 0x029   at time   37653175 ps
inst0 ch0:  C_CMD: WRCMD     C_r = 0x0d1   at time   37654417 ps
inst0 ch0:  C_CMD: WRCMD     C_f = 0x0ab   at time   37654831 ps
inst0 ch0:  C_CMD: WRCMD     C_r = 0x0d1   at time   37656073 ps
inst0 ch0:  C_CMD: WRCMD     C_f = 0x02b   at time   37656487 ps
inst0 ch0:  C_CMD: WRCMD     C_r = 0x0d1   at time   37657729 ps
inst0 ch0:  C_CMD: WRCMD     C_f = 0x0a1   at time   37658143 ps
inst0 ch0:  C_CMD: WRCMD     C_r = 0x0d1   at time   37659385 ps
inst0 ch0:  C_CMD: WRCMD     C_f = 0x021   at time   37659799 ps
inst0 ch0:  C_CMD: WRCMD     C_r = 0x0d9   at time   37661041 ps
inst0 ch0:  C_CMD: WRCMD     C_f = 0x0a3   at time   37661455 ps
inst0 ch0:  C_CMD: WRCMD     C_r = 0x0d9   at time   37662697 ps
inst0 ch0:  C_CMD: WRCMD     C_f = 0x023   at time   37663111 ps
inst0 ch0:  R_CMD: ACTCMD    R_r0= 0x22    at time   54776629 ps
inst0 ch0:  R_CMD: ACTCMD    R_f0= 0x2a    at time   54777043 ps
inst0 ch0:  R_CMD: ACTCMD    R_r1= 0x00    at time   54777457 ps
inst0 ch0:  R_CMD: ACTCMD    R_f1= 0x00    at time   54777871 ps
inst0 ch0:  R_CMD: ACTCMD    R_r0= 0x02    at time   54780769 ps
inst0 ch0:  R_CMD: ACTCMD    R_f0= 0x2a    at time   54781183 ps
inst0 ch0:  R_CMD: ACTCMD    R_r1= 0x00    at time   54781597 ps
inst0 ch0:  R_CMD: ACTCMD    R_f1= 0x00    at time   54782011 ps
inst0 ch0:  R_CMD: ACTCMD    R_r0= 0x22    at time   54782425 ps
inst0 ch0:  R_CMD: ACTCMD    R_f0= 0x22    at time   54782839 ps
inst0 ch0:  R_CMD: ACTCMD    R_r1= 0x00    at time   54783253 ps
inst0 ch0:  R_CMD: ACTCMD    R_f1= 0x00    at time   54783667 ps
inst0 ch0:  R_CMD: ACTCMD    R_r0= 0x22    at time   54784909 ps
inst0 ch0:  R_CMD: ACTCMD    R_f0= 0x0a    at time   54785323 ps
inst0 ch0:  R_CMD: ACTCMD    R_r1= 0x00    at time   54785737 ps
inst0 ch0:  R_CMD: ACTCMD    R_f1= 0x00    at time   54786151 ps
inst0 ch0:  R_CMD: ACTCMD    R_r0= 0x02    at time   54786565 ps
inst0 ch0:  R_CMD: ACTCMD    R_f0= 0x22    at time   54786979 ps
inst0 ch0:  R_CMD: ACTCMD    R_r1= 0x00    at time   54787393 ps
inst0 ch0:  R_CMD: ACTCMD    R_f1= 0x00    at time   54787807 ps
inst0 ch0:  R_CMD: ACTCMD    R_r0= 0x02    at time   54789049 ps
inst0 ch0:  R_CMD: ACTCMD    R_f0= 0x0a    at time   54789463 ps
inst0 ch0:  R_CMD: ACTCMD    R_r1= 0x00    at time   54789877 ps
inst0 ch0:  R_CMD: ACTCMD    R_f1= 0x00    at time   54790291 ps
inst0 ch0:  R_CMD: ACTCMD    R_r0= 0x22    at time   54790705 ps
inst0 ch0:  R_CMD: ACTCMD    R_f0= 0x02    at time   54791119 ps
inst0 ch0:  R_CMD: ACTCMD    R_r1= 0x00    at time   54791533 ps
inst0 ch0:  C_CMD: RDCMD     C_r = 0x0c5   at time   54791533 ps
inst0 ch0:  R_CMD: ACTCMD    R_f1= 0x00    at time   54791947 ps
inst0 ch0:  C_CMD: RDCMD     C_f = 0x080   at time   54791947 ps
inst0 ch0:  R_CMD: ACTCMD    R_r0= 0x02    at time   54794845 ps
inst0 ch0:  C_CMD: RDCMD     C_r = 0x0cd   at time   54794845 ps
inst0 ch0:  R_CMD: ACTCMD    R_f0= 0x02    at time   54795259 ps
inst0 ch0:  C_CMD: RDCMD     C_f = 0x082   at time   54795259 ps
inst0 ch0:  R_CMD: ACTCMD    R_r1= 0x00    at time   54795673 ps
inst0 ch0:  R_CMD: ACTCMD    R_f1= 0x00    at time   54796087 ps
inst0 ch0:  C_CMD: RDCMD     C_r = 0x085   at time   54796501 ps
inst0 ch0:  C_CMD: RDCMD     C_f = 0x080   at time   54796915 ps
inst0 ch0:  C_CMD: RDCMD     C_r = 0x0c5   at time   54797329 ps
inst0 ch0:  C_CMD: RDCMD     C_f = 0x000   at time   54797743 ps
inst0 ch0:  C_CMD: RDCMD     C_r = 0x08d   at time   54799813 ps
inst0 ch0:  C_CMD: RDCMD     C_f = 0x082   at time   54800227 ps
inst0 ch0:  C_CMD: RDCMD     C_r = 0x0cd   at time   54800641 ps
inst0 ch0:  C_CMD: RDCMD     C_f = 0x002   at time   54801055 ps
inst0 ch0:  C_CMD: RDCMD     C_r = 0x045   at time   54801469 ps
inst0 ch0:  C_CMD: RDCMD     C_f = 0x080   at time   54801883 ps
inst0 ch0:  C_CMD: RDCMD     C_r = 0x085   at time   54802297 ps
inst0 ch0:  C_CMD: RDCMD     C_f = 0x000   at time   54802711 ps
inst0 ch0:  C_CMD: RDCMD     C_r = 0x005   at time   54803953 ps
inst0 ch0:  C_CMD: RDCMD     C_f = 0x080   at time   54804367 ps
inst0 ch0:  C_CMD: RDCMD     C_r = 0x04d   at time   54805609 ps
inst0 ch0:  C_CMD: RDCMD     C_f = 0x082   at time   54806023 ps
inst0 ch0:  C_CMD: RDCMD     C_r = 0x08d   at time   54806437 ps
inst0 ch0:  C_CMD: RDCMD     C_f = 0x002   at time   54806851 ps
inst0 ch0:  C_CMD: RDCMD     C_r = 0x00d   at time   54807265 ps
inst0 ch0:  C_CMD: RDCMD     C_f = 0x082   at time   54807679 ps
inst0 ch0:  C_CMD: RDCMD     C_r = 0x045   at time   54808093 ps
inst0 ch0:  C_CMD: RDCMD     C_f = 0x000   at time   54808507 ps
inst0 ch0:  C_CMD: RDCMD     C_r = 0x005   at time   54809749 ps
inst0 ch0:  C_CMD: RDCMD     C_f = 0x000   at time   54810163 ps
inst0 ch0:  C_CMD: RDCMD     C_r = 0x04d   at time   54811405 ps
inst0 ch0:  C_CMD: RDCMD     C_f = 0x002   at time   54811819 ps
inst0 ch0:  C_CMD: RDCMD     C_r = 0x00d   at time   54813061 ps
inst0 ch0:  C_CMD: RDCMD     C_f = 0x002   at time   54813475 ps
inst0 ch0:  R_CMD: ACTCMD    R_r0= 0x2a    at time   55443169 ps
inst0 ch0:  R_CMD: ACTCMD    R_f0= 0x2a    at time   55443583 ps
inst0 ch0:  R_CMD: ACTCMD    R_r1= 0x00    at time   55443997 ps
inst0 ch0:  R_CMD: ACTCMD    R_f1= 0x00    at time   55444411 ps
inst0 ch0:  R_CMD: ACTCMD    R_r0= 0x0a    at time   55447309 ps
inst0 ch0:  R_CMD: ACTCMD    R_f0= 0x2a    at time   55447723 ps
inst0 ch0:  R_CMD: ACTCMD    R_r1= 0x00    at time   55448137 ps
inst0 ch0:  R_CMD: ACTCMD    R_f1= 0x00    at time   55448551 ps
inst0 ch0:  R_CMD: ACTCMD    R_r0= 0x2a    at time   55451449 ps
inst0 ch0:  R_CMD: ACTCMD    R_f0= 0x0a    at time   55451863 ps
inst0 ch0:  R_CMD: ACTCMD    R_r1= 0x00    at time   55452277 ps
inst0 ch0:  R_CMD: ACTCMD    R_f1= 0x00    at time   55452691 ps
inst0 ch0:  R_CMD: ACTCMD    R_r0= 0x0a    at time   55455589 ps
inst0 ch0:  R_CMD: ACTCMD    R_f0= 0x0a    at time   55456003 ps
inst0 ch0:  R_CMD: ACTCMD    R_r1= 0x00    at time   55456417 ps
inst0 ch0:  R_CMD: ACTCMD    R_f1= 0x00    at time   55456831 ps
inst0 ch0:  C_CMD: RDCMD     C_r = 0x0d5   at time   55458073 ps
inst0 ch0:  C_CMD: RDCMD     C_f = 0x080   at time   55458487 ps
inst0 ch0:  C_CMD: RDCMD     C_r = 0x0dd   at time   55461385 ps
inst0 ch0:  C_CMD: RDCMD     C_f = 0x082   at time   55461799 ps
inst0 ch0:  C_CMD: RDCMD     C_r = 0x095   at time   55463041 ps
inst0 ch0:  C_CMD: RDCMD     C_f = 0x080   at time   55463455 ps
inst0 ch0:  C_CMD: RDCMD     C_r = 0x09d   at time   55466353 ps
inst0 ch0:  C_CMD: RDCMD     C_f = 0x082   at time   55466767 ps
inst0 ch0:  C_CMD: RDCMD     C_r = 0x055   at time   55468009 ps
inst0 ch0:  C_CMD: RDCMD     C_f = 0x080   at time   55468423 ps
inst0 ch0:  C_CMD: RDCMD     C_r = 0x015   at time   55470493 ps
inst0 ch0:  C_CMD: RDCMD     C_f = 0x080   at time   55470907 ps
inst0 ch0:  C_CMD: RDCMD     C_r = 0x05d   at time   55472149 ps
inst0 ch0:  C_CMD: RDCMD     C_f = 0x082   at time   55472563 ps
inst0 ch0:  C_CMD: RDCMD     C_r = 0x01d   at time   55473805 ps
inst0 ch0:  C_CMD: RDCMD     C_f = 0x082   at time   55474219 ps
inst0 ch0:  R_CMD: ACTCMD    R_r0= 0x2a    at time   55656793 ps
inst0 ch0:  R_CMD: ACTCMD    R_f0= 0x22    at time   55657207 ps
inst0 ch0:  R_CMD: ACTCMD    R_r1= 0x00    at time   55657621 ps
inst0 ch0:  R_CMD: ACTCMD    R_f1= 0x00    at time   55658035 ps
inst0 ch0:  R_CMD: ACTCMD    R_r0= 0x0a    at time   55660933 ps
inst0 ch0:  R_CMD: ACTCMD    R_f0= 0x22    at time   55661347 ps
inst0 ch0:  R_CMD: ACTCMD    R_r1= 0x00    at time   55661761 ps
inst0 ch0:  R_CMD: ACTCMD    R_f1= 0x00    at time   55662175 ps
inst0 ch0:  R_CMD: ACTCMD    R_r0= 0x2a    at time   55665073 ps
inst0 ch0:  R_CMD: ACTCMD    R_f0= 0x02    at time   55665487 ps
inst0 ch0:  R_CMD: ACTCMD    R_r1= 0x00    at time   55665901 ps
inst0 ch0:  R_CMD: ACTCMD    R_f1= 0x00    at time   55666315 ps
inst0 ch0:  R_CMD: ACTCMD    R_r0= 0x0a    at time   55669213 ps
inst0 ch0:  R_CMD: ACTCMD    R_f0= 0x02    at time   55669627 ps
inst0 ch0:  R_CMD: ACTCMD    R_r1= 0x00    at time   55670041 ps
inst0 ch0:  R_CMD: ACTCMD    R_f1= 0x00    at time   55670455 ps
inst0 ch0:  C_CMD: RDCMD     C_r = 0x0d5   at time   55671697 ps
inst0 ch0:  C_CMD: RDCMD     C_f = 0x000   at time   55672111 ps
inst0 ch0:  C_CMD: RDCMD     C_r = 0x0dd   at time   55675009 ps
inst0 ch0:  C_CMD: RDCMD     C_f = 0x002   at time   55675423 ps
inst0 ch0:  C_CMD: RDCMD     C_r = 0x095   at time   55676665 ps
inst0 ch0:  C_CMD: RDCMD     C_f = 0x000   at time   55677079 ps
inst0 ch0:  C_CMD: RDCMD     C_r = 0x09d   at time   55679977 ps
inst0 ch0:  C_CMD: RDCMD     C_f = 0x002   at time   55680391 ps
inst0 ch0:  C_CMD: RDCMD     C_r = 0x055   at time   55681633 ps
inst0 ch0:  C_CMD: RDCMD     C_f = 0x000   at time   55682047 ps
inst0 ch0:  C_CMD: RDCMD     C_r = 0x015   at time   55684117 ps
inst0 ch0:  C_CMD: RDCMD     C_f = 0x000   at time   55684531 ps
inst0 ch0:  R_CMD: ACTCMD    R_r0= 0x32    at time   55684945 ps
inst0 ch0:  R_CMD: ACTCMD    R_f0= 0x2a    at time   55685359 ps
inst0 ch0:  R_CMD: ACTCMD    R_r1= 0x00    at time   55685773 ps
inst0 ch0:  C_CMD: RDCMD     C_r = 0x05d   at time   55685773 ps
inst0 ch0:  R_CMD: ACTCMD    R_f1= 0x00    at time   55686187 ps
inst0 ch0:  C_CMD: RDCMD     C_f = 0x002   at time   55686187 ps
inst0 ch0:  C_CMD: RDCMD     C_r = 0x01d   at time   55687429 ps
inst0 ch0:  C_CMD: RDCMD     C_f = 0x002   at time   55687843 ps
inst0 ch0:  R_CMD: ACTCMD    R_r0= 0x12    at time   55689085 ps
inst0 ch0:  R_CMD: ACTCMD    R_f0= 0x2a    at time   55689499 ps
inst0 ch0:  R_CMD: ACTCMD    R_r1= 0x00    at time   55689913 ps
inst0 ch0:  R_CMD: ACTCMD    R_f1= 0x00    at time   55690327 ps
inst0 ch0:  R_CMD: ACTCMD    R_r0= 0x32    at time   55693225 ps
inst0 ch0:  R_CMD: ACTCMD    R_f0= 0x0a    at time   55693639 ps
inst0 ch0:  R_CMD: ACTCMD    R_r1= 0x00    at time   55694053 ps
inst0 ch0:  R_CMD: ACTCMD    R_f1= 0x00    at time   55694467 ps
inst0 ch0:  R_CMD: ACTCMD    R_r0= 0x12    at time   55697365 ps
inst0 ch0:  R_CMD: ACTCMD    R_f0= 0x0a    at time   55697779 ps
inst0 ch0:  R_CMD: ACTCMD    R_r1= 0x00    at time   55698193 ps
inst0 ch0:  R_CMD: ACTCMD    R_f1= 0x00    at time   55698607 ps
inst0 ch0:  C_CMD: RDCMD     C_r = 0x0e5   at time   55699849 ps
inst0 ch0:  C_CMD: RDCMD     C_f = 0x080   at time   55700263 ps
inst0 ch0:  C_CMD: RDCMD     C_r = 0x0ed   at time   55703161 ps
inst0 ch0:  C_CMD: RDCMD     C_f = 0x082   at time   55703575 ps
inst0 ch0:  C_CMD: RDCMD     C_r = 0x0a5   at time   55704817 ps
inst0 ch0:  C_CMD: RDCMD     C_f = 0x080   at time   55705231 ps
inst0 ch0:  C_CMD: RDCMD     C_r = 0x0ad   at time   55708129 ps
inst0 ch0:  C_CMD: RDCMD     C_f = 0x082   at time   55708543 ps
inst0 ch0:  C_CMD: RDCMD     C_r = 0x065   at time   55709785 ps
inst0 ch0:  C_CMD: RDCMD     C_f = 0x080   at time   55710199 ps
inst0 ch0:  C_CMD: RDCMD     C_r = 0x025   at time   55712269 ps
inst0 ch0:  C_CMD: RDCMD     C_f = 0x080   at time   55712683 ps
inst0 ch0:  C_CMD: RDCMD     C_r = 0x06d   at time   55713925 ps
inst0 ch0:  C_CMD: RDCMD     C_f = 0x082   at time   55714339 ps
inst0 ch0:  C_CMD: RDCMD     C_r = 0x02d   at time   55715581 ps
inst0 ch0:  C_CMD: RDCMD     C_f = 0x082   at time   55715995 ps
inst0 ch0:  R_CMD: ACTCMD    R_r0= 0x32    at time   56007865 ps
inst0 ch0:  R_CMD: ACTCMD    R_f0= 0x22    at time   56008279 ps
inst0 ch0:  R_CMD: ACTCMD    R_r1= 0x00    at time   56008693 ps
inst0 ch0:  R_CMD: ACTCMD    R_f1= 0x00    at time   56009107 ps
inst0 ch0:  R_CMD: ACTCMD    R_r0= 0x12    at time   56012005 ps
inst0 ch0:  R_CMD: ACTCMD    R_f0= 0x22    at time   56012419 ps
inst0 ch0:  R_CMD: ACTCMD    R_r1= 0x00    at time   56012833 ps
inst0 ch0:  R_CMD: ACTCMD    R_f1= 0x00    at time   56013247 ps
inst0 ch0:  R_CMD: ACTCMD    R_r0= 0x32    at time   56016145 ps
inst0 ch0:  R_CMD: ACTCMD    R_f0= 0x02    at time   56016559 ps
inst0 ch0:  R_CMD: ACTCMD    R_r1= 0x00    at time   56016973 ps
inst0 ch0:  R_CMD: ACTCMD    R_f1= 0x00    at time   56017387 ps
inst0 ch0:  R_CMD: ACTCMD    R_r0= 0x12    at time   56020285 ps
inst0 ch0:  R_CMD: ACTCMD    R_f0= 0x02    at time   56020699 ps
inst0 ch0:  R_CMD: ACTCMD    R_r1= 0x00    at time   56021113 ps
inst0 ch0:  R_CMD: ACTCMD    R_f1= 0x00    at time   56021527 ps
inst0 ch0:  C_CMD: RDCMD     C_r = 0x0e5   at time   56022769 ps
inst0 ch0:  C_CMD: RDCMD     C_f = 0x000   at time   56023183 ps
inst0 ch0:  C_CMD: RDCMD     C_r = 0x0ed   at time   56026081 ps
inst0 ch0:  C_CMD: RDCMD     C_f = 0x002   at time   56026495 ps
inst0 ch0:  C_CMD: RDCMD     C_r = 0x0a5   at time   56027737 ps
inst0 ch0:  C_CMD: RDCMD     C_f = 0x000   at time   56028151 ps
inst0 ch0:  C_CMD: RDCMD     C_r = 0x0ad   at time   56031049 ps
inst0 ch0:  C_CMD: RDCMD     C_f = 0x002   at time   56031463 ps
inst0 ch0:  C_CMD: RDCMD     C_r = 0x065   at time   56032705 ps
inst0 ch0:  C_CMD: RDCMD     C_f = 0x000   at time   56033119 ps
inst0 ch0:  C_CMD: RDCMD     C_r = 0x025   at time   56035189 ps
inst0 ch0:  C_CMD: RDCMD     C_f = 0x000   at time   56035603 ps
inst0 ch0:  C_CMD: RDCMD     C_r = 0x06d   at time   56036845 ps
inst0 ch0:  C_CMD: RDCMD     C_f = 0x002   at time   56037259 ps
inst0 ch0:  C_CMD: RDCMD     C_r = 0x02d   at time   56038501 ps
inst0 ch0:  C_CMD: RDCMD     C_f = 0x002   at time   56038915 ps
inst0 ch0:  R_CMD: ACTCMD    R_r0= 0x3a    at time   56344033 ps
inst0 ch0:  R_CMD: ACTCMD    R_f0= 0x22    at time   56344447 ps
inst0 ch0:  R_CMD: ACTCMD    R_r1= 0x00    at time   56344861 ps
inst0 ch0:  R_CMD: ACTCMD    R_f1= 0x00    at time   56345275 ps
inst0 ch0:  R_CMD: ACTCMD    R_r0= 0x1a    at time   56348173 ps
inst0 ch0:  R_CMD: ACTCMD    R_f0= 0x22    at time   56348587 ps
inst0 ch0:  R_CMD: ACTCMD    R_r1= 0x00    at time   56349001 ps
inst0 ch0:  R_CMD: ACTCMD    R_f1= 0x00    at time   56349415 ps
inst0 ch0:  R_CMD: ACTCMD    R_r0= 0x3a    at time   56352313 ps
inst0 ch0:  R_CMD: ACTCMD    R_f0= 0x02    at time   56352727 ps
inst0 ch0:  R_CMD: ACTCMD    R_r1= 0x00    at time   56353141 ps
inst0 ch0:  R_CMD: ACTCMD    R_f1= 0x00    at time   56353555 ps
inst0 ch0:  R_CMD: ACTCMD    R_r0= 0x1a    at time   56356453 ps
inst0 ch0:  R_CMD: ACTCMD    R_f0= 0x02    at time   56356867 ps
inst0 ch0:  R_CMD: ACTCMD    R_r1= 0x00    at time   56357281 ps
inst0 ch0:  R_CMD: ACTCMD    R_f1= 0x00    at time   56357695 ps
inst0 ch0:  C_CMD: RDCMD     C_r = 0x0f5   at time   56358937 ps
inst0 ch0:  C_CMD: RDCMD     C_f = 0x000   at time   56359351 ps
inst0 ch0:  C_CMD: RDCMD     C_r = 0x0fd   at time   56362249 ps
inst0 ch0:  C_CMD: RDCMD     C_f = 0x002   at time   56362663 ps
inst0 ch0:  C_CMD: RDCMD     C_r = 0x0b5   at time   56363905 ps
inst0 ch0:  C_CMD: RDCMD     C_f = 0x000   at time   56364319 ps
inst0 ch0:  C_CMD: RDCMD     C_r = 0x0bd   at time   56367217 ps
inst0 ch0:  C_CMD: RDCMD     C_f = 0x002   at time   56367631 ps
inst0 ch0:  C_CMD: RDCMD     C_r = 0x075   at time   56368873 ps
inst0 ch0:  C_CMD: RDCMD     C_f = 0x000   at time   56369287 ps
inst0 ch0:  C_CMD: RDCMD     C_r = 0x035   at time   56371357 ps
inst0 ch0:  C_CMD: RDCMD     C_f = 0x000   at time   56371771 ps
inst0 ch0:  C_CMD: RDCMD     C_r = 0x07d   at time   56373013 ps
inst0 ch0:  C_CMD: RDCMD     C_f = 0x002   at time   56373427 ps
inst0 ch0:  R_CMD: ACTCMD    R_r0= 0x3a    at time   56373841 ps
inst0 ch0:  R_CMD: ACTCMD    R_f0= 0x2a    at time   56374255 ps
inst0 ch0:  R_CMD: ACTCMD    R_r1= 0x00    at time   56374669 ps
inst0 ch0:  C_CMD: RDCMD     C_r = 0x03d   at time   56374669 ps
inst0 ch0:  R_CMD: ACTCMD    R_f1= 0x00    at time   56375083 ps
inst0 ch0:  C_CMD: RDCMD     C_f = 0x002   at time   56375083 ps
inst0 ch0:  R_CMD: ACTCMD    R_r0= 0x1a    at time   56377981 ps
inst0 ch0:  R_CMD: ACTCMD    R_f0= 0x2a    at time   56378395 ps
inst0 ch0:  R_CMD: ACTCMD    R_r1= 0x00    at time   56378809 ps
inst0 ch0:  R_CMD: ACTCMD    R_f1= 0x00    at time   56379223 ps
inst0 ch0:  R_CMD: ACTCMD    R_r0= 0x3a    at time   56382121 ps
inst0 ch0:  R_CMD: ACTCMD    R_f0= 0x0a    at time   56382535 ps
inst0 ch0:  R_CMD: ACTCMD    R_r1= 0x00    at time   56382949 ps
inst0 ch0:  R_CMD: ACTCMD    R_f1= 0x00    at time   56383363 ps
inst0 ch0:  R_CMD: ACTCMD    R_r0= 0x1a    at time   56386261 ps
inst0 ch0:  R_CMD: ACTCMD    R_f0= 0x0a    at time   56386675 ps
inst0 ch0:  R_CMD: ACTCMD    R_r1= 0x00    at time   56387089 ps
inst0 ch0:  R_CMD: ACTCMD    R_f1= 0x00    at time   56387503 ps
inst0 ch0:  C_CMD: RDCMD     C_r = 0x0f5   at time   56388745 ps
inst0 ch0:  C_CMD: RDCMD     C_f = 0x080   at time   56389159 ps
inst0 ch0:  C_CMD: RDCMD     C_r = 0x0fd   at time   56392057 ps
inst0 ch0:  C_CMD: RDCMD     C_f = 0x082   at time   56392471 ps
inst0 ch0:  C_CMD: RDCMD     C_r = 0x0b5   at time   56393713 ps
inst0 ch0:  C_CMD: RDCMD     C_f = 0x080   at time   56394127 ps
inst0 ch0:  C_CMD: RDCMD     C_r = 0x0bd   at time   56397025 ps
inst0 ch0:  C_CMD: RDCMD     C_f = 0x082   at time   56397439 ps
inst0 ch0:  C_CMD: RDCMD     C_r = 0x075   at time   56398681 ps
inst0 ch0:  C_CMD: RDCMD     C_f = 0x080   at time   56399095 ps
inst0 ch0:  C_CMD: RDCMD     C_r = 0x035   at time   56401165 ps
inst0 ch0:  C_CMD: RDCMD     C_f = 0x080   at time   56401579 ps
inst0 ch0:  C_CMD: RDCMD     C_r = 0x07d   at time   56402821 ps
inst0 ch0:  C_CMD: RDCMD     C_f = 0x082   at time   56403235 ps
inst0 ch0:  C_CMD: RDCMD     C_r = 0x03d   at time   56404477 ps
inst0 ch0:  C_CMD: RDCMD     C_f = 0x082   at time   56404891 ps
inst0 ch0:  R_CMD: ACTCMD    R_r0= 0x02    at time   56859049 ps
inst0 ch0:  R_CMD: ACTCMD    R_f0= 0x18    at time   56859463 ps
inst0 ch0:  R_CMD: ACTCMD    R_r1= 0x3f    at time   56859877 ps
inst0 ch0:  R_CMD: ACTCMD    R_f1= 0x3b    at time   56860291 ps
inst0 ch0:  C_CMD: WRCMD     C_r = 0x009   at time   56869813 ps
inst0 ch0:  C_CMD: WRCMD     C_f = 0x0fa   at time   56870227 ps
inst0 ch0:  R_CMD: ACTCMD    R_r0= 0x02    at time   56895481 ps
inst0 ch0:  R_CMD: ACTCMD    R_f0= 0x10    at time   56895895 ps
inst0 ch0:  R_CMD: ACTCMD    R_r1= 0x3f    at time   56896309 ps
inst0 ch0:  R_CMD: ACTCMD    R_f1= 0x3b    at time   56896723 ps
inst0 ch0:  C_CMD: WRCMD     C_r = 0x009   at time   56906245 ps
inst0 ch0:  C_CMD: WRCMD     C_f = 0x07a   at time   56906659 ps
inst0 ch0:  R_CMD: ACTCMD    R_r0= 0x0a    at time   57239101 ps
inst0 ch0:  R_CMD: ACTCMD    R_f0= 0x10    at time   57239515 ps
inst0 ch0:  R_CMD: ACTCMD    R_r1= 0x3f    at time   57239929 ps
inst0 ch0:  R_CMD: ACTCMD    R_f1= 0x3b    at time   57240343 ps
inst0 ch0:  C_CMD: WRCMD     C_r = 0x019   at time   57249865 ps
inst0 ch0:  C_CMD: WRCMD     C_f = 0x07a   at time   57250279 ps
inst0 ch0:  R_CMD: ACTCMD    R_r0= 0x02    at time   57715201 ps
inst0 ch0:  R_CMD: ACTCMD    R_f0= 0x30    at time   57715615 ps
inst0 ch0:  R_CMD: ACTCMD    R_r1= 0x3f    at time   57716029 ps
inst0 ch0:  R_CMD: ACTCMD    R_f1= 0x3b    at time   57716443 ps
inst0 ch0:  C_CMD: WRCMD     C_r = 0x089   at time   57725965 ps
inst0 ch0:  C_CMD: WRCMD     C_f = 0x07a   at time   57726379 ps
inst0 ch0:  R_CMD: ACTCMD    R_r0= 0x0a    at time   57759913 ps
inst0 ch0:  R_CMD: ACTCMD    R_f0= 0x18    at time   57760327 ps
inst0 ch0:  R_CMD: ACTCMD    R_r1= 0x3f    at time   57760741 ps
inst0 ch0:  R_CMD: ACTCMD    R_f1= 0x3b    at time   57761155 ps
inst0 ch0:  C_CMD: WRCMD     C_r = 0x019   at time   57770677 ps
inst0 ch0:  C_CMD: WRCMD     C_f = 0x0fa   at time   57771091 ps
inst0 ch0:  R_CMD: ACTCMD    R_r0= 0x0a    at time   57875005 ps
inst0 ch0:  R_CMD: ACTCMD    R_f0= 0x30    at time   57875419 ps
inst0 ch0:  R_CMD: ACTCMD    R_r1= 0x3f    at time   57875833 ps
inst0 ch0:  R_CMD: ACTCMD    R_f1= 0x3b    at time   57876247 ps
inst0 ch0:  R_CMD: ACTCMD    R_r0= 0x02    at time   57885769 ps
inst0 ch0:  C_CMD: WRCMD     C_r = 0x099   at time   57885769 ps
inst0 ch0:  R_CMD: ACTCMD    R_f0= 0x38    at time   57886183 ps
inst0 ch0:  C_CMD: WRCMD     C_f = 0x07a   at time   57886183 ps
inst0 ch0:  R_CMD: ACTCMD    R_r1= 0x3f    at time   57886597 ps
inst0 ch0:  R_CMD: ACTCMD    R_f1= 0x3b    at time   57887011 ps
inst0 ch0:  C_CMD: WRCMD     C_r = 0x089   at time   57896533 ps
inst0 ch0:  C_CMD: WRCMD     C_f = 0x0fa   at time   57896947 ps
inst0 ch0:  R_CMD: ACTCMD    R_r0= 0x0a    at time   58037293 ps
inst0 ch0:  R_CMD: ACTCMD    R_f0= 0x38    at time   58037707 ps
inst0 ch0:  R_CMD: ACTCMD    R_r1= 0x3f    at time   58038121 ps
inst0 ch0:  R_CMD: ACTCMD    R_f1= 0x3b    at time   58038535 ps
inst0 ch0:  C_CMD: WRCMD     C_r = 0x099   at time   58048057 ps
inst0 ch0:  C_CMD: WRCMD     C_f = 0x0fa   at time   58048471 ps
inst0 ch0:  R_CMD: ACTCMD    R_r0= 0x0a    at time   58910005 ps
inst0 ch0:  R_CMD: ACTCMD    R_f0= 0x13    at time   58910419 ps
inst0 ch0:  R_CMD: ACTCMD    R_r1= 0x3f    at time   58910833 ps
inst0 ch0:  R_CMD: ACTCMD    R_f1= 0x3b    at time   58911247 ps
inst0 ch0:  C_CMD: WRCMD     C_r = 0x019   at time   58920769 ps
inst0 ch0:  C_CMD: WRCMD     C_f = 0x010   at time   58921183 ps
inst0 ch0:  R_CMD: ACTCMD    R_r0= 0x0a    at time   59123629 ps
inst0 ch0:  R_CMD: ACTCMD    R_f0= 0x1b    at time   59124043 ps
inst0 ch0:  R_CMD: ACTCMD    R_r1= 0x3f    at time   59124457 ps
inst0 ch0:  R_CMD: ACTCMD    R_f1= 0x3b    at time   59124871 ps
inst0 ch0:  C_CMD: WRCMD     C_r = 0x019   at time   59134393 ps
inst0 ch0:  C_CMD: WRCMD     C_f = 0x090   at time   59134807 ps
inst0 ch0:  R_CMD: ACTCMD    R_r0= 0x02    at time   59331457 ps
inst0 ch0:  R_CMD: ACTCMD    R_f0= 0x13    at time   59331871 ps
inst0 ch0:  R_CMD: ACTCMD    R_r1= 0x3f    at time   59332285 ps
inst0 ch0:  R_CMD: ACTCMD    R_f1= 0x3b    at time   59332699 ps
inst0 ch0:  C_CMD: WRCMD     C_r = 0x009   at time   59342221 ps
inst0 ch0:  C_CMD: WRCMD     C_f = 0x000   at time   59342635 ps
inst0 ch0:  R_CMD: ACTCMD    R_r0= 0x02    at time   59529349 ps
inst0 ch0:  R_CMD: ACTCMD    R_f0= 0x1b    at time   59529763 ps
inst0 ch0:  R_CMD: ACTCMD    R_r1= 0x3f    at time   59530177 ps
inst0 ch0:  R_CMD: ACTCMD    R_f1= 0x3b    at time   59530591 ps
inst0 ch0:  C_CMD: WRCMD     C_r = 0x009   at time   59540113 ps
inst0 ch0:  C_CMD: WRCMD     C_f = 0x080   at time   59540527 ps
inst0 ch0:  R_CMD: ACTCMD    R_r0= 0x02    at time   60795361 ps
inst0 ch0:  R_CMD: ACTCMD    R_f0= 0x08    at time   60795775 ps
inst0 ch0:  R_CMD: ACTCMD    R_r1= 0x00    at time   60796189 ps
inst0 ch0:  R_CMD: ACTCMD    R_f1= 0x00    at time   60796603 ps
inst0 ch0:  C_CMD: RDCMD     C_r = 0x005   at time   60810265 ps
inst0 ch0:  C_CMD: RDCMD     C_f = 0x098   at time   60810679 ps
inst0 ch0:  C_CMD: RDCMD     C_r = 0x005   at time   60813577 ps
inst0 ch0:  C_CMD: RDCMD     C_f = 0x09a   at time   60813991 ps
inst0 ch0:  C_CMD: RDCMD     C_r = 0x005   at time   60816889 ps
inst0 ch0:  C_CMD: RDCMD     C_f = 0x090   at time   60817303 ps
inst0 ch0:  C_CMD: RDCMD     C_r = 0x005   at time   60820201 ps
inst0 ch0:  C_CMD: RDCMD     C_f = 0x092   at time   60820615 ps
inst0 ch0:  C_CMD: RDCMD     C_r = 0x005   at time   60823513 ps
inst0 ch0:  C_CMD: RDCMD     C_f = 0x088   at time   60823927 ps
inst0 ch0:  C_CMD: RDCMD     C_r = 0x005   at time   60826825 ps
inst0 ch0:  C_CMD: RDCMD     C_f = 0x08a   at time   60827239 ps
inst0 ch0:  C_CMD: RDCMD     C_r = 0x005   at time   60830137 ps
inst0 ch0:  C_CMD: RDCMD     C_f = 0x080   at time   60830551 ps
inst0 ch0:  C_CMD: RDCMD     C_r = 0x00d   at time   60833449 ps
inst0 ch0:  C_CMD: RDCMD     C_f = 0x082   at time   60833863 ps
inst0 ch0:  R_CMD: ACTCMD    R_r0= 0x02    at time   60834277 ps
inst0 ch0:  R_CMD: ACTCMD    R_f0= 0x00    at time   60834691 ps
inst0 ch0:  R_CMD: ACTCMD    R_r1= 0x00    at time   60835105 ps
inst0 ch0:  R_CMD: ACTCMD    R_f1= 0x00    at time   60835519 ps
inst0 ch0:  C_CMD: RDCMD     C_r = 0x005   at time   60849181 ps
inst0 ch0:  C_CMD: RDCMD     C_f = 0x018   at time   60849595 ps
inst0 ch0:  C_CMD: RDCMD     C_r = 0x005   at time   60852493 ps
inst0 ch0:  C_CMD: RDCMD     C_f = 0x01a   at time   60852907 ps
inst0 ch0:  C_CMD: RDCMD     C_r = 0x005   at time   60855805 ps
inst0 ch0:  C_CMD: RDCMD     C_f = 0x010   at time   60856219 ps
inst0 ch0:  C_CMD: RDCMD     C_r = 0x005   at time   60859117 ps
inst0 ch0:  C_CMD: RDCMD     C_f = 0x012   at time   60859531 ps
inst0 ch0:  C_CMD: RDCMD     C_r = 0x005   at time   60862429 ps
inst0 ch0:  C_CMD: RDCMD     C_f = 0x008   at time   60862843 ps
inst0 ch0:  C_CMD: RDCMD     C_r = 0x005   at time   60865741 ps
inst0 ch0:  C_CMD: RDCMD     C_f = 0x00a   at time   60866155 ps
inst0 ch0:  C_CMD: RDCMD     C_r = 0x005   at time   60869053 ps
inst0 ch0:  C_CMD: RDCMD     C_f = 0x000   at time   60869467 ps
inst0 ch0:  C_CMD: RDCMD     C_r = 0x00d   at time   60872365 ps
inst0 ch0:  C_CMD: RDCMD     C_f = 0x002   at time   60872779 ps
inst0 ch0:  R_CMD: ACTCMD    R_r0= 0x0a    at time   61258213 ps
inst0 ch0:  R_CMD: ACTCMD    R_f0= 0x08    at time   61258627 ps
inst0 ch0:  R_CMD: ACTCMD    R_r1= 0x00    at time   61259041 ps
inst0 ch0:  R_CMD: ACTCMD    R_f1= 0x00    at time   61259455 ps
inst0 ch0:  C_CMD: RDCMD     C_r = 0x015   at time   61273117 ps
inst0 ch0:  C_CMD: RDCMD     C_f = 0x098   at time   61273531 ps
inst0 ch0:  C_CMD: RDCMD     C_r = 0x015   at time   61276429 ps
inst0 ch0:  C_CMD: RDCMD     C_f = 0x09a   at time   61276843 ps
inst0 ch0:  C_CMD: RDCMD     C_r = 0x015   at time   61279741 ps
inst0 ch0:  C_CMD: RDCMD     C_f = 0x090   at time   61280155 ps
inst0 ch0:  C_CMD: RDCMD     C_r = 0x015   at time   61283053 ps
inst0 ch0:  C_CMD: RDCMD     C_f = 0x092   at time   61283467 ps
inst0 ch0:  C_CMD: RDCMD     C_r = 0x015   at time   61286365 ps
inst0 ch0:  C_CMD: RDCMD     C_f = 0x088   at time   61286779 ps
inst0 ch0:  C_CMD: RDCMD     C_r = 0x015   at time   61289677 ps
inst0 ch0:  C_CMD: RDCMD     C_f = 0x08a   at time   61290091 ps
inst0 ch0:  C_CMD: RDCMD     C_r = 0x015   at time   61292989 ps
inst0 ch0:  C_CMD: RDCMD     C_f = 0x080   at time   61293403 ps
inst0 ch0:  C_CMD: RDCMD     C_r = 0x01d   at time   61296301 ps
inst0 ch0:  C_CMD: RDCMD     C_f = 0x082   at time   61296715 ps
inst0 ch0:  R_CMD: ACTCMD    R_r0= 0x0a    at time   61449481 ps
inst0 ch0:  R_CMD: ACTCMD    R_f0= 0x00    at time   61449895 ps
inst0 ch0:  R_CMD: ACTCMD    R_r1= 0x00    at time   61450309 ps
inst0 ch0:  R_CMD: ACTCMD    R_f1= 0x00    at time   61450723 ps
inst0 ch0:  C_CMD: RDCMD     C_r = 0x015   at time   61464385 ps
inst0 ch0:  C_CMD: RDCMD     C_f = 0x018   at time   61464799 ps
inst0 ch0:  C_CMD: RDCMD     C_r = 0x015   at time   61467697 ps
inst0 ch0:  C_CMD: RDCMD     C_f = 0x01a   at time   61468111 ps
inst0 ch0:  C_CMD: RDCMD     C_r = 0x015   at time   61471009 ps
inst0 ch0:  C_CMD: RDCMD     C_f = 0x010   at time   61471423 ps
inst0 ch0:  C_CMD: RDCMD     C_r = 0x015   at time   61474321 ps
inst0 ch0:  C_CMD: RDCMD     C_f = 0x012   at time   61474735 ps
inst0 ch0:  C_CMD: RDCMD     C_r = 0x015   at time   61477633 ps
inst0 ch0:  C_CMD: RDCMD     C_f = 0x008   at time   61478047 ps
inst0 ch0:  C_CMD: RDCMD     C_r = 0x015   at time   61480945 ps
inst0 ch0:  C_CMD: RDCMD     C_f = 0x00a   at time   61481359 ps
inst0 ch0:  C_CMD: RDCMD     C_r = 0x015   at time   61484257 ps
inst0 ch0:  C_CMD: RDCMD     C_f = 0x000   at time   61484671 ps
inst0 ch0:  C_CMD: RDCMD     C_r = 0x01d   at time   61487569 ps
inst0 ch0:  C_CMD: RDCMD     C_f = 0x002   at time   61487983 ps
inst0 ch0:  R_CMD: ACTCMD    R_r0= 0x0a    at time   61526485 ps
inst0 ch0:  R_CMD: ACTCMD    R_f0= 0x08    at time   61526899 ps
inst0 ch0:  R_CMD: ACTCMD    R_r1= 0x00    at time   61527313 ps
inst0 ch0:  R_CMD: ACTCMD    R_f1= 0x00    at time   61527727 ps
inst0 ch0:  C_CMD: WRCMD     C_r = 0x011   at time   61537249 ps
inst0 ch0:  C_CMD: WRCMD     C_f = 0x0b8   at time   61537663 ps
inst0 ch0:  C_CMD: WRCMD     C_r = 0x011   at time   61540561 ps
inst0 ch0:  C_CMD: WRCMD     C_f = 0x0ba   at time   61540975 ps
inst0 ch0:  C_CMD: WRCMD     C_r = 0x011   at time   61543873 ps
inst0 ch0:  C_CMD: WRCMD     C_f = 0x0b0   at time   61544287 ps
inst0 ch0:  C_CMD: WRCMD     C_r = 0x011   at time   61547185 ps
inst0 ch0:  C_CMD: WRCMD     C_f = 0x0b2   at time   61547599 ps
inst0 ch0:  C_CMD: WRCMD     C_r = 0x011   at time   61550497 ps
inst0 ch0:  C_CMD: WRCMD     C_f = 0x0a8   at time   61550911 ps
inst0 ch0:  C_CMD: WRCMD     C_r = 0x011   at time   61553809 ps
inst0 ch0:  C_CMD: WRCMD     C_f = 0x0aa   at time   61554223 ps
inst0 ch0:  C_CMD: WRCMD     C_r = 0x011   at time   61557121 ps
inst0 ch0:  C_CMD: WRCMD     C_f = 0x0a0   at time   61557535 ps
inst0 ch0:  C_CMD: WRCMD     C_r = 0x019   at time   61560433 ps
inst0 ch0:  C_CMD: WRCMD     C_f = 0x0a2   at time   61560847 ps
inst0 ch0:  R_CMD: ACTCMD    R_r0= 0x0a    at time   61669729 ps
inst0 ch0:  R_CMD: ACTCMD    R_f0= 0x00    at time   61670143 ps
inst0 ch0:  R_CMD: ACTCMD    R_r1= 0x00    at time   61670557 ps
inst0 ch0:  R_CMD: ACTCMD    R_f1= 0x00    at time   61670971 ps
inst0 ch0:  C_CMD: WRCMD     C_r = 0x011   at time   61680493 ps
inst0 ch0:  C_CMD: WRCMD     C_f = 0x038   at time   61680907 ps
inst0 ch0:  C_CMD: WRCMD     C_r = 0x011   at time   61683805 ps
inst0 ch0:  C_CMD: WRCMD     C_f = 0x03a   at time   61684219 ps
inst0 ch0:  C_CMD: WRCMD     C_r = 0x011   at time   61687117 ps
inst0 ch0:  C_CMD: WRCMD     C_f = 0x030   at time   61687531 ps
inst0 ch0:  C_CMD: WRCMD     C_r = 0x011   at time   61690429 ps
inst0 ch0:  C_CMD: WRCMD     C_f = 0x032   at time   61690843 ps
inst0 ch0:  C_CMD: WRCMD     C_r = 0x011   at time   61693741 ps
inst0 ch0:  C_CMD: WRCMD     C_f = 0x028   at time   61694155 ps
inst0 ch0:  C_CMD: WRCMD     C_r = 0x011   at time   61697053 ps
inst0 ch0:  C_CMD: WRCMD     C_f = 0x02a   at time   61697467 ps
inst0 ch0:  C_CMD: WRCMD     C_r = 0x011   at time   61700365 ps
inst0 ch0:  C_CMD: WRCMD     C_f = 0x020   at time   61700779 ps
inst0 ch0:  C_CMD: WRCMD     C_r = 0x019   at time   61703677 ps
inst0 ch0:  C_CMD: WRCMD     C_f = 0x022   at time   61704091 ps
inst0 ch0:  R_CMD: ACTCMD    R_r0= 0x02    at time   62463781 ps
inst0 ch0:  R_CMD: ACTCMD    R_f0= 0x1b    at time   62464195 ps
inst0 ch0:  R_CMD: ACTCMD    R_r1= 0x3f    at time   62464609 ps
inst0 ch0:  R_CMD: ACTCMD    R_f1= 0x3b    at time   62465023 ps
inst0 ch0:  C_CMD: WRCMD     C_r = 0x009   at time   62474545 ps
inst0 ch0:  C_CMD: WRCMD     C_f = 0x080   at time   62474959 ps
inst0 ch0:  R_CMD: ACTCMD    R_r0= 0x02    at time   62569765 ps
inst0 ch0:  R_CMD: ACTCMD    R_f0= 0x13    at time   62570179 ps
inst0 ch0:  R_CMD: ACTCMD    R_r1= 0x3f    at time   62570593 ps
inst0 ch0:  R_CMD: ACTCMD    R_f1= 0x3b    at time   62571007 ps
inst0 ch0:  C_CMD: WRCMD     C_r = 0x009   at time   62580529 ps
inst0 ch0:  C_CMD: WRCMD     C_f = 0x000   at time   62580943 ps
inst0 ch0:  R_CMD: ACTCMD    R_r0= 0x0a    at time   62780905 ps
inst0 ch0:  R_CMD: ACTCMD    R_f0= 0x19    at time   62781319 ps
inst0 ch0:  R_CMD: ACTCMD    R_r1= 0x3f    at time   62781733 ps
inst0 ch0:  R_CMD: ACTCMD    R_f1= 0x3b    at time   62782147 ps
inst0 ch0:  R_CMD: ACTCMD    R_r0= 0x02    at time   62785045 ps
inst0 ch0:  R_CMD: ACTCMD    R_f0= 0x19    at time   62785459 ps
inst0 ch0:  R_CMD: ACTCMD    R_r1= 0x3f    at time   62785873 ps
inst0 ch0:  R_CMD: ACTCMD    R_f1= 0x3b    at time   62786287 ps
inst0 ch0:  C_CMD: WRCMD     C_r = 0x019   at time   62791669 ps
inst0 ch0:  C_CMD: WRCMD     C_f = 0x0fa   at time   62792083 ps
inst0 ch0:  C_CMD: WRCMD     C_r = 0x009   at time   62795809 ps
inst0 ch0:  C_CMD: WRCMD     C_f = 0x0fa   at time   62796223 ps
inst0 ch0:  R_CMD: ACTCMD    R_r0= 0x0a    at time   62960581 ps
inst0 ch0:  R_CMD: ACTCMD    R_f0= 0x11    at time   62960995 ps
inst0 ch0:  R_CMD: ACTCMD    R_r1= 0x3f    at time   62961409 ps
inst0 ch0:  R_CMD: ACTCMD    R_f1= 0x3b    at time   62961823 ps
inst0 ch0:  R_CMD: ACTCMD    R_r0= 0x0a    at time   62963893 ps
inst0 ch0:  R_CMD: ACTCMD    R_f0= 0x0a    at time   62964307 ps
inst0 ch0:  R_CMD: ACTCMD    R_r1= 0x00    at time   62964721 ps
inst0 ch0:  R_CMD: ACTCMD    R_f1= 0x00    at time   62965135 ps
inst0 ch0:  R_CMD: ACTCMD    R_r0= 0x02    at time   62965549 ps
inst0 ch0:  R_CMD: ACTCMD    R_f0= 0x11    at time   62965963 ps
inst0 ch0:  R_CMD: ACTCMD    R_r1= 0x3f    at time   62966377 ps
inst0 ch0:  R_CMD: ACTCMD    R_f1= 0x3b    at time   62966791 ps
inst0 ch0:  R_CMD: ACTCMD    R_r0= 0x02    at time   62968033 ps
inst0 ch0:  R_CMD: ACTCMD    R_f0= 0x0a    at time   62968447 ps
inst0 ch0:  R_CMD: ACTCMD    R_r1= 0x00    at time   62968861 ps
inst0 ch0:  R_CMD: ACTCMD    R_f1= 0x00    at time   62969275 ps
inst0 ch0:  C_CMD: WRCMD     C_r = 0x019   at time   62971345 ps
inst0 ch0:  C_CMD: WRCMD     C_f = 0x07a   at time   62971759 ps
inst0 ch0:  C_CMD: WRCMD     C_r = 0x009   at time   62976313 ps
inst0 ch0:  C_CMD: WRCMD     C_f = 0x07a   at time   62976727 ps
inst0 ch0:  C_CMD: RDCMD     C_r = 0x015   at time   62978797 ps
inst0 ch0:  C_CMD: RDCMD     C_f = 0x080   at time   62979211 ps
inst0 ch0:  C_CMD: RDCMD     C_r = 0x01d   at time   62982109 ps
inst0 ch0:  C_CMD: RDCMD     C_f = 0x082   at time   62982523 ps
inst0 ch0:  C_CMD: RDCMD     C_r = 0x005   at time   62985421 ps
inst0 ch0:  C_CMD: RDCMD     C_f = 0x080   at time   62985835 ps
inst0 ch0:  C_CMD: RDCMD     C_r = 0x00d   at time   62988733 ps
inst0 ch0:  C_CMD: RDCMD     C_f = 0x082   at time   62989147 ps
inst0 ch0:  R_CMD: ACTCMD    R_r0= 0x0a    at time   63833293 ps
inst0 ch0:  R_CMD: ACTCMD    R_f0= 0x02    at time   63833707 ps
inst0 ch0:  R_CMD: ACTCMD    R_r1= 0x00    at time   63834121 ps
inst0 ch0:  R_CMD: ACTCMD    R_f1= 0x00    at time   63834535 ps
inst0 ch0:  R_CMD: ACTCMD    R_r0= 0x02    at time   63837433 ps
inst0 ch0:  R_CMD: ACTCMD    R_f0= 0x02    at time   63837847 ps
inst0 ch0:  R_CMD: ACTCMD    R_r1= 0x00    at time   63838261 ps
inst0 ch0:  R_CMD: ACTCMD    R_f1= 0x00    at time   63838675 ps
inst0 ch0:  C_CMD: RDCMD     C_r = 0x015   at time   63848197 ps
inst0 ch0:  C_CMD: RDCMD     C_f = 0x000   at time   63848611 ps
inst0 ch0:  C_CMD: RDCMD     C_r = 0x01d   at time   63851509 ps
inst0 ch0:  C_CMD: RDCMD     C_f = 0x002   at time   63851923 ps
inst0 ch0:  C_CMD: RDCMD     C_r = 0x005   at time   63854821 ps
inst0 ch0:  C_CMD: RDCMD     C_f = 0x000   at time   63855235 ps
inst0 ch0:  C_CMD: RDCMD     C_r = 0x00d   at time   63858133 ps
inst0 ch0:  C_CMD: RDCMD     C_f = 0x002   at time   63858547 ps
