inst0 ch0:  R_CMD: ACTCMD    R_r0= 0x0e    at time   33400981 ps
inst0 ch0:  R_CMD: ACTCMD    R_f0= 0x28    at time   33401395 ps
inst0 ch0:  R_CMD: ACTCMD    R_r1= 0x00    at time   33401809 ps
inst0 ch0:  R_CMD: ACTCMD    R_f1= 0x02    at time   33402223 ps
inst0 ch0:  R_CMD: ACTCMD    R_r0= 0x0e    at time   33402637 ps
inst0 ch0:  R_CMD: ACTCMD    R_f0= 0x20    at time   33403051 ps
inst0 ch0:  R_CMD: ACTCMD    R_r1= 0x00    at time   33403465 ps
inst0 ch0:  R_CMD: ACTCMD    R_f1= 0x02    at time   33403879 ps
inst0 ch0:  C_CMD: WRCMD     C_r = 0x091   at time   33411745 ps
inst0 ch0:  C_CMD: WRCMD     C_f = 0x0a9   at time   33412159 ps
inst0 ch0:  C_CMD: WRCMD     C_r = 0x091   at time   33413401 ps
inst0 ch0:  C_CMD: WRCMD     C_f = 0x029   at time   33413815 ps
inst0 ch0:  C_CMD: WRCMD     C_r = 0x091   at time   33415057 ps
inst0 ch0:  C_CMD: WRCMD     C_f = 0x0ab   at time   33415471 ps
inst0 ch0:  C_CMD: WRCMD     C_r = 0x091   at time   33416713 ps
inst0 ch0:  C_CMD: WRCMD     C_f = 0x02b   at time   33417127 ps
inst0 ch0:  C_CMD: WRCMD     C_r = 0x091   at time   33418369 ps
inst0 ch0:  C_CMD: WRCMD     C_f = 0x0a1   at time   33418783 ps
inst0 ch0:  C_CMD: WRCMD     C_r = 0x091   at time   33420025 ps
inst0 ch0:  C_CMD: WRCMD     C_f = 0x021   at time   33420439 ps
inst0 ch0:  C_CMD: WRCMD     C_r = 0x099   at time   33421681 ps
inst0 ch0:  C_CMD: WRCMD     C_f = 0x0a3   at time   33422095 ps
inst0 ch0:  C_CMD: WRCMD     C_r = 0x099   at time   33423337 ps
inst0 ch0:  C_CMD: WRCMD     C_f = 0x023   at time   33423751 ps
inst0 ch0:  R_CMD: ACTCMD    R_r0= 0x26    at time   37656901 ps
inst0 ch0:  R_CMD: ACTCMD    R_f0= 0x28    at time   37657315 ps
inst0 ch0:  R_CMD: ACTCMD    R_r1= 0x00    at time   37657729 ps
inst0 ch0:  R_CMD: ACTCMD    R_f1= 0x02    at time   37658143 ps
inst0 ch0:  R_CMD: ACTCMD    R_r0= 0x26    at time   37658557 ps
inst0 ch0:  R_CMD: ACTCMD    R_f0= 0x20    at time   37658971 ps
inst0 ch0:  R_CMD: ACTCMD    R_r1= 0x00    at time   37659385 ps
inst0 ch0:  R_CMD: ACTCMD    R_f1= 0x02    at time   37659799 ps
inst0 ch0:  C_CMD: WRCMD     C_r = 0x0c1   at time   37667665 ps
inst0 ch0:  C_CMD: WRCMD     C_f = 0x0a9   at time   37668079 ps
inst0 ch0:  C_CMD: WRCMD     C_r = 0x0c1   at time   37669321 ps
inst0 ch0:  C_CMD: WRCMD     C_f = 0x029   at time   37669735 ps
inst0 ch0:  C_CMD: WRCMD     C_r = 0x0c1   at time   37670977 ps
inst0 ch0:  C_CMD: WRCMD     C_f = 0x0ab   at time   37671391 ps
inst0 ch0:  C_CMD: WRCMD     C_r = 0x0c1   at time   37672633 ps
inst0 ch0:  C_CMD: WRCMD     C_f = 0x02b   at time   37673047 ps
inst0 ch0:  C_CMD: WRCMD     C_r = 0x0c1   at time   37674289 ps
inst0 ch0:  C_CMD: WRCMD     C_f = 0x0a1   at time   37674703 ps
inst0 ch0:  C_CMD: WRCMD     C_r = 0x0c1   at time   37675945 ps
inst0 ch0:  C_CMD: WRCMD     C_f = 0x021   at time   37676359 ps
inst0 ch0:  C_CMD: WRCMD     C_r = 0x0c9   at time   37677601 ps
inst0 ch0:  C_CMD: WRCMD     C_f = 0x0a3   at time   37678015 ps
inst0 ch0:  C_CMD: WRCMD     C_r = 0x0c9   at time   37679257 ps
inst0 ch0:  C_CMD: WRCMD     C_f = 0x023   at time   37679671 ps
inst0 ch0:  R_CMD: ACTCMD    R_r0= 0x22    at time   54885925 ps
inst0 ch0:  R_CMD: ACTCMD    R_f0= 0x22    at time   54886339 ps
inst0 ch0:  R_CMD: ACTCMD    R_r1= 0x00    at time   54886753 ps
inst0 ch0:  R_CMD: ACTCMD    R_f1= 0x00    at time   54887167 ps
inst0 ch0:  R_CMD: ACTCMD    R_r0= 0x22    at time   54887581 ps
inst0 ch0:  R_CMD: ACTCMD    R_f0= 0x2a    at time   54887995 ps
inst0 ch0:  R_CMD: ACTCMD    R_r1= 0x00    at time   54888409 ps
inst0 ch0:  R_CMD: ACTCMD    R_f1= 0x00    at time   54888823 ps
inst0 ch0:  R_CMD: ACTCMD    R_r0= 0x02    at time   54890065 ps
inst0 ch0:  R_CMD: ACTCMD    R_f0= 0x22    at time   54890479 ps
inst0 ch0:  R_CMD: ACTCMD    R_r1= 0x00    at time   54890893 ps
inst0 ch0:  R_CMD: ACTCMD    R_f1= 0x00    at time   54891307 ps
inst0 ch0:  R_CMD: ACTCMD    R_r0= 0x02    at time   54891721 ps
inst0 ch0:  R_CMD: ACTCMD    R_f0= 0x2a    at time   54892135 ps
inst0 ch0:  R_CMD: ACTCMD    R_r1= 0x00    at time   54892549 ps
inst0 ch0:  R_CMD: ACTCMD    R_f1= 0x00    at time   54892963 ps
inst0 ch0:  R_CMD: ACTCMD    R_r0= 0x22    at time   54894205 ps
inst0 ch0:  R_CMD: ACTCMD    R_f0= 0x02    at time   54894619 ps
inst0 ch0:  R_CMD: ACTCMD    R_r1= 0x00    at time   54895033 ps
inst0 ch0:  R_CMD: ACTCMD    R_f1= 0x00    at time   54895447 ps
inst0 ch0:  R_CMD: ACTCMD    R_r0= 0x22    at time   54895861 ps
inst0 ch0:  R_CMD: ACTCMD    R_f0= 0x0a    at time   54896275 ps
inst0 ch0:  R_CMD: ACTCMD    R_r1= 0x00    at time   54896689 ps
inst0 ch0:  R_CMD: ACTCMD    R_f1= 0x00    at time   54897103 ps
inst0 ch0:  R_CMD: ACTCMD    R_r0= 0x02    at time   54898345 ps
inst0 ch0:  R_CMD: ACTCMD    R_f0= 0x02    at time   54898759 ps
inst0 ch0:  R_CMD: ACTCMD    R_r1= 0x00    at time   54899173 ps
inst0 ch0:  R_CMD: ACTCMD    R_f1= 0x00    at time   54899587 ps
inst0 ch0:  R_CMD: ACTCMD    R_r0= 0x02    at time   54900001 ps
inst0 ch0:  R_CMD: ACTCMD    R_f0= 0x0a    at time   54900415 ps
inst0 ch0:  R_CMD: ACTCMD    R_r1= 0x00    at time   54900829 ps
inst0 ch0:  C_CMD: RDCMD     C_r = 0x0c5   at time   54900829 ps
inst0 ch0:  R_CMD: ACTCMD    R_f1= 0x00    at time   54901243 ps
inst0 ch0:  C_CMD: RDCMD     C_f = 0x000   at time   54901243 ps
inst0 ch0:  C_CMD: RDCMD     C_r = 0x0c5   at time   54902485 ps
inst0 ch0:  C_CMD: RDCMD     C_f = 0x080   at time   54902899 ps
inst0 ch0:  C_CMD: RDCMD     C_r = 0x0cd   at time   54904141 ps
inst0 ch0:  C_CMD: RDCMD     C_f = 0x002   at time   54904555 ps
inst0 ch0:  C_CMD: RDCMD     C_r = 0x085   at time   54905797 ps
inst0 ch0:  C_CMD: RDCMD     C_f = 0x000   at time   54906211 ps
inst0 ch0:  C_CMD: RDCMD     C_r = 0x0cd   at time   54906625 ps
inst0 ch0:  C_CMD: RDCMD     C_f = 0x082   at time   54907039 ps
inst0 ch0:  C_CMD: RDCMD     C_r = 0x085   at time   54908281 ps
inst0 ch0:  C_CMD: RDCMD     C_f = 0x080   at time   54908695 ps
inst0 ch0:  C_CMD: RDCMD     C_r = 0x08d   at time   54909109 ps
inst0 ch0:  C_CMD: RDCMD     C_f = 0x002   at time   54909523 ps
inst0 ch0:  C_CMD: RDCMD     C_r = 0x045   at time   54910765 ps
inst0 ch0:  C_CMD: RDCMD     C_f = 0x000   at time   54911179 ps
inst0 ch0:  C_CMD: RDCMD     C_r = 0x08d   at time   54911593 ps
inst0 ch0:  C_CMD: RDCMD     C_f = 0x082   at time   54912007 ps
inst0 ch0:  C_CMD: RDCMD     C_r = 0x005   at time   54913249 ps
inst0 ch0:  C_CMD: RDCMD     C_f = 0x000   at time   54913663 ps
inst0 ch0:  C_CMD: RDCMD     C_r = 0x045   at time   54914077 ps
inst0 ch0:  C_CMD: RDCMD     C_f = 0x080   at time   54914491 ps
inst0 ch0:  C_CMD: RDCMD     C_r = 0x04d   at time   54914905 ps
inst0 ch0:  C_CMD: RDCMD     C_f = 0x002   at time   54915319 ps
inst0 ch0:  C_CMD: RDCMD     C_r = 0x005   at time   54915733 ps
inst0 ch0:  C_CMD: RDCMD     C_f = 0x080   at time   54916147 ps
inst0 ch0:  C_CMD: RDCMD     C_r = 0x00d   at time   54916561 ps
inst0 ch0:  C_CMD: RDCMD     C_f = 0x002   at time   54916975 ps
inst0 ch0:  C_CMD: RDCMD     C_r = 0x04d   at time   54917389 ps
inst0 ch0:  C_CMD: RDCMD     C_f = 0x082   at time   54917803 ps
inst0 ch0:  C_CMD: RDCMD     C_r = 0x00d   at time   54919045 ps
inst0 ch0:  C_CMD: RDCMD     C_f = 0x082   at time   54919459 ps
inst0 ch0:  R_CMD: ACTCMD    R_r0= 0x2a    at time   55724689 ps
inst0 ch0:  R_CMD: ACTCMD    R_f0= 0x22    at time   55725103 ps
inst0 ch0:  R_CMD: ACTCMD    R_r1= 0x00    at time   55725517 ps
inst0 ch0:  R_CMD: ACTCMD    R_f1= 0x00    at time   55725931 ps
inst0 ch0:  R_CMD: ACTCMD    R_r0= 0x0a    at time   55728829 ps
inst0 ch0:  R_CMD: ACTCMD    R_f0= 0x22    at time   55729243 ps
inst0 ch0:  R_CMD: ACTCMD    R_r1= 0x00    at time   55729657 ps
inst0 ch0:  R_CMD: ACTCMD    R_f1= 0x00    at time   55730071 ps
inst0 ch0:  R_CMD: ACTCMD    R_r0= 0x2a    at time   55732969 ps
inst0 ch0:  R_CMD: ACTCMD    R_f0= 0x02    at time   55733383 ps
inst0 ch0:  R_CMD: ACTCMD    R_r1= 0x00    at time   55733797 ps
inst0 ch0:  R_CMD: ACTCMD    R_f1= 0x00    at time   55734211 ps
inst0 ch0:  R_CMD: ACTCMD    R_r0= 0x0a    at time   55737109 ps
inst0 ch0:  R_CMD: ACTCMD    R_f0= 0x02    at time   55737523 ps
inst0 ch0:  R_CMD: ACTCMD    R_r1= 0x00    at time   55737937 ps
inst0 ch0:  R_CMD: ACTCMD    R_f1= 0x00    at time   55738351 ps
inst0 ch0:  R_CMD: ACTCMD    R_r0= 0x2a    at time   55738765 ps
inst0 ch0:  R_CMD: ACTCMD    R_f0= 0x2a    at time   55739179 ps
inst0 ch0:  R_CMD: ACTCMD    R_r1= 0x00    at time   55739593 ps
inst0 ch0:  C_CMD: RDCMD     C_r = 0x0d5   at time   55739593 ps
inst0 ch0:  R_CMD: ACTCMD    R_f1= 0x00    at time   55740007 ps
inst0 ch0:  C_CMD: RDCMD     C_f = 0x000   at time   55740007 ps
inst0 ch0:  R_CMD: ACTCMD    R_r0= 0x0a    at time   55742905 ps
inst0 ch0:  C_CMD: RDCMD     C_r = 0x0dd   at time   55742905 ps
inst0 ch0:  R_CMD: ACTCMD    R_f0= 0x2a    at time   55743319 ps
inst0 ch0:  C_CMD: RDCMD     C_f = 0x002   at time   55743319 ps
inst0 ch0:  R_CMD: ACTCMD    R_r1= 0x00    at time   55743733 ps
inst0 ch0:  R_CMD: ACTCMD    R_f1= 0x00    at time   55744147 ps
inst0 ch0:  C_CMD: RDCMD     C_r = 0x095   at time   55744561 ps
inst0 ch0:  C_CMD: RDCMD     C_f = 0x000   at time   55744975 ps
inst0 ch0:  R_CMD: ACTCMD    R_r0= 0x2a    at time   55747045 ps
inst0 ch0:  R_CMD: ACTCMD    R_f0= 0x0a    at time   55747459 ps
inst0 ch0:  R_CMD: ACTCMD    R_r1= 0x00    at time   55747873 ps
inst0 ch0:  C_CMD: RDCMD     C_r = 0x09d   at time   55747873 ps
inst0 ch0:  R_CMD: ACTCMD    R_f1= 0x00    at time   55748287 ps
inst0 ch0:  C_CMD: RDCMD     C_f = 0x002   at time   55748287 ps
inst0 ch0:  C_CMD: RDCMD     C_r = 0x055   at time   55749529 ps
inst0 ch0:  C_CMD: RDCMD     C_f = 0x000   at time   55749943 ps
inst0 ch0:  R_CMD: ACTCMD    R_r0= 0x0a    at time   55751185 ps
inst0 ch0:  R_CMD: ACTCMD    R_f0= 0x0a    at time   55751599 ps
inst0 ch0:  R_CMD: ACTCMD    R_r1= 0x00    at time   55752013 ps
inst0 ch0:  C_CMD: RDCMD     C_r = 0x015   at time   55752013 ps
inst0 ch0:  R_CMD: ACTCMD    R_f1= 0x00    at time   55752427 ps
inst0 ch0:  C_CMD: RDCMD     C_f = 0x000   at time   55752427 ps
inst0 ch0:  C_CMD: RDCMD     C_r = 0x05d   at time   55753669 ps
inst0 ch0:  C_CMD: RDCMD     C_f = 0x002   at time   55754083 ps
inst0 ch0:  C_CMD: RDCMD     C_r = 0x0d5   at time   55754497 ps
inst0 ch0:  C_CMD: RDCMD     C_f = 0x080   at time   55754911 ps
inst0 ch0:  C_CMD: RDCMD     C_r = 0x01d   at time   55755325 ps
inst0 ch0:  C_CMD: RDCMD     C_f = 0x002   at time   55755739 ps
inst0 ch0:  C_CMD: RDCMD     C_r = 0x0dd   at time   55757809 ps
inst0 ch0:  C_CMD: RDCMD     C_f = 0x082   at time   55758223 ps
inst0 ch0:  C_CMD: RDCMD     C_r = 0x095   at time   55759465 ps
inst0 ch0:  C_CMD: RDCMD     C_f = 0x080   at time   55759879 ps
inst0 ch0:  C_CMD: RDCMD     C_r = 0x055   at time   55761949 ps
inst0 ch0:  C_CMD: RDCMD     C_f = 0x080   at time   55762363 ps
inst0 ch0:  C_CMD: RDCMD     C_r = 0x09d   at time   55763605 ps
inst0 ch0:  C_CMD: RDCMD     C_f = 0x082   at time   55764019 ps
inst0 ch0:  C_CMD: RDCMD     C_r = 0x05d   at time   55765261 ps
inst0 ch0:  C_CMD: RDCMD     C_f = 0x082   at time   55765675 ps
inst0 ch0:  C_CMD: RDCMD     C_r = 0x015   at time   55766917 ps
inst0 ch0:  C_CMD: RDCMD     C_f = 0x080   at time   55767331 ps
inst0 ch0:  C_CMD: RDCMD     C_r = 0x01d   at time   55770229 ps
inst0 ch0:  C_CMD: RDCMD     C_f = 0x082   at time   55770643 ps
inst0 ch0:  R_CMD: ACTCMD    R_r0= 0x32    at time   56080729 ps
inst0 ch0:  R_CMD: ACTCMD    R_f0= 0x22    at time   56081143 ps
inst0 ch0:  R_CMD: ACTCMD    R_r1= 0x00    at time   56081557 ps
inst0 ch0:  R_CMD: ACTCMD    R_f1= 0x00    at time   56081971 ps
inst0 ch0:  R_CMD: ACTCMD    R_r0= 0x12    at time   56084869 ps
inst0 ch0:  R_CMD: ACTCMD    R_f0= 0x22    at time   56085283 ps
inst0 ch0:  R_CMD: ACTCMD    R_r1= 0x00    at time   56085697 ps
inst0 ch0:  R_CMD: ACTCMD    R_f1= 0x00    at time   56086111 ps
inst0 ch0:  R_CMD: ACTCMD    R_r0= 0x32    at time   56089009 ps
inst0 ch0:  R_CMD: ACTCMD    R_f0= 0x02    at time   56089423 ps
inst0 ch0:  R_CMD: ACTCMD    R_r1= 0x00    at time   56089837 ps
inst0 ch0:  R_CMD: ACTCMD    R_f1= 0x00    at time   56090251 ps
inst0 ch0:  R_CMD: ACTCMD    R_r0= 0x12    at time   56093149 ps
inst0 ch0:  R_CMD: ACTCMD    R_f0= 0x02    at time   56093563 ps
inst0 ch0:  R_CMD: ACTCMD    R_r1= 0x00    at time   56093977 ps
inst0 ch0:  R_CMD: ACTCMD    R_f1= 0x00    at time   56094391 ps
inst0 ch0:  R_CMD: ACTCMD    R_r0= 0x32    at time   56095633 ps
inst0 ch0:  C_CMD: RDCMD     C_r = 0x0e5   at time   56095633 ps
inst0 ch0:  R_CMD: ACTCMD    R_f0= 0x2a    at time   56096047 ps
inst0 ch0:  C_CMD: RDCMD     C_f = 0x000   at time   56096047 ps
inst0 ch0:  R_CMD: ACTCMD    R_r1= 0x00    at time   56096461 ps
inst0 ch0:  R_CMD: ACTCMD    R_f1= 0x00    at time   56096875 ps
inst0 ch0:  C_CMD: RDCMD     C_r = 0x0ed   at time   56098945 ps
inst0 ch0:  C_CMD: RDCMD     C_f = 0x002   at time   56099359 ps
inst0 ch0:  R_CMD: ACTCMD    R_r0= 0x12    at time   56099773 ps
inst0 ch0:  R_CMD: ACTCMD    R_f0= 0x2a    at time   56100187 ps
inst0 ch0:  R_CMD: ACTCMD    R_r1= 0x00    at time   56100601 ps
inst0 ch0:  C_CMD: RDCMD     C_r = 0x0a5   at time   56100601 ps
inst0 ch0:  R_CMD: ACTCMD    R_f1= 0x00    at time   56101015 ps
inst0 ch0:  C_CMD: RDCMD     C_f = 0x000   at time   56101015 ps
inst0 ch0:  R_CMD: ACTCMD    R_r0= 0x32    at time   56103913 ps
inst0 ch0:  C_CMD: RDCMD     C_r = 0x0ad   at time   56103913 ps
inst0 ch0:  R_CMD: ACTCMD    R_f0= 0x0a    at time   56104327 ps
inst0 ch0:  C_CMD: RDCMD     C_f = 0x002   at time   56104327 ps
inst0 ch0:  R_CMD: ACTCMD    R_r1= 0x00    at time   56104741 ps
inst0 ch0:  R_CMD: ACTCMD    R_f1= 0x00    at time   56105155 ps
inst0 ch0:  C_CMD: RDCMD     C_r = 0x065   at time   56105569 ps
inst0 ch0:  C_CMD: RDCMD     C_f = 0x000   at time   56105983 ps
inst0 ch0:  R_CMD: ACTCMD    R_r0= 0x12    at time   56108053 ps
inst0 ch0:  C_CMD: RDCMD     C_r = 0x025   at time   56108053 ps
inst0 ch0:  R_CMD: ACTCMD    R_f0= 0x0a    at time   56108467 ps
inst0 ch0:  C_CMD: RDCMD     C_f = 0x000   at time   56108467 ps
inst0 ch0:  R_CMD: ACTCMD    R_r1= 0x00    at time   56108881 ps
inst0 ch0:  R_CMD: ACTCMD    R_f1= 0x00    at time   56109295 ps
inst0 ch0:  C_CMD: RDCMD     C_r = 0x06d   at time   56109709 ps
inst0 ch0:  C_CMD: RDCMD     C_f = 0x002   at time   56110123 ps
inst0 ch0:  C_CMD: RDCMD     C_r = 0x0e5   at time   56110537 ps
inst0 ch0:  C_CMD: RDCMD     C_f = 0x080   at time   56110951 ps
inst0 ch0:  C_CMD: RDCMD     C_r = 0x02d   at time   56111365 ps
inst0 ch0:  C_CMD: RDCMD     C_f = 0x002   at time   56111779 ps
inst0 ch0:  C_CMD: RDCMD     C_r = 0x0ed   at time   56113849 ps
inst0 ch0:  C_CMD: RDCMD     C_f = 0x082   at time   56114263 ps
inst0 ch0:  C_CMD: RDCMD     C_r = 0x0a5   at time   56115505 ps
inst0 ch0:  C_CMD: RDCMD     C_f = 0x080   at time   56115919 ps
inst0 ch0:  C_CMD: RDCMD     C_r = 0x0ad   at time   56118817 ps
inst0 ch0:  C_CMD: RDCMD     C_f = 0x082   at time   56119231 ps
inst0 ch0:  C_CMD: RDCMD     C_r = 0x065   at time   56120473 ps
inst0 ch0:  C_CMD: RDCMD     C_f = 0x080   at time   56120887 ps
inst0 ch0:  C_CMD: RDCMD     C_r = 0x025   at time   56122957 ps
inst0 ch0:  C_CMD: RDCMD     C_f = 0x080   at time   56123371 ps
inst0 ch0:  C_CMD: RDCMD     C_r = 0x06d   at time   56124613 ps
inst0 ch0:  C_CMD: RDCMD     C_f = 0x082   at time   56125027 ps
inst0 ch0:  C_CMD: RDCMD     C_r = 0x02d   at time   56126269 ps
inst0 ch0:  C_CMD: RDCMD     C_f = 0x082   at time   56126683 ps
inst0 ch0:  R_CMD: ACTCMD    R_r0= 0x3a    at time   56722429 ps
inst0 ch0:  R_CMD: ACTCMD    R_f0= 0x22    at time   56722843 ps
inst0 ch0:  R_CMD: ACTCMD    R_r1= 0x00    at time   56723257 ps
inst0 ch0:  R_CMD: ACTCMD    R_f1= 0x00    at time   56723671 ps
inst0 ch0:  R_CMD: ACTCMD    R_r0= 0x1a    at time   56726569 ps
inst0 ch0:  R_CMD: ACTCMD    R_f0= 0x22    at time   56726983 ps
inst0 ch0:  R_CMD: ACTCMD    R_r1= 0x00    at time   56727397 ps
inst0 ch0:  R_CMD: ACTCMD    R_f1= 0x00    at time   56727811 ps
inst0 ch0:  R_CMD: ACTCMD    R_r0= 0x3a    at time   56730709 ps
inst0 ch0:  R_CMD: ACTCMD    R_f0= 0x02    at time   56731123 ps
inst0 ch0:  R_CMD: ACTCMD    R_r1= 0x00    at time   56731537 ps
inst0 ch0:  R_CMD: ACTCMD    R_f1= 0x00    at time   56731951 ps
inst0 ch0:  R_CMD: ACTCMD    R_r0= 0x1a    at time   56734849 ps
inst0 ch0:  R_CMD: ACTCMD    R_f0= 0x02    at time   56735263 ps
inst0 ch0:  R_CMD: ACTCMD    R_r1= 0x00    at time   56735677 ps
inst0 ch0:  R_CMD: ACTCMD    R_f1= 0x00    at time   56736091 ps
inst0 ch0:  C_CMD: RDCMD     C_r = 0x0f5   at time   56737333 ps
inst0 ch0:  C_CMD: RDCMD     C_f = 0x000   at time   56737747 ps
inst0 ch0:  R_CMD: ACTCMD    R_r0= 0x3a    at time   56738161 ps
inst0 ch0:  R_CMD: ACTCMD    R_f0= 0x2a    at time   56738575 ps
inst0 ch0:  R_CMD: ACTCMD    R_r1= 0x00    at time   56738989 ps
inst0 ch0:  R_CMD: ACTCMD    R_f1= 0x00    at time   56739403 ps
inst0 ch0:  C_CMD: RDCMD     C_r = 0x0fd   at time   56740645 ps
inst0 ch0:  C_CMD: RDCMD     C_f = 0x002   at time   56741059 ps
inst0 ch0:  R_CMD: ACTCMD    R_r0= 0x1a    at time   56742301 ps
inst0 ch0:  C_CMD: RDCMD     C_r = 0x0b5   at time   56742301 ps
inst0 ch0:  R_CMD: ACTCMD    R_f0= 0x2a    at time   56742715 ps
inst0 ch0:  C_CMD: RDCMD     C_f = 0x000   at time   56742715 ps
inst0 ch0:  R_CMD: ACTCMD    R_r1= 0x00    at time   56743129 ps
inst0 ch0:  R_CMD: ACTCMD    R_f1= 0x00    at time   56743543 ps
inst0 ch0:  C_CMD: RDCMD     C_r = 0x0bd   at time   56745613 ps
inst0 ch0:  C_CMD: RDCMD     C_f = 0x002   at time   56746027 ps
inst0 ch0:  R_CMD: ACTCMD    R_r0= 0x3a    at time   56746441 ps
inst0 ch0:  R_CMD: ACTCMD    R_f0= 0x0a    at time   56746855 ps
inst0 ch0:  R_CMD: ACTCMD    R_r1= 0x00    at time   56747269 ps
inst0 ch0:  C_CMD: RDCMD     C_r = 0x075   at time   56747269 ps
inst0 ch0:  R_CMD: ACTCMD    R_f1= 0x00    at time   56747683 ps
inst0 ch0:  C_CMD: RDCMD     C_f = 0x000   at time   56747683 ps
inst0 ch0:  C_CMD: RDCMD     C_r = 0x035   at time   56749753 ps
inst0 ch0:  C_CMD: RDCMD     C_f = 0x000   at time   56750167 ps
inst0 ch0:  R_CMD: ACTCMD    R_r0= 0x1a    at time   56750581 ps
inst0 ch0:  R_CMD: ACTCMD    R_f0= 0x0a    at time   56750995 ps
inst0 ch0:  R_CMD: ACTCMD    R_r1= 0x00    at time   56751409 ps
inst0 ch0:  C_CMD: RDCMD     C_r = 0x07d   at time   56751409 ps
inst0 ch0:  R_CMD: ACTCMD    R_f1= 0x00    at time   56751823 ps
inst0 ch0:  C_CMD: RDCMD     C_f = 0x002   at time   56751823 ps
inst0 ch0:  C_CMD: RDCMD     C_r = 0x03d   at time   56753065 ps
inst0 ch0:  C_CMD: RDCMD     C_f = 0x002   at time   56753479 ps
inst0 ch0:  C_CMD: RDCMD     C_r = 0x0f5   at time   56753893 ps
inst0 ch0:  C_CMD: RDCMD     C_f = 0x080   at time   56754307 ps
inst0 ch0:  C_CMD: RDCMD     C_r = 0x0fd   at time   56757205 ps
inst0 ch0:  C_CMD: RDCMD     C_f = 0x082   at time   56757619 ps
inst0 ch0:  C_CMD: RDCMD     C_r = 0x0b5   at time   56758861 ps
inst0 ch0:  C_CMD: RDCMD     C_f = 0x080   at time   56759275 ps
inst0 ch0:  C_CMD: RDCMD     C_r = 0x075   at time   56761345 ps
inst0 ch0:  C_CMD: RDCMD     C_f = 0x080   at time   56761759 ps
inst0 ch0:  C_CMD: RDCMD     C_r = 0x0bd   at time   56763001 ps
inst0 ch0:  C_CMD: RDCMD     C_f = 0x082   at time   56763415 ps
inst0 ch0:  C_CMD: RDCMD     C_r = 0x07d   at time   56764657 ps
inst0 ch0:  C_CMD: RDCMD     C_f = 0x082   at time   56765071 ps
inst0 ch0:  C_CMD: RDCMD     C_r = 0x035   at time   56766313 ps
inst0 ch0:  C_CMD: RDCMD     C_f = 0x080   at time   56766727 ps
inst0 ch0:  C_CMD: RDCMD     C_r = 0x03d   at time   56769625 ps
inst0 ch0:  C_CMD: RDCMD     C_f = 0x082   at time   56770039 ps
inst0 ch0:  R_CMD: ACTCMD    R_r0= 0x02    at time   57308653 ps
inst0 ch0:  R_CMD: ACTCMD    R_f0= 0x18    at time   57309067 ps
inst0 ch0:  R_CMD: ACTCMD    R_r1= 0x3f    at time   57309481 ps
inst0 ch0:  R_CMD: ACTCMD    R_f1= 0x3b    at time   57309895 ps
inst0 ch0:  R_CMD: ACTCMD    R_r0= 0x02    at time   57310309 ps
inst0 ch0:  R_CMD: ACTCMD    R_f0= 0x10    at time   57310723 ps
inst0 ch0:  R_CMD: ACTCMD    R_r1= 0x3f    at time   57311137 ps
inst0 ch0:  R_CMD: ACTCMD    R_f1= 0x3b    at time   57311551 ps
inst0 ch0:  C_CMD: WRCMD     C_r = 0x009   at time   57319417 ps
inst0 ch0:  C_CMD: WRCMD     C_f = 0x0fa   at time   57319831 ps
inst0 ch0:  C_CMD: WRCMD     C_r = 0x009   at time   57321073 ps
inst0 ch0:  C_CMD: WRCMD     C_f = 0x07a   at time   57321487 ps
inst0 ch0:  R_CMD: ACTCMD    R_r0= 0x0a    at time   58205377 ps
inst0 ch0:  R_CMD: ACTCMD    R_f0= 0x10    at time   58205791 ps
inst0 ch0:  R_CMD: ACTCMD    R_r1= 0x3f    at time   58206205 ps
inst0 ch0:  R_CMD: ACTCMD    R_f1= 0x3b    at time   58206619 ps
inst0 ch0:  C_CMD: WRCMD     C_r = 0x019   at time   58216141 ps
inst0 ch0:  C_CMD: WRCMD     C_f = 0x07a   at time   58216555 ps
inst0 ch0:  R_CMD: ACTCMD    R_r0= 0x0a    at time   58260025 ps
inst0 ch0:  R_CMD: ACTCMD    R_f0= 0x18    at time   58260439 ps
inst0 ch0:  R_CMD: ACTCMD    R_r1= 0x3f    at time   58260853 ps
inst0 ch0:  R_CMD: ACTCMD    R_f1= 0x3b    at time   58261267 ps
inst0 ch0:  C_CMD: WRCMD     C_r = 0x019   at time   58270789 ps
inst0 ch0:  C_CMD: WRCMD     C_f = 0x0fa   at time   58271203 ps
inst0 ch0:  R_CMD: ACTCMD    R_r0= 0x02    at time   58356073 ps
inst0 ch0:  R_CMD: ACTCMD    R_f0= 0x30    at time   58356487 ps
inst0 ch0:  R_CMD: ACTCMD    R_r1= 0x3f    at time   58356901 ps
inst0 ch0:  R_CMD: ACTCMD    R_f1= 0x3b    at time   58357315 ps
inst0 ch0:  C_CMD: WRCMD     C_r = 0x089   at time   58366837 ps
inst0 ch0:  C_CMD: WRCMD     C_f = 0x07a   at time   58367251 ps
inst0 ch0:  R_CMD: ACTCMD    R_r0= 0x02    at time   58385881 ps
inst0 ch0:  R_CMD: ACTCMD    R_f0= 0x38    at time   58386295 ps
inst0 ch0:  R_CMD: ACTCMD    R_r1= 0x3f    at time   58386709 ps
inst0 ch0:  R_CMD: ACTCMD    R_f1= 0x3b    at time   58387123 ps
inst0 ch0:  C_CMD: WRCMD     C_r = 0x089   at time   58396645 ps
inst0 ch0:  C_CMD: WRCMD     C_f = 0x0fa   at time   58397059 ps
inst0 ch0:  R_CMD: ACTCMD    R_r0= 0x0a    at time   58482757 ps
inst0 ch0:  R_CMD: ACTCMD    R_f0= 0x30    at time   58483171 ps
inst0 ch0:  R_CMD: ACTCMD    R_r1= 0x3f    at time   58483585 ps
inst0 ch0:  R_CMD: ACTCMD    R_f1= 0x3b    at time   58483999 ps
inst0 ch0:  C_CMD: WRCMD     C_r = 0x099   at time   58493521 ps
inst0 ch0:  C_CMD: WRCMD     C_f = 0x07a   at time   58493935 ps
inst0 ch0:  R_CMD: ACTCMD    R_r0= 0x0a    at time   58537405 ps
inst0 ch0:  R_CMD: ACTCMD    R_f0= 0x38    at time   58537819 ps
inst0 ch0:  R_CMD: ACTCMD    R_r1= 0x3f    at time   58538233 ps
inst0 ch0:  R_CMD: ACTCMD    R_f1= 0x3b    at time   58538647 ps
inst0 ch0:  C_CMD: WRCMD     C_r = 0x099   at time   58548169 ps
inst0 ch0:  C_CMD: WRCMD     C_f = 0x0fa   at time   58548583 ps
inst0 ch0:  R_CMD: ACTCMD    R_r0= 0x0a    at time   59415913 ps
inst0 ch0:  R_CMD: ACTCMD    R_f0= 0x1b    at time   59416327 ps
inst0 ch0:  R_CMD: ACTCMD    R_r1= 0x3f    at time   59416741 ps
inst0 ch0:  R_CMD: ACTCMD    R_f1= 0x3b    at time   59417155 ps
inst0 ch0:  C_CMD: WRCMD     C_r = 0x019   at time   59426677 ps
inst0 ch0:  C_CMD: WRCMD     C_f = 0x090   at time   59427091 ps
inst0 ch0:  R_CMD: ACTCMD    R_r0= 0x0a    at time   59609665 ps
inst0 ch0:  R_CMD: ACTCMD    R_f0= 0x13    at time   59610079 ps
inst0 ch0:  R_CMD: ACTCMD    R_r1= 0x3f    at time   59610493 ps
inst0 ch0:  R_CMD: ACTCMD    R_f1= 0x3b    at time   59610907 ps
inst0 ch0:  C_CMD: WRCMD     C_r = 0x019   at time   59620429 ps
inst0 ch0:  C_CMD: WRCMD     C_f = 0x010   at time   59620843 ps
inst0 ch0:  R_CMD: ACTCMD    R_r0= 0x02    at time   59781061 ps
inst0 ch0:  R_CMD: ACTCMD    R_f0= 0x1b    at time   59781475 ps
inst0 ch0:  R_CMD: ACTCMD    R_r1= 0x3f    at time   59781889 ps
inst0 ch0:  R_CMD: ACTCMD    R_f1= 0x3b    at time   59782303 ps
inst0 ch0:  C_CMD: WRCMD     C_r = 0x009   at time   59791825 ps
inst0 ch0:  C_CMD: WRCMD     C_f = 0x080   at time   59792239 ps
inst0 ch0:  R_CMD: ACTCMD    R_r0= 0x02    at time   59983093 ps
inst0 ch0:  R_CMD: ACTCMD    R_f0= 0x13    at time   59983507 ps
inst0 ch0:  R_CMD: ACTCMD    R_r1= 0x3f    at time   59983921 ps
inst0 ch0:  R_CMD: ACTCMD    R_f1= 0x3b    at time   59984335 ps
inst0 ch0:  C_CMD: WRCMD     C_r = 0x009   at time   59993857 ps
inst0 ch0:  C_CMD: WRCMD     C_f = 0x000   at time   59994271 ps
inst0 ch0:  R_CMD: ACTCMD    R_r0= 0x02    at time   61071913 ps
inst0 ch0:  R_CMD: ACTCMD    R_f0= 0x08    at time   61072327 ps
inst0 ch0:  R_CMD: ACTCMD    R_r1= 0x00    at time   61072741 ps
inst0 ch0:  R_CMD: ACTCMD    R_f1= 0x00    at time   61073155 ps
inst0 ch0:  C_CMD: RDCMD     C_r = 0x005   at time   61086817 ps
inst0 ch0:  C_CMD: RDCMD     C_f = 0x098   at time   61087231 ps
inst0 ch0:  C_CMD: RDCMD     C_r = 0x005   at time   61090129 ps
inst0 ch0:  C_CMD: RDCMD     C_f = 0x09a   at time   61090543 ps
inst0 ch0:  C_CMD: RDCMD     C_r = 0x005   at time   61093441 ps
inst0 ch0:  C_CMD: RDCMD     C_f = 0x090   at time   61093855 ps
inst0 ch0:  C_CMD: RDCMD     C_r = 0x005   at time   61096753 ps
inst0 ch0:  C_CMD: RDCMD     C_f = 0x092   at time   61097167 ps
inst0 ch0:  C_CMD: RDCMD     C_r = 0x005   at time   61100065 ps
inst0 ch0:  C_CMD: RDCMD     C_f = 0x088   at time   61100479 ps
inst0 ch0:  C_CMD: RDCMD     C_r = 0x005   at time   61103377 ps
inst0 ch0:  C_CMD: RDCMD     C_f = 0x08a   at time   61103791 ps
inst0 ch0:  C_CMD: RDCMD     C_r = 0x005   at time   61106689 ps
inst0 ch0:  C_CMD: RDCMD     C_f = 0x080   at time   61107103 ps
inst0 ch0:  C_CMD: RDCMD     C_r = 0x00d   at time   61110001 ps
inst0 ch0:  C_CMD: RDCMD     C_f = 0x082   at time   61110415 ps
inst0 ch0:  R_CMD: ACTCMD    R_r0= 0x02    at time   61290505 ps
inst0 ch0:  R_CMD: ACTCMD    R_f0= 0x00    at time   61290919 ps
inst0 ch0:  R_CMD: ACTCMD    R_r1= 0x00    at time   61291333 ps
inst0 ch0:  R_CMD: ACTCMD    R_f1= 0x00    at time   61291747 ps
inst0 ch0:  C_CMD: RDCMD     C_r = 0x005   at time   61305409 ps
inst0 ch0:  C_CMD: RDCMD     C_f = 0x018   at time   61305823 ps
inst0 ch0:  C_CMD: RDCMD     C_r = 0x005   at time   61308721 ps
inst0 ch0:  C_CMD: RDCMD     C_f = 0x01a   at time   61309135 ps
inst0 ch0:  C_CMD: RDCMD     C_r = 0x005   at time   61312033 ps
inst0 ch0:  C_CMD: RDCMD     C_f = 0x010   at time   61312447 ps
inst0 ch0:  C_CMD: RDCMD     C_r = 0x005   at time   61315345 ps
inst0 ch0:  C_CMD: RDCMD     C_f = 0x012   at time   61315759 ps
inst0 ch0:  C_CMD: RDCMD     C_r = 0x005   at time   61318657 ps
inst0 ch0:  C_CMD: RDCMD     C_f = 0x008   at time   61319071 ps
inst0 ch0:  C_CMD: RDCMD     C_r = 0x005   at time   61321969 ps
inst0 ch0:  C_CMD: RDCMD     C_f = 0x00a   at time   61322383 ps
inst0 ch0:  C_CMD: RDCMD     C_r = 0x005   at time   61325281 ps
inst0 ch0:  C_CMD: RDCMD     C_f = 0x000   at time   61325695 ps
inst0 ch0:  C_CMD: RDCMD     C_r = 0x00d   at time   61328593 ps
inst0 ch0:  C_CMD: RDCMD     C_f = 0x002   at time   61329007 ps
inst0 ch0:  R_CMD: ACTCMD    R_r0= 0x0a    at time   61528141 ps
inst0 ch0:  R_CMD: ACTCMD    R_f0= 0x08    at time   61528555 ps
inst0 ch0:  R_CMD: ACTCMD    R_r1= 0x00    at time   61528969 ps
inst0 ch0:  R_CMD: ACTCMD    R_f1= 0x00    at time   61529383 ps
inst0 ch0:  C_CMD: RDCMD     C_r = 0x015   at time   61543045 ps
inst0 ch0:  C_CMD: RDCMD     C_f = 0x098   at time   61543459 ps
inst0 ch0:  C_CMD: RDCMD     C_r = 0x015   at time   61546357 ps
inst0 ch0:  C_CMD: RDCMD     C_f = 0x09a   at time   61546771 ps
inst0 ch0:  C_CMD: RDCMD     C_r = 0x015   at time   61549669 ps
inst0 ch0:  C_CMD: RDCMD     C_f = 0x090   at time   61550083 ps
inst0 ch0:  C_CMD: RDCMD     C_r = 0x015   at time   61552981 ps
inst0 ch0:  C_CMD: RDCMD     C_f = 0x092   at time   61553395 ps
inst0 ch0:  C_CMD: RDCMD     C_r = 0x015   at time   61556293 ps
inst0 ch0:  C_CMD: RDCMD     C_f = 0x088   at time   61556707 ps
inst0 ch0:  C_CMD: RDCMD     C_r = 0x015   at time   61559605 ps
inst0 ch0:  C_CMD: RDCMD     C_f = 0x08a   at time   61560019 ps
inst0 ch0:  C_CMD: RDCMD     C_r = 0x015   at time   61562917 ps
inst0 ch0:  C_CMD: RDCMD     C_f = 0x080   at time   61563331 ps
inst0 ch0:  C_CMD: RDCMD     C_r = 0x01d   at time   61566229 ps
inst0 ch0:  C_CMD: RDCMD     C_f = 0x082   at time   61566643 ps
inst0 ch0:  R_CMD: ACTCMD    R_r0= 0x0a    at time   61656481 ps
inst0 ch0:  R_CMD: ACTCMD    R_f0= 0x00    at time   61656895 ps
inst0 ch0:  R_CMD: ACTCMD    R_r1= 0x00    at time   61657309 ps
inst0 ch0:  R_CMD: ACTCMD    R_f1= 0x00    at time   61657723 ps
inst0 ch0:  C_CMD: RDCMD     C_r = 0x015   at time   61671385 ps
inst0 ch0:  C_CMD: RDCMD     C_f = 0x018   at time   61671799 ps
inst0 ch0:  C_CMD: RDCMD     C_r = 0x015   at time   61674697 ps
inst0 ch0:  C_CMD: RDCMD     C_f = 0x01a   at time   61675111 ps
inst0 ch0:  C_CMD: RDCMD     C_r = 0x015   at time   61678009 ps
inst0 ch0:  C_CMD: RDCMD     C_f = 0x010   at time   61678423 ps
inst0 ch0:  C_CMD: RDCMD     C_r = 0x015   at time   61681321 ps
inst0 ch0:  C_CMD: RDCMD     C_f = 0x012   at time   61681735 ps
inst0 ch0:  C_CMD: RDCMD     C_r = 0x015   at time   61684633 ps
inst0 ch0:  C_CMD: RDCMD     C_f = 0x008   at time   61685047 ps
inst0 ch0:  C_CMD: RDCMD     C_r = 0x015   at time   61687945 ps
inst0 ch0:  C_CMD: RDCMD     C_f = 0x00a   at time   61688359 ps
inst0 ch0:  C_CMD: RDCMD     C_r = 0x015   at time   61691257 ps
inst0 ch0:  C_CMD: RDCMD     C_f = 0x000   at time   61691671 ps
inst0 ch0:  C_CMD: RDCMD     C_r = 0x01d   at time   61694569 ps
inst0 ch0:  C_CMD: RDCMD     C_f = 0x002   at time   61694983 ps
inst0 ch0:  R_CMD: ACTCMD    R_r0= 0x0a    at time   61790617 ps
inst0 ch0:  R_CMD: ACTCMD    R_f0= 0x08    at time   61791031 ps
inst0 ch0:  R_CMD: ACTCMD    R_r1= 0x00    at time   61791445 ps
inst0 ch0:  R_CMD: ACTCMD    R_f1= 0x00    at time   61791859 ps
inst0 ch0:  C_CMD: WRCMD     C_r = 0x011   at time   61801381 ps
inst0 ch0:  C_CMD: WRCMD     C_f = 0x0b8   at time   61801795 ps
inst0 ch0:  C_CMD: WRCMD     C_r = 0x011   at time   61804693 ps
inst0 ch0:  C_CMD: WRCMD     C_f = 0x0ba   at time   61805107 ps
inst0 ch0:  C_CMD: WRCMD     C_r = 0x011   at time   61808005 ps
inst0 ch0:  C_CMD: WRCMD     C_f = 0x0b0   at time   61808419 ps
inst0 ch0:  C_CMD: WRCMD     C_r = 0x011   at time   61811317 ps
inst0 ch0:  C_CMD: WRCMD     C_f = 0x0b2   at time   61811731 ps
inst0 ch0:  C_CMD: WRCMD     C_r = 0x011   at time   61814629 ps
inst0 ch0:  C_CMD: WRCMD     C_f = 0x0a8   at time   61815043 ps
inst0 ch0:  C_CMD: WRCMD     C_r = 0x011   at time   61817941 ps
inst0 ch0:  C_CMD: WRCMD     C_f = 0x0aa   at time   61818355 ps
inst0 ch0:  C_CMD: WRCMD     C_r = 0x011   at time   61821253 ps
inst0 ch0:  C_CMD: WRCMD     C_f = 0x0a0   at time   61821667 ps
inst0 ch0:  C_CMD: WRCMD     C_r = 0x019   at time   61824565 ps
inst0 ch0:  C_CMD: WRCMD     C_f = 0x0a2   at time   61824979 ps
inst0 ch0:  R_CMD: ACTCMD    R_r0= 0x0a    at time   61920613 ps
inst0 ch0:  R_CMD: ACTCMD    R_f0= 0x00    at time   61921027 ps
inst0 ch0:  R_CMD: ACTCMD    R_r1= 0x00    at time   61921441 ps
inst0 ch0:  R_CMD: ACTCMD    R_f1= 0x00    at time   61921855 ps
inst0 ch0:  C_CMD: WRCMD     C_r = 0x011   at time   61931377 ps
inst0 ch0:  C_CMD: WRCMD     C_f = 0x038   at time   61931791 ps
inst0 ch0:  C_CMD: WRCMD     C_r = 0x011   at time   61934689 ps
inst0 ch0:  C_CMD: WRCMD     C_f = 0x03a   at time   61935103 ps
inst0 ch0:  C_CMD: WRCMD     C_r = 0x011   at time   61938001 ps
inst0 ch0:  C_CMD: WRCMD     C_f = 0x030   at time   61938415 ps
inst0 ch0:  C_CMD: WRCMD     C_r = 0x011   at time   61941313 ps
inst0 ch0:  C_CMD: WRCMD     C_f = 0x032   at time   61941727 ps
inst0 ch0:  C_CMD: WRCMD     C_r = 0x011   at time   61944625 ps
inst0 ch0:  C_CMD: WRCMD     C_f = 0x028   at time   61945039 ps
inst0 ch0:  C_CMD: WRCMD     C_r = 0x011   at time   61947937 ps
inst0 ch0:  C_CMD: WRCMD     C_f = 0x02a   at time   61948351 ps
inst0 ch0:  C_CMD: WRCMD     C_r = 0x011   at time   61951249 ps
inst0 ch0:  C_CMD: WRCMD     C_f = 0x020   at time   61951663 ps
inst0 ch0:  C_CMD: WRCMD     C_r = 0x019   at time   61954561 ps
inst0 ch0:  C_CMD: WRCMD     C_f = 0x022   at time   61954975 ps
inst0 ch0:  R_CMD: ACTCMD    R_r0= 0x02    at time   62645113 ps
inst0 ch0:  R_CMD: ACTCMD    R_f0= 0x1b    at time   62645527 ps
inst0 ch0:  R_CMD: ACTCMD    R_r1= 0x3f    at time   62645941 ps
inst0 ch0:  R_CMD: ACTCMD    R_f1= 0x3b    at time   62646355 ps
inst0 ch0:  C_CMD: WRCMD     C_r = 0x009   at time   62655877 ps
inst0 ch0:  C_CMD: WRCMD     C_f = 0x080   at time   62656291 ps
inst0 ch0:  R_CMD: ACTCMD    R_r0= 0x02    at time   62667469 ps
inst0 ch0:  R_CMD: ACTCMD    R_f0= 0x13    at time   62667883 ps
inst0 ch0:  R_CMD: ACTCMD    R_r1= 0x3f    at time   62668297 ps
inst0 ch0:  R_CMD: ACTCMD    R_f1= 0x3b    at time   62668711 ps
inst0 ch0:  C_CMD: WRCMD     C_r = 0x009   at time   62678233 ps
inst0 ch0:  C_CMD: WRCMD     C_f = 0x000   at time   62678647 ps
inst0 ch0:  R_CMD: ACTCMD    R_r0= 0x0a    at time   62920837 ps
inst0 ch0:  R_CMD: ACTCMD    R_f0= 0x19    at time   62921251 ps
inst0 ch0:  R_CMD: ACTCMD    R_r1= 0x3f    at time   62921665 ps
inst0 ch0:  R_CMD: ACTCMD    R_f1= 0x3b    at time   62922079 ps
inst0 ch0:  R_CMD: ACTCMD    R_r0= 0x02    at time   62924977 ps
inst0 ch0:  R_CMD: ACTCMD    R_f0= 0x19    at time   62925391 ps
inst0 ch0:  R_CMD: ACTCMD    R_r1= 0x3f    at time   62925805 ps
inst0 ch0:  R_CMD: ACTCMD    R_f1= 0x3b    at time   62926219 ps
inst0 ch0:  C_CMD: WRCMD     C_r = 0x019   at time   62931601 ps
inst0 ch0:  C_CMD: WRCMD     C_f = 0x0fa   at time   62932015 ps
inst0 ch0:  C_CMD: WRCMD     C_r = 0x009   at time   62935741 ps
inst0 ch0:  C_CMD: WRCMD     C_f = 0x0fa   at time   62936155 ps
inst0 ch0:  R_CMD: ACTCMD    R_r0= 0x0a    at time   63011089 ps
inst0 ch0:  R_CMD: ACTCMD    R_f0= 0x11    at time   63011503 ps
inst0 ch0:  R_CMD: ACTCMD    R_r1= 0x3f    at time   63011917 ps
inst0 ch0:  R_CMD: ACTCMD    R_f1= 0x3b    at time   63012331 ps
inst0 ch0:  R_CMD: ACTCMD    R_r0= 0x02    at time   63015229 ps
inst0 ch0:  R_CMD: ACTCMD    R_f0= 0x11    at time   63015643 ps
inst0 ch0:  R_CMD: ACTCMD    R_r1= 0x3f    at time   63016057 ps
inst0 ch0:  R_CMD: ACTCMD    R_f1= 0x3b    at time   63016471 ps
inst0 ch0:  C_CMD: WRCMD     C_r = 0x019   at time   63021853 ps
inst0 ch0:  C_CMD: WRCMD     C_f = 0x07a   at time   63022267 ps
inst0 ch0:  C_CMD: WRCMD     C_r = 0x009   at time   63025993 ps
inst0 ch0:  C_CMD: WRCMD     C_f = 0x07a   at time   63026407 ps
inst0 ch0:  R_CMD: ACTCMD    R_r0= 0x0a    at time   63559225 ps
inst0 ch0:  R_CMD: ACTCMD    R_f0= 0x0a    at time   63559639 ps
inst0 ch0:  R_CMD: ACTCMD    R_r1= 0x00    at time   63560053 ps
inst0 ch0:  R_CMD: ACTCMD    R_f1= 0x00    at time   63560467 ps
inst0 ch0:  R_CMD: ACTCMD    R_r0= 0x02    at time   63563365 ps
inst0 ch0:  R_CMD: ACTCMD    R_f0= 0x0a    at time   63563779 ps
inst0 ch0:  R_CMD: ACTCMD    R_r1= 0x00    at time   63564193 ps
inst0 ch0:  R_CMD: ACTCMD    R_f1= 0x00    at time   63564607 ps
inst0 ch0:  R_CMD: ACTCMD    R_r0= 0x0a    at time   63570817 ps
inst0 ch0:  R_CMD: ACTCMD    R_f0= 0x02    at time   63571231 ps
inst0 ch0:  R_CMD: ACTCMD    R_r1= 0x00    at time   63571645 ps
inst0 ch0:  R_CMD: ACTCMD    R_f1= 0x00    at time   63572059 ps
inst0 ch0:  C_CMD: RDCMD     C_r = 0x015   at time   63574129 ps
inst0 ch0:  C_CMD: RDCMD     C_f = 0x080   at time   63574543 ps
inst0 ch0:  R_CMD: ACTCMD    R_r0= 0x02    at time   63574957 ps
inst0 ch0:  R_CMD: ACTCMD    R_f0= 0x02    at time   63575371 ps
inst0 ch0:  R_CMD: ACTCMD    R_r1= 0x00    at time   63575785 ps
inst0 ch0:  R_CMD: ACTCMD    R_f1= 0x00    at time   63576199 ps
inst0 ch0:  C_CMD: RDCMD     C_r = 0x01d   at time   63577441 ps
inst0 ch0:  C_CMD: RDCMD     C_f = 0x082   at time   63577855 ps
inst0 ch0:  C_CMD: RDCMD     C_r = 0x005   at time   63580753 ps
inst0 ch0:  C_CMD: RDCMD     C_f = 0x080   at time   63581167 ps
inst0 ch0:  C_CMD: RDCMD     C_r = 0x00d   at time   63584065 ps
inst0 ch0:  C_CMD: RDCMD     C_f = 0x082   at time   63584479 ps
inst0 ch0:  C_CMD: RDCMD     C_r = 0x015   at time   63585721 ps
inst0 ch0:  C_CMD: RDCMD     C_f = 0x000   at time   63586135 ps
inst0 ch0:  C_CMD: RDCMD     C_r = 0x01d   at time   63589033 ps
inst0 ch0:  C_CMD: RDCMD     C_f = 0x002   at time   63589447 ps
inst0 ch0:  C_CMD: RDCMD     C_r = 0x005   at time   63592345 ps
inst0 ch0:  C_CMD: RDCMD     C_f = 0x000   at time   63592759 ps
inst0 ch0:  C_CMD: RDCMD     C_r = 0x00d   at time   63595657 ps
inst0 ch0:  C_CMD: RDCMD     C_f = 0x002   at time   63596071 ps
