inst0 ch0:  R_CMD: ACTCMD    R_r0= 0x0e    at time   33400981 ps
inst0 ch0:  R_CMD: ACTCMD    R_f0= 0x28    at time   33401395 ps
inst0 ch0:  R_CMD: ACTCMD    R_r1= 0x00    at time   33401809 ps
inst0 ch0:  R_CMD: ACTCMD    R_f1= 0x02    at time   33402223 ps
inst0 ch0:  R_CMD: ACTCMD    R_r0= 0x0e    at time   33404293 ps
inst0 ch0:  R_CMD: ACTCMD    R_f0= 0x20    at time   33404707 ps
inst0 ch0:  R_CMD: ACTCMD    R_r1= 0x00    at time   33405121 ps
inst0 ch0:  R_CMD: ACTCMD    R_f1= 0x02    at time   33405535 ps
inst0 ch0:  C_CMD: RDCMD     C_r = 0x095   at time   33415885 ps
inst0 ch0:  C_CMD: RDCMD     C_f = 0x0a9   at time   33416299 ps
inst0 ch0:  C_CMD: RDCMD     C_r = 0x095   at time   33419197 ps
inst0 ch0:  C_CMD: RDCMD     C_f = 0x0ab   at time   33419611 ps
inst0 ch0:  C_CMD: RDCMD     C_r = 0x095   at time   33420025 ps
inst0 ch0:  C_CMD: RDCMD     C_f = 0x029   at time   33420439 ps
inst0 ch0:  C_CMD: RDCMD     C_r = 0x095   at time   33422509 ps
inst0 ch0:  C_CMD: RDCMD     C_f = 0x0a1   at time   33422923 ps
inst0 ch0:  C_CMD: RDCMD     C_r = 0x095   at time   33423337 ps
inst0 ch0:  C_CMD: RDCMD     C_f = 0x02b   at time   33423751 ps
inst0 ch0:  C_CMD: RDCMD     C_r = 0x09d   at time   33425821 ps
inst0 ch0:  C_CMD: RDCMD     C_f = 0x0a3   at time   33426235 ps
inst0 ch0:  C_CMD: RDCMD     C_r = 0x095   at time   33426649 ps
inst0 ch0:  C_CMD: RDCMD     C_f = 0x021   at time   33427063 ps
inst0 ch0:  C_CMD: RDCMD     C_r = 0x09d   at time   33429961 ps
inst0 ch0:  C_CMD: RDCMD     C_f = 0x023   at time   33430375 ps
inst0 ch0:  R_CMD: ACTCMD    R_r0= 0x0e    at time   33665941 ps
inst0 ch0:  R_CMD: ACTCMD    R_f0= 0x28    at time   33666355 ps
inst0 ch0:  R_CMD: ACTCMD    R_r1= 0x00    at time   33666769 ps
inst0 ch0:  R_CMD: ACTCMD    R_f1= 0x02    at time   33667183 ps
inst0 ch0:  R_CMD: ACTCMD    R_r0= 0x0e    at time   33667597 ps
inst0 ch0:  R_CMD: ACTCMD    R_f0= 0x20    at time   33668011 ps
inst0 ch0:  R_CMD: ACTCMD    R_r1= 0x00    at time   33668425 ps
inst0 ch0:  R_CMD: ACTCMD    R_f1= 0x02    at time   33668839 ps
inst0 ch0:  C_CMD: WRCMD     C_r = 0x091   at time   33676705 ps
inst0 ch0:  C_CMD: WRCMD     C_f = 0x0a9   at time   33677119 ps
inst0 ch0:  C_CMD: WRCMD     C_r = 0x091   at time   33678361 ps
inst0 ch0:  C_CMD: WRCMD     C_f = 0x029   at time   33678775 ps
inst0 ch0:  C_CMD: WRCMD     C_r = 0x091   at time   33680017 ps
inst0 ch0:  C_CMD: WRCMD     C_f = 0x0ab   at time   33680431 ps
inst0 ch0:  C_CMD: WRCMD     C_r = 0x091   at time   33681673 ps
inst0 ch0:  C_CMD: WRCMD     C_f = 0x02b   at time   33682087 ps
inst0 ch0:  C_CMD: WRCMD     C_r = 0x091   at time   33683329 ps
inst0 ch0:  C_CMD: WRCMD     C_f = 0x0a1   at time   33683743 ps
inst0 ch0:  C_CMD: WRCMD     C_r = 0x091   at time   33684985 ps
inst0 ch0:  C_CMD: WRCMD     C_f = 0x021   at time   33685399 ps
inst0 ch0:  C_CMD: WRCMD     C_r = 0x099   at time   33686641 ps
inst0 ch0:  C_CMD: WRCMD     C_f = 0x0a3   at time   33687055 ps
inst0 ch0:  C_CMD: WRCMD     C_r = 0x099   at time   33688297 ps
inst0 ch0:  C_CMD: WRCMD     C_f = 0x023   at time   33688711 ps
inst0 ch0:  R_CMD: ACTCMD    R_r0= 0x26    at time   37573273 ps
inst0 ch0:  R_CMD: ACTCMD    R_f0= 0x28    at time   37573687 ps
inst0 ch0:  R_CMD: ACTCMD    R_r1= 0x00    at time   37574101 ps
inst0 ch0:  R_CMD: ACTCMD    R_f1= 0x02    at time   37574515 ps
inst0 ch0:  R_CMD: ACTCMD    R_r0= 0x26    at time   37575757 ps
inst0 ch0:  R_CMD: ACTCMD    R_f0= 0x20    at time   37576171 ps
inst0 ch0:  R_CMD: ACTCMD    R_r1= 0x00    at time   37576585 ps
inst0 ch0:  R_CMD: ACTCMD    R_f1= 0x02    at time   37576999 ps
inst0 ch0:  C_CMD: RDCMD     C_r = 0x0c5   at time   37588177 ps
inst0 ch0:  C_CMD: RDCMD     C_f = 0x0a9   at time   37588591 ps
inst0 ch0:  C_CMD: RDCMD     C_r = 0x0c5   at time   37590661 ps
inst0 ch0:  C_CMD: RDCMD     C_f = 0x029   at time   37591075 ps
inst0 ch0:  C_CMD: RDCMD     C_r = 0x0c5   at time   37591489 ps
inst0 ch0:  C_CMD: RDCMD     C_f = 0x0ab   at time   37591903 ps
inst0 ch0:  C_CMD: RDCMD     C_r = 0x0c5   at time   37593973 ps
inst0 ch0:  C_CMD: RDCMD     C_f = 0x02b   at time   37594387 ps
inst0 ch0:  C_CMD: RDCMD     C_r = 0x0c5   at time   37594801 ps
inst0 ch0:  C_CMD: RDCMD     C_f = 0x0a1   at time   37595215 ps
inst0 ch0:  C_CMD: RDCMD     C_r = 0x0c5   at time   37597285 ps
inst0 ch0:  C_CMD: RDCMD     C_f = 0x021   at time   37597699 ps
inst0 ch0:  C_CMD: RDCMD     C_r = 0x0cd   at time   37598113 ps
inst0 ch0:  C_CMD: RDCMD     C_f = 0x0a3   at time   37598527 ps
inst0 ch0:  C_CMD: RDCMD     C_r = 0x0cd   at time   37600597 ps
inst0 ch0:  C_CMD: RDCMD     C_f = 0x023   at time   37601011 ps
inst0 ch0:  R_CMD: ACTCMD    R_r0= 0x26    at time   37710721 ps
inst0 ch0:  R_CMD: ACTCMD    R_f0= 0x28    at time   37711135 ps
inst0 ch0:  R_CMD: ACTCMD    R_r1= 0x00    at time   37711549 ps
inst0 ch0:  R_CMD: ACTCMD    R_f1= 0x02    at time   37711963 ps
inst0 ch0:  R_CMD: ACTCMD    R_r0= 0x26    at time   37713205 ps
inst0 ch0:  R_CMD: ACTCMD    R_f0= 0x20    at time   37713619 ps
inst0 ch0:  R_CMD: ACTCMD    R_r1= 0x00    at time   37714033 ps
inst0 ch0:  R_CMD: ACTCMD    R_f1= 0x02    at time   37714447 ps
inst0 ch0:  C_CMD: WRCMD     C_r = 0x0c1   at time   37721485 ps
inst0 ch0:  C_CMD: WRCMD     C_f = 0x0a9   at time   37721899 ps
inst0 ch0:  C_CMD: WRCMD     C_r = 0x0c1   at time   37723969 ps
inst0 ch0:  C_CMD: WRCMD     C_f = 0x029   at time   37724383 ps
inst0 ch0:  C_CMD: WRCMD     C_r = 0x0c1   at time   37724797 ps
inst0 ch0:  C_CMD: WRCMD     C_f = 0x0ab   at time   37725211 ps
inst0 ch0:  C_CMD: WRCMD     C_r = 0x0c1   at time   37727281 ps
inst0 ch0:  C_CMD: WRCMD     C_f = 0x02b   at time   37727695 ps
inst0 ch0:  C_CMD: WRCMD     C_r = 0x0c1   at time   37728109 ps
inst0 ch0:  C_CMD: WRCMD     C_f = 0x0a1   at time   37728523 ps
inst0 ch0:  C_CMD: WRCMD     C_r = 0x0c1   at time   37730593 ps
inst0 ch0:  C_CMD: WRCMD     C_f = 0x021   at time   37731007 ps
inst0 ch0:  C_CMD: WRCMD     C_r = 0x0c9   at time   37731421 ps
inst0 ch0:  C_CMD: WRCMD     C_f = 0x0a3   at time   37731835 ps
inst0 ch0:  C_CMD: WRCMD     C_r = 0x0c9   at time   37733905 ps
inst0 ch0:  C_CMD: WRCMD     C_f = 0x023   at time   37734319 ps
inst0 ch0:  R_CMD: ACTCMD    R_r0= 0x22    at time   54556381 ps
inst0 ch0:  R_CMD: ACTCMD    R_f0= 0x2a    at time   54556795 ps
inst0 ch0:  R_CMD: ACTCMD    R_r1= 0x00    at time   54557209 ps
inst0 ch0:  R_CMD: ACTCMD    R_f1= 0x00    at time   54557623 ps
inst0 ch0:  R_CMD: ACTCMD    R_r0= 0x02    at time   54560521 ps
inst0 ch0:  R_CMD: ACTCMD    R_f0= 0x2a    at time   54560935 ps
inst0 ch0:  R_CMD: ACTCMD    R_r1= 0x00    at time   54561349 ps
inst0 ch0:  R_CMD: ACTCMD    R_f1= 0x00    at time   54561763 ps
inst0 ch0:  R_CMD: ACTCMD    R_r0= 0x22    at time   54562177 ps
inst0 ch0:  R_CMD: ACTCMD    R_f0= 0x22    at time   54562591 ps
inst0 ch0:  R_CMD: ACTCMD    R_r1= 0x00    at time   54563005 ps
inst0 ch0:  R_CMD: ACTCMD    R_f1= 0x00    at time   54563419 ps
inst0 ch0:  R_CMD: ACTCMD    R_r0= 0x22    at time   54564661 ps
inst0 ch0:  R_CMD: ACTCMD    R_f0= 0x0a    at time   54565075 ps
inst0 ch0:  R_CMD: ACTCMD    R_r1= 0x00    at time   54565489 ps
inst0 ch0:  R_CMD: ACTCMD    R_f1= 0x00    at time   54565903 ps
inst0 ch0:  R_CMD: ACTCMD    R_r0= 0x02    at time   54566317 ps
inst0 ch0:  R_CMD: ACTCMD    R_f0= 0x22    at time   54566731 ps
inst0 ch0:  R_CMD: ACTCMD    R_r1= 0x00    at time   54567145 ps
inst0 ch0:  R_CMD: ACTCMD    R_f1= 0x00    at time   54567559 ps
inst0 ch0:  R_CMD: ACTCMD    R_r0= 0x02    at time   54568801 ps
inst0 ch0:  R_CMD: ACTCMD    R_f0= 0x0a    at time   54569215 ps
inst0 ch0:  R_CMD: ACTCMD    R_r1= 0x00    at time   54569629 ps
inst0 ch0:  R_CMD: ACTCMD    R_f1= 0x00    at time   54570043 ps
inst0 ch0:  R_CMD: ACTCMD    R_r0= 0x22    at time   54570457 ps
inst0 ch0:  R_CMD: ACTCMD    R_f0= 0x02    at time   54570871 ps
inst0 ch0:  R_CMD: ACTCMD    R_r1= 0x00    at time   54571285 ps
inst0 ch0:  C_CMD: RDCMD     C_r = 0x0c5   at time   54571285 ps
inst0 ch0:  R_CMD: ACTCMD    R_f1= 0x00    at time   54571699 ps
inst0 ch0:  C_CMD: RDCMD     C_f = 0x080   at time   54571699 ps
inst0 ch0:  R_CMD: ACTCMD    R_r0= 0x02    at time   54574597 ps
inst0 ch0:  C_CMD: RDCMD     C_r = 0x0cd   at time   54574597 ps
inst0 ch0:  R_CMD: ACTCMD    R_f0= 0x02    at time   54575011 ps
inst0 ch0:  C_CMD: RDCMD     C_f = 0x082   at time   54575011 ps
inst0 ch0:  R_CMD: ACTCMD    R_r1= 0x00    at time   54575425 ps
inst0 ch0:  R_CMD: ACTCMD    R_f1= 0x00    at time   54575839 ps
inst0 ch0:  C_CMD: RDCMD     C_r = 0x085   at time   54576253 ps
inst0 ch0:  C_CMD: RDCMD     C_f = 0x080   at time   54576667 ps
inst0 ch0:  C_CMD: RDCMD     C_r = 0x0c5   at time   54577081 ps
inst0 ch0:  C_CMD: RDCMD     C_f = 0x000   at time   54577495 ps
inst0 ch0:  C_CMD: RDCMD     C_r = 0x08d   at time   54579565 ps
inst0 ch0:  C_CMD: RDCMD     C_f = 0x082   at time   54579979 ps
inst0 ch0:  C_CMD: RDCMD     C_r = 0x0cd   at time   54580393 ps
inst0 ch0:  C_CMD: RDCMD     C_f = 0x002   at time   54580807 ps
inst0 ch0:  C_CMD: RDCMD     C_r = 0x045   at time   54581221 ps
inst0 ch0:  C_CMD: RDCMD     C_f = 0x080   at time   54581635 ps
inst0 ch0:  C_CMD: RDCMD     C_r = 0x085   at time   54582049 ps
inst0 ch0:  C_CMD: RDCMD     C_f = 0x000   at time   54582463 ps
inst0 ch0:  C_CMD: RDCMD     C_r = 0x005   at time   54583705 ps
inst0 ch0:  C_CMD: RDCMD     C_f = 0x080   at time   54584119 ps
inst0 ch0:  C_CMD: RDCMD     C_r = 0x04d   at time   54585361 ps
inst0 ch0:  C_CMD: RDCMD     C_f = 0x082   at time   54585775 ps
inst0 ch0:  C_CMD: RDCMD     C_r = 0x08d   at time   54586189 ps
inst0 ch0:  C_CMD: RDCMD     C_f = 0x002   at time   54586603 ps
inst0 ch0:  C_CMD: RDCMD     C_r = 0x00d   at time   54587017 ps
inst0 ch0:  C_CMD: RDCMD     C_f = 0x082   at time   54587431 ps
inst0 ch0:  C_CMD: RDCMD     C_r = 0x045   at time   54587845 ps
inst0 ch0:  C_CMD: RDCMD     C_f = 0x000   at time   54588259 ps
inst0 ch0:  C_CMD: RDCMD     C_r = 0x005   at time   54589501 ps
inst0 ch0:  C_CMD: RDCMD     C_f = 0x000   at time   54589915 ps
inst0 ch0:  C_CMD: RDCMD     C_r = 0x04d   at time   54591157 ps
inst0 ch0:  C_CMD: RDCMD     C_f = 0x002   at time   54591571 ps
inst0 ch0:  C_CMD: RDCMD     C_r = 0x00d   at time   54592813 ps
inst0 ch0:  C_CMD: RDCMD     C_f = 0x002   at time   54593227 ps
inst0 ch0:  R_CMD: ACTCMD    R_r0= 0x2a    at time   55137637 ps
inst0 ch0:  R_CMD: ACTCMD    R_f0= 0x22    at time   55138051 ps
inst0 ch0:  R_CMD: ACTCMD    R_r1= 0x00    at time   55138465 ps
inst0 ch0:  R_CMD: ACTCMD    R_f1= 0x00    at time   55138879 ps
inst0 ch0:  R_CMD: ACTCMD    R_r0= 0x0a    at time   55141777 ps
inst0 ch0:  R_CMD: ACTCMD    R_f0= 0x22    at time   55142191 ps
inst0 ch0:  R_CMD: ACTCMD    R_r1= 0x00    at time   55142605 ps
inst0 ch0:  R_CMD: ACTCMD    R_f1= 0x00    at time   55143019 ps
inst0 ch0:  R_CMD: ACTCMD    R_r0= 0x2a    at time   55145917 ps
inst0 ch0:  R_CMD: ACTCMD    R_f0= 0x02    at time   55146331 ps
inst0 ch0:  R_CMD: ACTCMD    R_r1= 0x00    at time   55146745 ps
inst0 ch0:  R_CMD: ACTCMD    R_f1= 0x00    at time   55147159 ps
inst0 ch0:  R_CMD: ACTCMD    R_r0= 0x0a    at time   55150057 ps
inst0 ch0:  R_CMD: ACTCMD    R_f0= 0x02    at time   55150471 ps
inst0 ch0:  R_CMD: ACTCMD    R_r1= 0x00    at time   55150885 ps
inst0 ch0:  R_CMD: ACTCMD    R_f1= 0x00    at time   55151299 ps
inst0 ch0:  C_CMD: RDCMD     C_r = 0x0d5   at time   55152541 ps
inst0 ch0:  C_CMD: RDCMD     C_f = 0x000   at time   55152955 ps
inst0 ch0:  C_CMD: RDCMD     C_r = 0x0dd   at time   55155853 ps
inst0 ch0:  C_CMD: RDCMD     C_f = 0x002   at time   55156267 ps
inst0 ch0:  C_CMD: RDCMD     C_r = 0x095   at time   55157509 ps
inst0 ch0:  C_CMD: RDCMD     C_f = 0x000   at time   55157923 ps
inst0 ch0:  C_CMD: RDCMD     C_r = 0x09d   at time   55160821 ps
inst0 ch0:  C_CMD: RDCMD     C_f = 0x002   at time   55161235 ps
inst0 ch0:  C_CMD: RDCMD     C_r = 0x055   at time   55162477 ps
inst0 ch0:  C_CMD: RDCMD     C_f = 0x000   at time   55162891 ps
inst0 ch0:  C_CMD: RDCMD     C_r = 0x015   at time   55164961 ps
inst0 ch0:  C_CMD: RDCMD     C_f = 0x000   at time   55165375 ps
inst0 ch0:  C_CMD: RDCMD     C_r = 0x05d   at time   55166617 ps
inst0 ch0:  C_CMD: RDCMD     C_f = 0x002   at time   55167031 ps
inst0 ch0:  C_CMD: RDCMD     C_r = 0x01d   at time   55168273 ps
inst0 ch0:  C_CMD: RDCMD     C_f = 0x002   at time   55168687 ps
inst0 ch0:  R_CMD: ACTCMD    R_r0= 0x32    at time   55429093 ps
inst0 ch0:  R_CMD: ACTCMD    R_f0= 0x22    at time   55429507 ps
inst0 ch0:  R_CMD: ACTCMD    R_r1= 0x00    at time   55429921 ps
inst0 ch0:  R_CMD: ACTCMD    R_f1= 0x00    at time   55430335 ps
inst0 ch0:  R_CMD: ACTCMD    R_r0= 0x12    at time   55433233 ps
inst0 ch0:  R_CMD: ACTCMD    R_f0= 0x22    at time   55433647 ps
inst0 ch0:  R_CMD: ACTCMD    R_r1= 0x00    at time   55434061 ps
inst0 ch0:  R_CMD: ACTCMD    R_f1= 0x00    at time   55434475 ps
inst0 ch0:  R_CMD: ACTCMD    R_r0= 0x32    at time   55437373 ps
inst0 ch0:  R_CMD: ACTCMD    R_f0= 0x02    at time   55437787 ps
inst0 ch0:  R_CMD: ACTCMD    R_r1= 0x00    at time   55438201 ps
inst0 ch0:  R_CMD: ACTCMD    R_f1= 0x00    at time   55438615 ps
inst0 ch0:  R_CMD: ACTCMD    R_r0= 0x12    at time   55441513 ps
inst0 ch0:  R_CMD: ACTCMD    R_f0= 0x02    at time   55441927 ps
inst0 ch0:  R_CMD: ACTCMD    R_r1= 0x00    at time   55442341 ps
inst0 ch0:  R_CMD: ACTCMD    R_f1= 0x00    at time   55442755 ps
inst0 ch0:  C_CMD: RDCMD     C_r = 0x0e5   at time   55443997 ps
inst0 ch0:  C_CMD: RDCMD     C_f = 0x000   at time   55444411 ps
inst0 ch0:  C_CMD: RDCMD     C_r = 0x0ed   at time   55447309 ps
inst0 ch0:  C_CMD: RDCMD     C_f = 0x002   at time   55447723 ps
inst0 ch0:  C_CMD: RDCMD     C_r = 0x0a5   at time   55448965 ps
inst0 ch0:  C_CMD: RDCMD     C_f = 0x000   at time   55449379 ps
inst0 ch0:  C_CMD: RDCMD     C_r = 0x0ad   at time   55452277 ps
inst0 ch0:  C_CMD: RDCMD     C_f = 0x002   at time   55452691 ps
inst0 ch0:  C_CMD: RDCMD     C_r = 0x065   at time   55453933 ps
inst0 ch0:  C_CMD: RDCMD     C_f = 0x000   at time   55454347 ps
inst0 ch0:  C_CMD: RDCMD     C_r = 0x025   at time   55456417 ps
inst0 ch0:  C_CMD: RDCMD     C_f = 0x000   at time   55456831 ps
inst0 ch0:  C_CMD: RDCMD     C_r = 0x06d   at time   55458073 ps
inst0 ch0:  C_CMD: RDCMD     C_f = 0x002   at time   55458487 ps
inst0 ch0:  C_CMD: RDCMD     C_r = 0x02d   at time   55459729 ps
inst0 ch0:  C_CMD: RDCMD     C_f = 0x002   at time   55460143 ps
inst0 ch0:  R_CMD: ACTCMD    R_r0= 0x2a    at time   55461385 ps
inst0 ch0:  R_CMD: ACTCMD    R_f0= 0x2a    at time   55461799 ps
inst0 ch0:  R_CMD: ACTCMD    R_r1= 0x00    at time   55462213 ps
inst0 ch0:  R_CMD: ACTCMD    R_f1= 0x00    at time   55462627 ps
inst0 ch0:  R_CMD: ACTCMD    R_r0= 0x0a    at time   55465525 ps
inst0 ch0:  R_CMD: ACTCMD    R_f0= 0x2a    at time   55465939 ps
inst0 ch0:  R_CMD: ACTCMD    R_r1= 0x00    at time   55466353 ps
inst0 ch0:  R_CMD: ACTCMD    R_f1= 0x00    at time   55466767 ps
inst0 ch0:  R_CMD: ACTCMD    R_r0= 0x2a    at time   55469665 ps
inst0 ch0:  R_CMD: ACTCMD    R_f0= 0x0a    at time   55470079 ps
inst0 ch0:  R_CMD: ACTCMD    R_r1= 0x00    at time   55470493 ps
inst0 ch0:  R_CMD: ACTCMD    R_f1= 0x00    at time   55470907 ps
inst0 ch0:  R_CMD: ACTCMD    R_r0= 0x0a    at time   55473805 ps
inst0 ch0:  R_CMD: ACTCMD    R_f0= 0x0a    at time   55474219 ps
inst0 ch0:  R_CMD: ACTCMD    R_r1= 0x00    at time   55474633 ps
inst0 ch0:  R_CMD: ACTCMD    R_f1= 0x00    at time   55475047 ps
inst0 ch0:  C_CMD: RDCMD     C_r = 0x0d5   at time   55476289 ps
inst0 ch0:  C_CMD: RDCMD     C_f = 0x080   at time   55476703 ps
inst0 ch0:  C_CMD: RDCMD     C_r = 0x0dd   at time   55479601 ps
inst0 ch0:  C_CMD: RDCMD     C_f = 0x082   at time   55480015 ps
inst0 ch0:  C_CMD: RDCMD     C_r = 0x095   at time   55481257 ps
inst0 ch0:  C_CMD: RDCMD     C_f = 0x080   at time   55481671 ps
inst0 ch0:  C_CMD: RDCMD     C_r = 0x09d   at time   55484569 ps
inst0 ch0:  C_CMD: RDCMD     C_f = 0x082   at time   55484983 ps
inst0 ch0:  C_CMD: RDCMD     C_r = 0x055   at time   55486225 ps
inst0 ch0:  C_CMD: RDCMD     C_f = 0x080   at time   55486639 ps
inst0 ch0:  C_CMD: RDCMD     C_r = 0x015   at time   55488709 ps
inst0 ch0:  C_CMD: RDCMD     C_f = 0x080   at time   55489123 ps
inst0 ch0:  C_CMD: RDCMD     C_r = 0x05d   at time   55490365 ps
inst0 ch0:  C_CMD: RDCMD     C_f = 0x082   at time   55490779 ps
inst0 ch0:  C_CMD: RDCMD     C_r = 0x01d   at time   55492021 ps
inst0 ch0:  C_CMD: RDCMD     C_f = 0x082   at time   55492435 ps
inst0 ch0:  R_CMD: ACTCMD    R_r0= 0x32    at time   55786789 ps
inst0 ch0:  R_CMD: ACTCMD    R_f0= 0x2a    at time   55787203 ps
inst0 ch0:  R_CMD: ACTCMD    R_r1= 0x00    at time   55787617 ps
inst0 ch0:  R_CMD: ACTCMD    R_f1= 0x00    at time   55788031 ps
inst0 ch0:  R_CMD: ACTCMD    R_r0= 0x12    at time   55790929 ps
inst0 ch0:  R_CMD: ACTCMD    R_f0= 0x2a    at time   55791343 ps
inst0 ch0:  R_CMD: ACTCMD    R_r1= 0x00    at time   55791757 ps
inst0 ch0:  R_CMD: ACTCMD    R_f1= 0x00    at time   55792171 ps
inst0 ch0:  R_CMD: ACTCMD    R_r0= 0x32    at time   55795069 ps
inst0 ch0:  R_CMD: ACTCMD    R_f0= 0x0a    at time   55795483 ps
inst0 ch0:  R_CMD: ACTCMD    R_r1= 0x00    at time   55795897 ps
inst0 ch0:  R_CMD: ACTCMD    R_f1= 0x00    at time   55796311 ps
inst0 ch0:  R_CMD: ACTCMD    R_r0= 0x12    at time   55799209 ps
inst0 ch0:  R_CMD: ACTCMD    R_f0= 0x0a    at time   55799623 ps
inst0 ch0:  R_CMD: ACTCMD    R_r1= 0x00    at time   55800037 ps
inst0 ch0:  R_CMD: ACTCMD    R_f1= 0x00    at time   55800451 ps
inst0 ch0:  C_CMD: RDCMD     C_r = 0x0e5   at time   55801693 ps
inst0 ch0:  C_CMD: RDCMD     C_f = 0x080   at time   55802107 ps
inst0 ch0:  C_CMD: RDCMD     C_r = 0x0ed   at time   55805005 ps
inst0 ch0:  C_CMD: RDCMD     C_f = 0x082   at time   55805419 ps
inst0 ch0:  C_CMD: RDCMD     C_r = 0x0a5   at time   55806661 ps
inst0 ch0:  C_CMD: RDCMD     C_f = 0x080   at time   55807075 ps
inst0 ch0:  C_CMD: RDCMD     C_r = 0x0ad   at time   55809973 ps
inst0 ch0:  C_CMD: RDCMD     C_f = 0x082   at time   55810387 ps
inst0 ch0:  C_CMD: RDCMD     C_r = 0x065   at time   55811629 ps
inst0 ch0:  C_CMD: RDCMD     C_f = 0x080   at time   55812043 ps
inst0 ch0:  C_CMD: RDCMD     C_r = 0x025   at time   55814113 ps
inst0 ch0:  C_CMD: RDCMD     C_f = 0x080   at time   55814527 ps
inst0 ch0:  C_CMD: RDCMD     C_r = 0x06d   at time   55815769 ps
inst0 ch0:  C_CMD: RDCMD     C_f = 0x082   at time   55816183 ps
inst0 ch0:  C_CMD: RDCMD     C_r = 0x02d   at time   55817425 ps
inst0 ch0:  C_CMD: RDCMD     C_f = 0x082   at time   55817839 ps
inst0 ch0:  R_CMD: ACTCMD    R_r0= 0x3a    at time   56102257 ps
inst0 ch0:  R_CMD: ACTCMD    R_f0= 0x22    at time   56102671 ps
inst0 ch0:  R_CMD: ACTCMD    R_r1= 0x00    at time   56103085 ps
inst0 ch0:  R_CMD: ACTCMD    R_f1= 0x00    at time   56103499 ps
inst0 ch0:  R_CMD: ACTCMD    R_r0= 0x1a    at time   56106397 ps
inst0 ch0:  R_CMD: ACTCMD    R_f0= 0x22    at time   56106811 ps
inst0 ch0:  R_CMD: ACTCMD    R_r1= 0x00    at time   56107225 ps
inst0 ch0:  R_CMD: ACTCMD    R_f1= 0x00    at time   56107639 ps
inst0 ch0:  R_CMD: ACTCMD    R_r0= 0x3a    at time   56110537 ps
inst0 ch0:  R_CMD: ACTCMD    R_f0= 0x02    at time   56110951 ps
inst0 ch0:  R_CMD: ACTCMD    R_r1= 0x00    at time   56111365 ps
inst0 ch0:  R_CMD: ACTCMD    R_f1= 0x00    at time   56111779 ps
inst0 ch0:  R_CMD: ACTCMD    R_r0= 0x1a    at time   56114677 ps
inst0 ch0:  R_CMD: ACTCMD    R_f0= 0x02    at time   56115091 ps
inst0 ch0:  R_CMD: ACTCMD    R_r1= 0x00    at time   56115505 ps
inst0 ch0:  R_CMD: ACTCMD    R_f1= 0x00    at time   56115919 ps
inst0 ch0:  C_CMD: RDCMD     C_r = 0x0f5   at time   56117161 ps
inst0 ch0:  C_CMD: RDCMD     C_f = 0x000   at time   56117575 ps
inst0 ch0:  C_CMD: RDCMD     C_r = 0x0fd   at time   56120473 ps
inst0 ch0:  C_CMD: RDCMD     C_f = 0x002   at time   56120887 ps
inst0 ch0:  C_CMD: RDCMD     C_r = 0x0b5   at time   56122129 ps
inst0 ch0:  C_CMD: RDCMD     C_f = 0x000   at time   56122543 ps
inst0 ch0:  C_CMD: RDCMD     C_r = 0x0bd   at time   56125441 ps
inst0 ch0:  C_CMD: RDCMD     C_f = 0x002   at time   56125855 ps
inst0 ch0:  C_CMD: RDCMD     C_r = 0x075   at time   56127097 ps
inst0 ch0:  C_CMD: RDCMD     C_f = 0x000   at time   56127511 ps
inst0 ch0:  C_CMD: RDCMD     C_r = 0x035   at time   56129581 ps
inst0 ch0:  C_CMD: RDCMD     C_f = 0x000   at time   56129995 ps
inst0 ch0:  C_CMD: RDCMD     C_r = 0x07d   at time   56131237 ps
inst0 ch0:  C_CMD: RDCMD     C_f = 0x002   at time   56131651 ps
inst0 ch0:  C_CMD: RDCMD     C_r = 0x03d   at time   56132893 ps
inst0 ch0:  C_CMD: RDCMD     C_f = 0x002   at time   56133307 ps
inst0 ch0:  R_CMD: ACTCMD    R_r0= 0x3a    at time   56143657 ps
inst0 ch0:  R_CMD: ACTCMD    R_f0= 0x2a    at time   56144071 ps
inst0 ch0:  R_CMD: ACTCMD    R_r1= 0x00    at time   56144485 ps
inst0 ch0:  R_CMD: ACTCMD    R_f1= 0x00    at time   56144899 ps
inst0 ch0:  R_CMD: ACTCMD    R_r0= 0x1a    at time   56147797 ps
inst0 ch0:  R_CMD: ACTCMD    R_f0= 0x2a    at time   56148211 ps
inst0 ch0:  R_CMD: ACTCMD    R_r1= 0x00    at time   56148625 ps
inst0 ch0:  R_CMD: ACTCMD    R_f1= 0x00    at time   56149039 ps
inst0 ch0:  R_CMD: ACTCMD    R_r0= 0x3a    at time   56151937 ps
inst0 ch0:  R_CMD: ACTCMD    R_f0= 0x0a    at time   56152351 ps
inst0 ch0:  R_CMD: ACTCMD    R_r1= 0x00    at time   56152765 ps
inst0 ch0:  R_CMD: ACTCMD    R_f1= 0x00    at time   56153179 ps
inst0 ch0:  R_CMD: ACTCMD    R_r0= 0x1a    at time   56156077 ps
inst0 ch0:  R_CMD: ACTCMD    R_f0= 0x0a    at time   56156491 ps
inst0 ch0:  R_CMD: ACTCMD    R_r1= 0x00    at time   56156905 ps
inst0 ch0:  R_CMD: ACTCMD    R_f1= 0x00    at time   56157319 ps
inst0 ch0:  C_CMD: RDCMD     C_r = 0x0f5   at time   56158561 ps
inst0 ch0:  C_CMD: RDCMD     C_f = 0x080   at time   56158975 ps
inst0 ch0:  C_CMD: RDCMD     C_r = 0x0fd   at time   56161873 ps
inst0 ch0:  C_CMD: RDCMD     C_f = 0x082   at time   56162287 ps
inst0 ch0:  C_CMD: RDCMD     C_r = 0x0b5   at time   56163529 ps
inst0 ch0:  C_CMD: RDCMD     C_f = 0x080   at time   56163943 ps
inst0 ch0:  C_CMD: RDCMD     C_r = 0x0bd   at time   56166841 ps
inst0 ch0:  C_CMD: RDCMD     C_f = 0x082   at time   56167255 ps
inst0 ch0:  C_CMD: RDCMD     C_r = 0x075   at time   56168497 ps
inst0 ch0:  C_CMD: RDCMD     C_f = 0x080   at time   56168911 ps
inst0 ch0:  C_CMD: RDCMD     C_r = 0x035   at time   56170981 ps
inst0 ch0:  C_CMD: RDCMD     C_f = 0x080   at time   56171395 ps
inst0 ch0:  C_CMD: RDCMD     C_r = 0x07d   at time   56172637 ps
inst0 ch0:  C_CMD: RDCMD     C_f = 0x082   at time   56173051 ps
inst0 ch0:  C_CMD: RDCMD     C_r = 0x03d   at time   56174293 ps
inst0 ch0:  C_CMD: RDCMD     C_f = 0x082   at time   56174707 ps
inst0 ch0:  R_CMD: ACTCMD    R_r0= 0x02    at time   56549377 ps
inst0 ch0:  R_CMD: ACTCMD    R_f0= 0x10    at time   56549791 ps
inst0 ch0:  R_CMD: ACTCMD    R_r1= 0x3f    at time   56550205 ps
inst0 ch0:  R_CMD: ACTCMD    R_f1= 0x3b    at time   56550619 ps
inst0 ch0:  C_CMD: RDCMD     C_r = 0x005   at time   56564281 ps
inst0 ch0:  C_CMD: RDCMD     C_f = 0x078   at time   56564695 ps
inst0 ch0:  C_CMD: RDCMD     C_r = 0x00d   at time   56567593 ps
inst0 ch0:  C_CMD: RDCMD     C_f = 0x07a   at time   56568007 ps
inst0 ch0:  R_CMD: ACTCMD    R_r0= 0x02    at time   56610649 ps
inst0 ch0:  R_CMD: ACTCMD    R_f0= 0x18    at time   56611063 ps
inst0 ch0:  R_CMD: ACTCMD    R_r1= 0x3f    at time   56611477 ps
inst0 ch0:  R_CMD: ACTCMD    R_f1= 0x3b    at time   56611891 ps
inst0 ch0:  C_CMD: RDCMD     C_r = 0x005   at time   56625553 ps
inst0 ch0:  C_CMD: RDCMD     C_f = 0x0f8   at time   56625967 ps
inst0 ch0:  C_CMD: RDCMD     C_r = 0x00d   at time   56628865 ps
inst0 ch0:  C_CMD: RDCMD     C_f = 0x0fa   at time   56629279 ps
inst0 ch0:  R_CMD: ACTCMD    R_r0= 0x02    at time   56835037 ps
inst0 ch0:  R_CMD: ACTCMD    R_f0= 0x10    at time   56835451 ps
inst0 ch0:  R_CMD: ACTCMD    R_r1= 0x3f    at time   56835865 ps
inst0 ch0:  R_CMD: ACTCMD    R_f1= 0x3b    at time   56836279 ps
inst0 ch0:  R_CMD: ACTCMD    R_r0= 0x02    at time   56836693 ps
inst0 ch0:  R_CMD: ACTCMD    R_f0= 0x18    at time   56837107 ps
inst0 ch0:  R_CMD: ACTCMD    R_r1= 0x3f    at time   56837521 ps
inst0 ch0:  R_CMD: ACTCMD    R_f1= 0x3b    at time   56837935 ps
inst0 ch0:  C_CMD: WRCMD     C_r = 0x001   at time   56845801 ps
inst0 ch0:  C_CMD: WRCMD     C_f = 0x078   at time   56846215 ps
inst0 ch0:  C_CMD: WRCMD     C_r = 0x001   at time   56847457 ps
inst0 ch0:  C_CMD: WRCMD     C_f = 0x0f8   at time   56847871 ps
inst0 ch0:  C_CMD: WRCMD     C_r = 0x009   at time   56849113 ps
inst0 ch0:  C_CMD: WRCMD     C_f = 0x07a   at time   56849527 ps
inst0 ch0:  C_CMD: WRCMD     C_r = 0x009   at time   56850769 ps
inst0 ch0:  C_CMD: WRCMD     C_f = 0x0fa   at time   56851183 ps
inst0 ch0:  R_CMD: ACTCMD    R_r0= 0x0a    at time   57504061 ps
inst0 ch0:  R_CMD: ACTCMD    R_f0= 0x10    at time   57504475 ps
inst0 ch0:  R_CMD: ACTCMD    R_r1= 0x3f    at time   57504889 ps
inst0 ch0:  R_CMD: ACTCMD    R_f1= 0x3b    at time   57505303 ps
inst0 ch0:  C_CMD: RDCMD     C_r = 0x015   at time   57518965 ps
inst0 ch0:  C_CMD: RDCMD     C_f = 0x078   at time   57519379 ps
inst0 ch0:  C_CMD: RDCMD     C_r = 0x01d   at time   57522277 ps
inst0 ch0:  C_CMD: RDCMD     C_f = 0x07a   at time   57522691 ps
inst0 ch0:  R_CMD: ACTCMD    R_r0= 0x0a    at time   57576925 ps
inst0 ch0:  R_CMD: ACTCMD    R_f0= 0x10    at time   57577339 ps
inst0 ch0:  R_CMD: ACTCMD    R_r1= 0x3f    at time   57577753 ps
inst0 ch0:  R_CMD: ACTCMD    R_f1= 0x3b    at time   57578167 ps
inst0 ch0:  C_CMD: WRCMD     C_r = 0x011   at time   57587689 ps
inst0 ch0:  C_CMD: WRCMD     C_f = 0x078   at time   57588103 ps
inst0 ch0:  C_CMD: WRCMD     C_r = 0x019   at time   57591001 ps
inst0 ch0:  C_CMD: WRCMD     C_f = 0x07a   at time   57591415 ps
inst0 ch0:  R_CMD: ACTCMD    R_r0= 0x0a    at time   57645649 ps
inst0 ch0:  R_CMD: ACTCMD    R_f0= 0x18    at time   57646063 ps
inst0 ch0:  R_CMD: ACTCMD    R_r1= 0x3f    at time   57646477 ps
inst0 ch0:  R_CMD: ACTCMD    R_f1= 0x3b    at time   57646891 ps
inst0 ch0:  C_CMD: RDCMD     C_r = 0x015   at time   57660553 ps
inst0 ch0:  C_CMD: RDCMD     C_f = 0x0f8   at time   57660967 ps
inst0 ch0:  C_CMD: RDCMD     C_r = 0x01d   at time   57663865 ps
inst0 ch0:  C_CMD: RDCMD     C_f = 0x0fa   at time   57664279 ps
inst0 ch0:  R_CMD: ACTCMD    R_r0= 0x02    at time   57684565 ps
inst0 ch0:  R_CMD: ACTCMD    R_f0= 0x30    at time   57684979 ps
inst0 ch0:  R_CMD: ACTCMD    R_r1= 0x3f    at time   57685393 ps
inst0 ch0:  R_CMD: ACTCMD    R_f1= 0x3b    at time   57685807 ps
inst0 ch0:  C_CMD: RDCMD     C_r = 0x085   at time   57699469 ps
inst0 ch0:  C_CMD: RDCMD     C_f = 0x078   at time   57699883 ps
inst0 ch0:  C_CMD: RDCMD     C_r = 0x08d   at time   57702781 ps
inst0 ch0:  C_CMD: RDCMD     C_f = 0x07a   at time   57703195 ps
inst0 ch0:  R_CMD: ACTCMD    R_r0= 0x0a    at time   57716029 ps
inst0 ch0:  R_CMD: ACTCMD    R_f0= 0x18    at time   57716443 ps
inst0 ch0:  R_CMD: ACTCMD    R_r1= 0x3f    at time   57716857 ps
inst0 ch0:  R_CMD: ACTCMD    R_f1= 0x3b    at time   57717271 ps
inst0 ch0:  C_CMD: WRCMD     C_r = 0x011   at time   57726793 ps
inst0 ch0:  C_CMD: WRCMD     C_f = 0x0f8   at time   57727207 ps
inst0 ch0:  C_CMD: WRCMD     C_r = 0x019   at time   57730105 ps
inst0 ch0:  C_CMD: WRCMD     C_f = 0x0fa   at time   57730519 ps
inst0 ch0:  R_CMD: ACTCMD    R_r0= 0x02    at time   57754945 ps
inst0 ch0:  R_CMD: ACTCMD    R_f0= 0x30    at time   57755359 ps
inst0 ch0:  R_CMD: ACTCMD    R_r1= 0x3f    at time   57755773 ps
inst0 ch0:  R_CMD: ACTCMD    R_f1= 0x3b    at time   57756187 ps
inst0 ch0:  C_CMD: WRCMD     C_r = 0x081   at time   57765709 ps
inst0 ch0:  C_CMD: WRCMD     C_f = 0x078   at time   57766123 ps
inst0 ch0:  C_CMD: WRCMD     C_r = 0x089   at time   57769021 ps
inst0 ch0:  C_CMD: WRCMD     C_f = 0x07a   at time   57769435 ps
inst0 ch0:  R_CMD: ACTCMD    R_r0= 0x02    at time   57803797 ps
inst0 ch0:  R_CMD: ACTCMD    R_f0= 0x38    at time   57804211 ps
inst0 ch0:  R_CMD: ACTCMD    R_r1= 0x3f    at time   57804625 ps
inst0 ch0:  R_CMD: ACTCMD    R_f1= 0x3b    at time   57805039 ps
inst0 ch0:  C_CMD: RDCMD     C_r = 0x085   at time   57818701 ps
inst0 ch0:  C_CMD: RDCMD     C_f = 0x0f8   at time   57819115 ps
inst0 ch0:  C_CMD: RDCMD     C_r = 0x08d   at time   57822013 ps
inst0 ch0:  C_CMD: RDCMD     C_f = 0x0fa   at time   57822427 ps
inst0 ch0:  R_CMD: ACTCMD    R_r0= 0x0a    at time   57875005 ps
inst0 ch0:  R_CMD: ACTCMD    R_f0= 0x30    at time   57875419 ps
inst0 ch0:  R_CMD: ACTCMD    R_r1= 0x3f    at time   57875833 ps
inst0 ch0:  R_CMD: ACTCMD    R_f1= 0x3b    at time   57876247 ps
inst0 ch0:  R_CMD: ACTCMD    R_r0= 0x02    at time   57876661 ps
inst0 ch0:  R_CMD: ACTCMD    R_f0= 0x38    at time   57877075 ps
inst0 ch0:  R_CMD: ACTCMD    R_r1= 0x3f    at time   57877489 ps
inst0 ch0:  R_CMD: ACTCMD    R_f1= 0x3b    at time   57877903 ps
inst0 ch0:  C_CMD: WRCMD     C_r = 0x081   at time   57887425 ps
inst0 ch0:  C_CMD: WRCMD     C_f = 0x0f8   at time   57887839 ps
inst0 ch0:  C_CMD: RDCMD     C_r = 0x095   at time   57889909 ps
inst0 ch0:  C_CMD: RDCMD     C_f = 0x078   at time   57890323 ps
inst0 ch0:  C_CMD: WRCMD     C_r = 0x089   at time   57890737 ps
inst0 ch0:  C_CMD: WRCMD     C_f = 0x0fa   at time   57891151 ps
inst0 ch0:  C_CMD: RDCMD     C_r = 0x09d   at time   57893221 ps
inst0 ch0:  C_CMD: RDCMD     C_f = 0x07a   at time   57893635 ps
inst0 ch0:  R_CMD: ACTCMD    R_r0= 0x0a    at time   57948697 ps
inst0 ch0:  R_CMD: ACTCMD    R_f0= 0x30    at time   57949111 ps
inst0 ch0:  R_CMD: ACTCMD    R_r1= 0x3f    at time   57949525 ps
inst0 ch0:  R_CMD: ACTCMD    R_f1= 0x3b    at time   57949939 ps
inst0 ch0:  C_CMD: WRCMD     C_r = 0x091   at time   57959461 ps
inst0 ch0:  C_CMD: WRCMD     C_f = 0x078   at time   57959875 ps
inst0 ch0:  R_CMD: ACTCMD    R_r0= 0x0a    at time   57961945 ps
inst0 ch0:  R_CMD: ACTCMD    R_f0= 0x38    at time   57962359 ps
inst0 ch0:  R_CMD: ACTCMD    R_r1= 0x3f    at time   57962773 ps
inst0 ch0:  C_CMD: WRCMD     C_r = 0x099   at time   57962773 ps
inst0 ch0:  R_CMD: ACTCMD    R_f1= 0x3b    at time   57963187 ps
inst0 ch0:  C_CMD: WRCMD     C_f = 0x07a   at time   57963187 ps
inst0 ch0:  C_CMD: RDCMD     C_r = 0x095   at time   57976849 ps
inst0 ch0:  C_CMD: RDCMD     C_f = 0x0f8   at time   57977263 ps
inst0 ch0:  C_CMD: RDCMD     C_r = 0x09d   at time   57980161 ps
inst0 ch0:  C_CMD: RDCMD     C_f = 0x0fa   at time   57980575 ps
inst0 ch0:  R_CMD: ACTCMD    R_r0= 0x0a    at time   58035637 ps
inst0 ch0:  R_CMD: ACTCMD    R_f0= 0x38    at time   58036051 ps
inst0 ch0:  R_CMD: ACTCMD    R_r1= 0x3f    at time   58036465 ps
inst0 ch0:  R_CMD: ACTCMD    R_f1= 0x3b    at time   58036879 ps
inst0 ch0:  C_CMD: WRCMD     C_r = 0x091   at time   58046401 ps
inst0 ch0:  C_CMD: WRCMD     C_f = 0x0f8   at time   58046815 ps
inst0 ch0:  C_CMD: WRCMD     C_r = 0x099   at time   58049713 ps
inst0 ch0:  C_CMD: WRCMD     C_f = 0x0fa   at time   58050127 ps
inst0 ch0:  R_CMD: ACTCMD    R_r0= 0x0a    at time   59665141 ps
inst0 ch0:  R_CMD: ACTCMD    R_f0= 0x1b    at time   59665555 ps
inst0 ch0:  R_CMD: ACTCMD    R_r1= 0x3f    at time   59665969 ps
inst0 ch0:  R_CMD: ACTCMD    R_f1= 0x3b    at time   59666383 ps
inst0 ch0:  R_CMD: ACTCMD    R_r0= 0x0a    at time   59677561 ps
inst0 ch0:  R_CMD: ACTCMD    R_f0= 0x13    at time   59677975 ps
inst0 ch0:  R_CMD: ACTCMD    R_r1= 0x3f    at time   59678389 ps
inst0 ch0:  R_CMD: ACTCMD    R_f1= 0x3b    at time   59678803 ps
inst0 ch0:  C_CMD: RDCMD     C_r = 0x015   at time   59680045 ps
inst0 ch0:  C_CMD: RDCMD     C_f = 0x090   at time   59680459 ps
inst0 ch0:  C_CMD: RDCMD     C_r = 0x01d   at time   59683357 ps
inst0 ch0:  C_CMD: RDCMD     C_f = 0x092   at time   59683771 ps
inst0 ch0:  C_CMD: RDCMD     C_r = 0x015   at time   59692465 ps
inst0 ch0:  C_CMD: RDCMD     C_f = 0x010   at time   59692879 ps
inst0 ch0:  C_CMD: RDCMD     C_r = 0x01d   at time   59695777 ps
inst0 ch0:  C_CMD: RDCMD     C_f = 0x012   at time   59696191 ps
inst0 ch0:  R_CMD: ACTCMD    R_r0= 0x0a    at time   59733037 ps
inst0 ch0:  R_CMD: ACTCMD    R_f0= 0x1b    at time   59733451 ps
inst0 ch0:  R_CMD: ACTCMD    R_r1= 0x3f    at time   59733865 ps
inst0 ch0:  R_CMD: ACTCMD    R_f1= 0x3b    at time   59734279 ps
inst0 ch0:  C_CMD: WRCMD     C_r = 0x011   at time   59743801 ps
inst0 ch0:  C_CMD: WRCMD     C_f = 0x090   at time   59744215 ps
inst0 ch0:  C_CMD: WRCMD     C_r = 0x019   at time   59747113 ps
inst0 ch0:  C_CMD: WRCMD     C_f = 0x092   at time   59747527 ps
inst0 ch0:  R_CMD: ACTCMD    R_r0= 0x0a    at time   59747941 ps
inst0 ch0:  R_CMD: ACTCMD    R_f0= 0x13    at time   59748355 ps
inst0 ch0:  R_CMD: ACTCMD    R_r1= 0x3f    at time   59748769 ps
inst0 ch0:  R_CMD: ACTCMD    R_f1= 0x3b    at time   59749183 ps
inst0 ch0:  C_CMD: WRCMD     C_r = 0x011   at time   59758705 ps
inst0 ch0:  C_CMD: WRCMD     C_f = 0x010   at time   59759119 ps
inst0 ch0:  C_CMD: WRCMD     C_r = 0x019   at time   59762017 ps
inst0 ch0:  C_CMD: WRCMD     C_f = 0x012   at time   59762431 ps
inst0 ch0:  R_CMD: ACTCMD    R_r0= 0x0a    at time   59856409 ps
inst0 ch0:  R_CMD: ACTCMD    R_f0= 0x1b    at time   59856823 ps
inst0 ch0:  R_CMD: ACTCMD    R_r1= 0x3f    at time   59857237 ps
inst0 ch0:  R_CMD: ACTCMD    R_f1= 0x3b    at time   59857651 ps
inst0 ch0:  C_CMD: RDCMD     C_r = 0x015   at time   59871313 ps
inst0 ch0:  C_CMD: RDCMD     C_f = 0x090   at time   59871727 ps
inst0 ch0:  C_CMD: RDCMD     C_r = 0x01d   at time   59874625 ps
inst0 ch0:  C_CMD: RDCMD     C_f = 0x092   at time   59875039 ps
inst0 ch0:  R_CMD: ACTCMD    R_r0= 0x0a    at time   59929273 ps
inst0 ch0:  R_CMD: ACTCMD    R_f0= 0x1b    at time   59929687 ps
inst0 ch0:  R_CMD: ACTCMD    R_r1= 0x3f    at time   59930101 ps
inst0 ch0:  R_CMD: ACTCMD    R_f1= 0x3b    at time   59930515 ps
inst0 ch0:  C_CMD: WRCMD     C_r = 0x011   at time   59940037 ps
inst0 ch0:  C_CMD: WRCMD     C_f = 0x090   at time   59940451 ps
inst0 ch0:  C_CMD: WRCMD     C_r = 0x019   at time   59943349 ps
inst0 ch0:  C_CMD: WRCMD     C_f = 0x092   at time   59943763 ps
inst0 ch0:  R_CMD: ACTCMD    R_r0= 0x0a    at time   60014557 ps
inst0 ch0:  R_CMD: ACTCMD    R_f0= 0x13    at time   60014971 ps
inst0 ch0:  R_CMD: ACTCMD    R_r1= 0x3f    at time   60015385 ps
inst0 ch0:  R_CMD: ACTCMD    R_f1= 0x3b    at time   60015799 ps
inst0 ch0:  C_CMD: RDCMD     C_r = 0x015   at time   60029461 ps
inst0 ch0:  C_CMD: RDCMD     C_f = 0x010   at time   60029875 ps
inst0 ch0:  C_CMD: RDCMD     C_r = 0x01d   at time   60032773 ps
inst0 ch0:  C_CMD: RDCMD     C_f = 0x012   at time   60033187 ps
inst0 ch0:  R_CMD: ACTCMD    R_r0= 0x0a    at time   60087421 ps
inst0 ch0:  R_CMD: ACTCMD    R_f0= 0x13    at time   60087835 ps
inst0 ch0:  R_CMD: ACTCMD    R_r1= 0x3f    at time   60088249 ps
inst0 ch0:  R_CMD: ACTCMD    R_f1= 0x3b    at time   60088663 ps
inst0 ch0:  C_CMD: WRCMD     C_r = 0x011   at time   60098185 ps
inst0 ch0:  C_CMD: WRCMD     C_f = 0x010   at time   60098599 ps
inst0 ch0:  C_CMD: WRCMD     C_r = 0x019   at time   60101497 ps
inst0 ch0:  C_CMD: WRCMD     C_f = 0x012   at time   60101911 ps
inst0 ch0:  R_CMD: ACTCMD    R_r0= 0x02    at time   61627501 ps
inst0 ch0:  R_CMD: ACTCMD    R_f0= 0x13    at time   61627915 ps
inst0 ch0:  R_CMD: ACTCMD    R_r1= 0x3f    at time   61628329 ps
inst0 ch0:  R_CMD: ACTCMD    R_f1= 0x3b    at time   61628743 ps
inst0 ch0:  C_CMD: RDCMD     C_r = 0x005   at time   61642405 ps
inst0 ch0:  C_CMD: RDCMD     C_f = 0x000   at time   61642819 ps
inst0 ch0:  C_CMD: RDCMD     C_r = 0x00d   at time   61645717 ps
inst0 ch0:  C_CMD: RDCMD     C_f = 0x002   at time   61646131 ps
inst0 ch0:  R_CMD: ACTCMD    R_r0= 0x02    at time   61646545 ps
inst0 ch0:  R_CMD: ACTCMD    R_f0= 0x1b    at time   61646959 ps
inst0 ch0:  R_CMD: ACTCMD    R_r1= 0x3f    at time   61647373 ps
inst0 ch0:  R_CMD: ACTCMD    R_f1= 0x3b    at time   61647787 ps
inst0 ch0:  C_CMD: RDCMD     C_r = 0x005   at time   61661449 ps
inst0 ch0:  C_CMD: RDCMD     C_f = 0x080   at time   61661863 ps
inst0 ch0:  C_CMD: RDCMD     C_r = 0x00d   at time   61664761 ps
inst0 ch0:  C_CMD: RDCMD     C_f = 0x082   at time   61665175 ps
inst0 ch0:  R_CMD: ACTCMD    R_r0= 0x02    at time   61695397 ps
inst0 ch0:  R_CMD: ACTCMD    R_f0= 0x13    at time   61695811 ps
inst0 ch0:  R_CMD: ACTCMD    R_r1= 0x3f    at time   61696225 ps
inst0 ch0:  R_CMD: ACTCMD    R_f1= 0x3b    at time   61696639 ps
inst0 ch0:  C_CMD: WRCMD     C_r = 0x001   at time   61706161 ps
inst0 ch0:  C_CMD: WRCMD     C_f = 0x000   at time   61706575 ps
inst0 ch0:  C_CMD: WRCMD     C_r = 0x009   at time   61709473 ps
inst0 ch0:  C_CMD: WRCMD     C_f = 0x002   at time   61709887 ps
inst0 ch0:  R_CMD: ACTCMD    R_r0= 0x02    at time   61716925 ps
inst0 ch0:  R_CMD: ACTCMD    R_f0= 0x1b    at time   61717339 ps
inst0 ch0:  R_CMD: ACTCMD    R_r1= 0x3f    at time   61717753 ps
inst0 ch0:  R_CMD: ACTCMD    R_f1= 0x3b    at time   61718167 ps
inst0 ch0:  C_CMD: WRCMD     C_r = 0x001   at time   61727689 ps
inst0 ch0:  C_CMD: WRCMD     C_f = 0x080   at time   61728103 ps
inst0 ch0:  C_CMD: WRCMD     C_r = 0x009   at time   61731001 ps
inst0 ch0:  C_CMD: WRCMD     C_f = 0x082   at time   61731415 ps
inst0 ch0:  R_CMD: ACTCMD    R_r0= 0x02    at time   61788961 ps
inst0 ch0:  R_CMD: ACTCMD    R_f0= 0x13    at time   61789375 ps
inst0 ch0:  R_CMD: ACTCMD    R_r1= 0x3f    at time   61789789 ps
inst0 ch0:  R_CMD: ACTCMD    R_f1= 0x3b    at time   61790203 ps
inst0 ch0:  C_CMD: RDCMD     C_r = 0x005   at time   61803865 ps
inst0 ch0:  C_CMD: RDCMD     C_f = 0x000   at time   61804279 ps
inst0 ch0:  C_CMD: RDCMD     C_r = 0x00d   at time   61807177 ps
inst0 ch0:  C_CMD: RDCMD     C_f = 0x002   at time   61807591 ps
inst0 ch0:  R_CMD: ACTCMD    R_r0= 0x02    at time   61861825 ps
inst0 ch0:  R_CMD: ACTCMD    R_f0= 0x13    at time   61862239 ps
inst0 ch0:  R_CMD: ACTCMD    R_r1= 0x3f    at time   61862653 ps
inst0 ch0:  R_CMD: ACTCMD    R_f1= 0x3b    at time   61863067 ps
inst0 ch0:  C_CMD: WRCMD     C_r = 0x001   at time   61872589 ps
inst0 ch0:  C_CMD: WRCMD     C_f = 0x000   at time   61873003 ps
inst0 ch0:  C_CMD: WRCMD     C_r = 0x009   at time   61875901 ps
inst0 ch0:  C_CMD: WRCMD     C_f = 0x002   at time   61876315 ps
inst0 ch0:  R_CMD: ACTCMD    R_r0= 0x02    at time   61953733 ps
inst0 ch0:  R_CMD: ACTCMD    R_f0= 0x1b    at time   61954147 ps
inst0 ch0:  R_CMD: ACTCMD    R_r1= 0x3f    at time   61954561 ps
inst0 ch0:  R_CMD: ACTCMD    R_f1= 0x3b    at time   61954975 ps
inst0 ch0:  C_CMD: RDCMD     C_r = 0x005   at time   61968637 ps
inst0 ch0:  C_CMD: RDCMD     C_f = 0x080   at time   61969051 ps
inst0 ch0:  C_CMD: RDCMD     C_r = 0x00d   at time   61971949 ps
inst0 ch0:  C_CMD: RDCMD     C_f = 0x082   at time   61972363 ps
inst0 ch0:  R_CMD: ACTCMD    R_r0= 0x02    at time   62026597 ps
inst0 ch0:  R_CMD: ACTCMD    R_f0= 0x1b    at time   62027011 ps
inst0 ch0:  R_CMD: ACTCMD    R_r1= 0x3f    at time   62027425 ps
inst0 ch0:  R_CMD: ACTCMD    R_f1= 0x3b    at time   62027839 ps
inst0 ch0:  C_CMD: WRCMD     C_r = 0x001   at time   62037361 ps
inst0 ch0:  C_CMD: WRCMD     C_f = 0x080   at time   62037775 ps
inst0 ch0:  C_CMD: WRCMD     C_r = 0x009   at time   62040673 ps
inst0 ch0:  C_CMD: WRCMD     C_f = 0x082   at time   62041087 ps
inst0 ch0:  R_CMD: ACTCMD    R_r0= 0x02    at time   62939053 ps
inst0 ch0:  R_CMD: ACTCMD    R_f0= 0x00    at time   62939467 ps
inst0 ch0:  R_CMD: ACTCMD    R_r1= 0x00    at time   62939881 ps
inst0 ch0:  R_CMD: ACTCMD    R_f1= 0x00    at time   62940295 ps
inst0 ch0:  C_CMD: RDCMD     C_r = 0x005   at time   62953957 ps
inst0 ch0:  C_CMD: RDCMD     C_f = 0x018   at time   62954371 ps
inst0 ch0:  C_CMD: RDCMD     C_r = 0x005   at time   62957269 ps
inst0 ch0:  C_CMD: RDCMD     C_f = 0x01a   at time   62957683 ps
inst0 ch0:  C_CMD: RDCMD     C_r = 0x005   at time   62960581 ps
inst0 ch0:  C_CMD: RDCMD     C_f = 0x010   at time   62960995 ps
inst0 ch0:  C_CMD: RDCMD     C_r = 0x005   at time   62963893 ps
inst0 ch0:  C_CMD: RDCMD     C_f = 0x012   at time   62964307 ps
inst0 ch0:  C_CMD: RDCMD     C_r = 0x005   at time   62967205 ps
inst0 ch0:  C_CMD: RDCMD     C_f = 0x008   at time   62967619 ps
inst0 ch0:  C_CMD: RDCMD     C_r = 0x005   at time   62970517 ps
inst0 ch0:  C_CMD: RDCMD     C_f = 0x00a   at time   62970931 ps
inst0 ch0:  C_CMD: RDCMD     C_r = 0x005   at time   62973829 ps
inst0 ch0:  C_CMD: RDCMD     C_f = 0x000   at time   62974243 ps
inst0 ch0:  C_CMD: RDCMD     C_r = 0x00d   at time   62977141 ps
inst0 ch0:  C_CMD: RDCMD     C_f = 0x002   at time   62977555 ps
inst0 ch0:  R_CMD: ACTCMD    R_r0= 0x02    at time   63014401 ps
inst0 ch0:  R_CMD: ACTCMD    R_f0= 0x08    at time   63014815 ps
inst0 ch0:  R_CMD: ACTCMD    R_r1= 0x00    at time   63015229 ps
inst0 ch0:  R_CMD: ACTCMD    R_f1= 0x00    at time   63015643 ps
inst0 ch0:  C_CMD: RDCMD     C_r = 0x005   at time   63029305 ps
inst0 ch0:  C_CMD: RDCMD     C_f = 0x098   at time   63029719 ps
inst0 ch0:  C_CMD: RDCMD     C_r = 0x005   at time   63032617 ps
inst0 ch0:  C_CMD: RDCMD     C_f = 0x09a   at time   63033031 ps
inst0 ch0:  C_CMD: RDCMD     C_r = 0x005   at time   63035929 ps
inst0 ch0:  C_CMD: RDCMD     C_f = 0x090   at time   63036343 ps
inst0 ch0:  C_CMD: RDCMD     C_r = 0x005   at time   63039241 ps
inst0 ch0:  C_CMD: RDCMD     C_f = 0x092   at time   63039655 ps
inst0 ch0:  C_CMD: RDCMD     C_r = 0x005   at time   63042553 ps
inst0 ch0:  C_CMD: RDCMD     C_f = 0x088   at time   63042967 ps
inst0 ch0:  C_CMD: RDCMD     C_r = 0x005   at time   63045865 ps
inst0 ch0:  C_CMD: RDCMD     C_f = 0x08a   at time   63046279 ps
inst0 ch0:  C_CMD: RDCMD     C_r = 0x005   at time   63049177 ps
inst0 ch0:  C_CMD: RDCMD     C_f = 0x080   at time   63049591 ps
inst0 ch0:  C_CMD: RDCMD     C_r = 0x00d   at time   63052489 ps
inst0 ch0:  C_CMD: RDCMD     C_f = 0x082   at time   63052903 ps
inst0 ch0:  R_CMD: ACTCMD    R_r0= 0x0a    at time   63149365 ps
inst0 ch0:  R_CMD: ACTCMD    R_f0= 0x00    at time   63149779 ps
inst0 ch0:  R_CMD: ACTCMD    R_r1= 0x00    at time   63150193 ps
inst0 ch0:  R_CMD: ACTCMD    R_f1= 0x00    at time   63150607 ps
inst0 ch0:  C_CMD: RDCMD     C_r = 0x015   at time   63164269 ps
inst0 ch0:  C_CMD: RDCMD     C_f = 0x018   at time   63164683 ps
inst0 ch0:  C_CMD: RDCMD     C_r = 0x015   at time   63167581 ps
inst0 ch0:  C_CMD: RDCMD     C_f = 0x01a   at time   63167995 ps
inst0 ch0:  C_CMD: RDCMD     C_r = 0x015   at time   63170893 ps
inst0 ch0:  C_CMD: RDCMD     C_f = 0x010   at time   63171307 ps
inst0 ch0:  C_CMD: RDCMD     C_r = 0x015   at time   63174205 ps
inst0 ch0:  C_CMD: RDCMD     C_f = 0x012   at time   63174619 ps
inst0 ch0:  C_CMD: RDCMD     C_r = 0x015   at time   63177517 ps
inst0 ch0:  C_CMD: RDCMD     C_f = 0x008   at time   63177931 ps
inst0 ch0:  C_CMD: RDCMD     C_r = 0x015   at time   63180829 ps
inst0 ch0:  C_CMD: RDCMD     C_f = 0x00a   at time   63181243 ps
inst0 ch0:  C_CMD: RDCMD     C_r = 0x015   at time   63184141 ps
inst0 ch0:  C_CMD: RDCMD     C_f = 0x000   at time   63184555 ps
inst0 ch0:  C_CMD: RDCMD     C_r = 0x01d   at time   63187453 ps
inst0 ch0:  C_CMD: RDCMD     C_f = 0x002   at time   63187867 ps
inst0 ch0:  R_CMD: ACTCMD    R_r0= 0x0a    at time   63203185 ps
inst0 ch0:  R_CMD: ACTCMD    R_f0= 0x08    at time   63203599 ps
inst0 ch0:  R_CMD: ACTCMD    R_r1= 0x00    at time   63204013 ps
inst0 ch0:  R_CMD: ACTCMD    R_f1= 0x00    at time   63204427 ps
inst0 ch0:  C_CMD: RDCMD     C_r = 0x015   at time   63218089 ps
inst0 ch0:  C_CMD: RDCMD     C_f = 0x098   at time   63218503 ps
inst0 ch0:  C_CMD: RDCMD     C_r = 0x015   at time   63221401 ps
inst0 ch0:  C_CMD: RDCMD     C_f = 0x09a   at time   63221815 ps
inst0 ch0:  C_CMD: RDCMD     C_r = 0x015   at time   63224713 ps
inst0 ch0:  C_CMD: RDCMD     C_f = 0x090   at time   63225127 ps
inst0 ch0:  C_CMD: RDCMD     C_r = 0x015   at time   63228025 ps
inst0 ch0:  C_CMD: RDCMD     C_f = 0x092   at time   63228439 ps
inst0 ch0:  C_CMD: RDCMD     C_r = 0x015   at time   63231337 ps
inst0 ch0:  C_CMD: RDCMD     C_f = 0x088   at time   63231751 ps
inst0 ch0:  C_CMD: RDCMD     C_r = 0x015   at time   63234649 ps
inst0 ch0:  C_CMD: RDCMD     C_f = 0x08a   at time   63235063 ps
inst0 ch0:  C_CMD: RDCMD     C_r = 0x015   at time   63237961 ps
inst0 ch0:  C_CMD: RDCMD     C_f = 0x080   at time   63238375 ps
inst0 ch0:  C_CMD: RDCMD     C_r = 0x01d   at time   63241273 ps
inst0 ch0:  C_CMD: RDCMD     C_f = 0x082   at time   63241687 ps
inst0 ch0:  R_CMD: ACTCMD    R_r0= 0x0a    at time   63329869 ps
inst0 ch0:  R_CMD: ACTCMD    R_f0= 0x00    at time   63330283 ps
inst0 ch0:  R_CMD: ACTCMD    R_r1= 0x00    at time   63330697 ps
inst0 ch0:  R_CMD: ACTCMD    R_f1= 0x00    at time   63331111 ps
inst0 ch0:  C_CMD: RDCMD     C_r = 0x015   at time   63344773 ps
inst0 ch0:  C_CMD: RDCMD     C_f = 0x038   at time   63345187 ps
inst0 ch0:  C_CMD: RDCMD     C_r = 0x015   at time   63348085 ps
inst0 ch0:  C_CMD: RDCMD     C_f = 0x03a   at time   63348499 ps
inst0 ch0:  C_CMD: RDCMD     C_r = 0x015   at time   63351397 ps
inst0 ch0:  C_CMD: RDCMD     C_f = 0x030   at time   63351811 ps
inst0 ch0:  C_CMD: RDCMD     C_r = 0x015   at time   63354709 ps
inst0 ch0:  C_CMD: RDCMD     C_f = 0x032   at time   63355123 ps
inst0 ch0:  C_CMD: RDCMD     C_r = 0x015   at time   63358021 ps
inst0 ch0:  C_CMD: RDCMD     C_f = 0x028   at time   63358435 ps
inst0 ch0:  C_CMD: RDCMD     C_r = 0x015   at time   63361333 ps
inst0 ch0:  C_CMD: RDCMD     C_f = 0x02a   at time   63361747 ps
inst0 ch0:  C_CMD: RDCMD     C_r = 0x015   at time   63364645 ps
inst0 ch0:  C_CMD: RDCMD     C_f = 0x020   at time   63365059 ps
inst0 ch0:  C_CMD: RDCMD     C_r = 0x01d   at time   63367957 ps
inst0 ch0:  C_CMD: RDCMD     C_f = 0x022   at time   63368371 ps
inst0 ch0:  R_CMD: ACTCMD    R_r0= 0x0a    at time   63381205 ps
inst0 ch0:  R_CMD: ACTCMD    R_f0= 0x08    at time   63381619 ps
inst0 ch0:  R_CMD: ACTCMD    R_r1= 0x00    at time   63382033 ps
inst0 ch0:  R_CMD: ACTCMD    R_f1= 0x00    at time   63382447 ps
inst0 ch0:  C_CMD: RDCMD     C_r = 0x015   at time   63396109 ps
inst0 ch0:  C_CMD: RDCMD     C_f = 0x0b8   at time   63396523 ps
inst0 ch0:  C_CMD: RDCMD     C_r = 0x015   at time   63399421 ps
inst0 ch0:  C_CMD: RDCMD     C_f = 0x0ba   at time   63399835 ps
inst0 ch0:  R_CMD: ACTCMD    R_r0= 0x0a    at time   63400249 ps
inst0 ch0:  R_CMD: ACTCMD    R_f0= 0x00    at time   63400663 ps
inst0 ch0:  R_CMD: ACTCMD    R_r1= 0x00    at time   63401077 ps
inst0 ch0:  R_CMD: ACTCMD    R_f1= 0x00    at time   63401491 ps
inst0 ch0:  C_CMD: RDCMD     C_r = 0x015   at time   63402733 ps
inst0 ch0:  C_CMD: RDCMD     C_f = 0x0b0   at time   63403147 ps
inst0 ch0:  C_CMD: RDCMD     C_r = 0x015   at time   63406045 ps
inst0 ch0:  C_CMD: RDCMD     C_f = 0x0b2   at time   63406459 ps
inst0 ch0:  C_CMD: RDCMD     C_r = 0x015   at time   63409357 ps
inst0 ch0:  C_CMD: RDCMD     C_f = 0x0a8   at time   63409771 ps
inst0 ch0:  C_CMD: WRCMD     C_r = 0x011   at time   63411013 ps
inst0 ch0:  C_CMD: WRCMD     C_f = 0x038   at time   63411427 ps
inst0 ch0:  C_CMD: RDCMD     C_r = 0x015   at time   63412669 ps
inst0 ch0:  C_CMD: RDCMD     C_f = 0x0aa   at time   63413083 ps
inst0 ch0:  C_CMD: WRCMD     C_r = 0x011   at time   63414325 ps
inst0 ch0:  C_CMD: WRCMD     C_f = 0x03a   at time   63414739 ps
inst0 ch0:  C_CMD: RDCMD     C_r = 0x015   at time   63415981 ps
inst0 ch0:  C_CMD: RDCMD     C_f = 0x0a0   at time   63416395 ps
inst0 ch0:  C_CMD: WRCMD     C_r = 0x011   at time   63417637 ps
inst0 ch0:  C_CMD: WRCMD     C_f = 0x028   at time   63418051 ps
inst0 ch0:  C_CMD: RDCMD     C_r = 0x01d   at time   63419293 ps
inst0 ch0:  C_CMD: RDCMD     C_f = 0x0a2   at time   63419707 ps
inst0 ch0:  C_CMD: WRCMD     C_r = 0x011   at time   63420949 ps
inst0 ch0:  C_CMD: WRCMD     C_f = 0x02a   at time   63421363 ps
inst0 ch0:  C_CMD: WRCMD     C_r = 0x011   at time   63424261 ps
inst0 ch0:  C_CMD: WRCMD     C_f = 0x030   at time   63424675 ps
inst0 ch0:  C_CMD: WRCMD     C_r = 0x011   at time   63427573 ps
inst0 ch0:  C_CMD: WRCMD     C_f = 0x032   at time   63427987 ps
inst0 ch0:  C_CMD: WRCMD     C_r = 0x011   at time   63430885 ps
inst0 ch0:  C_CMD: WRCMD     C_f = 0x020   at time   63431299 ps
inst0 ch0:  C_CMD: WRCMD     C_r = 0x019   at time   63434197 ps
inst0 ch0:  C_CMD: WRCMD     C_f = 0x022   at time   63434611 ps
inst0 ch0:  R_CMD: ACTCMD    R_r0= 0x0a    at time   63451585 ps
inst0 ch0:  R_CMD: ACTCMD    R_f0= 0x08    at time   63451999 ps
inst0 ch0:  R_CMD: ACTCMD    R_r1= 0x00    at time   63452413 ps
inst0 ch0:  R_CMD: ACTCMD    R_f1= 0x00    at time   63452827 ps
inst0 ch0:  C_CMD: WRCMD     C_r = 0x011   at time   63462349 ps
inst0 ch0:  C_CMD: WRCMD     C_f = 0x0b8   at time   63462763 ps
inst0 ch0:  C_CMD: WRCMD     C_r = 0x011   at time   63465661 ps
inst0 ch0:  C_CMD: WRCMD     C_f = 0x0ba   at time   63466075 ps
inst0 ch0:  C_CMD: WRCMD     C_r = 0x011   at time   63468973 ps
inst0 ch0:  C_CMD: WRCMD     C_f = 0x0a8   at time   63469387 ps
inst0 ch0:  C_CMD: WRCMD     C_r = 0x011   at time   63472285 ps
inst0 ch0:  C_CMD: WRCMD     C_f = 0x0aa   at time   63472699 ps
inst0 ch0:  C_CMD: WRCMD     C_r = 0x011   at time   63475597 ps
inst0 ch0:  C_CMD: WRCMD     C_f = 0x0b0   at time   63476011 ps
inst0 ch0:  C_CMD: WRCMD     C_r = 0x011   at time   63478909 ps
inst0 ch0:  C_CMD: WRCMD     C_f = 0x0b2   at time   63479323 ps
inst0 ch0:  C_CMD: WRCMD     C_r = 0x011   at time   63482221 ps
inst0 ch0:  C_CMD: WRCMD     C_f = 0x0a0   at time   63482635 ps
inst0 ch0:  C_CMD: WRCMD     C_r = 0x019   at time   63485533 ps
inst0 ch0:  C_CMD: WRCMD     C_f = 0x0a2   at time   63485947 ps
inst0 ch0:  R_CMD: ACTCMD    R_r0= 0x02    at time   64691101 ps
inst0 ch0:  R_CMD: ACTCMD    R_f0= 0x1b    at time   64691515 ps
inst0 ch0:  R_CMD: ACTCMD    R_r1= 0x3f    at time   64691929 ps
inst0 ch0:  R_CMD: ACTCMD    R_f1= 0x3b    at time   64692343 ps
inst0 ch0:  C_CMD: RDCMD     C_r = 0x005   at time   64706005 ps
inst0 ch0:  C_CMD: RDCMD     C_f = 0x080   at time   64706419 ps
inst0 ch0:  C_CMD: RDCMD     C_r = 0x00d   at time   64709317 ps
inst0 ch0:  C_CMD: RDCMD     C_f = 0x082   at time   64709731 ps
inst0 ch0:  R_CMD: ACTCMD    R_r0= 0x02    at time   64761481 ps
inst0 ch0:  R_CMD: ACTCMD    R_f0= 0x1b    at time   64761895 ps
inst0 ch0:  R_CMD: ACTCMD    R_r1= 0x3f    at time   64762309 ps
inst0 ch0:  R_CMD: ACTCMD    R_f1= 0x3b    at time   64762723 ps
inst0 ch0:  C_CMD: WRCMD     C_r = 0x001   at time   64772245 ps
inst0 ch0:  C_CMD: WRCMD     C_f = 0x080   at time   64772659 ps
inst0 ch0:  C_CMD: WRCMD     C_r = 0x009   at time   64775557 ps
inst0 ch0:  C_CMD: WRCMD     C_f = 0x082   at time   64775971 ps
inst0 ch0:  R_CMD: ACTCMD    R_r0= 0x02    at time   64893133 ps
inst0 ch0:  R_CMD: ACTCMD    R_f0= 0x13    at time   64893547 ps
inst0 ch0:  R_CMD: ACTCMD    R_r1= 0x3f    at time   64893961 ps
inst0 ch0:  R_CMD: ACTCMD    R_f1= 0x3b    at time   64894375 ps
inst0 ch0:  C_CMD: RDCMD     C_r = 0x005   at time   64908037 ps
inst0 ch0:  C_CMD: RDCMD     C_f = 0x000   at time   64908451 ps
inst0 ch0:  C_CMD: RDCMD     C_r = 0x00d   at time   64911349 ps
inst0 ch0:  C_CMD: RDCMD     C_f = 0x002   at time   64911763 ps
inst0 ch0:  R_CMD: ACTCMD    R_r0= 0x02    at time   64965997 ps
inst0 ch0:  R_CMD: ACTCMD    R_f0= 0x13    at time   64966411 ps
inst0 ch0:  R_CMD: ACTCMD    R_r1= 0x3f    at time   64966825 ps
inst0 ch0:  R_CMD: ACTCMD    R_f1= 0x3b    at time   64967239 ps
inst0 ch0:  C_CMD: WRCMD     C_r = 0x001   at time   64976761 ps
inst0 ch0:  C_CMD: WRCMD     C_f = 0x000   at time   64977175 ps
inst0 ch0:  C_CMD: WRCMD     C_r = 0x009   at time   64980073 ps
inst0 ch0:  C_CMD: WRCMD     C_f = 0x002   at time   64980487 ps
inst0 ch0:  R_CMD: ACTCMD    R_r0= 0x02    at time   65047141 ps
inst0 ch0:  R_CMD: ACTCMD    R_f0= 0x1b    at time   65047555 ps
inst0 ch0:  R_CMD: ACTCMD    R_r1= 0x3f    at time   65047969 ps
inst0 ch0:  R_CMD: ACTCMD    R_f1= 0x3b    at time   65048383 ps
inst0 ch0:  C_CMD: RDCMD     C_r = 0x005   at time   65062045 ps
inst0 ch0:  C_CMD: RDCMD     C_f = 0x080   at time   65062459 ps
inst0 ch0:  C_CMD: RDCMD     C_r = 0x00d   at time   65065357 ps
inst0 ch0:  C_CMD: RDCMD     C_f = 0x082   at time   65065771 ps
inst0 ch0:  R_CMD: ACTCMD    R_r0= 0x02    at time   65120005 ps
inst0 ch0:  R_CMD: ACTCMD    R_f0= 0x1b    at time   65120419 ps
inst0 ch0:  R_CMD: ACTCMD    R_r1= 0x3f    at time   65120833 ps
inst0 ch0:  R_CMD: ACTCMD    R_f1= 0x3b    at time   65121247 ps
inst0 ch0:  C_CMD: WRCMD     C_r = 0x001   at time   65130769 ps
inst0 ch0:  C_CMD: WRCMD     C_f = 0x080   at time   65131183 ps
inst0 ch0:  C_CMD: WRCMD     C_r = 0x009   at time   65134081 ps
inst0 ch0:  C_CMD: WRCMD     C_f = 0x082   at time   65134495 ps
inst0 ch0:  R_CMD: ACTCMD    R_r0= 0x02    at time   65205289 ps
inst0 ch0:  R_CMD: ACTCMD    R_f0= 0x13    at time   65205703 ps
inst0 ch0:  R_CMD: ACTCMD    R_r1= 0x3f    at time   65206117 ps
inst0 ch0:  R_CMD: ACTCMD    R_f1= 0x3b    at time   65206531 ps
inst0 ch0:  C_CMD: RDCMD     C_r = 0x005   at time   65220193 ps
inst0 ch0:  C_CMD: RDCMD     C_f = 0x000   at time   65220607 ps
inst0 ch0:  C_CMD: RDCMD     C_r = 0x00d   at time   65223505 ps
inst0 ch0:  C_CMD: RDCMD     C_f = 0x002   at time   65223919 ps
inst0 ch0:  R_CMD: ACTCMD    R_r0= 0x02    at time   65278153 ps
inst0 ch0:  R_CMD: ACTCMD    R_f0= 0x13    at time   65278567 ps
inst0 ch0:  R_CMD: ACTCMD    R_r1= 0x3f    at time   65278981 ps
inst0 ch0:  R_CMD: ACTCMD    R_f1= 0x3b    at time   65279395 ps
inst0 ch0:  C_CMD: WRCMD     C_r = 0x001   at time   65288917 ps
inst0 ch0:  C_CMD: WRCMD     C_f = 0x000   at time   65289331 ps
inst0 ch0:  C_CMD: WRCMD     C_r = 0x009   at time   65292229 ps
inst0 ch0:  C_CMD: WRCMD     C_f = 0x002   at time   65292643 ps
inst0 ch0:  R_CMD: ACTCMD    R_r0= 0x0a    at time   65313757 ps
inst0 ch0:  R_CMD: ACTCMD    R_f0= 0x19    at time   65314171 ps
inst0 ch0:  R_CMD: ACTCMD    R_r1= 0x3f    at time   65314585 ps
inst0 ch0:  R_CMD: ACTCMD    R_f1= 0x3b    at time   65314999 ps
inst0 ch0:  R_CMD: ACTCMD    R_r0= 0x02    at time   65317897 ps
inst0 ch0:  R_CMD: ACTCMD    R_f0= 0x19    at time   65318311 ps
inst0 ch0:  R_CMD: ACTCMD    R_r1= 0x3f    at time   65318725 ps
inst0 ch0:  R_CMD: ACTCMD    R_f1= 0x3b    at time   65319139 ps
inst0 ch0:  C_CMD: RDCMD     C_r = 0x015   at time   65328661 ps
inst0 ch0:  C_CMD: RDCMD     C_f = 0x0f8   at time   65329075 ps
inst0 ch0:  C_CMD: RDCMD     C_r = 0x01d   at time   65331973 ps
inst0 ch0:  C_CMD: RDCMD     C_f = 0x0fa   at time   65332387 ps
inst0 ch0:  C_CMD: RDCMD     C_r = 0x005   at time   65335285 ps
inst0 ch0:  C_CMD: RDCMD     C_f = 0x0f8   at time   65335699 ps
inst0 ch0:  C_CMD: RDCMD     C_r = 0x00d   at time   65338597 ps
inst0 ch0:  C_CMD: RDCMD     C_f = 0x0fa   at time   65339011 ps
inst0 ch0:  R_CMD: ACTCMD    R_r0= 0x0a    at time   65386621 ps
inst0 ch0:  R_CMD: ACTCMD    R_f0= 0x19    at time   65387035 ps
inst0 ch0:  R_CMD: ACTCMD    R_r1= 0x3f    at time   65387449 ps
inst0 ch0:  R_CMD: ACTCMD    R_f1= 0x3b    at time   65387863 ps
inst0 ch0:  C_CMD: WRCMD     C_r = 0x011   at time   65397385 ps
inst0 ch0:  C_CMD: WRCMD     C_f = 0x0f8   at time   65397799 ps
inst0 ch0:  R_CMD: ACTCMD    R_r0= 0x02    at time   65398213 ps
inst0 ch0:  R_CMD: ACTCMD    R_f0= 0x19    at time   65398627 ps
inst0 ch0:  R_CMD: ACTCMD    R_r1= 0x3f    at time   65399041 ps
inst0 ch0:  R_CMD: ACTCMD    R_f1= 0x3b    at time   65399455 ps
inst0 ch0:  C_CMD: WRCMD     C_r = 0x019   at time   65400697 ps
inst0 ch0:  C_CMD: WRCMD     C_f = 0x0fa   at time   65401111 ps
inst0 ch0:  C_CMD: WRCMD     C_r = 0x001   at time   65408977 ps
inst0 ch0:  C_CMD: WRCMD     C_f = 0x0f8   at time   65409391 ps
inst0 ch0:  C_CMD: WRCMD     C_r = 0x009   at time   65412289 ps
inst0 ch0:  C_CMD: WRCMD     C_f = 0x0fa   at time   65412703 ps
inst0 ch0:  R_CMD: ACTCMD    R_r0= 0x0a    at time   65459485 ps
inst0 ch0:  R_CMD: ACTCMD    R_f0= 0x11    at time   65459899 ps
inst0 ch0:  R_CMD: ACTCMD    R_r1= 0x3f    at time   65460313 ps
inst0 ch0:  R_CMD: ACTCMD    R_f1= 0x3b    at time   65460727 ps
inst0 ch0:  R_CMD: ACTCMD    R_r0= 0x02    at time   65463625 ps
inst0 ch0:  R_CMD: ACTCMD    R_f0= 0x11    at time   65464039 ps
inst0 ch0:  R_CMD: ACTCMD    R_r1= 0x3f    at time   65464453 ps
inst0 ch0:  R_CMD: ACTCMD    R_f1= 0x3b    at time   65464867 ps
inst0 ch0:  C_CMD: RDCMD     C_r = 0x015   at time   65474389 ps
inst0 ch0:  C_CMD: RDCMD     C_f = 0x078   at time   65474803 ps
inst0 ch0:  C_CMD: RDCMD     C_r = 0x01d   at time   65477701 ps
inst0 ch0:  C_CMD: RDCMD     C_f = 0x07a   at time   65478115 ps
inst0 ch0:  C_CMD: RDCMD     C_r = 0x005   at time   65481013 ps
inst0 ch0:  C_CMD: RDCMD     C_f = 0x078   at time   65481427 ps
inst0 ch0:  C_CMD: RDCMD     C_r = 0x00d   at time   65484325 ps
inst0 ch0:  C_CMD: RDCMD     C_f = 0x07a   at time   65484739 ps
inst0 ch0:  R_CMD: ACTCMD    R_r0= 0x0a    at time   65532349 ps
inst0 ch0:  R_CMD: ACTCMD    R_f0= 0x11    at time   65532763 ps
inst0 ch0:  R_CMD: ACTCMD    R_r1= 0x3f    at time   65533177 ps
inst0 ch0:  R_CMD: ACTCMD    R_f1= 0x3b    at time   65533591 ps
inst0 ch0:  R_CMD: ACTCMD    R_r0= 0x02    at time   65536489 ps
inst0 ch0:  R_CMD: ACTCMD    R_f0= 0x11    at time   65536903 ps
inst0 ch0:  R_CMD: ACTCMD    R_r1= 0x3f    at time   65537317 ps
inst0 ch0:  R_CMD: ACTCMD    R_f1= 0x3b    at time   65537731 ps
inst0 ch0:  C_CMD: WRCMD     C_r = 0x011   at time   65543113 ps
inst0 ch0:  C_CMD: WRCMD     C_f = 0x078   at time   65543527 ps
inst0 ch0:  C_CMD: WRCMD     C_r = 0x019   at time   65546425 ps
inst0 ch0:  C_CMD: WRCMD     C_f = 0x07a   at time   65546839 ps
inst0 ch0:  C_CMD: WRCMD     C_r = 0x001   at time   65549737 ps
inst0 ch0:  C_CMD: WRCMD     C_f = 0x078   at time   65550151 ps
inst0 ch0:  C_CMD: WRCMD     C_r = 0x009   at time   65553049 ps
inst0 ch0:  C_CMD: WRCMD     C_f = 0x07a   at time   65553463 ps
inst0 ch0:  R_CMD: ACTCMD    R_r0= 0x0a    at time   66000997 ps
inst0 ch0:  R_CMD: ACTCMD    R_f0= 0x02    at time   66001411 ps
inst0 ch0:  R_CMD: ACTCMD    R_r1= 0x00    at time   66001825 ps
inst0 ch0:  R_CMD: ACTCMD    R_f1= 0x00    at time   66002239 ps
inst0 ch0:  R_CMD: ACTCMD    R_r0= 0x02    at time   66005137 ps
inst0 ch0:  R_CMD: ACTCMD    R_f0= 0x02    at time   66005551 ps
inst0 ch0:  R_CMD: ACTCMD    R_r1= 0x00    at time   66005965 ps
inst0 ch0:  R_CMD: ACTCMD    R_f1= 0x00    at time   66006379 ps
inst0 ch0:  C_CMD: RDCMD     C_r = 0x015   at time   66015901 ps
inst0 ch0:  C_CMD: RDCMD     C_f = 0x000   at time   66016315 ps
inst0 ch0:  C_CMD: RDCMD     C_r = 0x01d   at time   66019213 ps
inst0 ch0:  C_CMD: RDCMD     C_f = 0x002   at time   66019627 ps
inst0 ch0:  C_CMD: RDCMD     C_r = 0x005   at time   66022525 ps
inst0 ch0:  C_CMD: RDCMD     C_f = 0x000   at time   66022939 ps
inst0 ch0:  C_CMD: RDCMD     C_r = 0x00d   at time   66025837 ps
inst0 ch0:  C_CMD: RDCMD     C_f = 0x002   at time   66026251 ps
inst0 ch0:  R_CMD: ACTCMD    R_r0= 0x0a    at time   66278377 ps
inst0 ch0:  R_CMD: ACTCMD    R_f0= 0x0a    at time   66278791 ps
inst0 ch0:  R_CMD: ACTCMD    R_r1= 0x00    at time   66279205 ps
inst0 ch0:  R_CMD: ACTCMD    R_f1= 0x00    at time   66279619 ps
inst0 ch0:  R_CMD: ACTCMD    R_r0= 0x02    at time   66282517 ps
inst0 ch0:  R_CMD: ACTCMD    R_f0= 0x0a    at time   66282931 ps
inst0 ch0:  R_CMD: ACTCMD    R_r1= 0x00    at time   66283345 ps
inst0 ch0:  R_CMD: ACTCMD    R_f1= 0x00    at time   66283759 ps
inst0 ch0:  C_CMD: RDCMD     C_r = 0x015   at time   66293281 ps
inst0 ch0:  C_CMD: RDCMD     C_f = 0x080   at time   66293695 ps
inst0 ch0:  C_CMD: RDCMD     C_r = 0x01d   at time   66296593 ps
inst0 ch0:  C_CMD: RDCMD     C_f = 0x082   at time   66297007 ps
inst0 ch0:  C_CMD: RDCMD     C_r = 0x005   at time   66299905 ps
inst0 ch0:  C_CMD: RDCMD     C_f = 0x080   at time   66300319 ps
inst0 ch0:  C_CMD: RDCMD     C_r = 0x00d   at time   66303217 ps
inst0 ch0:  C_CMD: RDCMD     C_f = 0x082   at time   66303631 ps
