inst0 ch0:  R_CMD: ACTCMD    R_r0= 0x0e    at time   33400981 ps
inst0 ch0:  R_CMD: ACTCMD    R_f0= 0x28    at time   33401395 ps
inst0 ch0:  R_CMD: ACTCMD    R_r1= 0x00    at time   33401809 ps
inst0 ch0:  R_CMD: ACTCMD    R_f1= 0x02    at time   33402223 ps
inst0 ch0:  R_CMD: ACTCMD    R_r0= 0x0e    at time   33402637 ps
inst0 ch0:  R_CMD: ACTCMD    R_f0= 0x20    at time   33403051 ps
inst0 ch0:  R_CMD: ACTCMD    R_r1= 0x00    at time   33403465 ps
inst0 ch0:  R_CMD: ACTCMD    R_f1= 0x02    at time   33403879 ps
inst0 ch0:  C_CMD: RDCMD     C_r = 0x095   at time   33415885 ps
inst0 ch0:  C_CMD: RDCMD     C_f = 0x0a9   at time   33416299 ps
inst0 ch0:  C_CMD: RDCMD     C_r = 0x095   at time   33417541 ps
inst0 ch0:  C_CMD: RDCMD     C_f = 0x029   at time   33417955 ps
inst0 ch0:  C_CMD: RDCMD     C_r = 0x095   at time   33419197 ps
inst0 ch0:  C_CMD: RDCMD     C_f = 0x0ab   at time   33419611 ps
inst0 ch0:  C_CMD: RDCMD     C_r = 0x095   at time   33420853 ps
inst0 ch0:  C_CMD: RDCMD     C_f = 0x02b   at time   33421267 ps
inst0 ch0:  C_CMD: RDCMD     C_r = 0x095   at time   33422509 ps
inst0 ch0:  C_CMD: RDCMD     C_f = 0x0a1   at time   33422923 ps
inst0 ch0:  C_CMD: RDCMD     C_r = 0x095   at time   33424165 ps
inst0 ch0:  C_CMD: RDCMD     C_f = 0x021   at time   33424579 ps
inst0 ch0:  C_CMD: RDCMD     C_r = 0x09d   at time   33425821 ps
inst0 ch0:  C_CMD: RDCMD     C_f = 0x0a3   at time   33426235 ps
inst0 ch0:  C_CMD: RDCMD     C_r = 0x09d   at time   33427477 ps
inst0 ch0:  C_CMD: RDCMD     C_f = 0x023   at time   33427891 ps
inst0 ch0:  R_CMD: ACTCMD    R_r0= 0x0e    at time   33471361 ps
inst0 ch0:  R_CMD: ACTCMD    R_f0= 0x28    at time   33471775 ps
inst0 ch0:  R_CMD: ACTCMD    R_r1= 0x00    at time   33472189 ps
inst0 ch0:  R_CMD: ACTCMD    R_f1= 0x02    at time   33472603 ps
inst0 ch0:  R_CMD: ACTCMD    R_r0= 0x0e    at time   33473845 ps
inst0 ch0:  R_CMD: ACTCMD    R_f0= 0x20    at time   33474259 ps
inst0 ch0:  R_CMD: ACTCMD    R_r1= 0x00    at time   33474673 ps
inst0 ch0:  R_CMD: ACTCMD    R_f1= 0x02    at time   33475087 ps
inst0 ch0:  C_CMD: WRCMD     C_r = 0x091   at time   33482125 ps
inst0 ch0:  C_CMD: WRCMD     C_f = 0x0a9   at time   33482539 ps
inst0 ch0:  C_CMD: WRCMD     C_r = 0x091   at time   33484609 ps
inst0 ch0:  C_CMD: WRCMD     C_f = 0x029   at time   33485023 ps
inst0 ch0:  C_CMD: WRCMD     C_r = 0x091   at time   33485437 ps
inst0 ch0:  C_CMD: WRCMD     C_f = 0x0ab   at time   33485851 ps
inst0 ch0:  C_CMD: WRCMD     C_r = 0x091   at time   33487921 ps
inst0 ch0:  C_CMD: WRCMD     C_f = 0x02b   at time   33488335 ps
inst0 ch0:  C_CMD: WRCMD     C_r = 0x091   at time   33488749 ps
inst0 ch0:  C_CMD: WRCMD     C_f = 0x0a1   at time   33489163 ps
inst0 ch0:  C_CMD: WRCMD     C_r = 0x091   at time   33491233 ps
inst0 ch0:  C_CMD: WRCMD     C_f = 0x021   at time   33491647 ps
inst0 ch0:  C_CMD: WRCMD     C_r = 0x099   at time   33492061 ps
inst0 ch0:  C_CMD: WRCMD     C_f = 0x0a3   at time   33492475 ps
inst0 ch0:  C_CMD: WRCMD     C_r = 0x099   at time   33494545 ps
inst0 ch0:  C_CMD: WRCMD     C_f = 0x023   at time   33494959 ps
inst0 ch0:  R_CMD: ACTCMD    R_r0= 0x2e    at time   54517465 ps
inst0 ch0:  R_CMD: ACTCMD    R_f0= 0x28    at time   54517879 ps
inst0 ch0:  R_CMD: ACTCMD    R_r1= 0x00    at time   54518293 ps
inst0 ch0:  R_CMD: ACTCMD    R_f1= 0x02    at time   54518707 ps
inst0 ch0:  R_CMD: ACTCMD    R_r0= 0x2e    at time   54519949 ps
inst0 ch0:  R_CMD: ACTCMD    R_f0= 0x20    at time   54520363 ps
inst0 ch0:  R_CMD: ACTCMD    R_r1= 0x00    at time   54520777 ps
inst0 ch0:  R_CMD: ACTCMD    R_f1= 0x02    at time   54521191 ps
inst0 ch0:  C_CMD: RDCMD     C_r = 0x0d5   at time   54532369 ps
inst0 ch0:  C_CMD: RDCMD     C_f = 0x0a9   at time   54532783 ps
inst0 ch0:  C_CMD: RDCMD     C_r = 0x0d5   at time   54534853 ps
inst0 ch0:  C_CMD: RDCMD     C_f = 0x029   at time   54535267 ps
inst0 ch0:  C_CMD: RDCMD     C_r = 0x0d5   at time   54535681 ps
inst0 ch0:  C_CMD: RDCMD     C_f = 0x0ab   at time   54536095 ps
inst0 ch0:  C_CMD: RDCMD     C_r = 0x0d5   at time   54538165 ps
inst0 ch0:  C_CMD: RDCMD     C_f = 0x02b   at time   54538579 ps
inst0 ch0:  C_CMD: RDCMD     C_r = 0x0d5   at time   54538993 ps
inst0 ch0:  C_CMD: RDCMD     C_f = 0x0a1   at time   54539407 ps
inst0 ch0:  C_CMD: RDCMD     C_r = 0x0d5   at time   54541477 ps
inst0 ch0:  C_CMD: RDCMD     C_f = 0x021   at time   54541891 ps
inst0 ch0:  C_CMD: RDCMD     C_r = 0x0dd   at time   54542305 ps
inst0 ch0:  C_CMD: RDCMD     C_f = 0x0a3   at time   54542719 ps
inst0 ch0:  C_CMD: RDCMD     C_r = 0x0dd   at time   54544789 ps
inst0 ch0:  C_CMD: RDCMD     C_f = 0x023   at time   54545203 ps
inst0 ch0:  R_CMD: ACTCMD    R_r0= 0x2e    at time   54678925 ps
inst0 ch0:  R_CMD: ACTCMD    R_f0= 0x28    at time   54679339 ps
inst0 ch0:  R_CMD: ACTCMD    R_r1= 0x00    at time   54679753 ps
inst0 ch0:  R_CMD: ACTCMD    R_f1= 0x02    at time   54680167 ps
inst0 ch0:  R_CMD: ACTCMD    R_r0= 0x2e    at time   54680581 ps
inst0 ch0:  R_CMD: ACTCMD    R_f0= 0x20    at time   54680995 ps
inst0 ch0:  R_CMD: ACTCMD    R_r1= 0x00    at time   54681409 ps
inst0 ch0:  R_CMD: ACTCMD    R_f1= 0x02    at time   54681823 ps
inst0 ch0:  C_CMD: WRCMD     C_r = 0x0d1   at time   54689689 ps
inst0 ch0:  C_CMD: WRCMD     C_f = 0x0a9   at time   54690103 ps
inst0 ch0:  C_CMD: WRCMD     C_r = 0x0d1   at time   54691345 ps
inst0 ch0:  C_CMD: WRCMD     C_f = 0x029   at time   54691759 ps
inst0 ch0:  C_CMD: WRCMD     C_r = 0x0d1   at time   54693001 ps
inst0 ch0:  C_CMD: WRCMD     C_f = 0x0ab   at time   54693415 ps
inst0 ch0:  C_CMD: WRCMD     C_r = 0x0d1   at time   54694657 ps
inst0 ch0:  C_CMD: WRCMD     C_f = 0x02b   at time   54695071 ps
inst0 ch0:  C_CMD: WRCMD     C_r = 0x0d1   at time   54696313 ps
inst0 ch0:  C_CMD: WRCMD     C_f = 0x0a1   at time   54696727 ps
inst0 ch0:  C_CMD: WRCMD     C_r = 0x0d1   at time   54697969 ps
inst0 ch0:  C_CMD: WRCMD     C_f = 0x021   at time   54698383 ps
inst0 ch0:  C_CMD: WRCMD     C_r = 0x0d9   at time   54699625 ps
inst0 ch0:  C_CMD: WRCMD     C_f = 0x0a3   at time   54700039 ps
inst0 ch0:  C_CMD: WRCMD     C_r = 0x0d9   at time   54701281 ps
inst0 ch0:  C_CMD: WRCMD     C_f = 0x023   at time   54701695 ps
inst0 ch0:  R_CMD: ACTCMD    R_r0= 0x22    at time  124813009 ps
inst0 ch0:  R_CMD: ACTCMD    R_f0= 0x2a    at time  124813423 ps
inst0 ch0:  R_CMD: ACTCMD    R_r1= 0x00    at time  124813837 ps
inst0 ch0:  R_CMD: ACTCMD    R_f1= 0x00    at time  124814251 ps
inst0 ch0:  R_CMD: ACTCMD    R_r0= 0x02    at time  124817149 ps
inst0 ch0:  R_CMD: ACTCMD    R_f0= 0x2a    at time  124817563 ps
inst0 ch0:  R_CMD: ACTCMD    R_r1= 0x00    at time  124817977 ps
inst0 ch0:  R_CMD: ACTCMD    R_f1= 0x00    at time  124818391 ps
inst0 ch0:  R_CMD: ACTCMD    R_r0= 0x22    at time  124818805 ps
inst0 ch0:  R_CMD: ACTCMD    R_f0= 0x22    at time  124819219 ps
inst0 ch0:  R_CMD: ACTCMD    R_r1= 0x00    at time  124819633 ps
inst0 ch0:  R_CMD: ACTCMD    R_f1= 0x00    at time  124820047 ps
inst0 ch0:  R_CMD: ACTCMD    R_r0= 0x22    at time  124821289 ps
inst0 ch0:  R_CMD: ACTCMD    R_f0= 0x0a    at time  124821703 ps
inst0 ch0:  R_CMD: ACTCMD    R_r1= 0x00    at time  124822117 ps
inst0 ch0:  R_CMD: ACTCMD    R_f1= 0x00    at time  124822531 ps
inst0 ch0:  R_CMD: ACTCMD    R_r0= 0x02    at time  124822945 ps
inst0 ch0:  R_CMD: ACTCMD    R_f0= 0x22    at time  124823359 ps
inst0 ch0:  R_CMD: ACTCMD    R_r1= 0x00    at time  124823773 ps
inst0 ch0:  R_CMD: ACTCMD    R_f1= 0x00    at time  124824187 ps
inst0 ch0:  R_CMD: ACTCMD    R_r0= 0x02    at time  124825429 ps
inst0 ch0:  R_CMD: ACTCMD    R_f0= 0x0a    at time  124825843 ps
inst0 ch0:  R_CMD: ACTCMD    R_r1= 0x00    at time  124826257 ps
inst0 ch0:  R_CMD: ACTCMD    R_f1= 0x00    at time  124826671 ps
inst0 ch0:  R_CMD: ACTCMD    R_r0= 0x22    at time  124827085 ps
inst0 ch0:  R_CMD: ACTCMD    R_f0= 0x02    at time  124827499 ps
inst0 ch0:  R_CMD: ACTCMD    R_r1= 0x00    at time  124827913 ps
inst0 ch0:  C_CMD: RDCMD     C_r = 0x0c5   at time  124827913 ps
inst0 ch0:  R_CMD: ACTCMD    R_f1= 0x00    at time  124828327 ps
inst0 ch0:  C_CMD: RDCMD     C_f = 0x080   at time  124828327 ps
inst0 ch0:  R_CMD: ACTCMD    R_r0= 0x02    at time  124831225 ps
inst0 ch0:  C_CMD: RDCMD     C_r = 0x0cd   at time  124831225 ps
inst0 ch0:  R_CMD: ACTCMD    R_f0= 0x02    at time  124831639 ps
inst0 ch0:  C_CMD: RDCMD     C_f = 0x082   at time  124831639 ps
inst0 ch0:  R_CMD: ACTCMD    R_r1= 0x00    at time  124832053 ps
inst0 ch0:  R_CMD: ACTCMD    R_f1= 0x00    at time  124832467 ps
inst0 ch0:  C_CMD: RDCMD     C_r = 0x085   at time  124832881 ps
inst0 ch0:  C_CMD: RDCMD     C_f = 0x080   at time  124833295 ps
inst0 ch0:  C_CMD: RDCMD     C_r = 0x0c5   at time  124833709 ps
inst0 ch0:  C_CMD: RDCMD     C_f = 0x000   at time  124834123 ps
inst0 ch0:  C_CMD: RDCMD     C_r = 0x08d   at time  124836193 ps
inst0 ch0:  C_CMD: RDCMD     C_f = 0x082   at time  124836607 ps
inst0 ch0:  C_CMD: RDCMD     C_r = 0x0cd   at time  124837021 ps
inst0 ch0:  C_CMD: RDCMD     C_f = 0x002   at time  124837435 ps
inst0 ch0:  C_CMD: RDCMD     C_r = 0x045   at time  124837849 ps
inst0 ch0:  C_CMD: RDCMD     C_f = 0x080   at time  124838263 ps
inst0 ch0:  C_CMD: RDCMD     C_r = 0x085   at time  124838677 ps
inst0 ch0:  C_CMD: RDCMD     C_f = 0x000   at time  124839091 ps
inst0 ch0:  C_CMD: RDCMD     C_r = 0x005   at time  124840333 ps
inst0 ch0:  C_CMD: RDCMD     C_f = 0x080   at time  124840747 ps
inst0 ch0:  C_CMD: RDCMD     C_r = 0x04d   at time  124841989 ps
inst0 ch0:  C_CMD: RDCMD     C_f = 0x082   at time  124842403 ps
inst0 ch0:  C_CMD: RDCMD     C_r = 0x08d   at time  124842817 ps
inst0 ch0:  C_CMD: RDCMD     C_f = 0x002   at time  124843231 ps
inst0 ch0:  C_CMD: RDCMD     C_r = 0x00d   at time  124843645 ps
inst0 ch0:  C_CMD: RDCMD     C_f = 0x082   at time  124844059 ps
inst0 ch0:  C_CMD: RDCMD     C_r = 0x045   at time  124844473 ps
inst0 ch0:  C_CMD: RDCMD     C_f = 0x000   at time  124844887 ps
inst0 ch0:  C_CMD: RDCMD     C_r = 0x005   at time  124846129 ps
inst0 ch0:  C_CMD: RDCMD     C_f = 0x000   at time  124846543 ps
inst0 ch0:  C_CMD: RDCMD     C_r = 0x04d   at time  124847785 ps
inst0 ch0:  C_CMD: RDCMD     C_f = 0x002   at time  124848199 ps
inst0 ch0:  C_CMD: RDCMD     C_r = 0x00d   at time  124849441 ps
inst0 ch0:  C_CMD: RDCMD     C_f = 0x002   at time  124849855 ps
inst0 ch0:  R_CMD: ACTCMD    R_r0= 0x2a    at time  125313949 ps
inst0 ch0:  R_CMD: ACTCMD    R_f0= 0x2a    at time  125314363 ps
inst0 ch0:  R_CMD: ACTCMD    R_r1= 0x00    at time  125314777 ps
inst0 ch0:  R_CMD: ACTCMD    R_f1= 0x00    at time  125315191 ps
inst0 ch0:  R_CMD: ACTCMD    R_r0= 0x0a    at time  125318089 ps
inst0 ch0:  R_CMD: ACTCMD    R_f0= 0x2a    at time  125318503 ps
inst0 ch0:  R_CMD: ACTCMD    R_r1= 0x00    at time  125318917 ps
inst0 ch0:  R_CMD: ACTCMD    R_f1= 0x00    at time  125319331 ps
inst0 ch0:  R_CMD: ACTCMD    R_r0= 0x2a    at time  125319745 ps
inst0 ch0:  R_CMD: ACTCMD    R_f0= 0x22    at time  125320159 ps
inst0 ch0:  R_CMD: ACTCMD    R_r1= 0x00    at time  125320573 ps
inst0 ch0:  R_CMD: ACTCMD    R_f1= 0x00    at time  125320987 ps
inst0 ch0:  R_CMD: ACTCMD    R_r0= 0x2a    at time  125322229 ps
inst0 ch0:  R_CMD: ACTCMD    R_f0= 0x0a    at time  125322643 ps
inst0 ch0:  R_CMD: ACTCMD    R_r1= 0x00    at time  125323057 ps
inst0 ch0:  R_CMD: ACTCMD    R_f1= 0x00    at time  125323471 ps
inst0 ch0:  R_CMD: ACTCMD    R_r0= 0x0a    at time  125323885 ps
inst0 ch0:  R_CMD: ACTCMD    R_f0= 0x22    at time  125324299 ps
inst0 ch0:  R_CMD: ACTCMD    R_r1= 0x00    at time  125324713 ps
inst0 ch0:  R_CMD: ACTCMD    R_f1= 0x00    at time  125325127 ps
inst0 ch0:  R_CMD: ACTCMD    R_r0= 0x0a    at time  125326369 ps
inst0 ch0:  R_CMD: ACTCMD    R_f0= 0x0a    at time  125326783 ps
inst0 ch0:  R_CMD: ACTCMD    R_r1= 0x00    at time  125327197 ps
inst0 ch0:  R_CMD: ACTCMD    R_f1= 0x00    at time  125327611 ps
inst0 ch0:  R_CMD: ACTCMD    R_r0= 0x2a    at time  125328025 ps
inst0 ch0:  R_CMD: ACTCMD    R_f0= 0x02    at time  125328439 ps
inst0 ch0:  R_CMD: ACTCMD    R_r1= 0x00    at time  125328853 ps
inst0 ch0:  C_CMD: RDCMD     C_r = 0x0d5   at time  125328853 ps
inst0 ch0:  R_CMD: ACTCMD    R_f1= 0x00    at time  125329267 ps
inst0 ch0:  C_CMD: RDCMD     C_f = 0x080   at time  125329267 ps
inst0 ch0:  R_CMD: ACTCMD    R_r0= 0x0a    at time  125332165 ps
inst0 ch0:  C_CMD: RDCMD     C_r = 0x0dd   at time  125332165 ps
inst0 ch0:  R_CMD: ACTCMD    R_f0= 0x02    at time  125332579 ps
inst0 ch0:  C_CMD: RDCMD     C_f = 0x082   at time  125332579 ps
inst0 ch0:  R_CMD: ACTCMD    R_r1= 0x00    at time  125332993 ps
inst0 ch0:  R_CMD: ACTCMD    R_f1= 0x00    at time  125333407 ps
inst0 ch0:  C_CMD: RDCMD     C_r = 0x095   at time  125333821 ps
inst0 ch0:  C_CMD: RDCMD     C_f = 0x080   at time  125334235 ps
inst0 ch0:  C_CMD: RDCMD     C_r = 0x0d5   at time  125334649 ps
inst0 ch0:  C_CMD: RDCMD     C_f = 0x000   at time  125335063 ps
inst0 ch0:  C_CMD: RDCMD     C_r = 0x09d   at time  125337133 ps
inst0 ch0:  C_CMD: RDCMD     C_f = 0x082   at time  125337547 ps
inst0 ch0:  C_CMD: RDCMD     C_r = 0x0dd   at time  125337961 ps
inst0 ch0:  C_CMD: RDCMD     C_f = 0x002   at time  125338375 ps
inst0 ch0:  C_CMD: RDCMD     C_r = 0x055   at time  125338789 ps
inst0 ch0:  C_CMD: RDCMD     C_f = 0x080   at time  125339203 ps
inst0 ch0:  C_CMD: RDCMD     C_r = 0x095   at time  125339617 ps
inst0 ch0:  C_CMD: RDCMD     C_f = 0x000   at time  125340031 ps
inst0 ch0:  C_CMD: RDCMD     C_r = 0x015   at time  125341273 ps
inst0 ch0:  C_CMD: RDCMD     C_f = 0x080   at time  125341687 ps
inst0 ch0:  C_CMD: RDCMD     C_r = 0x05d   at time  125342929 ps
inst0 ch0:  C_CMD: RDCMD     C_f = 0x082   at time  125343343 ps
inst0 ch0:  C_CMD: RDCMD     C_r = 0x09d   at time  125343757 ps
inst0 ch0:  C_CMD: RDCMD     C_f = 0x002   at time  125344171 ps
inst0 ch0:  C_CMD: RDCMD     C_r = 0x01d   at time  125344585 ps
inst0 ch0:  C_CMD: RDCMD     C_f = 0x082   at time  125344999 ps
inst0 ch0:  C_CMD: RDCMD     C_r = 0x055   at time  125345413 ps
inst0 ch0:  C_CMD: RDCMD     C_f = 0x000   at time  125345827 ps
inst0 ch0:  C_CMD: RDCMD     C_r = 0x015   at time  125347069 ps
inst0 ch0:  C_CMD: RDCMD     C_f = 0x000   at time  125347483 ps
inst0 ch0:  C_CMD: RDCMD     C_r = 0x05d   at time  125348725 ps
inst0 ch0:  C_CMD: RDCMD     C_f = 0x002   at time  125349139 ps
inst0 ch0:  C_CMD: RDCMD     C_r = 0x01d   at time  125350381 ps
inst0 ch0:  C_CMD: RDCMD     C_f = 0x002   at time  125350795 ps
inst0 ch0:  R_CMD: ACTCMD    R_r0= 0x32    at time  125814889 ps
inst0 ch0:  R_CMD: ACTCMD    R_f0= 0x2a    at time  125815303 ps
inst0 ch0:  R_CMD: ACTCMD    R_r1= 0x00    at time  125815717 ps
inst0 ch0:  R_CMD: ACTCMD    R_f1= 0x00    at time  125816131 ps
inst0 ch0:  R_CMD: ACTCMD    R_r0= 0x12    at time  125819029 ps
inst0 ch0:  R_CMD: ACTCMD    R_f0= 0x2a    at time  125819443 ps
inst0 ch0:  R_CMD: ACTCMD    R_r1= 0x00    at time  125819857 ps
inst0 ch0:  R_CMD: ACTCMD    R_f1= 0x00    at time  125820271 ps
inst0 ch0:  R_CMD: ACTCMD    R_r0= 0x32    at time  125822341 ps
inst0 ch0:  R_CMD: ACTCMD    R_f0= 0x22    at time  125822755 ps
inst0 ch0:  R_CMD: ACTCMD    R_r1= 0x00    at time  125823169 ps
inst0 ch0:  R_CMD: ACTCMD    R_f1= 0x00    at time  125823583 ps
inst0 ch0:  R_CMD: ACTCMD    R_r0= 0x32    at time  125823997 ps
inst0 ch0:  R_CMD: ACTCMD    R_f0= 0x0a    at time  125824411 ps
inst0 ch0:  R_CMD: ACTCMD    R_r1= 0x00    at time  125824825 ps
inst0 ch0:  R_CMD: ACTCMD    R_f1= 0x00    at time  125825239 ps
inst0 ch0:  R_CMD: ACTCMD    R_r0= 0x12    at time  125826481 ps
inst0 ch0:  R_CMD: ACTCMD    R_f0= 0x22    at time  125826895 ps
inst0 ch0:  R_CMD: ACTCMD    R_r1= 0x00    at time  125827309 ps
inst0 ch0:  R_CMD: ACTCMD    R_f1= 0x00    at time  125827723 ps
inst0 ch0:  R_CMD: ACTCMD    R_r0= 0x12    at time  125828137 ps
inst0 ch0:  R_CMD: ACTCMD    R_f0= 0x0a    at time  125828551 ps
inst0 ch0:  R_CMD: ACTCMD    R_r1= 0x00    at time  125828965 ps
inst0 ch0:  R_CMD: ACTCMD    R_f1= 0x00    at time  125829379 ps
inst0 ch0:  C_CMD: RDCMD     C_r = 0x0e5   at time  125829793 ps
inst0 ch0:  C_CMD: RDCMD     C_f = 0x080   at time  125830207 ps
inst0 ch0:  R_CMD: ACTCMD    R_r0= 0x32    at time  125830621 ps
inst0 ch0:  R_CMD: ACTCMD    R_f0= 0x02    at time  125831035 ps
inst0 ch0:  R_CMD: ACTCMD    R_r1= 0x00    at time  125831449 ps
inst0 ch0:  R_CMD: ACTCMD    R_f1= 0x00    at time  125831863 ps
inst0 ch0:  C_CMD: RDCMD     C_r = 0x0ed   at time  125833105 ps
inst0 ch0:  C_CMD: RDCMD     C_f = 0x082   at time  125833519 ps
inst0 ch0:  R_CMD: ACTCMD    R_r0= 0x12    at time  125834761 ps
inst0 ch0:  C_CMD: RDCMD     C_r = 0x0a5   at time  125834761 ps
inst0 ch0:  R_CMD: ACTCMD    R_f0= 0x02    at time  125835175 ps
inst0 ch0:  C_CMD: RDCMD     C_f = 0x080   at time  125835175 ps
inst0 ch0:  R_CMD: ACTCMD    R_r1= 0x00    at time  125835589 ps
inst0 ch0:  R_CMD: ACTCMD    R_f1= 0x00    at time  125836003 ps
inst0 ch0:  C_CMD: RDCMD     C_r = 0x0e5   at time  125837245 ps
inst0 ch0:  C_CMD: RDCMD     C_f = 0x000   at time  125837659 ps
inst0 ch0:  C_CMD: RDCMD     C_r = 0x0ad   at time  125838073 ps
inst0 ch0:  C_CMD: RDCMD     C_f = 0x082   at time  125838487 ps
inst0 ch0:  C_CMD: RDCMD     C_r = 0x065   at time  125839729 ps
inst0 ch0:  C_CMD: RDCMD     C_f = 0x080   at time  125840143 ps
inst0 ch0:  C_CMD: RDCMD     C_r = 0x0ed   at time  125840557 ps
inst0 ch0:  C_CMD: RDCMD     C_f = 0x002   at time  125840971 ps
inst0 ch0:  C_CMD: RDCMD     C_r = 0x0a5   at time  125842213 ps
inst0 ch0:  C_CMD: RDCMD     C_f = 0x000   at time  125842627 ps
inst0 ch0:  C_CMD: RDCMD     C_r = 0x06d   at time  125843041 ps
inst0 ch0:  C_CMD: RDCMD     C_f = 0x082   at time  125843455 ps
inst0 ch0:  C_CMD: RDCMD     C_r = 0x025   at time  125844697 ps
inst0 ch0:  C_CMD: RDCMD     C_f = 0x080   at time  125845111 ps
inst0 ch0:  C_CMD: RDCMD     C_r = 0x0ad   at time  125845525 ps
inst0 ch0:  C_CMD: RDCMD     C_f = 0x002   at time  125845939 ps
inst0 ch0:  C_CMD: RDCMD     C_r = 0x065   at time  125847181 ps
inst0 ch0:  C_CMD: RDCMD     C_f = 0x000   at time  125847595 ps
inst0 ch0:  C_CMD: RDCMD     C_r = 0x02d   at time  125848009 ps
inst0 ch0:  C_CMD: RDCMD     C_f = 0x082   at time  125848423 ps
inst0 ch0:  C_CMD: RDCMD     C_r = 0x025   at time  125849665 ps
inst0 ch0:  C_CMD: RDCMD     C_f = 0x000   at time  125850079 ps
inst0 ch0:  C_CMD: RDCMD     C_r = 0x06d   at time  125851321 ps
inst0 ch0:  C_CMD: RDCMD     C_f = 0x002   at time  125851735 ps
inst0 ch0:  C_CMD: RDCMD     C_r = 0x02d   at time  125852977 ps
inst0 ch0:  C_CMD: RDCMD     C_f = 0x002   at time  125853391 ps
inst0 ch0:  R_CMD: ACTCMD    R_r0= 0x3a    at time  126252073 ps
inst0 ch0:  R_CMD: ACTCMD    R_f0= 0x2a    at time  126252487 ps
inst0 ch0:  R_CMD: ACTCMD    R_r1= 0x00    at time  126252901 ps
inst0 ch0:  R_CMD: ACTCMD    R_f1= 0x00    at time  126253315 ps
inst0 ch0:  C_CMD: RDCMD     C_r = 0x0f5   at time  126266977 ps
inst0 ch0:  C_CMD: RDCMD     C_f = 0x080   at time  126267391 ps
inst0 ch0:  C_CMD: RDCMD     C_r = 0x0fd   at time  126270289 ps
inst0 ch0:  C_CMD: RDCMD     C_f = 0x082   at time  126270703 ps
inst0 ch0:  R_CMD: ACTCMD    R_r0= 0x1a    at time  126317485 ps
inst0 ch0:  R_CMD: ACTCMD    R_f0= 0x2a    at time  126317899 ps
inst0 ch0:  R_CMD: ACTCMD    R_r1= 0x00    at time  126318313 ps
inst0 ch0:  R_CMD: ACTCMD    R_f1= 0x00    at time  126318727 ps
inst0 ch0:  R_CMD: ACTCMD    R_r0= 0x3a    at time  126321625 ps
inst0 ch0:  R_CMD: ACTCMD    R_f0= 0x0a    at time  126322039 ps
inst0 ch0:  R_CMD: ACTCMD    R_r1= 0x00    at time  126322453 ps
inst0 ch0:  R_CMD: ACTCMD    R_f1= 0x00    at time  126322867 ps
inst0 ch0:  R_CMD: ACTCMD    R_r0= 0x3a    at time  126323281 ps
inst0 ch0:  R_CMD: ACTCMD    R_f0= 0x22    at time  126323695 ps
inst0 ch0:  R_CMD: ACTCMD    R_r1= 0x00    at time  126324109 ps
inst0 ch0:  R_CMD: ACTCMD    R_f1= 0x00    at time  126324523 ps
inst0 ch0:  R_CMD: ACTCMD    R_r0= 0x1a    at time  126325765 ps
inst0 ch0:  R_CMD: ACTCMD    R_f0= 0x0a    at time  126326179 ps
inst0 ch0:  R_CMD: ACTCMD    R_r1= 0x00    at time  126326593 ps
inst0 ch0:  R_CMD: ACTCMD    R_f1= 0x00    at time  126327007 ps
inst0 ch0:  R_CMD: ACTCMD    R_r0= 0x1a    at time  126327421 ps
inst0 ch0:  R_CMD: ACTCMD    R_f0= 0x22    at time  126327835 ps
inst0 ch0:  R_CMD: ACTCMD    R_r1= 0x00    at time  126328249 ps
inst0 ch0:  R_CMD: ACTCMD    R_f1= 0x00    at time  126328663 ps
inst0 ch0:  R_CMD: ACTCMD    R_r0= 0x3a    at time  126331561 ps
inst0 ch0:  R_CMD: ACTCMD    R_f0= 0x02    at time  126331975 ps
inst0 ch0:  R_CMD: ACTCMD    R_r1= 0x00    at time  126332389 ps
inst0 ch0:  C_CMD: RDCMD     C_r = 0x0b5   at time  126332389 ps
inst0 ch0:  R_CMD: ACTCMD    R_f1= 0x00    at time  126332803 ps
inst0 ch0:  C_CMD: RDCMD     C_f = 0x080   at time  126332803 ps
inst0 ch0:  R_CMD: ACTCMD    R_r0= 0x1a    at time  126335701 ps
inst0 ch0:  C_CMD: RDCMD     C_r = 0x0bd   at time  126335701 ps
inst0 ch0:  R_CMD: ACTCMD    R_f0= 0x02    at time  126336115 ps
inst0 ch0:  C_CMD: RDCMD     C_f = 0x082   at time  126336115 ps
inst0 ch0:  R_CMD: ACTCMD    R_r1= 0x00    at time  126336529 ps
inst0 ch0:  R_CMD: ACTCMD    R_f1= 0x00    at time  126336943 ps
inst0 ch0:  C_CMD: RDCMD     C_r = 0x075   at time  126337357 ps
inst0 ch0:  C_CMD: RDCMD     C_f = 0x080   at time  126337771 ps
inst0 ch0:  C_CMD: RDCMD     C_r = 0x0f5   at time  126338185 ps
inst0 ch0:  C_CMD: RDCMD     C_f = 0x000   at time  126338599 ps
inst0 ch0:  C_CMD: RDCMD     C_r = 0x07d   at time  126340669 ps
inst0 ch0:  C_CMD: RDCMD     C_f = 0x082   at time  126341083 ps
inst0 ch0:  C_CMD: RDCMD     C_r = 0x0fd   at time  126341497 ps
inst0 ch0:  C_CMD: RDCMD     C_f = 0x002   at time  126341911 ps
inst0 ch0:  C_CMD: RDCMD     C_r = 0x035   at time  126342325 ps
inst0 ch0:  C_CMD: RDCMD     C_f = 0x080   at time  126342739 ps
inst0 ch0:  C_CMD: RDCMD     C_r = 0x0b5   at time  126343153 ps
inst0 ch0:  C_CMD: RDCMD     C_f = 0x000   at time  126343567 ps
inst0 ch0:  C_CMD: RDCMD     C_r = 0x03d   at time  126345637 ps
inst0 ch0:  C_CMD: RDCMD     C_f = 0x082   at time  126346051 ps
inst0 ch0:  C_CMD: RDCMD     C_r = 0x0bd   at time  126346465 ps
inst0 ch0:  C_CMD: RDCMD     C_f = 0x002   at time  126346879 ps
inst0 ch0:  C_CMD: RDCMD     C_r = 0x075   at time  126348121 ps
inst0 ch0:  C_CMD: RDCMD     C_f = 0x000   at time  126348535 ps
inst0 ch0:  C_CMD: RDCMD     C_r = 0x035   at time  126350605 ps
inst0 ch0:  C_CMD: RDCMD     C_f = 0x000   at time  126351019 ps
inst0 ch0:  C_CMD: RDCMD     C_r = 0x07d   at time  126352261 ps
inst0 ch0:  C_CMD: RDCMD     C_f = 0x002   at time  126352675 ps
inst0 ch0:  C_CMD: RDCMD     C_r = 0x03d   at time  126353917 ps
inst0 ch0:  C_CMD: RDCMD     C_f = 0x002   at time  126354331 ps
inst0 ch0:  R_CMD: ACTCMD    R_r0= 0x2e    at time  129423313 ps
inst0 ch0:  R_CMD: ACTCMD    R_f0= 0x20    at time  129423727 ps
inst0 ch0:  R_CMD: ACTCMD    R_r1= 0x00    at time  129424141 ps
inst0 ch0:  R_CMD: ACTCMD    R_f1= 0x02    at time  129424555 ps
inst0 ch0:  C_CMD: RDCMD     C_r = 0x0d5   at time  129438217 ps
inst0 ch0:  C_CMD: RDCMD     C_f = 0x021   at time  129438631 ps
inst0 ch0:  C_CMD: RDCMD     C_r = 0x0dd   at time  129441529 ps
inst0 ch0:  C_CMD: RDCMD     C_f = 0x023   at time  129441943 ps
inst0 ch0:  R_CMD: ACTCMD    R_r0= 0x2e    at time  129570697 ps
inst0 ch0:  R_CMD: ACTCMD    R_f0= 0x28    at time  129571111 ps
inst0 ch0:  R_CMD: ACTCMD    R_r1= 0x00    at time  129571525 ps
inst0 ch0:  R_CMD: ACTCMD    R_f1= 0x02    at time  129571939 ps
inst0 ch0:  C_CMD: RDCMD     C_r = 0x0d5   at time  129585601 ps
inst0 ch0:  C_CMD: RDCMD     C_f = 0x0a1   at time  129586015 ps
inst0 ch0:  C_CMD: RDCMD     C_r = 0x0dd   at time  129588913 ps
inst0 ch0:  C_CMD: RDCMD     C_f = 0x0a3   at time  129589327 ps
inst0 ch0:  R_CMD: ACTCMD    R_r0= 0x2e    at time  129718909 ps
inst0 ch0:  R_CMD: ACTCMD    R_f0= 0x20    at time  129719323 ps
inst0 ch0:  R_CMD: ACTCMD    R_r1= 0x00    at time  129719737 ps
inst0 ch0:  R_CMD: ACTCMD    R_f1= 0x02    at time  129720151 ps
inst0 ch0:  C_CMD: RDCMD     C_r = 0x0d5   at time  129733813 ps
inst0 ch0:  C_CMD: RDCMD     C_f = 0x029   at time  129734227 ps
inst0 ch0:  C_CMD: RDCMD     C_r = 0x0dd   at time  129737125 ps
inst0 ch0:  C_CMD: RDCMD     C_f = 0x02b   at time  129737539 ps
inst0 ch0:  R_CMD: ACTCMD    R_r0= 0x2e    at time  129870433 ps
inst0 ch0:  R_CMD: ACTCMD    R_f0= 0x28    at time  129870847 ps
inst0 ch0:  R_CMD: ACTCMD    R_r1= 0x00    at time  129871261 ps
inst0 ch0:  R_CMD: ACTCMD    R_f1= 0x02    at time  129871675 ps
inst0 ch0:  C_CMD: RDCMD     C_r = 0x0d5   at time  129885337 ps
inst0 ch0:  C_CMD: RDCMD     C_f = 0x0a9   at time  129885751 ps
inst0 ch0:  C_CMD: RDCMD     C_r = 0x0dd   at time  129888649 ps
inst0 ch0:  C_CMD: RDCMD     C_f = 0x0ab   at time  129889063 ps
inst0 ch0:  R_CMD: ACTCMD    R_r0= 0x02    at time  130826773 ps
inst0 ch0:  R_CMD: ACTCMD    R_f0= 0x08    at time  130827187 ps
inst0 ch0:  R_CMD: ACTCMD    R_r1= 0x00    at time  130827601 ps
inst0 ch0:  R_CMD: ACTCMD    R_f1= 0x00    at time  130828015 ps
inst0 ch0:  C_CMD: RDCMD     C_r = 0x005   at time  130841677 ps
inst0 ch0:  C_CMD: RDCMD     C_f = 0x098   at time  130842091 ps
inst0 ch0:  C_CMD: RDCMD     C_r = 0x005   at time  130844989 ps
inst0 ch0:  C_CMD: RDCMD     C_f = 0x09a   at time  130845403 ps
inst0 ch0:  C_CMD: RDCMD     C_r = 0x005   at time  130848301 ps
inst0 ch0:  C_CMD: RDCMD     C_f = 0x090   at time  130848715 ps
inst0 ch0:  C_CMD: RDCMD     C_r = 0x005   at time  130851613 ps
inst0 ch0:  C_CMD: RDCMD     C_f = 0x092   at time  130852027 ps
inst0 ch0:  C_CMD: RDCMD     C_r = 0x005   at time  130854925 ps
inst0 ch0:  C_CMD: RDCMD     C_f = 0x088   at time  130855339 ps
inst0 ch0:  C_CMD: RDCMD     C_r = 0x005   at time  130858237 ps
inst0 ch0:  C_CMD: RDCMD     C_f = 0x08a   at time  130858651 ps
inst0 ch0:  C_CMD: RDCMD     C_r = 0x005   at time  130861549 ps
inst0 ch0:  C_CMD: RDCMD     C_f = 0x080   at time  130861963 ps
inst0 ch0:  C_CMD: RDCMD     C_r = 0x00d   at time  130864861 ps
inst0 ch0:  C_CMD: RDCMD     C_f = 0x082   at time  130865275 ps
inst0 ch0:  R_CMD: ACTCMD    R_r0= 0x02    at time  130883905 ps
inst0 ch0:  R_CMD: ACTCMD    R_f0= 0x00    at time  130884319 ps
inst0 ch0:  R_CMD: ACTCMD    R_r1= 0x00    at time  130884733 ps
inst0 ch0:  R_CMD: ACTCMD    R_f1= 0x00    at time  130885147 ps
inst0 ch0:  C_CMD: RDCMD     C_r = 0x005   at time  130898809 ps
inst0 ch0:  C_CMD: RDCMD     C_f = 0x018   at time  130899223 ps
inst0 ch0:  C_CMD: RDCMD     C_r = 0x005   at time  130902121 ps
inst0 ch0:  C_CMD: RDCMD     C_f = 0x01a   at time  130902535 ps
inst0 ch0:  C_CMD: RDCMD     C_r = 0x005   at time  130905433 ps
inst0 ch0:  C_CMD: RDCMD     C_f = 0x010   at time  130905847 ps
inst0 ch0:  C_CMD: RDCMD     C_r = 0x005   at time  130908745 ps
inst0 ch0:  C_CMD: RDCMD     C_f = 0x012   at time  130909159 ps
inst0 ch0:  C_CMD: RDCMD     C_r = 0x005   at time  130912057 ps
inst0 ch0:  C_CMD: RDCMD     C_f = 0x008   at time  130912471 ps
inst0 ch0:  C_CMD: RDCMD     C_r = 0x005   at time  130915369 ps
inst0 ch0:  C_CMD: RDCMD     C_f = 0x00a   at time  130915783 ps
inst0 ch0:  C_CMD: RDCMD     C_r = 0x005   at time  130918681 ps
inst0 ch0:  C_CMD: RDCMD     C_f = 0x000   at time  130919095 ps
inst0 ch0:  C_CMD: RDCMD     C_r = 0x00d   at time  130921993 ps
inst0 ch0:  C_CMD: RDCMD     C_f = 0x002   at time  130922407 ps
inst0 ch0:  R_CMD: ACTCMD    R_r0= 0x0a    at time  131323573 ps
inst0 ch0:  R_CMD: ACTCMD    R_f0= 0x00    at time  131323987 ps
inst0 ch0:  R_CMD: ACTCMD    R_r1= 0x00    at time  131324401 ps
inst0 ch0:  R_CMD: ACTCMD    R_f1= 0x00    at time  131324815 ps
inst0 ch0:  C_CMD: RDCMD     C_r = 0x015   at time  131338477 ps
inst0 ch0:  C_CMD: RDCMD     C_f = 0x018   at time  131338891 ps
inst0 ch0:  C_CMD: RDCMD     C_r = 0x015   at time  131341789 ps
inst0 ch0:  C_CMD: RDCMD     C_f = 0x01a   at time  131342203 ps
inst0 ch0:  C_CMD: RDCMD     C_r = 0x015   at time  131345101 ps
inst0 ch0:  C_CMD: RDCMD     C_f = 0x010   at time  131345515 ps
inst0 ch0:  C_CMD: RDCMD     C_r = 0x015   at time  131348413 ps
inst0 ch0:  C_CMD: RDCMD     C_f = 0x012   at time  131348827 ps
inst0 ch0:  C_CMD: RDCMD     C_r = 0x015   at time  131351725 ps
inst0 ch0:  C_CMD: RDCMD     C_f = 0x008   at time  131352139 ps
inst0 ch0:  C_CMD: RDCMD     C_r = 0x015   at time  131355037 ps
inst0 ch0:  C_CMD: RDCMD     C_f = 0x00a   at time  131355451 ps
inst0 ch0:  C_CMD: RDCMD     C_r = 0x015   at time  131358349 ps
inst0 ch0:  C_CMD: RDCMD     C_f = 0x000   at time  131358763 ps
inst0 ch0:  C_CMD: RDCMD     C_r = 0x01d   at time  131361661 ps
inst0 ch0:  C_CMD: RDCMD     C_f = 0x002   at time  131362075 ps
inst0 ch0:  R_CMD: ACTCMD    R_r0= 0x0a    at time  131373253 ps
inst0 ch0:  R_CMD: ACTCMD    R_f0= 0x08    at time  131373667 ps
inst0 ch0:  R_CMD: ACTCMD    R_r1= 0x00    at time  131374081 ps
inst0 ch0:  R_CMD: ACTCMD    R_f1= 0x00    at time  131374495 ps
inst0 ch0:  C_CMD: RDCMD     C_r = 0x015   at time  131388157 ps
inst0 ch0:  C_CMD: RDCMD     C_f = 0x098   at time  131388571 ps
inst0 ch0:  C_CMD: RDCMD     C_r = 0x015   at time  131391469 ps
inst0 ch0:  C_CMD: RDCMD     C_f = 0x09a   at time  131391883 ps
inst0 ch0:  C_CMD: RDCMD     C_r = 0x015   at time  131394781 ps
inst0 ch0:  C_CMD: RDCMD     C_f = 0x090   at time  131395195 ps
inst0 ch0:  C_CMD: RDCMD     C_r = 0x015   at time  131398093 ps
inst0 ch0:  C_CMD: RDCMD     C_f = 0x092   at time  131398507 ps
inst0 ch0:  C_CMD: RDCMD     C_r = 0x015   at time  131401405 ps
inst0 ch0:  C_CMD: RDCMD     C_f = 0x088   at time  131401819 ps
inst0 ch0:  C_CMD: RDCMD     C_r = 0x015   at time  131404717 ps
inst0 ch0:  C_CMD: RDCMD     C_f = 0x08a   at time  131405131 ps
inst0 ch0:  C_CMD: RDCMD     C_r = 0x015   at time  131408029 ps
inst0 ch0:  C_CMD: RDCMD     C_f = 0x080   at time  131408443 ps
inst0 ch0:  C_CMD: RDCMD     C_r = 0x01d   at time  131411341 ps
inst0 ch0:  C_CMD: RDCMD     C_f = 0x082   at time  131411755 ps
inst0 ch0:  R_CMD: ACTCMD    R_r0= 0x02    at time  133964065 ps
inst0 ch0:  R_CMD: ACTCMD    R_f0= 0x13    at time  133964479 ps
inst0 ch0:  R_CMD: ACTCMD    R_r1= 0x3f    at time  133964893 ps
inst0 ch0:  R_CMD: ACTCMD    R_f1= 0x3b    at time  133965307 ps
inst0 ch0:  R_CMD: ACTCMD    R_r0= 0x02    at time  133965721 ps
inst0 ch0:  R_CMD: ACTCMD    R_f0= 0x1b    at time  133966135 ps
inst0 ch0:  R_CMD: ACTCMD    R_r1= 0x3f    at time  133966549 ps
inst0 ch0:  R_CMD: ACTCMD    R_f1= 0x3b    at time  133966963 ps
inst0 ch0:  C_CMD: RDCMD     C_r = 0x005   at time  133978969 ps
inst0 ch0:  C_CMD: RDCMD     C_f = 0x000   at time  133979383 ps
inst0 ch0:  C_CMD: RDCMD     C_r = 0x005   at time  133980625 ps
inst0 ch0:  C_CMD: RDCMD     C_f = 0x080   at time  133981039 ps
inst0 ch0:  C_CMD: RDCMD     C_r = 0x00d   at time  133982281 ps
inst0 ch0:  C_CMD: RDCMD     C_f = 0x002   at time  133982695 ps
inst0 ch0:  C_CMD: RDCMD     C_r = 0x00d   at time  133983937 ps
inst0 ch0:  C_CMD: RDCMD     C_f = 0x082   at time  133984351 ps
inst0 ch0:  R_CMD: ACTCMD    R_r0= 0x02    at time  134034445 ps
inst0 ch0:  R_CMD: ACTCMD    R_f0= 0x13    at time  134034859 ps
inst0 ch0:  R_CMD: ACTCMD    R_r1= 0x3f    at time  134035273 ps
inst0 ch0:  R_CMD: ACTCMD    R_f1= 0x3b    at time  134035687 ps
inst0 ch0:  R_CMD: ACTCMD    R_r0= 0x02    at time  134036929 ps
inst0 ch0:  R_CMD: ACTCMD    R_f0= 0x1b    at time  134037343 ps
inst0 ch0:  R_CMD: ACTCMD    R_r1= 0x3f    at time  134037757 ps
inst0 ch0:  R_CMD: ACTCMD    R_f1= 0x3b    at time  134038171 ps
inst0 ch0:  C_CMD: WRCMD     C_r = 0x001   at time  134045209 ps
inst0 ch0:  C_CMD: WRCMD     C_f = 0x000   at time  134045623 ps
inst0 ch0:  C_CMD: WRCMD     C_r = 0x001   at time  134047693 ps
inst0 ch0:  C_CMD: WRCMD     C_f = 0x080   at time  134048107 ps
inst0 ch0:  C_CMD: WRCMD     C_r = 0x009   at time  134048521 ps
inst0 ch0:  C_CMD: WRCMD     C_f = 0x002   at time  134048935 ps
inst0 ch0:  C_CMD: WRCMD     C_r = 0x009   at time  134051005 ps
inst0 ch0:  C_CMD: WRCMD     C_f = 0x082   at time  134051419 ps
inst0 ch0:  R_CMD: ACTCMD    R_r0= 0x0a    at time  138289537 ps
inst0 ch0:  R_CMD: ACTCMD    R_f0= 0x13    at time  138289951 ps
inst0 ch0:  R_CMD: ACTCMD    R_r1= 0x3f    at time  138290365 ps
inst0 ch0:  R_CMD: ACTCMD    R_f1= 0x3b    at time  138290779 ps
inst0 ch0:  R_CMD: ACTCMD    R_r0= 0x0a    at time  138292021 ps
inst0 ch0:  R_CMD: ACTCMD    R_f0= 0x1b    at time  138292435 ps
inst0 ch0:  R_CMD: ACTCMD    R_r1= 0x3f    at time  138292849 ps
inst0 ch0:  R_CMD: ACTCMD    R_f1= 0x3b    at time  138293263 ps
inst0 ch0:  C_CMD: RDCMD     C_r = 0x015   at time  138304441 ps
inst0 ch0:  C_CMD: RDCMD     C_f = 0x010   at time  138304855 ps
inst0 ch0:  C_CMD: RDCMD     C_r = 0x015   at time  138306925 ps
inst0 ch0:  C_CMD: RDCMD     C_f = 0x090   at time  138307339 ps
inst0 ch0:  C_CMD: RDCMD     C_r = 0x01d   at time  138307753 ps
inst0 ch0:  C_CMD: RDCMD     C_f = 0x012   at time  138308167 ps
inst0 ch0:  C_CMD: RDCMD     C_r = 0x01d   at time  138310237 ps
inst0 ch0:  C_CMD: RDCMD     C_f = 0x092   at time  138310651 ps
inst0 ch0:  R_CMD: ACTCMD    R_r0= 0x0a    at time  138526345 ps
inst0 ch0:  R_CMD: ACTCMD    R_f0= 0x13    at time  138526759 ps
inst0 ch0:  R_CMD: ACTCMD    R_r1= 0x3f    at time  138527173 ps
inst0 ch0:  R_CMD: ACTCMD    R_f1= 0x3b    at time  138527587 ps
inst0 ch0:  R_CMD: ACTCMD    R_r0= 0x0a    at time  138528001 ps
inst0 ch0:  R_CMD: ACTCMD    R_f0= 0x1b    at time  138528415 ps
inst0 ch0:  R_CMD: ACTCMD    R_r1= 0x3f    at time  138528829 ps
inst0 ch0:  R_CMD: ACTCMD    R_f1= 0x3b    at time  138529243 ps
inst0 ch0:  C_CMD: WRCMD     C_r = 0x011   at time  138537109 ps
inst0 ch0:  C_CMD: WRCMD     C_f = 0x010   at time  138537523 ps
inst0 ch0:  C_CMD: WRCMD     C_r = 0x011   at time  138538765 ps
inst0 ch0:  C_CMD: WRCMD     C_f = 0x090   at time  138539179 ps
inst0 ch0:  C_CMD: WRCMD     C_r = 0x019   at time  138540421 ps
inst0 ch0:  C_CMD: WRCMD     C_f = 0x012   at time  138540835 ps
inst0 ch0:  C_CMD: WRCMD     C_r = 0x019   at time  138542077 ps
inst0 ch0:  C_CMD: WRCMD     C_f = 0x092   at time  138542491 ps
inst0 ch0:  R_CMD: ACTCMD    R_r0= 0x0a    at time  142360813 ps
inst0 ch0:  R_CMD: ACTCMD    R_f0= 0x00    at time  142361227 ps
inst0 ch0:  R_CMD: ACTCMD    R_r1= 0x00    at time  142361641 ps
inst0 ch0:  R_CMD: ACTCMD    R_f1= 0x00    at time  142362055 ps
inst0 ch0:  R_CMD: ACTCMD    R_r0= 0x0a    at time  142363297 ps
inst0 ch0:  R_CMD: ACTCMD    R_f0= 0x08    at time  142363711 ps
inst0 ch0:  R_CMD: ACTCMD    R_r1= 0x00    at time  142364125 ps
inst0 ch0:  R_CMD: ACTCMD    R_f1= 0x00    at time  142364539 ps
inst0 ch0:  C_CMD: RDCMD     C_r = 0x015   at time  142375717 ps
inst0 ch0:  C_CMD: RDCMD     C_f = 0x028   at time  142376131 ps
inst0 ch0:  C_CMD: RDCMD     C_r = 0x015   at time  142378201 ps
inst0 ch0:  C_CMD: RDCMD     C_f = 0x0a8   at time  142378615 ps
inst0 ch0:  C_CMD: RDCMD     C_r = 0x015   at time  142379029 ps
inst0 ch0:  C_CMD: RDCMD     C_f = 0x02a   at time  142379443 ps
inst0 ch0:  C_CMD: RDCMD     C_r = 0x015   at time  142381513 ps
inst0 ch0:  C_CMD: RDCMD     C_f = 0x0aa   at time  142381927 ps
inst0 ch0:  C_CMD: RDCMD     C_r = 0x015   at time  142382341 ps
inst0 ch0:  C_CMD: RDCMD     C_f = 0x020   at time  142382755 ps
inst0 ch0:  C_CMD: RDCMD     C_r = 0x015   at time  142384825 ps
inst0 ch0:  C_CMD: RDCMD     C_f = 0x0a0   at time  142385239 ps
inst0 ch0:  C_CMD: RDCMD     C_r = 0x01d   at time  142385653 ps
inst0 ch0:  C_CMD: RDCMD     C_f = 0x022   at time  142386067 ps
inst0 ch0:  C_CMD: RDCMD     C_r = 0x01d   at time  142388137 ps
inst0 ch0:  C_CMD: RDCMD     C_f = 0x0a2   at time  142388551 ps
inst0 ch0:  R_CMD: ACTCMD    R_r0= 0x0a    at time  142431193 ps
inst0 ch0:  R_CMD: ACTCMD    R_f0= 0x00    at time  142431607 ps
inst0 ch0:  R_CMD: ACTCMD    R_r1= 0x00    at time  142432021 ps
inst0 ch0:  R_CMD: ACTCMD    R_f1= 0x00    at time  142432435 ps
inst0 ch0:  R_CMD: ACTCMD    R_r0= 0x0a    at time  142433677 ps
inst0 ch0:  R_CMD: ACTCMD    R_f0= 0x08    at time  142434091 ps
inst0 ch0:  R_CMD: ACTCMD    R_r1= 0x00    at time  142434505 ps
inst0 ch0:  R_CMD: ACTCMD    R_f1= 0x00    at time  142434919 ps
inst0 ch0:  C_CMD: WRCMD     C_r = 0x011   at time  142441957 ps
inst0 ch0:  C_CMD: WRCMD     C_f = 0x028   at time  142442371 ps
inst0 ch0:  C_CMD: WRCMD     C_r = 0x011   at time  142444441 ps
inst0 ch0:  C_CMD: WRCMD     C_f = 0x0a8   at time  142444855 ps
inst0 ch0:  C_CMD: WRCMD     C_r = 0x011   at time  142445269 ps
inst0 ch0:  C_CMD: WRCMD     C_f = 0x02a   at time  142445683 ps
inst0 ch0:  C_CMD: WRCMD     C_r = 0x011   at time  142447753 ps
inst0 ch0:  C_CMD: WRCMD     C_f = 0x0aa   at time  142448167 ps
inst0 ch0:  C_CMD: WRCMD     C_r = 0x011   at time  142448581 ps
inst0 ch0:  C_CMD: WRCMD     C_f = 0x020   at time  142448995 ps
inst0 ch0:  C_CMD: WRCMD     C_r = 0x011   at time  142451065 ps
inst0 ch0:  C_CMD: WRCMD     C_f = 0x0a0   at time  142451479 ps
inst0 ch0:  C_CMD: WRCMD     C_r = 0x019   at time  142451893 ps
inst0 ch0:  C_CMD: WRCMD     C_f = 0x022   at time  142452307 ps
inst0 ch0:  C_CMD: WRCMD     C_r = 0x019   at time  142454377 ps
inst0 ch0:  C_CMD: WRCMD     C_f = 0x0a2   at time  142454791 ps
inst0 ch0:  R_CMD: ACTCMD    R_r0= 0x02    at time  146178721 ps
inst0 ch0:  R_CMD: ACTCMD    R_f0= 0x10    at time  146179135 ps
inst0 ch0:  R_CMD: ACTCMD    R_r1= 0x3f    at time  146179549 ps
inst0 ch0:  R_CMD: ACTCMD    R_f1= 0x3b    at time  146179963 ps
inst0 ch0:  R_CMD: ACTCMD    R_r0= 0x02    at time  146180377 ps
inst0 ch0:  R_CMD: ACTCMD    R_f0= 0x18    at time  146180791 ps
inst0 ch0:  R_CMD: ACTCMD    R_r1= 0x3f    at time  146181205 ps
inst0 ch0:  R_CMD: ACTCMD    R_f1= 0x3b    at time  146181619 ps
inst0 ch0:  C_CMD: RDCMD     C_r = 0x005   at time  146193625 ps
inst0 ch0:  C_CMD: RDCMD     C_f = 0x078   at time  146194039 ps
inst0 ch0:  C_CMD: RDCMD     C_r = 0x005   at time  146195281 ps
inst0 ch0:  C_CMD: RDCMD     C_f = 0x0f8   at time  146195695 ps
inst0 ch0:  C_CMD: RDCMD     C_r = 0x00d   at time  146196937 ps
inst0 ch0:  C_CMD: RDCMD     C_f = 0x07a   at time  146197351 ps
inst0 ch0:  C_CMD: RDCMD     C_r = 0x00d   at time  146198593 ps
inst0 ch0:  C_CMD: RDCMD     C_f = 0x0fa   at time  146199007 ps
inst0 ch0:  R_CMD: ACTCMD    R_r0= 0x02    at time  146225917 ps
inst0 ch0:  R_CMD: ACTCMD    R_f0= 0x11    at time  146226331 ps
inst0 ch0:  R_CMD: ACTCMD    R_r1= 0x3f    at time  146226745 ps
inst0 ch0:  R_CMD: ACTCMD    R_f1= 0x3b    at time  146227159 ps
inst0 ch0:  R_CMD: ACTCMD    R_r0= 0x02    at time  146227573 ps
inst0 ch0:  R_CMD: ACTCMD    R_f0= 0x19    at time  146227987 ps
inst0 ch0:  R_CMD: ACTCMD    R_r1= 0x3f    at time  146228401 ps
inst0 ch0:  R_CMD: ACTCMD    R_f1= 0x3b    at time  146228815 ps
inst0 ch0:  C_CMD: RDCMD     C_r = 0x005   at time  146240821 ps
inst0 ch0:  C_CMD: RDCMD     C_f = 0x078   at time  146241235 ps
inst0 ch0:  C_CMD: RDCMD     C_r = 0x005   at time  146242477 ps
inst0 ch0:  C_CMD: RDCMD     C_f = 0x0f8   at time  146242891 ps
inst0 ch0:  C_CMD: RDCMD     C_r = 0x00d   at time  146244133 ps
inst0 ch0:  C_CMD: RDCMD     C_f = 0x07a   at time  146244547 ps
inst0 ch0:  C_CMD: RDCMD     C_r = 0x00d   at time  146245789 ps
inst0 ch0:  C_CMD: RDCMD     C_f = 0x0fa   at time  146246203 ps
inst0 ch0:  R_CMD: ACTCMD    R_r0= 0x02    at time  146273113 ps
inst0 ch0:  R_CMD: ACTCMD    R_f0= 0x10    at time  146273527 ps
inst0 ch0:  R_CMD: ACTCMD    R_r1= 0x3f    at time  146273941 ps
inst0 ch0:  R_CMD: ACTCMD    R_f1= 0x3b    at time  146274355 ps
inst0 ch0:  R_CMD: ACTCMD    R_r0= 0x02    at time  146274769 ps
inst0 ch0:  R_CMD: ACTCMD    R_f0= 0x18    at time  146275183 ps
inst0 ch0:  R_CMD: ACTCMD    R_r1= 0x3f    at time  146275597 ps
inst0 ch0:  R_CMD: ACTCMD    R_f1= 0x3b    at time  146276011 ps
inst0 ch0:  C_CMD: WRCMD     C_r = 0x001   at time  146283877 ps
inst0 ch0:  C_CMD: WRCMD     C_f = 0x078   at time  146284291 ps
inst0 ch0:  C_CMD: WRCMD     C_r = 0x001   at time  146285533 ps
inst0 ch0:  C_CMD: WRCMD     C_f = 0x0f8   at time  146285947 ps
inst0 ch0:  C_CMD: WRCMD     C_r = 0x009   at time  146287189 ps
inst0 ch0:  C_CMD: WRCMD     C_f = 0x07a   at time  146287603 ps
inst0 ch0:  C_CMD: WRCMD     C_r = 0x009   at time  146288845 ps
inst0 ch0:  C_CMD: WRCMD     C_f = 0x0fa   at time  146289259 ps
inst0 ch0:  R_CMD: ACTCMD    R_r0= 0x02    at time  146325277 ps
inst0 ch0:  R_CMD: ACTCMD    R_f0= 0x11    at time  146325691 ps
inst0 ch0:  R_CMD: ACTCMD    R_r1= 0x3f    at time  146326105 ps
inst0 ch0:  R_CMD: ACTCMD    R_f1= 0x3b    at time  146326519 ps
inst0 ch0:  R_CMD: ACTCMD    R_r0= 0x02    at time  146326933 ps
inst0 ch0:  R_CMD: ACTCMD    R_f0= 0x19    at time  146327347 ps
inst0 ch0:  R_CMD: ACTCMD    R_r1= 0x3f    at time  146327761 ps
inst0 ch0:  R_CMD: ACTCMD    R_f1= 0x3b    at time  146328175 ps
inst0 ch0:  C_CMD: WRCMD     C_r = 0x001   at time  146336041 ps
inst0 ch0:  C_CMD: WRCMD     C_f = 0x078   at time  146336455 ps
inst0 ch0:  C_CMD: WRCMD     C_r = 0x001   at time  146337697 ps
inst0 ch0:  C_CMD: WRCMD     C_f = 0x0f8   at time  146338111 ps
inst0 ch0:  C_CMD: WRCMD     C_r = 0x009   at time  146339353 ps
inst0 ch0:  C_CMD: WRCMD     C_f = 0x07a   at time  146339767 ps
inst0 ch0:  C_CMD: WRCMD     C_r = 0x009   at time  146341009 ps
inst0 ch0:  C_CMD: WRCMD     C_f = 0x0fa   at time  146341423 ps
inst0 ch0:  R_CMD: ACTCMD    R_r0= 0x0a    at time  146434573 ps
inst0 ch0:  R_CMD: ACTCMD    R_f0= 0x18    at time  146434987 ps
inst0 ch0:  R_CMD: ACTCMD    R_r1= 0x3f    at time  146435401 ps
inst0 ch0:  R_CMD: ACTCMD    R_f1= 0x3b    at time  146435815 ps
inst0 ch0:  C_CMD: RDCMD     C_r = 0x015   at time  146449477 ps
inst0 ch0:  C_CMD: RDCMD     C_f = 0x0f8   at time  146449891 ps
inst0 ch0:  C_CMD: RDCMD     C_r = 0x01d   at time  146452789 ps
inst0 ch0:  C_CMD: RDCMD     C_f = 0x0fa   at time  146453203 ps
inst0 ch0:  R_CMD: ACTCMD    R_r0= 0x0a    at time  146456101 ps
inst0 ch0:  R_CMD: ACTCMD    R_f0= 0x10    at time  146456515 ps
inst0 ch0:  R_CMD: ACTCMD    R_r1= 0x3f    at time  146456929 ps
inst0 ch0:  R_CMD: ACTCMD    R_f1= 0x3b    at time  146457343 ps
inst0 ch0:  C_CMD: RDCMD     C_r = 0x015   at time  146471005 ps
inst0 ch0:  C_CMD: RDCMD     C_f = 0x078   at time  146471419 ps
inst0 ch0:  C_CMD: RDCMD     C_r = 0x01d   at time  146474317 ps
inst0 ch0:  C_CMD: RDCMD     C_f = 0x07a   at time  146474731 ps
inst0 ch0:  R_CMD: ACTCMD    R_r0= 0x0a    at time  146481769 ps
inst0 ch0:  R_CMD: ACTCMD    R_f0= 0x08    at time  146482183 ps
inst0 ch0:  R_CMD: ACTCMD    R_r1= 0x00    at time  146482597 ps
inst0 ch0:  R_CMD: ACTCMD    R_f1= 0x00    at time  146483011 ps
inst0 ch0:  C_CMD: RDCMD     C_r = 0x015   at time  146496673 ps
inst0 ch0:  C_CMD: RDCMD     C_f = 0x0b8   at time  146497087 ps
inst0 ch0:  C_CMD: RDCMD     C_r = 0x015   at time  146499985 ps
inst0 ch0:  C_CMD: RDCMD     C_f = 0x0ba   at time  146500399 ps
inst0 ch0:  R_CMD: ACTCMD    R_r0= 0x0a    at time  146503297 ps
inst0 ch0:  C_CMD: RDCMD     C_r = 0x015   at time  146503297 ps
inst0 ch0:  R_CMD: ACTCMD    R_f0= 0x00    at time  146503711 ps
inst0 ch0:  C_CMD: RDCMD     C_f = 0x0b0   at time  146503711 ps
inst0 ch0:  R_CMD: ACTCMD    R_r1= 0x00    at time  146504125 ps
inst0 ch0:  R_CMD: ACTCMD    R_f1= 0x00    at time  146504539 ps
inst0 ch0:  C_CMD: RDCMD     C_r = 0x01d   at time  146506609 ps
inst0 ch0:  C_CMD: RDCMD     C_f = 0x0b2   at time  146507023 ps
inst0 ch0:  C_CMD: RDCMD     C_r = 0x015   at time  146518201 ps
inst0 ch0:  C_CMD: RDCMD     C_f = 0x038   at time  146518615 ps
inst0 ch0:  C_CMD: RDCMD     C_r = 0x015   at time  146521513 ps
inst0 ch0:  C_CMD: RDCMD     C_f = 0x03a   at time  146521927 ps
inst0 ch0:  C_CMD: RDCMD     C_r = 0x015   at time  146524825 ps
inst0 ch0:  C_CMD: RDCMD     C_f = 0x030   at time  146525239 ps
inst0 ch0:  C_CMD: RDCMD     C_r = 0x01d   at time  146528137 ps
inst0 ch0:  C_CMD: RDCMD     C_f = 0x032   at time  146528551 ps
inst0 ch0:  R_CMD: ACTCMD    R_r0= 0x0a    at time  146528965 ps
inst0 ch0:  R_CMD: ACTCMD    R_f0= 0x19    at time  146529379 ps
inst0 ch0:  R_CMD: ACTCMD    R_r1= 0x3f    at time  146529793 ps
inst0 ch0:  R_CMD: ACTCMD    R_f1= 0x3b    at time  146530207 ps
inst0 ch0:  C_CMD: RDCMD     C_r = 0x015   at time  146543869 ps
inst0 ch0:  C_CMD: RDCMD     C_f = 0x0f8   at time  146544283 ps
inst0 ch0:  C_CMD: RDCMD     C_r = 0x01d   at time  146547181 ps
inst0 ch0:  C_CMD: RDCMD     C_f = 0x0fa   at time  146547595 ps
inst0 ch0:  R_CMD: ACTCMD    R_r0= 0x0a    at time  146550493 ps
inst0 ch0:  R_CMD: ACTCMD    R_f0= 0x11    at time  146550907 ps
inst0 ch0:  R_CMD: ACTCMD    R_r1= 0x3f    at time  146551321 ps
inst0 ch0:  R_CMD: ACTCMD    R_f1= 0x3b    at time  146551735 ps
inst0 ch0:  C_CMD: RDCMD     C_r = 0x015   at time  146565397 ps
inst0 ch0:  C_CMD: RDCMD     C_f = 0x078   at time  146565811 ps
inst0 ch0:  C_CMD: RDCMD     C_r = 0x01d   at time  146568709 ps
inst0 ch0:  C_CMD: RDCMD     C_f = 0x07a   at time  146569123 ps
inst0 ch0:  R_CMD: ACTCMD    R_r0= 0x0a    at time  146576161 ps
inst0 ch0:  R_CMD: ACTCMD    R_f0= 0x18    at time  146576575 ps
inst0 ch0:  R_CMD: ACTCMD    R_r1= 0x3f    at time  146576989 ps
inst0 ch0:  R_CMD: ACTCMD    R_f1= 0x3b    at time  146577403 ps
inst0 ch0:  C_CMD: WRCMD     C_r = 0x011   at time  146586925 ps
inst0 ch0:  C_CMD: WRCMD     C_f = 0x0f8   at time  146587339 ps
inst0 ch0:  C_CMD: WRCMD     C_r = 0x019   at time  146590237 ps
inst0 ch0:  C_CMD: WRCMD     C_f = 0x0fa   at time  146590651 ps
inst0 ch0:  R_CMD: ACTCMD    R_r0= 0x0a    at time  146597689 ps
inst0 ch0:  R_CMD: ACTCMD    R_f0= 0x10    at time  146598103 ps
inst0 ch0:  R_CMD: ACTCMD    R_r1= 0x3f    at time  146598517 ps
inst0 ch0:  R_CMD: ACTCMD    R_f1= 0x3b    at time  146598931 ps
inst0 ch0:  C_CMD: WRCMD     C_r = 0x011   at time  146608453 ps
inst0 ch0:  C_CMD: WRCMD     C_f = 0x078   at time  146608867 ps
inst0 ch0:  C_CMD: WRCMD     C_r = 0x019   at time  146611765 ps
inst0 ch0:  C_CMD: WRCMD     C_f = 0x07a   at time  146612179 ps
inst0 ch0:  R_CMD: ACTCMD    R_r0= 0x0a    at time  146628325 ps
inst0 ch0:  R_CMD: ACTCMD    R_f0= 0x08    at time  146628739 ps
inst0 ch0:  R_CMD: ACTCMD    R_r1= 0x00    at time  146629153 ps
inst0 ch0:  R_CMD: ACTCMD    R_f1= 0x00    at time  146629567 ps
inst0 ch0:  C_CMD: WRCMD     C_r = 0x011   at time  146639089 ps
inst0 ch0:  C_CMD: WRCMD     C_f = 0x0b8   at time  146639503 ps
inst0 ch0:  C_CMD: WRCMD     C_r = 0x011   at time  146642401 ps
inst0 ch0:  C_CMD: WRCMD     C_f = 0x0ba   at time  146642815 ps
inst0 ch0:  C_CMD: WRCMD     C_r = 0x011   at time  146645713 ps
inst0 ch0:  C_CMD: WRCMD     C_f = 0x0b0   at time  146646127 ps
inst0 ch0:  C_CMD: WRCMD     C_r = 0x019   at time  146649025 ps
inst0 ch0:  C_CMD: WRCMD     C_f = 0x0b2   at time  146649439 ps
inst0 ch0:  R_CMD: ACTCMD    R_r0= 0x0a    at time  146649853 ps
inst0 ch0:  R_CMD: ACTCMD    R_f0= 0x00    at time  146650267 ps
inst0 ch0:  R_CMD: ACTCMD    R_r1= 0x00    at time  146650681 ps
inst0 ch0:  R_CMD: ACTCMD    R_f1= 0x00    at time  146651095 ps
inst0 ch0:  C_CMD: WRCMD     C_r = 0x011   at time  146660617 ps
inst0 ch0:  C_CMD: WRCMD     C_f = 0x038   at time  146661031 ps
inst0 ch0:  C_CMD: WRCMD     C_r = 0x011   at time  146663929 ps
inst0 ch0:  C_CMD: WRCMD     C_f = 0x03a   at time  146664343 ps
inst0 ch0:  C_CMD: WRCMD     C_r = 0x011   at time  146667241 ps
inst0 ch0:  C_CMD: WRCMD     C_f = 0x030   at time  146667655 ps
inst0 ch0:  C_CMD: WRCMD     C_r = 0x019   at time  146670553 ps
inst0 ch0:  C_CMD: WRCMD     C_f = 0x032   at time  146670967 ps
inst0 ch0:  R_CMD: ACTCMD    R_r0= 0x0a    at time  146687113 ps
inst0 ch0:  R_CMD: ACTCMD    R_f0= 0x19    at time  146687527 ps
inst0 ch0:  R_CMD: ACTCMD    R_r1= 0x3f    at time  146687941 ps
inst0 ch0:  R_CMD: ACTCMD    R_f1= 0x3b    at time  146688355 ps
inst0 ch0:  C_CMD: WRCMD     C_r = 0x011   at time  146697877 ps
inst0 ch0:  C_CMD: WRCMD     C_f = 0x0f8   at time  146698291 ps
inst0 ch0:  C_CMD: WRCMD     C_r = 0x019   at time  146701189 ps
inst0 ch0:  C_CMD: WRCMD     C_f = 0x0fa   at time  146701603 ps
inst0 ch0:  R_CMD: ACTCMD    R_r0= 0x0a    at time  146708641 ps
inst0 ch0:  R_CMD: ACTCMD    R_f0= 0x11    at time  146709055 ps
inst0 ch0:  R_CMD: ACTCMD    R_r1= 0x3f    at time  146709469 ps
inst0 ch0:  R_CMD: ACTCMD    R_f1= 0x3b    at time  146709883 ps
inst0 ch0:  C_CMD: WRCMD     C_r = 0x011   at time  146719405 ps
inst0 ch0:  C_CMD: WRCMD     C_f = 0x078   at time  146719819 ps
inst0 ch0:  C_CMD: WRCMD     C_r = 0x019   at time  146722717 ps
inst0 ch0:  C_CMD: WRCMD     C_f = 0x07a   at time  146723131 ps
inst0 ch0:  R_CMD: ACTCMD    R_r0= 0x02    at time  147195505 ps
inst0 ch0:  R_CMD: ACTCMD    R_f0= 0x38    at time  147195919 ps
inst0 ch0:  R_CMD: ACTCMD    R_r1= 0x3f    at time  147196333 ps
inst0 ch0:  R_CMD: ACTCMD    R_f1= 0x3b    at time  147196747 ps
inst0 ch0:  R_CMD: ACTCMD    R_r0= 0x02    at time  147197989 ps
inst0 ch0:  R_CMD: ACTCMD    R_f0= 0x30    at time  147198403 ps
inst0 ch0:  R_CMD: ACTCMD    R_r1= 0x3f    at time  147198817 ps
inst0 ch0:  R_CMD: ACTCMD    R_f1= 0x3b    at time  147199231 ps
inst0 ch0:  C_CMD: RDCMD     C_r = 0x085   at time  147210409 ps
inst0 ch0:  C_CMD: RDCMD     C_f = 0x0f8   at time  147210823 ps
inst0 ch0:  C_CMD: RDCMD     C_r = 0x085   at time  147212893 ps
inst0 ch0:  C_CMD: RDCMD     C_f = 0x078   at time  147213307 ps
inst0 ch0:  C_CMD: RDCMD     C_r = 0x08d   at time  147213721 ps
inst0 ch0:  C_CMD: RDCMD     C_f = 0x0fa   at time  147214135 ps
inst0 ch0:  C_CMD: RDCMD     C_r = 0x08d   at time  147216205 ps
inst0 ch0:  C_CMD: RDCMD     C_f = 0x07a   at time  147216619 ps
inst0 ch0:  R_CMD: ACTCMD    R_r0= 0x02    at time  147265885 ps
inst0 ch0:  R_CMD: ACTCMD    R_f0= 0x38    at time  147266299 ps
inst0 ch0:  R_CMD: ACTCMD    R_r1= 0x3f    at time  147266713 ps
inst0 ch0:  R_CMD: ACTCMD    R_f1= 0x3b    at time  147267127 ps
inst0 ch0:  R_CMD: ACTCMD    R_r0= 0x02    at time  147268369 ps
inst0 ch0:  R_CMD: ACTCMD    R_f0= 0x30    at time  147268783 ps
inst0 ch0:  R_CMD: ACTCMD    R_r1= 0x3f    at time  147269197 ps
inst0 ch0:  R_CMD: ACTCMD    R_f1= 0x3b    at time  147269611 ps
inst0 ch0:  C_CMD: WRCMD     C_r = 0x081   at time  147276649 ps
inst0 ch0:  C_CMD: WRCMD     C_f = 0x0f8   at time  147277063 ps
inst0 ch0:  C_CMD: WRCMD     C_r = 0x081   at time  147279133 ps
inst0 ch0:  C_CMD: WRCMD     C_f = 0x078   at time  147279547 ps
inst0 ch0:  C_CMD: WRCMD     C_r = 0x089   at time  147279961 ps
inst0 ch0:  C_CMD: WRCMD     C_f = 0x0fa   at time  147280375 ps
inst0 ch0:  C_CMD: WRCMD     C_r = 0x089   at time  147282445 ps
inst0 ch0:  C_CMD: WRCMD     C_f = 0x07a   at time  147282859 ps
inst0 ch0:  R_CMD: ACTCMD    R_r0= 0x0a    at time  147449701 ps
inst0 ch0:  R_CMD: ACTCMD    R_f0= 0x38    at time  147450115 ps
inst0 ch0:  R_CMD: ACTCMD    R_r1= 0x3f    at time  147450529 ps
inst0 ch0:  R_CMD: ACTCMD    R_f1= 0x3b    at time  147450943 ps
inst0 ch0:  R_CMD: ACTCMD    R_r0= 0x0a    at time  147452185 ps
inst0 ch0:  R_CMD: ACTCMD    R_f0= 0x30    at time  147452599 ps
inst0 ch0:  R_CMD: ACTCMD    R_r1= 0x3f    at time  147453013 ps
inst0 ch0:  R_CMD: ACTCMD    R_f1= 0x3b    at time  147453427 ps
inst0 ch0:  C_CMD: RDCMD     C_r = 0x095   at time  147464605 ps
inst0 ch0:  C_CMD: RDCMD     C_f = 0x0f8   at time  147465019 ps
inst0 ch0:  C_CMD: RDCMD     C_r = 0x095   at time  147467089 ps
inst0 ch0:  C_CMD: RDCMD     C_f = 0x078   at time  147467503 ps
inst0 ch0:  C_CMD: RDCMD     C_r = 0x09d   at time  147467917 ps
inst0 ch0:  C_CMD: RDCMD     C_f = 0x0fa   at time  147468331 ps
inst0 ch0:  C_CMD: RDCMD     C_r = 0x09d   at time  147470401 ps
inst0 ch0:  C_CMD: RDCMD     C_f = 0x07a   at time  147470815 ps
inst0 ch0:  R_CMD: ACTCMD    R_r0= 0x0a    at time  147520081 ps
inst0 ch0:  R_CMD: ACTCMD    R_f0= 0x38    at time  147520495 ps
inst0 ch0:  R_CMD: ACTCMD    R_r1= 0x3f    at time  147520909 ps
inst0 ch0:  R_CMD: ACTCMD    R_f1= 0x3b    at time  147521323 ps
inst0 ch0:  R_CMD: ACTCMD    R_r0= 0x0a    at time  147522565 ps
inst0 ch0:  R_CMD: ACTCMD    R_f0= 0x30    at time  147522979 ps
inst0 ch0:  R_CMD: ACTCMD    R_r1= 0x3f    at time  147523393 ps
inst0 ch0:  R_CMD: ACTCMD    R_f1= 0x3b    at time  147523807 ps
inst0 ch0:  C_CMD: WRCMD     C_r = 0x091   at time  147530845 ps
inst0 ch0:  C_CMD: WRCMD     C_f = 0x0f8   at time  147531259 ps
inst0 ch0:  C_CMD: WRCMD     C_r = 0x091   at time  147533329 ps
inst0 ch0:  C_CMD: WRCMD     C_f = 0x078   at time  147533743 ps
inst0 ch0:  C_CMD: WRCMD     C_r = 0x099   at time  147534157 ps
inst0 ch0:  C_CMD: WRCMD     C_f = 0x0fa   at time  147534571 ps
inst0 ch0:  C_CMD: WRCMD     C_r = 0x099   at time  147536641 ps
inst0 ch0:  C_CMD: WRCMD     C_f = 0x07a   at time  147537055 ps
