inst0 ch0:  R_CMD: ACTCMD    R_r0= 0x0e    at time   33400981 ps
inst0 ch0:  R_CMD: ACTCMD    R_f0= 0x28    at time   33401395 ps
inst0 ch0:  R_CMD: ACTCMD    R_r1= 0x00    at time   33401809 ps
inst0 ch0:  R_CMD: ACTCMD    R_f1= 0x02    at time   33402223 ps
inst0 ch0:  R_CMD: ACTCMD    R_r0= 0x0e    at time   33402637 ps
inst0 ch0:  R_CMD: ACTCMD    R_f0= 0x20    at time   33403051 ps
inst0 ch0:  R_CMD: ACTCMD    R_r1= 0x00    at time   33403465 ps
inst0 ch0:  R_CMD: ACTCMD    R_f1= 0x02    at time   33403879 ps
inst0 ch0:  C_CMD: RDCMD     C_r = 0x095   at time   33415885 ps
inst0 ch0:  C_CMD: RDCMD     C_f = 0x0a9   at time   33416299 ps
inst0 ch0:  C_CMD: RDCMD     C_r = 0x095   at time   33417541 ps
inst0 ch0:  C_CMD: RDCMD     C_f = 0x029   at time   33417955 ps
inst0 ch0:  C_CMD: RDCMD     C_r = 0x095   at time   33419197 ps
inst0 ch0:  C_CMD: RDCMD     C_f = 0x0ab   at time   33419611 ps
inst0 ch0:  C_CMD: RDCMD     C_r = 0x095   at time   33420853 ps
inst0 ch0:  C_CMD: RDCMD     C_f = 0x02b   at time   33421267 ps
inst0 ch0:  C_CMD: RDCMD     C_r = 0x095   at time   33422509 ps
inst0 ch0:  C_CMD: RDCMD     C_f = 0x0a1   at time   33422923 ps
inst0 ch0:  C_CMD: RDCMD     C_r = 0x095   at time   33424165 ps
inst0 ch0:  C_CMD: RDCMD     C_f = 0x021   at time   33424579 ps
inst0 ch0:  C_CMD: RDCMD     C_r = 0x09d   at time   33425821 ps
inst0 ch0:  C_CMD: RDCMD     C_f = 0x0a3   at time   33426235 ps
inst0 ch0:  C_CMD: RDCMD     C_r = 0x09d   at time   33427477 ps
inst0 ch0:  C_CMD: RDCMD     C_f = 0x023   at time   33427891 ps
inst0 ch0:  R_CMD: ACTCMD    R_r0= 0x0e    at time   33471361 ps
inst0 ch0:  R_CMD: ACTCMD    R_f0= 0x28    at time   33471775 ps
inst0 ch0:  R_CMD: ACTCMD    R_r1= 0x00    at time   33472189 ps
inst0 ch0:  R_CMD: ACTCMD    R_f1= 0x02    at time   33472603 ps
inst0 ch0:  R_CMD: ACTCMD    R_r0= 0x0e    at time   33473845 ps
inst0 ch0:  R_CMD: ACTCMD    R_f0= 0x20    at time   33474259 ps
inst0 ch0:  R_CMD: ACTCMD    R_r1= 0x00    at time   33474673 ps
inst0 ch0:  R_CMD: ACTCMD    R_f1= 0x02    at time   33475087 ps
inst0 ch0:  C_CMD: WRCMD     C_r = 0x091   at time   33482125 ps
inst0 ch0:  C_CMD: WRCMD     C_f = 0x0a9   at time   33482539 ps
inst0 ch0:  C_CMD: WRCMD     C_r = 0x091   at time   33484609 ps
inst0 ch0:  C_CMD: WRCMD     C_f = 0x029   at time   33485023 ps
inst0 ch0:  C_CMD: WRCMD     C_r = 0x091   at time   33485437 ps
inst0 ch0:  C_CMD: WRCMD     C_f = 0x0ab   at time   33485851 ps
inst0 ch0:  C_CMD: WRCMD     C_r = 0x091   at time   33487921 ps
inst0 ch0:  C_CMD: WRCMD     C_f = 0x02b   at time   33488335 ps
inst0 ch0:  C_CMD: WRCMD     C_r = 0x091   at time   33488749 ps
inst0 ch0:  C_CMD: WRCMD     C_f = 0x0a1   at time   33489163 ps
inst0 ch0:  C_CMD: WRCMD     C_r = 0x091   at time   33491233 ps
inst0 ch0:  C_CMD: WRCMD     C_f = 0x021   at time   33491647 ps
inst0 ch0:  C_CMD: WRCMD     C_r = 0x099   at time   33492061 ps
inst0 ch0:  C_CMD: WRCMD     C_f = 0x0a3   at time   33492475 ps
inst0 ch0:  C_CMD: WRCMD     C_r = 0x099   at time   33494545 ps
inst0 ch0:  C_CMD: WRCMD     C_f = 0x023   at time   33494959 ps
inst0 ch0:  R_CMD: ACTCMD    R_r0= 0x26    at time   33656005 ps
inst0 ch0:  R_CMD: ACTCMD    R_f0= 0x28    at time   33656419 ps
inst0 ch0:  R_CMD: ACTCMD    R_r1= 0x00    at time   33656833 ps
inst0 ch0:  R_CMD: ACTCMD    R_f1= 0x02    at time   33657247 ps
inst0 ch0:  R_CMD: ACTCMD    R_r0= 0x26    at time   33658489 ps
inst0 ch0:  R_CMD: ACTCMD    R_f0= 0x20    at time   33658903 ps
inst0 ch0:  R_CMD: ACTCMD    R_r1= 0x00    at time   33659317 ps
inst0 ch0:  R_CMD: ACTCMD    R_f1= 0x02    at time   33659731 ps
inst0 ch0:  C_CMD: RDCMD     C_r = 0x0c5   at time   33670909 ps
inst0 ch0:  C_CMD: RDCMD     C_f = 0x0a1   at time   33671323 ps
inst0 ch0:  C_CMD: RDCMD     C_r = 0x0c5   at time   33673393 ps
inst0 ch0:  C_CMD: RDCMD     C_f = 0x021   at time   33673807 ps
inst0 ch0:  C_CMD: RDCMD     C_r = 0x0cd   at time   33674221 ps
inst0 ch0:  C_CMD: RDCMD     C_f = 0x0a3   at time   33674635 ps
inst0 ch0:  C_CMD: RDCMD     C_r = 0x0cd   at time   33676705 ps
inst0 ch0:  C_CMD: RDCMD     C_f = 0x023   at time   33677119 ps
inst0 ch0:  R_CMD: ACTCMD    R_r0= 0x26    at time   33786829 ps
inst0 ch0:  R_CMD: ACTCMD    R_f0= 0x28    at time   33787243 ps
inst0 ch0:  R_CMD: ACTCMD    R_r1= 0x00    at time   33787657 ps
inst0 ch0:  R_CMD: ACTCMD    R_f1= 0x02    at time   33788071 ps
inst0 ch0:  R_CMD: ACTCMD    R_r0= 0x26    at time   33788485 ps
inst0 ch0:  R_CMD: ACTCMD    R_f0= 0x20    at time   33788899 ps
inst0 ch0:  R_CMD: ACTCMD    R_r1= 0x00    at time   33789313 ps
inst0 ch0:  R_CMD: ACTCMD    R_f1= 0x02    at time   33789727 ps
inst0 ch0:  C_CMD: WRCMD     C_r = 0x0c1   at time   33797593 ps
inst0 ch0:  C_CMD: WRCMD     C_f = 0x0a1   at time   33798007 ps
inst0 ch0:  C_CMD: WRCMD     C_r = 0x0c1   at time   33799249 ps
inst0 ch0:  C_CMD: WRCMD     C_f = 0x021   at time   33799663 ps
inst0 ch0:  C_CMD: WRCMD     C_r = 0x0c9   at time   33800905 ps
inst0 ch0:  C_CMD: WRCMD     C_f = 0x0a3   at time   33801319 ps
inst0 ch0:  C_CMD: WRCMD     C_r = 0x0c9   at time   33802561 ps
inst0 ch0:  C_CMD: WRCMD     C_f = 0x023   at time   33802975 ps
inst0 ch0:  R_CMD: ACTCMD    R_r0= 0x2e    at time   54518293 ps
inst0 ch0:  R_CMD: ACTCMD    R_f0= 0x28    at time   54518707 ps
inst0 ch0:  R_CMD: ACTCMD    R_r1= 0x00    at time   54519121 ps
inst0 ch0:  R_CMD: ACTCMD    R_f1= 0x02    at time   54519535 ps
inst0 ch0:  R_CMD: ACTCMD    R_r0= 0x2e    at time   54520777 ps
inst0 ch0:  R_CMD: ACTCMD    R_f0= 0x20    at time   54521191 ps
inst0 ch0:  R_CMD: ACTCMD    R_r1= 0x00    at time   54521605 ps
inst0 ch0:  R_CMD: ACTCMD    R_f1= 0x02    at time   54522019 ps
inst0 ch0:  C_CMD: RDCMD     C_r = 0x0d5   at time   54533197 ps
inst0 ch0:  C_CMD: RDCMD     C_f = 0x0a9   at time   54533611 ps
inst0 ch0:  C_CMD: RDCMD     C_r = 0x0d5   at time   54535681 ps
inst0 ch0:  C_CMD: RDCMD     C_f = 0x029   at time   54536095 ps
inst0 ch0:  C_CMD: RDCMD     C_r = 0x0d5   at time   54536509 ps
inst0 ch0:  C_CMD: RDCMD     C_f = 0x0ab   at time   54536923 ps
inst0 ch0:  C_CMD: RDCMD     C_r = 0x0d5   at time   54538993 ps
inst0 ch0:  C_CMD: RDCMD     C_f = 0x02b   at time   54539407 ps
inst0 ch0:  C_CMD: RDCMD     C_r = 0x0d5   at time   54539821 ps
inst0 ch0:  C_CMD: RDCMD     C_f = 0x0a1   at time   54540235 ps
inst0 ch0:  C_CMD: RDCMD     C_r = 0x0d5   at time   54542305 ps
inst0 ch0:  C_CMD: RDCMD     C_f = 0x021   at time   54542719 ps
inst0 ch0:  C_CMD: RDCMD     C_r = 0x0dd   at time   54543133 ps
inst0 ch0:  C_CMD: RDCMD     C_f = 0x0a3   at time   54543547 ps
inst0 ch0:  C_CMD: RDCMD     C_r = 0x0dd   at time   54545617 ps
inst0 ch0:  C_CMD: RDCMD     C_f = 0x023   at time   54546031 ps
inst0 ch0:  R_CMD: ACTCMD    R_r0= 0x2e    at time   54719497 ps
inst0 ch0:  R_CMD: ACTCMD    R_f0= 0x28    at time   54719911 ps
inst0 ch0:  R_CMD: ACTCMD    R_r1= 0x00    at time   54720325 ps
inst0 ch0:  R_CMD: ACTCMD    R_f1= 0x02    at time   54720739 ps
inst0 ch0:  R_CMD: ACTCMD    R_r0= 0x2e    at time   54721153 ps
inst0 ch0:  R_CMD: ACTCMD    R_f0= 0x20    at time   54721567 ps
inst0 ch0:  R_CMD: ACTCMD    R_r1= 0x00    at time   54721981 ps
inst0 ch0:  R_CMD: ACTCMD    R_f1= 0x02    at time   54722395 ps
inst0 ch0:  C_CMD: WRCMD     C_r = 0x0d1   at time   54730261 ps
inst0 ch0:  C_CMD: WRCMD     C_f = 0x0a9   at time   54730675 ps
inst0 ch0:  C_CMD: WRCMD     C_r = 0x0d1   at time   54731917 ps
inst0 ch0:  C_CMD: WRCMD     C_f = 0x029   at time   54732331 ps
inst0 ch0:  C_CMD: WRCMD     C_r = 0x0d1   at time   54733573 ps
inst0 ch0:  C_CMD: WRCMD     C_f = 0x0ab   at time   54733987 ps
inst0 ch0:  C_CMD: WRCMD     C_r = 0x0d1   at time   54735229 ps
inst0 ch0:  C_CMD: WRCMD     C_f = 0x02b   at time   54735643 ps
inst0 ch0:  C_CMD: WRCMD     C_r = 0x0d1   at time   54736885 ps
inst0 ch0:  C_CMD: WRCMD     C_f = 0x0a1   at time   54737299 ps
inst0 ch0:  C_CMD: WRCMD     C_r = 0x0d1   at time   54738541 ps
inst0 ch0:  C_CMD: WRCMD     C_f = 0x021   at time   54738955 ps
inst0 ch0:  C_CMD: WRCMD     C_r = 0x0d9   at time   54740197 ps
inst0 ch0:  C_CMD: WRCMD     C_f = 0x0a3   at time   54740611 ps
inst0 ch0:  C_CMD: WRCMD     C_r = 0x0d9   at time   54741853 ps
inst0 ch0:  C_CMD: WRCMD     C_f = 0x023   at time   54742267 ps
inst0 ch0:  R_CMD: ACTCMD    R_r0= 0x16    at time   75399625 ps
inst0 ch0:  R_CMD: ACTCMD    R_f0= 0x00    at time   75400039 ps
inst0 ch0:  R_CMD: ACTCMD    R_r1= 0x00    at time   75400453 ps
inst0 ch0:  R_CMD: ACTCMD    R_f1= 0x02    at time   75400867 ps
inst0 ch0:  C_CMD: RDCMD     C_r = 0x025   at time   75414529 ps
inst0 ch0:  C_CMD: RDCMD     C_f = 0x021   at time   75414943 ps
inst0 ch0:  C_CMD: RDCMD     C_r = 0x02d   at time   75417841 ps
inst0 ch0:  C_CMD: RDCMD     C_f = 0x023   at time   75418255 ps
inst0 ch0:  R_CMD: ACTCMD    R_r0= 0x16    at time   75470005 ps
inst0 ch0:  R_CMD: ACTCMD    R_f0= 0x00    at time   75470419 ps
inst0 ch0:  R_CMD: ACTCMD    R_r1= 0x00    at time   75470833 ps
inst0 ch0:  R_CMD: ACTCMD    R_f1= 0x02    at time   75471247 ps
inst0 ch0:  C_CMD: WRCMD     C_r = 0x021   at time   75480769 ps
inst0 ch0:  C_CMD: WRCMD     C_f = 0x021   at time   75481183 ps
inst0 ch0:  C_CMD: WRCMD     C_r = 0x029   at time   75484081 ps
inst0 ch0:  C_CMD: WRCMD     C_f = 0x023   at time   75484495 ps
inst0 ch0:  R_CMD: ACTCMD    R_r0= 0x1e    at time  116721793 ps
inst0 ch0:  R_CMD: ACTCMD    R_f0= 0x00    at time  116722207 ps
inst0 ch0:  R_CMD: ACTCMD    R_r1= 0x00    at time  116722621 ps
inst0 ch0:  R_CMD: ACTCMD    R_f1= 0x02    at time  116723035 ps
inst0 ch0:  C_CMD: RDCMD     C_r = 0x035   at time  116736697 ps
inst0 ch0:  C_CMD: RDCMD     C_f = 0x021   at time  116737111 ps
inst0 ch0:  C_CMD: RDCMD     C_r = 0x03d   at time  116740009 ps
inst0 ch0:  C_CMD: RDCMD     C_f = 0x023   at time  116740423 ps
inst0 ch0:  R_CMD: ACTCMD    R_r0= 0x1e    at time  116792173 ps
inst0 ch0:  R_CMD: ACTCMD    R_f0= 0x00    at time  116792587 ps
inst0 ch0:  R_CMD: ACTCMD    R_r1= 0x00    at time  116793001 ps
inst0 ch0:  R_CMD: ACTCMD    R_f1= 0x02    at time  116793415 ps
inst0 ch0:  C_CMD: WRCMD     C_r = 0x031   at time  116802937 ps
inst0 ch0:  C_CMD: WRCMD     C_f = 0x021   at time  116803351 ps
inst0 ch0:  C_CMD: WRCMD     C_r = 0x039   at time  116806249 ps
inst0 ch0:  C_CMD: WRCMD     C_f = 0x023   at time  116806663 ps
inst0 ch0:  R_CMD: ACTCMD    R_r0= 0x22    at time  124849441 ps
inst0 ch0:  R_CMD: ACTCMD    R_f0= 0x2a    at time  124849855 ps
inst0 ch0:  R_CMD: ACTCMD    R_r1= 0x00    at time  124850269 ps
inst0 ch0:  R_CMD: ACTCMD    R_f1= 0x00    at time  124850683 ps
inst0 ch0:  R_CMD: ACTCMD    R_r0= 0x22    at time  124852753 ps
inst0 ch0:  R_CMD: ACTCMD    R_f0= 0x22    at time  124853167 ps
inst0 ch0:  R_CMD: ACTCMD    R_r1= 0x00    at time  124853581 ps
inst0 ch0:  R_CMD: ACTCMD    R_f1= 0x00    at time  124853995 ps
inst0 ch0:  R_CMD: ACTCMD    R_r0= 0x02    at time  124854409 ps
inst0 ch0:  R_CMD: ACTCMD    R_f0= 0x2a    at time  124854823 ps
inst0 ch0:  R_CMD: ACTCMD    R_r1= 0x00    at time  124855237 ps
inst0 ch0:  R_CMD: ACTCMD    R_f1= 0x00    at time  124855651 ps
inst0 ch0:  R_CMD: ACTCMD    R_r0= 0x02    at time  124856893 ps
inst0 ch0:  R_CMD: ACTCMD    R_f0= 0x22    at time  124857307 ps
inst0 ch0:  R_CMD: ACTCMD    R_r1= 0x00    at time  124857721 ps
inst0 ch0:  R_CMD: ACTCMD    R_f1= 0x00    at time  124858135 ps
inst0 ch0:  R_CMD: ACTCMD    R_r0= 0x22    at time  124858549 ps
inst0 ch0:  R_CMD: ACTCMD    R_f0= 0x0a    at time  124858963 ps
inst0 ch0:  R_CMD: ACTCMD    R_r1= 0x00    at time  124859377 ps
inst0 ch0:  R_CMD: ACTCMD    R_f1= 0x00    at time  124859791 ps
inst0 ch0:  R_CMD: ACTCMD    R_r0= 0x22    at time  124861033 ps
inst0 ch0:  R_CMD: ACTCMD    R_f0= 0x02    at time  124861447 ps
inst0 ch0:  R_CMD: ACTCMD    R_r1= 0x00    at time  124861861 ps
inst0 ch0:  R_CMD: ACTCMD    R_f1= 0x00    at time  124862275 ps
inst0 ch0:  R_CMD: ACTCMD    R_r0= 0x02    at time  124862689 ps
inst0 ch0:  R_CMD: ACTCMD    R_f0= 0x0a    at time  124863103 ps
inst0 ch0:  R_CMD: ACTCMD    R_r1= 0x00    at time  124863517 ps
inst0 ch0:  R_CMD: ACTCMD    R_f1= 0x00    at time  124863931 ps
inst0 ch0:  C_CMD: RDCMD     C_r = 0x0c5   at time  124864345 ps
inst0 ch0:  C_CMD: RDCMD     C_f = 0x080   at time  124864759 ps
inst0 ch0:  R_CMD: ACTCMD    R_r0= 0x02    at time  124865173 ps
inst0 ch0:  R_CMD: ACTCMD    R_f0= 0x02    at time  124865587 ps
inst0 ch0:  R_CMD: ACTCMD    R_r1= 0x00    at time  124866001 ps
inst0 ch0:  R_CMD: ACTCMD    R_f1= 0x00    at time  124866415 ps
inst0 ch0:  C_CMD: RDCMD     C_r = 0x0cd   at time  124867657 ps
inst0 ch0:  C_CMD: RDCMD     C_f = 0x082   at time  124868071 ps
inst0 ch0:  C_CMD: RDCMD     C_r = 0x0c5   at time  124868485 ps
inst0 ch0:  C_CMD: RDCMD     C_f = 0x000   at time  124868899 ps
inst0 ch0:  C_CMD: RDCMD     C_r = 0x085   at time  124869313 ps
inst0 ch0:  C_CMD: RDCMD     C_f = 0x080   at time  124869727 ps
inst0 ch0:  C_CMD: RDCMD     C_r = 0x0cd   at time  124871797 ps
inst0 ch0:  C_CMD: RDCMD     C_f = 0x002   at time  124872211 ps
inst0 ch0:  C_CMD: RDCMD     C_r = 0x08d   at time  124872625 ps
inst0 ch0:  C_CMD: RDCMD     C_f = 0x082   at time  124873039 ps
inst0 ch0:  C_CMD: RDCMD     C_r = 0x085   at time  124873453 ps
inst0 ch0:  C_CMD: RDCMD     C_f = 0x000   at time  124873867 ps
inst0 ch0:  C_CMD: RDCMD     C_r = 0x045   at time  124874281 ps
inst0 ch0:  C_CMD: RDCMD     C_f = 0x080   at time  124874695 ps
inst0 ch0:  C_CMD: RDCMD     C_r = 0x045   at time  124875937 ps
inst0 ch0:  C_CMD: RDCMD     C_f = 0x000   at time  124876351 ps
inst0 ch0:  C_CMD: RDCMD     C_r = 0x04d   at time  124877593 ps
inst0 ch0:  C_CMD: RDCMD     C_f = 0x082   at time  124878007 ps
inst0 ch0:  C_CMD: RDCMD     C_r = 0x08d   at time  124878421 ps
inst0 ch0:  C_CMD: RDCMD     C_f = 0x002   at time  124878835 ps
inst0 ch0:  C_CMD: RDCMD     C_r = 0x005   at time  124879249 ps
inst0 ch0:  C_CMD: RDCMD     C_f = 0x080   at time  124879663 ps
inst0 ch0:  C_CMD: RDCMD     C_r = 0x04d   at time  124880077 ps
inst0 ch0:  C_CMD: RDCMD     C_f = 0x002   at time  124880491 ps
inst0 ch0:  C_CMD: RDCMD     C_r = 0x005   at time  124881733 ps
inst0 ch0:  C_CMD: RDCMD     C_f = 0x000   at time  124882147 ps
inst0 ch0:  C_CMD: RDCMD     C_r = 0x00d   at time  124882561 ps
inst0 ch0:  C_CMD: RDCMD     C_f = 0x082   at time  124882975 ps
inst0 ch0:  C_CMD: RDCMD     C_r = 0x00d   at time  124885045 ps
inst0 ch0:  C_CMD: RDCMD     C_f = 0x002   at time  124885459 ps
inst0 ch0:  R_CMD: ACTCMD    R_r0= 0x2a    at time  125151661 ps
inst0 ch0:  R_CMD: ACTCMD    R_f0= 0x2a    at time  125152075 ps
inst0 ch0:  R_CMD: ACTCMD    R_r1= 0x00    at time  125152489 ps
inst0 ch0:  R_CMD: ACTCMD    R_f1= 0x00    at time  125152903 ps
inst0 ch0:  C_CMD: RDCMD     C_r = 0x0d5   at time  125166565 ps
inst0 ch0:  C_CMD: RDCMD     C_f = 0x080   at time  125166979 ps
inst0 ch0:  C_CMD: RDCMD     C_r = 0x0dd   at time  125169877 ps
inst0 ch0:  C_CMD: RDCMD     C_f = 0x082   at time  125170291 ps
inst0 ch0:  R_CMD: ACTCMD    R_r0= 0x2a    at time  125264269 ps
inst0 ch0:  R_CMD: ACTCMD    R_f0= 0x22    at time  125264683 ps
inst0 ch0:  R_CMD: ACTCMD    R_r1= 0x00    at time  125265097 ps
inst0 ch0:  R_CMD: ACTCMD    R_f1= 0x00    at time  125265511 ps
inst0 ch0:  C_CMD: RDCMD     C_r = 0x0d5   at time  125279173 ps
inst0 ch0:  C_CMD: RDCMD     C_f = 0x000   at time  125279587 ps
inst0 ch0:  C_CMD: RDCMD     C_r = 0x0dd   at time  125282485 ps
inst0 ch0:  C_CMD: RDCMD     C_f = 0x002   at time  125282899 ps
inst0 ch0:  R_CMD: ACTCMD    R_r0= 0x0a    at time  125352865 ps
inst0 ch0:  R_CMD: ACTCMD    R_f0= 0x2a    at time  125353279 ps
inst0 ch0:  R_CMD: ACTCMD    R_r1= 0x00    at time  125353693 ps
inst0 ch0:  R_CMD: ACTCMD    R_f1= 0x00    at time  125354107 ps
inst0 ch0:  R_CMD: ACTCMD    R_r0= 0x0a    at time  125354521 ps
inst0 ch0:  R_CMD: ACTCMD    R_f0= 0x22    at time  125354935 ps
inst0 ch0:  R_CMD: ACTCMD    R_r1= 0x00    at time  125355349 ps
inst0 ch0:  R_CMD: ACTCMD    R_f1= 0x00    at time  125355763 ps
inst0 ch0:  R_CMD: ACTCMD    R_r0= 0x2a    at time  125357005 ps
inst0 ch0:  R_CMD: ACTCMD    R_f0= 0x0a    at time  125357419 ps
inst0 ch0:  R_CMD: ACTCMD    R_r1= 0x00    at time  125357833 ps
inst0 ch0:  R_CMD: ACTCMD    R_f1= 0x00    at time  125358247 ps
inst0 ch0:  R_CMD: ACTCMD    R_r0= 0x2a    at time  125358661 ps
inst0 ch0:  R_CMD: ACTCMD    R_f0= 0x02    at time  125359075 ps
inst0 ch0:  R_CMD: ACTCMD    R_r1= 0x00    at time  125359489 ps
inst0 ch0:  R_CMD: ACTCMD    R_f1= 0x00    at time  125359903 ps
inst0 ch0:  R_CMD: ACTCMD    R_r0= 0x0a    at time  125361145 ps
inst0 ch0:  R_CMD: ACTCMD    R_f0= 0x0a    at time  125361559 ps
inst0 ch0:  R_CMD: ACTCMD    R_r1= 0x00    at time  125361973 ps
inst0 ch0:  R_CMD: ACTCMD    R_f1= 0x00    at time  125362387 ps
inst0 ch0:  R_CMD: ACTCMD    R_r0= 0x0a    at time  125362801 ps
inst0 ch0:  R_CMD: ACTCMD    R_f0= 0x02    at time  125363215 ps
inst0 ch0:  R_CMD: ACTCMD    R_r1= 0x00    at time  125363629 ps
inst0 ch0:  R_CMD: ACTCMD    R_f1= 0x00    at time  125364043 ps
inst0 ch0:  C_CMD: RDCMD     C_r = 0x095   at time  125367769 ps
inst0 ch0:  C_CMD: RDCMD     C_f = 0x080   at time  125368183 ps
inst0 ch0:  C_CMD: RDCMD     C_r = 0x095   at time  125369425 ps
inst0 ch0:  C_CMD: RDCMD     C_f = 0x000   at time  125369839 ps
inst0 ch0:  C_CMD: RDCMD     C_r = 0x09d   at time  125371081 ps
inst0 ch0:  C_CMD: RDCMD     C_f = 0x082   at time  125371495 ps
inst0 ch0:  C_CMD: RDCMD     C_r = 0x09d   at time  125372737 ps
inst0 ch0:  C_CMD: RDCMD     C_f = 0x002   at time  125373151 ps
inst0 ch0:  C_CMD: RDCMD     C_r = 0x055   at time  125373565 ps
inst0 ch0:  C_CMD: RDCMD     C_f = 0x080   at time  125373979 ps
inst0 ch0:  C_CMD: RDCMD     C_r = 0x055   at time  125374393 ps
inst0 ch0:  C_CMD: RDCMD     C_f = 0x000   at time  125374807 ps
inst0 ch0:  C_CMD: RDCMD     C_r = 0x015   at time  125376049 ps
inst0 ch0:  C_CMD: RDCMD     C_f = 0x080   at time  125376463 ps
inst0 ch0:  C_CMD: RDCMD     C_r = 0x05d   at time  125377705 ps
inst0 ch0:  C_CMD: RDCMD     C_f = 0x082   at time  125378119 ps
inst0 ch0:  C_CMD: RDCMD     C_r = 0x05d   at time  125378533 ps
inst0 ch0:  C_CMD: RDCMD     C_f = 0x002   at time  125378947 ps
inst0 ch0:  C_CMD: RDCMD     C_r = 0x01d   at time  125379361 ps
inst0 ch0:  C_CMD: RDCMD     C_f = 0x082   at time  125379775 ps
inst0 ch0:  C_CMD: RDCMD     C_r = 0x015   at time  125380189 ps
inst0 ch0:  C_CMD: RDCMD     C_f = 0x000   at time  125380603 ps
inst0 ch0:  C_CMD: RDCMD     C_r = 0x01d   at time  125383501 ps
inst0 ch0:  C_CMD: RDCMD     C_f = 0x002   at time  125383915 ps
inst0 ch0:  R_CMD: ACTCMD    R_r0= 0x32    at time  125631901 ps
inst0 ch0:  R_CMD: ACTCMD    R_f0= 0x2a    at time  125632315 ps
inst0 ch0:  R_CMD: ACTCMD    R_r1= 0x00    at time  125632729 ps
inst0 ch0:  R_CMD: ACTCMD    R_f1= 0x00    at time  125633143 ps
inst0 ch0:  R_CMD: ACTCMD    R_r0= 0x32    at time  125636869 ps
inst0 ch0:  R_CMD: ACTCMD    R_f0= 0x22    at time  125637283 ps
inst0 ch0:  R_CMD: ACTCMD    R_r1= 0x00    at time  125637697 ps
inst0 ch0:  R_CMD: ACTCMD    R_f1= 0x00    at time  125638111 ps
inst0 ch0:  C_CMD: RDCMD     C_r = 0x0e5   at time  125646805 ps
inst0 ch0:  C_CMD: RDCMD     C_f = 0x080   at time  125647219 ps
inst0 ch0:  C_CMD: RDCMD     C_r = 0x0ed   at time  125650117 ps
inst0 ch0:  C_CMD: RDCMD     C_f = 0x082   at time  125650531 ps
inst0 ch0:  C_CMD: RDCMD     C_r = 0x0e5   at time  125651773 ps
inst0 ch0:  C_CMD: RDCMD     C_f = 0x000   at time  125652187 ps
inst0 ch0:  C_CMD: RDCMD     C_r = 0x0ed   at time  125655085 ps
inst0 ch0:  C_CMD: RDCMD     C_f = 0x002   at time  125655499 ps
inst0 ch0:  R_CMD: ACTCMD    R_r0= 0x12    at time  125665021 ps
inst0 ch0:  R_CMD: ACTCMD    R_f0= 0x2a    at time  125665435 ps
inst0 ch0:  R_CMD: ACTCMD    R_r1= 0x00    at time  125665849 ps
inst0 ch0:  R_CMD: ACTCMD    R_f1= 0x00    at time  125666263 ps
inst0 ch0:  C_CMD: RDCMD     C_r = 0x0a5   at time  125679925 ps
inst0 ch0:  C_CMD: RDCMD     C_f = 0x080   at time  125680339 ps
inst0 ch0:  C_CMD: RDCMD     C_r = 0x0ad   at time  125683237 ps
inst0 ch0:  C_CMD: RDCMD     C_f = 0x082   at time  125683651 ps
inst0 ch0:  R_CMD: ACTCMD    R_r0= 0x12    at time  125778457 ps
inst0 ch0:  R_CMD: ACTCMD    R_f0= 0x22    at time  125778871 ps
inst0 ch0:  R_CMD: ACTCMD    R_r1= 0x00    at time  125779285 ps
inst0 ch0:  R_CMD: ACTCMD    R_f1= 0x00    at time  125779699 ps
inst0 ch0:  C_CMD: RDCMD     C_r = 0x0a5   at time  125793361 ps
inst0 ch0:  C_CMD: RDCMD     C_f = 0x000   at time  125793775 ps
inst0 ch0:  C_CMD: RDCMD     C_r = 0x0ad   at time  125796673 ps
inst0 ch0:  C_CMD: RDCMD     C_f = 0x002   at time  125797087 ps
inst0 ch0:  R_CMD: ACTCMD    R_r0= 0x32    at time  125856289 ps
inst0 ch0:  R_CMD: ACTCMD    R_f0= 0x0a    at time  125856703 ps
inst0 ch0:  R_CMD: ACTCMD    R_r1= 0x00    at time  125857117 ps
inst0 ch0:  R_CMD: ACTCMD    R_f1= 0x00    at time  125857531 ps
inst0 ch0:  R_CMD: ACTCMD    R_r0= 0x32    at time  125857945 ps
inst0 ch0:  R_CMD: ACTCMD    R_f0= 0x02    at time  125858359 ps
inst0 ch0:  R_CMD: ACTCMD    R_r1= 0x00    at time  125858773 ps
inst0 ch0:  R_CMD: ACTCMD    R_f1= 0x00    at time  125859187 ps
inst0 ch0:  R_CMD: ACTCMD    R_r0= 0x12    at time  125860429 ps
inst0 ch0:  R_CMD: ACTCMD    R_f0= 0x0a    at time  125860843 ps
inst0 ch0:  R_CMD: ACTCMD    R_r1= 0x00    at time  125861257 ps
inst0 ch0:  R_CMD: ACTCMD    R_f1= 0x00    at time  125861671 ps
inst0 ch0:  R_CMD: ACTCMD    R_r0= 0x12    at time  125862085 ps
inst0 ch0:  R_CMD: ACTCMD    R_f0= 0x02    at time  125862499 ps
inst0 ch0:  R_CMD: ACTCMD    R_r1= 0x00    at time  125862913 ps
inst0 ch0:  R_CMD: ACTCMD    R_f1= 0x00    at time  125863327 ps
inst0 ch0:  C_CMD: RDCMD     C_r = 0x065   at time  125871193 ps
inst0 ch0:  C_CMD: RDCMD     C_f = 0x080   at time  125871607 ps
inst0 ch0:  C_CMD: RDCMD     C_r = 0x065   at time  125872849 ps
inst0 ch0:  C_CMD: RDCMD     C_f = 0x000   at time  125873263 ps
inst0 ch0:  C_CMD: RDCMD     C_r = 0x06d   at time  125874505 ps
inst0 ch0:  C_CMD: RDCMD     C_f = 0x082   at time  125874919 ps
inst0 ch0:  C_CMD: RDCMD     C_r = 0x025   at time  125876161 ps
inst0 ch0:  C_CMD: RDCMD     C_f = 0x080   at time  125876575 ps
inst0 ch0:  C_CMD: RDCMD     C_r = 0x06d   at time  125876989 ps
inst0 ch0:  C_CMD: RDCMD     C_f = 0x002   at time  125877403 ps
inst0 ch0:  C_CMD: RDCMD     C_r = 0x025   at time  125878645 ps
inst0 ch0:  C_CMD: RDCMD     C_f = 0x000   at time  125879059 ps
inst0 ch0:  C_CMD: RDCMD     C_r = 0x02d   at time  125879473 ps
inst0 ch0:  C_CMD: RDCMD     C_f = 0x082   at time  125879887 ps
inst0 ch0:  C_CMD: RDCMD     C_r = 0x02d   at time  125881957 ps
inst0 ch0:  C_CMD: RDCMD     C_f = 0x002   at time  125882371 ps
inst0 ch0:  R_CMD: ACTCMD    R_r0= 0x3a    at time  126125389 ps
inst0 ch0:  R_CMD: ACTCMD    R_f0= 0x22    at time  126125803 ps
inst0 ch0:  R_CMD: ACTCMD    R_r1= 0x00    at time  126126217 ps
inst0 ch0:  R_CMD: ACTCMD    R_f1= 0x00    at time  126126631 ps
inst0 ch0:  R_CMD: ACTCMD    R_r0= 0x3a    at time  126128701 ps
inst0 ch0:  R_CMD: ACTCMD    R_f0= 0x2a    at time  126129115 ps
inst0 ch0:  R_CMD: ACTCMD    R_r1= 0x00    at time  126129529 ps
inst0 ch0:  R_CMD: ACTCMD    R_f1= 0x00    at time  126129943 ps
inst0 ch0:  R_CMD: ACTCMD    R_r0= 0x1a    at time  126133669 ps
inst0 ch0:  R_CMD: ACTCMD    R_f0= 0x2a    at time  126134083 ps
inst0 ch0:  R_CMD: ACTCMD    R_r1= 0x00    at time  126134497 ps
inst0 ch0:  R_CMD: ACTCMD    R_f1= 0x00    at time  126134911 ps
inst0 ch0:  R_CMD: ACTCMD    R_r0= 0x1a    at time  126139465 ps
inst0 ch0:  R_CMD: ACTCMD    R_f0= 0x22    at time  126139879 ps
inst0 ch0:  R_CMD: ACTCMD    R_r1= 0x00    at time  126140293 ps
inst0 ch0:  C_CMD: RDCMD     C_r = 0x0f5   at time  126140293 ps
inst0 ch0:  R_CMD: ACTCMD    R_f1= 0x00    at time  126140707 ps
inst0 ch0:  C_CMD: RDCMD     C_f = 0x000   at time  126140707 ps
inst0 ch0:  C_CMD: RDCMD     C_r = 0x0fd   at time  126143605 ps
inst0 ch0:  C_CMD: RDCMD     C_f = 0x002   at time  126144019 ps
inst0 ch0:  C_CMD: RDCMD     C_r = 0x0f5   at time  126144433 ps
inst0 ch0:  C_CMD: RDCMD     C_f = 0x080   at time  126144847 ps
inst0 ch0:  C_CMD: RDCMD     C_r = 0x0fd   at time  126147745 ps
inst0 ch0:  C_CMD: RDCMD     C_f = 0x082   at time  126148159 ps
inst0 ch0:  C_CMD: RDCMD     C_r = 0x0b5   at time  126149401 ps
inst0 ch0:  C_CMD: RDCMD     C_f = 0x080   at time  126149815 ps
inst0 ch0:  C_CMD: RDCMD     C_r = 0x0bd   at time  126152713 ps
inst0 ch0:  C_CMD: RDCMD     C_f = 0x082   at time  126153127 ps
inst0 ch0:  C_CMD: RDCMD     C_r = 0x0b5   at time  126154369 ps
inst0 ch0:  C_CMD: RDCMD     C_f = 0x000   at time  126154783 ps
inst0 ch0:  C_CMD: RDCMD     C_r = 0x0bd   at time  126157681 ps
inst0 ch0:  C_CMD: RDCMD     C_f = 0x002   at time  126158095 ps
inst0 ch0:  R_CMD: ACTCMD    R_r0= 0x3a    at time  126292645 ps
inst0 ch0:  R_CMD: ACTCMD    R_f0= 0x0a    at time  126293059 ps
inst0 ch0:  R_CMD: ACTCMD    R_r1= 0x00    at time  126293473 ps
inst0 ch0:  R_CMD: ACTCMD    R_f1= 0x00    at time  126293887 ps
inst0 ch0:  C_CMD: RDCMD     C_r = 0x075   at time  126307549 ps
inst0 ch0:  C_CMD: RDCMD     C_f = 0x080   at time  126307963 ps
inst0 ch0:  C_CMD: RDCMD     C_r = 0x07d   at time  126310861 ps
inst0 ch0:  C_CMD: RDCMD     C_f = 0x082   at time  126311275 ps
inst0 ch0:  R_CMD: ACTCMD    R_r0= 0x1a    at time  126356401 ps
inst0 ch0:  R_CMD: ACTCMD    R_f0= 0x0a    at time  126356815 ps
inst0 ch0:  R_CMD: ACTCMD    R_r1= 0x00    at time  126357229 ps
inst0 ch0:  R_CMD: ACTCMD    R_f1= 0x00    at time  126357643 ps
inst0 ch0:  R_CMD: ACTCMD    R_r0= 0x3a    at time  126358885 ps
inst0 ch0:  R_CMD: ACTCMD    R_f0= 0x02    at time  126359299 ps
inst0 ch0:  R_CMD: ACTCMD    R_r1= 0x00    at time  126359713 ps
inst0 ch0:  R_CMD: ACTCMD    R_f1= 0x00    at time  126360127 ps
inst0 ch0:  R_CMD: ACTCMD    R_r0= 0x1a    at time  126363025 ps
inst0 ch0:  R_CMD: ACTCMD    R_f0= 0x02    at time  126363439 ps
inst0 ch0:  R_CMD: ACTCMD    R_r1= 0x00    at time  126363853 ps
inst0 ch0:  R_CMD: ACTCMD    R_f1= 0x00    at time  126364267 ps
inst0 ch0:  C_CMD: RDCMD     C_r = 0x035   at time  126371305 ps
inst0 ch0:  C_CMD: RDCMD     C_f = 0x080   at time  126371719 ps
inst0 ch0:  C_CMD: RDCMD     C_r = 0x075   at time  126373789 ps
inst0 ch0:  C_CMD: RDCMD     C_f = 0x000   at time  126374203 ps
inst0 ch0:  C_CMD: RDCMD     C_r = 0x03d   at time  126374617 ps
inst0 ch0:  C_CMD: RDCMD     C_f = 0x082   at time  126375031 ps
inst0 ch0:  C_CMD: RDCMD     C_r = 0x07d   at time  126377101 ps
inst0 ch0:  C_CMD: RDCMD     C_f = 0x002   at time  126377515 ps
inst0 ch0:  C_CMD: RDCMD     C_r = 0x035   at time  126378757 ps
inst0 ch0:  C_CMD: RDCMD     C_f = 0x000   at time  126379171 ps
inst0 ch0:  C_CMD: RDCMD     C_r = 0x03d   at time  126382069 ps
inst0 ch0:  C_CMD: RDCMD     C_f = 0x002   at time  126382483 ps
inst0 ch0:  R_CMD: ACTCMD    R_r0= 0x16    at time  128203669 ps
inst0 ch0:  R_CMD: ACTCMD    R_f0= 0x00    at time  128204083 ps
inst0 ch0:  R_CMD: ACTCMD    R_r1= 0x00    at time  128204497 ps
inst0 ch0:  R_CMD: ACTCMD    R_f1= 0x02    at time  128204911 ps
inst0 ch0:  C_CMD: RDCMD     C_r = 0x025   at time  128218573 ps
inst0 ch0:  C_CMD: RDCMD     C_f = 0x021   at time  128218987 ps
inst0 ch0:  C_CMD: RDCMD     C_r = 0x02d   at time  128221885 ps
inst0 ch0:  C_CMD: RDCMD     C_f = 0x023   at time  128222299 ps
inst0 ch0:  R_CMD: ACTCMD    R_r0= 0x02    at time  130834225 ps
inst0 ch0:  R_CMD: ACTCMD    R_f0= 0x00    at time  130834639 ps
inst0 ch0:  R_CMD: ACTCMD    R_r1= 0x00    at time  130835053 ps
inst0 ch0:  R_CMD: ACTCMD    R_f1= 0x00    at time  130835467 ps
inst0 ch0:  C_CMD: RDCMD     C_r = 0x005   at time  130849129 ps
inst0 ch0:  C_CMD: RDCMD     C_f = 0x018   at time  130849543 ps
inst0 ch0:  C_CMD: RDCMD     C_r = 0x005   at time  130852441 ps
inst0 ch0:  C_CMD: RDCMD     C_f = 0x01a   at time  130852855 ps
inst0 ch0:  C_CMD: RDCMD     C_r = 0x005   at time  130855753 ps
inst0 ch0:  C_CMD: RDCMD     C_f = 0x010   at time  130856167 ps
inst0 ch0:  C_CMD: RDCMD     C_r = 0x005   at time  130859065 ps
inst0 ch0:  C_CMD: RDCMD     C_f = 0x012   at time  130859479 ps
inst0 ch0:  C_CMD: RDCMD     C_r = 0x005   at time  130862377 ps
inst0 ch0:  C_CMD: RDCMD     C_f = 0x008   at time  130862791 ps
inst0 ch0:  C_CMD: RDCMD     C_r = 0x005   at time  130865689 ps
inst0 ch0:  C_CMD: RDCMD     C_f = 0x00a   at time  130866103 ps
inst0 ch0:  C_CMD: RDCMD     C_r = 0x005   at time  130869001 ps
inst0 ch0:  C_CMD: RDCMD     C_f = 0x000   at time  130869415 ps
inst0 ch0:  C_CMD: RDCMD     C_r = 0x00d   at time  130872313 ps
inst0 ch0:  C_CMD: RDCMD     C_f = 0x002   at time  130872727 ps
inst0 ch0:  R_CMD: ACTCMD    R_r0= 0x02    at time  130895497 ps
inst0 ch0:  R_CMD: ACTCMD    R_f0= 0x08    at time  130895911 ps
inst0 ch0:  R_CMD: ACTCMD    R_r1= 0x00    at time  130896325 ps
inst0 ch0:  R_CMD: ACTCMD    R_f1= 0x00    at time  130896739 ps
inst0 ch0:  C_CMD: RDCMD     C_r = 0x005   at time  130910401 ps
inst0 ch0:  C_CMD: RDCMD     C_f = 0x098   at time  130910815 ps
inst0 ch0:  C_CMD: RDCMD     C_r = 0x005   at time  130913713 ps
inst0 ch0:  C_CMD: RDCMD     C_f = 0x09a   at time  130914127 ps
inst0 ch0:  C_CMD: RDCMD     C_r = 0x005   at time  130917025 ps
inst0 ch0:  C_CMD: RDCMD     C_f = 0x090   at time  130917439 ps
inst0 ch0:  C_CMD: RDCMD     C_r = 0x005   at time  130920337 ps
inst0 ch0:  C_CMD: RDCMD     C_f = 0x092   at time  130920751 ps
inst0 ch0:  C_CMD: RDCMD     C_r = 0x005   at time  130923649 ps
inst0 ch0:  C_CMD: RDCMD     C_f = 0x088   at time  130924063 ps
inst0 ch0:  C_CMD: RDCMD     C_r = 0x005   at time  130926961 ps
inst0 ch0:  C_CMD: RDCMD     C_f = 0x08a   at time  130927375 ps
inst0 ch0:  C_CMD: RDCMD     C_r = 0x005   at time  130930273 ps
inst0 ch0:  C_CMD: RDCMD     C_f = 0x080   at time  130930687 ps
inst0 ch0:  C_CMD: RDCMD     C_r = 0x00d   at time  130933585 ps
inst0 ch0:  C_CMD: RDCMD     C_f = 0x082   at time  130933999 ps
inst0 ch0:  R_CMD: ACTCMD    R_r0= 0x0a    at time  131099185 ps
inst0 ch0:  R_CMD: ACTCMD    R_f0= 0x00    at time  131099599 ps
inst0 ch0:  R_CMD: ACTCMD    R_r1= 0x00    at time  131100013 ps
inst0 ch0:  R_CMD: ACTCMD    R_f1= 0x00    at time  131100427 ps
inst0 ch0:  R_CMD: ACTCMD    R_r0= 0x0a    at time  131109121 ps
inst0 ch0:  R_CMD: ACTCMD    R_f0= 0x08    at time  131109535 ps
inst0 ch0:  R_CMD: ACTCMD    R_r1= 0x00    at time  131109949 ps
inst0 ch0:  R_CMD: ACTCMD    R_f1= 0x00    at time  131110363 ps
inst0 ch0:  C_CMD: RDCMD     C_r = 0x015   at time  131114089 ps
inst0 ch0:  C_CMD: RDCMD     C_f = 0x018   at time  131114503 ps
inst0 ch0:  C_CMD: RDCMD     C_r = 0x015   at time  131117401 ps
inst0 ch0:  C_CMD: RDCMD     C_f = 0x01a   at time  131117815 ps
inst0 ch0:  C_CMD: RDCMD     C_r = 0x015   at time  131120713 ps
inst0 ch0:  C_CMD: RDCMD     C_f = 0x010   at time  131121127 ps
inst0 ch0:  C_CMD: RDCMD     C_r = 0x015   at time  131124025 ps
inst0 ch0:  C_CMD: RDCMD     C_f = 0x012   at time  131124439 ps
inst0 ch0:  C_CMD: RDCMD     C_r = 0x015   at time  131124853 ps
inst0 ch0:  C_CMD: RDCMD     C_f = 0x098   at time  131125267 ps
inst0 ch0:  C_CMD: RDCMD     C_r = 0x015   at time  131127337 ps
inst0 ch0:  C_CMD: RDCMD     C_f = 0x008   at time  131127751 ps
inst0 ch0:  C_CMD: RDCMD     C_r = 0x015   at time  131128165 ps
inst0 ch0:  C_CMD: RDCMD     C_f = 0x09a   at time  131128579 ps
inst0 ch0:  C_CMD: RDCMD     C_r = 0x015   at time  131130649 ps
inst0 ch0:  C_CMD: RDCMD     C_f = 0x00a   at time  131131063 ps
inst0 ch0:  C_CMD: RDCMD     C_r = 0x015   at time  131131477 ps
inst0 ch0:  C_CMD: RDCMD     C_f = 0x090   at time  131131891 ps
inst0 ch0:  C_CMD: RDCMD     C_r = 0x015   at time  131133961 ps
inst0 ch0:  C_CMD: RDCMD     C_f = 0x000   at time  131134375 ps
inst0 ch0:  C_CMD: RDCMD     C_r = 0x015   at time  131134789 ps
inst0 ch0:  C_CMD: RDCMD     C_f = 0x092   at time  131135203 ps
inst0 ch0:  C_CMD: RDCMD     C_r = 0x01d   at time  131137273 ps
inst0 ch0:  C_CMD: RDCMD     C_f = 0x002   at time  131137687 ps
inst0 ch0:  C_CMD: RDCMD     C_r = 0x015   at time  131138101 ps
inst0 ch0:  C_CMD: RDCMD     C_f = 0x088   at time  131138515 ps
inst0 ch0:  C_CMD: RDCMD     C_r = 0x015   at time  131141413 ps
inst0 ch0:  C_CMD: RDCMD     C_f = 0x08a   at time  131141827 ps
inst0 ch0:  C_CMD: RDCMD     C_r = 0x015   at time  131144725 ps
inst0 ch0:  C_CMD: RDCMD     C_f = 0x080   at time  131145139 ps
inst0 ch0:  C_CMD: RDCMD     C_r = 0x01d   at time  131148037 ps
inst0 ch0:  C_CMD: RDCMD     C_f = 0x082   at time  131148451 ps
inst0 ch0:  R_CMD: ACTCMD    R_r0= 0x1e    at time  132096925 ps
inst0 ch0:  R_CMD: ACTCMD    R_f0= 0x00    at time  132097339 ps
inst0 ch0:  R_CMD: ACTCMD    R_r1= 0x00    at time  132097753 ps
inst0 ch0:  R_CMD: ACTCMD    R_f1= 0x02    at time  132098167 ps
inst0 ch0:  C_CMD: RDCMD     C_r = 0x035   at time  132111829 ps
inst0 ch0:  C_CMD: RDCMD     C_f = 0x021   at time  132112243 ps
inst0 ch0:  C_CMD: RDCMD     C_r = 0x03d   at time  132115141 ps
inst0 ch0:  C_CMD: RDCMD     C_f = 0x023   at time  132115555 ps
inst0 ch0:  R_CMD: ACTCMD    R_r0= 0x02    at time  133964893 ps
inst0 ch0:  R_CMD: ACTCMD    R_f0= 0x1b    at time  133965307 ps
inst0 ch0:  R_CMD: ACTCMD    R_r1= 0x3f    at time  133965721 ps
inst0 ch0:  R_CMD: ACTCMD    R_f1= 0x3b    at time  133966135 ps
inst0 ch0:  R_CMD: ACTCMD    R_r0= 0x02    at time  133966549 ps
inst0 ch0:  R_CMD: ACTCMD    R_f0= 0x13    at time  133966963 ps
inst0 ch0:  R_CMD: ACTCMD    R_r1= 0x3f    at time  133967377 ps
inst0 ch0:  R_CMD: ACTCMD    R_f1= 0x3b    at time  133967791 ps
inst0 ch0:  C_CMD: RDCMD     C_r = 0x005   at time  133979797 ps
inst0 ch0:  C_CMD: RDCMD     C_f = 0x080   at time  133980211 ps
inst0 ch0:  C_CMD: RDCMD     C_r = 0x005   at time  133981453 ps
inst0 ch0:  C_CMD: RDCMD     C_f = 0x000   at time  133981867 ps
inst0 ch0:  C_CMD: RDCMD     C_r = 0x00d   at time  133983109 ps
inst0 ch0:  C_CMD: RDCMD     C_f = 0x082   at time  133983523 ps
inst0 ch0:  C_CMD: RDCMD     C_r = 0x00d   at time  133984765 ps
inst0 ch0:  C_CMD: RDCMD     C_f = 0x002   at time  133985179 ps
inst0 ch0:  R_CMD: ACTCMD    R_r0= 0x02    at time  134035273 ps
inst0 ch0:  R_CMD: ACTCMD    R_f0= 0x1b    at time  134035687 ps
inst0 ch0:  R_CMD: ACTCMD    R_r1= 0x3f    at time  134036101 ps
inst0 ch0:  R_CMD: ACTCMD    R_f1= 0x3b    at time  134036515 ps
inst0 ch0:  R_CMD: ACTCMD    R_r0= 0x02    at time  134037757 ps
inst0 ch0:  R_CMD: ACTCMD    R_f0= 0x13    at time  134038171 ps
inst0 ch0:  R_CMD: ACTCMD    R_r1= 0x3f    at time  134038585 ps
inst0 ch0:  R_CMD: ACTCMD    R_f1= 0x3b    at time  134038999 ps
inst0 ch0:  C_CMD: WRCMD     C_r = 0x001   at time  134046037 ps
inst0 ch0:  C_CMD: WRCMD     C_f = 0x080   at time  134046451 ps
inst0 ch0:  C_CMD: WRCMD     C_r = 0x001   at time  134048521 ps
inst0 ch0:  C_CMD: WRCMD     C_f = 0x000   at time  134048935 ps
inst0 ch0:  C_CMD: WRCMD     C_r = 0x009   at time  134049349 ps
inst0 ch0:  C_CMD: WRCMD     C_f = 0x082   at time  134049763 ps
inst0 ch0:  C_CMD: WRCMD     C_r = 0x009   at time  134051833 ps
inst0 ch0:  C_CMD: WRCMD     C_f = 0x002   at time  134052247 ps
inst0 ch0:  R_CMD: ACTCMD    R_r0= 0x0a    at time  138290365 ps
inst0 ch0:  R_CMD: ACTCMD    R_f0= 0x1b    at time  138290779 ps
inst0 ch0:  R_CMD: ACTCMD    R_r1= 0x3f    at time  138291193 ps
inst0 ch0:  R_CMD: ACTCMD    R_f1= 0x3b    at time  138291607 ps
inst0 ch0:  R_CMD: ACTCMD    R_r0= 0x0a    at time  138292849 ps
inst0 ch0:  R_CMD: ACTCMD    R_f0= 0x13    at time  138293263 ps
inst0 ch0:  R_CMD: ACTCMD    R_r1= 0x3f    at time  138293677 ps
inst0 ch0:  R_CMD: ACTCMD    R_f1= 0x3b    at time  138294091 ps
inst0 ch0:  C_CMD: RDCMD     C_r = 0x015   at time  138305269 ps
inst0 ch0:  C_CMD: RDCMD     C_f = 0x090   at time  138305683 ps
inst0 ch0:  C_CMD: RDCMD     C_r = 0x015   at time  138307753 ps
inst0 ch0:  C_CMD: RDCMD     C_f = 0x010   at time  138308167 ps
inst0 ch0:  C_CMD: RDCMD     C_r = 0x01d   at time  138308581 ps
inst0 ch0:  C_CMD: RDCMD     C_f = 0x092   at time  138308995 ps
inst0 ch0:  C_CMD: RDCMD     C_r = 0x01d   at time  138311065 ps
inst0 ch0:  C_CMD: RDCMD     C_f = 0x012   at time  138311479 ps
inst0 ch0:  R_CMD: ACTCMD    R_r0= 0x0a    at time  138565261 ps
inst0 ch0:  R_CMD: ACTCMD    R_f0= 0x1b    at time  138565675 ps
inst0 ch0:  R_CMD: ACTCMD    R_r1= 0x3f    at time  138566089 ps
inst0 ch0:  R_CMD: ACTCMD    R_f1= 0x3b    at time  138566503 ps
inst0 ch0:  R_CMD: ACTCMD    R_r0= 0x0a    at time  138567745 ps
inst0 ch0:  R_CMD: ACTCMD    R_f0= 0x13    at time  138568159 ps
inst0 ch0:  R_CMD: ACTCMD    R_r1= 0x3f    at time  138568573 ps
inst0 ch0:  R_CMD: ACTCMD    R_f1= 0x3b    at time  138568987 ps
inst0 ch0:  C_CMD: WRCMD     C_r = 0x011   at time  138576025 ps
inst0 ch0:  C_CMD: WRCMD     C_f = 0x090   at time  138576439 ps
inst0 ch0:  C_CMD: WRCMD     C_r = 0x011   at time  138578509 ps
inst0 ch0:  C_CMD: WRCMD     C_f = 0x010   at time  138578923 ps
inst0 ch0:  C_CMD: WRCMD     C_r = 0x019   at time  138579337 ps
inst0 ch0:  C_CMD: WRCMD     C_f = 0x092   at time  138579751 ps
inst0 ch0:  C_CMD: WRCMD     C_r = 0x019   at time  138581821 ps
inst0 ch0:  C_CMD: WRCMD     C_f = 0x012   at time  138582235 ps
inst0 ch0:  R_CMD: ACTCMD    R_r0= 0x0a    at time  142363297 ps
inst0 ch0:  R_CMD: ACTCMD    R_f0= 0x08    at time  142363711 ps
inst0 ch0:  R_CMD: ACTCMD    R_r1= 0x00    at time  142364125 ps
inst0 ch0:  R_CMD: ACTCMD    R_f1= 0x00    at time  142364539 ps
inst0 ch0:  R_CMD: ACTCMD    R_r0= 0x0a    at time  142364953 ps
inst0 ch0:  R_CMD: ACTCMD    R_f0= 0x00    at time  142365367 ps
inst0 ch0:  R_CMD: ACTCMD    R_r1= 0x00    at time  142365781 ps
inst0 ch0:  R_CMD: ACTCMD    R_f1= 0x00    at time  142366195 ps
inst0 ch0:  C_CMD: RDCMD     C_r = 0x015   at time  142378201 ps
inst0 ch0:  C_CMD: RDCMD     C_f = 0x0a8   at time  142378615 ps
inst0 ch0:  C_CMD: RDCMD     C_r = 0x015   at time  142379857 ps
inst0 ch0:  C_CMD: RDCMD     C_f = 0x028   at time  142380271 ps
inst0 ch0:  C_CMD: RDCMD     C_r = 0x015   at time  142381513 ps
inst0 ch0:  C_CMD: RDCMD     C_f = 0x0aa   at time  142381927 ps
inst0 ch0:  C_CMD: RDCMD     C_r = 0x015   at time  142383169 ps
inst0 ch0:  C_CMD: RDCMD     C_f = 0x02a   at time  142383583 ps
inst0 ch0:  C_CMD: RDCMD     C_r = 0x015   at time  142384825 ps
inst0 ch0:  C_CMD: RDCMD     C_f = 0x0a0   at time  142385239 ps
inst0 ch0:  C_CMD: RDCMD     C_r = 0x015   at time  142386481 ps
inst0 ch0:  C_CMD: RDCMD     C_f = 0x020   at time  142386895 ps
inst0 ch0:  C_CMD: RDCMD     C_r = 0x01d   at time  142388137 ps
inst0 ch0:  C_CMD: RDCMD     C_f = 0x0a2   at time  142388551 ps
inst0 ch0:  C_CMD: RDCMD     C_r = 0x01d   at time  142389793 ps
inst0 ch0:  C_CMD: RDCMD     C_f = 0x022   at time  142390207 ps
inst0 ch0:  R_CMD: ACTCMD    R_r0= 0x0a    at time  142433677 ps
inst0 ch0:  R_CMD: ACTCMD    R_f0= 0x08    at time  142434091 ps
inst0 ch0:  R_CMD: ACTCMD    R_r1= 0x00    at time  142434505 ps
inst0 ch0:  R_CMD: ACTCMD    R_f1= 0x00    at time  142434919 ps
inst0 ch0:  R_CMD: ACTCMD    R_r0= 0x0a    at time  142435333 ps
inst0 ch0:  R_CMD: ACTCMD    R_f0= 0x00    at time  142435747 ps
inst0 ch0:  R_CMD: ACTCMD    R_r1= 0x00    at time  142436161 ps
inst0 ch0:  R_CMD: ACTCMD    R_f1= 0x00    at time  142436575 ps
inst0 ch0:  C_CMD: WRCMD     C_r = 0x011   at time  142444441 ps
inst0 ch0:  C_CMD: WRCMD     C_f = 0x0a8   at time  142444855 ps
inst0 ch0:  C_CMD: WRCMD     C_r = 0x011   at time  142446097 ps
inst0 ch0:  C_CMD: WRCMD     C_f = 0x028   at time  142446511 ps
inst0 ch0:  C_CMD: WRCMD     C_r = 0x011   at time  142447753 ps
inst0 ch0:  C_CMD: WRCMD     C_f = 0x0aa   at time  142448167 ps
inst0 ch0:  C_CMD: WRCMD     C_r = 0x011   at time  142449409 ps
inst0 ch0:  C_CMD: WRCMD     C_f = 0x02a   at time  142449823 ps
inst0 ch0:  C_CMD: WRCMD     C_r = 0x011   at time  142451065 ps
inst0 ch0:  C_CMD: WRCMD     C_f = 0x0a0   at time  142451479 ps
inst0 ch0:  C_CMD: WRCMD     C_r = 0x011   at time  142452721 ps
inst0 ch0:  C_CMD: WRCMD     C_f = 0x020   at time  142453135 ps
inst0 ch0:  C_CMD: WRCMD     C_r = 0x019   at time  142454377 ps
inst0 ch0:  C_CMD: WRCMD     C_f = 0x0a2   at time  142454791 ps
inst0 ch0:  C_CMD: WRCMD     C_r = 0x019   at time  142456033 ps
inst0 ch0:  C_CMD: WRCMD     C_f = 0x022   at time  142456447 ps
inst0 ch0:  R_CMD: ACTCMD    R_r0= 0x02    at time  146179549 ps
inst0 ch0:  R_CMD: ACTCMD    R_f0= 0x18    at time  146179963 ps
inst0 ch0:  R_CMD: ACTCMD    R_r1= 0x3f    at time  146180377 ps
inst0 ch0:  R_CMD: ACTCMD    R_f1= 0x3b    at time  146180791 ps
inst0 ch0:  R_CMD: ACTCMD    R_r0= 0x02    at time  146181205 ps
inst0 ch0:  R_CMD: ACTCMD    R_f0= 0x10    at time  146181619 ps
inst0 ch0:  R_CMD: ACTCMD    R_r1= 0x3f    at time  146182033 ps
inst0 ch0:  R_CMD: ACTCMD    R_f1= 0x3b    at time  146182447 ps
inst0 ch0:  C_CMD: RDCMD     C_r = 0x005   at time  146194453 ps
inst0 ch0:  C_CMD: RDCMD     C_f = 0x0f8   at time  146194867 ps
inst0 ch0:  C_CMD: RDCMD     C_r = 0x005   at time  146196109 ps
inst0 ch0:  C_CMD: RDCMD     C_f = 0x078   at time  146196523 ps
inst0 ch0:  C_CMD: RDCMD     C_r = 0x00d   at time  146197765 ps
inst0 ch0:  C_CMD: RDCMD     C_f = 0x0fa   at time  146198179 ps
inst0 ch0:  C_CMD: RDCMD     C_r = 0x00d   at time  146199421 ps
inst0 ch0:  C_CMD: RDCMD     C_f = 0x07a   at time  146199835 ps
inst0 ch0:  R_CMD: ACTCMD    R_r0= 0x02    at time  146226745 ps
inst0 ch0:  R_CMD: ACTCMD    R_f0= 0x19    at time  146227159 ps
inst0 ch0:  R_CMD: ACTCMD    R_r1= 0x3f    at time  146227573 ps
inst0 ch0:  R_CMD: ACTCMD    R_f1= 0x3b    at time  146227987 ps
inst0 ch0:  R_CMD: ACTCMD    R_r0= 0x02    at time  146228401 ps
inst0 ch0:  R_CMD: ACTCMD    R_f0= 0x11    at time  146228815 ps
inst0 ch0:  R_CMD: ACTCMD    R_r1= 0x3f    at time  146229229 ps
inst0 ch0:  R_CMD: ACTCMD    R_f1= 0x3b    at time  146229643 ps
inst0 ch0:  C_CMD: RDCMD     C_r = 0x005   at time  146241649 ps
inst0 ch0:  C_CMD: RDCMD     C_f = 0x0f8   at time  146242063 ps
inst0 ch0:  C_CMD: RDCMD     C_r = 0x005   at time  146243305 ps
inst0 ch0:  C_CMD: RDCMD     C_f = 0x078   at time  146243719 ps
inst0 ch0:  C_CMD: RDCMD     C_r = 0x00d   at time  146244961 ps
inst0 ch0:  C_CMD: RDCMD     C_f = 0x0fa   at time  146245375 ps
inst0 ch0:  C_CMD: RDCMD     C_r = 0x00d   at time  146246617 ps
inst0 ch0:  C_CMD: RDCMD     C_f = 0x07a   at time  146247031 ps
inst0 ch0:  R_CMD: ACTCMD    R_r0= 0x02    at time  146273941 ps
inst0 ch0:  R_CMD: ACTCMD    R_f0= 0x18    at time  146274355 ps
inst0 ch0:  R_CMD: ACTCMD    R_r1= 0x3f    at time  146274769 ps
inst0 ch0:  R_CMD: ACTCMD    R_f1= 0x3b    at time  146275183 ps
inst0 ch0:  R_CMD: ACTCMD    R_r0= 0x02    at time  146275597 ps
inst0 ch0:  R_CMD: ACTCMD    R_f0= 0x10    at time  146276011 ps
inst0 ch0:  R_CMD: ACTCMD    R_r1= 0x3f    at time  146276425 ps
inst0 ch0:  R_CMD: ACTCMD    R_f1= 0x3b    at time  146276839 ps
inst0 ch0:  C_CMD: WRCMD     C_r = 0x001   at time  146284705 ps
inst0 ch0:  C_CMD: WRCMD     C_f = 0x0f8   at time  146285119 ps
inst0 ch0:  C_CMD: WRCMD     C_r = 0x001   at time  146286361 ps
inst0 ch0:  C_CMD: WRCMD     C_f = 0x078   at time  146286775 ps
inst0 ch0:  C_CMD: WRCMD     C_r = 0x009   at time  146288017 ps
inst0 ch0:  C_CMD: WRCMD     C_f = 0x0fa   at time  146288431 ps
inst0 ch0:  C_CMD: WRCMD     C_r = 0x009   at time  146289673 ps
inst0 ch0:  C_CMD: WRCMD     C_f = 0x07a   at time  146290087 ps
inst0 ch0:  R_CMD: ACTCMD    R_r0= 0x02    at time  146326105 ps
inst0 ch0:  R_CMD: ACTCMD    R_f0= 0x19    at time  146326519 ps
inst0 ch0:  R_CMD: ACTCMD    R_r1= 0x3f    at time  146326933 ps
inst0 ch0:  R_CMD: ACTCMD    R_f1= 0x3b    at time  146327347 ps
inst0 ch0:  R_CMD: ACTCMD    R_r0= 0x02    at time  146327761 ps
inst0 ch0:  R_CMD: ACTCMD    R_f0= 0x11    at time  146328175 ps
inst0 ch0:  R_CMD: ACTCMD    R_r1= 0x3f    at time  146328589 ps
inst0 ch0:  R_CMD: ACTCMD    R_f1= 0x3b    at time  146329003 ps
inst0 ch0:  C_CMD: WRCMD     C_r = 0x001   at time  146336869 ps
inst0 ch0:  C_CMD: WRCMD     C_f = 0x0f8   at time  146337283 ps
inst0 ch0:  C_CMD: WRCMD     C_r = 0x001   at time  146338525 ps
inst0 ch0:  C_CMD: WRCMD     C_f = 0x078   at time  146338939 ps
inst0 ch0:  C_CMD: WRCMD     C_r = 0x009   at time  146340181 ps
inst0 ch0:  C_CMD: WRCMD     C_f = 0x0fa   at time  146340595 ps
inst0 ch0:  C_CMD: WRCMD     C_r = 0x009   at time  146341837 ps
inst0 ch0:  C_CMD: WRCMD     C_f = 0x07a   at time  146342251 ps
inst0 ch0:  R_CMD: ACTCMD    R_r0= 0x0a    at time  146433745 ps
inst0 ch0:  R_CMD: ACTCMD    R_f0= 0x18    at time  146434159 ps
inst0 ch0:  R_CMD: ACTCMD    R_r1= 0x3f    at time  146434573 ps
inst0 ch0:  R_CMD: ACTCMD    R_f1= 0x3b    at time  146434987 ps
inst0 ch0:  R_CMD: ACTCMD    R_r0= 0x0a    at time  146435401 ps
inst0 ch0:  R_CMD: ACTCMD    R_f0= 0x10    at time  146435815 ps
inst0 ch0:  R_CMD: ACTCMD    R_r1= 0x3f    at time  146436229 ps
inst0 ch0:  R_CMD: ACTCMD    R_f1= 0x3b    at time  146436643 ps
inst0 ch0:  C_CMD: RDCMD     C_r = 0x015   at time  146448649 ps
inst0 ch0:  C_CMD: RDCMD     C_f = 0x0f8   at time  146449063 ps
inst0 ch0:  C_CMD: RDCMD     C_r = 0x015   at time  146450305 ps
inst0 ch0:  C_CMD: RDCMD     C_f = 0x078   at time  146450719 ps
inst0 ch0:  C_CMD: RDCMD     C_r = 0x01d   at time  146451961 ps
inst0 ch0:  C_CMD: RDCMD     C_f = 0x0fa   at time  146452375 ps
inst0 ch0:  C_CMD: RDCMD     C_r = 0x01d   at time  146453617 ps
inst0 ch0:  C_CMD: RDCMD     C_f = 0x07a   at time  146454031 ps
inst0 ch0:  R_CMD: ACTCMD    R_r0= 0x0a    at time  146480941 ps
inst0 ch0:  R_CMD: ACTCMD    R_f0= 0x08    at time  146481355 ps
inst0 ch0:  R_CMD: ACTCMD    R_r1= 0x00    at time  146481769 ps
inst0 ch0:  R_CMD: ACTCMD    R_f1= 0x00    at time  146482183 ps
inst0 ch0:  R_CMD: ACTCMD    R_r0= 0x0a    at time  146482597 ps
inst0 ch0:  R_CMD: ACTCMD    R_f0= 0x00    at time  146483011 ps
inst0 ch0:  R_CMD: ACTCMD    R_r1= 0x00    at time  146483425 ps
inst0 ch0:  R_CMD: ACTCMD    R_f1= 0x00    at time  146483839 ps
inst0 ch0:  C_CMD: RDCMD     C_r = 0x015   at time  146495845 ps
inst0 ch0:  C_CMD: RDCMD     C_f = 0x0b8   at time  146496259 ps
inst0 ch0:  C_CMD: RDCMD     C_r = 0x015   at time  146497501 ps
inst0 ch0:  C_CMD: RDCMD     C_f = 0x038   at time  146497915 ps
inst0 ch0:  C_CMD: RDCMD     C_r = 0x015   at time  146499157 ps
inst0 ch0:  C_CMD: RDCMD     C_f = 0x0ba   at time  146499571 ps
inst0 ch0:  C_CMD: RDCMD     C_r = 0x015   at time  146500813 ps
inst0 ch0:  C_CMD: RDCMD     C_f = 0x03a   at time  146501227 ps
inst0 ch0:  C_CMD: RDCMD     C_r = 0x015   at time  146502469 ps
inst0 ch0:  C_CMD: RDCMD     C_f = 0x0b0   at time  146502883 ps
inst0 ch0:  C_CMD: RDCMD     C_r = 0x015   at time  146504125 ps
inst0 ch0:  C_CMD: RDCMD     C_f = 0x030   at time  146504539 ps
inst0 ch0:  C_CMD: RDCMD     C_r = 0x01d   at time  146505781 ps
inst0 ch0:  C_CMD: RDCMD     C_f = 0x0b2   at time  146506195 ps
inst0 ch0:  C_CMD: RDCMD     C_r = 0x01d   at time  146507437 ps
inst0 ch0:  C_CMD: RDCMD     C_f = 0x032   at time  146507851 ps
inst0 ch0:  R_CMD: ACTCMD    R_r0= 0x0a    at time  146528137 ps
inst0 ch0:  R_CMD: ACTCMD    R_f0= 0x19    at time  146528551 ps
inst0 ch0:  R_CMD: ACTCMD    R_r1= 0x3f    at time  146528965 ps
inst0 ch0:  R_CMD: ACTCMD    R_f1= 0x3b    at time  146529379 ps
inst0 ch0:  R_CMD: ACTCMD    R_r0= 0x0a    at time  146529793 ps
inst0 ch0:  R_CMD: ACTCMD    R_f0= 0x11    at time  146530207 ps
inst0 ch0:  R_CMD: ACTCMD    R_r1= 0x3f    at time  146530621 ps
inst0 ch0:  R_CMD: ACTCMD    R_f1= 0x3b    at time  146531035 ps
inst0 ch0:  C_CMD: RDCMD     C_r = 0x015   at time  146543041 ps
inst0 ch0:  C_CMD: RDCMD     C_f = 0x0f8   at time  146543455 ps
inst0 ch0:  C_CMD: RDCMD     C_r = 0x015   at time  146544697 ps
inst0 ch0:  C_CMD: RDCMD     C_f = 0x078   at time  146545111 ps
inst0 ch0:  C_CMD: RDCMD     C_r = 0x01d   at time  146546353 ps
inst0 ch0:  C_CMD: RDCMD     C_f = 0x0fa   at time  146546767 ps
inst0 ch0:  C_CMD: RDCMD     C_r = 0x01d   at time  146548009 ps
inst0 ch0:  C_CMD: RDCMD     C_f = 0x07a   at time  146548423 ps
inst0 ch0:  R_CMD: ACTCMD    R_r0= 0x0a    at time  146575333 ps
inst0 ch0:  R_CMD: ACTCMD    R_f0= 0x18    at time  146575747 ps
inst0 ch0:  R_CMD: ACTCMD    R_r1= 0x3f    at time  146576161 ps
inst0 ch0:  R_CMD: ACTCMD    R_f1= 0x3b    at time  146576575 ps
inst0 ch0:  R_CMD: ACTCMD    R_r0= 0x0a    at time  146576989 ps
inst0 ch0:  R_CMD: ACTCMD    R_f0= 0x10    at time  146577403 ps
inst0 ch0:  R_CMD: ACTCMD    R_r1= 0x3f    at time  146577817 ps
inst0 ch0:  R_CMD: ACTCMD    R_f1= 0x3b    at time  146578231 ps
inst0 ch0:  C_CMD: WRCMD     C_r = 0x011   at time  146586097 ps
inst0 ch0:  C_CMD: WRCMD     C_f = 0x0f8   at time  146586511 ps
inst0 ch0:  C_CMD: WRCMD     C_r = 0x011   at time  146587753 ps
inst0 ch0:  C_CMD: WRCMD     C_f = 0x078   at time  146588167 ps
inst0 ch0:  C_CMD: WRCMD     C_r = 0x019   at time  146589409 ps
inst0 ch0:  C_CMD: WRCMD     C_f = 0x0fa   at time  146589823 ps
inst0 ch0:  C_CMD: WRCMD     C_r = 0x019   at time  146591065 ps
inst0 ch0:  C_CMD: WRCMD     C_f = 0x07a   at time  146591479 ps
inst0 ch0:  R_CMD: ACTCMD    R_r0= 0x0a    at time  146627497 ps
inst0 ch0:  R_CMD: ACTCMD    R_f0= 0x08    at time  146627911 ps
inst0 ch0:  R_CMD: ACTCMD    R_r1= 0x00    at time  146628325 ps
inst0 ch0:  R_CMD: ACTCMD    R_f1= 0x00    at time  146628739 ps
inst0 ch0:  R_CMD: ACTCMD    R_r0= 0x0a    at time  146629153 ps
inst0 ch0:  R_CMD: ACTCMD    R_f0= 0x00    at time  146629567 ps
inst0 ch0:  R_CMD: ACTCMD    R_r1= 0x00    at time  146629981 ps
inst0 ch0:  R_CMD: ACTCMD    R_f1= 0x00    at time  146630395 ps
inst0 ch0:  C_CMD: WRCMD     C_r = 0x011   at time  146638261 ps
inst0 ch0:  C_CMD: WRCMD     C_f = 0x0b8   at time  146638675 ps
inst0 ch0:  C_CMD: WRCMD     C_r = 0x011   at time  146639917 ps
inst0 ch0:  C_CMD: WRCMD     C_f = 0x038   at time  146640331 ps
inst0 ch0:  C_CMD: WRCMD     C_r = 0x011   at time  146641573 ps
inst0 ch0:  C_CMD: WRCMD     C_f = 0x0ba   at time  146641987 ps
inst0 ch0:  C_CMD: WRCMD     C_r = 0x011   at time  146643229 ps
inst0 ch0:  C_CMD: WRCMD     C_f = 0x03a   at time  146643643 ps
inst0 ch0:  C_CMD: WRCMD     C_r = 0x011   at time  146644885 ps
inst0 ch0:  C_CMD: WRCMD     C_f = 0x0b0   at time  146645299 ps
inst0 ch0:  C_CMD: WRCMD     C_r = 0x011   at time  146646541 ps
inst0 ch0:  C_CMD: WRCMD     C_f = 0x030   at time  146646955 ps
inst0 ch0:  C_CMD: WRCMD     C_r = 0x019   at time  146648197 ps
inst0 ch0:  C_CMD: WRCMD     C_f = 0x0b2   at time  146648611 ps
inst0 ch0:  C_CMD: WRCMD     C_r = 0x019   at time  146649853 ps
inst0 ch0:  C_CMD: WRCMD     C_f = 0x032   at time  146650267 ps
inst0 ch0:  R_CMD: ACTCMD    R_r0= 0x0a    at time  146686285 ps
inst0 ch0:  R_CMD: ACTCMD    R_f0= 0x19    at time  146686699 ps
inst0 ch0:  R_CMD: ACTCMD    R_r1= 0x3f    at time  146687113 ps
inst0 ch0:  R_CMD: ACTCMD    R_f1= 0x3b    at time  146687527 ps
inst0 ch0:  R_CMD: ACTCMD    R_r0= 0x0a    at time  146687941 ps
inst0 ch0:  R_CMD: ACTCMD    R_f0= 0x11    at time  146688355 ps
inst0 ch0:  R_CMD: ACTCMD    R_r1= 0x3f    at time  146688769 ps
inst0 ch0:  R_CMD: ACTCMD    R_f1= 0x3b    at time  146689183 ps
inst0 ch0:  C_CMD: WRCMD     C_r = 0x011   at time  146697049 ps
inst0 ch0:  C_CMD: WRCMD     C_f = 0x0f8   at time  146697463 ps
inst0 ch0:  C_CMD: WRCMD     C_r = 0x011   at time  146698705 ps
inst0 ch0:  C_CMD: WRCMD     C_f = 0x078   at time  146699119 ps
inst0 ch0:  C_CMD: WRCMD     C_r = 0x019   at time  146700361 ps
inst0 ch0:  C_CMD: WRCMD     C_f = 0x0fa   at time  146700775 ps
inst0 ch0:  C_CMD: WRCMD     C_r = 0x019   at time  146702017 ps
inst0 ch0:  C_CMD: WRCMD     C_f = 0x07a   at time  146702431 ps
inst0 ch0:  R_CMD: ACTCMD    R_r0= 0x02    at time  147197161 ps
inst0 ch0:  R_CMD: ACTCMD    R_f0= 0x38    at time  147197575 ps
inst0 ch0:  R_CMD: ACTCMD    R_r1= 0x3f    at time  147197989 ps
inst0 ch0:  R_CMD: ACTCMD    R_f1= 0x3b    at time  147198403 ps
inst0 ch0:  R_CMD: ACTCMD    R_r0= 0x02    at time  147198817 ps
inst0 ch0:  R_CMD: ACTCMD    R_f0= 0x30    at time  147199231 ps
inst0 ch0:  R_CMD: ACTCMD    R_r1= 0x3f    at time  147199645 ps
inst0 ch0:  R_CMD: ACTCMD    R_f1= 0x3b    at time  147200059 ps
inst0 ch0:  C_CMD: RDCMD     C_r = 0x085   at time  147212065 ps
inst0 ch0:  C_CMD: RDCMD     C_f = 0x0f8   at time  147212479 ps
inst0 ch0:  C_CMD: RDCMD     C_r = 0x085   at time  147213721 ps
inst0 ch0:  C_CMD: RDCMD     C_f = 0x078   at time  147214135 ps
inst0 ch0:  C_CMD: RDCMD     C_r = 0x08d   at time  147215377 ps
inst0 ch0:  C_CMD: RDCMD     C_f = 0x0fa   at time  147215791 ps
inst0 ch0:  C_CMD: RDCMD     C_r = 0x08d   at time  147217033 ps
inst0 ch0:  C_CMD: RDCMD     C_f = 0x07a   at time  147217447 ps
inst0 ch0:  R_CMD: ACTCMD    R_r0= 0x02    at time  147269197 ps
inst0 ch0:  R_CMD: ACTCMD    R_f0= 0x30    at time  147269611 ps
inst0 ch0:  R_CMD: ACTCMD    R_r1= 0x3f    at time  147270025 ps
inst0 ch0:  R_CMD: ACTCMD    R_f1= 0x3b    at time  147270439 ps
inst0 ch0:  R_CMD: ACTCMD    R_r0= 0x02    at time  147270853 ps
inst0 ch0:  R_CMD: ACTCMD    R_f0= 0x38    at time  147271267 ps
inst0 ch0:  R_CMD: ACTCMD    R_r1= 0x3f    at time  147271681 ps
inst0 ch0:  R_CMD: ACTCMD    R_f1= 0x3b    at time  147272095 ps
inst0 ch0:  C_CMD: WRCMD     C_r = 0x081   at time  147279961 ps
inst0 ch0:  C_CMD: WRCMD     C_f = 0x078   at time  147280375 ps
inst0 ch0:  C_CMD: WRCMD     C_r = 0x081   at time  147281617 ps
inst0 ch0:  C_CMD: WRCMD     C_f = 0x0f8   at time  147282031 ps
inst0 ch0:  C_CMD: WRCMD     C_r = 0x089   at time  147283273 ps
inst0 ch0:  C_CMD: WRCMD     C_f = 0x07a   at time  147283687 ps
inst0 ch0:  C_CMD: WRCMD     C_r = 0x089   at time  147284929 ps
inst0 ch0:  C_CMD: WRCMD     C_f = 0x0fa   at time  147285343 ps
inst0 ch0:  R_CMD: ACTCMD    R_r0= 0x0a    at time  147450529 ps
inst0 ch0:  R_CMD: ACTCMD    R_f0= 0x30    at time  147450943 ps
inst0 ch0:  R_CMD: ACTCMD    R_r1= 0x3f    at time  147451357 ps
inst0 ch0:  R_CMD: ACTCMD    R_f1= 0x3b    at time  147451771 ps
inst0 ch0:  R_CMD: ACTCMD    R_r0= 0x0a    at time  147453013 ps
inst0 ch0:  R_CMD: ACTCMD    R_f0= 0x38    at time  147453427 ps
inst0 ch0:  R_CMD: ACTCMD    R_r1= 0x3f    at time  147453841 ps
inst0 ch0:  R_CMD: ACTCMD    R_f1= 0x3b    at time  147454255 ps
inst0 ch0:  C_CMD: RDCMD     C_r = 0x095   at time  147465433 ps
inst0 ch0:  C_CMD: RDCMD     C_f = 0x078   at time  147465847 ps
inst0 ch0:  C_CMD: RDCMD     C_r = 0x095   at time  147467917 ps
inst0 ch0:  C_CMD: RDCMD     C_f = 0x0f8   at time  147468331 ps
inst0 ch0:  C_CMD: RDCMD     C_r = 0x09d   at time  147468745 ps
inst0 ch0:  C_CMD: RDCMD     C_f = 0x07a   at time  147469159 ps
inst0 ch0:  C_CMD: RDCMD     C_r = 0x09d   at time  147471229 ps
inst0 ch0:  C_CMD: RDCMD     C_f = 0x0fa   at time  147471643 ps
inst0 ch0:  R_CMD: ACTCMD    R_r0= 0x0a    at time  147520909 ps
inst0 ch0:  R_CMD: ACTCMD    R_f0= 0x30    at time  147521323 ps
inst0 ch0:  R_CMD: ACTCMD    R_r1= 0x3f    at time  147521737 ps
inst0 ch0:  R_CMD: ACTCMD    R_f1= 0x3b    at time  147522151 ps
inst0 ch0:  R_CMD: ACTCMD    R_r0= 0x0a    at time  147523393 ps
inst0 ch0:  R_CMD: ACTCMD    R_f0= 0x38    at time  147523807 ps
inst0 ch0:  R_CMD: ACTCMD    R_r1= 0x3f    at time  147524221 ps
inst0 ch0:  R_CMD: ACTCMD    R_f1= 0x3b    at time  147524635 ps
inst0 ch0:  C_CMD: WRCMD     C_r = 0x091   at time  147531673 ps
inst0 ch0:  C_CMD: WRCMD     C_f = 0x078   at time  147532087 ps
inst0 ch0:  C_CMD: WRCMD     C_r = 0x091   at time  147534157 ps
inst0 ch0:  C_CMD: WRCMD     C_f = 0x0f8   at time  147534571 ps
inst0 ch0:  C_CMD: WRCMD     C_r = 0x099   at time  147534985 ps
inst0 ch0:  C_CMD: WRCMD     C_f = 0x07a   at time  147535399 ps
inst0 ch0:  C_CMD: WRCMD     C_r = 0x099   at time  147537469 ps
inst0 ch0:  C_CMD: WRCMD     C_f = 0x0fa   at time  147537883 ps
