inst0 ch0:  R_CMD: ACTCMD    R_r0= 0x0e    at time   33400981 ps
inst0 ch0:  R_CMD: ACTCMD    R_f0= 0x28    at time   33401395 ps
inst0 ch0:  R_CMD: ACTCMD    R_r1= 0x00    at time   33401809 ps
inst0 ch0:  R_CMD: ACTCMD    R_f1= 0x02    at time   33402223 ps
inst0 ch0:  R_CMD: ACTCMD    R_r0= 0x0e    at time   33402637 ps
inst0 ch0:  R_CMD: ACTCMD    R_f0= 0x20    at time   33403051 ps
inst0 ch0:  R_CMD: ACTCMD    R_r1= 0x00    at time   33403465 ps
inst0 ch0:  R_CMD: ACTCMD    R_f1= 0x02    at time   33403879 ps
inst0 ch0:  C_CMD: RDCMD     C_r = 0x095   at time   33415885 ps
inst0 ch0:  C_CMD: RDCMD     C_f = 0x0a9   at time   33416299 ps
inst0 ch0:  C_CMD: RDCMD     C_r = 0x095   at time   33417541 ps
inst0 ch0:  C_CMD: RDCMD     C_f = 0x029   at time   33417955 ps
inst0 ch0:  C_CMD: RDCMD     C_r = 0x095   at time   33419197 ps
inst0 ch0:  C_CMD: RDCMD     C_f = 0x0ab   at time   33419611 ps
inst0 ch0:  C_CMD: RDCMD     C_r = 0x095   at time   33420853 ps
inst0 ch0:  C_CMD: RDCMD     C_f = 0x02b   at time   33421267 ps
inst0 ch0:  C_CMD: RDCMD     C_r = 0x095   at time   33422509 ps
inst0 ch0:  C_CMD: RDCMD     C_f = 0x0a1   at time   33422923 ps
inst0 ch0:  C_CMD: RDCMD     C_r = 0x095   at time   33424165 ps
inst0 ch0:  C_CMD: RDCMD     C_f = 0x021   at time   33424579 ps
inst0 ch0:  C_CMD: RDCMD     C_r = 0x09d   at time   33425821 ps
inst0 ch0:  C_CMD: RDCMD     C_f = 0x0a3   at time   33426235 ps
inst0 ch0:  C_CMD: RDCMD     C_r = 0x09d   at time   33427477 ps
inst0 ch0:  C_CMD: RDCMD     C_f = 0x023   at time   33427891 ps
inst0 ch0:  R_CMD: ACTCMD    R_r0= 0x0e    at time   33625369 ps
inst0 ch0:  R_CMD: ACTCMD    R_f0= 0x28    at time   33625783 ps
inst0 ch0:  R_CMD: ACTCMD    R_r1= 0x00    at time   33626197 ps
inst0 ch0:  R_CMD: ACTCMD    R_f1= 0x02    at time   33626611 ps
inst0 ch0:  R_CMD: ACTCMD    R_r0= 0x0e    at time   33627025 ps
inst0 ch0:  R_CMD: ACTCMD    R_f0= 0x20    at time   33627439 ps
inst0 ch0:  R_CMD: ACTCMD    R_r1= 0x00    at time   33627853 ps
inst0 ch0:  R_CMD: ACTCMD    R_f1= 0x02    at time   33628267 ps
inst0 ch0:  C_CMD: WRCMD     C_r = 0x091   at time   33636133 ps
inst0 ch0:  C_CMD: WRCMD     C_f = 0x0a9   at time   33636547 ps
inst0 ch0:  C_CMD: WRCMD     C_r = 0x091   at time   33637789 ps
inst0 ch0:  C_CMD: WRCMD     C_f = 0x029   at time   33638203 ps
inst0 ch0:  C_CMD: WRCMD     C_r = 0x091   at time   33639445 ps
inst0 ch0:  C_CMD: WRCMD     C_f = 0x0ab   at time   33639859 ps
inst0 ch0:  C_CMD: WRCMD     C_r = 0x091   at time   33641101 ps
inst0 ch0:  C_CMD: WRCMD     C_f = 0x02b   at time   33641515 ps
inst0 ch0:  C_CMD: WRCMD     C_r = 0x091   at time   33642757 ps
inst0 ch0:  C_CMD: WRCMD     C_f = 0x0a1   at time   33643171 ps
inst0 ch0:  C_CMD: WRCMD     C_r = 0x091   at time   33644413 ps
inst0 ch0:  C_CMD: WRCMD     C_f = 0x021   at time   33644827 ps
inst0 ch0:  C_CMD: WRCMD     C_r = 0x099   at time   33646069 ps
inst0 ch0:  C_CMD: WRCMD     C_f = 0x0a3   at time   33646483 ps
inst0 ch0:  C_CMD: WRCMD     C_r = 0x099   at time   33647725 ps
inst0 ch0:  C_CMD: WRCMD     C_f = 0x023   at time   33648139 ps
inst0 ch0:  R_CMD: ACTCMD    R_r0= 0x2e    at time   37740529 ps
inst0 ch0:  R_CMD: ACTCMD    R_f0= 0x28    at time   37740943 ps
inst0 ch0:  R_CMD: ACTCMD    R_r1= 0x00    at time   37741357 ps
inst0 ch0:  R_CMD: ACTCMD    R_f1= 0x02    at time   37741771 ps
inst0 ch0:  R_CMD: ACTCMD    R_r0= 0x2e    at time   37743013 ps
inst0 ch0:  R_CMD: ACTCMD    R_f0= 0x20    at time   37743427 ps
inst0 ch0:  R_CMD: ACTCMD    R_r1= 0x00    at time   37743841 ps
inst0 ch0:  R_CMD: ACTCMD    R_f1= 0x02    at time   37744255 ps
inst0 ch0:  C_CMD: RDCMD     C_r = 0x0d5   at time   37755433 ps
inst0 ch0:  C_CMD: RDCMD     C_f = 0x0a9   at time   37755847 ps
inst0 ch0:  C_CMD: RDCMD     C_r = 0x0d5   at time   37757917 ps
inst0 ch0:  C_CMD: RDCMD     C_f = 0x029   at time   37758331 ps
inst0 ch0:  C_CMD: RDCMD     C_r = 0x0d5   at time   37758745 ps
inst0 ch0:  C_CMD: RDCMD     C_f = 0x0ab   at time   37759159 ps
inst0 ch0:  C_CMD: RDCMD     C_r = 0x0d5   at time   37761229 ps
inst0 ch0:  C_CMD: RDCMD     C_f = 0x02b   at time   37761643 ps
inst0 ch0:  C_CMD: RDCMD     C_r = 0x0d5   at time   37762057 ps
inst0 ch0:  C_CMD: RDCMD     C_f = 0x0a1   at time   37762471 ps
inst0 ch0:  C_CMD: RDCMD     C_r = 0x0d5   at time   37764541 ps
inst0 ch0:  C_CMD: RDCMD     C_f = 0x021   at time   37764955 ps
inst0 ch0:  C_CMD: RDCMD     C_r = 0x0dd   at time   37765369 ps
inst0 ch0:  C_CMD: RDCMD     C_f = 0x0a3   at time   37765783 ps
inst0 ch0:  C_CMD: RDCMD     C_r = 0x0dd   at time   37767853 ps
inst0 ch0:  C_CMD: RDCMD     C_f = 0x023   at time   37768267 ps
inst0 ch0:  R_CMD: ACTCMD    R_r0= 0x2e    at time   37810909 ps
inst0 ch0:  R_CMD: ACTCMD    R_f0= 0x28    at time   37811323 ps
inst0 ch0:  R_CMD: ACTCMD    R_r1= 0x00    at time   37811737 ps
inst0 ch0:  R_CMD: ACTCMD    R_f1= 0x02    at time   37812151 ps
inst0 ch0:  R_CMD: ACTCMD    R_r0= 0x2e    at time   37813393 ps
inst0 ch0:  R_CMD: ACTCMD    R_f0= 0x20    at time   37813807 ps
inst0 ch0:  R_CMD: ACTCMD    R_r1= 0x00    at time   37814221 ps
inst0 ch0:  R_CMD: ACTCMD    R_f1= 0x02    at time   37814635 ps
inst0 ch0:  C_CMD: WRCMD     C_r = 0x0d1   at time   37821673 ps
inst0 ch0:  C_CMD: WRCMD     C_f = 0x0a9   at time   37822087 ps
inst0 ch0:  C_CMD: WRCMD     C_r = 0x0d1   at time   37824157 ps
inst0 ch0:  C_CMD: WRCMD     C_f = 0x029   at time   37824571 ps
inst0 ch0:  C_CMD: WRCMD     C_r = 0x0d1   at time   37824985 ps
inst0 ch0:  C_CMD: WRCMD     C_f = 0x0ab   at time   37825399 ps
inst0 ch0:  C_CMD: WRCMD     C_r = 0x0d1   at time   37827469 ps
inst0 ch0:  C_CMD: WRCMD     C_f = 0x02b   at time   37827883 ps
inst0 ch0:  C_CMD: WRCMD     C_r = 0x0d1   at time   37828297 ps
inst0 ch0:  C_CMD: WRCMD     C_f = 0x0a1   at time   37828711 ps
inst0 ch0:  C_CMD: WRCMD     C_r = 0x0d1   at time   37830781 ps
inst0 ch0:  C_CMD: WRCMD     C_f = 0x021   at time   37831195 ps
inst0 ch0:  C_CMD: WRCMD     C_r = 0x0d9   at time   37831609 ps
inst0 ch0:  C_CMD: WRCMD     C_f = 0x0a3   at time   37832023 ps
inst0 ch0:  C_CMD: WRCMD     C_r = 0x0d9   at time   37834093 ps
inst0 ch0:  C_CMD: WRCMD     C_f = 0x023   at time   37834507 ps
inst0 ch0:  R_CMD: ACTCMD    R_r0= 0x22    at time   54503389 ps
inst0 ch0:  R_CMD: ACTCMD    R_f0= 0x22    at time   54503803 ps
inst0 ch0:  R_CMD: ACTCMD    R_r1= 0x00    at time   54504217 ps
inst0 ch0:  R_CMD: ACTCMD    R_f1= 0x00    at time   54504631 ps
inst0 ch0:  R_CMD: ACTCMD    R_r0= 0x22    at time   54505045 ps
inst0 ch0:  R_CMD: ACTCMD    R_f0= 0x2a    at time   54505459 ps
inst0 ch0:  R_CMD: ACTCMD    R_r1= 0x00    at time   54505873 ps
inst0 ch0:  R_CMD: ACTCMD    R_f1= 0x00    at time   54506287 ps
inst0 ch0:  R_CMD: ACTCMD    R_r0= 0x02    at time   54507529 ps
inst0 ch0:  R_CMD: ACTCMD    R_f0= 0x22    at time   54507943 ps
inst0 ch0:  R_CMD: ACTCMD    R_r1= 0x00    at time   54508357 ps
inst0 ch0:  R_CMD: ACTCMD    R_f1= 0x00    at time   54508771 ps
inst0 ch0:  R_CMD: ACTCMD    R_r0= 0x02    at time   54509185 ps
inst0 ch0:  R_CMD: ACTCMD    R_f0= 0x2a    at time   54509599 ps
inst0 ch0:  R_CMD: ACTCMD    R_r1= 0x00    at time   54510013 ps
inst0 ch0:  R_CMD: ACTCMD    R_f1= 0x00    at time   54510427 ps
inst0 ch0:  R_CMD: ACTCMD    R_r0= 0x22    at time   54511669 ps
inst0 ch0:  R_CMD: ACTCMD    R_f0= 0x02    at time   54512083 ps
inst0 ch0:  R_CMD: ACTCMD    R_r1= 0x00    at time   54512497 ps
inst0 ch0:  R_CMD: ACTCMD    R_f1= 0x00    at time   54512911 ps
inst0 ch0:  R_CMD: ACTCMD    R_r0= 0x22    at time   54513325 ps
inst0 ch0:  R_CMD: ACTCMD    R_f0= 0x0a    at time   54513739 ps
inst0 ch0:  R_CMD: ACTCMD    R_r1= 0x00    at time   54514153 ps
inst0 ch0:  R_CMD: ACTCMD    R_f1= 0x00    at time   54514567 ps
inst0 ch0:  R_CMD: ACTCMD    R_r0= 0x02    at time   54515809 ps
inst0 ch0:  R_CMD: ACTCMD    R_f0= 0x02    at time   54516223 ps
inst0 ch0:  R_CMD: ACTCMD    R_r1= 0x00    at time   54516637 ps
inst0 ch0:  R_CMD: ACTCMD    R_f1= 0x00    at time   54517051 ps
inst0 ch0:  R_CMD: ACTCMD    R_r0= 0x02    at time   54517465 ps
inst0 ch0:  R_CMD: ACTCMD    R_f0= 0x0a    at time   54517879 ps
inst0 ch0:  R_CMD: ACTCMD    R_r1= 0x00    at time   54518293 ps
inst0 ch0:  C_CMD: RDCMD     C_r = 0x0c5   at time   54518293 ps
inst0 ch0:  R_CMD: ACTCMD    R_f1= 0x00    at time   54518707 ps
inst0 ch0:  C_CMD: RDCMD     C_f = 0x000   at time   54518707 ps
inst0 ch0:  C_CMD: RDCMD     C_r = 0x0c5   at time   54519949 ps
inst0 ch0:  C_CMD: RDCMD     C_f = 0x080   at time   54520363 ps
inst0 ch0:  C_CMD: RDCMD     C_r = 0x0cd   at time   54521605 ps
inst0 ch0:  C_CMD: RDCMD     C_f = 0x002   at time   54522019 ps
inst0 ch0:  C_CMD: RDCMD     C_r = 0x085   at time   54523261 ps
inst0 ch0:  C_CMD: RDCMD     C_f = 0x000   at time   54523675 ps
inst0 ch0:  C_CMD: RDCMD     C_r = 0x0cd   at time   54524089 ps
inst0 ch0:  C_CMD: RDCMD     C_f = 0x082   at time   54524503 ps
inst0 ch0:  C_CMD: RDCMD     C_r = 0x085   at time   54525745 ps
inst0 ch0:  C_CMD: RDCMD     C_f = 0x080   at time   54526159 ps
inst0 ch0:  C_CMD: RDCMD     C_r = 0x08d   at time   54526573 ps
inst0 ch0:  C_CMD: RDCMD     C_f = 0x002   at time   54526987 ps
inst0 ch0:  C_CMD: RDCMD     C_r = 0x045   at time   54528229 ps
inst0 ch0:  C_CMD: RDCMD     C_f = 0x000   at time   54528643 ps
inst0 ch0:  C_CMD: RDCMD     C_r = 0x08d   at time   54529057 ps
inst0 ch0:  C_CMD: RDCMD     C_f = 0x082   at time   54529471 ps
inst0 ch0:  C_CMD: RDCMD     C_r = 0x005   at time   54530713 ps
inst0 ch0:  C_CMD: RDCMD     C_f = 0x000   at time   54531127 ps
inst0 ch0:  C_CMD: RDCMD     C_r = 0x045   at time   54531541 ps
inst0 ch0:  C_CMD: RDCMD     C_f = 0x080   at time   54531955 ps
inst0 ch0:  C_CMD: RDCMD     C_r = 0x04d   at time   54532369 ps
inst0 ch0:  C_CMD: RDCMD     C_f = 0x002   at time   54532783 ps
inst0 ch0:  C_CMD: RDCMD     C_r = 0x005   at time   54533197 ps
inst0 ch0:  C_CMD: RDCMD     C_f = 0x080   at time   54533611 ps
inst0 ch0:  C_CMD: RDCMD     C_r = 0x00d   at time   54534025 ps
inst0 ch0:  C_CMD: RDCMD     C_f = 0x002   at time   54534439 ps
inst0 ch0:  C_CMD: RDCMD     C_r = 0x04d   at time   54534853 ps
inst0 ch0:  C_CMD: RDCMD     C_f = 0x082   at time   54535267 ps
inst0 ch0:  C_CMD: RDCMD     C_r = 0x00d   at time   54536509 ps
inst0 ch0:  C_CMD: RDCMD     C_f = 0x082   at time   54536923 ps
inst0 ch0:  R_CMD: ACTCMD    R_r0= 0x2a    at time   55087129 ps
inst0 ch0:  R_CMD: ACTCMD    R_f0= 0x22    at time   55087543 ps
inst0 ch0:  R_CMD: ACTCMD    R_r1= 0x00    at time   55087957 ps
inst0 ch0:  R_CMD: ACTCMD    R_f1= 0x00    at time   55088371 ps
inst0 ch0:  R_CMD: ACTCMD    R_r0= 0x0a    at time   55091269 ps
inst0 ch0:  R_CMD: ACTCMD    R_f0= 0x22    at time   55091683 ps
inst0 ch0:  R_CMD: ACTCMD    R_r1= 0x00    at time   55092097 ps
inst0 ch0:  R_CMD: ACTCMD    R_f1= 0x00    at time   55092511 ps
inst0 ch0:  R_CMD: ACTCMD    R_r0= 0x2a    at time   55092925 ps
inst0 ch0:  R_CMD: ACTCMD    R_f0= 0x2a    at time   55093339 ps
inst0 ch0:  R_CMD: ACTCMD    R_r1= 0x00    at time   55093753 ps
inst0 ch0:  R_CMD: ACTCMD    R_f1= 0x00    at time   55094167 ps
inst0 ch0:  R_CMD: ACTCMD    R_r0= 0x2a    at time   55095409 ps
inst0 ch0:  R_CMD: ACTCMD    R_f0= 0x02    at time   55095823 ps
inst0 ch0:  R_CMD: ACTCMD    R_r1= 0x00    at time   55096237 ps
inst0 ch0:  R_CMD: ACTCMD    R_f1= 0x00    at time   55096651 ps
inst0 ch0:  R_CMD: ACTCMD    R_r0= 0x0a    at time   55097065 ps
inst0 ch0:  R_CMD: ACTCMD    R_f0= 0x2a    at time   55097479 ps
inst0 ch0:  R_CMD: ACTCMD    R_r1= 0x00    at time   55097893 ps
inst0 ch0:  R_CMD: ACTCMD    R_f1= 0x00    at time   55098307 ps
inst0 ch0:  R_CMD: ACTCMD    R_r0= 0x0a    at time   55099549 ps
inst0 ch0:  R_CMD: ACTCMD    R_f0= 0x02    at time   55099963 ps
inst0 ch0:  R_CMD: ACTCMD    R_r1= 0x00    at time   55100377 ps
inst0 ch0:  R_CMD: ACTCMD    R_f1= 0x00    at time   55100791 ps
inst0 ch0:  R_CMD: ACTCMD    R_r0= 0x2a    at time   55101205 ps
inst0 ch0:  R_CMD: ACTCMD    R_f0= 0x0a    at time   55101619 ps
inst0 ch0:  R_CMD: ACTCMD    R_r1= 0x00    at time   55102033 ps
inst0 ch0:  C_CMD: RDCMD     C_r = 0x0d5   at time   55102033 ps
inst0 ch0:  R_CMD: ACTCMD    R_f1= 0x00    at time   55102447 ps
inst0 ch0:  C_CMD: RDCMD     C_f = 0x000   at time   55102447 ps
inst0 ch0:  R_CMD: ACTCMD    R_r0= 0x0a    at time   55105345 ps
inst0 ch0:  C_CMD: RDCMD     C_r = 0x0dd   at time   55105345 ps
inst0 ch0:  R_CMD: ACTCMD    R_f0= 0x0a    at time   55105759 ps
inst0 ch0:  C_CMD: RDCMD     C_f = 0x002   at time   55105759 ps
inst0 ch0:  R_CMD: ACTCMD    R_r1= 0x00    at time   55106173 ps
inst0 ch0:  R_CMD: ACTCMD    R_f1= 0x00    at time   55106587 ps
inst0 ch0:  C_CMD: RDCMD     C_r = 0x095   at time   55107001 ps
inst0 ch0:  C_CMD: RDCMD     C_f = 0x000   at time   55107415 ps
inst0 ch0:  C_CMD: RDCMD     C_r = 0x0d5   at time   55107829 ps
inst0 ch0:  C_CMD: RDCMD     C_f = 0x080   at time   55108243 ps
inst0 ch0:  C_CMD: RDCMD     C_r = 0x09d   at time   55110313 ps
inst0 ch0:  C_CMD: RDCMD     C_f = 0x002   at time   55110727 ps
inst0 ch0:  C_CMD: RDCMD     C_r = 0x0dd   at time   55111141 ps
inst0 ch0:  C_CMD: RDCMD     C_f = 0x082   at time   55111555 ps
inst0 ch0:  C_CMD: RDCMD     C_r = 0x055   at time   55111969 ps
inst0 ch0:  C_CMD: RDCMD     C_f = 0x000   at time   55112383 ps
inst0 ch0:  C_CMD: RDCMD     C_r = 0x095   at time   55112797 ps
inst0 ch0:  C_CMD: RDCMD     C_f = 0x080   at time   55113211 ps
inst0 ch0:  C_CMD: RDCMD     C_r = 0x015   at time   55114453 ps
inst0 ch0:  C_CMD: RDCMD     C_f = 0x000   at time   55114867 ps
inst0 ch0:  C_CMD: RDCMD     C_r = 0x05d   at time   55116109 ps
inst0 ch0:  C_CMD: RDCMD     C_f = 0x002   at time   55116523 ps
inst0 ch0:  C_CMD: RDCMD     C_r = 0x09d   at time   55116937 ps
inst0 ch0:  C_CMD: RDCMD     C_f = 0x082   at time   55117351 ps
inst0 ch0:  C_CMD: RDCMD     C_r = 0x01d   at time   55117765 ps
inst0 ch0:  C_CMD: RDCMD     C_f = 0x002   at time   55118179 ps
inst0 ch0:  C_CMD: RDCMD     C_r = 0x055   at time   55118593 ps
inst0 ch0:  C_CMD: RDCMD     C_f = 0x080   at time   55119007 ps
inst0 ch0:  C_CMD: RDCMD     C_r = 0x015   at time   55120249 ps
inst0 ch0:  C_CMD: RDCMD     C_f = 0x080   at time   55120663 ps
inst0 ch0:  C_CMD: RDCMD     C_r = 0x05d   at time   55121905 ps
inst0 ch0:  C_CMD: RDCMD     C_f = 0x082   at time   55122319 ps
inst0 ch0:  C_CMD: RDCMD     C_r = 0x01d   at time   55123561 ps
inst0 ch0:  C_CMD: RDCMD     C_f = 0x082   at time   55123975 ps
inst0 ch0:  R_CMD: ACTCMD    R_r0= 0x32    at time   55356229 ps
inst0 ch0:  R_CMD: ACTCMD    R_f0= 0x22    at time   55356643 ps
inst0 ch0:  R_CMD: ACTCMD    R_r1= 0x00    at time   55357057 ps
inst0 ch0:  R_CMD: ACTCMD    R_f1= 0x00    at time   55357471 ps
inst0 ch0:  R_CMD: ACTCMD    R_r0= 0x12    at time   55360369 ps
inst0 ch0:  R_CMD: ACTCMD    R_f0= 0x22    at time   55360783 ps
inst0 ch0:  R_CMD: ACTCMD    R_r1= 0x00    at time   55361197 ps
inst0 ch0:  R_CMD: ACTCMD    R_f1= 0x00    at time   55361611 ps
inst0 ch0:  R_CMD: ACTCMD    R_r0= 0x32    at time   55364509 ps
inst0 ch0:  R_CMD: ACTCMD    R_f0= 0x02    at time   55364923 ps
inst0 ch0:  R_CMD: ACTCMD    R_r1= 0x00    at time   55365337 ps
inst0 ch0:  R_CMD: ACTCMD    R_f1= 0x00    at time   55365751 ps
inst0 ch0:  R_CMD: ACTCMD    R_r0= 0x12    at time   55368649 ps
inst0 ch0:  R_CMD: ACTCMD    R_f0= 0x02    at time   55369063 ps
inst0 ch0:  R_CMD: ACTCMD    R_r1= 0x00    at time   55369477 ps
inst0 ch0:  R_CMD: ACTCMD    R_f1= 0x00    at time   55369891 ps
inst0 ch0:  C_CMD: RDCMD     C_r = 0x0e5   at time   55371133 ps
inst0 ch0:  C_CMD: RDCMD     C_f = 0x000   at time   55371547 ps
inst0 ch0:  R_CMD: ACTCMD    R_r0= 0x32    at time   55372789 ps
inst0 ch0:  R_CMD: ACTCMD    R_f0= 0x2a    at time   55373203 ps
inst0 ch0:  R_CMD: ACTCMD    R_r1= 0x00    at time   55373617 ps
inst0 ch0:  R_CMD: ACTCMD    R_f1= 0x00    at time   55374031 ps
inst0 ch0:  C_CMD: RDCMD     C_r = 0x0ed   at time   55374445 ps
inst0 ch0:  C_CMD: RDCMD     C_f = 0x002   at time   55374859 ps
inst0 ch0:  C_CMD: RDCMD     C_r = 0x0a5   at time   55376101 ps
inst0 ch0:  C_CMD: RDCMD     C_f = 0x000   at time   55376515 ps
inst0 ch0:  R_CMD: ACTCMD    R_r0= 0x12    at time   55376929 ps
inst0 ch0:  R_CMD: ACTCMD    R_f0= 0x2a    at time   55377343 ps
inst0 ch0:  R_CMD: ACTCMD    R_r1= 0x00    at time   55377757 ps
inst0 ch0:  R_CMD: ACTCMD    R_f1= 0x00    at time   55378171 ps
inst0 ch0:  C_CMD: RDCMD     C_r = 0x0ad   at time   55379413 ps
inst0 ch0:  C_CMD: RDCMD     C_f = 0x002   at time   55379827 ps
inst0 ch0:  R_CMD: ACTCMD    R_r0= 0x32    at time   55381069 ps
inst0 ch0:  C_CMD: RDCMD     C_r = 0x065   at time   55381069 ps
inst0 ch0:  R_CMD: ACTCMD    R_f0= 0x0a    at time   55381483 ps
inst0 ch0:  C_CMD: RDCMD     C_f = 0x000   at time   55381483 ps
inst0 ch0:  R_CMD: ACTCMD    R_r1= 0x00    at time   55381897 ps
inst0 ch0:  R_CMD: ACTCMD    R_f1= 0x00    at time   55382311 ps
inst0 ch0:  C_CMD: RDCMD     C_r = 0x025   at time   55383553 ps
inst0 ch0:  C_CMD: RDCMD     C_f = 0x000   at time   55383967 ps
inst0 ch0:  R_CMD: ACTCMD    R_r0= 0x12    at time   55385209 ps
inst0 ch0:  C_CMD: RDCMD     C_r = 0x06d   at time   55385209 ps
inst0 ch0:  R_CMD: ACTCMD    R_f0= 0x0a    at time   55385623 ps
inst0 ch0:  C_CMD: RDCMD     C_f = 0x002   at time   55385623 ps
inst0 ch0:  R_CMD: ACTCMD    R_r1= 0x00    at time   55386037 ps
inst0 ch0:  R_CMD: ACTCMD    R_f1= 0x00    at time   55386451 ps
inst0 ch0:  C_CMD: RDCMD     C_r = 0x02d   at time   55386865 ps
inst0 ch0:  C_CMD: RDCMD     C_f = 0x002   at time   55387279 ps
inst0 ch0:  C_CMD: RDCMD     C_r = 0x0e5   at time   55387693 ps
inst0 ch0:  C_CMD: RDCMD     C_f = 0x080   at time   55388107 ps
inst0 ch0:  C_CMD: RDCMD     C_r = 0x0ed   at time   55391005 ps
inst0 ch0:  C_CMD: RDCMD     C_f = 0x082   at time   55391419 ps
inst0 ch0:  C_CMD: RDCMD     C_r = 0x0a5   at time   55392661 ps
inst0 ch0:  C_CMD: RDCMD     C_f = 0x080   at time   55393075 ps
inst0 ch0:  C_CMD: RDCMD     C_r = 0x0ad   at time   55395973 ps
inst0 ch0:  C_CMD: RDCMD     C_f = 0x082   at time   55396387 ps
inst0 ch0:  C_CMD: RDCMD     C_r = 0x065   at time   55397629 ps
inst0 ch0:  C_CMD: RDCMD     C_f = 0x080   at time   55398043 ps
inst0 ch0:  C_CMD: RDCMD     C_r = 0x025   at time   55400113 ps
inst0 ch0:  C_CMD: RDCMD     C_f = 0x080   at time   55400527 ps
inst0 ch0:  C_CMD: RDCMD     C_r = 0x06d   at time   55401769 ps
inst0 ch0:  C_CMD: RDCMD     C_f = 0x082   at time   55402183 ps
inst0 ch0:  C_CMD: RDCMD     C_r = 0x02d   at time   55403425 ps
inst0 ch0:  C_CMD: RDCMD     C_f = 0x082   at time   55403839 ps
inst0 ch0:  R_CMD: ACTCMD    R_r0= 0x3a    at time   55796725 ps
inst0 ch0:  R_CMD: ACTCMD    R_f0= 0x22    at time   55797139 ps
inst0 ch0:  R_CMD: ACTCMD    R_r1= 0x00    at time   55797553 ps
inst0 ch0:  R_CMD: ACTCMD    R_f1= 0x00    at time   55797967 ps
inst0 ch0:  R_CMD: ACTCMD    R_r0= 0x1a    at time   55800865 ps
inst0 ch0:  R_CMD: ACTCMD    R_f0= 0x22    at time   55801279 ps
inst0 ch0:  R_CMD: ACTCMD    R_r1= 0x00    at time   55801693 ps
inst0 ch0:  R_CMD: ACTCMD    R_f1= 0x00    at time   55802107 ps
inst0 ch0:  R_CMD: ACTCMD    R_r0= 0x3a    at time   55805005 ps
inst0 ch0:  R_CMD: ACTCMD    R_f0= 0x02    at time   55805419 ps
inst0 ch0:  R_CMD: ACTCMD    R_r1= 0x00    at time   55805833 ps
inst0 ch0:  R_CMD: ACTCMD    R_f1= 0x00    at time   55806247 ps
inst0 ch0:  R_CMD: ACTCMD    R_r0= 0x1a    at time   55809145 ps
inst0 ch0:  R_CMD: ACTCMD    R_f0= 0x02    at time   55809559 ps
inst0 ch0:  R_CMD: ACTCMD    R_r1= 0x00    at time   55809973 ps
inst0 ch0:  R_CMD: ACTCMD    R_f1= 0x00    at time   55810387 ps
inst0 ch0:  C_CMD: RDCMD     C_r = 0x0f5   at time   55811629 ps
inst0 ch0:  C_CMD: RDCMD     C_f = 0x000   at time   55812043 ps
inst0 ch0:  R_CMD: ACTCMD    R_r0= 0x3a    at time   55813285 ps
inst0 ch0:  R_CMD: ACTCMD    R_f0= 0x2a    at time   55813699 ps
inst0 ch0:  R_CMD: ACTCMD    R_r1= 0x00    at time   55814113 ps
inst0 ch0:  R_CMD: ACTCMD    R_f1= 0x00    at time   55814527 ps
inst0 ch0:  C_CMD: RDCMD     C_r = 0x0fd   at time   55814941 ps
inst0 ch0:  C_CMD: RDCMD     C_f = 0x002   at time   55815355 ps
inst0 ch0:  C_CMD: RDCMD     C_r = 0x0b5   at time   55816597 ps
inst0 ch0:  C_CMD: RDCMD     C_f = 0x000   at time   55817011 ps
inst0 ch0:  R_CMD: ACTCMD    R_r0= 0x1a    at time   55817425 ps
inst0 ch0:  R_CMD: ACTCMD    R_f0= 0x2a    at time   55817839 ps
inst0 ch0:  R_CMD: ACTCMD    R_r1= 0x00    at time   55818253 ps
inst0 ch0:  R_CMD: ACTCMD    R_f1= 0x00    at time   55818667 ps
inst0 ch0:  C_CMD: RDCMD     C_r = 0x0bd   at time   55819909 ps
inst0 ch0:  C_CMD: RDCMD     C_f = 0x002   at time   55820323 ps
inst0 ch0:  R_CMD: ACTCMD    R_r0= 0x3a    at time   55821565 ps
inst0 ch0:  C_CMD: RDCMD     C_r = 0x075   at time   55821565 ps
inst0 ch0:  R_CMD: ACTCMD    R_f0= 0x0a    at time   55821979 ps
inst0 ch0:  C_CMD: RDCMD     C_f = 0x000   at time   55821979 ps
inst0 ch0:  R_CMD: ACTCMD    R_r1= 0x00    at time   55822393 ps
inst0 ch0:  R_CMD: ACTCMD    R_f1= 0x00    at time   55822807 ps
inst0 ch0:  C_CMD: RDCMD     C_r = 0x035   at time   55824049 ps
inst0 ch0:  C_CMD: RDCMD     C_f = 0x000   at time   55824463 ps
inst0 ch0:  R_CMD: ACTCMD    R_r0= 0x1a    at time   55825705 ps
inst0 ch0:  C_CMD: RDCMD     C_r = 0x07d   at time   55825705 ps
inst0 ch0:  R_CMD: ACTCMD    R_f0= 0x0a    at time   55826119 ps
inst0 ch0:  C_CMD: RDCMD     C_f = 0x002   at time   55826119 ps
inst0 ch0:  R_CMD: ACTCMD    R_r1= 0x00    at time   55826533 ps
inst0 ch0:  R_CMD: ACTCMD    R_f1= 0x00    at time   55826947 ps
inst0 ch0:  C_CMD: RDCMD     C_r = 0x03d   at time   55827361 ps
inst0 ch0:  C_CMD: RDCMD     C_f = 0x002   at time   55827775 ps
inst0 ch0:  C_CMD: RDCMD     C_r = 0x0f5   at time   55828189 ps
inst0 ch0:  C_CMD: RDCMD     C_f = 0x080   at time   55828603 ps
inst0 ch0:  C_CMD: RDCMD     C_r = 0x0fd   at time   55831501 ps
inst0 ch0:  C_CMD: RDCMD     C_f = 0x082   at time   55831915 ps
inst0 ch0:  C_CMD: RDCMD     C_r = 0x0b5   at time   55833157 ps
inst0 ch0:  C_CMD: RDCMD     C_f = 0x080   at time   55833571 ps
inst0 ch0:  C_CMD: RDCMD     C_r = 0x0bd   at time   55836469 ps
inst0 ch0:  C_CMD: RDCMD     C_f = 0x082   at time   55836883 ps
inst0 ch0:  C_CMD: RDCMD     C_r = 0x075   at time   55838125 ps
inst0 ch0:  C_CMD: RDCMD     C_f = 0x080   at time   55838539 ps
inst0 ch0:  C_CMD: RDCMD     C_r = 0x035   at time   55840609 ps
inst0 ch0:  C_CMD: RDCMD     C_f = 0x080   at time   55841023 ps
inst0 ch0:  C_CMD: RDCMD     C_r = 0x07d   at time   55842265 ps
inst0 ch0:  C_CMD: RDCMD     C_f = 0x082   at time   55842679 ps
inst0 ch0:  C_CMD: RDCMD     C_r = 0x03d   at time   55843921 ps
inst0 ch0:  C_CMD: RDCMD     C_f = 0x082   at time   55844335 ps
inst0 ch0:  R_CMD: ACTCMD    R_r0= 0x02    at time   56264545 ps
inst0 ch0:  R_CMD: ACTCMD    R_f0= 0x18    at time   56264959 ps
inst0 ch0:  R_CMD: ACTCMD    R_r1= 0x3f    at time   56265373 ps
inst0 ch0:  R_CMD: ACTCMD    R_f1= 0x3b    at time   56265787 ps
inst0 ch0:  C_CMD: RDCMD     C_r = 0x005   at time   56279449 ps
inst0 ch0:  C_CMD: RDCMD     C_f = 0x0f8   at time   56279863 ps
inst0 ch0:  C_CMD: RDCMD     C_r = 0x00d   at time   56282761 ps
inst0 ch0:  C_CMD: RDCMD     C_f = 0x0fa   at time   56283175 ps
inst0 ch0:  R_CMD: ACTCMD    R_r0= 0x02    at time   56284417 ps
inst0 ch0:  R_CMD: ACTCMD    R_f0= 0x10    at time   56284831 ps
inst0 ch0:  R_CMD: ACTCMD    R_r1= 0x3f    at time   56285245 ps
inst0 ch0:  R_CMD: ACTCMD    R_f1= 0x3b    at time   56285659 ps
inst0 ch0:  C_CMD: RDCMD     C_r = 0x005   at time   56299321 ps
inst0 ch0:  C_CMD: RDCMD     C_f = 0x078   at time   56299735 ps
inst0 ch0:  C_CMD: RDCMD     C_r = 0x00d   at time   56302633 ps
inst0 ch0:  C_CMD: RDCMD     C_f = 0x07a   at time   56303047 ps
inst0 ch0:  R_CMD: ACTCMD    R_r0= 0x02    at time   56334925 ps
inst0 ch0:  R_CMD: ACTCMD    R_f0= 0x18    at time   56335339 ps
inst0 ch0:  R_CMD: ACTCMD    R_r1= 0x3f    at time   56335753 ps
inst0 ch0:  R_CMD: ACTCMD    R_f1= 0x3b    at time   56336167 ps
inst0 ch0:  C_CMD: WRCMD     C_r = 0x001   at time   56345689 ps
inst0 ch0:  C_CMD: WRCMD     C_f = 0x0f8   at time   56346103 ps
inst0 ch0:  C_CMD: WRCMD     C_r = 0x009   at time   56349001 ps
inst0 ch0:  C_CMD: WRCMD     C_f = 0x0fa   at time   56349415 ps
inst0 ch0:  R_CMD: ACTCMD    R_r0= 0x02    at time   56354797 ps
inst0 ch0:  R_CMD: ACTCMD    R_f0= 0x10    at time   56355211 ps
inst0 ch0:  R_CMD: ACTCMD    R_r1= 0x3f    at time   56355625 ps
inst0 ch0:  R_CMD: ACTCMD    R_f1= 0x3b    at time   56356039 ps
inst0 ch0:  C_CMD: WRCMD     C_r = 0x001   at time   56365561 ps
inst0 ch0:  C_CMD: WRCMD     C_f = 0x078   at time   56365975 ps
inst0 ch0:  C_CMD: WRCMD     C_r = 0x009   at time   56368873 ps
inst0 ch0:  C_CMD: WRCMD     C_f = 0x07a   at time   56369287 ps
inst0 ch0:  R_CMD: ACTCMD    R_r0= 0x0a    at time   57087577 ps
inst0 ch0:  R_CMD: ACTCMD    R_f0= 0x18    at time   57087991 ps
inst0 ch0:  R_CMD: ACTCMD    R_r1= 0x3f    at time   57088405 ps
inst0 ch0:  R_CMD: ACTCMD    R_f1= 0x3b    at time   57088819 ps
inst0 ch0:  R_CMD: ACTCMD    R_r0= 0x0a    at time   57098341 ps
inst0 ch0:  R_CMD: ACTCMD    R_f0= 0x10    at time   57098755 ps
inst0 ch0:  R_CMD: ACTCMD    R_r1= 0x3f    at time   57099169 ps
inst0 ch0:  R_CMD: ACTCMD    R_f1= 0x3b    at time   57099583 ps
inst0 ch0:  C_CMD: RDCMD     C_r = 0x015   at time   57102481 ps
inst0 ch0:  C_CMD: RDCMD     C_f = 0x0f8   at time   57102895 ps
inst0 ch0:  C_CMD: RDCMD     C_r = 0x01d   at time   57105793 ps
inst0 ch0:  C_CMD: RDCMD     C_f = 0x0fa   at time   57106207 ps
inst0 ch0:  C_CMD: RDCMD     C_r = 0x015   at time   57113245 ps
inst0 ch0:  C_CMD: RDCMD     C_f = 0x078   at time   57113659 ps
inst0 ch0:  C_CMD: RDCMD     C_r = 0x01d   at time   57116557 ps
inst0 ch0:  C_CMD: RDCMD     C_f = 0x07a   at time   57116971 ps
inst0 ch0:  R_CMD: ACTCMD    R_r0= 0x0a    at time   57157957 ps
inst0 ch0:  R_CMD: ACTCMD    R_f0= 0x18    at time   57158371 ps
inst0 ch0:  R_CMD: ACTCMD    R_r1= 0x3f    at time   57158785 ps
inst0 ch0:  R_CMD: ACTCMD    R_f1= 0x3b    at time   57159199 ps
inst0 ch0:  R_CMD: ACTCMD    R_r0= 0x0a    at time   57168721 ps
inst0 ch0:  C_CMD: WRCMD     C_r = 0x011   at time   57168721 ps
inst0 ch0:  R_CMD: ACTCMD    R_f0= 0x10    at time   57169135 ps
inst0 ch0:  C_CMD: WRCMD     C_f = 0x0f8   at time   57169135 ps
inst0 ch0:  R_CMD: ACTCMD    R_r1= 0x3f    at time   57169549 ps
inst0 ch0:  R_CMD: ACTCMD    R_f1= 0x3b    at time   57169963 ps
inst0 ch0:  C_CMD: WRCMD     C_r = 0x019   at time   57172033 ps
inst0 ch0:  C_CMD: WRCMD     C_f = 0x0fa   at time   57172447 ps
inst0 ch0:  C_CMD: WRCMD     C_r = 0x011   at time   57179485 ps
inst0 ch0:  C_CMD: WRCMD     C_f = 0x078   at time   57179899 ps
inst0 ch0:  C_CMD: WRCMD     C_r = 0x019   at time   57182797 ps
inst0 ch0:  C_CMD: WRCMD     C_f = 0x07a   at time   57183211 ps
inst0 ch0:  R_CMD: ACTCMD    R_r0= 0x02    at time   57245725 ps
inst0 ch0:  R_CMD: ACTCMD    R_f0= 0x38    at time   57246139 ps
inst0 ch0:  R_CMD: ACTCMD    R_r1= 0x3f    at time   57246553 ps
inst0 ch0:  R_CMD: ACTCMD    R_f1= 0x3b    at time   57246967 ps
inst0 ch0:  R_CMD: ACTCMD    R_r0= 0x02    at time   57256489 ps
inst0 ch0:  R_CMD: ACTCMD    R_f0= 0x30    at time   57256903 ps
inst0 ch0:  R_CMD: ACTCMD    R_r1= 0x3f    at time   57257317 ps
inst0 ch0:  R_CMD: ACTCMD    R_f1= 0x3b    at time   57257731 ps
inst0 ch0:  C_CMD: RDCMD     C_r = 0x085   at time   57260629 ps
inst0 ch0:  C_CMD: RDCMD     C_f = 0x0f8   at time   57261043 ps
inst0 ch0:  C_CMD: RDCMD     C_r = 0x08d   at time   57263941 ps
inst0 ch0:  C_CMD: RDCMD     C_f = 0x0fa   at time   57264355 ps
inst0 ch0:  C_CMD: RDCMD     C_r = 0x085   at time   57271393 ps
inst0 ch0:  C_CMD: RDCMD     C_f = 0x078   at time   57271807 ps
inst0 ch0:  C_CMD: RDCMD     C_r = 0x08d   at time   57274705 ps
inst0 ch0:  C_CMD: RDCMD     C_f = 0x07a   at time   57275119 ps
inst0 ch0:  R_CMD: ACTCMD    R_r0= 0x02    at time   57316105 ps
inst0 ch0:  R_CMD: ACTCMD    R_f0= 0x38    at time   57316519 ps
inst0 ch0:  R_CMD: ACTCMD    R_r1= 0x3f    at time   57316933 ps
inst0 ch0:  R_CMD: ACTCMD    R_f1= 0x3b    at time   57317347 ps
inst0 ch0:  R_CMD: ACTCMD    R_r0= 0x02    at time   57326869 ps
inst0 ch0:  C_CMD: WRCMD     C_r = 0x081   at time   57326869 ps
inst0 ch0:  R_CMD: ACTCMD    R_f0= 0x30    at time   57327283 ps
inst0 ch0:  C_CMD: WRCMD     C_f = 0x0f8   at time   57327283 ps
inst0 ch0:  R_CMD: ACTCMD    R_r1= 0x3f    at time   57327697 ps
inst0 ch0:  R_CMD: ACTCMD    R_f1= 0x3b    at time   57328111 ps
inst0 ch0:  C_CMD: WRCMD     C_r = 0x089   at time   57330181 ps
inst0 ch0:  C_CMD: WRCMD     C_f = 0x0fa   at time   57330595 ps
inst0 ch0:  C_CMD: WRCMD     C_r = 0x081   at time   57337633 ps
inst0 ch0:  C_CMD: WRCMD     C_f = 0x078   at time   57338047 ps
inst0 ch0:  C_CMD: WRCMD     C_r = 0x089   at time   57340945 ps
inst0 ch0:  C_CMD: WRCMD     C_f = 0x07a   at time   57341359 ps
inst0 ch0:  R_CMD: ACTCMD    R_r0= 0x0a    at time   57403873 ps
inst0 ch0:  R_CMD: ACTCMD    R_f0= 0x38    at time   57404287 ps
inst0 ch0:  R_CMD: ACTCMD    R_r1= 0x3f    at time   57404701 ps
inst0 ch0:  R_CMD: ACTCMD    R_f1= 0x3b    at time   57405115 ps
inst0 ch0:  R_CMD: ACTCMD    R_r0= 0x0a    at time   57414637 ps
inst0 ch0:  R_CMD: ACTCMD    R_f0= 0x30    at time   57415051 ps
inst0 ch0:  R_CMD: ACTCMD    R_r1= 0x3f    at time   57415465 ps
inst0 ch0:  R_CMD: ACTCMD    R_f1= 0x3b    at time   57415879 ps
inst0 ch0:  C_CMD: RDCMD     C_r = 0x095   at time   57418777 ps
inst0 ch0:  C_CMD: RDCMD     C_f = 0x0f8   at time   57419191 ps
inst0 ch0:  C_CMD: RDCMD     C_r = 0x09d   at time   57422089 ps
inst0 ch0:  C_CMD: RDCMD     C_f = 0x0fa   at time   57422503 ps
inst0 ch0:  C_CMD: RDCMD     C_r = 0x095   at time   57429541 ps
inst0 ch0:  C_CMD: RDCMD     C_f = 0x078   at time   57429955 ps
inst0 ch0:  C_CMD: RDCMD     C_r = 0x09d   at time   57432853 ps
inst0 ch0:  C_CMD: RDCMD     C_f = 0x07a   at time   57433267 ps
inst0 ch0:  R_CMD: ACTCMD    R_r0= 0x0a    at time   57474253 ps
inst0 ch0:  R_CMD: ACTCMD    R_f0= 0x38    at time   57474667 ps
inst0 ch0:  R_CMD: ACTCMD    R_r1= 0x3f    at time   57475081 ps
inst0 ch0:  R_CMD: ACTCMD    R_f1= 0x3b    at time   57475495 ps
inst0 ch0:  R_CMD: ACTCMD    R_r0= 0x0a    at time   57485017 ps
inst0 ch0:  C_CMD: WRCMD     C_r = 0x091   at time   57485017 ps
inst0 ch0:  R_CMD: ACTCMD    R_f0= 0x30    at time   57485431 ps
inst0 ch0:  C_CMD: WRCMD     C_f = 0x0f8   at time   57485431 ps
inst0 ch0:  R_CMD: ACTCMD    R_r1= 0x3f    at time   57485845 ps
inst0 ch0:  R_CMD: ACTCMD    R_f1= 0x3b    at time   57486259 ps
inst0 ch0:  C_CMD: WRCMD     C_r = 0x099   at time   57488329 ps
inst0 ch0:  C_CMD: WRCMD     C_f = 0x0fa   at time   57488743 ps
inst0 ch0:  C_CMD: WRCMD     C_r = 0x091   at time   57495781 ps
inst0 ch0:  C_CMD: WRCMD     C_f = 0x078   at time   57496195 ps
inst0 ch0:  C_CMD: WRCMD     C_r = 0x099   at time   57499093 ps
inst0 ch0:  C_CMD: WRCMD     C_f = 0x07a   at time   57499507 ps
inst0 ch0:  R_CMD: ACTCMD    R_r0= 0x0a    at time   58632625 ps
inst0 ch0:  R_CMD: ACTCMD    R_f0= 0x13    at time   58633039 ps
inst0 ch0:  R_CMD: ACTCMD    R_r1= 0x3f    at time   58633453 ps
inst0 ch0:  R_CMD: ACTCMD    R_f1= 0x3b    at time   58633867 ps
inst0 ch0:  C_CMD: RDCMD     C_r = 0x015   at time   58647529 ps
inst0 ch0:  C_CMD: RDCMD     C_f = 0x010   at time   58647943 ps
inst0 ch0:  C_CMD: RDCMD     C_r = 0x01d   at time   58650841 ps
inst0 ch0:  C_CMD: RDCMD     C_f = 0x012   at time   58651255 ps
inst0 ch0:  R_CMD: ACTCMD    R_r0= 0x0a    at time   58703005 ps
inst0 ch0:  R_CMD: ACTCMD    R_f0= 0x13    at time   58703419 ps
inst0 ch0:  R_CMD: ACTCMD    R_r1= 0x3f    at time   58703833 ps
inst0 ch0:  R_CMD: ACTCMD    R_f1= 0x3b    at time   58704247 ps
inst0 ch0:  C_CMD: WRCMD     C_r = 0x011   at time   58713769 ps
inst0 ch0:  C_CMD: WRCMD     C_f = 0x010   at time   58714183 ps
inst0 ch0:  C_CMD: WRCMD     C_r = 0x019   at time   58717081 ps
inst0 ch0:  C_CMD: WRCMD     C_f = 0x012   at time   58717495 ps
inst0 ch0:  R_CMD: ACTCMD    R_r0= 0x0a    at time   58943125 ps
inst0 ch0:  R_CMD: ACTCMD    R_f0= 0x1b    at time   58943539 ps
inst0 ch0:  R_CMD: ACTCMD    R_r1= 0x3f    at time   58943953 ps
inst0 ch0:  R_CMD: ACTCMD    R_f1= 0x3b    at time   58944367 ps
inst0 ch0:  C_CMD: RDCMD     C_r = 0x015   at time   58958029 ps
inst0 ch0:  C_CMD: RDCMD     C_f = 0x090   at time   58958443 ps
inst0 ch0:  C_CMD: RDCMD     C_r = 0x01d   at time   58961341 ps
inst0 ch0:  C_CMD: RDCMD     C_f = 0x092   at time   58961755 ps
inst0 ch0:  R_CMD: ACTCMD    R_r0= 0x0a    at time   59131081 ps
inst0 ch0:  R_CMD: ACTCMD    R_f0= 0x1b    at time   59131495 ps
inst0 ch0:  R_CMD: ACTCMD    R_r1= 0x3f    at time   59131909 ps
inst0 ch0:  R_CMD: ACTCMD    R_f1= 0x3b    at time   59132323 ps
inst0 ch0:  C_CMD: WRCMD     C_r = 0x011   at time   59141845 ps
inst0 ch0:  C_CMD: WRCMD     C_f = 0x090   at time   59142259 ps
inst0 ch0:  C_CMD: WRCMD     C_r = 0x019   at time   59145157 ps
inst0 ch0:  C_CMD: WRCMD     C_f = 0x092   at time   59145571 ps
inst0 ch0:  R_CMD: ACTCMD    R_r0= 0x0a    at time   59237065 ps
inst0 ch0:  R_CMD: ACTCMD    R_f0= 0x13    at time   59237479 ps
inst0 ch0:  R_CMD: ACTCMD    R_r1= 0x3f    at time   59237893 ps
inst0 ch0:  R_CMD: ACTCMD    R_f1= 0x3b    at time   59238307 ps
inst0 ch0:  C_CMD: RDCMD     C_r = 0x015   at time   59251969 ps
inst0 ch0:  C_CMD: RDCMD     C_f = 0x010   at time   59252383 ps
inst0 ch0:  C_CMD: RDCMD     C_r = 0x01d   at time   59255281 ps
inst0 ch0:  C_CMD: RDCMD     C_f = 0x012   at time   59255695 ps
inst0 ch0:  R_CMD: ACTCMD    R_r0= 0x0a    at time   59309929 ps
inst0 ch0:  R_CMD: ACTCMD    R_f0= 0x13    at time   59310343 ps
inst0 ch0:  R_CMD: ACTCMD    R_r1= 0x3f    at time   59310757 ps
inst0 ch0:  R_CMD: ACTCMD    R_f1= 0x3b    at time   59311171 ps
inst0 ch0:  C_CMD: WRCMD     C_r = 0x011   at time   59320693 ps
inst0 ch0:  C_CMD: WRCMD     C_f = 0x010   at time   59321107 ps
inst0 ch0:  C_CMD: WRCMD     C_r = 0x019   at time   59324005 ps
inst0 ch0:  C_CMD: WRCMD     C_f = 0x012   at time   59324419 ps
inst0 ch0:  R_CMD: ACTCMD    R_r0= 0x0a    at time   59400181 ps
inst0 ch0:  R_CMD: ACTCMD    R_f0= 0x1b    at time   59400595 ps
inst0 ch0:  R_CMD: ACTCMD    R_r1= 0x3f    at time   59401009 ps
inst0 ch0:  R_CMD: ACTCMD    R_f1= 0x3b    at time   59401423 ps
inst0 ch0:  C_CMD: RDCMD     C_r = 0x015   at time   59415085 ps
inst0 ch0:  C_CMD: RDCMD     C_f = 0x090   at time   59415499 ps
inst0 ch0:  C_CMD: RDCMD     C_r = 0x01d   at time   59418397 ps
inst0 ch0:  C_CMD: RDCMD     C_f = 0x092   at time   59418811 ps
inst0 ch0:  R_CMD: ACTCMD    R_r0= 0x0a    at time   59473045 ps
inst0 ch0:  R_CMD: ACTCMD    R_f0= 0x1b    at time   59473459 ps
inst0 ch0:  R_CMD: ACTCMD    R_r1= 0x3f    at time   59473873 ps
inst0 ch0:  R_CMD: ACTCMD    R_f1= 0x3b    at time   59474287 ps
inst0 ch0:  C_CMD: WRCMD     C_r = 0x011   at time   59483809 ps
inst0 ch0:  C_CMD: WRCMD     C_f = 0x090   at time   59484223 ps
inst0 ch0:  C_CMD: WRCMD     C_r = 0x019   at time   59487121 ps
inst0 ch0:  C_CMD: WRCMD     C_f = 0x092   at time   59487535 ps
inst0 ch0:  R_CMD: ACTCMD    R_r0= 0x02    at time   60868225 ps
inst0 ch0:  R_CMD: ACTCMD    R_f0= 0x13    at time   60868639 ps
inst0 ch0:  R_CMD: ACTCMD    R_r1= 0x3f    at time   60869053 ps
inst0 ch0:  R_CMD: ACTCMD    R_f1= 0x3b    at time   60869467 ps
inst0 ch0:  R_CMD: ACTCMD    R_r0= 0x02    at time   60870709 ps
inst0 ch0:  R_CMD: ACTCMD    R_f0= 0x1b    at time   60871123 ps
inst0 ch0:  R_CMD: ACTCMD    R_r1= 0x3f    at time   60871537 ps
inst0 ch0:  R_CMD: ACTCMD    R_f1= 0x3b    at time   60871951 ps
inst0 ch0:  C_CMD: RDCMD     C_r = 0x005   at time   60883129 ps
inst0 ch0:  C_CMD: RDCMD     C_f = 0x000   at time   60883543 ps
inst0 ch0:  C_CMD: RDCMD     C_r = 0x005   at time   60885613 ps
inst0 ch0:  C_CMD: RDCMD     C_f = 0x080   at time   60886027 ps
inst0 ch0:  C_CMD: RDCMD     C_r = 0x00d   at time   60886441 ps
inst0 ch0:  C_CMD: RDCMD     C_f = 0x002   at time   60886855 ps
inst0 ch0:  C_CMD: RDCMD     C_r = 0x00d   at time   60888925 ps
inst0 ch0:  C_CMD: RDCMD     C_f = 0x082   at time   60889339 ps
inst0 ch0:  R_CMD: ACTCMD    R_r0= 0x02    at time   60938605 ps
inst0 ch0:  R_CMD: ACTCMD    R_f0= 0x13    at time   60939019 ps
inst0 ch0:  R_CMD: ACTCMD    R_r1= 0x3f    at time   60939433 ps
inst0 ch0:  R_CMD: ACTCMD    R_f1= 0x3b    at time   60939847 ps
inst0 ch0:  R_CMD: ACTCMD    R_r0= 0x02    at time   60941089 ps
inst0 ch0:  R_CMD: ACTCMD    R_f0= 0x1b    at time   60941503 ps
inst0 ch0:  R_CMD: ACTCMD    R_r1= 0x3f    at time   60941917 ps
inst0 ch0:  R_CMD: ACTCMD    R_f1= 0x3b    at time   60942331 ps
inst0 ch0:  C_CMD: WRCMD     C_r = 0x001   at time   60949369 ps
inst0 ch0:  C_CMD: WRCMD     C_f = 0x000   at time   60949783 ps
inst0 ch0:  C_CMD: WRCMD     C_r = 0x001   at time   60951853 ps
inst0 ch0:  C_CMD: WRCMD     C_f = 0x080   at time   60952267 ps
inst0 ch0:  C_CMD: WRCMD     C_r = 0x009   at time   60952681 ps
inst0 ch0:  C_CMD: WRCMD     C_f = 0x002   at time   60953095 ps
inst0 ch0:  C_CMD: WRCMD     C_r = 0x009   at time   60955165 ps
inst0 ch0:  C_CMD: WRCMD     C_f = 0x082   at time   60955579 ps
inst0 ch0:  R_CMD: ACTCMD    R_r0= 0x02    at time   61057009 ps
inst0 ch0:  R_CMD: ACTCMD    R_f0= 0x1b    at time   61057423 ps
inst0 ch0:  R_CMD: ACTCMD    R_r1= 0x3f    at time   61057837 ps
inst0 ch0:  R_CMD: ACTCMD    R_f1= 0x3b    at time   61058251 ps
inst0 ch0:  C_CMD: RDCMD     C_r = 0x005   at time   61071913 ps
inst0 ch0:  C_CMD: RDCMD     C_f = 0x080   at time   61072327 ps
inst0 ch0:  C_CMD: RDCMD     C_r = 0x00d   at time   61075225 ps
inst0 ch0:  C_CMD: RDCMD     C_f = 0x082   at time   61075639 ps
inst0 ch0:  R_CMD: ACTCMD    R_r0= 0x02    at time   61127389 ps
inst0 ch0:  R_CMD: ACTCMD    R_f0= 0x1b    at time   61127803 ps
inst0 ch0:  R_CMD: ACTCMD    R_r1= 0x3f    at time   61128217 ps
inst0 ch0:  R_CMD: ACTCMD    R_f1= 0x3b    at time   61128631 ps
inst0 ch0:  C_CMD: WRCMD     C_r = 0x001   at time   61138153 ps
inst0 ch0:  C_CMD: WRCMD     C_f = 0x080   at time   61138567 ps
inst0 ch0:  C_CMD: WRCMD     C_r = 0x009   at time   61141465 ps
inst0 ch0:  C_CMD: WRCMD     C_f = 0x082   at time   61141879 ps
inst0 ch0:  R_CMD: ACTCMD    R_r0= 0x02    at time   61184521 ps
inst0 ch0:  R_CMD: ACTCMD    R_f0= 0x13    at time   61184935 ps
inst0 ch0:  R_CMD: ACTCMD    R_r1= 0x3f    at time   61185349 ps
inst0 ch0:  R_CMD: ACTCMD    R_f1= 0x3b    at time   61185763 ps
inst0 ch0:  C_CMD: RDCMD     C_r = 0x005   at time   61199425 ps
inst0 ch0:  C_CMD: RDCMD     C_f = 0x000   at time   61199839 ps
inst0 ch0:  C_CMD: RDCMD     C_r = 0x00d   at time   61202737 ps
inst0 ch0:  C_CMD: RDCMD     C_f = 0x002   at time   61203151 ps
inst0 ch0:  R_CMD: ACTCMD    R_r0= 0x02    at time   61447825 ps
inst0 ch0:  R_CMD: ACTCMD    R_f0= 0x13    at time   61448239 ps
inst0 ch0:  R_CMD: ACTCMD    R_r1= 0x3f    at time   61448653 ps
inst0 ch0:  R_CMD: ACTCMD    R_f1= 0x3b    at time   61449067 ps
inst0 ch0:  C_CMD: WRCMD     C_r = 0x001   at time   61458589 ps
inst0 ch0:  C_CMD: WRCMD     C_f = 0x000   at time   61459003 ps
inst0 ch0:  C_CMD: WRCMD     C_r = 0x009   at time   61461901 ps
inst0 ch0:  C_CMD: WRCMD     C_f = 0x002   at time   61462315 ps
inst0 ch0:  R_CMD: ACTCMD    R_r0= 0x02    at time   61891633 ps
inst0 ch0:  R_CMD: ACTCMD    R_f0= 0x08    at time   61892047 ps
inst0 ch0:  R_CMD: ACTCMD    R_r1= 0x00    at time   61892461 ps
inst0 ch0:  R_CMD: ACTCMD    R_f1= 0x00    at time   61892875 ps
inst0 ch0:  C_CMD: RDCMD     C_r = 0x005   at time   61906537 ps
inst0 ch0:  C_CMD: RDCMD     C_f = 0x098   at time   61906951 ps
inst0 ch0:  C_CMD: RDCMD     C_r = 0x005   at time   61909849 ps
inst0 ch0:  C_CMD: RDCMD     C_f = 0x09a   at time   61910263 ps
inst0 ch0:  C_CMD: RDCMD     C_r = 0x005   at time   61913161 ps
inst0 ch0:  C_CMD: RDCMD     C_f = 0x090   at time   61913575 ps
inst0 ch0:  C_CMD: RDCMD     C_r = 0x005   at time   61916473 ps
inst0 ch0:  C_CMD: RDCMD     C_f = 0x092   at time   61916887 ps
inst0 ch0:  C_CMD: RDCMD     C_r = 0x005   at time   61919785 ps
inst0 ch0:  C_CMD: RDCMD     C_f = 0x088   at time   61920199 ps
inst0 ch0:  C_CMD: RDCMD     C_r = 0x005   at time   61923097 ps
inst0 ch0:  C_CMD: RDCMD     C_f = 0x08a   at time   61923511 ps
inst0 ch0:  C_CMD: RDCMD     C_r = 0x005   at time   61926409 ps
inst0 ch0:  C_CMD: RDCMD     C_f = 0x080   at time   61926823 ps
inst0 ch0:  C_CMD: RDCMD     C_r = 0x00d   at time   61929721 ps
inst0 ch0:  C_CMD: RDCMD     C_f = 0x082   at time   61930135 ps
inst0 ch0:  R_CMD: ACTCMD    R_r0= 0x0a    at time   62312257 ps
inst0 ch0:  R_CMD: ACTCMD    R_f0= 0x08    at time   62312671 ps
inst0 ch0:  R_CMD: ACTCMD    R_r1= 0x00    at time   62313085 ps
inst0 ch0:  R_CMD: ACTCMD    R_f1= 0x00    at time   62313499 ps
inst0 ch0:  C_CMD: RDCMD     C_r = 0x015   at time   62327161 ps
inst0 ch0:  C_CMD: RDCMD     C_f = 0x098   at time   62327575 ps
inst0 ch0:  C_CMD: RDCMD     C_r = 0x015   at time   62330473 ps
inst0 ch0:  C_CMD: RDCMD     C_f = 0x09a   at time   62330887 ps
inst0 ch0:  C_CMD: RDCMD     C_r = 0x015   at time   62333785 ps
inst0 ch0:  C_CMD: RDCMD     C_f = 0x090   at time   62334199 ps
inst0 ch0:  C_CMD: RDCMD     C_r = 0x015   at time   62337097 ps
inst0 ch0:  C_CMD: RDCMD     C_f = 0x092   at time   62337511 ps
inst0 ch0:  C_CMD: RDCMD     C_r = 0x015   at time   62340409 ps
inst0 ch0:  C_CMD: RDCMD     C_f = 0x088   at time   62340823 ps
inst0 ch0:  C_CMD: RDCMD     C_r = 0x015   at time   62343721 ps
inst0 ch0:  C_CMD: RDCMD     C_f = 0x08a   at time   62344135 ps
inst0 ch0:  C_CMD: RDCMD     C_r = 0x015   at time   62347033 ps
inst0 ch0:  C_CMD: RDCMD     C_f = 0x080   at time   62347447 ps
inst0 ch0:  C_CMD: RDCMD     C_r = 0x01d   at time   62350345 ps
inst0 ch0:  C_CMD: RDCMD     C_f = 0x082   at time   62350759 ps
inst0 ch0:  R_CMD: ACTCMD    R_r0= 0x0a    at time   62593777 ps
inst0 ch0:  R_CMD: ACTCMD    R_f0= 0x08    at time   62594191 ps
inst0 ch0:  R_CMD: ACTCMD    R_r1= 0x00    at time   62594605 ps
inst0 ch0:  R_CMD: ACTCMD    R_f1= 0x00    at time   62595019 ps
inst0 ch0:  C_CMD: RDCMD     C_r = 0x015   at time   62608681 ps
inst0 ch0:  C_CMD: RDCMD     C_f = 0x0b8   at time   62609095 ps
inst0 ch0:  C_CMD: RDCMD     C_r = 0x015   at time   62611993 ps
inst0 ch0:  C_CMD: RDCMD     C_f = 0x0ba   at time   62612407 ps
inst0 ch0:  C_CMD: RDCMD     C_r = 0x015   at time   62615305 ps
inst0 ch0:  C_CMD: RDCMD     C_f = 0x0b0   at time   62615719 ps
inst0 ch0:  C_CMD: RDCMD     C_r = 0x01d   at time   62618617 ps
inst0 ch0:  C_CMD: RDCMD     C_f = 0x0b2   at time   62619031 ps
inst0 ch0:  R_CMD: ACTCMD    R_r0= 0x0a    at time   62640973 ps
inst0 ch0:  R_CMD: ACTCMD    R_f0= 0x08    at time   62641387 ps
inst0 ch0:  R_CMD: ACTCMD    R_r1= 0x00    at time   62641801 ps
inst0 ch0:  R_CMD: ACTCMD    R_f1= 0x00    at time   62642215 ps
inst0 ch0:  C_CMD: RDCMD     C_r = 0x015   at time   62655877 ps
inst0 ch0:  C_CMD: RDCMD     C_f = 0x0a8   at time   62656291 ps
inst0 ch0:  C_CMD: RDCMD     C_r = 0x015   at time   62659189 ps
inst0 ch0:  C_CMD: RDCMD     C_f = 0x0aa   at time   62659603 ps
inst0 ch0:  C_CMD: RDCMD     C_r = 0x015   at time   62662501 ps
inst0 ch0:  C_CMD: RDCMD     C_f = 0x0a0   at time   62662915 ps
inst0 ch0:  C_CMD: RDCMD     C_r = 0x015   at time   62665813 ps
inst0 ch0:  C_CMD: RDCMD     C_f = 0x0a2   at time   62666227 ps
inst0 ch0:  C_CMD: WRCMD     C_r = 0x011   at time   62686513 ps
inst0 ch0:  C_CMD: WRCMD     C_f = 0x0b8   at time   62686927 ps
inst0 ch0:  C_CMD: WRCMD     C_r = 0x011   at time   62689825 ps
inst0 ch0:  C_CMD: WRCMD     C_f = 0x0ba   at time   62690239 ps
inst0 ch0:  C_CMD: WRCMD     C_r = 0x011   at time   62693137 ps
inst0 ch0:  C_CMD: WRCMD     C_f = 0x0b0   at time   62693551 ps
inst0 ch0:  C_CMD: WRCMD     C_r = 0x019   at time   62696449 ps
inst0 ch0:  C_CMD: WRCMD     C_f = 0x0b2   at time   62696863 ps
inst0 ch0:  R_CMD: ACTCMD    R_r0= 0x02    at time   62703073 ps
inst0 ch0:  R_CMD: ACTCMD    R_f0= 0x00    at time   62703487 ps
inst0 ch0:  R_CMD: ACTCMD    R_r1= 0x00    at time   62703901 ps
inst0 ch0:  R_CMD: ACTCMD    R_f1= 0x00    at time   62704315 ps
inst0 ch0:  C_CMD: RDCMD     C_r = 0x005   at time   62717977 ps
inst0 ch0:  C_CMD: RDCMD     C_f = 0x018   at time   62718391 ps
inst0 ch0:  C_CMD: RDCMD     C_r = 0x005   at time   62721289 ps
inst0 ch0:  C_CMD: RDCMD     C_f = 0x01a   at time   62721703 ps
inst0 ch0:  C_CMD: RDCMD     C_r = 0x005   at time   62724601 ps
inst0 ch0:  C_CMD: RDCMD     C_f = 0x010   at time   62725015 ps
inst0 ch0:  C_CMD: RDCMD     C_r = 0x005   at time   62727913 ps
inst0 ch0:  C_CMD: RDCMD     C_f = 0x012   at time   62728327 ps
inst0 ch0:  C_CMD: RDCMD     C_r = 0x005   at time   62731225 ps
inst0 ch0:  C_CMD: RDCMD     C_f = 0x008   at time   62731639 ps
inst0 ch0:  R_CMD: ACTCMD    R_r0= 0x0a    at time   62734537 ps
inst0 ch0:  C_CMD: RDCMD     C_r = 0x005   at time   62734537 ps
inst0 ch0:  R_CMD: ACTCMD    R_f0= 0x08    at time   62734951 ps
inst0 ch0:  C_CMD: RDCMD     C_f = 0x00a   at time   62734951 ps
inst0 ch0:  R_CMD: ACTCMD    R_r1= 0x00    at time   62735365 ps
inst0 ch0:  R_CMD: ACTCMD    R_f1= 0x00    at time   62735779 ps
inst0 ch0:  C_CMD: RDCMD     C_r = 0x005   at time   62737849 ps
inst0 ch0:  C_CMD: RDCMD     C_f = 0x000   at time   62738263 ps
inst0 ch0:  C_CMD: RDCMD     C_r = 0x00d   at time   62741161 ps
inst0 ch0:  C_CMD: RDCMD     C_f = 0x002   at time   62741575 ps
inst0 ch0:  C_CMD: WRCMD     C_r = 0x011   at time   62745301 ps
inst0 ch0:  C_CMD: WRCMD     C_f = 0x0a8   at time   62745715 ps
inst0 ch0:  C_CMD: WRCMD     C_r = 0x011   at time   62748613 ps
inst0 ch0:  C_CMD: WRCMD     C_f = 0x0aa   at time   62749027 ps
inst0 ch0:  C_CMD: WRCMD     C_r = 0x011   at time   62751925 ps
inst0 ch0:  C_CMD: WRCMD     C_f = 0x0a0   at time   62752339 ps
inst0 ch0:  C_CMD: WRCMD     C_r = 0x019   at time   62755237 ps
inst0 ch0:  C_CMD: WRCMD     C_f = 0x0a2   at time   62755651 ps
inst0 ch0:  R_CMD: ACTCMD    R_r0= 0x0a    at time   62881093 ps
inst0 ch0:  R_CMD: ACTCMD    R_f0= 0x00    at time   62881507 ps
inst0 ch0:  R_CMD: ACTCMD    R_r1= 0x00    at time   62881921 ps
inst0 ch0:  R_CMD: ACTCMD    R_f1= 0x00    at time   62882335 ps
inst0 ch0:  C_CMD: RDCMD     C_r = 0x015   at time   62895997 ps
inst0 ch0:  C_CMD: RDCMD     C_f = 0x018   at time   62896411 ps
inst0 ch0:  C_CMD: RDCMD     C_r = 0x015   at time   62899309 ps
inst0 ch0:  C_CMD: RDCMD     C_f = 0x01a   at time   62899723 ps
inst0 ch0:  C_CMD: RDCMD     C_r = 0x015   at time   62902621 ps
inst0 ch0:  C_CMD: RDCMD     C_f = 0x010   at time   62903035 ps
inst0 ch0:  C_CMD: RDCMD     C_r = 0x015   at time   62905933 ps
inst0 ch0:  C_CMD: RDCMD     C_f = 0x012   at time   62906347 ps
inst0 ch0:  C_CMD: RDCMD     C_r = 0x015   at time   62909245 ps
inst0 ch0:  C_CMD: RDCMD     C_f = 0x008   at time   62909659 ps
inst0 ch0:  C_CMD: RDCMD     C_r = 0x015   at time   62912557 ps
inst0 ch0:  C_CMD: RDCMD     C_f = 0x00a   at time   62912971 ps
inst0 ch0:  C_CMD: RDCMD     C_r = 0x015   at time   62915869 ps
inst0 ch0:  C_CMD: RDCMD     C_f = 0x000   at time   62916283 ps
inst0 ch0:  C_CMD: RDCMD     C_r = 0x01d   at time   62919181 ps
inst0 ch0:  C_CMD: RDCMD     C_f = 0x002   at time   62919595 ps
inst0 ch0:  R_CMD: ACTCMD    R_r0= 0x0a    at time   63067393 ps
inst0 ch0:  R_CMD: ACTCMD    R_f0= 0x00    at time   63067807 ps
inst0 ch0:  R_CMD: ACTCMD    R_r1= 0x00    at time   63068221 ps
inst0 ch0:  R_CMD: ACTCMD    R_f1= 0x00    at time   63068635 ps
inst0 ch0:  C_CMD: RDCMD     C_r = 0x015   at time   63082297 ps
inst0 ch0:  C_CMD: RDCMD     C_f = 0x038   at time   63082711 ps
inst0 ch0:  C_CMD: RDCMD     C_r = 0x015   at time   63085609 ps
inst0 ch0:  C_CMD: RDCMD     C_f = 0x03a   at time   63086023 ps
inst0 ch0:  C_CMD: RDCMD     C_r = 0x015   at time   63088921 ps
inst0 ch0:  C_CMD: RDCMD     C_f = 0x030   at time   63089335 ps
inst0 ch0:  C_CMD: RDCMD     C_r = 0x015   at time   63092233 ps
inst0 ch0:  C_CMD: RDCMD     C_f = 0x032   at time   63092647 ps
inst0 ch0:  C_CMD: RDCMD     C_r = 0x015   at time   63095545 ps
inst0 ch0:  C_CMD: RDCMD     C_f = 0x028   at time   63095959 ps
inst0 ch0:  C_CMD: RDCMD     C_r = 0x015   at time   63098857 ps
inst0 ch0:  C_CMD: RDCMD     C_f = 0x02a   at time   63099271 ps
inst0 ch0:  C_CMD: RDCMD     C_r = 0x015   at time   63102169 ps
inst0 ch0:  C_CMD: RDCMD     C_f = 0x020   at time   63102583 ps
inst0 ch0:  C_CMD: RDCMD     C_r = 0x01d   at time   63105481 ps
inst0 ch0:  C_CMD: RDCMD     C_f = 0x022   at time   63105895 ps
inst0 ch0:  R_CMD: ACTCMD    R_r0= 0x0a    at time   63140257 ps
inst0 ch0:  R_CMD: ACTCMD    R_f0= 0x00    at time   63140671 ps
inst0 ch0:  R_CMD: ACTCMD    R_r1= 0x00    at time   63141085 ps
inst0 ch0:  R_CMD: ACTCMD    R_f1= 0x00    at time   63141499 ps
inst0 ch0:  C_CMD: WRCMD     C_r = 0x011   at time   63151021 ps
inst0 ch0:  C_CMD: WRCMD     C_f = 0x038   at time   63151435 ps
inst0 ch0:  C_CMD: WRCMD     C_r = 0x011   at time   63154333 ps
inst0 ch0:  C_CMD: WRCMD     C_f = 0x03a   at time   63154747 ps
inst0 ch0:  C_CMD: WRCMD     C_r = 0x011   at time   63157645 ps
inst0 ch0:  C_CMD: WRCMD     C_f = 0x028   at time   63158059 ps
inst0 ch0:  C_CMD: WRCMD     C_r = 0x011   at time   63160957 ps
inst0 ch0:  C_CMD: WRCMD     C_f = 0x02a   at time   63161371 ps
inst0 ch0:  C_CMD: WRCMD     C_r = 0x011   at time   63164269 ps
inst0 ch0:  C_CMD: WRCMD     C_f = 0x030   at time   63164683 ps
inst0 ch0:  C_CMD: WRCMD     C_r = 0x011   at time   63167581 ps
inst0 ch0:  C_CMD: WRCMD     C_f = 0x032   at time   63167995 ps
inst0 ch0:  C_CMD: WRCMD     C_r = 0x011   at time   63170893 ps
inst0 ch0:  C_CMD: WRCMD     C_f = 0x020   at time   63171307 ps
inst0 ch0:  C_CMD: WRCMD     C_r = 0x019   at time   63174205 ps
inst0 ch0:  C_CMD: WRCMD     C_f = 0x022   at time   63174619 ps
inst0 ch0:  R_CMD: ACTCMD    R_r0= 0x02    at time   63646993 ps
inst0 ch0:  R_CMD: ACTCMD    R_f0= 0x1b    at time   63647407 ps
inst0 ch0:  R_CMD: ACTCMD    R_r1= 0x3f    at time   63647821 ps
inst0 ch0:  R_CMD: ACTCMD    R_f1= 0x3b    at time   63648235 ps
inst0 ch0:  C_CMD: RDCMD     C_r = 0x005   at time   63661897 ps
inst0 ch0:  C_CMD: RDCMD     C_f = 0x080   at time   63662311 ps
inst0 ch0:  C_CMD: RDCMD     C_r = 0x00d   at time   63665209 ps
inst0 ch0:  C_CMD: RDCMD     C_f = 0x082   at time   63665623 ps
inst0 ch0:  R_CMD: ACTCMD    R_r0= 0x02    at time   63773677 ps
inst0 ch0:  R_CMD: ACTCMD    R_f0= 0x1b    at time   63774091 ps
inst0 ch0:  R_CMD: ACTCMD    R_r1= 0x3f    at time   63774505 ps
inst0 ch0:  R_CMD: ACTCMD    R_f1= 0x3b    at time   63774919 ps
inst0 ch0:  C_CMD: WRCMD     C_r = 0x001   at time   63784441 ps
inst0 ch0:  C_CMD: WRCMD     C_f = 0x080   at time   63784855 ps
inst0 ch0:  C_CMD: WRCMD     C_r = 0x009   at time   63787753 ps
inst0 ch0:  C_CMD: WRCMD     C_f = 0x082   at time   63788167 ps
inst0 ch0:  R_CMD: ACTCMD    R_r0= 0x02    at time   63928513 ps
inst0 ch0:  R_CMD: ACTCMD    R_f0= 0x1b    at time   63928927 ps
inst0 ch0:  R_CMD: ACTCMD    R_r1= 0x3f    at time   63929341 ps
inst0 ch0:  R_CMD: ACTCMD    R_f1= 0x3b    at time   63929755 ps
inst0 ch0:  C_CMD: RDCMD     C_r = 0x005   at time   63943417 ps
inst0 ch0:  C_CMD: RDCMD     C_f = 0x080   at time   63943831 ps
inst0 ch0:  C_CMD: RDCMD     C_r = 0x00d   at time   63946729 ps
inst0 ch0:  C_CMD: RDCMD     C_f = 0x082   at time   63947143 ps
inst0 ch0:  R_CMD: ACTCMD    R_r0= 0x02    at time   63998893 ps
inst0 ch0:  R_CMD: ACTCMD    R_f0= 0x1b    at time   63999307 ps
inst0 ch0:  R_CMD: ACTCMD    R_r1= 0x3f    at time   63999721 ps
inst0 ch0:  R_CMD: ACTCMD    R_f1= 0x3b    at time   64000135 ps
inst0 ch0:  C_CMD: WRCMD     C_r = 0x001   at time   64009657 ps
inst0 ch0:  C_CMD: WRCMD     C_f = 0x080   at time   64010071 ps
inst0 ch0:  C_CMD: WRCMD     C_r = 0x009   at time   64012969 ps
inst0 ch0:  C_CMD: WRCMD     C_f = 0x082   at time   64013383 ps
inst0 ch0:  R_CMD: ACTCMD    R_r0= 0x02    at time   64306081 ps
inst0 ch0:  R_CMD: ACTCMD    R_f0= 0x13    at time   64306495 ps
inst0 ch0:  R_CMD: ACTCMD    R_r1= 0x3f    at time   64306909 ps
inst0 ch0:  R_CMD: ACTCMD    R_f1= 0x3b    at time   64307323 ps
inst0 ch0:  C_CMD: RDCMD     C_r = 0x005   at time   64320985 ps
inst0 ch0:  C_CMD: RDCMD     C_f = 0x000   at time   64321399 ps
inst0 ch0:  C_CMD: RDCMD     C_r = 0x00d   at time   64324297 ps
inst0 ch0:  C_CMD: RDCMD     C_f = 0x002   at time   64324711 ps
inst0 ch0:  R_CMD: ACTCMD    R_r0= 0x02    at time   64378945 ps
inst0 ch0:  R_CMD: ACTCMD    R_f0= 0x13    at time   64379359 ps
inst0 ch0:  R_CMD: ACTCMD    R_r1= 0x3f    at time   64379773 ps
inst0 ch0:  R_CMD: ACTCMD    R_f1= 0x3b    at time   64380187 ps
inst0 ch0:  C_CMD: WRCMD     C_r = 0x001   at time   64389709 ps
inst0 ch0:  C_CMD: WRCMD     C_f = 0x000   at time   64390123 ps
inst0 ch0:  C_CMD: WRCMD     C_r = 0x009   at time   64393021 ps
inst0 ch0:  C_CMD: WRCMD     C_f = 0x002   at time   64393435 ps
inst0 ch0:  R_CMD: ACTCMD    R_r0= 0x0a    at time   64442701 ps
inst0 ch0:  R_CMD: ACTCMD    R_f0= 0x19    at time   64443115 ps
inst0 ch0:  R_CMD: ACTCMD    R_r1= 0x3f    at time   64443529 ps
inst0 ch0:  R_CMD: ACTCMD    R_f1= 0x3b    at time   64443943 ps
inst0 ch0:  R_CMD: ACTCMD    R_r0= 0x02    at time   64446841 ps
inst0 ch0:  R_CMD: ACTCMD    R_f0= 0x19    at time   64447255 ps
inst0 ch0:  R_CMD: ACTCMD    R_r1= 0x3f    at time   64447669 ps
inst0 ch0:  R_CMD: ACTCMD    R_f1= 0x3b    at time   64448083 ps
inst0 ch0:  C_CMD: RDCMD     C_r = 0x015   at time   64457605 ps
inst0 ch0:  C_CMD: RDCMD     C_f = 0x0f8   at time   64458019 ps
inst0 ch0:  C_CMD: RDCMD     C_r = 0x01d   at time   64460917 ps
inst0 ch0:  C_CMD: RDCMD     C_f = 0x0fa   at time   64461331 ps
inst0 ch0:  C_CMD: RDCMD     C_r = 0x005   at time   64464229 ps
inst0 ch0:  C_CMD: RDCMD     C_f = 0x0f8   at time   64464643 ps
inst0 ch0:  C_CMD: RDCMD     C_r = 0x00d   at time   64467541 ps
inst0 ch0:  C_CMD: RDCMD     C_f = 0x0fa   at time   64467955 ps
inst0 ch0:  R_CMD: ACTCMD    R_r0= 0x02    at time   64469197 ps
inst0 ch0:  R_CMD: ACTCMD    R_f0= 0x13    at time   64469611 ps
inst0 ch0:  R_CMD: ACTCMD    R_r1= 0x3f    at time   64470025 ps
inst0 ch0:  R_CMD: ACTCMD    R_f1= 0x3b    at time   64470439 ps
inst0 ch0:  C_CMD: RDCMD     C_r = 0x005   at time   64484101 ps
inst0 ch0:  C_CMD: RDCMD     C_f = 0x000   at time   64484515 ps
inst0 ch0:  C_CMD: RDCMD     C_r = 0x00d   at time   64487413 ps
inst0 ch0:  C_CMD: RDCMD     C_f = 0x002   at time   64487827 ps
inst0 ch0:  R_CMD: ACTCMD    R_r0= 0x0a    at time   64513081 ps
inst0 ch0:  R_CMD: ACTCMD    R_f0= 0x19    at time   64513495 ps
inst0 ch0:  R_CMD: ACTCMD    R_r1= 0x3f    at time   64513909 ps
inst0 ch0:  R_CMD: ACTCMD    R_f1= 0x3b    at time   64514323 ps
inst0 ch0:  R_CMD: ACTCMD    R_r0= 0x02    at time   64519705 ps
inst0 ch0:  R_CMD: ACTCMD    R_f0= 0x19    at time   64520119 ps
inst0 ch0:  R_CMD: ACTCMD    R_r1= 0x3f    at time   64520533 ps
inst0 ch0:  R_CMD: ACTCMD    R_f1= 0x3b    at time   64520947 ps
inst0 ch0:  C_CMD: WRCMD     C_r = 0x011   at time   64523845 ps
inst0 ch0:  C_CMD: WRCMD     C_f = 0x0f8   at time   64524259 ps
inst0 ch0:  C_CMD: WRCMD     C_r = 0x019   at time   64527157 ps
inst0 ch0:  C_CMD: WRCMD     C_f = 0x0fa   at time   64527571 ps
inst0 ch0:  C_CMD: WRCMD     C_r = 0x001   at time   64530469 ps
inst0 ch0:  C_CMD: WRCMD     C_f = 0x0f8   at time   64530883 ps
inst0 ch0:  C_CMD: WRCMD     C_r = 0x009   at time   64533781 ps
inst0 ch0:  C_CMD: WRCMD     C_f = 0x0fa   at time   64534195 ps
inst0 ch0:  R_CMD: ACTCMD    R_r0= 0x02    at time   64568557 ps
inst0 ch0:  R_CMD: ACTCMD    R_f0= 0x13    at time   64568971 ps
inst0 ch0:  R_CMD: ACTCMD    R_r1= 0x3f    at time   64569385 ps
inst0 ch0:  R_CMD: ACTCMD    R_f1= 0x3b    at time   64569799 ps
inst0 ch0:  C_CMD: WRCMD     C_r = 0x001   at time   64579321 ps
inst0 ch0:  C_CMD: WRCMD     C_f = 0x000   at time   64579735 ps
inst0 ch0:  C_CMD: WRCMD     C_r = 0x009   at time   64582633 ps
inst0 ch0:  C_CMD: WRCMD     C_f = 0x002   at time   64583047 ps
inst0 ch0:  R_CMD: ACTCMD    R_r0= 0x0a    at time   64794601 ps
inst0 ch0:  R_CMD: ACTCMD    R_f0= 0x11    at time   64795015 ps
inst0 ch0:  R_CMD: ACTCMD    R_r1= 0x3f    at time   64795429 ps
inst0 ch0:  R_CMD: ACTCMD    R_f1= 0x3b    at time   64795843 ps
inst0 ch0:  R_CMD: ACTCMD    R_r0= 0x02    at time   64798741 ps
inst0 ch0:  R_CMD: ACTCMD    R_f0= 0x11    at time   64799155 ps
inst0 ch0:  R_CMD: ACTCMD    R_r1= 0x3f    at time   64799569 ps
inst0 ch0:  R_CMD: ACTCMD    R_f1= 0x3b    at time   64799983 ps
inst0 ch0:  C_CMD: RDCMD     C_r = 0x015   at time   64809505 ps
inst0 ch0:  C_CMD: RDCMD     C_f = 0x078   at time   64809919 ps
inst0 ch0:  C_CMD: RDCMD     C_r = 0x01d   at time   64812817 ps
inst0 ch0:  C_CMD: RDCMD     C_f = 0x07a   at time   64813231 ps
inst0 ch0:  C_CMD: RDCMD     C_r = 0x005   at time   64816129 ps
inst0 ch0:  C_CMD: RDCMD     C_f = 0x078   at time   64816543 ps
inst0 ch0:  C_CMD: RDCMD     C_r = 0x00d   at time   64819441 ps
inst0 ch0:  C_CMD: RDCMD     C_f = 0x07a   at time   64819855 ps
inst0 ch0:  R_CMD: ACTCMD    R_r0= 0x0a    at time   64864981 ps
inst0 ch0:  R_CMD: ACTCMD    R_f0= 0x11    at time   64865395 ps
inst0 ch0:  R_CMD: ACTCMD    R_r1= 0x3f    at time   64865809 ps
inst0 ch0:  R_CMD: ACTCMD    R_f1= 0x3b    at time   64866223 ps
inst0 ch0:  R_CMD: ACTCMD    R_r0= 0x02    at time   64869121 ps
inst0 ch0:  R_CMD: ACTCMD    R_f0= 0x11    at time   64869535 ps
inst0 ch0:  R_CMD: ACTCMD    R_r1= 0x3f    at time   64869949 ps
inst0 ch0:  R_CMD: ACTCMD    R_f1= 0x3b    at time   64870363 ps
inst0 ch0:  C_CMD: WRCMD     C_r = 0x011   at time   64875745 ps
inst0 ch0:  C_CMD: WRCMD     C_f = 0x078   at time   64876159 ps
inst0 ch0:  C_CMD: WRCMD     C_r = 0x019   at time   64879057 ps
inst0 ch0:  C_CMD: WRCMD     C_f = 0x07a   at time   64879471 ps
inst0 ch0:  C_CMD: WRCMD     C_r = 0x001   at time   64882369 ps
inst0 ch0:  C_CMD: WRCMD     C_f = 0x078   at time   64882783 ps
inst0 ch0:  C_CMD: WRCMD     C_r = 0x009   at time   64885681 ps
inst0 ch0:  C_CMD: WRCMD     C_f = 0x07a   at time   64886095 ps
inst0 ch0:  R_CMD: ACTCMD    R_r0= 0x0a    at time   65196181 ps
inst0 ch0:  R_CMD: ACTCMD    R_f0= 0x0a    at time   65196595 ps
inst0 ch0:  R_CMD: ACTCMD    R_r1= 0x00    at time   65197009 ps
inst0 ch0:  R_CMD: ACTCMD    R_f1= 0x00    at time   65197423 ps
inst0 ch0:  R_CMD: ACTCMD    R_r0= 0x02    at time   65200321 ps
inst0 ch0:  R_CMD: ACTCMD    R_f0= 0x0a    at time   65200735 ps
inst0 ch0:  R_CMD: ACTCMD    R_r1= 0x00    at time   65201149 ps
inst0 ch0:  R_CMD: ACTCMD    R_f1= 0x00    at time   65201563 ps
inst0 ch0:  C_CMD: RDCMD     C_r = 0x015   at time   65211085 ps
inst0 ch0:  C_CMD: RDCMD     C_f = 0x080   at time   65211499 ps
inst0 ch0:  C_CMD: RDCMD     C_r = 0x01d   at time   65214397 ps
inst0 ch0:  C_CMD: RDCMD     C_f = 0x082   at time   65214811 ps
inst0 ch0:  C_CMD: RDCMD     C_r = 0x005   at time   65217709 ps
inst0 ch0:  C_CMD: RDCMD     C_f = 0x080   at time   65218123 ps
inst0 ch0:  C_CMD: RDCMD     C_r = 0x00d   at time   65221021 ps
inst0 ch0:  C_CMD: RDCMD     C_f = 0x082   at time   65221435 ps
inst0 ch0:  R_CMD: ACTCMD    R_r0= 0x0a    at time   65263249 ps
inst0 ch0:  R_CMD: ACTCMD    R_f0= 0x02    at time   65263663 ps
inst0 ch0:  R_CMD: ACTCMD    R_r1= 0x00    at time   65264077 ps
inst0 ch0:  R_CMD: ACTCMD    R_f1= 0x00    at time   65264491 ps
inst0 ch0:  R_CMD: ACTCMD    R_r0= 0x02    at time   65267389 ps
inst0 ch0:  R_CMD: ACTCMD    R_f0= 0x02    at time   65267803 ps
inst0 ch0:  R_CMD: ACTCMD    R_r1= 0x00    at time   65268217 ps
inst0 ch0:  R_CMD: ACTCMD    R_f1= 0x00    at time   65268631 ps
inst0 ch0:  C_CMD: RDCMD     C_r = 0x015   at time   65278153 ps
inst0 ch0:  C_CMD: RDCMD     C_f = 0x000   at time   65278567 ps
inst0 ch0:  C_CMD: RDCMD     C_r = 0x01d   at time   65281465 ps
inst0 ch0:  C_CMD: RDCMD     C_f = 0x002   at time   65281879 ps
inst0 ch0:  C_CMD: RDCMD     C_r = 0x005   at time   65284777 ps
inst0 ch0:  C_CMD: RDCMD     C_f = 0x000   at time   65285191 ps
inst0 ch0:  C_CMD: RDCMD     C_r = 0x00d   at time   65288089 ps
inst0 ch0:  C_CMD: RDCMD     C_f = 0x002   at time   65288503 ps
