inst0 ch0:  R_CMD: ACTCMD    R_r0= 0x0e    at time   33400981 ps
inst0 ch0:  R_CMD: ACTCMD    R_f0= 0x28    at time   33401395 ps
inst0 ch0:  R_CMD: ACTCMD    R_r1= 0x00    at time   33401809 ps
inst0 ch0:  R_CMD: ACTCMD    R_f1= 0x02    at time   33402223 ps
inst0 ch0:  R_CMD: ACTCMD    R_r0= 0x0e    at time   33402637 ps
inst0 ch0:  R_CMD: ACTCMD    R_f0= 0x20    at time   33403051 ps
inst0 ch0:  R_CMD: ACTCMD    R_r1= 0x00    at time   33403465 ps
inst0 ch0:  R_CMD: ACTCMD    R_f1= 0x02    at time   33403879 ps
inst0 ch0:  C_CMD: RDCMD     C_r = 0x095   at time   33415885 ps
inst0 ch0:  C_CMD: RDCMD     C_f = 0x0a9   at time   33416299 ps
inst0 ch0:  C_CMD: RDCMD     C_r = 0x095   at time   33417541 ps
inst0 ch0:  C_CMD: RDCMD     C_f = 0x029   at time   33417955 ps
inst0 ch0:  C_CMD: RDCMD     C_r = 0x095   at time   33419197 ps
inst0 ch0:  C_CMD: RDCMD     C_f = 0x0ab   at time   33419611 ps
inst0 ch0:  C_CMD: RDCMD     C_r = 0x095   at time   33420853 ps
inst0 ch0:  C_CMD: RDCMD     C_f = 0x02b   at time   33421267 ps
inst0 ch0:  C_CMD: RDCMD     C_r = 0x095   at time   33422509 ps
inst0 ch0:  C_CMD: RDCMD     C_f = 0x0a1   at time   33422923 ps
inst0 ch0:  C_CMD: RDCMD     C_r = 0x095   at time   33424165 ps
inst0 ch0:  C_CMD: RDCMD     C_f = 0x021   at time   33424579 ps
inst0 ch0:  C_CMD: RDCMD     C_r = 0x09d   at time   33425821 ps
inst0 ch0:  C_CMD: RDCMD     C_f = 0x0a3   at time   33426235 ps
inst0 ch0:  C_CMD: RDCMD     C_r = 0x09d   at time   33427477 ps
inst0 ch0:  C_CMD: RDCMD     C_f = 0x023   at time   33427891 ps
inst0 ch0:  R_CMD: ACTCMD    R_r0= 0x0e    at time   33701545 ps
inst0 ch0:  R_CMD: ACTCMD    R_f0= 0x28    at time   33701959 ps
inst0 ch0:  R_CMD: ACTCMD    R_r1= 0x00    at time   33702373 ps
inst0 ch0:  R_CMD: ACTCMD    R_f1= 0x02    at time   33702787 ps
inst0 ch0:  R_CMD: ACTCMD    R_r0= 0x0e    at time   33703201 ps
inst0 ch0:  R_CMD: ACTCMD    R_f0= 0x20    at time   33703615 ps
inst0 ch0:  R_CMD: ACTCMD    R_r1= 0x00    at time   33704029 ps
inst0 ch0:  R_CMD: ACTCMD    R_f1= 0x02    at time   33704443 ps
inst0 ch0:  C_CMD: WRCMD     C_r = 0x091   at time   33712309 ps
inst0 ch0:  C_CMD: WRCMD     C_f = 0x0a9   at time   33712723 ps
inst0 ch0:  C_CMD: WRCMD     C_r = 0x091   at time   33713965 ps
inst0 ch0:  C_CMD: WRCMD     C_f = 0x029   at time   33714379 ps
inst0 ch0:  C_CMD: WRCMD     C_r = 0x091   at time   33715621 ps
inst0 ch0:  C_CMD: WRCMD     C_f = 0x0ab   at time   33716035 ps
inst0 ch0:  C_CMD: WRCMD     C_r = 0x091   at time   33717277 ps
inst0 ch0:  C_CMD: WRCMD     C_f = 0x02b   at time   33717691 ps
inst0 ch0:  C_CMD: WRCMD     C_r = 0x091   at time   33718933 ps
inst0 ch0:  C_CMD: WRCMD     C_f = 0x0a1   at time   33719347 ps
inst0 ch0:  C_CMD: WRCMD     C_r = 0x091   at time   33720589 ps
inst0 ch0:  C_CMD: WRCMD     C_f = 0x021   at time   33721003 ps
inst0 ch0:  C_CMD: WRCMD     C_r = 0x099   at time   33722245 ps
inst0 ch0:  C_CMD: WRCMD     C_f = 0x0a3   at time   33722659 ps
inst0 ch0:  C_CMD: WRCMD     C_r = 0x099   at time   33723901 ps
inst0 ch0:  C_CMD: WRCMD     C_f = 0x023   at time   33724315 ps
inst0 ch0:  R_CMD: ACTCMD    R_r0= 0x26    at time   37582381 ps
inst0 ch0:  R_CMD: ACTCMD    R_f0= 0x28    at time   37582795 ps
inst0 ch0:  R_CMD: ACTCMD    R_r1= 0x00    at time   37583209 ps
inst0 ch0:  R_CMD: ACTCMD    R_f1= 0x02    at time   37583623 ps
inst0 ch0:  R_CMD: ACTCMD    R_r0= 0x26    at time   37584865 ps
inst0 ch0:  R_CMD: ACTCMD    R_f0= 0x20    at time   37585279 ps
inst0 ch0:  R_CMD: ACTCMD    R_r1= 0x00    at time   37585693 ps
inst0 ch0:  R_CMD: ACTCMD    R_f1= 0x02    at time   37586107 ps
inst0 ch0:  C_CMD: RDCMD     C_r = 0x0c5   at time   37597285 ps
inst0 ch0:  C_CMD: RDCMD     C_f = 0x0a9   at time   37597699 ps
inst0 ch0:  C_CMD: RDCMD     C_r = 0x0c5   at time   37599769 ps
inst0 ch0:  C_CMD: RDCMD     C_f = 0x029   at time   37600183 ps
inst0 ch0:  C_CMD: RDCMD     C_r = 0x0cd   at time   37600597 ps
inst0 ch0:  C_CMD: RDCMD     C_f = 0x0ab   at time   37601011 ps
inst0 ch0:  C_CMD: RDCMD     C_r = 0x0cd   at time   37603081 ps
inst0 ch0:  C_CMD: RDCMD     C_f = 0x02b   at time   37603495 ps
inst0 ch0:  R_CMD: ACTCMD    R_r0= 0x26    at time   37629577 ps
inst0 ch0:  R_CMD: ACTCMD    R_f0= 0x28    at time   37629991 ps
inst0 ch0:  R_CMD: ACTCMD    R_r1= 0x00    at time   37630405 ps
inst0 ch0:  R_CMD: ACTCMD    R_f1= 0x02    at time   37630819 ps
inst0 ch0:  R_CMD: ACTCMD    R_r0= 0x26    at time   37632061 ps
inst0 ch0:  R_CMD: ACTCMD    R_f0= 0x20    at time   37632475 ps
inst0 ch0:  R_CMD: ACTCMD    R_r1= 0x00    at time   37632889 ps
inst0 ch0:  R_CMD: ACTCMD    R_f1= 0x02    at time   37633303 ps
inst0 ch0:  C_CMD: RDCMD     C_r = 0x0c5   at time   37644481 ps
inst0 ch0:  C_CMD: RDCMD     C_f = 0x0a1   at time   37644895 ps
inst0 ch0:  C_CMD: RDCMD     C_r = 0x0c5   at time   37646965 ps
inst0 ch0:  C_CMD: RDCMD     C_f = 0x021   at time   37647379 ps
inst0 ch0:  C_CMD: RDCMD     C_r = 0x0cd   at time   37647793 ps
inst0 ch0:  C_CMD: RDCMD     C_f = 0x0a3   at time   37648207 ps
inst0 ch0:  C_CMD: RDCMD     C_r = 0x0cd   at time   37650277 ps
inst0 ch0:  C_CMD: RDCMD     C_f = 0x023   at time   37650691 ps
inst0 ch0:  R_CMD: ACTCMD    R_r0= 0x26    at time   37699129 ps
inst0 ch0:  R_CMD: ACTCMD    R_f0= 0x28    at time   37699543 ps
inst0 ch0:  R_CMD: ACTCMD    R_r1= 0x00    at time   37699957 ps
inst0 ch0:  R_CMD: ACTCMD    R_f1= 0x02    at time   37700371 ps
inst0 ch0:  R_CMD: ACTCMD    R_r0= 0x26    at time   37701613 ps
inst0 ch0:  R_CMD: ACTCMD    R_f0= 0x20    at time   37702027 ps
inst0 ch0:  R_CMD: ACTCMD    R_r1= 0x00    at time   37702441 ps
inst0 ch0:  R_CMD: ACTCMD    R_f1= 0x02    at time   37702855 ps
inst0 ch0:  C_CMD: WRCMD     C_r = 0x0c1   at time   37709893 ps
inst0 ch0:  C_CMD: WRCMD     C_f = 0x0a9   at time   37710307 ps
inst0 ch0:  C_CMD: WRCMD     C_r = 0x0c1   at time   37712377 ps
inst0 ch0:  C_CMD: WRCMD     C_f = 0x029   at time   37712791 ps
inst0 ch0:  C_CMD: WRCMD     C_r = 0x0c1   at time   37713205 ps
inst0 ch0:  C_CMD: WRCMD     C_f = 0x0ab   at time   37713619 ps
inst0 ch0:  C_CMD: WRCMD     C_r = 0x0c1   at time   37715689 ps
inst0 ch0:  C_CMD: WRCMD     C_f = 0x02b   at time   37716103 ps
inst0 ch0:  C_CMD: WRCMD     C_r = 0x0c1   at time   37716517 ps
inst0 ch0:  C_CMD: WRCMD     C_f = 0x0a1   at time   37716931 ps
inst0 ch0:  C_CMD: WRCMD     C_r = 0x0c1   at time   37719001 ps
inst0 ch0:  C_CMD: WRCMD     C_f = 0x021   at time   37719415 ps
inst0 ch0:  C_CMD: WRCMD     C_r = 0x0c9   at time   37719829 ps
inst0 ch0:  C_CMD: WRCMD     C_f = 0x0a3   at time   37720243 ps
inst0 ch0:  C_CMD: WRCMD     C_r = 0x0c9   at time   37722313 ps
inst0 ch0:  C_CMD: WRCMD     C_f = 0x023   at time   37722727 ps
inst0 ch0:  R_CMD: ACTCMD    R_r0= 0x22    at time   54589501 ps
inst0 ch0:  R_CMD: ACTCMD    R_f0= 0x2a    at time   54589915 ps
inst0 ch0:  R_CMD: ACTCMD    R_r1= 0x00    at time   54590329 ps
inst0 ch0:  R_CMD: ACTCMD    R_f1= 0x00    at time   54590743 ps
inst0 ch0:  R_CMD: ACTCMD    R_r0= 0x02    at time   54593641 ps
inst0 ch0:  R_CMD: ACTCMD    R_f0= 0x2a    at time   54594055 ps
inst0 ch0:  R_CMD: ACTCMD    R_r1= 0x00    at time   54594469 ps
inst0 ch0:  R_CMD: ACTCMD    R_f1= 0x00    at time   54594883 ps
inst0 ch0:  R_CMD: ACTCMD    R_r0= 0x22    at time   54595297 ps
inst0 ch0:  R_CMD: ACTCMD    R_f0= 0x22    at time   54595711 ps
inst0 ch0:  R_CMD: ACTCMD    R_r1= 0x00    at time   54596125 ps
inst0 ch0:  R_CMD: ACTCMD    R_f1= 0x00    at time   54596539 ps
inst0 ch0:  R_CMD: ACTCMD    R_r0= 0x22    at time   54597781 ps
inst0 ch0:  R_CMD: ACTCMD    R_f0= 0x0a    at time   54598195 ps
inst0 ch0:  R_CMD: ACTCMD    R_r1= 0x00    at time   54598609 ps
inst0 ch0:  R_CMD: ACTCMD    R_f1= 0x00    at time   54599023 ps
inst0 ch0:  R_CMD: ACTCMD    R_r0= 0x02    at time   54599437 ps
inst0 ch0:  R_CMD: ACTCMD    R_f0= 0x22    at time   54599851 ps
inst0 ch0:  R_CMD: ACTCMD    R_r1= 0x00    at time   54600265 ps
inst0 ch0:  R_CMD: ACTCMD    R_f1= 0x00    at time   54600679 ps
inst0 ch0:  R_CMD: ACTCMD    R_r0= 0x02    at time   54601921 ps
inst0 ch0:  R_CMD: ACTCMD    R_f0= 0x0a    at time   54602335 ps
inst0 ch0:  R_CMD: ACTCMD    R_r1= 0x00    at time   54602749 ps
inst0 ch0:  R_CMD: ACTCMD    R_f1= 0x00    at time   54603163 ps
inst0 ch0:  R_CMD: ACTCMD    R_r0= 0x22    at time   54603577 ps
inst0 ch0:  R_CMD: ACTCMD    R_f0= 0x02    at time   54603991 ps
inst0 ch0:  R_CMD: ACTCMD    R_r1= 0x00    at time   54604405 ps
inst0 ch0:  C_CMD: RDCMD     C_r = 0x0c5   at time   54604405 ps
inst0 ch0:  R_CMD: ACTCMD    R_f1= 0x00    at time   54604819 ps
inst0 ch0:  C_CMD: RDCMD     C_f = 0x080   at time   54604819 ps
inst0 ch0:  R_CMD: ACTCMD    R_r0= 0x02    at time   54607717 ps
inst0 ch0:  C_CMD: RDCMD     C_r = 0x0cd   at time   54607717 ps
inst0 ch0:  R_CMD: ACTCMD    R_f0= 0x02    at time   54608131 ps
inst0 ch0:  C_CMD: RDCMD     C_f = 0x082   at time   54608131 ps
inst0 ch0:  R_CMD: ACTCMD    R_r1= 0x00    at time   54608545 ps
inst0 ch0:  R_CMD: ACTCMD    R_f1= 0x00    at time   54608959 ps
inst0 ch0:  C_CMD: RDCMD     C_r = 0x085   at time   54609373 ps
inst0 ch0:  C_CMD: RDCMD     C_f = 0x080   at time   54609787 ps
inst0 ch0:  C_CMD: RDCMD     C_r = 0x0c5   at time   54610201 ps
inst0 ch0:  C_CMD: RDCMD     C_f = 0x000   at time   54610615 ps
inst0 ch0:  C_CMD: RDCMD     C_r = 0x08d   at time   54612685 ps
inst0 ch0:  C_CMD: RDCMD     C_f = 0x082   at time   54613099 ps
inst0 ch0:  C_CMD: RDCMD     C_r = 0x0cd   at time   54613513 ps
inst0 ch0:  C_CMD: RDCMD     C_f = 0x002   at time   54613927 ps
inst0 ch0:  C_CMD: RDCMD     C_r = 0x045   at time   54614341 ps
inst0 ch0:  C_CMD: RDCMD     C_f = 0x080   at time   54614755 ps
inst0 ch0:  C_CMD: RDCMD     C_r = 0x085   at time   54615169 ps
inst0 ch0:  C_CMD: RDCMD     C_f = 0x000   at time   54615583 ps
inst0 ch0:  C_CMD: RDCMD     C_r = 0x005   at time   54616825 ps
inst0 ch0:  C_CMD: RDCMD     C_f = 0x080   at time   54617239 ps
inst0 ch0:  C_CMD: RDCMD     C_r = 0x04d   at time   54618481 ps
inst0 ch0:  C_CMD: RDCMD     C_f = 0x082   at time   54618895 ps
inst0 ch0:  C_CMD: RDCMD     C_r = 0x08d   at time   54619309 ps
inst0 ch0:  C_CMD: RDCMD     C_f = 0x002   at time   54619723 ps
inst0 ch0:  C_CMD: RDCMD     C_r = 0x00d   at time   54620137 ps
inst0 ch0:  C_CMD: RDCMD     C_f = 0x082   at time   54620551 ps
inst0 ch0:  C_CMD: RDCMD     C_r = 0x045   at time   54620965 ps
inst0 ch0:  C_CMD: RDCMD     C_f = 0x000   at time   54621379 ps
inst0 ch0:  C_CMD: RDCMD     C_r = 0x005   at time   54622621 ps
inst0 ch0:  C_CMD: RDCMD     C_f = 0x000   at time   54623035 ps
inst0 ch0:  C_CMD: RDCMD     C_r = 0x04d   at time   54624277 ps
inst0 ch0:  C_CMD: RDCMD     C_f = 0x002   at time   54624691 ps
inst0 ch0:  C_CMD: RDCMD     C_r = 0x00d   at time   54625933 ps
inst0 ch0:  C_CMD: RDCMD     C_f = 0x002   at time   54626347 ps
inst0 ch0:  R_CMD: ACTCMD    R_r0= 0x2a    at time   55165789 ps
inst0 ch0:  R_CMD: ACTCMD    R_f0= 0x22    at time   55166203 ps
inst0 ch0:  R_CMD: ACTCMD    R_r1= 0x00    at time   55166617 ps
inst0 ch0:  R_CMD: ACTCMD    R_f1= 0x00    at time   55167031 ps
inst0 ch0:  R_CMD: ACTCMD    R_r0= 0x0a    at time   55169929 ps
inst0 ch0:  R_CMD: ACTCMD    R_f0= 0x22    at time   55170343 ps
inst0 ch0:  R_CMD: ACTCMD    R_r1= 0x00    at time   55170757 ps
inst0 ch0:  R_CMD: ACTCMD    R_f1= 0x00    at time   55171171 ps
inst0 ch0:  R_CMD: ACTCMD    R_r0= 0x2a    at time   55174069 ps
inst0 ch0:  R_CMD: ACTCMD    R_f0= 0x02    at time   55174483 ps
inst0 ch0:  R_CMD: ACTCMD    R_r1= 0x00    at time   55174897 ps
inst0 ch0:  R_CMD: ACTCMD    R_f1= 0x00    at time   55175311 ps
inst0 ch0:  R_CMD: ACTCMD    R_r0= 0x0a    at time   55178209 ps
inst0 ch0:  R_CMD: ACTCMD    R_f0= 0x02    at time   55178623 ps
inst0 ch0:  R_CMD: ACTCMD    R_r1= 0x00    at time   55179037 ps
inst0 ch0:  R_CMD: ACTCMD    R_f1= 0x00    at time   55179451 ps
inst0 ch0:  C_CMD: RDCMD     C_r = 0x0d5   at time   55180693 ps
inst0 ch0:  C_CMD: RDCMD     C_f = 0x000   at time   55181107 ps
inst0 ch0:  R_CMD: ACTCMD    R_r0= 0x2a    at time   55181521 ps
inst0 ch0:  R_CMD: ACTCMD    R_f0= 0x2a    at time   55181935 ps
inst0 ch0:  R_CMD: ACTCMD    R_r1= 0x00    at time   55182349 ps
inst0 ch0:  R_CMD: ACTCMD    R_f1= 0x00    at time   55182763 ps
inst0 ch0:  C_CMD: RDCMD     C_r = 0x0dd   at time   55184005 ps
inst0 ch0:  C_CMD: RDCMD     C_f = 0x002   at time   55184419 ps
inst0 ch0:  R_CMD: ACTCMD    R_r0= 0x0a    at time   55185661 ps
inst0 ch0:  C_CMD: RDCMD     C_r = 0x095   at time   55185661 ps
inst0 ch0:  R_CMD: ACTCMD    R_f0= 0x2a    at time   55186075 ps
inst0 ch0:  C_CMD: RDCMD     C_f = 0x000   at time   55186075 ps
inst0 ch0:  R_CMD: ACTCMD    R_r1= 0x00    at time   55186489 ps
inst0 ch0:  R_CMD: ACTCMD    R_f1= 0x00    at time   55186903 ps
inst0 ch0:  C_CMD: RDCMD     C_r = 0x09d   at time   55188973 ps
inst0 ch0:  C_CMD: RDCMD     C_f = 0x002   at time   55189387 ps
inst0 ch0:  R_CMD: ACTCMD    R_r0= 0x2a    at time   55189801 ps
inst0 ch0:  R_CMD: ACTCMD    R_f0= 0x0a    at time   55190215 ps
inst0 ch0:  R_CMD: ACTCMD    R_r1= 0x00    at time   55190629 ps
inst0 ch0:  C_CMD: RDCMD     C_r = 0x055   at time   55190629 ps
inst0 ch0:  R_CMD: ACTCMD    R_f1= 0x00    at time   55191043 ps
inst0 ch0:  C_CMD: RDCMD     C_f = 0x000   at time   55191043 ps
inst0 ch0:  C_CMD: RDCMD     C_r = 0x015   at time   55193113 ps
inst0 ch0:  C_CMD: RDCMD     C_f = 0x000   at time   55193527 ps
inst0 ch0:  R_CMD: ACTCMD    R_r0= 0x0a    at time   55193941 ps
inst0 ch0:  R_CMD: ACTCMD    R_f0= 0x0a    at time   55194355 ps
inst0 ch0:  R_CMD: ACTCMD    R_r1= 0x00    at time   55194769 ps
inst0 ch0:  C_CMD: RDCMD     C_r = 0x05d   at time   55194769 ps
inst0 ch0:  R_CMD: ACTCMD    R_f1= 0x00    at time   55195183 ps
inst0 ch0:  C_CMD: RDCMD     C_f = 0x002   at time   55195183 ps
inst0 ch0:  C_CMD: RDCMD     C_r = 0x01d   at time   55196425 ps
inst0 ch0:  C_CMD: RDCMD     C_f = 0x002   at time   55196839 ps
inst0 ch0:  C_CMD: RDCMD     C_r = 0x0d5   at time   55197253 ps
inst0 ch0:  C_CMD: RDCMD     C_f = 0x080   at time   55197667 ps
inst0 ch0:  C_CMD: RDCMD     C_r = 0x0dd   at time   55200565 ps
inst0 ch0:  C_CMD: RDCMD     C_f = 0x082   at time   55200979 ps
inst0 ch0:  C_CMD: RDCMD     C_r = 0x095   at time   55202221 ps
inst0 ch0:  C_CMD: RDCMD     C_f = 0x080   at time   55202635 ps
inst0 ch0:  C_CMD: RDCMD     C_r = 0x055   at time   55204705 ps
inst0 ch0:  C_CMD: RDCMD     C_f = 0x080   at time   55205119 ps
inst0 ch0:  C_CMD: RDCMD     C_r = 0x09d   at time   55206361 ps
inst0 ch0:  C_CMD: RDCMD     C_f = 0x082   at time   55206775 ps
inst0 ch0:  C_CMD: RDCMD     C_r = 0x05d   at time   55208017 ps
inst0 ch0:  C_CMD: RDCMD     C_f = 0x082   at time   55208431 ps
inst0 ch0:  C_CMD: RDCMD     C_r = 0x015   at time   55209673 ps
inst0 ch0:  C_CMD: RDCMD     C_f = 0x080   at time   55210087 ps
inst0 ch0:  C_CMD: RDCMD     C_r = 0x01d   at time   55212985 ps
inst0 ch0:  C_CMD: RDCMD     C_f = 0x082   at time   55213399 ps
inst0 ch0:  R_CMD: ACTCMD    R_r0= 0x32    at time   55434889 ps
inst0 ch0:  R_CMD: ACTCMD    R_f0= 0x22    at time   55435303 ps
inst0 ch0:  R_CMD: ACTCMD    R_r1= 0x00    at time   55435717 ps
inst0 ch0:  R_CMD: ACTCMD    R_f1= 0x00    at time   55436131 ps
inst0 ch0:  R_CMD: ACTCMD    R_r0= 0x12    at time   55439029 ps
inst0 ch0:  R_CMD: ACTCMD    R_f0= 0x22    at time   55439443 ps
inst0 ch0:  R_CMD: ACTCMD    R_r1= 0x00    at time   55439857 ps
inst0 ch0:  R_CMD: ACTCMD    R_f1= 0x00    at time   55440271 ps
inst0 ch0:  R_CMD: ACTCMD    R_r0= 0x32    at time   55443169 ps
inst0 ch0:  R_CMD: ACTCMD    R_f0= 0x02    at time   55443583 ps
inst0 ch0:  R_CMD: ACTCMD    R_r1= 0x00    at time   55443997 ps
inst0 ch0:  R_CMD: ACTCMD    R_f1= 0x00    at time   55444411 ps
inst0 ch0:  R_CMD: ACTCMD    R_r0= 0x12    at time   55447309 ps
inst0 ch0:  R_CMD: ACTCMD    R_f0= 0x02    at time   55447723 ps
inst0 ch0:  R_CMD: ACTCMD    R_r1= 0x00    at time   55448137 ps
inst0 ch0:  R_CMD: ACTCMD    R_f1= 0x00    at time   55448551 ps
inst0 ch0:  C_CMD: RDCMD     C_r = 0x0e5   at time   55449793 ps
inst0 ch0:  C_CMD: RDCMD     C_f = 0x000   at time   55450207 ps
inst0 ch0:  C_CMD: RDCMD     C_r = 0x0ed   at time   55453105 ps
inst0 ch0:  C_CMD: RDCMD     C_f = 0x002   at time   55453519 ps
inst0 ch0:  C_CMD: RDCMD     C_r = 0x0a5   at time   55454761 ps
inst0 ch0:  C_CMD: RDCMD     C_f = 0x000   at time   55455175 ps
inst0 ch0:  C_CMD: RDCMD     C_r = 0x0ad   at time   55458073 ps
inst0 ch0:  C_CMD: RDCMD     C_f = 0x002   at time   55458487 ps
inst0 ch0:  C_CMD: RDCMD     C_r = 0x065   at time   55459729 ps
inst0 ch0:  C_CMD: RDCMD     C_f = 0x000   at time   55460143 ps
inst0 ch0:  C_CMD: RDCMD     C_r = 0x025   at time   55462213 ps
inst0 ch0:  C_CMD: RDCMD     C_f = 0x000   at time   55462627 ps
inst0 ch0:  C_CMD: RDCMD     C_r = 0x06d   at time   55463869 ps
inst0 ch0:  C_CMD: RDCMD     C_f = 0x002   at time   55464283 ps
inst0 ch0:  C_CMD: RDCMD     C_r = 0x02d   at time   55465525 ps
inst0 ch0:  C_CMD: RDCMD     C_f = 0x002   at time   55465939 ps
inst0 ch0:  R_CMD: ACTCMD    R_r0= 0x32    at time   55484569 ps
inst0 ch0:  R_CMD: ACTCMD    R_f0= 0x2a    at time   55484983 ps
inst0 ch0:  R_CMD: ACTCMD    R_r1= 0x00    at time   55485397 ps
inst0 ch0:  R_CMD: ACTCMD    R_f1= 0x00    at time   55485811 ps
inst0 ch0:  R_CMD: ACTCMD    R_r0= 0x12    at time   55488709 ps
inst0 ch0:  R_CMD: ACTCMD    R_f0= 0x2a    at time   55489123 ps
inst0 ch0:  R_CMD: ACTCMD    R_r1= 0x00    at time   55489537 ps
inst0 ch0:  R_CMD: ACTCMD    R_f1= 0x00    at time   55489951 ps
inst0 ch0:  R_CMD: ACTCMD    R_r0= 0x32    at time   55492849 ps
inst0 ch0:  R_CMD: ACTCMD    R_f0= 0x0a    at time   55493263 ps
inst0 ch0:  R_CMD: ACTCMD    R_r1= 0x00    at time   55493677 ps
inst0 ch0:  R_CMD: ACTCMD    R_f1= 0x00    at time   55494091 ps
inst0 ch0:  R_CMD: ACTCMD    R_r0= 0x12    at time   55496989 ps
inst0 ch0:  R_CMD: ACTCMD    R_f0= 0x0a    at time   55497403 ps
inst0 ch0:  R_CMD: ACTCMD    R_r1= 0x00    at time   55497817 ps
inst0 ch0:  R_CMD: ACTCMD    R_f1= 0x00    at time   55498231 ps
inst0 ch0:  C_CMD: RDCMD     C_r = 0x0e5   at time   55499473 ps
inst0 ch0:  C_CMD: RDCMD     C_f = 0x080   at time   55499887 ps
inst0 ch0:  C_CMD: RDCMD     C_r = 0x0ed   at time   55502785 ps
inst0 ch0:  C_CMD: RDCMD     C_f = 0x082   at time   55503199 ps
inst0 ch0:  C_CMD: RDCMD     C_r = 0x0a5   at time   55504441 ps
inst0 ch0:  C_CMD: RDCMD     C_f = 0x080   at time   55504855 ps
inst0 ch0:  C_CMD: RDCMD     C_r = 0x0ad   at time   55507753 ps
inst0 ch0:  C_CMD: RDCMD     C_f = 0x082   at time   55508167 ps
inst0 ch0:  C_CMD: RDCMD     C_r = 0x065   at time   55509409 ps
inst0 ch0:  C_CMD: RDCMD     C_f = 0x080   at time   55509823 ps
inst0 ch0:  C_CMD: RDCMD     C_r = 0x025   at time   55511893 ps
inst0 ch0:  C_CMD: RDCMD     C_f = 0x080   at time   55512307 ps
inst0 ch0:  C_CMD: RDCMD     C_r = 0x06d   at time   55513549 ps
inst0 ch0:  C_CMD: RDCMD     C_f = 0x082   at time   55513963 ps
inst0 ch0:  C_CMD: RDCMD     C_r = 0x02d   at time   55515205 ps
inst0 ch0:  C_CMD: RDCMD     C_f = 0x082   at time   55515619 ps
inst0 ch0:  R_CMD: ACTCMD    R_r0= 0x3a    at time   55879525 ps
inst0 ch0:  R_CMD: ACTCMD    R_f0= 0x22    at time   55879939 ps
inst0 ch0:  R_CMD: ACTCMD    R_r1= 0x00    at time   55880353 ps
inst0 ch0:  R_CMD: ACTCMD    R_f1= 0x00    at time   55880767 ps
inst0 ch0:  R_CMD: ACTCMD    R_r0= 0x1a    at time   55883665 ps
inst0 ch0:  R_CMD: ACTCMD    R_f0= 0x22    at time   55884079 ps
inst0 ch0:  R_CMD: ACTCMD    R_r1= 0x00    at time   55884493 ps
inst0 ch0:  R_CMD: ACTCMD    R_f1= 0x00    at time   55884907 ps
inst0 ch0:  R_CMD: ACTCMD    R_r0= 0x3a    at time   55887805 ps
inst0 ch0:  R_CMD: ACTCMD    R_f0= 0x02    at time   55888219 ps
inst0 ch0:  R_CMD: ACTCMD    R_r1= 0x00    at time   55888633 ps
inst0 ch0:  R_CMD: ACTCMD    R_f1= 0x00    at time   55889047 ps
inst0 ch0:  R_CMD: ACTCMD    R_r0= 0x1a    at time   55891945 ps
inst0 ch0:  R_CMD: ACTCMD    R_f0= 0x02    at time   55892359 ps
inst0 ch0:  R_CMD: ACTCMD    R_r1= 0x00    at time   55892773 ps
inst0 ch0:  R_CMD: ACTCMD    R_f1= 0x00    at time   55893187 ps
inst0 ch0:  C_CMD: RDCMD     C_r = 0x0f5   at time   55894429 ps
inst0 ch0:  C_CMD: RDCMD     C_f = 0x000   at time   55894843 ps
inst0 ch0:  C_CMD: RDCMD     C_r = 0x0fd   at time   55897741 ps
inst0 ch0:  C_CMD: RDCMD     C_f = 0x002   at time   55898155 ps
inst0 ch0:  C_CMD: RDCMD     C_r = 0x0b5   at time   55899397 ps
inst0 ch0:  C_CMD: RDCMD     C_f = 0x000   at time   55899811 ps
inst0 ch0:  C_CMD: RDCMD     C_r = 0x0bd   at time   55902709 ps
inst0 ch0:  C_CMD: RDCMD     C_f = 0x002   at time   55903123 ps
inst0 ch0:  C_CMD: RDCMD     C_r = 0x075   at time   55904365 ps
inst0 ch0:  C_CMD: RDCMD     C_f = 0x000   at time   55904779 ps
inst0 ch0:  C_CMD: RDCMD     C_r = 0x035   at time   55906849 ps
inst0 ch0:  C_CMD: RDCMD     C_f = 0x000   at time   55907263 ps
inst0 ch0:  C_CMD: RDCMD     C_r = 0x07d   at time   55908505 ps
inst0 ch0:  C_CMD: RDCMD     C_f = 0x002   at time   55908919 ps
inst0 ch0:  C_CMD: RDCMD     C_r = 0x03d   at time   55910161 ps
inst0 ch0:  C_CMD: RDCMD     C_f = 0x002   at time   55910575 ps
inst0 ch0:  R_CMD: ACTCMD    R_r0= 0x3a    at time   56167669 ps
inst0 ch0:  R_CMD: ACTCMD    R_f0= 0x2a    at time   56168083 ps
inst0 ch0:  R_CMD: ACTCMD    R_r1= 0x00    at time   56168497 ps
inst0 ch0:  R_CMD: ACTCMD    R_f1= 0x00    at time   56168911 ps
inst0 ch0:  R_CMD: ACTCMD    R_r0= 0x1a    at time   56171809 ps
inst0 ch0:  R_CMD: ACTCMD    R_f0= 0x2a    at time   56172223 ps
inst0 ch0:  R_CMD: ACTCMD    R_r1= 0x00    at time   56172637 ps
inst0 ch0:  R_CMD: ACTCMD    R_f1= 0x00    at time   56173051 ps
inst0 ch0:  R_CMD: ACTCMD    R_r0= 0x3a    at time   56175949 ps
inst0 ch0:  R_CMD: ACTCMD    R_f0= 0x0a    at time   56176363 ps
inst0 ch0:  R_CMD: ACTCMD    R_r1= 0x00    at time   56176777 ps
inst0 ch0:  R_CMD: ACTCMD    R_f1= 0x00    at time   56177191 ps
inst0 ch0:  R_CMD: ACTCMD    R_r0= 0x1a    at time   56180089 ps
inst0 ch0:  R_CMD: ACTCMD    R_f0= 0x0a    at time   56180503 ps
inst0 ch0:  R_CMD: ACTCMD    R_r1= 0x00    at time   56180917 ps
inst0 ch0:  R_CMD: ACTCMD    R_f1= 0x00    at time   56181331 ps
inst0 ch0:  C_CMD: RDCMD     C_r = 0x0f5   at time   56182573 ps
inst0 ch0:  C_CMD: RDCMD     C_f = 0x080   at time   56182987 ps
inst0 ch0:  C_CMD: RDCMD     C_r = 0x0fd   at time   56185885 ps
inst0 ch0:  C_CMD: RDCMD     C_f = 0x082   at time   56186299 ps
inst0 ch0:  C_CMD: RDCMD     C_r = 0x0b5   at time   56187541 ps
inst0 ch0:  C_CMD: RDCMD     C_f = 0x080   at time   56187955 ps
inst0 ch0:  C_CMD: RDCMD     C_r = 0x0bd   at time   56190853 ps
inst0 ch0:  C_CMD: RDCMD     C_f = 0x082   at time   56191267 ps
inst0 ch0:  C_CMD: RDCMD     C_r = 0x075   at time   56192509 ps
inst0 ch0:  C_CMD: RDCMD     C_f = 0x080   at time   56192923 ps
inst0 ch0:  C_CMD: RDCMD     C_r = 0x035   at time   56194993 ps
inst0 ch0:  C_CMD: RDCMD     C_f = 0x080   at time   56195407 ps
inst0 ch0:  C_CMD: RDCMD     C_r = 0x07d   at time   56196649 ps
inst0 ch0:  C_CMD: RDCMD     C_f = 0x082   at time   56197063 ps
inst0 ch0:  C_CMD: RDCMD     C_r = 0x03d   at time   56198305 ps
inst0 ch0:  C_CMD: RDCMD     C_f = 0x082   at time   56198719 ps
inst0 ch0:  R_CMD: ACTCMD    R_r0= 0x02    at time   56370529 ps
inst0 ch0:  R_CMD: ACTCMD    R_f0= 0x10    at time   56370943 ps
inst0 ch0:  R_CMD: ACTCMD    R_r1= 0x3f    at time   56371357 ps
inst0 ch0:  R_CMD: ACTCMD    R_f1= 0x3b    at time   56371771 ps
inst0 ch0:  C_CMD: RDCMD     C_r = 0x005   at time   56385433 ps
inst0 ch0:  C_CMD: RDCMD     C_f = 0x078   at time   56385847 ps
inst0 ch0:  C_CMD: RDCMD     C_r = 0x00d   at time   56388745 ps
inst0 ch0:  C_CMD: RDCMD     C_f = 0x07a   at time   56389159 ps
inst0 ch0:  R_CMD: ACTCMD    R_r0= 0x02    at time   56443393 ps
inst0 ch0:  R_CMD: ACTCMD    R_f0= 0x10    at time   56443807 ps
inst0 ch0:  R_CMD: ACTCMD    R_r1= 0x3f    at time   56444221 ps
inst0 ch0:  R_CMD: ACTCMD    R_f1= 0x3b    at time   56444635 ps
inst0 ch0:  C_CMD: WRCMD     C_r = 0x001   at time   56454157 ps
inst0 ch0:  C_CMD: WRCMD     C_f = 0x078   at time   56454571 ps
inst0 ch0:  C_CMD: WRCMD     C_r = 0x009   at time   56457469 ps
inst0 ch0:  C_CMD: WRCMD     C_f = 0x07a   at time   56457883 ps
inst0 ch0:  R_CMD: ACTCMD    R_r0= 0x02    at time   56654533 ps
inst0 ch0:  R_CMD: ACTCMD    R_f0= 0x18    at time   56654947 ps
inst0 ch0:  R_CMD: ACTCMD    R_r1= 0x3f    at time   56655361 ps
inst0 ch0:  R_CMD: ACTCMD    R_f1= 0x3b    at time   56655775 ps
inst0 ch0:  C_CMD: RDCMD     C_r = 0x005   at time   56669437 ps
inst0 ch0:  C_CMD: RDCMD     C_f = 0x0f8   at time   56669851 ps
inst0 ch0:  C_CMD: RDCMD     C_r = 0x00d   at time   56672749 ps
inst0 ch0:  C_CMD: RDCMD     C_f = 0x0fa   at time   56673163 ps
inst0 ch0:  R_CMD: ACTCMD    R_r0= 0x02    at time   56871469 ps
inst0 ch0:  R_CMD: ACTCMD    R_f0= 0x18    at time   56871883 ps
inst0 ch0:  R_CMD: ACTCMD    R_r1= 0x3f    at time   56872297 ps
inst0 ch0:  R_CMD: ACTCMD    R_f1= 0x3b    at time   56872711 ps
inst0 ch0:  C_CMD: WRCMD     C_r = 0x001   at time   56882233 ps
inst0 ch0:  C_CMD: WRCMD     C_f = 0x0f8   at time   56882647 ps
inst0 ch0:  C_CMD: WRCMD     C_r = 0x009   at time   56885545 ps
inst0 ch0:  C_CMD: WRCMD     C_f = 0x0fa   at time   56885959 ps
inst0 ch0:  R_CMD: ACTCMD    R_r0= 0x0a    at time   57190249 ps
inst0 ch0:  R_CMD: ACTCMD    R_f0= 0x10    at time   57190663 ps
inst0 ch0:  R_CMD: ACTCMD    R_r1= 0x3f    at time   57191077 ps
inst0 ch0:  R_CMD: ACTCMD    R_f1= 0x3b    at time   57191491 ps
inst0 ch0:  C_CMD: RDCMD     C_r = 0x015   at time   57205153 ps
inst0 ch0:  C_CMD: RDCMD     C_f = 0x078   at time   57205567 ps
inst0 ch0:  C_CMD: RDCMD     C_r = 0x01d   at time   57208465 ps
inst0 ch0:  C_CMD: RDCMD     C_f = 0x07a   at time   57208879 ps
inst0 ch0:  R_CMD: ACTCMD    R_r0= 0x0a    at time   57263113 ps
inst0 ch0:  R_CMD: ACTCMD    R_f0= 0x10    at time   57263527 ps
inst0 ch0:  R_CMD: ACTCMD    R_r1= 0x3f    at time   57263941 ps
inst0 ch0:  R_CMD: ACTCMD    R_f1= 0x3b    at time   57264355 ps
inst0 ch0:  C_CMD: WRCMD     C_r = 0x011   at time   57273877 ps
inst0 ch0:  C_CMD: WRCMD     C_f = 0x078   at time   57274291 ps
inst0 ch0:  C_CMD: WRCMD     C_r = 0x019   at time   57277189 ps
inst0 ch0:  C_CMD: WRCMD     C_f = 0x07a   at time   57277603 ps
inst0 ch0:  R_CMD: ACTCMD    R_r0= 0x02    at time   57350053 ps
inst0 ch0:  R_CMD: ACTCMD    R_f0= 0x30    at time   57350467 ps
inst0 ch0:  R_CMD: ACTCMD    R_r1= 0x3f    at time   57350881 ps
inst0 ch0:  R_CMD: ACTCMD    R_f1= 0x3b    at time   57351295 ps
inst0 ch0:  C_CMD: RDCMD     C_r = 0x085   at time   57364957 ps
inst0 ch0:  C_CMD: RDCMD     C_f = 0x078   at time   57365371 ps
inst0 ch0:  C_CMD: RDCMD     C_r = 0x08d   at time   57368269 ps
inst0 ch0:  C_CMD: RDCMD     C_f = 0x07a   at time   57368683 ps
inst0 ch0:  R_CMD: ACTCMD    R_r0= 0x02    at time   57420433 ps
inst0 ch0:  R_CMD: ACTCMD    R_f0= 0x30    at time   57420847 ps
inst0 ch0:  R_CMD: ACTCMD    R_r1= 0x3f    at time   57421261 ps
inst0 ch0:  R_CMD: ACTCMD    R_f1= 0x3b    at time   57421675 ps
inst0 ch0:  C_CMD: WRCMD     C_r = 0x081   at time   57431197 ps
inst0 ch0:  C_CMD: WRCMD     C_f = 0x078   at time   57431611 ps
inst0 ch0:  C_CMD: WRCMD     C_r = 0x089   at time   57434509 ps
inst0 ch0:  C_CMD: WRCMD     C_f = 0x07a   at time   57434923 ps
inst0 ch0:  R_CMD: ACTCMD    R_r0= 0x0a    at time   57525589 ps
inst0 ch0:  R_CMD: ACTCMD    R_f0= 0x30    at time   57526003 ps
inst0 ch0:  R_CMD: ACTCMD    R_r1= 0x3f    at time   57526417 ps
inst0 ch0:  R_CMD: ACTCMD    R_f1= 0x3b    at time   57526831 ps
inst0 ch0:  C_CMD: RDCMD     C_r = 0x095   at time   57540493 ps
inst0 ch0:  C_CMD: RDCMD     C_f = 0x078   at time   57540907 ps
inst0 ch0:  C_CMD: RDCMD     C_r = 0x09d   at time   57543805 ps
inst0 ch0:  C_CMD: RDCMD     C_f = 0x07a   at time   57544219 ps
inst0 ch0:  R_CMD: ACTCMD    R_r0= 0x0a    at time   57595969 ps
inst0 ch0:  R_CMD: ACTCMD    R_f0= 0x30    at time   57596383 ps
inst0 ch0:  R_CMD: ACTCMD    R_r1= 0x3f    at time   57596797 ps
inst0 ch0:  R_CMD: ACTCMD    R_f1= 0x3b    at time   57597211 ps
inst0 ch0:  C_CMD: WRCMD     C_r = 0x091   at time   57606733 ps
inst0 ch0:  C_CMD: WRCMD     C_f = 0x078   at time   57607147 ps
inst0 ch0:  C_CMD: WRCMD     C_r = 0x099   at time   57610045 ps
inst0 ch0:  C_CMD: WRCMD     C_f = 0x07a   at time   57610459 ps
inst0 ch0:  R_CMD: ACTCMD    R_r0= 0x0a    at time   57664693 ps
inst0 ch0:  R_CMD: ACTCMD    R_f0= 0x18    at time   57665107 ps
inst0 ch0:  R_CMD: ACTCMD    R_r1= 0x3f    at time   57665521 ps
inst0 ch0:  R_CMD: ACTCMD    R_f1= 0x3b    at time   57665935 ps
inst0 ch0:  C_CMD: RDCMD     C_r = 0x015   at time   57679597 ps
inst0 ch0:  C_CMD: RDCMD     C_f = 0x0f8   at time   57680011 ps
inst0 ch0:  C_CMD: RDCMD     C_r = 0x01d   at time   57682909 ps
inst0 ch0:  C_CMD: RDCMD     C_f = 0x0fa   at time   57683323 ps
inst0 ch0:  R_CMD: ACTCMD    R_r0= 0x0a    at time   57737557 ps
inst0 ch0:  R_CMD: ACTCMD    R_f0= 0x18    at time   57737971 ps
inst0 ch0:  R_CMD: ACTCMD    R_r1= 0x3f    at time   57738385 ps
inst0 ch0:  R_CMD: ACTCMD    R_f1= 0x3b    at time   57738799 ps
inst0 ch0:  C_CMD: WRCMD     C_r = 0x011   at time   57748321 ps
inst0 ch0:  C_CMD: WRCMD     C_f = 0x0f8   at time   57748735 ps
inst0 ch0:  C_CMD: WRCMD     C_r = 0x019   at time   57751633 ps
inst0 ch0:  C_CMD: WRCMD     C_f = 0x0fa   at time   57752047 ps
inst0 ch0:  R_CMD: ACTCMD    R_r0= 0x02    at time   57826153 ps
inst0 ch0:  R_CMD: ACTCMD    R_f0= 0x38    at time   57826567 ps
inst0 ch0:  R_CMD: ACTCMD    R_r1= 0x3f    at time   57826981 ps
inst0 ch0:  R_CMD: ACTCMD    R_f1= 0x3b    at time   57827395 ps
inst0 ch0:  C_CMD: RDCMD     C_r = 0x085   at time   57841057 ps
inst0 ch0:  C_CMD: RDCMD     C_f = 0x0f8   at time   57841471 ps
inst0 ch0:  C_CMD: RDCMD     C_r = 0x08d   at time   57844369 ps
inst0 ch0:  C_CMD: RDCMD     C_f = 0x0fa   at time   57844783 ps
inst0 ch0:  R_CMD: ACTCMD    R_r0= 0x02    at time   57896533 ps
inst0 ch0:  R_CMD: ACTCMD    R_f0= 0x38    at time   57896947 ps
inst0 ch0:  R_CMD: ACTCMD    R_r1= 0x3f    at time   57897361 ps
inst0 ch0:  R_CMD: ACTCMD    R_f1= 0x3b    at time   57897775 ps
inst0 ch0:  C_CMD: WRCMD     C_r = 0x081   at time   57907297 ps
inst0 ch0:  C_CMD: WRCMD     C_f = 0x0f8   at time   57907711 ps
inst0 ch0:  C_CMD: WRCMD     C_r = 0x089   at time   57910609 ps
inst0 ch0:  C_CMD: WRCMD     C_f = 0x0fa   at time   57911023 ps
inst0 ch0:  R_CMD: ACTCMD    R_r0= 0x0a    at time   57984301 ps
inst0 ch0:  R_CMD: ACTCMD    R_f0= 0x38    at time   57984715 ps
inst0 ch0:  R_CMD: ACTCMD    R_r1= 0x3f    at time   57985129 ps
inst0 ch0:  R_CMD: ACTCMD    R_f1= 0x3b    at time   57985543 ps
inst0 ch0:  C_CMD: RDCMD     C_r = 0x095   at time   57999205 ps
inst0 ch0:  C_CMD: RDCMD     C_f = 0x0f8   at time   57999619 ps
inst0 ch0:  C_CMD: RDCMD     C_r = 0x09d   at time   58002517 ps
inst0 ch0:  C_CMD: RDCMD     C_f = 0x0fa   at time   58002931 ps
inst0 ch0:  R_CMD: ACTCMD    R_r0= 0x0a    at time   58054681 ps
inst0 ch0:  R_CMD: ACTCMD    R_f0= 0x38    at time   58055095 ps
inst0 ch0:  R_CMD: ACTCMD    R_r1= 0x3f    at time   58055509 ps
inst0 ch0:  R_CMD: ACTCMD    R_f1= 0x3b    at time   58055923 ps
inst0 ch0:  C_CMD: WRCMD     C_r = 0x091   at time   58065445 ps
inst0 ch0:  C_CMD: WRCMD     C_f = 0x0f8   at time   58065859 ps
inst0 ch0:  C_CMD: WRCMD     C_r = 0x099   at time   58068757 ps
inst0 ch0:  C_CMD: WRCMD     C_f = 0x0fa   at time   58069171 ps
inst0 ch0:  R_CMD: ACTCMD    R_r0= 0x0a    at time   59522725 ps
inst0 ch0:  R_CMD: ACTCMD    R_f0= 0x13    at time   59523139 ps
inst0 ch0:  R_CMD: ACTCMD    R_r1= 0x3f    at time   59523553 ps
inst0 ch0:  R_CMD: ACTCMD    R_f1= 0x3b    at time   59523967 ps
inst0 ch0:  C_CMD: RDCMD     C_r = 0x015   at time   59537629 ps
inst0 ch0:  C_CMD: RDCMD     C_f = 0x010   at time   59538043 ps
inst0 ch0:  C_CMD: RDCMD     C_r = 0x01d   at time   59540941 ps
inst0 ch0:  C_CMD: RDCMD     C_f = 0x012   at time   59541355 ps
inst0 ch0:  R_CMD: ACTCMD    R_r0= 0x0a    at time   59595589 ps
inst0 ch0:  R_CMD: ACTCMD    R_f0= 0x13    at time   59596003 ps
inst0 ch0:  R_CMD: ACTCMD    R_r1= 0x3f    at time   59596417 ps
inst0 ch0:  R_CMD: ACTCMD    R_f1= 0x3b    at time   59596831 ps
inst0 ch0:  C_CMD: WRCMD     C_r = 0x011   at time   59606353 ps
inst0 ch0:  C_CMD: WRCMD     C_f = 0x010   at time   59606767 ps
inst0 ch0:  C_CMD: WRCMD     C_r = 0x019   at time   59609665 ps
inst0 ch0:  C_CMD: WRCMD     C_f = 0x012   at time   59610079 ps
inst0 ch0:  R_CMD: ACTCMD    R_r0= 0x0a    at time   59694949 ps
inst0 ch0:  R_CMD: ACTCMD    R_f0= 0x13    at time   59695363 ps
inst0 ch0:  R_CMD: ACTCMD    R_r1= 0x3f    at time   59695777 ps
inst0 ch0:  R_CMD: ACTCMD    R_f1= 0x3b    at time   59696191 ps
inst0 ch0:  C_CMD: RDCMD     C_r = 0x015   at time   59709853 ps
inst0 ch0:  C_CMD: RDCMD     C_f = 0x010   at time   59710267 ps
inst0 ch0:  C_CMD: RDCMD     C_r = 0x01d   at time   59713165 ps
inst0 ch0:  C_CMD: RDCMD     C_f = 0x012   at time   59713579 ps
inst0 ch0:  R_CMD: ACTCMD    R_r0= 0x0a    at time   59765329 ps
inst0 ch0:  R_CMD: ACTCMD    R_f0= 0x13    at time   59765743 ps
inst0 ch0:  R_CMD: ACTCMD    R_r1= 0x3f    at time   59766157 ps
inst0 ch0:  R_CMD: ACTCMD    R_f1= 0x3b    at time   59766571 ps
inst0 ch0:  C_CMD: WRCMD     C_r = 0x011   at time   59776093 ps
inst0 ch0:  C_CMD: WRCMD     C_f = 0x010   at time   59776507 ps
inst0 ch0:  C_CMD: WRCMD     C_r = 0x019   at time   59779405 ps
inst0 ch0:  C_CMD: WRCMD     C_f = 0x012   at time   59779819 ps
inst0 ch0:  R_CMD: ACTCMD    R_r0= 0x0a    at time   59900293 ps
inst0 ch0:  R_CMD: ACTCMD    R_f0= 0x1b    at time   59900707 ps
inst0 ch0:  R_CMD: ACTCMD    R_r1= 0x3f    at time   59901121 ps
inst0 ch0:  R_CMD: ACTCMD    R_f1= 0x3b    at time   59901535 ps
inst0 ch0:  C_CMD: RDCMD     C_r = 0x015   at time   59915197 ps
inst0 ch0:  C_CMD: RDCMD     C_f = 0x090   at time   59915611 ps
inst0 ch0:  C_CMD: RDCMD     C_r = 0x01d   at time   59918509 ps
inst0 ch0:  C_CMD: RDCMD     C_f = 0x092   at time   59918923 ps
inst0 ch0:  R_CMD: ACTCMD    R_r0= 0x0a    at time   59973157 ps
inst0 ch0:  R_CMD: ACTCMD    R_f0= 0x1b    at time   59973571 ps
inst0 ch0:  R_CMD: ACTCMD    R_r1= 0x3f    at time   59973985 ps
inst0 ch0:  R_CMD: ACTCMD    R_f1= 0x3b    at time   59974399 ps
inst0 ch0:  C_CMD: WRCMD     C_r = 0x011   at time   59983921 ps
inst0 ch0:  C_CMD: WRCMD     C_f = 0x090   at time   59984335 ps
inst0 ch0:  C_CMD: WRCMD     C_r = 0x019   at time   59987233 ps
inst0 ch0:  C_CMD: WRCMD     C_f = 0x092   at time   59987647 ps
inst0 ch0:  R_CMD: ACTCMD    R_r0= 0x0a    at time   60068377 ps
inst0 ch0:  R_CMD: ACTCMD    R_f0= 0x1b    at time   60068791 ps
inst0 ch0:  R_CMD: ACTCMD    R_r1= 0x3f    at time   60069205 ps
inst0 ch0:  R_CMD: ACTCMD    R_f1= 0x3b    at time   60069619 ps
inst0 ch0:  C_CMD: RDCMD     C_r = 0x015   at time   60083281 ps
inst0 ch0:  C_CMD: RDCMD     C_f = 0x090   at time   60083695 ps
inst0 ch0:  C_CMD: RDCMD     C_r = 0x01d   at time   60086593 ps
inst0 ch0:  C_CMD: RDCMD     C_f = 0x092   at time   60087007 ps
inst0 ch0:  R_CMD: ACTCMD    R_r0= 0x0a    at time   60138757 ps
inst0 ch0:  R_CMD: ACTCMD    R_f0= 0x1b    at time   60139171 ps
inst0 ch0:  R_CMD: ACTCMD    R_r1= 0x3f    at time   60139585 ps
inst0 ch0:  R_CMD: ACTCMD    R_f1= 0x3b    at time   60139999 ps
inst0 ch0:  C_CMD: WRCMD     C_r = 0x011   at time   60149521 ps
inst0 ch0:  C_CMD: WRCMD     C_f = 0x090   at time   60149935 ps
inst0 ch0:  C_CMD: WRCMD     C_r = 0x019   at time   60152833 ps
inst0 ch0:  C_CMD: WRCMD     C_f = 0x092   at time   60153247 ps
inst0 ch0:  R_CMD: ACTCMD    R_r0= 0x02    at time   61332733 ps
inst0 ch0:  R_CMD: ACTCMD    R_f0= 0x13    at time   61333147 ps
inst0 ch0:  R_CMD: ACTCMD    R_r1= 0x3f    at time   61333561 ps
inst0 ch0:  R_CMD: ACTCMD    R_f1= 0x3b    at time   61333975 ps
inst0 ch0:  C_CMD: RDCMD     C_r = 0x005   at time   61347637 ps
inst0 ch0:  C_CMD: RDCMD     C_f = 0x000   at time   61348051 ps
inst0 ch0:  C_CMD: RDCMD     C_r = 0x00d   at time   61350949 ps
inst0 ch0:  C_CMD: RDCMD     C_f = 0x002   at time   61351363 ps
inst0 ch0:  R_CMD: ACTCMD    R_r0= 0x02    at time   61523173 ps
inst0 ch0:  R_CMD: ACTCMD    R_f0= 0x13    at time   61523587 ps
inst0 ch0:  R_CMD: ACTCMD    R_r1= 0x3f    at time   61524001 ps
inst0 ch0:  R_CMD: ACTCMD    R_f1= 0x3b    at time   61524415 ps
inst0 ch0:  C_CMD: WRCMD     C_r = 0x001   at time   61533937 ps
inst0 ch0:  C_CMD: WRCMD     C_f = 0x000   at time   61534351 ps
inst0 ch0:  C_CMD: WRCMD     C_r = 0x009   at time   61537249 ps
inst0 ch0:  C_CMD: WRCMD     C_f = 0x002   at time   61537663 ps
inst0 ch0:  R_CMD: ACTCMD    R_r0= 0x02    at time   61639921 ps
inst0 ch0:  R_CMD: ACTCMD    R_f0= 0x13    at time   61640335 ps
inst0 ch0:  R_CMD: ACTCMD    R_r1= 0x3f    at time   61640749 ps
inst0 ch0:  R_CMD: ACTCMD    R_f1= 0x3b    at time   61641163 ps
inst0 ch0:  C_CMD: RDCMD     C_r = 0x005   at time   61654825 ps
inst0 ch0:  C_CMD: RDCMD     C_f = 0x000   at time   61655239 ps
inst0 ch0:  C_CMD: RDCMD     C_r = 0x00d   at time   61658137 ps
inst0 ch0:  C_CMD: RDCMD     C_f = 0x002   at time   61658551 ps
inst0 ch0:  R_CMD: ACTCMD    R_r0= 0x02    at time   61687945 ps
inst0 ch0:  R_CMD: ACTCMD    R_f0= 0x1b    at time   61688359 ps
inst0 ch0:  R_CMD: ACTCMD    R_r1= 0x3f    at time   61688773 ps
inst0 ch0:  R_CMD: ACTCMD    R_f1= 0x3b    at time   61689187 ps
inst0 ch0:  C_CMD: RDCMD     C_r = 0x005   at time   61702849 ps
inst0 ch0:  C_CMD: RDCMD     C_f = 0x080   at time   61703263 ps
inst0 ch0:  C_CMD: RDCMD     C_r = 0x00d   at time   61706161 ps
inst0 ch0:  C_CMD: RDCMD     C_f = 0x082   at time   61706575 ps
inst0 ch0:  R_CMD: ACTCMD    R_r0= 0x02    at time   61707817 ps
inst0 ch0:  R_CMD: ACTCMD    R_f0= 0x13    at time   61708231 ps
inst0 ch0:  R_CMD: ACTCMD    R_r1= 0x3f    at time   61708645 ps
inst0 ch0:  R_CMD: ACTCMD    R_f1= 0x3b    at time   61709059 ps
inst0 ch0:  C_CMD: WRCMD     C_r = 0x001   at time   61718581 ps
inst0 ch0:  C_CMD: WRCMD     C_f = 0x000   at time   61718995 ps
inst0 ch0:  C_CMD: WRCMD     C_r = 0x009   at time   61721893 ps
inst0 ch0:  C_CMD: WRCMD     C_f = 0x002   at time   61722307 ps
inst0 ch0:  R_CMD: ACTCMD    R_r0= 0x02    at time   61758325 ps
inst0 ch0:  R_CMD: ACTCMD    R_f0= 0x1b    at time   61758739 ps
inst0 ch0:  R_CMD: ACTCMD    R_r1= 0x3f    at time   61759153 ps
inst0 ch0:  R_CMD: ACTCMD    R_f1= 0x3b    at time   61759567 ps
inst0 ch0:  C_CMD: WRCMD     C_r = 0x001   at time   61769089 ps
inst0 ch0:  C_CMD: WRCMD     C_f = 0x080   at time   61769503 ps
inst0 ch0:  C_CMD: WRCMD     C_r = 0x009   at time   61772401 ps
inst0 ch0:  C_CMD: WRCMD     C_f = 0x082   at time   61772815 ps
inst0 ch0:  R_CMD: ACTCMD    R_r0= 0x02    at time   62000101 ps
inst0 ch0:  R_CMD: ACTCMD    R_f0= 0x1b    at time   62000515 ps
inst0 ch0:  R_CMD: ACTCMD    R_r1= 0x3f    at time   62000929 ps
inst0 ch0:  R_CMD: ACTCMD    R_f1= 0x3b    at time   62001343 ps
inst0 ch0:  C_CMD: RDCMD     C_r = 0x005   at time   62015005 ps
inst0 ch0:  C_CMD: RDCMD     C_f = 0x080   at time   62015419 ps
inst0 ch0:  C_CMD: RDCMD     C_r = 0x00d   at time   62018317 ps
inst0 ch0:  C_CMD: RDCMD     C_f = 0x082   at time   62018731 ps
inst0 ch0:  R_CMD: ACTCMD    R_r0= 0x02    at time   62070481 ps
inst0 ch0:  R_CMD: ACTCMD    R_f0= 0x1b    at time   62070895 ps
inst0 ch0:  R_CMD: ACTCMD    R_r1= 0x3f    at time   62071309 ps
inst0 ch0:  R_CMD: ACTCMD    R_f1= 0x3b    at time   62071723 ps
inst0 ch0:  C_CMD: WRCMD     C_r = 0x001   at time   62081245 ps
inst0 ch0:  C_CMD: WRCMD     C_f = 0x080   at time   62081659 ps
inst0 ch0:  C_CMD: WRCMD     C_r = 0x009   at time   62084557 ps
inst0 ch0:  C_CMD: WRCMD     C_f = 0x082   at time   62084971 ps
inst0 ch0:  R_CMD: ACTCMD    R_r0= 0x02    at time   62544925 ps
inst0 ch0:  R_CMD: ACTCMD    R_f0= 0x00    at time   62545339 ps
inst0 ch0:  R_CMD: ACTCMD    R_r1= 0x00    at time   62545753 ps
inst0 ch0:  R_CMD: ACTCMD    R_f1= 0x00    at time   62546167 ps
inst0 ch0:  C_CMD: RDCMD     C_r = 0x005   at time   62559829 ps
inst0 ch0:  C_CMD: RDCMD     C_f = 0x018   at time   62560243 ps
inst0 ch0:  C_CMD: RDCMD     C_r = 0x005   at time   62563141 ps
inst0 ch0:  C_CMD: RDCMD     C_f = 0x01a   at time   62563555 ps
inst0 ch0:  C_CMD: RDCMD     C_r = 0x005   at time   62566453 ps
inst0 ch0:  C_CMD: RDCMD     C_f = 0x010   at time   62566867 ps
inst0 ch0:  C_CMD: RDCMD     C_r = 0x005   at time   62569765 ps
inst0 ch0:  C_CMD: RDCMD     C_f = 0x012   at time   62570179 ps
inst0 ch0:  C_CMD: RDCMD     C_r = 0x005   at time   62573077 ps
inst0 ch0:  C_CMD: RDCMD     C_f = 0x008   at time   62573491 ps
inst0 ch0:  C_CMD: RDCMD     C_r = 0x005   at time   62576389 ps
inst0 ch0:  C_CMD: RDCMD     C_f = 0x00a   at time   62576803 ps
inst0 ch0:  C_CMD: RDCMD     C_r = 0x005   at time   62579701 ps
inst0 ch0:  C_CMD: RDCMD     C_f = 0x000   at time   62580115 ps
inst0 ch0:  C_CMD: RDCMD     C_r = 0x00d   at time   62583013 ps
inst0 ch0:  C_CMD: RDCMD     C_f = 0x002   at time   62583427 ps
inst0 ch0:  R_CMD: ACTCMD    R_r0= 0x0a    at time   62755237 ps
inst0 ch0:  R_CMD: ACTCMD    R_f0= 0x00    at time   62755651 ps
inst0 ch0:  R_CMD: ACTCMD    R_r1= 0x00    at time   62756065 ps
inst0 ch0:  R_CMD: ACTCMD    R_f1= 0x00    at time   62756479 ps
inst0 ch0:  C_CMD: RDCMD     C_r = 0x015   at time   62770141 ps
inst0 ch0:  C_CMD: RDCMD     C_f = 0x018   at time   62770555 ps
inst0 ch0:  C_CMD: RDCMD     C_r = 0x015   at time   62773453 ps
inst0 ch0:  C_CMD: RDCMD     C_f = 0x01a   at time   62773867 ps
inst0 ch0:  C_CMD: RDCMD     C_r = 0x015   at time   62776765 ps
inst0 ch0:  C_CMD: RDCMD     C_f = 0x010   at time   62777179 ps
inst0 ch0:  C_CMD: RDCMD     C_r = 0x015   at time   62780077 ps
inst0 ch0:  C_CMD: RDCMD     C_f = 0x012   at time   62780491 ps
inst0 ch0:  C_CMD: RDCMD     C_r = 0x015   at time   62783389 ps
inst0 ch0:  C_CMD: RDCMD     C_f = 0x008   at time   62783803 ps
inst0 ch0:  C_CMD: RDCMD     C_r = 0x015   at time   62786701 ps
inst0 ch0:  C_CMD: RDCMD     C_f = 0x00a   at time   62787115 ps
inst0 ch0:  C_CMD: RDCMD     C_r = 0x015   at time   62790013 ps
inst0 ch0:  C_CMD: RDCMD     C_f = 0x000   at time   62790427 ps
inst0 ch0:  C_CMD: RDCMD     C_r = 0x01d   at time   62793325 ps
inst0 ch0:  C_CMD: RDCMD     C_f = 0x002   at time   62793739 ps
inst0 ch0:  R_CMD: ACTCMD    R_r0= 0x0a    at time   63017713 ps
inst0 ch0:  R_CMD: ACTCMD    R_f0= 0x00    at time   63018127 ps
inst0 ch0:  R_CMD: ACTCMD    R_r1= 0x00    at time   63018541 ps
inst0 ch0:  R_CMD: ACTCMD    R_f1= 0x00    at time   63018955 ps
inst0 ch0:  C_CMD: RDCMD     C_r = 0x015   at time   63032617 ps
inst0 ch0:  C_CMD: RDCMD     C_f = 0x038   at time   63033031 ps
inst0 ch0:  C_CMD: RDCMD     C_r = 0x015   at time   63035929 ps
inst0 ch0:  C_CMD: RDCMD     C_f = 0x03a   at time   63036343 ps
inst0 ch0:  C_CMD: RDCMD     C_r = 0x015   at time   63039241 ps
inst0 ch0:  C_CMD: RDCMD     C_f = 0x030   at time   63039655 ps
inst0 ch0:  C_CMD: RDCMD     C_r = 0x015   at time   63042553 ps
inst0 ch0:  C_CMD: RDCMD     C_f = 0x032   at time   63042967 ps
inst0 ch0:  C_CMD: RDCMD     C_r = 0x015   at time   63045865 ps
inst0 ch0:  C_CMD: RDCMD     C_f = 0x028   at time   63046279 ps
inst0 ch0:  C_CMD: RDCMD     C_r = 0x015   at time   63049177 ps
inst0 ch0:  C_CMD: RDCMD     C_f = 0x02a   at time   63049591 ps
inst0 ch0:  C_CMD: RDCMD     C_r = 0x015   at time   63052489 ps
inst0 ch0:  C_CMD: RDCMD     C_f = 0x020   at time   63052903 ps
inst0 ch0:  C_CMD: RDCMD     C_r = 0x01d   at time   63055801 ps
inst0 ch0:  C_CMD: RDCMD     C_f = 0x022   at time   63056215 ps
inst0 ch0:  R_CMD: ACTCMD    R_r0= 0x0a    at time   63090577 ps
inst0 ch0:  R_CMD: ACTCMD    R_f0= 0x00    at time   63090991 ps
inst0 ch0:  R_CMD: ACTCMD    R_r1= 0x00    at time   63091405 ps
inst0 ch0:  R_CMD: ACTCMD    R_f1= 0x00    at time   63091819 ps
inst0 ch0:  C_CMD: WRCMD     C_r = 0x011   at time   63101341 ps
inst0 ch0:  C_CMD: WRCMD     C_f = 0x038   at time   63101755 ps
inst0 ch0:  C_CMD: WRCMD     C_r = 0x011   at time   63104653 ps
inst0 ch0:  C_CMD: WRCMD     C_f = 0x03a   at time   63105067 ps
inst0 ch0:  C_CMD: WRCMD     C_r = 0x011   at time   63107965 ps
inst0 ch0:  C_CMD: WRCMD     C_f = 0x028   at time   63108379 ps
inst0 ch0:  C_CMD: WRCMD     C_r = 0x011   at time   63111277 ps
inst0 ch0:  C_CMD: WRCMD     C_f = 0x02a   at time   63111691 ps
inst0 ch0:  C_CMD: WRCMD     C_r = 0x011   at time   63114589 ps
inst0 ch0:  C_CMD: WRCMD     C_f = 0x030   at time   63115003 ps
inst0 ch0:  C_CMD: WRCMD     C_r = 0x011   at time   63117901 ps
inst0 ch0:  C_CMD: WRCMD     C_f = 0x032   at time   63118315 ps
inst0 ch0:  C_CMD: WRCMD     C_r = 0x011   at time   63121213 ps
inst0 ch0:  C_CMD: WRCMD     C_f = 0x020   at time   63121627 ps
inst0 ch0:  C_CMD: WRCMD     C_r = 0x019   at time   63124525 ps
inst0 ch0:  C_CMD: WRCMD     C_f = 0x022   at time   63124939 ps
inst0 ch0:  R_CMD: ACTCMD    R_r0= 0x02    at time   63194077 ps
inst0 ch0:  R_CMD: ACTCMD    R_f0= 0x08    at time   63194491 ps
inst0 ch0:  R_CMD: ACTCMD    R_r1= 0x00    at time   63194905 ps
inst0 ch0:  R_CMD: ACTCMD    R_f1= 0x00    at time   63195319 ps
inst0 ch0:  C_CMD: RDCMD     C_r = 0x005   at time   63208981 ps
inst0 ch0:  C_CMD: RDCMD     C_f = 0x098   at time   63209395 ps
inst0 ch0:  C_CMD: RDCMD     C_r = 0x005   at time   63212293 ps
inst0 ch0:  C_CMD: RDCMD     C_f = 0x09a   at time   63212707 ps
inst0 ch0:  C_CMD: RDCMD     C_r = 0x005   at time   63215605 ps
inst0 ch0:  C_CMD: RDCMD     C_f = 0x090   at time   63216019 ps
inst0 ch0:  C_CMD: RDCMD     C_r = 0x005   at time   63218917 ps
inst0 ch0:  C_CMD: RDCMD     C_f = 0x092   at time   63219331 ps
inst0 ch0:  C_CMD: RDCMD     C_r = 0x005   at time   63222229 ps
inst0 ch0:  C_CMD: RDCMD     C_f = 0x088   at time   63222643 ps
inst0 ch0:  C_CMD: RDCMD     C_r = 0x005   at time   63225541 ps
inst0 ch0:  C_CMD: RDCMD     C_f = 0x08a   at time   63225955 ps
inst0 ch0:  C_CMD: RDCMD     C_r = 0x005   at time   63228853 ps
inst0 ch0:  C_CMD: RDCMD     C_f = 0x080   at time   63229267 ps
inst0 ch0:  C_CMD: RDCMD     C_r = 0x00d   at time   63232165 ps
inst0 ch0:  C_CMD: RDCMD     C_f = 0x082   at time   63232579 ps
inst0 ch0:  R_CMD: ACTCMD    R_r0= 0x0a    at time   63376237 ps
inst0 ch0:  R_CMD: ACTCMD    R_f0= 0x08    at time   63376651 ps
inst0 ch0:  R_CMD: ACTCMD    R_r1= 0x00    at time   63377065 ps
inst0 ch0:  R_CMD: ACTCMD    R_f1= 0x00    at time   63377479 ps
inst0 ch0:  C_CMD: RDCMD     C_r = 0x015   at time   63391141 ps
inst0 ch0:  C_CMD: RDCMD     C_f = 0x098   at time   63391555 ps
inst0 ch0:  C_CMD: RDCMD     C_r = 0x015   at time   63394453 ps
inst0 ch0:  C_CMD: RDCMD     C_f = 0x09a   at time   63394867 ps
inst0 ch0:  C_CMD: RDCMD     C_r = 0x015   at time   63397765 ps
inst0 ch0:  C_CMD: RDCMD     C_f = 0x090   at time   63398179 ps
inst0 ch0:  C_CMD: RDCMD     C_r = 0x015   at time   63401077 ps
inst0 ch0:  C_CMD: RDCMD     C_f = 0x092   at time   63401491 ps
inst0 ch0:  C_CMD: RDCMD     C_r = 0x015   at time   63404389 ps
inst0 ch0:  C_CMD: RDCMD     C_f = 0x088   at time   63404803 ps
inst0 ch0:  C_CMD: RDCMD     C_r = 0x015   at time   63407701 ps
inst0 ch0:  C_CMD: RDCMD     C_f = 0x08a   at time   63408115 ps
inst0 ch0:  C_CMD: RDCMD     C_r = 0x015   at time   63411013 ps
inst0 ch0:  C_CMD: RDCMD     C_f = 0x080   at time   63411427 ps
inst0 ch0:  C_CMD: RDCMD     C_r = 0x01d   at time   63414325 ps
inst0 ch0:  C_CMD: RDCMD     C_f = 0x082   at time   63414739 ps
inst0 ch0:  R_CMD: ACTCMD    R_r0= 0x0a    at time   63557569 ps
inst0 ch0:  R_CMD: ACTCMD    R_f0= 0x08    at time   63557983 ps
inst0 ch0:  R_CMD: ACTCMD    R_r1= 0x00    at time   63558397 ps
inst0 ch0:  R_CMD: ACTCMD    R_f1= 0x00    at time   63558811 ps
inst0 ch0:  C_CMD: RDCMD     C_r = 0x015   at time   63572473 ps
inst0 ch0:  C_CMD: RDCMD     C_f = 0x0b8   at time   63572887 ps
inst0 ch0:  C_CMD: RDCMD     C_r = 0x015   at time   63575785 ps
inst0 ch0:  C_CMD: RDCMD     C_f = 0x0ba   at time   63576199 ps
inst0 ch0:  C_CMD: RDCMD     C_r = 0x015   at time   63579097 ps
inst0 ch0:  C_CMD: RDCMD     C_f = 0x0b0   at time   63579511 ps
inst0 ch0:  C_CMD: RDCMD     C_r = 0x015   at time   63582409 ps
inst0 ch0:  C_CMD: RDCMD     C_f = 0x0b2   at time   63582823 ps
inst0 ch0:  C_CMD: RDCMD     C_r = 0x015   at time   63585721 ps
inst0 ch0:  C_CMD: RDCMD     C_f = 0x0a8   at time   63586135 ps
inst0 ch0:  C_CMD: RDCMD     C_r = 0x015   at time   63589033 ps
inst0 ch0:  C_CMD: RDCMD     C_f = 0x0aa   at time   63589447 ps
inst0 ch0:  C_CMD: RDCMD     C_r = 0x015   at time   63592345 ps
inst0 ch0:  C_CMD: RDCMD     C_f = 0x0a0   at time   63592759 ps
inst0 ch0:  C_CMD: RDCMD     C_r = 0x01d   at time   63595657 ps
inst0 ch0:  C_CMD: RDCMD     C_f = 0x0a2   at time   63596071 ps
inst0 ch0:  R_CMD: ACTCMD    R_r0= 0x0a    at time   63858961 ps
inst0 ch0:  R_CMD: ACTCMD    R_f0= 0x08    at time   63859375 ps
inst0 ch0:  R_CMD: ACTCMD    R_r1= 0x00    at time   63859789 ps
inst0 ch0:  R_CMD: ACTCMD    R_f1= 0x00    at time   63860203 ps
inst0 ch0:  C_CMD: WRCMD     C_r = 0x011   at time   63869725 ps
inst0 ch0:  C_CMD: WRCMD     C_f = 0x0b8   at time   63870139 ps
inst0 ch0:  C_CMD: WRCMD     C_r = 0x011   at time   63873037 ps
inst0 ch0:  C_CMD: WRCMD     C_f = 0x0ba   at time   63873451 ps
inst0 ch0:  C_CMD: WRCMD     C_r = 0x011   at time   63876349 ps
inst0 ch0:  C_CMD: WRCMD     C_f = 0x0a8   at time   63876763 ps
inst0 ch0:  C_CMD: WRCMD     C_r = 0x011   at time   63879661 ps
inst0 ch0:  C_CMD: WRCMD     C_f = 0x0aa   at time   63880075 ps
inst0 ch0:  C_CMD: WRCMD     C_r = 0x011   at time   63882973 ps
inst0 ch0:  C_CMD: WRCMD     C_f = 0x0b0   at time   63883387 ps
inst0 ch0:  C_CMD: WRCMD     C_r = 0x011   at time   63886285 ps
inst0 ch0:  C_CMD: WRCMD     C_f = 0x0b2   at time   63886699 ps
inst0 ch0:  C_CMD: WRCMD     C_r = 0x011   at time   63889597 ps
inst0 ch0:  C_CMD: WRCMD     C_f = 0x0a0   at time   63890011 ps
inst0 ch0:  C_CMD: WRCMD     C_r = 0x019   at time   63892909 ps
inst0 ch0:  C_CMD: WRCMD     C_f = 0x0a2   at time   63893323 ps
inst0 ch0:  R_CMD: ACTCMD    R_r0= 0x02    at time   64553653 ps
inst0 ch0:  R_CMD: ACTCMD    R_f0= 0x13    at time   64554067 ps
inst0 ch0:  R_CMD: ACTCMD    R_r1= 0x3f    at time   64554481 ps
inst0 ch0:  R_CMD: ACTCMD    R_f1= 0x3b    at time   64554895 ps
inst0 ch0:  C_CMD: RDCMD     C_r = 0x005   at time   64568557 ps
inst0 ch0:  C_CMD: RDCMD     C_f = 0x000   at time   64568971 ps
inst0 ch0:  C_CMD: RDCMD     C_r = 0x00d   at time   64571869 ps
inst0 ch0:  C_CMD: RDCMD     C_f = 0x002   at time   64572283 ps
inst0 ch0:  R_CMD: ACTCMD    R_r0= 0x02    at time   64626517 ps
inst0 ch0:  R_CMD: ACTCMD    R_f0= 0x13    at time   64626931 ps
inst0 ch0:  R_CMD: ACTCMD    R_r1= 0x3f    at time   64627345 ps
inst0 ch0:  R_CMD: ACTCMD    R_f1= 0x3b    at time   64627759 ps
inst0 ch0:  C_CMD: WRCMD     C_r = 0x001   at time   64637281 ps
inst0 ch0:  C_CMD: WRCMD     C_f = 0x000   at time   64637695 ps
inst0 ch0:  C_CMD: WRCMD     C_r = 0x009   at time   64640593 ps
inst0 ch0:  C_CMD: WRCMD     C_f = 0x002   at time   64641007 ps
inst0 ch0:  R_CMD: ACTCMD    R_r0= 0x02    at time   64749061 ps
inst0 ch0:  R_CMD: ACTCMD    R_f0= 0x13    at time   64749475 ps
inst0 ch0:  R_CMD: ACTCMD    R_r1= 0x3f    at time   64749889 ps
inst0 ch0:  R_CMD: ACTCMD    R_f1= 0x3b    at time   64750303 ps
inst0 ch0:  C_CMD: RDCMD     C_r = 0x005   at time   64763965 ps
inst0 ch0:  C_CMD: RDCMD     C_f = 0x000   at time   64764379 ps
inst0 ch0:  C_CMD: RDCMD     C_r = 0x00d   at time   64767277 ps
inst0 ch0:  C_CMD: RDCMD     C_f = 0x002   at time   64767691 ps
inst0 ch0:  R_CMD: ACTCMD    R_r0= 0x02    at time   64819441 ps
inst0 ch0:  R_CMD: ACTCMD    R_f0= 0x13    at time   64819855 ps
inst0 ch0:  R_CMD: ACTCMD    R_r1= 0x3f    at time   64820269 ps
inst0 ch0:  R_CMD: ACTCMD    R_f1= 0x3b    at time   64820683 ps
inst0 ch0:  C_CMD: WRCMD     C_r = 0x001   at time   64830205 ps
inst0 ch0:  C_CMD: WRCMD     C_f = 0x000   at time   64830619 ps
inst0 ch0:  C_CMD: WRCMD     C_r = 0x009   at time   64833517 ps
inst0 ch0:  C_CMD: WRCMD     C_f = 0x002   at time   64833931 ps
inst0 ch0:  R_CMD: ACTCMD    R_r0= 0x0a    at time   65023957 ps
inst0 ch0:  R_CMD: ACTCMD    R_f0= 0x11    at time   65024371 ps
inst0 ch0:  R_CMD: ACTCMD    R_r1= 0x3f    at time   65024785 ps
inst0 ch0:  R_CMD: ACTCMD    R_f1= 0x3b    at time   65025199 ps
inst0 ch0:  R_CMD: ACTCMD    R_r0= 0x02    at time   65028097 ps
inst0 ch0:  R_CMD: ACTCMD    R_f0= 0x11    at time   65028511 ps
inst0 ch0:  R_CMD: ACTCMD    R_r1= 0x3f    at time   65028925 ps
inst0 ch0:  R_CMD: ACTCMD    R_f1= 0x3b    at time   65029339 ps
inst0 ch0:  C_CMD: RDCMD     C_r = 0x015   at time   65038861 ps
inst0 ch0:  C_CMD: RDCMD     C_f = 0x078   at time   65039275 ps
inst0 ch0:  C_CMD: RDCMD     C_r = 0x01d   at time   65042173 ps
inst0 ch0:  C_CMD: RDCMD     C_f = 0x07a   at time   65042587 ps
inst0 ch0:  C_CMD: RDCMD     C_r = 0x005   at time   65045485 ps
inst0 ch0:  C_CMD: RDCMD     C_f = 0x078   at time   65045899 ps
inst0 ch0:  C_CMD: RDCMD     C_r = 0x00d   at time   65048797 ps
inst0 ch0:  C_CMD: RDCMD     C_f = 0x07a   at time   65049211 ps
inst0 ch0:  R_CMD: ACTCMD    R_r0= 0x02    at time   65093509 ps
inst0 ch0:  R_CMD: ACTCMD    R_f0= 0x1b    at time   65093923 ps
inst0 ch0:  R_CMD: ACTCMD    R_r1= 0x3f    at time   65094337 ps
inst0 ch0:  R_CMD: ACTCMD    R_f1= 0x3b    at time   65094751 ps
inst0 ch0:  R_CMD: ACTCMD    R_r0= 0x0a    at time   65095165 ps
inst0 ch0:  R_CMD: ACTCMD    R_f0= 0x11    at time   65095579 ps
inst0 ch0:  R_CMD: ACTCMD    R_r1= 0x3f    at time   65095993 ps
inst0 ch0:  R_CMD: ACTCMD    R_f1= 0x3b    at time   65096407 ps
inst0 ch0:  R_CMD: ACTCMD    R_r0= 0x02    at time   65099305 ps
inst0 ch0:  R_CMD: ACTCMD    R_f0= 0x11    at time   65099719 ps
inst0 ch0:  R_CMD: ACTCMD    R_r1= 0x3f    at time   65100133 ps
inst0 ch0:  R_CMD: ACTCMD    R_f1= 0x3b    at time   65100547 ps
inst0 ch0:  C_CMD: WRCMD     C_r = 0x011   at time   65105929 ps
inst0 ch0:  C_CMD: WRCMD     C_f = 0x078   at time   65106343 ps
inst0 ch0:  C_CMD: RDCMD     C_r = 0x005   at time   65108413 ps
inst0 ch0:  C_CMD: RDCMD     C_f = 0x080   at time   65108827 ps
inst0 ch0:  C_CMD: WRCMD     C_r = 0x019   at time   65109241 ps
inst0 ch0:  C_CMD: WRCMD     C_f = 0x07a   at time   65109655 ps
inst0 ch0:  C_CMD: RDCMD     C_r = 0x00d   at time   65111725 ps
inst0 ch0:  C_CMD: RDCMD     C_f = 0x082   at time   65112139 ps
inst0 ch0:  C_CMD: WRCMD     C_r = 0x001   at time   65112553 ps
inst0 ch0:  C_CMD: WRCMD     C_f = 0x078   at time   65112967 ps
inst0 ch0:  C_CMD: WRCMD     C_r = 0x009   at time   65115865 ps
inst0 ch0:  C_CMD: WRCMD     C_f = 0x07a   at time   65116279 ps
inst0 ch0:  R_CMD: ACTCMD    R_r0= 0x02    at time   65168857 ps
inst0 ch0:  R_CMD: ACTCMD    R_f0= 0x1b    at time   65169271 ps
inst0 ch0:  R_CMD: ACTCMD    R_r1= 0x3f    at time   65169685 ps
inst0 ch0:  R_CMD: ACTCMD    R_f1= 0x3b    at time   65170099 ps
inst0 ch0:  C_CMD: WRCMD     C_r = 0x001   at time   65179621 ps
inst0 ch0:  C_CMD: WRCMD     C_f = 0x080   at time   65180035 ps
inst0 ch0:  C_CMD: WRCMD     C_r = 0x009   at time   65182933 ps
inst0 ch0:  C_CMD: WRCMD     C_f = 0x082   at time   65183347 ps
inst0 ch0:  R_CMD: ACTCMD    R_r0= 0x02    at time   65455345 ps
inst0 ch0:  R_CMD: ACTCMD    R_f0= 0x1b    at time   65455759 ps
inst0 ch0:  R_CMD: ACTCMD    R_r1= 0x3f    at time   65456173 ps
inst0 ch0:  R_CMD: ACTCMD    R_f1= 0x3b    at time   65456587 ps
inst0 ch0:  C_CMD: RDCMD     C_r = 0x005   at time   65470249 ps
inst0 ch0:  C_CMD: RDCMD     C_f = 0x080   at time   65470663 ps
inst0 ch0:  C_CMD: RDCMD     C_r = 0x00d   at time   65473561 ps
inst0 ch0:  C_CMD: RDCMD     C_f = 0x082   at time   65473975 ps
inst0 ch0:  R_CMD: ACTCMD    R_r0= 0x02    at time   65525725 ps
inst0 ch0:  R_CMD: ACTCMD    R_f0= 0x1b    at time   65526139 ps
inst0 ch0:  R_CMD: ACTCMD    R_r1= 0x3f    at time   65526553 ps
inst0 ch0:  R_CMD: ACTCMD    R_f1= 0x3b    at time   65526967 ps
inst0 ch0:  C_CMD: WRCMD     C_r = 0x001   at time   65536489 ps
inst0 ch0:  C_CMD: WRCMD     C_f = 0x080   at time   65536903 ps
inst0 ch0:  C_CMD: WRCMD     C_r = 0x009   at time   65539801 ps
inst0 ch0:  C_CMD: WRCMD     C_f = 0x082   at time   65540215 ps
inst0 ch0:  R_CMD: ACTCMD    R_r0= 0x0a    at time   65789029 ps
inst0 ch0:  R_CMD: ACTCMD    R_f0= 0x19    at time   65789443 ps
inst0 ch0:  R_CMD: ACTCMD    R_r1= 0x3f    at time   65789857 ps
inst0 ch0:  R_CMD: ACTCMD    R_f1= 0x3b    at time   65790271 ps
inst0 ch0:  R_CMD: ACTCMD    R_r0= 0x0a    at time   65791513 ps
inst0 ch0:  R_CMD: ACTCMD    R_f0= 0x02    at time   65791927 ps
inst0 ch0:  R_CMD: ACTCMD    R_r1= 0x00    at time   65792341 ps
inst0 ch0:  R_CMD: ACTCMD    R_f1= 0x00    at time   65792755 ps
inst0 ch0:  R_CMD: ACTCMD    R_r0= 0x02    at time   65793169 ps
inst0 ch0:  R_CMD: ACTCMD    R_f0= 0x19    at time   65793583 ps
inst0 ch0:  R_CMD: ACTCMD    R_r1= 0x3f    at time   65793997 ps
inst0 ch0:  R_CMD: ACTCMD    R_f1= 0x3b    at time   65794411 ps
inst0 ch0:  R_CMD: ACTCMD    R_r0= 0x02    at time   65795653 ps
inst0 ch0:  R_CMD: ACTCMD    R_f0= 0x02    at time   65796067 ps
inst0 ch0:  R_CMD: ACTCMD    R_r1= 0x00    at time   65796481 ps
inst0 ch0:  R_CMD: ACTCMD    R_f1= 0x00    at time   65796895 ps
inst0 ch0:  C_CMD: RDCMD     C_r = 0x015   at time   65803933 ps
inst0 ch0:  C_CMD: RDCMD     C_f = 0x0f8   at time   65804347 ps
inst0 ch0:  C_CMD: RDCMD     C_r = 0x015   at time   65806417 ps
inst0 ch0:  C_CMD: RDCMD     C_f = 0x000   at time   65806831 ps
inst0 ch0:  C_CMD: RDCMD     C_r = 0x01d   at time   65807245 ps
inst0 ch0:  C_CMD: RDCMD     C_f = 0x0fa   at time   65807659 ps
inst0 ch0:  C_CMD: RDCMD     C_r = 0x01d   at time   65809729 ps
inst0 ch0:  C_CMD: RDCMD     C_f = 0x002   at time   65810143 ps
inst0 ch0:  C_CMD: RDCMD     C_r = 0x005   at time   65810557 ps
inst0 ch0:  C_CMD: RDCMD     C_f = 0x0f8   at time   65810971 ps
inst0 ch0:  C_CMD: RDCMD     C_r = 0x005   at time   65813041 ps
inst0 ch0:  C_CMD: RDCMD     C_f = 0x000   at time   65813455 ps
inst0 ch0:  C_CMD: RDCMD     C_r = 0x00d   at time   65813869 ps
inst0 ch0:  C_CMD: RDCMD     C_f = 0x0fa   at time   65814283 ps
inst0 ch0:  C_CMD: RDCMD     C_r = 0x00d   at time   65816353 ps
inst0 ch0:  C_CMD: RDCMD     C_f = 0x002   at time   65816767 ps
inst0 ch0:  R_CMD: ACTCMD    R_r0= 0x0a    at time   65856925 ps
inst0 ch0:  R_CMD: ACTCMD    R_f0= 0x19    at time   65857339 ps
inst0 ch0:  R_CMD: ACTCMD    R_r1= 0x3f    at time   65857753 ps
inst0 ch0:  R_CMD: ACTCMD    R_f1= 0x3b    at time   65858167 ps
inst0 ch0:  R_CMD: ACTCMD    R_r0= 0x02    at time   65863549 ps
inst0 ch0:  R_CMD: ACTCMD    R_f0= 0x19    at time   65863963 ps
inst0 ch0:  R_CMD: ACTCMD    R_r1= 0x3f    at time   65864377 ps
inst0 ch0:  R_CMD: ACTCMD    R_f1= 0x3b    at time   65864791 ps
inst0 ch0:  C_CMD: WRCMD     C_r = 0x011   at time   65867689 ps
inst0 ch0:  C_CMD: WRCMD     C_f = 0x0f8   at time   65868103 ps
inst0 ch0:  C_CMD: WRCMD     C_r = 0x019   at time   65871001 ps
inst0 ch0:  C_CMD: WRCMD     C_f = 0x0fa   at time   65871415 ps
inst0 ch0:  C_CMD: WRCMD     C_r = 0x001   at time   65874313 ps
inst0 ch0:  C_CMD: WRCMD     C_f = 0x0f8   at time   65874727 ps
inst0 ch0:  C_CMD: WRCMD     C_r = 0x009   at time   65877625 ps
inst0 ch0:  C_CMD: WRCMD     C_f = 0x0fa   at time   65878039 ps
inst0 ch0:  R_CMD: ACTCMD    R_r0= 0x0a    at time   66320605 ps
inst0 ch0:  R_CMD: ACTCMD    R_f0= 0x0a    at time   66321019 ps
inst0 ch0:  R_CMD: ACTCMD    R_r1= 0x00    at time   66321433 ps
inst0 ch0:  R_CMD: ACTCMD    R_f1= 0x00    at time   66321847 ps
inst0 ch0:  R_CMD: ACTCMD    R_r0= 0x02    at time   66324745 ps
inst0 ch0:  R_CMD: ACTCMD    R_f0= 0x0a    at time   66325159 ps
inst0 ch0:  R_CMD: ACTCMD    R_r1= 0x00    at time   66325573 ps
inst0 ch0:  R_CMD: ACTCMD    R_f1= 0x00    at time   66325987 ps
inst0 ch0:  C_CMD: RDCMD     C_r = 0x015   at time   66335509 ps
inst0 ch0:  C_CMD: RDCMD     C_f = 0x080   at time   66335923 ps
inst0 ch0:  C_CMD: RDCMD     C_r = 0x01d   at time   66338821 ps
inst0 ch0:  C_CMD: RDCMD     C_f = 0x082   at time   66339235 ps
inst0 ch0:  C_CMD: RDCMD     C_r = 0x005   at time   66342133 ps
inst0 ch0:  C_CMD: RDCMD     C_f = 0x080   at time   66342547 ps
inst0 ch0:  C_CMD: RDCMD     C_r = 0x00d   at time   66345445 ps
inst0 ch0:  C_CMD: RDCMD     C_f = 0x082   at time   66345859 ps
