inst0 ch0:  R_CMD: ACTCMD    R_r0= 0x0e    at time   33400981 ps
inst0 ch0:  R_CMD: ACTCMD    R_f0= 0x28    at time   33401395 ps
inst0 ch0:  R_CMD: ACTCMD    R_r1= 0x00    at time   33401809 ps
inst0 ch0:  R_CMD: ACTCMD    R_f1= 0x02    at time   33402223 ps
inst0 ch0:  R_CMD: ACTCMD    R_r0= 0x0e    at time   33402637 ps
inst0 ch0:  R_CMD: ACTCMD    R_f0= 0x20    at time   33403051 ps
inst0 ch0:  R_CMD: ACTCMD    R_r1= 0x00    at time   33403465 ps
inst0 ch0:  R_CMD: ACTCMD    R_f1= 0x02    at time   33403879 ps
inst0 ch0:  C_CMD: RDCMD     C_r = 0x095   at time   33415885 ps
inst0 ch0:  C_CMD: RDCMD     C_f = 0x0a9   at time   33416299 ps
inst0 ch0:  C_CMD: RDCMD     C_r = 0x095   at time   33417541 ps
inst0 ch0:  C_CMD: RDCMD     C_f = 0x029   at time   33417955 ps
inst0 ch0:  C_CMD: RDCMD     C_r = 0x095   at time   33419197 ps
inst0 ch0:  C_CMD: RDCMD     C_f = 0x0ab   at time   33419611 ps
inst0 ch0:  C_CMD: RDCMD     C_r = 0x095   at time   33420853 ps
inst0 ch0:  C_CMD: RDCMD     C_f = 0x02b   at time   33421267 ps
inst0 ch0:  C_CMD: RDCMD     C_r = 0x095   at time   33422509 ps
inst0 ch0:  C_CMD: RDCMD     C_f = 0x0a1   at time   33422923 ps
inst0 ch0:  C_CMD: RDCMD     C_r = 0x095   at time   33424165 ps
inst0 ch0:  C_CMD: RDCMD     C_f = 0x021   at time   33424579 ps
inst0 ch0:  C_CMD: RDCMD     C_r = 0x09d   at time   33425821 ps
inst0 ch0:  C_CMD: RDCMD     C_f = 0x0a3   at time   33426235 ps
inst0 ch0:  C_CMD: RDCMD     C_r = 0x09d   at time   33427477 ps
inst0 ch0:  C_CMD: RDCMD     C_f = 0x023   at time   33427891 ps
inst0 ch0:  R_CMD: ACTCMD    R_r0= 0x0e    at time   33611293 ps
inst0 ch0:  R_CMD: ACTCMD    R_f0= 0x28    at time   33611707 ps
inst0 ch0:  R_CMD: ACTCMD    R_r1= 0x00    at time   33612121 ps
inst0 ch0:  R_CMD: ACTCMD    R_f1= 0x02    at time   33612535 ps
inst0 ch0:  R_CMD: ACTCMD    R_r0= 0x0e    at time   33612949 ps
inst0 ch0:  R_CMD: ACTCMD    R_f0= 0x20    at time   33613363 ps
inst0 ch0:  R_CMD: ACTCMD    R_r1= 0x00    at time   33613777 ps
inst0 ch0:  R_CMD: ACTCMD    R_f1= 0x02    at time   33614191 ps
inst0 ch0:  C_CMD: WRCMD     C_r = 0x091   at time   33622057 ps
inst0 ch0:  C_CMD: WRCMD     C_f = 0x0a9   at time   33622471 ps
inst0 ch0:  C_CMD: WRCMD     C_r = 0x091   at time   33623713 ps
inst0 ch0:  C_CMD: WRCMD     C_f = 0x029   at time   33624127 ps
inst0 ch0:  C_CMD: WRCMD     C_r = 0x091   at time   33625369 ps
inst0 ch0:  C_CMD: WRCMD     C_f = 0x0ab   at time   33625783 ps
inst0 ch0:  C_CMD: WRCMD     C_r = 0x091   at time   33627025 ps
inst0 ch0:  C_CMD: WRCMD     C_f = 0x02b   at time   33627439 ps
inst0 ch0:  C_CMD: WRCMD     C_r = 0x091   at time   33628681 ps
inst0 ch0:  C_CMD: WRCMD     C_f = 0x0a1   at time   33629095 ps
inst0 ch0:  C_CMD: WRCMD     C_r = 0x091   at time   33630337 ps
inst0 ch0:  C_CMD: WRCMD     C_f = 0x021   at time   33630751 ps
inst0 ch0:  C_CMD: WRCMD     C_r = 0x099   at time   33631993 ps
inst0 ch0:  C_CMD: WRCMD     C_f = 0x0a3   at time   33632407 ps
inst0 ch0:  C_CMD: WRCMD     C_r = 0x099   at time   33633649 ps
inst0 ch0:  C_CMD: WRCMD     C_f = 0x023   at time   33634063 ps
inst0 ch0:  R_CMD: ACTCMD    R_r0= 0x26    at time   54263269 ps
inst0 ch0:  R_CMD: ACTCMD    R_f0= 0x28    at time   54263683 ps
inst0 ch0:  R_CMD: ACTCMD    R_r1= 0x00    at time   54264097 ps
inst0 ch0:  R_CMD: ACTCMD    R_f1= 0x02    at time   54264511 ps
inst0 ch0:  R_CMD: ACTCMD    R_r0= 0x26    at time   54265753 ps
inst0 ch0:  R_CMD: ACTCMD    R_f0= 0x20    at time   54266167 ps
inst0 ch0:  R_CMD: ACTCMD    R_r1= 0x00    at time   54266581 ps
inst0 ch0:  R_CMD: ACTCMD    R_f1= 0x02    at time   54266995 ps
inst0 ch0:  C_CMD: RDCMD     C_r = 0x0c5   at time   54278173 ps
inst0 ch0:  C_CMD: RDCMD     C_f = 0x0a9   at time   54278587 ps
inst0 ch0:  C_CMD: RDCMD     C_r = 0x0c5   at time   54280657 ps
inst0 ch0:  C_CMD: RDCMD     C_f = 0x029   at time   54281071 ps
inst0 ch0:  C_CMD: RDCMD     C_r = 0x0c5   at time   54281485 ps
inst0 ch0:  C_CMD: RDCMD     C_f = 0x0ab   at time   54281899 ps
inst0 ch0:  C_CMD: RDCMD     C_r = 0x0c5   at time   54283969 ps
inst0 ch0:  C_CMD: RDCMD     C_f = 0x02b   at time   54284383 ps
inst0 ch0:  C_CMD: RDCMD     C_r = 0x0c5   at time   54284797 ps
inst0 ch0:  C_CMD: RDCMD     C_f = 0x0a1   at time   54285211 ps
inst0 ch0:  C_CMD: RDCMD     C_r = 0x0c5   at time   54287281 ps
inst0 ch0:  C_CMD: RDCMD     C_f = 0x021   at time   54287695 ps
inst0 ch0:  C_CMD: RDCMD     C_r = 0x0cd   at time   54288109 ps
inst0 ch0:  C_CMD: RDCMD     C_f = 0x0a3   at time   54288523 ps
inst0 ch0:  C_CMD: RDCMD     C_r = 0x0cd   at time   54290593 ps
inst0 ch0:  C_CMD: RDCMD     C_f = 0x023   at time   54291007 ps
inst0 ch0:  R_CMD: ACTCMD    R_r0= 0x26    at time   54333649 ps
inst0 ch0:  R_CMD: ACTCMD    R_f0= 0x28    at time   54334063 ps
inst0 ch0:  R_CMD: ACTCMD    R_r1= 0x00    at time   54334477 ps
inst0 ch0:  R_CMD: ACTCMD    R_f1= 0x02    at time   54334891 ps
inst0 ch0:  R_CMD: ACTCMD    R_r0= 0x26    at time   54336133 ps
inst0 ch0:  R_CMD: ACTCMD    R_f0= 0x20    at time   54336547 ps
inst0 ch0:  R_CMD: ACTCMD    R_r1= 0x00    at time   54336961 ps
inst0 ch0:  R_CMD: ACTCMD    R_f1= 0x02    at time   54337375 ps
inst0 ch0:  C_CMD: WRCMD     C_r = 0x0c1   at time   54344413 ps
inst0 ch0:  C_CMD: WRCMD     C_f = 0x0a9   at time   54344827 ps
inst0 ch0:  C_CMD: WRCMD     C_r = 0x0c1   at time   54346897 ps
inst0 ch0:  C_CMD: WRCMD     C_f = 0x029   at time   54347311 ps
inst0 ch0:  C_CMD: WRCMD     C_r = 0x0c1   at time   54347725 ps
inst0 ch0:  C_CMD: WRCMD     C_f = 0x0ab   at time   54348139 ps
inst0 ch0:  C_CMD: WRCMD     C_r = 0x0c1   at time   54350209 ps
inst0 ch0:  C_CMD: WRCMD     C_f = 0x02b   at time   54350623 ps
inst0 ch0:  C_CMD: WRCMD     C_r = 0x0c1   at time   54351037 ps
inst0 ch0:  C_CMD: WRCMD     C_f = 0x0a1   at time   54351451 ps
inst0 ch0:  C_CMD: WRCMD     C_r = 0x0c1   at time   54353521 ps
inst0 ch0:  C_CMD: WRCMD     C_f = 0x021   at time   54353935 ps
inst0 ch0:  C_CMD: WRCMD     C_r = 0x0c9   at time   54354349 ps
inst0 ch0:  C_CMD: WRCMD     C_f = 0x0a3   at time   54354763 ps
inst0 ch0:  C_CMD: WRCMD     C_r = 0x0c9   at time   54356833 ps
inst0 ch0:  C_CMD: WRCMD     C_f = 0x023   at time   54357247 ps
inst0 ch0:  R_CMD: ACTCMD    R_r0= 0x22    at time  124940521 ps
inst0 ch0:  R_CMD: ACTCMD    R_f0= 0x22    at time  124940935 ps
inst0 ch0:  R_CMD: ACTCMD    R_r1= 0x00    at time  124941349 ps
inst0 ch0:  R_CMD: ACTCMD    R_f1= 0x00    at time  124941763 ps
inst0 ch0:  R_CMD: ACTCMD    R_r0= 0x22    at time  124943005 ps
inst0 ch0:  R_CMD: ACTCMD    R_f0= 0x2a    at time  124943419 ps
inst0 ch0:  R_CMD: ACTCMD    R_r1= 0x00    at time  124943833 ps
inst0 ch0:  R_CMD: ACTCMD    R_f1= 0x00    at time  124944247 ps
inst0 ch0:  R_CMD: ACTCMD    R_r0= 0x02    at time  124944661 ps
inst0 ch0:  R_CMD: ACTCMD    R_f0= 0x22    at time  124945075 ps
inst0 ch0:  R_CMD: ACTCMD    R_r1= 0x00    at time  124945489 ps
inst0 ch0:  R_CMD: ACTCMD    R_f1= 0x00    at time  124945903 ps
inst0 ch0:  R_CMD: ACTCMD    R_r0= 0x02    at time  124947145 ps
inst0 ch0:  R_CMD: ACTCMD    R_f0= 0x2a    at time  124947559 ps
inst0 ch0:  R_CMD: ACTCMD    R_r1= 0x00    at time  124947973 ps
inst0 ch0:  R_CMD: ACTCMD    R_f1= 0x00    at time  124948387 ps
inst0 ch0:  R_CMD: ACTCMD    R_r0= 0x22    at time  124948801 ps
inst0 ch0:  R_CMD: ACTCMD    R_f0= 0x02    at time  124949215 ps
inst0 ch0:  R_CMD: ACTCMD    R_r1= 0x00    at time  124949629 ps
inst0 ch0:  R_CMD: ACTCMD    R_f1= 0x00    at time  124950043 ps
inst0 ch0:  R_CMD: ACTCMD    R_r0= 0x22    at time  124951285 ps
inst0 ch0:  R_CMD: ACTCMD    R_f0= 0x0a    at time  124951699 ps
inst0 ch0:  R_CMD: ACTCMD    R_r1= 0x00    at time  124952113 ps
inst0 ch0:  R_CMD: ACTCMD    R_f1= 0x00    at time  124952527 ps
inst0 ch0:  R_CMD: ACTCMD    R_r0= 0x02    at time  124952941 ps
inst0 ch0:  R_CMD: ACTCMD    R_f0= 0x02    at time  124953355 ps
inst0 ch0:  R_CMD: ACTCMD    R_r1= 0x00    at time  124953769 ps
inst0 ch0:  R_CMD: ACTCMD    R_f1= 0x00    at time  124954183 ps
inst0 ch0:  R_CMD: ACTCMD    R_r0= 0x02    at time  124955425 ps
inst0 ch0:  C_CMD: RDCMD     C_r = 0x0c5   at time  124955425 ps
inst0 ch0:  R_CMD: ACTCMD    R_f0= 0x0a    at time  124955839 ps
inst0 ch0:  C_CMD: RDCMD     C_f = 0x000   at time  124955839 ps
inst0 ch0:  R_CMD: ACTCMD    R_r1= 0x00    at time  124956253 ps
inst0 ch0:  R_CMD: ACTCMD    R_f1= 0x00    at time  124956667 ps
inst0 ch0:  C_CMD: RDCMD     C_r = 0x0c5   at time  124957909 ps
inst0 ch0:  C_CMD: RDCMD     C_f = 0x080   at time  124958323 ps
inst0 ch0:  C_CMD: RDCMD     C_r = 0x0cd   at time  124958737 ps
inst0 ch0:  C_CMD: RDCMD     C_f = 0x002   at time  124959151 ps
inst0 ch0:  C_CMD: RDCMD     C_r = 0x085   at time  124960393 ps
inst0 ch0:  C_CMD: RDCMD     C_f = 0x000   at time  124960807 ps
inst0 ch0:  C_CMD: RDCMD     C_r = 0x0cd   at time  124961221 ps
inst0 ch0:  C_CMD: RDCMD     C_f = 0x082   at time  124961635 ps
inst0 ch0:  C_CMD: RDCMD     C_r = 0x085   at time  124962877 ps
inst0 ch0:  C_CMD: RDCMD     C_f = 0x080   at time  124963291 ps
inst0 ch0:  C_CMD: RDCMD     C_r = 0x08d   at time  124963705 ps
inst0 ch0:  C_CMD: RDCMD     C_f = 0x002   at time  124964119 ps
inst0 ch0:  C_CMD: RDCMD     C_r = 0x045   at time  124965361 ps
inst0 ch0:  C_CMD: RDCMD     C_f = 0x000   at time  124965775 ps
inst0 ch0:  C_CMD: RDCMD     C_r = 0x08d   at time  124966189 ps
inst0 ch0:  C_CMD: RDCMD     C_f = 0x082   at time  124966603 ps
inst0 ch0:  C_CMD: RDCMD     C_r = 0x005   at time  124967845 ps
inst0 ch0:  C_CMD: RDCMD     C_f = 0x000   at time  124968259 ps
inst0 ch0:  C_CMD: RDCMD     C_r = 0x045   at time  124968673 ps
inst0 ch0:  C_CMD: RDCMD     C_f = 0x080   at time  124969087 ps
inst0 ch0:  C_CMD: RDCMD     C_r = 0x04d   at time  124969501 ps
inst0 ch0:  C_CMD: RDCMD     C_f = 0x002   at time  124969915 ps
inst0 ch0:  C_CMD: RDCMD     C_r = 0x005   at time  124970329 ps
inst0 ch0:  C_CMD: RDCMD     C_f = 0x080   at time  124970743 ps
inst0 ch0:  C_CMD: RDCMD     C_r = 0x00d   at time  124971157 ps
inst0 ch0:  C_CMD: RDCMD     C_f = 0x002   at time  124971571 ps
inst0 ch0:  C_CMD: RDCMD     C_r = 0x04d   at time  124971985 ps
inst0 ch0:  C_CMD: RDCMD     C_f = 0x082   at time  124972399 ps
inst0 ch0:  C_CMD: RDCMD     C_r = 0x00d   at time  124973641 ps
inst0 ch0:  C_CMD: RDCMD     C_f = 0x082   at time  124974055 ps
inst0 ch0:  R_CMD: ACTCMD    R_r0= 0x2a    at time  125434009 ps
inst0 ch0:  R_CMD: ACTCMD    R_f0= 0x22    at time  125434423 ps
inst0 ch0:  R_CMD: ACTCMD    R_r1= 0x00    at time  125434837 ps
inst0 ch0:  R_CMD: ACTCMD    R_f1= 0x00    at time  125435251 ps
inst0 ch0:  R_CMD: ACTCMD    R_r0= 0x0a    at time  125438149 ps
inst0 ch0:  R_CMD: ACTCMD    R_f0= 0x22    at time  125438563 ps
inst0 ch0:  R_CMD: ACTCMD    R_r1= 0x00    at time  125438977 ps
inst0 ch0:  R_CMD: ACTCMD    R_f1= 0x00    at time  125439391 ps
inst0 ch0:  R_CMD: ACTCMD    R_r0= 0x2a    at time  125439805 ps
inst0 ch0:  R_CMD: ACTCMD    R_f0= 0x2a    at time  125440219 ps
inst0 ch0:  R_CMD: ACTCMD    R_r1= 0x00    at time  125440633 ps
inst0 ch0:  R_CMD: ACTCMD    R_f1= 0x00    at time  125441047 ps
inst0 ch0:  R_CMD: ACTCMD    R_r0= 0x2a    at time  125442289 ps
inst0 ch0:  R_CMD: ACTCMD    R_f0= 0x02    at time  125442703 ps
inst0 ch0:  R_CMD: ACTCMD    R_r1= 0x00    at time  125443117 ps
inst0 ch0:  R_CMD: ACTCMD    R_f1= 0x00    at time  125443531 ps
inst0 ch0:  R_CMD: ACTCMD    R_r0= 0x0a    at time  125443945 ps
inst0 ch0:  R_CMD: ACTCMD    R_f0= 0x2a    at time  125444359 ps
inst0 ch0:  R_CMD: ACTCMD    R_r1= 0x00    at time  125444773 ps
inst0 ch0:  R_CMD: ACTCMD    R_f1= 0x00    at time  125445187 ps
inst0 ch0:  R_CMD: ACTCMD    R_r0= 0x0a    at time  125446429 ps
inst0 ch0:  R_CMD: ACTCMD    R_f0= 0x02    at time  125446843 ps
inst0 ch0:  R_CMD: ACTCMD    R_r1= 0x00    at time  125447257 ps
inst0 ch0:  R_CMD: ACTCMD    R_f1= 0x00    at time  125447671 ps
inst0 ch0:  R_CMD: ACTCMD    R_r0= 0x2a    at time  125448085 ps
inst0 ch0:  R_CMD: ACTCMD    R_f0= 0x0a    at time  125448499 ps
inst0 ch0:  R_CMD: ACTCMD    R_r1= 0x00    at time  125448913 ps
inst0 ch0:  C_CMD: RDCMD     C_r = 0x0d5   at time  125448913 ps
inst0 ch0:  R_CMD: ACTCMD    R_f1= 0x00    at time  125449327 ps
inst0 ch0:  C_CMD: RDCMD     C_f = 0x000   at time  125449327 ps
inst0 ch0:  R_CMD: ACTCMD    R_r0= 0x0a    at time  125452225 ps
inst0 ch0:  C_CMD: RDCMD     C_r = 0x0dd   at time  125452225 ps
inst0 ch0:  R_CMD: ACTCMD    R_f0= 0x0a    at time  125452639 ps
inst0 ch0:  C_CMD: RDCMD     C_f = 0x002   at time  125452639 ps
inst0 ch0:  R_CMD: ACTCMD    R_r1= 0x00    at time  125453053 ps
inst0 ch0:  R_CMD: ACTCMD    R_f1= 0x00    at time  125453467 ps
inst0 ch0:  C_CMD: RDCMD     C_r = 0x095   at time  125453881 ps
inst0 ch0:  C_CMD: RDCMD     C_f = 0x000   at time  125454295 ps
inst0 ch0:  C_CMD: RDCMD     C_r = 0x0d5   at time  125454709 ps
inst0 ch0:  C_CMD: RDCMD     C_f = 0x080   at time  125455123 ps
inst0 ch0:  C_CMD: RDCMD     C_r = 0x09d   at time  125457193 ps
inst0 ch0:  C_CMD: RDCMD     C_f = 0x002   at time  125457607 ps
inst0 ch0:  C_CMD: RDCMD     C_r = 0x0dd   at time  125458021 ps
inst0 ch0:  C_CMD: RDCMD     C_f = 0x082   at time  125458435 ps
inst0 ch0:  C_CMD: RDCMD     C_r = 0x055   at time  125458849 ps
inst0 ch0:  C_CMD: RDCMD     C_f = 0x000   at time  125459263 ps
inst0 ch0:  C_CMD: RDCMD     C_r = 0x095   at time  125459677 ps
inst0 ch0:  C_CMD: RDCMD     C_f = 0x080   at time  125460091 ps
inst0 ch0:  C_CMD: RDCMD     C_r = 0x015   at time  125461333 ps
inst0 ch0:  C_CMD: RDCMD     C_f = 0x000   at time  125461747 ps
inst0 ch0:  C_CMD: RDCMD     C_r = 0x05d   at time  125462989 ps
inst0 ch0:  C_CMD: RDCMD     C_f = 0x002   at time  125463403 ps
inst0 ch0:  C_CMD: RDCMD     C_r = 0x09d   at time  125463817 ps
inst0 ch0:  C_CMD: RDCMD     C_f = 0x082   at time  125464231 ps
inst0 ch0:  C_CMD: RDCMD     C_r = 0x01d   at time  125464645 ps
inst0 ch0:  C_CMD: RDCMD     C_f = 0x002   at time  125465059 ps
inst0 ch0:  C_CMD: RDCMD     C_r = 0x055   at time  125465473 ps
inst0 ch0:  C_CMD: RDCMD     C_f = 0x080   at time  125465887 ps
inst0 ch0:  C_CMD: RDCMD     C_r = 0x015   at time  125467129 ps
inst0 ch0:  C_CMD: RDCMD     C_f = 0x080   at time  125467543 ps
inst0 ch0:  C_CMD: RDCMD     C_r = 0x05d   at time  125468785 ps
inst0 ch0:  C_CMD: RDCMD     C_f = 0x082   at time  125469199 ps
inst0 ch0:  C_CMD: RDCMD     C_r = 0x01d   at time  125470441 ps
inst0 ch0:  C_CMD: RDCMD     C_f = 0x082   at time  125470855 ps
inst0 ch0:  R_CMD: ACTCMD    R_r0= 0x32    at time  125933293 ps
inst0 ch0:  R_CMD: ACTCMD    R_f0= 0x22    at time  125933707 ps
inst0 ch0:  R_CMD: ACTCMD    R_r1= 0x00    at time  125934121 ps
inst0 ch0:  R_CMD: ACTCMD    R_f1= 0x00    at time  125934535 ps
inst0 ch0:  R_CMD: ACTCMD    R_r0= 0x12    at time  125937433 ps
inst0 ch0:  R_CMD: ACTCMD    R_f0= 0x22    at time  125937847 ps
inst0 ch0:  R_CMD: ACTCMD    R_r1= 0x00    at time  125938261 ps
inst0 ch0:  R_CMD: ACTCMD    R_f1= 0x00    at time  125938675 ps
inst0 ch0:  R_CMD: ACTCMD    R_r0= 0x32    at time  125939917 ps
inst0 ch0:  R_CMD: ACTCMD    R_f0= 0x2a    at time  125940331 ps
inst0 ch0:  R_CMD: ACTCMD    R_r1= 0x00    at time  125940745 ps
inst0 ch0:  R_CMD: ACTCMD    R_f1= 0x00    at time  125941159 ps
inst0 ch0:  R_CMD: ACTCMD    R_r0= 0x32    at time  125941573 ps
inst0 ch0:  R_CMD: ACTCMD    R_f0= 0x02    at time  125941987 ps
inst0 ch0:  R_CMD: ACTCMD    R_r1= 0x00    at time  125942401 ps
inst0 ch0:  R_CMD: ACTCMD    R_f1= 0x00    at time  125942815 ps
inst0 ch0:  R_CMD: ACTCMD    R_r0= 0x12    at time  125944057 ps
inst0 ch0:  R_CMD: ACTCMD    R_f0= 0x2a    at time  125944471 ps
inst0 ch0:  R_CMD: ACTCMD    R_r1= 0x00    at time  125944885 ps
inst0 ch0:  R_CMD: ACTCMD    R_f1= 0x00    at time  125945299 ps
inst0 ch0:  R_CMD: ACTCMD    R_r0= 0x12    at time  125945713 ps
inst0 ch0:  R_CMD: ACTCMD    R_f0= 0x02    at time  125946127 ps
inst0 ch0:  R_CMD: ACTCMD    R_r1= 0x00    at time  125946541 ps
inst0 ch0:  R_CMD: ACTCMD    R_f1= 0x00    at time  125946955 ps
inst0 ch0:  R_CMD: ACTCMD    R_r0= 0x32    at time  125948197 ps
inst0 ch0:  C_CMD: RDCMD     C_r = 0x0e5   at time  125948197 ps
inst0 ch0:  R_CMD: ACTCMD    R_f0= 0x0a    at time  125948611 ps
inst0 ch0:  C_CMD: RDCMD     C_f = 0x000   at time  125948611 ps
inst0 ch0:  R_CMD: ACTCMD    R_r1= 0x00    at time  125949025 ps
inst0 ch0:  R_CMD: ACTCMD    R_f1= 0x00    at time  125949439 ps
inst0 ch0:  C_CMD: RDCMD     C_r = 0x0ed   at time  125951509 ps
inst0 ch0:  C_CMD: RDCMD     C_f = 0x002   at time  125951923 ps
inst0 ch0:  R_CMD: ACTCMD    R_r0= 0x12    at time  125952337 ps
inst0 ch0:  R_CMD: ACTCMD    R_f0= 0x0a    at time  125952751 ps
inst0 ch0:  R_CMD: ACTCMD    R_r1= 0x00    at time  125953165 ps
inst0 ch0:  C_CMD: RDCMD     C_r = 0x0a5   at time  125953165 ps
inst0 ch0:  R_CMD: ACTCMD    R_f1= 0x00    at time  125953579 ps
inst0 ch0:  C_CMD: RDCMD     C_f = 0x000   at time  125953579 ps
inst0 ch0:  C_CMD: RDCMD     C_r = 0x0e5   at time  125954821 ps
inst0 ch0:  C_CMD: RDCMD     C_f = 0x080   at time  125955235 ps
inst0 ch0:  C_CMD: RDCMD     C_r = 0x0ad   at time  125956477 ps
inst0 ch0:  C_CMD: RDCMD     C_f = 0x002   at time  125956891 ps
inst0 ch0:  C_CMD: RDCMD     C_r = 0x065   at time  125958133 ps
inst0 ch0:  C_CMD: RDCMD     C_f = 0x000   at time  125958547 ps
inst0 ch0:  C_CMD: RDCMD     C_r = 0x0ed   at time  125958961 ps
inst0 ch0:  C_CMD: RDCMD     C_f = 0x082   at time  125959375 ps
inst0 ch0:  C_CMD: RDCMD     C_r = 0x025   at time  125960617 ps
inst0 ch0:  C_CMD: RDCMD     C_f = 0x000   at time  125961031 ps
inst0 ch0:  C_CMD: RDCMD     C_r = 0x0a5   at time  125961445 ps
inst0 ch0:  C_CMD: RDCMD     C_f = 0x080   at time  125961859 ps
inst0 ch0:  C_CMD: RDCMD     C_r = 0x06d   at time  125962273 ps
inst0 ch0:  C_CMD: RDCMD     C_f = 0x002   at time  125962687 ps
inst0 ch0:  C_CMD: RDCMD     C_r = 0x065   at time  125963101 ps
inst0 ch0:  C_CMD: RDCMD     C_f = 0x080   at time  125963515 ps
inst0 ch0:  C_CMD: RDCMD     C_r = 0x02d   at time  125963929 ps
inst0 ch0:  C_CMD: RDCMD     C_f = 0x002   at time  125964343 ps
inst0 ch0:  C_CMD: RDCMD     C_r = 0x0ad   at time  125964757 ps
inst0 ch0:  C_CMD: RDCMD     C_f = 0x082   at time  125965171 ps
inst0 ch0:  C_CMD: RDCMD     C_r = 0x06d   at time  125966413 ps
inst0 ch0:  C_CMD: RDCMD     C_f = 0x082   at time  125966827 ps
inst0 ch0:  C_CMD: RDCMD     C_r = 0x025   at time  125968069 ps
inst0 ch0:  C_CMD: RDCMD     C_f = 0x080   at time  125968483 ps
inst0 ch0:  C_CMD: RDCMD     C_r = 0x02d   at time  125971381 ps
inst0 ch0:  C_CMD: RDCMD     C_f = 0x082   at time  125971795 ps
inst0 ch0:  R_CMD: ACTCMD    R_r0= 0x3a    at time  126436717 ps
inst0 ch0:  R_CMD: ACTCMD    R_f0= 0x22    at time  126437131 ps
inst0 ch0:  R_CMD: ACTCMD    R_r1= 0x00    at time  126437545 ps
inst0 ch0:  R_CMD: ACTCMD    R_f1= 0x00    at time  126437959 ps
inst0 ch0:  R_CMD: ACTCMD    R_r0= 0x1a    at time  126440857 ps
inst0 ch0:  R_CMD: ACTCMD    R_f0= 0x22    at time  126441271 ps
inst0 ch0:  R_CMD: ACTCMD    R_r1= 0x00    at time  126441685 ps
inst0 ch0:  R_CMD: ACTCMD    R_f1= 0x00    at time  126442099 ps
inst0 ch0:  R_CMD: ACTCMD    R_r0= 0x3a    at time  126442513 ps
inst0 ch0:  R_CMD: ACTCMD    R_f0= 0x2a    at time  126442927 ps
inst0 ch0:  R_CMD: ACTCMD    R_r1= 0x00    at time  126443341 ps
inst0 ch0:  R_CMD: ACTCMD    R_f1= 0x00    at time  126443755 ps
inst0 ch0:  R_CMD: ACTCMD    R_r0= 0x3a    at time  126444997 ps
inst0 ch0:  R_CMD: ACTCMD    R_f0= 0x02    at time  126445411 ps
inst0 ch0:  R_CMD: ACTCMD    R_r1= 0x00    at time  126445825 ps
inst0 ch0:  R_CMD: ACTCMD    R_f1= 0x00    at time  126446239 ps
inst0 ch0:  R_CMD: ACTCMD    R_r0= 0x1a    at time  126446653 ps
inst0 ch0:  R_CMD: ACTCMD    R_f0= 0x2a    at time  126447067 ps
inst0 ch0:  R_CMD: ACTCMD    R_r1= 0x00    at time  126447481 ps
inst0 ch0:  R_CMD: ACTCMD    R_f1= 0x00    at time  126447895 ps
inst0 ch0:  R_CMD: ACTCMD    R_r0= 0x1a    at time  126449137 ps
inst0 ch0:  R_CMD: ACTCMD    R_f0= 0x02    at time  126449551 ps
inst0 ch0:  R_CMD: ACTCMD    R_r1= 0x00    at time  126449965 ps
inst0 ch0:  R_CMD: ACTCMD    R_f1= 0x00    at time  126450379 ps
inst0 ch0:  R_CMD: ACTCMD    R_r0= 0x3a    at time  126450793 ps
inst0 ch0:  R_CMD: ACTCMD    R_f0= 0x0a    at time  126451207 ps
inst0 ch0:  R_CMD: ACTCMD    R_r1= 0x00    at time  126451621 ps
inst0 ch0:  C_CMD: RDCMD     C_r = 0x0f5   at time  126451621 ps
inst0 ch0:  R_CMD: ACTCMD    R_f1= 0x00    at time  126452035 ps
inst0 ch0:  C_CMD: RDCMD     C_f = 0x000   at time  126452035 ps
inst0 ch0:  R_CMD: ACTCMD    R_r0= 0x1a    at time  126454933 ps
inst0 ch0:  C_CMD: RDCMD     C_r = 0x0fd   at time  126454933 ps
inst0 ch0:  R_CMD: ACTCMD    R_f0= 0x0a    at time  126455347 ps
inst0 ch0:  C_CMD: RDCMD     C_f = 0x002   at time  126455347 ps
inst0 ch0:  R_CMD: ACTCMD    R_r1= 0x00    at time  126455761 ps
inst0 ch0:  R_CMD: ACTCMD    R_f1= 0x00    at time  126456175 ps
inst0 ch0:  C_CMD: RDCMD     C_r = 0x0b5   at time  126456589 ps
inst0 ch0:  C_CMD: RDCMD     C_f = 0x000   at time  126457003 ps
inst0 ch0:  C_CMD: RDCMD     C_r = 0x0f5   at time  126457417 ps
inst0 ch0:  C_CMD: RDCMD     C_f = 0x080   at time  126457831 ps
inst0 ch0:  C_CMD: RDCMD     C_r = 0x0bd   at time  126459901 ps
inst0 ch0:  C_CMD: RDCMD     C_f = 0x002   at time  126460315 ps
inst0 ch0:  C_CMD: RDCMD     C_r = 0x0fd   at time  126460729 ps
inst0 ch0:  C_CMD: RDCMD     C_f = 0x082   at time  126461143 ps
inst0 ch0:  C_CMD: RDCMD     C_r = 0x075   at time  126461557 ps
inst0 ch0:  C_CMD: RDCMD     C_f = 0x000   at time  126461971 ps
inst0 ch0:  C_CMD: RDCMD     C_r = 0x0b5   at time  126462385 ps
inst0 ch0:  C_CMD: RDCMD     C_f = 0x080   at time  126462799 ps
inst0 ch0:  C_CMD: RDCMD     C_r = 0x035   at time  126464041 ps
inst0 ch0:  C_CMD: RDCMD     C_f = 0x000   at time  126464455 ps
inst0 ch0:  C_CMD: RDCMD     C_r = 0x07d   at time  126465697 ps
inst0 ch0:  C_CMD: RDCMD     C_f = 0x002   at time  126466111 ps
inst0 ch0:  C_CMD: RDCMD     C_r = 0x0bd   at time  126466525 ps
inst0 ch0:  C_CMD: RDCMD     C_f = 0x082   at time  126466939 ps
inst0 ch0:  C_CMD: RDCMD     C_r = 0x03d   at time  126467353 ps
inst0 ch0:  C_CMD: RDCMD     C_f = 0x002   at time  126467767 ps
inst0 ch0:  C_CMD: RDCMD     C_r = 0x075   at time  126468181 ps
inst0 ch0:  C_CMD: RDCMD     C_f = 0x080   at time  126468595 ps
inst0 ch0:  C_CMD: RDCMD     C_r = 0x035   at time  126469837 ps
inst0 ch0:  C_CMD: RDCMD     C_f = 0x080   at time  126470251 ps
inst0 ch0:  C_CMD: RDCMD     C_r = 0x07d   at time  126471493 ps
inst0 ch0:  C_CMD: RDCMD     C_f = 0x082   at time  126471907 ps
inst0 ch0:  C_CMD: RDCMD     C_r = 0x03d   at time  126473149 ps
inst0 ch0:  C_CMD: RDCMD     C_f = 0x082   at time  126473563 ps
inst0 ch0:  R_CMD: ACTCMD    R_r0= 0x02    at time  131178673 ps
inst0 ch0:  R_CMD: ACTCMD    R_f0= 0x00    at time  131179087 ps
inst0 ch0:  R_CMD: ACTCMD    R_r1= 0x00    at time  131179501 ps
inst0 ch0:  R_CMD: ACTCMD    R_f1= 0x00    at time  131179915 ps
inst0 ch0:  C_CMD: RDCMD     C_r = 0x005   at time  131193577 ps
inst0 ch0:  C_CMD: RDCMD     C_f = 0x018   at time  131193991 ps
inst0 ch0:  C_CMD: RDCMD     C_r = 0x005   at time  131196889 ps
inst0 ch0:  C_CMD: RDCMD     C_f = 0x01a   at time  131197303 ps
inst0 ch0:  C_CMD: RDCMD     C_r = 0x005   at time  131200201 ps
inst0 ch0:  C_CMD: RDCMD     C_f = 0x010   at time  131200615 ps
inst0 ch0:  C_CMD: RDCMD     C_r = 0x005   at time  131203513 ps
inst0 ch0:  C_CMD: RDCMD     C_f = 0x012   at time  131203927 ps
inst0 ch0:  C_CMD: RDCMD     C_r = 0x005   at time  131206825 ps
inst0 ch0:  C_CMD: RDCMD     C_f = 0x008   at time  131207239 ps
inst0 ch0:  C_CMD: RDCMD     C_r = 0x005   at time  131210137 ps
inst0 ch0:  C_CMD: RDCMD     C_f = 0x00a   at time  131210551 ps
inst0 ch0:  C_CMD: RDCMD     C_r = 0x005   at time  131213449 ps
inst0 ch0:  C_CMD: RDCMD     C_f = 0x000   at time  131213863 ps
inst0 ch0:  C_CMD: RDCMD     C_r = 0x00d   at time  131216761 ps
inst0 ch0:  C_CMD: RDCMD     C_f = 0x002   at time  131217175 ps
inst0 ch0:  R_CMD: ACTCMD    R_r0= 0x02    at time  131230009 ps
inst0 ch0:  R_CMD: ACTCMD    R_f0= 0x08    at time  131230423 ps
inst0 ch0:  R_CMD: ACTCMD    R_r1= 0x00    at time  131230837 ps
inst0 ch0:  R_CMD: ACTCMD    R_f1= 0x00    at time  131231251 ps
inst0 ch0:  C_CMD: RDCMD     C_r = 0x005   at time  131244913 ps
inst0 ch0:  C_CMD: RDCMD     C_f = 0x098   at time  131245327 ps
inst0 ch0:  C_CMD: RDCMD     C_r = 0x005   at time  131248225 ps
inst0 ch0:  C_CMD: RDCMD     C_f = 0x09a   at time  131248639 ps
inst0 ch0:  C_CMD: RDCMD     C_r = 0x005   at time  131251537 ps
inst0 ch0:  C_CMD: RDCMD     C_f = 0x090   at time  131251951 ps
inst0 ch0:  C_CMD: RDCMD     C_r = 0x005   at time  131254849 ps
inst0 ch0:  C_CMD: RDCMD     C_f = 0x092   at time  131255263 ps
inst0 ch0:  C_CMD: RDCMD     C_r = 0x005   at time  131258161 ps
inst0 ch0:  C_CMD: RDCMD     C_f = 0x088   at time  131258575 ps
inst0 ch0:  C_CMD: RDCMD     C_r = 0x005   at time  131261473 ps
inst0 ch0:  C_CMD: RDCMD     C_f = 0x08a   at time  131261887 ps
inst0 ch0:  C_CMD: RDCMD     C_r = 0x005   at time  131264785 ps
inst0 ch0:  C_CMD: RDCMD     C_f = 0x080   at time  131265199 ps
inst0 ch0:  C_CMD: RDCMD     C_r = 0x00d   at time  131268097 ps
inst0 ch0:  C_CMD: RDCMD     C_f = 0x082   at time  131268511 ps
inst0 ch0:  R_CMD: ACTCMD    R_r0= 0x0a    at time  131667193 ps
inst0 ch0:  R_CMD: ACTCMD    R_f0= 0x00    at time  131667607 ps
inst0 ch0:  R_CMD: ACTCMD    R_r1= 0x00    at time  131668021 ps
inst0 ch0:  R_CMD: ACTCMD    R_f1= 0x00    at time  131668435 ps
inst0 ch0:  C_CMD: RDCMD     C_r = 0x015   at time  131682097 ps
inst0 ch0:  C_CMD: RDCMD     C_f = 0x018   at time  131682511 ps
inst0 ch0:  C_CMD: RDCMD     C_r = 0x015   at time  131685409 ps
inst0 ch0:  C_CMD: RDCMD     C_f = 0x01a   at time  131685823 ps
inst0 ch0:  C_CMD: RDCMD     C_r = 0x015   at time  131688721 ps
inst0 ch0:  C_CMD: RDCMD     C_f = 0x010   at time  131689135 ps
inst0 ch0:  C_CMD: RDCMD     C_r = 0x015   at time  131692033 ps
inst0 ch0:  C_CMD: RDCMD     C_f = 0x012   at time  131692447 ps
inst0 ch0:  C_CMD: RDCMD     C_r = 0x015   at time  131695345 ps
inst0 ch0:  C_CMD: RDCMD     C_f = 0x008   at time  131695759 ps
inst0 ch0:  C_CMD: RDCMD     C_r = 0x015   at time  131698657 ps
inst0 ch0:  C_CMD: RDCMD     C_f = 0x00a   at time  131699071 ps
inst0 ch0:  C_CMD: RDCMD     C_r = 0x015   at time  131701969 ps
inst0 ch0:  C_CMD: RDCMD     C_f = 0x000   at time  131702383 ps
inst0 ch0:  C_CMD: RDCMD     C_r = 0x01d   at time  131705281 ps
inst0 ch0:  C_CMD: RDCMD     C_f = 0x002   at time  131705695 ps
inst0 ch0:  R_CMD: ACTCMD    R_r0= 0x0a    at time  131773177 ps
inst0 ch0:  R_CMD: ACTCMD    R_f0= 0x08    at time  131773591 ps
inst0 ch0:  R_CMD: ACTCMD    R_r1= 0x00    at time  131774005 ps
inst0 ch0:  R_CMD: ACTCMD    R_f1= 0x00    at time  131774419 ps
inst0 ch0:  C_CMD: RDCMD     C_r = 0x015   at time  131788081 ps
inst0 ch0:  C_CMD: RDCMD     C_f = 0x098   at time  131788495 ps
inst0 ch0:  C_CMD: RDCMD     C_r = 0x015   at time  131791393 ps
inst0 ch0:  C_CMD: RDCMD     C_f = 0x09a   at time  131791807 ps
inst0 ch0:  C_CMD: RDCMD     C_r = 0x015   at time  131794705 ps
inst0 ch0:  C_CMD: RDCMD     C_f = 0x090   at time  131795119 ps
inst0 ch0:  C_CMD: RDCMD     C_r = 0x015   at time  131798017 ps
inst0 ch0:  C_CMD: RDCMD     C_f = 0x092   at time  131798431 ps
inst0 ch0:  C_CMD: RDCMD     C_r = 0x015   at time  131801329 ps
inst0 ch0:  C_CMD: RDCMD     C_f = 0x088   at time  131801743 ps
inst0 ch0:  C_CMD: RDCMD     C_r = 0x015   at time  131804641 ps
inst0 ch0:  C_CMD: RDCMD     C_f = 0x08a   at time  131805055 ps
inst0 ch0:  C_CMD: RDCMD     C_r = 0x015   at time  131807953 ps
inst0 ch0:  C_CMD: RDCMD     C_f = 0x080   at time  131808367 ps
inst0 ch0:  C_CMD: RDCMD     C_r = 0x01d   at time  131811265 ps
inst0 ch0:  C_CMD: RDCMD     C_f = 0x082   at time  131811679 ps
inst0 ch0:  R_CMD: ACTCMD    R_r0= 0x02    at time  133964893 ps
inst0 ch0:  R_CMD: ACTCMD    R_f0= 0x13    at time  133965307 ps
inst0 ch0:  R_CMD: ACTCMD    R_r1= 0x3f    at time  133965721 ps
inst0 ch0:  R_CMD: ACTCMD    R_f1= 0x3b    at time  133966135 ps
inst0 ch0:  R_CMD: ACTCMD    R_r0= 0x02    at time  133966549 ps
inst0 ch0:  R_CMD: ACTCMD    R_f0= 0x1b    at time  133966963 ps
inst0 ch0:  R_CMD: ACTCMD    R_r1= 0x3f    at time  133967377 ps
inst0 ch0:  R_CMD: ACTCMD    R_f1= 0x3b    at time  133967791 ps
inst0 ch0:  C_CMD: RDCMD     C_r = 0x005   at time  133979797 ps
inst0 ch0:  C_CMD: RDCMD     C_f = 0x000   at time  133980211 ps
inst0 ch0:  C_CMD: RDCMD     C_r = 0x005   at time  133981453 ps
inst0 ch0:  C_CMD: RDCMD     C_f = 0x080   at time  133981867 ps
inst0 ch0:  C_CMD: RDCMD     C_r = 0x00d   at time  133983109 ps
inst0 ch0:  C_CMD: RDCMD     C_f = 0x002   at time  133983523 ps
inst0 ch0:  C_CMD: RDCMD     C_r = 0x00d   at time  133984765 ps
inst0 ch0:  C_CMD: RDCMD     C_f = 0x082   at time  133985179 ps
inst0 ch0:  R_CMD: ACTCMD    R_r0= 0x02    at time  134035273 ps
inst0 ch0:  R_CMD: ACTCMD    R_f0= 0x13    at time  134035687 ps
inst0 ch0:  R_CMD: ACTCMD    R_r1= 0x3f    at time  134036101 ps
inst0 ch0:  R_CMD: ACTCMD    R_f1= 0x3b    at time  134036515 ps
inst0 ch0:  R_CMD: ACTCMD    R_r0= 0x02    at time  134037757 ps
inst0 ch0:  R_CMD: ACTCMD    R_f0= 0x1b    at time  134038171 ps
inst0 ch0:  R_CMD: ACTCMD    R_r1= 0x3f    at time  134038585 ps
inst0 ch0:  R_CMD: ACTCMD    R_f1= 0x3b    at time  134038999 ps
inst0 ch0:  C_CMD: WRCMD     C_r = 0x001   at time  134046037 ps
inst0 ch0:  C_CMD: WRCMD     C_f = 0x000   at time  134046451 ps
inst0 ch0:  C_CMD: WRCMD     C_r = 0x001   at time  134048521 ps
inst0 ch0:  C_CMD: WRCMD     C_f = 0x080   at time  134048935 ps
inst0 ch0:  C_CMD: WRCMD     C_r = 0x009   at time  134049349 ps
inst0 ch0:  C_CMD: WRCMD     C_f = 0x002   at time  134049763 ps
inst0 ch0:  C_CMD: WRCMD     C_r = 0x009   at time  134051833 ps
inst0 ch0:  C_CMD: WRCMD     C_f = 0x082   at time  134052247 ps
inst0 ch0:  R_CMD: ACTCMD    R_r0= 0x0a    at time  138289537 ps
inst0 ch0:  R_CMD: ACTCMD    R_f0= 0x13    at time  138289951 ps
inst0 ch0:  R_CMD: ACTCMD    R_r1= 0x3f    at time  138290365 ps
inst0 ch0:  R_CMD: ACTCMD    R_f1= 0x3b    at time  138290779 ps
inst0 ch0:  R_CMD: ACTCMD    R_r0= 0x0a    at time  138292021 ps
inst0 ch0:  R_CMD: ACTCMD    R_f0= 0x1b    at time  138292435 ps
inst0 ch0:  R_CMD: ACTCMD    R_r1= 0x3f    at time  138292849 ps
inst0 ch0:  R_CMD: ACTCMD    R_f1= 0x3b    at time  138293263 ps
inst0 ch0:  C_CMD: RDCMD     C_r = 0x015   at time  138304441 ps
inst0 ch0:  C_CMD: RDCMD     C_f = 0x010   at time  138304855 ps
inst0 ch0:  C_CMD: RDCMD     C_r = 0x015   at time  138306925 ps
inst0 ch0:  C_CMD: RDCMD     C_f = 0x090   at time  138307339 ps
inst0 ch0:  C_CMD: RDCMD     C_r = 0x01d   at time  138307753 ps
inst0 ch0:  C_CMD: RDCMD     C_f = 0x012   at time  138308167 ps
inst0 ch0:  C_CMD: RDCMD     C_r = 0x01d   at time  138310237 ps
inst0 ch0:  C_CMD: RDCMD     C_f = 0x092   at time  138310651 ps
inst0 ch0:  R_CMD: ACTCMD    R_r0= 0x0a    at time  138391381 ps
inst0 ch0:  R_CMD: ACTCMD    R_f0= 0x13    at time  138391795 ps
inst0 ch0:  R_CMD: ACTCMD    R_r1= 0x3f    at time  138392209 ps
inst0 ch0:  R_CMD: ACTCMD    R_f1= 0x3b    at time  138392623 ps
inst0 ch0:  R_CMD: ACTCMD    R_r0= 0x0a    at time  138393037 ps
inst0 ch0:  R_CMD: ACTCMD    R_f0= 0x1b    at time  138393451 ps
inst0 ch0:  R_CMD: ACTCMD    R_r1= 0x3f    at time  138393865 ps
inst0 ch0:  R_CMD: ACTCMD    R_f1= 0x3b    at time  138394279 ps
inst0 ch0:  C_CMD: WRCMD     C_r = 0x011   at time  138402145 ps
inst0 ch0:  C_CMD: WRCMD     C_f = 0x010   at time  138402559 ps
inst0 ch0:  C_CMD: WRCMD     C_r = 0x011   at time  138403801 ps
inst0 ch0:  C_CMD: WRCMD     C_f = 0x090   at time  138404215 ps
inst0 ch0:  C_CMD: WRCMD     C_r = 0x019   at time  138405457 ps
inst0 ch0:  C_CMD: WRCMD     C_f = 0x012   at time  138405871 ps
inst0 ch0:  C_CMD: WRCMD     C_r = 0x019   at time  138407113 ps
inst0 ch0:  C_CMD: WRCMD     C_f = 0x092   at time  138407527 ps
inst0 ch0:  R_CMD: ACTCMD    R_r0= 0x0a    at time  142360813 ps
inst0 ch0:  R_CMD: ACTCMD    R_f0= 0x00    at time  142361227 ps
inst0 ch0:  R_CMD: ACTCMD    R_r1= 0x00    at time  142361641 ps
inst0 ch0:  R_CMD: ACTCMD    R_f1= 0x00    at time  142362055 ps
inst0 ch0:  R_CMD: ACTCMD    R_r0= 0x0a    at time  142363297 ps
inst0 ch0:  R_CMD: ACTCMD    R_f0= 0x08    at time  142363711 ps
inst0 ch0:  R_CMD: ACTCMD    R_r1= 0x00    at time  142364125 ps
inst0 ch0:  R_CMD: ACTCMD    R_f1= 0x00    at time  142364539 ps
inst0 ch0:  C_CMD: RDCMD     C_r = 0x015   at time  142375717 ps
inst0 ch0:  C_CMD: RDCMD     C_f = 0x028   at time  142376131 ps
inst0 ch0:  C_CMD: RDCMD     C_r = 0x015   at time  142378201 ps
inst0 ch0:  C_CMD: RDCMD     C_f = 0x0a8   at time  142378615 ps
inst0 ch0:  C_CMD: RDCMD     C_r = 0x015   at time  142379029 ps
inst0 ch0:  C_CMD: RDCMD     C_f = 0x02a   at time  142379443 ps
inst0 ch0:  C_CMD: RDCMD     C_r = 0x015   at time  142381513 ps
inst0 ch0:  C_CMD: RDCMD     C_f = 0x0aa   at time  142381927 ps
inst0 ch0:  C_CMD: RDCMD     C_r = 0x015   at time  142382341 ps
inst0 ch0:  C_CMD: RDCMD     C_f = 0x020   at time  142382755 ps
inst0 ch0:  C_CMD: RDCMD     C_r = 0x015   at time  142384825 ps
inst0 ch0:  C_CMD: RDCMD     C_f = 0x0a0   at time  142385239 ps
inst0 ch0:  C_CMD: RDCMD     C_r = 0x01d   at time  142385653 ps
inst0 ch0:  C_CMD: RDCMD     C_f = 0x022   at time  142386067 ps
inst0 ch0:  C_CMD: RDCMD     C_r = 0x01d   at time  142388137 ps
inst0 ch0:  C_CMD: RDCMD     C_f = 0x0a2   at time  142388551 ps
inst0 ch0:  R_CMD: ACTCMD    R_r0= 0x0a    at time  142431193 ps
inst0 ch0:  R_CMD: ACTCMD    R_f0= 0x00    at time  142431607 ps
inst0 ch0:  R_CMD: ACTCMD    R_r1= 0x00    at time  142432021 ps
inst0 ch0:  R_CMD: ACTCMD    R_f1= 0x00    at time  142432435 ps
inst0 ch0:  R_CMD: ACTCMD    R_r0= 0x0a    at time  142433677 ps
inst0 ch0:  R_CMD: ACTCMD    R_f0= 0x08    at time  142434091 ps
inst0 ch0:  R_CMD: ACTCMD    R_r1= 0x00    at time  142434505 ps
inst0 ch0:  R_CMD: ACTCMD    R_f1= 0x00    at time  142434919 ps
inst0 ch0:  C_CMD: WRCMD     C_r = 0x011   at time  142441957 ps
inst0 ch0:  C_CMD: WRCMD     C_f = 0x028   at time  142442371 ps
inst0 ch0:  C_CMD: WRCMD     C_r = 0x011   at time  142444441 ps
inst0 ch0:  C_CMD: WRCMD     C_f = 0x0a8   at time  142444855 ps
inst0 ch0:  C_CMD: WRCMD     C_r = 0x011   at time  142445269 ps
inst0 ch0:  C_CMD: WRCMD     C_f = 0x02a   at time  142445683 ps
inst0 ch0:  C_CMD: WRCMD     C_r = 0x011   at time  142447753 ps
inst0 ch0:  C_CMD: WRCMD     C_f = 0x0aa   at time  142448167 ps
inst0 ch0:  C_CMD: WRCMD     C_r = 0x011   at time  142448581 ps
inst0 ch0:  C_CMD: WRCMD     C_f = 0x020   at time  142448995 ps
inst0 ch0:  C_CMD: WRCMD     C_r = 0x011   at time  142451065 ps
inst0 ch0:  C_CMD: WRCMD     C_f = 0x0a0   at time  142451479 ps
inst0 ch0:  C_CMD: WRCMD     C_r = 0x019   at time  142451893 ps
inst0 ch0:  C_CMD: WRCMD     C_f = 0x022   at time  142452307 ps
inst0 ch0:  C_CMD: WRCMD     C_r = 0x019   at time  142454377 ps
inst0 ch0:  C_CMD: WRCMD     C_f = 0x0a2   at time  142454791 ps
inst0 ch0:  R_CMD: ACTCMD    R_r0= 0x02    at time  146178721 ps
inst0 ch0:  R_CMD: ACTCMD    R_f0= 0x10    at time  146179135 ps
inst0 ch0:  R_CMD: ACTCMD    R_r1= 0x3f    at time  146179549 ps
inst0 ch0:  R_CMD: ACTCMD    R_f1= 0x3b    at time  146179963 ps
inst0 ch0:  R_CMD: ACTCMD    R_r0= 0x02    at time  146180377 ps
inst0 ch0:  R_CMD: ACTCMD    R_f0= 0x18    at time  146180791 ps
inst0 ch0:  R_CMD: ACTCMD    R_r1= 0x3f    at time  146181205 ps
inst0 ch0:  R_CMD: ACTCMD    R_f1= 0x3b    at time  146181619 ps
inst0 ch0:  C_CMD: RDCMD     C_r = 0x005   at time  146193625 ps
inst0 ch0:  C_CMD: RDCMD     C_f = 0x078   at time  146194039 ps
inst0 ch0:  C_CMD: RDCMD     C_r = 0x005   at time  146195281 ps
inst0 ch0:  C_CMD: RDCMD     C_f = 0x0f8   at time  146195695 ps
inst0 ch0:  C_CMD: RDCMD     C_r = 0x00d   at time  146196937 ps
inst0 ch0:  C_CMD: RDCMD     C_f = 0x07a   at time  146197351 ps
inst0 ch0:  C_CMD: RDCMD     C_r = 0x00d   at time  146198593 ps
inst0 ch0:  C_CMD: RDCMD     C_f = 0x0fa   at time  146199007 ps
inst0 ch0:  R_CMD: ACTCMD    R_r0= 0x02    at time  146225917 ps
inst0 ch0:  R_CMD: ACTCMD    R_f0= 0x11    at time  146226331 ps
inst0 ch0:  R_CMD: ACTCMD    R_r1= 0x3f    at time  146226745 ps
inst0 ch0:  R_CMD: ACTCMD    R_f1= 0x3b    at time  146227159 ps
inst0 ch0:  R_CMD: ACTCMD    R_r0= 0x02    at time  146227573 ps
inst0 ch0:  R_CMD: ACTCMD    R_f0= 0x19    at time  146227987 ps
inst0 ch0:  R_CMD: ACTCMD    R_r1= 0x3f    at time  146228401 ps
inst0 ch0:  R_CMD: ACTCMD    R_f1= 0x3b    at time  146228815 ps
inst0 ch0:  C_CMD: RDCMD     C_r = 0x005   at time  146240821 ps
inst0 ch0:  C_CMD: RDCMD     C_f = 0x078   at time  146241235 ps
inst0 ch0:  C_CMD: RDCMD     C_r = 0x005   at time  146242477 ps
inst0 ch0:  C_CMD: RDCMD     C_f = 0x0f8   at time  146242891 ps
inst0 ch0:  C_CMD: RDCMD     C_r = 0x00d   at time  146244133 ps
inst0 ch0:  C_CMD: RDCMD     C_f = 0x07a   at time  146244547 ps
inst0 ch0:  C_CMD: RDCMD     C_r = 0x00d   at time  146245789 ps
inst0 ch0:  C_CMD: RDCMD     C_f = 0x0fa   at time  146246203 ps
inst0 ch0:  R_CMD: ACTCMD    R_r0= 0x02    at time  146273113 ps
inst0 ch0:  R_CMD: ACTCMD    R_f0= 0x10    at time  146273527 ps
inst0 ch0:  R_CMD: ACTCMD    R_r1= 0x3f    at time  146273941 ps
inst0 ch0:  R_CMD: ACTCMD    R_f1= 0x3b    at time  146274355 ps
inst0 ch0:  R_CMD: ACTCMD    R_r0= 0x02    at time  146274769 ps
inst0 ch0:  R_CMD: ACTCMD    R_f0= 0x18    at time  146275183 ps
inst0 ch0:  R_CMD: ACTCMD    R_r1= 0x3f    at time  146275597 ps
inst0 ch0:  R_CMD: ACTCMD    R_f1= 0x3b    at time  146276011 ps
inst0 ch0:  C_CMD: WRCMD     C_r = 0x001   at time  146283877 ps
inst0 ch0:  C_CMD: WRCMD     C_f = 0x078   at time  146284291 ps
inst0 ch0:  C_CMD: WRCMD     C_r = 0x001   at time  146285533 ps
inst0 ch0:  C_CMD: WRCMD     C_f = 0x0f8   at time  146285947 ps
inst0 ch0:  C_CMD: WRCMD     C_r = 0x009   at time  146287189 ps
inst0 ch0:  C_CMD: WRCMD     C_f = 0x07a   at time  146287603 ps
inst0 ch0:  C_CMD: WRCMD     C_r = 0x009   at time  146288845 ps
inst0 ch0:  C_CMD: WRCMD     C_f = 0x0fa   at time  146289259 ps
inst0 ch0:  R_CMD: ACTCMD    R_r0= 0x02    at time  146325277 ps
inst0 ch0:  R_CMD: ACTCMD    R_f0= 0x11    at time  146325691 ps
inst0 ch0:  R_CMD: ACTCMD    R_r1= 0x3f    at time  146326105 ps
inst0 ch0:  R_CMD: ACTCMD    R_f1= 0x3b    at time  146326519 ps
inst0 ch0:  R_CMD: ACTCMD    R_r0= 0x02    at time  146326933 ps
inst0 ch0:  R_CMD: ACTCMD    R_f0= 0x19    at time  146327347 ps
inst0 ch0:  R_CMD: ACTCMD    R_r1= 0x3f    at time  146327761 ps
inst0 ch0:  R_CMD: ACTCMD    R_f1= 0x3b    at time  146328175 ps
inst0 ch0:  C_CMD: WRCMD     C_r = 0x001   at time  146336041 ps
inst0 ch0:  C_CMD: WRCMD     C_f = 0x078   at time  146336455 ps
inst0 ch0:  C_CMD: WRCMD     C_r = 0x001   at time  146337697 ps
inst0 ch0:  C_CMD: WRCMD     C_f = 0x0f8   at time  146338111 ps
inst0 ch0:  C_CMD: WRCMD     C_r = 0x009   at time  146339353 ps
inst0 ch0:  C_CMD: WRCMD     C_f = 0x07a   at time  146339767 ps
inst0 ch0:  C_CMD: WRCMD     C_r = 0x009   at time  146341009 ps
inst0 ch0:  C_CMD: WRCMD     C_f = 0x0fa   at time  146341423 ps
inst0 ch0:  R_CMD: ACTCMD    R_r0= 0x0a    at time  146474317 ps
inst0 ch0:  R_CMD: ACTCMD    R_f0= 0x10    at time  146474731 ps
inst0 ch0:  R_CMD: ACTCMD    R_r1= 0x3f    at time  146475145 ps
inst0 ch0:  R_CMD: ACTCMD    R_f1= 0x3b    at time  146475559 ps
inst0 ch0:  R_CMD: ACTCMD    R_r0= 0x0a    at time  146475973 ps
inst0 ch0:  R_CMD: ACTCMD    R_f0= 0x18    at time  146476387 ps
inst0 ch0:  R_CMD: ACTCMD    R_r1= 0x3f    at time  146476801 ps
inst0 ch0:  R_CMD: ACTCMD    R_f1= 0x3b    at time  146477215 ps
inst0 ch0:  C_CMD: RDCMD     C_r = 0x015   at time  146489221 ps
inst0 ch0:  C_CMD: RDCMD     C_f = 0x078   at time  146489635 ps
inst0 ch0:  C_CMD: RDCMD     C_r = 0x015   at time  146490877 ps
inst0 ch0:  C_CMD: RDCMD     C_f = 0x0f8   at time  146491291 ps
inst0 ch0:  C_CMD: RDCMD     C_r = 0x01d   at time  146492533 ps
inst0 ch0:  C_CMD: RDCMD     C_f = 0x07a   at time  146492947 ps
inst0 ch0:  C_CMD: RDCMD     C_r = 0x01d   at time  146494189 ps
inst0 ch0:  C_CMD: RDCMD     C_f = 0x0fa   at time  146494603 ps
inst0 ch0:  R_CMD: ACTCMD    R_r0= 0x0a    at time  146521513 ps
inst0 ch0:  R_CMD: ACTCMD    R_f0= 0x00    at time  146521927 ps
inst0 ch0:  R_CMD: ACTCMD    R_r1= 0x00    at time  146522341 ps
inst0 ch0:  R_CMD: ACTCMD    R_f1= 0x00    at time  146522755 ps
inst0 ch0:  R_CMD: ACTCMD    R_r0= 0x0a    at time  146523169 ps
inst0 ch0:  R_CMD: ACTCMD    R_f0= 0x08    at time  146523583 ps
inst0 ch0:  R_CMD: ACTCMD    R_r1= 0x00    at time  146523997 ps
inst0 ch0:  R_CMD: ACTCMD    R_f1= 0x00    at time  146524411 ps
inst0 ch0:  C_CMD: RDCMD     C_r = 0x015   at time  146536417 ps
inst0 ch0:  C_CMD: RDCMD     C_f = 0x038   at time  146536831 ps
inst0 ch0:  C_CMD: RDCMD     C_r = 0x015   at time  146538073 ps
inst0 ch0:  C_CMD: RDCMD     C_f = 0x0b8   at time  146538487 ps
inst0 ch0:  C_CMD: RDCMD     C_r = 0x015   at time  146539729 ps
inst0 ch0:  C_CMD: RDCMD     C_f = 0x03a   at time  146540143 ps
inst0 ch0:  C_CMD: RDCMD     C_r = 0x015   at time  146541385 ps
inst0 ch0:  C_CMD: RDCMD     C_f = 0x0ba   at time  146541799 ps
inst0 ch0:  C_CMD: RDCMD     C_r = 0x015   at time  146543041 ps
inst0 ch0:  C_CMD: RDCMD     C_f = 0x030   at time  146543455 ps
inst0 ch0:  C_CMD: RDCMD     C_r = 0x015   at time  146544697 ps
inst0 ch0:  C_CMD: RDCMD     C_f = 0x0b0   at time  146545111 ps
inst0 ch0:  C_CMD: RDCMD     C_r = 0x01d   at time  146546353 ps
inst0 ch0:  C_CMD: RDCMD     C_f = 0x032   at time  146546767 ps
inst0 ch0:  C_CMD: RDCMD     C_r = 0x01d   at time  146548009 ps
inst0 ch0:  C_CMD: RDCMD     C_f = 0x0b2   at time  146548423 ps
inst0 ch0:  R_CMD: ACTCMD    R_r0= 0x0a    at time  146568709 ps
inst0 ch0:  R_CMD: ACTCMD    R_f0= 0x11    at time  146569123 ps
inst0 ch0:  R_CMD: ACTCMD    R_r1= 0x3f    at time  146569537 ps
inst0 ch0:  R_CMD: ACTCMD    R_f1= 0x3b    at time  146569951 ps
inst0 ch0:  R_CMD: ACTCMD    R_r0= 0x0a    at time  146570365 ps
inst0 ch0:  R_CMD: ACTCMD    R_f0= 0x19    at time  146570779 ps
inst0 ch0:  R_CMD: ACTCMD    R_r1= 0x3f    at time  146571193 ps
inst0 ch0:  R_CMD: ACTCMD    R_f1= 0x3b    at time  146571607 ps
inst0 ch0:  C_CMD: RDCMD     C_r = 0x015   at time  146583613 ps
inst0 ch0:  C_CMD: RDCMD     C_f = 0x078   at time  146584027 ps
inst0 ch0:  C_CMD: RDCMD     C_r = 0x015   at time  146585269 ps
inst0 ch0:  C_CMD: RDCMD     C_f = 0x0f8   at time  146585683 ps
inst0 ch0:  C_CMD: RDCMD     C_r = 0x01d   at time  146586925 ps
inst0 ch0:  C_CMD: RDCMD     C_f = 0x07a   at time  146587339 ps
inst0 ch0:  C_CMD: RDCMD     C_r = 0x01d   at time  146588581 ps
inst0 ch0:  C_CMD: RDCMD     C_f = 0x0fa   at time  146588995 ps
inst0 ch0:  R_CMD: ACTCMD    R_r0= 0x0a    at time  146615905 ps
inst0 ch0:  R_CMD: ACTCMD    R_f0= 0x10    at time  146616319 ps
inst0 ch0:  R_CMD: ACTCMD    R_r1= 0x3f    at time  146616733 ps
inst0 ch0:  R_CMD: ACTCMD    R_f1= 0x3b    at time  146617147 ps
inst0 ch0:  R_CMD: ACTCMD    R_r0= 0x0a    at time  146617561 ps
inst0 ch0:  R_CMD: ACTCMD    R_f0= 0x18    at time  146617975 ps
inst0 ch0:  R_CMD: ACTCMD    R_r1= 0x3f    at time  146618389 ps
inst0 ch0:  R_CMD: ACTCMD    R_f1= 0x3b    at time  146618803 ps
inst0 ch0:  C_CMD: WRCMD     C_r = 0x011   at time  146626669 ps
inst0 ch0:  C_CMD: WRCMD     C_f = 0x078   at time  146627083 ps
inst0 ch0:  C_CMD: WRCMD     C_r = 0x011   at time  146628325 ps
inst0 ch0:  C_CMD: WRCMD     C_f = 0x0f8   at time  146628739 ps
inst0 ch0:  C_CMD: WRCMD     C_r = 0x019   at time  146629981 ps
inst0 ch0:  C_CMD: WRCMD     C_f = 0x07a   at time  146630395 ps
inst0 ch0:  C_CMD: WRCMD     C_r = 0x019   at time  146631637 ps
inst0 ch0:  C_CMD: WRCMD     C_f = 0x0fa   at time  146632051 ps
inst0 ch0:  R_CMD: ACTCMD    R_r0= 0x0a    at time  146668069 ps
inst0 ch0:  R_CMD: ACTCMD    R_f0= 0x00    at time  146668483 ps
inst0 ch0:  R_CMD: ACTCMD    R_r1= 0x00    at time  146668897 ps
inst0 ch0:  R_CMD: ACTCMD    R_f1= 0x00    at time  146669311 ps
inst0 ch0:  R_CMD: ACTCMD    R_r0= 0x0a    at time  146669725 ps
inst0 ch0:  R_CMD: ACTCMD    R_f0= 0x08    at time  146670139 ps
inst0 ch0:  R_CMD: ACTCMD    R_r1= 0x00    at time  146670553 ps
inst0 ch0:  R_CMD: ACTCMD    R_f1= 0x00    at time  146670967 ps
inst0 ch0:  C_CMD: WRCMD     C_r = 0x011   at time  146678833 ps
inst0 ch0:  C_CMD: WRCMD     C_f = 0x038   at time  146679247 ps
inst0 ch0:  C_CMD: WRCMD     C_r = 0x011   at time  146680489 ps
inst0 ch0:  C_CMD: WRCMD     C_f = 0x0b8   at time  146680903 ps
inst0 ch0:  C_CMD: WRCMD     C_r = 0x011   at time  146682145 ps
inst0 ch0:  C_CMD: WRCMD     C_f = 0x03a   at time  146682559 ps
inst0 ch0:  C_CMD: WRCMD     C_r = 0x011   at time  146683801 ps
inst0 ch0:  C_CMD: WRCMD     C_f = 0x0ba   at time  146684215 ps
inst0 ch0:  C_CMD: WRCMD     C_r = 0x011   at time  146685457 ps
inst0 ch0:  C_CMD: WRCMD     C_f = 0x030   at time  146685871 ps
inst0 ch0:  C_CMD: WRCMD     C_r = 0x011   at time  146687113 ps
inst0 ch0:  C_CMD: WRCMD     C_f = 0x0b0   at time  146687527 ps
inst0 ch0:  C_CMD: WRCMD     C_r = 0x019   at time  146688769 ps
inst0 ch0:  C_CMD: WRCMD     C_f = 0x032   at time  146689183 ps
inst0 ch0:  C_CMD: WRCMD     C_r = 0x019   at time  146690425 ps
inst0 ch0:  C_CMD: WRCMD     C_f = 0x0b2   at time  146690839 ps
inst0 ch0:  R_CMD: ACTCMD    R_r0= 0x0a    at time  146726857 ps
inst0 ch0:  R_CMD: ACTCMD    R_f0= 0x11    at time  146727271 ps
inst0 ch0:  R_CMD: ACTCMD    R_r1= 0x3f    at time  146727685 ps
inst0 ch0:  R_CMD: ACTCMD    R_f1= 0x3b    at time  146728099 ps
inst0 ch0:  R_CMD: ACTCMD    R_r0= 0x0a    at time  146728513 ps
inst0 ch0:  R_CMD: ACTCMD    R_f0= 0x19    at time  146728927 ps
inst0 ch0:  R_CMD: ACTCMD    R_r1= 0x3f    at time  146729341 ps
inst0 ch0:  R_CMD: ACTCMD    R_f1= 0x3b    at time  146729755 ps
inst0 ch0:  C_CMD: WRCMD     C_r = 0x011   at time  146737621 ps
inst0 ch0:  C_CMD: WRCMD     C_f = 0x078   at time  146738035 ps
inst0 ch0:  C_CMD: WRCMD     C_r = 0x011   at time  146739277 ps
inst0 ch0:  C_CMD: WRCMD     C_f = 0x0f8   at time  146739691 ps
inst0 ch0:  C_CMD: WRCMD     C_r = 0x019   at time  146740933 ps
inst0 ch0:  C_CMD: WRCMD     C_f = 0x07a   at time  146741347 ps
inst0 ch0:  C_CMD: WRCMD     C_r = 0x019   at time  146742589 ps
inst0 ch0:  C_CMD: WRCMD     C_f = 0x0fa   at time  146743003 ps
inst0 ch0:  R_CMD: ACTCMD    R_r0= 0x02    at time  147196333 ps
inst0 ch0:  R_CMD: ACTCMD    R_f0= 0x30    at time  147196747 ps
inst0 ch0:  R_CMD: ACTCMD    R_r1= 0x3f    at time  147197161 ps
inst0 ch0:  R_CMD: ACTCMD    R_f1= 0x3b    at time  147197575 ps
inst0 ch0:  R_CMD: ACTCMD    R_r0= 0x02    at time  147197989 ps
inst0 ch0:  R_CMD: ACTCMD    R_f0= 0x38    at time  147198403 ps
inst0 ch0:  R_CMD: ACTCMD    R_r1= 0x3f    at time  147198817 ps
inst0 ch0:  R_CMD: ACTCMD    R_f1= 0x3b    at time  147199231 ps
inst0 ch0:  C_CMD: RDCMD     C_r = 0x085   at time  147211237 ps
inst0 ch0:  C_CMD: RDCMD     C_f = 0x078   at time  147211651 ps
inst0 ch0:  C_CMD: RDCMD     C_r = 0x085   at time  147212893 ps
inst0 ch0:  C_CMD: RDCMD     C_f = 0x0f8   at time  147213307 ps
inst0 ch0:  C_CMD: RDCMD     C_r = 0x08d   at time  147214549 ps
inst0 ch0:  C_CMD: RDCMD     C_f = 0x07a   at time  147214963 ps
inst0 ch0:  C_CMD: RDCMD     C_r = 0x08d   at time  147216205 ps
inst0 ch0:  C_CMD: RDCMD     C_f = 0x0fa   at time  147216619 ps
inst0 ch0:  R_CMD: ACTCMD    R_r0= 0x02    at time  147268369 ps
inst0 ch0:  R_CMD: ACTCMD    R_f0= 0x38    at time  147268783 ps
inst0 ch0:  R_CMD: ACTCMD    R_r1= 0x3f    at time  147269197 ps
inst0 ch0:  R_CMD: ACTCMD    R_f1= 0x3b    at time  147269611 ps
inst0 ch0:  R_CMD: ACTCMD    R_r0= 0x02    at time  147270025 ps
inst0 ch0:  R_CMD: ACTCMD    R_f0= 0x30    at time  147270439 ps
inst0 ch0:  R_CMD: ACTCMD    R_r1= 0x3f    at time  147270853 ps
inst0 ch0:  R_CMD: ACTCMD    R_f1= 0x3b    at time  147271267 ps
inst0 ch0:  C_CMD: WRCMD     C_r = 0x081   at time  147279133 ps
inst0 ch0:  C_CMD: WRCMD     C_f = 0x0f8   at time  147279547 ps
inst0 ch0:  C_CMD: WRCMD     C_r = 0x081   at time  147280789 ps
inst0 ch0:  C_CMD: WRCMD     C_f = 0x078   at time  147281203 ps
inst0 ch0:  C_CMD: WRCMD     C_r = 0x089   at time  147282445 ps
inst0 ch0:  C_CMD: WRCMD     C_f = 0x0fa   at time  147282859 ps
inst0 ch0:  C_CMD: WRCMD     C_r = 0x089   at time  147284101 ps
inst0 ch0:  C_CMD: WRCMD     C_f = 0x07a   at time  147284515 ps
inst0 ch0:  R_CMD: ACTCMD    R_r0= 0x0a    at time  147450529 ps
inst0 ch0:  R_CMD: ACTCMD    R_f0= 0x38    at time  147450943 ps
inst0 ch0:  R_CMD: ACTCMD    R_r1= 0x3f    at time  147451357 ps
inst0 ch0:  R_CMD: ACTCMD    R_f1= 0x3b    at time  147451771 ps
inst0 ch0:  R_CMD: ACTCMD    R_r0= 0x0a    at time  147453013 ps
inst0 ch0:  R_CMD: ACTCMD    R_f0= 0x30    at time  147453427 ps
inst0 ch0:  R_CMD: ACTCMD    R_r1= 0x3f    at time  147453841 ps
inst0 ch0:  R_CMD: ACTCMD    R_f1= 0x3b    at time  147454255 ps
inst0 ch0:  C_CMD: RDCMD     C_r = 0x095   at time  147465433 ps
inst0 ch0:  C_CMD: RDCMD     C_f = 0x0f8   at time  147465847 ps
inst0 ch0:  C_CMD: RDCMD     C_r = 0x095   at time  147467917 ps
inst0 ch0:  C_CMD: RDCMD     C_f = 0x078   at time  147468331 ps
inst0 ch0:  C_CMD: RDCMD     C_r = 0x09d   at time  147468745 ps
inst0 ch0:  C_CMD: RDCMD     C_f = 0x0fa   at time  147469159 ps
inst0 ch0:  C_CMD: RDCMD     C_r = 0x09d   at time  147471229 ps
inst0 ch0:  C_CMD: RDCMD     C_f = 0x07a   at time  147471643 ps
inst0 ch0:  R_CMD: ACTCMD    R_r0= 0x0a    at time  147772621 ps
inst0 ch0:  R_CMD: ACTCMD    R_f0= 0x38    at time  147773035 ps
inst0 ch0:  R_CMD: ACTCMD    R_r1= 0x3f    at time  147773449 ps
inst0 ch0:  R_CMD: ACTCMD    R_f1= 0x3b    at time  147773863 ps
inst0 ch0:  R_CMD: ACTCMD    R_r0= 0x0a    at time  147775105 ps
inst0 ch0:  R_CMD: ACTCMD    R_f0= 0x30    at time  147775519 ps
inst0 ch0:  R_CMD: ACTCMD    R_r1= 0x3f    at time  147775933 ps
inst0 ch0:  R_CMD: ACTCMD    R_f1= 0x3b    at time  147776347 ps
inst0 ch0:  C_CMD: WRCMD     C_r = 0x091   at time  147783385 ps
inst0 ch0:  C_CMD: WRCMD     C_f = 0x0f8   at time  147783799 ps
inst0 ch0:  C_CMD: WRCMD     C_r = 0x091   at time  147785869 ps
inst0 ch0:  C_CMD: WRCMD     C_f = 0x078   at time  147786283 ps
inst0 ch0:  C_CMD: WRCMD     C_r = 0x099   at time  147786697 ps
inst0 ch0:  C_CMD: WRCMD     C_f = 0x0fa   at time  147787111 ps
inst0 ch0:  C_CMD: WRCMD     C_r = 0x099   at time  147789181 ps
inst0 ch0:  C_CMD: WRCMD     C_f = 0x07a   at time  147789595 ps
