inst0 ch0:  R_CMD: ACTCMD    R_r0= 0x0e    at time   33400981 ps
inst0 ch0:  R_CMD: ACTCMD    R_f0= 0x28    at time   33401395 ps
inst0 ch0:  R_CMD: ACTCMD    R_r1= 0x00    at time   33401809 ps
inst0 ch0:  R_CMD: ACTCMD    R_f1= 0x02    at time   33402223 ps
inst0 ch0:  R_CMD: ACTCMD    R_r0= 0x0e    at time   33402637 ps
inst0 ch0:  R_CMD: ACTCMD    R_f0= 0x20    at time   33403051 ps
inst0 ch0:  R_CMD: ACTCMD    R_r1= 0x00    at time   33403465 ps
inst0 ch0:  R_CMD: ACTCMD    R_f1= 0x02    at time   33403879 ps
inst0 ch0:  C_CMD: WRCMD     C_r = 0x091   at time   33411745 ps
inst0 ch0:  C_CMD: WRCMD     C_f = 0x0a9   at time   33412159 ps
inst0 ch0:  C_CMD: WRCMD     C_r = 0x091   at time   33413401 ps
inst0 ch0:  C_CMD: WRCMD     C_f = 0x029   at time   33413815 ps
inst0 ch0:  C_CMD: WRCMD     C_r = 0x091   at time   33415057 ps
inst0 ch0:  C_CMD: WRCMD     C_f = 0x0ab   at time   33415471 ps
inst0 ch0:  C_CMD: WRCMD     C_r = 0x091   at time   33416713 ps
inst0 ch0:  C_CMD: WRCMD     C_f = 0x02b   at time   33417127 ps
inst0 ch0:  C_CMD: WRCMD     C_r = 0x091   at time   33418369 ps
inst0 ch0:  C_CMD: WRCMD     C_f = 0x0a1   at time   33418783 ps
inst0 ch0:  C_CMD: WRCMD     C_r = 0x091   at time   33420025 ps
inst0 ch0:  C_CMD: WRCMD     C_f = 0x021   at time   33420439 ps
inst0 ch0:  C_CMD: WRCMD     C_r = 0x099   at time   33421681 ps
inst0 ch0:  C_CMD: WRCMD     C_f = 0x0a3   at time   33422095 ps
inst0 ch0:  C_CMD: WRCMD     C_r = 0x099   at time   33423337 ps
inst0 ch0:  C_CMD: WRCMD     C_f = 0x023   at time   33423751 ps
inst0 ch0:  R_CMD: ACTCMD    R_r0= 0x26    at time   37511173 ps
inst0 ch0:  R_CMD: ACTCMD    R_f0= 0x28    at time   37511587 ps
inst0 ch0:  R_CMD: ACTCMD    R_r1= 0x00    at time   37512001 ps
inst0 ch0:  R_CMD: ACTCMD    R_f1= 0x02    at time   37512415 ps
inst0 ch0:  R_CMD: ACTCMD    R_r0= 0x26    at time   37513657 ps
inst0 ch0:  R_CMD: ACTCMD    R_f0= 0x20    at time   37514071 ps
inst0 ch0:  R_CMD: ACTCMD    R_r1= 0x00    at time   37514485 ps
inst0 ch0:  R_CMD: ACTCMD    R_f1= 0x02    at time   37514899 ps
inst0 ch0:  C_CMD: WRCMD     C_r = 0x0c1   at time   37521937 ps
inst0 ch0:  C_CMD: WRCMD     C_f = 0x0a9   at time   37522351 ps
inst0 ch0:  C_CMD: WRCMD     C_r = 0x0c1   at time   37524421 ps
inst0 ch0:  C_CMD: WRCMD     C_f = 0x029   at time   37524835 ps
inst0 ch0:  C_CMD: WRCMD     C_r = 0x0c1   at time   37525249 ps
inst0 ch0:  C_CMD: WRCMD     C_f = 0x0ab   at time   37525663 ps
inst0 ch0:  C_CMD: WRCMD     C_r = 0x0c1   at time   37527733 ps
inst0 ch0:  C_CMD: WRCMD     C_f = 0x02b   at time   37528147 ps
inst0 ch0:  C_CMD: WRCMD     C_r = 0x0c1   at time   37528561 ps
inst0 ch0:  C_CMD: WRCMD     C_f = 0x0a1   at time   37528975 ps
inst0 ch0:  C_CMD: WRCMD     C_r = 0x0c1   at time   37531045 ps
inst0 ch0:  C_CMD: WRCMD     C_f = 0x021   at time   37531459 ps
inst0 ch0:  C_CMD: WRCMD     C_r = 0x0c9   at time   37531873 ps
inst0 ch0:  C_CMD: WRCMD     C_f = 0x0a3   at time   37532287 ps
inst0 ch0:  C_CMD: WRCMD     C_r = 0x0c9   at time   37534357 ps
inst0 ch0:  C_CMD: WRCMD     C_f = 0x023   at time   37534771 ps
inst0 ch0:  R_CMD: ACTCMD    R_r0= 0x22    at time   54781597 ps
inst0 ch0:  R_CMD: ACTCMD    R_f0= 0x22    at time   54782011 ps
inst0 ch0:  R_CMD: ACTCMD    R_r1= 0x00    at time   54782425 ps
inst0 ch0:  R_CMD: ACTCMD    R_f1= 0x00    at time   54782839 ps
inst0 ch0:  R_CMD: ACTCMD    R_r0= 0x22    at time   54783253 ps
inst0 ch0:  R_CMD: ACTCMD    R_f0= 0x2a    at time   54783667 ps
inst0 ch0:  R_CMD: ACTCMD    R_r1= 0x00    at time   54784081 ps
inst0 ch0:  R_CMD: ACTCMD    R_f1= 0x00    at time   54784495 ps
inst0 ch0:  R_CMD: ACTCMD    R_r0= 0x02    at time   54785737 ps
inst0 ch0:  R_CMD: ACTCMD    R_f0= 0x22    at time   54786151 ps
inst0 ch0:  R_CMD: ACTCMD    R_r1= 0x00    at time   54786565 ps
inst0 ch0:  R_CMD: ACTCMD    R_f1= 0x00    at time   54786979 ps
inst0 ch0:  R_CMD: ACTCMD    R_r0= 0x02    at time   54787393 ps
inst0 ch0:  R_CMD: ACTCMD    R_f0= 0x2a    at time   54787807 ps
inst0 ch0:  R_CMD: ACTCMD    R_r1= 0x00    at time   54788221 ps
inst0 ch0:  R_CMD: ACTCMD    R_f1= 0x00    at time   54788635 ps
inst0 ch0:  R_CMD: ACTCMD    R_r0= 0x22    at time   54789877 ps
inst0 ch0:  R_CMD: ACTCMD    R_f0= 0x02    at time   54790291 ps
inst0 ch0:  R_CMD: ACTCMD    R_r1= 0x00    at time   54790705 ps
inst0 ch0:  R_CMD: ACTCMD    R_f1= 0x00    at time   54791119 ps
inst0 ch0:  R_CMD: ACTCMD    R_r0= 0x22    at time   54791533 ps
inst0 ch0:  R_CMD: ACTCMD    R_f0= 0x0a    at time   54791947 ps
inst0 ch0:  R_CMD: ACTCMD    R_r1= 0x00    at time   54792361 ps
inst0 ch0:  R_CMD: ACTCMD    R_f1= 0x00    at time   54792775 ps
inst0 ch0:  R_CMD: ACTCMD    R_r0= 0x02    at time   54794017 ps
inst0 ch0:  R_CMD: ACTCMD    R_f0= 0x02    at time   54794431 ps
inst0 ch0:  R_CMD: ACTCMD    R_r1= 0x00    at time   54794845 ps
inst0 ch0:  R_CMD: ACTCMD    R_f1= 0x00    at time   54795259 ps
inst0 ch0:  R_CMD: ACTCMD    R_r0= 0x02    at time   54795673 ps
inst0 ch0:  R_CMD: ACTCMD    R_f0= 0x0a    at time   54796087 ps
inst0 ch0:  R_CMD: ACTCMD    R_r1= 0x00    at time   54796501 ps
inst0 ch0:  C_CMD: RDCMD     C_r = 0x0c5   at time   54796501 ps
inst0 ch0:  R_CMD: ACTCMD    R_f1= 0x00    at time   54796915 ps
inst0 ch0:  C_CMD: RDCMD     C_f = 0x000   at time   54796915 ps
inst0 ch0:  C_CMD: RDCMD     C_r = 0x0c5   at time   54798157 ps
inst0 ch0:  C_CMD: RDCMD     C_f = 0x080   at time   54798571 ps
inst0 ch0:  C_CMD: RDCMD     C_r = 0x0cd   at time   54799813 ps
inst0 ch0:  C_CMD: RDCMD     C_f = 0x002   at time   54800227 ps
inst0 ch0:  C_CMD: RDCMD     C_r = 0x085   at time   54801469 ps
inst0 ch0:  C_CMD: RDCMD     C_f = 0x000   at time   54801883 ps
inst0 ch0:  C_CMD: RDCMD     C_r = 0x0cd   at time   54802297 ps
inst0 ch0:  C_CMD: RDCMD     C_f = 0x082   at time   54802711 ps
inst0 ch0:  C_CMD: RDCMD     C_r = 0x085   at time   54803953 ps
inst0 ch0:  C_CMD: RDCMD     C_f = 0x080   at time   54804367 ps
inst0 ch0:  C_CMD: RDCMD     C_r = 0x08d   at time   54804781 ps
inst0 ch0:  C_CMD: RDCMD     C_f = 0x002   at time   54805195 ps
inst0 ch0:  C_CMD: RDCMD     C_r = 0x045   at time   54806437 ps
inst0 ch0:  C_CMD: RDCMD     C_f = 0x000   at time   54806851 ps
inst0 ch0:  C_CMD: RDCMD     C_r = 0x08d   at time   54807265 ps
inst0 ch0:  C_CMD: RDCMD     C_f = 0x082   at time   54807679 ps
inst0 ch0:  C_CMD: RDCMD     C_r = 0x005   at time   54808921 ps
inst0 ch0:  C_CMD: RDCMD     C_f = 0x000   at time   54809335 ps
inst0 ch0:  C_CMD: RDCMD     C_r = 0x045   at time   54809749 ps
inst0 ch0:  C_CMD: RDCMD     C_f = 0x080   at time   54810163 ps
inst0 ch0:  C_CMD: RDCMD     C_r = 0x04d   at time   54810577 ps
inst0 ch0:  C_CMD: RDCMD     C_f = 0x002   at time   54810991 ps
inst0 ch0:  C_CMD: RDCMD     C_r = 0x005   at time   54811405 ps
inst0 ch0:  C_CMD: RDCMD     C_f = 0x080   at time   54811819 ps
inst0 ch0:  C_CMD: RDCMD     C_r = 0x00d   at time   54812233 ps
inst0 ch0:  C_CMD: RDCMD     C_f = 0x002   at time   54812647 ps
inst0 ch0:  C_CMD: RDCMD     C_r = 0x04d   at time   54813061 ps
inst0 ch0:  C_CMD: RDCMD     C_f = 0x082   at time   54813475 ps
inst0 ch0:  C_CMD: RDCMD     C_r = 0x00d   at time   54814717 ps
inst0 ch0:  C_CMD: RDCMD     C_f = 0x082   at time   54815131 ps
inst0 ch0:  R_CMD: ACTCMD    R_r0= 0x2a    at time   55623673 ps
inst0 ch0:  R_CMD: ACTCMD    R_f0= 0x22    at time   55624087 ps
inst0 ch0:  R_CMD: ACTCMD    R_r1= 0x00    at time   55624501 ps
inst0 ch0:  R_CMD: ACTCMD    R_f1= 0x00    at time   55624915 ps
inst0 ch0:  R_CMD: ACTCMD    R_r0= 0x0a    at time   55627813 ps
inst0 ch0:  R_CMD: ACTCMD    R_f0= 0x22    at time   55628227 ps
inst0 ch0:  R_CMD: ACTCMD    R_r1= 0x00    at time   55628641 ps
inst0 ch0:  R_CMD: ACTCMD    R_f1= 0x00    at time   55629055 ps
inst0 ch0:  R_CMD: ACTCMD    R_r0= 0x2a    at time   55631953 ps
inst0 ch0:  R_CMD: ACTCMD    R_f0= 0x02    at time   55632367 ps
inst0 ch0:  R_CMD: ACTCMD    R_r1= 0x00    at time   55632781 ps
inst0 ch0:  R_CMD: ACTCMD    R_f1= 0x00    at time   55633195 ps
inst0 ch0:  R_CMD: ACTCMD    R_r0= 0x2a    at time   55634437 ps
inst0 ch0:  R_CMD: ACTCMD    R_f0= 0x2a    at time   55634851 ps
inst0 ch0:  R_CMD: ACTCMD    R_r1= 0x00    at time   55635265 ps
inst0 ch0:  R_CMD: ACTCMD    R_f1= 0x00    at time   55635679 ps
inst0 ch0:  R_CMD: ACTCMD    R_r0= 0x0a    at time   55636093 ps
inst0 ch0:  R_CMD: ACTCMD    R_f0= 0x02    at time   55636507 ps
inst0 ch0:  R_CMD: ACTCMD    R_r1= 0x00    at time   55636921 ps
inst0 ch0:  R_CMD: ACTCMD    R_f1= 0x00    at time   55637335 ps
inst0 ch0:  R_CMD: ACTCMD    R_r0= 0x0a    at time   55638577 ps
inst0 ch0:  C_CMD: RDCMD     C_r = 0x0d5   at time   55638577 ps
inst0 ch0:  R_CMD: ACTCMD    R_f0= 0x2a    at time   55638991 ps
inst0 ch0:  C_CMD: RDCMD     C_f = 0x000   at time   55638991 ps
inst0 ch0:  R_CMD: ACTCMD    R_r1= 0x00    at time   55639405 ps
inst0 ch0:  R_CMD: ACTCMD    R_f1= 0x00    at time   55639819 ps
inst0 ch0:  C_CMD: RDCMD     C_r = 0x0dd   at time   55641889 ps
inst0 ch0:  C_CMD: RDCMD     C_f = 0x002   at time   55642303 ps
inst0 ch0:  R_CMD: ACTCMD    R_r0= 0x2a    at time   55642717 ps
inst0 ch0:  R_CMD: ACTCMD    R_f0= 0x0a    at time   55643131 ps
inst0 ch0:  R_CMD: ACTCMD    R_r1= 0x00    at time   55643545 ps
inst0 ch0:  C_CMD: RDCMD     C_r = 0x095   at time   55643545 ps
inst0 ch0:  R_CMD: ACTCMD    R_f1= 0x00    at time   55643959 ps
inst0 ch0:  C_CMD: RDCMD     C_f = 0x000   at time   55643959 ps
inst0 ch0:  R_CMD: ACTCMD    R_r0= 0x0a    at time   55646857 ps
inst0 ch0:  C_CMD: RDCMD     C_r = 0x09d   at time   55646857 ps
inst0 ch0:  R_CMD: ACTCMD    R_f0= 0x0a    at time   55647271 ps
inst0 ch0:  C_CMD: RDCMD     C_f = 0x002   at time   55647271 ps
inst0 ch0:  R_CMD: ACTCMD    R_r1= 0x00    at time   55647685 ps
inst0 ch0:  R_CMD: ACTCMD    R_f1= 0x00    at time   55648099 ps
inst0 ch0:  C_CMD: RDCMD     C_r = 0x055   at time   55648513 ps
inst0 ch0:  C_CMD: RDCMD     C_f = 0x000   at time   55648927 ps
inst0 ch0:  C_CMD: RDCMD     C_r = 0x0d5   at time   55649341 ps
inst0 ch0:  C_CMD: RDCMD     C_f = 0x080   at time   55649755 ps
inst0 ch0:  C_CMD: RDCMD     C_r = 0x015   at time   55650997 ps
inst0 ch0:  C_CMD: RDCMD     C_f = 0x000   at time   55651411 ps
inst0 ch0:  C_CMD: RDCMD     C_r = 0x05d   at time   55652653 ps
inst0 ch0:  C_CMD: RDCMD     C_f = 0x002   at time   55653067 ps
inst0 ch0:  C_CMD: RDCMD     C_r = 0x0dd   at time   55653481 ps
inst0 ch0:  C_CMD: RDCMD     C_f = 0x082   at time   55653895 ps
inst0 ch0:  C_CMD: RDCMD     C_r = 0x01d   at time   55654309 ps
inst0 ch0:  C_CMD: RDCMD     C_f = 0x002   at time   55654723 ps
inst0 ch0:  C_CMD: RDCMD     C_r = 0x095   at time   55655137 ps
inst0 ch0:  C_CMD: RDCMD     C_f = 0x080   at time   55655551 ps
inst0 ch0:  C_CMD: RDCMD     C_r = 0x055   at time   55657621 ps
inst0 ch0:  C_CMD: RDCMD     C_f = 0x080   at time   55658035 ps
inst0 ch0:  C_CMD: RDCMD     C_r = 0x09d   at time   55659277 ps
inst0 ch0:  C_CMD: RDCMD     C_f = 0x082   at time   55659691 ps
inst0 ch0:  C_CMD: RDCMD     C_r = 0x05d   at time   55660933 ps
inst0 ch0:  C_CMD: RDCMD     C_f = 0x082   at time   55661347 ps
inst0 ch0:  C_CMD: RDCMD     C_r = 0x015   at time   55662589 ps
inst0 ch0:  C_CMD: RDCMD     C_f = 0x080   at time   55663003 ps
inst0 ch0:  C_CMD: RDCMD     C_r = 0x01d   at time   55665901 ps
inst0 ch0:  C_CMD: RDCMD     C_f = 0x082   at time   55666315 ps
inst0 ch0:  R_CMD: ACTCMD    R_r0= 0x32    at time   55977229 ps
inst0 ch0:  R_CMD: ACTCMD    R_f0= 0x22    at time   55977643 ps
inst0 ch0:  R_CMD: ACTCMD    R_r1= 0x00    at time   55978057 ps
inst0 ch0:  R_CMD: ACTCMD    R_f1= 0x00    at time   55978471 ps
inst0 ch0:  R_CMD: ACTCMD    R_r0= 0x12    at time   55981369 ps
inst0 ch0:  R_CMD: ACTCMD    R_f0= 0x22    at time   55981783 ps
inst0 ch0:  R_CMD: ACTCMD    R_r1= 0x00    at time   55982197 ps
inst0 ch0:  R_CMD: ACTCMD    R_f1= 0x00    at time   55982611 ps
inst0 ch0:  R_CMD: ACTCMD    R_r0= 0x32    at time   55985509 ps
inst0 ch0:  R_CMD: ACTCMD    R_f0= 0x02    at time   55985923 ps
inst0 ch0:  R_CMD: ACTCMD    R_r1= 0x00    at time   55986337 ps
inst0 ch0:  R_CMD: ACTCMD    R_f1= 0x00    at time   55986751 ps
inst0 ch0:  R_CMD: ACTCMD    R_r0= 0x12    at time   55989649 ps
inst0 ch0:  R_CMD: ACTCMD    R_f0= 0x02    at time   55990063 ps
inst0 ch0:  R_CMD: ACTCMD    R_r1= 0x00    at time   55990477 ps
inst0 ch0:  R_CMD: ACTCMD    R_f1= 0x00    at time   55990891 ps
inst0 ch0:  R_CMD: ACTCMD    R_r0= 0x32    at time   55991305 ps
inst0 ch0:  R_CMD: ACTCMD    R_f0= 0x2a    at time   55991719 ps
inst0 ch0:  R_CMD: ACTCMD    R_r1= 0x00    at time   55992133 ps
inst0 ch0:  C_CMD: RDCMD     C_r = 0x0e5   at time   55992133 ps
inst0 ch0:  R_CMD: ACTCMD    R_f1= 0x00    at time   55992547 ps
inst0 ch0:  C_CMD: RDCMD     C_f = 0x000   at time   55992547 ps
inst0 ch0:  R_CMD: ACTCMD    R_r0= 0x12    at time   55995445 ps
inst0 ch0:  C_CMD: RDCMD     C_r = 0x0ed   at time   55995445 ps
inst0 ch0:  R_CMD: ACTCMD    R_f0= 0x2a    at time   55995859 ps
inst0 ch0:  C_CMD: RDCMD     C_f = 0x002   at time   55995859 ps
inst0 ch0:  R_CMD: ACTCMD    R_r1= 0x00    at time   55996273 ps
inst0 ch0:  R_CMD: ACTCMD    R_f1= 0x00    at time   55996687 ps
inst0 ch0:  C_CMD: RDCMD     C_r = 0x0a5   at time   55997101 ps
inst0 ch0:  C_CMD: RDCMD     C_f = 0x000   at time   55997515 ps
inst0 ch0:  R_CMD: ACTCMD    R_r0= 0x32    at time   55999585 ps
inst0 ch0:  R_CMD: ACTCMD    R_f0= 0x0a    at time   55999999 ps
inst0 ch0:  R_CMD: ACTCMD    R_r1= 0x00    at time   56000413 ps
inst0 ch0:  C_CMD: RDCMD     C_r = 0x0ad   at time   56000413 ps
inst0 ch0:  R_CMD: ACTCMD    R_f1= 0x00    at time   56000827 ps
inst0 ch0:  C_CMD: RDCMD     C_f = 0x002   at time   56000827 ps
inst0 ch0:  C_CMD: RDCMD     C_r = 0x065   at time   56002069 ps
inst0 ch0:  C_CMD: RDCMD     C_f = 0x000   at time   56002483 ps
inst0 ch0:  R_CMD: ACTCMD    R_r0= 0x12    at time   56003725 ps
inst0 ch0:  R_CMD: ACTCMD    R_f0= 0x0a    at time   56004139 ps
inst0 ch0:  R_CMD: ACTCMD    R_r1= 0x00    at time   56004553 ps
inst0 ch0:  C_CMD: RDCMD     C_r = 0x025   at time   56004553 ps
inst0 ch0:  R_CMD: ACTCMD    R_f1= 0x00    at time   56004967 ps
inst0 ch0:  C_CMD: RDCMD     C_f = 0x000   at time   56004967 ps
inst0 ch0:  C_CMD: RDCMD     C_r = 0x06d   at time   56006209 ps
inst0 ch0:  C_CMD: RDCMD     C_f = 0x002   at time   56006623 ps
inst0 ch0:  C_CMD: RDCMD     C_r = 0x0e5   at time   56007037 ps
inst0 ch0:  C_CMD: RDCMD     C_f = 0x080   at time   56007451 ps
inst0 ch0:  C_CMD: RDCMD     C_r = 0x02d   at time   56007865 ps
inst0 ch0:  C_CMD: RDCMD     C_f = 0x002   at time   56008279 ps
inst0 ch0:  C_CMD: RDCMD     C_r = 0x0ed   at time   56010349 ps
inst0 ch0:  C_CMD: RDCMD     C_f = 0x082   at time   56010763 ps
inst0 ch0:  C_CMD: RDCMD     C_r = 0x0a5   at time   56012005 ps
inst0 ch0:  C_CMD: RDCMD     C_f = 0x080   at time   56012419 ps
inst0 ch0:  C_CMD: RDCMD     C_r = 0x065   at time   56014489 ps
inst0 ch0:  C_CMD: RDCMD     C_f = 0x080   at time   56014903 ps
inst0 ch0:  C_CMD: RDCMD     C_r = 0x0ad   at time   56016145 ps
inst0 ch0:  C_CMD: RDCMD     C_f = 0x082   at time   56016559 ps
inst0 ch0:  C_CMD: RDCMD     C_r = 0x06d   at time   56017801 ps
inst0 ch0:  C_CMD: RDCMD     C_f = 0x082   at time   56018215 ps
inst0 ch0:  C_CMD: RDCMD     C_r = 0x025   at time   56019457 ps
inst0 ch0:  C_CMD: RDCMD     C_f = 0x080   at time   56019871 ps
inst0 ch0:  C_CMD: RDCMD     C_r = 0x02d   at time   56022769 ps
inst0 ch0:  C_CMD: RDCMD     C_f = 0x082   at time   56023183 ps
inst0 ch0:  R_CMD: ACTCMD    R_r0= 0x3a    at time   56626381 ps
inst0 ch0:  R_CMD: ACTCMD    R_f0= 0x22    at time   56626795 ps
inst0 ch0:  R_CMD: ACTCMD    R_r1= 0x00    at time   56627209 ps
inst0 ch0:  R_CMD: ACTCMD    R_f1= 0x00    at time   56627623 ps
inst0 ch0:  R_CMD: ACTCMD    R_r0= 0x1a    at time   56630521 ps
inst0 ch0:  R_CMD: ACTCMD    R_f0= 0x22    at time   56630935 ps
inst0 ch0:  R_CMD: ACTCMD    R_r1= 0x00    at time   56631349 ps
inst0 ch0:  R_CMD: ACTCMD    R_f1= 0x00    at time   56631763 ps
inst0 ch0:  R_CMD: ACTCMD    R_r0= 0x3a    at time   56634661 ps
inst0 ch0:  R_CMD: ACTCMD    R_f0= 0x02    at time   56635075 ps
inst0 ch0:  R_CMD: ACTCMD    R_r1= 0x00    at time   56635489 ps
inst0 ch0:  R_CMD: ACTCMD    R_f1= 0x00    at time   56635903 ps
inst0 ch0:  R_CMD: ACTCMD    R_r0= 0x3a    at time   56637145 ps
inst0 ch0:  R_CMD: ACTCMD    R_f0= 0x2a    at time   56637559 ps
inst0 ch0:  R_CMD: ACTCMD    R_r1= 0x00    at time   56637973 ps
inst0 ch0:  R_CMD: ACTCMD    R_f1= 0x00    at time   56638387 ps
inst0 ch0:  R_CMD: ACTCMD    R_r0= 0x1a    at time   56638801 ps
inst0 ch0:  R_CMD: ACTCMD    R_f0= 0x02    at time   56639215 ps
inst0 ch0:  R_CMD: ACTCMD    R_r1= 0x00    at time   56639629 ps
inst0 ch0:  R_CMD: ACTCMD    R_f1= 0x00    at time   56640043 ps
inst0 ch0:  R_CMD: ACTCMD    R_r0= 0x1a    at time   56641285 ps
inst0 ch0:  C_CMD: RDCMD     C_r = 0x0f5   at time   56641285 ps
inst0 ch0:  R_CMD: ACTCMD    R_f0= 0x2a    at time   56641699 ps
inst0 ch0:  C_CMD: RDCMD     C_f = 0x000   at time   56641699 ps
inst0 ch0:  R_CMD: ACTCMD    R_r1= 0x00    at time   56642113 ps
inst0 ch0:  R_CMD: ACTCMD    R_f1= 0x00    at time   56642527 ps
inst0 ch0:  C_CMD: RDCMD     C_r = 0x0fd   at time   56644597 ps
inst0 ch0:  C_CMD: RDCMD     C_f = 0x002   at time   56645011 ps
inst0 ch0:  R_CMD: ACTCMD    R_r0= 0x3a    at time   56645425 ps
inst0 ch0:  R_CMD: ACTCMD    R_f0= 0x0a    at time   56645839 ps
inst0 ch0:  R_CMD: ACTCMD    R_r1= 0x00    at time   56646253 ps
inst0 ch0:  C_CMD: RDCMD     C_r = 0x0b5   at time   56646253 ps
inst0 ch0:  R_CMD: ACTCMD    R_f1= 0x00    at time   56646667 ps
inst0 ch0:  C_CMD: RDCMD     C_f = 0x000   at time   56646667 ps
inst0 ch0:  R_CMD: ACTCMD    R_r0= 0x1a    at time   56649565 ps
inst0 ch0:  C_CMD: RDCMD     C_r = 0x0bd   at time   56649565 ps
inst0 ch0:  R_CMD: ACTCMD    R_f0= 0x0a    at time   56649979 ps
inst0 ch0:  C_CMD: RDCMD     C_f = 0x002   at time   56649979 ps
inst0 ch0:  R_CMD: ACTCMD    R_r1= 0x00    at time   56650393 ps
inst0 ch0:  R_CMD: ACTCMD    R_f1= 0x00    at time   56650807 ps
inst0 ch0:  C_CMD: RDCMD     C_r = 0x075   at time   56651221 ps
inst0 ch0:  C_CMD: RDCMD     C_f = 0x000   at time   56651635 ps
inst0 ch0:  C_CMD: RDCMD     C_r = 0x0f5   at time   56652049 ps
inst0 ch0:  C_CMD: RDCMD     C_f = 0x080   at time   56652463 ps
inst0 ch0:  C_CMD: RDCMD     C_r = 0x035   at time   56653705 ps
inst0 ch0:  C_CMD: RDCMD     C_f = 0x000   at time   56654119 ps
inst0 ch0:  C_CMD: RDCMD     C_r = 0x07d   at time   56655361 ps
inst0 ch0:  C_CMD: RDCMD     C_f = 0x002   at time   56655775 ps
inst0 ch0:  C_CMD: RDCMD     C_r = 0x0fd   at time   56656189 ps
inst0 ch0:  C_CMD: RDCMD     C_f = 0x082   at time   56656603 ps
inst0 ch0:  C_CMD: RDCMD     C_r = 0x03d   at time   56657017 ps
inst0 ch0:  C_CMD: RDCMD     C_f = 0x002   at time   56657431 ps
inst0 ch0:  C_CMD: RDCMD     C_r = 0x0b5   at time   56657845 ps
inst0 ch0:  C_CMD: RDCMD     C_f = 0x080   at time   56658259 ps
inst0 ch0:  C_CMD: RDCMD     C_r = 0x075   at time   56660329 ps
inst0 ch0:  C_CMD: RDCMD     C_f = 0x080   at time   56660743 ps
inst0 ch0:  C_CMD: RDCMD     C_r = 0x0bd   at time   56661985 ps
inst0 ch0:  C_CMD: RDCMD     C_f = 0x082   at time   56662399 ps
inst0 ch0:  C_CMD: RDCMD     C_r = 0x07d   at time   56663641 ps
inst0 ch0:  C_CMD: RDCMD     C_f = 0x082   at time   56664055 ps
inst0 ch0:  C_CMD: RDCMD     C_r = 0x035   at time   56665297 ps
inst0 ch0:  C_CMD: RDCMD     C_f = 0x080   at time   56665711 ps
inst0 ch0:  C_CMD: RDCMD     C_r = 0x03d   at time   56668609 ps
inst0 ch0:  C_CMD: RDCMD     C_f = 0x082   at time   56669023 ps
inst0 ch0:  R_CMD: ACTCMD    R_r0= 0x02    at time   57215917 ps
inst0 ch0:  R_CMD: ACTCMD    R_f0= 0x18    at time   57216331 ps
inst0 ch0:  R_CMD: ACTCMD    R_r1= 0x3f    at time   57216745 ps
inst0 ch0:  R_CMD: ACTCMD    R_f1= 0x3b    at time   57217159 ps
inst0 ch0:  R_CMD: ACTCMD    R_r0= 0x02    at time   57225853 ps
inst0 ch0:  R_CMD: ACTCMD    R_f0= 0x10    at time   57226267 ps
inst0 ch0:  R_CMD: ACTCMD    R_r1= 0x3f    at time   57226681 ps
inst0 ch0:  C_CMD: WRCMD     C_r = 0x009   at time   57226681 ps
inst0 ch0:  R_CMD: ACTCMD    R_f1= 0x3b    at time   57227095 ps
inst0 ch0:  C_CMD: WRCMD     C_f = 0x0fa   at time   57227095 ps
inst0 ch0:  C_CMD: WRCMD     C_r = 0x009   at time   57236617 ps
inst0 ch0:  C_CMD: WRCMD     C_f = 0x07a   at time   57237031 ps
inst0 ch0:  R_CMD: ACTCMD    R_r0= 0x0a    at time   58120921 ps
inst0 ch0:  R_CMD: ACTCMD    R_f0= 0x10    at time   58121335 ps
inst0 ch0:  R_CMD: ACTCMD    R_r1= 0x3f    at time   58121749 ps
inst0 ch0:  R_CMD: ACTCMD    R_f1= 0x3b    at time   58122163 ps
inst0 ch0:  C_CMD: WRCMD     C_r = 0x019   at time   58131685 ps
inst0 ch0:  C_CMD: WRCMD     C_f = 0x07a   at time   58132099 ps
inst0 ch0:  R_CMD: ACTCMD    R_r0= 0x0a    at time   58159009 ps
inst0 ch0:  R_CMD: ACTCMD    R_f0= 0x18    at time   58159423 ps
inst0 ch0:  R_CMD: ACTCMD    R_r1= 0x3f    at time   58159837 ps
inst0 ch0:  R_CMD: ACTCMD    R_f1= 0x3b    at time   58160251 ps
inst0 ch0:  C_CMD: WRCMD     C_r = 0x019   at time   58169773 ps
inst0 ch0:  C_CMD: WRCMD     C_f = 0x0fa   at time   58170187 ps
inst0 ch0:  R_CMD: ACTCMD    R_r0= 0x02    at time   58255885 ps
inst0 ch0:  R_CMD: ACTCMD    R_f0= 0x30    at time   58256299 ps
inst0 ch0:  R_CMD: ACTCMD    R_r1= 0x3f    at time   58256713 ps
inst0 ch0:  R_CMD: ACTCMD    R_f1= 0x3b    at time   58257127 ps
inst0 ch0:  C_CMD: WRCMD     C_r = 0x089   at time   58266649 ps
inst0 ch0:  C_CMD: WRCMD     C_f = 0x07a   at time   58267063 ps
inst0 ch0:  R_CMD: ACTCMD    R_r0= 0x02    at time   58285693 ps
inst0 ch0:  R_CMD: ACTCMD    R_f0= 0x38    at time   58286107 ps
inst0 ch0:  R_CMD: ACTCMD    R_r1= 0x3f    at time   58286521 ps
inst0 ch0:  R_CMD: ACTCMD    R_f1= 0x3b    at time   58286935 ps
inst0 ch0:  C_CMD: WRCMD     C_r = 0x089   at time   58296457 ps
inst0 ch0:  C_CMD: WRCMD     C_f = 0x0fa   at time   58296871 ps
inst0 ch0:  R_CMD: ACTCMD    R_r0= 0x0a    at time   58436389 ps
inst0 ch0:  R_CMD: ACTCMD    R_f0= 0x38    at time   58436803 ps
inst0 ch0:  R_CMD: ACTCMD    R_r1= 0x3f    at time   58437217 ps
inst0 ch0:  R_CMD: ACTCMD    R_f1= 0x3b    at time   58437631 ps
inst0 ch0:  C_CMD: WRCMD     C_r = 0x099   at time   58447153 ps
inst0 ch0:  C_CMD: WRCMD     C_f = 0x0fa   at time   58447567 ps
inst0 ch0:  R_CMD: ACTCMD    R_r0= 0x0a    at time   58468681 ps
inst0 ch0:  R_CMD: ACTCMD    R_f0= 0x30    at time   58469095 ps
inst0 ch0:  R_CMD: ACTCMD    R_r1= 0x3f    at time   58469509 ps
inst0 ch0:  R_CMD: ACTCMD    R_f1= 0x3b    at time   58469923 ps
inst0 ch0:  C_CMD: WRCMD     C_r = 0x099   at time   58479445 ps
inst0 ch0:  C_CMD: WRCMD     C_f = 0x07a   at time   58479859 ps
inst0 ch0:  R_CMD: ACTCMD    R_r0= 0x0a    at time   59436613 ps
inst0 ch0:  R_CMD: ACTCMD    R_f0= 0x1b    at time   59437027 ps
inst0 ch0:  R_CMD: ACTCMD    R_r1= 0x3f    at time   59437441 ps
inst0 ch0:  R_CMD: ACTCMD    R_f1= 0x3b    at time   59437855 ps
inst0 ch0:  C_CMD: WRCMD     C_r = 0x019   at time   59447377 ps
inst0 ch0:  C_CMD: WRCMD     C_f = 0x090   at time   59447791 ps
inst0 ch0:  R_CMD: ACTCMD    R_r0= 0x0a    at time   59509477 ps
inst0 ch0:  R_CMD: ACTCMD    R_f0= 0x13    at time   59509891 ps
inst0 ch0:  R_CMD: ACTCMD    R_r1= 0x3f    at time   59510305 ps
inst0 ch0:  R_CMD: ACTCMD    R_f1= 0x3b    at time   59510719 ps
inst0 ch0:  C_CMD: WRCMD     C_r = 0x019   at time   59520241 ps
inst0 ch0:  C_CMD: WRCMD     C_f = 0x010   at time   59520655 ps
inst0 ch0:  R_CMD: ACTCMD    R_r0= 0x02    at time   59876281 ps
inst0 ch0:  R_CMD: ACTCMD    R_f0= 0x1b    at time   59876695 ps
inst0 ch0:  R_CMD: ACTCMD    R_r1= 0x3f    at time   59877109 ps
inst0 ch0:  R_CMD: ACTCMD    R_f1= 0x3b    at time   59877523 ps
inst0 ch0:  R_CMD: ACTCMD    R_r0= 0x02    at time   59882905 ps
inst0 ch0:  R_CMD: ACTCMD    R_f0= 0x13    at time   59883319 ps
inst0 ch0:  R_CMD: ACTCMD    R_r1= 0x3f    at time   59883733 ps
inst0 ch0:  R_CMD: ACTCMD    R_f1= 0x3b    at time   59884147 ps
inst0 ch0:  C_CMD: WRCMD     C_r = 0x009   at time   59887045 ps
inst0 ch0:  C_CMD: WRCMD     C_f = 0x080   at time   59887459 ps
inst0 ch0:  C_CMD: WRCMD     C_r = 0x009   at time   59893669 ps
inst0 ch0:  C_CMD: WRCMD     C_f = 0x000   at time   59894083 ps
inst0 ch0:  R_CMD: ACTCMD    R_r0= 0x02    at time   61029685 ps
inst0 ch0:  R_CMD: ACTCMD    R_f0= 0x08    at time   61030099 ps
inst0 ch0:  R_CMD: ACTCMD    R_r1= 0x00    at time   61030513 ps
inst0 ch0:  R_CMD: ACTCMD    R_f1= 0x00    at time   61030927 ps
inst0 ch0:  C_CMD: RDCMD     C_r = 0x005   at time   61044589 ps
inst0 ch0:  C_CMD: RDCMD     C_f = 0x098   at time   61045003 ps
inst0 ch0:  C_CMD: RDCMD     C_r = 0x005   at time   61047901 ps
inst0 ch0:  C_CMD: RDCMD     C_f = 0x09a   at time   61048315 ps
inst0 ch0:  C_CMD: RDCMD     C_r = 0x005   at time   61051213 ps
inst0 ch0:  C_CMD: RDCMD     C_f = 0x090   at time   61051627 ps
inst0 ch0:  C_CMD: RDCMD     C_r = 0x005   at time   61054525 ps
inst0 ch0:  C_CMD: RDCMD     C_f = 0x092   at time   61054939 ps
inst0 ch0:  C_CMD: RDCMD     C_r = 0x005   at time   61057837 ps
inst0 ch0:  C_CMD: RDCMD     C_f = 0x088   at time   61058251 ps
inst0 ch0:  C_CMD: RDCMD     C_r = 0x005   at time   61061149 ps
inst0 ch0:  C_CMD: RDCMD     C_f = 0x08a   at time   61061563 ps
inst0 ch0:  C_CMD: RDCMD     C_r = 0x005   at time   61064461 ps
inst0 ch0:  C_CMD: RDCMD     C_f = 0x080   at time   61064875 ps
inst0 ch0:  C_CMD: RDCMD     C_r = 0x00d   at time   61067773 ps
inst0 ch0:  C_CMD: RDCMD     C_f = 0x082   at time   61068187 ps
inst0 ch0:  R_CMD: ACTCMD    R_r0= 0x02    at time   61215157 ps
inst0 ch0:  R_CMD: ACTCMD    R_f0= 0x00    at time   61215571 ps
inst0 ch0:  R_CMD: ACTCMD    R_r1= 0x00    at time   61215985 ps
inst0 ch0:  R_CMD: ACTCMD    R_f1= 0x00    at time   61216399 ps
inst0 ch0:  C_CMD: RDCMD     C_r = 0x005   at time   61230061 ps
inst0 ch0:  C_CMD: RDCMD     C_f = 0x018   at time   61230475 ps
inst0 ch0:  C_CMD: RDCMD     C_r = 0x005   at time   61233373 ps
inst0 ch0:  C_CMD: RDCMD     C_f = 0x01a   at time   61233787 ps
inst0 ch0:  C_CMD: RDCMD     C_r = 0x005   at time   61236685 ps
inst0 ch0:  C_CMD: RDCMD     C_f = 0x010   at time   61237099 ps
inst0 ch0:  C_CMD: RDCMD     C_r = 0x005   at time   61239997 ps
inst0 ch0:  C_CMD: RDCMD     C_f = 0x012   at time   61240411 ps
inst0 ch0:  C_CMD: RDCMD     C_r = 0x005   at time   61243309 ps
inst0 ch0:  C_CMD: RDCMD     C_f = 0x008   at time   61243723 ps
inst0 ch0:  C_CMD: RDCMD     C_r = 0x005   at time   61246621 ps
inst0 ch0:  C_CMD: RDCMD     C_f = 0x00a   at time   61247035 ps
inst0 ch0:  C_CMD: RDCMD     C_r = 0x005   at time   61249933 ps
inst0 ch0:  C_CMD: RDCMD     C_f = 0x000   at time   61250347 ps
inst0 ch0:  C_CMD: RDCMD     C_r = 0x00d   at time   61253245 ps
inst0 ch0:  C_CMD: RDCMD     C_f = 0x002   at time   61253659 ps
inst0 ch0:  R_CMD: ACTCMD    R_r0= 0x0a    at time   61424641 ps
inst0 ch0:  R_CMD: ACTCMD    R_f0= 0x08    at time   61425055 ps
inst0 ch0:  R_CMD: ACTCMD    R_r1= 0x00    at time   61425469 ps
inst0 ch0:  R_CMD: ACTCMD    R_f1= 0x00    at time   61425883 ps
inst0 ch0:  C_CMD: RDCMD     C_r = 0x015   at time   61439545 ps
inst0 ch0:  C_CMD: RDCMD     C_f = 0x098   at time   61439959 ps
inst0 ch0:  C_CMD: RDCMD     C_r = 0x015   at time   61442857 ps
inst0 ch0:  C_CMD: RDCMD     C_f = 0x09a   at time   61443271 ps
inst0 ch0:  C_CMD: RDCMD     C_r = 0x015   at time   61446169 ps
inst0 ch0:  C_CMD: RDCMD     C_f = 0x090   at time   61446583 ps
inst0 ch0:  C_CMD: RDCMD     C_r = 0x015   at time   61449481 ps
inst0 ch0:  C_CMD: RDCMD     C_f = 0x092   at time   61449895 ps
inst0 ch0:  C_CMD: RDCMD     C_r = 0x015   at time   61452793 ps
inst0 ch0:  C_CMD: RDCMD     C_f = 0x088   at time   61453207 ps
inst0 ch0:  C_CMD: RDCMD     C_r = 0x015   at time   61456105 ps
inst0 ch0:  C_CMD: RDCMD     C_f = 0x08a   at time   61456519 ps
inst0 ch0:  C_CMD: RDCMD     C_r = 0x015   at time   61459417 ps
inst0 ch0:  C_CMD: RDCMD     C_f = 0x080   at time   61459831 ps
inst0 ch0:  C_CMD: RDCMD     C_r = 0x01d   at time   61462729 ps
inst0 ch0:  C_CMD: RDCMD     C_f = 0x082   at time   61463143 ps
inst0 ch0:  R_CMD: ACTCMD    R_r0= 0x0a    at time   61552153 ps
inst0 ch0:  R_CMD: ACTCMD    R_f0= 0x00    at time   61552567 ps
inst0 ch0:  R_CMD: ACTCMD    R_r1= 0x00    at time   61552981 ps
inst0 ch0:  R_CMD: ACTCMD    R_f1= 0x00    at time   61553395 ps
inst0 ch0:  C_CMD: RDCMD     C_r = 0x015   at time   61567057 ps
inst0 ch0:  C_CMD: RDCMD     C_f = 0x018   at time   61567471 ps
inst0 ch0:  C_CMD: RDCMD     C_r = 0x015   at time   61570369 ps
inst0 ch0:  C_CMD: RDCMD     C_f = 0x01a   at time   61570783 ps
inst0 ch0:  C_CMD: RDCMD     C_r = 0x015   at time   61573681 ps
inst0 ch0:  C_CMD: RDCMD     C_f = 0x010   at time   61574095 ps
inst0 ch0:  C_CMD: RDCMD     C_r = 0x015   at time   61576993 ps
inst0 ch0:  C_CMD: RDCMD     C_f = 0x012   at time   61577407 ps
inst0 ch0:  C_CMD: RDCMD     C_r = 0x015   at time   61580305 ps
inst0 ch0:  C_CMD: RDCMD     C_f = 0x008   at time   61580719 ps
inst0 ch0:  C_CMD: RDCMD     C_r = 0x015   at time   61583617 ps
inst0 ch0:  C_CMD: RDCMD     C_f = 0x00a   at time   61584031 ps
inst0 ch0:  C_CMD: RDCMD     C_r = 0x015   at time   61586929 ps
inst0 ch0:  C_CMD: RDCMD     C_f = 0x000   at time   61587343 ps
inst0 ch0:  C_CMD: RDCMD     C_r = 0x01d   at time   61590241 ps
inst0 ch0:  C_CMD: RDCMD     C_f = 0x002   at time   61590655 ps
inst0 ch0:  R_CMD: ACTCMD    R_r0= 0x0a    at time   61686289 ps
inst0 ch0:  R_CMD: ACTCMD    R_f0= 0x08    at time   61686703 ps
inst0 ch0:  R_CMD: ACTCMD    R_r1= 0x00    at time   61687117 ps
inst0 ch0:  R_CMD: ACTCMD    R_f1= 0x00    at time   61687531 ps
inst0 ch0:  C_CMD: WRCMD     C_r = 0x011   at time   61697053 ps
inst0 ch0:  C_CMD: WRCMD     C_f = 0x0b8   at time   61697467 ps
inst0 ch0:  C_CMD: WRCMD     C_r = 0x011   at time   61700365 ps
inst0 ch0:  C_CMD: WRCMD     C_f = 0x0ba   at time   61700779 ps
inst0 ch0:  C_CMD: WRCMD     C_r = 0x011   at time   61703677 ps
inst0 ch0:  C_CMD: WRCMD     C_f = 0x0b0   at time   61704091 ps
inst0 ch0:  C_CMD: WRCMD     C_r = 0x011   at time   61706989 ps
inst0 ch0:  C_CMD: WRCMD     C_f = 0x0b2   at time   61707403 ps
inst0 ch0:  C_CMD: WRCMD     C_r = 0x011   at time   61710301 ps
inst0 ch0:  C_CMD: WRCMD     C_f = 0x0a8   at time   61710715 ps
inst0 ch0:  C_CMD: WRCMD     C_r = 0x011   at time   61713613 ps
inst0 ch0:  C_CMD: WRCMD     C_f = 0x0aa   at time   61714027 ps
inst0 ch0:  C_CMD: WRCMD     C_r = 0x011   at time   61716925 ps
inst0 ch0:  C_CMD: WRCMD     C_f = 0x0a0   at time   61717339 ps
inst0 ch0:  C_CMD: WRCMD     C_r = 0x019   at time   61720237 ps
inst0 ch0:  C_CMD: WRCMD     C_f = 0x0a2   at time   61720651 ps
inst0 ch0:  R_CMD: ACTCMD    R_r0= 0x0a    at time   61856029 ps
inst0 ch0:  R_CMD: ACTCMD    R_f0= 0x00    at time   61856443 ps
inst0 ch0:  R_CMD: ACTCMD    R_r1= 0x00    at time   61856857 ps
inst0 ch0:  R_CMD: ACTCMD    R_f1= 0x00    at time   61857271 ps
inst0 ch0:  C_CMD: WRCMD     C_r = 0x011   at time   61866793 ps
inst0 ch0:  C_CMD: WRCMD     C_f = 0x038   at time   61867207 ps
inst0 ch0:  C_CMD: WRCMD     C_r = 0x011   at time   61870105 ps
inst0 ch0:  C_CMD: WRCMD     C_f = 0x03a   at time   61870519 ps
inst0 ch0:  C_CMD: WRCMD     C_r = 0x011   at time   61873417 ps
inst0 ch0:  C_CMD: WRCMD     C_f = 0x030   at time   61873831 ps
inst0 ch0:  C_CMD: WRCMD     C_r = 0x011   at time   61876729 ps
inst0 ch0:  C_CMD: WRCMD     C_f = 0x032   at time   61877143 ps
inst0 ch0:  C_CMD: WRCMD     C_r = 0x011   at time   61880041 ps
inst0 ch0:  C_CMD: WRCMD     C_f = 0x028   at time   61880455 ps
inst0 ch0:  C_CMD: WRCMD     C_r = 0x011   at time   61883353 ps
inst0 ch0:  C_CMD: WRCMD     C_f = 0x02a   at time   61883767 ps
inst0 ch0:  C_CMD: WRCMD     C_r = 0x011   at time   61886665 ps
inst0 ch0:  C_CMD: WRCMD     C_f = 0x020   at time   61887079 ps
inst0 ch0:  C_CMD: WRCMD     C_r = 0x019   at time   61889977 ps
inst0 ch0:  C_CMD: WRCMD     C_f = 0x022   at time   61890391 ps
inst0 ch0:  R_CMD: ACTCMD    R_r0= 0x02    at time   62690653 ps
inst0 ch0:  R_CMD: ACTCMD    R_f0= 0x1b    at time   62691067 ps
inst0 ch0:  R_CMD: ACTCMD    R_r1= 0x3f    at time   62691481 ps
inst0 ch0:  R_CMD: ACTCMD    R_f1= 0x3b    at time   62691895 ps
inst0 ch0:  C_CMD: WRCMD     C_r = 0x009   at time   62701417 ps
inst0 ch0:  C_CMD: WRCMD     C_f = 0x080   at time   62701831 ps
inst0 ch0:  R_CMD: ACTCMD    R_r0= 0x0a    at time   62908417 ps
inst0 ch0:  R_CMD: ACTCMD    R_f0= 0x19    at time   62908831 ps
inst0 ch0:  R_CMD: ACTCMD    R_r1= 0x3f    at time   62909245 ps
inst0 ch0:  R_CMD: ACTCMD    R_f1= 0x3b    at time   62909659 ps
inst0 ch0:  R_CMD: ACTCMD    R_r0= 0x02    at time   62912557 ps
inst0 ch0:  R_CMD: ACTCMD    R_f0= 0x19    at time   62912971 ps
inst0 ch0:  R_CMD: ACTCMD    R_r1= 0x3f    at time   62913385 ps
inst0 ch0:  R_CMD: ACTCMD    R_f1= 0x3b    at time   62913799 ps
inst0 ch0:  R_CMD: ACTCMD    R_r0= 0x02    at time   62914213 ps
inst0 ch0:  R_CMD: ACTCMD    R_f0= 0x13    at time   62914627 ps
inst0 ch0:  R_CMD: ACTCMD    R_r1= 0x3f    at time   62915041 ps
inst0 ch0:  R_CMD: ACTCMD    R_f1= 0x3b    at time   62915455 ps
inst0 ch0:  C_CMD: WRCMD     C_r = 0x019   at time   62919181 ps
inst0 ch0:  C_CMD: WRCMD     C_f = 0x0fa   at time   62919595 ps
inst0 ch0:  C_CMD: WRCMD     C_r = 0x009   at time   62923321 ps
inst0 ch0:  C_CMD: WRCMD     C_f = 0x0fa   at time   62923735 ps
inst0 ch0:  C_CMD: WRCMD     C_r = 0x009   at time   62924977 ps
inst0 ch0:  C_CMD: WRCMD     C_f = 0x000   at time   62925391 ps
inst0 ch0:  R_CMD: ACTCMD    R_r0= 0x0a    at time   63185797 ps
inst0 ch0:  R_CMD: ACTCMD    R_f0= 0x11    at time   63186211 ps
inst0 ch0:  R_CMD: ACTCMD    R_r1= 0x3f    at time   63186625 ps
inst0 ch0:  R_CMD: ACTCMD    R_f1= 0x3b    at time   63187039 ps
inst0 ch0:  R_CMD: ACTCMD    R_r0= 0x02    at time   63189937 ps
inst0 ch0:  R_CMD: ACTCMD    R_f0= 0x11    at time   63190351 ps
inst0 ch0:  R_CMD: ACTCMD    R_r1= 0x3f    at time   63190765 ps
inst0 ch0:  R_CMD: ACTCMD    R_f1= 0x3b    at time   63191179 ps
inst0 ch0:  C_CMD: WRCMD     C_r = 0x019   at time   63196561 ps
inst0 ch0:  C_CMD: WRCMD     C_f = 0x07a   at time   63196975 ps
inst0 ch0:  C_CMD: WRCMD     C_r = 0x009   at time   63200701 ps
inst0 ch0:  C_CMD: WRCMD     C_f = 0x07a   at time   63201115 ps
inst0 ch0:  R_CMD: ACTCMD    R_r0= 0x0a    at time   63454069 ps
inst0 ch0:  R_CMD: ACTCMD    R_f0= 0x0a    at time   63454483 ps
inst0 ch0:  R_CMD: ACTCMD    R_r1= 0x00    at time   63454897 ps
inst0 ch0:  R_CMD: ACTCMD    R_f1= 0x00    at time   63455311 ps
inst0 ch0:  R_CMD: ACTCMD    R_r0= 0x02    at time   63458209 ps
inst0 ch0:  R_CMD: ACTCMD    R_f0= 0x0a    at time   63458623 ps
inst0 ch0:  R_CMD: ACTCMD    R_r1= 0x00    at time   63459037 ps
inst0 ch0:  R_CMD: ACTCMD    R_f1= 0x00    at time   63459451 ps
inst0 ch0:  C_CMD: RDCMD     C_r = 0x015   at time   63468973 ps
inst0 ch0:  C_CMD: RDCMD     C_f = 0x080   at time   63469387 ps
inst0 ch0:  C_CMD: RDCMD     C_r = 0x01d   at time   63472285 ps
inst0 ch0:  C_CMD: RDCMD     C_f = 0x082   at time   63472699 ps
inst0 ch0:  C_CMD: RDCMD     C_r = 0x005   at time   63475597 ps
inst0 ch0:  C_CMD: RDCMD     C_f = 0x080   at time   63476011 ps
inst0 ch0:  C_CMD: RDCMD     C_r = 0x00d   at time   63478909 ps
inst0 ch0:  C_CMD: RDCMD     C_f = 0x082   at time   63479323 ps
inst0 ch0:  R_CMD: ACTCMD    R_r0= 0x0a    at time   63641197 ps
inst0 ch0:  R_CMD: ACTCMD    R_f0= 0x02    at time   63641611 ps
inst0 ch0:  R_CMD: ACTCMD    R_r1= 0x00    at time   63642025 ps
inst0 ch0:  R_CMD: ACTCMD    R_f1= 0x00    at time   63642439 ps
inst0 ch0:  R_CMD: ACTCMD    R_r0= 0x02    at time   63645337 ps
inst0 ch0:  R_CMD: ACTCMD    R_f0= 0x02    at time   63645751 ps
inst0 ch0:  R_CMD: ACTCMD    R_r1= 0x00    at time   63646165 ps
inst0 ch0:  R_CMD: ACTCMD    R_f1= 0x00    at time   63646579 ps
inst0 ch0:  C_CMD: RDCMD     C_r = 0x015   at time   63656101 ps
inst0 ch0:  C_CMD: RDCMD     C_f = 0x000   at time   63656515 ps
inst0 ch0:  C_CMD: RDCMD     C_r = 0x01d   at time   63659413 ps
inst0 ch0:  C_CMD: RDCMD     C_f = 0x002   at time   63659827 ps
inst0 ch0:  C_CMD: RDCMD     C_r = 0x005   at time   63662725 ps
inst0 ch0:  C_CMD: RDCMD     C_f = 0x000   at time   63663139 ps
inst0 ch0:  C_CMD: RDCMD     C_r = 0x00d   at time   63666037 ps
inst0 ch0:  C_CMD: RDCMD     C_f = 0x002   at time   63666451 ps
