inst0 ch0:  R_CMD: ACTCMD    R_r0= 0x0e    at time   33400981 ps
inst0 ch0:  R_CMD: ACTCMD    R_f0= 0x28    at time   33401395 ps
inst0 ch0:  R_CMD: ACTCMD    R_r1= 0x00    at time   33401809 ps
inst0 ch0:  R_CMD: ACTCMD    R_f1= 0x02    at time   33402223 ps
inst0 ch0:  R_CMD: ACTCMD    R_r0= 0x0e    at time   33402637 ps
inst0 ch0:  R_CMD: ACTCMD    R_f0= 0x20    at time   33403051 ps
inst0 ch0:  R_CMD: ACTCMD    R_r1= 0x00    at time   33403465 ps
inst0 ch0:  R_CMD: ACTCMD    R_f1= 0x02    at time   33403879 ps
inst0 ch0:  C_CMD: RDCMD     C_r = 0x095   at time   33415885 ps
inst0 ch0:  C_CMD: RDCMD     C_f = 0x0a9   at time   33416299 ps
inst0 ch0:  C_CMD: RDCMD     C_r = 0x095   at time   33417541 ps
inst0 ch0:  C_CMD: RDCMD     C_f = 0x029   at time   33417955 ps
inst0 ch0:  C_CMD: RDCMD     C_r = 0x095   at time   33419197 ps
inst0 ch0:  C_CMD: RDCMD     C_f = 0x0ab   at time   33419611 ps
inst0 ch0:  C_CMD: RDCMD     C_r = 0x095   at time   33420853 ps
inst0 ch0:  C_CMD: RDCMD     C_f = 0x02b   at time   33421267 ps
inst0 ch0:  C_CMD: RDCMD     C_r = 0x095   at time   33422509 ps
inst0 ch0:  C_CMD: RDCMD     C_f = 0x0a1   at time   33422923 ps
inst0 ch0:  C_CMD: RDCMD     C_r = 0x095   at time   33424165 ps
inst0 ch0:  C_CMD: RDCMD     C_f = 0x021   at time   33424579 ps
inst0 ch0:  C_CMD: RDCMD     C_r = 0x09d   at time   33425821 ps
inst0 ch0:  C_CMD: RDCMD     C_f = 0x0a3   at time   33426235 ps
inst0 ch0:  C_CMD: RDCMD     C_r = 0x09d   at time   33427477 ps
inst0 ch0:  C_CMD: RDCMD     C_f = 0x023   at time   33427891 ps
inst0 ch0:  R_CMD: ACTCMD    R_r0= 0x0e    at time   33600529 ps
inst0 ch0:  R_CMD: ACTCMD    R_f0= 0x28    at time   33600943 ps
inst0 ch0:  R_CMD: ACTCMD    R_r1= 0x00    at time   33601357 ps
inst0 ch0:  R_CMD: ACTCMD    R_f1= 0x02    at time   33601771 ps
inst0 ch0:  R_CMD: ACTCMD    R_r0= 0x0e    at time   33602185 ps
inst0 ch0:  R_CMD: ACTCMD    R_f0= 0x20    at time   33602599 ps
inst0 ch0:  R_CMD: ACTCMD    R_r1= 0x00    at time   33603013 ps
inst0 ch0:  R_CMD: ACTCMD    R_f1= 0x02    at time   33603427 ps
inst0 ch0:  C_CMD: WRCMD     C_r = 0x091   at time   33611293 ps
inst0 ch0:  C_CMD: WRCMD     C_f = 0x0a9   at time   33611707 ps
inst0 ch0:  C_CMD: WRCMD     C_r = 0x091   at time   33612949 ps
inst0 ch0:  C_CMD: WRCMD     C_f = 0x029   at time   33613363 ps
inst0 ch0:  C_CMD: WRCMD     C_r = 0x091   at time   33614605 ps
inst0 ch0:  C_CMD: WRCMD     C_f = 0x0ab   at time   33615019 ps
inst0 ch0:  C_CMD: WRCMD     C_r = 0x091   at time   33616261 ps
inst0 ch0:  C_CMD: WRCMD     C_f = 0x02b   at time   33616675 ps
inst0 ch0:  C_CMD: WRCMD     C_r = 0x091   at time   33617917 ps
inst0 ch0:  C_CMD: WRCMD     C_f = 0x0a1   at time   33618331 ps
inst0 ch0:  C_CMD: WRCMD     C_r = 0x091   at time   33619573 ps
inst0 ch0:  C_CMD: WRCMD     C_f = 0x021   at time   33619987 ps
inst0 ch0:  C_CMD: WRCMD     C_r = 0x099   at time   33621229 ps
inst0 ch0:  C_CMD: WRCMD     C_f = 0x0a3   at time   33621643 ps
inst0 ch0:  C_CMD: WRCMD     C_r = 0x099   at time   33622885 ps
inst0 ch0:  C_CMD: WRCMD     C_f = 0x023   at time   33623299 ps
inst0 ch0:  R_CMD: ACTCMD    R_r0= 0x2e    at time   37709065 ps
inst0 ch0:  R_CMD: ACTCMD    R_f0= 0x28    at time   37709479 ps
inst0 ch0:  R_CMD: ACTCMD    R_r1= 0x00    at time   37709893 ps
inst0 ch0:  R_CMD: ACTCMD    R_f1= 0x02    at time   37710307 ps
inst0 ch0:  R_CMD: ACTCMD    R_r0= 0x2e    at time   37716517 ps
inst0 ch0:  R_CMD: ACTCMD    R_f0= 0x20    at time   37716931 ps
inst0 ch0:  R_CMD: ACTCMD    R_r1= 0x00    at time   37717345 ps
inst0 ch0:  R_CMD: ACTCMD    R_f1= 0x02    at time   37717759 ps
inst0 ch0:  C_CMD: RDCMD     C_r = 0x0d5   at time   37723969 ps
inst0 ch0:  C_CMD: RDCMD     C_f = 0x0a9   at time   37724383 ps
inst0 ch0:  C_CMD: RDCMD     C_r = 0x0d5   at time   37727281 ps
inst0 ch0:  C_CMD: RDCMD     C_f = 0x0ab   at time   37727695 ps
inst0 ch0:  C_CMD: RDCMD     C_r = 0x0d5   at time   37730593 ps
inst0 ch0:  C_CMD: RDCMD     C_f = 0x0a1   at time   37731007 ps
inst0 ch0:  C_CMD: RDCMD     C_r = 0x0d5   at time   37731421 ps
inst0 ch0:  C_CMD: RDCMD     C_f = 0x029   at time   37731835 ps
inst0 ch0:  C_CMD: RDCMD     C_r = 0x0dd   at time   37733905 ps
inst0 ch0:  C_CMD: RDCMD     C_f = 0x0a3   at time   37734319 ps
inst0 ch0:  C_CMD: RDCMD     C_r = 0x0d5   at time   37734733 ps
inst0 ch0:  C_CMD: RDCMD     C_f = 0x02b   at time   37735147 ps
inst0 ch0:  C_CMD: RDCMD     C_r = 0x0d5   at time   37738045 ps
inst0 ch0:  C_CMD: RDCMD     C_f = 0x021   at time   37738459 ps
inst0 ch0:  C_CMD: RDCMD     C_r = 0x0dd   at time   37741357 ps
inst0 ch0:  C_CMD: RDCMD     C_f = 0x023   at time   37741771 ps
inst0 ch0:  R_CMD: ACTCMD    R_r0= 0x2e    at time   37851481 ps
inst0 ch0:  R_CMD: ACTCMD    R_f0= 0x28    at time   37851895 ps
inst0 ch0:  R_CMD: ACTCMD    R_r1= 0x00    at time   37852309 ps
inst0 ch0:  R_CMD: ACTCMD    R_f1= 0x02    at time   37852723 ps
inst0 ch0:  R_CMD: ACTCMD    R_r0= 0x2e    at time   37853965 ps
inst0 ch0:  R_CMD: ACTCMD    R_f0= 0x20    at time   37854379 ps
inst0 ch0:  R_CMD: ACTCMD    R_r1= 0x00    at time   37854793 ps
inst0 ch0:  R_CMD: ACTCMD    R_f1= 0x02    at time   37855207 ps
inst0 ch0:  C_CMD: WRCMD     C_r = 0x0d1   at time   37862245 ps
inst0 ch0:  C_CMD: WRCMD     C_f = 0x0a9   at time   37862659 ps
inst0 ch0:  C_CMD: WRCMD     C_r = 0x0d1   at time   37864729 ps
inst0 ch0:  C_CMD: WRCMD     C_f = 0x029   at time   37865143 ps
inst0 ch0:  C_CMD: WRCMD     C_r = 0x0d1   at time   37865557 ps
inst0 ch0:  C_CMD: WRCMD     C_f = 0x0ab   at time   37865971 ps
inst0 ch0:  C_CMD: WRCMD     C_r = 0x0d1   at time   37868041 ps
inst0 ch0:  C_CMD: WRCMD     C_f = 0x02b   at time   37868455 ps
inst0 ch0:  C_CMD: WRCMD     C_r = 0x0d1   at time   37868869 ps
inst0 ch0:  C_CMD: WRCMD     C_f = 0x0a1   at time   37869283 ps
inst0 ch0:  C_CMD: WRCMD     C_r = 0x0d1   at time   37871353 ps
inst0 ch0:  C_CMD: WRCMD     C_f = 0x021   at time   37871767 ps
inst0 ch0:  C_CMD: WRCMD     C_r = 0x0d9   at time   37872181 ps
inst0 ch0:  C_CMD: WRCMD     C_f = 0x0a3   at time   37872595 ps
inst0 ch0:  C_CMD: WRCMD     C_r = 0x0d9   at time   37874665 ps
inst0 ch0:  C_CMD: WRCMD     C_f = 0x023   at time   37875079 ps
inst0 ch0:  R_CMD: ACTCMD    R_r0= 0x22    at time   54653257 ps
inst0 ch0:  R_CMD: ACTCMD    R_f0= 0x2a    at time   54653671 ps
inst0 ch0:  R_CMD: ACTCMD    R_r1= 0x00    at time   54654085 ps
inst0 ch0:  R_CMD: ACTCMD    R_f1= 0x00    at time   54654499 ps
inst0 ch0:  R_CMD: ACTCMD    R_r0= 0x02    at time   54657397 ps
inst0 ch0:  R_CMD: ACTCMD    R_f0= 0x2a    at time   54657811 ps
inst0 ch0:  R_CMD: ACTCMD    R_r1= 0x00    at time   54658225 ps
inst0 ch0:  R_CMD: ACTCMD    R_f1= 0x00    at time   54658639 ps
inst0 ch0:  R_CMD: ACTCMD    R_r0= 0x22    at time   54659053 ps
inst0 ch0:  R_CMD: ACTCMD    R_f0= 0x22    at time   54659467 ps
inst0 ch0:  R_CMD: ACTCMD    R_r1= 0x00    at time   54659881 ps
inst0 ch0:  R_CMD: ACTCMD    R_f1= 0x00    at time   54660295 ps
inst0 ch0:  R_CMD: ACTCMD    R_r0= 0x22    at time   54661537 ps
inst0 ch0:  R_CMD: ACTCMD    R_f0= 0x0a    at time   54661951 ps
inst0 ch0:  R_CMD: ACTCMD    R_r1= 0x00    at time   54662365 ps
inst0 ch0:  R_CMD: ACTCMD    R_f1= 0x00    at time   54662779 ps
inst0 ch0:  R_CMD: ACTCMD    R_r0= 0x02    at time   54663193 ps
inst0 ch0:  R_CMD: ACTCMD    R_f0= 0x22    at time   54663607 ps
inst0 ch0:  R_CMD: ACTCMD    R_r1= 0x00    at time   54664021 ps
inst0 ch0:  R_CMD: ACTCMD    R_f1= 0x00    at time   54664435 ps
inst0 ch0:  R_CMD: ACTCMD    R_r0= 0x02    at time   54665677 ps
inst0 ch0:  R_CMD: ACTCMD    R_f0= 0x0a    at time   54666091 ps
inst0 ch0:  R_CMD: ACTCMD    R_r1= 0x00    at time   54666505 ps
inst0 ch0:  R_CMD: ACTCMD    R_f1= 0x00    at time   54666919 ps
inst0 ch0:  R_CMD: ACTCMD    R_r0= 0x22    at time   54667333 ps
inst0 ch0:  R_CMD: ACTCMD    R_f0= 0x02    at time   54667747 ps
inst0 ch0:  R_CMD: ACTCMD    R_r1= 0x00    at time   54668161 ps
inst0 ch0:  C_CMD: RDCMD     C_r = 0x0c5   at time   54668161 ps
inst0 ch0:  R_CMD: ACTCMD    R_f1= 0x00    at time   54668575 ps
inst0 ch0:  C_CMD: RDCMD     C_f = 0x080   at time   54668575 ps
inst0 ch0:  R_CMD: ACTCMD    R_r0= 0x02    at time   54671473 ps
inst0 ch0:  C_CMD: RDCMD     C_r = 0x0cd   at time   54671473 ps
inst0 ch0:  R_CMD: ACTCMD    R_f0= 0x02    at time   54671887 ps
inst0 ch0:  C_CMD: RDCMD     C_f = 0x082   at time   54671887 ps
inst0 ch0:  R_CMD: ACTCMD    R_r1= 0x00    at time   54672301 ps
inst0 ch0:  R_CMD: ACTCMD    R_f1= 0x00    at time   54672715 ps
inst0 ch0:  C_CMD: RDCMD     C_r = 0x085   at time   54673129 ps
inst0 ch0:  C_CMD: RDCMD     C_f = 0x080   at time   54673543 ps
inst0 ch0:  C_CMD: RDCMD     C_r = 0x0c5   at time   54673957 ps
inst0 ch0:  C_CMD: RDCMD     C_f = 0x000   at time   54674371 ps
inst0 ch0:  C_CMD: RDCMD     C_r = 0x08d   at time   54676441 ps
inst0 ch0:  C_CMD: RDCMD     C_f = 0x082   at time   54676855 ps
inst0 ch0:  C_CMD: RDCMD     C_r = 0x0cd   at time   54677269 ps
inst0 ch0:  C_CMD: RDCMD     C_f = 0x002   at time   54677683 ps
inst0 ch0:  C_CMD: RDCMD     C_r = 0x045   at time   54678097 ps
inst0 ch0:  C_CMD: RDCMD     C_f = 0x080   at time   54678511 ps
inst0 ch0:  C_CMD: RDCMD     C_r = 0x085   at time   54678925 ps
inst0 ch0:  C_CMD: RDCMD     C_f = 0x000   at time   54679339 ps
inst0 ch0:  C_CMD: RDCMD     C_r = 0x005   at time   54680581 ps
inst0 ch0:  C_CMD: RDCMD     C_f = 0x080   at time   54680995 ps
inst0 ch0:  C_CMD: RDCMD     C_r = 0x04d   at time   54682237 ps
inst0 ch0:  C_CMD: RDCMD     C_f = 0x082   at time   54682651 ps
inst0 ch0:  C_CMD: RDCMD     C_r = 0x08d   at time   54683065 ps
inst0 ch0:  C_CMD: RDCMD     C_f = 0x002   at time   54683479 ps
inst0 ch0:  C_CMD: RDCMD     C_r = 0x00d   at time   54683893 ps
inst0 ch0:  C_CMD: RDCMD     C_f = 0x082   at time   54684307 ps
inst0 ch0:  C_CMD: RDCMD     C_r = 0x045   at time   54684721 ps
inst0 ch0:  C_CMD: RDCMD     C_f = 0x000   at time   54685135 ps
inst0 ch0:  C_CMD: RDCMD     C_r = 0x005   at time   54686377 ps
inst0 ch0:  C_CMD: RDCMD     C_f = 0x000   at time   54686791 ps
inst0 ch0:  C_CMD: RDCMD     C_r = 0x04d   at time   54688033 ps
inst0 ch0:  C_CMD: RDCMD     C_f = 0x002   at time   54688447 ps
inst0 ch0:  C_CMD: RDCMD     C_r = 0x00d   at time   54689689 ps
inst0 ch0:  C_CMD: RDCMD     C_f = 0x002   at time   54690103 ps
inst0 ch0:  R_CMD: ACTCMD    R_r0= 0x2a    at time   55043245 ps
inst0 ch0:  R_CMD: ACTCMD    R_f0= 0x22    at time   55043659 ps
inst0 ch0:  R_CMD: ACTCMD    R_r1= 0x00    at time   55044073 ps
inst0 ch0:  R_CMD: ACTCMD    R_f1= 0x00    at time   55044487 ps
inst0 ch0:  R_CMD: ACTCMD    R_r0= 0x0a    at time   55047385 ps
inst0 ch0:  R_CMD: ACTCMD    R_f0= 0x22    at time   55047799 ps
inst0 ch0:  R_CMD: ACTCMD    R_r1= 0x00    at time   55048213 ps
inst0 ch0:  R_CMD: ACTCMD    R_f1= 0x00    at time   55048627 ps
inst0 ch0:  R_CMD: ACTCMD    R_r0= 0x2a    at time   55049041 ps
inst0 ch0:  R_CMD: ACTCMD    R_f0= 0x2a    at time   55049455 ps
inst0 ch0:  R_CMD: ACTCMD    R_r1= 0x00    at time   55049869 ps
inst0 ch0:  R_CMD: ACTCMD    R_f1= 0x00    at time   55050283 ps
inst0 ch0:  R_CMD: ACTCMD    R_r0= 0x2a    at time   55051525 ps
inst0 ch0:  R_CMD: ACTCMD    R_f0= 0x02    at time   55051939 ps
inst0 ch0:  R_CMD: ACTCMD    R_r1= 0x00    at time   55052353 ps
inst0 ch0:  R_CMD: ACTCMD    R_f1= 0x00    at time   55052767 ps
inst0 ch0:  R_CMD: ACTCMD    R_r0= 0x0a    at time   55053181 ps
inst0 ch0:  R_CMD: ACTCMD    R_f0= 0x2a    at time   55053595 ps
inst0 ch0:  R_CMD: ACTCMD    R_r1= 0x00    at time   55054009 ps
inst0 ch0:  R_CMD: ACTCMD    R_f1= 0x00    at time   55054423 ps
inst0 ch0:  R_CMD: ACTCMD    R_r0= 0x0a    at time   55055665 ps
inst0 ch0:  R_CMD: ACTCMD    R_f0= 0x02    at time   55056079 ps
inst0 ch0:  R_CMD: ACTCMD    R_r1= 0x00    at time   55056493 ps
inst0 ch0:  R_CMD: ACTCMD    R_f1= 0x00    at time   55056907 ps
inst0 ch0:  R_CMD: ACTCMD    R_r0= 0x2a    at time   55057321 ps
inst0 ch0:  R_CMD: ACTCMD    R_f0= 0x0a    at time   55057735 ps
inst0 ch0:  R_CMD: ACTCMD    R_r1= 0x00    at time   55058149 ps
inst0 ch0:  C_CMD: RDCMD     C_r = 0x0d5   at time   55058149 ps
inst0 ch0:  R_CMD: ACTCMD    R_f1= 0x00    at time   55058563 ps
inst0 ch0:  C_CMD: RDCMD     C_f = 0x000   at time   55058563 ps
inst0 ch0:  R_CMD: ACTCMD    R_r0= 0x0a    at time   55061461 ps
inst0 ch0:  C_CMD: RDCMD     C_r = 0x0dd   at time   55061461 ps
inst0 ch0:  R_CMD: ACTCMD    R_f0= 0x0a    at time   55061875 ps
inst0 ch0:  C_CMD: RDCMD     C_f = 0x002   at time   55061875 ps
inst0 ch0:  R_CMD: ACTCMD    R_r1= 0x00    at time   55062289 ps
inst0 ch0:  R_CMD: ACTCMD    R_f1= 0x00    at time   55062703 ps
inst0 ch0:  C_CMD: RDCMD     C_r = 0x095   at time   55063117 ps
inst0 ch0:  C_CMD: RDCMD     C_f = 0x000   at time   55063531 ps
inst0 ch0:  C_CMD: RDCMD     C_r = 0x0d5   at time   55063945 ps
inst0 ch0:  C_CMD: RDCMD     C_f = 0x080   at time   55064359 ps
inst0 ch0:  C_CMD: RDCMD     C_r = 0x09d   at time   55066429 ps
inst0 ch0:  C_CMD: RDCMD     C_f = 0x002   at time   55066843 ps
inst0 ch0:  C_CMD: RDCMD     C_r = 0x0dd   at time   55067257 ps
inst0 ch0:  C_CMD: RDCMD     C_f = 0x082   at time   55067671 ps
inst0 ch0:  C_CMD: RDCMD     C_r = 0x055   at time   55068085 ps
inst0 ch0:  C_CMD: RDCMD     C_f = 0x000   at time   55068499 ps
inst0 ch0:  C_CMD: RDCMD     C_r = 0x095   at time   55068913 ps
inst0 ch0:  C_CMD: RDCMD     C_f = 0x080   at time   55069327 ps
inst0 ch0:  C_CMD: RDCMD     C_r = 0x015   at time   55070569 ps
inst0 ch0:  C_CMD: RDCMD     C_f = 0x000   at time   55070983 ps
inst0 ch0:  C_CMD: RDCMD     C_r = 0x05d   at time   55072225 ps
inst0 ch0:  C_CMD: RDCMD     C_f = 0x002   at time   55072639 ps
inst0 ch0:  C_CMD: RDCMD     C_r = 0x09d   at time   55073053 ps
inst0 ch0:  C_CMD: RDCMD     C_f = 0x082   at time   55073467 ps
inst0 ch0:  C_CMD: RDCMD     C_r = 0x01d   at time   55073881 ps
inst0 ch0:  C_CMD: RDCMD     C_f = 0x002   at time   55074295 ps
inst0 ch0:  C_CMD: RDCMD     C_r = 0x055   at time   55074709 ps
inst0 ch0:  C_CMD: RDCMD     C_f = 0x080   at time   55075123 ps
inst0 ch0:  C_CMD: RDCMD     C_r = 0x015   at time   55076365 ps
inst0 ch0:  C_CMD: RDCMD     C_f = 0x080   at time   55076779 ps
inst0 ch0:  C_CMD: RDCMD     C_r = 0x05d   at time   55078021 ps
inst0 ch0:  C_CMD: RDCMD     C_f = 0x082   at time   55078435 ps
inst0 ch0:  C_CMD: RDCMD     C_r = 0x01d   at time   55079677 ps
inst0 ch0:  C_CMD: RDCMD     C_f = 0x082   at time   55080091 ps
inst0 ch0:  R_CMD: ACTCMD    R_r0= 0x32    at time   55233685 ps
inst0 ch0:  R_CMD: ACTCMD    R_f0= 0x22    at time   55234099 ps
inst0 ch0:  R_CMD: ACTCMD    R_r1= 0x00    at time   55234513 ps
inst0 ch0:  R_CMD: ACTCMD    R_f1= 0x00    at time   55234927 ps
inst0 ch0:  R_CMD: ACTCMD    R_r0= 0x12    at time   55237825 ps
inst0 ch0:  R_CMD: ACTCMD    R_f0= 0x22    at time   55238239 ps
inst0 ch0:  R_CMD: ACTCMD    R_r1= 0x00    at time   55238653 ps
inst0 ch0:  R_CMD: ACTCMD    R_f1= 0x00    at time   55239067 ps
inst0 ch0:  R_CMD: ACTCMD    R_r0= 0x32    at time   55241965 ps
inst0 ch0:  R_CMD: ACTCMD    R_f0= 0x02    at time   55242379 ps
inst0 ch0:  R_CMD: ACTCMD    R_r1= 0x00    at time   55242793 ps
inst0 ch0:  R_CMD: ACTCMD    R_f1= 0x00    at time   55243207 ps
inst0 ch0:  R_CMD: ACTCMD    R_r0= 0x12    at time   55246105 ps
inst0 ch0:  R_CMD: ACTCMD    R_f0= 0x02    at time   55246519 ps
inst0 ch0:  R_CMD: ACTCMD    R_r1= 0x00    at time   55246933 ps
inst0 ch0:  R_CMD: ACTCMD    R_f1= 0x00    at time   55247347 ps
inst0 ch0:  C_CMD: RDCMD     C_r = 0x0e5   at time   55248589 ps
inst0 ch0:  C_CMD: RDCMD     C_f = 0x000   at time   55249003 ps
inst0 ch0:  R_CMD: ACTCMD    R_r0= 0x32    at time   55249417 ps
inst0 ch0:  R_CMD: ACTCMD    R_f0= 0x2a    at time   55249831 ps
inst0 ch0:  R_CMD: ACTCMD    R_r1= 0x00    at time   55250245 ps
inst0 ch0:  R_CMD: ACTCMD    R_f1= 0x00    at time   55250659 ps
inst0 ch0:  C_CMD: RDCMD     C_r = 0x0ed   at time   55251901 ps
inst0 ch0:  C_CMD: RDCMD     C_f = 0x002   at time   55252315 ps
inst0 ch0:  R_CMD: ACTCMD    R_r0= 0x12    at time   55253557 ps
inst0 ch0:  C_CMD: RDCMD     C_r = 0x0a5   at time   55253557 ps
inst0 ch0:  R_CMD: ACTCMD    R_f0= 0x2a    at time   55253971 ps
inst0 ch0:  C_CMD: RDCMD     C_f = 0x000   at time   55253971 ps
inst0 ch0:  R_CMD: ACTCMD    R_r1= 0x00    at time   55254385 ps
inst0 ch0:  R_CMD: ACTCMD    R_f1= 0x00    at time   55254799 ps
inst0 ch0:  C_CMD: RDCMD     C_r = 0x0ad   at time   55256869 ps
inst0 ch0:  C_CMD: RDCMD     C_f = 0x002   at time   55257283 ps
inst0 ch0:  R_CMD: ACTCMD    R_r0= 0x32    at time   55257697 ps
inst0 ch0:  R_CMD: ACTCMD    R_f0= 0x0a    at time   55258111 ps
inst0 ch0:  R_CMD: ACTCMD    R_r1= 0x00    at time   55258525 ps
inst0 ch0:  C_CMD: RDCMD     C_r = 0x065   at time   55258525 ps
inst0 ch0:  R_CMD: ACTCMD    R_f1= 0x00    at time   55258939 ps
inst0 ch0:  C_CMD: RDCMD     C_f = 0x000   at time   55258939 ps
inst0 ch0:  C_CMD: RDCMD     C_r = 0x025   at time   55261009 ps
inst0 ch0:  C_CMD: RDCMD     C_f = 0x000   at time   55261423 ps
inst0 ch0:  R_CMD: ACTCMD    R_r0= 0x12    at time   55261837 ps
inst0 ch0:  R_CMD: ACTCMD    R_f0= 0x0a    at time   55262251 ps
inst0 ch0:  R_CMD: ACTCMD    R_r1= 0x00    at time   55262665 ps
inst0 ch0:  C_CMD: RDCMD     C_r = 0x06d   at time   55262665 ps
inst0 ch0:  R_CMD: ACTCMD    R_f1= 0x00    at time   55263079 ps
inst0 ch0:  C_CMD: RDCMD     C_f = 0x002   at time   55263079 ps
inst0 ch0:  C_CMD: RDCMD     C_r = 0x02d   at time   55264321 ps
inst0 ch0:  C_CMD: RDCMD     C_f = 0x002   at time   55264735 ps
inst0 ch0:  C_CMD: RDCMD     C_r = 0x0e5   at time   55265149 ps
inst0 ch0:  C_CMD: RDCMD     C_f = 0x080   at time   55265563 ps
inst0 ch0:  C_CMD: RDCMD     C_r = 0x0ed   at time   55268461 ps
inst0 ch0:  C_CMD: RDCMD     C_f = 0x082   at time   55268875 ps
inst0 ch0:  C_CMD: RDCMD     C_r = 0x0a5   at time   55270117 ps
inst0 ch0:  C_CMD: RDCMD     C_f = 0x080   at time   55270531 ps
inst0 ch0:  C_CMD: RDCMD     C_r = 0x065   at time   55272601 ps
inst0 ch0:  C_CMD: RDCMD     C_f = 0x080   at time   55273015 ps
inst0 ch0:  C_CMD: RDCMD     C_r = 0x0ad   at time   55274257 ps
inst0 ch0:  C_CMD: RDCMD     C_f = 0x082   at time   55274671 ps
inst0 ch0:  C_CMD: RDCMD     C_r = 0x06d   at time   55275913 ps
inst0 ch0:  C_CMD: RDCMD     C_f = 0x082   at time   55276327 ps
inst0 ch0:  C_CMD: RDCMD     C_r = 0x025   at time   55277569 ps
inst0 ch0:  C_CMD: RDCMD     C_f = 0x080   at time   55277983 ps
inst0 ch0:  C_CMD: RDCMD     C_r = 0x02d   at time   55280881 ps
inst0 ch0:  C_CMD: RDCMD     C_f = 0x082   at time   55281295 ps
inst0 ch0:  R_CMD: ACTCMD    R_r0= 0x3a    at time   55602145 ps
inst0 ch0:  R_CMD: ACTCMD    R_f0= 0x22    at time   55602559 ps
inst0 ch0:  R_CMD: ACTCMD    R_r1= 0x00    at time   55602973 ps
inst0 ch0:  R_CMD: ACTCMD    R_f1= 0x00    at time   55603387 ps
inst0 ch0:  R_CMD: ACTCMD    R_r0= 0x1a    at time   55606285 ps
inst0 ch0:  R_CMD: ACTCMD    R_f0= 0x22    at time   55606699 ps
inst0 ch0:  R_CMD: ACTCMD    R_r1= 0x00    at time   55607113 ps
inst0 ch0:  R_CMD: ACTCMD    R_f1= 0x00    at time   55607527 ps
inst0 ch0:  R_CMD: ACTCMD    R_r0= 0x3a    at time   55610425 ps
inst0 ch0:  R_CMD: ACTCMD    R_f0= 0x02    at time   55610839 ps
inst0 ch0:  R_CMD: ACTCMD    R_r1= 0x00    at time   55611253 ps
inst0 ch0:  R_CMD: ACTCMD    R_f1= 0x00    at time   55611667 ps
inst0 ch0:  R_CMD: ACTCMD    R_r0= 0x1a    at time   55614565 ps
inst0 ch0:  R_CMD: ACTCMD    R_f0= 0x02    at time   55614979 ps
inst0 ch0:  R_CMD: ACTCMD    R_r1= 0x00    at time   55615393 ps
inst0 ch0:  R_CMD: ACTCMD    R_f1= 0x00    at time   55615807 ps
inst0 ch0:  R_CMD: ACTCMD    R_r0= 0x3a    at time   55616221 ps
inst0 ch0:  R_CMD: ACTCMD    R_f0= 0x2a    at time   55616635 ps
inst0 ch0:  R_CMD: ACTCMD    R_r1= 0x00    at time   55617049 ps
inst0 ch0:  C_CMD: RDCMD     C_r = 0x0f5   at time   55617049 ps
inst0 ch0:  R_CMD: ACTCMD    R_f1= 0x00    at time   55617463 ps
inst0 ch0:  C_CMD: RDCMD     C_f = 0x000   at time   55617463 ps
inst0 ch0:  R_CMD: ACTCMD    R_r0= 0x1a    at time   55620361 ps
inst0 ch0:  C_CMD: RDCMD     C_r = 0x0fd   at time   55620361 ps
inst0 ch0:  R_CMD: ACTCMD    R_f0= 0x2a    at time   55620775 ps
inst0 ch0:  C_CMD: RDCMD     C_f = 0x002   at time   55620775 ps
inst0 ch0:  R_CMD: ACTCMD    R_r1= 0x00    at time   55621189 ps
inst0 ch0:  R_CMD: ACTCMD    R_f1= 0x00    at time   55621603 ps
inst0 ch0:  C_CMD: RDCMD     C_r = 0x0b5   at time   55622017 ps
inst0 ch0:  C_CMD: RDCMD     C_f = 0x000   at time   55622431 ps
inst0 ch0:  R_CMD: ACTCMD    R_r0= 0x3a    at time   55624501 ps
inst0 ch0:  R_CMD: ACTCMD    R_f0= 0x0a    at time   55624915 ps
inst0 ch0:  R_CMD: ACTCMD    R_r1= 0x00    at time   55625329 ps
inst0 ch0:  C_CMD: RDCMD     C_r = 0x0bd   at time   55625329 ps
inst0 ch0:  R_CMD: ACTCMD    R_f1= 0x00    at time   55625743 ps
inst0 ch0:  C_CMD: RDCMD     C_f = 0x002   at time   55625743 ps
inst0 ch0:  C_CMD: RDCMD     C_r = 0x075   at time   55626985 ps
inst0 ch0:  C_CMD: RDCMD     C_f = 0x000   at time   55627399 ps
inst0 ch0:  R_CMD: ACTCMD    R_r0= 0x1a    at time   55628641 ps
inst0 ch0:  R_CMD: ACTCMD    R_f0= 0x0a    at time   55629055 ps
inst0 ch0:  R_CMD: ACTCMD    R_r1= 0x00    at time   55629469 ps
inst0 ch0:  C_CMD: RDCMD     C_r = 0x035   at time   55629469 ps
inst0 ch0:  R_CMD: ACTCMD    R_f1= 0x00    at time   55629883 ps
inst0 ch0:  C_CMD: RDCMD     C_f = 0x000   at time   55629883 ps
inst0 ch0:  C_CMD: RDCMD     C_r = 0x07d   at time   55631125 ps
inst0 ch0:  C_CMD: RDCMD     C_f = 0x002   at time   55631539 ps
inst0 ch0:  C_CMD: RDCMD     C_r = 0x0f5   at time   55631953 ps
inst0 ch0:  C_CMD: RDCMD     C_f = 0x080   at time   55632367 ps
inst0 ch0:  C_CMD: RDCMD     C_r = 0x03d   at time   55632781 ps
inst0 ch0:  C_CMD: RDCMD     C_f = 0x002   at time   55633195 ps
inst0 ch0:  C_CMD: RDCMD     C_r = 0x0fd   at time   55635265 ps
inst0 ch0:  C_CMD: RDCMD     C_f = 0x082   at time   55635679 ps
inst0 ch0:  C_CMD: RDCMD     C_r = 0x0b5   at time   55636921 ps
inst0 ch0:  C_CMD: RDCMD     C_f = 0x080   at time   55637335 ps
inst0 ch0:  C_CMD: RDCMD     C_r = 0x075   at time   55639405 ps
inst0 ch0:  C_CMD: RDCMD     C_f = 0x080   at time   55639819 ps
inst0 ch0:  C_CMD: RDCMD     C_r = 0x0bd   at time   55641061 ps
inst0 ch0:  C_CMD: RDCMD     C_f = 0x082   at time   55641475 ps
inst0 ch0:  C_CMD: RDCMD     C_r = 0x07d   at time   55642717 ps
inst0 ch0:  C_CMD: RDCMD     C_f = 0x082   at time   55643131 ps
inst0 ch0:  C_CMD: RDCMD     C_r = 0x035   at time   55644373 ps
inst0 ch0:  C_CMD: RDCMD     C_f = 0x080   at time   55644787 ps
inst0 ch0:  C_CMD: RDCMD     C_r = 0x03d   at time   55647685 ps
inst0 ch0:  C_CMD: RDCMD     C_f = 0x082   at time   55648099 ps
inst0 ch0:  R_CMD: ACTCMD    R_r0= 0x02    at time   56187541 ps
inst0 ch0:  R_CMD: ACTCMD    R_f0= 0x10    at time   56187955 ps
inst0 ch0:  R_CMD: ACTCMD    R_r1= 0x3f    at time   56188369 ps
inst0 ch0:  R_CMD: ACTCMD    R_f1= 0x3b    at time   56188783 ps
inst0 ch0:  R_CMD: ACTCMD    R_r0= 0x02    at time   56190025 ps
inst0 ch0:  R_CMD: ACTCMD    R_f0= 0x18    at time   56190439 ps
inst0 ch0:  R_CMD: ACTCMD    R_r1= 0x3f    at time   56190853 ps
inst0 ch0:  R_CMD: ACTCMD    R_f1= 0x3b    at time   56191267 ps
inst0 ch0:  C_CMD: RDCMD     C_r = 0x005   at time   56202445 ps
inst0 ch0:  C_CMD: RDCMD     C_f = 0x078   at time   56202859 ps
inst0 ch0:  C_CMD: RDCMD     C_r = 0x005   at time   56204929 ps
inst0 ch0:  C_CMD: RDCMD     C_f = 0x0f8   at time   56205343 ps
inst0 ch0:  C_CMD: RDCMD     C_r = 0x00d   at time   56205757 ps
inst0 ch0:  C_CMD: RDCMD     C_f = 0x07a   at time   56206171 ps
inst0 ch0:  C_CMD: RDCMD     C_r = 0x00d   at time   56208241 ps
inst0 ch0:  C_CMD: RDCMD     C_f = 0x0fa   at time   56208655 ps
inst0 ch0:  R_CMD: ACTCMD    R_r0= 0x02    at time   56257921 ps
inst0 ch0:  R_CMD: ACTCMD    R_f0= 0x10    at time   56258335 ps
inst0 ch0:  R_CMD: ACTCMD    R_r1= 0x3f    at time   56258749 ps
inst0 ch0:  R_CMD: ACTCMD    R_f1= 0x3b    at time   56259163 ps
inst0 ch0:  R_CMD: ACTCMD    R_r0= 0x02    at time   56260405 ps
inst0 ch0:  R_CMD: ACTCMD    R_f0= 0x18    at time   56260819 ps
inst0 ch0:  R_CMD: ACTCMD    R_r1= 0x3f    at time   56261233 ps
inst0 ch0:  R_CMD: ACTCMD    R_f1= 0x3b    at time   56261647 ps
inst0 ch0:  C_CMD: WRCMD     C_r = 0x001   at time   56268685 ps
inst0 ch0:  C_CMD: WRCMD     C_f = 0x078   at time   56269099 ps
inst0 ch0:  C_CMD: WRCMD     C_r = 0x001   at time   56271169 ps
inst0 ch0:  C_CMD: WRCMD     C_f = 0x0f8   at time   56271583 ps
inst0 ch0:  C_CMD: WRCMD     C_r = 0x009   at time   56271997 ps
inst0 ch0:  C_CMD: WRCMD     C_f = 0x07a   at time   56272411 ps
inst0 ch0:  C_CMD: WRCMD     C_r = 0x009   at time   56274481 ps
inst0 ch0:  C_CMD: WRCMD     C_f = 0x0fa   at time   56274895 ps
inst0 ch0:  R_CMD: ACTCMD    R_r0= 0x0a    at time   56450017 ps
inst0 ch0:  R_CMD: ACTCMD    R_f0= 0x10    at time   56450431 ps
inst0 ch0:  R_CMD: ACTCMD    R_r1= 0x3f    at time   56450845 ps
inst0 ch0:  R_CMD: ACTCMD    R_f1= 0x3b    at time   56451259 ps
inst0 ch0:  C_CMD: RDCMD     C_r = 0x015   at time   56464921 ps
inst0 ch0:  C_CMD: RDCMD     C_f = 0x078   at time   56465335 ps
inst0 ch0:  C_CMD: RDCMD     C_r = 0x01d   at time   56468233 ps
inst0 ch0:  C_CMD: RDCMD     C_f = 0x07a   at time   56468647 ps
inst0 ch0:  R_CMD: ACTCMD    R_r0= 0x0a    at time   56522881 ps
inst0 ch0:  R_CMD: ACTCMD    R_f0= 0x10    at time   56523295 ps
inst0 ch0:  R_CMD: ACTCMD    R_r1= 0x3f    at time   56523709 ps
inst0 ch0:  R_CMD: ACTCMD    R_f1= 0x3b    at time   56524123 ps
inst0 ch0:  C_CMD: WRCMD     C_r = 0x011   at time   56533645 ps
inst0 ch0:  C_CMD: WRCMD     C_f = 0x078   at time   56534059 ps
inst0 ch0:  C_CMD: WRCMD     C_r = 0x019   at time   56536957 ps
inst0 ch0:  C_CMD: WRCMD     C_f = 0x07a   at time   56537371 ps
inst0 ch0:  R_CMD: ACTCMD    R_r0= 0x02    at time   56634661 ps
inst0 ch0:  R_CMD: ACTCMD    R_f0= 0x30    at time   56635075 ps
inst0 ch0:  R_CMD: ACTCMD    R_r1= 0x3f    at time   56635489 ps
inst0 ch0:  R_CMD: ACTCMD    R_f1= 0x3b    at time   56635903 ps
inst0 ch0:  C_CMD: RDCMD     C_r = 0x085   at time   56649565 ps
inst0 ch0:  C_CMD: RDCMD     C_f = 0x078   at time   56649979 ps
inst0 ch0:  C_CMD: RDCMD     C_r = 0x08d   at time   56652877 ps
inst0 ch0:  C_CMD: RDCMD     C_f = 0x07a   at time   56653291 ps
inst0 ch0:  R_CMD: ACTCMD    R_r0= 0x0a    at time   56681029 ps
inst0 ch0:  R_CMD: ACTCMD    R_f0= 0x18    at time   56681443 ps
inst0 ch0:  R_CMD: ACTCMD    R_r1= 0x3f    at time   56681857 ps
inst0 ch0:  R_CMD: ACTCMD    R_f1= 0x3b    at time   56682271 ps
inst0 ch0:  C_CMD: RDCMD     C_r = 0x015   at time   56695933 ps
inst0 ch0:  C_CMD: RDCMD     C_f = 0x0f8   at time   56696347 ps
inst0 ch0:  C_CMD: RDCMD     C_r = 0x01d   at time   56699245 ps
inst0 ch0:  C_CMD: RDCMD     C_f = 0x0fa   at time   56699659 ps
inst0 ch0:  R_CMD: ACTCMD    R_r0= 0x02    at time   56702557 ps
inst0 ch0:  R_CMD: ACTCMD    R_f0= 0x30    at time   56702971 ps
inst0 ch0:  R_CMD: ACTCMD    R_r1= 0x3f    at time   56703385 ps
inst0 ch0:  R_CMD: ACTCMD    R_f1= 0x3b    at time   56703799 ps
inst0 ch0:  C_CMD: WRCMD     C_r = 0x081   at time   56713321 ps
inst0 ch0:  C_CMD: WRCMD     C_f = 0x078   at time   56713735 ps
inst0 ch0:  C_CMD: WRCMD     C_r = 0x089   at time   56716633 ps
inst0 ch0:  C_CMD: WRCMD     C_f = 0x07a   at time   56717047 ps
inst0 ch0:  R_CMD: ACTCMD    R_r0= 0x0a    at time   56974141 ps
inst0 ch0:  R_CMD: ACTCMD    R_f0= 0x18    at time   56974555 ps
inst0 ch0:  R_CMD: ACTCMD    R_r1= 0x3f    at time   56974969 ps
inst0 ch0:  R_CMD: ACTCMD    R_f1= 0x3b    at time   56975383 ps
inst0 ch0:  C_CMD: WRCMD     C_r = 0x011   at time   56984905 ps
inst0 ch0:  C_CMD: WRCMD     C_f = 0x0f8   at time   56985319 ps
inst0 ch0:  C_CMD: WRCMD     C_r = 0x019   at time   56988217 ps
inst0 ch0:  C_CMD: WRCMD     C_f = 0x0fa   at time   56988631 ps
inst0 ch0:  R_CMD: ACTCMD    R_r0= 0x02    at time   57065221 ps
inst0 ch0:  R_CMD: ACTCMD    R_f0= 0x38    at time   57065635 ps
inst0 ch0:  R_CMD: ACTCMD    R_r1= 0x3f    at time   57066049 ps
inst0 ch0:  R_CMD: ACTCMD    R_f1= 0x3b    at time   57066463 ps
inst0 ch0:  C_CMD: RDCMD     C_r = 0x085   at time   57080125 ps
inst0 ch0:  C_CMD: RDCMD     C_f = 0x0f8   at time   57080539 ps
inst0 ch0:  C_CMD: RDCMD     C_r = 0x08d   at time   57083437 ps
inst0 ch0:  C_CMD: RDCMD     C_f = 0x0fa   at time   57083851 ps
inst0 ch0:  R_CMD: ACTCMD    R_r0= 0x0a    at time   57095029 ps
inst0 ch0:  R_CMD: ACTCMD    R_f0= 0x30    at time   57095443 ps
inst0 ch0:  R_CMD: ACTCMD    R_r1= 0x3f    at time   57095857 ps
inst0 ch0:  R_CMD: ACTCMD    R_f1= 0x3b    at time   57096271 ps
inst0 ch0:  C_CMD: RDCMD     C_r = 0x095   at time   57109933 ps
inst0 ch0:  C_CMD: RDCMD     C_f = 0x078   at time   57110347 ps
inst0 ch0:  C_CMD: RDCMD     C_r = 0x09d   at time   57113245 ps
inst0 ch0:  C_CMD: RDCMD     C_f = 0x07a   at time   57113659 ps
inst0 ch0:  R_CMD: ACTCMD    R_r0= 0x02    at time   57133117 ps
inst0 ch0:  R_CMD: ACTCMD    R_f0= 0x38    at time   57133531 ps
inst0 ch0:  R_CMD: ACTCMD    R_r1= 0x3f    at time   57133945 ps
inst0 ch0:  R_CMD: ACTCMD    R_f1= 0x3b    at time   57134359 ps
inst0 ch0:  C_CMD: WRCMD     C_r = 0x081   at time   57143881 ps
inst0 ch0:  C_CMD: WRCMD     C_f = 0x0f8   at time   57144295 ps
inst0 ch0:  C_CMD: WRCMD     C_r = 0x089   at time   57147193 ps
inst0 ch0:  C_CMD: WRCMD     C_f = 0x0fa   at time   57147607 ps
inst0 ch0:  R_CMD: ACTCMD    R_r0= 0x0a    at time   57165409 ps
inst0 ch0:  R_CMD: ACTCMD    R_f0= 0x30    at time   57165823 ps
inst0 ch0:  R_CMD: ACTCMD    R_r1= 0x3f    at time   57166237 ps
inst0 ch0:  R_CMD: ACTCMD    R_f1= 0x3b    at time   57166651 ps
inst0 ch0:  C_CMD: WRCMD     C_r = 0x091   at time   57176173 ps
inst0 ch0:  C_CMD: WRCMD     C_f = 0x078   at time   57176587 ps
inst0 ch0:  C_CMD: WRCMD     C_r = 0x099   at time   57179485 ps
inst0 ch0:  C_CMD: WRCMD     C_f = 0x07a   at time   57179899 ps
inst0 ch0:  R_CMD: ACTCMD    R_r0= 0x2e    at time   57235789 ps
inst0 ch0:  R_CMD: ACTCMD    R_f0= 0x20    at time   57236203 ps
inst0 ch0:  R_CMD: ACTCMD    R_r1= 0x00    at time   57236617 ps
inst0 ch0:  R_CMD: ACTCMD    R_f1= 0x02    at time   57237031 ps
inst0 ch0:  R_CMD: ACTCMD    R_r0= 0x0a    at time   57237445 ps
inst0 ch0:  R_CMD: ACTCMD    R_f0= 0x38    at time   57237859 ps
inst0 ch0:  R_CMD: ACTCMD    R_r1= 0x3f    at time   57238273 ps
inst0 ch0:  R_CMD: ACTCMD    R_f1= 0x3b    at time   57238687 ps
inst0 ch0:  C_CMD: RDCMD     C_r = 0x0d5   at time   57250693 ps
inst0 ch0:  C_CMD: RDCMD     C_f = 0x021   at time   57251107 ps
inst0 ch0:  C_CMD: RDCMD     C_r = 0x095   at time   57252349 ps
inst0 ch0:  C_CMD: RDCMD     C_f = 0x0f8   at time   57252763 ps
inst0 ch0:  C_CMD: RDCMD     C_r = 0x0dd   at time   57254005 ps
inst0 ch0:  C_CMD: RDCMD     C_f = 0x023   at time   57254419 ps
inst0 ch0:  C_CMD: RDCMD     C_r = 0x09d   at time   57255661 ps
inst0 ch0:  C_CMD: RDCMD     C_f = 0x0fa   at time   57256075 ps
inst0 ch0:  R_CMD: ACTCMD    R_r0= 0x0a    at time   57311965 ps
inst0 ch0:  R_CMD: ACTCMD    R_f0= 0x38    at time   57312379 ps
inst0 ch0:  R_CMD: ACTCMD    R_r1= 0x3f    at time   57312793 ps
inst0 ch0:  R_CMD: ACTCMD    R_f1= 0x3b    at time   57313207 ps
inst0 ch0:  C_CMD: WRCMD     C_r = 0x091   at time   57322729 ps
inst0 ch0:  C_CMD: WRCMD     C_f = 0x0f8   at time   57323143 ps
inst0 ch0:  C_CMD: WRCMD     C_r = 0x099   at time   57326041 ps
inst0 ch0:  C_CMD: WRCMD     C_f = 0x0fa   at time   57326455 ps
inst0 ch0:  R_CMD: ACTCMD    R_r0= 0x2e    at time   57395593 ps
inst0 ch0:  R_CMD: ACTCMD    R_f0= 0x28    at time   57396007 ps
inst0 ch0:  R_CMD: ACTCMD    R_r1= 0x00    at time   57396421 ps
inst0 ch0:  R_CMD: ACTCMD    R_f1= 0x02    at time   57396835 ps
inst0 ch0:  C_CMD: RDCMD     C_r = 0x0d5   at time   57410497 ps
inst0 ch0:  C_CMD: RDCMD     C_f = 0x0a1   at time   57410911 ps
inst0 ch0:  C_CMD: RDCMD     C_r = 0x0dd   at time   57413809 ps
inst0 ch0:  C_CMD: RDCMD     C_f = 0x0a3   at time   57414223 ps
inst0 ch0:  R_CMD: ACTCMD    R_r0= 0x2e    at time   57543805 ps
inst0 ch0:  R_CMD: ACTCMD    R_f0= 0x20    at time   57544219 ps
inst0 ch0:  R_CMD: ACTCMD    R_r1= 0x00    at time   57544633 ps
inst0 ch0:  R_CMD: ACTCMD    R_f1= 0x02    at time   57545047 ps
inst0 ch0:  C_CMD: RDCMD     C_r = 0x0d5   at time   57558709 ps
inst0 ch0:  C_CMD: RDCMD     C_f = 0x029   at time   57559123 ps
inst0 ch0:  C_CMD: RDCMD     C_r = 0x0dd   at time   57562021 ps
inst0 ch0:  C_CMD: RDCMD     C_f = 0x02b   at time   57562435 ps
inst0 ch0:  R_CMD: ACTCMD    R_r0= 0x2e    at time   57695329 ps
inst0 ch0:  R_CMD: ACTCMD    R_f0= 0x28    at time   57695743 ps
inst0 ch0:  R_CMD: ACTCMD    R_r1= 0x00    at time   57696157 ps
inst0 ch0:  R_CMD: ACTCMD    R_f1= 0x02    at time   57696571 ps
inst0 ch0:  C_CMD: RDCMD     C_r = 0x0d5   at time   57710233 ps
inst0 ch0:  C_CMD: RDCMD     C_f = 0x0a9   at time   57710647 ps
inst0 ch0:  C_CMD: RDCMD     C_r = 0x0dd   at time   57713545 ps
inst0 ch0:  C_CMD: RDCMD     C_f = 0x0ab   at time   57713959 ps
inst0 ch0:  R_CMD: ACTCMD    R_r0= 0x0a    at time   58644217 ps
inst0 ch0:  R_CMD: ACTCMD    R_f0= 0x13    at time   58644631 ps
inst0 ch0:  R_CMD: ACTCMD    R_r1= 0x3f    at time   58645045 ps
inst0 ch0:  R_CMD: ACTCMD    R_f1= 0x3b    at time   58645459 ps
inst0 ch0:  C_CMD: RDCMD     C_r = 0x015   at time   58659121 ps
inst0 ch0:  C_CMD: RDCMD     C_f = 0x010   at time   58659535 ps
inst0 ch0:  C_CMD: RDCMD     C_r = 0x01d   at time   58662433 ps
inst0 ch0:  C_CMD: RDCMD     C_f = 0x012   at time   58662847 ps
inst0 ch0:  R_CMD: ACTCMD    R_r0= 0x0a    at time   58717081 ps
inst0 ch0:  R_CMD: ACTCMD    R_f0= 0x13    at time   58717495 ps
inst0 ch0:  R_CMD: ACTCMD    R_r1= 0x3f    at time   58717909 ps
inst0 ch0:  R_CMD: ACTCMD    R_f1= 0x3b    at time   58718323 ps
inst0 ch0:  C_CMD: WRCMD     C_r = 0x011   at time   58727845 ps
inst0 ch0:  C_CMD: WRCMD     C_f = 0x010   at time   58728259 ps
inst0 ch0:  C_CMD: WRCMD     C_r = 0x019   at time   58731157 ps
inst0 ch0:  C_CMD: WRCMD     C_f = 0x012   at time   58731571 ps
inst0 ch0:  R_CMD: ACTCMD    R_r0= 0x0a    at time   58958029 ps
inst0 ch0:  R_CMD: ACTCMD    R_f0= 0x13    at time   58958443 ps
inst0 ch0:  R_CMD: ACTCMD    R_r1= 0x3f    at time   58958857 ps
inst0 ch0:  R_CMD: ACTCMD    R_f1= 0x3b    at time   58959271 ps
inst0 ch0:  C_CMD: RDCMD     C_r = 0x015   at time   58972933 ps
inst0 ch0:  C_CMD: RDCMD     C_f = 0x010   at time   58973347 ps
inst0 ch0:  C_CMD: RDCMD     C_r = 0x01d   at time   58976245 ps
inst0 ch0:  C_CMD: RDCMD     C_f = 0x012   at time   58976659 ps
inst0 ch0:  R_CMD: ACTCMD    R_r0= 0x0a    at time   59028409 ps
inst0 ch0:  R_CMD: ACTCMD    R_f0= 0x13    at time   59028823 ps
inst0 ch0:  R_CMD: ACTCMD    R_r1= 0x3f    at time   59029237 ps
inst0 ch0:  R_CMD: ACTCMD    R_f1= 0x3b    at time   59029651 ps
inst0 ch0:  C_CMD: WRCMD     C_r = 0x011   at time   59039173 ps
inst0 ch0:  C_CMD: WRCMD     C_f = 0x010   at time   59039587 ps
inst0 ch0:  C_CMD: WRCMD     C_r = 0x019   at time   59042485 ps
inst0 ch0:  C_CMD: WRCMD     C_f = 0x012   at time   59042899 ps
inst0 ch0:  R_CMD: ACTCMD    R_r0= 0x0a    at time   59059045 ps
inst0 ch0:  R_CMD: ACTCMD    R_f0= 0x1b    at time   59059459 ps
inst0 ch0:  R_CMD: ACTCMD    R_r1= 0x3f    at time   59059873 ps
inst0 ch0:  R_CMD: ACTCMD    R_f1= 0x3b    at time   59060287 ps
inst0 ch0:  C_CMD: RDCMD     C_r = 0x015   at time   59073949 ps
inst0 ch0:  C_CMD: RDCMD     C_f = 0x090   at time   59074363 ps
inst0 ch0:  C_CMD: RDCMD     C_r = 0x01d   at time   59077261 ps
inst0 ch0:  C_CMD: RDCMD     C_f = 0x092   at time   59077675 ps
inst0 ch0:  R_CMD: ACTCMD    R_r0= 0x0a    at time   59302477 ps
inst0 ch0:  R_CMD: ACTCMD    R_f0= 0x1b    at time   59302891 ps
inst0 ch0:  R_CMD: ACTCMD    R_r1= 0x3f    at time   59303305 ps
inst0 ch0:  R_CMD: ACTCMD    R_f1= 0x3b    at time   59303719 ps
inst0 ch0:  C_CMD: WRCMD     C_r = 0x011   at time   59313241 ps
inst0 ch0:  C_CMD: WRCMD     C_f = 0x090   at time   59313655 ps
inst0 ch0:  C_CMD: WRCMD     C_r = 0x019   at time   59316553 ps
inst0 ch0:  C_CMD: WRCMD     C_f = 0x092   at time   59316967 ps
inst0 ch0:  R_CMD: ACTCMD    R_r0= 0x0a    at time   59400181 ps
inst0 ch0:  R_CMD: ACTCMD    R_f0= 0x1b    at time   59400595 ps
inst0 ch0:  R_CMD: ACTCMD    R_r1= 0x3f    at time   59401009 ps
inst0 ch0:  R_CMD: ACTCMD    R_f1= 0x3b    at time   59401423 ps
inst0 ch0:  C_CMD: RDCMD     C_r = 0x015   at time   59415085 ps
inst0 ch0:  C_CMD: RDCMD     C_f = 0x090   at time   59415499 ps
inst0 ch0:  C_CMD: RDCMD     C_r = 0x01d   at time   59418397 ps
inst0 ch0:  C_CMD: RDCMD     C_f = 0x092   at time   59418811 ps
inst0 ch0:  R_CMD: ACTCMD    R_r0= 0x0a    at time   59470561 ps
inst0 ch0:  R_CMD: ACTCMD    R_f0= 0x1b    at time   59470975 ps
inst0 ch0:  R_CMD: ACTCMD    R_r1= 0x3f    at time   59471389 ps
inst0 ch0:  R_CMD: ACTCMD    R_f1= 0x3b    at time   59471803 ps
inst0 ch0:  C_CMD: WRCMD     C_r = 0x011   at time   59481325 ps
inst0 ch0:  C_CMD: WRCMD     C_f = 0x090   at time   59481739 ps
inst0 ch0:  C_CMD: WRCMD     C_r = 0x019   at time   59484637 ps
inst0 ch0:  C_CMD: WRCMD     C_f = 0x092   at time   59485051 ps
inst0 ch0:  R_CMD: ACTCMD    R_r0= 0x02    at time   60694345 ps
inst0 ch0:  R_CMD: ACTCMD    R_f0= 0x13    at time   60694759 ps
inst0 ch0:  R_CMD: ACTCMD    R_r1= 0x3f    at time   60695173 ps
inst0 ch0:  R_CMD: ACTCMD    R_f1= 0x3b    at time   60695587 ps
inst0 ch0:  C_CMD: RDCMD     C_r = 0x005   at time   60709249 ps
inst0 ch0:  C_CMD: RDCMD     C_f = 0x000   at time   60709663 ps
inst0 ch0:  C_CMD: RDCMD     C_r = 0x00d   at time   60712561 ps
inst0 ch0:  C_CMD: RDCMD     C_f = 0x002   at time   60712975 ps
inst0 ch0:  R_CMD: ACTCMD    R_r0= 0x02    at time   60722497 ps
inst0 ch0:  R_CMD: ACTCMD    R_f0= 0x1b    at time   60722911 ps
inst0 ch0:  R_CMD: ACTCMD    R_r1= 0x3f    at time   60723325 ps
inst0 ch0:  R_CMD: ACTCMD    R_f1= 0x3b    at time   60723739 ps
inst0 ch0:  C_CMD: RDCMD     C_r = 0x005   at time   60737401 ps
inst0 ch0:  C_CMD: RDCMD     C_f = 0x080   at time   60737815 ps
inst0 ch0:  C_CMD: RDCMD     C_r = 0x00d   at time   60740713 ps
inst0 ch0:  C_CMD: RDCMD     C_f = 0x082   at time   60741127 ps
inst0 ch0:  R_CMD: ACTCMD    R_r0= 0x02    at time   60764725 ps
inst0 ch0:  R_CMD: ACTCMD    R_f0= 0x13    at time   60765139 ps
inst0 ch0:  R_CMD: ACTCMD    R_r1= 0x3f    at time   60765553 ps
inst0 ch0:  R_CMD: ACTCMD    R_f1= 0x3b    at time   60765967 ps
inst0 ch0:  C_CMD: WRCMD     C_r = 0x001   at time   60775489 ps
inst0 ch0:  C_CMD: WRCMD     C_f = 0x000   at time   60775903 ps
inst0 ch0:  C_CMD: WRCMD     C_r = 0x009   at time   60778801 ps
inst0 ch0:  C_CMD: WRCMD     C_f = 0x002   at time   60779215 ps
inst0 ch0:  R_CMD: ACTCMD    R_r0= 0x02    at time   60792877 ps
inst0 ch0:  R_CMD: ACTCMD    R_f0= 0x1b    at time   60793291 ps
inst0 ch0:  R_CMD: ACTCMD    R_r1= 0x3f    at time   60793705 ps
inst0 ch0:  R_CMD: ACTCMD    R_f1= 0x3b    at time   60794119 ps
inst0 ch0:  C_CMD: WRCMD     C_r = 0x001   at time   60803641 ps
inst0 ch0:  C_CMD: WRCMD     C_f = 0x080   at time   60804055 ps
inst0 ch0:  C_CMD: WRCMD     C_r = 0x009   at time   60806953 ps
inst0 ch0:  C_CMD: WRCMD     C_f = 0x082   at time   60807367 ps
inst0 ch0:  R_CMD: ACTCMD    R_r0= 0x02    at time   60884785 ps
inst0 ch0:  R_CMD: ACTCMD    R_f0= 0x1b    at time   60885199 ps
inst0 ch0:  R_CMD: ACTCMD    R_r1= 0x3f    at time   60885613 ps
inst0 ch0:  R_CMD: ACTCMD    R_f1= 0x3b    at time   60886027 ps
inst0 ch0:  C_CMD: RDCMD     C_r = 0x005   at time   60899689 ps
inst0 ch0:  C_CMD: RDCMD     C_f = 0x080   at time   60900103 ps
inst0 ch0:  C_CMD: RDCMD     C_r = 0x00d   at time   60903001 ps
inst0 ch0:  C_CMD: RDCMD     C_f = 0x082   at time   60903415 ps
inst0 ch0:  R_CMD: ACTCMD    R_r0= 0x02    at time   60920389 ps
inst0 ch0:  R_CMD: ACTCMD    R_f0= 0x13    at time   60920803 ps
inst0 ch0:  R_CMD: ACTCMD    R_r1= 0x3f    at time   60921217 ps
inst0 ch0:  R_CMD: ACTCMD    R_f1= 0x3b    at time   60921631 ps
inst0 ch0:  C_CMD: RDCMD     C_r = 0x005   at time   60935293 ps
inst0 ch0:  C_CMD: RDCMD     C_f = 0x000   at time   60935707 ps
inst0 ch0:  C_CMD: RDCMD     C_r = 0x00d   at time   60938605 ps
inst0 ch0:  C_CMD: RDCMD     C_f = 0x002   at time   60939019 ps
inst0 ch0:  R_CMD: ACTCMD    R_r0= 0x02    at time   60952681 ps
inst0 ch0:  R_CMD: ACTCMD    R_f0= 0x1b    at time   60953095 ps
inst0 ch0:  R_CMD: ACTCMD    R_r1= 0x3f    at time   60953509 ps
inst0 ch0:  R_CMD: ACTCMD    R_f1= 0x3b    at time   60953923 ps
inst0 ch0:  C_CMD: WRCMD     C_r = 0x001   at time   60963445 ps
inst0 ch0:  C_CMD: WRCMD     C_f = 0x080   at time   60963859 ps
inst0 ch0:  C_CMD: WRCMD     C_r = 0x009   at time   60966757 ps
inst0 ch0:  C_CMD: WRCMD     C_f = 0x082   at time   60967171 ps
inst0 ch0:  R_CMD: ACTCMD    R_r0= 0x02    at time   60990769 ps
inst0 ch0:  R_CMD: ACTCMD    R_f0= 0x13    at time   60991183 ps
inst0 ch0:  R_CMD: ACTCMD    R_r1= 0x3f    at time   60991597 ps
inst0 ch0:  R_CMD: ACTCMD    R_f1= 0x3b    at time   60992011 ps
inst0 ch0:  C_CMD: WRCMD     C_r = 0x001   at time   61001533 ps
inst0 ch0:  C_CMD: WRCMD     C_f = 0x000   at time   61001947 ps
inst0 ch0:  C_CMD: WRCMD     C_r = 0x009   at time   61004845 ps
inst0 ch0:  C_CMD: WRCMD     C_f = 0x002   at time   61005259 ps
inst0 ch0:  R_CMD: ACTCMD    R_r0= 0x02    at time   62055577 ps
inst0 ch0:  R_CMD: ACTCMD    R_f0= 0x08    at time   62055991 ps
inst0 ch0:  R_CMD: ACTCMD    R_r1= 0x00    at time   62056405 ps
inst0 ch0:  R_CMD: ACTCMD    R_f1= 0x00    at time   62056819 ps
inst0 ch0:  C_CMD: RDCMD     C_r = 0x005   at time   62070481 ps
inst0 ch0:  C_CMD: RDCMD     C_f = 0x098   at time   62070895 ps
inst0 ch0:  C_CMD: RDCMD     C_r = 0x005   at time   62073793 ps
inst0 ch0:  C_CMD: RDCMD     C_f = 0x09a   at time   62074207 ps
inst0 ch0:  C_CMD: RDCMD     C_r = 0x005   at time   62077105 ps
inst0 ch0:  C_CMD: RDCMD     C_f = 0x090   at time   62077519 ps
inst0 ch0:  C_CMD: RDCMD     C_r = 0x005   at time   62080417 ps
inst0 ch0:  C_CMD: RDCMD     C_f = 0x092   at time   62080831 ps
inst0 ch0:  C_CMD: RDCMD     C_r = 0x005   at time   62083729 ps
inst0 ch0:  C_CMD: RDCMD     C_f = 0x088   at time   62084143 ps
inst0 ch0:  C_CMD: RDCMD     C_r = 0x005   at time   62087041 ps
inst0 ch0:  C_CMD: RDCMD     C_f = 0x08a   at time   62087455 ps
inst0 ch0:  C_CMD: RDCMD     C_r = 0x005   at time   62090353 ps
inst0 ch0:  C_CMD: RDCMD     C_f = 0x080   at time   62090767 ps
inst0 ch0:  C_CMD: RDCMD     C_r = 0x00d   at time   62093665 ps
inst0 ch0:  C_CMD: RDCMD     C_f = 0x082   at time   62094079 ps
inst0 ch0:  R_CMD: ACTCMD    R_r0= 0x02    at time   62127613 ps
inst0 ch0:  R_CMD: ACTCMD    R_f0= 0x00    at time   62128027 ps
inst0 ch0:  R_CMD: ACTCMD    R_r1= 0x00    at time   62128441 ps
inst0 ch0:  R_CMD: ACTCMD    R_f1= 0x00    at time   62128855 ps
inst0 ch0:  C_CMD: RDCMD     C_r = 0x005   at time   62142517 ps
inst0 ch0:  C_CMD: RDCMD     C_f = 0x018   at time   62142931 ps
inst0 ch0:  C_CMD: RDCMD     C_r = 0x005   at time   62145829 ps
inst0 ch0:  C_CMD: RDCMD     C_f = 0x01a   at time   62146243 ps
inst0 ch0:  C_CMD: RDCMD     C_r = 0x005   at time   62149141 ps
inst0 ch0:  C_CMD: RDCMD     C_f = 0x010   at time   62149555 ps
inst0 ch0:  C_CMD: RDCMD     C_r = 0x005   at time   62152453 ps
inst0 ch0:  C_CMD: RDCMD     C_f = 0x012   at time   62152867 ps
inst0 ch0:  C_CMD: RDCMD     C_r = 0x005   at time   62155765 ps
inst0 ch0:  C_CMD: RDCMD     C_f = 0x008   at time   62156179 ps
inst0 ch0:  C_CMD: RDCMD     C_r = 0x005   at time   62159077 ps
inst0 ch0:  C_CMD: RDCMD     C_f = 0x00a   at time   62159491 ps
inst0 ch0:  C_CMD: RDCMD     C_r = 0x005   at time   62162389 ps
inst0 ch0:  C_CMD: RDCMD     C_f = 0x000   at time   62162803 ps
inst0 ch0:  C_CMD: RDCMD     C_r = 0x00d   at time   62165701 ps
inst0 ch0:  C_CMD: RDCMD     C_f = 0x002   at time   62166115 ps
inst0 ch0:  R_CMD: ACTCMD    R_r0= 0x0a    at time   62290729 ps
inst0 ch0:  R_CMD: ACTCMD    R_f0= 0x08    at time   62291143 ps
inst0 ch0:  R_CMD: ACTCMD    R_r1= 0x00    at time   62291557 ps
inst0 ch0:  R_CMD: ACTCMD    R_f1= 0x00    at time   62291971 ps
inst0 ch0:  C_CMD: RDCMD     C_r = 0x015   at time   62305633 ps
inst0 ch0:  C_CMD: RDCMD     C_f = 0x098   at time   62306047 ps
inst0 ch0:  C_CMD: RDCMD     C_r = 0x015   at time   62308945 ps
inst0 ch0:  C_CMD: RDCMD     C_f = 0x09a   at time   62309359 ps
inst0 ch0:  C_CMD: RDCMD     C_r = 0x015   at time   62312257 ps
inst0 ch0:  C_CMD: RDCMD     C_f = 0x090   at time   62312671 ps
inst0 ch0:  C_CMD: RDCMD     C_r = 0x015   at time   62315569 ps
inst0 ch0:  C_CMD: RDCMD     C_f = 0x092   at time   62315983 ps
inst0 ch0:  C_CMD: RDCMD     C_r = 0x015   at time   62318881 ps
inst0 ch0:  C_CMD: RDCMD     C_f = 0x088   at time   62319295 ps
inst0 ch0:  C_CMD: RDCMD     C_r = 0x015   at time   62322193 ps
inst0 ch0:  C_CMD: RDCMD     C_f = 0x08a   at time   62322607 ps
inst0 ch0:  C_CMD: RDCMD     C_r = 0x015   at time   62325505 ps
inst0 ch0:  C_CMD: RDCMD     C_f = 0x080   at time   62325919 ps
inst0 ch0:  C_CMD: RDCMD     C_r = 0x01d   at time   62328817 ps
inst0 ch0:  C_CMD: RDCMD     C_f = 0x082   at time   62329231 ps
inst0 ch0:  R_CMD: ACTCMD    R_r0= 0x0a    at time   62633521 ps
inst0 ch0:  R_CMD: ACTCMD    R_f0= 0x00    at time   62633935 ps
inst0 ch0:  R_CMD: ACTCMD    R_r1= 0x00    at time   62634349 ps
inst0 ch0:  R_CMD: ACTCMD    R_f1= 0x00    at time   62634763 ps
inst0 ch0:  C_CMD: RDCMD     C_r = 0x015   at time   62648425 ps
inst0 ch0:  C_CMD: RDCMD     C_f = 0x018   at time   62648839 ps
inst0 ch0:  C_CMD: RDCMD     C_r = 0x015   at time   62651737 ps
inst0 ch0:  C_CMD: RDCMD     C_f = 0x01a   at time   62652151 ps
inst0 ch0:  C_CMD: RDCMD     C_r = 0x015   at time   62655049 ps
inst0 ch0:  C_CMD: RDCMD     C_f = 0x010   at time   62655463 ps
inst0 ch0:  C_CMD: RDCMD     C_r = 0x015   at time   62658361 ps
inst0 ch0:  C_CMD: RDCMD     C_f = 0x012   at time   62658775 ps
inst0 ch0:  C_CMD: RDCMD     C_r = 0x015   at time   62661673 ps
inst0 ch0:  C_CMD: RDCMD     C_f = 0x008   at time   62662087 ps
inst0 ch0:  C_CMD: RDCMD     C_r = 0x015   at time   62664985 ps
inst0 ch0:  C_CMD: RDCMD     C_f = 0x00a   at time   62665399 ps
inst0 ch0:  C_CMD: RDCMD     C_r = 0x015   at time   62668297 ps
inst0 ch0:  C_CMD: RDCMD     C_f = 0x000   at time   62668711 ps
inst0 ch0:  C_CMD: RDCMD     C_r = 0x01d   at time   62671609 ps
inst0 ch0:  C_CMD: RDCMD     C_f = 0x002   at time   62672023 ps
inst0 ch0:  R_CMD: ACTCMD    R_r0= 0x0a    at time   62690653 ps
inst0 ch0:  R_CMD: ACTCMD    R_f0= 0x08    at time   62691067 ps
inst0 ch0:  R_CMD: ACTCMD    R_r1= 0x00    at time   62691481 ps
inst0 ch0:  R_CMD: ACTCMD    R_f1= 0x00    at time   62691895 ps
inst0 ch0:  C_CMD: RDCMD     C_r = 0x015   at time   62705557 ps
inst0 ch0:  C_CMD: RDCMD     C_f = 0x0b8   at time   62705971 ps
inst0 ch0:  C_CMD: RDCMD     C_r = 0x015   at time   62708869 ps
inst0 ch0:  C_CMD: RDCMD     C_f = 0x0ba   at time   62709283 ps
inst0 ch0:  C_CMD: RDCMD     C_r = 0x015   at time   62712181 ps
inst0 ch0:  C_CMD: RDCMD     C_f = 0x0b0   at time   62712595 ps
inst0 ch0:  C_CMD: RDCMD     C_r = 0x015   at time   62715493 ps
inst0 ch0:  C_CMD: RDCMD     C_f = 0x0b2   at time   62715907 ps
inst0 ch0:  C_CMD: RDCMD     C_r = 0x015   at time   62718805 ps
inst0 ch0:  C_CMD: RDCMD     C_f = 0x0a8   at time   62719219 ps
inst0 ch0:  C_CMD: RDCMD     C_r = 0x015   at time   62722117 ps
inst0 ch0:  C_CMD: RDCMD     C_f = 0x0aa   at time   62722531 ps
inst0 ch0:  C_CMD: RDCMD     C_r = 0x015   at time   62725429 ps
inst0 ch0:  C_CMD: RDCMD     C_f = 0x0a0   at time   62725843 ps
inst0 ch0:  C_CMD: RDCMD     C_r = 0x01d   at time   62728741 ps
inst0 ch0:  C_CMD: RDCMD     C_f = 0x0a2   at time   62729155 ps
inst0 ch0:  R_CMD: ACTCMD    R_r0= 0x0a    at time   62763517 ps
inst0 ch0:  R_CMD: ACTCMD    R_f0= 0x08    at time   62763931 ps
inst0 ch0:  R_CMD: ACTCMD    R_r1= 0x00    at time   62764345 ps
inst0 ch0:  R_CMD: ACTCMD    R_f1= 0x00    at time   62764759 ps
inst0 ch0:  C_CMD: WRCMD     C_r = 0x011   at time   62774281 ps
inst0 ch0:  C_CMD: WRCMD     C_f = 0x0b8   at time   62774695 ps
inst0 ch0:  C_CMD: WRCMD     C_r = 0x011   at time   62777593 ps
inst0 ch0:  C_CMD: WRCMD     C_f = 0x0ba   at time   62778007 ps
inst0 ch0:  C_CMD: WRCMD     C_r = 0x011   at time   62780905 ps
inst0 ch0:  C_CMD: WRCMD     C_f = 0x0a8   at time   62781319 ps
inst0 ch0:  C_CMD: WRCMD     C_r = 0x011   at time   62784217 ps
inst0 ch0:  C_CMD: WRCMD     C_f = 0x0aa   at time   62784631 ps
inst0 ch0:  C_CMD: WRCMD     C_r = 0x011   at time   62787529 ps
inst0 ch0:  C_CMD: WRCMD     C_f = 0x0b0   at time   62787943 ps
inst0 ch0:  C_CMD: WRCMD     C_r = 0x011   at time   62790841 ps
inst0 ch0:  C_CMD: WRCMD     C_f = 0x0b2   at time   62791255 ps
inst0 ch0:  C_CMD: WRCMD     C_r = 0x011   at time   62794153 ps
inst0 ch0:  C_CMD: WRCMD     C_f = 0x0a0   at time   62794567 ps
inst0 ch0:  C_CMD: WRCMD     C_r = 0x019   at time   62797465 ps
inst0 ch0:  C_CMD: WRCMD     C_f = 0x0a2   at time   62797879 ps
inst0 ch0:  R_CMD: ACTCMD    R_r0= 0x0a    at time   62822305 ps
inst0 ch0:  R_CMD: ACTCMD    R_f0= 0x00    at time   62822719 ps
inst0 ch0:  R_CMD: ACTCMD    R_r1= 0x00    at time   62823133 ps
inst0 ch0:  R_CMD: ACTCMD    R_f1= 0x00    at time   62823547 ps
inst0 ch0:  C_CMD: RDCMD     C_r = 0x015   at time   62837209 ps
inst0 ch0:  C_CMD: RDCMD     C_f = 0x038   at time   62837623 ps
inst0 ch0:  C_CMD: RDCMD     C_r = 0x015   at time   62840521 ps
inst0 ch0:  C_CMD: RDCMD     C_f = 0x03a   at time   62840935 ps
inst0 ch0:  C_CMD: RDCMD     C_r = 0x015   at time   62843833 ps
inst0 ch0:  C_CMD: RDCMD     C_f = 0x030   at time   62844247 ps
inst0 ch0:  C_CMD: RDCMD     C_r = 0x015   at time   62847145 ps
inst0 ch0:  C_CMD: RDCMD     C_f = 0x032   at time   62847559 ps
inst0 ch0:  C_CMD: RDCMD     C_r = 0x015   at time   62850457 ps
inst0 ch0:  C_CMD: RDCMD     C_f = 0x028   at time   62850871 ps
inst0 ch0:  C_CMD: RDCMD     C_r = 0x015   at time   62853769 ps
inst0 ch0:  C_CMD: RDCMD     C_f = 0x02a   at time   62854183 ps
inst0 ch0:  C_CMD: RDCMD     C_r = 0x015   at time   62857081 ps
inst0 ch0:  C_CMD: RDCMD     C_f = 0x020   at time   62857495 ps
inst0 ch0:  C_CMD: RDCMD     C_r = 0x01d   at time   62860393 ps
inst0 ch0:  C_CMD: RDCMD     C_f = 0x022   at time   62860807 ps
inst0 ch0:  R_CMD: ACTCMD    R_r0= 0x0a    at time   62895169 ps
inst0 ch0:  R_CMD: ACTCMD    R_f0= 0x00    at time   62895583 ps
inst0 ch0:  R_CMD: ACTCMD    R_r1= 0x00    at time   62895997 ps
inst0 ch0:  R_CMD: ACTCMD    R_f1= 0x00    at time   62896411 ps
inst0 ch0:  C_CMD: WRCMD     C_r = 0x011   at time   62905933 ps
inst0 ch0:  C_CMD: WRCMD     C_f = 0x038   at time   62906347 ps
inst0 ch0:  C_CMD: WRCMD     C_r = 0x011   at time   62909245 ps
inst0 ch0:  C_CMD: WRCMD     C_f = 0x03a   at time   62909659 ps
inst0 ch0:  C_CMD: WRCMD     C_r = 0x011   at time   62912557 ps
inst0 ch0:  C_CMD: WRCMD     C_f = 0x030   at time   62912971 ps
inst0 ch0:  C_CMD: WRCMD     C_r = 0x011   at time   62915869 ps
inst0 ch0:  C_CMD: WRCMD     C_f = 0x032   at time   62916283 ps
inst0 ch0:  C_CMD: WRCMD     C_r = 0x011   at time   62919181 ps
inst0 ch0:  C_CMD: WRCMD     C_f = 0x028   at time   62919595 ps
inst0 ch0:  C_CMD: WRCMD     C_r = 0x011   at time   62922493 ps
inst0 ch0:  C_CMD: WRCMD     C_f = 0x02a   at time   62922907 ps
inst0 ch0:  C_CMD: WRCMD     C_r = 0x011   at time   62925805 ps
inst0 ch0:  C_CMD: WRCMD     C_f = 0x020   at time   62926219 ps
inst0 ch0:  C_CMD: WRCMD     C_r = 0x019   at time   62929117 ps
inst0 ch0:  C_CMD: WRCMD     C_f = 0x022   at time   62929531 ps
inst0 ch0:  R_CMD: ACTCMD    R_r0= 0x02    at time   63662725 ps
inst0 ch0:  R_CMD: ACTCMD    R_f0= 0x13    at time   63663139 ps
inst0 ch0:  R_CMD: ACTCMD    R_r1= 0x3f    at time   63663553 ps
inst0 ch0:  R_CMD: ACTCMD    R_f1= 0x3b    at time   63663967 ps
inst0 ch0:  C_CMD: RDCMD     C_r = 0x005   at time   63677629 ps
inst0 ch0:  C_CMD: RDCMD     C_f = 0x000   at time   63678043 ps
inst0 ch0:  C_CMD: RDCMD     C_r = 0x00d   at time   63680941 ps
inst0 ch0:  C_CMD: RDCMD     C_f = 0x002   at time   63681355 ps
inst0 ch0:  R_CMD: ACTCMD    R_r0= 0x02    at time   63707437 ps
inst0 ch0:  R_CMD: ACTCMD    R_f0= 0x1b    at time   63707851 ps
inst0 ch0:  R_CMD: ACTCMD    R_r1= 0x3f    at time   63708265 ps
inst0 ch0:  R_CMD: ACTCMD    R_f1= 0x3b    at time   63708679 ps
inst0 ch0:  C_CMD: RDCMD     C_r = 0x005   at time   63722341 ps
inst0 ch0:  C_CMD: RDCMD     C_f = 0x080   at time   63722755 ps
inst0 ch0:  C_CMD: RDCMD     C_r = 0x00d   at time   63725653 ps
inst0 ch0:  C_CMD: RDCMD     C_f = 0x082   at time   63726067 ps
inst0 ch0:  R_CMD: ACTCMD    R_r0= 0x02    at time   63941761 ps
inst0 ch0:  R_CMD: ACTCMD    R_f0= 0x13    at time   63942175 ps
inst0 ch0:  R_CMD: ACTCMD    R_r1= 0x3f    at time   63942589 ps
inst0 ch0:  R_CMD: ACTCMD    R_f1= 0x3b    at time   63943003 ps
inst0 ch0:  R_CMD: ACTCMD    R_r0= 0x02    at time   63944245 ps
inst0 ch0:  R_CMD: ACTCMD    R_f0= 0x1b    at time   63944659 ps
inst0 ch0:  R_CMD: ACTCMD    R_r1= 0x3f    at time   63945073 ps
inst0 ch0:  R_CMD: ACTCMD    R_f1= 0x3b    at time   63945487 ps
inst0 ch0:  C_CMD: WRCMD     C_r = 0x001   at time   63952525 ps
inst0 ch0:  C_CMD: WRCMD     C_f = 0x000   at time   63952939 ps
inst0 ch0:  C_CMD: WRCMD     C_r = 0x001   at time   63955009 ps
inst0 ch0:  C_CMD: WRCMD     C_f = 0x080   at time   63955423 ps
inst0 ch0:  C_CMD: WRCMD     C_r = 0x009   at time   63955837 ps
inst0 ch0:  C_CMD: WRCMD     C_f = 0x002   at time   63956251 ps
inst0 ch0:  C_CMD: WRCMD     C_r = 0x009   at time   63958321 ps
inst0 ch0:  C_CMD: WRCMD     C_f = 0x082   at time   63958735 ps
inst0 ch0:  R_CMD: ACTCMD    R_r0= 0x02    at time   64083349 ps
inst0 ch0:  R_CMD: ACTCMD    R_f0= 0x1b    at time   64083763 ps
inst0 ch0:  R_CMD: ACTCMD    R_r1= 0x3f    at time   64084177 ps
inst0 ch0:  R_CMD: ACTCMD    R_f1= 0x3b    at time   64084591 ps
inst0 ch0:  R_CMD: ACTCMD    R_r0= 0x02    at time   64089145 ps
inst0 ch0:  R_CMD: ACTCMD    R_f0= 0x13    at time   64089559 ps
inst0 ch0:  R_CMD: ACTCMD    R_r1= 0x3f    at time   64089973 ps
inst0 ch0:  R_CMD: ACTCMD    R_f1= 0x3b    at time   64090387 ps
inst0 ch0:  C_CMD: RDCMD     C_r = 0x005   at time   64098253 ps
inst0 ch0:  C_CMD: RDCMD     C_f = 0x080   at time   64098667 ps
inst0 ch0:  C_CMD: RDCMD     C_r = 0x00d   at time   64101565 ps
inst0 ch0:  C_CMD: RDCMD     C_f = 0x082   at time   64101979 ps
inst0 ch0:  C_CMD: RDCMD     C_r = 0x005   at time   64104049 ps
inst0 ch0:  C_CMD: RDCMD     C_f = 0x000   at time   64104463 ps
inst0 ch0:  C_CMD: RDCMD     C_r = 0x00d   at time   64107361 ps
inst0 ch0:  C_CMD: RDCMD     C_f = 0x002   at time   64107775 ps
inst0 ch0:  R_CMD: ACTCMD    R_r0= 0x02    at time   64151245 ps
inst0 ch0:  R_CMD: ACTCMD    R_f0= 0x1b    at time   64151659 ps
inst0 ch0:  R_CMD: ACTCMD    R_r1= 0x3f    at time   64152073 ps
inst0 ch0:  R_CMD: ACTCMD    R_f1= 0x3b    at time   64152487 ps
inst0 ch0:  R_CMD: ACTCMD    R_r0= 0x02    at time   64159525 ps
inst0 ch0:  R_CMD: ACTCMD    R_f0= 0x13    at time   64159939 ps
inst0 ch0:  R_CMD: ACTCMD    R_r1= 0x3f    at time   64160353 ps
inst0 ch0:  R_CMD: ACTCMD    R_f1= 0x3b    at time   64160767 ps
inst0 ch0:  C_CMD: WRCMD     C_r = 0x001   at time   64162009 ps
inst0 ch0:  C_CMD: WRCMD     C_f = 0x080   at time   64162423 ps
inst0 ch0:  C_CMD: WRCMD     C_r = 0x009   at time   64165321 ps
inst0 ch0:  C_CMD: WRCMD     C_f = 0x082   at time   64165735 ps
inst0 ch0:  C_CMD: WRCMD     C_r = 0x001   at time   64170289 ps
inst0 ch0:  C_CMD: WRCMD     C_f = 0x000   at time   64170703 ps
inst0 ch0:  C_CMD: WRCMD     C_r = 0x009   at time   64173601 ps
inst0 ch0:  C_CMD: WRCMD     C_f = 0x002   at time   64174015 ps
inst0 ch0:  R_CMD: ACTCMD    R_r0= 0x0a    at time   64510597 ps
inst0 ch0:  R_CMD: ACTCMD    R_f0= 0x11    at time   64511011 ps
inst0 ch0:  R_CMD: ACTCMD    R_r1= 0x3f    at time   64511425 ps
inst0 ch0:  R_CMD: ACTCMD    R_f1= 0x3b    at time   64511839 ps
inst0 ch0:  R_CMD: ACTCMD    R_r0= 0x02    at time   64514737 ps
inst0 ch0:  R_CMD: ACTCMD    R_f0= 0x11    at time   64515151 ps
inst0 ch0:  R_CMD: ACTCMD    R_r1= 0x3f    at time   64515565 ps
inst0 ch0:  R_CMD: ACTCMD    R_f1= 0x3b    at time   64515979 ps
inst0 ch0:  C_CMD: RDCMD     C_r = 0x015   at time   64525501 ps
inst0 ch0:  C_CMD: RDCMD     C_f = 0x078   at time   64525915 ps
inst0 ch0:  C_CMD: RDCMD     C_r = 0x01d   at time   64528813 ps
inst0 ch0:  C_CMD: RDCMD     C_f = 0x07a   at time   64529227 ps
inst0 ch0:  C_CMD: RDCMD     C_r = 0x005   at time   64532125 ps
inst0 ch0:  C_CMD: RDCMD     C_f = 0x078   at time   64532539 ps
inst0 ch0:  C_CMD: RDCMD     C_r = 0x00d   at time   64535437 ps
inst0 ch0:  C_CMD: RDCMD     C_f = 0x07a   at time   64535851 ps
inst0 ch0:  R_CMD: ACTCMD    R_r0= 0x0a    at time   64563589 ps
inst0 ch0:  R_CMD: ACTCMD    R_f0= 0x19    at time   64564003 ps
inst0 ch0:  R_CMD: ACTCMD    R_r1= 0x3f    at time   64564417 ps
inst0 ch0:  R_CMD: ACTCMD    R_f1= 0x3b    at time   64564831 ps
inst0 ch0:  R_CMD: ACTCMD    R_r0= 0x02    at time   64567729 ps
inst0 ch0:  R_CMD: ACTCMD    R_f0= 0x19    at time   64568143 ps
inst0 ch0:  R_CMD: ACTCMD    R_r1= 0x3f    at time   64568557 ps
inst0 ch0:  R_CMD: ACTCMD    R_f1= 0x3b    at time   64568971 ps
inst0 ch0:  R_CMD: ACTCMD    R_r0= 0x0a    at time   64578493 ps
inst0 ch0:  C_CMD: RDCMD     C_r = 0x015   at time   64578493 ps
inst0 ch0:  R_CMD: ACTCMD    R_f0= 0x11    at time   64578907 ps
inst0 ch0:  C_CMD: RDCMD     C_f = 0x0f8   at time   64578907 ps
inst0 ch0:  R_CMD: ACTCMD    R_r1= 0x3f    at time   64579321 ps
inst0 ch0:  R_CMD: ACTCMD    R_f1= 0x3b    at time   64579735 ps
inst0 ch0:  C_CMD: RDCMD     C_r = 0x01d   at time   64581805 ps
inst0 ch0:  C_CMD: RDCMD     C_f = 0x0fa   at time   64582219 ps
inst0 ch0:  R_CMD: ACTCMD    R_r0= 0x02    at time   64585117 ps
inst0 ch0:  C_CMD: RDCMD     C_r = 0x005   at time   64585117 ps
inst0 ch0:  R_CMD: ACTCMD    R_f0= 0x11    at time   64585531 ps
inst0 ch0:  C_CMD: RDCMD     C_f = 0x0f8   at time   64585531 ps
inst0 ch0:  R_CMD: ACTCMD    R_r1= 0x3f    at time   64585945 ps
inst0 ch0:  R_CMD: ACTCMD    R_f1= 0x3b    at time   64586359 ps
inst0 ch0:  C_CMD: RDCMD     C_r = 0x00d   at time   64588429 ps
inst0 ch0:  C_CMD: RDCMD     C_f = 0x0fa   at time   64588843 ps
inst0 ch0:  C_CMD: WRCMD     C_r = 0x011   at time   64589257 ps
inst0 ch0:  C_CMD: WRCMD     C_f = 0x078   at time   64589671 ps
inst0 ch0:  C_CMD: WRCMD     C_r = 0x019   at time   64592569 ps
inst0 ch0:  C_CMD: WRCMD     C_f = 0x07a   at time   64592983 ps
inst0 ch0:  C_CMD: WRCMD     C_r = 0x001   at time   64595881 ps
inst0 ch0:  C_CMD: WRCMD     C_f = 0x078   at time   64596295 ps
inst0 ch0:  C_CMD: WRCMD     C_r = 0x009   at time   64599193 ps
inst0 ch0:  C_CMD: WRCMD     C_f = 0x07a   at time   64599607 ps
inst0 ch0:  R_CMD: ACTCMD    R_r0= 0x0a    at time   64633969 ps
inst0 ch0:  R_CMD: ACTCMD    R_f0= 0x19    at time   64634383 ps
inst0 ch0:  R_CMD: ACTCMD    R_r1= 0x3f    at time   64634797 ps
inst0 ch0:  R_CMD: ACTCMD    R_f1= 0x3b    at time   64635211 ps
inst0 ch0:  R_CMD: ACTCMD    R_r0= 0x02    at time   64640593 ps
inst0 ch0:  R_CMD: ACTCMD    R_f0= 0x19    at time   64641007 ps
inst0 ch0:  R_CMD: ACTCMD    R_r1= 0x3f    at time   64641421 ps
inst0 ch0:  R_CMD: ACTCMD    R_f1= 0x3b    at time   64641835 ps
inst0 ch0:  C_CMD: WRCMD     C_r = 0x011   at time   64644733 ps
inst0 ch0:  C_CMD: WRCMD     C_f = 0x0f8   at time   64645147 ps
inst0 ch0:  C_CMD: WRCMD     C_r = 0x019   at time   64648045 ps
inst0 ch0:  C_CMD: WRCMD     C_f = 0x0fa   at time   64648459 ps
inst0 ch0:  C_CMD: WRCMD     C_r = 0x001   at time   64651357 ps
inst0 ch0:  C_CMD: WRCMD     C_f = 0x0f8   at time   64651771 ps
inst0 ch0:  C_CMD: WRCMD     C_r = 0x009   at time   64654669 ps
inst0 ch0:  C_CMD: WRCMD     C_f = 0x0fa   at time   64655083 ps
inst0 ch0:  R_CMD: ACTCMD    R_r0= 0x0a    at time   65364265 ps
inst0 ch0:  R_CMD: ACTCMD    R_f0= 0x0a    at time   65364679 ps
inst0 ch0:  R_CMD: ACTCMD    R_r1= 0x00    at time   65365093 ps
inst0 ch0:  R_CMD: ACTCMD    R_f1= 0x00    at time   65365507 ps
inst0 ch0:  R_CMD: ACTCMD    R_r0= 0x02    at time   65368405 ps
inst0 ch0:  R_CMD: ACTCMD    R_f0= 0x0a    at time   65368819 ps
inst0 ch0:  R_CMD: ACTCMD    R_r1= 0x00    at time   65369233 ps
inst0 ch0:  R_CMD: ACTCMD    R_f1= 0x00    at time   65369647 ps
inst0 ch0:  C_CMD: RDCMD     C_r = 0x015   at time   65379169 ps
inst0 ch0:  C_CMD: RDCMD     C_f = 0x080   at time   65379583 ps
inst0 ch0:  C_CMD: RDCMD     C_r = 0x01d   at time   65382481 ps
inst0 ch0:  C_CMD: RDCMD     C_f = 0x082   at time   65382895 ps
inst0 ch0:  C_CMD: RDCMD     C_r = 0x005   at time   65385793 ps
inst0 ch0:  C_CMD: RDCMD     C_f = 0x080   at time   65386207 ps
inst0 ch0:  C_CMD: RDCMD     C_r = 0x00d   at time   65389105 ps
inst0 ch0:  C_CMD: RDCMD     C_f = 0x082   at time   65389519 ps
inst0 ch0:  R_CMD: ACTCMD    R_r0= 0x0a    at time   65692153 ps
inst0 ch0:  R_CMD: ACTCMD    R_f0= 0x02    at time   65692567 ps
inst0 ch0:  R_CMD: ACTCMD    R_r1= 0x00    at time   65692981 ps
inst0 ch0:  R_CMD: ACTCMD    R_f1= 0x00    at time   65693395 ps
inst0 ch0:  R_CMD: ACTCMD    R_r0= 0x02    at time   65696293 ps
inst0 ch0:  R_CMD: ACTCMD    R_f0= 0x02    at time   65696707 ps
inst0 ch0:  R_CMD: ACTCMD    R_r1= 0x00    at time   65697121 ps
inst0 ch0:  R_CMD: ACTCMD    R_f1= 0x00    at time   65697535 ps
inst0 ch0:  C_CMD: RDCMD     C_r = 0x015   at time   65707057 ps
inst0 ch0:  C_CMD: RDCMD     C_f = 0x000   at time   65707471 ps
inst0 ch0:  C_CMD: RDCMD     C_r = 0x01d   at time   65710369 ps
inst0 ch0:  C_CMD: RDCMD     C_f = 0x002   at time   65710783 ps
inst0 ch0:  C_CMD: RDCMD     C_r = 0x005   at time   65713681 ps
inst0 ch0:  C_CMD: RDCMD     C_f = 0x000   at time   65714095 ps
inst0 ch0:  C_CMD: RDCMD     C_r = 0x00d   at time   65716993 ps
inst0 ch0:  C_CMD: RDCMD     C_f = 0x002   at time   65717407 ps
