inst0 ch0:  R_CMD: ACTCMD    R_r0= 0x0e    at time   33400981 ps
inst0 ch0:  R_CMD: ACTCMD    R_f0= 0x28    at time   33401395 ps
inst0 ch0:  R_CMD: ACTCMD    R_r1= 0x00    at time   33401809 ps
inst0 ch0:  R_CMD: ACTCMD    R_f1= 0x02    at time   33402223 ps
inst0 ch0:  R_CMD: ACTCMD    R_r0= 0x0e    at time   33402637 ps
inst0 ch0:  R_CMD: ACTCMD    R_f0= 0x20    at time   33403051 ps
inst0 ch0:  R_CMD: ACTCMD    R_r1= 0x00    at time   33403465 ps
inst0 ch0:  R_CMD: ACTCMD    R_f1= 0x02    at time   33403879 ps
inst0 ch0:  C_CMD: RDCMD     C_r = 0x095   at time   33415885 ps
inst0 ch0:  C_CMD: RDCMD     C_f = 0x0a9   at time   33416299 ps
inst0 ch0:  C_CMD: RDCMD     C_r = 0x095   at time   33417541 ps
inst0 ch0:  C_CMD: RDCMD     C_f = 0x029   at time   33417955 ps
inst0 ch0:  C_CMD: RDCMD     C_r = 0x095   at time   33419197 ps
inst0 ch0:  C_CMD: RDCMD     C_f = 0x0ab   at time   33419611 ps
inst0 ch0:  C_CMD: RDCMD     C_r = 0x095   at time   33420853 ps
inst0 ch0:  C_CMD: RDCMD     C_f = 0x02b   at time   33421267 ps
inst0 ch0:  C_CMD: RDCMD     C_r = 0x095   at time   33422509 ps
inst0 ch0:  C_CMD: RDCMD     C_f = 0x0a1   at time   33422923 ps
inst0 ch0:  C_CMD: RDCMD     C_r = 0x095   at time   33424165 ps
inst0 ch0:  C_CMD: RDCMD     C_f = 0x021   at time   33424579 ps
inst0 ch0:  C_CMD: RDCMD     C_r = 0x09d   at time   33425821 ps
inst0 ch0:  C_CMD: RDCMD     C_f = 0x0a3   at time   33426235 ps
inst0 ch0:  C_CMD: RDCMD     C_r = 0x09d   at time   33427477 ps
inst0 ch0:  C_CMD: RDCMD     C_f = 0x023   at time   33427891 ps
inst0 ch0:  R_CMD: ACTCMD    R_r0= 0x0e    at time   33471361 ps
inst0 ch0:  R_CMD: ACTCMD    R_f0= 0x28    at time   33471775 ps
inst0 ch0:  R_CMD: ACTCMD    R_r1= 0x00    at time   33472189 ps
inst0 ch0:  R_CMD: ACTCMD    R_f1= 0x02    at time   33472603 ps
inst0 ch0:  R_CMD: ACTCMD    R_r0= 0x0e    at time   33473845 ps
inst0 ch0:  R_CMD: ACTCMD    R_f0= 0x20    at time   33474259 ps
inst0 ch0:  R_CMD: ACTCMD    R_r1= 0x00    at time   33474673 ps
inst0 ch0:  R_CMD: ACTCMD    R_f1= 0x02    at time   33475087 ps
inst0 ch0:  C_CMD: WRCMD     C_r = 0x091   at time   33482125 ps
inst0 ch0:  C_CMD: WRCMD     C_f = 0x0a9   at time   33482539 ps
inst0 ch0:  C_CMD: WRCMD     C_r = 0x091   at time   33484609 ps
inst0 ch0:  C_CMD: WRCMD     C_f = 0x029   at time   33485023 ps
inst0 ch0:  C_CMD: WRCMD     C_r = 0x091   at time   33485437 ps
inst0 ch0:  C_CMD: WRCMD     C_f = 0x0ab   at time   33485851 ps
inst0 ch0:  C_CMD: WRCMD     C_r = 0x091   at time   33487921 ps
inst0 ch0:  C_CMD: WRCMD     C_f = 0x02b   at time   33488335 ps
inst0 ch0:  C_CMD: WRCMD     C_r = 0x091   at time   33488749 ps
inst0 ch0:  C_CMD: WRCMD     C_f = 0x0a1   at time   33489163 ps
inst0 ch0:  C_CMD: WRCMD     C_r = 0x091   at time   33491233 ps
inst0 ch0:  C_CMD: WRCMD     C_f = 0x021   at time   33491647 ps
inst0 ch0:  C_CMD: WRCMD     C_r = 0x099   at time   33492061 ps
inst0 ch0:  C_CMD: WRCMD     C_f = 0x0a3   at time   33492475 ps
inst0 ch0:  C_CMD: WRCMD     C_r = 0x099   at time   33494545 ps
inst0 ch0:  C_CMD: WRCMD     C_f = 0x023   at time   33494959 ps
inst0 ch0:  R_CMD: ACTCMD    R_r0= 0x26    at time   54263269 ps
inst0 ch0:  R_CMD: ACTCMD    R_f0= 0x28    at time   54263683 ps
inst0 ch0:  R_CMD: ACTCMD    R_r1= 0x00    at time   54264097 ps
inst0 ch0:  R_CMD: ACTCMD    R_f1= 0x02    at time   54264511 ps
inst0 ch0:  R_CMD: ACTCMD    R_r0= 0x26    at time   54265753 ps
inst0 ch0:  R_CMD: ACTCMD    R_f0= 0x20    at time   54266167 ps
inst0 ch0:  R_CMD: ACTCMD    R_r1= 0x00    at time   54266581 ps
inst0 ch0:  R_CMD: ACTCMD    R_f1= 0x02    at time   54266995 ps
inst0 ch0:  C_CMD: RDCMD     C_r = 0x0c5   at time   54278173 ps
inst0 ch0:  C_CMD: RDCMD     C_f = 0x0a9   at time   54278587 ps
inst0 ch0:  C_CMD: RDCMD     C_r = 0x0c5   at time   54280657 ps
inst0 ch0:  C_CMD: RDCMD     C_f = 0x029   at time   54281071 ps
inst0 ch0:  C_CMD: RDCMD     C_r = 0x0c5   at time   54281485 ps
inst0 ch0:  C_CMD: RDCMD     C_f = 0x0ab   at time   54281899 ps
inst0 ch0:  C_CMD: RDCMD     C_r = 0x0c5   at time   54283969 ps
inst0 ch0:  C_CMD: RDCMD     C_f = 0x02b   at time   54284383 ps
inst0 ch0:  C_CMD: RDCMD     C_r = 0x0c5   at time   54284797 ps
inst0 ch0:  C_CMD: RDCMD     C_f = 0x0a1   at time   54285211 ps
inst0 ch0:  C_CMD: RDCMD     C_r = 0x0c5   at time   54287281 ps
inst0 ch0:  C_CMD: RDCMD     C_f = 0x021   at time   54287695 ps
inst0 ch0:  C_CMD: RDCMD     C_r = 0x0cd   at time   54288109 ps
inst0 ch0:  C_CMD: RDCMD     C_f = 0x0a3   at time   54288523 ps
inst0 ch0:  C_CMD: RDCMD     C_r = 0x0cd   at time   54290593 ps
inst0 ch0:  C_CMD: RDCMD     C_f = 0x023   at time   54291007 ps
inst0 ch0:  R_CMD: ACTCMD    R_r0= 0x26    at time   54333649 ps
inst0 ch0:  R_CMD: ACTCMD    R_f0= 0x28    at time   54334063 ps
inst0 ch0:  R_CMD: ACTCMD    R_r1= 0x00    at time   54334477 ps
inst0 ch0:  R_CMD: ACTCMD    R_f1= 0x02    at time   54334891 ps
inst0 ch0:  R_CMD: ACTCMD    R_r0= 0x26    at time   54336133 ps
inst0 ch0:  R_CMD: ACTCMD    R_f0= 0x20    at time   54336547 ps
inst0 ch0:  R_CMD: ACTCMD    R_r1= 0x00    at time   54336961 ps
inst0 ch0:  R_CMD: ACTCMD    R_f1= 0x02    at time   54337375 ps
inst0 ch0:  C_CMD: WRCMD     C_r = 0x0c1   at time   54344413 ps
inst0 ch0:  C_CMD: WRCMD     C_f = 0x0a9   at time   54344827 ps
inst0 ch0:  C_CMD: WRCMD     C_r = 0x0c1   at time   54346897 ps
inst0 ch0:  C_CMD: WRCMD     C_f = 0x029   at time   54347311 ps
inst0 ch0:  C_CMD: WRCMD     C_r = 0x0c1   at time   54347725 ps
inst0 ch0:  C_CMD: WRCMD     C_f = 0x0ab   at time   54348139 ps
inst0 ch0:  C_CMD: WRCMD     C_r = 0x0c1   at time   54350209 ps
inst0 ch0:  C_CMD: WRCMD     C_f = 0x02b   at time   54350623 ps
inst0 ch0:  C_CMD: WRCMD     C_r = 0x0c1   at time   54351037 ps
inst0 ch0:  C_CMD: WRCMD     C_f = 0x0a1   at time   54351451 ps
inst0 ch0:  C_CMD: WRCMD     C_r = 0x0c1   at time   54353521 ps
inst0 ch0:  C_CMD: WRCMD     C_f = 0x021   at time   54353935 ps
inst0 ch0:  C_CMD: WRCMD     C_r = 0x0c9   at time   54354349 ps
inst0 ch0:  C_CMD: WRCMD     C_f = 0x0a3   at time   54354763 ps
inst0 ch0:  C_CMD: WRCMD     C_r = 0x0c9   at time   54356833 ps
inst0 ch0:  C_CMD: WRCMD     C_f = 0x023   at time   54357247 ps
inst0 ch0:  R_CMD: ACTCMD    R_r0= 0x22    at time  124952113 ps
inst0 ch0:  R_CMD: ACTCMD    R_f0= 0x2a    at time  124952527 ps
inst0 ch0:  R_CMD: ACTCMD    R_r1= 0x00    at time  124952941 ps
inst0 ch0:  R_CMD: ACTCMD    R_f1= 0x00    at time  124953355 ps
inst0 ch0:  R_CMD: ACTCMD    R_r0= 0x22    at time  124953769 ps
inst0 ch0:  R_CMD: ACTCMD    R_f0= 0x22    at time  124954183 ps
inst0 ch0:  R_CMD: ACTCMD    R_r1= 0x00    at time  124954597 ps
inst0 ch0:  R_CMD: ACTCMD    R_f1= 0x00    at time  124955011 ps
inst0 ch0:  R_CMD: ACTCMD    R_r0= 0x02    at time  124956253 ps
inst0 ch0:  R_CMD: ACTCMD    R_f0= 0x2a    at time  124956667 ps
inst0 ch0:  R_CMD: ACTCMD    R_r1= 0x00    at time  124957081 ps
inst0 ch0:  R_CMD: ACTCMD    R_f1= 0x00    at time  124957495 ps
inst0 ch0:  R_CMD: ACTCMD    R_r0= 0x02    at time  124957909 ps
inst0 ch0:  R_CMD: ACTCMD    R_f0= 0x22    at time  124958323 ps
inst0 ch0:  R_CMD: ACTCMD    R_r1= 0x00    at time  124958737 ps
inst0 ch0:  R_CMD: ACTCMD    R_f1= 0x00    at time  124959151 ps
inst0 ch0:  R_CMD: ACTCMD    R_r0= 0x22    at time  124960393 ps
inst0 ch0:  R_CMD: ACTCMD    R_f0= 0x0a    at time  124960807 ps
inst0 ch0:  R_CMD: ACTCMD    R_r1= 0x00    at time  124961221 ps
inst0 ch0:  R_CMD: ACTCMD    R_f1= 0x00    at time  124961635 ps
inst0 ch0:  R_CMD: ACTCMD    R_r0= 0x22    at time  124962049 ps
inst0 ch0:  R_CMD: ACTCMD    R_f0= 0x02    at time  124962463 ps
inst0 ch0:  R_CMD: ACTCMD    R_r1= 0x00    at time  124962877 ps
inst0 ch0:  R_CMD: ACTCMD    R_f1= 0x00    at time  124963291 ps
inst0 ch0:  R_CMD: ACTCMD    R_r0= 0x02    at time  124964533 ps
inst0 ch0:  R_CMD: ACTCMD    R_f0= 0x0a    at time  124964947 ps
inst0 ch0:  R_CMD: ACTCMD    R_r1= 0x00    at time  124965361 ps
inst0 ch0:  R_CMD: ACTCMD    R_f1= 0x00    at time  124965775 ps
inst0 ch0:  R_CMD: ACTCMD    R_r0= 0x02    at time  124966189 ps
inst0 ch0:  R_CMD: ACTCMD    R_f0= 0x02    at time  124966603 ps
inst0 ch0:  R_CMD: ACTCMD    R_r1= 0x00    at time  124967017 ps
inst0 ch0:  C_CMD: RDCMD     C_r = 0x0c5   at time  124967017 ps
inst0 ch0:  R_CMD: ACTCMD    R_f1= 0x00    at time  124967431 ps
inst0 ch0:  C_CMD: RDCMD     C_f = 0x080   at time  124967431 ps
inst0 ch0:  C_CMD: RDCMD     C_r = 0x0c5   at time  124968673 ps
inst0 ch0:  C_CMD: RDCMD     C_f = 0x000   at time  124969087 ps
inst0 ch0:  C_CMD: RDCMD     C_r = 0x0cd   at time  124970329 ps
inst0 ch0:  C_CMD: RDCMD     C_f = 0x082   at time  124970743 ps
inst0 ch0:  C_CMD: RDCMD     C_r = 0x0cd   at time  124971985 ps
inst0 ch0:  C_CMD: RDCMD     C_f = 0x002   at time  124972399 ps
inst0 ch0:  C_CMD: RDCMD     C_r = 0x085   at time  124972813 ps
inst0 ch0:  C_CMD: RDCMD     C_f = 0x080   at time  124973227 ps
inst0 ch0:  C_CMD: RDCMD     C_r = 0x085   at time  124973641 ps
inst0 ch0:  C_CMD: RDCMD     C_f = 0x000   at time  124974055 ps
inst0 ch0:  C_CMD: RDCMD     C_r = 0x045   at time  124975297 ps
inst0 ch0:  C_CMD: RDCMD     C_f = 0x080   at time  124975711 ps
inst0 ch0:  C_CMD: RDCMD     C_r = 0x08d   at time  124976953 ps
inst0 ch0:  C_CMD: RDCMD     C_f = 0x002   at time  124977367 ps
inst0 ch0:  C_CMD: RDCMD     C_r = 0x08d   at time  124977781 ps
inst0 ch0:  C_CMD: RDCMD     C_f = 0x082   at time  124978195 ps
inst0 ch0:  C_CMD: RDCMD     C_r = 0x045   at time  124978609 ps
inst0 ch0:  C_CMD: RDCMD     C_f = 0x000   at time  124979023 ps
inst0 ch0:  C_CMD: RDCMD     C_r = 0x04d   at time  124979437 ps
inst0 ch0:  C_CMD: RDCMD     C_f = 0x082   at time  124979851 ps
inst0 ch0:  C_CMD: RDCMD     C_r = 0x005   at time  124981093 ps
inst0 ch0:  C_CMD: RDCMD     C_f = 0x000   at time  124981507 ps
inst0 ch0:  C_CMD: RDCMD     C_r = 0x005   at time  124981921 ps
inst0 ch0:  C_CMD: RDCMD     C_f = 0x080   at time  124982335 ps
inst0 ch0:  C_CMD: RDCMD     C_r = 0x04d   at time  124982749 ps
inst0 ch0:  C_CMD: RDCMD     C_f = 0x002   at time  124983163 ps
inst0 ch0:  C_CMD: RDCMD     C_r = 0x00d   at time  124984405 ps
inst0 ch0:  C_CMD: RDCMD     C_f = 0x002   at time  124984819 ps
inst0 ch0:  C_CMD: RDCMD     C_r = 0x00d   at time  124985233 ps
inst0 ch0:  C_CMD: RDCMD     C_f = 0x082   at time  124985647 ps
inst0 ch0:  R_CMD: ACTCMD    R_r0= 0x2a    at time  125448085 ps
inst0 ch0:  R_CMD: ACTCMD    R_f0= 0x2a    at time  125448499 ps
inst0 ch0:  R_CMD: ACTCMD    R_r1= 0x00    at time  125448913 ps
inst0 ch0:  R_CMD: ACTCMD    R_f1= 0x00    at time  125449327 ps
inst0 ch0:  R_CMD: ACTCMD    R_r0= 0x2a    at time  125449741 ps
inst0 ch0:  R_CMD: ACTCMD    R_f0= 0x22    at time  125450155 ps
inst0 ch0:  R_CMD: ACTCMD    R_r1= 0x00    at time  125450569 ps
inst0 ch0:  R_CMD: ACTCMD    R_f1= 0x00    at time  125450983 ps
inst0 ch0:  R_CMD: ACTCMD    R_r0= 0x0a    at time  125452225 ps
inst0 ch0:  R_CMD: ACTCMD    R_f0= 0x2a    at time  125452639 ps
inst0 ch0:  R_CMD: ACTCMD    R_r1= 0x00    at time  125453053 ps
inst0 ch0:  R_CMD: ACTCMD    R_f1= 0x00    at time  125453467 ps
inst0 ch0:  R_CMD: ACTCMD    R_r0= 0x0a    at time  125453881 ps
inst0 ch0:  R_CMD: ACTCMD    R_f0= 0x22    at time  125454295 ps
inst0 ch0:  R_CMD: ACTCMD    R_r1= 0x00    at time  125454709 ps
inst0 ch0:  R_CMD: ACTCMD    R_f1= 0x00    at time  125455123 ps
inst0 ch0:  R_CMD: ACTCMD    R_r0= 0x2a    at time  125456365 ps
inst0 ch0:  R_CMD: ACTCMD    R_f0= 0x0a    at time  125456779 ps
inst0 ch0:  R_CMD: ACTCMD    R_r1= 0x00    at time  125457193 ps
inst0 ch0:  R_CMD: ACTCMD    R_f1= 0x00    at time  125457607 ps
inst0 ch0:  R_CMD: ACTCMD    R_r0= 0x2a    at time  125458021 ps
inst0 ch0:  R_CMD: ACTCMD    R_f0= 0x02    at time  125458435 ps
inst0 ch0:  R_CMD: ACTCMD    R_r1= 0x00    at time  125458849 ps
inst0 ch0:  R_CMD: ACTCMD    R_f1= 0x00    at time  125459263 ps
inst0 ch0:  R_CMD: ACTCMD    R_r0= 0x0a    at time  125460505 ps
inst0 ch0:  R_CMD: ACTCMD    R_f0= 0x0a    at time  125460919 ps
inst0 ch0:  R_CMD: ACTCMD    R_r1= 0x00    at time  125461333 ps
inst0 ch0:  R_CMD: ACTCMD    R_f1= 0x00    at time  125461747 ps
inst0 ch0:  R_CMD: ACTCMD    R_r0= 0x0a    at time  125462161 ps
inst0 ch0:  R_CMD: ACTCMD    R_f0= 0x02    at time  125462575 ps
inst0 ch0:  R_CMD: ACTCMD    R_r1= 0x00    at time  125462989 ps
inst0 ch0:  C_CMD: RDCMD     C_r = 0x0d5   at time  125462989 ps
inst0 ch0:  R_CMD: ACTCMD    R_f1= 0x00    at time  125463403 ps
inst0 ch0:  C_CMD: RDCMD     C_f = 0x080   at time  125463403 ps
inst0 ch0:  C_CMD: RDCMD     C_r = 0x0d5   at time  125464645 ps
inst0 ch0:  C_CMD: RDCMD     C_f = 0x000   at time  125465059 ps
inst0 ch0:  C_CMD: RDCMD     C_r = 0x0dd   at time  125466301 ps
inst0 ch0:  C_CMD: RDCMD     C_f = 0x082   at time  125466715 ps
inst0 ch0:  C_CMD: RDCMD     C_r = 0x0dd   at time  125467957 ps
inst0 ch0:  C_CMD: RDCMD     C_f = 0x002   at time  125468371 ps
inst0 ch0:  C_CMD: RDCMD     C_r = 0x095   at time  125468785 ps
inst0 ch0:  C_CMD: RDCMD     C_f = 0x080   at time  125469199 ps
inst0 ch0:  C_CMD: RDCMD     C_r = 0x095   at time  125469613 ps
inst0 ch0:  C_CMD: RDCMD     C_f = 0x000   at time  125470027 ps
inst0 ch0:  C_CMD: RDCMD     C_r = 0x055   at time  125471269 ps
inst0 ch0:  C_CMD: RDCMD     C_f = 0x080   at time  125471683 ps
inst0 ch0:  C_CMD: RDCMD     C_r = 0x09d   at time  125472925 ps
inst0 ch0:  C_CMD: RDCMD     C_f = 0x002   at time  125473339 ps
inst0 ch0:  C_CMD: RDCMD     C_r = 0x09d   at time  125473753 ps
inst0 ch0:  C_CMD: RDCMD     C_f = 0x082   at time  125474167 ps
inst0 ch0:  C_CMD: RDCMD     C_r = 0x055   at time  125474581 ps
inst0 ch0:  C_CMD: RDCMD     C_f = 0x000   at time  125474995 ps
inst0 ch0:  C_CMD: RDCMD     C_r = 0x05d   at time  125475409 ps
inst0 ch0:  C_CMD: RDCMD     C_f = 0x082   at time  125475823 ps
inst0 ch0:  C_CMD: RDCMD     C_r = 0x015   at time  125477065 ps
inst0 ch0:  C_CMD: RDCMD     C_f = 0x000   at time  125477479 ps
inst0 ch0:  C_CMD: RDCMD     C_r = 0x015   at time  125477893 ps
inst0 ch0:  C_CMD: RDCMD     C_f = 0x080   at time  125478307 ps
inst0 ch0:  C_CMD: RDCMD     C_r = 0x05d   at time  125478721 ps
inst0 ch0:  C_CMD: RDCMD     C_f = 0x002   at time  125479135 ps
inst0 ch0:  C_CMD: RDCMD     C_r = 0x01d   at time  125480377 ps
inst0 ch0:  C_CMD: RDCMD     C_f = 0x002   at time  125480791 ps
inst0 ch0:  C_CMD: RDCMD     C_r = 0x01d   at time  125481205 ps
inst0 ch0:  C_CMD: RDCMD     C_f = 0x082   at time  125481619 ps
inst0 ch0:  R_CMD: ACTCMD    R_r0= 0x32    at time  125949025 ps
inst0 ch0:  R_CMD: ACTCMD    R_f0= 0x2a    at time  125949439 ps
inst0 ch0:  R_CMD: ACTCMD    R_r1= 0x00    at time  125949853 ps
inst0 ch0:  R_CMD: ACTCMD    R_f1= 0x00    at time  125950267 ps
inst0 ch0:  R_CMD: ACTCMD    R_r0= 0x32    at time  125950681 ps
inst0 ch0:  R_CMD: ACTCMD    R_f0= 0x22    at time  125951095 ps
inst0 ch0:  R_CMD: ACTCMD    R_r1= 0x00    at time  125951509 ps
inst0 ch0:  R_CMD: ACTCMD    R_f1= 0x00    at time  125951923 ps
inst0 ch0:  R_CMD: ACTCMD    R_r0= 0x12    at time  125953165 ps
inst0 ch0:  R_CMD: ACTCMD    R_f0= 0x2a    at time  125953579 ps
inst0 ch0:  R_CMD: ACTCMD    R_r1= 0x00    at time  125953993 ps
inst0 ch0:  R_CMD: ACTCMD    R_f1= 0x00    at time  125954407 ps
inst0 ch0:  R_CMD: ACTCMD    R_r0= 0x12    at time  125954821 ps
inst0 ch0:  R_CMD: ACTCMD    R_f0= 0x22    at time  125955235 ps
inst0 ch0:  R_CMD: ACTCMD    R_r1= 0x00    at time  125955649 ps
inst0 ch0:  R_CMD: ACTCMD    R_f1= 0x00    at time  125956063 ps
inst0 ch0:  R_CMD: ACTCMD    R_r0= 0x32    at time  125957305 ps
inst0 ch0:  R_CMD: ACTCMD    R_f0= 0x0a    at time  125957719 ps
inst0 ch0:  R_CMD: ACTCMD    R_r1= 0x00    at time  125958133 ps
inst0 ch0:  R_CMD: ACTCMD    R_f1= 0x00    at time  125958547 ps
inst0 ch0:  R_CMD: ACTCMD    R_r0= 0x32    at time  125958961 ps
inst0 ch0:  R_CMD: ACTCMD    R_f0= 0x02    at time  125959375 ps
inst0 ch0:  R_CMD: ACTCMD    R_r1= 0x00    at time  125959789 ps
inst0 ch0:  R_CMD: ACTCMD    R_f1= 0x00    at time  125960203 ps
inst0 ch0:  R_CMD: ACTCMD    R_r0= 0x12    at time  125961445 ps
inst0 ch0:  R_CMD: ACTCMD    R_f0= 0x0a    at time  125961859 ps
inst0 ch0:  R_CMD: ACTCMD    R_r1= 0x00    at time  125962273 ps
inst0 ch0:  R_CMD: ACTCMD    R_f1= 0x00    at time  125962687 ps
inst0 ch0:  R_CMD: ACTCMD    R_r0= 0x12    at time  125963101 ps
inst0 ch0:  R_CMD: ACTCMD    R_f0= 0x02    at time  125963515 ps
inst0 ch0:  R_CMD: ACTCMD    R_r1= 0x00    at time  125963929 ps
inst0 ch0:  C_CMD: RDCMD     C_r = 0x0e5   at time  125963929 ps
inst0 ch0:  R_CMD: ACTCMD    R_f1= 0x00    at time  125964343 ps
inst0 ch0:  C_CMD: RDCMD     C_f = 0x080   at time  125964343 ps
inst0 ch0:  C_CMD: RDCMD     C_r = 0x0e5   at time  125965585 ps
inst0 ch0:  C_CMD: RDCMD     C_f = 0x000   at time  125965999 ps
inst0 ch0:  C_CMD: RDCMD     C_r = 0x0ed   at time  125967241 ps
inst0 ch0:  C_CMD: RDCMD     C_f = 0x082   at time  125967655 ps
inst0 ch0:  C_CMD: RDCMD     C_r = 0x0a5   at time  125968897 ps
inst0 ch0:  C_CMD: RDCMD     C_f = 0x080   at time  125969311 ps
inst0 ch0:  C_CMD: RDCMD     C_r = 0x0ed   at time  125969725 ps
inst0 ch0:  C_CMD: RDCMD     C_f = 0x002   at time  125970139 ps
inst0 ch0:  C_CMD: RDCMD     C_r = 0x0a5   at time  125971381 ps
inst0 ch0:  C_CMD: RDCMD     C_f = 0x000   at time  125971795 ps
inst0 ch0:  C_CMD: RDCMD     C_r = 0x0ad   at time  125972209 ps
inst0 ch0:  C_CMD: RDCMD     C_f = 0x082   at time  125972623 ps
inst0 ch0:  C_CMD: RDCMD     C_r = 0x065   at time  125973865 ps
inst0 ch0:  C_CMD: RDCMD     C_f = 0x000   at time  125974279 ps
inst0 ch0:  C_CMD: RDCMD     C_r = 0x065   at time  125974693 ps
inst0 ch0:  C_CMD: RDCMD     C_f = 0x080   at time  125975107 ps
inst0 ch0:  C_CMD: RDCMD     C_r = 0x0ad   at time  125975521 ps
inst0 ch0:  C_CMD: RDCMD     C_f = 0x002   at time  125975935 ps
inst0 ch0:  C_CMD: RDCMD     C_r = 0x025   at time  125976349 ps
inst0 ch0:  C_CMD: RDCMD     C_f = 0x080   at time  125976763 ps
inst0 ch0:  C_CMD: RDCMD     C_r = 0x06d   at time  125977177 ps
inst0 ch0:  C_CMD: RDCMD     C_f = 0x002   at time  125977591 ps
inst0 ch0:  C_CMD: RDCMD     C_r = 0x06d   at time  125978005 ps
inst0 ch0:  C_CMD: RDCMD     C_f = 0x082   at time  125978419 ps
inst0 ch0:  C_CMD: RDCMD     C_r = 0x025   at time  125978833 ps
inst0 ch0:  C_CMD: RDCMD     C_f = 0x000   at time  125979247 ps
inst0 ch0:  C_CMD: RDCMD     C_r = 0x02d   at time  125979661 ps
inst0 ch0:  C_CMD: RDCMD     C_f = 0x082   at time  125980075 ps
inst0 ch0:  C_CMD: RDCMD     C_r = 0x02d   at time  125982145 ps
inst0 ch0:  C_CMD: RDCMD     C_f = 0x002   at time  125982559 ps
inst0 ch0:  R_CMD: ACTCMD    R_r0= 0x3a    at time  126451621 ps
inst0 ch0:  R_CMD: ACTCMD    R_f0= 0x2a    at time  126452035 ps
inst0 ch0:  R_CMD: ACTCMD    R_r1= 0x00    at time  126452449 ps
inst0 ch0:  R_CMD: ACTCMD    R_f1= 0x00    at time  126452863 ps
inst0 ch0:  R_CMD: ACTCMD    R_r0= 0x3a    at time  126454105 ps
inst0 ch0:  R_CMD: ACTCMD    R_f0= 0x22    at time  126454519 ps
inst0 ch0:  R_CMD: ACTCMD    R_r1= 0x00    at time  126454933 ps
inst0 ch0:  R_CMD: ACTCMD    R_f1= 0x00    at time  126455347 ps
inst0 ch0:  R_CMD: ACTCMD    R_r0= 0x1a    at time  126455761 ps
inst0 ch0:  R_CMD: ACTCMD    R_f0= 0x2a    at time  126456175 ps
inst0 ch0:  R_CMD: ACTCMD    R_r1= 0x00    at time  126456589 ps
inst0 ch0:  R_CMD: ACTCMD    R_f1= 0x00    at time  126457003 ps
inst0 ch0:  R_CMD: ACTCMD    R_r0= 0x1a    at time  126458245 ps
inst0 ch0:  R_CMD: ACTCMD    R_f0= 0x22    at time  126458659 ps
inst0 ch0:  R_CMD: ACTCMD    R_r1= 0x00    at time  126459073 ps
inst0 ch0:  R_CMD: ACTCMD    R_f1= 0x00    at time  126459487 ps
inst0 ch0:  R_CMD: ACTCMD    R_r0= 0x3a    at time  126459901 ps
inst0 ch0:  R_CMD: ACTCMD    R_f0= 0x0a    at time  126460315 ps
inst0 ch0:  R_CMD: ACTCMD    R_r1= 0x00    at time  126460729 ps
inst0 ch0:  R_CMD: ACTCMD    R_f1= 0x00    at time  126461143 ps
inst0 ch0:  R_CMD: ACTCMD    R_r0= 0x3a    at time  126462385 ps
inst0 ch0:  R_CMD: ACTCMD    R_f0= 0x02    at time  126462799 ps
inst0 ch0:  R_CMD: ACTCMD    R_r1= 0x00    at time  126463213 ps
inst0 ch0:  R_CMD: ACTCMD    R_f1= 0x00    at time  126463627 ps
inst0 ch0:  R_CMD: ACTCMD    R_r0= 0x1a    at time  126464041 ps
inst0 ch0:  R_CMD: ACTCMD    R_f0= 0x0a    at time  126464455 ps
inst0 ch0:  R_CMD: ACTCMD    R_r1= 0x00    at time  126464869 ps
inst0 ch0:  R_CMD: ACTCMD    R_f1= 0x00    at time  126465283 ps
inst0 ch0:  R_CMD: ACTCMD    R_r0= 0x1a    at time  126466525 ps
inst0 ch0:  C_CMD: RDCMD     C_r = 0x0f5   at time  126466525 ps
inst0 ch0:  R_CMD: ACTCMD    R_f0= 0x02    at time  126466939 ps
inst0 ch0:  C_CMD: RDCMD     C_f = 0x080   at time  126466939 ps
inst0 ch0:  R_CMD: ACTCMD    R_r1= 0x00    at time  126467353 ps
inst0 ch0:  R_CMD: ACTCMD    R_f1= 0x00    at time  126467767 ps
inst0 ch0:  C_CMD: RDCMD     C_r = 0x0f5   at time  126469009 ps
inst0 ch0:  C_CMD: RDCMD     C_f = 0x000   at time  126469423 ps
inst0 ch0:  C_CMD: RDCMD     C_r = 0x0fd   at time  126469837 ps
inst0 ch0:  C_CMD: RDCMD     C_f = 0x082   at time  126470251 ps
inst0 ch0:  C_CMD: RDCMD     C_r = 0x0b5   at time  126471493 ps
inst0 ch0:  C_CMD: RDCMD     C_f = 0x080   at time  126471907 ps
inst0 ch0:  C_CMD: RDCMD     C_r = 0x0fd   at time  126472321 ps
inst0 ch0:  C_CMD: RDCMD     C_f = 0x002   at time  126472735 ps
inst0 ch0:  C_CMD: RDCMD     C_r = 0x0b5   at time  126473977 ps
inst0 ch0:  C_CMD: RDCMD     C_f = 0x000   at time  126474391 ps
inst0 ch0:  C_CMD: RDCMD     C_r = 0x0bd   at time  126474805 ps
inst0 ch0:  C_CMD: RDCMD     C_f = 0x082   at time  126475219 ps
inst0 ch0:  C_CMD: RDCMD     C_r = 0x075   at time  126476461 ps
inst0 ch0:  C_CMD: RDCMD     C_f = 0x080   at time  126476875 ps
inst0 ch0:  C_CMD: RDCMD     C_r = 0x0bd   at time  126477289 ps
inst0 ch0:  C_CMD: RDCMD     C_f = 0x002   at time  126477703 ps
inst0 ch0:  C_CMD: RDCMD     C_r = 0x075   at time  126478945 ps
inst0 ch0:  C_CMD: RDCMD     C_f = 0x000   at time  126479359 ps
inst0 ch0:  C_CMD: RDCMD     C_r = 0x07d   at time  126479773 ps
inst0 ch0:  C_CMD: RDCMD     C_f = 0x082   at time  126480187 ps
inst0 ch0:  C_CMD: RDCMD     C_r = 0x035   at time  126481429 ps
inst0 ch0:  C_CMD: RDCMD     C_f = 0x080   at time  126481843 ps
inst0 ch0:  C_CMD: RDCMD     C_r = 0x07d   at time  126482257 ps
inst0 ch0:  C_CMD: RDCMD     C_f = 0x002   at time  126482671 ps
inst0 ch0:  C_CMD: RDCMD     C_r = 0x035   at time  126483913 ps
inst0 ch0:  C_CMD: RDCMD     C_f = 0x000   at time  126484327 ps
inst0 ch0:  C_CMD: RDCMD     C_r = 0x03d   at time  126484741 ps
inst0 ch0:  C_CMD: RDCMD     C_f = 0x082   at time  126485155 ps
inst0 ch0:  C_CMD: RDCMD     C_r = 0x03d   at time  126487225 ps
inst0 ch0:  C_CMD: RDCMD     C_f = 0x002   at time  126487639 ps
inst0 ch0:  R_CMD: ACTCMD    R_r0= 0x02    at time  130961737 ps
inst0 ch0:  R_CMD: ACTCMD    R_f0= 0x00    at time  130962151 ps
inst0 ch0:  R_CMD: ACTCMD    R_r1= 0x00    at time  130962565 ps
inst0 ch0:  R_CMD: ACTCMD    R_f1= 0x00    at time  130962979 ps
inst0 ch0:  C_CMD: RDCMD     C_r = 0x005   at time  130976641 ps
inst0 ch0:  C_CMD: RDCMD     C_f = 0x018   at time  130977055 ps
inst0 ch0:  C_CMD: RDCMD     C_r = 0x005   at time  130979953 ps
inst0 ch0:  C_CMD: RDCMD     C_f = 0x01a   at time  130980367 ps
inst0 ch0:  C_CMD: RDCMD     C_r = 0x005   at time  130983265 ps
inst0 ch0:  C_CMD: RDCMD     C_f = 0x010   at time  130983679 ps
inst0 ch0:  C_CMD: RDCMD     C_r = 0x005   at time  130986577 ps
inst0 ch0:  C_CMD: RDCMD     C_f = 0x012   at time  130986991 ps
inst0 ch0:  R_CMD: ACTCMD    R_r0= 0x02    at time  130989889 ps
inst0 ch0:  C_CMD: RDCMD     C_r = 0x005   at time  130989889 ps
inst0 ch0:  R_CMD: ACTCMD    R_f0= 0x08    at time  130990303 ps
inst0 ch0:  C_CMD: RDCMD     C_f = 0x008   at time  130990303 ps
inst0 ch0:  R_CMD: ACTCMD    R_r1= 0x00    at time  130990717 ps
inst0 ch0:  R_CMD: ACTCMD    R_f1= 0x00    at time  130991131 ps
inst0 ch0:  C_CMD: RDCMD     C_r = 0x005   at time  130993201 ps
inst0 ch0:  C_CMD: RDCMD     C_f = 0x00a   at time  130993615 ps
inst0 ch0:  C_CMD: RDCMD     C_r = 0x005   at time  130996513 ps
inst0 ch0:  C_CMD: RDCMD     C_f = 0x000   at time  130996927 ps
inst0 ch0:  C_CMD: RDCMD     C_r = 0x00d   at time  130999825 ps
inst0 ch0:  C_CMD: RDCMD     C_f = 0x002   at time  131000239 ps
inst0 ch0:  C_CMD: RDCMD     C_r = 0x005   at time  131004793 ps
inst0 ch0:  C_CMD: RDCMD     C_f = 0x098   at time  131005207 ps
inst0 ch0:  C_CMD: RDCMD     C_r = 0x005   at time  131008105 ps
inst0 ch0:  C_CMD: RDCMD     C_f = 0x09a   at time  131008519 ps
inst0 ch0:  C_CMD: RDCMD     C_r = 0x005   at time  131011417 ps
inst0 ch0:  C_CMD: RDCMD     C_f = 0x090   at time  131011831 ps
inst0 ch0:  C_CMD: RDCMD     C_r = 0x005   at time  131014729 ps
inst0 ch0:  C_CMD: RDCMD     C_f = 0x092   at time  131015143 ps
inst0 ch0:  C_CMD: RDCMD     C_r = 0x005   at time  131018041 ps
inst0 ch0:  C_CMD: RDCMD     C_f = 0x088   at time  131018455 ps
inst0 ch0:  C_CMD: RDCMD     C_r = 0x005   at time  131021353 ps
inst0 ch0:  C_CMD: RDCMD     C_f = 0x08a   at time  131021767 ps
inst0 ch0:  C_CMD: RDCMD     C_r = 0x005   at time  131024665 ps
inst0 ch0:  C_CMD: RDCMD     C_f = 0x080   at time  131025079 ps
inst0 ch0:  C_CMD: RDCMD     C_r = 0x00d   at time  131027977 ps
inst0 ch0:  C_CMD: RDCMD     C_f = 0x082   at time  131028391 ps
inst0 ch0:  R_CMD: ACTCMD    R_r0= 0x0a    at time  131677129 ps
inst0 ch0:  R_CMD: ACTCMD    R_f0= 0x00    at time  131677543 ps
inst0 ch0:  R_CMD: ACTCMD    R_r1= 0x00    at time  131677957 ps
inst0 ch0:  R_CMD: ACTCMD    R_f1= 0x00    at time  131678371 ps
inst0 ch0:  C_CMD: RDCMD     C_r = 0x015   at time  131692033 ps
inst0 ch0:  C_CMD: RDCMD     C_f = 0x018   at time  131692447 ps
inst0 ch0:  C_CMD: RDCMD     C_r = 0x015   at time  131695345 ps
inst0 ch0:  C_CMD: RDCMD     C_f = 0x01a   at time  131695759 ps
inst0 ch0:  C_CMD: RDCMD     C_r = 0x015   at time  131698657 ps
inst0 ch0:  C_CMD: RDCMD     C_f = 0x010   at time  131699071 ps
inst0 ch0:  C_CMD: RDCMD     C_r = 0x015   at time  131701969 ps
inst0 ch0:  C_CMD: RDCMD     C_f = 0x012   at time  131702383 ps
inst0 ch0:  C_CMD: RDCMD     C_r = 0x015   at time  131705281 ps
inst0 ch0:  C_CMD: RDCMD     C_f = 0x008   at time  131705695 ps
inst0 ch0:  C_CMD: RDCMD     C_r = 0x015   at time  131708593 ps
inst0 ch0:  C_CMD: RDCMD     C_f = 0x00a   at time  131709007 ps
inst0 ch0:  C_CMD: RDCMD     C_r = 0x015   at time  131711905 ps
inst0 ch0:  C_CMD: RDCMD     C_f = 0x000   at time  131712319 ps
inst0 ch0:  C_CMD: RDCMD     C_r = 0x01d   at time  131715217 ps
inst0 ch0:  C_CMD: RDCMD     C_f = 0x002   at time  131715631 ps
inst0 ch0:  R_CMD: ACTCMD    R_r0= 0x0a    at time  131772349 ps
inst0 ch0:  R_CMD: ACTCMD    R_f0= 0x08    at time  131772763 ps
inst0 ch0:  R_CMD: ACTCMD    R_r1= 0x00    at time  131773177 ps
inst0 ch0:  R_CMD: ACTCMD    R_f1= 0x00    at time  131773591 ps
inst0 ch0:  C_CMD: RDCMD     C_r = 0x015   at time  131787253 ps
inst0 ch0:  C_CMD: RDCMD     C_f = 0x098   at time  131787667 ps
inst0 ch0:  C_CMD: RDCMD     C_r = 0x015   at time  131790565 ps
inst0 ch0:  C_CMD: RDCMD     C_f = 0x09a   at time  131790979 ps
inst0 ch0:  C_CMD: RDCMD     C_r = 0x015   at time  131793877 ps
inst0 ch0:  C_CMD: RDCMD     C_f = 0x090   at time  131794291 ps
inst0 ch0:  C_CMD: RDCMD     C_r = 0x015   at time  131797189 ps
inst0 ch0:  C_CMD: RDCMD     C_f = 0x092   at time  131797603 ps
inst0 ch0:  C_CMD: RDCMD     C_r = 0x015   at time  131800501 ps
inst0 ch0:  C_CMD: RDCMD     C_f = 0x088   at time  131800915 ps
inst0 ch0:  C_CMD: RDCMD     C_r = 0x015   at time  131803813 ps
inst0 ch0:  C_CMD: RDCMD     C_f = 0x08a   at time  131804227 ps
inst0 ch0:  C_CMD: RDCMD     C_r = 0x015   at time  131807125 ps
inst0 ch0:  C_CMD: RDCMD     C_f = 0x080   at time  131807539 ps
inst0 ch0:  C_CMD: RDCMD     C_r = 0x01d   at time  131810437 ps
inst0 ch0:  C_CMD: RDCMD     C_f = 0x082   at time  131810851 ps
inst0 ch0:  R_CMD: ACTCMD    R_r0= 0x02    at time  133964065 ps
inst0 ch0:  R_CMD: ACTCMD    R_f0= 0x13    at time  133964479 ps
inst0 ch0:  R_CMD: ACTCMD    R_r1= 0x3f    at time  133964893 ps
inst0 ch0:  R_CMD: ACTCMD    R_f1= 0x3b    at time  133965307 ps
inst0 ch0:  R_CMD: ACTCMD    R_r0= 0x02    at time  133965721 ps
inst0 ch0:  R_CMD: ACTCMD    R_f0= 0x1b    at time  133966135 ps
inst0 ch0:  R_CMD: ACTCMD    R_r1= 0x3f    at time  133966549 ps
inst0 ch0:  R_CMD: ACTCMD    R_f1= 0x3b    at time  133966963 ps
inst0 ch0:  C_CMD: RDCMD     C_r = 0x005   at time  133978969 ps
inst0 ch0:  C_CMD: RDCMD     C_f = 0x000   at time  133979383 ps
inst0 ch0:  C_CMD: RDCMD     C_r = 0x005   at time  133980625 ps
inst0 ch0:  C_CMD: RDCMD     C_f = 0x080   at time  133981039 ps
inst0 ch0:  C_CMD: RDCMD     C_r = 0x00d   at time  133982281 ps
inst0 ch0:  C_CMD: RDCMD     C_f = 0x002   at time  133982695 ps
inst0 ch0:  C_CMD: RDCMD     C_r = 0x00d   at time  133983937 ps
inst0 ch0:  C_CMD: RDCMD     C_f = 0x082   at time  133984351 ps
inst0 ch0:  R_CMD: ACTCMD    R_r0= 0x02    at time  134034445 ps
inst0 ch0:  R_CMD: ACTCMD    R_f0= 0x13    at time  134034859 ps
inst0 ch0:  R_CMD: ACTCMD    R_r1= 0x3f    at time  134035273 ps
inst0 ch0:  R_CMD: ACTCMD    R_f1= 0x3b    at time  134035687 ps
inst0 ch0:  R_CMD: ACTCMD    R_r0= 0x02    at time  134036929 ps
inst0 ch0:  R_CMD: ACTCMD    R_f0= 0x1b    at time  134037343 ps
inst0 ch0:  R_CMD: ACTCMD    R_r1= 0x3f    at time  134037757 ps
inst0 ch0:  R_CMD: ACTCMD    R_f1= 0x3b    at time  134038171 ps
inst0 ch0:  C_CMD: WRCMD     C_r = 0x001   at time  134045209 ps
inst0 ch0:  C_CMD: WRCMD     C_f = 0x000   at time  134045623 ps
inst0 ch0:  C_CMD: WRCMD     C_r = 0x001   at time  134047693 ps
inst0 ch0:  C_CMD: WRCMD     C_f = 0x080   at time  134048107 ps
inst0 ch0:  C_CMD: WRCMD     C_r = 0x009   at time  134048521 ps
inst0 ch0:  C_CMD: WRCMD     C_f = 0x002   at time  134048935 ps
inst0 ch0:  C_CMD: WRCMD     C_r = 0x009   at time  134051005 ps
inst0 ch0:  C_CMD: WRCMD     C_f = 0x082   at time  134051419 ps
inst0 ch0:  R_CMD: ACTCMD    R_r0= 0x0a    at time  138290365 ps
inst0 ch0:  R_CMD: ACTCMD    R_f0= 0x13    at time  138290779 ps
inst0 ch0:  R_CMD: ACTCMD    R_r1= 0x3f    at time  138291193 ps
inst0 ch0:  R_CMD: ACTCMD    R_f1= 0x3b    at time  138291607 ps
inst0 ch0:  R_CMD: ACTCMD    R_r0= 0x0a    at time  138292021 ps
inst0 ch0:  R_CMD: ACTCMD    R_f0= 0x1b    at time  138292435 ps
inst0 ch0:  R_CMD: ACTCMD    R_r1= 0x3f    at time  138292849 ps
inst0 ch0:  R_CMD: ACTCMD    R_f1= 0x3b    at time  138293263 ps
inst0 ch0:  C_CMD: RDCMD     C_r = 0x015   at time  138305269 ps
inst0 ch0:  C_CMD: RDCMD     C_f = 0x010   at time  138305683 ps
inst0 ch0:  C_CMD: RDCMD     C_r = 0x015   at time  138306925 ps
inst0 ch0:  C_CMD: RDCMD     C_f = 0x090   at time  138307339 ps
inst0 ch0:  C_CMD: RDCMD     C_r = 0x01d   at time  138308581 ps
inst0 ch0:  C_CMD: RDCMD     C_f = 0x012   at time  138308995 ps
inst0 ch0:  C_CMD: RDCMD     C_r = 0x01d   at time  138310237 ps
inst0 ch0:  C_CMD: RDCMD     C_f = 0x092   at time  138310651 ps
inst0 ch0:  R_CMD: ACTCMD    R_r0= 0x0a    at time  138407941 ps
inst0 ch0:  R_CMD: ACTCMD    R_f0= 0x1b    at time  138408355 ps
inst0 ch0:  R_CMD: ACTCMD    R_r1= 0x3f    at time  138408769 ps
inst0 ch0:  R_CMD: ACTCMD    R_f1= 0x3b    at time  138409183 ps
inst0 ch0:  R_CMD: ACTCMD    R_r0= 0x0a    at time  138409597 ps
inst0 ch0:  R_CMD: ACTCMD    R_f0= 0x13    at time  138410011 ps
inst0 ch0:  R_CMD: ACTCMD    R_r1= 0x3f    at time  138410425 ps
inst0 ch0:  R_CMD: ACTCMD    R_f1= 0x3b    at time  138410839 ps
inst0 ch0:  C_CMD: WRCMD     C_r = 0x011   at time  138418705 ps
inst0 ch0:  C_CMD: WRCMD     C_f = 0x090   at time  138419119 ps
inst0 ch0:  C_CMD: WRCMD     C_r = 0x011   at time  138420361 ps
inst0 ch0:  C_CMD: WRCMD     C_f = 0x010   at time  138420775 ps
inst0 ch0:  C_CMD: WRCMD     C_r = 0x019   at time  138422017 ps
inst0 ch0:  C_CMD: WRCMD     C_f = 0x092   at time  138422431 ps
inst0 ch0:  C_CMD: WRCMD     C_r = 0x019   at time  138423673 ps
inst0 ch0:  C_CMD: WRCMD     C_f = 0x012   at time  138424087 ps
inst0 ch0:  R_CMD: ACTCMD    R_r0= 0x0a    at time  142362469 ps
inst0 ch0:  R_CMD: ACTCMD    R_f0= 0x08    at time  142362883 ps
inst0 ch0:  R_CMD: ACTCMD    R_r1= 0x00    at time  142363297 ps
inst0 ch0:  R_CMD: ACTCMD    R_f1= 0x00    at time  142363711 ps
inst0 ch0:  R_CMD: ACTCMD    R_r0= 0x0a    at time  142364125 ps
inst0 ch0:  R_CMD: ACTCMD    R_f0= 0x00    at time  142364539 ps
inst0 ch0:  R_CMD: ACTCMD    R_r1= 0x00    at time  142364953 ps
inst0 ch0:  R_CMD: ACTCMD    R_f1= 0x00    at time  142365367 ps
inst0 ch0:  C_CMD: RDCMD     C_r = 0x015   at time  142377373 ps
inst0 ch0:  C_CMD: RDCMD     C_f = 0x0a8   at time  142377787 ps
inst0 ch0:  C_CMD: RDCMD     C_r = 0x015   at time  142379029 ps
inst0 ch0:  C_CMD: RDCMD     C_f = 0x028   at time  142379443 ps
inst0 ch0:  C_CMD: RDCMD     C_r = 0x015   at time  142380685 ps
inst0 ch0:  C_CMD: RDCMD     C_f = 0x0aa   at time  142381099 ps
inst0 ch0:  C_CMD: RDCMD     C_r = 0x015   at time  142382341 ps
inst0 ch0:  C_CMD: RDCMD     C_f = 0x02a   at time  142382755 ps
inst0 ch0:  C_CMD: RDCMD     C_r = 0x015   at time  142383997 ps
inst0 ch0:  C_CMD: RDCMD     C_f = 0x0a0   at time  142384411 ps
inst0 ch0:  C_CMD: RDCMD     C_r = 0x015   at time  142385653 ps
inst0 ch0:  C_CMD: RDCMD     C_f = 0x020   at time  142386067 ps
inst0 ch0:  C_CMD: RDCMD     C_r = 0x01d   at time  142387309 ps
inst0 ch0:  C_CMD: RDCMD     C_f = 0x0a2   at time  142387723 ps
inst0 ch0:  C_CMD: RDCMD     C_r = 0x01d   at time  142388965 ps
inst0 ch0:  C_CMD: RDCMD     C_f = 0x022   at time  142389379 ps
inst0 ch0:  R_CMD: ACTCMD    R_r0= 0x0a    at time  142432849 ps
inst0 ch0:  R_CMD: ACTCMD    R_f0= 0x08    at time  142433263 ps
inst0 ch0:  R_CMD: ACTCMD    R_r1= 0x00    at time  142433677 ps
inst0 ch0:  R_CMD: ACTCMD    R_f1= 0x00    at time  142434091 ps
inst0 ch0:  R_CMD: ACTCMD    R_r0= 0x0a    at time  142434505 ps
inst0 ch0:  R_CMD: ACTCMD    R_f0= 0x00    at time  142434919 ps
inst0 ch0:  R_CMD: ACTCMD    R_r1= 0x00    at time  142435333 ps
inst0 ch0:  R_CMD: ACTCMD    R_f1= 0x00    at time  142435747 ps
inst0 ch0:  C_CMD: WRCMD     C_r = 0x011   at time  142443613 ps
inst0 ch0:  C_CMD: WRCMD     C_f = 0x0a8   at time  142444027 ps
inst0 ch0:  C_CMD: WRCMD     C_r = 0x011   at time  142445269 ps
inst0 ch0:  C_CMD: WRCMD     C_f = 0x028   at time  142445683 ps
inst0 ch0:  C_CMD: WRCMD     C_r = 0x011   at time  142446925 ps
inst0 ch0:  C_CMD: WRCMD     C_f = 0x0aa   at time  142447339 ps
inst0 ch0:  C_CMD: WRCMD     C_r = 0x011   at time  142448581 ps
inst0 ch0:  C_CMD: WRCMD     C_f = 0x02a   at time  142448995 ps
inst0 ch0:  C_CMD: WRCMD     C_r = 0x011   at time  142450237 ps
inst0 ch0:  C_CMD: WRCMD     C_f = 0x0a0   at time  142450651 ps
inst0 ch0:  C_CMD: WRCMD     C_r = 0x011   at time  142451893 ps
inst0 ch0:  C_CMD: WRCMD     C_f = 0x020   at time  142452307 ps
inst0 ch0:  C_CMD: WRCMD     C_r = 0x019   at time  142453549 ps
inst0 ch0:  C_CMD: WRCMD     C_f = 0x0a2   at time  142453963 ps
inst0 ch0:  C_CMD: WRCMD     C_r = 0x019   at time  142455205 ps
inst0 ch0:  C_CMD: WRCMD     C_f = 0x022   at time  142455619 ps
inst0 ch0:  R_CMD: ACTCMD    R_r0= 0x02    at time  146177893 ps
inst0 ch0:  R_CMD: ACTCMD    R_f0= 0x18    at time  146178307 ps
inst0 ch0:  R_CMD: ACTCMD    R_r1= 0x3f    at time  146178721 ps
inst0 ch0:  R_CMD: ACTCMD    R_f1= 0x3b    at time  146179135 ps
inst0 ch0:  R_CMD: ACTCMD    R_r0= 0x02    at time  146180377 ps
inst0 ch0:  R_CMD: ACTCMD    R_f0= 0x10    at time  146180791 ps
inst0 ch0:  R_CMD: ACTCMD    R_r1= 0x3f    at time  146181205 ps
inst0 ch0:  R_CMD: ACTCMD    R_f1= 0x3b    at time  146181619 ps
inst0 ch0:  C_CMD: RDCMD     C_r = 0x005   at time  146192797 ps
inst0 ch0:  C_CMD: RDCMD     C_f = 0x0f8   at time  146193211 ps
inst0 ch0:  C_CMD: RDCMD     C_r = 0x005   at time  146195281 ps
inst0 ch0:  C_CMD: RDCMD     C_f = 0x078   at time  146195695 ps
inst0 ch0:  C_CMD: RDCMD     C_r = 0x00d   at time  146196109 ps
inst0 ch0:  C_CMD: RDCMD     C_f = 0x0fa   at time  146196523 ps
inst0 ch0:  C_CMD: RDCMD     C_r = 0x00d   at time  146198593 ps
inst0 ch0:  C_CMD: RDCMD     C_f = 0x07a   at time  146199007 ps
inst0 ch0:  R_CMD: ACTCMD    R_r0= 0x02    at time  146225089 ps
inst0 ch0:  R_CMD: ACTCMD    R_f0= 0x19    at time  146225503 ps
inst0 ch0:  R_CMD: ACTCMD    R_r1= 0x3f    at time  146225917 ps
inst0 ch0:  R_CMD: ACTCMD    R_f1= 0x3b    at time  146226331 ps
inst0 ch0:  R_CMD: ACTCMD    R_r0= 0x02    at time  146227573 ps
inst0 ch0:  R_CMD: ACTCMD    R_f0= 0x11    at time  146227987 ps
inst0 ch0:  R_CMD: ACTCMD    R_r1= 0x3f    at time  146228401 ps
inst0 ch0:  R_CMD: ACTCMD    R_f1= 0x3b    at time  146228815 ps
inst0 ch0:  C_CMD: RDCMD     C_r = 0x005   at time  146239993 ps
inst0 ch0:  C_CMD: RDCMD     C_f = 0x0f8   at time  146240407 ps
inst0 ch0:  C_CMD: RDCMD     C_r = 0x005   at time  146242477 ps
inst0 ch0:  C_CMD: RDCMD     C_f = 0x078   at time  146242891 ps
inst0 ch0:  C_CMD: RDCMD     C_r = 0x00d   at time  146243305 ps
inst0 ch0:  C_CMD: RDCMD     C_f = 0x0fa   at time  146243719 ps
inst0 ch0:  C_CMD: RDCMD     C_r = 0x00d   at time  146245789 ps
inst0 ch0:  C_CMD: RDCMD     C_f = 0x07a   at time  146246203 ps
inst0 ch0:  R_CMD: ACTCMD    R_r0= 0x02    at time  146272285 ps
inst0 ch0:  R_CMD: ACTCMD    R_f0= 0x18    at time  146272699 ps
inst0 ch0:  R_CMD: ACTCMD    R_r1= 0x3f    at time  146273113 ps
inst0 ch0:  R_CMD: ACTCMD    R_f1= 0x3b    at time  146273527 ps
inst0 ch0:  R_CMD: ACTCMD    R_r0= 0x02    at time  146274769 ps
inst0 ch0:  R_CMD: ACTCMD    R_f0= 0x10    at time  146275183 ps
inst0 ch0:  R_CMD: ACTCMD    R_r1= 0x3f    at time  146275597 ps
inst0 ch0:  R_CMD: ACTCMD    R_f1= 0x3b    at time  146276011 ps
inst0 ch0:  C_CMD: WRCMD     C_r = 0x001   at time  146283049 ps
inst0 ch0:  C_CMD: WRCMD     C_f = 0x0f8   at time  146283463 ps
inst0 ch0:  C_CMD: WRCMD     C_r = 0x001   at time  146285533 ps
inst0 ch0:  C_CMD: WRCMD     C_f = 0x078   at time  146285947 ps
inst0 ch0:  C_CMD: WRCMD     C_r = 0x009   at time  146286361 ps
inst0 ch0:  C_CMD: WRCMD     C_f = 0x0fa   at time  146286775 ps
inst0 ch0:  C_CMD: WRCMD     C_r = 0x009   at time  146288845 ps
inst0 ch0:  C_CMD: WRCMD     C_f = 0x07a   at time  146289259 ps
inst0 ch0:  R_CMD: ACTCMD    R_r0= 0x02    at time  146324449 ps
inst0 ch0:  R_CMD: ACTCMD    R_f0= 0x19    at time  146324863 ps
inst0 ch0:  R_CMD: ACTCMD    R_r1= 0x3f    at time  146325277 ps
inst0 ch0:  R_CMD: ACTCMD    R_f1= 0x3b    at time  146325691 ps
inst0 ch0:  R_CMD: ACTCMD    R_r0= 0x02    at time  146326933 ps
inst0 ch0:  R_CMD: ACTCMD    R_f0= 0x11    at time  146327347 ps
inst0 ch0:  R_CMD: ACTCMD    R_r1= 0x3f    at time  146327761 ps
inst0 ch0:  R_CMD: ACTCMD    R_f1= 0x3b    at time  146328175 ps
inst0 ch0:  C_CMD: WRCMD     C_r = 0x001   at time  146335213 ps
inst0 ch0:  C_CMD: WRCMD     C_f = 0x0f8   at time  146335627 ps
inst0 ch0:  C_CMD: WRCMD     C_r = 0x001   at time  146337697 ps
inst0 ch0:  C_CMD: WRCMD     C_f = 0x078   at time  146338111 ps
inst0 ch0:  C_CMD: WRCMD     C_r = 0x009   at time  146338525 ps
inst0 ch0:  C_CMD: WRCMD     C_f = 0x0fa   at time  146338939 ps
inst0 ch0:  C_CMD: WRCMD     C_r = 0x009   at time  146341009 ps
inst0 ch0:  C_CMD: WRCMD     C_f = 0x07a   at time  146341423 ps
inst0 ch0:  R_CMD: ACTCMD    R_r0= 0x0a    at time  146485909 ps
inst0 ch0:  R_CMD: ACTCMD    R_f0= 0x18    at time  146486323 ps
inst0 ch0:  R_CMD: ACTCMD    R_r1= 0x3f    at time  146486737 ps
inst0 ch0:  R_CMD: ACTCMD    R_f1= 0x3b    at time  146487151 ps
inst0 ch0:  R_CMD: ACTCMD    R_r0= 0x0a    at time  146488393 ps
inst0 ch0:  R_CMD: ACTCMD    R_f0= 0x10    at time  146488807 ps
inst0 ch0:  R_CMD: ACTCMD    R_r1= 0x3f    at time  146489221 ps
inst0 ch0:  R_CMD: ACTCMD    R_f1= 0x3b    at time  146489635 ps
inst0 ch0:  C_CMD: RDCMD     C_r = 0x015   at time  146500813 ps
inst0 ch0:  C_CMD: RDCMD     C_f = 0x0f8   at time  146501227 ps
inst0 ch0:  C_CMD: RDCMD     C_r = 0x015   at time  146503297 ps
inst0 ch0:  C_CMD: RDCMD     C_f = 0x078   at time  146503711 ps
inst0 ch0:  C_CMD: RDCMD     C_r = 0x01d   at time  146504125 ps
inst0 ch0:  C_CMD: RDCMD     C_f = 0x0fa   at time  146504539 ps
inst0 ch0:  C_CMD: RDCMD     C_r = 0x01d   at time  146506609 ps
inst0 ch0:  C_CMD: RDCMD     C_f = 0x07a   at time  146507023 ps
inst0 ch0:  R_CMD: ACTCMD    R_r0= 0x0a    at time  146533105 ps
inst0 ch0:  R_CMD: ACTCMD    R_f0= 0x08    at time  146533519 ps
inst0 ch0:  R_CMD: ACTCMD    R_r1= 0x00    at time  146533933 ps
inst0 ch0:  R_CMD: ACTCMD    R_f1= 0x00    at time  146534347 ps
inst0 ch0:  R_CMD: ACTCMD    R_r0= 0x0a    at time  146535589 ps
inst0 ch0:  R_CMD: ACTCMD    R_f0= 0x00    at time  146536003 ps
inst0 ch0:  R_CMD: ACTCMD    R_r1= 0x00    at time  146536417 ps
inst0 ch0:  R_CMD: ACTCMD    R_f1= 0x00    at time  146536831 ps
inst0 ch0:  C_CMD: RDCMD     C_r = 0x015   at time  146548009 ps
inst0 ch0:  C_CMD: RDCMD     C_f = 0x0b8   at time  146548423 ps
inst0 ch0:  C_CMD: RDCMD     C_r = 0x015   at time  146550493 ps
inst0 ch0:  C_CMD: RDCMD     C_f = 0x038   at time  146550907 ps
inst0 ch0:  C_CMD: RDCMD     C_r = 0x015   at time  146551321 ps
inst0 ch0:  C_CMD: RDCMD     C_f = 0x0ba   at time  146551735 ps
inst0 ch0:  C_CMD: RDCMD     C_r = 0x015   at time  146553805 ps
inst0 ch0:  C_CMD: RDCMD     C_f = 0x03a   at time  146554219 ps
inst0 ch0:  C_CMD: RDCMD     C_r = 0x015   at time  146554633 ps
inst0 ch0:  C_CMD: RDCMD     C_f = 0x0b0   at time  146555047 ps
inst0 ch0:  C_CMD: RDCMD     C_r = 0x015   at time  146557117 ps
inst0 ch0:  C_CMD: RDCMD     C_f = 0x030   at time  146557531 ps
inst0 ch0:  C_CMD: RDCMD     C_r = 0x01d   at time  146557945 ps
inst0 ch0:  C_CMD: RDCMD     C_f = 0x0b2   at time  146558359 ps
inst0 ch0:  C_CMD: RDCMD     C_r = 0x01d   at time  146560429 ps
inst0 ch0:  C_CMD: RDCMD     C_f = 0x032   at time  146560843 ps
inst0 ch0:  R_CMD: ACTCMD    R_r0= 0x0a    at time  146580301 ps
inst0 ch0:  R_CMD: ACTCMD    R_f0= 0x19    at time  146580715 ps
inst0 ch0:  R_CMD: ACTCMD    R_r1= 0x3f    at time  146581129 ps
inst0 ch0:  R_CMD: ACTCMD    R_f1= 0x3b    at time  146581543 ps
inst0 ch0:  R_CMD: ACTCMD    R_r0= 0x0a    at time  146582785 ps
inst0 ch0:  R_CMD: ACTCMD    R_f0= 0x11    at time  146583199 ps
inst0 ch0:  R_CMD: ACTCMD    R_r1= 0x3f    at time  146583613 ps
inst0 ch0:  R_CMD: ACTCMD    R_f1= 0x3b    at time  146584027 ps
inst0 ch0:  C_CMD: RDCMD     C_r = 0x015   at time  146595205 ps
inst0 ch0:  C_CMD: RDCMD     C_f = 0x0f8   at time  146595619 ps
inst0 ch0:  C_CMD: RDCMD     C_r = 0x015   at time  146597689 ps
inst0 ch0:  C_CMD: RDCMD     C_f = 0x078   at time  146598103 ps
inst0 ch0:  C_CMD: RDCMD     C_r = 0x01d   at time  146598517 ps
inst0 ch0:  C_CMD: RDCMD     C_f = 0x0fa   at time  146598931 ps
inst0 ch0:  C_CMD: RDCMD     C_r = 0x01d   at time  146601001 ps
inst0 ch0:  C_CMD: RDCMD     C_f = 0x07a   at time  146601415 ps
inst0 ch0:  R_CMD: ACTCMD    R_r0= 0x0a    at time  146627497 ps
inst0 ch0:  R_CMD: ACTCMD    R_f0= 0x18    at time  146627911 ps
inst0 ch0:  R_CMD: ACTCMD    R_r1= 0x3f    at time  146628325 ps
inst0 ch0:  R_CMD: ACTCMD    R_f1= 0x3b    at time  146628739 ps
inst0 ch0:  R_CMD: ACTCMD    R_r0= 0x0a    at time  146629981 ps
inst0 ch0:  R_CMD: ACTCMD    R_f0= 0x10    at time  146630395 ps
inst0 ch0:  R_CMD: ACTCMD    R_r1= 0x3f    at time  146630809 ps
inst0 ch0:  R_CMD: ACTCMD    R_f1= 0x3b    at time  146631223 ps
inst0 ch0:  C_CMD: WRCMD     C_r = 0x011   at time  146638261 ps
inst0 ch0:  C_CMD: WRCMD     C_f = 0x0f8   at time  146638675 ps
inst0 ch0:  C_CMD: WRCMD     C_r = 0x011   at time  146640745 ps
inst0 ch0:  C_CMD: WRCMD     C_f = 0x078   at time  146641159 ps
inst0 ch0:  C_CMD: WRCMD     C_r = 0x019   at time  146641573 ps
inst0 ch0:  C_CMD: WRCMD     C_f = 0x0fa   at time  146641987 ps
inst0 ch0:  C_CMD: WRCMD     C_r = 0x019   at time  146644057 ps
inst0 ch0:  C_CMD: WRCMD     C_f = 0x07a   at time  146644471 ps
inst0 ch0:  R_CMD: ACTCMD    R_r0= 0x0a    at time  146679661 ps
inst0 ch0:  R_CMD: ACTCMD    R_f0= 0x08    at time  146680075 ps
inst0 ch0:  R_CMD: ACTCMD    R_r1= 0x00    at time  146680489 ps
inst0 ch0:  R_CMD: ACTCMD    R_f1= 0x00    at time  146680903 ps
inst0 ch0:  R_CMD: ACTCMD    R_r0= 0x0a    at time  146682145 ps
inst0 ch0:  R_CMD: ACTCMD    R_f0= 0x00    at time  146682559 ps
inst0 ch0:  R_CMD: ACTCMD    R_r1= 0x00    at time  146682973 ps
inst0 ch0:  R_CMD: ACTCMD    R_f1= 0x00    at time  146683387 ps
inst0 ch0:  C_CMD: WRCMD     C_r = 0x011   at time  146690425 ps
inst0 ch0:  C_CMD: WRCMD     C_f = 0x0b8   at time  146690839 ps
inst0 ch0:  C_CMD: WRCMD     C_r = 0x011   at time  146692909 ps
inst0 ch0:  C_CMD: WRCMD     C_f = 0x038   at time  146693323 ps
inst0 ch0:  C_CMD: WRCMD     C_r = 0x011   at time  146693737 ps
inst0 ch0:  C_CMD: WRCMD     C_f = 0x0ba   at time  146694151 ps
inst0 ch0:  C_CMD: WRCMD     C_r = 0x011   at time  146696221 ps
inst0 ch0:  C_CMD: WRCMD     C_f = 0x03a   at time  146696635 ps
inst0 ch0:  C_CMD: WRCMD     C_r = 0x011   at time  146697049 ps
inst0 ch0:  C_CMD: WRCMD     C_f = 0x0b0   at time  146697463 ps
inst0 ch0:  C_CMD: WRCMD     C_r = 0x011   at time  146699533 ps
inst0 ch0:  C_CMD: WRCMD     C_f = 0x030   at time  146699947 ps
inst0 ch0:  C_CMD: WRCMD     C_r = 0x019   at time  146700361 ps
inst0 ch0:  C_CMD: WRCMD     C_f = 0x0b2   at time  146700775 ps
inst0 ch0:  C_CMD: WRCMD     C_r = 0x019   at time  146702845 ps
inst0 ch0:  C_CMD: WRCMD     C_f = 0x032   at time  146703259 ps
inst0 ch0:  R_CMD: ACTCMD    R_r0= 0x0a    at time  146738449 ps
inst0 ch0:  R_CMD: ACTCMD    R_f0= 0x19    at time  146738863 ps
inst0 ch0:  R_CMD: ACTCMD    R_r1= 0x3f    at time  146739277 ps
inst0 ch0:  R_CMD: ACTCMD    R_f1= 0x3b    at time  146739691 ps
inst0 ch0:  R_CMD: ACTCMD    R_r0= 0x0a    at time  146740933 ps
inst0 ch0:  R_CMD: ACTCMD    R_f0= 0x11    at time  146741347 ps
inst0 ch0:  R_CMD: ACTCMD    R_r1= 0x3f    at time  146741761 ps
inst0 ch0:  R_CMD: ACTCMD    R_f1= 0x3b    at time  146742175 ps
inst0 ch0:  C_CMD: WRCMD     C_r = 0x011   at time  146749213 ps
inst0 ch0:  C_CMD: WRCMD     C_f = 0x0f8   at time  146749627 ps
inst0 ch0:  C_CMD: WRCMD     C_r = 0x011   at time  146751697 ps
inst0 ch0:  C_CMD: WRCMD     C_f = 0x078   at time  146752111 ps
inst0 ch0:  C_CMD: WRCMD     C_r = 0x019   at time  146752525 ps
inst0 ch0:  C_CMD: WRCMD     C_f = 0x0fa   at time  146752939 ps
inst0 ch0:  C_CMD: WRCMD     C_r = 0x019   at time  146755009 ps
inst0 ch0:  C_CMD: WRCMD     C_f = 0x07a   at time  146755423 ps
inst0 ch0:  R_CMD: ACTCMD    R_r0= 0x02    at time  147195505 ps
inst0 ch0:  R_CMD: ACTCMD    R_f0= 0x38    at time  147195919 ps
inst0 ch0:  R_CMD: ACTCMD    R_r1= 0x3f    at time  147196333 ps
inst0 ch0:  R_CMD: ACTCMD    R_f1= 0x3b    at time  147196747 ps
inst0 ch0:  R_CMD: ACTCMD    R_r0= 0x02    at time  147197989 ps
inst0 ch0:  R_CMD: ACTCMD    R_f0= 0x30    at time  147198403 ps
inst0 ch0:  R_CMD: ACTCMD    R_r1= 0x3f    at time  147198817 ps
inst0 ch0:  R_CMD: ACTCMD    R_f1= 0x3b    at time  147199231 ps
inst0 ch0:  C_CMD: RDCMD     C_r = 0x085   at time  147210409 ps
inst0 ch0:  C_CMD: RDCMD     C_f = 0x0f8   at time  147210823 ps
inst0 ch0:  C_CMD: RDCMD     C_r = 0x085   at time  147212893 ps
inst0 ch0:  C_CMD: RDCMD     C_f = 0x078   at time  147213307 ps
inst0 ch0:  C_CMD: RDCMD     C_r = 0x08d   at time  147213721 ps
inst0 ch0:  C_CMD: RDCMD     C_f = 0x0fa   at time  147214135 ps
inst0 ch0:  C_CMD: RDCMD     C_r = 0x08d   at time  147216205 ps
inst0 ch0:  C_CMD: RDCMD     C_f = 0x07a   at time  147216619 ps
inst0 ch0:  R_CMD: ACTCMD    R_r0= 0x02    at time  147265885 ps
inst0 ch0:  R_CMD: ACTCMD    R_f0= 0x38    at time  147266299 ps
inst0 ch0:  R_CMD: ACTCMD    R_r1= 0x3f    at time  147266713 ps
inst0 ch0:  R_CMD: ACTCMD    R_f1= 0x3b    at time  147267127 ps
inst0 ch0:  R_CMD: ACTCMD    R_r0= 0x02    at time  147268369 ps
inst0 ch0:  R_CMD: ACTCMD    R_f0= 0x30    at time  147268783 ps
inst0 ch0:  R_CMD: ACTCMD    R_r1= 0x3f    at time  147269197 ps
inst0 ch0:  R_CMD: ACTCMD    R_f1= 0x3b    at time  147269611 ps
inst0 ch0:  C_CMD: WRCMD     C_r = 0x081   at time  147276649 ps
inst0 ch0:  C_CMD: WRCMD     C_f = 0x0f8   at time  147277063 ps
inst0 ch0:  C_CMD: WRCMD     C_r = 0x081   at time  147279133 ps
inst0 ch0:  C_CMD: WRCMD     C_f = 0x078   at time  147279547 ps
inst0 ch0:  C_CMD: WRCMD     C_r = 0x089   at time  147279961 ps
inst0 ch0:  C_CMD: WRCMD     C_f = 0x0fa   at time  147280375 ps
inst0 ch0:  C_CMD: WRCMD     C_r = 0x089   at time  147282445 ps
inst0 ch0:  C_CMD: WRCMD     C_f = 0x07a   at time  147282859 ps
inst0 ch0:  R_CMD: ACTCMD    R_r0= 0x0a    at time  147449701 ps
inst0 ch0:  R_CMD: ACTCMD    R_f0= 0x38    at time  147450115 ps
inst0 ch0:  R_CMD: ACTCMD    R_r1= 0x3f    at time  147450529 ps
inst0 ch0:  R_CMD: ACTCMD    R_f1= 0x3b    at time  147450943 ps
inst0 ch0:  R_CMD: ACTCMD    R_r0= 0x0a    at time  147452185 ps
inst0 ch0:  R_CMD: ACTCMD    R_f0= 0x30    at time  147452599 ps
inst0 ch0:  R_CMD: ACTCMD    R_r1= 0x3f    at time  147453013 ps
inst0 ch0:  R_CMD: ACTCMD    R_f1= 0x3b    at time  147453427 ps
inst0 ch0:  C_CMD: RDCMD     C_r = 0x095   at time  147464605 ps
inst0 ch0:  C_CMD: RDCMD     C_f = 0x0f8   at time  147465019 ps
inst0 ch0:  C_CMD: RDCMD     C_r = 0x095   at time  147467089 ps
inst0 ch0:  C_CMD: RDCMD     C_f = 0x078   at time  147467503 ps
inst0 ch0:  C_CMD: RDCMD     C_r = 0x09d   at time  147467917 ps
inst0 ch0:  C_CMD: RDCMD     C_f = 0x0fa   at time  147468331 ps
inst0 ch0:  C_CMD: RDCMD     C_r = 0x09d   at time  147470401 ps
inst0 ch0:  C_CMD: RDCMD     C_f = 0x07a   at time  147470815 ps
inst0 ch0:  R_CMD: ACTCMD    R_r0= 0x0a    at time  147592117 ps
inst0 ch0:  R_CMD: ACTCMD    R_f0= 0x38    at time  147592531 ps
inst0 ch0:  R_CMD: ACTCMD    R_r1= 0x3f    at time  147592945 ps
inst0 ch0:  R_CMD: ACTCMD    R_f1= 0x3b    at time  147593359 ps
inst0 ch0:  R_CMD: ACTCMD    R_r0= 0x0a    at time  147594601 ps
inst0 ch0:  R_CMD: ACTCMD    R_f0= 0x30    at time  147595015 ps
inst0 ch0:  R_CMD: ACTCMD    R_r1= 0x3f    at time  147595429 ps
inst0 ch0:  R_CMD: ACTCMD    R_f1= 0x3b    at time  147595843 ps
inst0 ch0:  C_CMD: WRCMD     C_r = 0x091   at time  147602881 ps
inst0 ch0:  C_CMD: WRCMD     C_f = 0x0f8   at time  147603295 ps
inst0 ch0:  C_CMD: WRCMD     C_r = 0x091   at time  147605365 ps
inst0 ch0:  C_CMD: WRCMD     C_f = 0x078   at time  147605779 ps
inst0 ch0:  C_CMD: WRCMD     C_r = 0x099   at time  147606193 ps
inst0 ch0:  C_CMD: WRCMD     C_f = 0x0fa   at time  147606607 ps
inst0 ch0:  C_CMD: WRCMD     C_r = 0x099   at time  147608677 ps
inst0 ch0:  C_CMD: WRCMD     C_f = 0x07a   at time  147609091 ps
