inst0 ch0:  R_CMD: ACTCMD    R_r0= 0x0e    at time   33400981 ps
inst0 ch0:  R_CMD: ACTCMD    R_f0= 0x28    at time   33401395 ps
inst0 ch0:  R_CMD: ACTCMD    R_r1= 0x00    at time   33401809 ps
inst0 ch0:  R_CMD: ACTCMD    R_f1= 0x02    at time   33402223 ps
inst0 ch0:  R_CMD: ACTCMD    R_r0= 0x0e    at time   33402637 ps
inst0 ch0:  R_CMD: ACTCMD    R_f0= 0x20    at time   33403051 ps
inst0 ch0:  R_CMD: ACTCMD    R_r1= 0x00    at time   33403465 ps
inst0 ch0:  R_CMD: ACTCMD    R_f1= 0x02    at time   33403879 ps
inst0 ch0:  C_CMD: RDCMD     C_r = 0x095   at time   33415885 ps
inst0 ch0:  C_CMD: RDCMD     C_f = 0x0a9   at time   33416299 ps
inst0 ch0:  C_CMD: RDCMD     C_r = 0x095   at time   33417541 ps
inst0 ch0:  C_CMD: RDCMD     C_f = 0x029   at time   33417955 ps
inst0 ch0:  C_CMD: RDCMD     C_r = 0x095   at time   33419197 ps
inst0 ch0:  C_CMD: RDCMD     C_f = 0x0ab   at time   33419611 ps
inst0 ch0:  C_CMD: RDCMD     C_r = 0x095   at time   33420853 ps
inst0 ch0:  C_CMD: RDCMD     C_f = 0x02b   at time   33421267 ps
inst0 ch0:  C_CMD: RDCMD     C_r = 0x095   at time   33422509 ps
inst0 ch0:  C_CMD: RDCMD     C_f = 0x0a1   at time   33422923 ps
inst0 ch0:  C_CMD: RDCMD     C_r = 0x095   at time   33424165 ps
inst0 ch0:  C_CMD: RDCMD     C_f = 0x021   at time   33424579 ps
inst0 ch0:  C_CMD: RDCMD     C_r = 0x09d   at time   33425821 ps
inst0 ch0:  C_CMD: RDCMD     C_f = 0x0a3   at time   33426235 ps
inst0 ch0:  C_CMD: RDCMD     C_r = 0x09d   at time   33427477 ps
inst0 ch0:  C_CMD: RDCMD     C_f = 0x023   at time   33427891 ps
inst0 ch0:  R_CMD: ACTCMD    R_r0= 0x0e    at time   33571549 ps
inst0 ch0:  R_CMD: ACTCMD    R_f0= 0x28    at time   33571963 ps
inst0 ch0:  R_CMD: ACTCMD    R_r1= 0x00    at time   33572377 ps
inst0 ch0:  R_CMD: ACTCMD    R_f1= 0x02    at time   33572791 ps
inst0 ch0:  R_CMD: ACTCMD    R_r0= 0x0e    at time   33573205 ps
inst0 ch0:  R_CMD: ACTCMD    R_f0= 0x20    at time   33573619 ps
inst0 ch0:  R_CMD: ACTCMD    R_r1= 0x00    at time   33574033 ps
inst0 ch0:  R_CMD: ACTCMD    R_f1= 0x02    at time   33574447 ps
inst0 ch0:  C_CMD: WRCMD     C_r = 0x091   at time   33582313 ps
inst0 ch0:  C_CMD: WRCMD     C_f = 0x0a9   at time   33582727 ps
inst0 ch0:  C_CMD: WRCMD     C_r = 0x091   at time   33583969 ps
inst0 ch0:  C_CMD: WRCMD     C_f = 0x029   at time   33584383 ps
inst0 ch0:  C_CMD: WRCMD     C_r = 0x091   at time   33585625 ps
inst0 ch0:  C_CMD: WRCMD     C_f = 0x0ab   at time   33586039 ps
inst0 ch0:  C_CMD: WRCMD     C_r = 0x091   at time   33587281 ps
inst0 ch0:  C_CMD: WRCMD     C_f = 0x02b   at time   33587695 ps
inst0 ch0:  C_CMD: WRCMD     C_r = 0x091   at time   33588937 ps
inst0 ch0:  C_CMD: WRCMD     C_f = 0x0a1   at time   33589351 ps
inst0 ch0:  C_CMD: WRCMD     C_r = 0x091   at time   33590593 ps
inst0 ch0:  C_CMD: WRCMD     C_f = 0x021   at time   33591007 ps
inst0 ch0:  C_CMD: WRCMD     C_r = 0x099   at time   33592249 ps
inst0 ch0:  C_CMD: WRCMD     C_f = 0x0a3   at time   33592663 ps
inst0 ch0:  C_CMD: WRCMD     C_r = 0x099   at time   33593905 ps
inst0 ch0:  C_CMD: WRCMD     C_f = 0x023   at time   33594319 ps
inst0 ch0:  R_CMD: ACTCMD    R_r0= 0x26    at time   54263269 ps
inst0 ch0:  R_CMD: ACTCMD    R_f0= 0x28    at time   54263683 ps
inst0 ch0:  R_CMD: ACTCMD    R_r1= 0x00    at time   54264097 ps
inst0 ch0:  R_CMD: ACTCMD    R_f1= 0x02    at time   54264511 ps
inst0 ch0:  R_CMD: ACTCMD    R_r0= 0x26    at time   54265753 ps
inst0 ch0:  R_CMD: ACTCMD    R_f0= 0x20    at time   54266167 ps
inst0 ch0:  R_CMD: ACTCMD    R_r1= 0x00    at time   54266581 ps
inst0 ch0:  R_CMD: ACTCMD    R_f1= 0x02    at time   54266995 ps
inst0 ch0:  C_CMD: RDCMD     C_r = 0x0c5   at time   54278173 ps
inst0 ch0:  C_CMD: RDCMD     C_f = 0x0a9   at time   54278587 ps
inst0 ch0:  C_CMD: RDCMD     C_r = 0x0c5   at time   54280657 ps
inst0 ch0:  C_CMD: RDCMD     C_f = 0x029   at time   54281071 ps
inst0 ch0:  C_CMD: RDCMD     C_r = 0x0c5   at time   54281485 ps
inst0 ch0:  C_CMD: RDCMD     C_f = 0x0ab   at time   54281899 ps
inst0 ch0:  C_CMD: RDCMD     C_r = 0x0c5   at time   54283969 ps
inst0 ch0:  C_CMD: RDCMD     C_f = 0x02b   at time   54284383 ps
inst0 ch0:  C_CMD: RDCMD     C_r = 0x0c5   at time   54284797 ps
inst0 ch0:  C_CMD: RDCMD     C_f = 0x0a1   at time   54285211 ps
inst0 ch0:  C_CMD: RDCMD     C_r = 0x0c5   at time   54287281 ps
inst0 ch0:  C_CMD: RDCMD     C_f = 0x021   at time   54287695 ps
inst0 ch0:  C_CMD: RDCMD     C_r = 0x0cd   at time   54288109 ps
inst0 ch0:  C_CMD: RDCMD     C_f = 0x0a3   at time   54288523 ps
inst0 ch0:  C_CMD: RDCMD     C_r = 0x0cd   at time   54290593 ps
inst0 ch0:  C_CMD: RDCMD     C_f = 0x023   at time   54291007 ps
inst0 ch0:  R_CMD: ACTCMD    R_r0= 0x26    at time   54333649 ps
inst0 ch0:  R_CMD: ACTCMD    R_f0= 0x28    at time   54334063 ps
inst0 ch0:  R_CMD: ACTCMD    R_r1= 0x00    at time   54334477 ps
inst0 ch0:  R_CMD: ACTCMD    R_f1= 0x02    at time   54334891 ps
inst0 ch0:  R_CMD: ACTCMD    R_r0= 0x26    at time   54336133 ps
inst0 ch0:  R_CMD: ACTCMD    R_f0= 0x20    at time   54336547 ps
inst0 ch0:  R_CMD: ACTCMD    R_r1= 0x00    at time   54336961 ps
inst0 ch0:  R_CMD: ACTCMD    R_f1= 0x02    at time   54337375 ps
inst0 ch0:  C_CMD: WRCMD     C_r = 0x0c1   at time   54344413 ps
inst0 ch0:  C_CMD: WRCMD     C_f = 0x0a9   at time   54344827 ps
inst0 ch0:  C_CMD: WRCMD     C_r = 0x0c1   at time   54346897 ps
inst0 ch0:  C_CMD: WRCMD     C_f = 0x029   at time   54347311 ps
inst0 ch0:  C_CMD: WRCMD     C_r = 0x0c1   at time   54347725 ps
inst0 ch0:  C_CMD: WRCMD     C_f = 0x0ab   at time   54348139 ps
inst0 ch0:  C_CMD: WRCMD     C_r = 0x0c1   at time   54350209 ps
inst0 ch0:  C_CMD: WRCMD     C_f = 0x02b   at time   54350623 ps
inst0 ch0:  C_CMD: WRCMD     C_r = 0x0c1   at time   54351037 ps
inst0 ch0:  C_CMD: WRCMD     C_f = 0x0a1   at time   54351451 ps
inst0 ch0:  C_CMD: WRCMD     C_r = 0x0c1   at time   54353521 ps
inst0 ch0:  C_CMD: WRCMD     C_f = 0x021   at time   54353935 ps
inst0 ch0:  C_CMD: WRCMD     C_r = 0x0c9   at time   54354349 ps
inst0 ch0:  C_CMD: WRCMD     C_f = 0x0a3   at time   54354763 ps
inst0 ch0:  C_CMD: WRCMD     C_r = 0x0c9   at time   54356833 ps
inst0 ch0:  C_CMD: WRCMD     C_f = 0x023   at time   54357247 ps
inst0 ch0:  R_CMD: ACTCMD    R_r0= 0x22    at time  124902433 ps
inst0 ch0:  R_CMD: ACTCMD    R_f0= 0x2a    at time  124902847 ps
inst0 ch0:  R_CMD: ACTCMD    R_r1= 0x00    at time  124903261 ps
inst0 ch0:  R_CMD: ACTCMD    R_f1= 0x00    at time  124903675 ps
inst0 ch0:  R_CMD: ACTCMD    R_r0= 0x02    at time  124906573 ps
inst0 ch0:  R_CMD: ACTCMD    R_f0= 0x2a    at time  124906987 ps
inst0 ch0:  R_CMD: ACTCMD    R_r1= 0x00    at time  124907401 ps
inst0 ch0:  R_CMD: ACTCMD    R_f1= 0x00    at time  124907815 ps
inst0 ch0:  R_CMD: ACTCMD    R_r0= 0x22    at time  124908229 ps
inst0 ch0:  R_CMD: ACTCMD    R_f0= 0x22    at time  124908643 ps
inst0 ch0:  R_CMD: ACTCMD    R_r1= 0x00    at time  124909057 ps
inst0 ch0:  R_CMD: ACTCMD    R_f1= 0x00    at time  124909471 ps
inst0 ch0:  R_CMD: ACTCMD    R_r0= 0x22    at time  124910713 ps
inst0 ch0:  R_CMD: ACTCMD    R_f0= 0x0a    at time  124911127 ps
inst0 ch0:  R_CMD: ACTCMD    R_r1= 0x00    at time  124911541 ps
inst0 ch0:  R_CMD: ACTCMD    R_f1= 0x00    at time  124911955 ps
inst0 ch0:  R_CMD: ACTCMD    R_r0= 0x02    at time  124912369 ps
inst0 ch0:  R_CMD: ACTCMD    R_f0= 0x22    at time  124912783 ps
inst0 ch0:  R_CMD: ACTCMD    R_r1= 0x00    at time  124913197 ps
inst0 ch0:  R_CMD: ACTCMD    R_f1= 0x00    at time  124913611 ps
inst0 ch0:  R_CMD: ACTCMD    R_r0= 0x02    at time  124914853 ps
inst0 ch0:  R_CMD: ACTCMD    R_f0= 0x0a    at time  124915267 ps
inst0 ch0:  R_CMD: ACTCMD    R_r1= 0x00    at time  124915681 ps
inst0 ch0:  R_CMD: ACTCMD    R_f1= 0x00    at time  124916095 ps
inst0 ch0:  R_CMD: ACTCMD    R_r0= 0x22    at time  124916509 ps
inst0 ch0:  R_CMD: ACTCMD    R_f0= 0x02    at time  124916923 ps
inst0 ch0:  R_CMD: ACTCMD    R_r1= 0x00    at time  124917337 ps
inst0 ch0:  C_CMD: RDCMD     C_r = 0x0c5   at time  124917337 ps
inst0 ch0:  R_CMD: ACTCMD    R_f1= 0x00    at time  124917751 ps
inst0 ch0:  C_CMD: RDCMD     C_f = 0x080   at time  124917751 ps
inst0 ch0:  R_CMD: ACTCMD    R_r0= 0x02    at time  124920649 ps
inst0 ch0:  C_CMD: RDCMD     C_r = 0x0cd   at time  124920649 ps
inst0 ch0:  R_CMD: ACTCMD    R_f0= 0x02    at time  124921063 ps
inst0 ch0:  C_CMD: RDCMD     C_f = 0x082   at time  124921063 ps
inst0 ch0:  R_CMD: ACTCMD    R_r1= 0x00    at time  124921477 ps
inst0 ch0:  R_CMD: ACTCMD    R_f1= 0x00    at time  124921891 ps
inst0 ch0:  C_CMD: RDCMD     C_r = 0x085   at time  124922305 ps
inst0 ch0:  C_CMD: RDCMD     C_f = 0x080   at time  124922719 ps
inst0 ch0:  C_CMD: RDCMD     C_r = 0x0c5   at time  124923133 ps
inst0 ch0:  C_CMD: RDCMD     C_f = 0x000   at time  124923547 ps
inst0 ch0:  C_CMD: RDCMD     C_r = 0x08d   at time  124925617 ps
inst0 ch0:  C_CMD: RDCMD     C_f = 0x082   at time  124926031 ps
inst0 ch0:  C_CMD: RDCMD     C_r = 0x0cd   at time  124926445 ps
inst0 ch0:  C_CMD: RDCMD     C_f = 0x002   at time  124926859 ps
inst0 ch0:  C_CMD: RDCMD     C_r = 0x045   at time  124927273 ps
inst0 ch0:  C_CMD: RDCMD     C_f = 0x080   at time  124927687 ps
inst0 ch0:  C_CMD: RDCMD     C_r = 0x085   at time  124928101 ps
inst0 ch0:  C_CMD: RDCMD     C_f = 0x000   at time  124928515 ps
inst0 ch0:  C_CMD: RDCMD     C_r = 0x005   at time  124929757 ps
inst0 ch0:  C_CMD: RDCMD     C_f = 0x080   at time  124930171 ps
inst0 ch0:  C_CMD: RDCMD     C_r = 0x04d   at time  124931413 ps
inst0 ch0:  C_CMD: RDCMD     C_f = 0x082   at time  124931827 ps
inst0 ch0:  C_CMD: RDCMD     C_r = 0x08d   at time  124932241 ps
inst0 ch0:  C_CMD: RDCMD     C_f = 0x002   at time  124932655 ps
inst0 ch0:  C_CMD: RDCMD     C_r = 0x00d   at time  124933069 ps
inst0 ch0:  C_CMD: RDCMD     C_f = 0x082   at time  124933483 ps
inst0 ch0:  C_CMD: RDCMD     C_r = 0x045   at time  124933897 ps
inst0 ch0:  C_CMD: RDCMD     C_f = 0x000   at time  124934311 ps
inst0 ch0:  C_CMD: RDCMD     C_r = 0x005   at time  124935553 ps
inst0 ch0:  C_CMD: RDCMD     C_f = 0x000   at time  124935967 ps
inst0 ch0:  C_CMD: RDCMD     C_r = 0x04d   at time  124937209 ps
inst0 ch0:  C_CMD: RDCMD     C_f = 0x002   at time  124937623 ps
inst0 ch0:  C_CMD: RDCMD     C_r = 0x00d   at time  124938865 ps
inst0 ch0:  C_CMD: RDCMD     C_f = 0x002   at time  124939279 ps
inst0 ch0:  R_CMD: ACTCMD    R_r0= 0x2a    at time  125397577 ps
inst0 ch0:  R_CMD: ACTCMD    R_f0= 0x2a    at time  125397991 ps
inst0 ch0:  R_CMD: ACTCMD    R_r1= 0x00    at time  125398405 ps
inst0 ch0:  R_CMD: ACTCMD    R_f1= 0x00    at time  125398819 ps
inst0 ch0:  R_CMD: ACTCMD    R_r0= 0x0a    at time  125401717 ps
inst0 ch0:  R_CMD: ACTCMD    R_f0= 0x2a    at time  125402131 ps
inst0 ch0:  R_CMD: ACTCMD    R_r1= 0x00    at time  125402545 ps
inst0 ch0:  R_CMD: ACTCMD    R_f1= 0x00    at time  125402959 ps
inst0 ch0:  R_CMD: ACTCMD    R_r0= 0x2a    at time  125404201 ps
inst0 ch0:  R_CMD: ACTCMD    R_f0= 0x22    at time  125404615 ps
inst0 ch0:  R_CMD: ACTCMD    R_r1= 0x00    at time  125405029 ps
inst0 ch0:  R_CMD: ACTCMD    R_f1= 0x00    at time  125405443 ps
inst0 ch0:  R_CMD: ACTCMD    R_r0= 0x2a    at time  125405857 ps
inst0 ch0:  R_CMD: ACTCMD    R_f0= 0x0a    at time  125406271 ps
inst0 ch0:  R_CMD: ACTCMD    R_r1= 0x00    at time  125406685 ps
inst0 ch0:  R_CMD: ACTCMD    R_f1= 0x00    at time  125407099 ps
inst0 ch0:  R_CMD: ACTCMD    R_r0= 0x0a    at time  125409169 ps
inst0 ch0:  R_CMD: ACTCMD    R_f0= 0x22    at time  125409583 ps
inst0 ch0:  R_CMD: ACTCMD    R_r1= 0x00    at time  125409997 ps
inst0 ch0:  R_CMD: ACTCMD    R_f1= 0x00    at time  125410411 ps
inst0 ch0:  R_CMD: ACTCMD    R_r0= 0x0a    at time  125410825 ps
inst0 ch0:  R_CMD: ACTCMD    R_f0= 0x0a    at time  125411239 ps
inst0 ch0:  R_CMD: ACTCMD    R_r1= 0x00    at time  125411653 ps
inst0 ch0:  R_CMD: ACTCMD    R_f1= 0x00    at time  125412067 ps
inst0 ch0:  C_CMD: RDCMD     C_r = 0x0d5   at time  125412481 ps
inst0 ch0:  C_CMD: RDCMD     C_f = 0x080   at time  125412895 ps
inst0 ch0:  R_CMD: ACTCMD    R_r0= 0x2a    at time  125413309 ps
inst0 ch0:  R_CMD: ACTCMD    R_f0= 0x02    at time  125413723 ps
inst0 ch0:  R_CMD: ACTCMD    R_r1= 0x00    at time  125414137 ps
inst0 ch0:  R_CMD: ACTCMD    R_f1= 0x00    at time  125414551 ps
inst0 ch0:  C_CMD: RDCMD     C_r = 0x0dd   at time  125415793 ps
inst0 ch0:  C_CMD: RDCMD     C_f = 0x082   at time  125416207 ps
inst0 ch0:  R_CMD: ACTCMD    R_r0= 0x0a    at time  125417449 ps
inst0 ch0:  C_CMD: RDCMD     C_r = 0x095   at time  125417449 ps
inst0 ch0:  R_CMD: ACTCMD    R_f0= 0x02    at time  125417863 ps
inst0 ch0:  C_CMD: RDCMD     C_f = 0x080   at time  125417863 ps
inst0 ch0:  R_CMD: ACTCMD    R_r1= 0x00    at time  125418277 ps
inst0 ch0:  R_CMD: ACTCMD    R_f1= 0x00    at time  125418691 ps
inst0 ch0:  C_CMD: RDCMD     C_r = 0x0d5   at time  125419105 ps
inst0 ch0:  C_CMD: RDCMD     C_f = 0x000   at time  125419519 ps
inst0 ch0:  C_CMD: RDCMD     C_r = 0x09d   at time  125420761 ps
inst0 ch0:  C_CMD: RDCMD     C_f = 0x082   at time  125421175 ps
inst0 ch0:  C_CMD: RDCMD     C_r = 0x055   at time  125422417 ps
inst0 ch0:  C_CMD: RDCMD     C_f = 0x080   at time  125422831 ps
inst0 ch0:  C_CMD: RDCMD     C_r = 0x0dd   at time  125423245 ps
inst0 ch0:  C_CMD: RDCMD     C_f = 0x002   at time  125423659 ps
inst0 ch0:  C_CMD: RDCMD     C_r = 0x095   at time  125424901 ps
inst0 ch0:  C_CMD: RDCMD     C_f = 0x000   at time  125425315 ps
inst0 ch0:  C_CMD: RDCMD     C_r = 0x05d   at time  125425729 ps
inst0 ch0:  C_CMD: RDCMD     C_f = 0x082   at time  125426143 ps
inst0 ch0:  C_CMD: RDCMD     C_r = 0x015   at time  125427385 ps
inst0 ch0:  C_CMD: RDCMD     C_f = 0x080   at time  125427799 ps
inst0 ch0:  C_CMD: RDCMD     C_r = 0x09d   at time  125428213 ps
inst0 ch0:  C_CMD: RDCMD     C_f = 0x002   at time  125428627 ps
inst0 ch0:  C_CMD: RDCMD     C_r = 0x055   at time  125429869 ps
inst0 ch0:  C_CMD: RDCMD     C_f = 0x000   at time  125430283 ps
inst0 ch0:  C_CMD: RDCMD     C_r = 0x01d   at time  125430697 ps
inst0 ch0:  C_CMD: RDCMD     C_f = 0x082   at time  125431111 ps
inst0 ch0:  C_CMD: RDCMD     C_r = 0x015   at time  125432353 ps
inst0 ch0:  C_CMD: RDCMD     C_f = 0x000   at time  125432767 ps
inst0 ch0:  C_CMD: RDCMD     C_r = 0x05d   at time  125434009 ps
inst0 ch0:  C_CMD: RDCMD     C_f = 0x002   at time  125434423 ps
inst0 ch0:  C_CMD: RDCMD     C_r = 0x01d   at time  125435665 ps
inst0 ch0:  C_CMD: RDCMD     C_f = 0x002   at time  125436079 ps
inst0 ch0:  R_CMD: ACTCMD    R_r0= 0x32    at time  125899345 ps
inst0 ch0:  R_CMD: ACTCMD    R_f0= 0x2a    at time  125899759 ps
inst0 ch0:  R_CMD: ACTCMD    R_r1= 0x00    at time  125900173 ps
inst0 ch0:  R_CMD: ACTCMD    R_f1= 0x00    at time  125900587 ps
inst0 ch0:  R_CMD: ACTCMD    R_r0= 0x12    at time  125903485 ps
inst0 ch0:  R_CMD: ACTCMD    R_f0= 0x2a    at time  125903899 ps
inst0 ch0:  R_CMD: ACTCMD    R_r1= 0x00    at time  125904313 ps
inst0 ch0:  R_CMD: ACTCMD    R_f1= 0x00    at time  125904727 ps
inst0 ch0:  R_CMD: ACTCMD    R_r0= 0x32    at time  125905969 ps
inst0 ch0:  R_CMD: ACTCMD    R_f0= 0x22    at time  125906383 ps
inst0 ch0:  R_CMD: ACTCMD    R_r1= 0x00    at time  125906797 ps
inst0 ch0:  R_CMD: ACTCMD    R_f1= 0x00    at time  125907211 ps
inst0 ch0:  R_CMD: ACTCMD    R_r0= 0x32    at time  125907625 ps
inst0 ch0:  R_CMD: ACTCMD    R_f0= 0x0a    at time  125908039 ps
inst0 ch0:  R_CMD: ACTCMD    R_r1= 0x00    at time  125908453 ps
inst0 ch0:  R_CMD: ACTCMD    R_f1= 0x00    at time  125908867 ps
inst0 ch0:  R_CMD: ACTCMD    R_r0= 0x12    at time  125910109 ps
inst0 ch0:  R_CMD: ACTCMD    R_f0= 0x22    at time  125910523 ps
inst0 ch0:  R_CMD: ACTCMD    R_r1= 0x00    at time  125910937 ps
inst0 ch0:  R_CMD: ACTCMD    R_f1= 0x00    at time  125911351 ps
inst0 ch0:  R_CMD: ACTCMD    R_r0= 0x12    at time  125911765 ps
inst0 ch0:  R_CMD: ACTCMD    R_f0= 0x0a    at time  125912179 ps
inst0 ch0:  R_CMD: ACTCMD    R_r1= 0x00    at time  125912593 ps
inst0 ch0:  R_CMD: ACTCMD    R_f1= 0x00    at time  125913007 ps
inst0 ch0:  R_CMD: ACTCMD    R_r0= 0x32    at time  125914249 ps
inst0 ch0:  C_CMD: RDCMD     C_r = 0x0e5   at time  125914249 ps
inst0 ch0:  R_CMD: ACTCMD    R_f0= 0x02    at time  125914663 ps
inst0 ch0:  C_CMD: RDCMD     C_f = 0x080   at time  125914663 ps
inst0 ch0:  R_CMD: ACTCMD    R_r1= 0x00    at time  125915077 ps
inst0 ch0:  R_CMD: ACTCMD    R_f1= 0x00    at time  125915491 ps
inst0 ch0:  C_CMD: RDCMD     C_r = 0x0ed   at time  125917561 ps
inst0 ch0:  C_CMD: RDCMD     C_f = 0x082   at time  125917975 ps
inst0 ch0:  R_CMD: ACTCMD    R_r0= 0x12    at time  125918389 ps
inst0 ch0:  R_CMD: ACTCMD    R_f0= 0x02    at time  125918803 ps
inst0 ch0:  R_CMD: ACTCMD    R_r1= 0x00    at time  125919217 ps
inst0 ch0:  C_CMD: RDCMD     C_r = 0x0a5   at time  125919217 ps
inst0 ch0:  R_CMD: ACTCMD    R_f1= 0x00    at time  125919631 ps
inst0 ch0:  C_CMD: RDCMD     C_f = 0x080   at time  125919631 ps
inst0 ch0:  C_CMD: RDCMD     C_r = 0x0e5   at time  125920873 ps
inst0 ch0:  C_CMD: RDCMD     C_f = 0x000   at time  125921287 ps
inst0 ch0:  C_CMD: RDCMD     C_r = 0x0ad   at time  125922529 ps
inst0 ch0:  C_CMD: RDCMD     C_f = 0x082   at time  125922943 ps
inst0 ch0:  C_CMD: RDCMD     C_r = 0x065   at time  125924185 ps
inst0 ch0:  C_CMD: RDCMD     C_f = 0x080   at time  125924599 ps
inst0 ch0:  C_CMD: RDCMD     C_r = 0x0ed   at time  125925013 ps
inst0 ch0:  C_CMD: RDCMD     C_f = 0x002   at time  125925427 ps
inst0 ch0:  C_CMD: RDCMD     C_r = 0x025   at time  125926669 ps
inst0 ch0:  C_CMD: RDCMD     C_f = 0x080   at time  125927083 ps
inst0 ch0:  C_CMD: RDCMD     C_r = 0x0a5   at time  125927497 ps
inst0 ch0:  C_CMD: RDCMD     C_f = 0x000   at time  125927911 ps
inst0 ch0:  C_CMD: RDCMD     C_r = 0x06d   at time  125928325 ps
inst0 ch0:  C_CMD: RDCMD     C_f = 0x082   at time  125928739 ps
inst0 ch0:  C_CMD: RDCMD     C_r = 0x065   at time  125929153 ps
inst0 ch0:  C_CMD: RDCMD     C_f = 0x000   at time  125929567 ps
inst0 ch0:  C_CMD: RDCMD     C_r = 0x02d   at time  125929981 ps
inst0 ch0:  C_CMD: RDCMD     C_f = 0x082   at time  125930395 ps
inst0 ch0:  C_CMD: RDCMD     C_r = 0x0ad   at time  125930809 ps
inst0 ch0:  C_CMD: RDCMD     C_f = 0x002   at time  125931223 ps
inst0 ch0:  C_CMD: RDCMD     C_r = 0x06d   at time  125932465 ps
inst0 ch0:  C_CMD: RDCMD     C_f = 0x002   at time  125932879 ps
inst0 ch0:  C_CMD: RDCMD     C_r = 0x025   at time  125934121 ps
inst0 ch0:  C_CMD: RDCMD     C_f = 0x000   at time  125934535 ps
inst0 ch0:  C_CMD: RDCMD     C_r = 0x02d   at time  125937433 ps
inst0 ch0:  C_CMD: RDCMD     C_f = 0x002   at time  125937847 ps
inst0 ch0:  R_CMD: ACTCMD    R_r0= 0x3a    at time  126402769 ps
inst0 ch0:  R_CMD: ACTCMD    R_f0= 0x2a    at time  126403183 ps
inst0 ch0:  R_CMD: ACTCMD    R_r1= 0x00    at time  126403597 ps
inst0 ch0:  R_CMD: ACTCMD    R_f1= 0x00    at time  126404011 ps
inst0 ch0:  R_CMD: ACTCMD    R_r0= 0x1a    at time  126406909 ps
inst0 ch0:  R_CMD: ACTCMD    R_f0= 0x2a    at time  126407323 ps
inst0 ch0:  R_CMD: ACTCMD    R_r1= 0x00    at time  126407737 ps
inst0 ch0:  R_CMD: ACTCMD    R_f1= 0x00    at time  126408151 ps
inst0 ch0:  R_CMD: ACTCMD    R_r0= 0x3a    at time  126409393 ps
inst0 ch0:  R_CMD: ACTCMD    R_f0= 0x22    at time  126409807 ps
inst0 ch0:  R_CMD: ACTCMD    R_r1= 0x00    at time  126410221 ps
inst0 ch0:  R_CMD: ACTCMD    R_f1= 0x00    at time  126410635 ps
inst0 ch0:  R_CMD: ACTCMD    R_r0= 0x3a    at time  126411049 ps
inst0 ch0:  R_CMD: ACTCMD    R_f0= 0x0a    at time  126411463 ps
inst0 ch0:  R_CMD: ACTCMD    R_r1= 0x00    at time  126411877 ps
inst0 ch0:  R_CMD: ACTCMD    R_f1= 0x00    at time  126412291 ps
inst0 ch0:  R_CMD: ACTCMD    R_r0= 0x1a    at time  126413533 ps
inst0 ch0:  R_CMD: ACTCMD    R_f0= 0x22    at time  126413947 ps
inst0 ch0:  R_CMD: ACTCMD    R_r1= 0x00    at time  126414361 ps
inst0 ch0:  R_CMD: ACTCMD    R_f1= 0x00    at time  126414775 ps
inst0 ch0:  R_CMD: ACTCMD    R_r0= 0x1a    at time  126415189 ps
inst0 ch0:  R_CMD: ACTCMD    R_f0= 0x0a    at time  126415603 ps
inst0 ch0:  R_CMD: ACTCMD    R_r1= 0x00    at time  126416017 ps
inst0 ch0:  R_CMD: ACTCMD    R_f1= 0x00    at time  126416431 ps
inst0 ch0:  R_CMD: ACTCMD    R_r0= 0x3a    at time  126417673 ps
inst0 ch0:  C_CMD: RDCMD     C_r = 0x0f5   at time  126417673 ps
inst0 ch0:  R_CMD: ACTCMD    R_f0= 0x02    at time  126418087 ps
inst0 ch0:  C_CMD: RDCMD     C_f = 0x080   at time  126418087 ps
inst0 ch0:  R_CMD: ACTCMD    R_r1= 0x00    at time  126418501 ps
inst0 ch0:  R_CMD: ACTCMD    R_f1= 0x00    at time  126418915 ps
inst0 ch0:  C_CMD: RDCMD     C_r = 0x0fd   at time  126420985 ps
inst0 ch0:  C_CMD: RDCMD     C_f = 0x082   at time  126421399 ps
inst0 ch0:  R_CMD: ACTCMD    R_r0= 0x1a    at time  126421813 ps
inst0 ch0:  R_CMD: ACTCMD    R_f0= 0x02    at time  126422227 ps
inst0 ch0:  R_CMD: ACTCMD    R_r1= 0x00    at time  126422641 ps
inst0 ch0:  C_CMD: RDCMD     C_r = 0x0b5   at time  126422641 ps
inst0 ch0:  R_CMD: ACTCMD    R_f1= 0x00    at time  126423055 ps
inst0 ch0:  C_CMD: RDCMD     C_f = 0x080   at time  126423055 ps
inst0 ch0:  C_CMD: RDCMD     C_r = 0x0f5   at time  126424297 ps
inst0 ch0:  C_CMD: RDCMD     C_f = 0x000   at time  126424711 ps
inst0 ch0:  C_CMD: RDCMD     C_r = 0x0bd   at time  126425953 ps
inst0 ch0:  C_CMD: RDCMD     C_f = 0x082   at time  126426367 ps
inst0 ch0:  C_CMD: RDCMD     C_r = 0x075   at time  126427609 ps
inst0 ch0:  C_CMD: RDCMD     C_f = 0x080   at time  126428023 ps
inst0 ch0:  C_CMD: RDCMD     C_r = 0x0fd   at time  126428437 ps
inst0 ch0:  C_CMD: RDCMD     C_f = 0x002   at time  126428851 ps
inst0 ch0:  C_CMD: RDCMD     C_r = 0x035   at time  126430093 ps
inst0 ch0:  C_CMD: RDCMD     C_f = 0x080   at time  126430507 ps
inst0 ch0:  C_CMD: RDCMD     C_r = 0x0b5   at time  126430921 ps
inst0 ch0:  C_CMD: RDCMD     C_f = 0x000   at time  126431335 ps
inst0 ch0:  C_CMD: RDCMD     C_r = 0x07d   at time  126431749 ps
inst0 ch0:  C_CMD: RDCMD     C_f = 0x082   at time  126432163 ps
inst0 ch0:  C_CMD: RDCMD     C_r = 0x075   at time  126432577 ps
inst0 ch0:  C_CMD: RDCMD     C_f = 0x000   at time  126432991 ps
inst0 ch0:  C_CMD: RDCMD     C_r = 0x03d   at time  126433405 ps
inst0 ch0:  C_CMD: RDCMD     C_f = 0x082   at time  126433819 ps
inst0 ch0:  C_CMD: RDCMD     C_r = 0x0bd   at time  126434233 ps
inst0 ch0:  C_CMD: RDCMD     C_f = 0x002   at time  126434647 ps
inst0 ch0:  C_CMD: RDCMD     C_r = 0x07d   at time  126435889 ps
inst0 ch0:  C_CMD: RDCMD     C_f = 0x002   at time  126436303 ps
inst0 ch0:  C_CMD: RDCMD     C_r = 0x035   at time  126437545 ps
inst0 ch0:  C_CMD: RDCMD     C_f = 0x000   at time  126437959 ps
inst0 ch0:  C_CMD: RDCMD     C_r = 0x03d   at time  126440857 ps
inst0 ch0:  C_CMD: RDCMD     C_f = 0x002   at time  126441271 ps
inst0 ch0:  R_CMD: ACTCMD    R_r0= 0x02    at time  130881421 ps
inst0 ch0:  R_CMD: ACTCMD    R_f0= 0x08    at time  130881835 ps
inst0 ch0:  R_CMD: ACTCMD    R_r1= 0x00    at time  130882249 ps
inst0 ch0:  R_CMD: ACTCMD    R_f1= 0x00    at time  130882663 ps
inst0 ch0:  C_CMD: RDCMD     C_r = 0x005   at time  130896325 ps
inst0 ch0:  C_CMD: RDCMD     C_f = 0x098   at time  130896739 ps
inst0 ch0:  C_CMD: RDCMD     C_r = 0x005   at time  130899637 ps
inst0 ch0:  C_CMD: RDCMD     C_f = 0x09a   at time  130900051 ps
inst0 ch0:  C_CMD: RDCMD     C_r = 0x005   at time  130902949 ps
inst0 ch0:  C_CMD: RDCMD     C_f = 0x090   at time  130903363 ps
inst0 ch0:  C_CMD: RDCMD     C_r = 0x005   at time  130906261 ps
inst0 ch0:  C_CMD: RDCMD     C_f = 0x092   at time  130906675 ps
inst0 ch0:  C_CMD: RDCMD     C_r = 0x005   at time  130909573 ps
inst0 ch0:  C_CMD: RDCMD     C_f = 0x088   at time  130909987 ps
inst0 ch0:  C_CMD: RDCMD     C_r = 0x005   at time  130912885 ps
inst0 ch0:  C_CMD: RDCMD     C_f = 0x08a   at time  130913299 ps
inst0 ch0:  C_CMD: RDCMD     C_r = 0x005   at time  130916197 ps
inst0 ch0:  C_CMD: RDCMD     C_f = 0x080   at time  130916611 ps
inst0 ch0:  C_CMD: RDCMD     C_r = 0x00d   at time  130919509 ps
inst0 ch0:  C_CMD: RDCMD     C_f = 0x082   at time  130919923 ps
inst0 ch0:  R_CMD: ACTCMD    R_r0= 0x02    at time  130974157 ps
inst0 ch0:  R_CMD: ACTCMD    R_f0= 0x00    at time  130974571 ps
inst0 ch0:  R_CMD: ACTCMD    R_r1= 0x00    at time  130974985 ps
inst0 ch0:  R_CMD: ACTCMD    R_f1= 0x00    at time  130975399 ps
inst0 ch0:  C_CMD: RDCMD     C_r = 0x005   at time  130989061 ps
inst0 ch0:  C_CMD: RDCMD     C_f = 0x018   at time  130989475 ps
inst0 ch0:  C_CMD: RDCMD     C_r = 0x005   at time  130992373 ps
inst0 ch0:  C_CMD: RDCMD     C_f = 0x01a   at time  130992787 ps
inst0 ch0:  C_CMD: RDCMD     C_r = 0x005   at time  130995685 ps
inst0 ch0:  C_CMD: RDCMD     C_f = 0x010   at time  130996099 ps
inst0 ch0:  C_CMD: RDCMD     C_r = 0x005   at time  130998997 ps
inst0 ch0:  C_CMD: RDCMD     C_f = 0x012   at time  130999411 ps
inst0 ch0:  C_CMD: RDCMD     C_r = 0x005   at time  131002309 ps
inst0 ch0:  C_CMD: RDCMD     C_f = 0x008   at time  131002723 ps
inst0 ch0:  C_CMD: RDCMD     C_r = 0x005   at time  131005621 ps
inst0 ch0:  C_CMD: RDCMD     C_f = 0x00a   at time  131006035 ps
inst0 ch0:  C_CMD: RDCMD     C_r = 0x005   at time  131008933 ps
inst0 ch0:  C_CMD: RDCMD     C_f = 0x000   at time  131009347 ps
inst0 ch0:  C_CMD: RDCMD     C_r = 0x00d   at time  131012245 ps
inst0 ch0:  C_CMD: RDCMD     C_f = 0x002   at time  131012659 ps
inst0 ch0:  R_CMD: ACTCMD    R_r0= 0x0a    at time  131222557 ps
inst0 ch0:  R_CMD: ACTCMD    R_f0= 0x08    at time  131222971 ps
inst0 ch0:  R_CMD: ACTCMD    R_r1= 0x00    at time  131223385 ps
inst0 ch0:  R_CMD: ACTCMD    R_f1= 0x00    at time  131223799 ps
inst0 ch0:  C_CMD: RDCMD     C_r = 0x015   at time  131237461 ps
inst0 ch0:  C_CMD: RDCMD     C_f = 0x098   at time  131237875 ps
inst0 ch0:  C_CMD: RDCMD     C_r = 0x015   at time  131240773 ps
inst0 ch0:  C_CMD: RDCMD     C_f = 0x09a   at time  131241187 ps
inst0 ch0:  C_CMD: RDCMD     C_r = 0x015   at time  131244085 ps
inst0 ch0:  C_CMD: RDCMD     C_f = 0x090   at time  131244499 ps
inst0 ch0:  C_CMD: RDCMD     C_r = 0x015   at time  131247397 ps
inst0 ch0:  C_CMD: RDCMD     C_f = 0x092   at time  131247811 ps
inst0 ch0:  C_CMD: RDCMD     C_r = 0x015   at time  131250709 ps
inst0 ch0:  C_CMD: RDCMD     C_f = 0x088   at time  131251123 ps
inst0 ch0:  C_CMD: RDCMD     C_r = 0x015   at time  131254021 ps
inst0 ch0:  C_CMD: RDCMD     C_f = 0x08a   at time  131254435 ps
inst0 ch0:  C_CMD: RDCMD     C_r = 0x015   at time  131257333 ps
inst0 ch0:  C_CMD: RDCMD     C_f = 0x080   at time  131257747 ps
inst0 ch0:  C_CMD: RDCMD     C_r = 0x01d   at time  131260645 ps
inst0 ch0:  C_CMD: RDCMD     C_f = 0x082   at time  131261059 ps
inst0 ch0:  R_CMD: ACTCMD    R_r0= 0x0a    at time  131670505 ps
inst0 ch0:  R_CMD: ACTCMD    R_f0= 0x00    at time  131670919 ps
inst0 ch0:  R_CMD: ACTCMD    R_r1= 0x00    at time  131671333 ps
inst0 ch0:  R_CMD: ACTCMD    R_f1= 0x00    at time  131671747 ps
inst0 ch0:  C_CMD: RDCMD     C_r = 0x015   at time  131685409 ps
inst0 ch0:  C_CMD: RDCMD     C_f = 0x018   at time  131685823 ps
inst0 ch0:  C_CMD: RDCMD     C_r = 0x015   at time  131688721 ps
inst0 ch0:  C_CMD: RDCMD     C_f = 0x01a   at time  131689135 ps
inst0 ch0:  C_CMD: RDCMD     C_r = 0x015   at time  131692033 ps
inst0 ch0:  C_CMD: RDCMD     C_f = 0x010   at time  131692447 ps
inst0 ch0:  C_CMD: RDCMD     C_r = 0x015   at time  131695345 ps
inst0 ch0:  C_CMD: RDCMD     C_f = 0x012   at time  131695759 ps
inst0 ch0:  C_CMD: RDCMD     C_r = 0x015   at time  131698657 ps
inst0 ch0:  C_CMD: RDCMD     C_f = 0x008   at time  131699071 ps
inst0 ch0:  C_CMD: RDCMD     C_r = 0x015   at time  131701969 ps
inst0 ch0:  C_CMD: RDCMD     C_f = 0x00a   at time  131702383 ps
inst0 ch0:  C_CMD: RDCMD     C_r = 0x015   at time  131705281 ps
inst0 ch0:  C_CMD: RDCMD     C_f = 0x000   at time  131705695 ps
inst0 ch0:  C_CMD: RDCMD     C_r = 0x01d   at time  131708593 ps
inst0 ch0:  C_CMD: RDCMD     C_f = 0x002   at time  131709007 ps
inst0 ch0:  R_CMD: ACTCMD    R_r0= 0x02    at time  133964893 ps
inst0 ch0:  R_CMD: ACTCMD    R_f0= 0x1b    at time  133965307 ps
inst0 ch0:  R_CMD: ACTCMD    R_r1= 0x3f    at time  133965721 ps
inst0 ch0:  R_CMD: ACTCMD    R_f1= 0x3b    at time  133966135 ps
inst0 ch0:  R_CMD: ACTCMD    R_r0= 0x02    at time  133966549 ps
inst0 ch0:  R_CMD: ACTCMD    R_f0= 0x13    at time  133966963 ps
inst0 ch0:  R_CMD: ACTCMD    R_r1= 0x3f    at time  133967377 ps
inst0 ch0:  R_CMD: ACTCMD    R_f1= 0x3b    at time  133967791 ps
inst0 ch0:  C_CMD: RDCMD     C_r = 0x005   at time  133979797 ps
inst0 ch0:  C_CMD: RDCMD     C_f = 0x080   at time  133980211 ps
inst0 ch0:  C_CMD: RDCMD     C_r = 0x005   at time  133981453 ps
inst0 ch0:  C_CMD: RDCMD     C_f = 0x000   at time  133981867 ps
inst0 ch0:  C_CMD: RDCMD     C_r = 0x00d   at time  133983109 ps
inst0 ch0:  C_CMD: RDCMD     C_f = 0x082   at time  133983523 ps
inst0 ch0:  C_CMD: RDCMD     C_r = 0x00d   at time  133984765 ps
inst0 ch0:  C_CMD: RDCMD     C_f = 0x002   at time  133985179 ps
inst0 ch0:  R_CMD: ACTCMD    R_r0= 0x02    at time  134035273 ps
inst0 ch0:  R_CMD: ACTCMD    R_f0= 0x1b    at time  134035687 ps
inst0 ch0:  R_CMD: ACTCMD    R_r1= 0x3f    at time  134036101 ps
inst0 ch0:  R_CMD: ACTCMD    R_f1= 0x3b    at time  134036515 ps
inst0 ch0:  R_CMD: ACTCMD    R_r0= 0x02    at time  134037757 ps
inst0 ch0:  R_CMD: ACTCMD    R_f0= 0x13    at time  134038171 ps
inst0 ch0:  R_CMD: ACTCMD    R_r1= 0x3f    at time  134038585 ps
inst0 ch0:  R_CMD: ACTCMD    R_f1= 0x3b    at time  134038999 ps
inst0 ch0:  C_CMD: WRCMD     C_r = 0x001   at time  134046037 ps
inst0 ch0:  C_CMD: WRCMD     C_f = 0x080   at time  134046451 ps
inst0 ch0:  C_CMD: WRCMD     C_r = 0x001   at time  134048521 ps
inst0 ch0:  C_CMD: WRCMD     C_f = 0x000   at time  134048935 ps
inst0 ch0:  C_CMD: WRCMD     C_r = 0x009   at time  134049349 ps
inst0 ch0:  C_CMD: WRCMD     C_f = 0x082   at time  134049763 ps
inst0 ch0:  C_CMD: WRCMD     C_r = 0x009   at time  134051833 ps
inst0 ch0:  C_CMD: WRCMD     C_f = 0x002   at time  134052247 ps
inst0 ch0:  R_CMD: ACTCMD    R_r0= 0x0a    at time  138289537 ps
inst0 ch0:  R_CMD: ACTCMD    R_f0= 0x1b    at time  138289951 ps
inst0 ch0:  R_CMD: ACTCMD    R_r1= 0x3f    at time  138290365 ps
inst0 ch0:  R_CMD: ACTCMD    R_f1= 0x3b    at time  138290779 ps
inst0 ch0:  R_CMD: ACTCMD    R_r0= 0x0a    at time  138292021 ps
inst0 ch0:  R_CMD: ACTCMD    R_f0= 0x13    at time  138292435 ps
inst0 ch0:  R_CMD: ACTCMD    R_r1= 0x3f    at time  138292849 ps
inst0 ch0:  R_CMD: ACTCMD    R_f1= 0x3b    at time  138293263 ps
inst0 ch0:  C_CMD: RDCMD     C_r = 0x015   at time  138304441 ps
inst0 ch0:  C_CMD: RDCMD     C_f = 0x090   at time  138304855 ps
inst0 ch0:  C_CMD: RDCMD     C_r = 0x015   at time  138306925 ps
inst0 ch0:  C_CMD: RDCMD     C_f = 0x010   at time  138307339 ps
inst0 ch0:  C_CMD: RDCMD     C_r = 0x01d   at time  138307753 ps
inst0 ch0:  C_CMD: RDCMD     C_f = 0x092   at time  138308167 ps
inst0 ch0:  C_CMD: RDCMD     C_r = 0x01d   at time  138310237 ps
inst0 ch0:  C_CMD: RDCMD     C_f = 0x012   at time  138310651 ps
inst0 ch0:  R_CMD: ACTCMD    R_r0= 0x0a    at time  138359917 ps
inst0 ch0:  R_CMD: ACTCMD    R_f0= 0x1b    at time  138360331 ps
inst0 ch0:  R_CMD: ACTCMD    R_r1= 0x3f    at time  138360745 ps
inst0 ch0:  R_CMD: ACTCMD    R_f1= 0x3b    at time  138361159 ps
inst0 ch0:  R_CMD: ACTCMD    R_r0= 0x0a    at time  138362401 ps
inst0 ch0:  R_CMD: ACTCMD    R_f0= 0x13    at time  138362815 ps
inst0 ch0:  R_CMD: ACTCMD    R_r1= 0x3f    at time  138363229 ps
inst0 ch0:  R_CMD: ACTCMD    R_f1= 0x3b    at time  138363643 ps
inst0 ch0:  C_CMD: WRCMD     C_r = 0x011   at time  138370681 ps
inst0 ch0:  C_CMD: WRCMD     C_f = 0x090   at time  138371095 ps
inst0 ch0:  C_CMD: WRCMD     C_r = 0x011   at time  138373165 ps
inst0 ch0:  C_CMD: WRCMD     C_f = 0x010   at time  138373579 ps
inst0 ch0:  C_CMD: WRCMD     C_r = 0x019   at time  138373993 ps
inst0 ch0:  C_CMD: WRCMD     C_f = 0x092   at time  138374407 ps
inst0 ch0:  C_CMD: WRCMD     C_r = 0x019   at time  138376477 ps
inst0 ch0:  C_CMD: WRCMD     C_f = 0x012   at time  138376891 ps
inst0 ch0:  R_CMD: ACTCMD    R_r0= 0x0a    at time  142360813 ps
inst0 ch0:  R_CMD: ACTCMD    R_f0= 0x08    at time  142361227 ps
inst0 ch0:  R_CMD: ACTCMD    R_r1= 0x00    at time  142361641 ps
inst0 ch0:  R_CMD: ACTCMD    R_f1= 0x00    at time  142362055 ps
inst0 ch0:  R_CMD: ACTCMD    R_r0= 0x0a    at time  142363297 ps
inst0 ch0:  R_CMD: ACTCMD    R_f0= 0x00    at time  142363711 ps
inst0 ch0:  R_CMD: ACTCMD    R_r1= 0x00    at time  142364125 ps
inst0 ch0:  R_CMD: ACTCMD    R_f1= 0x00    at time  142364539 ps
inst0 ch0:  C_CMD: RDCMD     C_r = 0x015   at time  142375717 ps
inst0 ch0:  C_CMD: RDCMD     C_f = 0x0a8   at time  142376131 ps
inst0 ch0:  C_CMD: RDCMD     C_r = 0x015   at time  142378201 ps
inst0 ch0:  C_CMD: RDCMD     C_f = 0x028   at time  142378615 ps
inst0 ch0:  C_CMD: RDCMD     C_r = 0x015   at time  142379029 ps
inst0 ch0:  C_CMD: RDCMD     C_f = 0x0aa   at time  142379443 ps
inst0 ch0:  C_CMD: RDCMD     C_r = 0x015   at time  142381513 ps
inst0 ch0:  C_CMD: RDCMD     C_f = 0x02a   at time  142381927 ps
inst0 ch0:  C_CMD: RDCMD     C_r = 0x015   at time  142382341 ps
inst0 ch0:  C_CMD: RDCMD     C_f = 0x0a0   at time  142382755 ps
inst0 ch0:  C_CMD: RDCMD     C_r = 0x015   at time  142384825 ps
inst0 ch0:  C_CMD: RDCMD     C_f = 0x020   at time  142385239 ps
inst0 ch0:  C_CMD: RDCMD     C_r = 0x01d   at time  142385653 ps
inst0 ch0:  C_CMD: RDCMD     C_f = 0x0a2   at time  142386067 ps
inst0 ch0:  C_CMD: RDCMD     C_r = 0x01d   at time  142388137 ps
inst0 ch0:  C_CMD: RDCMD     C_f = 0x022   at time  142388551 ps
inst0 ch0:  R_CMD: ACTCMD    R_r0= 0x0a    at time  142431193 ps
inst0 ch0:  R_CMD: ACTCMD    R_f0= 0x08    at time  142431607 ps
inst0 ch0:  R_CMD: ACTCMD    R_r1= 0x00    at time  142432021 ps
inst0 ch0:  R_CMD: ACTCMD    R_f1= 0x00    at time  142432435 ps
inst0 ch0:  R_CMD: ACTCMD    R_r0= 0x0a    at time  142433677 ps
inst0 ch0:  R_CMD: ACTCMD    R_f0= 0x00    at time  142434091 ps
inst0 ch0:  R_CMD: ACTCMD    R_r1= 0x00    at time  142434505 ps
inst0 ch0:  R_CMD: ACTCMD    R_f1= 0x00    at time  142434919 ps
inst0 ch0:  C_CMD: WRCMD     C_r = 0x011   at time  142441957 ps
inst0 ch0:  C_CMD: WRCMD     C_f = 0x0a8   at time  142442371 ps
inst0 ch0:  C_CMD: WRCMD     C_r = 0x011   at time  142444441 ps
inst0 ch0:  C_CMD: WRCMD     C_f = 0x028   at time  142444855 ps
inst0 ch0:  C_CMD: WRCMD     C_r = 0x011   at time  142445269 ps
inst0 ch0:  C_CMD: WRCMD     C_f = 0x0aa   at time  142445683 ps
inst0 ch0:  C_CMD: WRCMD     C_r = 0x011   at time  142447753 ps
inst0 ch0:  C_CMD: WRCMD     C_f = 0x02a   at time  142448167 ps
inst0 ch0:  C_CMD: WRCMD     C_r = 0x011   at time  142448581 ps
inst0 ch0:  C_CMD: WRCMD     C_f = 0x0a0   at time  142448995 ps
inst0 ch0:  C_CMD: WRCMD     C_r = 0x011   at time  142451065 ps
inst0 ch0:  C_CMD: WRCMD     C_f = 0x020   at time  142451479 ps
inst0 ch0:  C_CMD: WRCMD     C_r = 0x019   at time  142451893 ps
inst0 ch0:  C_CMD: WRCMD     C_f = 0x0a2   at time  142452307 ps
inst0 ch0:  C_CMD: WRCMD     C_r = 0x019   at time  142454377 ps
inst0 ch0:  C_CMD: WRCMD     C_f = 0x022   at time  142454791 ps
inst0 ch0:  R_CMD: ACTCMD    R_r0= 0x02    at time  146177893 ps
inst0 ch0:  R_CMD: ACTCMD    R_f0= 0x18    at time  146178307 ps
inst0 ch0:  R_CMD: ACTCMD    R_r1= 0x3f    at time  146178721 ps
inst0 ch0:  R_CMD: ACTCMD    R_f1= 0x3b    at time  146179135 ps
inst0 ch0:  R_CMD: ACTCMD    R_r0= 0x02    at time  146180377 ps
inst0 ch0:  R_CMD: ACTCMD    R_f0= 0x10    at time  146180791 ps
inst0 ch0:  R_CMD: ACTCMD    R_r1= 0x3f    at time  146181205 ps
inst0 ch0:  R_CMD: ACTCMD    R_f1= 0x3b    at time  146181619 ps
inst0 ch0:  C_CMD: RDCMD     C_r = 0x005   at time  146192797 ps
inst0 ch0:  C_CMD: RDCMD     C_f = 0x0f8   at time  146193211 ps
inst0 ch0:  C_CMD: RDCMD     C_r = 0x005   at time  146195281 ps
inst0 ch0:  C_CMD: RDCMD     C_f = 0x078   at time  146195695 ps
inst0 ch0:  C_CMD: RDCMD     C_r = 0x00d   at time  146196109 ps
inst0 ch0:  C_CMD: RDCMD     C_f = 0x0fa   at time  146196523 ps
inst0 ch0:  C_CMD: RDCMD     C_r = 0x00d   at time  146198593 ps
inst0 ch0:  C_CMD: RDCMD     C_f = 0x07a   at time  146199007 ps
inst0 ch0:  R_CMD: ACTCMD    R_r0= 0x02    at time  146225089 ps
inst0 ch0:  R_CMD: ACTCMD    R_f0= 0x19    at time  146225503 ps
inst0 ch0:  R_CMD: ACTCMD    R_r1= 0x3f    at time  146225917 ps
inst0 ch0:  R_CMD: ACTCMD    R_f1= 0x3b    at time  146226331 ps
inst0 ch0:  R_CMD: ACTCMD    R_r0= 0x02    at time  146227573 ps
inst0 ch0:  R_CMD: ACTCMD    R_f0= 0x11    at time  146227987 ps
inst0 ch0:  R_CMD: ACTCMD    R_r1= 0x3f    at time  146228401 ps
inst0 ch0:  R_CMD: ACTCMD    R_f1= 0x3b    at time  146228815 ps
inst0 ch0:  C_CMD: RDCMD     C_r = 0x005   at time  146239993 ps
inst0 ch0:  C_CMD: RDCMD     C_f = 0x0f8   at time  146240407 ps
inst0 ch0:  C_CMD: RDCMD     C_r = 0x005   at time  146242477 ps
inst0 ch0:  C_CMD: RDCMD     C_f = 0x078   at time  146242891 ps
inst0 ch0:  C_CMD: RDCMD     C_r = 0x00d   at time  146243305 ps
inst0 ch0:  C_CMD: RDCMD     C_f = 0x0fa   at time  146243719 ps
inst0 ch0:  C_CMD: RDCMD     C_r = 0x00d   at time  146245789 ps
inst0 ch0:  C_CMD: RDCMD     C_f = 0x07a   at time  146246203 ps
inst0 ch0:  R_CMD: ACTCMD    R_r0= 0x02    at time  146272285 ps
inst0 ch0:  R_CMD: ACTCMD    R_f0= 0x18    at time  146272699 ps
inst0 ch0:  R_CMD: ACTCMD    R_r1= 0x3f    at time  146273113 ps
inst0 ch0:  R_CMD: ACTCMD    R_f1= 0x3b    at time  146273527 ps
inst0 ch0:  R_CMD: ACTCMD    R_r0= 0x02    at time  146274769 ps
inst0 ch0:  R_CMD: ACTCMD    R_f0= 0x10    at time  146275183 ps
inst0 ch0:  R_CMD: ACTCMD    R_r1= 0x3f    at time  146275597 ps
inst0 ch0:  R_CMD: ACTCMD    R_f1= 0x3b    at time  146276011 ps
inst0 ch0:  C_CMD: WRCMD     C_r = 0x001   at time  146283049 ps
inst0 ch0:  C_CMD: WRCMD     C_f = 0x0f8   at time  146283463 ps
inst0 ch0:  C_CMD: WRCMD     C_r = 0x001   at time  146285533 ps
inst0 ch0:  C_CMD: WRCMD     C_f = 0x078   at time  146285947 ps
inst0 ch0:  C_CMD: WRCMD     C_r = 0x009   at time  146286361 ps
inst0 ch0:  C_CMD: WRCMD     C_f = 0x0fa   at time  146286775 ps
inst0 ch0:  C_CMD: WRCMD     C_r = 0x009   at time  146288845 ps
inst0 ch0:  C_CMD: WRCMD     C_f = 0x07a   at time  146289259 ps
inst0 ch0:  R_CMD: ACTCMD    R_r0= 0x02    at time  146324449 ps
inst0 ch0:  R_CMD: ACTCMD    R_f0= 0x19    at time  146324863 ps
inst0 ch0:  R_CMD: ACTCMD    R_r1= 0x3f    at time  146325277 ps
inst0 ch0:  R_CMD: ACTCMD    R_f1= 0x3b    at time  146325691 ps
inst0 ch0:  R_CMD: ACTCMD    R_r0= 0x02    at time  146326933 ps
inst0 ch0:  R_CMD: ACTCMD    R_f0= 0x11    at time  146327347 ps
inst0 ch0:  R_CMD: ACTCMD    R_r1= 0x3f    at time  146327761 ps
inst0 ch0:  R_CMD: ACTCMD    R_f1= 0x3b    at time  146328175 ps
inst0 ch0:  C_CMD: WRCMD     C_r = 0x001   at time  146335213 ps
inst0 ch0:  C_CMD: WRCMD     C_f = 0x0f8   at time  146335627 ps
inst0 ch0:  C_CMD: WRCMD     C_r = 0x001   at time  146337697 ps
inst0 ch0:  C_CMD: WRCMD     C_f = 0x078   at time  146338111 ps
inst0 ch0:  C_CMD: WRCMD     C_r = 0x009   at time  146338525 ps
inst0 ch0:  C_CMD: WRCMD     C_f = 0x0fa   at time  146338939 ps
inst0 ch0:  C_CMD: WRCMD     C_r = 0x009   at time  146341009 ps
inst0 ch0:  C_CMD: WRCMD     C_f = 0x07a   at time  146341423 ps
inst0 ch0:  R_CMD: ACTCMD    R_r0= 0x0a    at time  146442025 ps
inst0 ch0:  R_CMD: ACTCMD    R_f0= 0x18    at time  146442439 ps
inst0 ch0:  R_CMD: ACTCMD    R_r1= 0x3f    at time  146442853 ps
inst0 ch0:  R_CMD: ACTCMD    R_f1= 0x3b    at time  146443267 ps
inst0 ch0:  R_CMD: ACTCMD    R_r0= 0x0a    at time  146444509 ps
inst0 ch0:  R_CMD: ACTCMD    R_f0= 0x10    at time  146444923 ps
inst0 ch0:  R_CMD: ACTCMD    R_r1= 0x3f    at time  146445337 ps
inst0 ch0:  R_CMD: ACTCMD    R_f1= 0x3b    at time  146445751 ps
inst0 ch0:  C_CMD: RDCMD     C_r = 0x015   at time  146456929 ps
inst0 ch0:  C_CMD: RDCMD     C_f = 0x0f8   at time  146457343 ps
inst0 ch0:  C_CMD: RDCMD     C_r = 0x015   at time  146459413 ps
inst0 ch0:  C_CMD: RDCMD     C_f = 0x078   at time  146459827 ps
inst0 ch0:  C_CMD: RDCMD     C_r = 0x01d   at time  146460241 ps
inst0 ch0:  C_CMD: RDCMD     C_f = 0x0fa   at time  146460655 ps
inst0 ch0:  C_CMD: RDCMD     C_r = 0x01d   at time  146462725 ps
inst0 ch0:  C_CMD: RDCMD     C_f = 0x07a   at time  146463139 ps
inst0 ch0:  R_CMD: ACTCMD    R_r0= 0x0a    at time  146489221 ps
inst0 ch0:  R_CMD: ACTCMD    R_f0= 0x08    at time  146489635 ps
inst0 ch0:  R_CMD: ACTCMD    R_r1= 0x00    at time  146490049 ps
inst0 ch0:  R_CMD: ACTCMD    R_f1= 0x00    at time  146490463 ps
inst0 ch0:  R_CMD: ACTCMD    R_r0= 0x0a    at time  146491705 ps
inst0 ch0:  R_CMD: ACTCMD    R_f0= 0x00    at time  146492119 ps
inst0 ch0:  R_CMD: ACTCMD    R_r1= 0x00    at time  146492533 ps
inst0 ch0:  R_CMD: ACTCMD    R_f1= 0x00    at time  146492947 ps
inst0 ch0:  C_CMD: RDCMD     C_r = 0x015   at time  146504125 ps
inst0 ch0:  C_CMD: RDCMD     C_f = 0x0b8   at time  146504539 ps
inst0 ch0:  C_CMD: RDCMD     C_r = 0x015   at time  146506609 ps
inst0 ch0:  C_CMD: RDCMD     C_f = 0x038   at time  146507023 ps
inst0 ch0:  C_CMD: RDCMD     C_r = 0x015   at time  146507437 ps
inst0 ch0:  C_CMD: RDCMD     C_f = 0x0ba   at time  146507851 ps
inst0 ch0:  C_CMD: RDCMD     C_r = 0x015   at time  146509921 ps
inst0 ch0:  C_CMD: RDCMD     C_f = 0x03a   at time  146510335 ps
inst0 ch0:  C_CMD: RDCMD     C_r = 0x015   at time  146510749 ps
inst0 ch0:  C_CMD: RDCMD     C_f = 0x0b0   at time  146511163 ps
inst0 ch0:  C_CMD: RDCMD     C_r = 0x015   at time  146513233 ps
inst0 ch0:  C_CMD: RDCMD     C_f = 0x030   at time  146513647 ps
inst0 ch0:  C_CMD: RDCMD     C_r = 0x01d   at time  146514061 ps
inst0 ch0:  C_CMD: RDCMD     C_f = 0x0b2   at time  146514475 ps
inst0 ch0:  C_CMD: RDCMD     C_r = 0x01d   at time  146516545 ps
inst0 ch0:  C_CMD: RDCMD     C_f = 0x032   at time  146516959 ps
inst0 ch0:  R_CMD: ACTCMD    R_r0= 0x0a    at time  146536417 ps
inst0 ch0:  R_CMD: ACTCMD    R_f0= 0x19    at time  146536831 ps
inst0 ch0:  R_CMD: ACTCMD    R_r1= 0x3f    at time  146537245 ps
inst0 ch0:  R_CMD: ACTCMD    R_f1= 0x3b    at time  146537659 ps
inst0 ch0:  R_CMD: ACTCMD    R_r0= 0x0a    at time  146538901 ps
inst0 ch0:  R_CMD: ACTCMD    R_f0= 0x11    at time  146539315 ps
inst0 ch0:  R_CMD: ACTCMD    R_r1= 0x3f    at time  146539729 ps
inst0 ch0:  R_CMD: ACTCMD    R_f1= 0x3b    at time  146540143 ps
inst0 ch0:  C_CMD: RDCMD     C_r = 0x015   at time  146551321 ps
inst0 ch0:  C_CMD: RDCMD     C_f = 0x0f8   at time  146551735 ps
inst0 ch0:  C_CMD: RDCMD     C_r = 0x015   at time  146553805 ps
inst0 ch0:  C_CMD: RDCMD     C_f = 0x078   at time  146554219 ps
inst0 ch0:  C_CMD: RDCMD     C_r = 0x01d   at time  146554633 ps
inst0 ch0:  C_CMD: RDCMD     C_f = 0x0fa   at time  146555047 ps
inst0 ch0:  C_CMD: RDCMD     C_r = 0x01d   at time  146557117 ps
inst0 ch0:  C_CMD: RDCMD     C_f = 0x07a   at time  146557531 ps
inst0 ch0:  R_CMD: ACTCMD    R_r0= 0x0a    at time  146583613 ps
inst0 ch0:  R_CMD: ACTCMD    R_f0= 0x18    at time  146584027 ps
inst0 ch0:  R_CMD: ACTCMD    R_r1= 0x3f    at time  146584441 ps
inst0 ch0:  R_CMD: ACTCMD    R_f1= 0x3b    at time  146584855 ps
inst0 ch0:  R_CMD: ACTCMD    R_r0= 0x0a    at time  146586097 ps
inst0 ch0:  R_CMD: ACTCMD    R_f0= 0x10    at time  146586511 ps
inst0 ch0:  R_CMD: ACTCMD    R_r1= 0x3f    at time  146586925 ps
inst0 ch0:  R_CMD: ACTCMD    R_f1= 0x3b    at time  146587339 ps
inst0 ch0:  C_CMD: WRCMD     C_r = 0x011   at time  146594377 ps
inst0 ch0:  C_CMD: WRCMD     C_f = 0x0f8   at time  146594791 ps
inst0 ch0:  C_CMD: WRCMD     C_r = 0x011   at time  146596861 ps
inst0 ch0:  C_CMD: WRCMD     C_f = 0x078   at time  146597275 ps
inst0 ch0:  C_CMD: WRCMD     C_r = 0x019   at time  146597689 ps
inst0 ch0:  C_CMD: WRCMD     C_f = 0x0fa   at time  146598103 ps
inst0 ch0:  C_CMD: WRCMD     C_r = 0x019   at time  146600173 ps
inst0 ch0:  C_CMD: WRCMD     C_f = 0x07a   at time  146600587 ps
inst0 ch0:  R_CMD: ACTCMD    R_r0= 0x0a    at time  146635777 ps
inst0 ch0:  R_CMD: ACTCMD    R_f0= 0x08    at time  146636191 ps
inst0 ch0:  R_CMD: ACTCMD    R_r1= 0x00    at time  146636605 ps
inst0 ch0:  R_CMD: ACTCMD    R_f1= 0x00    at time  146637019 ps
inst0 ch0:  R_CMD: ACTCMD    R_r0= 0x0a    at time  146638261 ps
inst0 ch0:  R_CMD: ACTCMD    R_f0= 0x00    at time  146638675 ps
inst0 ch0:  R_CMD: ACTCMD    R_r1= 0x00    at time  146639089 ps
inst0 ch0:  R_CMD: ACTCMD    R_f1= 0x00    at time  146639503 ps
inst0 ch0:  C_CMD: WRCMD     C_r = 0x011   at time  146646541 ps
inst0 ch0:  C_CMD: WRCMD     C_f = 0x0b8   at time  146646955 ps
inst0 ch0:  C_CMD: WRCMD     C_r = 0x011   at time  146649025 ps
inst0 ch0:  C_CMD: WRCMD     C_f = 0x038   at time  146649439 ps
inst0 ch0:  C_CMD: WRCMD     C_r = 0x011   at time  146649853 ps
inst0 ch0:  C_CMD: WRCMD     C_f = 0x0ba   at time  146650267 ps
inst0 ch0:  C_CMD: WRCMD     C_r = 0x011   at time  146652337 ps
inst0 ch0:  C_CMD: WRCMD     C_f = 0x03a   at time  146652751 ps
inst0 ch0:  C_CMD: WRCMD     C_r = 0x011   at time  146653165 ps
inst0 ch0:  C_CMD: WRCMD     C_f = 0x0b0   at time  146653579 ps
inst0 ch0:  C_CMD: WRCMD     C_r = 0x011   at time  146655649 ps
inst0 ch0:  C_CMD: WRCMD     C_f = 0x030   at time  146656063 ps
inst0 ch0:  C_CMD: WRCMD     C_r = 0x019   at time  146656477 ps
inst0 ch0:  C_CMD: WRCMD     C_f = 0x0b2   at time  146656891 ps
inst0 ch0:  C_CMD: WRCMD     C_r = 0x019   at time  146658961 ps
inst0 ch0:  C_CMD: WRCMD     C_f = 0x032   at time  146659375 ps
inst0 ch0:  R_CMD: ACTCMD    R_r0= 0x0a    at time  146694565 ps
inst0 ch0:  R_CMD: ACTCMD    R_f0= 0x19    at time  146694979 ps
inst0 ch0:  R_CMD: ACTCMD    R_r1= 0x3f    at time  146695393 ps
inst0 ch0:  R_CMD: ACTCMD    R_f1= 0x3b    at time  146695807 ps
inst0 ch0:  R_CMD: ACTCMD    R_r0= 0x0a    at time  146697049 ps
inst0 ch0:  R_CMD: ACTCMD    R_f0= 0x11    at time  146697463 ps
inst0 ch0:  R_CMD: ACTCMD    R_r1= 0x3f    at time  146697877 ps
inst0 ch0:  R_CMD: ACTCMD    R_f1= 0x3b    at time  146698291 ps
inst0 ch0:  C_CMD: WRCMD     C_r = 0x011   at time  146705329 ps
inst0 ch0:  C_CMD: WRCMD     C_f = 0x0f8   at time  146705743 ps
inst0 ch0:  C_CMD: WRCMD     C_r = 0x011   at time  146707813 ps
inst0 ch0:  C_CMD: WRCMD     C_f = 0x078   at time  146708227 ps
inst0 ch0:  C_CMD: WRCMD     C_r = 0x019   at time  146708641 ps
inst0 ch0:  C_CMD: WRCMD     C_f = 0x0fa   at time  146709055 ps
inst0 ch0:  C_CMD: WRCMD     C_r = 0x019   at time  146711125 ps
inst0 ch0:  C_CMD: WRCMD     C_f = 0x07a   at time  146711539 ps
inst0 ch0:  R_CMD: ACTCMD    R_r0= 0x02    at time  147195505 ps
inst0 ch0:  R_CMD: ACTCMD    R_f0= 0x38    at time  147195919 ps
inst0 ch0:  R_CMD: ACTCMD    R_r1= 0x3f    at time  147196333 ps
inst0 ch0:  R_CMD: ACTCMD    R_f1= 0x3b    at time  147196747 ps
inst0 ch0:  R_CMD: ACTCMD    R_r0= 0x02    at time  147197989 ps
inst0 ch0:  R_CMD: ACTCMD    R_f0= 0x30    at time  147198403 ps
inst0 ch0:  R_CMD: ACTCMD    R_r1= 0x3f    at time  147198817 ps
inst0 ch0:  R_CMD: ACTCMD    R_f1= 0x3b    at time  147199231 ps
inst0 ch0:  C_CMD: RDCMD     C_r = 0x085   at time  147210409 ps
inst0 ch0:  C_CMD: RDCMD     C_f = 0x0f8   at time  147210823 ps
inst0 ch0:  C_CMD: RDCMD     C_r = 0x085   at time  147212893 ps
inst0 ch0:  C_CMD: RDCMD     C_f = 0x078   at time  147213307 ps
inst0 ch0:  C_CMD: RDCMD     C_r = 0x08d   at time  147213721 ps
inst0 ch0:  C_CMD: RDCMD     C_f = 0x0fa   at time  147214135 ps
inst0 ch0:  C_CMD: RDCMD     C_r = 0x08d   at time  147216205 ps
inst0 ch0:  C_CMD: RDCMD     C_f = 0x07a   at time  147216619 ps
inst0 ch0:  R_CMD: ACTCMD    R_r0= 0x02    at time  147265885 ps
inst0 ch0:  R_CMD: ACTCMD    R_f0= 0x38    at time  147266299 ps
inst0 ch0:  R_CMD: ACTCMD    R_r1= 0x3f    at time  147266713 ps
inst0 ch0:  R_CMD: ACTCMD    R_f1= 0x3b    at time  147267127 ps
inst0 ch0:  R_CMD: ACTCMD    R_r0= 0x02    at time  147268369 ps
inst0 ch0:  R_CMD: ACTCMD    R_f0= 0x30    at time  147268783 ps
inst0 ch0:  R_CMD: ACTCMD    R_r1= 0x3f    at time  147269197 ps
inst0 ch0:  R_CMD: ACTCMD    R_f1= 0x3b    at time  147269611 ps
inst0 ch0:  C_CMD: WRCMD     C_r = 0x081   at time  147276649 ps
inst0 ch0:  C_CMD: WRCMD     C_f = 0x0f8   at time  147277063 ps
inst0 ch0:  C_CMD: WRCMD     C_r = 0x081   at time  147279133 ps
inst0 ch0:  C_CMD: WRCMD     C_f = 0x078   at time  147279547 ps
inst0 ch0:  C_CMD: WRCMD     C_r = 0x089   at time  147279961 ps
inst0 ch0:  C_CMD: WRCMD     C_f = 0x0fa   at time  147280375 ps
inst0 ch0:  C_CMD: WRCMD     C_r = 0x089   at time  147282445 ps
inst0 ch0:  C_CMD: WRCMD     C_f = 0x07a   at time  147282859 ps
inst0 ch0:  R_CMD: ACTCMD    R_r0= 0x0a    at time  147450529 ps
inst0 ch0:  R_CMD: ACTCMD    R_f0= 0x38    at time  147450943 ps
inst0 ch0:  R_CMD: ACTCMD    R_r1= 0x3f    at time  147451357 ps
inst0 ch0:  R_CMD: ACTCMD    R_f1= 0x3b    at time  147451771 ps
inst0 ch0:  R_CMD: ACTCMD    R_r0= 0x0a    at time  147453013 ps
inst0 ch0:  R_CMD: ACTCMD    R_f0= 0x30    at time  147453427 ps
inst0 ch0:  R_CMD: ACTCMD    R_r1= 0x3f    at time  147453841 ps
inst0 ch0:  R_CMD: ACTCMD    R_f1= 0x3b    at time  147454255 ps
inst0 ch0:  C_CMD: RDCMD     C_r = 0x095   at time  147465433 ps
inst0 ch0:  C_CMD: RDCMD     C_f = 0x0f8   at time  147465847 ps
inst0 ch0:  C_CMD: RDCMD     C_r = 0x095   at time  147467917 ps
inst0 ch0:  C_CMD: RDCMD     C_f = 0x078   at time  147468331 ps
inst0 ch0:  C_CMD: RDCMD     C_r = 0x09d   at time  147468745 ps
inst0 ch0:  C_CMD: RDCMD     C_f = 0x0fa   at time  147469159 ps
inst0 ch0:  C_CMD: RDCMD     C_r = 0x09d   at time  147471229 ps
inst0 ch0:  C_CMD: RDCMD     C_f = 0x07a   at time  147471643 ps
inst0 ch0:  R_CMD: ACTCMD    R_r0= 0x0a    at time  147732877 ps
inst0 ch0:  R_CMD: ACTCMD    R_f0= 0x38    at time  147733291 ps
inst0 ch0:  R_CMD: ACTCMD    R_r1= 0x3f    at time  147733705 ps
inst0 ch0:  R_CMD: ACTCMD    R_f1= 0x3b    at time  147734119 ps
inst0 ch0:  R_CMD: ACTCMD    R_r0= 0x0a    at time  147735361 ps
inst0 ch0:  R_CMD: ACTCMD    R_f0= 0x30    at time  147735775 ps
inst0 ch0:  R_CMD: ACTCMD    R_r1= 0x3f    at time  147736189 ps
inst0 ch0:  R_CMD: ACTCMD    R_f1= 0x3b    at time  147736603 ps
inst0 ch0:  C_CMD: WRCMD     C_r = 0x091   at time  147743641 ps
inst0 ch0:  C_CMD: WRCMD     C_f = 0x0f8   at time  147744055 ps
inst0 ch0:  C_CMD: WRCMD     C_r = 0x091   at time  147746125 ps
inst0 ch0:  C_CMD: WRCMD     C_f = 0x078   at time  147746539 ps
inst0 ch0:  C_CMD: WRCMD     C_r = 0x099   at time  147746953 ps
inst0 ch0:  C_CMD: WRCMD     C_f = 0x0fa   at time  147747367 ps
inst0 ch0:  C_CMD: WRCMD     C_r = 0x099   at time  147749437 ps
inst0 ch0:  C_CMD: WRCMD     C_f = 0x07a   at time  147749851 ps
