inst0 ch0:  R_CMD: ACTCMD    R_r0= 0x0e    at time   33400981 ps
inst0 ch0:  R_CMD: ACTCMD    R_f0= 0x28    at time   33401395 ps
inst0 ch0:  R_CMD: ACTCMD    R_r1= 0x00    at time   33401809 ps
inst0 ch0:  R_CMD: ACTCMD    R_f1= 0x02    at time   33402223 ps
inst0 ch0:  R_CMD: ACTCMD    R_r0= 0x0e    at time   33407605 ps
inst0 ch0:  R_CMD: ACTCMD    R_f0= 0x20    at time   33408019 ps
inst0 ch0:  R_CMD: ACTCMD    R_r1= 0x00    at time   33408433 ps
inst0 ch0:  R_CMD: ACTCMD    R_f1= 0x02    at time   33408847 ps
inst0 ch0:  C_CMD: WRCMD     C_r = 0x091   at time   33411745 ps
inst0 ch0:  C_CMD: WRCMD     C_f = 0x0a9   at time   33412159 ps
inst0 ch0:  C_CMD: WRCMD     C_r = 0x099   at time   33415057 ps
inst0 ch0:  C_CMD: WRCMD     C_f = 0x0ab   at time   33415471 ps
inst0 ch0:  C_CMD: WRCMD     C_r = 0x091   at time   33418369 ps
inst0 ch0:  C_CMD: WRCMD     C_f = 0x029   at time   33418783 ps
inst0 ch0:  C_CMD: WRCMD     C_r = 0x091   at time   33421681 ps
inst0 ch0:  C_CMD: WRCMD     C_f = 0x02b   at time   33422095 ps
inst0 ch0:  C_CMD: WRCMD     C_r = 0x091   at time   33427477 ps
inst0 ch0:  C_CMD: WRCMD     C_f = 0x021   at time   33427891 ps
inst0 ch0:  C_CMD: WRCMD     C_r = 0x099   at time   33430789 ps
inst0 ch0:  C_CMD: WRCMD     C_f = 0x023   at time   33431203 ps
inst0 ch0:  R_CMD: ACTCMD    R_r0= 0x0e    at time   33453145 ps
inst0 ch0:  R_CMD: ACTCMD    R_f0= 0x28    at time   33453559 ps
inst0 ch0:  R_CMD: ACTCMD    R_r1= 0x00    at time   33453973 ps
inst0 ch0:  R_CMD: ACTCMD    R_f1= 0x02    at time   33454387 ps
inst0 ch0:  C_CMD: WRCMD     C_r = 0x091   at time   33463909 ps
inst0 ch0:  C_CMD: WRCMD     C_f = 0x0a1   at time   33464323 ps
inst0 ch0:  C_CMD: WRCMD     C_r = 0x099   at time   33467221 ps
inst0 ch0:  C_CMD: WRCMD     C_f = 0x0a3   at time   33467635 ps
inst0 ch0:  R_CMD: ACTCMD    R_r0= 0x26    at time   37500409 ps
inst0 ch0:  R_CMD: ACTCMD    R_f0= 0x28    at time   37500823 ps
inst0 ch0:  R_CMD: ACTCMD    R_r1= 0x00    at time   37501237 ps
inst0 ch0:  R_CMD: ACTCMD    R_f1= 0x02    at time   37501651 ps
inst0 ch0:  R_CMD: ACTCMD    R_r0= 0x26    at time   37503721 ps
inst0 ch0:  R_CMD: ACTCMD    R_f0= 0x20    at time   37504135 ps
inst0 ch0:  R_CMD: ACTCMD    R_r1= 0x00    at time   37504549 ps
inst0 ch0:  R_CMD: ACTCMD    R_f1= 0x02    at time   37504963 ps
inst0 ch0:  C_CMD: WRCMD     C_r = 0x0c1   at time   37511173 ps
inst0 ch0:  C_CMD: WRCMD     C_f = 0x0a9   at time   37511587 ps
inst0 ch0:  C_CMD: WRCMD     C_r = 0x0c1   at time   37514485 ps
inst0 ch0:  C_CMD: WRCMD     C_f = 0x0ab   at time   37514899 ps
inst0 ch0:  C_CMD: WRCMD     C_r = 0x0c1   at time   37515313 ps
inst0 ch0:  C_CMD: WRCMD     C_f = 0x029   at time   37515727 ps
inst0 ch0:  C_CMD: WRCMD     C_r = 0x0c1   at time   37517797 ps
inst0 ch0:  C_CMD: WRCMD     C_f = 0x0a1   at time   37518211 ps
inst0 ch0:  C_CMD: WRCMD     C_r = 0x0c1   at time   37518625 ps
inst0 ch0:  C_CMD: WRCMD     C_f = 0x02b   at time   37519039 ps
inst0 ch0:  C_CMD: WRCMD     C_r = 0x0c9   at time   37521109 ps
inst0 ch0:  C_CMD: WRCMD     C_f = 0x0a3   at time   37521523 ps
inst0 ch0:  C_CMD: WRCMD     C_r = 0x0c1   at time   37521937 ps
inst0 ch0:  C_CMD: WRCMD     C_f = 0x021   at time   37522351 ps
inst0 ch0:  C_CMD: WRCMD     C_r = 0x0c9   at time   37525249 ps
inst0 ch0:  C_CMD: WRCMD     C_f = 0x023   at time   37525663 ps
inst0 ch0:  R_CMD: ACTCMD    R_r0= 0x22    at time   54912421 ps
inst0 ch0:  R_CMD: ACTCMD    R_f0= 0x2a    at time   54912835 ps
inst0 ch0:  R_CMD: ACTCMD    R_r1= 0x00    at time   54913249 ps
inst0 ch0:  R_CMD: ACTCMD    R_f1= 0x00    at time   54913663 ps
inst0 ch0:  R_CMD: ACTCMD    R_r0= 0x02    at time   54916561 ps
inst0 ch0:  R_CMD: ACTCMD    R_f0= 0x2a    at time   54916975 ps
inst0 ch0:  R_CMD: ACTCMD    R_r1= 0x00    at time   54917389 ps
inst0 ch0:  R_CMD: ACTCMD    R_f1= 0x00    at time   54917803 ps
inst0 ch0:  R_CMD: ACTCMD    R_r0= 0x22    at time   54918217 ps
inst0 ch0:  R_CMD: ACTCMD    R_f0= 0x22    at time   54918631 ps
inst0 ch0:  R_CMD: ACTCMD    R_r1= 0x00    at time   54919045 ps
inst0 ch0:  R_CMD: ACTCMD    R_f1= 0x00    at time   54919459 ps
inst0 ch0:  R_CMD: ACTCMD    R_r0= 0x22    at time   54920701 ps
inst0 ch0:  R_CMD: ACTCMD    R_f0= 0x0a    at time   54921115 ps
inst0 ch0:  R_CMD: ACTCMD    R_r1= 0x00    at time   54921529 ps
inst0 ch0:  R_CMD: ACTCMD    R_f1= 0x00    at time   54921943 ps
inst0 ch0:  R_CMD: ACTCMD    R_r0= 0x02    at time   54922357 ps
inst0 ch0:  R_CMD: ACTCMD    R_f0= 0x22    at time   54922771 ps
inst0 ch0:  R_CMD: ACTCMD    R_r1= 0x00    at time   54923185 ps
inst0 ch0:  R_CMD: ACTCMD    R_f1= 0x00    at time   54923599 ps
inst0 ch0:  R_CMD: ACTCMD    R_r0= 0x02    at time   54924841 ps
inst0 ch0:  R_CMD: ACTCMD    R_f0= 0x0a    at time   54925255 ps
inst0 ch0:  R_CMD: ACTCMD    R_r1= 0x00    at time   54925669 ps
inst0 ch0:  R_CMD: ACTCMD    R_f1= 0x00    at time   54926083 ps
inst0 ch0:  R_CMD: ACTCMD    R_r0= 0x22    at time   54926497 ps
inst0 ch0:  R_CMD: ACTCMD    R_f0= 0x02    at time   54926911 ps
inst0 ch0:  R_CMD: ACTCMD    R_r1= 0x00    at time   54927325 ps
inst0 ch0:  C_CMD: RDCMD     C_r = 0x0c5   at time   54927325 ps
inst0 ch0:  R_CMD: ACTCMD    R_f1= 0x00    at time   54927739 ps
inst0 ch0:  C_CMD: RDCMD     C_f = 0x080   at time   54927739 ps
inst0 ch0:  R_CMD: ACTCMD    R_r0= 0x02    at time   54930637 ps
inst0 ch0:  C_CMD: RDCMD     C_r = 0x0cd   at time   54930637 ps
inst0 ch0:  R_CMD: ACTCMD    R_f0= 0x02    at time   54931051 ps
inst0 ch0:  C_CMD: RDCMD     C_f = 0x082   at time   54931051 ps
inst0 ch0:  R_CMD: ACTCMD    R_r1= 0x00    at time   54931465 ps
inst0 ch0:  R_CMD: ACTCMD    R_f1= 0x00    at time   54931879 ps
inst0 ch0:  C_CMD: RDCMD     C_r = 0x085   at time   54932293 ps
inst0 ch0:  C_CMD: RDCMD     C_f = 0x080   at time   54932707 ps
inst0 ch0:  C_CMD: RDCMD     C_r = 0x0c5   at time   54933121 ps
inst0 ch0:  C_CMD: RDCMD     C_f = 0x000   at time   54933535 ps
inst0 ch0:  C_CMD: RDCMD     C_r = 0x08d   at time   54935605 ps
inst0 ch0:  C_CMD: RDCMD     C_f = 0x082   at time   54936019 ps
inst0 ch0:  C_CMD: RDCMD     C_r = 0x0cd   at time   54936433 ps
inst0 ch0:  C_CMD: RDCMD     C_f = 0x002   at time   54936847 ps
inst0 ch0:  C_CMD: RDCMD     C_r = 0x045   at time   54937261 ps
inst0 ch0:  C_CMD: RDCMD     C_f = 0x080   at time   54937675 ps
inst0 ch0:  C_CMD: RDCMD     C_r = 0x085   at time   54938089 ps
inst0 ch0:  C_CMD: RDCMD     C_f = 0x000   at time   54938503 ps
inst0 ch0:  C_CMD: RDCMD     C_r = 0x005   at time   54939745 ps
inst0 ch0:  C_CMD: RDCMD     C_f = 0x080   at time   54940159 ps
inst0 ch0:  C_CMD: RDCMD     C_r = 0x04d   at time   54941401 ps
inst0 ch0:  C_CMD: RDCMD     C_f = 0x082   at time   54941815 ps
inst0 ch0:  C_CMD: RDCMD     C_r = 0x08d   at time   54942229 ps
inst0 ch0:  C_CMD: RDCMD     C_f = 0x002   at time   54942643 ps
inst0 ch0:  C_CMD: RDCMD     C_r = 0x00d   at time   54943057 ps
inst0 ch0:  C_CMD: RDCMD     C_f = 0x082   at time   54943471 ps
inst0 ch0:  C_CMD: RDCMD     C_r = 0x045   at time   54943885 ps
inst0 ch0:  C_CMD: RDCMD     C_f = 0x000   at time   54944299 ps
inst0 ch0:  C_CMD: RDCMD     C_r = 0x005   at time   54945541 ps
inst0 ch0:  C_CMD: RDCMD     C_f = 0x000   at time   54945955 ps
inst0 ch0:  C_CMD: RDCMD     C_r = 0x04d   at time   54947197 ps
inst0 ch0:  C_CMD: RDCMD     C_f = 0x002   at time   54947611 ps
inst0 ch0:  C_CMD: RDCMD     C_r = 0x00d   at time   54948853 ps
inst0 ch0:  C_CMD: RDCMD     C_f = 0x002   at time   54949267 ps
inst0 ch0:  R_CMD: ACTCMD    R_r0= 0x2a    at time   55361197 ps
inst0 ch0:  R_CMD: ACTCMD    R_f0= 0x2a    at time   55361611 ps
inst0 ch0:  R_CMD: ACTCMD    R_r1= 0x00    at time   55362025 ps
inst0 ch0:  R_CMD: ACTCMD    R_f1= 0x00    at time   55362439 ps
inst0 ch0:  R_CMD: ACTCMD    R_r0= 0x0a    at time   55365337 ps
inst0 ch0:  R_CMD: ACTCMD    R_f0= 0x2a    at time   55365751 ps
inst0 ch0:  R_CMD: ACTCMD    R_r1= 0x00    at time   55366165 ps
inst0 ch0:  R_CMD: ACTCMD    R_f1= 0x00    at time   55366579 ps
inst0 ch0:  R_CMD: ACTCMD    R_r0= 0x2a    at time   55369477 ps
inst0 ch0:  R_CMD: ACTCMD    R_f0= 0x0a    at time   55369891 ps
inst0 ch0:  R_CMD: ACTCMD    R_r1= 0x00    at time   55370305 ps
inst0 ch0:  R_CMD: ACTCMD    R_f1= 0x00    at time   55370719 ps
inst0 ch0:  R_CMD: ACTCMD    R_r0= 0x0a    at time   55373617 ps
inst0 ch0:  R_CMD: ACTCMD    R_f0= 0x0a    at time   55374031 ps
inst0 ch0:  R_CMD: ACTCMD    R_r1= 0x00    at time   55374445 ps
inst0 ch0:  R_CMD: ACTCMD    R_f1= 0x00    at time   55374859 ps
inst0 ch0:  C_CMD: RDCMD     C_r = 0x0d5   at time   55376101 ps
inst0 ch0:  C_CMD: RDCMD     C_f = 0x080   at time   55376515 ps
inst0 ch0:  C_CMD: RDCMD     C_r = 0x0dd   at time   55379413 ps
inst0 ch0:  C_CMD: RDCMD     C_f = 0x082   at time   55379827 ps
inst0 ch0:  C_CMD: RDCMD     C_r = 0x095   at time   55381069 ps
inst0 ch0:  C_CMD: RDCMD     C_f = 0x080   at time   55381483 ps
inst0 ch0:  C_CMD: RDCMD     C_r = 0x09d   at time   55384381 ps
inst0 ch0:  C_CMD: RDCMD     C_f = 0x082   at time   55384795 ps
inst0 ch0:  C_CMD: RDCMD     C_r = 0x055   at time   55386037 ps
inst0 ch0:  C_CMD: RDCMD     C_f = 0x080   at time   55386451 ps
inst0 ch0:  C_CMD: RDCMD     C_r = 0x015   at time   55388521 ps
inst0 ch0:  C_CMD: RDCMD     C_f = 0x080   at time   55388935 ps
inst0 ch0:  C_CMD: RDCMD     C_r = 0x05d   at time   55390177 ps
inst0 ch0:  C_CMD: RDCMD     C_f = 0x082   at time   55390591 ps
inst0 ch0:  C_CMD: RDCMD     C_r = 0x01d   at time   55391833 ps
inst0 ch0:  C_CMD: RDCMD     C_f = 0x082   at time   55392247 ps
inst0 ch0:  R_CMD: ACTCMD    R_r0= 0x2a    at time   55498645 ps
inst0 ch0:  R_CMD: ACTCMD    R_f0= 0x22    at time   55499059 ps
inst0 ch0:  R_CMD: ACTCMD    R_r1= 0x00    at time   55499473 ps
inst0 ch0:  R_CMD: ACTCMD    R_f1= 0x00    at time   55499887 ps
inst0 ch0:  R_CMD: ACTCMD    R_r0= 0x0a    at time   55502785 ps
inst0 ch0:  R_CMD: ACTCMD    R_f0= 0x22    at time   55503199 ps
inst0 ch0:  R_CMD: ACTCMD    R_r1= 0x00    at time   55503613 ps
inst0 ch0:  R_CMD: ACTCMD    R_f1= 0x00    at time   55504027 ps
inst0 ch0:  R_CMD: ACTCMD    R_r0= 0x2a    at time   55506925 ps
inst0 ch0:  R_CMD: ACTCMD    R_f0= 0x02    at time   55507339 ps
inst0 ch0:  R_CMD: ACTCMD    R_r1= 0x00    at time   55507753 ps
inst0 ch0:  R_CMD: ACTCMD    R_f1= 0x00    at time   55508167 ps
inst0 ch0:  R_CMD: ACTCMD    R_r0= 0x0a    at time   55511065 ps
inst0 ch0:  R_CMD: ACTCMD    R_f0= 0x02    at time   55511479 ps
inst0 ch0:  R_CMD: ACTCMD    R_r1= 0x00    at time   55511893 ps
inst0 ch0:  R_CMD: ACTCMD    R_f1= 0x00    at time   55512307 ps
inst0 ch0:  C_CMD: RDCMD     C_r = 0x0d5   at time   55513549 ps
inst0 ch0:  C_CMD: RDCMD     C_f = 0x000   at time   55513963 ps
inst0 ch0:  C_CMD: RDCMD     C_r = 0x0dd   at time   55516861 ps
inst0 ch0:  C_CMD: RDCMD     C_f = 0x002   at time   55517275 ps
inst0 ch0:  C_CMD: RDCMD     C_r = 0x095   at time   55518517 ps
inst0 ch0:  C_CMD: RDCMD     C_f = 0x000   at time   55518931 ps
inst0 ch0:  C_CMD: RDCMD     C_r = 0x09d   at time   55521829 ps
inst0 ch0:  C_CMD: RDCMD     C_f = 0x002   at time   55522243 ps
inst0 ch0:  C_CMD: RDCMD     C_r = 0x055   at time   55523485 ps
inst0 ch0:  C_CMD: RDCMD     C_f = 0x000   at time   55523899 ps
inst0 ch0:  C_CMD: RDCMD     C_r = 0x015   at time   55525969 ps
inst0 ch0:  C_CMD: RDCMD     C_f = 0x000   at time   55526383 ps
inst0 ch0:  C_CMD: RDCMD     C_r = 0x05d   at time   55527625 ps
inst0 ch0:  C_CMD: RDCMD     C_f = 0x002   at time   55528039 ps
inst0 ch0:  C_CMD: RDCMD     C_r = 0x01d   at time   55529281 ps
inst0 ch0:  C_CMD: RDCMD     C_f = 0x002   at time   55529695 ps
inst0 ch0:  R_CMD: ACTCMD    R_r0= 0x32    at time   55543357 ps
inst0 ch0:  R_CMD: ACTCMD    R_f0= 0x2a    at time   55543771 ps
inst0 ch0:  R_CMD: ACTCMD    R_r1= 0x00    at time   55544185 ps
inst0 ch0:  R_CMD: ACTCMD    R_f1= 0x00    at time   55544599 ps
inst0 ch0:  R_CMD: ACTCMD    R_r0= 0x12    at time   55547497 ps
inst0 ch0:  R_CMD: ACTCMD    R_f0= 0x2a    at time   55547911 ps
inst0 ch0:  R_CMD: ACTCMD    R_r1= 0x00    at time   55548325 ps
inst0 ch0:  R_CMD: ACTCMD    R_f1= 0x00    at time   55548739 ps
inst0 ch0:  R_CMD: ACTCMD    R_r0= 0x32    at time   55551637 ps
inst0 ch0:  R_CMD: ACTCMD    R_f0= 0x0a    at time   55552051 ps
inst0 ch0:  R_CMD: ACTCMD    R_r1= 0x00    at time   55552465 ps
inst0 ch0:  R_CMD: ACTCMD    R_f1= 0x00    at time   55552879 ps
inst0 ch0:  R_CMD: ACTCMD    R_r0= 0x12    at time   55555777 ps
inst0 ch0:  R_CMD: ACTCMD    R_f0= 0x0a    at time   55556191 ps
inst0 ch0:  R_CMD: ACTCMD    R_r1= 0x00    at time   55556605 ps
inst0 ch0:  R_CMD: ACTCMD    R_f1= 0x00    at time   55557019 ps
inst0 ch0:  C_CMD: RDCMD     C_r = 0x0e5   at time   55558261 ps
inst0 ch0:  C_CMD: RDCMD     C_f = 0x080   at time   55558675 ps
inst0 ch0:  C_CMD: RDCMD     C_r = 0x0ed   at time   55561573 ps
inst0 ch0:  C_CMD: RDCMD     C_f = 0x082   at time   55561987 ps
inst0 ch0:  C_CMD: RDCMD     C_r = 0x0a5   at time   55563229 ps
inst0 ch0:  C_CMD: RDCMD     C_f = 0x080   at time   55563643 ps
inst0 ch0:  C_CMD: RDCMD     C_r = 0x0ad   at time   55566541 ps
inst0 ch0:  C_CMD: RDCMD     C_f = 0x082   at time   55566955 ps
inst0 ch0:  C_CMD: RDCMD     C_r = 0x065   at time   55568197 ps
inst0 ch0:  C_CMD: RDCMD     C_f = 0x080   at time   55568611 ps
inst0 ch0:  C_CMD: RDCMD     C_r = 0x025   at time   55570681 ps
inst0 ch0:  C_CMD: RDCMD     C_f = 0x080   at time   55571095 ps
inst0 ch0:  C_CMD: RDCMD     C_r = 0x06d   at time   55572337 ps
inst0 ch0:  C_CMD: RDCMD     C_f = 0x082   at time   55572751 ps
inst0 ch0:  C_CMD: RDCMD     C_r = 0x02d   at time   55573993 ps
inst0 ch0:  C_CMD: RDCMD     C_f = 0x082   at time   55574407 ps
inst0 ch0:  R_CMD: ACTCMD    R_r0= 0x32    at time   55775197 ps
inst0 ch0:  R_CMD: ACTCMD    R_f0= 0x22    at time   55775611 ps
inst0 ch0:  R_CMD: ACTCMD    R_r1= 0x00    at time   55776025 ps
inst0 ch0:  R_CMD: ACTCMD    R_f1= 0x00    at time   55776439 ps
inst0 ch0:  R_CMD: ACTCMD    R_r0= 0x12    at time   55779337 ps
inst0 ch0:  R_CMD: ACTCMD    R_f0= 0x22    at time   55779751 ps
inst0 ch0:  R_CMD: ACTCMD    R_r1= 0x00    at time   55780165 ps
inst0 ch0:  R_CMD: ACTCMD    R_f1= 0x00    at time   55780579 ps
inst0 ch0:  R_CMD: ACTCMD    R_r0= 0x32    at time   55783477 ps
inst0 ch0:  R_CMD: ACTCMD    R_f0= 0x02    at time   55783891 ps
inst0 ch0:  R_CMD: ACTCMD    R_r1= 0x00    at time   55784305 ps
inst0 ch0:  R_CMD: ACTCMD    R_f1= 0x00    at time   55784719 ps
inst0 ch0:  R_CMD: ACTCMD    R_r0= 0x12    at time   55787617 ps
inst0 ch0:  R_CMD: ACTCMD    R_f0= 0x02    at time   55788031 ps
inst0 ch0:  R_CMD: ACTCMD    R_r1= 0x00    at time   55788445 ps
inst0 ch0:  R_CMD: ACTCMD    R_f1= 0x00    at time   55788859 ps
inst0 ch0:  C_CMD: RDCMD     C_r = 0x0e5   at time   55790101 ps
inst0 ch0:  C_CMD: RDCMD     C_f = 0x000   at time   55790515 ps
inst0 ch0:  C_CMD: RDCMD     C_r = 0x0ed   at time   55793413 ps
inst0 ch0:  C_CMD: RDCMD     C_f = 0x002   at time   55793827 ps
inst0 ch0:  C_CMD: RDCMD     C_r = 0x0a5   at time   55795069 ps
inst0 ch0:  C_CMD: RDCMD     C_f = 0x000   at time   55795483 ps
inst0 ch0:  C_CMD: RDCMD     C_r = 0x0ad   at time   55798381 ps
inst0 ch0:  C_CMD: RDCMD     C_f = 0x002   at time   55798795 ps
inst0 ch0:  C_CMD: RDCMD     C_r = 0x065   at time   55800037 ps
inst0 ch0:  C_CMD: RDCMD     C_f = 0x000   at time   55800451 ps
inst0 ch0:  C_CMD: RDCMD     C_r = 0x025   at time   55802521 ps
inst0 ch0:  C_CMD: RDCMD     C_f = 0x000   at time   55802935 ps
inst0 ch0:  C_CMD: RDCMD     C_r = 0x06d   at time   55804177 ps
inst0 ch0:  C_CMD: RDCMD     C_f = 0x002   at time   55804591 ps
inst0 ch0:  C_CMD: RDCMD     C_r = 0x02d   at time   55805833 ps
inst0 ch0:  C_CMD: RDCMD     C_f = 0x002   at time   55806247 ps
inst0 ch0:  R_CMD: ACTCMD    R_r0= 0x3a    at time   55845577 ps
inst0 ch0:  R_CMD: ACTCMD    R_f0= 0x2a    at time   55845991 ps
inst0 ch0:  R_CMD: ACTCMD    R_r1= 0x00    at time   55846405 ps
inst0 ch0:  R_CMD: ACTCMD    R_f1= 0x00    at time   55846819 ps
inst0 ch0:  R_CMD: ACTCMD    R_r0= 0x1a    at time   55849717 ps
inst0 ch0:  R_CMD: ACTCMD    R_f0= 0x2a    at time   55850131 ps
inst0 ch0:  R_CMD: ACTCMD    R_r1= 0x00    at time   55850545 ps
inst0 ch0:  R_CMD: ACTCMD    R_f1= 0x00    at time   55850959 ps
inst0 ch0:  R_CMD: ACTCMD    R_r0= 0x3a    at time   55853857 ps
inst0 ch0:  R_CMD: ACTCMD    R_f0= 0x0a    at time   55854271 ps
inst0 ch0:  R_CMD: ACTCMD    R_r1= 0x00    at time   55854685 ps
inst0 ch0:  R_CMD: ACTCMD    R_f1= 0x00    at time   55855099 ps
inst0 ch0:  R_CMD: ACTCMD    R_r0= 0x1a    at time   55857997 ps
inst0 ch0:  R_CMD: ACTCMD    R_f0= 0x0a    at time   55858411 ps
inst0 ch0:  R_CMD: ACTCMD    R_r1= 0x00    at time   55858825 ps
inst0 ch0:  R_CMD: ACTCMD    R_f1= 0x00    at time   55859239 ps
inst0 ch0:  C_CMD: RDCMD     C_r = 0x0f5   at time   55860481 ps
inst0 ch0:  C_CMD: RDCMD     C_f = 0x080   at time   55860895 ps
inst0 ch0:  C_CMD: RDCMD     C_r = 0x0fd   at time   55863793 ps
inst0 ch0:  C_CMD: RDCMD     C_f = 0x082   at time   55864207 ps
inst0 ch0:  C_CMD: RDCMD     C_r = 0x0b5   at time   55865449 ps
inst0 ch0:  C_CMD: RDCMD     C_f = 0x080   at time   55865863 ps
inst0 ch0:  C_CMD: RDCMD     C_r = 0x0bd   at time   55868761 ps
inst0 ch0:  C_CMD: RDCMD     C_f = 0x082   at time   55869175 ps
inst0 ch0:  C_CMD: RDCMD     C_r = 0x075   at time   55870417 ps
inst0 ch0:  C_CMD: RDCMD     C_f = 0x080   at time   55870831 ps
inst0 ch0:  C_CMD: RDCMD     C_r = 0x035   at time   55872901 ps
inst0 ch0:  C_CMD: RDCMD     C_f = 0x080   at time   55873315 ps
inst0 ch0:  C_CMD: RDCMD     C_r = 0x07d   at time   55874557 ps
inst0 ch0:  C_CMD: RDCMD     C_f = 0x082   at time   55874971 ps
inst0 ch0:  C_CMD: RDCMD     C_r = 0x03d   at time   55876213 ps
inst0 ch0:  C_CMD: RDCMD     C_f = 0x082   at time   55876627 ps
inst0 ch0:  R_CMD: ACTCMD    R_r0= 0x3a    at time   56162701 ps
inst0 ch0:  R_CMD: ACTCMD    R_f0= 0x22    at time   56163115 ps
inst0 ch0:  R_CMD: ACTCMD    R_r1= 0x00    at time   56163529 ps
inst0 ch0:  R_CMD: ACTCMD    R_f1= 0x00    at time   56163943 ps
inst0 ch0:  R_CMD: ACTCMD    R_r0= 0x1a    at time   56166841 ps
inst0 ch0:  R_CMD: ACTCMD    R_f0= 0x22    at time   56167255 ps
inst0 ch0:  R_CMD: ACTCMD    R_r1= 0x00    at time   56167669 ps
inst0 ch0:  R_CMD: ACTCMD    R_f1= 0x00    at time   56168083 ps
inst0 ch0:  R_CMD: ACTCMD    R_r0= 0x3a    at time   56170981 ps
inst0 ch0:  R_CMD: ACTCMD    R_f0= 0x02    at time   56171395 ps
inst0 ch0:  R_CMD: ACTCMD    R_r1= 0x00    at time   56171809 ps
inst0 ch0:  R_CMD: ACTCMD    R_f1= 0x00    at time   56172223 ps
inst0 ch0:  R_CMD: ACTCMD    R_r0= 0x1a    at time   56175121 ps
inst0 ch0:  R_CMD: ACTCMD    R_f0= 0x02    at time   56175535 ps
inst0 ch0:  R_CMD: ACTCMD    R_r1= 0x00    at time   56175949 ps
inst0 ch0:  R_CMD: ACTCMD    R_f1= 0x00    at time   56176363 ps
inst0 ch0:  C_CMD: RDCMD     C_r = 0x0f5   at time   56177605 ps
inst0 ch0:  C_CMD: RDCMD     C_f = 0x000   at time   56178019 ps
inst0 ch0:  C_CMD: RDCMD     C_r = 0x0fd   at time   56180917 ps
inst0 ch0:  C_CMD: RDCMD     C_f = 0x002   at time   56181331 ps
inst0 ch0:  C_CMD: RDCMD     C_r = 0x0b5   at time   56182573 ps
inst0 ch0:  C_CMD: RDCMD     C_f = 0x000   at time   56182987 ps
inst0 ch0:  C_CMD: RDCMD     C_r = 0x0bd   at time   56185885 ps
inst0 ch0:  C_CMD: RDCMD     C_f = 0x002   at time   56186299 ps
inst0 ch0:  C_CMD: RDCMD     C_r = 0x075   at time   56187541 ps
inst0 ch0:  C_CMD: RDCMD     C_f = 0x000   at time   56187955 ps
inst0 ch0:  C_CMD: RDCMD     C_r = 0x035   at time   56190025 ps
inst0 ch0:  C_CMD: RDCMD     C_f = 0x000   at time   56190439 ps
inst0 ch0:  C_CMD: RDCMD     C_r = 0x07d   at time   56191681 ps
inst0 ch0:  C_CMD: RDCMD     C_f = 0x002   at time   56192095 ps
inst0 ch0:  C_CMD: RDCMD     C_r = 0x03d   at time   56193337 ps
inst0 ch0:  C_CMD: RDCMD     C_f = 0x002   at time   56193751 ps
inst0 ch0:  R_CMD: ACTCMD    R_r0= 0x02    at time   56602369 ps
inst0 ch0:  R_CMD: ACTCMD    R_f0= 0x18    at time   56602783 ps
inst0 ch0:  R_CMD: ACTCMD    R_r1= 0x3f    at time   56603197 ps
inst0 ch0:  R_CMD: ACTCMD    R_f1= 0x3b    at time   56603611 ps
inst0 ch0:  C_CMD: WRCMD     C_r = 0x009   at time   56613133 ps
inst0 ch0:  C_CMD: WRCMD     C_f = 0x0fa   at time   56613547 ps
inst0 ch0:  R_CMD: ACTCMD    R_r0= 0x02    at time   56758861 ps
inst0 ch0:  R_CMD: ACTCMD    R_f0= 0x10    at time   56759275 ps
inst0 ch0:  R_CMD: ACTCMD    R_r1= 0x3f    at time   56759689 ps
inst0 ch0:  R_CMD: ACTCMD    R_f1= 0x3b    at time   56760103 ps
inst0 ch0:  C_CMD: WRCMD     C_r = 0x009   at time   56769625 ps
inst0 ch0:  C_CMD: WRCMD     C_f = 0x07a   at time   56770039 ps
inst0 ch0:  R_CMD: ACTCMD    R_r0= 0x0a    at time   56864017 ps
inst0 ch0:  R_CMD: ACTCMD    R_f0= 0x18    at time   56864431 ps
inst0 ch0:  R_CMD: ACTCMD    R_r1= 0x3f    at time   56864845 ps
inst0 ch0:  R_CMD: ACTCMD    R_f1= 0x3b    at time   56865259 ps
inst0 ch0:  C_CMD: WRCMD     C_r = 0x019   at time   56874781 ps
inst0 ch0:  C_CMD: WRCMD     C_f = 0x0fa   at time   56875195 ps
inst0 ch0:  R_CMD: ACTCMD    R_r0= 0x02    at time   57006433 ps
inst0 ch0:  R_CMD: ACTCMD    R_f0= 0x38    at time   57006847 ps
inst0 ch0:  R_CMD: ACTCMD    R_r1= 0x3f    at time   57007261 ps
inst0 ch0:  R_CMD: ACTCMD    R_f1= 0x3b    at time   57007675 ps
inst0 ch0:  C_CMD: WRCMD     C_r = 0x089   at time   57017197 ps
inst0 ch0:  C_CMD: WRCMD     C_f = 0x0fa   at time   57017611 ps
inst0 ch0:  R_CMD: ACTCMD    R_r0= 0x0a    at time   57225853 ps
inst0 ch0:  R_CMD: ACTCMD    R_f0= 0x38    at time   57226267 ps
inst0 ch0:  R_CMD: ACTCMD    R_r1= 0x3f    at time   57226681 ps
inst0 ch0:  R_CMD: ACTCMD    R_f1= 0x3b    at time   57227095 ps
inst0 ch0:  C_CMD: WRCMD     C_r = 0x099   at time   57236617 ps
inst0 ch0:  C_CMD: WRCMD     C_f = 0x0fa   at time   57237031 ps
inst0 ch0:  R_CMD: ACTCMD    R_r0= 0x0a    at time   57340117 ps
inst0 ch0:  R_CMD: ACTCMD    R_f0= 0x10    at time   57340531 ps
inst0 ch0:  R_CMD: ACTCMD    R_r1= 0x3f    at time   57340945 ps
inst0 ch0:  R_CMD: ACTCMD    R_f1= 0x3b    at time   57341359 ps
inst0 ch0:  C_CMD: WRCMD     C_r = 0x019   at time   57350881 ps
inst0 ch0:  C_CMD: WRCMD     C_f = 0x07a   at time   57351295 ps
inst0 ch0:  R_CMD: ACTCMD    R_r0= 0x02    at time   57466801 ps
inst0 ch0:  R_CMD: ACTCMD    R_f0= 0x30    at time   57467215 ps
inst0 ch0:  R_CMD: ACTCMD    R_r1= 0x3f    at time   57467629 ps
inst0 ch0:  R_CMD: ACTCMD    R_f1= 0x3b    at time   57468043 ps
inst0 ch0:  C_CMD: WRCMD     C_r = 0x089   at time   57477565 ps
inst0 ch0:  C_CMD: WRCMD     C_f = 0x07a   at time   57477979 ps
inst0 ch0:  R_CMD: ACTCMD    R_r0= 0x0a    at time   57705265 ps
inst0 ch0:  R_CMD: ACTCMD    R_f0= 0x30    at time   57705679 ps
inst0 ch0:  R_CMD: ACTCMD    R_r1= 0x3f    at time   57706093 ps
inst0 ch0:  R_CMD: ACTCMD    R_f1= 0x3b    at time   57706507 ps
inst0 ch0:  C_CMD: WRCMD     C_r = 0x099   at time   57716029 ps
inst0 ch0:  C_CMD: WRCMD     C_f = 0x07a   at time   57716443 ps
inst0 ch0:  R_CMD: ACTCMD    R_r0= 0x0a    at time   58447981 ps
inst0 ch0:  R_CMD: ACTCMD    R_f0= 0x1b    at time   58448395 ps
inst0 ch0:  R_CMD: ACTCMD    R_r1= 0x3f    at time   58448809 ps
inst0 ch0:  R_CMD: ACTCMD    R_f1= 0x3b    at time   58449223 ps
inst0 ch0:  C_CMD: WRCMD     C_r = 0x019   at time   58458745 ps
inst0 ch0:  C_CMD: WRCMD     C_f = 0x090   at time   58459159 ps
inst0 ch0:  R_CMD: ACTCMD    R_r0= 0x0a    at time   59035033 ps
inst0 ch0:  R_CMD: ACTCMD    R_f0= 0x13    at time   59035447 ps
inst0 ch0:  R_CMD: ACTCMD    R_r1= 0x3f    at time   59035861 ps
inst0 ch0:  R_CMD: ACTCMD    R_f1= 0x3b    at time   59036275 ps
inst0 ch0:  R_CMD: ACTCMD    R_r0= 0x02    at time   59036689 ps
inst0 ch0:  R_CMD: ACTCMD    R_f0= 0x1b    at time   59037103 ps
inst0 ch0:  R_CMD: ACTCMD    R_r1= 0x3f    at time   59037517 ps
inst0 ch0:  R_CMD: ACTCMD    R_f1= 0x3b    at time   59037931 ps
inst0 ch0:  C_CMD: WRCMD     C_r = 0x019   at time   59045797 ps
inst0 ch0:  C_CMD: WRCMD     C_f = 0x010   at time   59046211 ps
inst0 ch0:  C_CMD: WRCMD     C_r = 0x009   at time   59047453 ps
inst0 ch0:  C_CMD: WRCMD     C_f = 0x080   at time   59047867 ps
inst0 ch0:  R_CMD: ACTCMD    R_r0= 0x02    at time   59456485 ps
inst0 ch0:  R_CMD: ACTCMD    R_f0= 0x13    at time   59456899 ps
inst0 ch0:  R_CMD: ACTCMD    R_r1= 0x3f    at time   59457313 ps
inst0 ch0:  R_CMD: ACTCMD    R_f1= 0x3b    at time   59457727 ps
inst0 ch0:  C_CMD: WRCMD     C_r = 0x009   at time   59467249 ps
inst0 ch0:  C_CMD: WRCMD     C_f = 0x000   at time   59467663 ps
inst0 ch0:  R_CMD: ACTCMD    R_r0= 0x02    at time   60554413 ps
inst0 ch0:  R_CMD: ACTCMD    R_f0= 0x08    at time   60554827 ps
inst0 ch0:  R_CMD: ACTCMD    R_r1= 0x00    at time   60555241 ps
inst0 ch0:  R_CMD: ACTCMD    R_f1= 0x00    at time   60555655 ps
inst0 ch0:  C_CMD: RDCMD     C_r = 0x005   at time   60569317 ps
inst0 ch0:  C_CMD: RDCMD     C_f = 0x098   at time   60569731 ps
inst0 ch0:  C_CMD: RDCMD     C_r = 0x005   at time   60572629 ps
inst0 ch0:  C_CMD: RDCMD     C_f = 0x09a   at time   60573043 ps
inst0 ch0:  C_CMD: RDCMD     C_r = 0x005   at time   60575941 ps
inst0 ch0:  C_CMD: RDCMD     C_f = 0x090   at time   60576355 ps
inst0 ch0:  C_CMD: RDCMD     C_r = 0x005   at time   60579253 ps
inst0 ch0:  C_CMD: RDCMD     C_f = 0x092   at time   60579667 ps
inst0 ch0:  C_CMD: RDCMD     C_r = 0x005   at time   60582565 ps
inst0 ch0:  C_CMD: RDCMD     C_f = 0x088   at time   60582979 ps
inst0 ch0:  C_CMD: RDCMD     C_r = 0x005   at time   60585877 ps
inst0 ch0:  C_CMD: RDCMD     C_f = 0x08a   at time   60586291 ps
inst0 ch0:  C_CMD: RDCMD     C_r = 0x005   at time   60589189 ps
inst0 ch0:  C_CMD: RDCMD     C_f = 0x080   at time   60589603 ps
inst0 ch0:  C_CMD: RDCMD     C_r = 0x00d   at time   60592501 ps
inst0 ch0:  C_CMD: RDCMD     C_f = 0x082   at time   60592915 ps
inst0 ch0:  R_CMD: ACTCMD    R_r0= 0x0a    at time   60731605 ps
inst0 ch0:  R_CMD: ACTCMD    R_f0= 0x08    at time   60732019 ps
inst0 ch0:  R_CMD: ACTCMD    R_r1= 0x00    at time   60732433 ps
inst0 ch0:  R_CMD: ACTCMD    R_f1= 0x00    at time   60732847 ps
inst0 ch0:  C_CMD: RDCMD     C_r = 0x015   at time   60746509 ps
inst0 ch0:  C_CMD: RDCMD     C_f = 0x098   at time   60746923 ps
inst0 ch0:  C_CMD: RDCMD     C_r = 0x015   at time   60749821 ps
inst0 ch0:  C_CMD: RDCMD     C_f = 0x09a   at time   60750235 ps
inst0 ch0:  C_CMD: RDCMD     C_r = 0x015   at time   60753133 ps
inst0 ch0:  C_CMD: RDCMD     C_f = 0x090   at time   60753547 ps
inst0 ch0:  C_CMD: RDCMD     C_r = 0x015   at time   60756445 ps
inst0 ch0:  C_CMD: RDCMD     C_f = 0x092   at time   60756859 ps
inst0 ch0:  C_CMD: RDCMD     C_r = 0x015   at time   60759757 ps
inst0 ch0:  C_CMD: RDCMD     C_f = 0x088   at time   60760171 ps
inst0 ch0:  C_CMD: RDCMD     C_r = 0x015   at time   60763069 ps
inst0 ch0:  C_CMD: RDCMD     C_f = 0x08a   at time   60763483 ps
inst0 ch0:  C_CMD: RDCMD     C_r = 0x015   at time   60766381 ps
inst0 ch0:  C_CMD: RDCMD     C_f = 0x080   at time   60766795 ps
inst0 ch0:  C_CMD: RDCMD     C_r = 0x01d   at time   60769693 ps
inst0 ch0:  C_CMD: RDCMD     C_f = 0x082   at time   60770107 ps
inst0 ch0:  R_CMD: ACTCMD    R_r0= 0x02    at time   60939433 ps
inst0 ch0:  R_CMD: ACTCMD    R_f0= 0x00    at time   60939847 ps
inst0 ch0:  R_CMD: ACTCMD    R_r1= 0x00    at time   60940261 ps
inst0 ch0:  R_CMD: ACTCMD    R_f1= 0x00    at time   60940675 ps
inst0 ch0:  C_CMD: RDCMD     C_r = 0x005   at time   60954337 ps
inst0 ch0:  C_CMD: RDCMD     C_f = 0x018   at time   60954751 ps
inst0 ch0:  C_CMD: RDCMD     C_r = 0x005   at time   60957649 ps
inst0 ch0:  C_CMD: RDCMD     C_f = 0x01a   at time   60958063 ps
inst0 ch0:  C_CMD: RDCMD     C_r = 0x005   at time   60960961 ps
inst0 ch0:  C_CMD: RDCMD     C_f = 0x010   at time   60961375 ps
inst0 ch0:  C_CMD: RDCMD     C_r = 0x005   at time   60964273 ps
inst0 ch0:  C_CMD: RDCMD     C_f = 0x012   at time   60964687 ps
inst0 ch0:  C_CMD: RDCMD     C_r = 0x005   at time   60967585 ps
inst0 ch0:  C_CMD: RDCMD     C_f = 0x008   at time   60967999 ps
inst0 ch0:  C_CMD: RDCMD     C_r = 0x005   at time   60970897 ps
inst0 ch0:  C_CMD: RDCMD     C_f = 0x00a   at time   60971311 ps
inst0 ch0:  C_CMD: RDCMD     C_r = 0x005   at time   60974209 ps
inst0 ch0:  C_CMD: RDCMD     C_f = 0x000   at time   60974623 ps
inst0 ch0:  C_CMD: RDCMD     C_r = 0x00d   at time   60977521 ps
inst0 ch0:  C_CMD: RDCMD     C_f = 0x002   at time   60977935 ps
inst0 ch0:  R_CMD: ACTCMD    R_r0= 0x0a    at time   61066117 ps
inst0 ch0:  R_CMD: ACTCMD    R_f0= 0x08    at time   61066531 ps
inst0 ch0:  R_CMD: ACTCMD    R_r1= 0x00    at time   61066945 ps
inst0 ch0:  R_CMD: ACTCMD    R_f1= 0x00    at time   61067359 ps
inst0 ch0:  C_CMD: WRCMD     C_r = 0x011   at time   61076881 ps
inst0 ch0:  C_CMD: WRCMD     C_f = 0x0b8   at time   61077295 ps
inst0 ch0:  C_CMD: WRCMD     C_r = 0x011   at time   61080193 ps
inst0 ch0:  C_CMD: WRCMD     C_f = 0x0ba   at time   61080607 ps
inst0 ch0:  C_CMD: WRCMD     C_r = 0x011   at time   61083505 ps
inst0 ch0:  C_CMD: WRCMD     C_f = 0x0b0   at time   61083919 ps
inst0 ch0:  C_CMD: WRCMD     C_r = 0x011   at time   61086817 ps
inst0 ch0:  C_CMD: WRCMD     C_f = 0x0b2   at time   61087231 ps
inst0 ch0:  C_CMD: WRCMD     C_r = 0x011   at time   61090129 ps
inst0 ch0:  C_CMD: WRCMD     C_f = 0x0a8   at time   61090543 ps
inst0 ch0:  C_CMD: WRCMD     C_r = 0x011   at time   61093441 ps
inst0 ch0:  C_CMD: WRCMD     C_f = 0x0aa   at time   61093855 ps
inst0 ch0:  C_CMD: WRCMD     C_r = 0x011   at time   61096753 ps
inst0 ch0:  C_CMD: WRCMD     C_f = 0x0a0   at time   61097167 ps
inst0 ch0:  C_CMD: WRCMD     C_r = 0x019   at time   61100065 ps
inst0 ch0:  C_CMD: WRCMD     C_f = 0x0a2   at time   61100479 ps
inst0 ch0:  R_CMD: ACTCMD    R_r0= 0x0a    at time   61378273 ps
inst0 ch0:  R_CMD: ACTCMD    R_f0= 0x00    at time   61378687 ps
inst0 ch0:  R_CMD: ACTCMD    R_r1= 0x00    at time   61379101 ps
inst0 ch0:  R_CMD: ACTCMD    R_f1= 0x00    at time   61379515 ps
inst0 ch0:  C_CMD: RDCMD     C_r = 0x015   at time   61393177 ps
inst0 ch0:  C_CMD: RDCMD     C_f = 0x018   at time   61393591 ps
inst0 ch0:  C_CMD: RDCMD     C_r = 0x015   at time   61396489 ps
inst0 ch0:  C_CMD: RDCMD     C_f = 0x01a   at time   61396903 ps
inst0 ch0:  C_CMD: RDCMD     C_r = 0x015   at time   61399801 ps
inst0 ch0:  C_CMD: RDCMD     C_f = 0x010   at time   61400215 ps
inst0 ch0:  C_CMD: RDCMD     C_r = 0x015   at time   61403113 ps
inst0 ch0:  C_CMD: RDCMD     C_f = 0x012   at time   61403527 ps
inst0 ch0:  C_CMD: RDCMD     C_r = 0x015   at time   61406425 ps
inst0 ch0:  C_CMD: RDCMD     C_f = 0x008   at time   61406839 ps
inst0 ch0:  C_CMD: RDCMD     C_r = 0x015   at time   61409737 ps
inst0 ch0:  C_CMD: RDCMD     C_f = 0x00a   at time   61410151 ps
inst0 ch0:  C_CMD: RDCMD     C_r = 0x015   at time   61413049 ps
inst0 ch0:  C_CMD: RDCMD     C_f = 0x000   at time   61413463 ps
inst0 ch0:  C_CMD: RDCMD     C_r = 0x01d   at time   61416361 ps
inst0 ch0:  C_CMD: RDCMD     C_f = 0x002   at time   61416775 ps
inst0 ch0:  R_CMD: ACTCMD    R_r0= 0x0a    at time   61787305 ps
inst0 ch0:  R_CMD: ACTCMD    R_f0= 0x00    at time   61787719 ps
inst0 ch0:  R_CMD: ACTCMD    R_r1= 0x00    at time   61788133 ps
inst0 ch0:  R_CMD: ACTCMD    R_f1= 0x00    at time   61788547 ps
inst0 ch0:  C_CMD: WRCMD     C_r = 0x011   at time   61798069 ps
inst0 ch0:  C_CMD: WRCMD     C_f = 0x038   at time   61798483 ps
inst0 ch0:  C_CMD: WRCMD     C_r = 0x011   at time   61801381 ps
inst0 ch0:  C_CMD: WRCMD     C_f = 0x03a   at time   61801795 ps
inst0 ch0:  C_CMD: WRCMD     C_r = 0x011   at time   61804693 ps
inst0 ch0:  C_CMD: WRCMD     C_f = 0x030   at time   61805107 ps
inst0 ch0:  C_CMD: WRCMD     C_r = 0x011   at time   61808005 ps
inst0 ch0:  C_CMD: WRCMD     C_f = 0x032   at time   61808419 ps
inst0 ch0:  C_CMD: WRCMD     C_r = 0x011   at time   61811317 ps
inst0 ch0:  C_CMD: WRCMD     C_f = 0x028   at time   61811731 ps
inst0 ch0:  C_CMD: WRCMD     C_r = 0x011   at time   61814629 ps
inst0 ch0:  C_CMD: WRCMD     C_f = 0x02a   at time   61815043 ps
inst0 ch0:  C_CMD: WRCMD     C_r = 0x011   at time   61817941 ps
inst0 ch0:  C_CMD: WRCMD     C_f = 0x020   at time   61818355 ps
inst0 ch0:  C_CMD: WRCMD     C_r = 0x019   at time   61821253 ps
inst0 ch0:  C_CMD: WRCMD     C_f = 0x022   at time   61821667 ps
inst0 ch0:  R_CMD: ACTCMD    R_r0= 0x02    at time   62008381 ps
inst0 ch0:  R_CMD: ACTCMD    R_f0= 0x1b    at time   62008795 ps
inst0 ch0:  R_CMD: ACTCMD    R_r1= 0x3f    at time   62009209 ps
inst0 ch0:  R_CMD: ACTCMD    R_f1= 0x3b    at time   62009623 ps
inst0 ch0:  C_CMD: WRCMD     C_r = 0x009   at time   62019145 ps
inst0 ch0:  C_CMD: WRCMD     C_f = 0x080   at time   62019559 ps
inst0 ch0:  R_CMD: ACTCMD    R_r0= 0x02    at time   62384293 ps
inst0 ch0:  R_CMD: ACTCMD    R_f0= 0x13    at time   62384707 ps
inst0 ch0:  R_CMD: ACTCMD    R_r1= 0x3f    at time   62385121 ps
inst0 ch0:  R_CMD: ACTCMD    R_f1= 0x3b    at time   62385535 ps
inst0 ch0:  C_CMD: WRCMD     C_r = 0x009   at time   62395057 ps
inst0 ch0:  C_CMD: WRCMD     C_f = 0x000   at time   62395471 ps
inst0 ch0:  R_CMD: ACTCMD    R_r0= 0x0a    at time   62581357 ps
inst0 ch0:  R_CMD: ACTCMD    R_f0= 0x19    at time   62581771 ps
inst0 ch0:  R_CMD: ACTCMD    R_r1= 0x3f    at time   62582185 ps
inst0 ch0:  R_CMD: ACTCMD    R_f1= 0x3b    at time   62582599 ps
inst0 ch0:  R_CMD: ACTCMD    R_r0= 0x02    at time   62585497 ps
inst0 ch0:  R_CMD: ACTCMD    R_f0= 0x19    at time   62585911 ps
inst0 ch0:  R_CMD: ACTCMD    R_r1= 0x3f    at time   62586325 ps
inst0 ch0:  R_CMD: ACTCMD    R_f1= 0x3b    at time   62586739 ps
inst0 ch0:  C_CMD: WRCMD     C_r = 0x019   at time   62592121 ps
inst0 ch0:  C_CMD: WRCMD     C_f = 0x0fa   at time   62592535 ps
inst0 ch0:  C_CMD: WRCMD     C_r = 0x009   at time   62596261 ps
inst0 ch0:  C_CMD: WRCMD     C_f = 0x0fa   at time   62596675 ps
inst0 ch0:  R_CMD: ACTCMD    R_r0= 0x0a    at time   62713009 ps
inst0 ch0:  R_CMD: ACTCMD    R_f0= 0x0a    at time   62713423 ps
inst0 ch0:  R_CMD: ACTCMD    R_r1= 0x00    at time   62713837 ps
inst0 ch0:  R_CMD: ACTCMD    R_f1= 0x00    at time   62714251 ps
inst0 ch0:  R_CMD: ACTCMD    R_r0= 0x02    at time   62717149 ps
inst0 ch0:  R_CMD: ACTCMD    R_f0= 0x0a    at time   62717563 ps
inst0 ch0:  R_CMD: ACTCMD    R_r1= 0x00    at time   62717977 ps
inst0 ch0:  R_CMD: ACTCMD    R_f1= 0x00    at time   62718391 ps
inst0 ch0:  C_CMD: RDCMD     C_r = 0x015   at time   62727913 ps
inst0 ch0:  C_CMD: RDCMD     C_f = 0x080   at time   62728327 ps
inst0 ch0:  C_CMD: RDCMD     C_r = 0x01d   at time   62731225 ps
inst0 ch0:  C_CMD: RDCMD     C_f = 0x082   at time   62731639 ps
inst0 ch0:  C_CMD: RDCMD     C_r = 0x005   at time   62734537 ps
inst0 ch0:  C_CMD: RDCMD     C_f = 0x080   at time   62734951 ps
inst0 ch0:  C_CMD: RDCMD     C_r = 0x00d   at time   62737849 ps
inst0 ch0:  C_CMD: RDCMD     C_f = 0x082   at time   62738263 ps
inst0 ch0:  R_CMD: ACTCMD    R_r0= 0x0a    at time   63069877 ps
inst0 ch0:  R_CMD: ACTCMD    R_f0= 0x11    at time   63070291 ps
inst0 ch0:  R_CMD: ACTCMD    R_r1= 0x3f    at time   63070705 ps
inst0 ch0:  R_CMD: ACTCMD    R_f1= 0x3b    at time   63071119 ps
inst0 ch0:  R_CMD: ACTCMD    R_r0= 0x02    at time   63074017 ps
inst0 ch0:  R_CMD: ACTCMD    R_f0= 0x11    at time   63074431 ps
inst0 ch0:  R_CMD: ACTCMD    R_r1= 0x3f    at time   63074845 ps
inst0 ch0:  R_CMD: ACTCMD    R_f1= 0x3b    at time   63075259 ps
inst0 ch0:  C_CMD: WRCMD     C_r = 0x019   at time   63080641 ps
inst0 ch0:  C_CMD: WRCMD     C_f = 0x07a   at time   63081055 ps
inst0 ch0:  C_CMD: WRCMD     C_r = 0x009   at time   63084781 ps
inst0 ch0:  C_CMD: WRCMD     C_f = 0x07a   at time   63085195 ps
inst0 ch0:  R_CMD: ACTCMD    R_r0= 0x0a    at time   63794377 ps
inst0 ch0:  R_CMD: ACTCMD    R_f0= 0x02    at time   63794791 ps
inst0 ch0:  R_CMD: ACTCMD    R_r1= 0x00    at time   63795205 ps
inst0 ch0:  R_CMD: ACTCMD    R_f1= 0x00    at time   63795619 ps
inst0 ch0:  R_CMD: ACTCMD    R_r0= 0x02    at time   63798517 ps
inst0 ch0:  R_CMD: ACTCMD    R_f0= 0x02    at time   63798931 ps
inst0 ch0:  R_CMD: ACTCMD    R_r1= 0x00    at time   63799345 ps
inst0 ch0:  R_CMD: ACTCMD    R_f1= 0x00    at time   63799759 ps
inst0 ch0:  C_CMD: RDCMD     C_r = 0x015   at time   63809281 ps
inst0 ch0:  C_CMD: RDCMD     C_f = 0x000   at time   63809695 ps
inst0 ch0:  C_CMD: RDCMD     C_r = 0x01d   at time   63812593 ps
inst0 ch0:  C_CMD: RDCMD     C_f = 0x002   at time   63813007 ps
inst0 ch0:  C_CMD: RDCMD     C_r = 0x005   at time   63815905 ps
inst0 ch0:  C_CMD: RDCMD     C_f = 0x000   at time   63816319 ps
inst0 ch0:  C_CMD: RDCMD     C_r = 0x00d   at time   63819217 ps
inst0 ch0:  C_CMD: RDCMD     C_f = 0x002   at time   63819631 ps
