inst0 ch0:  R_CMD: ACTCMD    R_r0= 0x0e    at time   33400981 ps
inst0 ch0:  R_CMD: ACTCMD    R_f0= 0x28    at time   33401395 ps
inst0 ch0:  R_CMD: ACTCMD    R_r1= 0x00    at time   33401809 ps
inst0 ch0:  R_CMD: ACTCMD    R_f1= 0x02    at time   33402223 ps
inst0 ch0:  R_CMD: ACTCMD    R_r0= 0x0e    at time   33402637 ps
inst0 ch0:  R_CMD: ACTCMD    R_f0= 0x20    at time   33403051 ps
inst0 ch0:  R_CMD: ACTCMD    R_r1= 0x00    at time   33403465 ps
inst0 ch0:  R_CMD: ACTCMD    R_f1= 0x02    at time   33403879 ps
inst0 ch0:  C_CMD: RDCMD     C_r = 0x095   at time   33415885 ps
inst0 ch0:  C_CMD: RDCMD     C_f = 0x0a9   at time   33416299 ps
inst0 ch0:  C_CMD: RDCMD     C_r = 0x095   at time   33417541 ps
inst0 ch0:  C_CMD: RDCMD     C_f = 0x029   at time   33417955 ps
inst0 ch0:  C_CMD: RDCMD     C_r = 0x095   at time   33419197 ps
inst0 ch0:  C_CMD: RDCMD     C_f = 0x0ab   at time   33419611 ps
inst0 ch0:  C_CMD: RDCMD     C_r = 0x095   at time   33420853 ps
inst0 ch0:  C_CMD: RDCMD     C_f = 0x02b   at time   33421267 ps
inst0 ch0:  C_CMD: RDCMD     C_r = 0x095   at time   33422509 ps
inst0 ch0:  C_CMD: RDCMD     C_f = 0x0a1   at time   33422923 ps
inst0 ch0:  C_CMD: RDCMD     C_r = 0x095   at time   33424165 ps
inst0 ch0:  C_CMD: RDCMD     C_f = 0x021   at time   33424579 ps
inst0 ch0:  C_CMD: RDCMD     C_r = 0x09d   at time   33425821 ps
inst0 ch0:  C_CMD: RDCMD     C_f = 0x0a3   at time   33426235 ps
inst0 ch0:  C_CMD: RDCMD     C_r = 0x09d   at time   33427477 ps
inst0 ch0:  C_CMD: RDCMD     C_f = 0x023   at time   33427891 ps
inst0 ch0:  R_CMD: ACTCMD    R_r0= 0x26    at time   33516901 ps
inst0 ch0:  R_CMD: ACTCMD    R_f0= 0x28    at time   33517315 ps
inst0 ch0:  R_CMD: ACTCMD    R_r1= 0x00    at time   33517729 ps
inst0 ch0:  R_CMD: ACTCMD    R_f1= 0x02    at time   33518143 ps
inst0 ch0:  R_CMD: ACTCMD    R_r0= 0x26    at time   33518557 ps
inst0 ch0:  R_CMD: ACTCMD    R_f0= 0x20    at time   33518971 ps
inst0 ch0:  R_CMD: ACTCMD    R_r1= 0x00    at time   33519385 ps
inst0 ch0:  R_CMD: ACTCMD    R_f1= 0x02    at time   33519799 ps
inst0 ch0:  C_CMD: RDCMD     C_r = 0x0c5   at time   33531805 ps
inst0 ch0:  C_CMD: RDCMD     C_f = 0x0a1   at time   33532219 ps
inst0 ch0:  C_CMD: RDCMD     C_r = 0x0c5   at time   33533461 ps
inst0 ch0:  C_CMD: RDCMD     C_f = 0x021   at time   33533875 ps
inst0 ch0:  C_CMD: RDCMD     C_r = 0x0cd   at time   33535117 ps
inst0 ch0:  C_CMD: RDCMD     C_f = 0x0a3   at time   33535531 ps
inst0 ch0:  C_CMD: RDCMD     C_r = 0x0cd   at time   33536773 ps
inst0 ch0:  C_CMD: RDCMD     C_f = 0x023   at time   33537187 ps
inst0 ch0:  R_CMD: ACTCMD    R_r0= 0x0e    at time   33621229 ps
inst0 ch0:  R_CMD: ACTCMD    R_f0= 0x28    at time   33621643 ps
inst0 ch0:  R_CMD: ACTCMD    R_r1= 0x00    at time   33622057 ps
inst0 ch0:  R_CMD: ACTCMD    R_f1= 0x02    at time   33622471 ps
inst0 ch0:  R_CMD: ACTCMD    R_r0= 0x0e    at time   33622885 ps
inst0 ch0:  R_CMD: ACTCMD    R_f0= 0x20    at time   33623299 ps
inst0 ch0:  R_CMD: ACTCMD    R_r1= 0x00    at time   33623713 ps
inst0 ch0:  R_CMD: ACTCMD    R_f1= 0x02    at time   33624127 ps
inst0 ch0:  C_CMD: WRCMD     C_r = 0x091   at time   33631993 ps
inst0 ch0:  C_CMD: WRCMD     C_f = 0x0a9   at time   33632407 ps
inst0 ch0:  C_CMD: WRCMD     C_r = 0x091   at time   33633649 ps
inst0 ch0:  C_CMD: WRCMD     C_f = 0x029   at time   33634063 ps
inst0 ch0:  C_CMD: WRCMD     C_r = 0x091   at time   33635305 ps
inst0 ch0:  C_CMD: WRCMD     C_f = 0x0ab   at time   33635719 ps
inst0 ch0:  C_CMD: WRCMD     C_r = 0x091   at time   33636961 ps
inst0 ch0:  C_CMD: WRCMD     C_f = 0x02b   at time   33637375 ps
inst0 ch0:  C_CMD: WRCMD     C_r = 0x091   at time   33638617 ps
inst0 ch0:  C_CMD: WRCMD     C_f = 0x0a1   at time   33639031 ps
inst0 ch0:  C_CMD: WRCMD     C_r = 0x091   at time   33640273 ps
inst0 ch0:  C_CMD: WRCMD     C_f = 0x021   at time   33640687 ps
inst0 ch0:  C_CMD: WRCMD     C_r = 0x099   at time   33641929 ps
inst0 ch0:  C_CMD: WRCMD     C_f = 0x0a3   at time   33642343 ps
inst0 ch0:  C_CMD: WRCMD     C_r = 0x099   at time   33643585 ps
inst0 ch0:  C_CMD: WRCMD     C_f = 0x023   at time   33643999 ps
inst0 ch0:  R_CMD: ACTCMD    R_r0= 0x26    at time   33835681 ps
inst0 ch0:  R_CMD: ACTCMD    R_f0= 0x20    at time   33836095 ps
inst0 ch0:  R_CMD: ACTCMD    R_r1= 0x00    at time   33836509 ps
inst0 ch0:  R_CMD: ACTCMD    R_f1= 0x02    at time   33836923 ps
inst0 ch0:  R_CMD: ACTCMD    R_r0= 0x26    at time   33837337 ps
inst0 ch0:  R_CMD: ACTCMD    R_f0= 0x28    at time   33837751 ps
inst0 ch0:  R_CMD: ACTCMD    R_r1= 0x00    at time   33838165 ps
inst0 ch0:  R_CMD: ACTCMD    R_f1= 0x02    at time   33838579 ps
inst0 ch0:  C_CMD: WRCMD     C_r = 0x0c1   at time   33846445 ps
inst0 ch0:  C_CMD: WRCMD     C_f = 0x021   at time   33846859 ps
inst0 ch0:  C_CMD: WRCMD     C_r = 0x0c1   at time   33848101 ps
inst0 ch0:  C_CMD: WRCMD     C_f = 0x0a1   at time   33848515 ps
inst0 ch0:  C_CMD: WRCMD     C_r = 0x0c9   at time   33849757 ps
inst0 ch0:  C_CMD: WRCMD     C_f = 0x023   at time   33850171 ps
inst0 ch0:  C_CMD: WRCMD     C_r = 0x0c9   at time   33851413 ps
inst0 ch0:  C_CMD: WRCMD     C_f = 0x0a3   at time   33851827 ps
inst0 ch0:  R_CMD: ACTCMD    R_r0= 0x2e    at time   37687537 ps
inst0 ch0:  R_CMD: ACTCMD    R_f0= 0x20    at time   37687951 ps
inst0 ch0:  R_CMD: ACTCMD    R_r1= 0x00    at time   37688365 ps
inst0 ch0:  R_CMD: ACTCMD    R_f1= 0x02    at time   37688779 ps
inst0 ch0:  R_CMD: ACTCMD    R_r0= 0x2e    at time   37689193 ps
inst0 ch0:  R_CMD: ACTCMD    R_f0= 0x28    at time   37689607 ps
inst0 ch0:  R_CMD: ACTCMD    R_r1= 0x00    at time   37690021 ps
inst0 ch0:  R_CMD: ACTCMD    R_f1= 0x02    at time   37690435 ps
inst0 ch0:  C_CMD: RDCMD     C_r = 0x0d5   at time   37702441 ps
inst0 ch0:  C_CMD: RDCMD     C_f = 0x029   at time   37702855 ps
inst0 ch0:  C_CMD: RDCMD     C_r = 0x0d5   at time   37704097 ps
inst0 ch0:  C_CMD: RDCMD     C_f = 0x0a9   at time   37704511 ps
inst0 ch0:  C_CMD: RDCMD     C_r = 0x0d5   at time   37705753 ps
inst0 ch0:  C_CMD: RDCMD     C_f = 0x02b   at time   37706167 ps
inst0 ch0:  C_CMD: RDCMD     C_r = 0x0d5   at time   37707409 ps
inst0 ch0:  C_CMD: RDCMD     C_f = 0x0ab   at time   37707823 ps
inst0 ch0:  C_CMD: RDCMD     C_r = 0x0d5   at time   37709065 ps
inst0 ch0:  C_CMD: RDCMD     C_f = 0x021   at time   37709479 ps
inst0 ch0:  C_CMD: RDCMD     C_r = 0x0d5   at time   37710721 ps
inst0 ch0:  C_CMD: RDCMD     C_f = 0x0a1   at time   37711135 ps
inst0 ch0:  C_CMD: RDCMD     C_r = 0x0dd   at time   37712377 ps
inst0 ch0:  C_CMD: RDCMD     C_f = 0x023   at time   37712791 ps
inst0 ch0:  C_CMD: RDCMD     C_r = 0x0dd   at time   37714033 ps
inst0 ch0:  C_CMD: RDCMD     C_f = 0x0a3   at time   37714447 ps
inst0 ch0:  R_CMD: ACTCMD    R_r0= 0x2e    at time   37757917 ps
inst0 ch0:  R_CMD: ACTCMD    R_f0= 0x20    at time   37758331 ps
inst0 ch0:  R_CMD: ACTCMD    R_r1= 0x00    at time   37758745 ps
inst0 ch0:  R_CMD: ACTCMD    R_f1= 0x02    at time   37759159 ps
inst0 ch0:  R_CMD: ACTCMD    R_r0= 0x2e    at time   37759573 ps
inst0 ch0:  R_CMD: ACTCMD    R_f0= 0x28    at time   37759987 ps
inst0 ch0:  R_CMD: ACTCMD    R_r1= 0x00    at time   37760401 ps
inst0 ch0:  R_CMD: ACTCMD    R_f1= 0x02    at time   37760815 ps
inst0 ch0:  C_CMD: WRCMD     C_r = 0x0d1   at time   37768681 ps
inst0 ch0:  C_CMD: WRCMD     C_f = 0x029   at time   37769095 ps
inst0 ch0:  C_CMD: WRCMD     C_r = 0x0d1   at time   37770337 ps
inst0 ch0:  C_CMD: WRCMD     C_f = 0x0a9   at time   37770751 ps
inst0 ch0:  C_CMD: WRCMD     C_r = 0x0d9   at time   37771993 ps
inst0 ch0:  C_CMD: WRCMD     C_f = 0x02b   at time   37772407 ps
inst0 ch0:  C_CMD: WRCMD     C_r = 0x0d1   at time   37773649 ps
inst0 ch0:  C_CMD: WRCMD     C_f = 0x0ab   at time   37774063 ps
inst0 ch0:  C_CMD: WRCMD     C_r = 0x0d1   at time   37776961 ps
inst0 ch0:  C_CMD: WRCMD     C_f = 0x0a1   at time   37777375 ps
inst0 ch0:  C_CMD: WRCMD     C_r = 0x0d9   at time   37780273 ps
inst0 ch0:  C_CMD: WRCMD     C_f = 0x0a3   at time   37780687 ps
inst0 ch0:  R_CMD: ACTCMD    R_r0= 0x2e    at time   37811737 ps
inst0 ch0:  R_CMD: ACTCMD    R_f0= 0x20    at time   37812151 ps
inst0 ch0:  R_CMD: ACTCMD    R_r1= 0x00    at time   37812565 ps
inst0 ch0:  R_CMD: ACTCMD    R_f1= 0x02    at time   37812979 ps
inst0 ch0:  C_CMD: WRCMD     C_r = 0x0d1   at time   37822501 ps
inst0 ch0:  C_CMD: WRCMD     C_f = 0x021   at time   37822915 ps
inst0 ch0:  C_CMD: WRCMD     C_r = 0x0d9   at time   37825813 ps
inst0 ch0:  C_CMD: WRCMD     C_f = 0x023   at time   37826227 ps
inst0 ch0:  R_CMD: ACTCMD    R_r0= 0x16    at time   42094981 ps
inst0 ch0:  R_CMD: ACTCMD    R_f0= 0x00    at time   42095395 ps
inst0 ch0:  R_CMD: ACTCMD    R_r1= 0x00    at time   42095809 ps
inst0 ch0:  R_CMD: ACTCMD    R_f1= 0x02    at time   42096223 ps
inst0 ch0:  C_CMD: RDCMD     C_r = 0x025   at time   42109885 ps
inst0 ch0:  C_CMD: RDCMD     C_f = 0x021   at time   42110299 ps
inst0 ch0:  C_CMD: RDCMD     C_r = 0x02d   at time   42113197 ps
inst0 ch0:  C_CMD: RDCMD     C_f = 0x023   at time   42113611 ps
inst0 ch0:  R_CMD: ACTCMD    R_r0= 0x16    at time   42165361 ps
inst0 ch0:  R_CMD: ACTCMD    R_f0= 0x00    at time   42165775 ps
inst0 ch0:  R_CMD: ACTCMD    R_r1= 0x00    at time   42166189 ps
inst0 ch0:  R_CMD: ACTCMD    R_f1= 0x02    at time   42166603 ps
inst0 ch0:  C_CMD: WRCMD     C_r = 0x021   at time   42176125 ps
inst0 ch0:  C_CMD: WRCMD     C_f = 0x021   at time   42176539 ps
inst0 ch0:  C_CMD: WRCMD     C_r = 0x029   at time   42179437 ps
inst0 ch0:  C_CMD: WRCMD     C_f = 0x023   at time   42179851 ps
inst0 ch0:  R_CMD: ACTCMD    R_r0= 0x1e    at time   50592745 ps
inst0 ch0:  R_CMD: ACTCMD    R_f0= 0x00    at time   50593159 ps
inst0 ch0:  R_CMD: ACTCMD    R_r1= 0x00    at time   50593573 ps
inst0 ch0:  R_CMD: ACTCMD    R_f1= 0x02    at time   50593987 ps
inst0 ch0:  C_CMD: RDCMD     C_r = 0x035   at time   50607649 ps
inst0 ch0:  C_CMD: RDCMD     C_f = 0x021   at time   50608063 ps
inst0 ch0:  C_CMD: RDCMD     C_r = 0x03d   at time   50610961 ps
inst0 ch0:  C_CMD: RDCMD     C_f = 0x023   at time   50611375 ps
inst0 ch0:  R_CMD: ACTCMD    R_r0= 0x1e    at time   50663125 ps
inst0 ch0:  R_CMD: ACTCMD    R_f0= 0x00    at time   50663539 ps
inst0 ch0:  R_CMD: ACTCMD    R_r1= 0x00    at time   50663953 ps
inst0 ch0:  R_CMD: ACTCMD    R_f1= 0x02    at time   50664367 ps
inst0 ch0:  C_CMD: WRCMD     C_r = 0x031   at time   50673889 ps
inst0 ch0:  C_CMD: WRCMD     C_f = 0x021   at time   50674303 ps
inst0 ch0:  C_CMD: WRCMD     C_r = 0x039   at time   50677201 ps
inst0 ch0:  C_CMD: WRCMD     C_f = 0x023   at time   50677615 ps
inst0 ch0:  R_CMD: ACTCMD    R_r0= 0x22    at time   54674785 ps
inst0 ch0:  R_CMD: ACTCMD    R_f0= 0x22    at time   54675199 ps
inst0 ch0:  R_CMD: ACTCMD    R_r1= 0x00    at time   54675613 ps
inst0 ch0:  R_CMD: ACTCMD    R_f1= 0x00    at time   54676027 ps
inst0 ch0:  R_CMD: ACTCMD    R_r0= 0x22    at time   54676441 ps
inst0 ch0:  R_CMD: ACTCMD    R_f0= 0x2a    at time   54676855 ps
inst0 ch0:  R_CMD: ACTCMD    R_r1= 0x00    at time   54677269 ps
inst0 ch0:  R_CMD: ACTCMD    R_f1= 0x00    at time   54677683 ps
inst0 ch0:  R_CMD: ACTCMD    R_r0= 0x02    at time   54678925 ps
inst0 ch0:  R_CMD: ACTCMD    R_f0= 0x22    at time   54679339 ps
inst0 ch0:  R_CMD: ACTCMD    R_r1= 0x00    at time   54679753 ps
inst0 ch0:  R_CMD: ACTCMD    R_f1= 0x00    at time   54680167 ps
inst0 ch0:  R_CMD: ACTCMD    R_r0= 0x02    at time   54680581 ps
inst0 ch0:  R_CMD: ACTCMD    R_f0= 0x2a    at time   54680995 ps
inst0 ch0:  R_CMD: ACTCMD    R_r1= 0x00    at time   54681409 ps
inst0 ch0:  R_CMD: ACTCMD    R_f1= 0x00    at time   54681823 ps
inst0 ch0:  R_CMD: ACTCMD    R_r0= 0x22    at time   54683065 ps
inst0 ch0:  R_CMD: ACTCMD    R_f0= 0x02    at time   54683479 ps
inst0 ch0:  R_CMD: ACTCMD    R_r1= 0x00    at time   54683893 ps
inst0 ch0:  R_CMD: ACTCMD    R_f1= 0x00    at time   54684307 ps
inst0 ch0:  R_CMD: ACTCMD    R_r0= 0x22    at time   54684721 ps
inst0 ch0:  R_CMD: ACTCMD    R_f0= 0x0a    at time   54685135 ps
inst0 ch0:  R_CMD: ACTCMD    R_r1= 0x00    at time   54685549 ps
inst0 ch0:  R_CMD: ACTCMD    R_f1= 0x00    at time   54685963 ps
inst0 ch0:  R_CMD: ACTCMD    R_r0= 0x02    at time   54687205 ps
inst0 ch0:  R_CMD: ACTCMD    R_f0= 0x02    at time   54687619 ps
inst0 ch0:  R_CMD: ACTCMD    R_r1= 0x00    at time   54688033 ps
inst0 ch0:  R_CMD: ACTCMD    R_f1= 0x00    at time   54688447 ps
inst0 ch0:  R_CMD: ACTCMD    R_r0= 0x02    at time   54688861 ps
inst0 ch0:  R_CMD: ACTCMD    R_f0= 0x0a    at time   54689275 ps
inst0 ch0:  R_CMD: ACTCMD    R_r1= 0x00    at time   54689689 ps
inst0 ch0:  C_CMD: RDCMD     C_r = 0x0c5   at time   54689689 ps
inst0 ch0:  R_CMD: ACTCMD    R_f1= 0x00    at time   54690103 ps
inst0 ch0:  C_CMD: RDCMD     C_f = 0x000   at time   54690103 ps
inst0 ch0:  C_CMD: RDCMD     C_r = 0x0c5   at time   54691345 ps
inst0 ch0:  C_CMD: RDCMD     C_f = 0x080   at time   54691759 ps
inst0 ch0:  C_CMD: RDCMD     C_r = 0x0cd   at time   54693001 ps
inst0 ch0:  C_CMD: RDCMD     C_f = 0x002   at time   54693415 ps
inst0 ch0:  C_CMD: RDCMD     C_r = 0x085   at time   54694657 ps
inst0 ch0:  C_CMD: RDCMD     C_f = 0x000   at time   54695071 ps
inst0 ch0:  C_CMD: RDCMD     C_r = 0x0cd   at time   54695485 ps
inst0 ch0:  C_CMD: RDCMD     C_f = 0x082   at time   54695899 ps
inst0 ch0:  C_CMD: RDCMD     C_r = 0x085   at time   54697141 ps
inst0 ch0:  C_CMD: RDCMD     C_f = 0x080   at time   54697555 ps
inst0 ch0:  C_CMD: RDCMD     C_r = 0x08d   at time   54697969 ps
inst0 ch0:  C_CMD: RDCMD     C_f = 0x002   at time   54698383 ps
inst0 ch0:  C_CMD: RDCMD     C_r = 0x045   at time   54699625 ps
inst0 ch0:  C_CMD: RDCMD     C_f = 0x000   at time   54700039 ps
inst0 ch0:  C_CMD: RDCMD     C_r = 0x08d   at time   54700453 ps
inst0 ch0:  C_CMD: RDCMD     C_f = 0x082   at time   54700867 ps
inst0 ch0:  C_CMD: RDCMD     C_r = 0x005   at time   54702109 ps
inst0 ch0:  C_CMD: RDCMD     C_f = 0x000   at time   54702523 ps
inst0 ch0:  C_CMD: RDCMD     C_r = 0x045   at time   54702937 ps
inst0 ch0:  C_CMD: RDCMD     C_f = 0x080   at time   54703351 ps
inst0 ch0:  C_CMD: RDCMD     C_r = 0x04d   at time   54703765 ps
inst0 ch0:  C_CMD: RDCMD     C_f = 0x002   at time   54704179 ps
inst0 ch0:  C_CMD: RDCMD     C_r = 0x005   at time   54704593 ps
inst0 ch0:  C_CMD: RDCMD     C_f = 0x080   at time   54705007 ps
inst0 ch0:  C_CMD: RDCMD     C_r = 0x00d   at time   54705421 ps
inst0 ch0:  C_CMD: RDCMD     C_f = 0x002   at time   54705835 ps
inst0 ch0:  C_CMD: RDCMD     C_r = 0x04d   at time   54706249 ps
inst0 ch0:  C_CMD: RDCMD     C_f = 0x082   at time   54706663 ps
inst0 ch0:  C_CMD: RDCMD     C_r = 0x00d   at time   54707905 ps
inst0 ch0:  C_CMD: RDCMD     C_f = 0x082   at time   54708319 ps
inst0 ch0:  R_CMD: ACTCMD    R_r0= 0x2a    at time   54950509 ps
inst0 ch0:  R_CMD: ACTCMD    R_f0= 0x22    at time   54950923 ps
inst0 ch0:  R_CMD: ACTCMD    R_r1= 0x00    at time   54951337 ps
inst0 ch0:  R_CMD: ACTCMD    R_f1= 0x00    at time   54951751 ps
inst0 ch0:  R_CMD: ACTCMD    R_r0= 0x0a    at time   54954649 ps
inst0 ch0:  R_CMD: ACTCMD    R_f0= 0x22    at time   54955063 ps
inst0 ch0:  R_CMD: ACTCMD    R_r1= 0x00    at time   54955477 ps
inst0 ch0:  R_CMD: ACTCMD    R_f1= 0x00    at time   54955891 ps
inst0 ch0:  R_CMD: ACTCMD    R_r0= 0x2a    at time   54958789 ps
inst0 ch0:  R_CMD: ACTCMD    R_f0= 0x02    at time   54959203 ps
inst0 ch0:  R_CMD: ACTCMD    R_r1= 0x00    at time   54959617 ps
inst0 ch0:  R_CMD: ACTCMD    R_f1= 0x00    at time   54960031 ps
inst0 ch0:  C_CMD: RDCMD     C_r = 0x0d5   at time   54965413 ps
inst0 ch0:  C_CMD: RDCMD     C_f = 0x000   at time   54965827 ps
inst0 ch0:  C_CMD: RDCMD     C_r = 0x0dd   at time   54968725 ps
inst0 ch0:  C_CMD: RDCMD     C_f = 0x002   at time   54969139 ps
inst0 ch0:  C_CMD: RDCMD     C_r = 0x095   at time   54970381 ps
inst0 ch0:  C_CMD: RDCMD     C_f = 0x000   at time   54970795 ps
inst0 ch0:  C_CMD: RDCMD     C_r = 0x09d   at time   54973693 ps
inst0 ch0:  C_CMD: RDCMD     C_f = 0x002   at time   54974107 ps
inst0 ch0:  C_CMD: RDCMD     C_r = 0x055   at time   54975349 ps
inst0 ch0:  C_CMD: RDCMD     C_f = 0x000   at time   54975763 ps
inst0 ch0:  C_CMD: RDCMD     C_r = 0x05d   at time   54978661 ps
inst0 ch0:  C_CMD: RDCMD     C_f = 0x002   at time   54979075 ps
inst0 ch0:  R_CMD: ACTCMD    R_r0= 0x0a    at time   55014265 ps
inst0 ch0:  R_CMD: ACTCMD    R_f0= 0x02    at time   55014679 ps
inst0 ch0:  R_CMD: ACTCMD    R_r1= 0x00    at time   55015093 ps
inst0 ch0:  R_CMD: ACTCMD    R_f1= 0x00    at time   55015507 ps
inst0 ch0:  C_CMD: RDCMD     C_r = 0x015   at time   55029169 ps
inst0 ch0:  C_CMD: RDCMD     C_f = 0x000   at time   55029583 ps
inst0 ch0:  C_CMD: RDCMD     C_r = 0x01d   at time   55032481 ps
inst0 ch0:  C_CMD: RDCMD     C_f = 0x002   at time   55032895 ps
inst0 ch0:  R_CMD: ACTCMD    R_r0= 0x2a    at time   55066429 ps
inst0 ch0:  R_CMD: ACTCMD    R_f0= 0x2a    at time   55066843 ps
inst0 ch0:  R_CMD: ACTCMD    R_r1= 0x00    at time   55067257 ps
inst0 ch0:  R_CMD: ACTCMD    R_f1= 0x00    at time   55067671 ps
inst0 ch0:  R_CMD: ACTCMD    R_r0= 0x0a    at time   55070569 ps
inst0 ch0:  R_CMD: ACTCMD    R_f0= 0x2a    at time   55070983 ps
inst0 ch0:  R_CMD: ACTCMD    R_r1= 0x00    at time   55071397 ps
inst0 ch0:  R_CMD: ACTCMD    R_f1= 0x00    at time   55071811 ps
inst0 ch0:  R_CMD: ACTCMD    R_r0= 0x2a    at time   55074709 ps
inst0 ch0:  R_CMD: ACTCMD    R_f0= 0x0a    at time   55075123 ps
inst0 ch0:  R_CMD: ACTCMD    R_r1= 0x00    at time   55075537 ps
inst0 ch0:  R_CMD: ACTCMD    R_f1= 0x00    at time   55075951 ps
inst0 ch0:  R_CMD: ACTCMD    R_r0= 0x0a    at time   55078849 ps
inst0 ch0:  R_CMD: ACTCMD    R_f0= 0x0a    at time   55079263 ps
inst0 ch0:  R_CMD: ACTCMD    R_r1= 0x00    at time   55079677 ps
inst0 ch0:  R_CMD: ACTCMD    R_f1= 0x00    at time   55080091 ps
inst0 ch0:  C_CMD: RDCMD     C_r = 0x0d5   at time   55081333 ps
inst0 ch0:  C_CMD: RDCMD     C_f = 0x080   at time   55081747 ps
inst0 ch0:  C_CMD: RDCMD     C_r = 0x0dd   at time   55084645 ps
inst0 ch0:  C_CMD: RDCMD     C_f = 0x082   at time   55085059 ps
inst0 ch0:  C_CMD: RDCMD     C_r = 0x095   at time   55086301 ps
inst0 ch0:  C_CMD: RDCMD     C_f = 0x080   at time   55086715 ps
inst0 ch0:  C_CMD: RDCMD     C_r = 0x09d   at time   55089613 ps
inst0 ch0:  C_CMD: RDCMD     C_f = 0x082   at time   55090027 ps
inst0 ch0:  C_CMD: RDCMD     C_r = 0x055   at time   55091269 ps
inst0 ch0:  C_CMD: RDCMD     C_f = 0x080   at time   55091683 ps
inst0 ch0:  C_CMD: RDCMD     C_r = 0x015   at time   55093753 ps
inst0 ch0:  C_CMD: RDCMD     C_f = 0x080   at time   55094167 ps
inst0 ch0:  C_CMD: RDCMD     C_r = 0x05d   at time   55095409 ps
inst0 ch0:  C_CMD: RDCMD     C_f = 0x082   at time   55095823 ps
inst0 ch0:  C_CMD: RDCMD     C_r = 0x01d   at time   55097065 ps
inst0 ch0:  C_CMD: RDCMD     C_f = 0x082   at time   55097479 ps
inst0 ch0:  R_CMD: ACTCMD    R_r0= 0x32    at time   55204705 ps
inst0 ch0:  R_CMD: ACTCMD    R_f0= 0x22    at time   55205119 ps
inst0 ch0:  R_CMD: ACTCMD    R_r1= 0x00    at time   55205533 ps
inst0 ch0:  R_CMD: ACTCMD    R_f1= 0x00    at time   55205947 ps
inst0 ch0:  R_CMD: ACTCMD    R_r0= 0x12    at time   55208845 ps
inst0 ch0:  R_CMD: ACTCMD    R_f0= 0x22    at time   55209259 ps
inst0 ch0:  R_CMD: ACTCMD    R_r1= 0x00    at time   55209673 ps
inst0 ch0:  R_CMD: ACTCMD    R_f1= 0x00    at time   55210087 ps
inst0 ch0:  R_CMD: ACTCMD    R_r0= 0x32    at time   55212985 ps
inst0 ch0:  R_CMD: ACTCMD    R_f0= 0x02    at time   55213399 ps
inst0 ch0:  R_CMD: ACTCMD    R_r1= 0x00    at time   55213813 ps
inst0 ch0:  R_CMD: ACTCMD    R_f1= 0x00    at time   55214227 ps
inst0 ch0:  R_CMD: ACTCMD    R_r0= 0x12    at time   55217125 ps
inst0 ch0:  R_CMD: ACTCMD    R_f0= 0x02    at time   55217539 ps
inst0 ch0:  R_CMD: ACTCMD    R_r1= 0x00    at time   55217953 ps
inst0 ch0:  R_CMD: ACTCMD    R_f1= 0x00    at time   55218367 ps
inst0 ch0:  C_CMD: RDCMD     C_r = 0x0e5   at time   55219609 ps
inst0 ch0:  C_CMD: RDCMD     C_f = 0x000   at time   55220023 ps
inst0 ch0:  C_CMD: RDCMD     C_r = 0x0ed   at time   55222921 ps
inst0 ch0:  C_CMD: RDCMD     C_f = 0x002   at time   55223335 ps
inst0 ch0:  C_CMD: RDCMD     C_r = 0x0a5   at time   55224577 ps
inst0 ch0:  C_CMD: RDCMD     C_f = 0x000   at time   55224991 ps
inst0 ch0:  C_CMD: RDCMD     C_r = 0x0ad   at time   55227889 ps
inst0 ch0:  C_CMD: RDCMD     C_f = 0x002   at time   55228303 ps
inst0 ch0:  C_CMD: RDCMD     C_r = 0x065   at time   55229545 ps
inst0 ch0:  C_CMD: RDCMD     C_f = 0x000   at time   55229959 ps
inst0 ch0:  C_CMD: RDCMD     C_r = 0x025   at time   55232029 ps
inst0 ch0:  C_CMD: RDCMD     C_f = 0x000   at time   55232443 ps
inst0 ch0:  C_CMD: RDCMD     C_r = 0x06d   at time   55233685 ps
inst0 ch0:  C_CMD: RDCMD     C_f = 0x002   at time   55234099 ps
inst0 ch0:  C_CMD: RDCMD     C_r = 0x02d   at time   55235341 ps
inst0 ch0:  C_CMD: RDCMD     C_f = 0x002   at time   55235755 ps
inst0 ch0:  R_CMD: ACTCMD    R_r0= 0x32    at time   55262665 ps
inst0 ch0:  R_CMD: ACTCMD    R_f0= 0x2a    at time   55263079 ps
inst0 ch0:  R_CMD: ACTCMD    R_r1= 0x00    at time   55263493 ps
inst0 ch0:  R_CMD: ACTCMD    R_f1= 0x00    at time   55263907 ps
inst0 ch0:  R_CMD: ACTCMD    R_r0= 0x12    at time   55266805 ps
inst0 ch0:  R_CMD: ACTCMD    R_f0= 0x2a    at time   55267219 ps
inst0 ch0:  R_CMD: ACTCMD    R_r1= 0x00    at time   55267633 ps
inst0 ch0:  R_CMD: ACTCMD    R_f1= 0x00    at time   55268047 ps
inst0 ch0:  R_CMD: ACTCMD    R_r0= 0x32    at time   55270945 ps
inst0 ch0:  R_CMD: ACTCMD    R_f0= 0x0a    at time   55271359 ps
inst0 ch0:  R_CMD: ACTCMD    R_r1= 0x00    at time   55271773 ps
inst0 ch0:  R_CMD: ACTCMD    R_f1= 0x00    at time   55272187 ps
inst0 ch0:  R_CMD: ACTCMD    R_r0= 0x12    at time   55275085 ps
inst0 ch0:  R_CMD: ACTCMD    R_f0= 0x0a    at time   55275499 ps
inst0 ch0:  R_CMD: ACTCMD    R_r1= 0x00    at time   55275913 ps
inst0 ch0:  R_CMD: ACTCMD    R_f1= 0x00    at time   55276327 ps
inst0 ch0:  C_CMD: RDCMD     C_r = 0x0e5   at time   55277569 ps
inst0 ch0:  C_CMD: RDCMD     C_f = 0x080   at time   55277983 ps
inst0 ch0:  C_CMD: RDCMD     C_r = 0x0ed   at time   55280881 ps
inst0 ch0:  C_CMD: RDCMD     C_f = 0x082   at time   55281295 ps
inst0 ch0:  C_CMD: RDCMD     C_r = 0x0a5   at time   55282537 ps
inst0 ch0:  C_CMD: RDCMD     C_f = 0x080   at time   55282951 ps
inst0 ch0:  C_CMD: RDCMD     C_r = 0x0ad   at time   55285849 ps
inst0 ch0:  C_CMD: RDCMD     C_f = 0x082   at time   55286263 ps
inst0 ch0:  C_CMD: RDCMD     C_r = 0x065   at time   55287505 ps
inst0 ch0:  C_CMD: RDCMD     C_f = 0x080   at time   55287919 ps
inst0 ch0:  C_CMD: RDCMD     C_r = 0x025   at time   55289989 ps
inst0 ch0:  C_CMD: RDCMD     C_f = 0x080   at time   55290403 ps
inst0 ch0:  C_CMD: RDCMD     C_r = 0x06d   at time   55291645 ps
inst0 ch0:  C_CMD: RDCMD     C_f = 0x082   at time   55292059 ps
inst0 ch0:  C_CMD: RDCMD     C_r = 0x02d   at time   55293301 ps
inst0 ch0:  C_CMD: RDCMD     C_f = 0x082   at time   55293715 ps
inst0 ch0:  R_CMD: ACTCMD    R_r0= 0x3a    at time   55615393 ps
inst0 ch0:  R_CMD: ACTCMD    R_f0= 0x22    at time   55615807 ps
inst0 ch0:  R_CMD: ACTCMD    R_r1= 0x00    at time   55616221 ps
inst0 ch0:  R_CMD: ACTCMD    R_f1= 0x00    at time   55616635 ps
inst0 ch0:  R_CMD: ACTCMD    R_r0= 0x1a    at time   55619533 ps
inst0 ch0:  R_CMD: ACTCMD    R_f0= 0x22    at time   55619947 ps
inst0 ch0:  R_CMD: ACTCMD    R_r1= 0x00    at time   55620361 ps
inst0 ch0:  R_CMD: ACTCMD    R_f1= 0x00    at time   55620775 ps
inst0 ch0:  R_CMD: ACTCMD    R_r0= 0x3a    at time   55623673 ps
inst0 ch0:  R_CMD: ACTCMD    R_f0= 0x02    at time   55624087 ps
inst0 ch0:  R_CMD: ACTCMD    R_r1= 0x00    at time   55624501 ps
inst0 ch0:  R_CMD: ACTCMD    R_f1= 0x00    at time   55624915 ps
inst0 ch0:  R_CMD: ACTCMD    R_r0= 0x1a    at time   55627813 ps
inst0 ch0:  R_CMD: ACTCMD    R_f0= 0x02    at time   55628227 ps
inst0 ch0:  R_CMD: ACTCMD    R_r1= 0x00    at time   55628641 ps
inst0 ch0:  R_CMD: ACTCMD    R_f1= 0x00    at time   55629055 ps
inst0 ch0:  R_CMD: ACTCMD    R_r0= 0x3a    at time   55629469 ps
inst0 ch0:  R_CMD: ACTCMD    R_f0= 0x2a    at time   55629883 ps
inst0 ch0:  R_CMD: ACTCMD    R_r1= 0x00    at time   55630297 ps
inst0 ch0:  C_CMD: RDCMD     C_r = 0x0f5   at time   55630297 ps
inst0 ch0:  R_CMD: ACTCMD    R_f1= 0x00    at time   55630711 ps
inst0 ch0:  C_CMD: RDCMD     C_f = 0x000   at time   55630711 ps
inst0 ch0:  R_CMD: ACTCMD    R_r0= 0x1a    at time   55633609 ps
inst0 ch0:  C_CMD: RDCMD     C_r = 0x0fd   at time   55633609 ps
inst0 ch0:  R_CMD: ACTCMD    R_f0= 0x2a    at time   55634023 ps
inst0 ch0:  C_CMD: RDCMD     C_f = 0x002   at time   55634023 ps
inst0 ch0:  R_CMD: ACTCMD    R_r1= 0x00    at time   55634437 ps
inst0 ch0:  R_CMD: ACTCMD    R_f1= 0x00    at time   55634851 ps
inst0 ch0:  C_CMD: RDCMD     C_r = 0x0b5   at time   55635265 ps
inst0 ch0:  C_CMD: RDCMD     C_f = 0x000   at time   55635679 ps
inst0 ch0:  R_CMD: ACTCMD    R_r0= 0x3a    at time   55637749 ps
inst0 ch0:  R_CMD: ACTCMD    R_f0= 0x0a    at time   55638163 ps
inst0 ch0:  R_CMD: ACTCMD    R_r1= 0x00    at time   55638577 ps
inst0 ch0:  C_CMD: RDCMD     C_r = 0x0bd   at time   55638577 ps
inst0 ch0:  R_CMD: ACTCMD    R_f1= 0x00    at time   55638991 ps
inst0 ch0:  C_CMD: RDCMD     C_f = 0x002   at time   55638991 ps
inst0 ch0:  C_CMD: RDCMD     C_r = 0x075   at time   55640233 ps
inst0 ch0:  C_CMD: RDCMD     C_f = 0x000   at time   55640647 ps
inst0 ch0:  R_CMD: ACTCMD    R_r0= 0x1a    at time   55641889 ps
inst0 ch0:  R_CMD: ACTCMD    R_f0= 0x0a    at time   55642303 ps
inst0 ch0:  R_CMD: ACTCMD    R_r1= 0x00    at time   55642717 ps
inst0 ch0:  C_CMD: RDCMD     C_r = 0x035   at time   55642717 ps
inst0 ch0:  R_CMD: ACTCMD    R_f1= 0x00    at time   55643131 ps
inst0 ch0:  C_CMD: RDCMD     C_f = 0x000   at time   55643131 ps
inst0 ch0:  C_CMD: RDCMD     C_r = 0x07d   at time   55644373 ps
inst0 ch0:  C_CMD: RDCMD     C_f = 0x002   at time   55644787 ps
inst0 ch0:  C_CMD: RDCMD     C_r = 0x0f5   at time   55645201 ps
inst0 ch0:  C_CMD: RDCMD     C_f = 0x080   at time   55645615 ps
inst0 ch0:  C_CMD: RDCMD     C_r = 0x03d   at time   55646029 ps
inst0 ch0:  C_CMD: RDCMD     C_f = 0x002   at time   55646443 ps
inst0 ch0:  C_CMD: RDCMD     C_r = 0x0fd   at time   55648513 ps
inst0 ch0:  C_CMD: RDCMD     C_f = 0x082   at time   55648927 ps
inst0 ch0:  C_CMD: RDCMD     C_r = 0x0b5   at time   55650169 ps
inst0 ch0:  C_CMD: RDCMD     C_f = 0x080   at time   55650583 ps
inst0 ch0:  C_CMD: RDCMD     C_r = 0x075   at time   55652653 ps
inst0 ch0:  C_CMD: RDCMD     C_f = 0x080   at time   55653067 ps
inst0 ch0:  C_CMD: RDCMD     C_r = 0x0bd   at time   55654309 ps
inst0 ch0:  C_CMD: RDCMD     C_f = 0x082   at time   55654723 ps
inst0 ch0:  C_CMD: RDCMD     C_r = 0x07d   at time   55655965 ps
inst0 ch0:  C_CMD: RDCMD     C_f = 0x082   at time   55656379 ps
inst0 ch0:  C_CMD: RDCMD     C_r = 0x035   at time   55657621 ps
inst0 ch0:  C_CMD: RDCMD     C_f = 0x080   at time   55658035 ps
inst0 ch0:  C_CMD: RDCMD     C_r = 0x03d   at time   55660933 ps
inst0 ch0:  C_CMD: RDCMD     C_f = 0x082   at time   55661347 ps
inst0 ch0:  R_CMD: ACTCMD    R_r0= 0x02    at time   56201617 ps
inst0 ch0:  R_CMD: ACTCMD    R_f0= 0x10    at time   56202031 ps
inst0 ch0:  R_CMD: ACTCMD    R_r1= 0x3f    at time   56202445 ps
inst0 ch0:  R_CMD: ACTCMD    R_f1= 0x3b    at time   56202859 ps
inst0 ch0:  R_CMD: ACTCMD    R_r0= 0x02    at time   56208241 ps
inst0 ch0:  R_CMD: ACTCMD    R_f0= 0x18    at time   56208655 ps
inst0 ch0:  R_CMD: ACTCMD    R_r1= 0x3f    at time   56209069 ps
inst0 ch0:  R_CMD: ACTCMD    R_f1= 0x3b    at time   56209483 ps
inst0 ch0:  C_CMD: RDCMD     C_r = 0x005   at time   56216521 ps
inst0 ch0:  C_CMD: RDCMD     C_f = 0x078   at time   56216935 ps
inst0 ch0:  C_CMD: RDCMD     C_r = 0x00d   at time   56219833 ps
inst0 ch0:  C_CMD: RDCMD     C_f = 0x07a   at time   56220247 ps
inst0 ch0:  C_CMD: RDCMD     C_r = 0x005   at time   56223145 ps
inst0 ch0:  C_CMD: RDCMD     C_f = 0x0f8   at time   56223559 ps
inst0 ch0:  C_CMD: RDCMD     C_r = 0x00d   at time   56226457 ps
inst0 ch0:  C_CMD: RDCMD     C_f = 0x0fa   at time   56226871 ps
inst0 ch0:  R_CMD: ACTCMD    R_r0= 0x02    at time   56271997 ps
inst0 ch0:  R_CMD: ACTCMD    R_f0= 0x10    at time   56272411 ps
inst0 ch0:  R_CMD: ACTCMD    R_r1= 0x3f    at time   56272825 ps
inst0 ch0:  R_CMD: ACTCMD    R_f1= 0x3b    at time   56273239 ps
inst0 ch0:  R_CMD: ACTCMD    R_r0= 0x02    at time   56278621 ps
inst0 ch0:  R_CMD: ACTCMD    R_f0= 0x18    at time   56279035 ps
inst0 ch0:  R_CMD: ACTCMD    R_r1= 0x3f    at time   56279449 ps
inst0 ch0:  R_CMD: ACTCMD    R_f1= 0x3b    at time   56279863 ps
inst0 ch0:  C_CMD: WRCMD     C_r = 0x001   at time   56282761 ps
inst0 ch0:  C_CMD: WRCMD     C_f = 0x078   at time   56283175 ps
inst0 ch0:  C_CMD: WRCMD     C_r = 0x009   at time   56286073 ps
inst0 ch0:  C_CMD: WRCMD     C_f = 0x07a   at time   56286487 ps
inst0 ch0:  C_CMD: WRCMD     C_r = 0x001   at time   56289385 ps
inst0 ch0:  C_CMD: WRCMD     C_f = 0x0f8   at time   56289799 ps
inst0 ch0:  C_CMD: WRCMD     C_r = 0x009   at time   56292697 ps
inst0 ch0:  C_CMD: WRCMD     C_f = 0x0fa   at time   56293111 ps
inst0 ch0:  R_CMD: ACTCMD    R_r0= 0x0a    at time   56453329 ps
inst0 ch0:  R_CMD: ACTCMD    R_f0= 0x10    at time   56453743 ps
inst0 ch0:  R_CMD: ACTCMD    R_r1= 0x3f    at time   56454157 ps
inst0 ch0:  R_CMD: ACTCMD    R_f1= 0x3b    at time   56454571 ps
inst0 ch0:  C_CMD: RDCMD     C_r = 0x015   at time   56468233 ps
inst0 ch0:  C_CMD: RDCMD     C_f = 0x078   at time   56468647 ps
inst0 ch0:  C_CMD: RDCMD     C_r = 0x01d   at time   56471545 ps
inst0 ch0:  C_CMD: RDCMD     C_f = 0x07a   at time   56471959 ps
inst0 ch0:  R_CMD: ACTCMD    R_r0= 0x0a    at time   56512945 ps
inst0 ch0:  R_CMD: ACTCMD    R_f0= 0x18    at time   56513359 ps
inst0 ch0:  R_CMD: ACTCMD    R_r1= 0x3f    at time   56513773 ps
inst0 ch0:  R_CMD: ACTCMD    R_f1= 0x3b    at time   56514187 ps
inst0 ch0:  R_CMD: ACTCMD    R_r0= 0x0a    at time   56523709 ps
inst0 ch0:  R_CMD: ACTCMD    R_f0= 0x10    at time   56524123 ps
inst0 ch0:  R_CMD: ACTCMD    R_r1= 0x3f    at time   56524537 ps
inst0 ch0:  R_CMD: ACTCMD    R_f1= 0x3b    at time   56524951 ps
inst0 ch0:  C_CMD: RDCMD     C_r = 0x015   at time   56527849 ps
inst0 ch0:  C_CMD: RDCMD     C_f = 0x0f8   at time   56528263 ps
inst0 ch0:  C_CMD: RDCMD     C_r = 0x01d   at time   56531161 ps
inst0 ch0:  C_CMD: RDCMD     C_f = 0x0fa   at time   56531575 ps
inst0 ch0:  C_CMD: WRCMD     C_r = 0x011   at time   56534473 ps
inst0 ch0:  C_CMD: WRCMD     C_f = 0x078   at time   56534887 ps
inst0 ch0:  C_CMD: WRCMD     C_r = 0x019   at time   56537785 ps
inst0 ch0:  C_CMD: WRCMD     C_f = 0x07a   at time   56538199 ps
inst0 ch0:  R_CMD: ACTCMD    R_r0= 0x0a    at time   56583325 ps
inst0 ch0:  R_CMD: ACTCMD    R_f0= 0x18    at time   56583739 ps
inst0 ch0:  R_CMD: ACTCMD    R_r1= 0x3f    at time   56584153 ps
inst0 ch0:  R_CMD: ACTCMD    R_f1= 0x3b    at time   56584567 ps
inst0 ch0:  C_CMD: WRCMD     C_r = 0x011   at time   56594089 ps
inst0 ch0:  C_CMD: WRCMD     C_f = 0x0f8   at time   56594503 ps
inst0 ch0:  C_CMD: WRCMD     C_r = 0x019   at time   56597401 ps
inst0 ch0:  C_CMD: WRCMD     C_f = 0x0fa   at time   56597815 ps
inst0 ch0:  R_CMD: ACTCMD    R_r0= 0x02    at time   56636317 ps
inst0 ch0:  R_CMD: ACTCMD    R_f0= 0x30    at time   56636731 ps
inst0 ch0:  R_CMD: ACTCMD    R_r1= 0x3f    at time   56637145 ps
inst0 ch0:  R_CMD: ACTCMD    R_f1= 0x3b    at time   56637559 ps
inst0 ch0:  C_CMD: RDCMD     C_r = 0x085   at time   56651221 ps
inst0 ch0:  C_CMD: RDCMD     C_f = 0x078   at time   56651635 ps
inst0 ch0:  C_CMD: RDCMD     C_r = 0x08d   at time   56654533 ps
inst0 ch0:  C_CMD: RDCMD     C_f = 0x07a   at time   56654947 ps
inst0 ch0:  R_CMD: ACTCMD    R_r0= 0x02    at time   56696761 ps
inst0 ch0:  R_CMD: ACTCMD    R_f0= 0x38    at time   56697175 ps
inst0 ch0:  R_CMD: ACTCMD    R_r1= 0x3f    at time   56697589 ps
inst0 ch0:  R_CMD: ACTCMD    R_f1= 0x3b    at time   56698003 ps
inst0 ch0:  R_CMD: ACTCMD    R_r0= 0x02    at time   56706697 ps
inst0 ch0:  R_CMD: ACTCMD    R_f0= 0x30    at time   56707111 ps
inst0 ch0:  R_CMD: ACTCMD    R_r1= 0x3f    at time   56707525 ps
inst0 ch0:  R_CMD: ACTCMD    R_f1= 0x3b    at time   56707939 ps
inst0 ch0:  C_CMD: RDCMD     C_r = 0x085   at time   56711665 ps
inst0 ch0:  C_CMD: RDCMD     C_f = 0x0f8   at time   56712079 ps
inst0 ch0:  C_CMD: RDCMD     C_r = 0x08d   at time   56714977 ps
inst0 ch0:  C_CMD: RDCMD     C_f = 0x0fa   at time   56715391 ps
inst0 ch0:  C_CMD: WRCMD     C_r = 0x081   at time   56717461 ps
inst0 ch0:  C_CMD: WRCMD     C_f = 0x078   at time   56717875 ps
inst0 ch0:  C_CMD: WRCMD     C_r = 0x089   at time   56720773 ps
inst0 ch0:  C_CMD: WRCMD     C_f = 0x07a   at time   56721187 ps
inst0 ch0:  R_CMD: ACTCMD    R_r0= 0x02    at time   56878093 ps
inst0 ch0:  R_CMD: ACTCMD    R_f0= 0x38    at time   56878507 ps
inst0 ch0:  R_CMD: ACTCMD    R_r1= 0x3f    at time   56878921 ps
inst0 ch0:  R_CMD: ACTCMD    R_f1= 0x3b    at time   56879335 ps
inst0 ch0:  C_CMD: WRCMD     C_r = 0x081   at time   56888857 ps
inst0 ch0:  C_CMD: WRCMD     C_f = 0x0f8   at time   56889271 ps
inst0 ch0:  C_CMD: WRCMD     C_r = 0x089   at time   56892169 ps
inst0 ch0:  C_CMD: WRCMD     C_f = 0x0fa   at time   56892583 ps
inst0 ch0:  R_CMD: ACTCMD    R_r0= 0x0a    at time   57098341 ps
inst0 ch0:  R_CMD: ACTCMD    R_f0= 0x30    at time   57098755 ps
inst0 ch0:  R_CMD: ACTCMD    R_r1= 0x3f    at time   57099169 ps
inst0 ch0:  R_CMD: ACTCMD    R_f1= 0x3b    at time   57099583 ps
inst0 ch0:  R_CMD: ACTCMD    R_r0= 0x0a    at time   57099997 ps
inst0 ch0:  R_CMD: ACTCMD    R_f0= 0x38    at time   57100411 ps
inst0 ch0:  R_CMD: ACTCMD    R_r1= 0x3f    at time   57100825 ps
inst0 ch0:  R_CMD: ACTCMD    R_f1= 0x3b    at time   57101239 ps
inst0 ch0:  C_CMD: RDCMD     C_r = 0x095   at time   57113245 ps
inst0 ch0:  C_CMD: RDCMD     C_f = 0x078   at time   57113659 ps
inst0 ch0:  C_CMD: RDCMD     C_r = 0x095   at time   57114901 ps
inst0 ch0:  C_CMD: RDCMD     C_f = 0x0f8   at time   57115315 ps
inst0 ch0:  C_CMD: RDCMD     C_r = 0x09d   at time   57116557 ps
inst0 ch0:  C_CMD: RDCMD     C_f = 0x07a   at time   57116971 ps
inst0 ch0:  C_CMD: RDCMD     C_r = 0x09d   at time   57118213 ps
inst0 ch0:  C_CMD: RDCMD     C_f = 0x0fa   at time   57118627 ps
inst0 ch0:  R_CMD: ACTCMD    R_r0= 0x0a    at time   57170377 ps
inst0 ch0:  R_CMD: ACTCMD    R_f0= 0x38    at time   57170791 ps
inst0 ch0:  R_CMD: ACTCMD    R_r1= 0x3f    at time   57171205 ps
inst0 ch0:  R_CMD: ACTCMD    R_f1= 0x3b    at time   57171619 ps
inst0 ch0:  R_CMD: ACTCMD    R_r0= 0x0a    at time   57172033 ps
inst0 ch0:  R_CMD: ACTCMD    R_f0= 0x30    at time   57172447 ps
inst0 ch0:  R_CMD: ACTCMD    R_r1= 0x3f    at time   57172861 ps
inst0 ch0:  R_CMD: ACTCMD    R_f1= 0x3b    at time   57173275 ps
inst0 ch0:  C_CMD: WRCMD     C_r = 0x091   at time   57181141 ps
inst0 ch0:  C_CMD: WRCMD     C_f = 0x0f8   at time   57181555 ps
inst0 ch0:  C_CMD: WRCMD     C_r = 0x091   at time   57182797 ps
inst0 ch0:  C_CMD: WRCMD     C_f = 0x078   at time   57183211 ps
inst0 ch0:  C_CMD: WRCMD     C_r = 0x099   at time   57184453 ps
inst0 ch0:  C_CMD: WRCMD     C_f = 0x0fa   at time   57184867 ps
inst0 ch0:  C_CMD: WRCMD     C_r = 0x099   at time   57186109 ps
inst0 ch0:  C_CMD: WRCMD     C_f = 0x07a   at time   57186523 ps
inst0 ch0:  R_CMD: ACTCMD    R_r0= 0x16    at time   57892393 ps
inst0 ch0:  R_CMD: ACTCMD    R_f0= 0x00    at time   57892807 ps
inst0 ch0:  R_CMD: ACTCMD    R_r1= 0x00    at time   57893221 ps
inst0 ch0:  R_CMD: ACTCMD    R_f1= 0x02    at time   57893635 ps
inst0 ch0:  C_CMD: RDCMD     C_r = 0x025   at time   57907297 ps
inst0 ch0:  C_CMD: RDCMD     C_f = 0x021   at time   57907711 ps
inst0 ch0:  C_CMD: RDCMD     C_r = 0x02d   at time   57910609 ps
inst0 ch0:  C_CMD: RDCMD     C_f = 0x023   at time   57911023 ps
inst0 ch0:  R_CMD: ACTCMD    R_r0= 0x16    at time   58038121 ps
inst0 ch0:  R_CMD: ACTCMD    R_f0= 0x00    at time   58038535 ps
inst0 ch0:  R_CMD: ACTCMD    R_r1= 0x00    at time   58038949 ps
inst0 ch0:  R_CMD: ACTCMD    R_f1= 0x02    at time   58039363 ps
inst0 ch0:  C_CMD: RDCMD     C_r = 0x025   at time   58053025 ps
inst0 ch0:  C_CMD: RDCMD     C_f = 0x021   at time   58053439 ps
inst0 ch0:  C_CMD: RDCMD     C_r = 0x02d   at time   58056337 ps
inst0 ch0:  C_CMD: RDCMD     C_f = 0x023   at time   58056751 ps
inst0 ch0:  R_CMD: ACTCMD    R_r0= 0x16    at time   58186333 ps
inst0 ch0:  R_CMD: ACTCMD    R_f0= 0x00    at time   58186747 ps
inst0 ch0:  R_CMD: ACTCMD    R_r1= 0x00    at time   58187161 ps
inst0 ch0:  R_CMD: ACTCMD    R_f1= 0x02    at time   58187575 ps
inst0 ch0:  C_CMD: RDCMD     C_r = 0x025   at time   58201237 ps
inst0 ch0:  C_CMD: RDCMD     C_f = 0x021   at time   58201651 ps
inst0 ch0:  C_CMD: RDCMD     C_r = 0x02d   at time   58204549 ps
inst0 ch0:  C_CMD: RDCMD     C_f = 0x023   at time   58204963 ps
inst0 ch0:  R_CMD: ACTCMD    R_r0= 0x16    at time   58440529 ps
inst0 ch0:  R_CMD: ACTCMD    R_f0= 0x00    at time   58440943 ps
inst0 ch0:  R_CMD: ACTCMD    R_r1= 0x00    at time   58441357 ps
inst0 ch0:  R_CMD: ACTCMD    R_f1= 0x02    at time   58441771 ps
inst0 ch0:  C_CMD: RDCMD     C_r = 0x025   at time   58455433 ps
inst0 ch0:  C_CMD: RDCMD     C_f = 0x021   at time   58455847 ps
inst0 ch0:  C_CMD: RDCMD     C_r = 0x02d   at time   58458745 ps
inst0 ch0:  C_CMD: RDCMD     C_f = 0x023   at time   58459159 ps
inst0 ch0:  R_CMD: ACTCMD    R_r0= 0x0a    at time   58469509 ps
inst0 ch0:  R_CMD: ACTCMD    R_f0= 0x1b    at time   58469923 ps
inst0 ch0:  R_CMD: ACTCMD    R_r1= 0x3f    at time   58470337 ps
inst0 ch0:  R_CMD: ACTCMD    R_f1= 0x3b    at time   58470751 ps
inst0 ch0:  C_CMD: RDCMD     C_r = 0x015   at time   58484413 ps
inst0 ch0:  C_CMD: RDCMD     C_f = 0x090   at time   58484827 ps
inst0 ch0:  C_CMD: RDCMD     C_r = 0x01d   at time   58487725 ps
inst0 ch0:  C_CMD: RDCMD     C_f = 0x092   at time   58488139 ps
inst0 ch0:  R_CMD: ACTCMD    R_r0= 0x0a    at time   58542373 ps
inst0 ch0:  R_CMD: ACTCMD    R_f0= 0x1b    at time   58542787 ps
inst0 ch0:  R_CMD: ACTCMD    R_r1= 0x3f    at time   58543201 ps
inst0 ch0:  R_CMD: ACTCMD    R_f1= 0x3b    at time   58543615 ps
inst0 ch0:  C_CMD: WRCMD     C_r = 0x011   at time   58553137 ps
inst0 ch0:  C_CMD: WRCMD     C_f = 0x090   at time   58553551 ps
inst0 ch0:  C_CMD: WRCMD     C_r = 0x019   at time   58556449 ps
inst0 ch0:  C_CMD: WRCMD     C_f = 0x092   at time   58556863 ps
inst0 ch0:  R_CMD: ACTCMD    R_r0= 0x16    at time   58601161 ps
inst0 ch0:  R_CMD: ACTCMD    R_f0= 0x00    at time   58601575 ps
inst0 ch0:  R_CMD: ACTCMD    R_r1= 0x00    at time   58601989 ps
inst0 ch0:  R_CMD: ACTCMD    R_f1= 0x02    at time   58602403 ps
inst0 ch0:  C_CMD: RDCMD     C_r = 0x025   at time   58616065 ps
inst0 ch0:  C_CMD: RDCMD     C_f = 0x021   at time   58616479 ps
inst0 ch0:  C_CMD: RDCMD     C_r = 0x02d   at time   58619377 ps
inst0 ch0:  C_CMD: RDCMD     C_f = 0x023   at time   58619791 ps
inst0 ch0:  R_CMD: ACTCMD    R_r0= 0x16    at time   58762621 ps
inst0 ch0:  R_CMD: ACTCMD    R_f0= 0x00    at time   58763035 ps
inst0 ch0:  R_CMD: ACTCMD    R_r1= 0x00    at time   58763449 ps
inst0 ch0:  R_CMD: ACTCMD    R_f1= 0x02    at time   58763863 ps
inst0 ch0:  R_CMD: ACTCMD    R_r0= 0x0a    at time   58766761 ps
inst0 ch0:  R_CMD: ACTCMD    R_f0= 0x13    at time   58767175 ps
inst0 ch0:  R_CMD: ACTCMD    R_r1= 0x3f    at time   58767589 ps
inst0 ch0:  R_CMD: ACTCMD    R_f1= 0x3b    at time   58768003 ps
inst0 ch0:  C_CMD: RDCMD     C_r = 0x025   at time   58777525 ps
inst0 ch0:  C_CMD: RDCMD     C_f = 0x021   at time   58777939 ps
inst0 ch0:  C_CMD: RDCMD     C_r = 0x02d   at time   58780837 ps
inst0 ch0:  C_CMD: RDCMD     C_f = 0x023   at time   58781251 ps
inst0 ch0:  C_CMD: RDCMD     C_r = 0x015   at time   58784149 ps
inst0 ch0:  C_CMD: RDCMD     C_f = 0x010   at time   58784563 ps
inst0 ch0:  C_CMD: RDCMD     C_r = 0x01d   at time   58787461 ps
inst0 ch0:  C_CMD: RDCMD     C_f = 0x012   at time   58787875 ps
inst0 ch0:  R_CMD: ACTCMD    R_r0= 0x0a    at time   58839625 ps
inst0 ch0:  R_CMD: ACTCMD    R_f0= 0x13    at time   58840039 ps
inst0 ch0:  R_CMD: ACTCMD    R_r1= 0x3f    at time   58840453 ps
inst0 ch0:  R_CMD: ACTCMD    R_f1= 0x3b    at time   58840867 ps
inst0 ch0:  C_CMD: WRCMD     C_r = 0x011   at time   58850389 ps
inst0 ch0:  C_CMD: WRCMD     C_f = 0x010   at time   58850803 ps
inst0 ch0:  C_CMD: WRCMD     C_r = 0x019   at time   58853701 ps
inst0 ch0:  C_CMD: WRCMD     C_f = 0x012   at time   58854115 ps
inst0 ch0:  R_CMD: ACTCMD    R_r0= 0x0a    at time   58930705 ps
inst0 ch0:  R_CMD: ACTCMD    R_f0= 0x13    at time   58931119 ps
inst0 ch0:  R_CMD: ACTCMD    R_r1= 0x3f    at time   58931533 ps
inst0 ch0:  R_CMD: ACTCMD    R_f1= 0x3b    at time   58931947 ps
inst0 ch0:  R_CMD: ACTCMD    R_r0= 0x0a    at time   58944781 ps
inst0 ch0:  R_CMD: ACTCMD    R_f0= 0x1b    at time   58945195 ps
inst0 ch0:  R_CMD: ACTCMD    R_r1= 0x3f    at time   58945609 ps
inst0 ch0:  C_CMD: RDCMD     C_r = 0x015   at time   58945609 ps
inst0 ch0:  R_CMD: ACTCMD    R_f1= 0x3b    at time   58946023 ps
inst0 ch0:  C_CMD: RDCMD     C_f = 0x010   at time   58946023 ps
inst0 ch0:  C_CMD: RDCMD     C_r = 0x01d   at time   58948921 ps
inst0 ch0:  C_CMD: RDCMD     C_f = 0x012   at time   58949335 ps
inst0 ch0:  C_CMD: RDCMD     C_r = 0x015   at time   58959685 ps
inst0 ch0:  C_CMD: RDCMD     C_f = 0x090   at time   58960099 ps
inst0 ch0:  C_CMD: RDCMD     C_r = 0x01d   at time   58962997 ps
inst0 ch0:  C_CMD: RDCMD     C_f = 0x092   at time   58963411 ps
inst0 ch0:  R_CMD: ACTCMD    R_r0= 0x0a    at time   58998601 ps
inst0 ch0:  R_CMD: ACTCMD    R_f0= 0x13    at time   58999015 ps
inst0 ch0:  R_CMD: ACTCMD    R_r1= 0x3f    at time   58999429 ps
inst0 ch0:  R_CMD: ACTCMD    R_f1= 0x3b    at time   58999843 ps
inst0 ch0:  R_CMD: ACTCMD    R_r0= 0x16    at time   59002741 ps
inst0 ch0:  R_CMD: ACTCMD    R_f0= 0x00    at time   59003155 ps
inst0 ch0:  R_CMD: ACTCMD    R_r1= 0x00    at time   59003569 ps
inst0 ch0:  R_CMD: ACTCMD    R_f1= 0x02    at time   59003983 ps
inst0 ch0:  R_CMD: ACTCMD    R_r0= 0x0a    at time   59015161 ps
inst0 ch0:  R_CMD: ACTCMD    R_f0= 0x1b    at time   59015575 ps
inst0 ch0:  R_CMD: ACTCMD    R_r1= 0x3f    at time   59015989 ps
inst0 ch0:  R_CMD: ACTCMD    R_f1= 0x3b    at time   59016403 ps
inst0 ch0:  C_CMD: RDCMD     C_r = 0x025   at time   59017645 ps
inst0 ch0:  C_CMD: RDCMD     C_f = 0x021   at time   59018059 ps
inst0 ch0:  C_CMD: RDCMD     C_r = 0x02d   at time   59020957 ps
inst0 ch0:  C_CMD: RDCMD     C_f = 0x023   at time   59021371 ps
inst0 ch0:  C_CMD: WRCMD     C_r = 0x011   at time   59025925 ps
inst0 ch0:  C_CMD: WRCMD     C_f = 0x090   at time   59026339 ps
inst0 ch0:  C_CMD: WRCMD     C_r = 0x019   at time   59029237 ps
inst0 ch0:  C_CMD: WRCMD     C_f = 0x092   at time   59029651 ps
inst0 ch0:  C_CMD: WRCMD     C_r = 0x011   at time   59041657 ps
inst0 ch0:  C_CMD: WRCMD     C_f = 0x010   at time   59042071 ps
inst0 ch0:  C_CMD: WRCMD     C_r = 0x019   at time   59044969 ps
inst0 ch0:  C_CMD: WRCMD     C_f = 0x012   at time   59045383 ps
inst0 ch0:  R_CMD: ACTCMD    R_r0= 0x16    at time   59450689 ps
inst0 ch0:  R_CMD: ACTCMD    R_f0= 0x00    at time   59451103 ps
inst0 ch0:  R_CMD: ACTCMD    R_r1= 0x00    at time   59451517 ps
inst0 ch0:  R_CMD: ACTCMD    R_f1= 0x02    at time   59451931 ps
inst0 ch0:  C_CMD: RDCMD     C_r = 0x025   at time   59465593 ps
inst0 ch0:  C_CMD: RDCMD     C_f = 0x021   at time   59466007 ps
inst0 ch0:  C_CMD: RDCMD     C_r = 0x02d   at time   59468905 ps
inst0 ch0:  C_CMD: RDCMD     C_f = 0x023   at time   59469319 ps
inst0 ch0:  R_CMD: ACTCMD    R_r0= 0x16    at time   59631193 ps
inst0 ch0:  R_CMD: ACTCMD    R_f0= 0x00    at time   59631607 ps
inst0 ch0:  R_CMD: ACTCMD    R_r1= 0x00    at time   59632021 ps
inst0 ch0:  R_CMD: ACTCMD    R_f1= 0x02    at time   59632435 ps
inst0 ch0:  C_CMD: RDCMD     C_r = 0x025   at time   59646097 ps
inst0 ch0:  C_CMD: RDCMD     C_f = 0x021   at time   59646511 ps
inst0 ch0:  C_CMD: RDCMD     C_r = 0x02d   at time   59649409 ps
inst0 ch0:  C_CMD: RDCMD     C_f = 0x023   at time   59649823 ps
inst0 ch0:  R_CMD: ACTCMD    R_r0= 0x16    at time   59833225 ps
inst0 ch0:  R_CMD: ACTCMD    R_f0= 0x00    at time   59833639 ps
inst0 ch0:  R_CMD: ACTCMD    R_r1= 0x00    at time   59834053 ps
inst0 ch0:  R_CMD: ACTCMD    R_f1= 0x02    at time   59834467 ps
inst0 ch0:  C_CMD: RDCMD     C_r = 0x025   at time   59848129 ps
inst0 ch0:  C_CMD: RDCMD     C_f = 0x021   at time   59848543 ps
inst0 ch0:  C_CMD: RDCMD     C_r = 0x02d   at time   59851441 ps
inst0 ch0:  C_CMD: RDCMD     C_f = 0x023   at time   59851855 ps
inst0 ch0:  R_CMD: ACTCMD    R_r0= 0x02    at time   59996341 ps
inst0 ch0:  R_CMD: ACTCMD    R_f0= 0x13    at time   59996755 ps
inst0 ch0:  R_CMD: ACTCMD    R_r1= 0x3f    at time   59997169 ps
inst0 ch0:  R_CMD: ACTCMD    R_f1= 0x3b    at time   59997583 ps
inst0 ch0:  C_CMD: RDCMD     C_r = 0x005   at time   60011245 ps
inst0 ch0:  C_CMD: RDCMD     C_f = 0x000   at time   60011659 ps
inst0 ch0:  R_CMD: ACTCMD    R_r0= 0x16    at time   60013729 ps
inst0 ch0:  R_CMD: ACTCMD    R_f0= 0x00    at time   60014143 ps
inst0 ch0:  R_CMD: ACTCMD    R_r1= 0x00    at time   60014557 ps
inst0 ch0:  C_CMD: RDCMD     C_r = 0x00d   at time   60014557 ps
inst0 ch0:  R_CMD: ACTCMD    R_f1= 0x02    at time   60014971 ps
inst0 ch0:  C_CMD: RDCMD     C_f = 0x002   at time   60014971 ps
inst0 ch0:  C_CMD: RDCMD     C_r = 0x025   at time   60028633 ps
inst0 ch0:  C_CMD: RDCMD     C_f = 0x021   at time   60029047 ps
inst0 ch0:  C_CMD: RDCMD     C_r = 0x02d   at time   60031945 ps
inst0 ch0:  C_CMD: RDCMD     C_f = 0x023   at time   60032359 ps
inst0 ch0:  R_CMD: ACTCMD    R_r0= 0x02    at time   60069205 ps
inst0 ch0:  R_CMD: ACTCMD    R_f0= 0x13    at time   60069619 ps
inst0 ch0:  R_CMD: ACTCMD    R_r1= 0x3f    at time   60070033 ps
inst0 ch0:  R_CMD: ACTCMD    R_f1= 0x3b    at time   60070447 ps
inst0 ch0:  C_CMD: WRCMD     C_r = 0x001   at time   60079969 ps
inst0 ch0:  C_CMD: WRCMD     C_f = 0x000   at time   60080383 ps
inst0 ch0:  C_CMD: WRCMD     C_r = 0x009   at time   60083281 ps
inst0 ch0:  C_CMD: WRCMD     C_f = 0x002   at time   60083695 ps
inst0 ch0:  R_CMD: ACTCMD    R_r0= 0x16    at time   60219901 ps
inst0 ch0:  R_CMD: ACTCMD    R_f0= 0x00    at time   60220315 ps
inst0 ch0:  R_CMD: ACTCMD    R_r1= 0x00    at time   60220729 ps
inst0 ch0:  R_CMD: ACTCMD    R_f1= 0x02    at time   60221143 ps
inst0 ch0:  C_CMD: RDCMD     C_r = 0x025   at time   60234805 ps
inst0 ch0:  C_CMD: RDCMD     C_f = 0x021   at time   60235219 ps
inst0 ch0:  C_CMD: RDCMD     C_r = 0x02d   at time   60238117 ps
inst0 ch0:  C_CMD: RDCMD     C_f = 0x023   at time   60238531 ps
inst0 ch0:  R_CMD: ACTCMD    R_r0= 0x02    at time   60339961 ps
inst0 ch0:  R_CMD: ACTCMD    R_f0= 0x13    at time   60340375 ps
inst0 ch0:  R_CMD: ACTCMD    R_r1= 0x3f    at time   60340789 ps
inst0 ch0:  R_CMD: ACTCMD    R_f1= 0x3b    at time   60341203 ps
inst0 ch0:  C_CMD: RDCMD     C_r = 0x005   at time   60354865 ps
inst0 ch0:  C_CMD: RDCMD     C_f = 0x000   at time   60355279 ps
inst0 ch0:  C_CMD: RDCMD     C_r = 0x00d   at time   60358177 ps
inst0 ch0:  C_CMD: RDCMD     C_f = 0x002   at time   60358591 ps
inst0 ch0:  R_CMD: ACTCMD    R_r0= 0x02    at time   60363145 ps
inst0 ch0:  R_CMD: ACTCMD    R_f0= 0x1b    at time   60363559 ps
inst0 ch0:  R_CMD: ACTCMD    R_r1= 0x3f    at time   60363973 ps
inst0 ch0:  R_CMD: ACTCMD    R_f1= 0x3b    at time   60364387 ps
inst0 ch0:  R_CMD: ACTCMD    R_r0= 0x16    at time   60365629 ps
inst0 ch0:  R_CMD: ACTCMD    R_f0= 0x00    at time   60366043 ps
inst0 ch0:  R_CMD: ACTCMD    R_r1= 0x00    at time   60366457 ps
inst0 ch0:  R_CMD: ACTCMD    R_f1= 0x02    at time   60366871 ps
inst0 ch0:  C_CMD: RDCMD     C_r = 0x005   at time   60378049 ps
inst0 ch0:  C_CMD: RDCMD     C_f = 0x080   at time   60378463 ps
inst0 ch0:  C_CMD: RDCMD     C_r = 0x00d   at time   60381361 ps
inst0 ch0:  C_CMD: RDCMD     C_f = 0x082   at time   60381775 ps
inst0 ch0:  C_CMD: RDCMD     C_r = 0x025   at time   60382189 ps
inst0 ch0:  C_CMD: RDCMD     C_f = 0x021   at time   60382603 ps
inst0 ch0:  C_CMD: RDCMD     C_r = 0x02d   at time   60385501 ps
inst0 ch0:  C_CMD: RDCMD     C_f = 0x023   at time   60385915 ps
inst0 ch0:  R_CMD: ACTCMD    R_r0= 0x02    at time   60412825 ps
inst0 ch0:  R_CMD: ACTCMD    R_f0= 0x13    at time   60413239 ps
inst0 ch0:  R_CMD: ACTCMD    R_r1= 0x3f    at time   60413653 ps
inst0 ch0:  R_CMD: ACTCMD    R_f1= 0x3b    at time   60414067 ps
inst0 ch0:  C_CMD: WRCMD     C_r = 0x001   at time   60423589 ps
inst0 ch0:  C_CMD: WRCMD     C_f = 0x000   at time   60424003 ps
inst0 ch0:  C_CMD: WRCMD     C_r = 0x009   at time   60426901 ps
inst0 ch0:  C_CMD: WRCMD     C_f = 0x002   at time   60427315 ps
inst0 ch0:  R_CMD: ACTCMD    R_r0= 0x02    at time   60433525 ps
inst0 ch0:  R_CMD: ACTCMD    R_f0= 0x1b    at time   60433939 ps
inst0 ch0:  R_CMD: ACTCMD    R_r1= 0x3f    at time   60434353 ps
inst0 ch0:  R_CMD: ACTCMD    R_f1= 0x3b    at time   60434767 ps
inst0 ch0:  C_CMD: WRCMD     C_r = 0x001   at time   60444289 ps
inst0 ch0:  C_CMD: WRCMD     C_f = 0x080   at time   60444703 ps
inst0 ch0:  C_CMD: WRCMD     C_r = 0x009   at time   60447601 ps
inst0 ch0:  C_CMD: WRCMD     C_f = 0x082   at time   60448015 ps
inst0 ch0:  R_CMD: ACTCMD    R_r0= 0x02    at time   60541993 ps
inst0 ch0:  R_CMD: ACTCMD    R_f0= 0x1b    at time   60542407 ps
inst0 ch0:  R_CMD: ACTCMD    R_r1= 0x3f    at time   60542821 ps
inst0 ch0:  R_CMD: ACTCMD    R_f1= 0x3b    at time   60543235 ps
inst0 ch0:  C_CMD: RDCMD     C_r = 0x005   at time   60556897 ps
inst0 ch0:  C_CMD: RDCMD     C_f = 0x080   at time   60557311 ps
inst0 ch0:  C_CMD: RDCMD     C_r = 0x00d   at time   60560209 ps
inst0 ch0:  C_CMD: RDCMD     C_f = 0x082   at time   60560623 ps
inst0 ch0:  R_CMD: ACTCMD    R_r0= 0x16    at time   60561037 ps
inst0 ch0:  R_CMD: ACTCMD    R_f0= 0x00    at time   60561451 ps
inst0 ch0:  R_CMD: ACTCMD    R_r1= 0x00    at time   60561865 ps
inst0 ch0:  R_CMD: ACTCMD    R_f1= 0x02    at time   60562279 ps
inst0 ch0:  C_CMD: RDCMD     C_r = 0x025   at time   60575941 ps
inst0 ch0:  C_CMD: RDCMD     C_f = 0x021   at time   60576355 ps
inst0 ch0:  C_CMD: RDCMD     C_r = 0x02d   at time   60579253 ps
inst0 ch0:  C_CMD: RDCMD     C_f = 0x023   at time   60579667 ps
inst0 ch0:  R_CMD: ACTCMD    R_r0= 0x02    at time   60609889 ps
inst0 ch0:  R_CMD: ACTCMD    R_f0= 0x1b    at time   60610303 ps
inst0 ch0:  R_CMD: ACTCMD    R_r1= 0x3f    at time   60610717 ps
inst0 ch0:  R_CMD: ACTCMD    R_f1= 0x3b    at time   60611131 ps
inst0 ch0:  C_CMD: WRCMD     C_r = 0x001   at time   60620653 ps
inst0 ch0:  C_CMD: WRCMD     C_f = 0x080   at time   60621067 ps
inst0 ch0:  C_CMD: WRCMD     C_r = 0x009   at time   60623965 ps
inst0 ch0:  C_CMD: WRCMD     C_f = 0x082   at time   60624379 ps
inst0 ch0:  R_CMD: ACTCMD    R_r0= 0x16    at time   60767209 ps
inst0 ch0:  R_CMD: ACTCMD    R_f0= 0x00    at time   60767623 ps
inst0 ch0:  R_CMD: ACTCMD    R_r1= 0x00    at time   60768037 ps
inst0 ch0:  R_CMD: ACTCMD    R_f1= 0x02    at time   60768451 ps
inst0 ch0:  C_CMD: RDCMD     C_r = 0x025   at time   60782113 ps
inst0 ch0:  C_CMD: RDCMD     C_f = 0x021   at time   60782527 ps
inst0 ch0:  C_CMD: RDCMD     C_r = 0x02d   at time   60785425 ps
inst0 ch0:  C_CMD: RDCMD     C_f = 0x023   at time   60785839 ps
inst0 ch0:  R_CMD: ACTCMD    R_r0= 0x02    at time   62116021 ps
inst0 ch0:  R_CMD: ACTCMD    R_f0= 0x00    at time   62116435 ps
inst0 ch0:  R_CMD: ACTCMD    R_r1= 0x00    at time   62116849 ps
inst0 ch0:  R_CMD: ACTCMD    R_f1= 0x00    at time   62117263 ps
inst0 ch0:  C_CMD: RDCMD     C_r = 0x005   at time   62130925 ps
inst0 ch0:  C_CMD: RDCMD     C_f = 0x018   at time   62131339 ps
inst0 ch0:  C_CMD: RDCMD     C_r = 0x005   at time   62134237 ps
inst0 ch0:  C_CMD: RDCMD     C_f = 0x01a   at time   62134651 ps
inst0 ch0:  C_CMD: RDCMD     C_r = 0x005   at time   62137549 ps
inst0 ch0:  C_CMD: RDCMD     C_f = 0x010   at time   62137963 ps
inst0 ch0:  R_CMD: ACTCMD    R_r0= 0x02    at time   62138377 ps
inst0 ch0:  R_CMD: ACTCMD    R_f0= 0x08    at time   62138791 ps
inst0 ch0:  R_CMD: ACTCMD    R_r1= 0x00    at time   62139205 ps
inst0 ch0:  R_CMD: ACTCMD    R_f1= 0x00    at time   62139619 ps
inst0 ch0:  C_CMD: RDCMD     C_r = 0x005   at time   62140861 ps
inst0 ch0:  C_CMD: RDCMD     C_f = 0x012   at time   62141275 ps
inst0 ch0:  C_CMD: RDCMD     C_r = 0x005   at time   62144173 ps
inst0 ch0:  C_CMD: RDCMD     C_f = 0x008   at time   62144587 ps
inst0 ch0:  C_CMD: RDCMD     C_r = 0x005   at time   62147485 ps
inst0 ch0:  C_CMD: RDCMD     C_f = 0x00a   at time   62147899 ps
inst0 ch0:  C_CMD: RDCMD     C_r = 0x005   at time   62150797 ps
inst0 ch0:  C_CMD: RDCMD     C_f = 0x000   at time   62151211 ps
inst0 ch0:  C_CMD: RDCMD     C_r = 0x005   at time   62153281 ps
inst0 ch0:  C_CMD: RDCMD     C_f = 0x098   at time   62153695 ps
inst0 ch0:  C_CMD: RDCMD     C_r = 0x00d   at time   62154109 ps
inst0 ch0:  C_CMD: RDCMD     C_f = 0x002   at time   62154523 ps
inst0 ch0:  C_CMD: RDCMD     C_r = 0x005   at time   62156593 ps
inst0 ch0:  C_CMD: RDCMD     C_f = 0x09a   at time   62157007 ps
inst0 ch0:  C_CMD: RDCMD     C_r = 0x005   at time   62159905 ps
inst0 ch0:  C_CMD: RDCMD     C_f = 0x090   at time   62160319 ps
inst0 ch0:  C_CMD: RDCMD     C_r = 0x005   at time   62163217 ps
inst0 ch0:  C_CMD: RDCMD     C_f = 0x092   at time   62163631 ps
inst0 ch0:  C_CMD: RDCMD     C_r = 0x005   at time   62166529 ps
inst0 ch0:  C_CMD: RDCMD     C_f = 0x088   at time   62166943 ps
inst0 ch0:  C_CMD: RDCMD     C_r = 0x005   at time   62169841 ps
inst0 ch0:  C_CMD: RDCMD     C_f = 0x08a   at time   62170255 ps
inst0 ch0:  C_CMD: RDCMD     C_r = 0x005   at time   62173153 ps
inst0 ch0:  C_CMD: RDCMD     C_f = 0x080   at time   62173567 ps
inst0 ch0:  C_CMD: RDCMD     C_r = 0x00d   at time   62176465 ps
inst0 ch0:  C_CMD: RDCMD     C_f = 0x082   at time   62176879 ps
inst0 ch0:  R_CMD: ACTCMD    R_r0= 0x0a    at time   62374357 ps
inst0 ch0:  R_CMD: ACTCMD    R_f0= 0x00    at time   62374771 ps
inst0 ch0:  R_CMD: ACTCMD    R_r1= 0x00    at time   62375185 ps
inst0 ch0:  R_CMD: ACTCMD    R_f1= 0x00    at time   62375599 ps
inst0 ch0:  C_CMD: RDCMD     C_r = 0x015   at time   62389261 ps
inst0 ch0:  C_CMD: RDCMD     C_f = 0x018   at time   62389675 ps
inst0 ch0:  C_CMD: RDCMD     C_r = 0x015   at time   62392573 ps
inst0 ch0:  C_CMD: RDCMD     C_f = 0x01a   at time   62392987 ps
inst0 ch0:  C_CMD: RDCMD     C_r = 0x015   at time   62395885 ps
inst0 ch0:  C_CMD: RDCMD     C_f = 0x010   at time   62396299 ps
inst0 ch0:  C_CMD: RDCMD     C_r = 0x015   at time   62399197 ps
inst0 ch0:  C_CMD: RDCMD     C_f = 0x012   at time   62399611 ps
inst0 ch0:  C_CMD: RDCMD     C_r = 0x015   at time   62402509 ps
inst0 ch0:  C_CMD: RDCMD     C_f = 0x008   at time   62402923 ps
inst0 ch0:  C_CMD: RDCMD     C_r = 0x015   at time   62405821 ps
inst0 ch0:  C_CMD: RDCMD     C_f = 0x00a   at time   62406235 ps
inst0 ch0:  C_CMD: RDCMD     C_r = 0x015   at time   62409133 ps
inst0 ch0:  C_CMD: RDCMD     C_f = 0x000   at time   62409547 ps
inst0 ch0:  C_CMD: RDCMD     C_r = 0x01d   at time   62412445 ps
inst0 ch0:  C_CMD: RDCMD     C_f = 0x002   at time   62412859 ps
inst0 ch0:  R_CMD: ACTCMD    R_r0= 0x0a    at time   62483653 ps
inst0 ch0:  R_CMD: ACTCMD    R_f0= 0x08    at time   62484067 ps
inst0 ch0:  R_CMD: ACTCMD    R_r1= 0x00    at time   62484481 ps
inst0 ch0:  R_CMD: ACTCMD    R_f1= 0x00    at time   62484895 ps
inst0 ch0:  C_CMD: RDCMD     C_r = 0x015   at time   62498557 ps
inst0 ch0:  C_CMD: RDCMD     C_f = 0x098   at time   62498971 ps
inst0 ch0:  C_CMD: RDCMD     C_r = 0x015   at time   62501869 ps
inst0 ch0:  C_CMD: RDCMD     C_f = 0x09a   at time   62502283 ps
inst0 ch0:  C_CMD: RDCMD     C_r = 0x015   at time   62505181 ps
inst0 ch0:  C_CMD: RDCMD     C_f = 0x090   at time   62505595 ps
inst0 ch0:  C_CMD: RDCMD     C_r = 0x015   at time   62508493 ps
inst0 ch0:  C_CMD: RDCMD     C_f = 0x092   at time   62508907 ps
inst0 ch0:  C_CMD: RDCMD     C_r = 0x015   at time   62511805 ps
inst0 ch0:  C_CMD: RDCMD     C_f = 0x088   at time   62512219 ps
inst0 ch0:  C_CMD: RDCMD     C_r = 0x015   at time   62515117 ps
inst0 ch0:  C_CMD: RDCMD     C_f = 0x08a   at time   62515531 ps
inst0 ch0:  C_CMD: RDCMD     C_r = 0x015   at time   62518429 ps
inst0 ch0:  C_CMD: RDCMD     C_f = 0x080   at time   62518843 ps
inst0 ch0:  C_CMD: RDCMD     C_r = 0x01d   at time   62521741 ps
inst0 ch0:  C_CMD: RDCMD     C_f = 0x082   at time   62522155 ps
inst0 ch0:  R_CMD: ACTCMD    R_r0= 0x0a    at time   62688169 ps
inst0 ch0:  R_CMD: ACTCMD    R_f0= 0x00    at time   62688583 ps
inst0 ch0:  R_CMD: ACTCMD    R_r1= 0x00    at time   62688997 ps
inst0 ch0:  R_CMD: ACTCMD    R_f1= 0x00    at time   62689411 ps
inst0 ch0:  C_CMD: RDCMD     C_r = 0x015   at time   62703073 ps
inst0 ch0:  C_CMD: RDCMD     C_f = 0x038   at time   62703487 ps
inst0 ch0:  C_CMD: RDCMD     C_r = 0x015   at time   62706385 ps
inst0 ch0:  C_CMD: RDCMD     C_f = 0x03a   at time   62706799 ps
inst0 ch0:  C_CMD: RDCMD     C_r = 0x015   at time   62709697 ps
inst0 ch0:  C_CMD: RDCMD     C_f = 0x030   at time   62710111 ps
inst0 ch0:  C_CMD: RDCMD     C_r = 0x015   at time   62713009 ps
inst0 ch0:  C_CMD: RDCMD     C_f = 0x032   at time   62713423 ps
inst0 ch0:  C_CMD: RDCMD     C_r = 0x015   at time   62716321 ps
inst0 ch0:  C_CMD: RDCMD     C_f = 0x028   at time   62716735 ps
inst0 ch0:  C_CMD: RDCMD     C_r = 0x015   at time   62719633 ps
inst0 ch0:  C_CMD: RDCMD     C_f = 0x02a   at time   62720047 ps
inst0 ch0:  C_CMD: RDCMD     C_r = 0x015   at time   62722945 ps
inst0 ch0:  C_CMD: RDCMD     C_f = 0x020   at time   62723359 ps
inst0 ch0:  C_CMD: RDCMD     C_r = 0x01d   at time   62726257 ps
inst0 ch0:  C_CMD: RDCMD     C_f = 0x022   at time   62726671 ps
inst0 ch0:  R_CMD: ACTCMD    R_r0= 0x0a    at time   62751097 ps
inst0 ch0:  R_CMD: ACTCMD    R_f0= 0x08    at time   62751511 ps
inst0 ch0:  R_CMD: ACTCMD    R_r1= 0x00    at time   62751925 ps
inst0 ch0:  R_CMD: ACTCMD    R_f1= 0x00    at time   62752339 ps
inst0 ch0:  R_CMD: ACTCMD    R_r0= 0x0a    at time   62758549 ps
inst0 ch0:  R_CMD: ACTCMD    R_f0= 0x00    at time   62758963 ps
inst0 ch0:  R_CMD: ACTCMD    R_r1= 0x00    at time   62759377 ps
inst0 ch0:  R_CMD: ACTCMD    R_f1= 0x00    at time   62759791 ps
inst0 ch0:  C_CMD: RDCMD     C_r = 0x015   at time   62766001 ps
inst0 ch0:  C_CMD: RDCMD     C_f = 0x0b8   at time   62766415 ps
inst0 ch0:  C_CMD: RDCMD     C_r = 0x015   at time   62769313 ps
inst0 ch0:  C_CMD: RDCMD     C_f = 0x0ba   at time   62769727 ps
inst0 ch0:  C_CMD: WRCMD     C_r = 0x011   at time   62770141 ps
inst0 ch0:  C_CMD: WRCMD     C_f = 0x038   at time   62770555 ps
inst0 ch0:  C_CMD: RDCMD     C_r = 0x015   at time   62772625 ps
inst0 ch0:  C_CMD: RDCMD     C_f = 0x0b0   at time   62773039 ps
inst0 ch0:  C_CMD: WRCMD     C_r = 0x011   at time   62773453 ps
inst0 ch0:  C_CMD: WRCMD     C_f = 0x03a   at time   62773867 ps
inst0 ch0:  C_CMD: RDCMD     C_r = 0x015   at time   62775937 ps
inst0 ch0:  C_CMD: RDCMD     C_f = 0x0b2   at time   62776351 ps
inst0 ch0:  C_CMD: WRCMD     C_r = 0x011   at time   62776765 ps
inst0 ch0:  C_CMD: WRCMD     C_f = 0x028   at time   62777179 ps
inst0 ch0:  C_CMD: RDCMD     C_r = 0x015   at time   62779249 ps
inst0 ch0:  C_CMD: RDCMD     C_f = 0x0a8   at time   62779663 ps
inst0 ch0:  C_CMD: WRCMD     C_r = 0x011   at time   62780077 ps
inst0 ch0:  C_CMD: WRCMD     C_f = 0x02a   at time   62780491 ps
inst0 ch0:  C_CMD: RDCMD     C_r = 0x015   at time   62782561 ps
inst0 ch0:  C_CMD: RDCMD     C_f = 0x0aa   at time   62782975 ps
inst0 ch0:  C_CMD: WRCMD     C_r = 0x011   at time   62783389 ps
inst0 ch0:  C_CMD: WRCMD     C_f = 0x030   at time   62783803 ps
inst0 ch0:  C_CMD: RDCMD     C_r = 0x015   at time   62785873 ps
inst0 ch0:  C_CMD: RDCMD     C_f = 0x0a0   at time   62786287 ps
inst0 ch0:  C_CMD: WRCMD     C_r = 0x011   at time   62786701 ps
inst0 ch0:  C_CMD: WRCMD     C_f = 0x032   at time   62787115 ps
inst0 ch0:  C_CMD: RDCMD     C_r = 0x01d   at time   62789185 ps
inst0 ch0:  C_CMD: RDCMD     C_f = 0x0a2   at time   62789599 ps
inst0 ch0:  C_CMD: WRCMD     C_r = 0x011   at time   62790013 ps
inst0 ch0:  C_CMD: WRCMD     C_f = 0x020   at time   62790427 ps
inst0 ch0:  C_CMD: WRCMD     C_r = 0x019   at time   62793325 ps
inst0 ch0:  C_CMD: WRCMD     C_f = 0x022   at time   62793739 ps
inst0 ch0:  R_CMD: ACTCMD    R_r0= 0x0a    at time   62821477 ps
inst0 ch0:  R_CMD: ACTCMD    R_f0= 0x08    at time   62821891 ps
inst0 ch0:  R_CMD: ACTCMD    R_r1= 0x00    at time   62822305 ps
inst0 ch0:  R_CMD: ACTCMD    R_f1= 0x00    at time   62822719 ps
inst0 ch0:  C_CMD: WRCMD     C_r = 0x011   at time   62832241 ps
inst0 ch0:  C_CMD: WRCMD     C_f = 0x0b8   at time   62832655 ps
inst0 ch0:  C_CMD: WRCMD     C_r = 0x011   at time   62835553 ps
inst0 ch0:  C_CMD: WRCMD     C_f = 0x0ba   at time   62835967 ps
inst0 ch0:  C_CMD: WRCMD     C_r = 0x011   at time   62838865 ps
inst0 ch0:  C_CMD: WRCMD     C_f = 0x0a8   at time   62839279 ps
inst0 ch0:  C_CMD: WRCMD     C_r = 0x011   at time   62842177 ps
inst0 ch0:  C_CMD: WRCMD     C_f = 0x0aa   at time   62842591 ps
inst0 ch0:  C_CMD: WRCMD     C_r = 0x011   at time   62845489 ps
inst0 ch0:  C_CMD: WRCMD     C_f = 0x0b0   at time   62845903 ps
inst0 ch0:  C_CMD: WRCMD     C_r = 0x011   at time   62848801 ps
inst0 ch0:  C_CMD: WRCMD     C_f = 0x0b2   at time   62849215 ps
inst0 ch0:  C_CMD: WRCMD     C_r = 0x011   at time   62852113 ps
inst0 ch0:  C_CMD: WRCMD     C_f = 0x0a0   at time   62852527 ps
inst0 ch0:  C_CMD: WRCMD     C_r = 0x019   at time   62855425 ps
inst0 ch0:  C_CMD: WRCMD     C_f = 0x0a2   at time   62855839 ps
inst0 ch0:  R_CMD: ACTCMD    R_r0= 0x1e    at time   63404389 ps
inst0 ch0:  R_CMD: ACTCMD    R_f0= 0x00    at time   63404803 ps
inst0 ch0:  R_CMD: ACTCMD    R_r1= 0x00    at time   63405217 ps
inst0 ch0:  R_CMD: ACTCMD    R_f1= 0x02    at time   63405631 ps
inst0 ch0:  C_CMD: RDCMD     C_r = 0x035   at time   63419293 ps
inst0 ch0:  C_CMD: RDCMD     C_f = 0x021   at time   63419707 ps
inst0 ch0:  C_CMD: RDCMD     C_r = 0x03d   at time   63422605 ps
inst0 ch0:  C_CMD: RDCMD     C_f = 0x023   at time   63423019 ps
inst0 ch0:  R_CMD: ACTCMD    R_r0= 0x1e    at time   63555913 ps
inst0 ch0:  R_CMD: ACTCMD    R_f0= 0x00    at time   63556327 ps
inst0 ch0:  R_CMD: ACTCMD    R_r1= 0x00    at time   63556741 ps
inst0 ch0:  R_CMD: ACTCMD    R_f1= 0x02    at time   63557155 ps
inst0 ch0:  C_CMD: RDCMD     C_r = 0x035   at time   63570817 ps
inst0 ch0:  C_CMD: RDCMD     C_f = 0x021   at time   63571231 ps
inst0 ch0:  C_CMD: RDCMD     C_r = 0x03d   at time   63574129 ps
inst0 ch0:  C_CMD: RDCMD     C_f = 0x023   at time   63574543 ps
inst0 ch0:  R_CMD: ACTCMD    R_r0= 0x02    at time   63611389 ps
inst0 ch0:  R_CMD: ACTCMD    R_f0= 0x1b    at time   63611803 ps
inst0 ch0:  R_CMD: ACTCMD    R_r1= 0x3f    at time   63612217 ps
inst0 ch0:  R_CMD: ACTCMD    R_f1= 0x3b    at time   63612631 ps
inst0 ch0:  C_CMD: RDCMD     C_r = 0x005   at time   63626293 ps
inst0 ch0:  C_CMD: RDCMD     C_f = 0x080   at time   63626707 ps
inst0 ch0:  C_CMD: RDCMD     C_r = 0x00d   at time   63629605 ps
inst0 ch0:  C_CMD: RDCMD     C_f = 0x082   at time   63630019 ps
inst0 ch0:  R_CMD: ACTCMD    R_r0= 0x02    at time   63684253 ps
inst0 ch0:  R_CMD: ACTCMD    R_f0= 0x1b    at time   63684667 ps
inst0 ch0:  R_CMD: ACTCMD    R_r1= 0x3f    at time   63685081 ps
inst0 ch0:  R_CMD: ACTCMD    R_f1= 0x3b    at time   63685495 ps
inst0 ch0:  C_CMD: WRCMD     C_r = 0x001   at time   63695017 ps
inst0 ch0:  C_CMD: WRCMD     C_f = 0x080   at time   63695431 ps
inst0 ch0:  C_CMD: WRCMD     C_r = 0x009   at time   63698329 ps
inst0 ch0:  C_CMD: WRCMD     C_f = 0x082   at time   63698743 ps
inst0 ch0:  R_CMD: ACTCMD    R_r0= 0x1e    at time   63718201 ps
inst0 ch0:  R_CMD: ACTCMD    R_f0= 0x00    at time   63718615 ps
inst0 ch0:  R_CMD: ACTCMD    R_r1= 0x00    at time   63719029 ps
inst0 ch0:  R_CMD: ACTCMD    R_f1= 0x02    at time   63719443 ps
inst0 ch0:  R_CMD: ACTCMD    R_r0= 0x02    at time   63722341 ps
inst0 ch0:  R_CMD: ACTCMD    R_f0= 0x13    at time   63722755 ps
inst0 ch0:  R_CMD: ACTCMD    R_r1= 0x3f    at time   63723169 ps
inst0 ch0:  R_CMD: ACTCMD    R_f1= 0x3b    at time   63723583 ps
inst0 ch0:  C_CMD: RDCMD     C_r = 0x035   at time   63733105 ps
inst0 ch0:  C_CMD: RDCMD     C_f = 0x021   at time   63733519 ps
inst0 ch0:  C_CMD: RDCMD     C_r = 0x03d   at time   63736417 ps
inst0 ch0:  C_CMD: RDCMD     C_f = 0x023   at time   63736831 ps
inst0 ch0:  C_CMD: RDCMD     C_r = 0x005   at time   63739729 ps
inst0 ch0:  C_CMD: RDCMD     C_f = 0x000   at time   63740143 ps
inst0 ch0:  C_CMD: RDCMD     C_r = 0x00d   at time   63743041 ps
inst0 ch0:  C_CMD: RDCMD     C_f = 0x002   at time   63743455 ps
inst0 ch0:  R_CMD: ACTCMD    R_r0= 0x02    at time   63806797 ps
inst0 ch0:  R_CMD: ACTCMD    R_f0= 0x1b    at time   63807211 ps
inst0 ch0:  R_CMD: ACTCMD    R_r1= 0x3f    at time   63807625 ps
inst0 ch0:  R_CMD: ACTCMD    R_f1= 0x3b    at time   63808039 ps
inst0 ch0:  C_CMD: RDCMD     C_r = 0x005   at time   63821701 ps
inst0 ch0:  C_CMD: RDCMD     C_f = 0x080   at time   63822115 ps
inst0 ch0:  C_CMD: RDCMD     C_r = 0x00d   at time   63825013 ps
inst0 ch0:  C_CMD: RDCMD     C_f = 0x082   at time   63825427 ps
inst0 ch0:  R_CMD: ACTCMD    R_r0= 0x02    at time   63962461 ps
inst0 ch0:  R_CMD: ACTCMD    R_f0= 0x13    at time   63962875 ps
inst0 ch0:  R_CMD: ACTCMD    R_r1= 0x3f    at time   63963289 ps
inst0 ch0:  R_CMD: ACTCMD    R_f1= 0x3b    at time   63963703 ps
inst0 ch0:  C_CMD: WRCMD     C_r = 0x001   at time   63973225 ps
inst0 ch0:  C_CMD: WRCMD     C_f = 0x000   at time   63973639 ps
inst0 ch0:  C_CMD: WRCMD     C_r = 0x009   at time   63976537 ps
inst0 ch0:  C_CMD: WRCMD     C_f = 0x002   at time   63976951 ps
inst0 ch0:  R_CMD: ACTCMD    R_r0= 0x02    at time   64008001 ps
inst0 ch0:  R_CMD: ACTCMD    R_f0= 0x1b    at time   64008415 ps
inst0 ch0:  R_CMD: ACTCMD    R_r1= 0x3f    at time   64008829 ps
inst0 ch0:  R_CMD: ACTCMD    R_f1= 0x3b    at time   64009243 ps
inst0 ch0:  C_CMD: WRCMD     C_r = 0x001   at time   64018765 ps
inst0 ch0:  C_CMD: WRCMD     C_f = 0x080   at time   64019179 ps
inst0 ch0:  C_CMD: WRCMD     C_r = 0x009   at time   64022077 ps
inst0 ch0:  C_CMD: WRCMD     C_f = 0x082   at time   64022491 ps
inst0 ch0:  R_CMD: ACTCMD    R_r0= 0x02    at time   64099081 ps
inst0 ch0:  R_CMD: ACTCMD    R_f0= 0x13    at time   64099495 ps
inst0 ch0:  R_CMD: ACTCMD    R_r1= 0x3f    at time   64099909 ps
inst0 ch0:  R_CMD: ACTCMD    R_f1= 0x3b    at time   64100323 ps
inst0 ch0:  C_CMD: RDCMD     C_r = 0x005   at time   64113985 ps
inst0 ch0:  C_CMD: RDCMD     C_f = 0x000   at time   64114399 ps
inst0 ch0:  C_CMD: RDCMD     C_r = 0x00d   at time   64117297 ps
inst0 ch0:  C_CMD: RDCMD     C_f = 0x002   at time   64117711 ps
inst0 ch0:  R_CMD: ACTCMD    R_r0= 0x1e    at time   64147933 ps
inst0 ch0:  R_CMD: ACTCMD    R_f0= 0x00    at time   64148347 ps
inst0 ch0:  R_CMD: ACTCMD    R_r1= 0x00    at time   64148761 ps
inst0 ch0:  R_CMD: ACTCMD    R_f1= 0x02    at time   64149175 ps
inst0 ch0:  C_CMD: RDCMD     C_r = 0x035   at time   64162837 ps
inst0 ch0:  C_CMD: RDCMD     C_f = 0x021   at time   64163251 ps
inst0 ch0:  C_CMD: RDCMD     C_r = 0x03d   at time   64166149 ps
inst0 ch0:  C_CMD: RDCMD     C_f = 0x023   at time   64166563 ps
inst0 ch0:  R_CMD: ACTCMD    R_r0= 0x02    at time   64171945 ps
inst0 ch0:  R_CMD: ACTCMD    R_f0= 0x13    at time   64172359 ps
inst0 ch0:  R_CMD: ACTCMD    R_r1= 0x3f    at time   64172773 ps
inst0 ch0:  R_CMD: ACTCMD    R_f1= 0x3b    at time   64173187 ps
inst0 ch0:  C_CMD: WRCMD     C_r = 0x001   at time   64186849 ps
inst0 ch0:  C_CMD: WRCMD     C_f = 0x000   at time   64187263 ps
inst0 ch0:  C_CMD: WRCMD     C_r = 0x009   at time   64190161 ps
inst0 ch0:  C_CMD: WRCMD     C_f = 0x002   at time   64190575 ps
inst0 ch0:  R_CMD: ACTCMD    R_r0= 0x1e    at time   64311049 ps
inst0 ch0:  R_CMD: ACTCMD    R_f0= 0x00    at time   64311463 ps
inst0 ch0:  R_CMD: ACTCMD    R_r1= 0x00    at time   64311877 ps
inst0 ch0:  R_CMD: ACTCMD    R_f1= 0x02    at time   64312291 ps
inst0 ch0:  C_CMD: RDCMD     C_r = 0x035   at time   64325953 ps
inst0 ch0:  C_CMD: RDCMD     C_f = 0x021   at time   64326367 ps
inst0 ch0:  C_CMD: RDCMD     C_r = 0x03d   at time   64329265 ps
inst0 ch0:  C_CMD: RDCMD     C_f = 0x023   at time   64329679 ps
inst0 ch0:  R_CMD: ACTCMD    R_r0= 0x1e    at time   64490725 ps
inst0 ch0:  R_CMD: ACTCMD    R_f0= 0x00    at time   64491139 ps
inst0 ch0:  R_CMD: ACTCMD    R_r1= 0x00    at time   64491553 ps
inst0 ch0:  R_CMD: ACTCMD    R_f1= 0x02    at time   64491967 ps
inst0 ch0:  C_CMD: RDCMD     C_r = 0x035   at time   64505629 ps
inst0 ch0:  C_CMD: RDCMD     C_f = 0x021   at time   64506043 ps
inst0 ch0:  C_CMD: RDCMD     C_r = 0x03d   at time   64508941 ps
inst0 ch0:  C_CMD: RDCMD     C_f = 0x023   at time   64509355 ps
inst0 ch0:  R_CMD: ACTCMD    R_r0= 0x0a    at time   64551169 ps
inst0 ch0:  R_CMD: ACTCMD    R_f0= 0x19    at time   64551583 ps
inst0 ch0:  R_CMD: ACTCMD    R_r1= 0x3f    at time   64551997 ps
inst0 ch0:  R_CMD: ACTCMD    R_f1= 0x3b    at time   64552411 ps
inst0 ch0:  R_CMD: ACTCMD    R_r0= 0x02    at time   64555309 ps
inst0 ch0:  R_CMD: ACTCMD    R_f0= 0x19    at time   64555723 ps
inst0 ch0:  R_CMD: ACTCMD    R_r1= 0x3f    at time   64556137 ps
inst0 ch0:  R_CMD: ACTCMD    R_f1= 0x3b    at time   64556551 ps
inst0 ch0:  C_CMD: RDCMD     C_r = 0x015   at time   64566073 ps
inst0 ch0:  C_CMD: RDCMD     C_f = 0x0f8   at time   64566487 ps
inst0 ch0:  C_CMD: RDCMD     C_r = 0x01d   at time   64569385 ps
inst0 ch0:  C_CMD: RDCMD     C_f = 0x0fa   at time   64569799 ps
inst0 ch0:  C_CMD: RDCMD     C_r = 0x005   at time   64572697 ps
inst0 ch0:  C_CMD: RDCMD     C_f = 0x0f8   at time   64573111 ps
inst0 ch0:  C_CMD: RDCMD     C_r = 0x00d   at time   64576009 ps
inst0 ch0:  C_CMD: RDCMD     C_f = 0x0fa   at time   64576423 ps
inst0 ch0:  R_CMD: ACTCMD    R_r0= 0x0a    at time   64604989 ps
inst0 ch0:  R_CMD: ACTCMD    R_f0= 0x11    at time   64605403 ps
inst0 ch0:  R_CMD: ACTCMD    R_r1= 0x3f    at time   64605817 ps
inst0 ch0:  R_CMD: ACTCMD    R_f1= 0x3b    at time   64606231 ps
inst0 ch0:  R_CMD: ACTCMD    R_r0= 0x02    at time   64609129 ps
inst0 ch0:  R_CMD: ACTCMD    R_f0= 0x11    at time   64609543 ps
inst0 ch0:  R_CMD: ACTCMD    R_r1= 0x3f    at time   64609957 ps
inst0 ch0:  R_CMD: ACTCMD    R_f1= 0x3b    at time   64610371 ps
inst0 ch0:  C_CMD: RDCMD     C_r = 0x015   at time   64619893 ps
inst0 ch0:  C_CMD: RDCMD     C_f = 0x078   at time   64620307 ps
inst0 ch0:  R_CMD: ACTCMD    R_r0= 0x0a    at time   64621549 ps
inst0 ch0:  R_CMD: ACTCMD    R_f0= 0x19    at time   64621963 ps
inst0 ch0:  R_CMD: ACTCMD    R_r1= 0x3f    at time   64622377 ps
inst0 ch0:  R_CMD: ACTCMD    R_f1= 0x3b    at time   64622791 ps
inst0 ch0:  C_CMD: RDCMD     C_r = 0x01d   at time   64623205 ps
inst0 ch0:  C_CMD: RDCMD     C_f = 0x07a   at time   64623619 ps
inst0 ch0:  C_CMD: RDCMD     C_r = 0x005   at time   64626517 ps
inst0 ch0:  C_CMD: RDCMD     C_f = 0x078   at time   64626931 ps
inst0 ch0:  R_CMD: ACTCMD    R_r0= 0x02    at time   64628173 ps
inst0 ch0:  R_CMD: ACTCMD    R_f0= 0x19    at time   64628587 ps
inst0 ch0:  R_CMD: ACTCMD    R_r1= 0x3f    at time   64629001 ps
inst0 ch0:  R_CMD: ACTCMD    R_f1= 0x3b    at time   64629415 ps
inst0 ch0:  C_CMD: RDCMD     C_r = 0x00d   at time   64629829 ps
inst0 ch0:  C_CMD: RDCMD     C_f = 0x07a   at time   64630243 ps
inst0 ch0:  C_CMD: WRCMD     C_r = 0x011   at time   64632313 ps
inst0 ch0:  C_CMD: WRCMD     C_f = 0x0f8   at time   64632727 ps
inst0 ch0:  C_CMD: WRCMD     C_r = 0x019   at time   64635625 ps
inst0 ch0:  C_CMD: WRCMD     C_f = 0x0fa   at time   64636039 ps
inst0 ch0:  C_CMD: WRCMD     C_r = 0x001   at time   64638937 ps
inst0 ch0:  C_CMD: WRCMD     C_f = 0x0f8   at time   64639351 ps
inst0 ch0:  C_CMD: WRCMD     C_r = 0x009   at time   64642249 ps
inst0 ch0:  C_CMD: WRCMD     C_f = 0x0fa   at time   64642663 ps
inst0 ch0:  R_CMD: ACTCMD    R_r0= 0x0a    at time   64675369 ps
inst0 ch0:  R_CMD: ACTCMD    R_f0= 0x11    at time   64675783 ps
inst0 ch0:  R_CMD: ACTCMD    R_r1= 0x3f    at time   64676197 ps
inst0 ch0:  R_CMD: ACTCMD    R_f1= 0x3b    at time   64676611 ps
inst0 ch0:  R_CMD: ACTCMD    R_r0= 0x1e    at time   64679509 ps
inst0 ch0:  R_CMD: ACTCMD    R_f0= 0x00    at time   64679923 ps
inst0 ch0:  R_CMD: ACTCMD    R_r1= 0x00    at time   64680337 ps
inst0 ch0:  R_CMD: ACTCMD    R_f1= 0x02    at time   64680751 ps
inst0 ch0:  C_CMD: RDCMD     C_r = 0x035   at time   64694413 ps
inst0 ch0:  C_CMD: RDCMD     C_f = 0x021   at time   64694827 ps
inst0 ch0:  C_CMD: RDCMD     C_r = 0x03d   at time   64697725 ps
inst0 ch0:  C_CMD: RDCMD     C_f = 0x023   at time   64698139 ps
inst0 ch0:  R_CMD: ACTCMD    R_r0= 0x02    at time   64703521 ps
inst0 ch0:  R_CMD: ACTCMD    R_f0= 0x11    at time   64703935 ps
inst0 ch0:  R_CMD: ACTCMD    R_r1= 0x3f    at time   64704349 ps
inst0 ch0:  R_CMD: ACTCMD    R_f1= 0x3b    at time   64704763 ps
inst0 ch0:  C_CMD: WRCMD     C_r = 0x011   at time   64718425 ps
inst0 ch0:  C_CMD: WRCMD     C_f = 0x078   at time   64718839 ps
inst0 ch0:  C_CMD: WRCMD     C_r = 0x019   at time   64721737 ps
inst0 ch0:  C_CMD: WRCMD     C_f = 0x07a   at time   64722151 ps
inst0 ch0:  C_CMD: WRCMD     C_r = 0x001   at time   64725049 ps
inst0 ch0:  C_CMD: WRCMD     C_f = 0x078   at time   64725463 ps
inst0 ch0:  C_CMD: WRCMD     C_r = 0x009   at time   64728361 ps
inst0 ch0:  C_CMD: WRCMD     C_f = 0x07a   at time   64728775 ps
inst0 ch0:  R_CMD: ACTCMD    R_r0= 0x1e    at time   64829377 ps
inst0 ch0:  R_CMD: ACTCMD    R_f0= 0x00    at time   64829791 ps
inst0 ch0:  R_CMD: ACTCMD    R_r1= 0x00    at time   64830205 ps
inst0 ch0:  R_CMD: ACTCMD    R_f1= 0x02    at time   64830619 ps
inst0 ch0:  C_CMD: RDCMD     C_r = 0x035   at time   64844281 ps
inst0 ch0:  C_CMD: RDCMD     C_f = 0x021   at time   64844695 ps
inst0 ch0:  C_CMD: RDCMD     C_r = 0x03d   at time   64847593 ps
inst0 ch0:  C_CMD: RDCMD     C_f = 0x023   at time   64848007 ps
inst0 ch0:  R_CMD: ACTCMD    R_r0= 0x0a    at time   64867465 ps
inst0 ch0:  R_CMD: ACTCMD    R_f0= 0x02    at time   64867879 ps
inst0 ch0:  R_CMD: ACTCMD    R_r1= 0x00    at time   64868293 ps
inst0 ch0:  R_CMD: ACTCMD    R_f1= 0x00    at time   64868707 ps
inst0 ch0:  R_CMD: ACTCMD    R_r0= 0x02    at time   64871605 ps
inst0 ch0:  R_CMD: ACTCMD    R_f0= 0x02    at time   64872019 ps
inst0 ch0:  R_CMD: ACTCMD    R_r1= 0x00    at time   64872433 ps
inst0 ch0:  R_CMD: ACTCMD    R_f1= 0x00    at time   64872847 ps
inst0 ch0:  C_CMD: RDCMD     C_r = 0x015   at time   64882369 ps
inst0 ch0:  C_CMD: RDCMD     C_f = 0x000   at time   64882783 ps
inst0 ch0:  C_CMD: RDCMD     C_r = 0x01d   at time   64885681 ps
inst0 ch0:  C_CMD: RDCMD     C_f = 0x002   at time   64886095 ps
inst0 ch0:  C_CMD: RDCMD     C_r = 0x005   at time   64888993 ps
inst0 ch0:  C_CMD: RDCMD     C_f = 0x000   at time   64889407 ps
inst0 ch0:  C_CMD: RDCMD     C_r = 0x00d   at time   64892305 ps
inst0 ch0:  C_CMD: RDCMD     C_f = 0x002   at time   64892719 ps
inst0 ch0:  R_CMD: ACTCMD    R_r0= 0x1e    at time   64976761 ps
inst0 ch0:  R_CMD: ACTCMD    R_f0= 0x00    at time   64977175 ps
inst0 ch0:  R_CMD: ACTCMD    R_r1= 0x00    at time   64977589 ps
inst0 ch0:  R_CMD: ACTCMD    R_f1= 0x02    at time   64978003 ps
inst0 ch0:  C_CMD: RDCMD     C_r = 0x035   at time   64991665 ps
inst0 ch0:  C_CMD: RDCMD     C_f = 0x021   at time   64992079 ps
inst0 ch0:  C_CMD: RDCMD     C_r = 0x03d   at time   64994977 ps
inst0 ch0:  C_CMD: RDCMD     C_f = 0x023   at time   64995391 ps
inst0 ch0:  R_CMD: ACTCMD    R_r0= 0x1e    at time   65115037 ps
inst0 ch0:  R_CMD: ACTCMD    R_f0= 0x00    at time   65115451 ps
inst0 ch0:  R_CMD: ACTCMD    R_r1= 0x00    at time   65115865 ps
inst0 ch0:  R_CMD: ACTCMD    R_f1= 0x02    at time   65116279 ps
inst0 ch0:  C_CMD: RDCMD     C_r = 0x035   at time   65129941 ps
inst0 ch0:  C_CMD: RDCMD     C_f = 0x021   at time   65130355 ps
inst0 ch0:  C_CMD: RDCMD     C_r = 0x03d   at time   65133253 ps
inst0 ch0:  C_CMD: RDCMD     C_f = 0x023   at time   65133667 ps
inst0 ch0:  R_CMD: ACTCMD    R_r0= 0x0a    at time   65199493 ps
inst0 ch0:  R_CMD: ACTCMD    R_f0= 0x0a    at time   65199907 ps
inst0 ch0:  R_CMD: ACTCMD    R_r1= 0x00    at time   65200321 ps
inst0 ch0:  R_CMD: ACTCMD    R_f1= 0x00    at time   65200735 ps
inst0 ch0:  R_CMD: ACTCMD    R_r0= 0x02    at time   65203633 ps
inst0 ch0:  R_CMD: ACTCMD    R_f0= 0x0a    at time   65204047 ps
inst0 ch0:  R_CMD: ACTCMD    R_r1= 0x00    at time   65204461 ps
inst0 ch0:  R_CMD: ACTCMD    R_f1= 0x00    at time   65204875 ps
inst0 ch0:  C_CMD: RDCMD     C_r = 0x015   at time   65214397 ps
inst0 ch0:  C_CMD: RDCMD     C_f = 0x080   at time   65214811 ps
inst0 ch0:  C_CMD: RDCMD     C_r = 0x01d   at time   65217709 ps
inst0 ch0:  C_CMD: RDCMD     C_f = 0x082   at time   65218123 ps
inst0 ch0:  C_CMD: RDCMD     C_r = 0x005   at time   65221021 ps
inst0 ch0:  C_CMD: RDCMD     C_f = 0x080   at time   65221435 ps
inst0 ch0:  C_CMD: RDCMD     C_r = 0x00d   at time   65224333 ps
inst0 ch0:  C_CMD: RDCMD     C_f = 0x082   at time   65224747 ps
inst0 ch0:  R_CMD: ACTCMD    R_r0= 0x1e    at time   65238409 ps
inst0 ch0:  R_CMD: ACTCMD    R_f0= 0x00    at time   65238823 ps
inst0 ch0:  R_CMD: ACTCMD    R_r1= 0x00    at time   65239237 ps
inst0 ch0:  R_CMD: ACTCMD    R_f1= 0x02    at time   65239651 ps
inst0 ch0:  C_CMD: RDCMD     C_r = 0x035   at time   65253313 ps
inst0 ch0:  C_CMD: RDCMD     C_f = 0x021   at time   65253727 ps
inst0 ch0:  C_CMD: RDCMD     C_r = 0x03d   at time   65256625 ps
inst0 ch0:  C_CMD: RDCMD     C_f = 0x023   at time   65257039 ps
inst0 ch0:  R_CMD: ACTCMD    R_r0= 0x1e    at time   65384137 ps
inst0 ch0:  R_CMD: ACTCMD    R_f0= 0x00    at time   65384551 ps
inst0 ch0:  R_CMD: ACTCMD    R_r1= 0x00    at time   65384965 ps
inst0 ch0:  R_CMD: ACTCMD    R_f1= 0x02    at time   65385379 ps
inst0 ch0:  C_CMD: RDCMD     C_r = 0x035   at time   65399041 ps
inst0 ch0:  C_CMD: RDCMD     C_f = 0x021   at time   65399455 ps
inst0 ch0:  C_CMD: RDCMD     C_r = 0x03d   at time   65402353 ps
inst0 ch0:  C_CMD: RDCMD     C_f = 0x023   at time   65402767 ps
inst0 ch0:  R_CMD: ACTCMD    R_r0= 0x1e    at time   65596105 ps
inst0 ch0:  R_CMD: ACTCMD    R_f0= 0x00    at time   65596519 ps
inst0 ch0:  R_CMD: ACTCMD    R_r1= 0x00    at time   65596933 ps
inst0 ch0:  R_CMD: ACTCMD    R_f1= 0x02    at time   65597347 ps
inst0 ch0:  C_CMD: RDCMD     C_r = 0x035   at time   65611009 ps
inst0 ch0:  C_CMD: RDCMD     C_f = 0x021   at time   65611423 ps
inst0 ch0:  C_CMD: RDCMD     C_r = 0x03d   at time   65614321 ps
inst0 ch0:  C_CMD: RDCMD     C_f = 0x023   at time   65614735 ps
inst0 ch0:  R_CMD: ACTCMD    R_r0= 0x1e    at time   65762533 ps
inst0 ch0:  R_CMD: ACTCMD    R_f0= 0x00    at time   65762947 ps
inst0 ch0:  R_CMD: ACTCMD    R_r1= 0x00    at time   65763361 ps
inst0 ch0:  R_CMD: ACTCMD    R_f1= 0x02    at time   65763775 ps
inst0 ch0:  C_CMD: RDCMD     C_r = 0x035   at time   65777437 ps
inst0 ch0:  C_CMD: RDCMD     C_f = 0x021   at time   65777851 ps
inst0 ch0:  C_CMD: RDCMD     C_r = 0x03d   at time   65780749 ps
inst0 ch0:  C_CMD: RDCMD     C_f = 0x023   at time   65781163 ps
inst0 ch0:  R_CMD: ACTCMD    R_r0= 0x1e    at time   65915713 ps
inst0 ch0:  R_CMD: ACTCMD    R_f0= 0x00    at time   65916127 ps
inst0 ch0:  R_CMD: ACTCMD    R_r1= 0x00    at time   65916541 ps
inst0 ch0:  R_CMD: ACTCMD    R_f1= 0x02    at time   65916955 ps
inst0 ch0:  C_CMD: RDCMD     C_r = 0x035   at time   65930617 ps
inst0 ch0:  C_CMD: RDCMD     C_f = 0x021   at time   65931031 ps
inst0 ch0:  C_CMD: RDCMD     C_r = 0x03d   at time   65933929 ps
inst0 ch0:  C_CMD: RDCMD     C_f = 0x023   at time   65934343 ps
inst0 ch0:  R_CMD: ACTCMD    R_r0= 0x1e    at time   66157489 ps
inst0 ch0:  R_CMD: ACTCMD    R_f0= 0x00    at time   66157903 ps
inst0 ch0:  R_CMD: ACTCMD    R_r1= 0x00    at time   66158317 ps
inst0 ch0:  R_CMD: ACTCMD    R_f1= 0x02    at time   66158731 ps
inst0 ch0:  C_CMD: RDCMD     C_r = 0x035   at time   66172393 ps
inst0 ch0:  C_CMD: RDCMD     C_f = 0x021   at time   66172807 ps
inst0 ch0:  C_CMD: RDCMD     C_r = 0x03d   at time   66175705 ps
inst0 ch0:  C_CMD: RDCMD     C_f = 0x023   at time   66176119 ps
inst0 ch0:  R_CMD: ACTCMD    R_r0= 0x1e    at time   66446461 ps
inst0 ch0:  R_CMD: ACTCMD    R_f0= 0x00    at time   66446875 ps
inst0 ch0:  R_CMD: ACTCMD    R_r1= 0x00    at time   66447289 ps
inst0 ch0:  R_CMD: ACTCMD    R_f1= 0x02    at time   66447703 ps
inst0 ch0:  C_CMD: RDCMD     C_r = 0x035   at time   66461365 ps
inst0 ch0:  C_CMD: RDCMD     C_f = 0x021   at time   66461779 ps
inst0 ch0:  C_CMD: RDCMD     C_r = 0x03d   at time   66464677 ps
inst0 ch0:  C_CMD: RDCMD     C_f = 0x023   at time   66465091 ps
inst0 ch0:  R_CMD: ACTCMD    R_r0= 0x1e    at time   66618685 ps
inst0 ch0:  R_CMD: ACTCMD    R_f0= 0x00    at time   66619099 ps
inst0 ch0:  R_CMD: ACTCMD    R_r1= 0x00    at time   66619513 ps
inst0 ch0:  R_CMD: ACTCMD    R_f1= 0x02    at time   66619927 ps
inst0 ch0:  C_CMD: RDCMD     C_r = 0x035   at time   66633589 ps
inst0 ch0:  C_CMD: RDCMD     C_f = 0x021   at time   66634003 ps
inst0 ch0:  C_CMD: RDCMD     C_r = 0x03d   at time   66636901 ps
inst0 ch0:  C_CMD: RDCMD     C_f = 0x023   at time   66637315 ps
