inst0 ch0:  R_CMD: ACTCMD    R_r0= 0x0e    at time   33400981 ps
inst0 ch0:  R_CMD: ACTCMD    R_f0= 0x28    at time   33401395 ps
inst0 ch0:  R_CMD: ACTCMD    R_r1= 0x00    at time   33401809 ps
inst0 ch0:  R_CMD: ACTCMD    R_f1= 0x02    at time   33402223 ps
inst0 ch0:  C_CMD: WRCMD     C_r = 0x091   at time   33411745 ps
inst0 ch0:  C_CMD: WRCMD     C_f = 0x0a9   at time   33412159 ps
inst0 ch0:  C_CMD: WRCMD     C_r = 0x099   at time   33415057 ps
inst0 ch0:  C_CMD: WRCMD     C_f = 0x0ab   at time   33415471 ps
inst0 ch0:  R_CMD: ACTCMD    R_r0= 0x0e    at time   33424165 ps
inst0 ch0:  R_CMD: ACTCMD    R_f0= 0x20    at time   33424579 ps
inst0 ch0:  R_CMD: ACTCMD    R_r1= 0x00    at time   33424993 ps
inst0 ch0:  R_CMD: ACTCMD    R_f1= 0x02    at time   33425407 ps
inst0 ch0:  C_CMD: WRCMD     C_r = 0x091   at time   33434929 ps
inst0 ch0:  C_CMD: WRCMD     C_f = 0x029   at time   33435343 ps
inst0 ch0:  C_CMD: WRCMD     C_r = 0x091   at time   33438241 ps
inst0 ch0:  C_CMD: WRCMD     C_f = 0x02b   at time   33438655 ps
inst0 ch0:  C_CMD: WRCMD     C_r = 0x091   at time   33441553 ps
inst0 ch0:  C_CMD: WRCMD     C_f = 0x021   at time   33441967 ps
inst0 ch0:  C_CMD: WRCMD     C_r = 0x099   at time   33444865 ps
inst0 ch0:  C_CMD: WRCMD     C_f = 0x023   at time   33445279 ps
inst0 ch0:  R_CMD: ACTCMD    R_r0= 0x0e    at time   33453145 ps
inst0 ch0:  R_CMD: ACTCMD    R_f0= 0x28    at time   33453559 ps
inst0 ch0:  R_CMD: ACTCMD    R_r1= 0x00    at time   33453973 ps
inst0 ch0:  R_CMD: ACTCMD    R_f1= 0x02    at time   33454387 ps
inst0 ch0:  C_CMD: WRCMD     C_r = 0x091   at time   33463909 ps
inst0 ch0:  C_CMD: WRCMD     C_f = 0x0a1   at time   33464323 ps
inst0 ch0:  C_CMD: WRCMD     C_r = 0x099   at time   33467221 ps
inst0 ch0:  C_CMD: WRCMD     C_f = 0x0a3   at time   33467635 ps
inst0 ch0:  R_CMD: ACTCMD    R_r0= 0x26    at time   37492129 ps
inst0 ch0:  R_CMD: ACTCMD    R_f0= 0x28    at time   37492543 ps
inst0 ch0:  R_CMD: ACTCMD    R_r1= 0x00    at time   37492957 ps
inst0 ch0:  R_CMD: ACTCMD    R_f1= 0x02    at time   37493371 ps
inst0 ch0:  R_CMD: ACTCMD    R_r0= 0x26    at time   37493785 ps
inst0 ch0:  R_CMD: ACTCMD    R_f0= 0x20    at time   37494199 ps
inst0 ch0:  R_CMD: ACTCMD    R_r1= 0x00    at time   37494613 ps
inst0 ch0:  R_CMD: ACTCMD    R_f1= 0x02    at time   37495027 ps
inst0 ch0:  C_CMD: WRCMD     C_r = 0x0c1   at time   37502893 ps
inst0 ch0:  C_CMD: WRCMD     C_f = 0x0a9   at time   37503307 ps
inst0 ch0:  C_CMD: WRCMD     C_r = 0x0c1   at time   37504549 ps
inst0 ch0:  C_CMD: WRCMD     C_f = 0x029   at time   37504963 ps
inst0 ch0:  C_CMD: WRCMD     C_r = 0x0c1   at time   37506205 ps
inst0 ch0:  C_CMD: WRCMD     C_f = 0x0ab   at time   37506619 ps
inst0 ch0:  C_CMD: WRCMD     C_r = 0x0c1   at time   37507861 ps
inst0 ch0:  C_CMD: WRCMD     C_f = 0x02b   at time   37508275 ps
inst0 ch0:  C_CMD: WRCMD     C_r = 0x0c1   at time   37509517 ps
inst0 ch0:  C_CMD: WRCMD     C_f = 0x0a1   at time   37509931 ps
inst0 ch0:  C_CMD: WRCMD     C_r = 0x0c1   at time   37511173 ps
inst0 ch0:  C_CMD: WRCMD     C_f = 0x021   at time   37511587 ps
inst0 ch0:  C_CMD: WRCMD     C_r = 0x0c9   at time   37512829 ps
inst0 ch0:  C_CMD: WRCMD     C_f = 0x0a3   at time   37513243 ps
inst0 ch0:  C_CMD: WRCMD     C_r = 0x0c9   at time   37514485 ps
inst0 ch0:  C_CMD: WRCMD     C_f = 0x023   at time   37514899 ps
inst0 ch0:  R_CMD: ACTCMD    R_r0= 0x2e    at time   37728109 ps
inst0 ch0:  R_CMD: ACTCMD    R_f0= 0x28    at time   37728523 ps
inst0 ch0:  R_CMD: ACTCMD    R_r1= 0x00    at time   37728937 ps
inst0 ch0:  R_CMD: ACTCMD    R_f1= 0x02    at time   37729351 ps
inst0 ch0:  R_CMD: ACTCMD    R_r0= 0x2e    at time   37729765 ps
inst0 ch0:  R_CMD: ACTCMD    R_f0= 0x20    at time   37730179 ps
inst0 ch0:  R_CMD: ACTCMD    R_r1= 0x00    at time   37730593 ps
inst0 ch0:  R_CMD: ACTCMD    R_f1= 0x02    at time   37731007 ps
inst0 ch0:  C_CMD: WRCMD     C_r = 0x0d9   at time   37738873 ps
inst0 ch0:  C_CMD: WRCMD     C_f = 0x0a1   at time   37739287 ps
inst0 ch0:  C_CMD: WRCMD     C_r = 0x0d1   at time   37740529 ps
inst0 ch0:  C_CMD: WRCMD     C_f = 0x021   at time   37740943 ps
inst0 ch0:  C_CMD: WRCMD     C_r = 0x0d9   at time   37743841 ps
inst0 ch0:  C_CMD: WRCMD     C_f = 0x023   at time   37744255 ps
inst0 ch0:  R_CMD: ACTCMD    R_r0= 0x16    at time   46339309 ps
inst0 ch0:  R_CMD: ACTCMD    R_f0= 0x00    at time   46339723 ps
inst0 ch0:  R_CMD: ACTCMD    R_r1= 0x00    at time   46340137 ps
inst0 ch0:  R_CMD: ACTCMD    R_f1= 0x02    at time   46340551 ps
inst0 ch0:  C_CMD: WRCMD     C_r = 0x029   at time   46350073 ps
inst0 ch0:  C_CMD: WRCMD     C_f = 0x021   at time   46350487 ps
inst0 ch0:  R_CMD: ACTCMD    R_r0= 0x22    at time   54944713 ps
inst0 ch0:  R_CMD: ACTCMD    R_f0= 0x22    at time   54945127 ps
inst0 ch0:  R_CMD: ACTCMD    R_r1= 0x00    at time   54945541 ps
inst0 ch0:  R_CMD: ACTCMD    R_f1= 0x00    at time   54945955 ps
inst0 ch0:  R_CMD: ACTCMD    R_r0= 0x22    at time   54946369 ps
inst0 ch0:  R_CMD: ACTCMD    R_f0= 0x2a    at time   54946783 ps
inst0 ch0:  R_CMD: ACTCMD    R_r1= 0x00    at time   54947197 ps
inst0 ch0:  R_CMD: ACTCMD    R_f1= 0x00    at time   54947611 ps
inst0 ch0:  R_CMD: ACTCMD    R_r0= 0x02    at time   54948853 ps
inst0 ch0:  R_CMD: ACTCMD    R_f0= 0x22    at time   54949267 ps
inst0 ch0:  R_CMD: ACTCMD    R_r1= 0x00    at time   54949681 ps
inst0 ch0:  R_CMD: ACTCMD    R_f1= 0x00    at time   54950095 ps
inst0 ch0:  R_CMD: ACTCMD    R_r0= 0x02    at time   54950509 ps
inst0 ch0:  R_CMD: ACTCMD    R_f0= 0x2a    at time   54950923 ps
inst0 ch0:  R_CMD: ACTCMD    R_r1= 0x00    at time   54951337 ps
inst0 ch0:  R_CMD: ACTCMD    R_f1= 0x00    at time   54951751 ps
inst0 ch0:  R_CMD: ACTCMD    R_r0= 0x22    at time   54952993 ps
inst0 ch0:  R_CMD: ACTCMD    R_f0= 0x02    at time   54953407 ps
inst0 ch0:  R_CMD: ACTCMD    R_r1= 0x00    at time   54953821 ps
inst0 ch0:  R_CMD: ACTCMD    R_f1= 0x00    at time   54954235 ps
inst0 ch0:  R_CMD: ACTCMD    R_r0= 0x22    at time   54954649 ps
inst0 ch0:  R_CMD: ACTCMD    R_f0= 0x0a    at time   54955063 ps
inst0 ch0:  R_CMD: ACTCMD    R_r1= 0x00    at time   54955477 ps
inst0 ch0:  R_CMD: ACTCMD    R_f1= 0x00    at time   54955891 ps
inst0 ch0:  R_CMD: ACTCMD    R_r0= 0x02    at time   54957133 ps
inst0 ch0:  R_CMD: ACTCMD    R_f0= 0x02    at time   54957547 ps
inst0 ch0:  R_CMD: ACTCMD    R_r1= 0x00    at time   54957961 ps
inst0 ch0:  R_CMD: ACTCMD    R_f1= 0x00    at time   54958375 ps
inst0 ch0:  R_CMD: ACTCMD    R_r0= 0x02    at time   54958789 ps
inst0 ch0:  R_CMD: ACTCMD    R_f0= 0x0a    at time   54959203 ps
inst0 ch0:  R_CMD: ACTCMD    R_r1= 0x00    at time   54959617 ps
inst0 ch0:  C_CMD: RDCMD     C_r = 0x0c5   at time   54959617 ps
inst0 ch0:  R_CMD: ACTCMD    R_f1= 0x00    at time   54960031 ps
inst0 ch0:  C_CMD: RDCMD     C_f = 0x000   at time   54960031 ps
inst0 ch0:  C_CMD: RDCMD     C_r = 0x0c5   at time   54961273 ps
inst0 ch0:  C_CMD: RDCMD     C_f = 0x080   at time   54961687 ps
inst0 ch0:  C_CMD: RDCMD     C_r = 0x0cd   at time   54962929 ps
inst0 ch0:  C_CMD: RDCMD     C_f = 0x002   at time   54963343 ps
inst0 ch0:  C_CMD: RDCMD     C_r = 0x085   at time   54964585 ps
inst0 ch0:  C_CMD: RDCMD     C_f = 0x000   at time   54964999 ps
inst0 ch0:  C_CMD: RDCMD     C_r = 0x0cd   at time   54965413 ps
inst0 ch0:  C_CMD: RDCMD     C_f = 0x082   at time   54965827 ps
inst0 ch0:  C_CMD: RDCMD     C_r = 0x085   at time   54967069 ps
inst0 ch0:  C_CMD: RDCMD     C_f = 0x080   at time   54967483 ps
inst0 ch0:  C_CMD: RDCMD     C_r = 0x08d   at time   54967897 ps
inst0 ch0:  C_CMD: RDCMD     C_f = 0x002   at time   54968311 ps
inst0 ch0:  C_CMD: RDCMD     C_r = 0x045   at time   54969553 ps
inst0 ch0:  C_CMD: RDCMD     C_f = 0x000   at time   54969967 ps
inst0 ch0:  C_CMD: RDCMD     C_r = 0x08d   at time   54970381 ps
inst0 ch0:  C_CMD: RDCMD     C_f = 0x082   at time   54970795 ps
inst0 ch0:  C_CMD: RDCMD     C_r = 0x005   at time   54972037 ps
inst0 ch0:  C_CMD: RDCMD     C_f = 0x000   at time   54972451 ps
inst0 ch0:  C_CMD: RDCMD     C_r = 0x045   at time   54972865 ps
inst0 ch0:  C_CMD: RDCMD     C_f = 0x080   at time   54973279 ps
inst0 ch0:  C_CMD: RDCMD     C_r = 0x04d   at time   54973693 ps
inst0 ch0:  C_CMD: RDCMD     C_f = 0x002   at time   54974107 ps
inst0 ch0:  C_CMD: RDCMD     C_r = 0x005   at time   54974521 ps
inst0 ch0:  C_CMD: RDCMD     C_f = 0x080   at time   54974935 ps
inst0 ch0:  C_CMD: RDCMD     C_r = 0x00d   at time   54975349 ps
inst0 ch0:  C_CMD: RDCMD     C_f = 0x002   at time   54975763 ps
inst0 ch0:  C_CMD: RDCMD     C_r = 0x04d   at time   54976177 ps
inst0 ch0:  C_CMD: RDCMD     C_f = 0x082   at time   54976591 ps
inst0 ch0:  C_CMD: RDCMD     C_r = 0x00d   at time   54977833 ps
inst0 ch0:  C_CMD: RDCMD     C_f = 0x082   at time   54978247 ps
inst0 ch0:  R_CMD: ACTCMD    R_r0= 0x2a    at time   55516033 ps
inst0 ch0:  R_CMD: ACTCMD    R_f0= 0x22    at time   55516447 ps
inst0 ch0:  R_CMD: ACTCMD    R_r1= 0x00    at time   55516861 ps
inst0 ch0:  R_CMD: ACTCMD    R_f1= 0x00    at time   55517275 ps
inst0 ch0:  R_CMD: ACTCMD    R_r0= 0x0a    at time   55520173 ps
inst0 ch0:  R_CMD: ACTCMD    R_f0= 0x22    at time   55520587 ps
inst0 ch0:  R_CMD: ACTCMD    R_r1= 0x00    at time   55521001 ps
inst0 ch0:  R_CMD: ACTCMD    R_f1= 0x00    at time   55521415 ps
inst0 ch0:  R_CMD: ACTCMD    R_r0= 0x2a    at time   55524313 ps
inst0 ch0:  R_CMD: ACTCMD    R_f0= 0x02    at time   55524727 ps
inst0 ch0:  R_CMD: ACTCMD    R_r1= 0x00    at time   55525141 ps
inst0 ch0:  R_CMD: ACTCMD    R_f1= 0x00    at time   55525555 ps
inst0 ch0:  R_CMD: ACTCMD    R_r0= 0x0a    at time   55528453 ps
inst0 ch0:  R_CMD: ACTCMD    R_f0= 0x02    at time   55528867 ps
inst0 ch0:  R_CMD: ACTCMD    R_r1= 0x00    at time   55529281 ps
inst0 ch0:  R_CMD: ACTCMD    R_f1= 0x00    at time   55529695 ps
inst0 ch0:  R_CMD: ACTCMD    R_r0= 0x2a    at time   55530109 ps
inst0 ch0:  R_CMD: ACTCMD    R_f0= 0x2a    at time   55530523 ps
inst0 ch0:  R_CMD: ACTCMD    R_r1= 0x00    at time   55530937 ps
inst0 ch0:  C_CMD: RDCMD     C_r = 0x0d5   at time   55530937 ps
inst0 ch0:  R_CMD: ACTCMD    R_f1= 0x00    at time   55531351 ps
inst0 ch0:  C_CMD: RDCMD     C_f = 0x000   at time   55531351 ps
inst0 ch0:  R_CMD: ACTCMD    R_r0= 0x0a    at time   55534249 ps
inst0 ch0:  C_CMD: RDCMD     C_r = 0x0dd   at time   55534249 ps
inst0 ch0:  R_CMD: ACTCMD    R_f0= 0x2a    at time   55534663 ps
inst0 ch0:  C_CMD: RDCMD     C_f = 0x002   at time   55534663 ps
inst0 ch0:  R_CMD: ACTCMD    R_r1= 0x00    at time   55535077 ps
inst0 ch0:  R_CMD: ACTCMD    R_f1= 0x00    at time   55535491 ps
inst0 ch0:  C_CMD: RDCMD     C_r = 0x095   at time   55535905 ps
inst0 ch0:  C_CMD: RDCMD     C_f = 0x000   at time   55536319 ps
inst0 ch0:  R_CMD: ACTCMD    R_r0= 0x2a    at time   55538389 ps
inst0 ch0:  R_CMD: ACTCMD    R_f0= 0x0a    at time   55538803 ps
inst0 ch0:  R_CMD: ACTCMD    R_r1= 0x00    at time   55539217 ps
inst0 ch0:  C_CMD: RDCMD     C_r = 0x09d   at time   55539217 ps
inst0 ch0:  R_CMD: ACTCMD    R_f1= 0x00    at time   55539631 ps
inst0 ch0:  C_CMD: RDCMD     C_f = 0x002   at time   55539631 ps
inst0 ch0:  C_CMD: RDCMD     C_r = 0x055   at time   55540873 ps
inst0 ch0:  C_CMD: RDCMD     C_f = 0x000   at time   55541287 ps
inst0 ch0:  R_CMD: ACTCMD    R_r0= 0x0a    at time   55542529 ps
inst0 ch0:  R_CMD: ACTCMD    R_f0= 0x0a    at time   55542943 ps
inst0 ch0:  R_CMD: ACTCMD    R_r1= 0x00    at time   55543357 ps
inst0 ch0:  C_CMD: RDCMD     C_r = 0x015   at time   55543357 ps
inst0 ch0:  R_CMD: ACTCMD    R_f1= 0x00    at time   55543771 ps
inst0 ch0:  C_CMD: RDCMD     C_f = 0x000   at time   55543771 ps
inst0 ch0:  C_CMD: RDCMD     C_r = 0x05d   at time   55545013 ps
inst0 ch0:  C_CMD: RDCMD     C_f = 0x002   at time   55545427 ps
inst0 ch0:  C_CMD: RDCMD     C_r = 0x0d5   at time   55545841 ps
inst0 ch0:  C_CMD: RDCMD     C_f = 0x080   at time   55546255 ps
inst0 ch0:  C_CMD: RDCMD     C_r = 0x01d   at time   55546669 ps
inst0 ch0:  C_CMD: RDCMD     C_f = 0x002   at time   55547083 ps
inst0 ch0:  C_CMD: RDCMD     C_r = 0x0dd   at time   55549153 ps
inst0 ch0:  C_CMD: RDCMD     C_f = 0x082   at time   55549567 ps
inst0 ch0:  C_CMD: RDCMD     C_r = 0x095   at time   55550809 ps
inst0 ch0:  C_CMD: RDCMD     C_f = 0x080   at time   55551223 ps
inst0 ch0:  C_CMD: RDCMD     C_r = 0x055   at time   55553293 ps
inst0 ch0:  C_CMD: RDCMD     C_f = 0x080   at time   55553707 ps
inst0 ch0:  C_CMD: RDCMD     C_r = 0x09d   at time   55554949 ps
inst0 ch0:  C_CMD: RDCMD     C_f = 0x082   at time   55555363 ps
inst0 ch0:  C_CMD: RDCMD     C_r = 0x05d   at time   55556605 ps
inst0 ch0:  C_CMD: RDCMD     C_f = 0x082   at time   55557019 ps
inst0 ch0:  C_CMD: RDCMD     C_r = 0x015   at time   55558261 ps
inst0 ch0:  C_CMD: RDCMD     C_f = 0x080   at time   55558675 ps
inst0 ch0:  C_CMD: RDCMD     C_r = 0x01d   at time   55561573 ps
inst0 ch0:  C_CMD: RDCMD     C_f = 0x082   at time   55561987 ps
inst0 ch0:  R_CMD: ACTCMD    R_r0= 0x32    at time   55792585 ps
inst0 ch0:  R_CMD: ACTCMD    R_f0= 0x22    at time   55792999 ps
inst0 ch0:  R_CMD: ACTCMD    R_r1= 0x00    at time   55793413 ps
inst0 ch0:  R_CMD: ACTCMD    R_f1= 0x00    at time   55793827 ps
inst0 ch0:  R_CMD: ACTCMD    R_r0= 0x12    at time   55796725 ps
inst0 ch0:  R_CMD: ACTCMD    R_f0= 0x22    at time   55797139 ps
inst0 ch0:  R_CMD: ACTCMD    R_r1= 0x00    at time   55797553 ps
inst0 ch0:  R_CMD: ACTCMD    R_f1= 0x00    at time   55797967 ps
inst0 ch0:  R_CMD: ACTCMD    R_r0= 0x32    at time   55800865 ps
inst0 ch0:  R_CMD: ACTCMD    R_f0= 0x02    at time   55801279 ps
inst0 ch0:  R_CMD: ACTCMD    R_r1= 0x00    at time   55801693 ps
inst0 ch0:  R_CMD: ACTCMD    R_f1= 0x00    at time   55802107 ps
inst0 ch0:  R_CMD: ACTCMD    R_r0= 0x12    at time   55805005 ps
inst0 ch0:  R_CMD: ACTCMD    R_f0= 0x02    at time   55805419 ps
inst0 ch0:  R_CMD: ACTCMD    R_r1= 0x00    at time   55805833 ps
inst0 ch0:  R_CMD: ACTCMD    R_f1= 0x00    at time   55806247 ps
inst0 ch0:  C_CMD: RDCMD     C_r = 0x0e5   at time   55807489 ps
inst0 ch0:  C_CMD: RDCMD     C_f = 0x000   at time   55807903 ps
inst0 ch0:  C_CMD: RDCMD     C_r = 0x0ed   at time   55810801 ps
inst0 ch0:  C_CMD: RDCMD     C_f = 0x002   at time   55811215 ps
inst0 ch0:  R_CMD: ACTCMD    R_r0= 0x32    at time   55811629 ps
inst0 ch0:  R_CMD: ACTCMD    R_f0= 0x2a    at time   55812043 ps
inst0 ch0:  R_CMD: ACTCMD    R_r1= 0x00    at time   55812457 ps
inst0 ch0:  C_CMD: RDCMD     C_r = 0x0a5   at time   55812457 ps
inst0 ch0:  R_CMD: ACTCMD    R_f1= 0x00    at time   55812871 ps
inst0 ch0:  C_CMD: RDCMD     C_f = 0x000   at time   55812871 ps
inst0 ch0:  R_CMD: ACTCMD    R_r0= 0x12    at time   55815769 ps
inst0 ch0:  C_CMD: RDCMD     C_r = 0x0ad   at time   55815769 ps
inst0 ch0:  R_CMD: ACTCMD    R_f0= 0x2a    at time   55816183 ps
inst0 ch0:  C_CMD: RDCMD     C_f = 0x002   at time   55816183 ps
inst0 ch0:  R_CMD: ACTCMD    R_r1= 0x00    at time   55816597 ps
inst0 ch0:  R_CMD: ACTCMD    R_f1= 0x00    at time   55817011 ps
inst0 ch0:  C_CMD: RDCMD     C_r = 0x065   at time   55817425 ps
inst0 ch0:  C_CMD: RDCMD     C_f = 0x000   at time   55817839 ps
inst0 ch0:  R_CMD: ACTCMD    R_r0= 0x32    at time   55819909 ps
inst0 ch0:  C_CMD: RDCMD     C_r = 0x025   at time   55819909 ps
inst0 ch0:  R_CMD: ACTCMD    R_f0= 0x0a    at time   55820323 ps
inst0 ch0:  C_CMD: RDCMD     C_f = 0x000   at time   55820323 ps
inst0 ch0:  R_CMD: ACTCMD    R_r1= 0x00    at time   55820737 ps
inst0 ch0:  R_CMD: ACTCMD    R_f1= 0x00    at time   55821151 ps
inst0 ch0:  C_CMD: RDCMD     C_r = 0x06d   at time   55821565 ps
inst0 ch0:  C_CMD: RDCMD     C_f = 0x002   at time   55821979 ps
inst0 ch0:  C_CMD: RDCMD     C_r = 0x02d   at time   55823221 ps
inst0 ch0:  C_CMD: RDCMD     C_f = 0x002   at time   55823635 ps
inst0 ch0:  R_CMD: ACTCMD    R_r0= 0x12    at time   55824049 ps
inst0 ch0:  R_CMD: ACTCMD    R_f0= 0x0a    at time   55824463 ps
inst0 ch0:  R_CMD: ACTCMD    R_r1= 0x00    at time   55824877 ps
inst0 ch0:  R_CMD: ACTCMD    R_f1= 0x00    at time   55825291 ps
inst0 ch0:  C_CMD: RDCMD     C_r = 0x0e5   at time   55826533 ps
inst0 ch0:  C_CMD: RDCMD     C_f = 0x080   at time   55826947 ps
inst0 ch0:  C_CMD: RDCMD     C_r = 0x0ed   at time   55829845 ps
inst0 ch0:  C_CMD: RDCMD     C_f = 0x082   at time   55830259 ps
inst0 ch0:  C_CMD: RDCMD     C_r = 0x0a5   at time   55831501 ps
inst0 ch0:  C_CMD: RDCMD     C_f = 0x080   at time   55831915 ps
inst0 ch0:  C_CMD: RDCMD     C_r = 0x0ad   at time   55834813 ps
inst0 ch0:  C_CMD: RDCMD     C_f = 0x082   at time   55835227 ps
inst0 ch0:  C_CMD: RDCMD     C_r = 0x065   at time   55836469 ps
inst0 ch0:  C_CMD: RDCMD     C_f = 0x080   at time   55836883 ps
inst0 ch0:  C_CMD: RDCMD     C_r = 0x025   at time   55838953 ps
inst0 ch0:  C_CMD: RDCMD     C_f = 0x080   at time   55839367 ps
inst0 ch0:  C_CMD: RDCMD     C_r = 0x06d   at time   55840609 ps
inst0 ch0:  C_CMD: RDCMD     C_f = 0x082   at time   55841023 ps
inst0 ch0:  C_CMD: RDCMD     C_r = 0x02d   at time   55842265 ps
inst0 ch0:  C_CMD: RDCMD     C_f = 0x082   at time   55842679 ps
inst0 ch0:  R_CMD: ACTCMD    R_r0= 0x3a    at time   56175949 ps
inst0 ch0:  R_CMD: ACTCMD    R_f0= 0x22    at time   56176363 ps
inst0 ch0:  R_CMD: ACTCMD    R_r1= 0x00    at time   56176777 ps
inst0 ch0:  R_CMD: ACTCMD    R_f1= 0x00    at time   56177191 ps
inst0 ch0:  R_CMD: ACTCMD    R_r0= 0x1a    at time   56180089 ps
inst0 ch0:  R_CMD: ACTCMD    R_f0= 0x22    at time   56180503 ps
inst0 ch0:  R_CMD: ACTCMD    R_r1= 0x00    at time   56180917 ps
inst0 ch0:  R_CMD: ACTCMD    R_f1= 0x00    at time   56181331 ps
inst0 ch0:  R_CMD: ACTCMD    R_r0= 0x3a    at time   56184229 ps
inst0 ch0:  R_CMD: ACTCMD    R_f0= 0x02    at time   56184643 ps
inst0 ch0:  R_CMD: ACTCMD    R_r1= 0x00    at time   56185057 ps
inst0 ch0:  R_CMD: ACTCMD    R_f1= 0x00    at time   56185471 ps
inst0 ch0:  R_CMD: ACTCMD    R_r0= 0x1a    at time   56188369 ps
inst0 ch0:  R_CMD: ACTCMD    R_f0= 0x02    at time   56188783 ps
inst0 ch0:  R_CMD: ACTCMD    R_r1= 0x00    at time   56189197 ps
inst0 ch0:  R_CMD: ACTCMD    R_f1= 0x00    at time   56189611 ps
inst0 ch0:  C_CMD: RDCMD     C_r = 0x0f5   at time   56190853 ps
inst0 ch0:  C_CMD: RDCMD     C_f = 0x000   at time   56191267 ps
inst0 ch0:  C_CMD: RDCMD     C_r = 0x0fd   at time   56194165 ps
inst0 ch0:  C_CMD: RDCMD     C_f = 0x002   at time   56194579 ps
inst0 ch0:  C_CMD: RDCMD     C_r = 0x0b5   at time   56195821 ps
inst0 ch0:  C_CMD: RDCMD     C_f = 0x000   at time   56196235 ps
inst0 ch0:  C_CMD: RDCMD     C_r = 0x0bd   at time   56199133 ps
inst0 ch0:  C_CMD: RDCMD     C_f = 0x002   at time   56199547 ps
inst0 ch0:  C_CMD: RDCMD     C_r = 0x075   at time   56200789 ps
inst0 ch0:  C_CMD: RDCMD     C_f = 0x000   at time   56201203 ps
inst0 ch0:  C_CMD: RDCMD     C_r = 0x035   at time   56203273 ps
inst0 ch0:  C_CMD: RDCMD     C_f = 0x000   at time   56203687 ps
inst0 ch0:  C_CMD: RDCMD     C_r = 0x07d   at time   56204929 ps
inst0 ch0:  C_CMD: RDCMD     C_f = 0x002   at time   56205343 ps
inst0 ch0:  C_CMD: RDCMD     C_r = 0x03d   at time   56206585 ps
inst0 ch0:  C_CMD: RDCMD     C_f = 0x002   at time   56206999 ps
inst0 ch0:  R_CMD: ACTCMD    R_r0= 0x3a    at time   56498869 ps
inst0 ch0:  R_CMD: ACTCMD    R_f0= 0x2a    at time   56499283 ps
inst0 ch0:  R_CMD: ACTCMD    R_r1= 0x00    at time   56499697 ps
inst0 ch0:  R_CMD: ACTCMD    R_f1= 0x00    at time   56500111 ps
inst0 ch0:  R_CMD: ACTCMD    R_r0= 0x1a    at time   56503009 ps
inst0 ch0:  R_CMD: ACTCMD    R_f0= 0x2a    at time   56503423 ps
inst0 ch0:  R_CMD: ACTCMD    R_r1= 0x00    at time   56503837 ps
inst0 ch0:  R_CMD: ACTCMD    R_f1= 0x00    at time   56504251 ps
inst0 ch0:  R_CMD: ACTCMD    R_r0= 0x3a    at time   56507149 ps
inst0 ch0:  R_CMD: ACTCMD    R_f0= 0x0a    at time   56507563 ps
inst0 ch0:  R_CMD: ACTCMD    R_r1= 0x00    at time   56507977 ps
inst0 ch0:  R_CMD: ACTCMD    R_f1= 0x00    at time   56508391 ps
inst0 ch0:  R_CMD: ACTCMD    R_r0= 0x1a    at time   56511289 ps
inst0 ch0:  R_CMD: ACTCMD    R_f0= 0x0a    at time   56511703 ps
inst0 ch0:  R_CMD: ACTCMD    R_r1= 0x00    at time   56512117 ps
inst0 ch0:  R_CMD: ACTCMD    R_f1= 0x00    at time   56512531 ps
inst0 ch0:  C_CMD: RDCMD     C_r = 0x0f5   at time   56513773 ps
inst0 ch0:  C_CMD: RDCMD     C_f = 0x080   at time   56514187 ps
inst0 ch0:  C_CMD: RDCMD     C_r = 0x0fd   at time   56517085 ps
inst0 ch0:  C_CMD: RDCMD     C_f = 0x082   at time   56517499 ps
inst0 ch0:  C_CMD: RDCMD     C_r = 0x0b5   at time   56518741 ps
inst0 ch0:  C_CMD: RDCMD     C_f = 0x080   at time   56519155 ps
inst0 ch0:  C_CMD: RDCMD     C_r = 0x0bd   at time   56522053 ps
inst0 ch0:  C_CMD: RDCMD     C_f = 0x082   at time   56522467 ps
inst0 ch0:  C_CMD: RDCMD     C_r = 0x075   at time   56523709 ps
inst0 ch0:  C_CMD: RDCMD     C_f = 0x080   at time   56524123 ps
inst0 ch0:  C_CMD: RDCMD     C_r = 0x035   at time   56526193 ps
inst0 ch0:  C_CMD: RDCMD     C_f = 0x080   at time   56526607 ps
inst0 ch0:  C_CMD: RDCMD     C_r = 0x07d   at time   56527849 ps
inst0 ch0:  C_CMD: RDCMD     C_f = 0x082   at time   56528263 ps
inst0 ch0:  C_CMD: RDCMD     C_r = 0x03d   at time   56529505 ps
inst0 ch0:  C_CMD: RDCMD     C_f = 0x082   at time   56529919 ps
inst0 ch0:  R_CMD: ACTCMD    R_r0= 0x02    at time   56715805 ps
inst0 ch0:  R_CMD: ACTCMD    R_f0= 0x10    at time   56716219 ps
inst0 ch0:  R_CMD: ACTCMD    R_r1= 0x3f    at time   56716633 ps
inst0 ch0:  R_CMD: ACTCMD    R_f1= 0x3b    at time   56717047 ps
inst0 ch0:  C_CMD: WRCMD     C_r = 0x009   at time   56726569 ps
inst0 ch0:  C_CMD: WRCMD     C_f = 0x07a   at time   56726983 ps
inst0 ch0:  R_CMD: ACTCMD    R_r0= 0x02    at time   57127321 ps
inst0 ch0:  R_CMD: ACTCMD    R_f0= 0x18    at time   57127735 ps
inst0 ch0:  R_CMD: ACTCMD    R_r1= 0x3f    at time   57128149 ps
inst0 ch0:  R_CMD: ACTCMD    R_f1= 0x3b    at time   57128563 ps
inst0 ch0:  C_CMD: WRCMD     C_r = 0x009   at time   57138085 ps
inst0 ch0:  C_CMD: WRCMD     C_f = 0x0fa   at time   57138499 ps
inst0 ch0:  R_CMD: ACTCMD    R_r0= 0x0a    at time   57360817 ps
inst0 ch0:  R_CMD: ACTCMD    R_f0= 0x10    at time   57361231 ps
inst0 ch0:  R_CMD: ACTCMD    R_r1= 0x3f    at time   57361645 ps
inst0 ch0:  R_CMD: ACTCMD    R_f1= 0x3b    at time   57362059 ps
inst0 ch0:  C_CMD: WRCMD     C_r = 0x019   at time   57371581 ps
inst0 ch0:  C_CMD: WRCMD     C_f = 0x07a   at time   57371995 ps
inst0 ch0:  R_CMD: ACTCMD    R_r0= 0x02    at time   57593485 ps
inst0 ch0:  R_CMD: ACTCMD    R_f0= 0x30    at time   57593899 ps
inst0 ch0:  R_CMD: ACTCMD    R_r1= 0x3f    at time   57594313 ps
inst0 ch0:  R_CMD: ACTCMD    R_f1= 0x3b    at time   57594727 ps
inst0 ch0:  C_CMD: WRCMD     C_r = 0x089   at time   57604249 ps
inst0 ch0:  C_CMD: WRCMD     C_f = 0x07a   at time   57604663 ps
inst0 ch0:  R_CMD: ACTCMD    R_r0= 0x0a    at time   57728449 ps
inst0 ch0:  R_CMD: ACTCMD    R_f0= 0x30    at time   57728863 ps
inst0 ch0:  R_CMD: ACTCMD    R_r1= 0x3f    at time   57729277 ps
inst0 ch0:  R_CMD: ACTCMD    R_f1= 0x3b    at time   57729691 ps
inst0 ch0:  C_CMD: WRCMD     C_r = 0x099   at time   57739213 ps
inst0 ch0:  C_CMD: WRCMD     C_f = 0x07a   at time   57739627 ps
inst0 ch0:  R_CMD: ACTCMD    R_r0= 0x0a    at time   57764053 ps
inst0 ch0:  R_CMD: ACTCMD    R_f0= 0x18    at time   57764467 ps
inst0 ch0:  R_CMD: ACTCMD    R_r1= 0x3f    at time   57764881 ps
inst0 ch0:  R_CMD: ACTCMD    R_f1= 0x3b    at time   57765295 ps
inst0 ch0:  C_CMD: WRCMD     C_r = 0x019   at time   57774817 ps
inst0 ch0:  C_CMD: WRCMD     C_f = 0x0fa   at time   57775231 ps
inst0 ch0:  R_CMD: ACTCMD    R_r0= 0x02    at time   57891565 ps
inst0 ch0:  R_CMD: ACTCMD    R_f0= 0x38    at time   57891979 ps
inst0 ch0:  R_CMD: ACTCMD    R_r1= 0x3f    at time   57892393 ps
inst0 ch0:  R_CMD: ACTCMD    R_f1= 0x3b    at time   57892807 ps
inst0 ch0:  C_CMD: WRCMD     C_r = 0x089   at time   57902329 ps
inst0 ch0:  C_CMD: WRCMD     C_f = 0x0fa   at time   57902743 ps
inst0 ch0:  R_CMD: ACTCMD    R_r0= 0x0a    at time   58049713 ps
inst0 ch0:  R_CMD: ACTCMD    R_f0= 0x38    at time   58050127 ps
inst0 ch0:  R_CMD: ACTCMD    R_r1= 0x3f    at time   58050541 ps
inst0 ch0:  R_CMD: ACTCMD    R_f1= 0x3b    at time   58050955 ps
inst0 ch0:  C_CMD: WRCMD     C_r = 0x099   at time   58060477 ps
inst0 ch0:  C_CMD: WRCMD     C_f = 0x0fa   at time   58060891 ps
inst0 ch0:  R_CMD: ACTCMD    R_r0= 0x16    at time   58443013 ps
inst0 ch0:  R_CMD: ACTCMD    R_f0= 0x00    at time   58443427 ps
inst0 ch0:  R_CMD: ACTCMD    R_r1= 0x00    at time   58443841 ps
inst0 ch0:  R_CMD: ACTCMD    R_f1= 0x02    at time   58444255 ps
inst0 ch0:  C_CMD: RDCMD     C_r = 0x025   at time   58457917 ps
inst0 ch0:  C_CMD: RDCMD     C_f = 0x021   at time   58458331 ps
inst0 ch0:  C_CMD: RDCMD     C_r = 0x02d   at time   58461229 ps
inst0 ch0:  C_CMD: RDCMD     C_f = 0x023   at time   58461643 ps
inst0 ch0:  R_CMD: ACTCMD    R_r0= 0x16    at time   58669057 ps
inst0 ch0:  R_CMD: ACTCMD    R_f0= 0x00    at time   58669471 ps
inst0 ch0:  R_CMD: ACTCMD    R_r1= 0x00    at time   58669885 ps
inst0 ch0:  R_CMD: ACTCMD    R_f1= 0x02    at time   58670299 ps
inst0 ch0:  C_CMD: RDCMD     C_r = 0x025   at time   58683961 ps
inst0 ch0:  C_CMD: RDCMD     C_f = 0x021   at time   58684375 ps
inst0 ch0:  C_CMD: RDCMD     C_r = 0x02d   at time   58687273 ps
inst0 ch0:  C_CMD: RDCMD     C_f = 0x023   at time   58687687 ps
inst0 ch0:  R_CMD: ACTCMD    R_r0= 0x0a    at time   58969621 ps
inst0 ch0:  R_CMD: ACTCMD    R_f0= 0x13    at time   58970035 ps
inst0 ch0:  R_CMD: ACTCMD    R_r1= 0x3f    at time   58970449 ps
inst0 ch0:  R_CMD: ACTCMD    R_f1= 0x3b    at time   58970863 ps
inst0 ch0:  C_CMD: WRCMD     C_r = 0x019   at time   58980385 ps
inst0 ch0:  C_CMD: WRCMD     C_f = 0x010   at time   58980799 ps
inst0 ch0:  R_CMD: ACTCMD    R_r0= 0x16    at time   59040829 ps
inst0 ch0:  R_CMD: ACTCMD    R_f0= 0x00    at time   59041243 ps
inst0 ch0:  R_CMD: ACTCMD    R_r1= 0x00    at time   59041657 ps
inst0 ch0:  R_CMD: ACTCMD    R_f1= 0x02    at time   59042071 ps
inst0 ch0:  C_CMD: RDCMD     C_r = 0x025   at time   59055733 ps
inst0 ch0:  C_CMD: RDCMD     C_f = 0x021   at time   59056147 ps
inst0 ch0:  C_CMD: RDCMD     C_r = 0x02d   at time   59059045 ps
inst0 ch0:  C_CMD: RDCMD     C_f = 0x023   at time   59059459 ps
inst0 ch0:  R_CMD: ACTCMD    R_r0= 0x0a    at time   59076433 ps
inst0 ch0:  R_CMD: ACTCMD    R_f0= 0x1b    at time   59076847 ps
inst0 ch0:  R_CMD: ACTCMD    R_r1= 0x3f    at time   59077261 ps
inst0 ch0:  R_CMD: ACTCMD    R_f1= 0x3b    at time   59077675 ps
inst0 ch0:  C_CMD: WRCMD     C_r = 0x019   at time   59087197 ps
inst0 ch0:  C_CMD: WRCMD     C_f = 0x090   at time   59087611 ps
inst0 ch0:  R_CMD: ACTCMD    R_r0= 0x16    at time   59251141 ps
inst0 ch0:  R_CMD: ACTCMD    R_f0= 0x00    at time   59251555 ps
inst0 ch0:  R_CMD: ACTCMD    R_r1= 0x00    at time   59251969 ps
inst0 ch0:  R_CMD: ACTCMD    R_f1= 0x02    at time   59252383 ps
inst0 ch0:  C_CMD: RDCMD     C_r = 0x025   at time   59266045 ps
inst0 ch0:  C_CMD: RDCMD     C_f = 0x021   at time   59266459 ps
inst0 ch0:  C_CMD: RDCMD     C_r = 0x02d   at time   59269357 ps
inst0 ch0:  C_CMD: RDCMD     C_f = 0x023   at time   59269771 ps
inst0 ch0:  R_CMD: ACTCMD    R_r0= 0x02    at time   59460625 ps
inst0 ch0:  R_CMD: ACTCMD    R_f0= 0x1b    at time   59461039 ps
inst0 ch0:  R_CMD: ACTCMD    R_r1= 0x3f    at time   59461453 ps
inst0 ch0:  R_CMD: ACTCMD    R_f1= 0x3b    at time   59461867 ps
inst0 ch0:  R_CMD: ACTCMD    R_r0= 0x02    at time   59462281 ps
inst0 ch0:  R_CMD: ACTCMD    R_f0= 0x13    at time   59462695 ps
inst0 ch0:  R_CMD: ACTCMD    R_r1= 0x3f    at time   59463109 ps
inst0 ch0:  R_CMD: ACTCMD    R_f1= 0x3b    at time   59463523 ps
inst0 ch0:  C_CMD: WRCMD     C_r = 0x009   at time   59471389 ps
inst0 ch0:  C_CMD: WRCMD     C_f = 0x080   at time   59471803 ps
inst0 ch0:  C_CMD: WRCMD     C_r = 0x009   at time   59473045 ps
inst0 ch0:  C_CMD: WRCMD     C_f = 0x000   at time   59473459 ps
inst0 ch0:  R_CMD: ACTCMD    R_r0= 0x16    at time   59482153 ps
inst0 ch0:  R_CMD: ACTCMD    R_f0= 0x00    at time   59482567 ps
inst0 ch0:  R_CMD: ACTCMD    R_r1= 0x00    at time   59482981 ps
inst0 ch0:  R_CMD: ACTCMD    R_f1= 0x02    at time   59483395 ps
inst0 ch0:  C_CMD: RDCMD     C_r = 0x025   at time   59497057 ps
inst0 ch0:  C_CMD: RDCMD     C_f = 0x021   at time   59497471 ps
inst0 ch0:  C_CMD: RDCMD     C_r = 0x02d   at time   59500369 ps
inst0 ch0:  C_CMD: RDCMD     C_f = 0x023   at time   59500783 ps
inst0 ch0:  R_CMD: ACTCMD    R_r0= 0x16    at time   59656033 ps
inst0 ch0:  R_CMD: ACTCMD    R_f0= 0x00    at time   59656447 ps
inst0 ch0:  R_CMD: ACTCMD    R_r1= 0x00    at time   59656861 ps
inst0 ch0:  R_CMD: ACTCMD    R_f1= 0x02    at time   59657275 ps
inst0 ch0:  C_CMD: RDCMD     C_r = 0x025   at time   59670937 ps
inst0 ch0:  C_CMD: RDCMD     C_f = 0x021   at time   59671351 ps
inst0 ch0:  C_CMD: RDCMD     C_r = 0x02d   at time   59674249 ps
inst0 ch0:  C_CMD: RDCMD     C_f = 0x023   at time   59674663 ps
inst0 ch0:  R_CMD: ACTCMD    R_r0= 0x16    at time   59861377 ps
inst0 ch0:  R_CMD: ACTCMD    R_f0= 0x00    at time   59861791 ps
inst0 ch0:  R_CMD: ACTCMD    R_r1= 0x00    at time   59862205 ps
inst0 ch0:  R_CMD: ACTCMD    R_f1= 0x02    at time   59862619 ps
inst0 ch0:  C_CMD: RDCMD     C_r = 0x025   at time   59876281 ps
inst0 ch0:  C_CMD: RDCMD     C_f = 0x021   at time   59876695 ps
inst0 ch0:  C_CMD: RDCMD     C_r = 0x02d   at time   59879593 ps
inst0 ch0:  C_CMD: RDCMD     C_f = 0x023   at time   59880007 ps
inst0 ch0:  R_CMD: ACTCMD    R_r0= 0x02    at time   60862429 ps
inst0 ch0:  R_CMD: ACTCMD    R_f0= 0x00    at time   60862843 ps
inst0 ch0:  R_CMD: ACTCMD    R_r1= 0x00    at time   60863257 ps
inst0 ch0:  R_CMD: ACTCMD    R_f1= 0x00    at time   60863671 ps
inst0 ch0:  R_CMD: ACTCMD    R_r0= 0x02    at time   60870709 ps
inst0 ch0:  R_CMD: ACTCMD    R_f0= 0x08    at time   60871123 ps
inst0 ch0:  R_CMD: ACTCMD    R_r1= 0x00    at time   60871537 ps
inst0 ch0:  R_CMD: ACTCMD    R_f1= 0x00    at time   60871951 ps
inst0 ch0:  C_CMD: RDCMD     C_r = 0x005   at time   60877333 ps
inst0 ch0:  C_CMD: RDCMD     C_f = 0x018   at time   60877747 ps
inst0 ch0:  C_CMD: RDCMD     C_r = 0x005   at time   60880645 ps
inst0 ch0:  C_CMD: RDCMD     C_f = 0x01a   at time   60881059 ps
inst0 ch0:  C_CMD: RDCMD     C_r = 0x005   at time   60883957 ps
inst0 ch0:  C_CMD: RDCMD     C_f = 0x010   at time   60884371 ps
inst0 ch0:  C_CMD: RDCMD     C_r = 0x005   at time   60885613 ps
inst0 ch0:  C_CMD: RDCMD     C_f = 0x098   at time   60886027 ps
inst0 ch0:  C_CMD: RDCMD     C_r = 0x005   at time   60887269 ps
inst0 ch0:  C_CMD: RDCMD     C_f = 0x012   at time   60887683 ps
inst0 ch0:  C_CMD: RDCMD     C_r = 0x005   at time   60888925 ps
inst0 ch0:  C_CMD: RDCMD     C_f = 0x09a   at time   60889339 ps
inst0 ch0:  C_CMD: RDCMD     C_r = 0x005   at time   60890581 ps
inst0 ch0:  C_CMD: RDCMD     C_f = 0x008   at time   60890995 ps
inst0 ch0:  C_CMD: RDCMD     C_r = 0x005   at time   60892237 ps
inst0 ch0:  C_CMD: RDCMD     C_f = 0x090   at time   60892651 ps
inst0 ch0:  C_CMD: RDCMD     C_r = 0x005   at time   60893893 ps
inst0 ch0:  C_CMD: RDCMD     C_f = 0x00a   at time   60894307 ps
inst0 ch0:  C_CMD: RDCMD     C_r = 0x005   at time   60895549 ps
inst0 ch0:  C_CMD: RDCMD     C_f = 0x092   at time   60895963 ps
inst0 ch0:  C_CMD: RDCMD     C_r = 0x005   at time   60897205 ps
inst0 ch0:  C_CMD: RDCMD     C_f = 0x000   at time   60897619 ps
inst0 ch0:  C_CMD: RDCMD     C_r = 0x005   at time   60898861 ps
inst0 ch0:  C_CMD: RDCMD     C_f = 0x088   at time   60899275 ps
inst0 ch0:  C_CMD: RDCMD     C_r = 0x00d   at time   60900517 ps
inst0 ch0:  C_CMD: RDCMD     C_f = 0x002   at time   60900931 ps
inst0 ch0:  C_CMD: RDCMD     C_r = 0x005   at time   60902173 ps
inst0 ch0:  C_CMD: RDCMD     C_f = 0x08a   at time   60902587 ps
inst0 ch0:  C_CMD: RDCMD     C_r = 0x005   at time   60905485 ps
inst0 ch0:  C_CMD: RDCMD     C_f = 0x080   at time   60905899 ps
inst0 ch0:  C_CMD: RDCMD     C_r = 0x00d   at time   60908797 ps
inst0 ch0:  C_CMD: RDCMD     C_f = 0x082   at time   60909211 ps
inst0 ch0:  R_CMD: ACTCMD    R_r0= 0x0a    at time   61148917 ps
inst0 ch0:  R_CMD: ACTCMD    R_f0= 0x00    at time   61149331 ps
inst0 ch0:  R_CMD: ACTCMD    R_r1= 0x00    at time   61149745 ps
inst0 ch0:  R_CMD: ACTCMD    R_f1= 0x00    at time   61150159 ps
inst0 ch0:  C_CMD: RDCMD     C_r = 0x015   at time   61163821 ps
inst0 ch0:  C_CMD: RDCMD     C_f = 0x018   at time   61164235 ps
inst0 ch0:  C_CMD: RDCMD     C_r = 0x015   at time   61167133 ps
inst0 ch0:  C_CMD: RDCMD     C_f = 0x01a   at time   61167547 ps
inst0 ch0:  C_CMD: RDCMD     C_r = 0x015   at time   61170445 ps
inst0 ch0:  C_CMD: RDCMD     C_f = 0x010   at time   61170859 ps
inst0 ch0:  C_CMD: RDCMD     C_r = 0x015   at time   61173757 ps
inst0 ch0:  C_CMD: RDCMD     C_f = 0x012   at time   61174171 ps
inst0 ch0:  C_CMD: RDCMD     C_r = 0x015   at time   61177069 ps
inst0 ch0:  C_CMD: RDCMD     C_f = 0x008   at time   61177483 ps
inst0 ch0:  C_CMD: RDCMD     C_r = 0x015   at time   61180381 ps
inst0 ch0:  C_CMD: RDCMD     C_f = 0x00a   at time   61180795 ps
inst0 ch0:  C_CMD: RDCMD     C_r = 0x015   at time   61183693 ps
inst0 ch0:  C_CMD: RDCMD     C_f = 0x000   at time   61184107 ps
inst0 ch0:  C_CMD: RDCMD     C_r = 0x01d   at time   61187005 ps
inst0 ch0:  C_CMD: RDCMD     C_f = 0x002   at time   61187419 ps
inst0 ch0:  R_CMD: ACTCMD    R_r0= 0x0a    at time   61377445 ps
inst0 ch0:  R_CMD: ACTCMD    R_f0= 0x08    at time   61377859 ps
inst0 ch0:  R_CMD: ACTCMD    R_r1= 0x00    at time   61378273 ps
inst0 ch0:  R_CMD: ACTCMD    R_f1= 0x00    at time   61378687 ps
inst0 ch0:  C_CMD: RDCMD     C_r = 0x015   at time   61392349 ps
inst0 ch0:  C_CMD: RDCMD     C_f = 0x098   at time   61392763 ps
inst0 ch0:  C_CMD: RDCMD     C_r = 0x015   at time   61395661 ps
inst0 ch0:  C_CMD: RDCMD     C_f = 0x09a   at time   61396075 ps
inst0 ch0:  C_CMD: RDCMD     C_r = 0x015   at time   61398973 ps
inst0 ch0:  C_CMD: RDCMD     C_f = 0x090   at time   61399387 ps
inst0 ch0:  C_CMD: RDCMD     C_r = 0x015   at time   61402285 ps
inst0 ch0:  C_CMD: RDCMD     C_f = 0x092   at time   61402699 ps
inst0 ch0:  C_CMD: RDCMD     C_r = 0x015   at time   61405597 ps
inst0 ch0:  C_CMD: RDCMD     C_f = 0x088   at time   61406011 ps
inst0 ch0:  C_CMD: RDCMD     C_r = 0x015   at time   61408909 ps
inst0 ch0:  C_CMD: RDCMD     C_f = 0x08a   at time   61409323 ps
inst0 ch0:  C_CMD: RDCMD     C_r = 0x015   at time   61412221 ps
inst0 ch0:  C_CMD: RDCMD     C_f = 0x080   at time   61412635 ps
inst0 ch0:  C_CMD: RDCMD     C_r = 0x01d   at time   61415533 ps
inst0 ch0:  C_CMD: RDCMD     C_f = 0x082   at time   61415947 ps
inst0 ch0:  R_CMD: ACTCMD    R_r0= 0x0a    at time   61475977 ps
inst0 ch0:  R_CMD: ACTCMD    R_f0= 0x00    at time   61476391 ps
inst0 ch0:  R_CMD: ACTCMD    R_r1= 0x00    at time   61476805 ps
inst0 ch0:  R_CMD: ACTCMD    R_f1= 0x00    at time   61477219 ps
inst0 ch0:  C_CMD: WRCMD     C_r = 0x011   at time   61486741 ps
inst0 ch0:  C_CMD: WRCMD     C_f = 0x038   at time   61487155 ps
inst0 ch0:  C_CMD: WRCMD     C_r = 0x019   at time   61490053 ps
inst0 ch0:  C_CMD: WRCMD     C_f = 0x03a   at time   61490467 ps
inst0 ch0:  R_CMD: ACTCMD    R_r0= 0x0a    at time   61552981 ps
inst0 ch0:  R_CMD: ACTCMD    R_f0= 0x00    at time   61553395 ps
inst0 ch0:  R_CMD: ACTCMD    R_r1= 0x00    at time   61553809 ps
inst0 ch0:  R_CMD: ACTCMD    R_f1= 0x00    at time   61554223 ps
inst0 ch0:  C_CMD: WRCMD     C_r = 0x011   at time   61563745 ps
inst0 ch0:  C_CMD: WRCMD     C_f = 0x030   at time   61564159 ps
inst0 ch0:  C_CMD: WRCMD     C_r = 0x011   at time   61567057 ps
inst0 ch0:  C_CMD: WRCMD     C_f = 0x032   at time   61567471 ps
inst0 ch0:  C_CMD: WRCMD     C_r = 0x011   at time   61570369 ps
inst0 ch0:  C_CMD: WRCMD     C_f = 0x028   at time   61570783 ps
inst0 ch0:  C_CMD: WRCMD     C_r = 0x011   at time   61573681 ps
inst0 ch0:  C_CMD: WRCMD     C_f = 0x02a   at time   61574095 ps
inst0 ch0:  C_CMD: WRCMD     C_r = 0x011   at time   61576993 ps
inst0 ch0:  C_CMD: WRCMD     C_f = 0x020   at time   61577407 ps
inst0 ch0:  C_CMD: WRCMD     C_r = 0x019   at time   61580305 ps
inst0 ch0:  C_CMD: WRCMD     C_f = 0x022   at time   61580719 ps
inst0 ch0:  R_CMD: ACTCMD    R_r0= 0x0a    at time   61651513 ps
inst0 ch0:  R_CMD: ACTCMD    R_f0= 0x08    at time   61651927 ps
inst0 ch0:  R_CMD: ACTCMD    R_r1= 0x00    at time   61652341 ps
inst0 ch0:  R_CMD: ACTCMD    R_f1= 0x00    at time   61652755 ps
inst0 ch0:  C_CMD: WRCMD     C_r = 0x011   at time   61662277 ps
inst0 ch0:  C_CMD: WRCMD     C_f = 0x0b8   at time   61662691 ps
inst0 ch0:  C_CMD: WRCMD     C_r = 0x011   at time   61665589 ps
inst0 ch0:  C_CMD: WRCMD     C_f = 0x0ba   at time   61666003 ps
inst0 ch0:  C_CMD: WRCMD     C_r = 0x011   at time   61668901 ps
inst0 ch0:  C_CMD: WRCMD     C_f = 0x0b0   at time   61669315 ps
inst0 ch0:  C_CMD: WRCMD     C_r = 0x011   at time   61672213 ps
inst0 ch0:  C_CMD: WRCMD     C_f = 0x0b2   at time   61672627 ps
inst0 ch0:  C_CMD: WRCMD     C_r = 0x011   at time   61675525 ps
inst0 ch0:  C_CMD: WRCMD     C_f = 0x0a8   at time   61675939 ps
inst0 ch0:  C_CMD: WRCMD     C_r = 0x011   at time   61678837 ps
inst0 ch0:  C_CMD: WRCMD     C_f = 0x0aa   at time   61679251 ps
inst0 ch0:  C_CMD: WRCMD     C_r = 0x011   at time   61682149 ps
inst0 ch0:  C_CMD: WRCMD     C_f = 0x0a0   at time   61682563 ps
inst0 ch0:  C_CMD: WRCMD     C_r = 0x019   at time   61685461 ps
inst0 ch0:  C_CMD: WRCMD     C_f = 0x0a2   at time   61685875 ps
inst0 ch0:  R_CMD: ACTCMD    R_r0= 0x02    at time   62393401 ps
inst0 ch0:  R_CMD: ACTCMD    R_f0= 0x13    at time   62393815 ps
inst0 ch0:  R_CMD: ACTCMD    R_r1= 0x3f    at time   62394229 ps
inst0 ch0:  R_CMD: ACTCMD    R_f1= 0x3b    at time   62394643 ps
inst0 ch0:  C_CMD: WRCMD     C_r = 0x009   at time   62404165 ps
inst0 ch0:  C_CMD: WRCMD     C_f = 0x000   at time   62404579 ps
inst0 ch0:  R_CMD: ACTCMD    R_r0= 0x02    at time   62543269 ps
inst0 ch0:  R_CMD: ACTCMD    R_f0= 0x1b    at time   62543683 ps
inst0 ch0:  R_CMD: ACTCMD    R_r1= 0x3f    at time   62544097 ps
inst0 ch0:  R_CMD: ACTCMD    R_f1= 0x3b    at time   62544511 ps
inst0 ch0:  C_CMD: WRCMD     C_r = 0x009   at time   62554033 ps
inst0 ch0:  C_CMD: WRCMD     C_f = 0x080   at time   62554447 ps
inst0 ch0:  R_CMD: ACTCMD    R_r0= 0x0a    at time   62873641 ps
inst0 ch0:  R_CMD: ACTCMD    R_f0= 0x11    at time   62874055 ps
inst0 ch0:  R_CMD: ACTCMD    R_r1= 0x3f    at time   62874469 ps
inst0 ch0:  R_CMD: ACTCMD    R_f1= 0x3b    at time   62874883 ps
inst0 ch0:  R_CMD: ACTCMD    R_r0= 0x02    at time   62877781 ps
inst0 ch0:  R_CMD: ACTCMD    R_f0= 0x11    at time   62878195 ps
inst0 ch0:  R_CMD: ACTCMD    R_r1= 0x3f    at time   62878609 ps
inst0 ch0:  R_CMD: ACTCMD    R_f1= 0x3b    at time   62879023 ps
inst0 ch0:  C_CMD: WRCMD     C_r = 0x019   at time   62884405 ps
inst0 ch0:  C_CMD: WRCMD     C_f = 0x07a   at time   62884819 ps
inst0 ch0:  C_CMD: WRCMD     C_r = 0x009   at time   62888545 ps
inst0 ch0:  C_CMD: WRCMD     C_f = 0x07a   at time   62888959 ps
inst0 ch0:  R_CMD: ACTCMD    R_r0= 0x0a    at time   62997013 ps
inst0 ch0:  R_CMD: ACTCMD    R_f0= 0x19    at time   62997427 ps
inst0 ch0:  R_CMD: ACTCMD    R_r1= 0x3f    at time   62997841 ps
inst0 ch0:  R_CMD: ACTCMD    R_f1= 0x3b    at time   62998255 ps
inst0 ch0:  R_CMD: ACTCMD    R_r0= 0x02    at time   63001153 ps
inst0 ch0:  R_CMD: ACTCMD    R_f0= 0x19    at time   63001567 ps
inst0 ch0:  R_CMD: ACTCMD    R_r1= 0x3f    at time   63001981 ps
inst0 ch0:  R_CMD: ACTCMD    R_f1= 0x3b    at time   63002395 ps
inst0 ch0:  C_CMD: WRCMD     C_r = 0x019   at time   63007777 ps
inst0 ch0:  C_CMD: WRCMD     C_f = 0x0fa   at time   63008191 ps
inst0 ch0:  C_CMD: WRCMD     C_r = 0x009   at time   63011917 ps
inst0 ch0:  C_CMD: WRCMD     C_f = 0x0fa   at time   63012331 ps
inst0 ch0:  R_CMD: ACTCMD    R_r0= 0x0a    at time   63261973 ps
inst0 ch0:  R_CMD: ACTCMD    R_f0= 0x02    at time   63262387 ps
inst0 ch0:  R_CMD: ACTCMD    R_r1= 0x00    at time   63262801 ps
inst0 ch0:  R_CMD: ACTCMD    R_f1= 0x00    at time   63263215 ps
inst0 ch0:  R_CMD: ACTCMD    R_r0= 0x02    at time   63266113 ps
inst0 ch0:  R_CMD: ACTCMD    R_f0= 0x02    at time   63266527 ps
inst0 ch0:  R_CMD: ACTCMD    R_r1= 0x00    at time   63266941 ps
inst0 ch0:  R_CMD: ACTCMD    R_f1= 0x00    at time   63267355 ps
inst0 ch0:  C_CMD: RDCMD     C_r = 0x015   at time   63276877 ps
inst0 ch0:  C_CMD: RDCMD     C_f = 0x000   at time   63277291 ps
inst0 ch0:  C_CMD: RDCMD     C_r = 0x01d   at time   63280189 ps
inst0 ch0:  C_CMD: RDCMD     C_f = 0x002   at time   63280603 ps
inst0 ch0:  C_CMD: RDCMD     C_r = 0x005   at time   63283501 ps
inst0 ch0:  C_CMD: RDCMD     C_f = 0x000   at time   63283915 ps
inst0 ch0:  C_CMD: RDCMD     C_r = 0x00d   at time   63286813 ps
inst0 ch0:  C_CMD: RDCMD     C_f = 0x002   at time   63287227 ps
inst0 ch0:  R_CMD: ACTCMD    R_r0= 0x0a    at time   63357193 ps
inst0 ch0:  R_CMD: ACTCMD    R_f0= 0x0a    at time   63357607 ps
inst0 ch0:  R_CMD: ACTCMD    R_r1= 0x00    at time   63358021 ps
inst0 ch0:  R_CMD: ACTCMD    R_f1= 0x00    at time   63358435 ps
inst0 ch0:  R_CMD: ACTCMD    R_r0= 0x02    at time   63361333 ps
inst0 ch0:  R_CMD: ACTCMD    R_f0= 0x0a    at time   63361747 ps
inst0 ch0:  R_CMD: ACTCMD    R_r1= 0x00    at time   63362161 ps
inst0 ch0:  R_CMD: ACTCMD    R_f1= 0x00    at time   63362575 ps
inst0 ch0:  C_CMD: RDCMD     C_r = 0x015   at time   63372097 ps
inst0 ch0:  C_CMD: RDCMD     C_f = 0x080   at time   63372511 ps
inst0 ch0:  C_CMD: RDCMD     C_r = 0x01d   at time   63375409 ps
inst0 ch0:  C_CMD: RDCMD     C_f = 0x082   at time   63375823 ps
inst0 ch0:  C_CMD: RDCMD     C_r = 0x005   at time   63378721 ps
inst0 ch0:  C_CMD: RDCMD     C_f = 0x080   at time   63379135 ps
inst0 ch0:  C_CMD: RDCMD     C_r = 0x00d   at time   63382033 ps
inst0 ch0:  C_CMD: RDCMD     C_f = 0x082   at time   63382447 ps
