inst0 ch0:  R_CMD: ACTCMD    R_r0= 0x0e    at time   33400981 ps
inst0 ch0:  R_CMD: ACTCMD    R_f0= 0x28    at time   33401395 ps
inst0 ch0:  R_CMD: ACTCMD    R_r1= 0x00    at time   33401809 ps
inst0 ch0:  R_CMD: ACTCMD    R_f1= 0x02    at time   33402223 ps
inst0 ch0:  C_CMD: RDCMD     C_r = 0x095   at time   33415885 ps
inst0 ch0:  C_CMD: RDCMD     C_f = 0x0a9   at time   33416299 ps
inst0 ch0:  R_CMD: ACTCMD    R_r0= 0x0e    at time   33419197 ps
inst0 ch0:  C_CMD: RDCMD     C_r = 0x095   at time   33419197 ps
inst0 ch0:  R_CMD: ACTCMD    R_f0= 0x20    at time   33419611 ps
inst0 ch0:  C_CMD: RDCMD     C_f = 0x0ab   at time   33419611 ps
inst0 ch0:  R_CMD: ACTCMD    R_r1= 0x00    at time   33420025 ps
inst0 ch0:  R_CMD: ACTCMD    R_f1= 0x02    at time   33420439 ps
inst0 ch0:  C_CMD: RDCMD     C_r = 0x095   at time   33422509 ps
inst0 ch0:  C_CMD: RDCMD     C_f = 0x0a1   at time   33422923 ps
inst0 ch0:  C_CMD: RDCMD     C_r = 0x09d   at time   33425821 ps
inst0 ch0:  C_CMD: RDCMD     C_f = 0x0a3   at time   33426235 ps
inst0 ch0:  C_CMD: RDCMD     C_r = 0x095   at time   33434101 ps
inst0 ch0:  C_CMD: RDCMD     C_f = 0x029   at time   33434515 ps
inst0 ch0:  C_CMD: RDCMD     C_r = 0x095   at time   33437413 ps
inst0 ch0:  C_CMD: RDCMD     C_f = 0x02b   at time   33437827 ps
inst0 ch0:  C_CMD: RDCMD     C_r = 0x095   at time   33440725 ps
inst0 ch0:  C_CMD: RDCMD     C_f = 0x021   at time   33441139 ps
inst0 ch0:  C_CMD: RDCMD     C_r = 0x09d   at time   33444037 ps
inst0 ch0:  C_CMD: RDCMD     C_f = 0x023   at time   33444451 ps
inst0 ch0:  R_CMD: ACTCMD    R_r0= 0x0e    at time   33599701 ps
inst0 ch0:  R_CMD: ACTCMD    R_f0= 0x28    at time   33600115 ps
inst0 ch0:  R_CMD: ACTCMD    R_r1= 0x00    at time   33600529 ps
inst0 ch0:  R_CMD: ACTCMD    R_f1= 0x02    at time   33600943 ps
inst0 ch0:  R_CMD: ACTCMD    R_r0= 0x0e    at time   33601357 ps
inst0 ch0:  R_CMD: ACTCMD    R_f0= 0x20    at time   33601771 ps
inst0 ch0:  R_CMD: ACTCMD    R_r1= 0x00    at time   33602185 ps
inst0 ch0:  R_CMD: ACTCMD    R_f1= 0x02    at time   33602599 ps
inst0 ch0:  C_CMD: WRCMD     C_r = 0x091   at time   33610465 ps
inst0 ch0:  C_CMD: WRCMD     C_f = 0x0a9   at time   33610879 ps
inst0 ch0:  C_CMD: WRCMD     C_r = 0x091   at time   33612121 ps
inst0 ch0:  C_CMD: WRCMD     C_f = 0x029   at time   33612535 ps
inst0 ch0:  C_CMD: WRCMD     C_r = 0x091   at time   33613777 ps
inst0 ch0:  C_CMD: WRCMD     C_f = 0x0ab   at time   33614191 ps
inst0 ch0:  C_CMD: WRCMD     C_r = 0x091   at time   33615433 ps
inst0 ch0:  C_CMD: WRCMD     C_f = 0x02b   at time   33615847 ps
inst0 ch0:  C_CMD: WRCMD     C_r = 0x091   at time   33617089 ps
inst0 ch0:  C_CMD: WRCMD     C_f = 0x0a1   at time   33617503 ps
inst0 ch0:  C_CMD: WRCMD     C_r = 0x091   at time   33618745 ps
inst0 ch0:  C_CMD: WRCMD     C_f = 0x021   at time   33619159 ps
inst0 ch0:  C_CMD: WRCMD     C_r = 0x099   at time   33620401 ps
inst0 ch0:  C_CMD: WRCMD     C_f = 0x0a3   at time   33620815 ps
inst0 ch0:  C_CMD: WRCMD     C_r = 0x099   at time   33622057 ps
inst0 ch0:  C_CMD: WRCMD     C_f = 0x023   at time   33622471 ps
inst0 ch0:  R_CMD: ACTCMD    R_r0= 0x2e    at time   37730593 ps
inst0 ch0:  R_CMD: ACTCMD    R_f0= 0x28    at time   37731007 ps
inst0 ch0:  R_CMD: ACTCMD    R_r1= 0x00    at time   37731421 ps
inst0 ch0:  R_CMD: ACTCMD    R_f1= 0x02    at time   37731835 ps
inst0 ch0:  R_CMD: ACTCMD    R_r0= 0x2e    at time   37735561 ps
inst0 ch0:  R_CMD: ACTCMD    R_f0= 0x20    at time   37735975 ps
inst0 ch0:  R_CMD: ACTCMD    R_r1= 0x00    at time   37736389 ps
inst0 ch0:  R_CMD: ACTCMD    R_f1= 0x02    at time   37736803 ps
inst0 ch0:  C_CMD: RDCMD     C_r = 0x0d5   at time   37745497 ps
inst0 ch0:  C_CMD: RDCMD     C_f = 0x0a9   at time   37745911 ps
inst0 ch0:  C_CMD: RDCMD     C_r = 0x0d5   at time   37748809 ps
inst0 ch0:  C_CMD: RDCMD     C_f = 0x0ab   at time   37749223 ps
inst0 ch0:  C_CMD: RDCMD     C_r = 0x0d5   at time   37750465 ps
inst0 ch0:  C_CMD: RDCMD     C_f = 0x029   at time   37750879 ps
inst0 ch0:  C_CMD: RDCMD     C_r = 0x0d5   at time   37752121 ps
inst0 ch0:  C_CMD: RDCMD     C_f = 0x0a1   at time   37752535 ps
inst0 ch0:  C_CMD: RDCMD     C_r = 0x0d5   at time   37753777 ps
inst0 ch0:  C_CMD: RDCMD     C_f = 0x02b   at time   37754191 ps
inst0 ch0:  C_CMD: RDCMD     C_r = 0x0dd   at time   37755433 ps
inst0 ch0:  C_CMD: RDCMD     C_f = 0x0a3   at time   37755847 ps
inst0 ch0:  C_CMD: RDCMD     C_r = 0x0d5   at time   37757089 ps
inst0 ch0:  C_CMD: RDCMD     C_f = 0x021   at time   37757503 ps
inst0 ch0:  C_CMD: RDCMD     C_r = 0x0dd   at time   37760401 ps
inst0 ch0:  C_CMD: RDCMD     C_f = 0x023   at time   37760815 ps
inst0 ch0:  R_CMD: ACTCMD    R_r0= 0x2e    at time   37872181 ps
inst0 ch0:  R_CMD: ACTCMD    R_f0= 0x28    at time   37872595 ps
inst0 ch0:  R_CMD: ACTCMD    R_r1= 0x00    at time   37873009 ps
inst0 ch0:  R_CMD: ACTCMD    R_f1= 0x02    at time   37873423 ps
inst0 ch0:  R_CMD: ACTCMD    R_r0= 0x2e    at time   37878805 ps
inst0 ch0:  R_CMD: ACTCMD    R_f0= 0x20    at time   37879219 ps
inst0 ch0:  R_CMD: ACTCMD    R_r1= 0x00    at time   37879633 ps
inst0 ch0:  R_CMD: ACTCMD    R_f1= 0x02    at time   37880047 ps
inst0 ch0:  C_CMD: WRCMD     C_r = 0x0d1   at time   37882945 ps
inst0 ch0:  C_CMD: WRCMD     C_f = 0x0a9   at time   37883359 ps
inst0 ch0:  C_CMD: WRCMD     C_r = 0x0d1   at time   37886257 ps
inst0 ch0:  C_CMD: WRCMD     C_f = 0x0ab   at time   37886671 ps
inst0 ch0:  C_CMD: WRCMD     C_r = 0x0d1   at time   37889569 ps
inst0 ch0:  C_CMD: WRCMD     C_f = 0x029   at time   37889983 ps
inst0 ch0:  C_CMD: WRCMD     C_r = 0x0d1   at time   37890397 ps
inst0 ch0:  C_CMD: WRCMD     C_f = 0x0a1   at time   37890811 ps
inst0 ch0:  C_CMD: WRCMD     C_r = 0x0d1   at time   37892881 ps
inst0 ch0:  C_CMD: WRCMD     C_f = 0x02b   at time   37893295 ps
inst0 ch0:  C_CMD: WRCMD     C_r = 0x0d9   at time   37893709 ps
inst0 ch0:  C_CMD: WRCMD     C_f = 0x0a3   at time   37894123 ps
inst0 ch0:  C_CMD: WRCMD     C_r = 0x0d1   at time   37896193 ps
inst0 ch0:  C_CMD: WRCMD     C_f = 0x021   at time   37896607 ps
inst0 ch0:  C_CMD: WRCMD     C_r = 0x0d9   at time   37899505 ps
inst0 ch0:  C_CMD: WRCMD     C_f = 0x023   at time   37899919 ps
inst0 ch0:  R_CMD: ACTCMD    R_r0= 0x2e    at time   52840765 ps
inst0 ch0:  R_CMD: ACTCMD    R_f0= 0x20    at time   52841179 ps
inst0 ch0:  R_CMD: ACTCMD    R_r1= 0x00    at time   52841593 ps
inst0 ch0:  R_CMD: ACTCMD    R_f1= 0x02    at time   52842007 ps
inst0 ch0:  C_CMD: RDCMD     C_r = 0x0d5   at time   52855669 ps
inst0 ch0:  C_CMD: RDCMD     C_f = 0x021   at time   52856083 ps
inst0 ch0:  C_CMD: RDCMD     C_r = 0x0dd   at time   52858981 ps
inst0 ch0:  C_CMD: RDCMD     C_f = 0x023   at time   52859395 ps
inst0 ch0:  R_CMD: ACTCMD    R_r0= 0x2e    at time   54264097 ps
inst0 ch0:  R_CMD: ACTCMD    R_f0= 0x28    at time   54264511 ps
inst0 ch0:  R_CMD: ACTCMD    R_r1= 0x00    at time   54264925 ps
inst0 ch0:  R_CMD: ACTCMD    R_f1= 0x02    at time   54265339 ps
inst0 ch0:  C_CMD: RDCMD     C_r = 0x0d5   at time   54279001 ps
inst0 ch0:  C_CMD: RDCMD     C_f = 0x0a1   at time   54279415 ps
inst0 ch0:  C_CMD: RDCMD     C_r = 0x0dd   at time   54282313 ps
inst0 ch0:  C_CMD: RDCMD     C_f = 0x0a3   at time   54282727 ps
inst0 ch0:  R_CMD: ACTCMD    R_r0= 0x2e    at time   54413965 ps
inst0 ch0:  R_CMD: ACTCMD    R_f0= 0x20    at time   54414379 ps
inst0 ch0:  R_CMD: ACTCMD    R_r1= 0x00    at time   54414793 ps
inst0 ch0:  R_CMD: ACTCMD    R_f1= 0x02    at time   54415207 ps
inst0 ch0:  C_CMD: RDCMD     C_r = 0x0d5   at time   54428869 ps
inst0 ch0:  C_CMD: RDCMD     C_f = 0x029   at time   54429283 ps
inst0 ch0:  C_CMD: RDCMD     C_r = 0x0dd   at time   54432181 ps
inst0 ch0:  C_CMD: RDCMD     C_f = 0x02b   at time   54432595 ps
inst0 ch0:  R_CMD: ACTCMD    R_r0= 0x2e    at time   54611857 ps
inst0 ch0:  R_CMD: ACTCMD    R_f0= 0x28    at time   54612271 ps
inst0 ch0:  R_CMD: ACTCMD    R_r1= 0x00    at time   54612685 ps
inst0 ch0:  R_CMD: ACTCMD    R_f1= 0x02    at time   54613099 ps
inst0 ch0:  C_CMD: RDCMD     C_r = 0x0d5   at time   54626761 ps
inst0 ch0:  C_CMD: RDCMD     C_f = 0x0a9   at time   54627175 ps
inst0 ch0:  C_CMD: RDCMD     C_r = 0x0dd   at time   54630073 ps
inst0 ch0:  C_CMD: RDCMD     C_f = 0x0ab   at time   54630487 ps
inst0 ch0:  R_CMD: ACTCMD    R_r0= 0x22    at time   54646633 ps
inst0 ch0:  R_CMD: ACTCMD    R_f0= 0x2a    at time   54647047 ps
inst0 ch0:  R_CMD: ACTCMD    R_r1= 0x00    at time   54647461 ps
inst0 ch0:  R_CMD: ACTCMD    R_f1= 0x00    at time   54647875 ps
inst0 ch0:  R_CMD: ACTCMD    R_r0= 0x02    at time   54650773 ps
inst0 ch0:  R_CMD: ACTCMD    R_f0= 0x2a    at time   54651187 ps
inst0 ch0:  R_CMD: ACTCMD    R_r1= 0x00    at time   54651601 ps
inst0 ch0:  R_CMD: ACTCMD    R_f1= 0x00    at time   54652015 ps
inst0 ch0:  R_CMD: ACTCMD    R_r0= 0x22    at time   54652429 ps
inst0 ch0:  R_CMD: ACTCMD    R_f0= 0x22    at time   54652843 ps
inst0 ch0:  R_CMD: ACTCMD    R_r1= 0x00    at time   54653257 ps
inst0 ch0:  R_CMD: ACTCMD    R_f1= 0x00    at time   54653671 ps
inst0 ch0:  R_CMD: ACTCMD    R_r0= 0x22    at time   54654913 ps
inst0 ch0:  R_CMD: ACTCMD    R_f0= 0x0a    at time   54655327 ps
inst0 ch0:  R_CMD: ACTCMD    R_r1= 0x00    at time   54655741 ps
inst0 ch0:  R_CMD: ACTCMD    R_f1= 0x00    at time   54656155 ps
inst0 ch0:  R_CMD: ACTCMD    R_r0= 0x02    at time   54656569 ps
inst0 ch0:  R_CMD: ACTCMD    R_f0= 0x22    at time   54656983 ps
inst0 ch0:  R_CMD: ACTCMD    R_r1= 0x00    at time   54657397 ps
inst0 ch0:  R_CMD: ACTCMD    R_f1= 0x00    at time   54657811 ps
inst0 ch0:  R_CMD: ACTCMD    R_r0= 0x02    at time   54659053 ps
inst0 ch0:  R_CMD: ACTCMD    R_f0= 0x0a    at time   54659467 ps
inst0 ch0:  R_CMD: ACTCMD    R_r1= 0x00    at time   54659881 ps
inst0 ch0:  R_CMD: ACTCMD    R_f1= 0x00    at time   54660295 ps
inst0 ch0:  R_CMD: ACTCMD    R_r0= 0x22    at time   54660709 ps
inst0 ch0:  R_CMD: ACTCMD    R_f0= 0x02    at time   54661123 ps
inst0 ch0:  R_CMD: ACTCMD    R_r1= 0x00    at time   54661537 ps
inst0 ch0:  C_CMD: RDCMD     C_r = 0x0c5   at time   54661537 ps
inst0 ch0:  R_CMD: ACTCMD    R_f1= 0x00    at time   54661951 ps
inst0 ch0:  C_CMD: RDCMD     C_f = 0x080   at time   54661951 ps
inst0 ch0:  R_CMD: ACTCMD    R_r0= 0x02    at time   54664849 ps
inst0 ch0:  C_CMD: RDCMD     C_r = 0x0cd   at time   54664849 ps
inst0 ch0:  R_CMD: ACTCMD    R_f0= 0x02    at time   54665263 ps
inst0 ch0:  C_CMD: RDCMD     C_f = 0x082   at time   54665263 ps
inst0 ch0:  R_CMD: ACTCMD    R_r1= 0x00    at time   54665677 ps
inst0 ch0:  R_CMD: ACTCMD    R_f1= 0x00    at time   54666091 ps
inst0 ch0:  C_CMD: RDCMD     C_r = 0x085   at time   54666505 ps
inst0 ch0:  C_CMD: RDCMD     C_f = 0x080   at time   54666919 ps
inst0 ch0:  C_CMD: RDCMD     C_r = 0x0c5   at time   54667333 ps
inst0 ch0:  C_CMD: RDCMD     C_f = 0x000   at time   54667747 ps
inst0 ch0:  C_CMD: RDCMD     C_r = 0x08d   at time   54669817 ps
inst0 ch0:  C_CMD: RDCMD     C_f = 0x082   at time   54670231 ps
inst0 ch0:  C_CMD: RDCMD     C_r = 0x0cd   at time   54670645 ps
inst0 ch0:  C_CMD: RDCMD     C_f = 0x002   at time   54671059 ps
inst0 ch0:  C_CMD: RDCMD     C_r = 0x045   at time   54671473 ps
inst0 ch0:  C_CMD: RDCMD     C_f = 0x080   at time   54671887 ps
inst0 ch0:  C_CMD: RDCMD     C_r = 0x085   at time   54672301 ps
inst0 ch0:  C_CMD: RDCMD     C_f = 0x000   at time   54672715 ps
inst0 ch0:  C_CMD: RDCMD     C_r = 0x005   at time   54673957 ps
inst0 ch0:  C_CMD: RDCMD     C_f = 0x080   at time   54674371 ps
inst0 ch0:  C_CMD: RDCMD     C_r = 0x04d   at time   54675613 ps
inst0 ch0:  C_CMD: RDCMD     C_f = 0x082   at time   54676027 ps
inst0 ch0:  C_CMD: RDCMD     C_r = 0x08d   at time   54676441 ps
inst0 ch0:  C_CMD: RDCMD     C_f = 0x002   at time   54676855 ps
inst0 ch0:  C_CMD: RDCMD     C_r = 0x00d   at time   54677269 ps
inst0 ch0:  C_CMD: RDCMD     C_f = 0x082   at time   54677683 ps
inst0 ch0:  C_CMD: RDCMD     C_r = 0x045   at time   54678097 ps
inst0 ch0:  C_CMD: RDCMD     C_f = 0x000   at time   54678511 ps
inst0 ch0:  C_CMD: RDCMD     C_r = 0x005   at time   54679753 ps
inst0 ch0:  C_CMD: RDCMD     C_f = 0x000   at time   54680167 ps
inst0 ch0:  C_CMD: RDCMD     C_r = 0x04d   at time   54681409 ps
inst0 ch0:  C_CMD: RDCMD     C_f = 0x002   at time   54681823 ps
inst0 ch0:  C_CMD: RDCMD     C_r = 0x00d   at time   54683065 ps
inst0 ch0:  C_CMD: RDCMD     C_f = 0x002   at time   54683479 ps
inst0 ch0:  R_CMD: ACTCMD    R_r0= 0x2a    at time   54992737 ps
inst0 ch0:  R_CMD: ACTCMD    R_f0= 0x22    at time   54993151 ps
inst0 ch0:  R_CMD: ACTCMD    R_r1= 0x00    at time   54993565 ps
inst0 ch0:  R_CMD: ACTCMD    R_f1= 0x00    at time   54993979 ps
inst0 ch0:  C_CMD: RDCMD     C_r = 0x0d5   at time   55007641 ps
inst0 ch0:  C_CMD: RDCMD     C_f = 0x000   at time   55008055 ps
inst0 ch0:  C_CMD: RDCMD     C_r = 0x0dd   at time   55010953 ps
inst0 ch0:  C_CMD: RDCMD     C_f = 0x002   at time   55011367 ps
inst0 ch0:  R_CMD: ACTCMD    R_r0= 0x0a    at time   55040761 ps
inst0 ch0:  R_CMD: ACTCMD    R_f0= 0x22    at time   55041175 ps
inst0 ch0:  R_CMD: ACTCMD    R_r1= 0x00    at time   55041589 ps
inst0 ch0:  R_CMD: ACTCMD    R_f1= 0x00    at time   55042003 ps
inst0 ch0:  R_CMD: ACTCMD    R_r0= 0x2a    at time   55044901 ps
inst0 ch0:  R_CMD: ACTCMD    R_f0= 0x02    at time   55045315 ps
inst0 ch0:  R_CMD: ACTCMD    R_r1= 0x00    at time   55045729 ps
inst0 ch0:  R_CMD: ACTCMD    R_f1= 0x00    at time   55046143 ps
inst0 ch0:  R_CMD: ACTCMD    R_r0= 0x2a    at time   55046557 ps
inst0 ch0:  R_CMD: ACTCMD    R_f0= 0x2a    at time   55046971 ps
inst0 ch0:  R_CMD: ACTCMD    R_r1= 0x00    at time   55047385 ps
inst0 ch0:  R_CMD: ACTCMD    R_f1= 0x00    at time   55047799 ps
inst0 ch0:  R_CMD: ACTCMD    R_r0= 0x0a    at time   55049041 ps
inst0 ch0:  R_CMD: ACTCMD    R_f0= 0x02    at time   55049455 ps
inst0 ch0:  R_CMD: ACTCMD    R_r1= 0x00    at time   55049869 ps
inst0 ch0:  R_CMD: ACTCMD    R_f1= 0x00    at time   55050283 ps
inst0 ch0:  R_CMD: ACTCMD    R_r0= 0x0a    at time   55050697 ps
inst0 ch0:  R_CMD: ACTCMD    R_f0= 0x2a    at time   55051111 ps
inst0 ch0:  R_CMD: ACTCMD    R_r1= 0x00    at time   55051525 ps
inst0 ch0:  R_CMD: ACTCMD    R_f1= 0x00    at time   55051939 ps
inst0 ch0:  R_CMD: ACTCMD    R_r0= 0x2a    at time   55054837 ps
inst0 ch0:  R_CMD: ACTCMD    R_f0= 0x0a    at time   55055251 ps
inst0 ch0:  R_CMD: ACTCMD    R_r1= 0x00    at time   55055665 ps
inst0 ch0:  C_CMD: RDCMD     C_r = 0x095   at time   55055665 ps
inst0 ch0:  R_CMD: ACTCMD    R_f1= 0x00    at time   55056079 ps
inst0 ch0:  C_CMD: RDCMD     C_f = 0x000   at time   55056079 ps
inst0 ch0:  R_CMD: ACTCMD    R_r0= 0x0a    at time   55058977 ps
inst0 ch0:  C_CMD: RDCMD     C_r = 0x09d   at time   55058977 ps
inst0 ch0:  R_CMD: ACTCMD    R_f0= 0x0a    at time   55059391 ps
inst0 ch0:  C_CMD: RDCMD     C_f = 0x002   at time   55059391 ps
inst0 ch0:  R_CMD: ACTCMD    R_r1= 0x00    at time   55059805 ps
inst0 ch0:  R_CMD: ACTCMD    R_f1= 0x00    at time   55060219 ps
inst0 ch0:  C_CMD: RDCMD     C_r = 0x055   at time   55060633 ps
inst0 ch0:  C_CMD: RDCMD     C_f = 0x000   at time   55061047 ps
inst0 ch0:  C_CMD: RDCMD     C_r = 0x0d5   at time   55061461 ps
inst0 ch0:  C_CMD: RDCMD     C_f = 0x080   at time   55061875 ps
inst0 ch0:  C_CMD: RDCMD     C_r = 0x05d   at time   55063945 ps
inst0 ch0:  C_CMD: RDCMD     C_f = 0x002   at time   55064359 ps
inst0 ch0:  C_CMD: RDCMD     C_r = 0x0dd   at time   55064773 ps
inst0 ch0:  C_CMD: RDCMD     C_f = 0x082   at time   55065187 ps
inst0 ch0:  C_CMD: RDCMD     C_r = 0x015   at time   55065601 ps
inst0 ch0:  C_CMD: RDCMD     C_f = 0x000   at time   55066015 ps
inst0 ch0:  C_CMD: RDCMD     C_r = 0x095   at time   55066429 ps
inst0 ch0:  C_CMD: RDCMD     C_f = 0x080   at time   55066843 ps
inst0 ch0:  C_CMD: RDCMD     C_r = 0x01d   at time   55068913 ps
inst0 ch0:  C_CMD: RDCMD     C_f = 0x002   at time   55069327 ps
inst0 ch0:  C_CMD: RDCMD     C_r = 0x09d   at time   55069741 ps
inst0 ch0:  C_CMD: RDCMD     C_f = 0x082   at time   55070155 ps
inst0 ch0:  C_CMD: RDCMD     C_r = 0x055   at time   55071397 ps
inst0 ch0:  C_CMD: RDCMD     C_f = 0x080   at time   55071811 ps
inst0 ch0:  C_CMD: RDCMD     C_r = 0x015   at time   55073881 ps
inst0 ch0:  C_CMD: RDCMD     C_f = 0x080   at time   55074295 ps
inst0 ch0:  C_CMD: RDCMD     C_r = 0x05d   at time   55075537 ps
inst0 ch0:  C_CMD: RDCMD     C_f = 0x082   at time   55075951 ps
inst0 ch0:  C_CMD: RDCMD     C_r = 0x01d   at time   55077193 ps
inst0 ch0:  C_CMD: RDCMD     C_f = 0x082   at time   55077607 ps
inst0 ch0:  R_CMD: ACTCMD    R_r0= 0x32    at time   55224577 ps
inst0 ch0:  R_CMD: ACTCMD    R_f0= 0x22    at time   55224991 ps
inst0 ch0:  R_CMD: ACTCMD    R_r1= 0x00    at time   55225405 ps
inst0 ch0:  R_CMD: ACTCMD    R_f1= 0x00    at time   55225819 ps
inst0 ch0:  R_CMD: ACTCMD    R_r0= 0x12    at time   55228717 ps
inst0 ch0:  R_CMD: ACTCMD    R_f0= 0x22    at time   55229131 ps
inst0 ch0:  R_CMD: ACTCMD    R_r1= 0x00    at time   55229545 ps
inst0 ch0:  R_CMD: ACTCMD    R_f1= 0x00    at time   55229959 ps
inst0 ch0:  R_CMD: ACTCMD    R_r0= 0x32    at time   55232857 ps
inst0 ch0:  R_CMD: ACTCMD    R_f0= 0x02    at time   55233271 ps
inst0 ch0:  R_CMD: ACTCMD    R_r1= 0x00    at time   55233685 ps
inst0 ch0:  R_CMD: ACTCMD    R_f1= 0x00    at time   55234099 ps
inst0 ch0:  R_CMD: ACTCMD    R_r0= 0x12    at time   55236997 ps
inst0 ch0:  R_CMD: ACTCMD    R_f0= 0x02    at time   55237411 ps
inst0 ch0:  R_CMD: ACTCMD    R_r1= 0x00    at time   55237825 ps
inst0 ch0:  R_CMD: ACTCMD    R_f1= 0x00    at time   55238239 ps
inst0 ch0:  C_CMD: RDCMD     C_r = 0x0e5   at time   55239481 ps
inst0 ch0:  C_CMD: RDCMD     C_f = 0x000   at time   55239895 ps
inst0 ch0:  C_CMD: RDCMD     C_r = 0x0ed   at time   55242793 ps
inst0 ch0:  C_CMD: RDCMD     C_f = 0x002   at time   55243207 ps
inst0 ch0:  R_CMD: ACTCMD    R_r0= 0x32    at time   55244449 ps
inst0 ch0:  C_CMD: RDCMD     C_r = 0x0a5   at time   55244449 ps
inst0 ch0:  R_CMD: ACTCMD    R_f0= 0x2a    at time   55244863 ps
inst0 ch0:  C_CMD: RDCMD     C_f = 0x000   at time   55244863 ps
inst0 ch0:  R_CMD: ACTCMD    R_r1= 0x00    at time   55245277 ps
inst0 ch0:  R_CMD: ACTCMD    R_f1= 0x00    at time   55245691 ps
inst0 ch0:  C_CMD: RDCMD     C_r = 0x0ad   at time   55247761 ps
inst0 ch0:  C_CMD: RDCMD     C_f = 0x002   at time   55248175 ps
inst0 ch0:  R_CMD: ACTCMD    R_r0= 0x12    at time   55248589 ps
inst0 ch0:  R_CMD: ACTCMD    R_f0= 0x2a    at time   55249003 ps
inst0 ch0:  R_CMD: ACTCMD    R_r1= 0x00    at time   55249417 ps
inst0 ch0:  C_CMD: RDCMD     C_r = 0x065   at time   55249417 ps
inst0 ch0:  R_CMD: ACTCMD    R_f1= 0x00    at time   55249831 ps
inst0 ch0:  C_CMD: RDCMD     C_f = 0x000   at time   55249831 ps
inst0 ch0:  C_CMD: RDCMD     C_r = 0x025   at time   55251901 ps
inst0 ch0:  C_CMD: RDCMD     C_f = 0x000   at time   55252315 ps
inst0 ch0:  R_CMD: ACTCMD    R_r0= 0x32    at time   55252729 ps
inst0 ch0:  R_CMD: ACTCMD    R_f0= 0x0a    at time   55253143 ps
inst0 ch0:  R_CMD: ACTCMD    R_r1= 0x00    at time   55253557 ps
inst0 ch0:  C_CMD: RDCMD     C_r = 0x06d   at time   55253557 ps
inst0 ch0:  R_CMD: ACTCMD    R_f1= 0x00    at time   55253971 ps
inst0 ch0:  C_CMD: RDCMD     C_f = 0x002   at time   55253971 ps
inst0 ch0:  C_CMD: RDCMD     C_r = 0x02d   at time   55255213 ps
inst0 ch0:  C_CMD: RDCMD     C_f = 0x002   at time   55255627 ps
inst0 ch0:  R_CMD: ACTCMD    R_r0= 0x12    at time   55256869 ps
inst0 ch0:  R_CMD: ACTCMD    R_f0= 0x0a    at time   55257283 ps
inst0 ch0:  R_CMD: ACTCMD    R_r1= 0x00    at time   55257697 ps
inst0 ch0:  R_CMD: ACTCMD    R_f1= 0x00    at time   55258111 ps
inst0 ch0:  C_CMD: RDCMD     C_r = 0x0e5   at time   55259353 ps
inst0 ch0:  C_CMD: RDCMD     C_f = 0x080   at time   55259767 ps
inst0 ch0:  C_CMD: RDCMD     C_r = 0x0ed   at time   55262665 ps
inst0 ch0:  C_CMD: RDCMD     C_f = 0x082   at time   55263079 ps
inst0 ch0:  C_CMD: RDCMD     C_r = 0x0a5   at time   55264321 ps
inst0 ch0:  C_CMD: RDCMD     C_f = 0x080   at time   55264735 ps
inst0 ch0:  C_CMD: RDCMD     C_r = 0x0ad   at time   55267633 ps
inst0 ch0:  C_CMD: RDCMD     C_f = 0x082   at time   55268047 ps
inst0 ch0:  C_CMD: RDCMD     C_r = 0x065   at time   55269289 ps
inst0 ch0:  C_CMD: RDCMD     C_f = 0x080   at time   55269703 ps
inst0 ch0:  C_CMD: RDCMD     C_r = 0x025   at time   55271773 ps
inst0 ch0:  C_CMD: RDCMD     C_f = 0x080   at time   55272187 ps
inst0 ch0:  C_CMD: RDCMD     C_r = 0x06d   at time   55273429 ps
inst0 ch0:  C_CMD: RDCMD     C_f = 0x082   at time   55273843 ps
inst0 ch0:  C_CMD: RDCMD     C_r = 0x02d   at time   55275085 ps
inst0 ch0:  C_CMD: RDCMD     C_f = 0x082   at time   55275499 ps
inst0 ch0:  R_CMD: ACTCMD    R_r0= 0x3a    at time   55596349 ps
inst0 ch0:  R_CMD: ACTCMD    R_f0= 0x22    at time   55596763 ps
inst0 ch0:  R_CMD: ACTCMD    R_r1= 0x00    at time   55597177 ps
inst0 ch0:  R_CMD: ACTCMD    R_f1= 0x00    at time   55597591 ps
inst0 ch0:  R_CMD: ACTCMD    R_r0= 0x1a    at time   55600489 ps
inst0 ch0:  R_CMD: ACTCMD    R_f0= 0x22    at time   55600903 ps
inst0 ch0:  R_CMD: ACTCMD    R_r1= 0x00    at time   55601317 ps
inst0 ch0:  R_CMD: ACTCMD    R_f1= 0x00    at time   55601731 ps
inst0 ch0:  R_CMD: ACTCMD    R_r0= 0x3a    at time   55604629 ps
inst0 ch0:  R_CMD: ACTCMD    R_f0= 0x02    at time   55605043 ps
inst0 ch0:  R_CMD: ACTCMD    R_r1= 0x00    at time   55605457 ps
inst0 ch0:  R_CMD: ACTCMD    R_f1= 0x00    at time   55605871 ps
inst0 ch0:  R_CMD: ACTCMD    R_r0= 0x1a    at time   55608769 ps
inst0 ch0:  R_CMD: ACTCMD    R_f0= 0x02    at time   55609183 ps
inst0 ch0:  R_CMD: ACTCMD    R_r1= 0x00    at time   55609597 ps
inst0 ch0:  R_CMD: ACTCMD    R_f1= 0x00    at time   55610011 ps
inst0 ch0:  R_CMD: ACTCMD    R_r0= 0x3a    at time   55611253 ps
inst0 ch0:  C_CMD: RDCMD     C_r = 0x0f5   at time   55611253 ps
inst0 ch0:  R_CMD: ACTCMD    R_f0= 0x2a    at time   55611667 ps
inst0 ch0:  C_CMD: RDCMD     C_f = 0x000   at time   55611667 ps
inst0 ch0:  R_CMD: ACTCMD    R_r1= 0x00    at time   55612081 ps
inst0 ch0:  R_CMD: ACTCMD    R_f1= 0x00    at time   55612495 ps
inst0 ch0:  C_CMD: RDCMD     C_r = 0x0fd   at time   55614565 ps
inst0 ch0:  C_CMD: RDCMD     C_f = 0x002   at time   55614979 ps
inst0 ch0:  R_CMD: ACTCMD    R_r0= 0x1a    at time   55615393 ps
inst0 ch0:  R_CMD: ACTCMD    R_f0= 0x2a    at time   55615807 ps
inst0 ch0:  R_CMD: ACTCMD    R_r1= 0x00    at time   55616221 ps
inst0 ch0:  C_CMD: RDCMD     C_r = 0x0b5   at time   55616221 ps
inst0 ch0:  R_CMD: ACTCMD    R_f1= 0x00    at time   55616635 ps
inst0 ch0:  C_CMD: RDCMD     C_f = 0x000   at time   55616635 ps
inst0 ch0:  R_CMD: ACTCMD    R_r0= 0x3a    at time   55619533 ps
inst0 ch0:  C_CMD: RDCMD     C_r = 0x0bd   at time   55619533 ps
inst0 ch0:  R_CMD: ACTCMD    R_f0= 0x0a    at time   55619947 ps
inst0 ch0:  C_CMD: RDCMD     C_f = 0x002   at time   55619947 ps
inst0 ch0:  R_CMD: ACTCMD    R_r1= 0x00    at time   55620361 ps
inst0 ch0:  R_CMD: ACTCMD    R_f1= 0x00    at time   55620775 ps
inst0 ch0:  C_CMD: RDCMD     C_r = 0x075   at time   55621189 ps
inst0 ch0:  C_CMD: RDCMD     C_f = 0x000   at time   55621603 ps
inst0 ch0:  R_CMD: ACTCMD    R_r0= 0x1a    at time   55623673 ps
inst0 ch0:  C_CMD: RDCMD     C_r = 0x035   at time   55623673 ps
inst0 ch0:  R_CMD: ACTCMD    R_f0= 0x0a    at time   55624087 ps
inst0 ch0:  C_CMD: RDCMD     C_f = 0x000   at time   55624087 ps
inst0 ch0:  R_CMD: ACTCMD    R_r1= 0x00    at time   55624501 ps
inst0 ch0:  R_CMD: ACTCMD    R_f1= 0x00    at time   55624915 ps
inst0 ch0:  C_CMD: RDCMD     C_r = 0x07d   at time   55625329 ps
inst0 ch0:  C_CMD: RDCMD     C_f = 0x002   at time   55625743 ps
inst0 ch0:  C_CMD: RDCMD     C_r = 0x0f5   at time   55626157 ps
inst0 ch0:  C_CMD: RDCMD     C_f = 0x080   at time   55626571 ps
inst0 ch0:  C_CMD: RDCMD     C_r = 0x03d   at time   55626985 ps
inst0 ch0:  C_CMD: RDCMD     C_f = 0x002   at time   55627399 ps
inst0 ch0:  C_CMD: RDCMD     C_r = 0x0fd   at time   55629469 ps
inst0 ch0:  C_CMD: RDCMD     C_f = 0x082   at time   55629883 ps
inst0 ch0:  C_CMD: RDCMD     C_r = 0x0b5   at time   55631125 ps
inst0 ch0:  C_CMD: RDCMD     C_f = 0x080   at time   55631539 ps
inst0 ch0:  C_CMD: RDCMD     C_r = 0x0bd   at time   55634437 ps
inst0 ch0:  C_CMD: RDCMD     C_f = 0x082   at time   55634851 ps
inst0 ch0:  C_CMD: RDCMD     C_r = 0x075   at time   55636093 ps
inst0 ch0:  C_CMD: RDCMD     C_f = 0x080   at time   55636507 ps
inst0 ch0:  C_CMD: RDCMD     C_r = 0x035   at time   55638577 ps
inst0 ch0:  C_CMD: RDCMD     C_f = 0x080   at time   55638991 ps
inst0 ch0:  C_CMD: RDCMD     C_r = 0x07d   at time   55640233 ps
inst0 ch0:  C_CMD: RDCMD     C_f = 0x082   at time   55640647 ps
inst0 ch0:  C_CMD: RDCMD     C_r = 0x03d   at time   55641889 ps
inst0 ch0:  C_CMD: RDCMD     C_f = 0x082   at time   55642303 ps
inst0 ch0:  R_CMD: ACTCMD    R_r0= 0x02    at time   56180089 ps
inst0 ch0:  R_CMD: ACTCMD    R_f0= 0x10    at time   56180503 ps
inst0 ch0:  R_CMD: ACTCMD    R_r1= 0x3f    at time   56180917 ps
inst0 ch0:  R_CMD: ACTCMD    R_f1= 0x3b    at time   56181331 ps
inst0 ch0:  R_CMD: ACTCMD    R_r0= 0x02    at time   56186713 ps
inst0 ch0:  R_CMD: ACTCMD    R_f0= 0x18    at time   56187127 ps
inst0 ch0:  R_CMD: ACTCMD    R_r1= 0x3f    at time   56187541 ps
inst0 ch0:  R_CMD: ACTCMD    R_f1= 0x3b    at time   56187955 ps
inst0 ch0:  C_CMD: RDCMD     C_r = 0x005   at time   56194993 ps
inst0 ch0:  C_CMD: RDCMD     C_f = 0x078   at time   56195407 ps
inst0 ch0:  C_CMD: RDCMD     C_r = 0x00d   at time   56198305 ps
inst0 ch0:  C_CMD: RDCMD     C_f = 0x07a   at time   56198719 ps
inst0 ch0:  C_CMD: RDCMD     C_r = 0x005   at time   56201617 ps
inst0 ch0:  C_CMD: RDCMD     C_f = 0x0f8   at time   56202031 ps
inst0 ch0:  C_CMD: RDCMD     C_r = 0x00d   at time   56204929 ps
inst0 ch0:  C_CMD: RDCMD     C_f = 0x0fa   at time   56205343 ps
inst0 ch0:  R_CMD: ACTCMD    R_r0= 0x02    at time   56250469 ps
inst0 ch0:  R_CMD: ACTCMD    R_f0= 0x10    at time   56250883 ps
inst0 ch0:  R_CMD: ACTCMD    R_r1= 0x3f    at time   56251297 ps
inst0 ch0:  R_CMD: ACTCMD    R_f1= 0x3b    at time   56251711 ps
inst0 ch0:  R_CMD: ACTCMD    R_r0= 0x02    at time   56257093 ps
inst0 ch0:  R_CMD: ACTCMD    R_f0= 0x18    at time   56257507 ps
inst0 ch0:  R_CMD: ACTCMD    R_r1= 0x3f    at time   56257921 ps
inst0 ch0:  R_CMD: ACTCMD    R_f1= 0x3b    at time   56258335 ps
inst0 ch0:  C_CMD: WRCMD     C_r = 0x001   at time   56261233 ps
inst0 ch0:  C_CMD: WRCMD     C_f = 0x078   at time   56261647 ps
inst0 ch0:  C_CMD: WRCMD     C_r = 0x009   at time   56264545 ps
inst0 ch0:  C_CMD: WRCMD     C_f = 0x07a   at time   56264959 ps
inst0 ch0:  C_CMD: WRCMD     C_r = 0x001   at time   56267857 ps
inst0 ch0:  C_CMD: WRCMD     C_f = 0x0f8   at time   56268271 ps
inst0 ch0:  C_CMD: WRCMD     C_r = 0x009   at time   56271169 ps
inst0 ch0:  C_CMD: WRCMD     C_f = 0x0fa   at time   56271583 ps
inst0 ch0:  R_CMD: ACTCMD    R_r0= 0x0a    at time   56440909 ps
inst0 ch0:  R_CMD: ACTCMD    R_f0= 0x10    at time   56441323 ps
inst0 ch0:  R_CMD: ACTCMD    R_r1= 0x3f    at time   56441737 ps
inst0 ch0:  R_CMD: ACTCMD    R_f1= 0x3b    at time   56442151 ps
inst0 ch0:  C_CMD: RDCMD     C_r = 0x015   at time   56455813 ps
inst0 ch0:  C_CMD: RDCMD     C_f = 0x078   at time   56456227 ps
inst0 ch0:  C_CMD: RDCMD     C_r = 0x01d   at time   56459125 ps
inst0 ch0:  C_CMD: RDCMD     C_f = 0x07a   at time   56459539 ps
inst0 ch0:  R_CMD: ACTCMD    R_r0= 0x0a    at time   56486449 ps
inst0 ch0:  R_CMD: ACTCMD    R_f0= 0x18    at time   56486863 ps
inst0 ch0:  R_CMD: ACTCMD    R_r1= 0x3f    at time   56487277 ps
inst0 ch0:  R_CMD: ACTCMD    R_f1= 0x3b    at time   56487691 ps
inst0 ch0:  C_CMD: RDCMD     C_r = 0x015   at time   56501353 ps
inst0 ch0:  C_CMD: RDCMD     C_f = 0x0f8   at time   56501767 ps
inst0 ch0:  C_CMD: RDCMD     C_r = 0x01d   at time   56504665 ps
inst0 ch0:  C_CMD: RDCMD     C_f = 0x0fa   at time   56505079 ps
inst0 ch0:  R_CMD: ACTCMD    R_r0= 0x0a    at time   56511289 ps
inst0 ch0:  R_CMD: ACTCMD    R_f0= 0x10    at time   56511703 ps
inst0 ch0:  R_CMD: ACTCMD    R_r1= 0x3f    at time   56512117 ps
inst0 ch0:  R_CMD: ACTCMD    R_f1= 0x3b    at time   56512531 ps
inst0 ch0:  C_CMD: WRCMD     C_r = 0x011   at time   56522053 ps
inst0 ch0:  C_CMD: WRCMD     C_f = 0x078   at time   56522467 ps
inst0 ch0:  C_CMD: WRCMD     C_r = 0x019   at time   56525365 ps
inst0 ch0:  C_CMD: WRCMD     C_f = 0x07a   at time   56525779 ps
inst0 ch0:  R_CMD: ACTCMD    R_r0= 0x0a    at time   56556829 ps
inst0 ch0:  R_CMD: ACTCMD    R_f0= 0x18    at time   56557243 ps
inst0 ch0:  R_CMD: ACTCMD    R_r1= 0x3f    at time   56557657 ps
inst0 ch0:  R_CMD: ACTCMD    R_f1= 0x3b    at time   56558071 ps
inst0 ch0:  C_CMD: WRCMD     C_r = 0x011   at time   56567593 ps
inst0 ch0:  C_CMD: WRCMD     C_f = 0x0f8   at time   56568007 ps
inst0 ch0:  C_CMD: WRCMD     C_r = 0x019   at time   56570905 ps
inst0 ch0:  C_CMD: WRCMD     C_f = 0x0fa   at time   56571319 ps
inst0 ch0:  R_CMD: ACTCMD    R_r0= 0x02    at time   56623069 ps
inst0 ch0:  R_CMD: ACTCMD    R_f0= 0x30    at time   56623483 ps
inst0 ch0:  R_CMD: ACTCMD    R_r1= 0x3f    at time   56623897 ps
inst0 ch0:  R_CMD: ACTCMD    R_f1= 0x3b    at time   56624311 ps
inst0 ch0:  C_CMD: RDCMD     C_r = 0x085   at time   56637973 ps
inst0 ch0:  C_CMD: RDCMD     C_f = 0x078   at time   56638387 ps
inst0 ch0:  C_CMD: RDCMD     C_r = 0x08d   at time   56641285 ps
inst0 ch0:  C_CMD: RDCMD     C_f = 0x07a   at time   56641699 ps
inst0 ch0:  R_CMD: ACTCMD    R_r0= 0x02    at time   56672749 ps
inst0 ch0:  R_CMD: ACTCMD    R_f0= 0x38    at time   56673163 ps
inst0 ch0:  R_CMD: ACTCMD    R_r1= 0x3f    at time   56673577 ps
inst0 ch0:  R_CMD: ACTCMD    R_f1= 0x3b    at time   56673991 ps
inst0 ch0:  C_CMD: RDCMD     C_r = 0x085   at time   56687653 ps
inst0 ch0:  C_CMD: RDCMD     C_f = 0x0f8   at time   56688067 ps
inst0 ch0:  C_CMD: RDCMD     C_r = 0x08d   at time   56690965 ps
inst0 ch0:  C_CMD: RDCMD     C_f = 0x0fa   at time   56691379 ps
inst0 ch0:  R_CMD: ACTCMD    R_r0= 0x02    at time   56693449 ps
inst0 ch0:  R_CMD: ACTCMD    R_f0= 0x30    at time   56693863 ps
inst0 ch0:  R_CMD: ACTCMD    R_r1= 0x3f    at time   56694277 ps
inst0 ch0:  R_CMD: ACTCMD    R_f1= 0x3b    at time   56694691 ps
inst0 ch0:  C_CMD: WRCMD     C_r = 0x081   at time   56704213 ps
inst0 ch0:  C_CMD: WRCMD     C_f = 0x078   at time   56704627 ps
inst0 ch0:  C_CMD: WRCMD     C_r = 0x089   at time   56707525 ps
inst0 ch0:  C_CMD: WRCMD     C_f = 0x07a   at time   56707939 ps
inst0 ch0:  R_CMD: ACTCMD    R_r0= 0x02    at time   56856565 ps
inst0 ch0:  R_CMD: ACTCMD    R_f0= 0x38    at time   56856979 ps
inst0 ch0:  R_CMD: ACTCMD    R_r1= 0x3f    at time   56857393 ps
inst0 ch0:  R_CMD: ACTCMD    R_f1= 0x3b    at time   56857807 ps
inst0 ch0:  C_CMD: WRCMD     C_r = 0x081   at time   56867329 ps
inst0 ch0:  C_CMD: WRCMD     C_f = 0x0f8   at time   56867743 ps
inst0 ch0:  C_CMD: WRCMD     C_r = 0x089   at time   56870641 ps
inst0 ch0:  C_CMD: WRCMD     C_f = 0x0fa   at time   56871055 ps
inst0 ch0:  R_CMD: ACTCMD    R_r0= 0x0a    at time   57080125 ps
inst0 ch0:  R_CMD: ACTCMD    R_f0= 0x38    at time   57080539 ps
inst0 ch0:  R_CMD: ACTCMD    R_r1= 0x3f    at time   57080953 ps
inst0 ch0:  R_CMD: ACTCMD    R_f1= 0x3b    at time   57081367 ps
inst0 ch0:  R_CMD: ACTCMD    R_r0= 0x0a    at time   57085921 ps
inst0 ch0:  R_CMD: ACTCMD    R_f0= 0x30    at time   57086335 ps
inst0 ch0:  R_CMD: ACTCMD    R_r1= 0x3f    at time   57086749 ps
inst0 ch0:  R_CMD: ACTCMD    R_f1= 0x3b    at time   57087163 ps
inst0 ch0:  C_CMD: RDCMD     C_r = 0x095   at time   57095029 ps
inst0 ch0:  C_CMD: RDCMD     C_f = 0x0f8   at time   57095443 ps
inst0 ch0:  C_CMD: RDCMD     C_r = 0x09d   at time   57098341 ps
inst0 ch0:  C_CMD: RDCMD     C_f = 0x0fa   at time   57098755 ps
inst0 ch0:  C_CMD: RDCMD     C_r = 0x095   at time   57100825 ps
inst0 ch0:  C_CMD: RDCMD     C_f = 0x078   at time   57101239 ps
inst0 ch0:  C_CMD: RDCMD     C_r = 0x09d   at time   57104137 ps
inst0 ch0:  C_CMD: RDCMD     C_f = 0x07a   at time   57104551 ps
inst0 ch0:  R_CMD: ACTCMD    R_r0= 0x0a    at time   57148021 ps
inst0 ch0:  R_CMD: ACTCMD    R_f0= 0x38    at time   57148435 ps
inst0 ch0:  R_CMD: ACTCMD    R_r1= 0x3f    at time   57148849 ps
inst0 ch0:  R_CMD: ACTCMD    R_f1= 0x3b    at time   57149263 ps
inst0 ch0:  R_CMD: ACTCMD    R_r0= 0x0a    at time   57156301 ps
inst0 ch0:  R_CMD: ACTCMD    R_f0= 0x30    at time   57156715 ps
inst0 ch0:  R_CMD: ACTCMD    R_r1= 0x3f    at time   57157129 ps
inst0 ch0:  R_CMD: ACTCMD    R_f1= 0x3b    at time   57157543 ps
inst0 ch0:  C_CMD: WRCMD     C_r = 0x091   at time   57158785 ps
inst0 ch0:  C_CMD: WRCMD     C_f = 0x0f8   at time   57159199 ps
inst0 ch0:  C_CMD: WRCMD     C_r = 0x099   at time   57162097 ps
inst0 ch0:  C_CMD: WRCMD     C_f = 0x0fa   at time   57162511 ps
inst0 ch0:  C_CMD: WRCMD     C_r = 0x091   at time   57167065 ps
inst0 ch0:  C_CMD: WRCMD     C_f = 0x078   at time   57167479 ps
inst0 ch0:  C_CMD: WRCMD     C_r = 0x099   at time   57170377 ps
inst0 ch0:  C_CMD: WRCMD     C_f = 0x07a   at time   57170791 ps
inst0 ch0:  R_CMD: ACTCMD    R_r0= 0x0a    at time   58432249 ps
inst0 ch0:  R_CMD: ACTCMD    R_f0= 0x1b    at time   58432663 ps
inst0 ch0:  R_CMD: ACTCMD    R_r1= 0x3f    at time   58433077 ps
inst0 ch0:  R_CMD: ACTCMD    R_f1= 0x3b    at time   58433491 ps
inst0 ch0:  C_CMD: RDCMD     C_r = 0x015   at time   58447153 ps
inst0 ch0:  C_CMD: RDCMD     C_f = 0x090   at time   58447567 ps
inst0 ch0:  C_CMD: RDCMD     C_r = 0x01d   at time   58450465 ps
inst0 ch0:  C_CMD: RDCMD     C_f = 0x092   at time   58450879 ps
inst0 ch0:  R_CMD: ACTCMD    R_r0= 0x0a    at time   58505113 ps
inst0 ch0:  R_CMD: ACTCMD    R_f0= 0x1b    at time   58505527 ps
inst0 ch0:  R_CMD: ACTCMD    R_r1= 0x3f    at time   58505941 ps
inst0 ch0:  R_CMD: ACTCMD    R_f1= 0x3b    at time   58506355 ps
inst0 ch0:  C_CMD: WRCMD     C_r = 0x011   at time   58515877 ps
inst0 ch0:  C_CMD: WRCMD     C_f = 0x090   at time   58516291 ps
inst0 ch0:  C_CMD: WRCMD     C_r = 0x019   at time   58519189 ps
inst0 ch0:  C_CMD: WRCMD     C_f = 0x092   at time   58519603 ps
inst0 ch0:  R_CMD: ACTCMD    R_r0= 0x0a    at time   58635937 ps
inst0 ch0:  R_CMD: ACTCMD    R_f0= 0x13    at time   58636351 ps
inst0 ch0:  R_CMD: ACTCMD    R_r1= 0x3f    at time   58636765 ps
inst0 ch0:  R_CMD: ACTCMD    R_f1= 0x3b    at time   58637179 ps
inst0 ch0:  C_CMD: RDCMD     C_r = 0x015   at time   58650841 ps
inst0 ch0:  C_CMD: RDCMD     C_f = 0x010   at time   58651255 ps
inst0 ch0:  C_CMD: RDCMD     C_r = 0x01d   at time   58654153 ps
inst0 ch0:  C_CMD: RDCMD     C_f = 0x012   at time   58654567 ps
inst0 ch0:  R_CMD: ACTCMD    R_r0= 0x0a    at time   58708801 ps
inst0 ch0:  R_CMD: ACTCMD    R_f0= 0x13    at time   58709215 ps
inst0 ch0:  R_CMD: ACTCMD    R_r1= 0x3f    at time   58709629 ps
inst0 ch0:  R_CMD: ACTCMD    R_f1= 0x3b    at time   58710043 ps
inst0 ch0:  C_CMD: WRCMD     C_r = 0x011   at time   58719565 ps
inst0 ch0:  C_CMD: WRCMD     C_f = 0x010   at time   58719979 ps
inst0 ch0:  C_CMD: WRCMD     C_r = 0x019   at time   58722877 ps
inst0 ch0:  C_CMD: WRCMD     C_f = 0x012   at time   58723291 ps
inst0 ch0:  R_CMD: ACTCMD    R_r0= 0x0a    at time   58899241 ps
inst0 ch0:  R_CMD: ACTCMD    R_f0= 0x1b    at time   58899655 ps
inst0 ch0:  R_CMD: ACTCMD    R_r1= 0x3f    at time   58900069 ps
inst0 ch0:  R_CMD: ACTCMD    R_f1= 0x3b    at time   58900483 ps
inst0 ch0:  C_CMD: RDCMD     C_r = 0x015   at time   58914145 ps
inst0 ch0:  C_CMD: RDCMD     C_f = 0x090   at time   58914559 ps
inst0 ch0:  C_CMD: RDCMD     C_r = 0x01d   at time   58917457 ps
inst0 ch0:  C_CMD: RDCMD     C_f = 0x092   at time   58917871 ps
inst0 ch0:  R_CMD: ACTCMD    R_r0= 0x0a    at time   58946437 ps
inst0 ch0:  R_CMD: ACTCMD    R_f0= 0x13    at time   58946851 ps
inst0 ch0:  R_CMD: ACTCMD    R_r1= 0x3f    at time   58947265 ps
inst0 ch0:  R_CMD: ACTCMD    R_f1= 0x3b    at time   58947679 ps
inst0 ch0:  C_CMD: RDCMD     C_r = 0x015   at time   58961341 ps
inst0 ch0:  C_CMD: RDCMD     C_f = 0x010   at time   58961755 ps
inst0 ch0:  C_CMD: RDCMD     C_r = 0x01d   at time   58964653 ps
inst0 ch0:  C_CMD: RDCMD     C_f = 0x012   at time   58965067 ps
inst0 ch0:  R_CMD: ACTCMD    R_r0= 0x0a    at time   58969621 ps
inst0 ch0:  R_CMD: ACTCMD    R_f0= 0x1b    at time   58970035 ps
inst0 ch0:  R_CMD: ACTCMD    R_r1= 0x3f    at time   58970449 ps
inst0 ch0:  R_CMD: ACTCMD    R_f1= 0x3b    at time   58970863 ps
inst0 ch0:  C_CMD: WRCMD     C_r = 0x011   at time   58980385 ps
inst0 ch0:  C_CMD: WRCMD     C_f = 0x090   at time   58980799 ps
inst0 ch0:  C_CMD: WRCMD     C_r = 0x019   at time   58983697 ps
inst0 ch0:  C_CMD: WRCMD     C_f = 0x092   at time   58984111 ps
inst0 ch0:  R_CMD: ACTCMD    R_r0= 0x0a    at time   59016817 ps
inst0 ch0:  R_CMD: ACTCMD    R_f0= 0x13    at time   59017231 ps
inst0 ch0:  R_CMD: ACTCMD    R_r1= 0x3f    at time   59017645 ps
inst0 ch0:  R_CMD: ACTCMD    R_f1= 0x3b    at time   59018059 ps
inst0 ch0:  C_CMD: WRCMD     C_r = 0x011   at time   59027581 ps
inst0 ch0:  C_CMD: WRCMD     C_f = 0x010   at time   59027995 ps
inst0 ch0:  C_CMD: WRCMD     C_r = 0x019   at time   59030893 ps
inst0 ch0:  C_CMD: WRCMD     C_f = 0x012   at time   59031307 ps
inst0 ch0:  R_CMD: ACTCMD    R_r0= 0x02    at time   60174361 ps
inst0 ch0:  R_CMD: ACTCMD    R_f0= 0x1b    at time   60174775 ps
inst0 ch0:  R_CMD: ACTCMD    R_r1= 0x3f    at time   60175189 ps
inst0 ch0:  R_CMD: ACTCMD    R_f1= 0x3b    at time   60175603 ps
inst0 ch0:  C_CMD: RDCMD     C_r = 0x005   at time   60189265 ps
inst0 ch0:  C_CMD: RDCMD     C_f = 0x080   at time   60189679 ps
inst0 ch0:  C_CMD: RDCMD     C_r = 0x00d   at time   60192577 ps
inst0 ch0:  C_CMD: RDCMD     C_f = 0x082   at time   60192991 ps
inst0 ch0:  R_CMD: ACTCMD    R_r0= 0x02    at time   60247225 ps
inst0 ch0:  R_CMD: ACTCMD    R_f0= 0x1b    at time   60247639 ps
inst0 ch0:  R_CMD: ACTCMD    R_r1= 0x3f    at time   60248053 ps
inst0 ch0:  R_CMD: ACTCMD    R_f1= 0x3b    at time   60248467 ps
inst0 ch0:  C_CMD: WRCMD     C_r = 0x001   at time   60257989 ps
inst0 ch0:  C_CMD: WRCMD     C_f = 0x080   at time   60258403 ps
inst0 ch0:  C_CMD: WRCMD     C_r = 0x009   at time   60261301 ps
inst0 ch0:  C_CMD: WRCMD     C_f = 0x082   at time   60261715 ps
inst0 ch0:  R_CMD: ACTCMD    R_r0= 0x02    at time   60336649 ps
inst0 ch0:  R_CMD: ACTCMD    R_f0= 0x13    at time   60337063 ps
inst0 ch0:  R_CMD: ACTCMD    R_r1= 0x3f    at time   60337477 ps
inst0 ch0:  R_CMD: ACTCMD    R_f1= 0x3b    at time   60337891 ps
inst0 ch0:  R_CMD: ACTCMD    R_r0= 0x02    at time   60339133 ps
inst0 ch0:  R_CMD: ACTCMD    R_f0= 0x1b    at time   60339547 ps
inst0 ch0:  R_CMD: ACTCMD    R_r1= 0x3f    at time   60339961 ps
inst0 ch0:  R_CMD: ACTCMD    R_f1= 0x3b    at time   60340375 ps
inst0 ch0:  C_CMD: RDCMD     C_r = 0x005   at time   60351553 ps
inst0 ch0:  C_CMD: RDCMD     C_f = 0x000   at time   60351967 ps
inst0 ch0:  C_CMD: RDCMD     C_r = 0x005   at time   60354037 ps
inst0 ch0:  C_CMD: RDCMD     C_f = 0x080   at time   60354451 ps
inst0 ch0:  C_CMD: RDCMD     C_r = 0x00d   at time   60354865 ps
inst0 ch0:  C_CMD: RDCMD     C_f = 0x002   at time   60355279 ps
inst0 ch0:  C_CMD: RDCMD     C_r = 0x00d   at time   60357349 ps
inst0 ch0:  C_CMD: RDCMD     C_f = 0x082   at time   60357763 ps
inst0 ch0:  R_CMD: ACTCMD    R_r0= 0x02    at time   60407029 ps
inst0 ch0:  R_CMD: ACTCMD    R_f0= 0x13    at time   60407443 ps
inst0 ch0:  R_CMD: ACTCMD    R_r1= 0x3f    at time   60407857 ps
inst0 ch0:  R_CMD: ACTCMD    R_f1= 0x3b    at time   60408271 ps
inst0 ch0:  R_CMD: ACTCMD    R_r0= 0x02    at time   60409513 ps
inst0 ch0:  R_CMD: ACTCMD    R_f0= 0x1b    at time   60409927 ps
inst0 ch0:  R_CMD: ACTCMD    R_r1= 0x3f    at time   60410341 ps
inst0 ch0:  R_CMD: ACTCMD    R_f1= 0x3b    at time   60410755 ps
inst0 ch0:  C_CMD: WRCMD     C_r = 0x001   at time   60417793 ps
inst0 ch0:  C_CMD: WRCMD     C_f = 0x000   at time   60418207 ps
inst0 ch0:  C_CMD: WRCMD     C_r = 0x001   at time   60420277 ps
inst0 ch0:  C_CMD: WRCMD     C_f = 0x080   at time   60420691 ps
inst0 ch0:  C_CMD: WRCMD     C_r = 0x009   at time   60421105 ps
inst0 ch0:  C_CMD: WRCMD     C_f = 0x002   at time   60421519 ps
inst0 ch0:  C_CMD: WRCMD     C_r = 0x009   at time   60423589 ps
inst0 ch0:  C_CMD: WRCMD     C_f = 0x082   at time   60424003 ps
inst0 ch0:  R_CMD: ACTCMD    R_r0= 0x02    at time   60700969 ps
inst0 ch0:  R_CMD: ACTCMD    R_f0= 0x13    at time   60701383 ps
inst0 ch0:  R_CMD: ACTCMD    R_r1= 0x3f    at time   60701797 ps
inst0 ch0:  R_CMD: ACTCMD    R_f1= 0x3b    at time   60702211 ps
inst0 ch0:  C_CMD: RDCMD     C_r = 0x005   at time   60715873 ps
inst0 ch0:  C_CMD: RDCMD     C_f = 0x000   at time   60716287 ps
inst0 ch0:  C_CMD: RDCMD     C_r = 0x00d   at time   60719185 ps
inst0 ch0:  C_CMD: RDCMD     C_f = 0x002   at time   60719599 ps
inst0 ch0:  R_CMD: ACTCMD    R_r0= 0x02    at time   60773833 ps
inst0 ch0:  R_CMD: ACTCMD    R_f0= 0x13    at time   60774247 ps
inst0 ch0:  R_CMD: ACTCMD    R_r1= 0x3f    at time   60774661 ps
inst0 ch0:  R_CMD: ACTCMD    R_f1= 0x3b    at time   60775075 ps
inst0 ch0:  C_CMD: WRCMD     C_r = 0x001   at time   60784597 ps
inst0 ch0:  C_CMD: WRCMD     C_f = 0x000   at time   60785011 ps
inst0 ch0:  C_CMD: WRCMD     C_r = 0x009   at time   60787909 ps
inst0 ch0:  C_CMD: WRCMD     C_f = 0x002   at time   60788323 ps
inst0 ch0:  R_CMD: ACTCMD    R_r0= 0x02    at time   62068825 ps
inst0 ch0:  R_CMD: ACTCMD    R_f0= 0x00    at time   62069239 ps
inst0 ch0:  R_CMD: ACTCMD    R_r1= 0x00    at time   62069653 ps
inst0 ch0:  R_CMD: ACTCMD    R_f1= 0x00    at time   62070067 ps
inst0 ch0:  C_CMD: RDCMD     C_r = 0x005   at time   62083729 ps
inst0 ch0:  C_CMD: RDCMD     C_f = 0x018   at time   62084143 ps
inst0 ch0:  C_CMD: RDCMD     C_r = 0x005   at time   62087041 ps
inst0 ch0:  C_CMD: RDCMD     C_f = 0x01a   at time   62087455 ps
inst0 ch0:  C_CMD: RDCMD     C_r = 0x005   at time   62090353 ps
inst0 ch0:  C_CMD: RDCMD     C_f = 0x010   at time   62090767 ps
inst0 ch0:  C_CMD: RDCMD     C_r = 0x005   at time   62093665 ps
inst0 ch0:  C_CMD: RDCMD     C_f = 0x012   at time   62094079 ps
inst0 ch0:  C_CMD: RDCMD     C_r = 0x005   at time   62096977 ps
inst0 ch0:  C_CMD: RDCMD     C_f = 0x008   at time   62097391 ps
inst0 ch0:  C_CMD: RDCMD     C_r = 0x005   at time   62100289 ps
inst0 ch0:  C_CMD: RDCMD     C_f = 0x00a   at time   62100703 ps
inst0 ch0:  C_CMD: RDCMD     C_r = 0x005   at time   62103601 ps
inst0 ch0:  C_CMD: RDCMD     C_f = 0x000   at time   62104015 ps
inst0 ch0:  C_CMD: RDCMD     C_r = 0x00d   at time   62106913 ps
inst0 ch0:  C_CMD: RDCMD     C_f = 0x002   at time   62107327 ps
inst0 ch0:  R_CMD: ACTCMD    R_r0= 0x02    at time   62188057 ps
inst0 ch0:  R_CMD: ACTCMD    R_f0= 0x08    at time   62188471 ps
inst0 ch0:  R_CMD: ACTCMD    R_r1= 0x00    at time   62188885 ps
inst0 ch0:  R_CMD: ACTCMD    R_f1= 0x00    at time   62189299 ps
inst0 ch0:  C_CMD: RDCMD     C_r = 0x005   at time   62202961 ps
inst0 ch0:  C_CMD: RDCMD     C_f = 0x098   at time   62203375 ps
inst0 ch0:  C_CMD: RDCMD     C_r = 0x005   at time   62206273 ps
inst0 ch0:  C_CMD: RDCMD     C_f = 0x09a   at time   62206687 ps
inst0 ch0:  C_CMD: RDCMD     C_r = 0x005   at time   62209585 ps
inst0 ch0:  C_CMD: RDCMD     C_f = 0x090   at time   62209999 ps
inst0 ch0:  C_CMD: RDCMD     C_r = 0x005   at time   62212897 ps
inst0 ch0:  C_CMD: RDCMD     C_f = 0x092   at time   62213311 ps
inst0 ch0:  C_CMD: RDCMD     C_r = 0x005   at time   62216209 ps
inst0 ch0:  C_CMD: RDCMD     C_f = 0x088   at time   62216623 ps
inst0 ch0:  C_CMD: RDCMD     C_r = 0x005   at time   62219521 ps
inst0 ch0:  C_CMD: RDCMD     C_f = 0x08a   at time   62219935 ps
inst0 ch0:  C_CMD: RDCMD     C_r = 0x005   at time   62222833 ps
inst0 ch0:  C_CMD: RDCMD     C_f = 0x080   at time   62223247 ps
inst0 ch0:  C_CMD: RDCMD     C_r = 0x00d   at time   62226145 ps
inst0 ch0:  C_CMD: RDCMD     C_f = 0x082   at time   62226559 ps
inst0 ch0:  R_CMD: ACTCMD    R_r0= 0x0a    at time   62475373 ps
inst0 ch0:  R_CMD: ACTCMD    R_f0= 0x00    at time   62475787 ps
inst0 ch0:  R_CMD: ACTCMD    R_r1= 0x00    at time   62476201 ps
inst0 ch0:  R_CMD: ACTCMD    R_f1= 0x00    at time   62476615 ps
inst0 ch0:  C_CMD: RDCMD     C_r = 0x015   at time   62490277 ps
inst0 ch0:  C_CMD: RDCMD     C_f = 0x018   at time   62490691 ps
inst0 ch0:  C_CMD: RDCMD     C_r = 0x015   at time   62493589 ps
inst0 ch0:  C_CMD: RDCMD     C_f = 0x01a   at time   62494003 ps
inst0 ch0:  C_CMD: RDCMD     C_r = 0x015   at time   62496901 ps
inst0 ch0:  C_CMD: RDCMD     C_f = 0x010   at time   62497315 ps
inst0 ch0:  C_CMD: RDCMD     C_r = 0x015   at time   62500213 ps
inst0 ch0:  C_CMD: RDCMD     C_f = 0x012   at time   62500627 ps
inst0 ch0:  C_CMD: RDCMD     C_r = 0x015   at time   62503525 ps
inst0 ch0:  C_CMD: RDCMD     C_f = 0x008   at time   62503939 ps
inst0 ch0:  C_CMD: RDCMD     C_r = 0x015   at time   62506837 ps
inst0 ch0:  C_CMD: RDCMD     C_f = 0x00a   at time   62507251 ps
inst0 ch0:  C_CMD: RDCMD     C_r = 0x015   at time   62510149 ps
inst0 ch0:  C_CMD: RDCMD     C_f = 0x000   at time   62510563 ps
inst0 ch0:  C_CMD: RDCMD     C_r = 0x01d   at time   62513461 ps
inst0 ch0:  C_CMD: RDCMD     C_f = 0x002   at time   62513875 ps
inst0 ch0:  R_CMD: ACTCMD    R_r0= 0x0a    at time   62667469 ps
inst0 ch0:  R_CMD: ACTCMD    R_f0= 0x00    at time   62667883 ps
inst0 ch0:  R_CMD: ACTCMD    R_r1= 0x00    at time   62668297 ps
inst0 ch0:  R_CMD: ACTCMD    R_f1= 0x00    at time   62668711 ps
inst0 ch0:  R_CMD: ACTCMD    R_r0= 0x0a    at time   62671609 ps
inst0 ch0:  R_CMD: ACTCMD    R_f0= 0x08    at time   62672023 ps
inst0 ch0:  R_CMD: ACTCMD    R_r1= 0x00    at time   62672437 ps
inst0 ch0:  R_CMD: ACTCMD    R_f1= 0x00    at time   62672851 ps
inst0 ch0:  C_CMD: RDCMD     C_r = 0x015   at time   62682373 ps
inst0 ch0:  C_CMD: RDCMD     C_f = 0x038   at time   62682787 ps
inst0 ch0:  C_CMD: RDCMD     C_r = 0x015   at time   62685685 ps
inst0 ch0:  C_CMD: RDCMD     C_f = 0x03a   at time   62686099 ps
inst0 ch0:  C_CMD: RDCMD     C_r = 0x015   at time   62686513 ps
inst0 ch0:  C_CMD: RDCMD     C_f = 0x098   at time   62686927 ps
inst0 ch0:  C_CMD: RDCMD     C_r = 0x015   at time   62688997 ps
inst0 ch0:  C_CMD: RDCMD     C_f = 0x030   at time   62689411 ps
inst0 ch0:  C_CMD: RDCMD     C_r = 0x015   at time   62689825 ps
inst0 ch0:  C_CMD: RDCMD     C_f = 0x09a   at time   62690239 ps
inst0 ch0:  C_CMD: RDCMD     C_r = 0x015   at time   62692309 ps
inst0 ch0:  C_CMD: RDCMD     C_f = 0x032   at time   62692723 ps
inst0 ch0:  C_CMD: RDCMD     C_r = 0x015   at time   62693137 ps
inst0 ch0:  C_CMD: RDCMD     C_f = 0x090   at time   62693551 ps
inst0 ch0:  C_CMD: RDCMD     C_r = 0x015   at time   62695621 ps
inst0 ch0:  C_CMD: RDCMD     C_f = 0x028   at time   62696035 ps
inst0 ch0:  C_CMD: RDCMD     C_r = 0x015   at time   62696449 ps
inst0 ch0:  C_CMD: RDCMD     C_f = 0x092   at time   62696863 ps
inst0 ch0:  C_CMD: RDCMD     C_r = 0x015   at time   62698933 ps
inst0 ch0:  C_CMD: RDCMD     C_f = 0x02a   at time   62699347 ps
inst0 ch0:  C_CMD: RDCMD     C_r = 0x015   at time   62699761 ps
inst0 ch0:  C_CMD: RDCMD     C_f = 0x088   at time   62700175 ps
inst0 ch0:  C_CMD: RDCMD     C_r = 0x015   at time   62702245 ps
inst0 ch0:  C_CMD: RDCMD     C_f = 0x020   at time   62702659 ps
inst0 ch0:  C_CMD: RDCMD     C_r = 0x015   at time   62703073 ps
inst0 ch0:  C_CMD: RDCMD     C_f = 0x08a   at time   62703487 ps
inst0 ch0:  C_CMD: RDCMD     C_r = 0x01d   at time   62705557 ps
inst0 ch0:  C_CMD: RDCMD     C_f = 0x022   at time   62705971 ps
inst0 ch0:  C_CMD: RDCMD     C_r = 0x015   at time   62706385 ps
inst0 ch0:  C_CMD: RDCMD     C_f = 0x080   at time   62706799 ps
inst0 ch0:  C_CMD: RDCMD     C_r = 0x01d   at time   62709697 ps
inst0 ch0:  C_CMD: RDCMD     C_f = 0x082   at time   62710111 ps
inst0 ch0:  R_CMD: ACTCMD    R_r0= 0x0a    at time   62737849 ps
inst0 ch0:  R_CMD: ACTCMD    R_f0= 0x00    at time   62738263 ps
inst0 ch0:  R_CMD: ACTCMD    R_r1= 0x00    at time   62738677 ps
inst0 ch0:  R_CMD: ACTCMD    R_f1= 0x00    at time   62739091 ps
inst0 ch0:  C_CMD: WRCMD     C_r = 0x011   at time   62748613 ps
inst0 ch0:  C_CMD: WRCMD     C_f = 0x038   at time   62749027 ps
inst0 ch0:  C_CMD: WRCMD     C_r = 0x011   at time   62751925 ps
inst0 ch0:  C_CMD: WRCMD     C_f = 0x03a   at time   62752339 ps
inst0 ch0:  C_CMD: WRCMD     C_r = 0x011   at time   62755237 ps
inst0 ch0:  C_CMD: WRCMD     C_f = 0x030   at time   62755651 ps
inst0 ch0:  C_CMD: WRCMD     C_r = 0x011   at time   62758549 ps
inst0 ch0:  C_CMD: WRCMD     C_f = 0x032   at time   62758963 ps
inst0 ch0:  C_CMD: WRCMD     C_r = 0x011   at time   62761861 ps
inst0 ch0:  C_CMD: WRCMD     C_f = 0x028   at time   62762275 ps
inst0 ch0:  C_CMD: WRCMD     C_r = 0x011   at time   62765173 ps
inst0 ch0:  C_CMD: WRCMD     C_f = 0x02a   at time   62765587 ps
inst0 ch0:  C_CMD: WRCMD     C_r = 0x011   at time   62768485 ps
inst0 ch0:  C_CMD: WRCMD     C_f = 0x020   at time   62768899 ps
inst0 ch0:  C_CMD: WRCMD     C_r = 0x019   at time   62771797 ps
inst0 ch0:  C_CMD: WRCMD     C_f = 0x022   at time   62772211 ps
inst0 ch0:  R_CMD: ACTCMD    R_r0= 0x0a    at time   62994529 ps
inst0 ch0:  R_CMD: ACTCMD    R_f0= 0x08    at time   62994943 ps
inst0 ch0:  R_CMD: ACTCMD    R_r1= 0x00    at time   62995357 ps
inst0 ch0:  R_CMD: ACTCMD    R_f1= 0x00    at time   62995771 ps
inst0 ch0:  C_CMD: RDCMD     C_r = 0x015   at time   63009433 ps
inst0 ch0:  C_CMD: RDCMD     C_f = 0x0b8   at time   63009847 ps
inst0 ch0:  C_CMD: RDCMD     C_r = 0x015   at time   63012745 ps
inst0 ch0:  C_CMD: RDCMD     C_f = 0x0ba   at time   63013159 ps
inst0 ch0:  C_CMD: RDCMD     C_r = 0x015   at time   63016057 ps
inst0 ch0:  C_CMD: RDCMD     C_f = 0x0b0   at time   63016471 ps
inst0 ch0:  C_CMD: RDCMD     C_r = 0x015   at time   63019369 ps
inst0 ch0:  C_CMD: RDCMD     C_f = 0x0b2   at time   63019783 ps
inst0 ch0:  C_CMD: RDCMD     C_r = 0x015   at time   63022681 ps
inst0 ch0:  C_CMD: RDCMD     C_f = 0x0a8   at time   63023095 ps
inst0 ch0:  C_CMD: RDCMD     C_r = 0x015   at time   63025993 ps
inst0 ch0:  C_CMD: RDCMD     C_f = 0x0aa   at time   63026407 ps
inst0 ch0:  C_CMD: RDCMD     C_r = 0x015   at time   63029305 ps
inst0 ch0:  C_CMD: RDCMD     C_f = 0x0a0   at time   63029719 ps
inst0 ch0:  C_CMD: RDCMD     C_r = 0x01d   at time   63032617 ps
inst0 ch0:  C_CMD: RDCMD     C_f = 0x0a2   at time   63033031 ps
inst0 ch0:  R_CMD: ACTCMD    R_r0= 0x0a    at time   63067393 ps
inst0 ch0:  R_CMD: ACTCMD    R_f0= 0x08    at time   63067807 ps
inst0 ch0:  R_CMD: ACTCMD    R_r1= 0x00    at time   63068221 ps
inst0 ch0:  R_CMD: ACTCMD    R_f1= 0x00    at time   63068635 ps
inst0 ch0:  C_CMD: WRCMD     C_r = 0x011   at time   63078157 ps
inst0 ch0:  C_CMD: WRCMD     C_f = 0x0b8   at time   63078571 ps
inst0 ch0:  C_CMD: WRCMD     C_r = 0x011   at time   63081469 ps
inst0 ch0:  C_CMD: WRCMD     C_f = 0x0ba   at time   63081883 ps
inst0 ch0:  C_CMD: WRCMD     C_r = 0x011   at time   63084781 ps
inst0 ch0:  C_CMD: WRCMD     C_f = 0x0a8   at time   63085195 ps
inst0 ch0:  C_CMD: WRCMD     C_r = 0x011   at time   63088093 ps
inst0 ch0:  C_CMD: WRCMD     C_f = 0x0aa   at time   63088507 ps
inst0 ch0:  C_CMD: WRCMD     C_r = 0x011   at time   63091405 ps
inst0 ch0:  C_CMD: WRCMD     C_f = 0x0b0   at time   63091819 ps
inst0 ch0:  C_CMD: WRCMD     C_r = 0x011   at time   63094717 ps
inst0 ch0:  C_CMD: WRCMD     C_f = 0x0b2   at time   63095131 ps
inst0 ch0:  C_CMD: WRCMD     C_r = 0x011   at time   63098029 ps
inst0 ch0:  C_CMD: WRCMD     C_f = 0x0a0   at time   63098443 ps
inst0 ch0:  C_CMD: WRCMD     C_r = 0x019   at time   63101341 ps
inst0 ch0:  C_CMD: WRCMD     C_f = 0x0a2   at time   63101755 ps
inst0 ch0:  R_CMD: ACTCMD    R_r0= 0x02    at time   63651133 ps
inst0 ch0:  R_CMD: ACTCMD    R_f0= 0x13    at time   63651547 ps
inst0 ch0:  R_CMD: ACTCMD    R_r1= 0x3f    at time   63651961 ps
inst0 ch0:  R_CMD: ACTCMD    R_f1= 0x3b    at time   63652375 ps
inst0 ch0:  C_CMD: RDCMD     C_r = 0x005   at time   63666037 ps
inst0 ch0:  C_CMD: RDCMD     C_f = 0x000   at time   63666451 ps
inst0 ch0:  C_CMD: RDCMD     C_r = 0x00d   at time   63669349 ps
inst0 ch0:  C_CMD: RDCMD     C_f = 0x002   at time   63669763 ps
inst0 ch0:  R_CMD: ACTCMD    R_r0= 0x02    at time   63720685 ps
inst0 ch0:  R_CMD: ACTCMD    R_f0= 0x1b    at time   63721099 ps
inst0 ch0:  R_CMD: ACTCMD    R_r1= 0x3f    at time   63721513 ps
inst0 ch0:  R_CMD: ACTCMD    R_f1= 0x3b    at time   63721927 ps
inst0 ch0:  C_CMD: RDCMD     C_r = 0x005   at time   63735589 ps
inst0 ch0:  C_CMD: RDCMD     C_f = 0x080   at time   63736003 ps
inst0 ch0:  C_CMD: RDCMD     C_r = 0x00d   at time   63738901 ps
inst0 ch0:  C_CMD: RDCMD     C_f = 0x082   at time   63739315 ps
inst0 ch0:  R_CMD: ACTCMD    R_r0= 0x02    at time   63940933 ps
inst0 ch0:  R_CMD: ACTCMD    R_f0= 0x13    at time   63941347 ps
inst0 ch0:  R_CMD: ACTCMD    R_r1= 0x3f    at time   63941761 ps
inst0 ch0:  R_CMD: ACTCMD    R_f1= 0x3b    at time   63942175 ps
inst0 ch0:  R_CMD: ACTCMD    R_r0= 0x02    at time   63943417 ps
inst0 ch0:  R_CMD: ACTCMD    R_f0= 0x1b    at time   63943831 ps
inst0 ch0:  R_CMD: ACTCMD    R_r1= 0x3f    at time   63944245 ps
inst0 ch0:  R_CMD: ACTCMD    R_f1= 0x3b    at time   63944659 ps
inst0 ch0:  C_CMD: WRCMD     C_r = 0x001   at time   63951697 ps
inst0 ch0:  C_CMD: WRCMD     C_f = 0x000   at time   63952111 ps
inst0 ch0:  C_CMD: WRCMD     C_r = 0x001   at time   63954181 ps
inst0 ch0:  C_CMD: WRCMD     C_f = 0x080   at time   63954595 ps
inst0 ch0:  C_CMD: WRCMD     C_r = 0x009   at time   63955009 ps
inst0 ch0:  C_CMD: WRCMD     C_f = 0x002   at time   63955423 ps
inst0 ch0:  C_CMD: WRCMD     C_r = 0x009   at time   63957493 ps
inst0 ch0:  C_CMD: WRCMD     C_f = 0x082   at time   63957907 ps
inst0 ch0:  R_CMD: ACTCMD    R_r0= 0x02    at time   64078381 ps
inst0 ch0:  R_CMD: ACTCMD    R_f0= 0x13    at time   64078795 ps
inst0 ch0:  R_CMD: ACTCMD    R_r1= 0x3f    at time   64079209 ps
inst0 ch0:  R_CMD: ACTCMD    R_f1= 0x3b    at time   64079623 ps
inst0 ch0:  R_CMD: ACTCMD    R_r0= 0x02    at time   64093285 ps
inst0 ch0:  C_CMD: RDCMD     C_r = 0x005   at time   64093285 ps
inst0 ch0:  R_CMD: ACTCMD    R_f0= 0x1b    at time   64093699 ps
inst0 ch0:  C_CMD: RDCMD     C_f = 0x000   at time   64093699 ps
inst0 ch0:  R_CMD: ACTCMD    R_r1= 0x3f    at time   64094113 ps
inst0 ch0:  R_CMD: ACTCMD    R_f1= 0x3b    at time   64094527 ps
inst0 ch0:  C_CMD: RDCMD     C_r = 0x00d   at time   64096597 ps
inst0 ch0:  C_CMD: RDCMD     C_f = 0x002   at time   64097011 ps
inst0 ch0:  C_CMD: RDCMD     C_r = 0x005   at time   64108189 ps
inst0 ch0:  C_CMD: RDCMD     C_f = 0x080   at time   64108603 ps
inst0 ch0:  C_CMD: RDCMD     C_r = 0x00d   at time   64111501 ps
inst0 ch0:  C_CMD: RDCMD     C_f = 0x082   at time   64111915 ps
inst0 ch0:  R_CMD: ACTCMD    R_r0= 0x02    at time   64148761 ps
inst0 ch0:  R_CMD: ACTCMD    R_f0= 0x13    at time   64149175 ps
inst0 ch0:  R_CMD: ACTCMD    R_r1= 0x3f    at time   64149589 ps
inst0 ch0:  R_CMD: ACTCMD    R_f1= 0x3b    at time   64150003 ps
inst0 ch0:  C_CMD: WRCMD     C_r = 0x001   at time   64159525 ps
inst0 ch0:  C_CMD: WRCMD     C_f = 0x000   at time   64159939 ps
inst0 ch0:  C_CMD: WRCMD     C_r = 0x009   at time   64162837 ps
inst0 ch0:  C_CMD: WRCMD     C_f = 0x002   at time   64163251 ps
inst0 ch0:  R_CMD: ACTCMD    R_r0= 0x02    at time   64163665 ps
inst0 ch0:  R_CMD: ACTCMD    R_f0= 0x1b    at time   64164079 ps
inst0 ch0:  R_CMD: ACTCMD    R_r1= 0x3f    at time   64164493 ps
inst0 ch0:  R_CMD: ACTCMD    R_f1= 0x3b    at time   64164907 ps
inst0 ch0:  C_CMD: WRCMD     C_r = 0x001   at time   64174429 ps
inst0 ch0:  C_CMD: WRCMD     C_f = 0x080   at time   64174843 ps
inst0 ch0:  C_CMD: WRCMD     C_r = 0x009   at time   64177741 ps
inst0 ch0:  C_CMD: WRCMD     C_f = 0x082   at time   64178155 ps
inst0 ch0:  R_CMD: ACTCMD    R_r0= 0x0a    at time   64522189 ps
inst0 ch0:  R_CMD: ACTCMD    R_f0= 0x11    at time   64522603 ps
inst0 ch0:  R_CMD: ACTCMD    R_r1= 0x3f    at time   64523017 ps
inst0 ch0:  R_CMD: ACTCMD    R_f1= 0x3b    at time   64523431 ps
inst0 ch0:  R_CMD: ACTCMD    R_r0= 0x02    at time   64526329 ps
inst0 ch0:  R_CMD: ACTCMD    R_f0= 0x11    at time   64526743 ps
inst0 ch0:  R_CMD: ACTCMD    R_r1= 0x3f    at time   64527157 ps
inst0 ch0:  R_CMD: ACTCMD    R_f1= 0x3b    at time   64527571 ps
inst0 ch0:  R_CMD: ACTCMD    R_r0= 0x0a    at time   64532125 ps
inst0 ch0:  R_CMD: ACTCMD    R_f0= 0x19    at time   64532539 ps
inst0 ch0:  R_CMD: ACTCMD    R_r1= 0x3f    at time   64532953 ps
inst0 ch0:  R_CMD: ACTCMD    R_f1= 0x3b    at time   64533367 ps
inst0 ch0:  R_CMD: ACTCMD    R_r0= 0x02    at time   64536265 ps
inst0 ch0:  R_CMD: ACTCMD    R_f0= 0x19    at time   64536679 ps
inst0 ch0:  R_CMD: ACTCMD    R_r1= 0x3f    at time   64537093 ps
inst0 ch0:  C_CMD: RDCMD     C_r = 0x015   at time   64537093 ps
inst0 ch0:  R_CMD: ACTCMD    R_f1= 0x3b    at time   64537507 ps
inst0 ch0:  C_CMD: RDCMD     C_f = 0x078   at time   64537507 ps
inst0 ch0:  C_CMD: RDCMD     C_r = 0x01d   at time   64540405 ps
inst0 ch0:  C_CMD: RDCMD     C_f = 0x07a   at time   64540819 ps
inst0 ch0:  C_CMD: RDCMD     C_r = 0x005   at time   64543717 ps
inst0 ch0:  C_CMD: RDCMD     C_f = 0x078   at time   64544131 ps
inst0 ch0:  C_CMD: RDCMD     C_r = 0x00d   at time   64547029 ps
inst0 ch0:  C_CMD: RDCMD     C_f = 0x07a   at time   64547443 ps
inst0 ch0:  C_CMD: RDCMD     C_r = 0x015   at time   64547857 ps
inst0 ch0:  C_CMD: RDCMD     C_f = 0x0f8   at time   64548271 ps
inst0 ch0:  C_CMD: RDCMD     C_r = 0x01d   at time   64551169 ps
inst0 ch0:  C_CMD: RDCMD     C_f = 0x0fa   at time   64551583 ps
inst0 ch0:  C_CMD: RDCMD     C_r = 0x005   at time   64554481 ps
inst0 ch0:  C_CMD: RDCMD     C_f = 0x0f8   at time   64554895 ps
inst0 ch0:  C_CMD: RDCMD     C_r = 0x00d   at time   64557793 ps
inst0 ch0:  C_CMD: RDCMD     C_f = 0x0fa   at time   64558207 ps
inst0 ch0:  R_CMD: ACTCMD    R_r0= 0x0a    at time   64592569 ps
inst0 ch0:  R_CMD: ACTCMD    R_f0= 0x11    at time   64592983 ps
inst0 ch0:  R_CMD: ACTCMD    R_r1= 0x3f    at time   64593397 ps
inst0 ch0:  R_CMD: ACTCMD    R_f1= 0x3b    at time   64593811 ps
inst0 ch0:  R_CMD: ACTCMD    R_r0= 0x02    at time   64599193 ps
inst0 ch0:  R_CMD: ACTCMD    R_f0= 0x11    at time   64599607 ps
inst0 ch0:  R_CMD: ACTCMD    R_r1= 0x3f    at time   64600021 ps
inst0 ch0:  R_CMD: ACTCMD    R_f1= 0x3b    at time   64600435 ps
inst0 ch0:  R_CMD: ACTCMD    R_r0= 0x0a    at time   64603333 ps
inst0 ch0:  C_CMD: WRCMD     C_r = 0x011   at time   64603333 ps
inst0 ch0:  R_CMD: ACTCMD    R_f0= 0x19    at time   64603747 ps
inst0 ch0:  C_CMD: WRCMD     C_f = 0x078   at time   64603747 ps
inst0 ch0:  R_CMD: ACTCMD    R_r1= 0x3f    at time   64604161 ps
inst0 ch0:  R_CMD: ACTCMD    R_f1= 0x3b    at time   64604575 ps
inst0 ch0:  C_CMD: WRCMD     C_r = 0x019   at time   64606645 ps
inst0 ch0:  C_CMD: WRCMD     C_f = 0x07a   at time   64607059 ps
inst0 ch0:  R_CMD: ACTCMD    R_r0= 0x02    at time   64609957 ps
inst0 ch0:  C_CMD: WRCMD     C_r = 0x001   at time   64609957 ps
inst0 ch0:  R_CMD: ACTCMD    R_f0= 0x19    at time   64610371 ps
inst0 ch0:  C_CMD: WRCMD     C_f = 0x078   at time   64610371 ps
inst0 ch0:  R_CMD: ACTCMD    R_r1= 0x3f    at time   64610785 ps
inst0 ch0:  R_CMD: ACTCMD    R_f1= 0x3b    at time   64611199 ps
inst0 ch0:  C_CMD: WRCMD     C_r = 0x009   at time   64613269 ps
inst0 ch0:  C_CMD: WRCMD     C_f = 0x07a   at time   64613683 ps
inst0 ch0:  C_CMD: WRCMD     C_r = 0x011   at time   64614097 ps
inst0 ch0:  C_CMD: WRCMD     C_f = 0x0f8   at time   64614511 ps
inst0 ch0:  C_CMD: WRCMD     C_r = 0x019   at time   64617409 ps
inst0 ch0:  C_CMD: WRCMD     C_f = 0x0fa   at time   64617823 ps
inst0 ch0:  C_CMD: WRCMD     C_r = 0x001   at time   64620721 ps
inst0 ch0:  C_CMD: WRCMD     C_f = 0x0f8   at time   64621135 ps
inst0 ch0:  C_CMD: WRCMD     C_r = 0x009   at time   64624033 ps
inst0 ch0:  C_CMD: WRCMD     C_f = 0x0fa   at time   64624447 ps
inst0 ch0:  R_CMD: ACTCMD    R_r0= 0x0a    at time   65355157 ps
inst0 ch0:  R_CMD: ACTCMD    R_f0= 0x0a    at time   65355571 ps
inst0 ch0:  R_CMD: ACTCMD    R_r1= 0x00    at time   65355985 ps
inst0 ch0:  R_CMD: ACTCMD    R_f1= 0x00    at time   65356399 ps
inst0 ch0:  R_CMD: ACTCMD    R_r0= 0x02    at time   65359297 ps
inst0 ch0:  R_CMD: ACTCMD    R_f0= 0x0a    at time   65359711 ps
inst0 ch0:  R_CMD: ACTCMD    R_r1= 0x00    at time   65360125 ps
inst0 ch0:  R_CMD: ACTCMD    R_f1= 0x00    at time   65360539 ps
inst0 ch0:  R_CMD: ACTCMD    R_r0= 0x0a    at time   65360953 ps
inst0 ch0:  R_CMD: ACTCMD    R_f0= 0x02    at time   65361367 ps
inst0 ch0:  R_CMD: ACTCMD    R_r1= 0x00    at time   65361781 ps
inst0 ch0:  R_CMD: ACTCMD    R_f1= 0x00    at time   65362195 ps
inst0 ch0:  R_CMD: ACTCMD    R_r0= 0x02    at time   65365093 ps
inst0 ch0:  R_CMD: ACTCMD    R_f0= 0x02    at time   65365507 ps
inst0 ch0:  R_CMD: ACTCMD    R_r1= 0x00    at time   65365921 ps
inst0 ch0:  R_CMD: ACTCMD    R_f1= 0x00    at time   65366335 ps
inst0 ch0:  C_CMD: RDCMD     C_r = 0x015   at time   65370061 ps
inst0 ch0:  C_CMD: RDCMD     C_f = 0x080   at time   65370475 ps
inst0 ch0:  C_CMD: RDCMD     C_r = 0x01d   at time   65373373 ps
inst0 ch0:  C_CMD: RDCMD     C_f = 0x082   at time   65373787 ps
inst0 ch0:  C_CMD: RDCMD     C_r = 0x015   at time   65375857 ps
inst0 ch0:  C_CMD: RDCMD     C_f = 0x000   at time   65376271 ps
inst0 ch0:  C_CMD: RDCMD     C_r = 0x005   at time   65376685 ps
inst0 ch0:  C_CMD: RDCMD     C_f = 0x080   at time   65377099 ps
inst0 ch0:  C_CMD: RDCMD     C_r = 0x01d   at time   65379169 ps
inst0 ch0:  C_CMD: RDCMD     C_f = 0x002   at time   65379583 ps
inst0 ch0:  C_CMD: RDCMD     C_r = 0x00d   at time   65379997 ps
inst0 ch0:  C_CMD: RDCMD     C_f = 0x082   at time   65380411 ps
inst0 ch0:  C_CMD: RDCMD     C_r = 0x005   at time   65382481 ps
inst0 ch0:  C_CMD: RDCMD     C_f = 0x000   at time   65382895 ps
inst0 ch0:  C_CMD: RDCMD     C_r = 0x00d   at time   65385793 ps
inst0 ch0:  C_CMD: RDCMD     C_f = 0x002   at time   65386207 ps
