inst0 ch0:  R_CMD: ACTCMD    R_r0= 0x0e    at time   33400981 ps
inst0 ch0:  R_CMD: ACTCMD    R_f0= 0x28    at time   33401395 ps
inst0 ch0:  R_CMD: ACTCMD    R_r1= 0x00    at time   33401809 ps
inst0 ch0:  R_CMD: ACTCMD    R_f1= 0x02    at time   33402223 ps
inst0 ch0:  R_CMD: ACTCMD    R_r0= 0x0e    at time   33402637 ps
inst0 ch0:  R_CMD: ACTCMD    R_f0= 0x20    at time   33403051 ps
inst0 ch0:  R_CMD: ACTCMD    R_r1= 0x00    at time   33403465 ps
inst0 ch0:  R_CMD: ACTCMD    R_f1= 0x02    at time   33403879 ps
inst0 ch0:  C_CMD: RDCMD     C_r = 0x095   at time   33415885 ps
inst0 ch0:  C_CMD: RDCMD     C_f = 0x0a9   at time   33416299 ps
inst0 ch0:  C_CMD: RDCMD     C_r = 0x095   at time   33417541 ps
inst0 ch0:  C_CMD: RDCMD     C_f = 0x029   at time   33417955 ps
inst0 ch0:  C_CMD: RDCMD     C_r = 0x095   at time   33419197 ps
inst0 ch0:  C_CMD: RDCMD     C_f = 0x0ab   at time   33419611 ps
inst0 ch0:  C_CMD: RDCMD     C_r = 0x095   at time   33420853 ps
inst0 ch0:  C_CMD: RDCMD     C_f = 0x02b   at time   33421267 ps
inst0 ch0:  C_CMD: RDCMD     C_r = 0x095   at time   33422509 ps
inst0 ch0:  C_CMD: RDCMD     C_f = 0x0a1   at time   33422923 ps
inst0 ch0:  C_CMD: RDCMD     C_r = 0x095   at time   33424165 ps
inst0 ch0:  C_CMD: RDCMD     C_f = 0x021   at time   33424579 ps
inst0 ch0:  C_CMD: RDCMD     C_r = 0x09d   at time   33425821 ps
inst0 ch0:  C_CMD: RDCMD     C_f = 0x0a3   at time   33426235 ps
inst0 ch0:  C_CMD: RDCMD     C_r = 0x09d   at time   33427477 ps
inst0 ch0:  C_CMD: RDCMD     C_f = 0x023   at time   33427891 ps
inst0 ch0:  R_CMD: ACTCMD    R_r0= 0x0e    at time   33616261 ps
inst0 ch0:  R_CMD: ACTCMD    R_f0= 0x28    at time   33616675 ps
inst0 ch0:  R_CMD: ACTCMD    R_r1= 0x00    at time   33617089 ps
inst0 ch0:  R_CMD: ACTCMD    R_f1= 0x02    at time   33617503 ps
inst0 ch0:  R_CMD: ACTCMD    R_r0= 0x0e    at time   33617917 ps
inst0 ch0:  R_CMD: ACTCMD    R_f0= 0x20    at time   33618331 ps
inst0 ch0:  R_CMD: ACTCMD    R_r1= 0x00    at time   33618745 ps
inst0 ch0:  R_CMD: ACTCMD    R_f1= 0x02    at time   33619159 ps
inst0 ch0:  C_CMD: WRCMD     C_r = 0x091   at time   33627025 ps
inst0 ch0:  C_CMD: WRCMD     C_f = 0x0a9   at time   33627439 ps
inst0 ch0:  C_CMD: WRCMD     C_r = 0x091   at time   33628681 ps
inst0 ch0:  C_CMD: WRCMD     C_f = 0x029   at time   33629095 ps
inst0 ch0:  C_CMD: WRCMD     C_r = 0x091   at time   33630337 ps
inst0 ch0:  C_CMD: WRCMD     C_f = 0x0ab   at time   33630751 ps
inst0 ch0:  C_CMD: WRCMD     C_r = 0x091   at time   33631993 ps
inst0 ch0:  C_CMD: WRCMD     C_f = 0x02b   at time   33632407 ps
inst0 ch0:  C_CMD: WRCMD     C_r = 0x091   at time   33633649 ps
inst0 ch0:  C_CMD: WRCMD     C_f = 0x0a1   at time   33634063 ps
inst0 ch0:  C_CMD: WRCMD     C_r = 0x091   at time   33635305 ps
inst0 ch0:  C_CMD: WRCMD     C_f = 0x021   at time   33635719 ps
inst0 ch0:  C_CMD: WRCMD     C_r = 0x099   at time   33636961 ps
inst0 ch0:  C_CMD: WRCMD     C_f = 0x0a3   at time   33637375 ps
inst0 ch0:  C_CMD: WRCMD     C_r = 0x099   at time   33638617 ps
inst0 ch0:  C_CMD: WRCMD     C_f = 0x023   at time   33639031 ps
inst0 ch0:  R_CMD: ACTCMD    R_r0= 0x26    at time   37538497 ps
inst0 ch0:  R_CMD: ACTCMD    R_f0= 0x28    at time   37538911 ps
inst0 ch0:  R_CMD: ACTCMD    R_r1= 0x00    at time   37539325 ps
inst0 ch0:  R_CMD: ACTCMD    R_f1= 0x02    at time   37539739 ps
inst0 ch0:  R_CMD: ACTCMD    R_r0= 0x26    at time   37540981 ps
inst0 ch0:  R_CMD: ACTCMD    R_f0= 0x20    at time   37541395 ps
inst0 ch0:  R_CMD: ACTCMD    R_r1= 0x00    at time   37541809 ps
inst0 ch0:  R_CMD: ACTCMD    R_f1= 0x02    at time   37542223 ps
inst0 ch0:  C_CMD: RDCMD     C_r = 0x0c5   at time   37553401 ps
inst0 ch0:  C_CMD: RDCMD     C_f = 0x0a9   at time   37553815 ps
inst0 ch0:  C_CMD: RDCMD     C_r = 0x0c5   at time   37555885 ps
inst0 ch0:  C_CMD: RDCMD     C_f = 0x029   at time   37556299 ps
inst0 ch0:  C_CMD: RDCMD     C_r = 0x0c5   at time   37556713 ps
inst0 ch0:  C_CMD: RDCMD     C_f = 0x0ab   at time   37557127 ps
inst0 ch0:  C_CMD: RDCMD     C_r = 0x0c5   at time   37559197 ps
inst0 ch0:  C_CMD: RDCMD     C_f = 0x02b   at time   37559611 ps
inst0 ch0:  C_CMD: RDCMD     C_r = 0x0c5   at time   37560025 ps
inst0 ch0:  C_CMD: RDCMD     C_f = 0x0a1   at time   37560439 ps
inst0 ch0:  C_CMD: RDCMD     C_r = 0x0c5   at time   37562509 ps
inst0 ch0:  C_CMD: RDCMD     C_f = 0x021   at time   37562923 ps
inst0 ch0:  C_CMD: RDCMD     C_r = 0x0cd   at time   37563337 ps
inst0 ch0:  C_CMD: RDCMD     C_f = 0x0a3   at time   37563751 ps
inst0 ch0:  C_CMD: RDCMD     C_r = 0x0cd   at time   37565821 ps
inst0 ch0:  C_CMD: RDCMD     C_f = 0x023   at time   37566235 ps
inst0 ch0:  R_CMD: ACTCMD    R_r0= 0x26    at time   37680913 ps
inst0 ch0:  R_CMD: ACTCMD    R_f0= 0x28    at time   37681327 ps
inst0 ch0:  R_CMD: ACTCMD    R_r1= 0x00    at time   37681741 ps
inst0 ch0:  R_CMD: ACTCMD    R_f1= 0x02    at time   37682155 ps
inst0 ch0:  R_CMD: ACTCMD    R_r0= 0x26    at time   37683397 ps
inst0 ch0:  R_CMD: ACTCMD    R_f0= 0x20    at time   37683811 ps
inst0 ch0:  R_CMD: ACTCMD    R_r1= 0x00    at time   37684225 ps
inst0 ch0:  R_CMD: ACTCMD    R_f1= 0x02    at time   37684639 ps
inst0 ch0:  C_CMD: WRCMD     C_r = 0x0c1   at time   37691677 ps
inst0 ch0:  C_CMD: WRCMD     C_f = 0x0a9   at time   37692091 ps
inst0 ch0:  C_CMD: WRCMD     C_r = 0x0c1   at time   37694161 ps
inst0 ch0:  C_CMD: WRCMD     C_f = 0x029   at time   37694575 ps
inst0 ch0:  C_CMD: WRCMD     C_r = 0x0c1   at time   37694989 ps
inst0 ch0:  C_CMD: WRCMD     C_f = 0x0ab   at time   37695403 ps
inst0 ch0:  C_CMD: WRCMD     C_r = 0x0c1   at time   37697473 ps
inst0 ch0:  C_CMD: WRCMD     C_f = 0x02b   at time   37697887 ps
inst0 ch0:  C_CMD: WRCMD     C_r = 0x0c1   at time   37698301 ps
inst0 ch0:  C_CMD: WRCMD     C_f = 0x0a1   at time   37698715 ps
inst0 ch0:  C_CMD: WRCMD     C_r = 0x0c1   at time   37700785 ps
inst0 ch0:  C_CMD: WRCMD     C_f = 0x021   at time   37701199 ps
inst0 ch0:  C_CMD: WRCMD     C_r = 0x0c9   at time   37701613 ps
inst0 ch0:  C_CMD: WRCMD     C_f = 0x0a3   at time   37702027 ps
inst0 ch0:  C_CMD: WRCMD     C_r = 0x0c9   at time   37704097 ps
inst0 ch0:  C_CMD: WRCMD     C_f = 0x023   at time   37704511 ps
inst0 ch0:  R_CMD: ACTCMD    R_r0= 0x22    at time   54522433 ps
inst0 ch0:  R_CMD: ACTCMD    R_f0= 0x2a    at time   54522847 ps
inst0 ch0:  R_CMD: ACTCMD    R_r1= 0x00    at time   54523261 ps
inst0 ch0:  R_CMD: ACTCMD    R_f1= 0x00    at time   54523675 ps
inst0 ch0:  R_CMD: ACTCMD    R_r0= 0x02    at time   54526573 ps
inst0 ch0:  R_CMD: ACTCMD    R_f0= 0x2a    at time   54526987 ps
inst0 ch0:  R_CMD: ACTCMD    R_r1= 0x00    at time   54527401 ps
inst0 ch0:  R_CMD: ACTCMD    R_f1= 0x00    at time   54527815 ps
inst0 ch0:  R_CMD: ACTCMD    R_r0= 0x22    at time   54528229 ps
inst0 ch0:  R_CMD: ACTCMD    R_f0= 0x22    at time   54528643 ps
inst0 ch0:  R_CMD: ACTCMD    R_r1= 0x00    at time   54529057 ps
inst0 ch0:  R_CMD: ACTCMD    R_f1= 0x00    at time   54529471 ps
inst0 ch0:  R_CMD: ACTCMD    R_r0= 0x22    at time   54530713 ps
inst0 ch0:  R_CMD: ACTCMD    R_f0= 0x0a    at time   54531127 ps
inst0 ch0:  R_CMD: ACTCMD    R_r1= 0x00    at time   54531541 ps
inst0 ch0:  R_CMD: ACTCMD    R_f1= 0x00    at time   54531955 ps
inst0 ch0:  R_CMD: ACTCMD    R_r0= 0x02    at time   54532369 ps
inst0 ch0:  R_CMD: ACTCMD    R_f0= 0x22    at time   54532783 ps
inst0 ch0:  R_CMD: ACTCMD    R_r1= 0x00    at time   54533197 ps
inst0 ch0:  R_CMD: ACTCMD    R_f1= 0x00    at time   54533611 ps
inst0 ch0:  R_CMD: ACTCMD    R_r0= 0x02    at time   54534853 ps
inst0 ch0:  R_CMD: ACTCMD    R_f0= 0x0a    at time   54535267 ps
inst0 ch0:  R_CMD: ACTCMD    R_r1= 0x00    at time   54535681 ps
inst0 ch0:  R_CMD: ACTCMD    R_f1= 0x00    at time   54536095 ps
inst0 ch0:  R_CMD: ACTCMD    R_r0= 0x22    at time   54536509 ps
inst0 ch0:  R_CMD: ACTCMD    R_f0= 0x02    at time   54536923 ps
inst0 ch0:  R_CMD: ACTCMD    R_r1= 0x00    at time   54537337 ps
inst0 ch0:  C_CMD: RDCMD     C_r = 0x0c5   at time   54537337 ps
inst0 ch0:  R_CMD: ACTCMD    R_f1= 0x00    at time   54537751 ps
inst0 ch0:  C_CMD: RDCMD     C_f = 0x080   at time   54537751 ps
inst0 ch0:  R_CMD: ACTCMD    R_r0= 0x02    at time   54540649 ps
inst0 ch0:  C_CMD: RDCMD     C_r = 0x0cd   at time   54540649 ps
inst0 ch0:  R_CMD: ACTCMD    R_f0= 0x02    at time   54541063 ps
inst0 ch0:  C_CMD: RDCMD     C_f = 0x082   at time   54541063 ps
inst0 ch0:  R_CMD: ACTCMD    R_r1= 0x00    at time   54541477 ps
inst0 ch0:  R_CMD: ACTCMD    R_f1= 0x00    at time   54541891 ps
inst0 ch0:  C_CMD: RDCMD     C_r = 0x085   at time   54542305 ps
inst0 ch0:  C_CMD: RDCMD     C_f = 0x080   at time   54542719 ps
inst0 ch0:  C_CMD: RDCMD     C_r = 0x0c5   at time   54543133 ps
inst0 ch0:  C_CMD: RDCMD     C_f = 0x000   at time   54543547 ps
inst0 ch0:  C_CMD: RDCMD     C_r = 0x08d   at time   54545617 ps
inst0 ch0:  C_CMD: RDCMD     C_f = 0x082   at time   54546031 ps
inst0 ch0:  C_CMD: RDCMD     C_r = 0x0cd   at time   54546445 ps
inst0 ch0:  C_CMD: RDCMD     C_f = 0x002   at time   54546859 ps
inst0 ch0:  C_CMD: RDCMD     C_r = 0x045   at time   54547273 ps
inst0 ch0:  C_CMD: RDCMD     C_f = 0x080   at time   54547687 ps
inst0 ch0:  C_CMD: RDCMD     C_r = 0x085   at time   54548101 ps
inst0 ch0:  C_CMD: RDCMD     C_f = 0x000   at time   54548515 ps
inst0 ch0:  C_CMD: RDCMD     C_r = 0x005   at time   54549757 ps
inst0 ch0:  C_CMD: RDCMD     C_f = 0x080   at time   54550171 ps
inst0 ch0:  C_CMD: RDCMD     C_r = 0x04d   at time   54551413 ps
inst0 ch0:  C_CMD: RDCMD     C_f = 0x082   at time   54551827 ps
inst0 ch0:  C_CMD: RDCMD     C_r = 0x08d   at time   54552241 ps
inst0 ch0:  C_CMD: RDCMD     C_f = 0x002   at time   54552655 ps
inst0 ch0:  C_CMD: RDCMD     C_r = 0x00d   at time   54553069 ps
inst0 ch0:  C_CMD: RDCMD     C_f = 0x082   at time   54553483 ps
inst0 ch0:  C_CMD: RDCMD     C_r = 0x045   at time   54553897 ps
inst0 ch0:  C_CMD: RDCMD     C_f = 0x000   at time   54554311 ps
inst0 ch0:  C_CMD: RDCMD     C_r = 0x005   at time   54555553 ps
inst0 ch0:  C_CMD: RDCMD     C_f = 0x000   at time   54555967 ps
inst0 ch0:  C_CMD: RDCMD     C_r = 0x04d   at time   54557209 ps
inst0 ch0:  C_CMD: RDCMD     C_f = 0x002   at time   54557623 ps
inst0 ch0:  C_CMD: RDCMD     C_r = 0x00d   at time   54558865 ps
inst0 ch0:  C_CMD: RDCMD     C_f = 0x002   at time   54559279 ps
inst0 ch0:  R_CMD: ACTCMD    R_r0= 0x2a    at time   55408393 ps
inst0 ch0:  R_CMD: ACTCMD    R_f0= 0x22    at time   55408807 ps
inst0 ch0:  R_CMD: ACTCMD    R_r1= 0x00    at time   55409221 ps
inst0 ch0:  R_CMD: ACTCMD    R_f1= 0x00    at time   55409635 ps
inst0 ch0:  R_CMD: ACTCMD    R_r0= 0x0a    at time   55412533 ps
inst0 ch0:  R_CMD: ACTCMD    R_f0= 0x22    at time   55412947 ps
inst0 ch0:  R_CMD: ACTCMD    R_r1= 0x00    at time   55413361 ps
inst0 ch0:  R_CMD: ACTCMD    R_f1= 0x00    at time   55413775 ps
inst0 ch0:  R_CMD: ACTCMD    R_r0= 0x2a    at time   55415017 ps
inst0 ch0:  R_CMD: ACTCMD    R_f0= 0x2a    at time   55415431 ps
inst0 ch0:  R_CMD: ACTCMD    R_r1= 0x00    at time   55415845 ps
inst0 ch0:  R_CMD: ACTCMD    R_f1= 0x00    at time   55416259 ps
inst0 ch0:  R_CMD: ACTCMD    R_r0= 0x2a    at time   55416673 ps
inst0 ch0:  R_CMD: ACTCMD    R_f0= 0x02    at time   55417087 ps
inst0 ch0:  R_CMD: ACTCMD    R_r1= 0x00    at time   55417501 ps
inst0 ch0:  R_CMD: ACTCMD    R_f1= 0x00    at time   55417915 ps
inst0 ch0:  R_CMD: ACTCMD    R_r0= 0x0a    at time   55419157 ps
inst0 ch0:  R_CMD: ACTCMD    R_f0= 0x2a    at time   55419571 ps
inst0 ch0:  R_CMD: ACTCMD    R_r1= 0x00    at time   55419985 ps
inst0 ch0:  R_CMD: ACTCMD    R_f1= 0x00    at time   55420399 ps
inst0 ch0:  R_CMD: ACTCMD    R_r0= 0x0a    at time   55420813 ps
inst0 ch0:  R_CMD: ACTCMD    R_f0= 0x02    at time   55421227 ps
inst0 ch0:  R_CMD: ACTCMD    R_r1= 0x00    at time   55421641 ps
inst0 ch0:  R_CMD: ACTCMD    R_f1= 0x00    at time   55422055 ps
inst0 ch0:  R_CMD: ACTCMD    R_r0= 0x2a    at time   55423297 ps
inst0 ch0:  C_CMD: RDCMD     C_r = 0x0d5   at time   55423297 ps
inst0 ch0:  R_CMD: ACTCMD    R_f0= 0x0a    at time   55423711 ps
inst0 ch0:  C_CMD: RDCMD     C_f = 0x000   at time   55423711 ps
inst0 ch0:  R_CMD: ACTCMD    R_r1= 0x00    at time   55424125 ps
inst0 ch0:  R_CMD: ACTCMD    R_f1= 0x00    at time   55424539 ps
inst0 ch0:  C_CMD: RDCMD     C_r = 0x0dd   at time   55426609 ps
inst0 ch0:  C_CMD: RDCMD     C_f = 0x002   at time   55427023 ps
inst0 ch0:  R_CMD: ACTCMD    R_r0= 0x0a    at time   55427437 ps
inst0 ch0:  R_CMD: ACTCMD    R_f0= 0x0a    at time   55427851 ps
inst0 ch0:  R_CMD: ACTCMD    R_r1= 0x00    at time   55428265 ps
inst0 ch0:  C_CMD: RDCMD     C_r = 0x095   at time   55428265 ps
inst0 ch0:  R_CMD: ACTCMD    R_f1= 0x00    at time   55428679 ps
inst0 ch0:  C_CMD: RDCMD     C_f = 0x000   at time   55428679 ps
inst0 ch0:  C_CMD: RDCMD     C_r = 0x0d5   at time   55429921 ps
inst0 ch0:  C_CMD: RDCMD     C_f = 0x080   at time   55430335 ps
inst0 ch0:  C_CMD: RDCMD     C_r = 0x09d   at time   55431577 ps
inst0 ch0:  C_CMD: RDCMD     C_f = 0x002   at time   55431991 ps
inst0 ch0:  C_CMD: RDCMD     C_r = 0x055   at time   55433233 ps
inst0 ch0:  C_CMD: RDCMD     C_f = 0x000   at time   55433647 ps
inst0 ch0:  C_CMD: RDCMD     C_r = 0x0dd   at time   55434061 ps
inst0 ch0:  C_CMD: RDCMD     C_f = 0x082   at time   55434475 ps
inst0 ch0:  C_CMD: RDCMD     C_r = 0x015   at time   55435717 ps
inst0 ch0:  C_CMD: RDCMD     C_f = 0x000   at time   55436131 ps
inst0 ch0:  C_CMD: RDCMD     C_r = 0x095   at time   55436545 ps
inst0 ch0:  C_CMD: RDCMD     C_f = 0x080   at time   55436959 ps
inst0 ch0:  C_CMD: RDCMD     C_r = 0x05d   at time   55437373 ps
inst0 ch0:  C_CMD: RDCMD     C_f = 0x002   at time   55437787 ps
inst0 ch0:  C_CMD: RDCMD     C_r = 0x055   at time   55438201 ps
inst0 ch0:  C_CMD: RDCMD     C_f = 0x080   at time   55438615 ps
inst0 ch0:  C_CMD: RDCMD     C_r = 0x01d   at time   55439029 ps
inst0 ch0:  C_CMD: RDCMD     C_f = 0x002   at time   55439443 ps
inst0 ch0:  C_CMD: RDCMD     C_r = 0x09d   at time   55439857 ps
inst0 ch0:  C_CMD: RDCMD     C_f = 0x082   at time   55440271 ps
inst0 ch0:  C_CMD: RDCMD     C_r = 0x05d   at time   55441513 ps
inst0 ch0:  C_CMD: RDCMD     C_f = 0x082   at time   55441927 ps
inst0 ch0:  C_CMD: RDCMD     C_r = 0x015   at time   55443169 ps
inst0 ch0:  C_CMD: RDCMD     C_f = 0x080   at time   55443583 ps
inst0 ch0:  C_CMD: RDCMD     C_r = 0x01d   at time   55446481 ps
inst0 ch0:  C_CMD: RDCMD     C_f = 0x082   at time   55446895 ps
inst0 ch0:  R_CMD: ACTCMD    R_r0= 0x32    at time   55737109 ps
inst0 ch0:  R_CMD: ACTCMD    R_f0= 0x22    at time   55737523 ps
inst0 ch0:  R_CMD: ACTCMD    R_r1= 0x00    at time   55737937 ps
inst0 ch0:  R_CMD: ACTCMD    R_f1= 0x00    at time   55738351 ps
inst0 ch0:  R_CMD: ACTCMD    R_r0= 0x12    at time   55741249 ps
inst0 ch0:  R_CMD: ACTCMD    R_f0= 0x22    at time   55741663 ps
inst0 ch0:  R_CMD: ACTCMD    R_r1= 0x00    at time   55742077 ps
inst0 ch0:  R_CMD: ACTCMD    R_f1= 0x00    at time   55742491 ps
inst0 ch0:  R_CMD: ACTCMD    R_r0= 0x32    at time   55745389 ps
inst0 ch0:  R_CMD: ACTCMD    R_f0= 0x02    at time   55745803 ps
inst0 ch0:  R_CMD: ACTCMD    R_r1= 0x00    at time   55746217 ps
inst0 ch0:  R_CMD: ACTCMD    R_f1= 0x00    at time   55746631 ps
inst0 ch0:  R_CMD: ACTCMD    R_r0= 0x12    at time   55749529 ps
inst0 ch0:  R_CMD: ACTCMD    R_f0= 0x02    at time   55749943 ps
inst0 ch0:  R_CMD: ACTCMD    R_r1= 0x00    at time   55750357 ps
inst0 ch0:  R_CMD: ACTCMD    R_f1= 0x00    at time   55750771 ps
inst0 ch0:  R_CMD: ACTCMD    R_r0= 0x32    at time   55751185 ps
inst0 ch0:  R_CMD: ACTCMD    R_f0= 0x2a    at time   55751599 ps
inst0 ch0:  R_CMD: ACTCMD    R_r1= 0x00    at time   55752013 ps
inst0 ch0:  C_CMD: RDCMD     C_r = 0x0e5   at time   55752013 ps
inst0 ch0:  R_CMD: ACTCMD    R_f1= 0x00    at time   55752427 ps
inst0 ch0:  C_CMD: RDCMD     C_f = 0x000   at time   55752427 ps
inst0 ch0:  R_CMD: ACTCMD    R_r0= 0x12    at time   55755325 ps
inst0 ch0:  C_CMD: RDCMD     C_r = 0x0ed   at time   55755325 ps
inst0 ch0:  R_CMD: ACTCMD    R_f0= 0x2a    at time   55755739 ps
inst0 ch0:  C_CMD: RDCMD     C_f = 0x002   at time   55755739 ps
inst0 ch0:  R_CMD: ACTCMD    R_r1= 0x00    at time   55756153 ps
inst0 ch0:  R_CMD: ACTCMD    R_f1= 0x00    at time   55756567 ps
inst0 ch0:  C_CMD: RDCMD     C_r = 0x0a5   at time   55756981 ps
inst0 ch0:  C_CMD: RDCMD     C_f = 0x000   at time   55757395 ps
inst0 ch0:  R_CMD: ACTCMD    R_r0= 0x32    at time   55759465 ps
inst0 ch0:  R_CMD: ACTCMD    R_f0= 0x0a    at time   55759879 ps
inst0 ch0:  R_CMD: ACTCMD    R_r1= 0x00    at time   55760293 ps
inst0 ch0:  C_CMD: RDCMD     C_r = 0x0ad   at time   55760293 ps
inst0 ch0:  R_CMD: ACTCMD    R_f1= 0x00    at time   55760707 ps
inst0 ch0:  C_CMD: RDCMD     C_f = 0x002   at time   55760707 ps
inst0 ch0:  C_CMD: RDCMD     C_r = 0x065   at time   55761949 ps
inst0 ch0:  C_CMD: RDCMD     C_f = 0x000   at time   55762363 ps
inst0 ch0:  R_CMD: ACTCMD    R_r0= 0x12    at time   55763605 ps
inst0 ch0:  R_CMD: ACTCMD    R_f0= 0x0a    at time   55764019 ps
inst0 ch0:  R_CMD: ACTCMD    R_r1= 0x00    at time   55764433 ps
inst0 ch0:  C_CMD: RDCMD     C_r = 0x025   at time   55764433 ps
inst0 ch0:  R_CMD: ACTCMD    R_f1= 0x00    at time   55764847 ps
inst0 ch0:  C_CMD: RDCMD     C_f = 0x000   at time   55764847 ps
inst0 ch0:  C_CMD: RDCMD     C_r = 0x06d   at time   55766089 ps
inst0 ch0:  C_CMD: RDCMD     C_f = 0x002   at time   55766503 ps
inst0 ch0:  C_CMD: RDCMD     C_r = 0x0e5   at time   55766917 ps
inst0 ch0:  C_CMD: RDCMD     C_f = 0x080   at time   55767331 ps
inst0 ch0:  C_CMD: RDCMD     C_r = 0x02d   at time   55767745 ps
inst0 ch0:  C_CMD: RDCMD     C_f = 0x002   at time   55768159 ps
inst0 ch0:  C_CMD: RDCMD     C_r = 0x0ed   at time   55770229 ps
inst0 ch0:  C_CMD: RDCMD     C_f = 0x082   at time   55770643 ps
inst0 ch0:  C_CMD: RDCMD     C_r = 0x0a5   at time   55771885 ps
inst0 ch0:  C_CMD: RDCMD     C_f = 0x080   at time   55772299 ps
inst0 ch0:  C_CMD: RDCMD     C_r = 0x065   at time   55774369 ps
inst0 ch0:  C_CMD: RDCMD     C_f = 0x080   at time   55774783 ps
inst0 ch0:  C_CMD: RDCMD     C_r = 0x0ad   at time   55776025 ps
inst0 ch0:  C_CMD: RDCMD     C_f = 0x082   at time   55776439 ps
inst0 ch0:  C_CMD: RDCMD     C_r = 0x06d   at time   55777681 ps
inst0 ch0:  C_CMD: RDCMD     C_f = 0x082   at time   55778095 ps
inst0 ch0:  C_CMD: RDCMD     C_r = 0x025   at time   55779337 ps
inst0 ch0:  C_CMD: RDCMD     C_f = 0x080   at time   55779751 ps
inst0 ch0:  C_CMD: RDCMD     C_r = 0x02d   at time   55782649 ps
inst0 ch0:  C_CMD: RDCMD     C_f = 0x082   at time   55783063 ps
inst0 ch0:  R_CMD: ACTCMD    R_r0= 0x3a    at time   56252953 ps
inst0 ch0:  R_CMD: ACTCMD    R_f0= 0x22    at time   56253367 ps
inst0 ch0:  R_CMD: ACTCMD    R_r1= 0x00    at time   56253781 ps
inst0 ch0:  R_CMD: ACTCMD    R_f1= 0x00    at time   56254195 ps
inst0 ch0:  R_CMD: ACTCMD    R_r0= 0x1a    at time   56257093 ps
inst0 ch0:  R_CMD: ACTCMD    R_f0= 0x22    at time   56257507 ps
inst0 ch0:  R_CMD: ACTCMD    R_r1= 0x00    at time   56257921 ps
inst0 ch0:  R_CMD: ACTCMD    R_f1= 0x00    at time   56258335 ps
inst0 ch0:  R_CMD: ACTCMD    R_r0= 0x3a    at time   56261233 ps
inst0 ch0:  R_CMD: ACTCMD    R_f0= 0x02    at time   56261647 ps
inst0 ch0:  R_CMD: ACTCMD    R_r1= 0x00    at time   56262061 ps
inst0 ch0:  R_CMD: ACTCMD    R_f1= 0x00    at time   56262475 ps
inst0 ch0:  R_CMD: ACTCMD    R_r0= 0x1a    at time   56265373 ps
inst0 ch0:  R_CMD: ACTCMD    R_f0= 0x02    at time   56265787 ps
inst0 ch0:  R_CMD: ACTCMD    R_r1= 0x00    at time   56266201 ps
inst0 ch0:  R_CMD: ACTCMD    R_f1= 0x00    at time   56266615 ps
inst0 ch0:  C_CMD: RDCMD     C_r = 0x0f5   at time   56267857 ps
inst0 ch0:  C_CMD: RDCMD     C_f = 0x000   at time   56268271 ps
inst0 ch0:  C_CMD: RDCMD     C_r = 0x0fd   at time   56271169 ps
inst0 ch0:  C_CMD: RDCMD     C_f = 0x002   at time   56271583 ps
inst0 ch0:  C_CMD: RDCMD     C_r = 0x0b5   at time   56272825 ps
inst0 ch0:  C_CMD: RDCMD     C_f = 0x000   at time   56273239 ps
inst0 ch0:  C_CMD: RDCMD     C_r = 0x0bd   at time   56276137 ps
inst0 ch0:  C_CMD: RDCMD     C_f = 0x002   at time   56276551 ps
inst0 ch0:  C_CMD: RDCMD     C_r = 0x075   at time   56277793 ps
inst0 ch0:  C_CMD: RDCMD     C_f = 0x000   at time   56278207 ps
inst0 ch0:  C_CMD: RDCMD     C_r = 0x035   at time   56280277 ps
inst0 ch0:  C_CMD: RDCMD     C_f = 0x000   at time   56280691 ps
inst0 ch0:  C_CMD: RDCMD     C_r = 0x07d   at time   56281933 ps
inst0 ch0:  C_CMD: RDCMD     C_f = 0x002   at time   56282347 ps
inst0 ch0:  C_CMD: RDCMD     C_r = 0x03d   at time   56283589 ps
inst0 ch0:  C_CMD: RDCMD     C_f = 0x002   at time   56284003 ps
inst0 ch0:  R_CMD: ACTCMD    R_r0= 0x3a    at time   56291869 ps
inst0 ch0:  R_CMD: ACTCMD    R_f0= 0x2a    at time   56292283 ps
inst0 ch0:  R_CMD: ACTCMD    R_r1= 0x00    at time   56292697 ps
inst0 ch0:  R_CMD: ACTCMD    R_f1= 0x00    at time   56293111 ps
inst0 ch0:  R_CMD: ACTCMD    R_r0= 0x1a    at time   56296009 ps
inst0 ch0:  R_CMD: ACTCMD    R_f0= 0x2a    at time   56296423 ps
inst0 ch0:  R_CMD: ACTCMD    R_r1= 0x00    at time   56296837 ps
inst0 ch0:  R_CMD: ACTCMD    R_f1= 0x00    at time   56297251 ps
inst0 ch0:  R_CMD: ACTCMD    R_r0= 0x3a    at time   56300149 ps
inst0 ch0:  R_CMD: ACTCMD    R_f0= 0x0a    at time   56300563 ps
inst0 ch0:  R_CMD: ACTCMD    R_r1= 0x00    at time   56300977 ps
inst0 ch0:  R_CMD: ACTCMD    R_f1= 0x00    at time   56301391 ps
inst0 ch0:  R_CMD: ACTCMD    R_r0= 0x1a    at time   56304289 ps
inst0 ch0:  R_CMD: ACTCMD    R_f0= 0x0a    at time   56304703 ps
inst0 ch0:  R_CMD: ACTCMD    R_r1= 0x00    at time   56305117 ps
inst0 ch0:  R_CMD: ACTCMD    R_f1= 0x00    at time   56305531 ps
inst0 ch0:  C_CMD: RDCMD     C_r = 0x0f5   at time   56306773 ps
inst0 ch0:  C_CMD: RDCMD     C_f = 0x080   at time   56307187 ps
inst0 ch0:  C_CMD: RDCMD     C_r = 0x0fd   at time   56310085 ps
inst0 ch0:  C_CMD: RDCMD     C_f = 0x082   at time   56310499 ps
inst0 ch0:  C_CMD: RDCMD     C_r = 0x0b5   at time   56311741 ps
inst0 ch0:  C_CMD: RDCMD     C_f = 0x080   at time   56312155 ps
inst0 ch0:  C_CMD: RDCMD     C_r = 0x0bd   at time   56315053 ps
inst0 ch0:  C_CMD: RDCMD     C_f = 0x082   at time   56315467 ps
inst0 ch0:  C_CMD: RDCMD     C_r = 0x075   at time   56316709 ps
inst0 ch0:  C_CMD: RDCMD     C_f = 0x080   at time   56317123 ps
inst0 ch0:  C_CMD: RDCMD     C_r = 0x035   at time   56319193 ps
inst0 ch0:  C_CMD: RDCMD     C_f = 0x080   at time   56319607 ps
inst0 ch0:  C_CMD: RDCMD     C_r = 0x07d   at time   56320849 ps
inst0 ch0:  C_CMD: RDCMD     C_f = 0x082   at time   56321263 ps
inst0 ch0:  C_CMD: RDCMD     C_r = 0x03d   at time   56322505 ps
inst0 ch0:  C_CMD: RDCMD     C_f = 0x082   at time   56322919 ps
inst0 ch0:  R_CMD: ACTCMD    R_r0= 0x02    at time   56623897 ps
inst0 ch0:  R_CMD: ACTCMD    R_f0= 0x10    at time   56624311 ps
inst0 ch0:  R_CMD: ACTCMD    R_r1= 0x3f    at time   56624725 ps
inst0 ch0:  R_CMD: ACTCMD    R_f1= 0x3b    at time   56625139 ps
inst0 ch0:  C_CMD: RDCMD     C_r = 0x005   at time   56638801 ps
inst0 ch0:  C_CMD: RDCMD     C_f = 0x078   at time   56639215 ps
inst0 ch0:  C_CMD: RDCMD     C_r = 0x00d   at time   56642113 ps
inst0 ch0:  C_CMD: RDCMD     C_f = 0x07a   at time   56642527 ps
inst0 ch0:  R_CMD: ACTCMD    R_r0= 0x02    at time   56723257 ps
inst0 ch0:  R_CMD: ACTCMD    R_f0= 0x18    at time   56723671 ps
inst0 ch0:  R_CMD: ACTCMD    R_r1= 0x3f    at time   56724085 ps
inst0 ch0:  R_CMD: ACTCMD    R_f1= 0x3b    at time   56724499 ps
inst0 ch0:  C_CMD: RDCMD     C_r = 0x005   at time   56738161 ps
inst0 ch0:  C_CMD: RDCMD     C_f = 0x0f8   at time   56738575 ps
inst0 ch0:  C_CMD: RDCMD     C_r = 0x00d   at time   56741473 ps
inst0 ch0:  C_CMD: RDCMD     C_f = 0x0fa   at time   56741887 ps
inst0 ch0:  R_CMD: ACTCMD    R_r0= 0x02    at time   56784529 ps
inst0 ch0:  R_CMD: ACTCMD    R_f0= 0x10    at time   56784943 ps
inst0 ch0:  R_CMD: ACTCMD    R_r1= 0x3f    at time   56785357 ps
inst0 ch0:  R_CMD: ACTCMD    R_f1= 0x3b    at time   56785771 ps
inst0 ch0:  R_CMD: ACTCMD    R_r0= 0x02    at time   56793637 ps
inst0 ch0:  R_CMD: ACTCMD    R_f0= 0x18    at time   56794051 ps
inst0 ch0:  R_CMD: ACTCMD    R_r1= 0x3f    at time   56794465 ps
inst0 ch0:  R_CMD: ACTCMD    R_f1= 0x3b    at time   56794879 ps
inst0 ch0:  C_CMD: WRCMD     C_r = 0x001   at time   56795293 ps
inst0 ch0:  C_CMD: WRCMD     C_f = 0x078   at time   56795707 ps
inst0 ch0:  C_CMD: WRCMD     C_r = 0x009   at time   56798605 ps
inst0 ch0:  C_CMD: WRCMD     C_f = 0x07a   at time   56799019 ps
inst0 ch0:  C_CMD: WRCMD     C_r = 0x001   at time   56804401 ps
inst0 ch0:  C_CMD: WRCMD     C_f = 0x0f8   at time   56804815 ps
inst0 ch0:  C_CMD: WRCMD     C_r = 0x009   at time   56807713 ps
inst0 ch0:  C_CMD: WRCMD     C_f = 0x0fa   at time   56808127 ps
inst0 ch0:  R_CMD: ACTCMD    R_r0= 0x0a    at time   58109329 ps
inst0 ch0:  R_CMD: ACTCMD    R_f0= 0x10    at time   58109743 ps
inst0 ch0:  R_CMD: ACTCMD    R_r1= 0x3f    at time   58110157 ps
inst0 ch0:  R_CMD: ACTCMD    R_f1= 0x3b    at time   58110571 ps
inst0 ch0:  C_CMD: RDCMD     C_r = 0x015   at time   58124233 ps
inst0 ch0:  C_CMD: RDCMD     C_f = 0x078   at time   58124647 ps
inst0 ch0:  C_CMD: RDCMD     C_r = 0x01d   at time   58127545 ps
inst0 ch0:  C_CMD: RDCMD     C_f = 0x07a   at time   58127959 ps
inst0 ch0:  R_CMD: ACTCMD    R_r0= 0x0a    at time   58182193 ps
inst0 ch0:  R_CMD: ACTCMD    R_f0= 0x10    at time   58182607 ps
inst0 ch0:  R_CMD: ACTCMD    R_r1= 0x3f    at time   58183021 ps
inst0 ch0:  R_CMD: ACTCMD    R_f1= 0x3b    at time   58183435 ps
inst0 ch0:  C_CMD: WRCMD     C_r = 0x011   at time   58192957 ps
inst0 ch0:  C_CMD: WRCMD     C_f = 0x078   at time   58193371 ps
inst0 ch0:  C_CMD: WRCMD     C_r = 0x019   at time   58196269 ps
inst0 ch0:  C_CMD: WRCMD     C_f = 0x07a   at time   58196683 ps
inst0 ch0:  R_CMD: ACTCMD    R_r0= 0x0a    at time   58236013 ps
inst0 ch0:  R_CMD: ACTCMD    R_f0= 0x18    at time   58236427 ps
inst0 ch0:  R_CMD: ACTCMD    R_r1= 0x3f    at time   58236841 ps
inst0 ch0:  R_CMD: ACTCMD    R_f1= 0x3b    at time   58237255 ps
inst0 ch0:  C_CMD: RDCMD     C_r = 0x015   at time   58250917 ps
inst0 ch0:  C_CMD: RDCMD     C_f = 0x0f8   at time   58251331 ps
inst0 ch0:  C_CMD: RDCMD     C_r = 0x01d   at time   58254229 ps
inst0 ch0:  C_CMD: RDCMD     C_f = 0x0fa   at time   58254643 ps
inst0 ch0:  R_CMD: ACTCMD    R_r0= 0x02    at time   58267477 ps
inst0 ch0:  R_CMD: ACTCMD    R_f0= 0x30    at time   58267891 ps
inst0 ch0:  R_CMD: ACTCMD    R_r1= 0x3f    at time   58268305 ps
inst0 ch0:  R_CMD: ACTCMD    R_f1= 0x3b    at time   58268719 ps
inst0 ch0:  C_CMD: RDCMD     C_r = 0x085   at time   58282381 ps
inst0 ch0:  C_CMD: RDCMD     C_f = 0x078   at time   58282795 ps
inst0 ch0:  C_CMD: RDCMD     C_r = 0x08d   at time   58285693 ps
inst0 ch0:  C_CMD: RDCMD     C_f = 0x07a   at time   58286107 ps
inst0 ch0:  R_CMD: ACTCMD    R_r0= 0x0a    at time   58306393 ps
inst0 ch0:  R_CMD: ACTCMD    R_f0= 0x18    at time   58306807 ps
inst0 ch0:  R_CMD: ACTCMD    R_r1= 0x3f    at time   58307221 ps
inst0 ch0:  R_CMD: ACTCMD    R_f1= 0x3b    at time   58307635 ps
inst0 ch0:  C_CMD: WRCMD     C_r = 0x011   at time   58317157 ps
inst0 ch0:  C_CMD: WRCMD     C_f = 0x0f8   at time   58317571 ps
inst0 ch0:  C_CMD: WRCMD     C_r = 0x019   at time   58320469 ps
inst0 ch0:  C_CMD: WRCMD     C_f = 0x0fa   at time   58320883 ps
inst0 ch0:  R_CMD: ACTCMD    R_r0= 0x02    at time   58337857 ps
inst0 ch0:  R_CMD: ACTCMD    R_f0= 0x30    at time   58338271 ps
inst0 ch0:  R_CMD: ACTCMD    R_r1= 0x3f    at time   58338685 ps
inst0 ch0:  R_CMD: ACTCMD    R_f1= 0x3b    at time   58339099 ps
inst0 ch0:  C_CMD: WRCMD     C_r = 0x081   at time   58348621 ps
inst0 ch0:  C_CMD: WRCMD     C_f = 0x078   at time   58349035 ps
inst0 ch0:  C_CMD: WRCMD     C_r = 0x089   at time   58351933 ps
inst0 ch0:  C_CMD: WRCMD     C_f = 0x07a   at time   58352347 ps
inst0 ch0:  R_CMD: ACTCMD    R_r0= 0x02    at time   58394989 ps
inst0 ch0:  R_CMD: ACTCMD    R_f0= 0x38    at time   58395403 ps
inst0 ch0:  R_CMD: ACTCMD    R_r1= 0x3f    at time   58395817 ps
inst0 ch0:  R_CMD: ACTCMD    R_f1= 0x3b    at time   58396231 ps
inst0 ch0:  C_CMD: RDCMD     C_r = 0x085   at time   58409893 ps
inst0 ch0:  C_CMD: RDCMD     C_f = 0x0f8   at time   58410307 ps
inst0 ch0:  C_CMD: RDCMD     C_r = 0x08d   at time   58413205 ps
inst0 ch0:  C_CMD: RDCMD     C_f = 0x0fa   at time   58413619 ps
inst0 ch0:  R_CMD: ACTCMD    R_r0= 0x0a    at time   58447981 ps
inst0 ch0:  R_CMD: ACTCMD    R_f0= 0x30    at time   58448395 ps
inst0 ch0:  R_CMD: ACTCMD    R_r1= 0x3f    at time   58448809 ps
inst0 ch0:  R_CMD: ACTCMD    R_f1= 0x3b    at time   58449223 ps
inst0 ch0:  C_CMD: RDCMD     C_r = 0x095   at time   58462885 ps
inst0 ch0:  C_CMD: RDCMD     C_f = 0x078   at time   58463299 ps
inst0 ch0:  R_CMD: ACTCMD    R_r0= 0x02    at time   58465369 ps
inst0 ch0:  R_CMD: ACTCMD    R_f0= 0x38    at time   58465783 ps
inst0 ch0:  R_CMD: ACTCMD    R_r1= 0x3f    at time   58466197 ps
inst0 ch0:  C_CMD: RDCMD     C_r = 0x09d   at time   58466197 ps
inst0 ch0:  R_CMD: ACTCMD    R_f1= 0x3b    at time   58466611 ps
inst0 ch0:  C_CMD: RDCMD     C_f = 0x07a   at time   58466611 ps
inst0 ch0:  C_CMD: WRCMD     C_r = 0x081   at time   58476133 ps
inst0 ch0:  C_CMD: WRCMD     C_f = 0x0f8   at time   58476547 ps
inst0 ch0:  C_CMD: WRCMD     C_r = 0x089   at time   58479445 ps
inst0 ch0:  C_CMD: WRCMD     C_f = 0x0fa   at time   58479859 ps
inst0 ch0:  R_CMD: ACTCMD    R_r0= 0x0a    at time   58518361 ps
inst0 ch0:  R_CMD: ACTCMD    R_f0= 0x30    at time   58518775 ps
inst0 ch0:  R_CMD: ACTCMD    R_r1= 0x3f    at time   58519189 ps
inst0 ch0:  R_CMD: ACTCMD    R_f1= 0x3b    at time   58519603 ps
inst0 ch0:  C_CMD: WRCMD     C_r = 0x091   at time   58529125 ps
inst0 ch0:  C_CMD: WRCMD     C_f = 0x078   at time   58529539 ps
inst0 ch0:  C_CMD: WRCMD     C_r = 0x099   at time   58532437 ps
inst0 ch0:  C_CMD: WRCMD     C_f = 0x07a   at time   58532851 ps
inst0 ch0:  R_CMD: ACTCMD    R_r0= 0x0a    at time   58553137 ps
inst0 ch0:  R_CMD: ACTCMD    R_f0= 0x38    at time   58553551 ps
inst0 ch0:  R_CMD: ACTCMD    R_r1= 0x3f    at time   58553965 ps
inst0 ch0:  R_CMD: ACTCMD    R_f1= 0x3b    at time   58554379 ps
inst0 ch0:  C_CMD: RDCMD     C_r = 0x095   at time   58568041 ps
inst0 ch0:  C_CMD: RDCMD     C_f = 0x0f8   at time   58568455 ps
inst0 ch0:  C_CMD: RDCMD     C_r = 0x09d   at time   58571353 ps
inst0 ch0:  C_CMD: RDCMD     C_f = 0x0fa   at time   58571767 ps
inst0 ch0:  R_CMD: ACTCMD    R_r0= 0x0a    at time   58626001 ps
inst0 ch0:  R_CMD: ACTCMD    R_f0= 0x38    at time   58626415 ps
inst0 ch0:  R_CMD: ACTCMD    R_r1= 0x3f    at time   58626829 ps
inst0 ch0:  R_CMD: ACTCMD    R_f1= 0x3b    at time   58627243 ps
inst0 ch0:  C_CMD: WRCMD     C_r = 0x091   at time   58636765 ps
inst0 ch0:  C_CMD: WRCMD     C_f = 0x0f8   at time   58637179 ps
inst0 ch0:  C_CMD: WRCMD     C_r = 0x099   at time   58640077 ps
inst0 ch0:  C_CMD: WRCMD     C_f = 0x0fa   at time   58640491 ps
inst0 ch0:  R_CMD: ACTCMD    R_r0= 0x0a    at time   60005449 ps
inst0 ch0:  R_CMD: ACTCMD    R_f0= 0x1b    at time   60005863 ps
inst0 ch0:  R_CMD: ACTCMD    R_r1= 0x3f    at time   60006277 ps
inst0 ch0:  R_CMD: ACTCMD    R_f1= 0x3b    at time   60006691 ps
inst0 ch0:  C_CMD: RDCMD     C_r = 0x015   at time   60020353 ps
inst0 ch0:  C_CMD: RDCMD     C_f = 0x090   at time   60020767 ps
inst0 ch0:  C_CMD: RDCMD     C_r = 0x01d   at time   60023665 ps
inst0 ch0:  C_CMD: RDCMD     C_f = 0x092   at time   60024079 ps
inst0 ch0:  R_CMD: ACTCMD    R_r0= 0x0a    at time   60075829 ps
inst0 ch0:  R_CMD: ACTCMD    R_f0= 0x1b    at time   60076243 ps
inst0 ch0:  R_CMD: ACTCMD    R_r1= 0x3f    at time   60076657 ps
inst0 ch0:  R_CMD: ACTCMD    R_f1= 0x3b    at time   60077071 ps
inst0 ch0:  C_CMD: WRCMD     C_r = 0x011   at time   60086593 ps
inst0 ch0:  C_CMD: WRCMD     C_f = 0x090   at time   60087007 ps
inst0 ch0:  C_CMD: WRCMD     C_r = 0x019   at time   60089905 ps
inst0 ch0:  C_CMD: WRCMD     C_f = 0x092   at time   60090319 ps
inst0 ch0:  R_CMD: ACTCMD    R_r0= 0x0a    at time   60148693 ps
inst0 ch0:  R_CMD: ACTCMD    R_f0= 0x13    at time   60149107 ps
inst0 ch0:  R_CMD: ACTCMD    R_r1= 0x3f    at time   60149521 ps
inst0 ch0:  R_CMD: ACTCMD    R_f1= 0x3b    at time   60149935 ps
inst0 ch0:  C_CMD: RDCMD     C_r = 0x015   at time   60163597 ps
inst0 ch0:  C_CMD: RDCMD     C_f = 0x010   at time   60164011 ps
inst0 ch0:  C_CMD: RDCMD     C_r = 0x01d   at time   60166909 ps
inst0 ch0:  C_CMD: RDCMD     C_f = 0x012   at time   60167323 ps
inst0 ch0:  R_CMD: ACTCMD    R_r0= 0x0a    at time   60221557 ps
inst0 ch0:  R_CMD: ACTCMD    R_f0= 0x13    at time   60221971 ps
inst0 ch0:  R_CMD: ACTCMD    R_r1= 0x3f    at time   60222385 ps
inst0 ch0:  R_CMD: ACTCMD    R_f1= 0x3b    at time   60222799 ps
inst0 ch0:  C_CMD: WRCMD     C_r = 0x011   at time   60232321 ps
inst0 ch0:  C_CMD: WRCMD     C_f = 0x010   at time   60232735 ps
inst0 ch0:  C_CMD: WRCMD     C_r = 0x019   at time   60235633 ps
inst0 ch0:  C_CMD: WRCMD     C_f = 0x012   at time   60236047 ps
inst0 ch0:  R_CMD: ACTCMD    R_r0= 0x0a    at time   60327541 ps
inst0 ch0:  R_CMD: ACTCMD    R_f0= 0x1b    at time   60327955 ps
inst0 ch0:  R_CMD: ACTCMD    R_r1= 0x3f    at time   60328369 ps
inst0 ch0:  R_CMD: ACTCMD    R_f1= 0x3b    at time   60328783 ps
inst0 ch0:  C_CMD: RDCMD     C_r = 0x015   at time   60342445 ps
inst0 ch0:  C_CMD: RDCMD     C_f = 0x090   at time   60342859 ps
inst0 ch0:  C_CMD: RDCMD     C_r = 0x01d   at time   60345757 ps
inst0 ch0:  C_CMD: RDCMD     C_f = 0x092   at time   60346171 ps
inst0 ch0:  R_CMD: ACTCMD    R_r0= 0x0a    at time   60347413 ps
inst0 ch0:  R_CMD: ACTCMD    R_f0= 0x13    at time   60347827 ps
inst0 ch0:  R_CMD: ACTCMD    R_r1= 0x3f    at time   60348241 ps
inst0 ch0:  R_CMD: ACTCMD    R_f1= 0x3b    at time   60348655 ps
inst0 ch0:  C_CMD: RDCMD     C_r = 0x015   at time   60362317 ps
inst0 ch0:  C_CMD: RDCMD     C_f = 0x010   at time   60362731 ps
inst0 ch0:  C_CMD: RDCMD     C_r = 0x01d   at time   60365629 ps
inst0 ch0:  C_CMD: RDCMD     C_f = 0x012   at time   60366043 ps
inst0 ch0:  R_CMD: ACTCMD    R_r0= 0x0a    at time   60397921 ps
inst0 ch0:  R_CMD: ACTCMD    R_f0= 0x1b    at time   60398335 ps
inst0 ch0:  R_CMD: ACTCMD    R_r1= 0x3f    at time   60398749 ps
inst0 ch0:  R_CMD: ACTCMD    R_f1= 0x3b    at time   60399163 ps
inst0 ch0:  C_CMD: WRCMD     C_r = 0x011   at time   60408685 ps
inst0 ch0:  C_CMD: WRCMD     C_f = 0x090   at time   60409099 ps
inst0 ch0:  C_CMD: WRCMD     C_r = 0x019   at time   60411997 ps
inst0 ch0:  C_CMD: WRCMD     C_f = 0x092   at time   60412411 ps
inst0 ch0:  R_CMD: ACTCMD    R_r0= 0x0a    at time   60417793 ps
inst0 ch0:  R_CMD: ACTCMD    R_f0= 0x13    at time   60418207 ps
inst0 ch0:  R_CMD: ACTCMD    R_r1= 0x3f    at time   60418621 ps
inst0 ch0:  R_CMD: ACTCMD    R_f1= 0x3b    at time   60419035 ps
inst0 ch0:  C_CMD: WRCMD     C_r = 0x011   at time   60428557 ps
inst0 ch0:  C_CMD: WRCMD     C_f = 0x010   at time   60428971 ps
inst0 ch0:  C_CMD: WRCMD     C_r = 0x019   at time   60431869 ps
inst0 ch0:  C_CMD: WRCMD     C_f = 0x012   at time   60432283 ps
inst0 ch0:  R_CMD: ACTCMD    R_r0= 0x02    at time   61924753 ps
inst0 ch0:  R_CMD: ACTCMD    R_f0= 0x13    at time   61925167 ps
inst0 ch0:  R_CMD: ACTCMD    R_r1= 0x3f    at time   61925581 ps
inst0 ch0:  R_CMD: ACTCMD    R_f1= 0x3b    at time   61925995 ps
inst0 ch0:  C_CMD: RDCMD     C_r = 0x005   at time   61939657 ps
inst0 ch0:  C_CMD: RDCMD     C_f = 0x000   at time   61940071 ps
inst0 ch0:  C_CMD: RDCMD     C_r = 0x00d   at time   61942969 ps
inst0 ch0:  C_CMD: RDCMD     C_f = 0x002   at time   61943383 ps
inst0 ch0:  R_CMD: ACTCMD    R_r0= 0x02    at time   61995133 ps
inst0 ch0:  R_CMD: ACTCMD    R_f0= 0x13    at time   61995547 ps
inst0 ch0:  R_CMD: ACTCMD    R_r1= 0x3f    at time   61995961 ps
inst0 ch0:  R_CMD: ACTCMD    R_f1= 0x3b    at time   61996375 ps
inst0 ch0:  C_CMD: WRCMD     C_r = 0x001   at time   62005897 ps
inst0 ch0:  C_CMD: WRCMD     C_f = 0x000   at time   62006311 ps
inst0 ch0:  C_CMD: WRCMD     C_r = 0x009   at time   62009209 ps
inst0 ch0:  C_CMD: WRCMD     C_f = 0x002   at time   62009623 ps
inst0 ch0:  R_CMD: ACTCMD    R_r0= 0x02    at time   62077933 ps
inst0 ch0:  R_CMD: ACTCMD    R_f0= 0x1b    at time   62078347 ps
inst0 ch0:  R_CMD: ACTCMD    R_r1= 0x3f    at time   62078761 ps
inst0 ch0:  R_CMD: ACTCMD    R_f1= 0x3b    at time   62079175 ps
inst0 ch0:  C_CMD: RDCMD     C_r = 0x005   at time   62092837 ps
inst0 ch0:  C_CMD: RDCMD     C_f = 0x080   at time   62093251 ps
inst0 ch0:  C_CMD: RDCMD     C_r = 0x00d   at time   62096149 ps
inst0 ch0:  C_CMD: RDCMD     C_f = 0x082   at time   62096563 ps
inst0 ch0:  R_CMD: ACTCMD    R_r0= 0x02    at time   62150797 ps
inst0 ch0:  R_CMD: ACTCMD    R_f0= 0x1b    at time   62151211 ps
inst0 ch0:  R_CMD: ACTCMD    R_r1= 0x3f    at time   62151625 ps
inst0 ch0:  R_CMD: ACTCMD    R_f1= 0x3b    at time   62152039 ps
inst0 ch0:  C_CMD: WRCMD     C_r = 0x001   at time   62161561 ps
inst0 ch0:  C_CMD: WRCMD     C_f = 0x080   at time   62161975 ps
inst0 ch0:  C_CMD: WRCMD     C_r = 0x009   at time   62164873 ps
inst0 ch0:  C_CMD: WRCMD     C_f = 0x082   at time   62165287 ps
inst0 ch0:  R_CMD: ACTCMD    R_r0= 0x02    at time   62279965 ps
inst0 ch0:  R_CMD: ACTCMD    R_f0= 0x13    at time   62280379 ps
inst0 ch0:  R_CMD: ACTCMD    R_r1= 0x3f    at time   62280793 ps
inst0 ch0:  R_CMD: ACTCMD    R_f1= 0x3b    at time   62281207 ps
inst0 ch0:  R_CMD: ACTCMD    R_r0= 0x02    at time   62289073 ps
inst0 ch0:  R_CMD: ACTCMD    R_f0= 0x1b    at time   62289487 ps
inst0 ch0:  R_CMD: ACTCMD    R_r1= 0x3f    at time   62289901 ps
inst0 ch0:  R_CMD: ACTCMD    R_f1= 0x3b    at time   62290315 ps
inst0 ch0:  C_CMD: RDCMD     C_r = 0x005   at time   62294869 ps
inst0 ch0:  C_CMD: RDCMD     C_f = 0x000   at time   62295283 ps
inst0 ch0:  C_CMD: RDCMD     C_r = 0x00d   at time   62298181 ps
inst0 ch0:  C_CMD: RDCMD     C_f = 0x002   at time   62298595 ps
inst0 ch0:  C_CMD: RDCMD     C_r = 0x005   at time   62303977 ps
inst0 ch0:  C_CMD: RDCMD     C_f = 0x080   at time   62304391 ps
inst0 ch0:  C_CMD: RDCMD     C_r = 0x00d   at time   62307289 ps
inst0 ch0:  C_CMD: RDCMD     C_f = 0x082   at time   62307703 ps
inst0 ch0:  R_CMD: ACTCMD    R_r0= 0x02    at time   62350345 ps
inst0 ch0:  R_CMD: ACTCMD    R_f0= 0x13    at time   62350759 ps
inst0 ch0:  R_CMD: ACTCMD    R_r1= 0x3f    at time   62351173 ps
inst0 ch0:  R_CMD: ACTCMD    R_f1= 0x3b    at time   62351587 ps
inst0 ch0:  R_CMD: ACTCMD    R_r0= 0x02    at time   62359453 ps
inst0 ch0:  R_CMD: ACTCMD    R_f0= 0x1b    at time   62359867 ps
inst0 ch0:  R_CMD: ACTCMD    R_r1= 0x3f    at time   62360281 ps
inst0 ch0:  R_CMD: ACTCMD    R_f1= 0x3b    at time   62360695 ps
inst0 ch0:  C_CMD: WRCMD     C_r = 0x001   at time   62361109 ps
inst0 ch0:  C_CMD: WRCMD     C_f = 0x000   at time   62361523 ps
inst0 ch0:  C_CMD: WRCMD     C_r = 0x009   at time   62364421 ps
inst0 ch0:  C_CMD: WRCMD     C_f = 0x002   at time   62364835 ps
inst0 ch0:  C_CMD: WRCMD     C_r = 0x001   at time   62370217 ps
inst0 ch0:  C_CMD: WRCMD     C_f = 0x080   at time   62370631 ps
inst0 ch0:  C_CMD: WRCMD     C_r = 0x009   at time   62373529 ps
inst0 ch0:  C_CMD: WRCMD     C_f = 0x082   at time   62373943 ps
inst0 ch0:  R_CMD: ACTCMD    R_r0= 0x02    at time   63412669 ps
inst0 ch0:  R_CMD: ACTCMD    R_f0= 0x08    at time   63413083 ps
inst0 ch0:  R_CMD: ACTCMD    R_r1= 0x00    at time   63413497 ps
inst0 ch0:  R_CMD: ACTCMD    R_f1= 0x00    at time   63413911 ps
inst0 ch0:  C_CMD: RDCMD     C_r = 0x005   at time   63427573 ps
inst0 ch0:  C_CMD: RDCMD     C_f = 0x098   at time   63427987 ps
inst0 ch0:  C_CMD: RDCMD     C_r = 0x005   at time   63430885 ps
inst0 ch0:  C_CMD: RDCMD     C_f = 0x09a   at time   63431299 ps
inst0 ch0:  C_CMD: RDCMD     C_r = 0x005   at time   63434197 ps
inst0 ch0:  C_CMD: RDCMD     C_f = 0x090   at time   63434611 ps
inst0 ch0:  C_CMD: RDCMD     C_r = 0x005   at time   63437509 ps
inst0 ch0:  C_CMD: RDCMD     C_f = 0x092   at time   63437923 ps
inst0 ch0:  C_CMD: RDCMD     C_r = 0x005   at time   63440821 ps
inst0 ch0:  C_CMD: RDCMD     C_f = 0x088   at time   63441235 ps
inst0 ch0:  C_CMD: RDCMD     C_r = 0x005   at time   63444133 ps
inst0 ch0:  C_CMD: RDCMD     C_f = 0x08a   at time   63444547 ps
inst0 ch0:  C_CMD: RDCMD     C_r = 0x005   at time   63447445 ps
inst0 ch0:  C_CMD: RDCMD     C_f = 0x080   at time   63447859 ps
inst0 ch0:  C_CMD: RDCMD     C_r = 0x00d   at time   63450757 ps
inst0 ch0:  C_CMD: RDCMD     C_f = 0x082   at time   63451171 ps
inst0 ch0:  R_CMD: ACTCMD    R_r0= 0x02    at time   63555913 ps
inst0 ch0:  R_CMD: ACTCMD    R_f0= 0x00    at time   63556327 ps
inst0 ch0:  R_CMD: ACTCMD    R_r1= 0x00    at time   63556741 ps
inst0 ch0:  R_CMD: ACTCMD    R_f1= 0x00    at time   63557155 ps
inst0 ch0:  C_CMD: RDCMD     C_r = 0x005   at time   63570817 ps
inst0 ch0:  C_CMD: RDCMD     C_f = 0x018   at time   63571231 ps
inst0 ch0:  C_CMD: RDCMD     C_r = 0x005   at time   63574129 ps
inst0 ch0:  C_CMD: RDCMD     C_f = 0x01a   at time   63574543 ps
inst0 ch0:  C_CMD: RDCMD     C_r = 0x005   at time   63577441 ps
inst0 ch0:  C_CMD: RDCMD     C_f = 0x010   at time   63577855 ps
inst0 ch0:  C_CMD: RDCMD     C_r = 0x005   at time   63580753 ps
inst0 ch0:  C_CMD: RDCMD     C_f = 0x012   at time   63581167 ps
inst0 ch0:  C_CMD: RDCMD     C_r = 0x005   at time   63584065 ps
inst0 ch0:  C_CMD: RDCMD     C_f = 0x008   at time   63584479 ps
inst0 ch0:  C_CMD: RDCMD     C_r = 0x005   at time   63587377 ps
inst0 ch0:  C_CMD: RDCMD     C_f = 0x00a   at time   63587791 ps
inst0 ch0:  C_CMD: RDCMD     C_r = 0x005   at time   63590689 ps
inst0 ch0:  C_CMD: RDCMD     C_f = 0x000   at time   63591103 ps
inst0 ch0:  C_CMD: RDCMD     C_r = 0x00d   at time   63594001 ps
inst0 ch0:  C_CMD: RDCMD     C_f = 0x002   at time   63594415 ps
inst0 ch0:  R_CMD: ACTCMD    R_r0= 0x0a    at time   64115641 ps
inst0 ch0:  R_CMD: ACTCMD    R_f0= 0x08    at time   64116055 ps
inst0 ch0:  R_CMD: ACTCMD    R_r1= 0x00    at time   64116469 ps
inst0 ch0:  R_CMD: ACTCMD    R_f1= 0x00    at time   64116883 ps
inst0 ch0:  C_CMD: RDCMD     C_r = 0x015   at time   64130545 ps
inst0 ch0:  C_CMD: RDCMD     C_f = 0x098   at time   64130959 ps
inst0 ch0:  C_CMD: RDCMD     C_r = 0x015   at time   64133857 ps
inst0 ch0:  C_CMD: RDCMD     C_f = 0x09a   at time   64134271 ps
inst0 ch0:  C_CMD: RDCMD     C_r = 0x015   at time   64137169 ps
inst0 ch0:  C_CMD: RDCMD     C_f = 0x090   at time   64137583 ps
inst0 ch0:  C_CMD: RDCMD     C_r = 0x015   at time   64140481 ps
inst0 ch0:  C_CMD: RDCMD     C_f = 0x092   at time   64140895 ps
inst0 ch0:  C_CMD: RDCMD     C_r = 0x015   at time   64143793 ps
inst0 ch0:  C_CMD: RDCMD     C_f = 0x088   at time   64144207 ps
inst0 ch0:  C_CMD: RDCMD     C_r = 0x015   at time   64147105 ps
inst0 ch0:  C_CMD: RDCMD     C_f = 0x08a   at time   64147519 ps
inst0 ch0:  C_CMD: RDCMD     C_r = 0x015   at time   64150417 ps
inst0 ch0:  C_CMD: RDCMD     C_f = 0x080   at time   64150831 ps
inst0 ch0:  C_CMD: RDCMD     C_r = 0x01d   at time   64153729 ps
inst0 ch0:  C_CMD: RDCMD     C_f = 0x082   at time   64154143 ps
inst0 ch0:  R_CMD: ACTCMD    R_r0= 0x0a    at time   64300285 ps
inst0 ch0:  R_CMD: ACTCMD    R_f0= 0x08    at time   64300699 ps
inst0 ch0:  R_CMD: ACTCMD    R_r1= 0x00    at time   64301113 ps
inst0 ch0:  R_CMD: ACTCMD    R_f1= 0x00    at time   64301527 ps
inst0 ch0:  C_CMD: RDCMD     C_r = 0x015   at time   64315189 ps
inst0 ch0:  C_CMD: RDCMD     C_f = 0x0b8   at time   64315603 ps
inst0 ch0:  C_CMD: RDCMD     C_r = 0x015   at time   64318501 ps
inst0 ch0:  C_CMD: RDCMD     C_f = 0x0ba   at time   64318915 ps
inst0 ch0:  C_CMD: RDCMD     C_r = 0x015   at time   64321813 ps
inst0 ch0:  C_CMD: RDCMD     C_f = 0x0b0   at time   64322227 ps
inst0 ch0:  C_CMD: RDCMD     C_r = 0x015   at time   64325125 ps
inst0 ch0:  C_CMD: RDCMD     C_f = 0x0b2   at time   64325539 ps
inst0 ch0:  C_CMD: RDCMD     C_r = 0x015   at time   64328437 ps
inst0 ch0:  C_CMD: RDCMD     C_f = 0x0a8   at time   64328851 ps
inst0 ch0:  C_CMD: RDCMD     C_r = 0x015   at time   64331749 ps
inst0 ch0:  C_CMD: RDCMD     C_f = 0x0aa   at time   64332163 ps
inst0 ch0:  C_CMD: RDCMD     C_r = 0x015   at time   64335061 ps
inst0 ch0:  C_CMD: RDCMD     C_f = 0x0a0   at time   64335475 ps
inst0 ch0:  C_CMD: RDCMD     C_r = 0x01d   at time   64338373 ps
inst0 ch0:  C_CMD: RDCMD     C_f = 0x0a2   at time   64338787 ps
inst0 ch0:  R_CMD: ACTCMD    R_r0= 0x0a    at time   64373149 ps
inst0 ch0:  R_CMD: ACTCMD    R_f0= 0x08    at time   64373563 ps
inst0 ch0:  R_CMD: ACTCMD    R_r1= 0x00    at time   64373977 ps
inst0 ch0:  R_CMD: ACTCMD    R_f1= 0x00    at time   64374391 ps
inst0 ch0:  C_CMD: WRCMD     C_r = 0x011   at time   64383913 ps
inst0 ch0:  C_CMD: WRCMD     C_f = 0x0b8   at time   64384327 ps
inst0 ch0:  C_CMD: WRCMD     C_r = 0x011   at time   64387225 ps
inst0 ch0:  C_CMD: WRCMD     C_f = 0x0ba   at time   64387639 ps
inst0 ch0:  C_CMD: WRCMD     C_r = 0x011   at time   64390537 ps
inst0 ch0:  C_CMD: WRCMD     C_f = 0x0a8   at time   64390951 ps
inst0 ch0:  C_CMD: WRCMD     C_r = 0x011   at time   64393849 ps
inst0 ch0:  C_CMD: WRCMD     C_f = 0x0aa   at time   64394263 ps
inst0 ch0:  C_CMD: WRCMD     C_r = 0x011   at time   64397161 ps
inst0 ch0:  C_CMD: WRCMD     C_f = 0x0b0   at time   64397575 ps
inst0 ch0:  C_CMD: WRCMD     C_r = 0x011   at time   64400473 ps
inst0 ch0:  C_CMD: WRCMD     C_f = 0x0b2   at time   64400887 ps
inst0 ch0:  C_CMD: WRCMD     C_r = 0x011   at time   64403785 ps
inst0 ch0:  C_CMD: WRCMD     C_f = 0x0a0   at time   64404199 ps
inst0 ch0:  C_CMD: WRCMD     C_r = 0x019   at time   64407097 ps
inst0 ch0:  C_CMD: WRCMD     C_f = 0x0a2   at time   64407511 ps
inst0 ch0:  R_CMD: ACTCMD    R_r0= 0x0a    at time   64483273 ps
inst0 ch0:  R_CMD: ACTCMD    R_f0= 0x00    at time   64483687 ps
inst0 ch0:  R_CMD: ACTCMD    R_r1= 0x00    at time   64484101 ps
inst0 ch0:  R_CMD: ACTCMD    R_f1= 0x00    at time   64484515 ps
inst0 ch0:  C_CMD: RDCMD     C_r = 0x015   at time   64498177 ps
inst0 ch0:  C_CMD: RDCMD     C_f = 0x018   at time   64498591 ps
inst0 ch0:  C_CMD: RDCMD     C_r = 0x015   at time   64501489 ps
inst0 ch0:  C_CMD: RDCMD     C_f = 0x01a   at time   64501903 ps
inst0 ch0:  C_CMD: RDCMD     C_r = 0x015   at time   64504801 ps
inst0 ch0:  C_CMD: RDCMD     C_f = 0x010   at time   64505215 ps
inst0 ch0:  C_CMD: RDCMD     C_r = 0x015   at time   64508113 ps
inst0 ch0:  C_CMD: RDCMD     C_f = 0x012   at time   64508527 ps
inst0 ch0:  C_CMD: RDCMD     C_r = 0x015   at time   64511425 ps
inst0 ch0:  C_CMD: RDCMD     C_f = 0x008   at time   64511839 ps
inst0 ch0:  C_CMD: RDCMD     C_r = 0x015   at time   64514737 ps
inst0 ch0:  C_CMD: RDCMD     C_f = 0x00a   at time   64515151 ps
inst0 ch0:  C_CMD: RDCMD     C_r = 0x015   at time   64518049 ps
inst0 ch0:  C_CMD: RDCMD     C_f = 0x000   at time   64518463 ps
inst0 ch0:  C_CMD: RDCMD     C_r = 0x01d   at time   64521361 ps
inst0 ch0:  C_CMD: RDCMD     C_f = 0x002   at time   64521775 ps
inst0 ch0:  R_CMD: ACTCMD    R_r0= 0x0a    at time   64667089 ps
inst0 ch0:  R_CMD: ACTCMD    R_f0= 0x00    at time   64667503 ps
inst0 ch0:  R_CMD: ACTCMD    R_r1= 0x00    at time   64667917 ps
inst0 ch0:  R_CMD: ACTCMD    R_f1= 0x00    at time   64668331 ps
inst0 ch0:  C_CMD: RDCMD     C_r = 0x015   at time   64681993 ps
inst0 ch0:  C_CMD: RDCMD     C_f = 0x038   at time   64682407 ps
inst0 ch0:  C_CMD: RDCMD     C_r = 0x015   at time   64685305 ps
inst0 ch0:  C_CMD: RDCMD     C_f = 0x03a   at time   64685719 ps
inst0 ch0:  C_CMD: RDCMD     C_r = 0x015   at time   64688617 ps
inst0 ch0:  C_CMD: RDCMD     C_f = 0x030   at time   64689031 ps
inst0 ch0:  C_CMD: RDCMD     C_r = 0x015   at time   64691929 ps
inst0 ch0:  C_CMD: RDCMD     C_f = 0x032   at time   64692343 ps
inst0 ch0:  C_CMD: RDCMD     C_r = 0x015   at time   64695241 ps
inst0 ch0:  C_CMD: RDCMD     C_f = 0x028   at time   64695655 ps
inst0 ch0:  C_CMD: RDCMD     C_r = 0x015   at time   64698553 ps
inst0 ch0:  C_CMD: RDCMD     C_f = 0x02a   at time   64698967 ps
inst0 ch0:  C_CMD: RDCMD     C_r = 0x015   at time   64701865 ps
inst0 ch0:  C_CMD: RDCMD     C_f = 0x020   at time   64702279 ps
inst0 ch0:  C_CMD: RDCMD     C_r = 0x01d   at time   64705177 ps
inst0 ch0:  C_CMD: RDCMD     C_f = 0x022   at time   64705591 ps
inst0 ch0:  R_CMD: ACTCMD    R_r0= 0x0a    at time   64739953 ps
inst0 ch0:  R_CMD: ACTCMD    R_f0= 0x00    at time   64740367 ps
inst0 ch0:  R_CMD: ACTCMD    R_r1= 0x00    at time   64740781 ps
inst0 ch0:  R_CMD: ACTCMD    R_f1= 0x00    at time   64741195 ps
inst0 ch0:  C_CMD: WRCMD     C_r = 0x011   at time   64750717 ps
inst0 ch0:  C_CMD: WRCMD     C_f = 0x038   at time   64751131 ps
inst0 ch0:  C_CMD: WRCMD     C_r = 0x011   at time   64754029 ps
inst0 ch0:  C_CMD: WRCMD     C_f = 0x03a   at time   64754443 ps
inst0 ch0:  C_CMD: WRCMD     C_r = 0x011   at time   64757341 ps
inst0 ch0:  C_CMD: WRCMD     C_f = 0x028   at time   64757755 ps
inst0 ch0:  C_CMD: WRCMD     C_r = 0x011   at time   64760653 ps
inst0 ch0:  C_CMD: WRCMD     C_f = 0x02a   at time   64761067 ps
inst0 ch0:  C_CMD: WRCMD     C_r = 0x011   at time   64763965 ps
inst0 ch0:  C_CMD: WRCMD     C_f = 0x030   at time   64764379 ps
inst0 ch0:  C_CMD: WRCMD     C_r = 0x011   at time   64767277 ps
inst0 ch0:  C_CMD: WRCMD     C_f = 0x032   at time   64767691 ps
inst0 ch0:  C_CMD: WRCMD     C_r = 0x011   at time   64770589 ps
inst0 ch0:  C_CMD: WRCMD     C_f = 0x020   at time   64771003 ps
inst0 ch0:  C_CMD: WRCMD     C_r = 0x019   at time   64773901 ps
inst0 ch0:  C_CMD: WRCMD     C_f = 0x022   at time   64774315 ps
inst0 ch0:  R_CMD: ACTCMD    R_r0= 0x02    at time   65720305 ps
inst0 ch0:  R_CMD: ACTCMD    R_f0= 0x1b    at time   65720719 ps
inst0 ch0:  R_CMD: ACTCMD    R_r1= 0x3f    at time   65721133 ps
inst0 ch0:  R_CMD: ACTCMD    R_f1= 0x3b    at time   65721547 ps
inst0 ch0:  C_CMD: RDCMD     C_r = 0x005   at time   65735209 ps
inst0 ch0:  C_CMD: RDCMD     C_f = 0x080   at time   65735623 ps
inst0 ch0:  C_CMD: RDCMD     C_r = 0x00d   at time   65738521 ps
inst0 ch0:  C_CMD: RDCMD     C_f = 0x082   at time   65738935 ps
inst0 ch0:  R_CMD: ACTCMD    R_r0= 0x02    at time   65793169 ps
inst0 ch0:  R_CMD: ACTCMD    R_f0= 0x1b    at time   65793583 ps
inst0 ch0:  R_CMD: ACTCMD    R_r1= 0x3f    at time   65793997 ps
inst0 ch0:  R_CMD: ACTCMD    R_f1= 0x3b    at time   65794411 ps
inst0 ch0:  C_CMD: WRCMD     C_r = 0x001   at time   65803933 ps
inst0 ch0:  C_CMD: WRCMD     C_f = 0x080   at time   65804347 ps
inst0 ch0:  C_CMD: WRCMD     C_r = 0x009   at time   65807245 ps
inst0 ch0:  C_CMD: WRCMD     C_f = 0x082   at time   65807659 ps
inst0 ch0:  R_CMD: ACTCMD    R_r0= 0x02    at time   65882593 ps
inst0 ch0:  R_CMD: ACTCMD    R_f0= 0x1b    at time   65883007 ps
inst0 ch0:  R_CMD: ACTCMD    R_r1= 0x3f    at time   65883421 ps
inst0 ch0:  R_CMD: ACTCMD    R_f1= 0x3b    at time   65883835 ps
inst0 ch0:  C_CMD: RDCMD     C_r = 0x005   at time   65897497 ps
inst0 ch0:  C_CMD: RDCMD     C_f = 0x080   at time   65897911 ps
inst0 ch0:  C_CMD: RDCMD     C_r = 0x00d   at time   65900809 ps
inst0 ch0:  C_CMD: RDCMD     C_f = 0x082   at time   65901223 ps
inst0 ch0:  R_CMD: ACTCMD    R_r0= 0x02    at time   66124369 ps
inst0 ch0:  R_CMD: ACTCMD    R_f0= 0x1b    at time   66124783 ps
inst0 ch0:  R_CMD: ACTCMD    R_r1= 0x3f    at time   66125197 ps
inst0 ch0:  R_CMD: ACTCMD    R_f1= 0x3b    at time   66125611 ps
inst0 ch0:  C_CMD: WRCMD     C_r = 0x001   at time   66135133 ps
inst0 ch0:  C_CMD: WRCMD     C_f = 0x080   at time   66135547 ps
inst0 ch0:  C_CMD: WRCMD     C_r = 0x009   at time   66138445 ps
inst0 ch0:  C_CMD: WRCMD     C_f = 0x082   at time   66138859 ps
inst0 ch0:  R_CMD: ACTCMD    R_r0= 0x0a    at time   66342961 ps
inst0 ch0:  R_CMD: ACTCMD    R_f0= 0x19    at time   66343375 ps
inst0 ch0:  R_CMD: ACTCMD    R_r1= 0x3f    at time   66343789 ps
inst0 ch0:  R_CMD: ACTCMD    R_f1= 0x3b    at time   66344203 ps
inst0 ch0:  R_CMD: ACTCMD    R_r0= 0x02    at time   66347101 ps
inst0 ch0:  R_CMD: ACTCMD    R_f0= 0x19    at time   66347515 ps
inst0 ch0:  R_CMD: ACTCMD    R_r1= 0x3f    at time   66347929 ps
inst0 ch0:  R_CMD: ACTCMD    R_f1= 0x3b    at time   66348343 ps
inst0 ch0:  C_CMD: RDCMD     C_r = 0x015   at time   66357865 ps
inst0 ch0:  C_CMD: RDCMD     C_f = 0x0f8   at time   66358279 ps
inst0 ch0:  C_CMD: RDCMD     C_r = 0x01d   at time   66361177 ps
inst0 ch0:  C_CMD: RDCMD     C_f = 0x0fa   at time   66361591 ps
inst0 ch0:  C_CMD: RDCMD     C_r = 0x005   at time   66364489 ps
inst0 ch0:  C_CMD: RDCMD     C_f = 0x0f8   at time   66364903 ps
inst0 ch0:  C_CMD: RDCMD     C_r = 0x00d   at time   66367801 ps
inst0 ch0:  C_CMD: RDCMD     C_f = 0x0fa   at time   66368215 ps
inst0 ch0:  R_CMD: ACTCMD    R_r0= 0x02    at time   66396781 ps
inst0 ch0:  R_CMD: ACTCMD    R_f0= 0x13    at time   66397195 ps
inst0 ch0:  R_CMD: ACTCMD    R_r1= 0x3f    at time   66397609 ps
inst0 ch0:  R_CMD: ACTCMD    R_f1= 0x3b    at time   66398023 ps
inst0 ch0:  R_CMD: ACTCMD    R_r0= 0x0a    at time   66410857 ps
inst0 ch0:  R_CMD: ACTCMD    R_f0= 0x19    at time   66411271 ps
inst0 ch0:  R_CMD: ACTCMD    R_r1= 0x3f    at time   66411685 ps
inst0 ch0:  C_CMD: RDCMD     C_r = 0x005   at time   66411685 ps
inst0 ch0:  R_CMD: ACTCMD    R_f1= 0x3b    at time   66412099 ps
inst0 ch0:  C_CMD: RDCMD     C_f = 0x000   at time   66412099 ps
inst0 ch0:  C_CMD: RDCMD     C_r = 0x00d   at time   66414997 ps
inst0 ch0:  C_CMD: RDCMD     C_f = 0x002   at time   66415411 ps
inst0 ch0:  R_CMD: ACTCMD    R_r0= 0x02    at time   66417481 ps
inst0 ch0:  R_CMD: ACTCMD    R_f0= 0x19    at time   66417895 ps
inst0 ch0:  R_CMD: ACTCMD    R_r1= 0x3f    at time   66418309 ps
inst0 ch0:  R_CMD: ACTCMD    R_f1= 0x3b    at time   66418723 ps
inst0 ch0:  C_CMD: WRCMD     C_r = 0x011   at time   66421621 ps
inst0 ch0:  C_CMD: WRCMD     C_f = 0x0f8   at time   66422035 ps
inst0 ch0:  C_CMD: WRCMD     C_r = 0x019   at time   66424933 ps
inst0 ch0:  C_CMD: WRCMD     C_f = 0x0fa   at time   66425347 ps
inst0 ch0:  C_CMD: WRCMD     C_r = 0x001   at time   66428245 ps
inst0 ch0:  C_CMD: WRCMD     C_f = 0x0f8   at time   66428659 ps
inst0 ch0:  C_CMD: WRCMD     C_r = 0x009   at time   66431557 ps
inst0 ch0:  C_CMD: WRCMD     C_f = 0x0fa   at time   66431971 ps
inst0 ch0:  R_CMD: ACTCMD    R_r0= 0x02    at time   66467161 ps
inst0 ch0:  R_CMD: ACTCMD    R_f0= 0x13    at time   66467575 ps
inst0 ch0:  R_CMD: ACTCMD    R_r1= 0x3f    at time   66467989 ps
inst0 ch0:  R_CMD: ACTCMD    R_f1= 0x3b    at time   66468403 ps
inst0 ch0:  C_CMD: WRCMD     C_r = 0x001   at time   66477925 ps
inst0 ch0:  C_CMD: WRCMD     C_f = 0x000   at time   66478339 ps
inst0 ch0:  C_CMD: WRCMD     C_r = 0x009   at time   66481237 ps
inst0 ch0:  C_CMD: WRCMD     C_f = 0x002   at time   66481651 ps
inst0 ch0:  R_CMD: ACTCMD    R_r0= 0x0a    at time   66580597 ps
inst0 ch0:  R_CMD: ACTCMD    R_f0= 0x0a    at time   66581011 ps
inst0 ch0:  R_CMD: ACTCMD    R_r1= 0x00    at time   66581425 ps
inst0 ch0:  R_CMD: ACTCMD    R_f1= 0x00    at time   66581839 ps
inst0 ch0:  R_CMD: ACTCMD    R_r0= 0x02    at time   66583909 ps
inst0 ch0:  R_CMD: ACTCMD    R_f0= 0x13    at time   66584323 ps
inst0 ch0:  R_CMD: ACTCMD    R_r1= 0x3f    at time   66584737 ps
inst0 ch0:  R_CMD: ACTCMD    R_f1= 0x3b    at time   66585151 ps
inst0 ch0:  R_CMD: ACTCMD    R_r0= 0x02    at time   66585565 ps
inst0 ch0:  R_CMD: ACTCMD    R_f0= 0x0a    at time   66585979 ps
inst0 ch0:  R_CMD: ACTCMD    R_r1= 0x00    at time   66586393 ps
inst0 ch0:  R_CMD: ACTCMD    R_f1= 0x00    at time   66586807 ps
inst0 ch0:  C_CMD: RDCMD     C_r = 0x015   at time   66595501 ps
inst0 ch0:  C_CMD: RDCMD     C_f = 0x080   at time   66595915 ps
inst0 ch0:  C_CMD: RDCMD     C_r = 0x01d   at time   66598813 ps
inst0 ch0:  C_CMD: RDCMD     C_f = 0x082   at time   66599227 ps
inst0 ch0:  C_CMD: RDCMD     C_r = 0x005   at time   66599641 ps
inst0 ch0:  C_CMD: RDCMD     C_f = 0x000   at time   66600055 ps
inst0 ch0:  C_CMD: RDCMD     C_r = 0x005   at time   66602125 ps
inst0 ch0:  C_CMD: RDCMD     C_f = 0x080   at time   66602539 ps
inst0 ch0:  C_CMD: RDCMD     C_r = 0x00d   at time   66602953 ps
inst0 ch0:  C_CMD: RDCMD     C_f = 0x002   at time   66603367 ps
inst0 ch0:  C_CMD: RDCMD     C_r = 0x00d   at time   66605437 ps
inst0 ch0:  C_CMD: RDCMD     C_f = 0x082   at time   66605851 ps
inst0 ch0:  R_CMD: ACTCMD    R_r0= 0x02    at time   66655117 ps
inst0 ch0:  R_CMD: ACTCMD    R_f0= 0x13    at time   66655531 ps
inst0 ch0:  R_CMD: ACTCMD    R_r1= 0x3f    at time   66655945 ps
inst0 ch0:  R_CMD: ACTCMD    R_f1= 0x3b    at time   66656359 ps
inst0 ch0:  C_CMD: WRCMD     C_r = 0x001   at time   66665881 ps
inst0 ch0:  C_CMD: WRCMD     C_f = 0x000   at time   66666295 ps
inst0 ch0:  C_CMD: WRCMD     C_r = 0x009   at time   66669193 ps
inst0 ch0:  C_CMD: WRCMD     C_f = 0x002   at time   66669607 ps
inst0 ch0:  R_CMD: ACTCMD    R_r0= 0x0a    at time   66839761 ps
inst0 ch0:  R_CMD: ACTCMD    R_f0= 0x11    at time   66840175 ps
inst0 ch0:  R_CMD: ACTCMD    R_r1= 0x3f    at time   66840589 ps
inst0 ch0:  R_CMD: ACTCMD    R_f1= 0x3b    at time   66841003 ps
inst0 ch0:  R_CMD: ACTCMD    R_r0= 0x02    at time   66843901 ps
inst0 ch0:  R_CMD: ACTCMD    R_f0= 0x11    at time   66844315 ps
inst0 ch0:  R_CMD: ACTCMD    R_r1= 0x3f    at time   66844729 ps
inst0 ch0:  R_CMD: ACTCMD    R_f1= 0x3b    at time   66845143 ps
inst0 ch0:  C_CMD: RDCMD     C_r = 0x015   at time   66854665 ps
inst0 ch0:  C_CMD: RDCMD     C_f = 0x078   at time   66855079 ps
inst0 ch0:  C_CMD: RDCMD     C_r = 0x01d   at time   66857977 ps
inst0 ch0:  C_CMD: RDCMD     C_f = 0x07a   at time   66858391 ps
inst0 ch0:  C_CMD: RDCMD     C_r = 0x005   at time   66861289 ps
inst0 ch0:  C_CMD: RDCMD     C_f = 0x078   at time   66861703 ps
inst0 ch0:  C_CMD: RDCMD     C_r = 0x00d   at time   66864601 ps
inst0 ch0:  C_CMD: RDCMD     C_f = 0x07a   at time   66865015 ps
inst0 ch0:  R_CMD: ACTCMD    R_r0= 0x0a    at time   66910141 ps
inst0 ch0:  R_CMD: ACTCMD    R_f0= 0x11    at time   66910555 ps
inst0 ch0:  R_CMD: ACTCMD    R_r1= 0x3f    at time   66910969 ps
inst0 ch0:  R_CMD: ACTCMD    R_f1= 0x3b    at time   66911383 ps
inst0 ch0:  R_CMD: ACTCMD    R_r0= 0x02    at time   66914281 ps
inst0 ch0:  R_CMD: ACTCMD    R_f0= 0x11    at time   66914695 ps
inst0 ch0:  R_CMD: ACTCMD    R_r1= 0x3f    at time   66915109 ps
inst0 ch0:  R_CMD: ACTCMD    R_f1= 0x3b    at time   66915523 ps
inst0 ch0:  C_CMD: WRCMD     C_r = 0x011   at time   66920905 ps
inst0 ch0:  C_CMD: WRCMD     C_f = 0x078   at time   66921319 ps
inst0 ch0:  C_CMD: WRCMD     C_r = 0x019   at time   66924217 ps
inst0 ch0:  C_CMD: WRCMD     C_f = 0x07a   at time   66924631 ps
inst0 ch0:  C_CMD: WRCMD     C_r = 0x001   at time   66927529 ps
inst0 ch0:  C_CMD: WRCMD     C_f = 0x078   at time   66927943 ps
inst0 ch0:  C_CMD: WRCMD     C_r = 0x009   at time   66930841 ps
inst0 ch0:  C_CMD: WRCMD     C_f = 0x07a   at time   66931255 ps
inst0 ch0:  R_CMD: ACTCMD    R_r0= 0x0a    at time   67004533 ps
inst0 ch0:  R_CMD: ACTCMD    R_f0= 0x02    at time   67004947 ps
inst0 ch0:  R_CMD: ACTCMD    R_r1= 0x00    at time   67005361 ps
inst0 ch0:  R_CMD: ACTCMD    R_f1= 0x00    at time   67005775 ps
inst0 ch0:  R_CMD: ACTCMD    R_r0= 0x02    at time   67008673 ps
inst0 ch0:  R_CMD: ACTCMD    R_f0= 0x02    at time   67009087 ps
inst0 ch0:  R_CMD: ACTCMD    R_r1= 0x00    at time   67009501 ps
inst0 ch0:  R_CMD: ACTCMD    R_f1= 0x00    at time   67009915 ps
inst0 ch0:  C_CMD: RDCMD     C_r = 0x015   at time   67019437 ps
inst0 ch0:  C_CMD: RDCMD     C_f = 0x000   at time   67019851 ps
inst0 ch0:  C_CMD: RDCMD     C_r = 0x01d   at time   67022749 ps
inst0 ch0:  C_CMD: RDCMD     C_f = 0x002   at time   67023163 ps
inst0 ch0:  C_CMD: RDCMD     C_r = 0x005   at time   67026061 ps
inst0 ch0:  C_CMD: RDCMD     C_f = 0x000   at time   67026475 ps
inst0 ch0:  C_CMD: RDCMD     C_r = 0x00d   at time   67029373 ps
inst0 ch0:  C_CMD: RDCMD     C_f = 0x002   at time   67029787 ps
