inst0 ch0:  R_CMD: ACTCMD    R_r0= 0x0e    at time   33400981 ps
inst0 ch0:  R_CMD: ACTCMD    R_f0= 0x28    at time   33401395 ps
inst0 ch0:  R_CMD: ACTCMD    R_r1= 0x00    at time   33401809 ps
inst0 ch0:  R_CMD: ACTCMD    R_f1= 0x02    at time   33402223 ps
inst0 ch0:  R_CMD: ACTCMD    R_r0= 0x0e    at time   33403465 ps
inst0 ch0:  R_CMD: ACTCMD    R_f0= 0x20    at time   33403879 ps
inst0 ch0:  R_CMD: ACTCMD    R_r1= 0x00    at time   33404293 ps
inst0 ch0:  R_CMD: ACTCMD    R_f1= 0x02    at time   33404707 ps
inst0 ch0:  C_CMD: RDCMD     C_r = 0x095   at time   33415885 ps
inst0 ch0:  C_CMD: RDCMD     C_f = 0x0a9   at time   33416299 ps
inst0 ch0:  C_CMD: RDCMD     C_r = 0x095   at time   33418369 ps
inst0 ch0:  C_CMD: RDCMD     C_f = 0x029   at time   33418783 ps
inst0 ch0:  C_CMD: RDCMD     C_r = 0x095   at time   33419197 ps
inst0 ch0:  C_CMD: RDCMD     C_f = 0x0ab   at time   33419611 ps
inst0 ch0:  C_CMD: RDCMD     C_r = 0x095   at time   33421681 ps
inst0 ch0:  C_CMD: RDCMD     C_f = 0x02b   at time   33422095 ps
inst0 ch0:  C_CMD: RDCMD     C_r = 0x095   at time   33422509 ps
inst0 ch0:  C_CMD: RDCMD     C_f = 0x0a1   at time   33422923 ps
inst0 ch0:  C_CMD: RDCMD     C_r = 0x095   at time   33424993 ps
inst0 ch0:  C_CMD: RDCMD     C_f = 0x021   at time   33425407 ps
inst0 ch0:  C_CMD: RDCMD     C_r = 0x09d   at time   33425821 ps
inst0 ch0:  C_CMD: RDCMD     C_f = 0x0a3   at time   33426235 ps
inst0 ch0:  C_CMD: RDCMD     C_r = 0x09d   at time   33428305 ps
inst0 ch0:  C_CMD: RDCMD     C_f = 0x023   at time   33428719 ps
inst0 ch0:  R_CMD: ACTCMD    R_r0= 0x0e    at time   33679189 ps
inst0 ch0:  R_CMD: ACTCMD    R_f0= 0x28    at time   33679603 ps
inst0 ch0:  R_CMD: ACTCMD    R_r1= 0x00    at time   33680017 ps
inst0 ch0:  R_CMD: ACTCMD    R_f1= 0x02    at time   33680431 ps
inst0 ch0:  R_CMD: ACTCMD    R_r0= 0x0e    at time   33680845 ps
inst0 ch0:  R_CMD: ACTCMD    R_f0= 0x20    at time   33681259 ps
inst0 ch0:  R_CMD: ACTCMD    R_r1= 0x00    at time   33681673 ps
inst0 ch0:  R_CMD: ACTCMD    R_f1= 0x02    at time   33682087 ps
inst0 ch0:  C_CMD: WRCMD     C_r = 0x091   at time   33689953 ps
inst0 ch0:  C_CMD: WRCMD     C_f = 0x0a9   at time   33690367 ps
inst0 ch0:  C_CMD: WRCMD     C_r = 0x091   at time   33691609 ps
inst0 ch0:  C_CMD: WRCMD     C_f = 0x029   at time   33692023 ps
inst0 ch0:  C_CMD: WRCMD     C_r = 0x091   at time   33693265 ps
inst0 ch0:  C_CMD: WRCMD     C_f = 0x0ab   at time   33693679 ps
inst0 ch0:  C_CMD: WRCMD     C_r = 0x091   at time   33694921 ps
inst0 ch0:  C_CMD: WRCMD     C_f = 0x02b   at time   33695335 ps
inst0 ch0:  C_CMD: WRCMD     C_r = 0x091   at time   33696577 ps
inst0 ch0:  C_CMD: WRCMD     C_f = 0x0a1   at time   33696991 ps
inst0 ch0:  C_CMD: WRCMD     C_r = 0x091   at time   33698233 ps
inst0 ch0:  C_CMD: WRCMD     C_f = 0x021   at time   33698647 ps
inst0 ch0:  C_CMD: WRCMD     C_r = 0x099   at time   33699889 ps
inst0 ch0:  C_CMD: WRCMD     C_f = 0x0a3   at time   33700303 ps
inst0 ch0:  C_CMD: WRCMD     C_r = 0x099   at time   33701545 ps
inst0 ch0:  C_CMD: WRCMD     C_f = 0x023   at time   33701959 ps
inst0 ch0:  R_CMD: ACTCMD    R_r0= 0x26    at time   37793521 ps
inst0 ch0:  R_CMD: ACTCMD    R_f0= 0x28    at time   37793935 ps
inst0 ch0:  R_CMD: ACTCMD    R_r1= 0x00    at time   37794349 ps
inst0 ch0:  R_CMD: ACTCMD    R_f1= 0x02    at time   37794763 ps
inst0 ch0:  R_CMD: ACTCMD    R_r0= 0x26    at time   37796005 ps
inst0 ch0:  R_CMD: ACTCMD    R_f0= 0x20    at time   37796419 ps
inst0 ch0:  R_CMD: ACTCMD    R_r1= 0x00    at time   37796833 ps
inst0 ch0:  R_CMD: ACTCMD    R_f1= 0x02    at time   37797247 ps
inst0 ch0:  C_CMD: RDCMD     C_r = 0x0c5   at time   37808425 ps
inst0 ch0:  C_CMD: RDCMD     C_f = 0x0a9   at time   37808839 ps
inst0 ch0:  C_CMD: RDCMD     C_r = 0x0c5   at time   37810909 ps
inst0 ch0:  C_CMD: RDCMD     C_f = 0x029   at time   37811323 ps
inst0 ch0:  C_CMD: RDCMD     C_r = 0x0c5   at time   37811737 ps
inst0 ch0:  C_CMD: RDCMD     C_f = 0x0ab   at time   37812151 ps
inst0 ch0:  C_CMD: RDCMD     C_r = 0x0c5   at time   37814221 ps
inst0 ch0:  C_CMD: RDCMD     C_f = 0x02b   at time   37814635 ps
inst0 ch0:  C_CMD: RDCMD     C_r = 0x0c5   at time   37815049 ps
inst0 ch0:  C_CMD: RDCMD     C_f = 0x0a1   at time   37815463 ps
inst0 ch0:  C_CMD: RDCMD     C_r = 0x0c5   at time   37817533 ps
inst0 ch0:  C_CMD: RDCMD     C_f = 0x021   at time   37817947 ps
inst0 ch0:  C_CMD: RDCMD     C_r = 0x0cd   at time   37818361 ps
inst0 ch0:  C_CMD: RDCMD     C_f = 0x0a3   at time   37818775 ps
inst0 ch0:  C_CMD: RDCMD     C_r = 0x0cd   at time   37820845 ps
inst0 ch0:  C_CMD: RDCMD     C_f = 0x023   at time   37821259 ps
inst0 ch0:  R_CMD: ACTCMD    R_r0= 0x26    at time   37863901 ps
inst0 ch0:  R_CMD: ACTCMD    R_f0= 0x28    at time   37864315 ps
inst0 ch0:  R_CMD: ACTCMD    R_r1= 0x00    at time   37864729 ps
inst0 ch0:  R_CMD: ACTCMD    R_f1= 0x02    at time   37865143 ps
inst0 ch0:  R_CMD: ACTCMD    R_r0= 0x26    at time   37866385 ps
inst0 ch0:  R_CMD: ACTCMD    R_f0= 0x20    at time   37866799 ps
inst0 ch0:  R_CMD: ACTCMD    R_r1= 0x00    at time   37867213 ps
inst0 ch0:  R_CMD: ACTCMD    R_f1= 0x02    at time   37867627 ps
inst0 ch0:  C_CMD: WRCMD     C_r = 0x0c1   at time   37874665 ps
inst0 ch0:  C_CMD: WRCMD     C_f = 0x0a9   at time   37875079 ps
inst0 ch0:  C_CMD: WRCMD     C_r = 0x0c1   at time   37877149 ps
inst0 ch0:  C_CMD: WRCMD     C_f = 0x029   at time   37877563 ps
inst0 ch0:  C_CMD: WRCMD     C_r = 0x0c1   at time   37877977 ps
inst0 ch0:  C_CMD: WRCMD     C_f = 0x0ab   at time   37878391 ps
inst0 ch0:  C_CMD: WRCMD     C_r = 0x0c1   at time   37880461 ps
inst0 ch0:  C_CMD: WRCMD     C_f = 0x02b   at time   37880875 ps
inst0 ch0:  C_CMD: WRCMD     C_r = 0x0c1   at time   37881289 ps
inst0 ch0:  C_CMD: WRCMD     C_f = 0x0a1   at time   37881703 ps
inst0 ch0:  C_CMD: WRCMD     C_r = 0x0c1   at time   37883773 ps
inst0 ch0:  C_CMD: WRCMD     C_f = 0x021   at time   37884187 ps
inst0 ch0:  C_CMD: WRCMD     C_r = 0x0c9   at time   37884601 ps
inst0 ch0:  C_CMD: WRCMD     C_f = 0x0a3   at time   37885015 ps
inst0 ch0:  C_CMD: WRCMD     C_r = 0x0c9   at time   37887085 ps
inst0 ch0:  C_CMD: WRCMD     C_f = 0x023   at time   37887499 ps
inst0 ch0:  R_CMD: ACTCMD    R_r0= 0x22    at time   54584533 ps
inst0 ch0:  R_CMD: ACTCMD    R_f0= 0x22    at time   54584947 ps
inst0 ch0:  R_CMD: ACTCMD    R_r1= 0x00    at time   54585361 ps
inst0 ch0:  R_CMD: ACTCMD    R_f1= 0x00    at time   54585775 ps
inst0 ch0:  R_CMD: ACTCMD    R_r0= 0x22    at time   54586189 ps
inst0 ch0:  R_CMD: ACTCMD    R_f0= 0x2a    at time   54586603 ps
inst0 ch0:  R_CMD: ACTCMD    R_r1= 0x00    at time   54587017 ps
inst0 ch0:  R_CMD: ACTCMD    R_f1= 0x00    at time   54587431 ps
inst0 ch0:  R_CMD: ACTCMD    R_r0= 0x02    at time   54588673 ps
inst0 ch0:  R_CMD: ACTCMD    R_f0= 0x22    at time   54589087 ps
inst0 ch0:  R_CMD: ACTCMD    R_r1= 0x00    at time   54589501 ps
inst0 ch0:  R_CMD: ACTCMD    R_f1= 0x00    at time   54589915 ps
inst0 ch0:  R_CMD: ACTCMD    R_r0= 0x02    at time   54590329 ps
inst0 ch0:  R_CMD: ACTCMD    R_f0= 0x2a    at time   54590743 ps
inst0 ch0:  R_CMD: ACTCMD    R_r1= 0x00    at time   54591157 ps
inst0 ch0:  R_CMD: ACTCMD    R_f1= 0x00    at time   54591571 ps
inst0 ch0:  R_CMD: ACTCMD    R_r0= 0x22    at time   54592813 ps
inst0 ch0:  R_CMD: ACTCMD    R_f0= 0x02    at time   54593227 ps
inst0 ch0:  R_CMD: ACTCMD    R_r1= 0x00    at time   54593641 ps
inst0 ch0:  R_CMD: ACTCMD    R_f1= 0x00    at time   54594055 ps
inst0 ch0:  R_CMD: ACTCMD    R_r0= 0x22    at time   54594469 ps
inst0 ch0:  R_CMD: ACTCMD    R_f0= 0x0a    at time   54594883 ps
inst0 ch0:  R_CMD: ACTCMD    R_r1= 0x00    at time   54595297 ps
inst0 ch0:  R_CMD: ACTCMD    R_f1= 0x00    at time   54595711 ps
inst0 ch0:  R_CMD: ACTCMD    R_r0= 0x02    at time   54596953 ps
inst0 ch0:  R_CMD: ACTCMD    R_f0= 0x02    at time   54597367 ps
inst0 ch0:  R_CMD: ACTCMD    R_r1= 0x00    at time   54597781 ps
inst0 ch0:  R_CMD: ACTCMD    R_f1= 0x00    at time   54598195 ps
inst0 ch0:  R_CMD: ACTCMD    R_r0= 0x02    at time   54598609 ps
inst0 ch0:  R_CMD: ACTCMD    R_f0= 0x0a    at time   54599023 ps
inst0 ch0:  R_CMD: ACTCMD    R_r1= 0x00    at time   54599437 ps
inst0 ch0:  C_CMD: RDCMD     C_r = 0x0c5   at time   54599437 ps
inst0 ch0:  R_CMD: ACTCMD    R_f1= 0x00    at time   54599851 ps
inst0 ch0:  C_CMD: RDCMD     C_f = 0x000   at time   54599851 ps
inst0 ch0:  C_CMD: RDCMD     C_r = 0x0c5   at time   54601093 ps
inst0 ch0:  C_CMD: RDCMD     C_f = 0x080   at time   54601507 ps
inst0 ch0:  C_CMD: RDCMD     C_r = 0x0cd   at time   54602749 ps
inst0 ch0:  C_CMD: RDCMD     C_f = 0x002   at time   54603163 ps
inst0 ch0:  C_CMD: RDCMD     C_r = 0x085   at time   54604405 ps
inst0 ch0:  C_CMD: RDCMD     C_f = 0x000   at time   54604819 ps
inst0 ch0:  C_CMD: RDCMD     C_r = 0x0cd   at time   54605233 ps
inst0 ch0:  C_CMD: RDCMD     C_f = 0x082   at time   54605647 ps
inst0 ch0:  C_CMD: RDCMD     C_r = 0x085   at time   54606889 ps
inst0 ch0:  C_CMD: RDCMD     C_f = 0x080   at time   54607303 ps
inst0 ch0:  C_CMD: RDCMD     C_r = 0x08d   at time   54607717 ps
inst0 ch0:  C_CMD: RDCMD     C_f = 0x002   at time   54608131 ps
inst0 ch0:  C_CMD: RDCMD     C_r = 0x045   at time   54609373 ps
inst0 ch0:  C_CMD: RDCMD     C_f = 0x000   at time   54609787 ps
inst0 ch0:  C_CMD: RDCMD     C_r = 0x08d   at time   54610201 ps
inst0 ch0:  C_CMD: RDCMD     C_f = 0x082   at time   54610615 ps
inst0 ch0:  C_CMD: RDCMD     C_r = 0x005   at time   54611857 ps
inst0 ch0:  C_CMD: RDCMD     C_f = 0x000   at time   54612271 ps
inst0 ch0:  C_CMD: RDCMD     C_r = 0x045   at time   54612685 ps
inst0 ch0:  C_CMD: RDCMD     C_f = 0x080   at time   54613099 ps
inst0 ch0:  C_CMD: RDCMD     C_r = 0x04d   at time   54613513 ps
inst0 ch0:  C_CMD: RDCMD     C_f = 0x002   at time   54613927 ps
inst0 ch0:  C_CMD: RDCMD     C_r = 0x005   at time   54614341 ps
inst0 ch0:  C_CMD: RDCMD     C_f = 0x080   at time   54614755 ps
inst0 ch0:  C_CMD: RDCMD     C_r = 0x00d   at time   54615169 ps
inst0 ch0:  C_CMD: RDCMD     C_f = 0x002   at time   54615583 ps
inst0 ch0:  C_CMD: RDCMD     C_r = 0x04d   at time   54615997 ps
inst0 ch0:  C_CMD: RDCMD     C_f = 0x082   at time   54616411 ps
inst0 ch0:  C_CMD: RDCMD     C_r = 0x00d   at time   54617653 ps
inst0 ch0:  C_CMD: RDCMD     C_f = 0x082   at time   54618067 ps
inst0 ch0:  R_CMD: ACTCMD    R_r0= 0x2a    at time   55137637 ps
inst0 ch0:  R_CMD: ACTCMD    R_f0= 0x22    at time   55138051 ps
inst0 ch0:  R_CMD: ACTCMD    R_r1= 0x00    at time   55138465 ps
inst0 ch0:  R_CMD: ACTCMD    R_f1= 0x00    at time   55138879 ps
inst0 ch0:  R_CMD: ACTCMD    R_r0= 0x0a    at time   55141777 ps
inst0 ch0:  R_CMD: ACTCMD    R_f0= 0x22    at time   55142191 ps
inst0 ch0:  R_CMD: ACTCMD    R_r1= 0x00    at time   55142605 ps
inst0 ch0:  R_CMD: ACTCMD    R_f1= 0x00    at time   55143019 ps
inst0 ch0:  R_CMD: ACTCMD    R_r0= 0x2a    at time   55145917 ps
inst0 ch0:  R_CMD: ACTCMD    R_f0= 0x02    at time   55146331 ps
inst0 ch0:  R_CMD: ACTCMD    R_r1= 0x00    at time   55146745 ps
inst0 ch0:  R_CMD: ACTCMD    R_f1= 0x00    at time   55147159 ps
inst0 ch0:  R_CMD: ACTCMD    R_r0= 0x0a    at time   55150057 ps
inst0 ch0:  R_CMD: ACTCMD    R_f0= 0x02    at time   55150471 ps
inst0 ch0:  R_CMD: ACTCMD    R_r1= 0x00    at time   55150885 ps
inst0 ch0:  R_CMD: ACTCMD    R_f1= 0x00    at time   55151299 ps
inst0 ch0:  C_CMD: RDCMD     C_r = 0x0d5   at time   55152541 ps
inst0 ch0:  C_CMD: RDCMD     C_f = 0x000   at time   55152955 ps
inst0 ch0:  C_CMD: RDCMD     C_r = 0x0dd   at time   55155853 ps
inst0 ch0:  C_CMD: RDCMD     C_f = 0x002   at time   55156267 ps
inst0 ch0:  C_CMD: RDCMD     C_r = 0x095   at time   55157509 ps
inst0 ch0:  C_CMD: RDCMD     C_f = 0x000   at time   55157923 ps
inst0 ch0:  R_CMD: ACTCMD    R_r0= 0x2a    at time   55159993 ps
inst0 ch0:  R_CMD: ACTCMD    R_f0= 0x2a    at time   55160407 ps
inst0 ch0:  R_CMD: ACTCMD    R_r1= 0x00    at time   55160821 ps
inst0 ch0:  C_CMD: RDCMD     C_r = 0x09d   at time   55160821 ps
inst0 ch0:  R_CMD: ACTCMD    R_f1= 0x00    at time   55161235 ps
inst0 ch0:  C_CMD: RDCMD     C_f = 0x002   at time   55161235 ps
inst0 ch0:  C_CMD: RDCMD     C_r = 0x055   at time   55162477 ps
inst0 ch0:  C_CMD: RDCMD     C_f = 0x000   at time   55162891 ps
inst0 ch0:  R_CMD: ACTCMD    R_r0= 0x0a    at time   55164133 ps
inst0 ch0:  R_CMD: ACTCMD    R_f0= 0x2a    at time   55164547 ps
inst0 ch0:  R_CMD: ACTCMD    R_r1= 0x00    at time   55164961 ps
inst0 ch0:  C_CMD: RDCMD     C_r = 0x015   at time   55164961 ps
inst0 ch0:  R_CMD: ACTCMD    R_f1= 0x00    at time   55165375 ps
inst0 ch0:  C_CMD: RDCMD     C_f = 0x000   at time   55165375 ps
inst0 ch0:  C_CMD: RDCMD     C_r = 0x05d   at time   55166617 ps
inst0 ch0:  C_CMD: RDCMD     C_f = 0x002   at time   55167031 ps
inst0 ch0:  R_CMD: ACTCMD    R_r0= 0x2a    at time   55168273 ps
inst0 ch0:  C_CMD: RDCMD     C_r = 0x01d   at time   55168273 ps
inst0 ch0:  R_CMD: ACTCMD    R_f0= 0x0a    at time   55168687 ps
inst0 ch0:  C_CMD: RDCMD     C_f = 0x002   at time   55168687 ps
inst0 ch0:  R_CMD: ACTCMD    R_r1= 0x00    at time   55169101 ps
inst0 ch0:  R_CMD: ACTCMD    R_f1= 0x00    at time   55169515 ps
inst0 ch0:  R_CMD: ACTCMD    R_r0= 0x0a    at time   55172413 ps
inst0 ch0:  R_CMD: ACTCMD    R_f0= 0x0a    at time   55172827 ps
inst0 ch0:  R_CMD: ACTCMD    R_r1= 0x00    at time   55173241 ps
inst0 ch0:  R_CMD: ACTCMD    R_f1= 0x00    at time   55173655 ps
inst0 ch0:  C_CMD: RDCMD     C_r = 0x0d5   at time   55174897 ps
inst0 ch0:  C_CMD: RDCMD     C_f = 0x080   at time   55175311 ps
inst0 ch0:  C_CMD: RDCMD     C_r = 0x0dd   at time   55178209 ps
inst0 ch0:  C_CMD: RDCMD     C_f = 0x082   at time   55178623 ps
inst0 ch0:  C_CMD: RDCMD     C_r = 0x095   at time   55179865 ps
inst0 ch0:  C_CMD: RDCMD     C_f = 0x080   at time   55180279 ps
inst0 ch0:  C_CMD: RDCMD     C_r = 0x09d   at time   55183177 ps
inst0 ch0:  C_CMD: RDCMD     C_f = 0x082   at time   55183591 ps
inst0 ch0:  C_CMD: RDCMD     C_r = 0x055   at time   55184833 ps
inst0 ch0:  C_CMD: RDCMD     C_f = 0x080   at time   55185247 ps
inst0 ch0:  C_CMD: RDCMD     C_r = 0x015   at time   55187317 ps
inst0 ch0:  C_CMD: RDCMD     C_f = 0x080   at time   55187731 ps
inst0 ch0:  C_CMD: RDCMD     C_r = 0x05d   at time   55188973 ps
inst0 ch0:  C_CMD: RDCMD     C_f = 0x082   at time   55189387 ps
inst0 ch0:  C_CMD: RDCMD     C_r = 0x01d   at time   55190629 ps
inst0 ch0:  C_CMD: RDCMD     C_f = 0x082   at time   55191043 ps
inst0 ch0:  R_CMD: ACTCMD    R_r0= 0x32    at time   55405909 ps
inst0 ch0:  R_CMD: ACTCMD    R_f0= 0x22    at time   55406323 ps
inst0 ch0:  R_CMD: ACTCMD    R_r1= 0x00    at time   55406737 ps
inst0 ch0:  R_CMD: ACTCMD    R_f1= 0x00    at time   55407151 ps
inst0 ch0:  R_CMD: ACTCMD    R_r0= 0x12    at time   55410049 ps
inst0 ch0:  R_CMD: ACTCMD    R_f0= 0x22    at time   55410463 ps
inst0 ch0:  R_CMD: ACTCMD    R_r1= 0x00    at time   55410877 ps
inst0 ch0:  R_CMD: ACTCMD    R_f1= 0x00    at time   55411291 ps
inst0 ch0:  R_CMD: ACTCMD    R_r0= 0x32    at time   55414189 ps
inst0 ch0:  R_CMD: ACTCMD    R_f0= 0x02    at time   55414603 ps
inst0 ch0:  R_CMD: ACTCMD    R_r1= 0x00    at time   55415017 ps
inst0 ch0:  R_CMD: ACTCMD    R_f1= 0x00    at time   55415431 ps
inst0 ch0:  R_CMD: ACTCMD    R_r0= 0x12    at time   55418329 ps
inst0 ch0:  R_CMD: ACTCMD    R_f0= 0x02    at time   55418743 ps
inst0 ch0:  R_CMD: ACTCMD    R_r1= 0x00    at time   55419157 ps
inst0 ch0:  R_CMD: ACTCMD    R_f1= 0x00    at time   55419571 ps
inst0 ch0:  C_CMD: RDCMD     C_r = 0x0e5   at time   55420813 ps
inst0 ch0:  C_CMD: RDCMD     C_f = 0x000   at time   55421227 ps
inst0 ch0:  C_CMD: RDCMD     C_r = 0x0ed   at time   55424125 ps
inst0 ch0:  C_CMD: RDCMD     C_f = 0x002   at time   55424539 ps
inst0 ch0:  C_CMD: RDCMD     C_r = 0x0a5   at time   55425781 ps
inst0 ch0:  C_CMD: RDCMD     C_f = 0x000   at time   55426195 ps
inst0 ch0:  C_CMD: RDCMD     C_r = 0x0ad   at time   55429093 ps
inst0 ch0:  C_CMD: RDCMD     C_f = 0x002   at time   55429507 ps
inst0 ch0:  C_CMD: RDCMD     C_r = 0x065   at time   55430749 ps
inst0 ch0:  C_CMD: RDCMD     C_f = 0x000   at time   55431163 ps
inst0 ch0:  C_CMD: RDCMD     C_r = 0x025   at time   55433233 ps
inst0 ch0:  C_CMD: RDCMD     C_f = 0x000   at time   55433647 ps
inst0 ch0:  C_CMD: RDCMD     C_r = 0x06d   at time   55434889 ps
inst0 ch0:  C_CMD: RDCMD     C_f = 0x002   at time   55435303 ps
inst0 ch0:  C_CMD: RDCMD     C_r = 0x02d   at time   55436545 ps
inst0 ch0:  C_CMD: RDCMD     C_f = 0x002   at time   55436959 ps
inst0 ch0:  R_CMD: ACTCMD    R_r0= 0x32    at time   55463041 ps
inst0 ch0:  R_CMD: ACTCMD    R_f0= 0x2a    at time   55463455 ps
inst0 ch0:  R_CMD: ACTCMD    R_r1= 0x00    at time   55463869 ps
inst0 ch0:  R_CMD: ACTCMD    R_f1= 0x00    at time   55464283 ps
inst0 ch0:  R_CMD: ACTCMD    R_r0= 0x12    at time   55467181 ps
inst0 ch0:  R_CMD: ACTCMD    R_f0= 0x2a    at time   55467595 ps
inst0 ch0:  R_CMD: ACTCMD    R_r1= 0x00    at time   55468009 ps
inst0 ch0:  R_CMD: ACTCMD    R_f1= 0x00    at time   55468423 ps
inst0 ch0:  R_CMD: ACTCMD    R_r0= 0x32    at time   55471321 ps
inst0 ch0:  R_CMD: ACTCMD    R_f0= 0x0a    at time   55471735 ps
inst0 ch0:  R_CMD: ACTCMD    R_r1= 0x00    at time   55472149 ps
inst0 ch0:  R_CMD: ACTCMD    R_f1= 0x00    at time   55472563 ps
inst0 ch0:  R_CMD: ACTCMD    R_r0= 0x12    at time   55475461 ps
inst0 ch0:  R_CMD: ACTCMD    R_f0= 0x0a    at time   55475875 ps
inst0 ch0:  R_CMD: ACTCMD    R_r1= 0x00    at time   55476289 ps
inst0 ch0:  R_CMD: ACTCMD    R_f1= 0x00    at time   55476703 ps
inst0 ch0:  C_CMD: RDCMD     C_r = 0x0e5   at time   55477945 ps
inst0 ch0:  C_CMD: RDCMD     C_f = 0x080   at time   55478359 ps
inst0 ch0:  C_CMD: RDCMD     C_r = 0x0ed   at time   55481257 ps
inst0 ch0:  C_CMD: RDCMD     C_f = 0x082   at time   55481671 ps
inst0 ch0:  C_CMD: RDCMD     C_r = 0x0a5   at time   55482913 ps
inst0 ch0:  C_CMD: RDCMD     C_f = 0x080   at time   55483327 ps
inst0 ch0:  C_CMD: RDCMD     C_r = 0x0ad   at time   55486225 ps
inst0 ch0:  C_CMD: RDCMD     C_f = 0x082   at time   55486639 ps
inst0 ch0:  C_CMD: RDCMD     C_r = 0x065   at time   55487881 ps
inst0 ch0:  C_CMD: RDCMD     C_f = 0x080   at time   55488295 ps
inst0 ch0:  C_CMD: RDCMD     C_r = 0x025   at time   55490365 ps
inst0 ch0:  C_CMD: RDCMD     C_f = 0x080   at time   55490779 ps
inst0 ch0:  C_CMD: RDCMD     C_r = 0x06d   at time   55492021 ps
inst0 ch0:  C_CMD: RDCMD     C_f = 0x082   at time   55492435 ps
inst0 ch0:  C_CMD: RDCMD     C_r = 0x02d   at time   55493677 ps
inst0 ch0:  C_CMD: RDCMD     C_f = 0x082   at time   55494091 ps
inst0 ch0:  R_CMD: ACTCMD    R_r0= 0x3a    at time   55844749 ps
inst0 ch0:  R_CMD: ACTCMD    R_f0= 0x22    at time   55845163 ps
inst0 ch0:  R_CMD: ACTCMD    R_r1= 0x00    at time   55845577 ps
inst0 ch0:  R_CMD: ACTCMD    R_f1= 0x00    at time   55845991 ps
inst0 ch0:  R_CMD: ACTCMD    R_r0= 0x1a    at time   55848889 ps
inst0 ch0:  R_CMD: ACTCMD    R_f0= 0x22    at time   55849303 ps
inst0 ch0:  R_CMD: ACTCMD    R_r1= 0x00    at time   55849717 ps
inst0 ch0:  R_CMD: ACTCMD    R_f1= 0x00    at time   55850131 ps
inst0 ch0:  R_CMD: ACTCMD    R_r0= 0x3a    at time   55853029 ps
inst0 ch0:  R_CMD: ACTCMD    R_f0= 0x02    at time   55853443 ps
inst0 ch0:  R_CMD: ACTCMD    R_r1= 0x00    at time   55853857 ps
inst0 ch0:  R_CMD: ACTCMD    R_f1= 0x00    at time   55854271 ps
inst0 ch0:  R_CMD: ACTCMD    R_r0= 0x1a    at time   55857169 ps
inst0 ch0:  R_CMD: ACTCMD    R_f0= 0x02    at time   55857583 ps
inst0 ch0:  R_CMD: ACTCMD    R_r1= 0x00    at time   55857997 ps
inst0 ch0:  R_CMD: ACTCMD    R_f1= 0x00    at time   55858411 ps
inst0 ch0:  C_CMD: RDCMD     C_r = 0x0f5   at time   55859653 ps
inst0 ch0:  C_CMD: RDCMD     C_f = 0x000   at time   55860067 ps
inst0 ch0:  C_CMD: RDCMD     C_r = 0x0fd   at time   55862965 ps
inst0 ch0:  C_CMD: RDCMD     C_f = 0x002   at time   55863379 ps
inst0 ch0:  C_CMD: RDCMD     C_r = 0x0b5   at time   55864621 ps
inst0 ch0:  C_CMD: RDCMD     C_f = 0x000   at time   55865035 ps
inst0 ch0:  C_CMD: RDCMD     C_r = 0x0bd   at time   55867933 ps
inst0 ch0:  C_CMD: RDCMD     C_f = 0x002   at time   55868347 ps
inst0 ch0:  C_CMD: RDCMD     C_r = 0x075   at time   55869589 ps
inst0 ch0:  C_CMD: RDCMD     C_f = 0x000   at time   55870003 ps
inst0 ch0:  C_CMD: RDCMD     C_r = 0x035   at time   55872073 ps
inst0 ch0:  C_CMD: RDCMD     C_f = 0x000   at time   55872487 ps
inst0 ch0:  C_CMD: RDCMD     C_r = 0x07d   at time   55873729 ps
inst0 ch0:  C_CMD: RDCMD     C_f = 0x002   at time   55874143 ps
inst0 ch0:  C_CMD: RDCMD     C_r = 0x03d   at time   55875385 ps
inst0 ch0:  C_CMD: RDCMD     C_f = 0x002   at time   55875799 ps
inst0 ch0:  R_CMD: ACTCMD    R_r0= 0x3a    at time   56150281 ps
inst0 ch0:  R_CMD: ACTCMD    R_f0= 0x2a    at time   56150695 ps
inst0 ch0:  R_CMD: ACTCMD    R_r1= 0x00    at time   56151109 ps
inst0 ch0:  R_CMD: ACTCMD    R_f1= 0x00    at time   56151523 ps
inst0 ch0:  R_CMD: ACTCMD    R_r0= 0x1a    at time   56154421 ps
inst0 ch0:  R_CMD: ACTCMD    R_f0= 0x2a    at time   56154835 ps
inst0 ch0:  R_CMD: ACTCMD    R_r1= 0x00    at time   56155249 ps
inst0 ch0:  R_CMD: ACTCMD    R_f1= 0x00    at time   56155663 ps
inst0 ch0:  R_CMD: ACTCMD    R_r0= 0x3a    at time   56158561 ps
inst0 ch0:  R_CMD: ACTCMD    R_f0= 0x0a    at time   56158975 ps
inst0 ch0:  R_CMD: ACTCMD    R_r1= 0x00    at time   56159389 ps
inst0 ch0:  R_CMD: ACTCMD    R_f1= 0x00    at time   56159803 ps
inst0 ch0:  R_CMD: ACTCMD    R_r0= 0x1a    at time   56162701 ps
inst0 ch0:  R_CMD: ACTCMD    R_f0= 0x0a    at time   56163115 ps
inst0 ch0:  R_CMD: ACTCMD    R_r1= 0x00    at time   56163529 ps
inst0 ch0:  R_CMD: ACTCMD    R_f1= 0x00    at time   56163943 ps
inst0 ch0:  C_CMD: RDCMD     C_r = 0x0f5   at time   56165185 ps
inst0 ch0:  C_CMD: RDCMD     C_f = 0x080   at time   56165599 ps
inst0 ch0:  C_CMD: RDCMD     C_r = 0x0fd   at time   56168497 ps
inst0 ch0:  C_CMD: RDCMD     C_f = 0x082   at time   56168911 ps
inst0 ch0:  C_CMD: RDCMD     C_r = 0x0b5   at time   56170153 ps
inst0 ch0:  C_CMD: RDCMD     C_f = 0x080   at time   56170567 ps
inst0 ch0:  C_CMD: RDCMD     C_r = 0x0bd   at time   56173465 ps
inst0 ch0:  C_CMD: RDCMD     C_f = 0x082   at time   56173879 ps
inst0 ch0:  C_CMD: RDCMD     C_r = 0x075   at time   56175121 ps
inst0 ch0:  C_CMD: RDCMD     C_f = 0x080   at time   56175535 ps
inst0 ch0:  C_CMD: RDCMD     C_r = 0x035   at time   56177605 ps
inst0 ch0:  C_CMD: RDCMD     C_f = 0x080   at time   56178019 ps
inst0 ch0:  C_CMD: RDCMD     C_r = 0x07d   at time   56179261 ps
inst0 ch0:  C_CMD: RDCMD     C_f = 0x082   at time   56179675 ps
inst0 ch0:  C_CMD: RDCMD     C_r = 0x03d   at time   56180917 ps
inst0 ch0:  C_CMD: RDCMD     C_f = 0x082   at time   56181331 ps
inst0 ch0:  R_CMD: ACTCMD    R_r0= 0x02    at time   56331613 ps
inst0 ch0:  R_CMD: ACTCMD    R_f0= 0x10    at time   56332027 ps
inst0 ch0:  R_CMD: ACTCMD    R_r1= 0x3f    at time   56332441 ps
inst0 ch0:  R_CMD: ACTCMD    R_f1= 0x3b    at time   56332855 ps
inst0 ch0:  C_CMD: RDCMD     C_r = 0x005   at time   56346517 ps
inst0 ch0:  C_CMD: RDCMD     C_f = 0x078   at time   56346931 ps
inst0 ch0:  C_CMD: RDCMD     C_r = 0x00d   at time   56349829 ps
inst0 ch0:  C_CMD: RDCMD     C_f = 0x07a   at time   56350243 ps
inst0 ch0:  R_CMD: ACTCMD    R_r0= 0x02    at time   56404477 ps
inst0 ch0:  R_CMD: ACTCMD    R_f0= 0x10    at time   56404891 ps
inst0 ch0:  R_CMD: ACTCMD    R_r1= 0x3f    at time   56405305 ps
inst0 ch0:  R_CMD: ACTCMD    R_f1= 0x3b    at time   56405719 ps
inst0 ch0:  C_CMD: WRCMD     C_r = 0x001   at time   56415241 ps
inst0 ch0:  C_CMD: WRCMD     C_f = 0x078   at time   56415655 ps
inst0 ch0:  C_CMD: WRCMD     C_r = 0x009   at time   56418553 ps
inst0 ch0:  C_CMD: WRCMD     C_f = 0x07a   at time   56418967 ps
inst0 ch0:  R_CMD: ACTCMD    R_r0= 0x0a    at time   56548549 ps
inst0 ch0:  R_CMD: ACTCMD    R_f0= 0x10    at time   56548963 ps
inst0 ch0:  R_CMD: ACTCMD    R_r1= 0x3f    at time   56549377 ps
inst0 ch0:  R_CMD: ACTCMD    R_f1= 0x3b    at time   56549791 ps
inst0 ch0:  C_CMD: RDCMD     C_r = 0x015   at time   56563453 ps
inst0 ch0:  C_CMD: RDCMD     C_f = 0x078   at time   56563867 ps
inst0 ch0:  C_CMD: RDCMD     C_r = 0x01d   at time   56566765 ps
inst0 ch0:  C_CMD: RDCMD     C_f = 0x07a   at time   56567179 ps
inst0 ch0:  R_CMD: ACTCMD    R_r0= 0x02    at time   56604853 ps
inst0 ch0:  R_CMD: ACTCMD    R_f0= 0x18    at time   56605267 ps
inst0 ch0:  R_CMD: ACTCMD    R_r1= 0x3f    at time   56605681 ps
inst0 ch0:  R_CMD: ACTCMD    R_f1= 0x3b    at time   56606095 ps
inst0 ch0:  C_CMD: RDCMD     C_r = 0x005   at time   56619757 ps
inst0 ch0:  C_CMD: RDCMD     C_f = 0x0f8   at time   56620171 ps
inst0 ch0:  C_CMD: RDCMD     C_r = 0x00d   at time   56623069 ps
inst0 ch0:  C_CMD: RDCMD     C_f = 0x0fa   at time   56623483 ps
inst0 ch0:  R_CMD: ACTCMD    R_r0= 0x02    at time   56849113 ps
inst0 ch0:  R_CMD: ACTCMD    R_f0= 0x18    at time   56849527 ps
inst0 ch0:  R_CMD: ACTCMD    R_r1= 0x3f    at time   56849941 ps
inst0 ch0:  R_CMD: ACTCMD    R_f1= 0x3b    at time   56850355 ps
inst0 ch0:  R_CMD: ACTCMD    R_r0= 0x0a    at time   56857393 ps
inst0 ch0:  R_CMD: ACTCMD    R_f0= 0x10    at time   56857807 ps
inst0 ch0:  R_CMD: ACTCMD    R_r1= 0x3f    at time   56858221 ps
inst0 ch0:  R_CMD: ACTCMD    R_f1= 0x3b    at time   56858635 ps
inst0 ch0:  C_CMD: WRCMD     C_r = 0x001   at time   56859877 ps
inst0 ch0:  C_CMD: WRCMD     C_f = 0x0f8   at time   56860291 ps
inst0 ch0:  C_CMD: WRCMD     C_r = 0x009   at time   56863189 ps
inst0 ch0:  C_CMD: WRCMD     C_f = 0x0fa   at time   56863603 ps
inst0 ch0:  C_CMD: WRCMD     C_r = 0x011   at time   56868157 ps
inst0 ch0:  C_CMD: WRCMD     C_f = 0x078   at time   56868571 ps
inst0 ch0:  C_CMD: WRCMD     C_r = 0x019   at time   56871469 ps
inst0 ch0:  C_CMD: WRCMD     C_f = 0x07a   at time   56871883 ps
inst0 ch0:  R_CMD: ACTCMD    R_r0= 0x02    at time   56955097 ps
inst0 ch0:  R_CMD: ACTCMD    R_f0= 0x30    at time   56955511 ps
inst0 ch0:  R_CMD: ACTCMD    R_r1= 0x3f    at time   56955925 ps
inst0 ch0:  R_CMD: ACTCMD    R_f1= 0x3b    at time   56956339 ps
inst0 ch0:  C_CMD: RDCMD     C_r = 0x085   at time   56970001 ps
inst0 ch0:  C_CMD: RDCMD     C_f = 0x078   at time   56970415 ps
inst0 ch0:  C_CMD: RDCMD     C_r = 0x08d   at time   56973313 ps
inst0 ch0:  C_CMD: RDCMD     C_f = 0x07a   at time   56973727 ps
inst0 ch0:  R_CMD: ACTCMD    R_r0= 0x02    at time   57025477 ps
inst0 ch0:  R_CMD: ACTCMD    R_f0= 0x30    at time   57025891 ps
inst0 ch0:  R_CMD: ACTCMD    R_r1= 0x3f    at time   57026305 ps
inst0 ch0:  R_CMD: ACTCMD    R_f1= 0x3b    at time   57026719 ps
inst0 ch0:  C_CMD: WRCMD     C_r = 0x081   at time   57036241 ps
inst0 ch0:  C_CMD: WRCMD     C_f = 0x078   at time   57036655 ps
inst0 ch0:  C_CMD: WRCMD     C_r = 0x089   at time   57039553 ps
inst0 ch0:  C_CMD: WRCMD     C_f = 0x07a   at time   57039967 ps
inst0 ch0:  R_CMD: ACTCMD    R_r0= 0x0a    at time   57320245 ps
inst0 ch0:  R_CMD: ACTCMD    R_f0= 0x30    at time   57320659 ps
inst0 ch0:  R_CMD: ACTCMD    R_r1= 0x3f    at time   57321073 ps
inst0 ch0:  R_CMD: ACTCMD    R_f1= 0x3b    at time   57321487 ps
inst0 ch0:  C_CMD: RDCMD     C_r = 0x095   at time   57335149 ps
inst0 ch0:  C_CMD: RDCMD     C_f = 0x078   at time   57335563 ps
inst0 ch0:  C_CMD: RDCMD     C_r = 0x09d   at time   57338461 ps
inst0 ch0:  C_CMD: RDCMD     C_f = 0x07a   at time   57338875 ps
inst0 ch0:  R_CMD: ACTCMD    R_r0= 0x0a    at time   57390625 ps
inst0 ch0:  R_CMD: ACTCMD    R_f0= 0x30    at time   57391039 ps
inst0 ch0:  R_CMD: ACTCMD    R_r1= 0x3f    at time   57391453 ps
inst0 ch0:  R_CMD: ACTCMD    R_f1= 0x3b    at time   57391867 ps
inst0 ch0:  C_CMD: WRCMD     C_r = 0x091   at time   57401389 ps
inst0 ch0:  C_CMD: WRCMD     C_f = 0x078   at time   57401803 ps
inst0 ch0:  C_CMD: WRCMD     C_r = 0x099   at time   57404701 ps
inst0 ch0:  C_CMD: WRCMD     C_f = 0x07a   at time   57405115 ps
inst0 ch0:  R_CMD: ACTCMD    R_r0= 0x0a    at time   57639853 ps
inst0 ch0:  R_CMD: ACTCMD    R_f0= 0x18    at time   57640267 ps
inst0 ch0:  R_CMD: ACTCMD    R_r1= 0x3f    at time   57640681 ps
inst0 ch0:  R_CMD: ACTCMD    R_f1= 0x3b    at time   57641095 ps
inst0 ch0:  C_CMD: RDCMD     C_r = 0x015   at time   57654757 ps
inst0 ch0:  C_CMD: RDCMD     C_f = 0x0f8   at time   57655171 ps
inst0 ch0:  C_CMD: RDCMD     C_r = 0x01d   at time   57658069 ps
inst0 ch0:  C_CMD: RDCMD     C_f = 0x0fa   at time   57658483 ps
inst0 ch0:  R_CMD: ACTCMD    R_r0= 0x0a    at time   57712717 ps
inst0 ch0:  R_CMD: ACTCMD    R_f0= 0x18    at time   57713131 ps
inst0 ch0:  R_CMD: ACTCMD    R_r1= 0x3f    at time   57713545 ps
inst0 ch0:  R_CMD: ACTCMD    R_f1= 0x3b    at time   57713959 ps
inst0 ch0:  C_CMD: WRCMD     C_r = 0x011   at time   57723481 ps
inst0 ch0:  C_CMD: WRCMD     C_f = 0x0f8   at time   57723895 ps
inst0 ch0:  C_CMD: WRCMD     C_r = 0x019   at time   57726793 ps
inst0 ch0:  C_CMD: WRCMD     C_f = 0x0fa   at time   57727207 ps
inst0 ch0:  R_CMD: ACTCMD    R_r0= 0x02    at time   57817045 ps
inst0 ch0:  R_CMD: ACTCMD    R_f0= 0x38    at time   57817459 ps
inst0 ch0:  R_CMD: ACTCMD    R_r1= 0x3f    at time   57817873 ps
inst0 ch0:  R_CMD: ACTCMD    R_f1= 0x3b    at time   57818287 ps
inst0 ch0:  C_CMD: RDCMD     C_r = 0x085   at time   57831949 ps
inst0 ch0:  C_CMD: RDCMD     C_f = 0x0f8   at time   57832363 ps
inst0 ch0:  C_CMD: RDCMD     C_r = 0x08d   at time   57835261 ps
inst0 ch0:  C_CMD: RDCMD     C_f = 0x0fa   at time   57835675 ps
inst0 ch0:  R_CMD: ACTCMD    R_r0= 0x02    at time   57887425 ps
inst0 ch0:  R_CMD: ACTCMD    R_f0= 0x38    at time   57887839 ps
inst0 ch0:  R_CMD: ACTCMD    R_r1= 0x3f    at time   57888253 ps
inst0 ch0:  R_CMD: ACTCMD    R_f1= 0x3b    at time   57888667 ps
inst0 ch0:  C_CMD: WRCMD     C_r = 0x081   at time   57898189 ps
inst0 ch0:  C_CMD: WRCMD     C_f = 0x0f8   at time   57898603 ps
inst0 ch0:  C_CMD: WRCMD     C_r = 0x089   at time   57901501 ps
inst0 ch0:  C_CMD: WRCMD     C_f = 0x0fa   at time   57901915 ps
inst0 ch0:  R_CMD: ACTCMD    R_r0= 0x0a    at time   58017421 ps
inst0 ch0:  R_CMD: ACTCMD    R_f0= 0x38    at time   58017835 ps
inst0 ch0:  R_CMD: ACTCMD    R_r1= 0x3f    at time   58018249 ps
inst0 ch0:  R_CMD: ACTCMD    R_f1= 0x3b    at time   58018663 ps
inst0 ch0:  C_CMD: RDCMD     C_r = 0x095   at time   58032325 ps
inst0 ch0:  C_CMD: RDCMD     C_f = 0x0f8   at time   58032739 ps
inst0 ch0:  C_CMD: RDCMD     C_r = 0x09d   at time   58035637 ps
inst0 ch0:  C_CMD: RDCMD     C_f = 0x0fa   at time   58036051 ps
inst0 ch0:  R_CMD: ACTCMD    R_r0= 0x0a    at time   58087801 ps
inst0 ch0:  R_CMD: ACTCMD    R_f0= 0x38    at time   58088215 ps
inst0 ch0:  R_CMD: ACTCMD    R_r1= 0x3f    at time   58088629 ps
inst0 ch0:  R_CMD: ACTCMD    R_f1= 0x3b    at time   58089043 ps
inst0 ch0:  C_CMD: WRCMD     C_r = 0x091   at time   58098565 ps
inst0 ch0:  C_CMD: WRCMD     C_f = 0x0f8   at time   58098979 ps
inst0 ch0:  C_CMD: WRCMD     C_r = 0x099   at time   58101877 ps
inst0 ch0:  C_CMD: WRCMD     C_f = 0x0fa   at time   58102291 ps
inst0 ch0:  R_CMD: ACTCMD    R_r0= 0x0a    at time   58675681 ps
inst0 ch0:  R_CMD: ACTCMD    R_f0= 0x13    at time   58676095 ps
inst0 ch0:  R_CMD: ACTCMD    R_r1= 0x3f    at time   58676509 ps
inst0 ch0:  R_CMD: ACTCMD    R_f1= 0x3b    at time   58676923 ps
inst0 ch0:  C_CMD: RDCMD     C_r = 0x015   at time   58690585 ps
inst0 ch0:  C_CMD: RDCMD     C_f = 0x010   at time   58690999 ps
inst0 ch0:  C_CMD: RDCMD     C_r = 0x01d   at time   58693897 ps
inst0 ch0:  C_CMD: RDCMD     C_f = 0x012   at time   58694311 ps
inst0 ch0:  R_CMD: ACTCMD    R_r0= 0x0a    at time   58748545 ps
inst0 ch0:  R_CMD: ACTCMD    R_f0= 0x13    at time   58748959 ps
inst0 ch0:  R_CMD: ACTCMD    R_r1= 0x3f    at time   58749373 ps
inst0 ch0:  R_CMD: ACTCMD    R_f1= 0x3b    at time   58749787 ps
inst0 ch0:  C_CMD: WRCMD     C_r = 0x011   at time   58759309 ps
inst0 ch0:  C_CMD: WRCMD     C_f = 0x010   at time   58759723 ps
inst0 ch0:  C_CMD: WRCMD     C_r = 0x019   at time   58762621 ps
inst0 ch0:  C_CMD: WRCMD     C_f = 0x012   at time   58763035 ps
inst0 ch0:  R_CMD: ACTCMD    R_r0= 0x0a    at time   59285917 ps
inst0 ch0:  R_CMD: ACTCMD    R_f0= 0x13    at time   59286331 ps
inst0 ch0:  R_CMD: ACTCMD    R_r1= 0x3f    at time   59286745 ps
inst0 ch0:  R_CMD: ACTCMD    R_f1= 0x3b    at time   59287159 ps
inst0 ch0:  C_CMD: RDCMD     C_r = 0x015   at time   59300821 ps
inst0 ch0:  C_CMD: RDCMD     C_f = 0x010   at time   59301235 ps
inst0 ch0:  C_CMD: RDCMD     C_r = 0x01d   at time   59304133 ps
inst0 ch0:  C_CMD: RDCMD     C_f = 0x012   at time   59304547 ps
inst0 ch0:  R_CMD: ACTCMD    R_r0= 0x0a    at time   59356297 ps
inst0 ch0:  R_CMD: ACTCMD    R_f0= 0x13    at time   59356711 ps
inst0 ch0:  R_CMD: ACTCMD    R_r1= 0x3f    at time   59357125 ps
inst0 ch0:  R_CMD: ACTCMD    R_f1= 0x3b    at time   59357539 ps
inst0 ch0:  C_CMD: WRCMD     C_r = 0x011   at time   59367061 ps
inst0 ch0:  C_CMD: WRCMD     C_f = 0x010   at time   59367475 ps
inst0 ch0:  C_CMD: WRCMD     C_r = 0x019   at time   59370373 ps
inst0 ch0:  C_CMD: WRCMD     C_f = 0x012   at time   59370787 ps
inst0 ch0:  R_CMD: ACTCMD    R_r0= 0x0a    at time   59486293 ps
inst0 ch0:  R_CMD: ACTCMD    R_f0= 0x1b    at time   59486707 ps
inst0 ch0:  R_CMD: ACTCMD    R_r1= 0x3f    at time   59487121 ps
inst0 ch0:  R_CMD: ACTCMD    R_f1= 0x3b    at time   59487535 ps
inst0 ch0:  C_CMD: RDCMD     C_r = 0x015   at time   59501197 ps
inst0 ch0:  C_CMD: RDCMD     C_f = 0x090   at time   59501611 ps
inst0 ch0:  C_CMD: RDCMD     C_r = 0x01d   at time   59504509 ps
inst0 ch0:  C_CMD: RDCMD     C_f = 0x092   at time   59504923 ps
inst0 ch0:  R_CMD: ACTCMD    R_r0= 0x0a    at time   59559157 ps
inst0 ch0:  R_CMD: ACTCMD    R_f0= 0x1b    at time   59559571 ps
inst0 ch0:  R_CMD: ACTCMD    R_r1= 0x3f    at time   59559985 ps
inst0 ch0:  R_CMD: ACTCMD    R_f1= 0x3b    at time   59560399 ps
inst0 ch0:  C_CMD: WRCMD     C_r = 0x011   at time   59569921 ps
inst0 ch0:  C_CMD: WRCMD     C_f = 0x090   at time   59570335 ps
inst0 ch0:  C_CMD: WRCMD     C_r = 0x019   at time   59573233 ps
inst0 ch0:  C_CMD: WRCMD     C_f = 0x092   at time   59573647 ps
inst0 ch0:  R_CMD: ACTCMD    R_r0= 0x0a    at time   59836537 ps
inst0 ch0:  R_CMD: ACTCMD    R_f0= 0x1b    at time   59836951 ps
inst0 ch0:  R_CMD: ACTCMD    R_r1= 0x3f    at time   59837365 ps
inst0 ch0:  R_CMD: ACTCMD    R_f1= 0x3b    at time   59837779 ps
inst0 ch0:  C_CMD: RDCMD     C_r = 0x015   at time   59851441 ps
inst0 ch0:  C_CMD: RDCMD     C_f = 0x090   at time   59851855 ps
inst0 ch0:  C_CMD: RDCMD     C_r = 0x01d   at time   59854753 ps
inst0 ch0:  C_CMD: RDCMD     C_f = 0x092   at time   59855167 ps
inst0 ch0:  R_CMD: ACTCMD    R_r0= 0x0a    at time   59906917 ps
inst0 ch0:  R_CMD: ACTCMD    R_f0= 0x1b    at time   59907331 ps
inst0 ch0:  R_CMD: ACTCMD    R_r1= 0x3f    at time   59907745 ps
inst0 ch0:  R_CMD: ACTCMD    R_f1= 0x3b    at time   59908159 ps
inst0 ch0:  C_CMD: WRCMD     C_r = 0x011   at time   59917681 ps
inst0 ch0:  C_CMD: WRCMD     C_f = 0x090   at time   59918095 ps
inst0 ch0:  C_CMD: WRCMD     C_r = 0x019   at time   59920993 ps
inst0 ch0:  C_CMD: WRCMD     C_f = 0x092   at time   59921407 ps
inst0 ch0:  R_CMD: ACTCMD    R_r0= 0x02    at time   60763069 ps
inst0 ch0:  R_CMD: ACTCMD    R_f0= 0x13    at time   60763483 ps
inst0 ch0:  R_CMD: ACTCMD    R_r1= 0x3f    at time   60763897 ps
inst0 ch0:  R_CMD: ACTCMD    R_f1= 0x3b    at time   60764311 ps
inst0 ch0:  C_CMD: RDCMD     C_r = 0x005   at time   60777973 ps
inst0 ch0:  C_CMD: RDCMD     C_f = 0x000   at time   60778387 ps
inst0 ch0:  C_CMD: RDCMD     C_r = 0x00d   at time   60781285 ps
inst0 ch0:  C_CMD: RDCMD     C_f = 0x002   at time   60781699 ps
inst0 ch0:  R_CMD: ACTCMD    R_r0= 0x02    at time   60835933 ps
inst0 ch0:  R_CMD: ACTCMD    R_f0= 0x13    at time   60836347 ps
inst0 ch0:  R_CMD: ACTCMD    R_r1= 0x3f    at time   60836761 ps
inst0 ch0:  R_CMD: ACTCMD    R_f1= 0x3b    at time   60837175 ps
inst0 ch0:  C_CMD: WRCMD     C_r = 0x001   at time   60846697 ps
inst0 ch0:  C_CMD: WRCMD     C_f = 0x000   at time   60847111 ps
inst0 ch0:  C_CMD: WRCMD     C_r = 0x009   at time   60850009 ps
inst0 ch0:  C_CMD: WRCMD     C_f = 0x002   at time   60850423 ps
inst0 ch0:  R_CMD: ACTCMD    R_r0= 0x02    at time   61082677 ps
inst0 ch0:  R_CMD: ACTCMD    R_f0= 0x13    at time   61083091 ps
inst0 ch0:  R_CMD: ACTCMD    R_r1= 0x3f    at time   61083505 ps
inst0 ch0:  R_CMD: ACTCMD    R_f1= 0x3b    at time   61083919 ps
inst0 ch0:  C_CMD: RDCMD     C_r = 0x005   at time   61097581 ps
inst0 ch0:  C_CMD: RDCMD     C_f = 0x000   at time   61097995 ps
inst0 ch0:  C_CMD: RDCMD     C_r = 0x00d   at time   61100893 ps
inst0 ch0:  C_CMD: RDCMD     C_f = 0x002   at time   61101307 ps
inst0 ch0:  R_CMD: ACTCMD    R_r0= 0x02    at time   61153057 ps
inst0 ch0:  R_CMD: ACTCMD    R_f0= 0x13    at time   61153471 ps
inst0 ch0:  R_CMD: ACTCMD    R_r1= 0x3f    at time   61153885 ps
inst0 ch0:  R_CMD: ACTCMD    R_f1= 0x3b    at time   61154299 ps
inst0 ch0:  C_CMD: WRCMD     C_r = 0x001   at time   61163821 ps
inst0 ch0:  C_CMD: WRCMD     C_f = 0x000   at time   61164235 ps
inst0 ch0:  C_CMD: WRCMD     C_r = 0x009   at time   61167133 ps
inst0 ch0:  C_CMD: WRCMD     C_f = 0x002   at time   61167547 ps
inst0 ch0:  R_CMD: ACTCMD    R_r0= 0x02    at time   61595209 ps
inst0 ch0:  R_CMD: ACTCMD    R_f0= 0x1b    at time   61595623 ps
inst0 ch0:  R_CMD: ACTCMD    R_r1= 0x3f    at time   61596037 ps
inst0 ch0:  R_CMD: ACTCMD    R_f1= 0x3b    at time   61596451 ps
inst0 ch0:  C_CMD: RDCMD     C_r = 0x005   at time   61610113 ps
inst0 ch0:  C_CMD: RDCMD     C_f = 0x080   at time   61610527 ps
inst0 ch0:  C_CMD: RDCMD     C_r = 0x00d   at time   61613425 ps
inst0 ch0:  C_CMD: RDCMD     C_f = 0x082   at time   61613839 ps
inst0 ch0:  R_CMD: ACTCMD    R_r0= 0x02    at time   61668073 ps
inst0 ch0:  R_CMD: ACTCMD    R_f0= 0x1b    at time   61668487 ps
inst0 ch0:  R_CMD: ACTCMD    R_r1= 0x3f    at time   61668901 ps
inst0 ch0:  R_CMD: ACTCMD    R_f1= 0x3b    at time   61669315 ps
inst0 ch0:  C_CMD: WRCMD     C_r = 0x001   at time   61678837 ps
inst0 ch0:  C_CMD: WRCMD     C_f = 0x080   at time   61679251 ps
inst0 ch0:  C_CMD: WRCMD     C_r = 0x009   at time   61682149 ps
inst0 ch0:  C_CMD: WRCMD     C_f = 0x082   at time   61682563 ps
inst0 ch0:  R_CMD: ACTCMD    R_r0= 0x02    at time   61795585 ps
inst0 ch0:  R_CMD: ACTCMD    R_f0= 0x1b    at time   61795999 ps
inst0 ch0:  R_CMD: ACTCMD    R_r1= 0x3f    at time   61796413 ps
inst0 ch0:  R_CMD: ACTCMD    R_f1= 0x3b    at time   61796827 ps
inst0 ch0:  C_CMD: RDCMD     C_r = 0x005   at time   61810489 ps
inst0 ch0:  C_CMD: RDCMD     C_f = 0x080   at time   61810903 ps
inst0 ch0:  C_CMD: RDCMD     C_r = 0x00d   at time   61813801 ps
inst0 ch0:  C_CMD: RDCMD     C_f = 0x082   at time   61814215 ps
inst0 ch0:  R_CMD: ACTCMD    R_r0= 0x02    at time   61865965 ps
inst0 ch0:  R_CMD: ACTCMD    R_f0= 0x1b    at time   61866379 ps
inst0 ch0:  R_CMD: ACTCMD    R_r1= 0x3f    at time   61866793 ps
inst0 ch0:  R_CMD: ACTCMD    R_f1= 0x3b    at time   61867207 ps
inst0 ch0:  C_CMD: WRCMD     C_r = 0x001   at time   61876729 ps
inst0 ch0:  C_CMD: WRCMD     C_f = 0x080   at time   61877143 ps
inst0 ch0:  C_CMD: WRCMD     C_r = 0x009   at time   61880041 ps
inst0 ch0:  C_CMD: WRCMD     C_f = 0x082   at time   61880455 ps
inst0 ch0:  R_CMD: ACTCMD    R_r0= 0x02    at time   62366077 ps
inst0 ch0:  R_CMD: ACTCMD    R_f0= 0x00    at time   62366491 ps
inst0 ch0:  R_CMD: ACTCMD    R_r1= 0x00    at time   62366905 ps
inst0 ch0:  R_CMD: ACTCMD    R_f1= 0x00    at time   62367319 ps
inst0 ch0:  C_CMD: RDCMD     C_r = 0x005   at time   62380981 ps
inst0 ch0:  C_CMD: RDCMD     C_f = 0x018   at time   62381395 ps
inst0 ch0:  C_CMD: RDCMD     C_r = 0x005   at time   62384293 ps
inst0 ch0:  C_CMD: RDCMD     C_f = 0x01a   at time   62384707 ps
inst0 ch0:  C_CMD: RDCMD     C_r = 0x005   at time   62387605 ps
inst0 ch0:  C_CMD: RDCMD     C_f = 0x010   at time   62388019 ps
inst0 ch0:  C_CMD: RDCMD     C_r = 0x005   at time   62390917 ps
inst0 ch0:  C_CMD: RDCMD     C_f = 0x012   at time   62391331 ps
inst0 ch0:  C_CMD: RDCMD     C_r = 0x005   at time   62394229 ps
inst0 ch0:  C_CMD: RDCMD     C_f = 0x008   at time   62394643 ps
inst0 ch0:  C_CMD: RDCMD     C_r = 0x005   at time   62397541 ps
inst0 ch0:  C_CMD: RDCMD     C_f = 0x00a   at time   62397955 ps
inst0 ch0:  C_CMD: RDCMD     C_r = 0x005   at time   62400853 ps
inst0 ch0:  C_CMD: RDCMD     C_f = 0x000   at time   62401267 ps
inst0 ch0:  C_CMD: RDCMD     C_r = 0x00d   at time   62404165 ps
inst0 ch0:  C_CMD: RDCMD     C_f = 0x002   at time   62404579 ps
inst0 ch0:  R_CMD: ACTCMD    R_r0= 0x0a    at time   62596261 ps
inst0 ch0:  R_CMD: ACTCMD    R_f0= 0x00    at time   62596675 ps
inst0 ch0:  R_CMD: ACTCMD    R_r1= 0x00    at time   62597089 ps
inst0 ch0:  R_CMD: ACTCMD    R_f1= 0x00    at time   62597503 ps
inst0 ch0:  C_CMD: RDCMD     C_r = 0x015   at time   62611165 ps
inst0 ch0:  C_CMD: RDCMD     C_f = 0x018   at time   62611579 ps
inst0 ch0:  C_CMD: RDCMD     C_r = 0x015   at time   62614477 ps
inst0 ch0:  C_CMD: RDCMD     C_f = 0x01a   at time   62614891 ps
inst0 ch0:  C_CMD: RDCMD     C_r = 0x015   at time   62617789 ps
inst0 ch0:  C_CMD: RDCMD     C_f = 0x010   at time   62618203 ps
inst0 ch0:  C_CMD: RDCMD     C_r = 0x015   at time   62621101 ps
inst0 ch0:  C_CMD: RDCMD     C_f = 0x012   at time   62621515 ps
inst0 ch0:  C_CMD: RDCMD     C_r = 0x015   at time   62624413 ps
inst0 ch0:  C_CMD: RDCMD     C_f = 0x008   at time   62624827 ps
inst0 ch0:  C_CMD: RDCMD     C_r = 0x015   at time   62627725 ps
inst0 ch0:  C_CMD: RDCMD     C_f = 0x00a   at time   62628139 ps
inst0 ch0:  C_CMD: RDCMD     C_r = 0x015   at time   62631037 ps
inst0 ch0:  C_CMD: RDCMD     C_f = 0x000   at time   62631451 ps
inst0 ch0:  C_CMD: RDCMD     C_r = 0x01d   at time   62634349 ps
inst0 ch0:  C_CMD: RDCMD     C_f = 0x002   at time   62634763 ps
inst0 ch0:  R_CMD: ACTCMD    R_r0= 0x0a    at time   62785873 ps
inst0 ch0:  R_CMD: ACTCMD    R_f0= 0x00    at time   62786287 ps
inst0 ch0:  R_CMD: ACTCMD    R_r1= 0x00    at time   62786701 ps
inst0 ch0:  R_CMD: ACTCMD    R_f1= 0x00    at time   62787115 ps
inst0 ch0:  C_CMD: RDCMD     C_r = 0x015   at time   62800777 ps
inst0 ch0:  C_CMD: RDCMD     C_f = 0x038   at time   62801191 ps
inst0 ch0:  C_CMD: RDCMD     C_r = 0x015   at time   62804089 ps
inst0 ch0:  C_CMD: RDCMD     C_f = 0x03a   at time   62804503 ps
inst0 ch0:  C_CMD: RDCMD     C_r = 0x015   at time   62807401 ps
inst0 ch0:  C_CMD: RDCMD     C_f = 0x030   at time   62807815 ps
inst0 ch0:  C_CMD: RDCMD     C_r = 0x015   at time   62810713 ps
inst0 ch0:  C_CMD: RDCMD     C_f = 0x032   at time   62811127 ps
inst0 ch0:  C_CMD: RDCMD     C_r = 0x015   at time   62814025 ps
inst0 ch0:  C_CMD: RDCMD     C_f = 0x028   at time   62814439 ps
inst0 ch0:  C_CMD: RDCMD     C_r = 0x015   at time   62817337 ps
inst0 ch0:  C_CMD: RDCMD     C_f = 0x02a   at time   62817751 ps
inst0 ch0:  C_CMD: RDCMD     C_r = 0x015   at time   62820649 ps
inst0 ch0:  C_CMD: RDCMD     C_f = 0x020   at time   62821063 ps
inst0 ch0:  C_CMD: RDCMD     C_r = 0x01d   at time   62823961 ps
inst0 ch0:  C_CMD: RDCMD     C_f = 0x022   at time   62824375 ps
inst0 ch0:  R_CMD: ACTCMD    R_r0= 0x0a    at time   62858737 ps
inst0 ch0:  R_CMD: ACTCMD    R_f0= 0x00    at time   62859151 ps
inst0 ch0:  R_CMD: ACTCMD    R_r1= 0x00    at time   62859565 ps
inst0 ch0:  R_CMD: ACTCMD    R_f1= 0x00    at time   62859979 ps
inst0 ch0:  C_CMD: WRCMD     C_r = 0x011   at time   62869501 ps
inst0 ch0:  C_CMD: WRCMD     C_f = 0x038   at time   62869915 ps
inst0 ch0:  C_CMD: WRCMD     C_r = 0x011   at time   62872813 ps
inst0 ch0:  C_CMD: WRCMD     C_f = 0x03a   at time   62873227 ps
inst0 ch0:  C_CMD: WRCMD     C_r = 0x011   at time   62876125 ps
inst0 ch0:  C_CMD: WRCMD     C_f = 0x028   at time   62876539 ps
inst0 ch0:  C_CMD: WRCMD     C_r = 0x011   at time   62879437 ps
inst0 ch0:  C_CMD: WRCMD     C_f = 0x02a   at time   62879851 ps
inst0 ch0:  C_CMD: WRCMD     C_r = 0x011   at time   62882749 ps
inst0 ch0:  C_CMD: WRCMD     C_f = 0x030   at time   62883163 ps
inst0 ch0:  R_CMD: ACTCMD    R_r0= 0x02    at time   62884405 ps
inst0 ch0:  R_CMD: ACTCMD    R_f0= 0x08    at time   62884819 ps
inst0 ch0:  R_CMD: ACTCMD    R_r1= 0x00    at time   62885233 ps
inst0 ch0:  R_CMD: ACTCMD    R_f1= 0x00    at time   62885647 ps
inst0 ch0:  C_CMD: WRCMD     C_r = 0x011   at time   62886061 ps
inst0 ch0:  C_CMD: WRCMD     C_f = 0x032   at time   62886475 ps
inst0 ch0:  C_CMD: WRCMD     C_r = 0x011   at time   62889373 ps
inst0 ch0:  C_CMD: WRCMD     C_f = 0x020   at time   62889787 ps
inst0 ch0:  C_CMD: WRCMD     C_r = 0x019   at time   62892685 ps
inst0 ch0:  C_CMD: WRCMD     C_f = 0x022   at time   62893099 ps
inst0 ch0:  C_CMD: RDCMD     C_r = 0x005   at time   62899309 ps
inst0 ch0:  C_CMD: RDCMD     C_f = 0x098   at time   62899723 ps
inst0 ch0:  C_CMD: RDCMD     C_r = 0x005   at time   62902621 ps
inst0 ch0:  C_CMD: RDCMD     C_f = 0x09a   at time   62903035 ps
inst0 ch0:  C_CMD: RDCMD     C_r = 0x005   at time   62905933 ps
inst0 ch0:  C_CMD: RDCMD     C_f = 0x090   at time   62906347 ps
inst0 ch0:  C_CMD: RDCMD     C_r = 0x005   at time   62909245 ps
inst0 ch0:  C_CMD: RDCMD     C_f = 0x092   at time   62909659 ps
inst0 ch0:  C_CMD: RDCMD     C_r = 0x005   at time   62912557 ps
inst0 ch0:  C_CMD: RDCMD     C_f = 0x088   at time   62912971 ps
inst0 ch0:  C_CMD: RDCMD     C_r = 0x005   at time   62915869 ps
inst0 ch0:  C_CMD: RDCMD     C_f = 0x08a   at time   62916283 ps
inst0 ch0:  C_CMD: RDCMD     C_r = 0x005   at time   62919181 ps
inst0 ch0:  C_CMD: RDCMD     C_f = 0x080   at time   62919595 ps
inst0 ch0:  C_CMD: RDCMD     C_r = 0x00d   at time   62922493 ps
inst0 ch0:  C_CMD: RDCMD     C_f = 0x082   at time   62922907 ps
inst0 ch0:  R_CMD: ACTCMD    R_r0= 0x0a    at time   63270253 ps
inst0 ch0:  R_CMD: ACTCMD    R_f0= 0x08    at time   63270667 ps
inst0 ch0:  R_CMD: ACTCMD    R_r1= 0x00    at time   63271081 ps
inst0 ch0:  R_CMD: ACTCMD    R_f1= 0x00    at time   63271495 ps
inst0 ch0:  C_CMD: RDCMD     C_r = 0x015   at time   63285157 ps
inst0 ch0:  C_CMD: RDCMD     C_f = 0x098   at time   63285571 ps
inst0 ch0:  C_CMD: RDCMD     C_r = 0x015   at time   63288469 ps
inst0 ch0:  C_CMD: RDCMD     C_f = 0x09a   at time   63288883 ps
inst0 ch0:  C_CMD: RDCMD     C_r = 0x015   at time   63291781 ps
inst0 ch0:  C_CMD: RDCMD     C_f = 0x090   at time   63292195 ps
inst0 ch0:  C_CMD: RDCMD     C_r = 0x015   at time   63295093 ps
inst0 ch0:  C_CMD: RDCMD     C_f = 0x092   at time   63295507 ps
inst0 ch0:  C_CMD: RDCMD     C_r = 0x015   at time   63298405 ps
inst0 ch0:  C_CMD: RDCMD     C_f = 0x088   at time   63298819 ps
inst0 ch0:  C_CMD: RDCMD     C_r = 0x015   at time   63301717 ps
inst0 ch0:  C_CMD: RDCMD     C_f = 0x08a   at time   63302131 ps
inst0 ch0:  C_CMD: RDCMD     C_r = 0x015   at time   63305029 ps
inst0 ch0:  C_CMD: RDCMD     C_f = 0x080   at time   63305443 ps
inst0 ch0:  C_CMD: RDCMD     C_r = 0x01d   at time   63308341 ps
inst0 ch0:  C_CMD: RDCMD     C_f = 0x082   at time   63308755 ps
inst0 ch0:  R_CMD: ACTCMD    R_r0= 0x0a    at time   63447445 ps
inst0 ch0:  R_CMD: ACTCMD    R_f0= 0x08    at time   63447859 ps
inst0 ch0:  R_CMD: ACTCMD    R_r1= 0x00    at time   63448273 ps
inst0 ch0:  R_CMD: ACTCMD    R_f1= 0x00    at time   63448687 ps
inst0 ch0:  C_CMD: RDCMD     C_r = 0x015   at time   63462349 ps
inst0 ch0:  C_CMD: RDCMD     C_f = 0x0b8   at time   63462763 ps
inst0 ch0:  C_CMD: RDCMD     C_r = 0x015   at time   63465661 ps
inst0 ch0:  C_CMD: RDCMD     C_f = 0x0ba   at time   63466075 ps
inst0 ch0:  C_CMD: RDCMD     C_r = 0x015   at time   63468973 ps
inst0 ch0:  C_CMD: RDCMD     C_f = 0x0b0   at time   63469387 ps
inst0 ch0:  C_CMD: RDCMD     C_r = 0x015   at time   63472285 ps
inst0 ch0:  C_CMD: RDCMD     C_f = 0x0b2   at time   63472699 ps
inst0 ch0:  C_CMD: RDCMD     C_r = 0x015   at time   63475597 ps
inst0 ch0:  C_CMD: RDCMD     C_f = 0x0a8   at time   63476011 ps
inst0 ch0:  C_CMD: RDCMD     C_r = 0x015   at time   63478909 ps
inst0 ch0:  C_CMD: RDCMD     C_f = 0x0aa   at time   63479323 ps
inst0 ch0:  C_CMD: RDCMD     C_r = 0x015   at time   63482221 ps
inst0 ch0:  C_CMD: RDCMD     C_f = 0x0a0   at time   63482635 ps
inst0 ch0:  C_CMD: RDCMD     C_r = 0x01d   at time   63485533 ps
inst0 ch0:  C_CMD: RDCMD     C_f = 0x0a2   at time   63485947 ps
inst0 ch0:  R_CMD: ACTCMD    R_r0= 0x0a    at time   63520309 ps
inst0 ch0:  R_CMD: ACTCMD    R_f0= 0x08    at time   63520723 ps
inst0 ch0:  R_CMD: ACTCMD    R_r1= 0x00    at time   63521137 ps
inst0 ch0:  R_CMD: ACTCMD    R_f1= 0x00    at time   63521551 ps
inst0 ch0:  C_CMD: WRCMD     C_r = 0x011   at time   63531073 ps
inst0 ch0:  C_CMD: WRCMD     C_f = 0x0b8   at time   63531487 ps
inst0 ch0:  C_CMD: WRCMD     C_r = 0x011   at time   63534385 ps
inst0 ch0:  C_CMD: WRCMD     C_f = 0x0ba   at time   63534799 ps
inst0 ch0:  C_CMD: WRCMD     C_r = 0x011   at time   63537697 ps
inst0 ch0:  C_CMD: WRCMD     C_f = 0x0a8   at time   63538111 ps
inst0 ch0:  C_CMD: WRCMD     C_r = 0x011   at time   63541009 ps
inst0 ch0:  C_CMD: WRCMD     C_f = 0x0aa   at time   63541423 ps
inst0 ch0:  C_CMD: WRCMD     C_r = 0x011   at time   63544321 ps
inst0 ch0:  C_CMD: WRCMD     C_f = 0x0b0   at time   63544735 ps
inst0 ch0:  C_CMD: WRCMD     C_r = 0x011   at time   63547633 ps
inst0 ch0:  C_CMD: WRCMD     C_f = 0x0b2   at time   63548047 ps
inst0 ch0:  C_CMD: WRCMD     C_r = 0x011   at time   63550945 ps
inst0 ch0:  C_CMD: WRCMD     C_f = 0x0a0   at time   63551359 ps
inst0 ch0:  C_CMD: WRCMD     C_r = 0x019   at time   63554257 ps
inst0 ch0:  C_CMD: WRCMD     C_f = 0x0a2   at time   63554671 ps
inst0 ch0:  R_CMD: ACTCMD    R_r0= 0x02    at time   63993097 ps
inst0 ch0:  R_CMD: ACTCMD    R_f0= 0x13    at time   63993511 ps
inst0 ch0:  R_CMD: ACTCMD    R_r1= 0x3f    at time   63993925 ps
inst0 ch0:  R_CMD: ACTCMD    R_f1= 0x3b    at time   63994339 ps
inst0 ch0:  C_CMD: RDCMD     C_r = 0x005   at time   64008001 ps
inst0 ch0:  C_CMD: RDCMD     C_f = 0x000   at time   64008415 ps
inst0 ch0:  C_CMD: RDCMD     C_r = 0x00d   at time   64011313 ps
inst0 ch0:  C_CMD: RDCMD     C_f = 0x002   at time   64011727 ps
inst0 ch0:  R_CMD: ACTCMD    R_r0= 0x02    at time   64065961 ps
inst0 ch0:  R_CMD: ACTCMD    R_f0= 0x13    at time   64066375 ps
inst0 ch0:  R_CMD: ACTCMD    R_r1= 0x3f    at time   64066789 ps
inst0 ch0:  R_CMD: ACTCMD    R_f1= 0x3b    at time   64067203 ps
inst0 ch0:  C_CMD: WRCMD     C_r = 0x001   at time   64076725 ps
inst0 ch0:  C_CMD: WRCMD     C_f = 0x000   at time   64077139 ps
inst0 ch0:  C_CMD: WRCMD     C_r = 0x009   at time   64080037 ps
inst0 ch0:  C_CMD: WRCMD     C_f = 0x002   at time   64080451 ps
inst0 ch0:  R_CMD: ACTCMD    R_r0= 0x02    at time   64178569 ps
inst0 ch0:  R_CMD: ACTCMD    R_f0= 0x13    at time   64178983 ps
inst0 ch0:  R_CMD: ACTCMD    R_r1= 0x3f    at time   64179397 ps
inst0 ch0:  R_CMD: ACTCMD    R_f1= 0x3b    at time   64179811 ps
inst0 ch0:  C_CMD: RDCMD     C_r = 0x005   at time   64193473 ps
inst0 ch0:  C_CMD: RDCMD     C_f = 0x000   at time   64193887 ps
inst0 ch0:  C_CMD: RDCMD     C_r = 0x00d   at time   64196785 ps
inst0 ch0:  C_CMD: RDCMD     C_f = 0x002   at time   64197199 ps
inst0 ch0:  R_CMD: ACTCMD    R_r0= 0x02    at time   64248949 ps
inst0 ch0:  R_CMD: ACTCMD    R_f0= 0x13    at time   64249363 ps
inst0 ch0:  R_CMD: ACTCMD    R_r1= 0x3f    at time   64249777 ps
inst0 ch0:  R_CMD: ACTCMD    R_f1= 0x3b    at time   64250191 ps
inst0 ch0:  C_CMD: WRCMD     C_r = 0x001   at time   64259713 ps
inst0 ch0:  C_CMD: WRCMD     C_f = 0x000   at time   64260127 ps
inst0 ch0:  C_CMD: WRCMD     C_r = 0x009   at time   64263025 ps
inst0 ch0:  C_CMD: WRCMD     C_f = 0x002   at time   64263439 ps
inst0 ch0:  R_CMD: ACTCMD    R_r0= 0x0a    at time   64608301 ps
inst0 ch0:  R_CMD: ACTCMD    R_f0= 0x11    at time   64608715 ps
inst0 ch0:  R_CMD: ACTCMD    R_r1= 0x3f    at time   64609129 ps
inst0 ch0:  R_CMD: ACTCMD    R_f1= 0x3b    at time   64609543 ps
inst0 ch0:  R_CMD: ACTCMD    R_r0= 0x02    at time   64612441 ps
inst0 ch0:  R_CMD: ACTCMD    R_f0= 0x11    at time   64612855 ps
inst0 ch0:  R_CMD: ACTCMD    R_r1= 0x3f    at time   64613269 ps
inst0 ch0:  R_CMD: ACTCMD    R_f1= 0x3b    at time   64613683 ps
inst0 ch0:  C_CMD: RDCMD     C_r = 0x015   at time   64623205 ps
inst0 ch0:  C_CMD: RDCMD     C_f = 0x078   at time   64623619 ps
inst0 ch0:  C_CMD: RDCMD     C_r = 0x01d   at time   64626517 ps
inst0 ch0:  C_CMD: RDCMD     C_f = 0x07a   at time   64626931 ps
inst0 ch0:  C_CMD: RDCMD     C_r = 0x005   at time   64629829 ps
inst0 ch0:  C_CMD: RDCMD     C_f = 0x078   at time   64630243 ps
inst0 ch0:  C_CMD: RDCMD     C_r = 0x00d   at time   64633141 ps
inst0 ch0:  C_CMD: RDCMD     C_f = 0x07a   at time   64633555 ps
inst0 ch0:  R_CMD: ACTCMD    R_r0= 0x0a    at time   64678681 ps
inst0 ch0:  R_CMD: ACTCMD    R_f0= 0x11    at time   64679095 ps
inst0 ch0:  R_CMD: ACTCMD    R_r1= 0x3f    at time   64679509 ps
inst0 ch0:  R_CMD: ACTCMD    R_f1= 0x3b    at time   64679923 ps
inst0 ch0:  R_CMD: ACTCMD    R_r0= 0x02    at time   64680337 ps
inst0 ch0:  R_CMD: ACTCMD    R_f0= 0x1b    at time   64680751 ps
inst0 ch0:  R_CMD: ACTCMD    R_r1= 0x3f    at time   64681165 ps
inst0 ch0:  R_CMD: ACTCMD    R_f1= 0x3b    at time   64681579 ps
inst0 ch0:  R_CMD: ACTCMD    R_r0= 0x02    at time   64682821 ps
inst0 ch0:  R_CMD: ACTCMD    R_f0= 0x11    at time   64683235 ps
inst0 ch0:  R_CMD: ACTCMD    R_r1= 0x3f    at time   64683649 ps
inst0 ch0:  R_CMD: ACTCMD    R_f1= 0x3b    at time   64684063 ps
inst0 ch0:  C_CMD: WRCMD     C_r = 0x011   at time   64689445 ps
inst0 ch0:  C_CMD: WRCMD     C_f = 0x078   at time   64689859 ps
inst0 ch0:  C_CMD: WRCMD     C_r = 0x019   at time   64692757 ps
inst0 ch0:  C_CMD: WRCMD     C_f = 0x07a   at time   64693171 ps
inst0 ch0:  C_CMD: RDCMD     C_r = 0x005   at time   64695241 ps
inst0 ch0:  C_CMD: RDCMD     C_f = 0x080   at time   64695655 ps
inst0 ch0:  C_CMD: WRCMD     C_r = 0x001   at time   64696069 ps
inst0 ch0:  C_CMD: WRCMD     C_f = 0x078   at time   64696483 ps
inst0 ch0:  C_CMD: RDCMD     C_r = 0x00d   at time   64698553 ps
inst0 ch0:  C_CMD: RDCMD     C_f = 0x082   at time   64698967 ps
inst0 ch0:  C_CMD: WRCMD     C_r = 0x009   at time   64699381 ps
inst0 ch0:  C_CMD: WRCMD     C_f = 0x07a   at time   64699795 ps
inst0 ch0:  R_CMD: ACTCMD    R_r0= 0x02    at time   64807021 ps
inst0 ch0:  R_CMD: ACTCMD    R_f0= 0x1b    at time   64807435 ps
inst0 ch0:  R_CMD: ACTCMD    R_r1= 0x3f    at time   64807849 ps
inst0 ch0:  R_CMD: ACTCMD    R_f1= 0x3b    at time   64808263 ps
inst0 ch0:  C_CMD: WRCMD     C_r = 0x001   at time   64817785 ps
inst0 ch0:  C_CMD: WRCMD     C_f = 0x080   at time   64818199 ps
inst0 ch0:  C_CMD: WRCMD     C_r = 0x009   at time   64821097 ps
inst0 ch0:  C_CMD: WRCMD     C_f = 0x082   at time   64821511 ps
inst0 ch0:  R_CMD: ACTCMD    R_r0= 0x0a    at time   64969309 ps
inst0 ch0:  R_CMD: ACTCMD    R_f0= 0x02    at time   64969723 ps
inst0 ch0:  R_CMD: ACTCMD    R_r1= 0x00    at time   64970137 ps
inst0 ch0:  R_CMD: ACTCMD    R_f1= 0x00    at time   64970551 ps
inst0 ch0:  R_CMD: ACTCMD    R_r0= 0x02    at time   64973449 ps
inst0 ch0:  R_CMD: ACTCMD    R_f0= 0x02    at time   64973863 ps
inst0 ch0:  R_CMD: ACTCMD    R_r1= 0x00    at time   64974277 ps
inst0 ch0:  R_CMD: ACTCMD    R_f1= 0x00    at time   64974691 ps
inst0 ch0:  C_CMD: RDCMD     C_r = 0x015   at time   64984213 ps
inst0 ch0:  C_CMD: RDCMD     C_f = 0x000   at time   64984627 ps
inst0 ch0:  C_CMD: RDCMD     C_r = 0x01d   at time   64987525 ps
inst0 ch0:  C_CMD: RDCMD     C_f = 0x002   at time   64987939 ps
inst0 ch0:  C_CMD: RDCMD     C_r = 0x005   at time   64990837 ps
inst0 ch0:  C_CMD: RDCMD     C_f = 0x000   at time   64991251 ps
inst0 ch0:  C_CMD: RDCMD     C_r = 0x00d   at time   64994149 ps
inst0 ch0:  C_CMD: RDCMD     C_f = 0x002   at time   64994563 ps
inst0 ch0:  R_CMD: ACTCMD    R_r0= 0x02    at time   65053765 ps
inst0 ch0:  R_CMD: ACTCMD    R_f0= 0x1b    at time   65054179 ps
inst0 ch0:  R_CMD: ACTCMD    R_r1= 0x3f    at time   65054593 ps
inst0 ch0:  R_CMD: ACTCMD    R_f1= 0x3b    at time   65055007 ps
inst0 ch0:  C_CMD: RDCMD     C_r = 0x005   at time   65068669 ps
inst0 ch0:  C_CMD: RDCMD     C_f = 0x080   at time   65069083 ps
inst0 ch0:  C_CMD: RDCMD     C_r = 0x00d   at time   65071981 ps
inst0 ch0:  C_CMD: RDCMD     C_f = 0x082   at time   65072395 ps
inst0 ch0:  R_CMD: ACTCMD    R_r0= 0x02    at time   65126629 ps
inst0 ch0:  R_CMD: ACTCMD    R_f0= 0x1b    at time   65127043 ps
inst0 ch0:  R_CMD: ACTCMD    R_r1= 0x3f    at time   65127457 ps
inst0 ch0:  R_CMD: ACTCMD    R_f1= 0x3b    at time   65127871 ps
inst0 ch0:  C_CMD: WRCMD     C_r = 0x001   at time   65137393 ps
inst0 ch0:  C_CMD: WRCMD     C_f = 0x080   at time   65137807 ps
inst0 ch0:  C_CMD: WRCMD     C_r = 0x009   at time   65140705 ps
inst0 ch0:  C_CMD: WRCMD     C_f = 0x082   at time   65141119 ps
inst0 ch0:  R_CMD: ACTCMD    R_r0= 0x0a    at time   65328661 ps
inst0 ch0:  R_CMD: ACTCMD    R_f0= 0x19    at time   65329075 ps
inst0 ch0:  R_CMD: ACTCMD    R_r1= 0x3f    at time   65329489 ps
inst0 ch0:  R_CMD: ACTCMD    R_f1= 0x3b    at time   65329903 ps
inst0 ch0:  R_CMD: ACTCMD    R_r0= 0x02    at time   65332801 ps
inst0 ch0:  R_CMD: ACTCMD    R_f0= 0x19    at time   65333215 ps
inst0 ch0:  R_CMD: ACTCMD    R_r1= 0x3f    at time   65333629 ps
inst0 ch0:  R_CMD: ACTCMD    R_f1= 0x3b    at time   65334043 ps
inst0 ch0:  C_CMD: RDCMD     C_r = 0x015   at time   65343565 ps
inst0 ch0:  C_CMD: RDCMD     C_f = 0x0f8   at time   65343979 ps
inst0 ch0:  C_CMD: RDCMD     C_r = 0x01d   at time   65346877 ps
inst0 ch0:  C_CMD: RDCMD     C_f = 0x0fa   at time   65347291 ps
inst0 ch0:  C_CMD: RDCMD     C_r = 0x005   at time   65350189 ps
inst0 ch0:  C_CMD: RDCMD     C_f = 0x0f8   at time   65350603 ps
inst0 ch0:  C_CMD: RDCMD     C_r = 0x00d   at time   65353501 ps
inst0 ch0:  C_CMD: RDCMD     C_f = 0x0fa   at time   65353915 ps
inst0 ch0:  R_CMD: ACTCMD    R_r0= 0x0a    at time   65399041 ps
inst0 ch0:  R_CMD: ACTCMD    R_f0= 0x19    at time   65399455 ps
inst0 ch0:  R_CMD: ACTCMD    R_r1= 0x3f    at time   65399869 ps
inst0 ch0:  R_CMD: ACTCMD    R_f1= 0x3b    at time   65400283 ps
inst0 ch0:  R_CMD: ACTCMD    R_r0= 0x02    at time   65403181 ps
inst0 ch0:  R_CMD: ACTCMD    R_f0= 0x19    at time   65403595 ps
inst0 ch0:  R_CMD: ACTCMD    R_r1= 0x3f    at time   65404009 ps
inst0 ch0:  R_CMD: ACTCMD    R_f1= 0x3b    at time   65404423 ps
inst0 ch0:  C_CMD: WRCMD     C_r = 0x011   at time   65409805 ps
inst0 ch0:  C_CMD: WRCMD     C_f = 0x0f8   at time   65410219 ps
inst0 ch0:  C_CMD: WRCMD     C_r = 0x019   at time   65413117 ps
inst0 ch0:  C_CMD: WRCMD     C_f = 0x0fa   at time   65413531 ps
inst0 ch0:  C_CMD: WRCMD     C_r = 0x001   at time   65416429 ps
inst0 ch0:  C_CMD: WRCMD     C_f = 0x0f8   at time   65416843 ps
inst0 ch0:  C_CMD: WRCMD     C_r = 0x009   at time   65419741 ps
inst0 ch0:  C_CMD: WRCMD     C_f = 0x0fa   at time   65420155 ps
inst0 ch0:  R_CMD: ACTCMD    R_r0= 0x0a    at time   65976157 ps
inst0 ch0:  R_CMD: ACTCMD    R_f0= 0x0a    at time   65976571 ps
inst0 ch0:  R_CMD: ACTCMD    R_r1= 0x00    at time   65976985 ps
inst0 ch0:  R_CMD: ACTCMD    R_f1= 0x00    at time   65977399 ps
inst0 ch0:  R_CMD: ACTCMD    R_r0= 0x02    at time   65980297 ps
inst0 ch0:  R_CMD: ACTCMD    R_f0= 0x0a    at time   65980711 ps
inst0 ch0:  R_CMD: ACTCMD    R_r1= 0x00    at time   65981125 ps
inst0 ch0:  R_CMD: ACTCMD    R_f1= 0x00    at time   65981539 ps
inst0 ch0:  C_CMD: RDCMD     C_r = 0x015   at time   65991061 ps
inst0 ch0:  C_CMD: RDCMD     C_f = 0x080   at time   65991475 ps
inst0 ch0:  C_CMD: RDCMD     C_r = 0x01d   at time   65994373 ps
inst0 ch0:  C_CMD: RDCMD     C_f = 0x082   at time   65994787 ps
inst0 ch0:  C_CMD: RDCMD     C_r = 0x005   at time   65997685 ps
inst0 ch0:  C_CMD: RDCMD     C_f = 0x080   at time   65998099 ps
inst0 ch0:  C_CMD: RDCMD     C_r = 0x00d   at time   66000997 ps
inst0 ch0:  C_CMD: RDCMD     C_f = 0x082   at time   66001411 ps
