inst0 ch0:  R_CMD: ACTCMD    R_r0= 0x0e    at time   33400981 ps
inst0 ch0:  R_CMD: ACTCMD    R_f0= 0x28    at time   33401395 ps
inst0 ch0:  R_CMD: ACTCMD    R_r1= 0x00    at time   33401809 ps
inst0 ch0:  R_CMD: ACTCMD    R_f1= 0x02    at time   33402223 ps
inst0 ch0:  R_CMD: ACTCMD    R_r0= 0x0e    at time   33402637 ps
inst0 ch0:  R_CMD: ACTCMD    R_f0= 0x20    at time   33403051 ps
inst0 ch0:  R_CMD: ACTCMD    R_r1= 0x00    at time   33403465 ps
inst0 ch0:  R_CMD: ACTCMD    R_f1= 0x02    at time   33403879 ps
inst0 ch0:  C_CMD: RDCMD     C_r = 0x095   at time   33415885 ps
inst0 ch0:  C_CMD: RDCMD     C_f = 0x0a9   at time   33416299 ps
inst0 ch0:  C_CMD: RDCMD     C_r = 0x095   at time   33417541 ps
inst0 ch0:  C_CMD: RDCMD     C_f = 0x029   at time   33417955 ps
inst0 ch0:  C_CMD: RDCMD     C_r = 0x095   at time   33419197 ps
inst0 ch0:  C_CMD: RDCMD     C_f = 0x0ab   at time   33419611 ps
inst0 ch0:  C_CMD: RDCMD     C_r = 0x095   at time   33420853 ps
inst0 ch0:  C_CMD: RDCMD     C_f = 0x02b   at time   33421267 ps
inst0 ch0:  C_CMD: RDCMD     C_r = 0x095   at time   33422509 ps
inst0 ch0:  C_CMD: RDCMD     C_f = 0x0a1   at time   33422923 ps
inst0 ch0:  C_CMD: RDCMD     C_r = 0x095   at time   33424165 ps
inst0 ch0:  C_CMD: RDCMD     C_f = 0x021   at time   33424579 ps
inst0 ch0:  C_CMD: RDCMD     C_r = 0x09d   at time   33425821 ps
inst0 ch0:  C_CMD: RDCMD     C_f = 0x0a3   at time   33426235 ps
inst0 ch0:  C_CMD: RDCMD     C_r = 0x09d   at time   33427477 ps
inst0 ch0:  C_CMD: RDCMD     C_f = 0x023   at time   33427891 ps
inst0 ch0:  R_CMD: ACTCMD    R_r0= 0x0e    at time   33700717 ps
inst0 ch0:  R_CMD: ACTCMD    R_f0= 0x28    at time   33701131 ps
inst0 ch0:  R_CMD: ACTCMD    R_r1= 0x00    at time   33701545 ps
inst0 ch0:  R_CMD: ACTCMD    R_f1= 0x02    at time   33701959 ps
inst0 ch0:  R_CMD: ACTCMD    R_r0= 0x0e    at time   33702373 ps
inst0 ch0:  R_CMD: ACTCMD    R_f0= 0x20    at time   33702787 ps
inst0 ch0:  R_CMD: ACTCMD    R_r1= 0x00    at time   33703201 ps
inst0 ch0:  R_CMD: ACTCMD    R_f1= 0x02    at time   33703615 ps
inst0 ch0:  C_CMD: WRCMD     C_r = 0x091   at time   33711481 ps
inst0 ch0:  C_CMD: WRCMD     C_f = 0x0a9   at time   33711895 ps
inst0 ch0:  C_CMD: WRCMD     C_r = 0x091   at time   33713137 ps
inst0 ch0:  C_CMD: WRCMD     C_f = 0x029   at time   33713551 ps
inst0 ch0:  C_CMD: WRCMD     C_r = 0x091   at time   33714793 ps
inst0 ch0:  C_CMD: WRCMD     C_f = 0x0ab   at time   33715207 ps
inst0 ch0:  C_CMD: WRCMD     C_r = 0x091   at time   33716449 ps
inst0 ch0:  C_CMD: WRCMD     C_f = 0x02b   at time   33716863 ps
inst0 ch0:  C_CMD: WRCMD     C_r = 0x091   at time   33718105 ps
inst0 ch0:  C_CMD: WRCMD     C_f = 0x0a1   at time   33718519 ps
inst0 ch0:  C_CMD: WRCMD     C_r = 0x091   at time   33719761 ps
inst0 ch0:  C_CMD: WRCMD     C_f = 0x021   at time   33720175 ps
inst0 ch0:  C_CMD: WRCMD     C_r = 0x099   at time   33721417 ps
inst0 ch0:  C_CMD: WRCMD     C_f = 0x0a3   at time   33721831 ps
inst0 ch0:  C_CMD: WRCMD     C_r = 0x099   at time   33723073 ps
inst0 ch0:  C_CMD: WRCMD     C_f = 0x023   at time   33723487 ps
inst0 ch0:  R_CMD: ACTCMD    R_r0= 0x2e    at time   37813393 ps
inst0 ch0:  R_CMD: ACTCMD    R_f0= 0x28    at time   37813807 ps
inst0 ch0:  R_CMD: ACTCMD    R_r1= 0x00    at time   37814221 ps
inst0 ch0:  R_CMD: ACTCMD    R_f1= 0x02    at time   37814635 ps
inst0 ch0:  R_CMD: ACTCMD    R_r0= 0x2e    at time   37815877 ps
inst0 ch0:  R_CMD: ACTCMD    R_f0= 0x20    at time   37816291 ps
inst0 ch0:  R_CMD: ACTCMD    R_r1= 0x00    at time   37816705 ps
inst0 ch0:  R_CMD: ACTCMD    R_f1= 0x02    at time   37817119 ps
inst0 ch0:  C_CMD: RDCMD     C_r = 0x0d5   at time   37828297 ps
inst0 ch0:  C_CMD: RDCMD     C_f = 0x0a9   at time   37828711 ps
inst0 ch0:  C_CMD: RDCMD     C_r = 0x0d5   at time   37830781 ps
inst0 ch0:  C_CMD: RDCMD     C_f = 0x029   at time   37831195 ps
inst0 ch0:  C_CMD: RDCMD     C_r = 0x0d5   at time   37831609 ps
inst0 ch0:  C_CMD: RDCMD     C_f = 0x0ab   at time   37832023 ps
inst0 ch0:  C_CMD: RDCMD     C_r = 0x0d5   at time   37834093 ps
inst0 ch0:  C_CMD: RDCMD     C_f = 0x02b   at time   37834507 ps
inst0 ch0:  C_CMD: RDCMD     C_r = 0x0d5   at time   37834921 ps
inst0 ch0:  C_CMD: RDCMD     C_f = 0x0a1   at time   37835335 ps
inst0 ch0:  C_CMD: RDCMD     C_r = 0x0d5   at time   37837405 ps
inst0 ch0:  C_CMD: RDCMD     C_f = 0x021   at time   37837819 ps
inst0 ch0:  C_CMD: RDCMD     C_r = 0x0dd   at time   37838233 ps
inst0 ch0:  C_CMD: RDCMD     C_f = 0x0a3   at time   37838647 ps
inst0 ch0:  C_CMD: RDCMD     C_r = 0x0dd   at time   37840717 ps
inst0 ch0:  C_CMD: RDCMD     C_f = 0x023   at time   37841131 ps
inst0 ch0:  R_CMD: ACTCMD    R_r0= 0x2e    at time   37883773 ps
inst0 ch0:  R_CMD: ACTCMD    R_f0= 0x28    at time   37884187 ps
inst0 ch0:  R_CMD: ACTCMD    R_r1= 0x00    at time   37884601 ps
inst0 ch0:  R_CMD: ACTCMD    R_f1= 0x02    at time   37885015 ps
inst0 ch0:  R_CMD: ACTCMD    R_r0= 0x2e    at time   37886257 ps
inst0 ch0:  R_CMD: ACTCMD    R_f0= 0x20    at time   37886671 ps
inst0 ch0:  R_CMD: ACTCMD    R_r1= 0x00    at time   37887085 ps
inst0 ch0:  R_CMD: ACTCMD    R_f1= 0x02    at time   37887499 ps
inst0 ch0:  C_CMD: WRCMD     C_r = 0x0d1   at time   37894537 ps
inst0 ch0:  C_CMD: WRCMD     C_f = 0x0a9   at time   37894951 ps
inst0 ch0:  C_CMD: WRCMD     C_r = 0x0d1   at time   37897021 ps
inst0 ch0:  C_CMD: WRCMD     C_f = 0x029   at time   37897435 ps
inst0 ch0:  C_CMD: WRCMD     C_r = 0x0d1   at time   37897849 ps
inst0 ch0:  C_CMD: WRCMD     C_f = 0x0ab   at time   37898263 ps
inst0 ch0:  C_CMD: WRCMD     C_r = 0x0d1   at time   37900333 ps
inst0 ch0:  C_CMD: WRCMD     C_f = 0x02b   at time   37900747 ps
inst0 ch0:  C_CMD: WRCMD     C_r = 0x0d1   at time   37901161 ps
inst0 ch0:  C_CMD: WRCMD     C_f = 0x0a1   at time   37901575 ps
inst0 ch0:  C_CMD: WRCMD     C_r = 0x0d1   at time   37903645 ps
inst0 ch0:  C_CMD: WRCMD     C_f = 0x021   at time   37904059 ps
inst0 ch0:  C_CMD: WRCMD     C_r = 0x0d9   at time   37904473 ps
inst0 ch0:  C_CMD: WRCMD     C_f = 0x0a3   at time   37904887 ps
inst0 ch0:  C_CMD: WRCMD     C_r = 0x0d9   at time   37906957 ps
inst0 ch0:  C_CMD: WRCMD     C_f = 0x023   at time   37907371 ps
inst0 ch0:  R_CMD: ACTCMD    R_r0= 0x22    at time   54566317 ps
inst0 ch0:  R_CMD: ACTCMD    R_f0= 0x22    at time   54566731 ps
inst0 ch0:  R_CMD: ACTCMD    R_r1= 0x00    at time   54567145 ps
inst0 ch0:  R_CMD: ACTCMD    R_f1= 0x00    at time   54567559 ps
inst0 ch0:  R_CMD: ACTCMD    R_r0= 0x22    at time   54567973 ps
inst0 ch0:  R_CMD: ACTCMD    R_f0= 0x2a    at time   54568387 ps
inst0 ch0:  R_CMD: ACTCMD    R_r1= 0x00    at time   54568801 ps
inst0 ch0:  R_CMD: ACTCMD    R_f1= 0x00    at time   54569215 ps
inst0 ch0:  R_CMD: ACTCMD    R_r0= 0x02    at time   54570457 ps
inst0 ch0:  R_CMD: ACTCMD    R_f0= 0x22    at time   54570871 ps
inst0 ch0:  R_CMD: ACTCMD    R_r1= 0x00    at time   54571285 ps
inst0 ch0:  R_CMD: ACTCMD    R_f1= 0x00    at time   54571699 ps
inst0 ch0:  R_CMD: ACTCMD    R_r0= 0x02    at time   54572113 ps
inst0 ch0:  R_CMD: ACTCMD    R_f0= 0x2a    at time   54572527 ps
inst0 ch0:  R_CMD: ACTCMD    R_r1= 0x00    at time   54572941 ps
inst0 ch0:  R_CMD: ACTCMD    R_f1= 0x00    at time   54573355 ps
inst0 ch0:  R_CMD: ACTCMD    R_r0= 0x22    at time   54574597 ps
inst0 ch0:  R_CMD: ACTCMD    R_f0= 0x02    at time   54575011 ps
inst0 ch0:  R_CMD: ACTCMD    R_r1= 0x00    at time   54575425 ps
inst0 ch0:  R_CMD: ACTCMD    R_f1= 0x00    at time   54575839 ps
inst0 ch0:  R_CMD: ACTCMD    R_r0= 0x22    at time   54576253 ps
inst0 ch0:  R_CMD: ACTCMD    R_f0= 0x0a    at time   54576667 ps
inst0 ch0:  R_CMD: ACTCMD    R_r1= 0x00    at time   54577081 ps
inst0 ch0:  R_CMD: ACTCMD    R_f1= 0x00    at time   54577495 ps
inst0 ch0:  R_CMD: ACTCMD    R_r0= 0x02    at time   54578737 ps
inst0 ch0:  R_CMD: ACTCMD    R_f0= 0x02    at time   54579151 ps
inst0 ch0:  R_CMD: ACTCMD    R_r1= 0x00    at time   54579565 ps
inst0 ch0:  R_CMD: ACTCMD    R_f1= 0x00    at time   54579979 ps
inst0 ch0:  R_CMD: ACTCMD    R_r0= 0x02    at time   54580393 ps
inst0 ch0:  R_CMD: ACTCMD    R_f0= 0x0a    at time   54580807 ps
inst0 ch0:  R_CMD: ACTCMD    R_r1= 0x00    at time   54581221 ps
inst0 ch0:  C_CMD: RDCMD     C_r = 0x0c5   at time   54581221 ps
inst0 ch0:  R_CMD: ACTCMD    R_f1= 0x00    at time   54581635 ps
inst0 ch0:  C_CMD: RDCMD     C_f = 0x000   at time   54581635 ps
inst0 ch0:  C_CMD: RDCMD     C_r = 0x0c5   at time   54582877 ps
inst0 ch0:  C_CMD: RDCMD     C_f = 0x080   at time   54583291 ps
inst0 ch0:  C_CMD: RDCMD     C_r = 0x0cd   at time   54584533 ps
inst0 ch0:  C_CMD: RDCMD     C_f = 0x002   at time   54584947 ps
inst0 ch0:  C_CMD: RDCMD     C_r = 0x085   at time   54586189 ps
inst0 ch0:  C_CMD: RDCMD     C_f = 0x000   at time   54586603 ps
inst0 ch0:  C_CMD: RDCMD     C_r = 0x0cd   at time   54587017 ps
inst0 ch0:  C_CMD: RDCMD     C_f = 0x082   at time   54587431 ps
inst0 ch0:  C_CMD: RDCMD     C_r = 0x085   at time   54588673 ps
inst0 ch0:  C_CMD: RDCMD     C_f = 0x080   at time   54589087 ps
inst0 ch0:  C_CMD: RDCMD     C_r = 0x08d   at time   54589501 ps
inst0 ch0:  C_CMD: RDCMD     C_f = 0x002   at time   54589915 ps
inst0 ch0:  C_CMD: RDCMD     C_r = 0x045   at time   54591157 ps
inst0 ch0:  C_CMD: RDCMD     C_f = 0x000   at time   54591571 ps
inst0 ch0:  C_CMD: RDCMD     C_r = 0x08d   at time   54591985 ps
inst0 ch0:  C_CMD: RDCMD     C_f = 0x082   at time   54592399 ps
inst0 ch0:  C_CMD: RDCMD     C_r = 0x005   at time   54593641 ps
inst0 ch0:  C_CMD: RDCMD     C_f = 0x000   at time   54594055 ps
inst0 ch0:  C_CMD: RDCMD     C_r = 0x045   at time   54594469 ps
inst0 ch0:  C_CMD: RDCMD     C_f = 0x080   at time   54594883 ps
inst0 ch0:  C_CMD: RDCMD     C_r = 0x04d   at time   54595297 ps
inst0 ch0:  C_CMD: RDCMD     C_f = 0x002   at time   54595711 ps
inst0 ch0:  C_CMD: RDCMD     C_r = 0x005   at time   54596125 ps
inst0 ch0:  C_CMD: RDCMD     C_f = 0x080   at time   54596539 ps
inst0 ch0:  C_CMD: RDCMD     C_r = 0x00d   at time   54596953 ps
inst0 ch0:  C_CMD: RDCMD     C_f = 0x002   at time   54597367 ps
inst0 ch0:  C_CMD: RDCMD     C_r = 0x04d   at time   54597781 ps
inst0 ch0:  C_CMD: RDCMD     C_f = 0x082   at time   54598195 ps
inst0 ch0:  C_CMD: RDCMD     C_r = 0x00d   at time   54599437 ps
inst0 ch0:  C_CMD: RDCMD     C_f = 0x082   at time   54599851 ps
inst0 ch0:  R_CMD: ACTCMD    R_r0= 0x2a    at time   54948025 ps
inst0 ch0:  R_CMD: ACTCMD    R_f0= 0x22    at time   54948439 ps
inst0 ch0:  R_CMD: ACTCMD    R_r1= 0x00    at time   54948853 ps
inst0 ch0:  R_CMD: ACTCMD    R_f1= 0x00    at time   54949267 ps
inst0 ch0:  R_CMD: ACTCMD    R_r0= 0x0a    at time   54952165 ps
inst0 ch0:  R_CMD: ACTCMD    R_f0= 0x22    at time   54952579 ps
inst0 ch0:  R_CMD: ACTCMD    R_r1= 0x00    at time   54952993 ps
inst0 ch0:  R_CMD: ACTCMD    R_f1= 0x00    at time   54953407 ps
inst0 ch0:  R_CMD: ACTCMD    R_r0= 0x2a    at time   54953821 ps
inst0 ch0:  R_CMD: ACTCMD    R_f0= 0x2a    at time   54954235 ps
inst0 ch0:  R_CMD: ACTCMD    R_r1= 0x00    at time   54954649 ps
inst0 ch0:  R_CMD: ACTCMD    R_f1= 0x00    at time   54955063 ps
inst0 ch0:  R_CMD: ACTCMD    R_r0= 0x2a    at time   54956305 ps
inst0 ch0:  R_CMD: ACTCMD    R_f0= 0x02    at time   54956719 ps
inst0 ch0:  R_CMD: ACTCMD    R_r1= 0x00    at time   54957133 ps
inst0 ch0:  R_CMD: ACTCMD    R_f1= 0x00    at time   54957547 ps
inst0 ch0:  R_CMD: ACTCMD    R_r0= 0x0a    at time   54957961 ps
inst0 ch0:  R_CMD: ACTCMD    R_f0= 0x2a    at time   54958375 ps
inst0 ch0:  R_CMD: ACTCMD    R_r1= 0x00    at time   54958789 ps
inst0 ch0:  R_CMD: ACTCMD    R_f1= 0x00    at time   54959203 ps
inst0 ch0:  R_CMD: ACTCMD    R_r0= 0x0a    at time   54960445 ps
inst0 ch0:  R_CMD: ACTCMD    R_f0= 0x02    at time   54960859 ps
inst0 ch0:  R_CMD: ACTCMD    R_r1= 0x00    at time   54961273 ps
inst0 ch0:  R_CMD: ACTCMD    R_f1= 0x00    at time   54961687 ps
inst0 ch0:  R_CMD: ACTCMD    R_r0= 0x2a    at time   54962101 ps
inst0 ch0:  R_CMD: ACTCMD    R_f0= 0x0a    at time   54962515 ps
inst0 ch0:  R_CMD: ACTCMD    R_r1= 0x00    at time   54962929 ps
inst0 ch0:  C_CMD: RDCMD     C_r = 0x0d5   at time   54962929 ps
inst0 ch0:  R_CMD: ACTCMD    R_f1= 0x00    at time   54963343 ps
inst0 ch0:  C_CMD: RDCMD     C_f = 0x000   at time   54963343 ps
inst0 ch0:  R_CMD: ACTCMD    R_r0= 0x0a    at time   54966241 ps
inst0 ch0:  C_CMD: RDCMD     C_r = 0x0dd   at time   54966241 ps
inst0 ch0:  R_CMD: ACTCMD    R_f0= 0x0a    at time   54966655 ps
inst0 ch0:  C_CMD: RDCMD     C_f = 0x002   at time   54966655 ps
inst0 ch0:  R_CMD: ACTCMD    R_r1= 0x00    at time   54967069 ps
inst0 ch0:  R_CMD: ACTCMD    R_f1= 0x00    at time   54967483 ps
inst0 ch0:  C_CMD: RDCMD     C_r = 0x095   at time   54967897 ps
inst0 ch0:  C_CMD: RDCMD     C_f = 0x000   at time   54968311 ps
inst0 ch0:  C_CMD: RDCMD     C_r = 0x0d5   at time   54968725 ps
inst0 ch0:  C_CMD: RDCMD     C_f = 0x080   at time   54969139 ps
inst0 ch0:  C_CMD: RDCMD     C_r = 0x09d   at time   54971209 ps
inst0 ch0:  C_CMD: RDCMD     C_f = 0x002   at time   54971623 ps
inst0 ch0:  C_CMD: RDCMD     C_r = 0x0dd   at time   54972037 ps
inst0 ch0:  C_CMD: RDCMD     C_f = 0x082   at time   54972451 ps
inst0 ch0:  C_CMD: RDCMD     C_r = 0x055   at time   54972865 ps
inst0 ch0:  C_CMD: RDCMD     C_f = 0x000   at time   54973279 ps
inst0 ch0:  C_CMD: RDCMD     C_r = 0x095   at time   54973693 ps
inst0 ch0:  C_CMD: RDCMD     C_f = 0x080   at time   54974107 ps
inst0 ch0:  C_CMD: RDCMD     C_r = 0x015   at time   54975349 ps
inst0 ch0:  C_CMD: RDCMD     C_f = 0x000   at time   54975763 ps
inst0 ch0:  C_CMD: RDCMD     C_r = 0x05d   at time   54977005 ps
inst0 ch0:  C_CMD: RDCMD     C_f = 0x002   at time   54977419 ps
inst0 ch0:  C_CMD: RDCMD     C_r = 0x09d   at time   54977833 ps
inst0 ch0:  C_CMD: RDCMD     C_f = 0x082   at time   54978247 ps
inst0 ch0:  C_CMD: RDCMD     C_r = 0x01d   at time   54978661 ps
inst0 ch0:  C_CMD: RDCMD     C_f = 0x002   at time   54979075 ps
inst0 ch0:  C_CMD: RDCMD     C_r = 0x055   at time   54979489 ps
inst0 ch0:  C_CMD: RDCMD     C_f = 0x080   at time   54979903 ps
inst0 ch0:  C_CMD: RDCMD     C_r = 0x015   at time   54981145 ps
inst0 ch0:  C_CMD: RDCMD     C_f = 0x080   at time   54981559 ps
inst0 ch0:  C_CMD: RDCMD     C_r = 0x05d   at time   54982801 ps
inst0 ch0:  C_CMD: RDCMD     C_f = 0x082   at time   54983215 ps
inst0 ch0:  C_CMD: RDCMD     C_r = 0x01d   at time   54984457 ps
inst0 ch0:  C_CMD: RDCMD     C_f = 0x082   at time   54984871 ps
inst0 ch0:  R_CMD: ACTCMD    R_r0= 0x32    at time   55142605 ps
inst0 ch0:  R_CMD: ACTCMD    R_f0= 0x22    at time   55143019 ps
inst0 ch0:  R_CMD: ACTCMD    R_r1= 0x00    at time   55143433 ps
inst0 ch0:  R_CMD: ACTCMD    R_f1= 0x00    at time   55143847 ps
inst0 ch0:  R_CMD: ACTCMD    R_r0= 0x12    at time   55146745 ps
inst0 ch0:  R_CMD: ACTCMD    R_f0= 0x22    at time   55147159 ps
inst0 ch0:  R_CMD: ACTCMD    R_r1= 0x00    at time   55147573 ps
inst0 ch0:  R_CMD: ACTCMD    R_f1= 0x00    at time   55147987 ps
inst0 ch0:  R_CMD: ACTCMD    R_r0= 0x32    at time   55150885 ps
inst0 ch0:  R_CMD: ACTCMD    R_f0= 0x02    at time   55151299 ps
inst0 ch0:  R_CMD: ACTCMD    R_r1= 0x00    at time   55151713 ps
inst0 ch0:  R_CMD: ACTCMD    R_f1= 0x00    at time   55152127 ps
inst0 ch0:  R_CMD: ACTCMD    R_r0= 0x32    at time   55154197 ps
inst0 ch0:  R_CMD: ACTCMD    R_f0= 0x2a    at time   55154611 ps
inst0 ch0:  R_CMD: ACTCMD    R_r1= 0x00    at time   55155025 ps
inst0 ch0:  R_CMD: ACTCMD    R_f1= 0x00    at time   55155439 ps
inst0 ch0:  R_CMD: ACTCMD    R_r0= 0x12    at time   55155853 ps
inst0 ch0:  R_CMD: ACTCMD    R_f0= 0x02    at time   55156267 ps
inst0 ch0:  R_CMD: ACTCMD    R_r1= 0x00    at time   55156681 ps
inst0 ch0:  R_CMD: ACTCMD    R_f1= 0x00    at time   55157095 ps
inst0 ch0:  C_CMD: RDCMD     C_r = 0x0e5   at time   55157509 ps
inst0 ch0:  C_CMD: RDCMD     C_f = 0x000   at time   55157923 ps
inst0 ch0:  R_CMD: ACTCMD    R_r0= 0x12    at time   55158337 ps
inst0 ch0:  R_CMD: ACTCMD    R_f0= 0x2a    at time   55158751 ps
inst0 ch0:  R_CMD: ACTCMD    R_r1= 0x00    at time   55159165 ps
inst0 ch0:  R_CMD: ACTCMD    R_f1= 0x00    at time   55159579 ps
inst0 ch0:  C_CMD: RDCMD     C_r = 0x0ed   at time   55160821 ps
inst0 ch0:  C_CMD: RDCMD     C_f = 0x002   at time   55161235 ps
inst0 ch0:  R_CMD: ACTCMD    R_r0= 0x32    at time   55162477 ps
inst0 ch0:  C_CMD: RDCMD     C_r = 0x0a5   at time   55162477 ps
inst0 ch0:  R_CMD: ACTCMD    R_f0= 0x0a    at time   55162891 ps
inst0 ch0:  C_CMD: RDCMD     C_f = 0x000   at time   55162891 ps
inst0 ch0:  R_CMD: ACTCMD    R_r1= 0x00    at time   55163305 ps
inst0 ch0:  R_CMD: ACTCMD    R_f1= 0x00    at time   55163719 ps
inst0 ch0:  C_CMD: RDCMD     C_r = 0x0ad   at time   55165789 ps
inst0 ch0:  C_CMD: RDCMD     C_f = 0x002   at time   55166203 ps
inst0 ch0:  R_CMD: ACTCMD    R_r0= 0x12    at time   55166617 ps
inst0 ch0:  R_CMD: ACTCMD    R_f0= 0x0a    at time   55167031 ps
inst0 ch0:  R_CMD: ACTCMD    R_r1= 0x00    at time   55167445 ps
inst0 ch0:  C_CMD: RDCMD     C_r = 0x065   at time   55167445 ps
inst0 ch0:  R_CMD: ACTCMD    R_f1= 0x00    at time   55167859 ps
inst0 ch0:  C_CMD: RDCMD     C_f = 0x000   at time   55167859 ps
inst0 ch0:  C_CMD: RDCMD     C_r = 0x0e5   at time   55169101 ps
inst0 ch0:  C_CMD: RDCMD     C_f = 0x080   at time   55169515 ps
inst0 ch0:  C_CMD: RDCMD     C_r = 0x06d   at time   55170757 ps
inst0 ch0:  C_CMD: RDCMD     C_f = 0x002   at time   55171171 ps
inst0 ch0:  C_CMD: RDCMD     C_r = 0x025   at time   55172413 ps
inst0 ch0:  C_CMD: RDCMD     C_f = 0x000   at time   55172827 ps
inst0 ch0:  C_CMD: RDCMD     C_r = 0x0ed   at time   55173241 ps
inst0 ch0:  C_CMD: RDCMD     C_f = 0x082   at time   55173655 ps
inst0 ch0:  C_CMD: RDCMD     C_r = 0x0a5   at time   55174897 ps
inst0 ch0:  C_CMD: RDCMD     C_f = 0x080   at time   55175311 ps
inst0 ch0:  C_CMD: RDCMD     C_r = 0x02d   at time   55175725 ps
inst0 ch0:  C_CMD: RDCMD     C_f = 0x002   at time   55176139 ps
inst0 ch0:  C_CMD: RDCMD     C_r = 0x065   at time   55177381 ps
inst0 ch0:  C_CMD: RDCMD     C_f = 0x080   at time   55177795 ps
inst0 ch0:  C_CMD: RDCMD     C_r = 0x0ad   at time   55179037 ps
inst0 ch0:  C_CMD: RDCMD     C_f = 0x082   at time   55179451 ps
inst0 ch0:  C_CMD: RDCMD     C_r = 0x06d   at time   55180693 ps
inst0 ch0:  C_CMD: RDCMD     C_f = 0x082   at time   55181107 ps
inst0 ch0:  C_CMD: RDCMD     C_r = 0x025   at time   55182349 ps
inst0 ch0:  C_CMD: RDCMD     C_f = 0x080   at time   55182763 ps
inst0 ch0:  C_CMD: RDCMD     C_r = 0x02d   at time   55185661 ps
inst0 ch0:  C_CMD: RDCMD     C_f = 0x082   at time   55186075 ps
inst0 ch0:  R_CMD: ACTCMD    R_r0= 0x3a    at time   55506925 ps
inst0 ch0:  R_CMD: ACTCMD    R_f0= 0x22    at time   55507339 ps
inst0 ch0:  R_CMD: ACTCMD    R_r1= 0x00    at time   55507753 ps
inst0 ch0:  R_CMD: ACTCMD    R_f1= 0x00    at time   55508167 ps
inst0 ch0:  R_CMD: ACTCMD    R_r0= 0x1a    at time   55511065 ps
inst0 ch0:  R_CMD: ACTCMD    R_f0= 0x22    at time   55511479 ps
inst0 ch0:  R_CMD: ACTCMD    R_r1= 0x00    at time   55511893 ps
inst0 ch0:  R_CMD: ACTCMD    R_f1= 0x00    at time   55512307 ps
inst0 ch0:  R_CMD: ACTCMD    R_r0= 0x3a    at time   55515205 ps
inst0 ch0:  R_CMD: ACTCMD    R_f0= 0x02    at time   55515619 ps
inst0 ch0:  R_CMD: ACTCMD    R_r1= 0x00    at time   55516033 ps
inst0 ch0:  R_CMD: ACTCMD    R_f1= 0x00    at time   55516447 ps
inst0 ch0:  R_CMD: ACTCMD    R_r0= 0x1a    at time   55519345 ps
inst0 ch0:  R_CMD: ACTCMD    R_f0= 0x02    at time   55519759 ps
inst0 ch0:  R_CMD: ACTCMD    R_r1= 0x00    at time   55520173 ps
inst0 ch0:  R_CMD: ACTCMD    R_f1= 0x00    at time   55520587 ps
inst0 ch0:  R_CMD: ACTCMD    R_r0= 0x3a    at time   55521001 ps
inst0 ch0:  R_CMD: ACTCMD    R_f0= 0x2a    at time   55521415 ps
inst0 ch0:  R_CMD: ACTCMD    R_r1= 0x00    at time   55521829 ps
inst0 ch0:  C_CMD: RDCMD     C_r = 0x0f5   at time   55521829 ps
inst0 ch0:  R_CMD: ACTCMD    R_f1= 0x00    at time   55522243 ps
inst0 ch0:  C_CMD: RDCMD     C_f = 0x000   at time   55522243 ps
inst0 ch0:  R_CMD: ACTCMD    R_r0= 0x1a    at time   55525141 ps
inst0 ch0:  C_CMD: RDCMD     C_r = 0x0fd   at time   55525141 ps
inst0 ch0:  R_CMD: ACTCMD    R_f0= 0x2a    at time   55525555 ps
inst0 ch0:  C_CMD: RDCMD     C_f = 0x002   at time   55525555 ps
inst0 ch0:  R_CMD: ACTCMD    R_r1= 0x00    at time   55525969 ps
inst0 ch0:  R_CMD: ACTCMD    R_f1= 0x00    at time   55526383 ps
inst0 ch0:  C_CMD: RDCMD     C_r = 0x0b5   at time   55526797 ps
inst0 ch0:  C_CMD: RDCMD     C_f = 0x000   at time   55527211 ps
inst0 ch0:  R_CMD: ACTCMD    R_r0= 0x3a    at time   55529281 ps
inst0 ch0:  R_CMD: ACTCMD    R_f0= 0x0a    at time   55529695 ps
inst0 ch0:  R_CMD: ACTCMD    R_r1= 0x00    at time   55530109 ps
inst0 ch0:  C_CMD: RDCMD     C_r = 0x0bd   at time   55530109 ps
inst0 ch0:  R_CMD: ACTCMD    R_f1= 0x00    at time   55530523 ps
inst0 ch0:  C_CMD: RDCMD     C_f = 0x002   at time   55530523 ps
inst0 ch0:  C_CMD: RDCMD     C_r = 0x075   at time   55531765 ps
inst0 ch0:  C_CMD: RDCMD     C_f = 0x000   at time   55532179 ps
inst0 ch0:  R_CMD: ACTCMD    R_r0= 0x1a    at time   55533421 ps
inst0 ch0:  R_CMD: ACTCMD    R_f0= 0x0a    at time   55533835 ps
inst0 ch0:  R_CMD: ACTCMD    R_r1= 0x00    at time   55534249 ps
inst0 ch0:  C_CMD: RDCMD     C_r = 0x035   at time   55534249 ps
inst0 ch0:  R_CMD: ACTCMD    R_f1= 0x00    at time   55534663 ps
inst0 ch0:  C_CMD: RDCMD     C_f = 0x000   at time   55534663 ps
inst0 ch0:  C_CMD: RDCMD     C_r = 0x07d   at time   55535905 ps
inst0 ch0:  C_CMD: RDCMD     C_f = 0x002   at time   55536319 ps
inst0 ch0:  C_CMD: RDCMD     C_r = 0x0f5   at time   55536733 ps
inst0 ch0:  C_CMD: RDCMD     C_f = 0x080   at time   55537147 ps
inst0 ch0:  C_CMD: RDCMD     C_r = 0x03d   at time   55537561 ps
inst0 ch0:  C_CMD: RDCMD     C_f = 0x002   at time   55537975 ps
inst0 ch0:  C_CMD: RDCMD     C_r = 0x0fd   at time   55540045 ps
inst0 ch0:  C_CMD: RDCMD     C_f = 0x082   at time   55540459 ps
inst0 ch0:  C_CMD: RDCMD     C_r = 0x0b5   at time   55541701 ps
inst0 ch0:  C_CMD: RDCMD     C_f = 0x080   at time   55542115 ps
inst0 ch0:  C_CMD: RDCMD     C_r = 0x075   at time   55544185 ps
inst0 ch0:  C_CMD: RDCMD     C_f = 0x080   at time   55544599 ps
inst0 ch0:  C_CMD: RDCMD     C_r = 0x0bd   at time   55545841 ps
inst0 ch0:  C_CMD: RDCMD     C_f = 0x082   at time   55546255 ps
inst0 ch0:  C_CMD: RDCMD     C_r = 0x07d   at time   55547497 ps
inst0 ch0:  C_CMD: RDCMD     C_f = 0x082   at time   55547911 ps
inst0 ch0:  C_CMD: RDCMD     C_r = 0x035   at time   55549153 ps
inst0 ch0:  C_CMD: RDCMD     C_f = 0x080   at time   55549567 ps
inst0 ch0:  C_CMD: RDCMD     C_r = 0x03d   at time   55552465 ps
inst0 ch0:  C_CMD: RDCMD     C_f = 0x082   at time   55552879 ps
inst0 ch0:  R_CMD: ACTCMD    R_r0= 0x02    at time   56096461 ps
inst0 ch0:  R_CMD: ACTCMD    R_f0= 0x10    at time   56096875 ps
inst0 ch0:  R_CMD: ACTCMD    R_r1= 0x3f    at time   56097289 ps
inst0 ch0:  R_CMD: ACTCMD    R_f1= 0x3b    at time   56097703 ps
inst0 ch0:  R_CMD: ACTCMD    R_r0= 0x02    at time   56098117 ps
inst0 ch0:  R_CMD: ACTCMD    R_f0= 0x18    at time   56098531 ps
inst0 ch0:  R_CMD: ACTCMD    R_r1= 0x3f    at time   56098945 ps
inst0 ch0:  R_CMD: ACTCMD    R_f1= 0x3b    at time   56099359 ps
inst0 ch0:  C_CMD: RDCMD     C_r = 0x005   at time   56111365 ps
inst0 ch0:  C_CMD: RDCMD     C_f = 0x078   at time   56111779 ps
inst0 ch0:  C_CMD: RDCMD     C_r = 0x005   at time   56113021 ps
inst0 ch0:  C_CMD: RDCMD     C_f = 0x0f8   at time   56113435 ps
inst0 ch0:  C_CMD: RDCMD     C_r = 0x00d   at time   56114677 ps
inst0 ch0:  C_CMD: RDCMD     C_f = 0x07a   at time   56115091 ps
inst0 ch0:  C_CMD: RDCMD     C_r = 0x00d   at time   56116333 ps
inst0 ch0:  C_CMD: RDCMD     C_f = 0x0fa   at time   56116747 ps
inst0 ch0:  R_CMD: ACTCMD    R_r0= 0x02    at time   56166841 ps
inst0 ch0:  R_CMD: ACTCMD    R_f0= 0x10    at time   56167255 ps
inst0 ch0:  R_CMD: ACTCMD    R_r1= 0x3f    at time   56167669 ps
inst0 ch0:  R_CMD: ACTCMD    R_f1= 0x3b    at time   56168083 ps
inst0 ch0:  R_CMD: ACTCMD    R_r0= 0x02    at time   56169325 ps
inst0 ch0:  R_CMD: ACTCMD    R_f0= 0x18    at time   56169739 ps
inst0 ch0:  R_CMD: ACTCMD    R_r1= 0x3f    at time   56170153 ps
inst0 ch0:  R_CMD: ACTCMD    R_f1= 0x3b    at time   56170567 ps
inst0 ch0:  C_CMD: WRCMD     C_r = 0x001   at time   56177605 ps
inst0 ch0:  C_CMD: WRCMD     C_f = 0x078   at time   56178019 ps
inst0 ch0:  C_CMD: WRCMD     C_r = 0x001   at time   56180089 ps
inst0 ch0:  C_CMD: WRCMD     C_f = 0x0f8   at time   56180503 ps
inst0 ch0:  C_CMD: WRCMD     C_r = 0x009   at time   56180917 ps
inst0 ch0:  C_CMD: WRCMD     C_f = 0x07a   at time   56181331 ps
inst0 ch0:  C_CMD: WRCMD     C_r = 0x009   at time   56183401 ps
inst0 ch0:  C_CMD: WRCMD     C_f = 0x0fa   at time   56183815 ps
inst0 ch0:  R_CMD: ACTCMD    R_r0= 0x0a    at time   56413585 ps
inst0 ch0:  R_CMD: ACTCMD    R_f0= 0x18    at time   56413999 ps
inst0 ch0:  R_CMD: ACTCMD    R_r1= 0x3f    at time   56414413 ps
inst0 ch0:  R_CMD: ACTCMD    R_f1= 0x3b    at time   56414827 ps
inst0 ch0:  C_CMD: RDCMD     C_r = 0x015   at time   56428489 ps
inst0 ch0:  C_CMD: RDCMD     C_f = 0x0f8   at time   56428903 ps
inst0 ch0:  C_CMD: RDCMD     C_r = 0x01d   at time   56431801 ps
inst0 ch0:  C_CMD: RDCMD     C_f = 0x0fa   at time   56432215 ps
inst0 ch0:  R_CMD: ACTCMD    R_r0= 0x0a    at time   56483965 ps
inst0 ch0:  R_CMD: ACTCMD    R_f0= 0x18    at time   56484379 ps
inst0 ch0:  R_CMD: ACTCMD    R_r1= 0x3f    at time   56484793 ps
inst0 ch0:  R_CMD: ACTCMD    R_f1= 0x3b    at time   56485207 ps
inst0 ch0:  C_CMD: WRCMD     C_r = 0x011   at time   56494729 ps
inst0 ch0:  C_CMD: WRCMD     C_f = 0x0f8   at time   56495143 ps
inst0 ch0:  C_CMD: WRCMD     C_r = 0x019   at time   56498041 ps
inst0 ch0:  C_CMD: WRCMD     C_f = 0x0fa   at time   56498455 ps
inst0 ch0:  R_CMD: ACTCMD    R_r0= 0x0a    at time   56535301 ps
inst0 ch0:  R_CMD: ACTCMD    R_f0= 0x10    at time   56535715 ps
inst0 ch0:  R_CMD: ACTCMD    R_r1= 0x3f    at time   56536129 ps
inst0 ch0:  R_CMD: ACTCMD    R_f1= 0x3b    at time   56536543 ps
inst0 ch0:  C_CMD: RDCMD     C_r = 0x015   at time   56550205 ps
inst0 ch0:  C_CMD: RDCMD     C_f = 0x078   at time   56550619 ps
inst0 ch0:  C_CMD: RDCMD     C_r = 0x01d   at time   56553517 ps
inst0 ch0:  C_CMD: RDCMD     C_f = 0x07a   at time   56553931 ps
inst0 ch0:  R_CMD: ACTCMD    R_r0= 0x02    at time   56595745 ps
inst0 ch0:  R_CMD: ACTCMD    R_f0= 0x38    at time   56596159 ps
inst0 ch0:  R_CMD: ACTCMD    R_r1= 0x3f    at time   56596573 ps
inst0 ch0:  R_CMD: ACTCMD    R_f1= 0x3b    at time   56596987 ps
inst0 ch0:  R_CMD: ACTCMD    R_r0= 0x0a    at time   56605681 ps
inst0 ch0:  R_CMD: ACTCMD    R_f0= 0x10    at time   56606095 ps
inst0 ch0:  R_CMD: ACTCMD    R_r1= 0x3f    at time   56606509 ps
inst0 ch0:  R_CMD: ACTCMD    R_f1= 0x3b    at time   56606923 ps
inst0 ch0:  C_CMD: RDCMD     C_r = 0x085   at time   56610649 ps
inst0 ch0:  C_CMD: RDCMD     C_f = 0x0f8   at time   56611063 ps
inst0 ch0:  C_CMD: RDCMD     C_r = 0x08d   at time   56613961 ps
inst0 ch0:  C_CMD: RDCMD     C_f = 0x0fa   at time   56614375 ps
inst0 ch0:  C_CMD: WRCMD     C_r = 0x011   at time   56616445 ps
inst0 ch0:  C_CMD: WRCMD     C_f = 0x078   at time   56616859 ps
inst0 ch0:  C_CMD: WRCMD     C_r = 0x019   at time   56619757 ps
inst0 ch0:  C_CMD: WRCMD     C_f = 0x07a   at time   56620171 ps
inst0 ch0:  R_CMD: ACTCMD    R_r0= 0x02    at time   56695933 ps
inst0 ch0:  R_CMD: ACTCMD    R_f0= 0x30    at time   56696347 ps
inst0 ch0:  R_CMD: ACTCMD    R_r1= 0x3f    at time   56696761 ps
inst0 ch0:  R_CMD: ACTCMD    R_f1= 0x3b    at time   56697175 ps
inst0 ch0:  C_CMD: RDCMD     C_r = 0x085   at time   56710837 ps
inst0 ch0:  C_CMD: RDCMD     C_f = 0x078   at time   56711251 ps
inst0 ch0:  C_CMD: RDCMD     C_r = 0x08d   at time   56714149 ps
inst0 ch0:  C_CMD: RDCMD     C_f = 0x07a   at time   56714563 ps
inst0 ch0:  R_CMD: ACTCMD    R_r0= 0x02    at time   56761345 ps
inst0 ch0:  R_CMD: ACTCMD    R_f0= 0x38    at time   56761759 ps
inst0 ch0:  R_CMD: ACTCMD    R_r1= 0x3f    at time   56762173 ps
inst0 ch0:  R_CMD: ACTCMD    R_f1= 0x3b    at time   56762587 ps
inst0 ch0:  C_CMD: WRCMD     C_r = 0x081   at time   56772109 ps
inst0 ch0:  C_CMD: WRCMD     C_f = 0x0f8   at time   56772523 ps
inst0 ch0:  C_CMD: WRCMD     C_r = 0x089   at time   56775421 ps
inst0 ch0:  C_CMD: WRCMD     C_f = 0x0fa   at time   56775835 ps
inst0 ch0:  R_CMD: ACTCMD    R_r0= 0x02    at time   56948473 ps
inst0 ch0:  R_CMD: ACTCMD    R_f0= 0x30    at time   56948887 ps
inst0 ch0:  R_CMD: ACTCMD    R_r1= 0x3f    at time   56949301 ps
inst0 ch0:  R_CMD: ACTCMD    R_f1= 0x3b    at time   56949715 ps
inst0 ch0:  C_CMD: WRCMD     C_r = 0x081   at time   56959237 ps
inst0 ch0:  C_CMD: WRCMD     C_f = 0x078   at time   56959651 ps
inst0 ch0:  C_CMD: WRCMD     C_r = 0x089   at time   56962549 ps
inst0 ch0:  C_CMD: WRCMD     C_f = 0x07a   at time   56962963 ps
inst0 ch0:  R_CMD: ACTCMD    R_r0= 0x0a    at time   56996497 ps
inst0 ch0:  R_CMD: ACTCMD    R_f0= 0x38    at time   56996911 ps
inst0 ch0:  R_CMD: ACTCMD    R_r1= 0x3f    at time   56997325 ps
inst0 ch0:  R_CMD: ACTCMD    R_f1= 0x3b    at time   56997739 ps
inst0 ch0:  C_CMD: RDCMD     C_r = 0x095   at time   57011401 ps
inst0 ch0:  C_CMD: RDCMD     C_f = 0x0f8   at time   57011815 ps
inst0 ch0:  C_CMD: RDCMD     C_r = 0x09d   at time   57014713 ps
inst0 ch0:  C_CMD: RDCMD     C_f = 0x0fa   at time   57015127 ps
inst0 ch0:  R_CMD: ACTCMD    R_r0= 0x0a    at time   57069361 ps
inst0 ch0:  R_CMD: ACTCMD    R_f0= 0x38    at time   57069775 ps
inst0 ch0:  R_CMD: ACTCMD    R_r1= 0x3f    at time   57070189 ps
inst0 ch0:  R_CMD: ACTCMD    R_f1= 0x3b    at time   57070603 ps
inst0 ch0:  C_CMD: WRCMD     C_r = 0x091   at time   57080125 ps
inst0 ch0:  C_CMD: WRCMD     C_f = 0x0f8   at time   57080539 ps
inst0 ch0:  C_CMD: WRCMD     C_r = 0x099   at time   57083437 ps
inst0 ch0:  C_CMD: WRCMD     C_f = 0x0fa   at time   57083851 ps
inst0 ch0:  R_CMD: ACTCMD    R_r0= 0x0a    at time   57157957 ps
inst0 ch0:  R_CMD: ACTCMD    R_f0= 0x30    at time   57158371 ps
inst0 ch0:  R_CMD: ACTCMD    R_r1= 0x3f    at time   57158785 ps
inst0 ch0:  R_CMD: ACTCMD    R_f1= 0x3b    at time   57159199 ps
inst0 ch0:  C_CMD: RDCMD     C_r = 0x095   at time   57172861 ps
inst0 ch0:  C_CMD: RDCMD     C_f = 0x078   at time   57173275 ps
inst0 ch0:  C_CMD: RDCMD     C_r = 0x09d   at time   57176173 ps
inst0 ch0:  C_CMD: RDCMD     C_f = 0x07a   at time   57176587 ps
inst0 ch0:  R_CMD: ACTCMD    R_r0= 0x0a    at time   57230821 ps
inst0 ch0:  R_CMD: ACTCMD    R_f0= 0x30    at time   57231235 ps
inst0 ch0:  R_CMD: ACTCMD    R_r1= 0x3f    at time   57231649 ps
inst0 ch0:  R_CMD: ACTCMD    R_f1= 0x3b    at time   57232063 ps
inst0 ch0:  C_CMD: WRCMD     C_r = 0x091   at time   57241585 ps
inst0 ch0:  C_CMD: WRCMD     C_f = 0x078   at time   57241999 ps
inst0 ch0:  C_CMD: WRCMD     C_r = 0x099   at time   57244897 ps
inst0 ch0:  C_CMD: WRCMD     C_f = 0x07a   at time   57245311 ps
inst0 ch0:  R_CMD: ACTCMD    R_r0= 0x2e    at time   57751633 ps
inst0 ch0:  R_CMD: ACTCMD    R_f0= 0x20    at time   57752047 ps
inst0 ch0:  R_CMD: ACTCMD    R_r1= 0x00    at time   57752461 ps
inst0 ch0:  R_CMD: ACTCMD    R_f1= 0x02    at time   57752875 ps
inst0 ch0:  C_CMD: RDCMD     C_r = 0x0d5   at time   57766537 ps
inst0 ch0:  C_CMD: RDCMD     C_f = 0x021   at time   57766951 ps
inst0 ch0:  C_CMD: RDCMD     C_r = 0x0dd   at time   57769849 ps
inst0 ch0:  C_CMD: RDCMD     C_f = 0x023   at time   57770263 ps
inst0 ch0:  R_CMD: ACTCMD    R_r0= 0x0a    at time   58665745 ps
inst0 ch0:  R_CMD: ACTCMD    R_f0= 0x13    at time   58666159 ps
inst0 ch0:  R_CMD: ACTCMD    R_r1= 0x3f    at time   58666573 ps
inst0 ch0:  R_CMD: ACTCMD    R_f1= 0x3b    at time   58666987 ps
inst0 ch0:  C_CMD: RDCMD     C_r = 0x015   at time   58680649 ps
inst0 ch0:  C_CMD: RDCMD     C_f = 0x010   at time   58681063 ps
inst0 ch0:  C_CMD: RDCMD     C_r = 0x01d   at time   58683961 ps
inst0 ch0:  C_CMD: RDCMD     C_f = 0x012   at time   58684375 ps
inst0 ch0:  R_CMD: ACTCMD    R_r0= 0x0a    at time   58738609 ps
inst0 ch0:  R_CMD: ACTCMD    R_f0= 0x13    at time   58739023 ps
inst0 ch0:  R_CMD: ACTCMD    R_r1= 0x3f    at time   58739437 ps
inst0 ch0:  R_CMD: ACTCMD    R_f1= 0x3b    at time   58739851 ps
inst0 ch0:  C_CMD: WRCMD     C_r = 0x011   at time   58749373 ps
inst0 ch0:  C_CMD: WRCMD     C_f = 0x010   at time   58749787 ps
inst0 ch0:  C_CMD: WRCMD     C_r = 0x019   at time   58752685 ps
inst0 ch0:  C_CMD: WRCMD     C_f = 0x012   at time   58753099 ps
inst0 ch0:  R_CMD: ACTCMD    R_r0= 0x2e    at time   58795741 ps
inst0 ch0:  R_CMD: ACTCMD    R_f0= 0x28    at time   58796155 ps
inst0 ch0:  R_CMD: ACTCMD    R_r1= 0x00    at time   58796569 ps
inst0 ch0:  R_CMD: ACTCMD    R_f1= 0x02    at time   58796983 ps
inst0 ch0:  C_CMD: RDCMD     C_r = 0x0d5   at time   58810645 ps
inst0 ch0:  C_CMD: RDCMD     C_f = 0x0a1   at time   58811059 ps
inst0 ch0:  C_CMD: RDCMD     C_r = 0x0dd   at time   58813957 ps
inst0 ch0:  C_CMD: RDCMD     C_f = 0x0a3   at time   58814371 ps
inst0 ch0:  R_CMD: ACTCMD    R_r0= 0x0a    at time   58979557 ps
inst0 ch0:  R_CMD: ACTCMD    R_f0= 0x13    at time   58979971 ps
inst0 ch0:  R_CMD: ACTCMD    R_r1= 0x3f    at time   58980385 ps
inst0 ch0:  R_CMD: ACTCMD    R_f1= 0x3b    at time   58980799 ps
inst0 ch0:  C_CMD: RDCMD     C_r = 0x015   at time   58994461 ps
inst0 ch0:  C_CMD: RDCMD     C_f = 0x010   at time   58994875 ps
inst0 ch0:  C_CMD: RDCMD     C_r = 0x01d   at time   58997773 ps
inst0 ch0:  C_CMD: RDCMD     C_f = 0x012   at time   58998187 ps
inst0 ch0:  R_CMD: ACTCMD    R_r0= 0x2e    at time   59001913 ps
inst0 ch0:  R_CMD: ACTCMD    R_f0= 0x20    at time   59002327 ps
inst0 ch0:  R_CMD: ACTCMD    R_r1= 0x00    at time   59002741 ps
inst0 ch0:  R_CMD: ACTCMD    R_f1= 0x02    at time   59003155 ps
inst0 ch0:  R_CMD: ACTCMD    R_r0= 0x0a    at time   59003569 ps
inst0 ch0:  R_CMD: ACTCMD    R_f0= 0x1b    at time   59003983 ps
inst0 ch0:  R_CMD: ACTCMD    R_r1= 0x3f    at time   59004397 ps
inst0 ch0:  R_CMD: ACTCMD    R_f1= 0x3b    at time   59004811 ps
inst0 ch0:  C_CMD: RDCMD     C_r = 0x0d5   at time   59016817 ps
inst0 ch0:  C_CMD: RDCMD     C_f = 0x029   at time   59017231 ps
inst0 ch0:  C_CMD: RDCMD     C_r = 0x015   at time   59018473 ps
inst0 ch0:  C_CMD: RDCMD     C_f = 0x090   at time   59018887 ps
inst0 ch0:  C_CMD: RDCMD     C_r = 0x0dd   at time   59020129 ps
inst0 ch0:  C_CMD: RDCMD     C_f = 0x02b   at time   59020543 ps
inst0 ch0:  C_CMD: RDCMD     C_r = 0x01d   at time   59021785 ps
inst0 ch0:  C_CMD: RDCMD     C_f = 0x092   at time   59022199 ps
inst0 ch0:  R_CMD: ACTCMD    R_r0= 0x0a    at time   59205601 ps
inst0 ch0:  R_CMD: ACTCMD    R_f0= 0x13    at time   59206015 ps
inst0 ch0:  R_CMD: ACTCMD    R_r1= 0x3f    at time   59206429 ps
inst0 ch0:  R_CMD: ACTCMD    R_f1= 0x3b    at time   59206843 ps
inst0 ch0:  R_CMD: ACTCMD    R_r0= 0x0a    at time   59207257 ps
inst0 ch0:  R_CMD: ACTCMD    R_f0= 0x1b    at time   59207671 ps
inst0 ch0:  R_CMD: ACTCMD    R_r1= 0x3f    at time   59208085 ps
inst0 ch0:  R_CMD: ACTCMD    R_f1= 0x3b    at time   59208499 ps
inst0 ch0:  C_CMD: WRCMD     C_r = 0x011   at time   59216365 ps
inst0 ch0:  C_CMD: WRCMD     C_f = 0x010   at time   59216779 ps
inst0 ch0:  C_CMD: WRCMD     C_r = 0x011   at time   59218021 ps
inst0 ch0:  C_CMD: WRCMD     C_f = 0x090   at time   59218435 ps
inst0 ch0:  C_CMD: WRCMD     C_r = 0x019   at time   59219677 ps
inst0 ch0:  C_CMD: WRCMD     C_f = 0x012   at time   59220091 ps
inst0 ch0:  C_CMD: WRCMD     C_r = 0x019   at time   59221333 ps
inst0 ch0:  C_CMD: WRCMD     C_f = 0x092   at time   59221747 ps
inst0 ch0:  R_CMD: ACTCMD    R_r0= 0x0a    at time   59309929 ps
inst0 ch0:  R_CMD: ACTCMD    R_f0= 0x1b    at time   59310343 ps
inst0 ch0:  R_CMD: ACTCMD    R_r1= 0x3f    at time   59310757 ps
inst0 ch0:  R_CMD: ACTCMD    R_f1= 0x3b    at time   59311171 ps
inst0 ch0:  C_CMD: RDCMD     C_r = 0x015   at time   59324833 ps
inst0 ch0:  C_CMD: RDCMD     C_f = 0x090   at time   59325247 ps
inst0 ch0:  C_CMD: RDCMD     C_r = 0x01d   at time   59328145 ps
inst0 ch0:  C_CMD: RDCMD     C_f = 0x092   at time   59328559 ps
inst0 ch0:  R_CMD: ACTCMD    R_r0= 0x0a    at time   59380309 ps
inst0 ch0:  R_CMD: ACTCMD    R_f0= 0x1b    at time   59380723 ps
inst0 ch0:  R_CMD: ACTCMD    R_r1= 0x3f    at time   59381137 ps
inst0 ch0:  R_CMD: ACTCMD    R_f1= 0x3b    at time   59381551 ps
inst0 ch0:  C_CMD: WRCMD     C_r = 0x011   at time   59391073 ps
inst0 ch0:  C_CMD: WRCMD     C_f = 0x090   at time   59391487 ps
inst0 ch0:  C_CMD: WRCMD     C_r = 0x019   at time   59394385 ps
inst0 ch0:  C_CMD: WRCMD     C_f = 0x092   at time   59394799 ps
inst0 ch0:  R_CMD: ACTCMD    R_r0= 0x2e    at time   60217417 ps
inst0 ch0:  R_CMD: ACTCMD    R_f0= 0x28    at time   60217831 ps
inst0 ch0:  R_CMD: ACTCMD    R_r1= 0x00    at time   60218245 ps
inst0 ch0:  R_CMD: ACTCMD    R_f1= 0x02    at time   60218659 ps
inst0 ch0:  C_CMD: RDCMD     C_r = 0x0d5   at time   60232321 ps
inst0 ch0:  C_CMD: RDCMD     C_f = 0x0a9   at time   60232735 ps
inst0 ch0:  C_CMD: RDCMD     C_r = 0x0dd   at time   60235633 ps
inst0 ch0:  C_CMD: RDCMD     C_f = 0x0ab   at time   60236047 ps
inst0 ch0:  R_CMD: ACTCMD    R_r0= 0x02    at time   60563521 ps
inst0 ch0:  R_CMD: ACTCMD    R_f0= 0x13    at time   60563935 ps
inst0 ch0:  R_CMD: ACTCMD    R_r1= 0x3f    at time   60564349 ps
inst0 ch0:  R_CMD: ACTCMD    R_f1= 0x3b    at time   60564763 ps
inst0 ch0:  C_CMD: RDCMD     C_r = 0x005   at time   60578425 ps
inst0 ch0:  C_CMD: RDCMD     C_f = 0x000   at time   60578839 ps
inst0 ch0:  C_CMD: RDCMD     C_r = 0x00d   at time   60581737 ps
inst0 ch0:  C_CMD: RDCMD     C_f = 0x002   at time   60582151 ps
inst0 ch0:  R_CMD: ACTCMD    R_r0= 0x02    at time   60606577 ps
inst0 ch0:  R_CMD: ACTCMD    R_f0= 0x1b    at time   60606991 ps
inst0 ch0:  R_CMD: ACTCMD    R_r1= 0x3f    at time   60607405 ps
inst0 ch0:  R_CMD: ACTCMD    R_f1= 0x3b    at time   60607819 ps
inst0 ch0:  C_CMD: RDCMD     C_r = 0x005   at time   60621481 ps
inst0 ch0:  C_CMD: RDCMD     C_f = 0x080   at time   60621895 ps
inst0 ch0:  C_CMD: RDCMD     C_r = 0x00d   at time   60624793 ps
inst0 ch0:  C_CMD: RDCMD     C_f = 0x082   at time   60625207 ps
inst0 ch0:  R_CMD: ACTCMD    R_r0= 0x02    at time   60633901 ps
inst0 ch0:  R_CMD: ACTCMD    R_f0= 0x13    at time   60634315 ps
inst0 ch0:  R_CMD: ACTCMD    R_r1= 0x3f    at time   60634729 ps
inst0 ch0:  R_CMD: ACTCMD    R_f1= 0x3b    at time   60635143 ps
inst0 ch0:  C_CMD: WRCMD     C_r = 0x001   at time   60644665 ps
inst0 ch0:  C_CMD: WRCMD     C_f = 0x000   at time   60645079 ps
inst0 ch0:  C_CMD: WRCMD     C_r = 0x009   at time   60647977 ps
inst0 ch0:  C_CMD: WRCMD     C_f = 0x002   at time   60648391 ps
inst0 ch0:  R_CMD: ACTCMD    R_r0= 0x02    at time   60676957 ps
inst0 ch0:  R_CMD: ACTCMD    R_f0= 0x1b    at time   60677371 ps
inst0 ch0:  R_CMD: ACTCMD    R_r1= 0x3f    at time   60677785 ps
inst0 ch0:  R_CMD: ACTCMD    R_f1= 0x3b    at time   60678199 ps
inst0 ch0:  C_CMD: WRCMD     C_r = 0x001   at time   60687721 ps
inst0 ch0:  C_CMD: WRCMD     C_f = 0x080   at time   60688135 ps
inst0 ch0:  C_CMD: WRCMD     C_r = 0x009   at time   60691033 ps
inst0 ch0:  C_CMD: WRCMD     C_f = 0x082   at time   60691447 ps
inst0 ch0:  R_CMD: ACTCMD    R_r0= 0x02    at time   60761413 ps
inst0 ch0:  R_CMD: ACTCMD    R_f0= 0x13    at time   60761827 ps
inst0 ch0:  R_CMD: ACTCMD    R_r1= 0x3f    at time   60762241 ps
inst0 ch0:  R_CMD: ACTCMD    R_f1= 0x3b    at time   60762655 ps
inst0 ch0:  C_CMD: RDCMD     C_r = 0x005   at time   60776317 ps
inst0 ch0:  C_CMD: RDCMD     C_f = 0x000   at time   60776731 ps
inst0 ch0:  C_CMD: RDCMD     C_r = 0x00d   at time   60779629 ps
inst0 ch0:  C_CMD: RDCMD     C_f = 0x002   at time   60780043 ps
inst0 ch0:  R_CMD: ACTCMD    R_r0= 0x02    at time   60834277 ps
inst0 ch0:  R_CMD: ACTCMD    R_f0= 0x13    at time   60834691 ps
inst0 ch0:  R_CMD: ACTCMD    R_r1= 0x3f    at time   60835105 ps
inst0 ch0:  R_CMD: ACTCMD    R_f1= 0x3b    at time   60835519 ps
inst0 ch0:  C_CMD: WRCMD     C_r = 0x001   at time   60845041 ps
inst0 ch0:  C_CMD: WRCMD     C_f = 0x000   at time   60845455 ps
inst0 ch0:  C_CMD: WRCMD     C_r = 0x009   at time   60848353 ps
inst0 ch0:  C_CMD: WRCMD     C_f = 0x002   at time   60848767 ps
inst0 ch0:  R_CMD: ACTCMD    R_r0= 0x02    at time   60928669 ps
inst0 ch0:  R_CMD: ACTCMD    R_f0= 0x1b    at time   60929083 ps
inst0 ch0:  R_CMD: ACTCMD    R_r1= 0x3f    at time   60929497 ps
inst0 ch0:  R_CMD: ACTCMD    R_f1= 0x3b    at time   60929911 ps
inst0 ch0:  C_CMD: RDCMD     C_r = 0x005   at time   60943573 ps
inst0 ch0:  C_CMD: RDCMD     C_f = 0x080   at time   60943987 ps
inst0 ch0:  C_CMD: RDCMD     C_r = 0x00d   at time   60946885 ps
inst0 ch0:  C_CMD: RDCMD     C_f = 0x082   at time   60947299 ps
inst0 ch0:  R_CMD: ACTCMD    R_r0= 0x02    at time   61001533 ps
inst0 ch0:  R_CMD: ACTCMD    R_f0= 0x1b    at time   61001947 ps
inst0 ch0:  R_CMD: ACTCMD    R_r1= 0x3f    at time   61002361 ps
inst0 ch0:  R_CMD: ACTCMD    R_f1= 0x3b    at time   61002775 ps
inst0 ch0:  C_CMD: WRCMD     C_r = 0x001   at time   61012297 ps
inst0 ch0:  C_CMD: WRCMD     C_f = 0x080   at time   61012711 ps
inst0 ch0:  C_CMD: WRCMD     C_r = 0x009   at time   61015609 ps
inst0 ch0:  C_CMD: WRCMD     C_f = 0x082   at time   61016023 ps
inst0 ch0:  R_CMD: ACTCMD    R_r0= 0x02    at time   61953733 ps
inst0 ch0:  R_CMD: ACTCMD    R_f0= 0x08    at time   61954147 ps
inst0 ch0:  R_CMD: ACTCMD    R_r1= 0x00    at time   61954561 ps
inst0 ch0:  R_CMD: ACTCMD    R_f1= 0x00    at time   61954975 ps
inst0 ch0:  R_CMD: ACTCMD    R_r0= 0x02    at time   61955389 ps
inst0 ch0:  R_CMD: ACTCMD    R_f0= 0x00    at time   61955803 ps
inst0 ch0:  R_CMD: ACTCMD    R_r1= 0x00    at time   61956217 ps
inst0 ch0:  R_CMD: ACTCMD    R_f1= 0x00    at time   61956631 ps
inst0 ch0:  C_CMD: RDCMD     C_r = 0x005   at time   61968637 ps
inst0 ch0:  C_CMD: RDCMD     C_f = 0x098   at time   61969051 ps
inst0 ch0:  C_CMD: RDCMD     C_r = 0x005   at time   61970293 ps
inst0 ch0:  C_CMD: RDCMD     C_f = 0x018   at time   61970707 ps
inst0 ch0:  C_CMD: RDCMD     C_r = 0x005   at time   61971949 ps
inst0 ch0:  C_CMD: RDCMD     C_f = 0x09a   at time   61972363 ps
inst0 ch0:  C_CMD: RDCMD     C_r = 0x005   at time   61973605 ps
inst0 ch0:  C_CMD: RDCMD     C_f = 0x01a   at time   61974019 ps
inst0 ch0:  C_CMD: RDCMD     C_r = 0x005   at time   61975261 ps
inst0 ch0:  C_CMD: RDCMD     C_f = 0x090   at time   61975675 ps
inst0 ch0:  C_CMD: RDCMD     C_r = 0x005   at time   61976917 ps
inst0 ch0:  C_CMD: RDCMD     C_f = 0x010   at time   61977331 ps
inst0 ch0:  C_CMD: RDCMD     C_r = 0x005   at time   61978573 ps
inst0 ch0:  C_CMD: RDCMD     C_f = 0x092   at time   61978987 ps
inst0 ch0:  C_CMD: RDCMD     C_r = 0x005   at time   61980229 ps
inst0 ch0:  C_CMD: RDCMD     C_f = 0x012   at time   61980643 ps
inst0 ch0:  C_CMD: RDCMD     C_r = 0x005   at time   61981885 ps
inst0 ch0:  C_CMD: RDCMD     C_f = 0x088   at time   61982299 ps
inst0 ch0:  C_CMD: RDCMD     C_r = 0x005   at time   61983541 ps
inst0 ch0:  C_CMD: RDCMD     C_f = 0x008   at time   61983955 ps
inst0 ch0:  C_CMD: RDCMD     C_r = 0x005   at time   61985197 ps
inst0 ch0:  C_CMD: RDCMD     C_f = 0x08a   at time   61985611 ps
inst0 ch0:  C_CMD: RDCMD     C_r = 0x005   at time   61986853 ps
inst0 ch0:  C_CMD: RDCMD     C_f = 0x00a   at time   61987267 ps
inst0 ch0:  C_CMD: RDCMD     C_r = 0x005   at time   61988509 ps
inst0 ch0:  C_CMD: RDCMD     C_f = 0x080   at time   61988923 ps
inst0 ch0:  C_CMD: RDCMD     C_r = 0x005   at time   61990165 ps
inst0 ch0:  C_CMD: RDCMD     C_f = 0x000   at time   61990579 ps
inst0 ch0:  C_CMD: RDCMD     C_r = 0x00d   at time   61991821 ps
inst0 ch0:  C_CMD: RDCMD     C_f = 0x082   at time   61992235 ps
inst0 ch0:  C_CMD: RDCMD     C_r = 0x00d   at time   61993477 ps
inst0 ch0:  C_CMD: RDCMD     C_f = 0x002   at time   61993891 ps
inst0 ch0:  R_CMD: ACTCMD    R_r0= 0x0a    at time   62379325 ps
inst0 ch0:  R_CMD: ACTCMD    R_f0= 0x08    at time   62379739 ps
inst0 ch0:  R_CMD: ACTCMD    R_r1= 0x00    at time   62380153 ps
inst0 ch0:  R_CMD: ACTCMD    R_f1= 0x00    at time   62380567 ps
inst0 ch0:  C_CMD: RDCMD     C_r = 0x015   at time   62394229 ps
inst0 ch0:  C_CMD: RDCMD     C_f = 0x098   at time   62394643 ps
inst0 ch0:  C_CMD: RDCMD     C_r = 0x015   at time   62397541 ps
inst0 ch0:  C_CMD: RDCMD     C_f = 0x09a   at time   62397955 ps
inst0 ch0:  C_CMD: RDCMD     C_r = 0x015   at time   62400853 ps
inst0 ch0:  C_CMD: RDCMD     C_f = 0x090   at time   62401267 ps
inst0 ch0:  C_CMD: RDCMD     C_r = 0x015   at time   62404165 ps
inst0 ch0:  C_CMD: RDCMD     C_f = 0x092   at time   62404579 ps
inst0 ch0:  C_CMD: RDCMD     C_r = 0x015   at time   62407477 ps
inst0 ch0:  C_CMD: RDCMD     C_f = 0x088   at time   62407891 ps
inst0 ch0:  C_CMD: RDCMD     C_r = 0x015   at time   62410789 ps
inst0 ch0:  C_CMD: RDCMD     C_f = 0x08a   at time   62411203 ps
inst0 ch0:  C_CMD: RDCMD     C_r = 0x015   at time   62414101 ps
inst0 ch0:  C_CMD: RDCMD     C_f = 0x080   at time   62414515 ps
inst0 ch0:  R_CMD: ACTCMD    R_r0= 0x0a    at time   62415757 ps
inst0 ch0:  R_CMD: ACTCMD    R_f0= 0x00    at time   62416171 ps
inst0 ch0:  R_CMD: ACTCMD    R_r1= 0x00    at time   62416585 ps
inst0 ch0:  R_CMD: ACTCMD    R_f1= 0x00    at time   62416999 ps
inst0 ch0:  C_CMD: RDCMD     C_r = 0x01d   at time   62417413 ps
inst0 ch0:  C_CMD: RDCMD     C_f = 0x082   at time   62417827 ps
inst0 ch0:  C_CMD: RDCMD     C_r = 0x015   at time   62430661 ps
inst0 ch0:  C_CMD: RDCMD     C_f = 0x018   at time   62431075 ps
inst0 ch0:  C_CMD: RDCMD     C_r = 0x015   at time   62433973 ps
inst0 ch0:  C_CMD: RDCMD     C_f = 0x01a   at time   62434387 ps
inst0 ch0:  C_CMD: RDCMD     C_r = 0x015   at time   62437285 ps
inst0 ch0:  C_CMD: RDCMD     C_f = 0x010   at time   62437699 ps
inst0 ch0:  C_CMD: RDCMD     C_r = 0x015   at time   62440597 ps
inst0 ch0:  C_CMD: RDCMD     C_f = 0x012   at time   62441011 ps
inst0 ch0:  C_CMD: RDCMD     C_r = 0x015   at time   62443909 ps
inst0 ch0:  C_CMD: RDCMD     C_f = 0x008   at time   62444323 ps
inst0 ch0:  C_CMD: RDCMD     C_r = 0x015   at time   62447221 ps
inst0 ch0:  C_CMD: RDCMD     C_f = 0x00a   at time   62447635 ps
inst0 ch0:  C_CMD: RDCMD     C_r = 0x015   at time   62450533 ps
inst0 ch0:  C_CMD: RDCMD     C_f = 0x000   at time   62450947 ps
inst0 ch0:  C_CMD: RDCMD     C_r = 0x01d   at time   62453845 ps
inst0 ch0:  C_CMD: RDCMD     C_f = 0x002   at time   62454259 ps
inst0 ch0:  R_CMD: ACTCMD    R_r0= 0x0a    at time   62589637 ps
inst0 ch0:  R_CMD: ACTCMD    R_f0= 0x08    at time   62590051 ps
inst0 ch0:  R_CMD: ACTCMD    R_r1= 0x00    at time   62590465 ps
inst0 ch0:  R_CMD: ACTCMD    R_f1= 0x00    at time   62590879 ps
inst0 ch0:  C_CMD: RDCMD     C_r = 0x015   at time   62604541 ps
inst0 ch0:  C_CMD: RDCMD     C_f = 0x0b8   at time   62604955 ps
inst0 ch0:  C_CMD: RDCMD     C_r = 0x015   at time   62607853 ps
inst0 ch0:  C_CMD: RDCMD     C_f = 0x0ba   at time   62608267 ps
inst0 ch0:  C_CMD: RDCMD     C_r = 0x015   at time   62611165 ps
inst0 ch0:  C_CMD: RDCMD     C_f = 0x0b0   at time   62611579 ps
inst0 ch0:  C_CMD: RDCMD     C_r = 0x015   at time   62614477 ps
inst0 ch0:  C_CMD: RDCMD     C_f = 0x0b2   at time   62614891 ps
inst0 ch0:  C_CMD: RDCMD     C_r = 0x015   at time   62617789 ps
inst0 ch0:  C_CMD: RDCMD     C_f = 0x0a8   at time   62618203 ps
inst0 ch0:  C_CMD: RDCMD     C_r = 0x015   at time   62621101 ps
inst0 ch0:  C_CMD: RDCMD     C_f = 0x0aa   at time   62621515 ps
inst0 ch0:  C_CMD: RDCMD     C_r = 0x015   at time   62624413 ps
inst0 ch0:  C_CMD: RDCMD     C_f = 0x0a0   at time   62624827 ps
inst0 ch0:  C_CMD: RDCMD     C_r = 0x01d   at time   62627725 ps
inst0 ch0:  C_CMD: RDCMD     C_f = 0x0a2   at time   62628139 ps
inst0 ch0:  R_CMD: ACTCMD    R_r0= 0x0a    at time   62662501 ps
inst0 ch0:  R_CMD: ACTCMD    R_f0= 0x08    at time   62662915 ps
inst0 ch0:  R_CMD: ACTCMD    R_r1= 0x00    at time   62663329 ps
inst0 ch0:  R_CMD: ACTCMD    R_f1= 0x00    at time   62663743 ps
inst0 ch0:  C_CMD: WRCMD     C_r = 0x011   at time   62673265 ps
inst0 ch0:  C_CMD: WRCMD     C_f = 0x0b8   at time   62673679 ps
inst0 ch0:  C_CMD: WRCMD     C_r = 0x011   at time   62676577 ps
inst0 ch0:  C_CMD: WRCMD     C_f = 0x0ba   at time   62676991 ps
inst0 ch0:  C_CMD: WRCMD     C_r = 0x011   at time   62679889 ps
inst0 ch0:  C_CMD: WRCMD     C_f = 0x0a8   at time   62680303 ps
inst0 ch0:  C_CMD: WRCMD     C_r = 0x011   at time   62683201 ps
inst0 ch0:  C_CMD: WRCMD     C_f = 0x0aa   at time   62683615 ps
inst0 ch0:  C_CMD: WRCMD     C_r = 0x011   at time   62686513 ps
inst0 ch0:  C_CMD: WRCMD     C_f = 0x0b0   at time   62686927 ps
inst0 ch0:  C_CMD: WRCMD     C_r = 0x011   at time   62689825 ps
inst0 ch0:  C_CMD: WRCMD     C_f = 0x0b2   at time   62690239 ps
inst0 ch0:  C_CMD: WRCMD     C_r = 0x011   at time   62693137 ps
inst0 ch0:  C_CMD: WRCMD     C_f = 0x0a0   at time   62693551 ps
inst0 ch0:  C_CMD: WRCMD     C_r = 0x019   at time   62696449 ps
inst0 ch0:  C_CMD: WRCMD     C_f = 0x0a2   at time   62696863 ps
inst0 ch0:  R_CMD: ACTCMD    R_r0= 0x0a    at time   62715493 ps
inst0 ch0:  R_CMD: ACTCMD    R_f0= 0x00    at time   62715907 ps
inst0 ch0:  R_CMD: ACTCMD    R_r1= 0x00    at time   62716321 ps
inst0 ch0:  R_CMD: ACTCMD    R_f1= 0x00    at time   62716735 ps
inst0 ch0:  C_CMD: RDCMD     C_r = 0x015   at time   62730397 ps
inst0 ch0:  C_CMD: RDCMD     C_f = 0x038   at time   62730811 ps
inst0 ch0:  C_CMD: RDCMD     C_r = 0x015   at time   62733709 ps
inst0 ch0:  C_CMD: RDCMD     C_f = 0x03a   at time   62734123 ps
inst0 ch0:  C_CMD: RDCMD     C_r = 0x015   at time   62737021 ps
inst0 ch0:  C_CMD: RDCMD     C_f = 0x030   at time   62737435 ps
inst0 ch0:  C_CMD: RDCMD     C_r = 0x015   at time   62740333 ps
inst0 ch0:  C_CMD: RDCMD     C_f = 0x032   at time   62740747 ps
inst0 ch0:  C_CMD: RDCMD     C_r = 0x015   at time   62743645 ps
inst0 ch0:  C_CMD: RDCMD     C_f = 0x028   at time   62744059 ps
inst0 ch0:  C_CMD: RDCMD     C_r = 0x015   at time   62746957 ps
inst0 ch0:  C_CMD: RDCMD     C_f = 0x02a   at time   62747371 ps
inst0 ch0:  C_CMD: RDCMD     C_r = 0x015   at time   62750269 ps
inst0 ch0:  C_CMD: RDCMD     C_f = 0x020   at time   62750683 ps
inst0 ch0:  C_CMD: RDCMD     C_r = 0x01d   at time   62753581 ps
inst0 ch0:  C_CMD: RDCMD     C_f = 0x022   at time   62753995 ps
inst0 ch0:  R_CMD: ACTCMD    R_r0= 0x0a    at time   62791669 ps
inst0 ch0:  R_CMD: ACTCMD    R_f0= 0x00    at time   62792083 ps
inst0 ch0:  R_CMD: ACTCMD    R_r1= 0x00    at time   62792497 ps
inst0 ch0:  R_CMD: ACTCMD    R_f1= 0x00    at time   62792911 ps
inst0 ch0:  C_CMD: WRCMD     C_r = 0x011   at time   62802433 ps
inst0 ch0:  C_CMD: WRCMD     C_f = 0x028   at time   62802847 ps
inst0 ch0:  C_CMD: WRCMD     C_r = 0x011   at time   62805745 ps
inst0 ch0:  C_CMD: WRCMD     C_f = 0x02a   at time   62806159 ps
inst0 ch0:  C_CMD: WRCMD     C_r = 0x011   at time   62809057 ps
inst0 ch0:  C_CMD: WRCMD     C_f = 0x038   at time   62809471 ps
inst0 ch0:  C_CMD: WRCMD     C_r = 0x011   at time   62812369 ps
inst0 ch0:  C_CMD: WRCMD     C_f = 0x03a   at time   62812783 ps
inst0 ch0:  C_CMD: WRCMD     C_r = 0x011   at time   62815681 ps
inst0 ch0:  C_CMD: WRCMD     C_f = 0x020   at time   62816095 ps
inst0 ch0:  C_CMD: WRCMD     C_r = 0x011   at time   62818993 ps
inst0 ch0:  C_CMD: WRCMD     C_f = 0x022   at time   62819407 ps
inst0 ch0:  C_CMD: WRCMD     C_r = 0x011   at time   62822305 ps
inst0 ch0:  C_CMD: WRCMD     C_f = 0x030   at time   62822719 ps
inst0 ch0:  C_CMD: WRCMD     C_r = 0x019   at time   62825617 ps
inst0 ch0:  C_CMD: WRCMD     C_f = 0x032   at time   62826031 ps
inst0 ch0:  R_CMD: ACTCMD    R_r0= 0x02    at time   63636229 ps
inst0 ch0:  R_CMD: ACTCMD    R_f0= 0x13    at time   63636643 ps
inst0 ch0:  R_CMD: ACTCMD    R_r1= 0x3f    at time   63637057 ps
inst0 ch0:  R_CMD: ACTCMD    R_f1= 0x3b    at time   63637471 ps
inst0 ch0:  C_CMD: RDCMD     C_r = 0x005   at time   63651133 ps
inst0 ch0:  C_CMD: RDCMD     C_f = 0x000   at time   63651547 ps
inst0 ch0:  C_CMD: RDCMD     C_r = 0x00d   at time   63654445 ps
inst0 ch0:  C_CMD: RDCMD     C_f = 0x002   at time   63654859 ps
inst0 ch0:  R_CMD: ACTCMD    R_r0= 0x02    at time   63729793 ps
inst0 ch0:  R_CMD: ACTCMD    R_f0= 0x1b    at time   63730207 ps
inst0 ch0:  R_CMD: ACTCMD    R_r1= 0x3f    at time   63730621 ps
inst0 ch0:  R_CMD: ACTCMD    R_f1= 0x3b    at time   63731035 ps
inst0 ch0:  C_CMD: RDCMD     C_r = 0x005   at time   63744697 ps
inst0 ch0:  C_CMD: RDCMD     C_f = 0x080   at time   63745111 ps
inst0 ch0:  C_CMD: RDCMD     C_r = 0x00d   at time   63748009 ps
inst0 ch0:  C_CMD: RDCMD     C_f = 0x082   at time   63748423 ps
inst0 ch0:  R_CMD: ACTCMD    R_r0= 0x02    at time   63845713 ps
inst0 ch0:  R_CMD: ACTCMD    R_f0= 0x13    at time   63846127 ps
inst0 ch0:  R_CMD: ACTCMD    R_r1= 0x3f    at time   63846541 ps
inst0 ch0:  R_CMD: ACTCMD    R_f1= 0x3b    at time   63846955 ps
inst0 ch0:  R_CMD: ACTCMD    R_r0= 0x02    at time   63848197 ps
inst0 ch0:  R_CMD: ACTCMD    R_f0= 0x1b    at time   63848611 ps
inst0 ch0:  R_CMD: ACTCMD    R_r1= 0x3f    at time   63849025 ps
inst0 ch0:  R_CMD: ACTCMD    R_f1= 0x3b    at time   63849439 ps
inst0 ch0:  C_CMD: WRCMD     C_r = 0x001   at time   63856477 ps
inst0 ch0:  C_CMD: WRCMD     C_f = 0x000   at time   63856891 ps
inst0 ch0:  C_CMD: WRCMD     C_r = 0x001   at time   63858961 ps
inst0 ch0:  C_CMD: WRCMD     C_f = 0x080   at time   63859375 ps
inst0 ch0:  C_CMD: WRCMD     C_r = 0x009   at time   63859789 ps
inst0 ch0:  C_CMD: WRCMD     C_f = 0x002   at time   63860203 ps
inst0 ch0:  C_CMD: WRCMD     C_r = 0x009   at time   63862273 ps
inst0 ch0:  C_CMD: WRCMD     C_f = 0x082   at time   63862687 ps
inst0 ch0:  R_CMD: ACTCMD    R_r0= 0x02    at time   63988129 ps
inst0 ch0:  R_CMD: ACTCMD    R_f0= 0x1b    at time   63988543 ps
inst0 ch0:  R_CMD: ACTCMD    R_r1= 0x3f    at time   63988957 ps
inst0 ch0:  R_CMD: ACTCMD    R_f1= 0x3b    at time   63989371 ps
inst0 ch0:  C_CMD: RDCMD     C_r = 0x005   at time   64003033 ps
inst0 ch0:  C_CMD: RDCMD     C_f = 0x080   at time   64003447 ps
inst0 ch0:  C_CMD: RDCMD     C_r = 0x00d   at time   64006345 ps
inst0 ch0:  C_CMD: RDCMD     C_f = 0x082   at time   64006759 ps
inst0 ch0:  R_CMD: ACTCMD    R_r0= 0x02    at time   64022905 ps
inst0 ch0:  R_CMD: ACTCMD    R_f0= 0x13    at time   64023319 ps
inst0 ch0:  R_CMD: ACTCMD    R_r1= 0x3f    at time   64023733 ps
inst0 ch0:  R_CMD: ACTCMD    R_f1= 0x3b    at time   64024147 ps
inst0 ch0:  C_CMD: RDCMD     C_r = 0x005   at time   64037809 ps
inst0 ch0:  C_CMD: RDCMD     C_f = 0x000   at time   64038223 ps
inst0 ch0:  C_CMD: RDCMD     C_r = 0x00d   at time   64041121 ps
inst0 ch0:  C_CMD: RDCMD     C_f = 0x002   at time   64041535 ps
inst0 ch0:  R_CMD: ACTCMD    R_r0= 0x02    at time   64056025 ps
inst0 ch0:  R_CMD: ACTCMD    R_f0= 0x1b    at time   64056439 ps
inst0 ch0:  R_CMD: ACTCMD    R_r1= 0x3f    at time   64056853 ps
inst0 ch0:  R_CMD: ACTCMD    R_f1= 0x3b    at time   64057267 ps
inst0 ch0:  C_CMD: WRCMD     C_r = 0x001   at time   64066789 ps
inst0 ch0:  C_CMD: WRCMD     C_f = 0x080   at time   64067203 ps
inst0 ch0:  C_CMD: WRCMD     C_r = 0x009   at time   64070101 ps
inst0 ch0:  C_CMD: WRCMD     C_f = 0x082   at time   64070515 ps
inst0 ch0:  R_CMD: ACTCMD    R_r0= 0x02    at time   64093285 ps
inst0 ch0:  R_CMD: ACTCMD    R_f0= 0x13    at time   64093699 ps
inst0 ch0:  R_CMD: ACTCMD    R_r1= 0x3f    at time   64094113 ps
inst0 ch0:  R_CMD: ACTCMD    R_f1= 0x3b    at time   64094527 ps
inst0 ch0:  C_CMD: WRCMD     C_r = 0x001   at time   64104049 ps
inst0 ch0:  C_CMD: WRCMD     C_f = 0x000   at time   64104463 ps
inst0 ch0:  C_CMD: WRCMD     C_r = 0x009   at time   64107361 ps
inst0 ch0:  C_CMD: WRCMD     C_f = 0x002   at time   64107775 ps
inst0 ch0:  R_CMD: ACTCMD    R_r0= 0x0a    at time   64422001 ps
inst0 ch0:  R_CMD: ACTCMD    R_f0= 0x11    at time   64422415 ps
inst0 ch0:  R_CMD: ACTCMD    R_r1= 0x3f    at time   64422829 ps
inst0 ch0:  R_CMD: ACTCMD    R_f1= 0x3b    at time   64423243 ps
inst0 ch0:  R_CMD: ACTCMD    R_r0= 0x02    at time   64426141 ps
inst0 ch0:  R_CMD: ACTCMD    R_f0= 0x11    at time   64426555 ps
inst0 ch0:  R_CMD: ACTCMD    R_r1= 0x3f    at time   64426969 ps
inst0 ch0:  R_CMD: ACTCMD    R_f1= 0x3b    at time   64427383 ps
inst0 ch0:  C_CMD: RDCMD     C_r = 0x015   at time   64436905 ps
inst0 ch0:  C_CMD: RDCMD     C_f = 0x078   at time   64437319 ps
inst0 ch0:  C_CMD: RDCMD     C_r = 0x01d   at time   64440217 ps
inst0 ch0:  C_CMD: RDCMD     C_f = 0x07a   at time   64440631 ps
inst0 ch0:  C_CMD: RDCMD     C_r = 0x005   at time   64443529 ps
inst0 ch0:  C_CMD: RDCMD     C_f = 0x078   at time   64443943 ps
inst0 ch0:  C_CMD: RDCMD     C_r = 0x00d   at time   64446841 ps
inst0 ch0:  C_CMD: RDCMD     C_f = 0x07a   at time   64447255 ps
inst0 ch0:  R_CMD: ACTCMD    R_r0= 0x0a    at time   64457605 ps
inst0 ch0:  R_CMD: ACTCMD    R_f0= 0x19    at time   64458019 ps
inst0 ch0:  R_CMD: ACTCMD    R_r1= 0x3f    at time   64458433 ps
inst0 ch0:  R_CMD: ACTCMD    R_f1= 0x3b    at time   64458847 ps
inst0 ch0:  R_CMD: ACTCMD    R_r0= 0x02    at time   64461745 ps
inst0 ch0:  R_CMD: ACTCMD    R_f0= 0x19    at time   64462159 ps
inst0 ch0:  R_CMD: ACTCMD    R_r1= 0x3f    at time   64462573 ps
inst0 ch0:  R_CMD: ACTCMD    R_f1= 0x3b    at time   64462987 ps
inst0 ch0:  C_CMD: RDCMD     C_r = 0x015   at time   64472509 ps
inst0 ch0:  C_CMD: RDCMD     C_f = 0x0f8   at time   64472923 ps
inst0 ch0:  C_CMD: RDCMD     C_r = 0x01d   at time   64475821 ps
inst0 ch0:  C_CMD: RDCMD     C_f = 0x0fa   at time   64476235 ps
inst0 ch0:  C_CMD: RDCMD     C_r = 0x005   at time   64479133 ps
inst0 ch0:  C_CMD: RDCMD     C_f = 0x0f8   at time   64479547 ps
inst0 ch0:  C_CMD: RDCMD     C_r = 0x00d   at time   64482445 ps
inst0 ch0:  C_CMD: RDCMD     C_f = 0x0fa   at time   64482859 ps
inst0 ch0:  R_CMD: ACTCMD    R_r0= 0x0a    at time   64489897 ps
inst0 ch0:  R_CMD: ACTCMD    R_f0= 0x11    at time   64490311 ps
inst0 ch0:  R_CMD: ACTCMD    R_r1= 0x3f    at time   64490725 ps
inst0 ch0:  R_CMD: ACTCMD    R_f1= 0x3b    at time   64491139 ps
inst0 ch0:  R_CMD: ACTCMD    R_r0= 0x02    at time   64496521 ps
inst0 ch0:  R_CMD: ACTCMD    R_f0= 0x11    at time   64496935 ps
inst0 ch0:  R_CMD: ACTCMD    R_r1= 0x3f    at time   64497349 ps
inst0 ch0:  R_CMD: ACTCMD    R_f1= 0x3b    at time   64497763 ps
inst0 ch0:  C_CMD: WRCMD     C_r = 0x011   at time   64500661 ps
inst0 ch0:  C_CMD: WRCMD     C_f = 0x078   at time   64501075 ps
inst0 ch0:  C_CMD: WRCMD     C_r = 0x019   at time   64503973 ps
inst0 ch0:  C_CMD: WRCMD     C_f = 0x07a   at time   64504387 ps
inst0 ch0:  C_CMD: WRCMD     C_r = 0x001   at time   64507285 ps
inst0 ch0:  C_CMD: WRCMD     C_f = 0x078   at time   64507699 ps
inst0 ch0:  C_CMD: WRCMD     C_r = 0x009   at time   64510597 ps
inst0 ch0:  C_CMD: WRCMD     C_f = 0x07a   at time   64511011 ps
inst0 ch0:  R_CMD: ACTCMD    R_r0= 0x0a    at time   64527985 ps
inst0 ch0:  R_CMD: ACTCMD    R_f0= 0x19    at time   64528399 ps
inst0 ch0:  R_CMD: ACTCMD    R_r1= 0x3f    at time   64528813 ps
inst0 ch0:  R_CMD: ACTCMD    R_f1= 0x3b    at time   64529227 ps
inst0 ch0:  R_CMD: ACTCMD    R_r0= 0x02    at time   64534609 ps
inst0 ch0:  R_CMD: ACTCMD    R_f0= 0x19    at time   64535023 ps
inst0 ch0:  R_CMD: ACTCMD    R_r1= 0x3f    at time   64535437 ps
inst0 ch0:  R_CMD: ACTCMD    R_f1= 0x3b    at time   64535851 ps
inst0 ch0:  C_CMD: WRCMD     C_r = 0x011   at time   64538749 ps
inst0 ch0:  C_CMD: WRCMD     C_f = 0x0f8   at time   64539163 ps
inst0 ch0:  C_CMD: WRCMD     C_r = 0x019   at time   64542061 ps
inst0 ch0:  C_CMD: WRCMD     C_f = 0x0fa   at time   64542475 ps
inst0 ch0:  C_CMD: WRCMD     C_r = 0x001   at time   64545373 ps
inst0 ch0:  C_CMD: WRCMD     C_f = 0x0f8   at time   64545787 ps
inst0 ch0:  C_CMD: WRCMD     C_r = 0x009   at time   64548685 ps
inst0 ch0:  C_CMD: WRCMD     C_f = 0x0fa   at time   64549099 ps
inst0 ch0:  R_CMD: ACTCMD    R_r0= 0x0a    at time   64970965 ps
inst0 ch0:  R_CMD: ACTCMD    R_f0= 0x02    at time   64971379 ps
inst0 ch0:  R_CMD: ACTCMD    R_r1= 0x00    at time   64971793 ps
inst0 ch0:  R_CMD: ACTCMD    R_f1= 0x00    at time   64972207 ps
inst0 ch0:  R_CMD: ACTCMD    R_r0= 0x02    at time   64975105 ps
inst0 ch0:  R_CMD: ACTCMD    R_f0= 0x02    at time   64975519 ps
inst0 ch0:  R_CMD: ACTCMD    R_r1= 0x00    at time   64975933 ps
inst0 ch0:  R_CMD: ACTCMD    R_f1= 0x00    at time   64976347 ps
inst0 ch0:  C_CMD: RDCMD     C_r = 0x015   at time   64985869 ps
inst0 ch0:  C_CMD: RDCMD     C_f = 0x000   at time   64986283 ps
inst0 ch0:  C_CMD: RDCMD     C_r = 0x01d   at time   64989181 ps
inst0 ch0:  C_CMD: RDCMD     C_f = 0x002   at time   64989595 ps
inst0 ch0:  C_CMD: RDCMD     C_r = 0x005   at time   64992493 ps
inst0 ch0:  C_CMD: RDCMD     C_f = 0x000   at time   64992907 ps
inst0 ch0:  C_CMD: RDCMD     C_r = 0x00d   at time   64995805 ps
inst0 ch0:  C_CMD: RDCMD     C_f = 0x002   at time   64996219 ps
inst0 ch0:  R_CMD: ACTCMD    R_r0= 0x0a    at time   65265733 ps
inst0 ch0:  R_CMD: ACTCMD    R_f0= 0x0a    at time   65266147 ps
inst0 ch0:  R_CMD: ACTCMD    R_r1= 0x00    at time   65266561 ps
inst0 ch0:  R_CMD: ACTCMD    R_f1= 0x00    at time   65266975 ps
inst0 ch0:  R_CMD: ACTCMD    R_r0= 0x02    at time   65269873 ps
inst0 ch0:  R_CMD: ACTCMD    R_f0= 0x0a    at time   65270287 ps
inst0 ch0:  R_CMD: ACTCMD    R_r1= 0x00    at time   65270701 ps
inst0 ch0:  R_CMD: ACTCMD    R_f1= 0x00    at time   65271115 ps
inst0 ch0:  C_CMD: RDCMD     C_r = 0x015   at time   65280637 ps
inst0 ch0:  C_CMD: RDCMD     C_f = 0x080   at time   65281051 ps
inst0 ch0:  C_CMD: RDCMD     C_r = 0x01d   at time   65283949 ps
inst0 ch0:  C_CMD: RDCMD     C_f = 0x082   at time   65284363 ps
inst0 ch0:  C_CMD: RDCMD     C_r = 0x005   at time   65287261 ps
inst0 ch0:  C_CMD: RDCMD     C_f = 0x080   at time   65287675 ps
inst0 ch0:  C_CMD: RDCMD     C_r = 0x00d   at time   65290573 ps
inst0 ch0:  C_CMD: RDCMD     C_f = 0x082   at time   65290987 ps
