inst0 ch0:  R_CMD: ACTCMD    R_r0= 0x0e    at time   33400981 ps
inst0 ch0:  R_CMD: ACTCMD    R_f0= 0x28    at time   33401395 ps
inst0 ch0:  R_CMD: ACTCMD    R_r1= 0x00    at time   33401809 ps
inst0 ch0:  R_CMD: ACTCMD    R_f1= 0x02    at time   33402223 ps
inst0 ch0:  R_CMD: ACTCMD    R_r0= 0x0e    at time   33402637 ps
inst0 ch0:  R_CMD: ACTCMD    R_f0= 0x20    at time   33403051 ps
inst0 ch0:  R_CMD: ACTCMD    R_r1= 0x00    at time   33403465 ps
inst0 ch0:  R_CMD: ACTCMD    R_f1= 0x02    at time   33403879 ps
inst0 ch0:  C_CMD: RDCMD     C_r = 0x095   at time   33415885 ps
inst0 ch0:  C_CMD: RDCMD     C_f = 0x0a9   at time   33416299 ps
inst0 ch0:  C_CMD: RDCMD     C_r = 0x095   at time   33417541 ps
inst0 ch0:  C_CMD: RDCMD     C_f = 0x029   at time   33417955 ps
inst0 ch0:  C_CMD: RDCMD     C_r = 0x095   at time   33419197 ps
inst0 ch0:  C_CMD: RDCMD     C_f = 0x0ab   at time   33419611 ps
inst0 ch0:  C_CMD: RDCMD     C_r = 0x095   at time   33420853 ps
inst0 ch0:  C_CMD: RDCMD     C_f = 0x02b   at time   33421267 ps
inst0 ch0:  C_CMD: RDCMD     C_r = 0x095   at time   33422509 ps
inst0 ch0:  C_CMD: RDCMD     C_f = 0x0a1   at time   33422923 ps
inst0 ch0:  C_CMD: RDCMD     C_r = 0x095   at time   33424165 ps
inst0 ch0:  C_CMD: RDCMD     C_f = 0x021   at time   33424579 ps
inst0 ch0:  C_CMD: RDCMD     C_r = 0x09d   at time   33425821 ps
inst0 ch0:  C_CMD: RDCMD     C_f = 0x0a3   at time   33426235 ps
inst0 ch0:  C_CMD: RDCMD     C_r = 0x09d   at time   33427477 ps
inst0 ch0:  C_CMD: RDCMD     C_f = 0x023   at time   33427891 ps
inst0 ch0:  R_CMD: ACTCMD    R_r0= 0x0e    at time   33697405 ps
inst0 ch0:  R_CMD: ACTCMD    R_f0= 0x28    at time   33697819 ps
inst0 ch0:  R_CMD: ACTCMD    R_r1= 0x00    at time   33698233 ps
inst0 ch0:  R_CMD: ACTCMD    R_f1= 0x02    at time   33698647 ps
inst0 ch0:  R_CMD: ACTCMD    R_r0= 0x0e    at time   33699061 ps
inst0 ch0:  R_CMD: ACTCMD    R_f0= 0x20    at time   33699475 ps
inst0 ch0:  R_CMD: ACTCMD    R_r1= 0x00    at time   33699889 ps
inst0 ch0:  R_CMD: ACTCMD    R_f1= 0x02    at time   33700303 ps
inst0 ch0:  C_CMD: WRCMD     C_r = 0x091   at time   33708169 ps
inst0 ch0:  C_CMD: WRCMD     C_f = 0x0a9   at time   33708583 ps
inst0 ch0:  C_CMD: WRCMD     C_r = 0x091   at time   33709825 ps
inst0 ch0:  C_CMD: WRCMD     C_f = 0x029   at time   33710239 ps
inst0 ch0:  C_CMD: WRCMD     C_r = 0x091   at time   33711481 ps
inst0 ch0:  C_CMD: WRCMD     C_f = 0x0ab   at time   33711895 ps
inst0 ch0:  C_CMD: WRCMD     C_r = 0x091   at time   33713137 ps
inst0 ch0:  C_CMD: WRCMD     C_f = 0x02b   at time   33713551 ps
inst0 ch0:  C_CMD: WRCMD     C_r = 0x091   at time   33714793 ps
inst0 ch0:  C_CMD: WRCMD     C_f = 0x0a1   at time   33715207 ps
inst0 ch0:  C_CMD: WRCMD     C_r = 0x091   at time   33716449 ps
inst0 ch0:  C_CMD: WRCMD     C_f = 0x021   at time   33716863 ps
inst0 ch0:  C_CMD: WRCMD     C_r = 0x099   at time   33718105 ps
inst0 ch0:  C_CMD: WRCMD     C_f = 0x0a3   at time   33718519 ps
inst0 ch0:  C_CMD: WRCMD     C_r = 0x099   at time   33719761 ps
inst0 ch0:  C_CMD: WRCMD     C_f = 0x023   at time   33720175 ps
inst0 ch0:  R_CMD: ACTCMD    R_r0= 0x2e    at time   37810909 ps
inst0 ch0:  R_CMD: ACTCMD    R_f0= 0x28    at time   37811323 ps
inst0 ch0:  R_CMD: ACTCMD    R_r1= 0x00    at time   37811737 ps
inst0 ch0:  R_CMD: ACTCMD    R_f1= 0x02    at time   37812151 ps
inst0 ch0:  R_CMD: ACTCMD    R_r0= 0x2e    at time   37813393 ps
inst0 ch0:  R_CMD: ACTCMD    R_f0= 0x20    at time   37813807 ps
inst0 ch0:  R_CMD: ACTCMD    R_r1= 0x00    at time   37814221 ps
inst0 ch0:  R_CMD: ACTCMD    R_f1= 0x02    at time   37814635 ps
inst0 ch0:  C_CMD: RDCMD     C_r = 0x0d5   at time   37825813 ps
inst0 ch0:  C_CMD: RDCMD     C_f = 0x0a9   at time   37826227 ps
inst0 ch0:  C_CMD: RDCMD     C_r = 0x0d5   at time   37828297 ps
inst0 ch0:  C_CMD: RDCMD     C_f = 0x029   at time   37828711 ps
inst0 ch0:  C_CMD: RDCMD     C_r = 0x0d5   at time   37829125 ps
inst0 ch0:  C_CMD: RDCMD     C_f = 0x0ab   at time   37829539 ps
inst0 ch0:  C_CMD: RDCMD     C_r = 0x0d5   at time   37831609 ps
inst0 ch0:  C_CMD: RDCMD     C_f = 0x02b   at time   37832023 ps
inst0 ch0:  C_CMD: RDCMD     C_r = 0x0d5   at time   37832437 ps
inst0 ch0:  C_CMD: RDCMD     C_f = 0x0a1   at time   37832851 ps
inst0 ch0:  C_CMD: RDCMD     C_r = 0x0d5   at time   37834921 ps
inst0 ch0:  C_CMD: RDCMD     C_f = 0x021   at time   37835335 ps
inst0 ch0:  C_CMD: RDCMD     C_r = 0x0dd   at time   37835749 ps
inst0 ch0:  C_CMD: RDCMD     C_f = 0x0a3   at time   37836163 ps
inst0 ch0:  C_CMD: RDCMD     C_r = 0x0dd   at time   37838233 ps
inst0 ch0:  C_CMD: RDCMD     C_f = 0x023   at time   37838647 ps
inst0 ch0:  R_CMD: ACTCMD    R_r0= 0x2e    at time   37881289 ps
inst0 ch0:  R_CMD: ACTCMD    R_f0= 0x28    at time   37881703 ps
inst0 ch0:  R_CMD: ACTCMD    R_r1= 0x00    at time   37882117 ps
inst0 ch0:  R_CMD: ACTCMD    R_f1= 0x02    at time   37882531 ps
inst0 ch0:  R_CMD: ACTCMD    R_r0= 0x2e    at time   37883773 ps
inst0 ch0:  R_CMD: ACTCMD    R_f0= 0x20    at time   37884187 ps
inst0 ch0:  R_CMD: ACTCMD    R_r1= 0x00    at time   37884601 ps
inst0 ch0:  R_CMD: ACTCMD    R_f1= 0x02    at time   37885015 ps
inst0 ch0:  C_CMD: WRCMD     C_r = 0x0d1   at time   37892053 ps
inst0 ch0:  C_CMD: WRCMD     C_f = 0x0a9   at time   37892467 ps
inst0 ch0:  C_CMD: WRCMD     C_r = 0x0d1   at time   37894537 ps
inst0 ch0:  C_CMD: WRCMD     C_f = 0x029   at time   37894951 ps
inst0 ch0:  C_CMD: WRCMD     C_r = 0x0d1   at time   37895365 ps
inst0 ch0:  C_CMD: WRCMD     C_f = 0x0ab   at time   37895779 ps
inst0 ch0:  C_CMD: WRCMD     C_r = 0x0d1   at time   37897849 ps
inst0 ch0:  C_CMD: WRCMD     C_f = 0x02b   at time   37898263 ps
inst0 ch0:  C_CMD: WRCMD     C_r = 0x0d1   at time   37898677 ps
inst0 ch0:  C_CMD: WRCMD     C_f = 0x0a1   at time   37899091 ps
inst0 ch0:  C_CMD: WRCMD     C_r = 0x0d1   at time   37901161 ps
inst0 ch0:  C_CMD: WRCMD     C_f = 0x021   at time   37901575 ps
inst0 ch0:  C_CMD: WRCMD     C_r = 0x0d9   at time   37901989 ps
inst0 ch0:  C_CMD: WRCMD     C_f = 0x0a3   at time   37902403 ps
inst0 ch0:  C_CMD: WRCMD     C_r = 0x0d9   at time   37904473 ps
inst0 ch0:  C_CMD: WRCMD     C_f = 0x023   at time   37904887 ps
inst0 ch0:  R_CMD: ACTCMD    R_r0= 0x22    at time   54569629 ps
inst0 ch0:  R_CMD: ACTCMD    R_f0= 0x2a    at time   54570043 ps
inst0 ch0:  R_CMD: ACTCMD    R_r1= 0x00    at time   54570457 ps
inst0 ch0:  R_CMD: ACTCMD    R_f1= 0x00    at time   54570871 ps
inst0 ch0:  R_CMD: ACTCMD    R_r0= 0x02    at time   54573769 ps
inst0 ch0:  R_CMD: ACTCMD    R_f0= 0x2a    at time   54574183 ps
inst0 ch0:  R_CMD: ACTCMD    R_r1= 0x00    at time   54574597 ps
inst0 ch0:  R_CMD: ACTCMD    R_f1= 0x00    at time   54575011 ps
inst0 ch0:  R_CMD: ACTCMD    R_r0= 0x22    at time   54575425 ps
inst0 ch0:  R_CMD: ACTCMD    R_f0= 0x22    at time   54575839 ps
inst0 ch0:  R_CMD: ACTCMD    R_r1= 0x00    at time   54576253 ps
inst0 ch0:  R_CMD: ACTCMD    R_f1= 0x00    at time   54576667 ps
inst0 ch0:  R_CMD: ACTCMD    R_r0= 0x22    at time   54577909 ps
inst0 ch0:  R_CMD: ACTCMD    R_f0= 0x0a    at time   54578323 ps
inst0 ch0:  R_CMD: ACTCMD    R_r1= 0x00    at time   54578737 ps
inst0 ch0:  R_CMD: ACTCMD    R_f1= 0x00    at time   54579151 ps
inst0 ch0:  R_CMD: ACTCMD    R_r0= 0x02    at time   54579565 ps
inst0 ch0:  R_CMD: ACTCMD    R_f0= 0x22    at time   54579979 ps
inst0 ch0:  R_CMD: ACTCMD    R_r1= 0x00    at time   54580393 ps
inst0 ch0:  R_CMD: ACTCMD    R_f1= 0x00    at time   54580807 ps
inst0 ch0:  R_CMD: ACTCMD    R_r0= 0x02    at time   54582049 ps
inst0 ch0:  R_CMD: ACTCMD    R_f0= 0x0a    at time   54582463 ps
inst0 ch0:  R_CMD: ACTCMD    R_r1= 0x00    at time   54582877 ps
inst0 ch0:  R_CMD: ACTCMD    R_f1= 0x00    at time   54583291 ps
inst0 ch0:  R_CMD: ACTCMD    R_r0= 0x22    at time   54583705 ps
inst0 ch0:  R_CMD: ACTCMD    R_f0= 0x02    at time   54584119 ps
inst0 ch0:  R_CMD: ACTCMD    R_r1= 0x00    at time   54584533 ps
inst0 ch0:  C_CMD: RDCMD     C_r = 0x0c5   at time   54584533 ps
inst0 ch0:  R_CMD: ACTCMD    R_f1= 0x00    at time   54584947 ps
inst0 ch0:  C_CMD: RDCMD     C_f = 0x080   at time   54584947 ps
inst0 ch0:  R_CMD: ACTCMD    R_r0= 0x02    at time   54587845 ps
inst0 ch0:  C_CMD: RDCMD     C_r = 0x0cd   at time   54587845 ps
inst0 ch0:  R_CMD: ACTCMD    R_f0= 0x02    at time   54588259 ps
inst0 ch0:  C_CMD: RDCMD     C_f = 0x082   at time   54588259 ps
inst0 ch0:  R_CMD: ACTCMD    R_r1= 0x00    at time   54588673 ps
inst0 ch0:  R_CMD: ACTCMD    R_f1= 0x00    at time   54589087 ps
inst0 ch0:  C_CMD: RDCMD     C_r = 0x085   at time   54589501 ps
inst0 ch0:  C_CMD: RDCMD     C_f = 0x080   at time   54589915 ps
inst0 ch0:  C_CMD: RDCMD     C_r = 0x0c5   at time   54590329 ps
inst0 ch0:  C_CMD: RDCMD     C_f = 0x000   at time   54590743 ps
inst0 ch0:  C_CMD: RDCMD     C_r = 0x08d   at time   54592813 ps
inst0 ch0:  C_CMD: RDCMD     C_f = 0x082   at time   54593227 ps
inst0 ch0:  C_CMD: RDCMD     C_r = 0x0cd   at time   54593641 ps
inst0 ch0:  C_CMD: RDCMD     C_f = 0x002   at time   54594055 ps
inst0 ch0:  C_CMD: RDCMD     C_r = 0x045   at time   54594469 ps
inst0 ch0:  C_CMD: RDCMD     C_f = 0x080   at time   54594883 ps
inst0 ch0:  C_CMD: RDCMD     C_r = 0x085   at time   54595297 ps
inst0 ch0:  C_CMD: RDCMD     C_f = 0x000   at time   54595711 ps
inst0 ch0:  C_CMD: RDCMD     C_r = 0x005   at time   54596953 ps
inst0 ch0:  C_CMD: RDCMD     C_f = 0x080   at time   54597367 ps
inst0 ch0:  C_CMD: RDCMD     C_r = 0x04d   at time   54598609 ps
inst0 ch0:  C_CMD: RDCMD     C_f = 0x082   at time   54599023 ps
inst0 ch0:  C_CMD: RDCMD     C_r = 0x08d   at time   54599437 ps
inst0 ch0:  C_CMD: RDCMD     C_f = 0x002   at time   54599851 ps
inst0 ch0:  C_CMD: RDCMD     C_r = 0x00d   at time   54600265 ps
inst0 ch0:  C_CMD: RDCMD     C_f = 0x082   at time   54600679 ps
inst0 ch0:  C_CMD: RDCMD     C_r = 0x045   at time   54601093 ps
inst0 ch0:  C_CMD: RDCMD     C_f = 0x000   at time   54601507 ps
inst0 ch0:  C_CMD: RDCMD     C_r = 0x005   at time   54602749 ps
inst0 ch0:  C_CMD: RDCMD     C_f = 0x000   at time   54603163 ps
inst0 ch0:  C_CMD: RDCMD     C_r = 0x04d   at time   54604405 ps
inst0 ch0:  C_CMD: RDCMD     C_f = 0x002   at time   54604819 ps
inst0 ch0:  C_CMD: RDCMD     C_r = 0x00d   at time   54606061 ps
inst0 ch0:  C_CMD: RDCMD     C_f = 0x002   at time   54606475 ps
inst0 ch0:  R_CMD: ACTCMD    R_r0= 0x2a    at time   55157509 ps
inst0 ch0:  R_CMD: ACTCMD    R_f0= 0x22    at time   55157923 ps
inst0 ch0:  R_CMD: ACTCMD    R_r1= 0x00    at time   55158337 ps
inst0 ch0:  R_CMD: ACTCMD    R_f1= 0x00    at time   55158751 ps
inst0 ch0:  R_CMD: ACTCMD    R_r0= 0x0a    at time   55161649 ps
inst0 ch0:  R_CMD: ACTCMD    R_f0= 0x22    at time   55162063 ps
inst0 ch0:  R_CMD: ACTCMD    R_r1= 0x00    at time   55162477 ps
inst0 ch0:  R_CMD: ACTCMD    R_f1= 0x00    at time   55162891 ps
inst0 ch0:  R_CMD: ACTCMD    R_r0= 0x2a    at time   55165789 ps
inst0 ch0:  R_CMD: ACTCMD    R_f0= 0x02    at time   55166203 ps
inst0 ch0:  R_CMD: ACTCMD    R_r1= 0x00    at time   55166617 ps
inst0 ch0:  R_CMD: ACTCMD    R_f1= 0x00    at time   55167031 ps
inst0 ch0:  R_CMD: ACTCMD    R_r0= 0x0a    at time   55169929 ps
inst0 ch0:  R_CMD: ACTCMD    R_f0= 0x02    at time   55170343 ps
inst0 ch0:  R_CMD: ACTCMD    R_r1= 0x00    at time   55170757 ps
inst0 ch0:  R_CMD: ACTCMD    R_f1= 0x00    at time   55171171 ps
inst0 ch0:  C_CMD: RDCMD     C_r = 0x0d5   at time   55172413 ps
inst0 ch0:  C_CMD: RDCMD     C_f = 0x000   at time   55172827 ps
inst0 ch0:  R_CMD: ACTCMD    R_r0= 0x2a    at time   55174069 ps
inst0 ch0:  R_CMD: ACTCMD    R_f0= 0x2a    at time   55174483 ps
inst0 ch0:  R_CMD: ACTCMD    R_r1= 0x00    at time   55174897 ps
inst0 ch0:  R_CMD: ACTCMD    R_f1= 0x00    at time   55175311 ps
inst0 ch0:  C_CMD: RDCMD     C_r = 0x0dd   at time   55175725 ps
inst0 ch0:  C_CMD: RDCMD     C_f = 0x002   at time   55176139 ps
inst0 ch0:  C_CMD: RDCMD     C_r = 0x095   at time   55177381 ps
inst0 ch0:  C_CMD: RDCMD     C_f = 0x000   at time   55177795 ps
inst0 ch0:  R_CMD: ACTCMD    R_r0= 0x0a    at time   55178209 ps
inst0 ch0:  R_CMD: ACTCMD    R_f0= 0x2a    at time   55178623 ps
inst0 ch0:  R_CMD: ACTCMD    R_r1= 0x00    at time   55179037 ps
inst0 ch0:  R_CMD: ACTCMD    R_f1= 0x00    at time   55179451 ps
inst0 ch0:  C_CMD: RDCMD     C_r = 0x09d   at time   55180693 ps
inst0 ch0:  C_CMD: RDCMD     C_f = 0x002   at time   55181107 ps
inst0 ch0:  R_CMD: ACTCMD    R_r0= 0x2a    at time   55182349 ps
inst0 ch0:  C_CMD: RDCMD     C_r = 0x055   at time   55182349 ps
inst0 ch0:  R_CMD: ACTCMD    R_f0= 0x0a    at time   55182763 ps
inst0 ch0:  C_CMD: RDCMD     C_f = 0x000   at time   55182763 ps
inst0 ch0:  R_CMD: ACTCMD    R_r1= 0x00    at time   55183177 ps
inst0 ch0:  R_CMD: ACTCMD    R_f1= 0x00    at time   55183591 ps
inst0 ch0:  C_CMD: RDCMD     C_r = 0x015   at time   55184833 ps
inst0 ch0:  C_CMD: RDCMD     C_f = 0x000   at time   55185247 ps
inst0 ch0:  R_CMD: ACTCMD    R_r0= 0x0a    at time   55186489 ps
inst0 ch0:  C_CMD: RDCMD     C_r = 0x05d   at time   55186489 ps
inst0 ch0:  R_CMD: ACTCMD    R_f0= 0x0a    at time   55186903 ps
inst0 ch0:  C_CMD: RDCMD     C_f = 0x002   at time   55186903 ps
inst0 ch0:  R_CMD: ACTCMD    R_r1= 0x00    at time   55187317 ps
inst0 ch0:  R_CMD: ACTCMD    R_f1= 0x00    at time   55187731 ps
inst0 ch0:  C_CMD: RDCMD     C_r = 0x01d   at time   55188145 ps
inst0 ch0:  C_CMD: RDCMD     C_f = 0x002   at time   55188559 ps
inst0 ch0:  C_CMD: RDCMD     C_r = 0x0d5   at time   55188973 ps
inst0 ch0:  C_CMD: RDCMD     C_f = 0x080   at time   55189387 ps
inst0 ch0:  C_CMD: RDCMD     C_r = 0x0dd   at time   55192285 ps
inst0 ch0:  C_CMD: RDCMD     C_f = 0x082   at time   55192699 ps
inst0 ch0:  C_CMD: RDCMD     C_r = 0x095   at time   55193941 ps
inst0 ch0:  C_CMD: RDCMD     C_f = 0x080   at time   55194355 ps
inst0 ch0:  C_CMD: RDCMD     C_r = 0x09d   at time   55197253 ps
inst0 ch0:  C_CMD: RDCMD     C_f = 0x082   at time   55197667 ps
inst0 ch0:  C_CMD: RDCMD     C_r = 0x055   at time   55198909 ps
inst0 ch0:  C_CMD: RDCMD     C_f = 0x080   at time   55199323 ps
inst0 ch0:  C_CMD: RDCMD     C_r = 0x015   at time   55201393 ps
inst0 ch0:  C_CMD: RDCMD     C_f = 0x080   at time   55201807 ps
inst0 ch0:  C_CMD: RDCMD     C_r = 0x05d   at time   55203049 ps
inst0 ch0:  C_CMD: RDCMD     C_f = 0x082   at time   55203463 ps
inst0 ch0:  C_CMD: RDCMD     C_r = 0x01d   at time   55204705 ps
inst0 ch0:  C_CMD: RDCMD     C_f = 0x082   at time   55205119 ps
inst0 ch0:  R_CMD: ACTCMD    R_r0= 0x32    at time   55426609 ps
inst0 ch0:  R_CMD: ACTCMD    R_f0= 0x22    at time   55427023 ps
inst0 ch0:  R_CMD: ACTCMD    R_r1= 0x00    at time   55427437 ps
inst0 ch0:  R_CMD: ACTCMD    R_f1= 0x00    at time   55427851 ps
inst0 ch0:  R_CMD: ACTCMD    R_r0= 0x12    at time   55430749 ps
inst0 ch0:  R_CMD: ACTCMD    R_f0= 0x22    at time   55431163 ps
inst0 ch0:  R_CMD: ACTCMD    R_r1= 0x00    at time   55431577 ps
inst0 ch0:  R_CMD: ACTCMD    R_f1= 0x00    at time   55431991 ps
inst0 ch0:  R_CMD: ACTCMD    R_r0= 0x32    at time   55434889 ps
inst0 ch0:  R_CMD: ACTCMD    R_f0= 0x02    at time   55435303 ps
inst0 ch0:  R_CMD: ACTCMD    R_r1= 0x00    at time   55435717 ps
inst0 ch0:  R_CMD: ACTCMD    R_f1= 0x00    at time   55436131 ps
inst0 ch0:  R_CMD: ACTCMD    R_r0= 0x12    at time   55439029 ps
inst0 ch0:  R_CMD: ACTCMD    R_f0= 0x02    at time   55439443 ps
inst0 ch0:  R_CMD: ACTCMD    R_r1= 0x00    at time   55439857 ps
inst0 ch0:  R_CMD: ACTCMD    R_f1= 0x00    at time   55440271 ps
inst0 ch0:  C_CMD: RDCMD     C_r = 0x0e5   at time   55441513 ps
inst0 ch0:  C_CMD: RDCMD     C_f = 0x000   at time   55441927 ps
inst0 ch0:  C_CMD: RDCMD     C_r = 0x0ed   at time   55444825 ps
inst0 ch0:  C_CMD: RDCMD     C_f = 0x002   at time   55445239 ps
inst0 ch0:  C_CMD: RDCMD     C_r = 0x0a5   at time   55446481 ps
inst0 ch0:  C_CMD: RDCMD     C_f = 0x000   at time   55446895 ps
inst0 ch0:  C_CMD: RDCMD     C_r = 0x0ad   at time   55449793 ps
inst0 ch0:  C_CMD: RDCMD     C_f = 0x002   at time   55450207 ps
inst0 ch0:  C_CMD: RDCMD     C_r = 0x065   at time   55451449 ps
inst0 ch0:  C_CMD: RDCMD     C_f = 0x000   at time   55451863 ps
inst0 ch0:  C_CMD: RDCMD     C_r = 0x025   at time   55453933 ps
inst0 ch0:  C_CMD: RDCMD     C_f = 0x000   at time   55454347 ps
inst0 ch0:  C_CMD: RDCMD     C_r = 0x06d   at time   55455589 ps
inst0 ch0:  C_CMD: RDCMD     C_f = 0x002   at time   55456003 ps
inst0 ch0:  C_CMD: RDCMD     C_r = 0x02d   at time   55457245 ps
inst0 ch0:  C_CMD: RDCMD     C_f = 0x002   at time   55457659 ps
inst0 ch0:  R_CMD: ACTCMD    R_r0= 0x32    at time   55476289 ps
inst0 ch0:  R_CMD: ACTCMD    R_f0= 0x2a    at time   55476703 ps
inst0 ch0:  R_CMD: ACTCMD    R_r1= 0x00    at time   55477117 ps
inst0 ch0:  R_CMD: ACTCMD    R_f1= 0x00    at time   55477531 ps
inst0 ch0:  R_CMD: ACTCMD    R_r0= 0x12    at time   55480429 ps
inst0 ch0:  R_CMD: ACTCMD    R_f0= 0x2a    at time   55480843 ps
inst0 ch0:  R_CMD: ACTCMD    R_r1= 0x00    at time   55481257 ps
inst0 ch0:  R_CMD: ACTCMD    R_f1= 0x00    at time   55481671 ps
inst0 ch0:  R_CMD: ACTCMD    R_r0= 0x32    at time   55484569 ps
inst0 ch0:  R_CMD: ACTCMD    R_f0= 0x0a    at time   55484983 ps
inst0 ch0:  R_CMD: ACTCMD    R_r1= 0x00    at time   55485397 ps
inst0 ch0:  R_CMD: ACTCMD    R_f1= 0x00    at time   55485811 ps
inst0 ch0:  R_CMD: ACTCMD    R_r0= 0x12    at time   55488709 ps
inst0 ch0:  R_CMD: ACTCMD    R_f0= 0x0a    at time   55489123 ps
inst0 ch0:  R_CMD: ACTCMD    R_r1= 0x00    at time   55489537 ps
inst0 ch0:  R_CMD: ACTCMD    R_f1= 0x00    at time   55489951 ps
inst0 ch0:  C_CMD: RDCMD     C_r = 0x0e5   at time   55491193 ps
inst0 ch0:  C_CMD: RDCMD     C_f = 0x080   at time   55491607 ps
inst0 ch0:  C_CMD: RDCMD     C_r = 0x0ed   at time   55494505 ps
inst0 ch0:  C_CMD: RDCMD     C_f = 0x082   at time   55494919 ps
inst0 ch0:  C_CMD: RDCMD     C_r = 0x0a5   at time   55496161 ps
inst0 ch0:  C_CMD: RDCMD     C_f = 0x080   at time   55496575 ps
inst0 ch0:  C_CMD: RDCMD     C_r = 0x0ad   at time   55499473 ps
inst0 ch0:  C_CMD: RDCMD     C_f = 0x082   at time   55499887 ps
inst0 ch0:  C_CMD: RDCMD     C_r = 0x065   at time   55501129 ps
inst0 ch0:  C_CMD: RDCMD     C_f = 0x080   at time   55501543 ps
inst0 ch0:  C_CMD: RDCMD     C_r = 0x025   at time   55503613 ps
inst0 ch0:  C_CMD: RDCMD     C_f = 0x080   at time   55504027 ps
inst0 ch0:  C_CMD: RDCMD     C_r = 0x06d   at time   55505269 ps
inst0 ch0:  C_CMD: RDCMD     C_f = 0x082   at time   55505683 ps
inst0 ch0:  C_CMD: RDCMD     C_r = 0x02d   at time   55506925 ps
inst0 ch0:  C_CMD: RDCMD     C_f = 0x082   at time   55507339 ps
inst0 ch0:  R_CMD: ACTCMD    R_r0= 0x3a    at time   55871245 ps
inst0 ch0:  R_CMD: ACTCMD    R_f0= 0x22    at time   55871659 ps
inst0 ch0:  R_CMD: ACTCMD    R_r1= 0x00    at time   55872073 ps
inst0 ch0:  R_CMD: ACTCMD    R_f1= 0x00    at time   55872487 ps
inst0 ch0:  R_CMD: ACTCMD    R_r0= 0x1a    at time   55875385 ps
inst0 ch0:  R_CMD: ACTCMD    R_f0= 0x22    at time   55875799 ps
inst0 ch0:  R_CMD: ACTCMD    R_r1= 0x00    at time   55876213 ps
inst0 ch0:  R_CMD: ACTCMD    R_f1= 0x00    at time   55876627 ps
inst0 ch0:  R_CMD: ACTCMD    R_r0= 0x3a    at time   55879525 ps
inst0 ch0:  R_CMD: ACTCMD    R_f0= 0x02    at time   55879939 ps
inst0 ch0:  R_CMD: ACTCMD    R_r1= 0x00    at time   55880353 ps
inst0 ch0:  R_CMD: ACTCMD    R_f1= 0x00    at time   55880767 ps
inst0 ch0:  R_CMD: ACTCMD    R_r0= 0x1a    at time   55883665 ps
inst0 ch0:  R_CMD: ACTCMD    R_f0= 0x02    at time   55884079 ps
inst0 ch0:  R_CMD: ACTCMD    R_r1= 0x00    at time   55884493 ps
inst0 ch0:  R_CMD: ACTCMD    R_f1= 0x00    at time   55884907 ps
inst0 ch0:  C_CMD: RDCMD     C_r = 0x0f5   at time   55886149 ps
inst0 ch0:  C_CMD: RDCMD     C_f = 0x000   at time   55886563 ps
inst0 ch0:  C_CMD: RDCMD     C_r = 0x0fd   at time   55889461 ps
inst0 ch0:  C_CMD: RDCMD     C_f = 0x002   at time   55889875 ps
inst0 ch0:  C_CMD: RDCMD     C_r = 0x0b5   at time   55891117 ps
inst0 ch0:  C_CMD: RDCMD     C_f = 0x000   at time   55891531 ps
inst0 ch0:  C_CMD: RDCMD     C_r = 0x0bd   at time   55894429 ps
inst0 ch0:  C_CMD: RDCMD     C_f = 0x002   at time   55894843 ps
inst0 ch0:  C_CMD: RDCMD     C_r = 0x075   at time   55896085 ps
inst0 ch0:  C_CMD: RDCMD     C_f = 0x000   at time   55896499 ps
inst0 ch0:  C_CMD: RDCMD     C_r = 0x035   at time   55898569 ps
inst0 ch0:  C_CMD: RDCMD     C_f = 0x000   at time   55898983 ps
inst0 ch0:  C_CMD: RDCMD     C_r = 0x07d   at time   55900225 ps
inst0 ch0:  C_CMD: RDCMD     C_f = 0x002   at time   55900639 ps
inst0 ch0:  C_CMD: RDCMD     C_r = 0x03d   at time   55901881 ps
inst0 ch0:  C_CMD: RDCMD     C_f = 0x002   at time   55902295 ps
inst0 ch0:  R_CMD: ACTCMD    R_r0= 0x3a    at time   56159389 ps
inst0 ch0:  R_CMD: ACTCMD    R_f0= 0x2a    at time   56159803 ps
inst0 ch0:  R_CMD: ACTCMD    R_r1= 0x00    at time   56160217 ps
inst0 ch0:  R_CMD: ACTCMD    R_f1= 0x00    at time   56160631 ps
inst0 ch0:  R_CMD: ACTCMD    R_r0= 0x1a    at time   56163529 ps
inst0 ch0:  R_CMD: ACTCMD    R_f0= 0x2a    at time   56163943 ps
inst0 ch0:  R_CMD: ACTCMD    R_r1= 0x00    at time   56164357 ps
inst0 ch0:  R_CMD: ACTCMD    R_f1= 0x00    at time   56164771 ps
inst0 ch0:  R_CMD: ACTCMD    R_r0= 0x3a    at time   56167669 ps
inst0 ch0:  R_CMD: ACTCMD    R_f0= 0x0a    at time   56168083 ps
inst0 ch0:  R_CMD: ACTCMD    R_r1= 0x00    at time   56168497 ps
inst0 ch0:  R_CMD: ACTCMD    R_f1= 0x00    at time   56168911 ps
inst0 ch0:  R_CMD: ACTCMD    R_r0= 0x1a    at time   56171809 ps
inst0 ch0:  R_CMD: ACTCMD    R_f0= 0x0a    at time   56172223 ps
inst0 ch0:  R_CMD: ACTCMD    R_r1= 0x00    at time   56172637 ps
inst0 ch0:  R_CMD: ACTCMD    R_f1= 0x00    at time   56173051 ps
inst0 ch0:  C_CMD: RDCMD     C_r = 0x0f5   at time   56174293 ps
inst0 ch0:  C_CMD: RDCMD     C_f = 0x080   at time   56174707 ps
inst0 ch0:  C_CMD: RDCMD     C_r = 0x0fd   at time   56177605 ps
inst0 ch0:  C_CMD: RDCMD     C_f = 0x082   at time   56178019 ps
inst0 ch0:  C_CMD: RDCMD     C_r = 0x0b5   at time   56179261 ps
inst0 ch0:  C_CMD: RDCMD     C_f = 0x080   at time   56179675 ps
inst0 ch0:  C_CMD: RDCMD     C_r = 0x0bd   at time   56182573 ps
inst0 ch0:  C_CMD: RDCMD     C_f = 0x082   at time   56182987 ps
inst0 ch0:  C_CMD: RDCMD     C_r = 0x075   at time   56184229 ps
inst0 ch0:  C_CMD: RDCMD     C_f = 0x080   at time   56184643 ps
inst0 ch0:  C_CMD: RDCMD     C_r = 0x035   at time   56186713 ps
inst0 ch0:  C_CMD: RDCMD     C_f = 0x080   at time   56187127 ps
inst0 ch0:  C_CMD: RDCMD     C_r = 0x07d   at time   56188369 ps
inst0 ch0:  C_CMD: RDCMD     C_f = 0x082   at time   56188783 ps
inst0 ch0:  C_CMD: RDCMD     C_r = 0x03d   at time   56190025 ps
inst0 ch0:  C_CMD: RDCMD     C_f = 0x082   at time   56190439 ps
inst0 ch0:  R_CMD: ACTCMD    R_r0= 0x02    at time   56358109 ps
inst0 ch0:  R_CMD: ACTCMD    R_f0= 0x10    at time   56358523 ps
inst0 ch0:  R_CMD: ACTCMD    R_r1= 0x3f    at time   56358937 ps
inst0 ch0:  R_CMD: ACTCMD    R_f1= 0x3b    at time   56359351 ps
inst0 ch0:  C_CMD: RDCMD     C_r = 0x005   at time   56373013 ps
inst0 ch0:  C_CMD: RDCMD     C_f = 0x078   at time   56373427 ps
inst0 ch0:  C_CMD: RDCMD     C_r = 0x00d   at time   56376325 ps
inst0 ch0:  C_CMD: RDCMD     C_f = 0x07a   at time   56376739 ps
inst0 ch0:  R_CMD: ACTCMD    R_r0= 0x02    at time   56430973 ps
inst0 ch0:  R_CMD: ACTCMD    R_f0= 0x10    at time   56431387 ps
inst0 ch0:  R_CMD: ACTCMD    R_r1= 0x3f    at time   56431801 ps
inst0 ch0:  R_CMD: ACTCMD    R_f1= 0x3b    at time   56432215 ps
inst0 ch0:  C_CMD: WRCMD     C_r = 0x001   at time   56441737 ps
inst0 ch0:  C_CMD: WRCMD     C_f = 0x078   at time   56442151 ps
inst0 ch0:  C_CMD: WRCMD     C_r = 0x009   at time   56445049 ps
inst0 ch0:  C_CMD: WRCMD     C_f = 0x07a   at time   56445463 ps
inst0 ch0:  R_CMD: ACTCMD    R_r0= 0x02    at time   56635489 ps
inst0 ch0:  R_CMD: ACTCMD    R_f0= 0x18    at time   56635903 ps
inst0 ch0:  R_CMD: ACTCMD    R_r1= 0x3f    at time   56636317 ps
inst0 ch0:  R_CMD: ACTCMD    R_f1= 0x3b    at time   56636731 ps
inst0 ch0:  C_CMD: RDCMD     C_r = 0x005   at time   56650393 ps
inst0 ch0:  C_CMD: RDCMD     C_f = 0x0f8   at time   56650807 ps
inst0 ch0:  C_CMD: RDCMD     C_r = 0x00d   at time   56653705 ps
inst0 ch0:  C_CMD: RDCMD     C_f = 0x0fa   at time   56654119 ps
inst0 ch0:  R_CMD: ACTCMD    R_r0= 0x02    at time   56867329 ps
inst0 ch0:  R_CMD: ACTCMD    R_f0= 0x18    at time   56867743 ps
inst0 ch0:  R_CMD: ACTCMD    R_r1= 0x3f    at time   56868157 ps
inst0 ch0:  R_CMD: ACTCMD    R_f1= 0x3b    at time   56868571 ps
inst0 ch0:  C_CMD: WRCMD     C_r = 0x001   at time   56878093 ps
inst0 ch0:  C_CMD: WRCMD     C_f = 0x0f8   at time   56878507 ps
inst0 ch0:  C_CMD: WRCMD     C_r = 0x009   at time   56881405 ps
inst0 ch0:  C_CMD: WRCMD     C_f = 0x0fa   at time   56881819 ps
inst0 ch0:  R_CMD: ACTCMD    R_r0= 0x0a    at time   57171205 ps
inst0 ch0:  R_CMD: ACTCMD    R_f0= 0x10    at time   57171619 ps
inst0 ch0:  R_CMD: ACTCMD    R_r1= 0x3f    at time   57172033 ps
inst0 ch0:  R_CMD: ACTCMD    R_f1= 0x3b    at time   57172447 ps
inst0 ch0:  C_CMD: RDCMD     C_r = 0x015   at time   57186109 ps
inst0 ch0:  C_CMD: RDCMD     C_f = 0x078   at time   57186523 ps
inst0 ch0:  C_CMD: RDCMD     C_r = 0x01d   at time   57189421 ps
inst0 ch0:  C_CMD: RDCMD     C_f = 0x07a   at time   57189835 ps
inst0 ch0:  R_CMD: ACTCMD    R_r0= 0x0a    at time   57244069 ps
inst0 ch0:  R_CMD: ACTCMD    R_f0= 0x10    at time   57244483 ps
inst0 ch0:  R_CMD: ACTCMD    R_r1= 0x3f    at time   57244897 ps
inst0 ch0:  R_CMD: ACTCMD    R_f1= 0x3b    at time   57245311 ps
inst0 ch0:  C_CMD: WRCMD     C_r = 0x011   at time   57254833 ps
inst0 ch0:  C_CMD: WRCMD     C_f = 0x078   at time   57255247 ps
inst0 ch0:  C_CMD: WRCMD     C_r = 0x019   at time   57258145 ps
inst0 ch0:  C_CMD: WRCMD     C_f = 0x07a   at time   57258559 ps
inst0 ch0:  R_CMD: ACTCMD    R_r0= 0x02    at time   57331837 ps
inst0 ch0:  R_CMD: ACTCMD    R_f0= 0x30    at time   57332251 ps
inst0 ch0:  R_CMD: ACTCMD    R_r1= 0x3f    at time   57332665 ps
inst0 ch0:  R_CMD: ACTCMD    R_f1= 0x3b    at time   57333079 ps
inst0 ch0:  C_CMD: RDCMD     C_r = 0x085   at time   57346741 ps
inst0 ch0:  C_CMD: RDCMD     C_f = 0x078   at time   57347155 ps
inst0 ch0:  C_CMD: RDCMD     C_r = 0x08d   at time   57350053 ps
inst0 ch0:  C_CMD: RDCMD     C_f = 0x07a   at time   57350467 ps
inst0 ch0:  R_CMD: ACTCMD    R_r0= 0x02    at time   57402217 ps
inst0 ch0:  R_CMD: ACTCMD    R_f0= 0x30    at time   57402631 ps
inst0 ch0:  R_CMD: ACTCMD    R_r1= 0x3f    at time   57403045 ps
inst0 ch0:  R_CMD: ACTCMD    R_f1= 0x3b    at time   57403459 ps
inst0 ch0:  C_CMD: WRCMD     C_r = 0x081   at time   57412981 ps
inst0 ch0:  C_CMD: WRCMD     C_f = 0x078   at time   57413395 ps
inst0 ch0:  C_CMD: WRCMD     C_r = 0x089   at time   57416293 ps
inst0 ch0:  C_CMD: WRCMD     C_f = 0x07a   at time   57416707 ps
inst0 ch0:  R_CMD: ACTCMD    R_r0= 0x0a    at time   57513997 ps
inst0 ch0:  R_CMD: ACTCMD    R_f0= 0x30    at time   57514411 ps
inst0 ch0:  R_CMD: ACTCMD    R_r1= 0x3f    at time   57514825 ps
inst0 ch0:  R_CMD: ACTCMD    R_f1= 0x3b    at time   57515239 ps
inst0 ch0:  C_CMD: RDCMD     C_r = 0x095   at time   57528901 ps
inst0 ch0:  C_CMD: RDCMD     C_f = 0x078   at time   57529315 ps
inst0 ch0:  C_CMD: RDCMD     C_r = 0x09d   at time   57532213 ps
inst0 ch0:  C_CMD: RDCMD     C_f = 0x07a   at time   57532627 ps
inst0 ch0:  R_CMD: ACTCMD    R_r0= 0x0a    at time   57584377 ps
inst0 ch0:  R_CMD: ACTCMD    R_f0= 0x30    at time   57584791 ps
inst0 ch0:  R_CMD: ACTCMD    R_r1= 0x3f    at time   57585205 ps
inst0 ch0:  R_CMD: ACTCMD    R_f1= 0x3b    at time   57585619 ps
inst0 ch0:  C_CMD: WRCMD     C_r = 0x091   at time   57595141 ps
inst0 ch0:  C_CMD: WRCMD     C_f = 0x078   at time   57595555 ps
inst0 ch0:  C_CMD: WRCMD     C_r = 0x099   at time   57598453 ps
inst0 ch0:  C_CMD: WRCMD     C_f = 0x07a   at time   57598867 ps
inst0 ch0:  R_CMD: ACTCMD    R_r0= 0x0a    at time   57652273 ps
inst0 ch0:  R_CMD: ACTCMD    R_f0= 0x18    at time   57652687 ps
inst0 ch0:  R_CMD: ACTCMD    R_r1= 0x3f    at time   57653101 ps
inst0 ch0:  R_CMD: ACTCMD    R_f1= 0x3b    at time   57653515 ps
inst0 ch0:  C_CMD: RDCMD     C_r = 0x015   at time   57667177 ps
inst0 ch0:  C_CMD: RDCMD     C_f = 0x0f8   at time   57667591 ps
inst0 ch0:  C_CMD: RDCMD     C_r = 0x01d   at time   57670489 ps
inst0 ch0:  C_CMD: RDCMD     C_f = 0x0fa   at time   57670903 ps
inst0 ch0:  R_CMD: ACTCMD    R_r0= 0x0a    at time   57725137 ps
inst0 ch0:  R_CMD: ACTCMD    R_f0= 0x18    at time   57725551 ps
inst0 ch0:  R_CMD: ACTCMD    R_r1= 0x3f    at time   57725965 ps
inst0 ch0:  R_CMD: ACTCMD    R_f1= 0x3b    at time   57726379 ps
inst0 ch0:  C_CMD: WRCMD     C_r = 0x011   at time   57735901 ps
inst0 ch0:  C_CMD: WRCMD     C_f = 0x0f8   at time   57736315 ps
inst0 ch0:  C_CMD: WRCMD     C_r = 0x019   at time   57739213 ps
inst0 ch0:  C_CMD: WRCMD     C_f = 0x0fa   at time   57739627 ps
inst0 ch0:  R_CMD: ACTCMD    R_r0= 0x02    at time   57812077 ps
inst0 ch0:  R_CMD: ACTCMD    R_f0= 0x38    at time   57812491 ps
inst0 ch0:  R_CMD: ACTCMD    R_r1= 0x3f    at time   57812905 ps
inst0 ch0:  R_CMD: ACTCMD    R_f1= 0x3b    at time   57813319 ps
inst0 ch0:  C_CMD: RDCMD     C_r = 0x085   at time   57826981 ps
inst0 ch0:  C_CMD: RDCMD     C_f = 0x0f8   at time   57827395 ps
inst0 ch0:  C_CMD: RDCMD     C_r = 0x08d   at time   57830293 ps
inst0 ch0:  C_CMD: RDCMD     C_f = 0x0fa   at time   57830707 ps
inst0 ch0:  R_CMD: ACTCMD    R_r0= 0x02    at time   57882457 ps
inst0 ch0:  R_CMD: ACTCMD    R_f0= 0x38    at time   57882871 ps
inst0 ch0:  R_CMD: ACTCMD    R_r1= 0x3f    at time   57883285 ps
inst0 ch0:  R_CMD: ACTCMD    R_f1= 0x3b    at time   57883699 ps
inst0 ch0:  C_CMD: WRCMD     C_r = 0x081   at time   57893221 ps
inst0 ch0:  C_CMD: WRCMD     C_f = 0x0f8   at time   57893635 ps
inst0 ch0:  C_CMD: WRCMD     C_r = 0x089   at time   57896533 ps
inst0 ch0:  C_CMD: WRCMD     C_f = 0x0fa   at time   57896947 ps
inst0 ch0:  R_CMD: ACTCMD    R_r0= 0x0a    at time   57971053 ps
inst0 ch0:  R_CMD: ACTCMD    R_f0= 0x38    at time   57971467 ps
inst0 ch0:  R_CMD: ACTCMD    R_r1= 0x3f    at time   57971881 ps
inst0 ch0:  R_CMD: ACTCMD    R_f1= 0x3b    at time   57972295 ps
inst0 ch0:  C_CMD: RDCMD     C_r = 0x095   at time   57985957 ps
inst0 ch0:  C_CMD: RDCMD     C_f = 0x0f8   at time   57986371 ps
inst0 ch0:  C_CMD: RDCMD     C_r = 0x09d   at time   57989269 ps
inst0 ch0:  C_CMD: RDCMD     C_f = 0x0fa   at time   57989683 ps
inst0 ch0:  R_CMD: ACTCMD    R_r0= 0x0a    at time   58041433 ps
inst0 ch0:  R_CMD: ACTCMD    R_f0= 0x38    at time   58041847 ps
inst0 ch0:  R_CMD: ACTCMD    R_r1= 0x3f    at time   58042261 ps
inst0 ch0:  R_CMD: ACTCMD    R_f1= 0x3b    at time   58042675 ps
inst0 ch0:  C_CMD: WRCMD     C_r = 0x091   at time   58052197 ps
inst0 ch0:  C_CMD: WRCMD     C_f = 0x0f8   at time   58052611 ps
inst0 ch0:  C_CMD: WRCMD     C_r = 0x099   at time   58055509 ps
inst0 ch0:  C_CMD: WRCMD     C_f = 0x0fa   at time   58055923 ps
inst0 ch0:  R_CMD: ACTCMD    R_r0= 0x0a    at time   59501197 ps
inst0 ch0:  R_CMD: ACTCMD    R_f0= 0x1b    at time   59501611 ps
inst0 ch0:  R_CMD: ACTCMD    R_r1= 0x3f    at time   59502025 ps
inst0 ch0:  R_CMD: ACTCMD    R_f1= 0x3b    at time   59502439 ps
inst0 ch0:  R_CMD: ACTCMD    R_r0= 0x0a    at time   59511133 ps
inst0 ch0:  R_CMD: ACTCMD    R_f0= 0x13    at time   59511547 ps
inst0 ch0:  R_CMD: ACTCMD    R_r1= 0x3f    at time   59511961 ps
inst0 ch0:  R_CMD: ACTCMD    R_f1= 0x3b    at time   59512375 ps
inst0 ch0:  C_CMD: RDCMD     C_r = 0x015   at time   59516101 ps
inst0 ch0:  C_CMD: RDCMD     C_f = 0x090   at time   59516515 ps
inst0 ch0:  C_CMD: RDCMD     C_r = 0x01d   at time   59519413 ps
inst0 ch0:  C_CMD: RDCMD     C_f = 0x092   at time   59519827 ps
inst0 ch0:  C_CMD: RDCMD     C_r = 0x015   at time   59526037 ps
inst0 ch0:  C_CMD: RDCMD     C_f = 0x010   at time   59526451 ps
inst0 ch0:  C_CMD: RDCMD     C_r = 0x01d   at time   59529349 ps
inst0 ch0:  C_CMD: RDCMD     C_f = 0x012   at time   59529763 ps
inst0 ch0:  R_CMD: ACTCMD    R_r0= 0x0a    at time   59569093 ps
inst0 ch0:  R_CMD: ACTCMD    R_f0= 0x1b    at time   59569507 ps
inst0 ch0:  R_CMD: ACTCMD    R_r1= 0x3f    at time   59569921 ps
inst0 ch0:  R_CMD: ACTCMD    R_f1= 0x3b    at time   59570335 ps
inst0 ch0:  C_CMD: WRCMD     C_r = 0x011   at time   59579857 ps
inst0 ch0:  C_CMD: WRCMD     C_f = 0x090   at time   59580271 ps
inst0 ch0:  R_CMD: ACTCMD    R_r0= 0x0a    at time   59581513 ps
inst0 ch0:  R_CMD: ACTCMD    R_f0= 0x13    at time   59581927 ps
inst0 ch0:  R_CMD: ACTCMD    R_r1= 0x3f    at time   59582341 ps
inst0 ch0:  R_CMD: ACTCMD    R_f1= 0x3b    at time   59582755 ps
inst0 ch0:  C_CMD: WRCMD     C_r = 0x019   at time   59583169 ps
inst0 ch0:  C_CMD: WRCMD     C_f = 0x092   at time   59583583 ps
inst0 ch0:  C_CMD: WRCMD     C_r = 0x011   at time   59592277 ps
inst0 ch0:  C_CMD: WRCMD     C_f = 0x010   at time   59592691 ps
inst0 ch0:  C_CMD: WRCMD     C_r = 0x019   at time   59595589 ps
inst0 ch0:  C_CMD: WRCMD     C_f = 0x012   at time   59596003 ps
inst0 ch0:  R_CMD: ACTCMD    R_r0= 0x0a    at time   59682529 ps
inst0 ch0:  R_CMD: ACTCMD    R_f0= 0x13    at time   59682943 ps
inst0 ch0:  R_CMD: ACTCMD    R_r1= 0x3f    at time   59683357 ps
inst0 ch0:  R_CMD: ACTCMD    R_f1= 0x3b    at time   59683771 ps
inst0 ch0:  C_CMD: RDCMD     C_r = 0x015   at time   59697433 ps
inst0 ch0:  C_CMD: RDCMD     C_f = 0x010   at time   59697847 ps
inst0 ch0:  C_CMD: RDCMD     C_r = 0x01d   at time   59700745 ps
inst0 ch0:  C_CMD: RDCMD     C_f = 0x012   at time   59701159 ps
inst0 ch0:  R_CMD: ACTCMD    R_r0= 0x0a    at time   59703229 ps
inst0 ch0:  R_CMD: ACTCMD    R_f0= 0x1b    at time   59703643 ps
inst0 ch0:  R_CMD: ACTCMD    R_r1= 0x3f    at time   59704057 ps
inst0 ch0:  R_CMD: ACTCMD    R_f1= 0x3b    at time   59704471 ps
inst0 ch0:  C_CMD: RDCMD     C_r = 0x015   at time   59718133 ps
inst0 ch0:  C_CMD: RDCMD     C_f = 0x090   at time   59718547 ps
inst0 ch0:  C_CMD: RDCMD     C_r = 0x01d   at time   59721445 ps
inst0 ch0:  C_CMD: RDCMD     C_f = 0x092   at time   59721859 ps
inst0 ch0:  R_CMD: ACTCMD    R_r0= 0x0a    at time   59750425 ps
inst0 ch0:  R_CMD: ACTCMD    R_f0= 0x13    at time   59750839 ps
inst0 ch0:  R_CMD: ACTCMD    R_r1= 0x3f    at time   59751253 ps
inst0 ch0:  R_CMD: ACTCMD    R_f1= 0x3b    at time   59751667 ps
inst0 ch0:  C_CMD: WRCMD     C_r = 0x011   at time   59761189 ps
inst0 ch0:  C_CMD: WRCMD     C_f = 0x010   at time   59761603 ps
inst0 ch0:  C_CMD: WRCMD     C_r = 0x019   at time   59764501 ps
inst0 ch0:  C_CMD: WRCMD     C_f = 0x012   at time   59764915 ps
inst0 ch0:  R_CMD: ACTCMD    R_r0= 0x0a    at time   59773609 ps
inst0 ch0:  R_CMD: ACTCMD    R_f0= 0x1b    at time   59774023 ps
inst0 ch0:  R_CMD: ACTCMD    R_r1= 0x3f    at time   59774437 ps
inst0 ch0:  R_CMD: ACTCMD    R_f1= 0x3b    at time   59774851 ps
inst0 ch0:  C_CMD: WRCMD     C_r = 0x011   at time   59784373 ps
inst0 ch0:  C_CMD: WRCMD     C_f = 0x090   at time   59784787 ps
inst0 ch0:  C_CMD: WRCMD     C_r = 0x019   at time   59787685 ps
inst0 ch0:  C_CMD: WRCMD     C_f = 0x092   at time   59788099 ps
inst0 ch0:  R_CMD: ACTCMD    R_r0= 0x02    at time   61019749 ps
inst0 ch0:  R_CMD: ACTCMD    R_f0= 0x13    at time   61020163 ps
inst0 ch0:  R_CMD: ACTCMD    R_r1= 0x3f    at time   61020577 ps
inst0 ch0:  R_CMD: ACTCMD    R_f1= 0x3b    at time   61020991 ps
inst0 ch0:  C_CMD: RDCMD     C_r = 0x005   at time   61034653 ps
inst0 ch0:  C_CMD: RDCMD     C_f = 0x000   at time   61035067 ps
inst0 ch0:  C_CMD: RDCMD     C_r = 0x00d   at time   61037965 ps
inst0 ch0:  C_CMD: RDCMD     C_f = 0x002   at time   61038379 ps
inst0 ch0:  R_CMD: ACTCMD    R_r0= 0x02    at time   61092613 ps
inst0 ch0:  R_CMD: ACTCMD    R_f0= 0x13    at time   61093027 ps
inst0 ch0:  R_CMD: ACTCMD    R_r1= 0x3f    at time   61093441 ps
inst0 ch0:  R_CMD: ACTCMD    R_f1= 0x3b    at time   61093855 ps
inst0 ch0:  C_CMD: WRCMD     C_r = 0x001   at time   61103377 ps
inst0 ch0:  C_CMD: WRCMD     C_f = 0x000   at time   61103791 ps
inst0 ch0:  C_CMD: WRCMD     C_r = 0x009   at time   61106689 ps
inst0 ch0:  C_CMD: WRCMD     C_f = 0x002   at time   61107103 ps
inst0 ch0:  R_CMD: ACTCMD    R_r0= 0x02    at time   61139809 ps
inst0 ch0:  R_CMD: ACTCMD    R_f0= 0x1b    at time   61140223 ps
inst0 ch0:  R_CMD: ACTCMD    R_r1= 0x3f    at time   61140637 ps
inst0 ch0:  R_CMD: ACTCMD    R_f1= 0x3b    at time   61141051 ps
inst0 ch0:  C_CMD: RDCMD     C_r = 0x005   at time   61154713 ps
inst0 ch0:  C_CMD: RDCMD     C_f = 0x080   at time   61155127 ps
inst0 ch0:  C_CMD: RDCMD     C_r = 0x00d   at time   61158025 ps
inst0 ch0:  C_CMD: RDCMD     C_f = 0x082   at time   61158439 ps
inst0 ch0:  R_CMD: ACTCMD    R_r0= 0x02    at time   61212673 ps
inst0 ch0:  R_CMD: ACTCMD    R_f0= 0x1b    at time   61213087 ps
inst0 ch0:  R_CMD: ACTCMD    R_r1= 0x3f    at time   61213501 ps
inst0 ch0:  R_CMD: ACTCMD    R_f1= 0x3b    at time   61213915 ps
inst0 ch0:  C_CMD: WRCMD     C_r = 0x001   at time   61223437 ps
inst0 ch0:  C_CMD: WRCMD     C_f = 0x080   at time   61223851 ps
inst0 ch0:  C_CMD: WRCMD     C_r = 0x009   at time   61226749 ps
inst0 ch0:  C_CMD: WRCMD     C_f = 0x082   at time   61227163 ps
inst0 ch0:  R_CMD: ACTCMD    R_r0= 0x02    at time   61336045 ps
inst0 ch0:  R_CMD: ACTCMD    R_f0= 0x13    at time   61336459 ps
inst0 ch0:  R_CMD: ACTCMD    R_r1= 0x3f    at time   61336873 ps
inst0 ch0:  R_CMD: ACTCMD    R_f1= 0x3b    at time   61337287 ps
inst0 ch0:  C_CMD: RDCMD     C_r = 0x005   at time   61350949 ps
inst0 ch0:  C_CMD: RDCMD     C_f = 0x000   at time   61351363 ps
inst0 ch0:  C_CMD: RDCMD     C_r = 0x00d   at time   61354261 ps
inst0 ch0:  C_CMD: RDCMD     C_f = 0x002   at time   61354675 ps
inst0 ch0:  R_CMD: ACTCMD    R_r0= 0x02    at time   61519033 ps
inst0 ch0:  R_CMD: ACTCMD    R_f0= 0x13    at time   61519447 ps
inst0 ch0:  R_CMD: ACTCMD    R_r1= 0x3f    at time   61519861 ps
inst0 ch0:  R_CMD: ACTCMD    R_f1= 0x3b    at time   61520275 ps
inst0 ch0:  C_CMD: WRCMD     C_r = 0x001   at time   61529797 ps
inst0 ch0:  C_CMD: WRCMD     C_f = 0x000   at time   61530211 ps
inst0 ch0:  C_CMD: WRCMD     C_r = 0x009   at time   61533109 ps
inst0 ch0:  C_CMD: WRCMD     C_f = 0x002   at time   61533523 ps
inst0 ch0:  R_CMD: ACTCMD    R_r0= 0x02    at time   61660621 ps
inst0 ch0:  R_CMD: ACTCMD    R_f0= 0x1b    at time   61661035 ps
inst0 ch0:  R_CMD: ACTCMD    R_r1= 0x3f    at time   61661449 ps
inst0 ch0:  R_CMD: ACTCMD    R_f1= 0x3b    at time   61661863 ps
inst0 ch0:  C_CMD: RDCMD     C_r = 0x005   at time   61675525 ps
inst0 ch0:  C_CMD: RDCMD     C_f = 0x080   at time   61675939 ps
inst0 ch0:  C_CMD: RDCMD     C_r = 0x00d   at time   61678837 ps
inst0 ch0:  C_CMD: RDCMD     C_f = 0x082   at time   61679251 ps
inst0 ch0:  R_CMD: ACTCMD    R_r0= 0x02    at time   61733485 ps
inst0 ch0:  R_CMD: ACTCMD    R_f0= 0x1b    at time   61733899 ps
inst0 ch0:  R_CMD: ACTCMD    R_r1= 0x3f    at time   61734313 ps
inst0 ch0:  R_CMD: ACTCMD    R_f1= 0x3b    at time   61734727 ps
inst0 ch0:  C_CMD: WRCMD     C_r = 0x001   at time   61744249 ps
inst0 ch0:  C_CMD: WRCMD     C_f = 0x080   at time   61744663 ps
inst0 ch0:  C_CMD: WRCMD     C_r = 0x009   at time   61747561 ps
inst0 ch0:  C_CMD: WRCMD     C_f = 0x082   at time   61747975 ps
inst0 ch0:  R_CMD: ACTCMD    R_r0= 0x02    at time   62437285 ps
inst0 ch0:  R_CMD: ACTCMD    R_f0= 0x00    at time   62437699 ps
inst0 ch0:  R_CMD: ACTCMD    R_r1= 0x00    at time   62438113 ps
inst0 ch0:  R_CMD: ACTCMD    R_f1= 0x00    at time   62438527 ps
inst0 ch0:  C_CMD: RDCMD     C_r = 0x005   at time   62452189 ps
inst0 ch0:  C_CMD: RDCMD     C_f = 0x018   at time   62452603 ps
inst0 ch0:  C_CMD: RDCMD     C_r = 0x005   at time   62455501 ps
inst0 ch0:  C_CMD: RDCMD     C_f = 0x01a   at time   62455915 ps
inst0 ch0:  C_CMD: RDCMD     C_r = 0x005   at time   62458813 ps
inst0 ch0:  C_CMD: RDCMD     C_f = 0x010   at time   62459227 ps
inst0 ch0:  C_CMD: RDCMD     C_r = 0x005   at time   62462125 ps
inst0 ch0:  C_CMD: RDCMD     C_f = 0x012   at time   62462539 ps
inst0 ch0:  C_CMD: RDCMD     C_r = 0x005   at time   62465437 ps
inst0 ch0:  C_CMD: RDCMD     C_f = 0x008   at time   62465851 ps
inst0 ch0:  C_CMD: RDCMD     C_r = 0x005   at time   62468749 ps
inst0 ch0:  C_CMD: RDCMD     C_f = 0x00a   at time   62469163 ps
inst0 ch0:  C_CMD: RDCMD     C_r = 0x005   at time   62472061 ps
inst0 ch0:  C_CMD: RDCMD     C_f = 0x000   at time   62472475 ps
inst0 ch0:  C_CMD: RDCMD     C_r = 0x00d   at time   62475373 ps
inst0 ch0:  C_CMD: RDCMD     C_f = 0x002   at time   62475787 ps
inst0 ch0:  R_CMD: ACTCMD    R_r0= 0x02    at time   62660017 ps
inst0 ch0:  R_CMD: ACTCMD    R_f0= 0x08    at time   62660431 ps
inst0 ch0:  R_CMD: ACTCMD    R_r1= 0x00    at time   62660845 ps
inst0 ch0:  R_CMD: ACTCMD    R_f1= 0x00    at time   62661259 ps
inst0 ch0:  C_CMD: RDCMD     C_r = 0x005   at time   62674921 ps
inst0 ch0:  C_CMD: RDCMD     C_f = 0x098   at time   62675335 ps
inst0 ch0:  C_CMD: RDCMD     C_r = 0x005   at time   62678233 ps
inst0 ch0:  C_CMD: RDCMD     C_f = 0x09a   at time   62678647 ps
inst0 ch0:  C_CMD: RDCMD     C_r = 0x005   at time   62681545 ps
inst0 ch0:  C_CMD: RDCMD     C_f = 0x090   at time   62681959 ps
inst0 ch0:  C_CMD: RDCMD     C_r = 0x005   at time   62684857 ps
inst0 ch0:  C_CMD: RDCMD     C_f = 0x092   at time   62685271 ps
inst0 ch0:  C_CMD: RDCMD     C_r = 0x005   at time   62688169 ps
inst0 ch0:  C_CMD: RDCMD     C_f = 0x088   at time   62688583 ps
inst0 ch0:  C_CMD: RDCMD     C_r = 0x005   at time   62691481 ps
inst0 ch0:  C_CMD: RDCMD     C_f = 0x08a   at time   62691895 ps
inst0 ch0:  C_CMD: RDCMD     C_r = 0x005   at time   62694793 ps
inst0 ch0:  C_CMD: RDCMD     C_f = 0x080   at time   62695207 ps
inst0 ch0:  C_CMD: RDCMD     C_r = 0x00d   at time   62698105 ps
inst0 ch0:  C_CMD: RDCMD     C_f = 0x082   at time   62698519 ps
inst0 ch0:  R_CMD: ACTCMD    R_r0= 0x0a    at time   62742817 ps
inst0 ch0:  R_CMD: ACTCMD    R_f0= 0x00    at time   62743231 ps
inst0 ch0:  R_CMD: ACTCMD    R_r1= 0x00    at time   62743645 ps
inst0 ch0:  R_CMD: ACTCMD    R_f1= 0x00    at time   62744059 ps
inst0 ch0:  C_CMD: RDCMD     C_r = 0x015   at time   62757721 ps
inst0 ch0:  C_CMD: RDCMD     C_f = 0x018   at time   62758135 ps
inst0 ch0:  C_CMD: RDCMD     C_r = 0x015   at time   62761033 ps
inst0 ch0:  C_CMD: RDCMD     C_f = 0x01a   at time   62761447 ps
inst0 ch0:  C_CMD: RDCMD     C_r = 0x015   at time   62764345 ps
inst0 ch0:  C_CMD: RDCMD     C_f = 0x010   at time   62764759 ps
inst0 ch0:  C_CMD: RDCMD     C_r = 0x015   at time   62767657 ps
inst0 ch0:  C_CMD: RDCMD     C_f = 0x012   at time   62768071 ps
inst0 ch0:  C_CMD: RDCMD     C_r = 0x015   at time   62770969 ps
inst0 ch0:  C_CMD: RDCMD     C_f = 0x008   at time   62771383 ps
inst0 ch0:  C_CMD: RDCMD     C_r = 0x015   at time   62774281 ps
inst0 ch0:  C_CMD: RDCMD     C_f = 0x00a   at time   62774695 ps
inst0 ch0:  C_CMD: RDCMD     C_r = 0x015   at time   62777593 ps
inst0 ch0:  C_CMD: RDCMD     C_f = 0x000   at time   62778007 ps
inst0 ch0:  C_CMD: RDCMD     C_r = 0x01d   at time   62780905 ps
inst0 ch0:  C_CMD: RDCMD     C_f = 0x002   at time   62781319 ps
inst0 ch0:  R_CMD: ACTCMD    R_r0= 0x0a    at time   62967205 ps
inst0 ch0:  R_CMD: ACTCMD    R_f0= 0x08    at time   62967619 ps
inst0 ch0:  R_CMD: ACTCMD    R_r1= 0x00    at time   62968033 ps
inst0 ch0:  R_CMD: ACTCMD    R_f1= 0x00    at time   62968447 ps
inst0 ch0:  C_CMD: RDCMD     C_r = 0x015   at time   62982109 ps
inst0 ch0:  C_CMD: RDCMD     C_f = 0x098   at time   62982523 ps
inst0 ch0:  C_CMD: RDCMD     C_r = 0x015   at time   62985421 ps
inst0 ch0:  C_CMD: RDCMD     C_f = 0x09a   at time   62985835 ps
inst0 ch0:  C_CMD: RDCMD     C_r = 0x015   at time   62988733 ps
inst0 ch0:  C_CMD: RDCMD     C_f = 0x090   at time   62989147 ps
inst0 ch0:  C_CMD: RDCMD     C_r = 0x015   at time   62992045 ps
inst0 ch0:  C_CMD: RDCMD     C_f = 0x092   at time   62992459 ps
inst0 ch0:  R_CMD: ACTCMD    R_r0= 0x0a    at time   62995357 ps
inst0 ch0:  C_CMD: RDCMD     C_r = 0x015   at time   62995357 ps
inst0 ch0:  R_CMD: ACTCMD    R_f0= 0x00    at time   62995771 ps
inst0 ch0:  C_CMD: RDCMD     C_f = 0x088   at time   62995771 ps
inst0 ch0:  R_CMD: ACTCMD    R_r1= 0x00    at time   62996185 ps
inst0 ch0:  R_CMD: ACTCMD    R_f1= 0x00    at time   62996599 ps
inst0 ch0:  C_CMD: RDCMD     C_r = 0x015   at time   62998669 ps
inst0 ch0:  C_CMD: RDCMD     C_f = 0x08a   at time   62999083 ps
inst0 ch0:  C_CMD: RDCMD     C_r = 0x015   at time   63001981 ps
inst0 ch0:  C_CMD: RDCMD     C_f = 0x080   at time   63002395 ps
inst0 ch0:  C_CMD: RDCMD     C_r = 0x01d   at time   63005293 ps
inst0 ch0:  C_CMD: RDCMD     C_f = 0x082   at time   63005707 ps
inst0 ch0:  C_CMD: RDCMD     C_r = 0x015   at time   63010261 ps
inst0 ch0:  C_CMD: RDCMD     C_f = 0x038   at time   63010675 ps
inst0 ch0:  C_CMD: RDCMD     C_r = 0x015   at time   63013573 ps
inst0 ch0:  C_CMD: RDCMD     C_f = 0x03a   at time   63013987 ps
inst0 ch0:  C_CMD: RDCMD     C_r = 0x015   at time   63016885 ps
inst0 ch0:  C_CMD: RDCMD     C_f = 0x030   at time   63017299 ps
inst0 ch0:  C_CMD: RDCMD     C_r = 0x015   at time   63020197 ps
inst0 ch0:  C_CMD: RDCMD     C_f = 0x032   at time   63020611 ps
inst0 ch0:  C_CMD: RDCMD     C_r = 0x015   at time   63023509 ps
inst0 ch0:  C_CMD: RDCMD     C_f = 0x028   at time   63023923 ps
inst0 ch0:  C_CMD: RDCMD     C_r = 0x015   at time   63026821 ps
inst0 ch0:  C_CMD: RDCMD     C_f = 0x02a   at time   63027235 ps
inst0 ch0:  C_CMD: RDCMD     C_r = 0x015   at time   63030133 ps
inst0 ch0:  C_CMD: RDCMD     C_f = 0x020   at time   63030547 ps
inst0 ch0:  C_CMD: RDCMD     C_r = 0x01d   at time   63033445 ps
inst0 ch0:  C_CMD: RDCMD     C_f = 0x022   at time   63033859 ps
inst0 ch0:  R_CMD: ACTCMD    R_r0= 0x0a    at time   63054973 ps
inst0 ch0:  R_CMD: ACTCMD    R_f0= 0x00    at time   63055387 ps
inst0 ch0:  R_CMD: ACTCMD    R_r1= 0x00    at time   63055801 ps
inst0 ch0:  R_CMD: ACTCMD    R_f1= 0x00    at time   63056215 ps
inst0 ch0:  C_CMD: WRCMD     C_r = 0x011   at time   63065737 ps
inst0 ch0:  C_CMD: WRCMD     C_f = 0x038   at time   63066151 ps
inst0 ch0:  C_CMD: WRCMD     C_r = 0x019   at time   63069049 ps
inst0 ch0:  C_CMD: WRCMD     C_f = 0x03a   at time   63069463 ps
inst0 ch0:  R_CMD: ACTCMD    R_r0= 0x0a    at time   63107137 ps
inst0 ch0:  R_CMD: ACTCMD    R_f0= 0x00    at time   63107551 ps
inst0 ch0:  R_CMD: ACTCMD    R_r1= 0x00    at time   63107965 ps
inst0 ch0:  R_CMD: ACTCMD    R_f1= 0x00    at time   63108379 ps
inst0 ch0:  C_CMD: WRCMD     C_r = 0x011   at time   63117901 ps
inst0 ch0:  C_CMD: WRCMD     C_f = 0x028   at time   63118315 ps
inst0 ch0:  C_CMD: WRCMD     C_r = 0x011   at time   63121213 ps
inst0 ch0:  C_CMD: WRCMD     C_f = 0x02a   at time   63121627 ps
inst0 ch0:  C_CMD: WRCMD     C_r = 0x011   at time   63124525 ps
inst0 ch0:  C_CMD: WRCMD     C_f = 0x030   at time   63124939 ps
inst0 ch0:  C_CMD: WRCMD     C_r = 0x011   at time   63127837 ps
inst0 ch0:  C_CMD: WRCMD     C_f = 0x032   at time   63128251 ps
inst0 ch0:  C_CMD: WRCMD     C_r = 0x011   at time   63131149 ps
inst0 ch0:  C_CMD: WRCMD     C_f = 0x020   at time   63131563 ps
inst0 ch0:  C_CMD: WRCMD     C_r = 0x019   at time   63134461 ps
inst0 ch0:  C_CMD: WRCMD     C_f = 0x022   at time   63134875 ps
inst0 ch0:  R_CMD: ACTCMD    R_r0= 0x0a    at time   63262801 ps
inst0 ch0:  R_CMD: ACTCMD    R_f0= 0x08    at time   63263215 ps
inst0 ch0:  R_CMD: ACTCMD    R_r1= 0x00    at time   63263629 ps
inst0 ch0:  R_CMD: ACTCMD    R_f1= 0x00    at time   63264043 ps
inst0 ch0:  C_CMD: RDCMD     C_r = 0x015   at time   63277705 ps
inst0 ch0:  C_CMD: RDCMD     C_f = 0x0b8   at time   63278119 ps
inst0 ch0:  C_CMD: RDCMD     C_r = 0x015   at time   63281017 ps
inst0 ch0:  C_CMD: RDCMD     C_f = 0x0ba   at time   63281431 ps
inst0 ch0:  C_CMD: RDCMD     C_r = 0x015   at time   63284329 ps
inst0 ch0:  C_CMD: RDCMD     C_f = 0x0b0   at time   63284743 ps
inst0 ch0:  C_CMD: RDCMD     C_r = 0x015   at time   63287641 ps
inst0 ch0:  C_CMD: RDCMD     C_f = 0x0b2   at time   63288055 ps
inst0 ch0:  C_CMD: RDCMD     C_r = 0x015   at time   63290953 ps
inst0 ch0:  C_CMD: RDCMD     C_f = 0x0a8   at time   63291367 ps
inst0 ch0:  C_CMD: RDCMD     C_r = 0x015   at time   63294265 ps
inst0 ch0:  C_CMD: RDCMD     C_f = 0x0aa   at time   63294679 ps
inst0 ch0:  C_CMD: RDCMD     C_r = 0x015   at time   63297577 ps
inst0 ch0:  C_CMD: RDCMD     C_f = 0x0a0   at time   63297991 ps
inst0 ch0:  C_CMD: RDCMD     C_r = 0x01d   at time   63300889 ps
inst0 ch0:  C_CMD: RDCMD     C_f = 0x0a2   at time   63301303 ps
inst0 ch0:  R_CMD: ACTCMD    R_r0= 0x0a    at time   63335665 ps
inst0 ch0:  R_CMD: ACTCMD    R_f0= 0x08    at time   63336079 ps
inst0 ch0:  R_CMD: ACTCMD    R_r1= 0x00    at time   63336493 ps
inst0 ch0:  R_CMD: ACTCMD    R_f1= 0x00    at time   63336907 ps
inst0 ch0:  C_CMD: WRCMD     C_r = 0x011   at time   63346429 ps
inst0 ch0:  C_CMD: WRCMD     C_f = 0x0b8   at time   63346843 ps
inst0 ch0:  C_CMD: WRCMD     C_r = 0x011   at time   63349741 ps
inst0 ch0:  C_CMD: WRCMD     C_f = 0x0ba   at time   63350155 ps
inst0 ch0:  C_CMD: WRCMD     C_r = 0x011   at time   63353053 ps
inst0 ch0:  C_CMD: WRCMD     C_f = 0x0a8   at time   63353467 ps
inst0 ch0:  C_CMD: WRCMD     C_r = 0x011   at time   63356365 ps
inst0 ch0:  C_CMD: WRCMD     C_f = 0x0aa   at time   63356779 ps
inst0 ch0:  C_CMD: WRCMD     C_r = 0x011   at time   63359677 ps
inst0 ch0:  C_CMD: WRCMD     C_f = 0x0b0   at time   63360091 ps
inst0 ch0:  C_CMD: WRCMD     C_r = 0x011   at time   63362989 ps
inst0 ch0:  C_CMD: WRCMD     C_f = 0x0b2   at time   63363403 ps
inst0 ch0:  C_CMD: WRCMD     C_r = 0x011   at time   63366301 ps
inst0 ch0:  C_CMD: WRCMD     C_f = 0x0a0   at time   63366715 ps
inst0 ch0:  C_CMD: WRCMD     C_r = 0x019   at time   63369613 ps
inst0 ch0:  C_CMD: WRCMD     C_f = 0x0a2   at time   63370027 ps
inst0 ch0:  R_CMD: ACTCMD    R_r0= 0x02    at time   64370665 ps
inst0 ch0:  R_CMD: ACTCMD    R_f0= 0x13    at time   64371079 ps
inst0 ch0:  R_CMD: ACTCMD    R_r1= 0x3f    at time   64371493 ps
inst0 ch0:  R_CMD: ACTCMD    R_f1= 0x3b    at time   64371907 ps
inst0 ch0:  C_CMD: RDCMD     C_r = 0x005   at time   64385569 ps
inst0 ch0:  C_CMD: RDCMD     C_f = 0x000   at time   64385983 ps
inst0 ch0:  C_CMD: RDCMD     C_r = 0x00d   at time   64388881 ps
inst0 ch0:  C_CMD: RDCMD     C_f = 0x002   at time   64389295 ps
inst0 ch0:  R_CMD: ACTCMD    R_r0= 0x02    at time   64443529 ps
inst0 ch0:  R_CMD: ACTCMD    R_f0= 0x13    at time   64443943 ps
inst0 ch0:  R_CMD: ACTCMD    R_r1= 0x3f    at time   64444357 ps
inst0 ch0:  R_CMD: ACTCMD    R_f1= 0x3b    at time   64444771 ps
inst0 ch0:  C_CMD: WRCMD     C_r = 0x001   at time   64454293 ps
inst0 ch0:  C_CMD: WRCMD     C_f = 0x000   at time   64454707 ps
inst0 ch0:  C_CMD: WRCMD     C_r = 0x009   at time   64457605 ps
inst0 ch0:  C_CMD: WRCMD     C_f = 0x002   at time   64458019 ps
inst0 ch0:  R_CMD: ACTCMD    R_r0= 0x02    at time   64544545 ps
inst0 ch0:  R_CMD: ACTCMD    R_f0= 0x13    at time   64544959 ps
inst0 ch0:  R_CMD: ACTCMD    R_r1= 0x3f    at time   64545373 ps
inst0 ch0:  R_CMD: ACTCMD    R_f1= 0x3b    at time   64545787 ps
inst0 ch0:  C_CMD: RDCMD     C_r = 0x005   at time   64559449 ps
inst0 ch0:  C_CMD: RDCMD     C_f = 0x000   at time   64559863 ps
inst0 ch0:  C_CMD: RDCMD     C_r = 0x00d   at time   64562761 ps
inst0 ch0:  C_CMD: RDCMD     C_f = 0x002   at time   64563175 ps
inst0 ch0:  R_CMD: ACTCMD    R_r0= 0x02    at time   64614925 ps
inst0 ch0:  R_CMD: ACTCMD    R_f0= 0x13    at time   64615339 ps
inst0 ch0:  R_CMD: ACTCMD    R_r1= 0x3f    at time   64615753 ps
inst0 ch0:  R_CMD: ACTCMD    R_f1= 0x3b    at time   64616167 ps
inst0 ch0:  C_CMD: WRCMD     C_r = 0x001   at time   64625689 ps
inst0 ch0:  C_CMD: WRCMD     C_f = 0x000   at time   64626103 ps
inst0 ch0:  C_CMD: WRCMD     C_r = 0x009   at time   64629001 ps
inst0 ch0:  C_CMD: WRCMD     C_f = 0x002   at time   64629415 ps
inst0 ch0:  R_CMD: ACTCMD    R_r0= 0x02    at time   64711801 ps
inst0 ch0:  R_CMD: ACTCMD    R_f0= 0x1b    at time   64712215 ps
inst0 ch0:  R_CMD: ACTCMD    R_r1= 0x3f    at time   64712629 ps
inst0 ch0:  R_CMD: ACTCMD    R_f1= 0x3b    at time   64713043 ps
inst0 ch0:  C_CMD: RDCMD     C_r = 0x005   at time   64726705 ps
inst0 ch0:  C_CMD: RDCMD     C_f = 0x080   at time   64727119 ps
inst0 ch0:  C_CMD: RDCMD     C_r = 0x00d   at time   64730017 ps
inst0 ch0:  C_CMD: RDCMD     C_f = 0x082   at time   64730431 ps
inst0 ch0:  R_CMD: ACTCMD    R_r0= 0x02    at time   64784665 ps
inst0 ch0:  R_CMD: ACTCMD    R_f0= 0x1b    at time   64785079 ps
inst0 ch0:  R_CMD: ACTCMD    R_r1= 0x3f    at time   64785493 ps
inst0 ch0:  R_CMD: ACTCMD    R_f1= 0x3b    at time   64785907 ps
inst0 ch0:  C_CMD: WRCMD     C_r = 0x001   at time   64795429 ps
inst0 ch0:  C_CMD: WRCMD     C_f = 0x080   at time   64795843 ps
inst0 ch0:  C_CMD: WRCMD     C_r = 0x009   at time   64798741 ps
inst0 ch0:  C_CMD: WRCMD     C_f = 0x082   at time   64799155 ps
inst0 ch0:  R_CMD: ACTCMD    R_r0= 0x0a    at time   64864981 ps
inst0 ch0:  R_CMD: ACTCMD    R_f0= 0x11    at time   64865395 ps
inst0 ch0:  R_CMD: ACTCMD    R_r1= 0x3f    at time   64865809 ps
inst0 ch0:  R_CMD: ACTCMD    R_f1= 0x3b    at time   64866223 ps
inst0 ch0:  R_CMD: ACTCMD    R_r0= 0x02    at time   64869121 ps
inst0 ch0:  R_CMD: ACTCMD    R_f0= 0x11    at time   64869535 ps
inst0 ch0:  R_CMD: ACTCMD    R_r1= 0x3f    at time   64869949 ps
inst0 ch0:  R_CMD: ACTCMD    R_f1= 0x3b    at time   64870363 ps
inst0 ch0:  C_CMD: RDCMD     C_r = 0x015   at time   64879885 ps
inst0 ch0:  C_CMD: RDCMD     C_f = 0x078   at time   64880299 ps
inst0 ch0:  R_CMD: ACTCMD    R_r0= 0x02    at time   64880713 ps
inst0 ch0:  R_CMD: ACTCMD    R_f0= 0x1b    at time   64881127 ps
inst0 ch0:  R_CMD: ACTCMD    R_r1= 0x3f    at time   64881541 ps
inst0 ch0:  R_CMD: ACTCMD    R_f1= 0x3b    at time   64881955 ps
inst0 ch0:  C_CMD: RDCMD     C_r = 0x01d   at time   64883197 ps
inst0 ch0:  C_CMD: RDCMD     C_f = 0x07a   at time   64883611 ps
inst0 ch0:  C_CMD: RDCMD     C_r = 0x005   at time   64886509 ps
inst0 ch0:  C_CMD: RDCMD     C_f = 0x078   at time   64886923 ps
inst0 ch0:  C_CMD: RDCMD     C_r = 0x00d   at time   64889821 ps
inst0 ch0:  C_CMD: RDCMD     C_f = 0x07a   at time   64890235 ps
inst0 ch0:  C_CMD: RDCMD     C_r = 0x005   at time   64895617 ps
inst0 ch0:  C_CMD: RDCMD     C_f = 0x080   at time   64896031 ps
inst0 ch0:  C_CMD: RDCMD     C_r = 0x00d   at time   64898929 ps
inst0 ch0:  C_CMD: RDCMD     C_f = 0x082   at time   64899343 ps
inst0 ch0:  R_CMD: ACTCMD    R_r0= 0x0a    at time   64935361 ps
inst0 ch0:  R_CMD: ACTCMD    R_f0= 0x11    at time   64935775 ps
inst0 ch0:  R_CMD: ACTCMD    R_r1= 0x3f    at time   64936189 ps
inst0 ch0:  R_CMD: ACTCMD    R_f1= 0x3b    at time   64936603 ps
inst0 ch0:  R_CMD: ACTCMD    R_r0= 0x02    at time   64941985 ps
inst0 ch0:  R_CMD: ACTCMD    R_f0= 0x11    at time   64942399 ps
inst0 ch0:  R_CMD: ACTCMD    R_r1= 0x3f    at time   64942813 ps
inst0 ch0:  R_CMD: ACTCMD    R_f1= 0x3b    at time   64943227 ps
inst0 ch0:  C_CMD: WRCMD     C_r = 0x011   at time   64946125 ps
inst0 ch0:  C_CMD: WRCMD     C_f = 0x078   at time   64946539 ps
inst0 ch0:  C_CMD: WRCMD     C_r = 0x019   at time   64949437 ps
inst0 ch0:  C_CMD: WRCMD     C_f = 0x07a   at time   64949851 ps
inst0 ch0:  C_CMD: WRCMD     C_r = 0x001   at time   64952749 ps
inst0 ch0:  C_CMD: WRCMD     C_f = 0x078   at time   64953163 ps
inst0 ch0:  C_CMD: WRCMD     C_r = 0x009   at time   64956061 ps
inst0 ch0:  C_CMD: WRCMD     C_f = 0x07a   at time   64956475 ps
inst0 ch0:  R_CMD: ACTCMD    R_r0= 0x02    at time   64990837 ps
inst0 ch0:  R_CMD: ACTCMD    R_f0= 0x1b    at time   64991251 ps
inst0 ch0:  R_CMD: ACTCMD    R_r1= 0x3f    at time   64991665 ps
inst0 ch0:  R_CMD: ACTCMD    R_f1= 0x3b    at time   64992079 ps
inst0 ch0:  C_CMD: WRCMD     C_r = 0x001   at time   65001601 ps
inst0 ch0:  C_CMD: WRCMD     C_f = 0x080   at time   65002015 ps
inst0 ch0:  C_CMD: WRCMD     C_r = 0x009   at time   65004913 ps
inst0 ch0:  C_CMD: WRCMD     C_f = 0x082   at time   65005327 ps
inst0 ch0:  R_CMD: ACTCMD    R_r0= 0x0a    at time   65233441 ps
inst0 ch0:  R_CMD: ACTCMD    R_f0= 0x19    at time   65233855 ps
inst0 ch0:  R_CMD: ACTCMD    R_r1= 0x3f    at time   65234269 ps
inst0 ch0:  R_CMD: ACTCMD    R_f1= 0x3b    at time   65234683 ps
inst0 ch0:  R_CMD: ACTCMD    R_r0= 0x02    at time   65237581 ps
inst0 ch0:  R_CMD: ACTCMD    R_f0= 0x19    at time   65237995 ps
inst0 ch0:  R_CMD: ACTCMD    R_r1= 0x3f    at time   65238409 ps
inst0 ch0:  R_CMD: ACTCMD    R_f1= 0x3b    at time   65238823 ps
inst0 ch0:  C_CMD: RDCMD     C_r = 0x015   at time   65248345 ps
inst0 ch0:  C_CMD: RDCMD     C_f = 0x0f8   at time   65248759 ps
inst0 ch0:  C_CMD: RDCMD     C_r = 0x01d   at time   65251657 ps
inst0 ch0:  C_CMD: RDCMD     C_f = 0x0fa   at time   65252071 ps
inst0 ch0:  C_CMD: RDCMD     C_r = 0x005   at time   65254969 ps
inst0 ch0:  C_CMD: RDCMD     C_f = 0x0f8   at time   65255383 ps
inst0 ch0:  C_CMD: RDCMD     C_r = 0x00d   at time   65258281 ps
inst0 ch0:  C_CMD: RDCMD     C_f = 0x0fa   at time   65258695 ps
inst0 ch0:  R_CMD: ACTCMD    R_r0= 0x0a    at time   65303821 ps
inst0 ch0:  R_CMD: ACTCMD    R_f0= 0x19    at time   65304235 ps
inst0 ch0:  R_CMD: ACTCMD    R_r1= 0x3f    at time   65304649 ps
inst0 ch0:  R_CMD: ACTCMD    R_f1= 0x3b    at time   65305063 ps
inst0 ch0:  R_CMD: ACTCMD    R_r0= 0x02    at time   65307961 ps
inst0 ch0:  R_CMD: ACTCMD    R_f0= 0x19    at time   65308375 ps
inst0 ch0:  R_CMD: ACTCMD    R_r1= 0x3f    at time   65308789 ps
inst0 ch0:  R_CMD: ACTCMD    R_f1= 0x3b    at time   65309203 ps
inst0 ch0:  C_CMD: WRCMD     C_r = 0x011   at time   65314585 ps
inst0 ch0:  C_CMD: WRCMD     C_f = 0x0f8   at time   65314999 ps
inst0 ch0:  C_CMD: WRCMD     C_r = 0x019   at time   65317897 ps
inst0 ch0:  C_CMD: WRCMD     C_f = 0x0fa   at time   65318311 ps
inst0 ch0:  C_CMD: WRCMD     C_r = 0x001   at time   65321209 ps
inst0 ch0:  C_CMD: WRCMD     C_f = 0x0f8   at time   65321623 ps
inst0 ch0:  C_CMD: WRCMD     C_r = 0x009   at time   65324521 ps
inst0 ch0:  C_CMD: WRCMD     C_f = 0x0fa   at time   65324935 ps
inst0 ch0:  R_CMD: ACTCMD    R_r0= 0x0a    at time   65779093 ps
inst0 ch0:  R_CMD: ACTCMD    R_f0= 0x02    at time   65779507 ps
inst0 ch0:  R_CMD: ACTCMD    R_r1= 0x00    at time   65779921 ps
inst0 ch0:  R_CMD: ACTCMD    R_f1= 0x00    at time   65780335 ps
inst0 ch0:  R_CMD: ACTCMD    R_r0= 0x02    at time   65783233 ps
inst0 ch0:  R_CMD: ACTCMD    R_f0= 0x02    at time   65783647 ps
inst0 ch0:  R_CMD: ACTCMD    R_r1= 0x00    at time   65784061 ps
inst0 ch0:  R_CMD: ACTCMD    R_f1= 0x00    at time   65784475 ps
inst0 ch0:  C_CMD: RDCMD     C_r = 0x015   at time   65793997 ps
inst0 ch0:  C_CMD: RDCMD     C_f = 0x000   at time   65794411 ps
inst0 ch0:  C_CMD: RDCMD     C_r = 0x01d   at time   65797309 ps
inst0 ch0:  C_CMD: RDCMD     C_f = 0x002   at time   65797723 ps
inst0 ch0:  C_CMD: RDCMD     C_r = 0x005   at time   65800621 ps
inst0 ch0:  C_CMD: RDCMD     C_f = 0x000   at time   65801035 ps
inst0 ch0:  C_CMD: RDCMD     C_r = 0x00d   at time   65803933 ps
inst0 ch0:  C_CMD: RDCMD     C_f = 0x002   at time   65804347 ps
inst0 ch0:  R_CMD: ACTCMD    R_r0= 0x0a    at time   65808901 ps
inst0 ch0:  R_CMD: ACTCMD    R_f0= 0x0a    at time   65809315 ps
inst0 ch0:  R_CMD: ACTCMD    R_r1= 0x00    at time   65809729 ps
inst0 ch0:  R_CMD: ACTCMD    R_f1= 0x00    at time   65810143 ps
inst0 ch0:  R_CMD: ACTCMD    R_r0= 0x02    at time   65813041 ps
inst0 ch0:  R_CMD: ACTCMD    R_f0= 0x0a    at time   65813455 ps
inst0 ch0:  R_CMD: ACTCMD    R_r1= 0x00    at time   65813869 ps
inst0 ch0:  R_CMD: ACTCMD    R_f1= 0x00    at time   65814283 ps
inst0 ch0:  C_CMD: RDCMD     C_r = 0x015   at time   65823805 ps
inst0 ch0:  C_CMD: RDCMD     C_f = 0x080   at time   65824219 ps
inst0 ch0:  C_CMD: RDCMD     C_r = 0x01d   at time   65827117 ps
inst0 ch0:  C_CMD: RDCMD     C_f = 0x082   at time   65827531 ps
inst0 ch0:  C_CMD: RDCMD     C_r = 0x005   at time   65830429 ps
inst0 ch0:  C_CMD: RDCMD     C_f = 0x080   at time   65830843 ps
inst0 ch0:  C_CMD: RDCMD     C_r = 0x00d   at time   65833741 ps
inst0 ch0:  C_CMD: RDCMD     C_f = 0x082   at time   65834155 ps
