inst0 ch0:  R_CMD: ACTCMD    R_r0= 0x0e    at time   33400981 ps
inst0 ch0:  R_CMD: ACTCMD    R_f0= 0x28    at time   33401395 ps
inst0 ch0:  R_CMD: ACTCMD    R_r1= 0x00    at time   33401809 ps
inst0 ch0:  R_CMD: ACTCMD    R_f1= 0x02    at time   33402223 ps
inst0 ch0:  R_CMD: ACTCMD    R_r0= 0x0e    at time   33405121 ps
inst0 ch0:  R_CMD: ACTCMD    R_f0= 0x20    at time   33405535 ps
inst0 ch0:  R_CMD: ACTCMD    R_r1= 0x00    at time   33405949 ps
inst0 ch0:  R_CMD: ACTCMD    R_f1= 0x02    at time   33406363 ps
inst0 ch0:  C_CMD: RDCMD     C_r = 0x095   at time   33415885 ps
inst0 ch0:  C_CMD: RDCMD     C_f = 0x0a9   at time   33416299 ps
inst0 ch0:  C_CMD: RDCMD     C_r = 0x095   at time   33419197 ps
inst0 ch0:  C_CMD: RDCMD     C_f = 0x0ab   at time   33419611 ps
inst0 ch0:  C_CMD: RDCMD     C_r = 0x095   at time   33420025 ps
inst0 ch0:  C_CMD: RDCMD     C_f = 0x029   at time   33420439 ps
inst0 ch0:  C_CMD: RDCMD     C_r = 0x095   at time   33422509 ps
inst0 ch0:  C_CMD: RDCMD     C_f = 0x0a1   at time   33422923 ps
inst0 ch0:  C_CMD: RDCMD     C_r = 0x095   at time   33423337 ps
inst0 ch0:  C_CMD: RDCMD     C_f = 0x02b   at time   33423751 ps
inst0 ch0:  C_CMD: RDCMD     C_r = 0x09d   at time   33425821 ps
inst0 ch0:  C_CMD: RDCMD     C_f = 0x0a3   at time   33426235 ps
inst0 ch0:  C_CMD: RDCMD     C_r = 0x095   at time   33426649 ps
inst0 ch0:  C_CMD: RDCMD     C_f = 0x021   at time   33427063 ps
inst0 ch0:  C_CMD: RDCMD     C_r = 0x09d   at time   33429961 ps
inst0 ch0:  C_CMD: RDCMD     C_f = 0x023   at time   33430375 ps
inst0 ch0:  R_CMD: ACTCMD    R_r0= 0x0e    at time   33695749 ps
inst0 ch0:  R_CMD: ACTCMD    R_f0= 0x28    at time   33696163 ps
inst0 ch0:  R_CMD: ACTCMD    R_r1= 0x00    at time   33696577 ps
inst0 ch0:  R_CMD: ACTCMD    R_f1= 0x02    at time   33696991 ps
inst0 ch0:  R_CMD: ACTCMD    R_r0= 0x0e    at time   33697405 ps
inst0 ch0:  R_CMD: ACTCMD    R_f0= 0x20    at time   33697819 ps
inst0 ch0:  R_CMD: ACTCMD    R_r1= 0x00    at time   33698233 ps
inst0 ch0:  R_CMD: ACTCMD    R_f1= 0x02    at time   33698647 ps
inst0 ch0:  C_CMD: WRCMD     C_r = 0x091   at time   33706513 ps
inst0 ch0:  C_CMD: WRCMD     C_f = 0x0a9   at time   33706927 ps
inst0 ch0:  C_CMD: WRCMD     C_r = 0x091   at time   33708169 ps
inst0 ch0:  C_CMD: WRCMD     C_f = 0x029   at time   33708583 ps
inst0 ch0:  C_CMD: WRCMD     C_r = 0x091   at time   33709825 ps
inst0 ch0:  C_CMD: WRCMD     C_f = 0x0ab   at time   33710239 ps
inst0 ch0:  C_CMD: WRCMD     C_r = 0x091   at time   33711481 ps
inst0 ch0:  C_CMD: WRCMD     C_f = 0x02b   at time   33711895 ps
inst0 ch0:  C_CMD: WRCMD     C_r = 0x091   at time   33713137 ps
inst0 ch0:  C_CMD: WRCMD     C_f = 0x0a1   at time   33713551 ps
inst0 ch0:  C_CMD: WRCMD     C_r = 0x091   at time   33714793 ps
inst0 ch0:  C_CMD: WRCMD     C_f = 0x021   at time   33715207 ps
inst0 ch0:  C_CMD: WRCMD     C_r = 0x099   at time   33716449 ps
inst0 ch0:  C_CMD: WRCMD     C_f = 0x0a3   at time   33716863 ps
inst0 ch0:  C_CMD: WRCMD     C_r = 0x099   at time   33718105 ps
inst0 ch0:  C_CMD: WRCMD     C_f = 0x023   at time   33718519 ps
inst0 ch0:  R_CMD: ACTCMD    R_r0= 0x26    at time   37603909 ps
inst0 ch0:  R_CMD: ACTCMD    R_f0= 0x28    at time   37604323 ps
inst0 ch0:  R_CMD: ACTCMD    R_r1= 0x00    at time   37604737 ps
inst0 ch0:  R_CMD: ACTCMD    R_f1= 0x02    at time   37605151 ps
inst0 ch0:  R_CMD: ACTCMD    R_r0= 0x26    at time   37606393 ps
inst0 ch0:  R_CMD: ACTCMD    R_f0= 0x20    at time   37606807 ps
inst0 ch0:  R_CMD: ACTCMD    R_r1= 0x00    at time   37607221 ps
inst0 ch0:  R_CMD: ACTCMD    R_f1= 0x02    at time   37607635 ps
inst0 ch0:  C_CMD: RDCMD     C_r = 0x0c5   at time   37618813 ps
inst0 ch0:  C_CMD: RDCMD     C_f = 0x0a9   at time   37619227 ps
inst0 ch0:  C_CMD: RDCMD     C_r = 0x0c5   at time   37621297 ps
inst0 ch0:  C_CMD: RDCMD     C_f = 0x029   at time   37621711 ps
inst0 ch0:  C_CMD: RDCMD     C_r = 0x0c5   at time   37622125 ps
inst0 ch0:  C_CMD: RDCMD     C_f = 0x0ab   at time   37622539 ps
inst0 ch0:  C_CMD: RDCMD     C_r = 0x0c5   at time   37624609 ps
inst0 ch0:  C_CMD: RDCMD     C_f = 0x02b   at time   37625023 ps
inst0 ch0:  C_CMD: RDCMD     C_r = 0x0c5   at time   37625437 ps
inst0 ch0:  C_CMD: RDCMD     C_f = 0x0a1   at time   37625851 ps
inst0 ch0:  C_CMD: RDCMD     C_r = 0x0c5   at time   37627921 ps
inst0 ch0:  C_CMD: RDCMD     C_f = 0x021   at time   37628335 ps
inst0 ch0:  C_CMD: RDCMD     C_r = 0x0cd   at time   37628749 ps
inst0 ch0:  C_CMD: RDCMD     C_f = 0x0a3   at time   37629163 ps
inst0 ch0:  C_CMD: RDCMD     C_r = 0x0cd   at time   37631233 ps
inst0 ch0:  C_CMD: RDCMD     C_f = 0x023   at time   37631647 ps
inst0 ch0:  R_CMD: ACTCMD    R_r0= 0x26    at time   37743841 ps
inst0 ch0:  R_CMD: ACTCMD    R_f0= 0x28    at time   37744255 ps
inst0 ch0:  R_CMD: ACTCMD    R_r1= 0x00    at time   37744669 ps
inst0 ch0:  R_CMD: ACTCMD    R_f1= 0x02    at time   37745083 ps
inst0 ch0:  R_CMD: ACTCMD    R_r0= 0x26    at time   37747153 ps
inst0 ch0:  R_CMD: ACTCMD    R_f0= 0x20    at time   37747567 ps
inst0 ch0:  R_CMD: ACTCMD    R_r1= 0x00    at time   37747981 ps
inst0 ch0:  R_CMD: ACTCMD    R_f1= 0x02    at time   37748395 ps
inst0 ch0:  C_CMD: WRCMD     C_r = 0x0c1   at time   37754605 ps
inst0 ch0:  C_CMD: WRCMD     C_f = 0x0a9   at time   37755019 ps
inst0 ch0:  C_CMD: WRCMD     C_r = 0x0c1   at time   37757917 ps
inst0 ch0:  C_CMD: WRCMD     C_f = 0x0ab   at time   37758331 ps
inst0 ch0:  C_CMD: WRCMD     C_r = 0x0c1   at time   37758745 ps
inst0 ch0:  C_CMD: WRCMD     C_f = 0x029   at time   37759159 ps
inst0 ch0:  C_CMD: WRCMD     C_r = 0x0c1   at time   37761229 ps
inst0 ch0:  C_CMD: WRCMD     C_f = 0x0a1   at time   37761643 ps
inst0 ch0:  C_CMD: WRCMD     C_r = 0x0c1   at time   37762057 ps
inst0 ch0:  C_CMD: WRCMD     C_f = 0x02b   at time   37762471 ps
inst0 ch0:  C_CMD: WRCMD     C_r = 0x0c9   at time   37764541 ps
inst0 ch0:  C_CMD: WRCMD     C_f = 0x0a3   at time   37764955 ps
inst0 ch0:  C_CMD: WRCMD     C_r = 0x0c1   at time   37765369 ps
inst0 ch0:  C_CMD: WRCMD     C_f = 0x021   at time   37765783 ps
inst0 ch0:  C_CMD: WRCMD     C_r = 0x0c9   at time   37768681 ps
inst0 ch0:  C_CMD: WRCMD     C_f = 0x023   at time   37769095 ps
inst0 ch0:  R_CMD: ACTCMD    R_r0= 0x22    at time   54589501 ps
inst0 ch0:  R_CMD: ACTCMD    R_f0= 0x22    at time   54589915 ps
inst0 ch0:  R_CMD: ACTCMD    R_r1= 0x00    at time   54590329 ps
inst0 ch0:  R_CMD: ACTCMD    R_f1= 0x00    at time   54590743 ps
inst0 ch0:  R_CMD: ACTCMD    R_r0= 0x22    at time   54591157 ps
inst0 ch0:  R_CMD: ACTCMD    R_f0= 0x2a    at time   54591571 ps
inst0 ch0:  R_CMD: ACTCMD    R_r1= 0x00    at time   54591985 ps
inst0 ch0:  R_CMD: ACTCMD    R_f1= 0x00    at time   54592399 ps
inst0 ch0:  R_CMD: ACTCMD    R_r0= 0x02    at time   54593641 ps
inst0 ch0:  R_CMD: ACTCMD    R_f0= 0x22    at time   54594055 ps
inst0 ch0:  R_CMD: ACTCMD    R_r1= 0x00    at time   54594469 ps
inst0 ch0:  R_CMD: ACTCMD    R_f1= 0x00    at time   54594883 ps
inst0 ch0:  R_CMD: ACTCMD    R_r0= 0x02    at time   54595297 ps
inst0 ch0:  R_CMD: ACTCMD    R_f0= 0x2a    at time   54595711 ps
inst0 ch0:  R_CMD: ACTCMD    R_r1= 0x00    at time   54596125 ps
inst0 ch0:  R_CMD: ACTCMD    R_f1= 0x00    at time   54596539 ps
inst0 ch0:  R_CMD: ACTCMD    R_r0= 0x22    at time   54597781 ps
inst0 ch0:  R_CMD: ACTCMD    R_f0= 0x02    at time   54598195 ps
inst0 ch0:  R_CMD: ACTCMD    R_r1= 0x00    at time   54598609 ps
inst0 ch0:  R_CMD: ACTCMD    R_f1= 0x00    at time   54599023 ps
inst0 ch0:  R_CMD: ACTCMD    R_r0= 0x22    at time   54599437 ps
inst0 ch0:  R_CMD: ACTCMD    R_f0= 0x0a    at time   54599851 ps
inst0 ch0:  R_CMD: ACTCMD    R_r1= 0x00    at time   54600265 ps
inst0 ch0:  R_CMD: ACTCMD    R_f1= 0x00    at time   54600679 ps
inst0 ch0:  R_CMD: ACTCMD    R_r0= 0x02    at time   54601921 ps
inst0 ch0:  R_CMD: ACTCMD    R_f0= 0x02    at time   54602335 ps
inst0 ch0:  R_CMD: ACTCMD    R_r1= 0x00    at time   54602749 ps
inst0 ch0:  R_CMD: ACTCMD    R_f1= 0x00    at time   54603163 ps
inst0 ch0:  R_CMD: ACTCMD    R_r0= 0x02    at time   54603577 ps
inst0 ch0:  R_CMD: ACTCMD    R_f0= 0x0a    at time   54603991 ps
inst0 ch0:  R_CMD: ACTCMD    R_r1= 0x00    at time   54604405 ps
inst0 ch0:  C_CMD: RDCMD     C_r = 0x0c5   at time   54604405 ps
inst0 ch0:  R_CMD: ACTCMD    R_f1= 0x00    at time   54604819 ps
inst0 ch0:  C_CMD: RDCMD     C_f = 0x000   at time   54604819 ps
inst0 ch0:  C_CMD: RDCMD     C_r = 0x0c5   at time   54606061 ps
inst0 ch0:  C_CMD: RDCMD     C_f = 0x080   at time   54606475 ps
inst0 ch0:  C_CMD: RDCMD     C_r = 0x0cd   at time   54607717 ps
inst0 ch0:  C_CMD: RDCMD     C_f = 0x002   at time   54608131 ps
inst0 ch0:  C_CMD: RDCMD     C_r = 0x085   at time   54609373 ps
inst0 ch0:  C_CMD: RDCMD     C_f = 0x000   at time   54609787 ps
inst0 ch0:  C_CMD: RDCMD     C_r = 0x0cd   at time   54610201 ps
inst0 ch0:  C_CMD: RDCMD     C_f = 0x082   at time   54610615 ps
inst0 ch0:  C_CMD: RDCMD     C_r = 0x085   at time   54611857 ps
inst0 ch0:  C_CMD: RDCMD     C_f = 0x080   at time   54612271 ps
inst0 ch0:  C_CMD: RDCMD     C_r = 0x08d   at time   54612685 ps
inst0 ch0:  C_CMD: RDCMD     C_f = 0x002   at time   54613099 ps
inst0 ch0:  C_CMD: RDCMD     C_r = 0x045   at time   54614341 ps
inst0 ch0:  C_CMD: RDCMD     C_f = 0x000   at time   54614755 ps
inst0 ch0:  C_CMD: RDCMD     C_r = 0x08d   at time   54615169 ps
inst0 ch0:  C_CMD: RDCMD     C_f = 0x082   at time   54615583 ps
inst0 ch0:  C_CMD: RDCMD     C_r = 0x005   at time   54616825 ps
inst0 ch0:  C_CMD: RDCMD     C_f = 0x000   at time   54617239 ps
inst0 ch0:  C_CMD: RDCMD     C_r = 0x045   at time   54617653 ps
inst0 ch0:  C_CMD: RDCMD     C_f = 0x080   at time   54618067 ps
inst0 ch0:  C_CMD: RDCMD     C_r = 0x04d   at time   54618481 ps
inst0 ch0:  C_CMD: RDCMD     C_f = 0x002   at time   54618895 ps
inst0 ch0:  C_CMD: RDCMD     C_r = 0x005   at time   54619309 ps
inst0 ch0:  C_CMD: RDCMD     C_f = 0x080   at time   54619723 ps
inst0 ch0:  C_CMD: RDCMD     C_r = 0x00d   at time   54620137 ps
inst0 ch0:  C_CMD: RDCMD     C_f = 0x002   at time   54620551 ps
inst0 ch0:  C_CMD: RDCMD     C_r = 0x04d   at time   54620965 ps
inst0 ch0:  C_CMD: RDCMD     C_f = 0x082   at time   54621379 ps
inst0 ch0:  C_CMD: RDCMD     C_r = 0x00d   at time   54622621 ps
inst0 ch0:  C_CMD: RDCMD     C_f = 0x082   at time   54623035 ps
inst0 ch0:  R_CMD: ACTCMD    R_r0= 0x2a    at time   55161649 ps
inst0 ch0:  R_CMD: ACTCMD    R_f0= 0x22    at time   55162063 ps
inst0 ch0:  R_CMD: ACTCMD    R_r1= 0x00    at time   55162477 ps
inst0 ch0:  R_CMD: ACTCMD    R_f1= 0x00    at time   55162891 ps
inst0 ch0:  R_CMD: ACTCMD    R_r0= 0x0a    at time   55165789 ps
inst0 ch0:  R_CMD: ACTCMD    R_f0= 0x22    at time   55166203 ps
inst0 ch0:  R_CMD: ACTCMD    R_r1= 0x00    at time   55166617 ps
inst0 ch0:  R_CMD: ACTCMD    R_f1= 0x00    at time   55167031 ps
inst0 ch0:  R_CMD: ACTCMD    R_r0= 0x2a    at time   55169929 ps
inst0 ch0:  R_CMD: ACTCMD    R_f0= 0x02    at time   55170343 ps
inst0 ch0:  R_CMD: ACTCMD    R_r1= 0x00    at time   55170757 ps
inst0 ch0:  R_CMD: ACTCMD    R_f1= 0x00    at time   55171171 ps
inst0 ch0:  R_CMD: ACTCMD    R_r0= 0x0a    at time   55174069 ps
inst0 ch0:  R_CMD: ACTCMD    R_f0= 0x02    at time   55174483 ps
inst0 ch0:  R_CMD: ACTCMD    R_r1= 0x00    at time   55174897 ps
inst0 ch0:  R_CMD: ACTCMD    R_f1= 0x00    at time   55175311 ps
inst0 ch0:  C_CMD: RDCMD     C_r = 0x0d5   at time   55176553 ps
inst0 ch0:  C_CMD: RDCMD     C_f = 0x000   at time   55176967 ps
inst0 ch0:  C_CMD: RDCMD     C_r = 0x0dd   at time   55179865 ps
inst0 ch0:  C_CMD: RDCMD     C_f = 0x002   at time   55180279 ps
inst0 ch0:  R_CMD: ACTCMD    R_r0= 0x2a    at time   55180693 ps
inst0 ch0:  R_CMD: ACTCMD    R_f0= 0x2a    at time   55181107 ps
inst0 ch0:  R_CMD: ACTCMD    R_r1= 0x00    at time   55181521 ps
inst0 ch0:  C_CMD: RDCMD     C_r = 0x095   at time   55181521 ps
inst0 ch0:  R_CMD: ACTCMD    R_f1= 0x00    at time   55181935 ps
inst0 ch0:  C_CMD: RDCMD     C_f = 0x000   at time   55181935 ps
inst0 ch0:  R_CMD: ACTCMD    R_r0= 0x0a    at time   55184833 ps
inst0 ch0:  C_CMD: RDCMD     C_r = 0x09d   at time   55184833 ps
inst0 ch0:  R_CMD: ACTCMD    R_f0= 0x2a    at time   55185247 ps
inst0 ch0:  C_CMD: RDCMD     C_f = 0x002   at time   55185247 ps
inst0 ch0:  R_CMD: ACTCMD    R_r1= 0x00    at time   55185661 ps
inst0 ch0:  R_CMD: ACTCMD    R_f1= 0x00    at time   55186075 ps
inst0 ch0:  C_CMD: RDCMD     C_r = 0x055   at time   55186489 ps
inst0 ch0:  C_CMD: RDCMD     C_f = 0x000   at time   55186903 ps
inst0 ch0:  R_CMD: ACTCMD    R_r0= 0x2a    at time   55188973 ps
inst0 ch0:  C_CMD: RDCMD     C_r = 0x015   at time   55188973 ps
inst0 ch0:  R_CMD: ACTCMD    R_f0= 0x0a    at time   55189387 ps
inst0 ch0:  C_CMD: RDCMD     C_f = 0x000   at time   55189387 ps
inst0 ch0:  R_CMD: ACTCMD    R_r1= 0x00    at time   55189801 ps
inst0 ch0:  R_CMD: ACTCMD    R_f1= 0x00    at time   55190215 ps
inst0 ch0:  C_CMD: RDCMD     C_r = 0x05d   at time   55190629 ps
inst0 ch0:  C_CMD: RDCMD     C_f = 0x002   at time   55191043 ps
inst0 ch0:  C_CMD: RDCMD     C_r = 0x01d   at time   55192285 ps
inst0 ch0:  C_CMD: RDCMD     C_f = 0x002   at time   55192699 ps
inst0 ch0:  R_CMD: ACTCMD    R_r0= 0x0a    at time   55193113 ps
inst0 ch0:  R_CMD: ACTCMD    R_f0= 0x0a    at time   55193527 ps
inst0 ch0:  R_CMD: ACTCMD    R_r1= 0x00    at time   55193941 ps
inst0 ch0:  R_CMD: ACTCMD    R_f1= 0x00    at time   55194355 ps
inst0 ch0:  C_CMD: RDCMD     C_r = 0x0d5   at time   55195597 ps
inst0 ch0:  C_CMD: RDCMD     C_f = 0x080   at time   55196011 ps
inst0 ch0:  C_CMD: RDCMD     C_r = 0x0dd   at time   55198909 ps
inst0 ch0:  C_CMD: RDCMD     C_f = 0x082   at time   55199323 ps
inst0 ch0:  C_CMD: RDCMD     C_r = 0x095   at time   55200565 ps
inst0 ch0:  C_CMD: RDCMD     C_f = 0x080   at time   55200979 ps
inst0 ch0:  C_CMD: RDCMD     C_r = 0x09d   at time   55203877 ps
inst0 ch0:  C_CMD: RDCMD     C_f = 0x082   at time   55204291 ps
inst0 ch0:  C_CMD: RDCMD     C_r = 0x055   at time   55205533 ps
inst0 ch0:  C_CMD: RDCMD     C_f = 0x080   at time   55205947 ps
inst0 ch0:  C_CMD: RDCMD     C_r = 0x015   at time   55208017 ps
inst0 ch0:  C_CMD: RDCMD     C_f = 0x080   at time   55208431 ps
inst0 ch0:  C_CMD: RDCMD     C_r = 0x05d   at time   55209673 ps
inst0 ch0:  C_CMD: RDCMD     C_f = 0x082   at time   55210087 ps
inst0 ch0:  C_CMD: RDCMD     C_r = 0x01d   at time   55211329 ps
inst0 ch0:  C_CMD: RDCMD     C_f = 0x082   at time   55211743 ps
inst0 ch0:  R_CMD: ACTCMD    R_r0= 0x32    at time   55434061 ps
inst0 ch0:  R_CMD: ACTCMD    R_f0= 0x22    at time   55434475 ps
inst0 ch0:  R_CMD: ACTCMD    R_r1= 0x00    at time   55434889 ps
inst0 ch0:  R_CMD: ACTCMD    R_f1= 0x00    at time   55435303 ps
inst0 ch0:  R_CMD: ACTCMD    R_r0= 0x12    at time   55438201 ps
inst0 ch0:  R_CMD: ACTCMD    R_f0= 0x22    at time   55438615 ps
inst0 ch0:  R_CMD: ACTCMD    R_r1= 0x00    at time   55439029 ps
inst0 ch0:  R_CMD: ACTCMD    R_f1= 0x00    at time   55439443 ps
inst0 ch0:  R_CMD: ACTCMD    R_r0= 0x32    at time   55442341 ps
inst0 ch0:  R_CMD: ACTCMD    R_f0= 0x02    at time   55442755 ps
inst0 ch0:  R_CMD: ACTCMD    R_r1= 0x00    at time   55443169 ps
inst0 ch0:  R_CMD: ACTCMD    R_f1= 0x00    at time   55443583 ps
inst0 ch0:  R_CMD: ACTCMD    R_r0= 0x12    at time   55446481 ps
inst0 ch0:  R_CMD: ACTCMD    R_f0= 0x02    at time   55446895 ps
inst0 ch0:  R_CMD: ACTCMD    R_r1= 0x00    at time   55447309 ps
inst0 ch0:  R_CMD: ACTCMD    R_f1= 0x00    at time   55447723 ps
inst0 ch0:  C_CMD: RDCMD     C_r = 0x0e5   at time   55448965 ps
inst0 ch0:  C_CMD: RDCMD     C_f = 0x000   at time   55449379 ps
inst0 ch0:  C_CMD: RDCMD     C_r = 0x0ed   at time   55452277 ps
inst0 ch0:  C_CMD: RDCMD     C_f = 0x002   at time   55452691 ps
inst0 ch0:  C_CMD: RDCMD     C_r = 0x0a5   at time   55453933 ps
inst0 ch0:  C_CMD: RDCMD     C_f = 0x000   at time   55454347 ps
inst0 ch0:  C_CMD: RDCMD     C_r = 0x0ad   at time   55457245 ps
inst0 ch0:  C_CMD: RDCMD     C_f = 0x002   at time   55457659 ps
inst0 ch0:  C_CMD: RDCMD     C_r = 0x065   at time   55458901 ps
inst0 ch0:  C_CMD: RDCMD     C_f = 0x000   at time   55459315 ps
inst0 ch0:  C_CMD: RDCMD     C_r = 0x025   at time   55461385 ps
inst0 ch0:  C_CMD: RDCMD     C_f = 0x000   at time   55461799 ps
inst0 ch0:  C_CMD: RDCMD     C_r = 0x06d   at time   55463041 ps
inst0 ch0:  C_CMD: RDCMD     C_f = 0x002   at time   55463455 ps
inst0 ch0:  C_CMD: RDCMD     C_r = 0x02d   at time   55464697 ps
inst0 ch0:  C_CMD: RDCMD     C_f = 0x002   at time   55465111 ps
inst0 ch0:  R_CMD: ACTCMD    R_r0= 0x32    at time   55483741 ps
inst0 ch0:  R_CMD: ACTCMD    R_f0= 0x2a    at time   55484155 ps
inst0 ch0:  R_CMD: ACTCMD    R_r1= 0x00    at time   55484569 ps
inst0 ch0:  R_CMD: ACTCMD    R_f1= 0x00    at time   55484983 ps
inst0 ch0:  R_CMD: ACTCMD    R_r0= 0x12    at time   55487881 ps
inst0 ch0:  R_CMD: ACTCMD    R_f0= 0x2a    at time   55488295 ps
inst0 ch0:  R_CMD: ACTCMD    R_r1= 0x00    at time   55488709 ps
inst0 ch0:  R_CMD: ACTCMD    R_f1= 0x00    at time   55489123 ps
inst0 ch0:  R_CMD: ACTCMD    R_r0= 0x32    at time   55492021 ps
inst0 ch0:  R_CMD: ACTCMD    R_f0= 0x0a    at time   55492435 ps
inst0 ch0:  R_CMD: ACTCMD    R_r1= 0x00    at time   55492849 ps
inst0 ch0:  R_CMD: ACTCMD    R_f1= 0x00    at time   55493263 ps
inst0 ch0:  R_CMD: ACTCMD    R_r0= 0x12    at time   55496161 ps
inst0 ch0:  R_CMD: ACTCMD    R_f0= 0x0a    at time   55496575 ps
inst0 ch0:  R_CMD: ACTCMD    R_r1= 0x00    at time   55496989 ps
inst0 ch0:  R_CMD: ACTCMD    R_f1= 0x00    at time   55497403 ps
inst0 ch0:  C_CMD: RDCMD     C_r = 0x0e5   at time   55498645 ps
inst0 ch0:  C_CMD: RDCMD     C_f = 0x080   at time   55499059 ps
inst0 ch0:  C_CMD: RDCMD     C_r = 0x0ed   at time   55501957 ps
inst0 ch0:  C_CMD: RDCMD     C_f = 0x082   at time   55502371 ps
inst0 ch0:  C_CMD: RDCMD     C_r = 0x0a5   at time   55503613 ps
inst0 ch0:  C_CMD: RDCMD     C_f = 0x080   at time   55504027 ps
inst0 ch0:  C_CMD: RDCMD     C_r = 0x0ad   at time   55506925 ps
inst0 ch0:  C_CMD: RDCMD     C_f = 0x082   at time   55507339 ps
inst0 ch0:  C_CMD: RDCMD     C_r = 0x065   at time   55508581 ps
inst0 ch0:  C_CMD: RDCMD     C_f = 0x080   at time   55508995 ps
inst0 ch0:  C_CMD: RDCMD     C_r = 0x025   at time   55511065 ps
inst0 ch0:  C_CMD: RDCMD     C_f = 0x080   at time   55511479 ps
inst0 ch0:  C_CMD: RDCMD     C_r = 0x06d   at time   55512721 ps
inst0 ch0:  C_CMD: RDCMD     C_f = 0x082   at time   55513135 ps
inst0 ch0:  C_CMD: RDCMD     C_r = 0x02d   at time   55514377 ps
inst0 ch0:  C_CMD: RDCMD     C_f = 0x082   at time   55514791 ps
inst0 ch0:  R_CMD: ACTCMD    R_r0= 0x3a    at time   56109709 ps
inst0 ch0:  R_CMD: ACTCMD    R_f0= 0x22    at time   56110123 ps
inst0 ch0:  R_CMD: ACTCMD    R_r1= 0x00    at time   56110537 ps
inst0 ch0:  R_CMD: ACTCMD    R_f1= 0x00    at time   56110951 ps
inst0 ch0:  R_CMD: ACTCMD    R_r0= 0x1a    at time   56113849 ps
inst0 ch0:  R_CMD: ACTCMD    R_f0= 0x22    at time   56114263 ps
inst0 ch0:  R_CMD: ACTCMD    R_r1= 0x00    at time   56114677 ps
inst0 ch0:  R_CMD: ACTCMD    R_f1= 0x00    at time   56115091 ps
inst0 ch0:  R_CMD: ACTCMD    R_r0= 0x3a    at time   56117989 ps
inst0 ch0:  R_CMD: ACTCMD    R_f0= 0x02    at time   56118403 ps
inst0 ch0:  R_CMD: ACTCMD    R_r1= 0x00    at time   56118817 ps
inst0 ch0:  R_CMD: ACTCMD    R_f1= 0x00    at time   56119231 ps
inst0 ch0:  R_CMD: ACTCMD    R_r0= 0x1a    at time   56122129 ps
inst0 ch0:  R_CMD: ACTCMD    R_f0= 0x02    at time   56122543 ps
inst0 ch0:  R_CMD: ACTCMD    R_r1= 0x00    at time   56122957 ps
inst0 ch0:  R_CMD: ACTCMD    R_f1= 0x00    at time   56123371 ps
inst0 ch0:  C_CMD: RDCMD     C_r = 0x0f5   at time   56124613 ps
inst0 ch0:  C_CMD: RDCMD     C_f = 0x000   at time   56125027 ps
inst0 ch0:  C_CMD: RDCMD     C_r = 0x0fd   at time   56127925 ps
inst0 ch0:  C_CMD: RDCMD     C_f = 0x002   at time   56128339 ps
inst0 ch0:  C_CMD: RDCMD     C_r = 0x0b5   at time   56129581 ps
inst0 ch0:  C_CMD: RDCMD     C_f = 0x000   at time   56129995 ps
inst0 ch0:  C_CMD: RDCMD     C_r = 0x0bd   at time   56132893 ps
inst0 ch0:  C_CMD: RDCMD     C_f = 0x002   at time   56133307 ps
inst0 ch0:  C_CMD: RDCMD     C_r = 0x075   at time   56134549 ps
inst0 ch0:  C_CMD: RDCMD     C_f = 0x000   at time   56134963 ps
inst0 ch0:  C_CMD: RDCMD     C_r = 0x035   at time   56137033 ps
inst0 ch0:  C_CMD: RDCMD     C_f = 0x000   at time   56137447 ps
inst0 ch0:  C_CMD: RDCMD     C_r = 0x07d   at time   56138689 ps
inst0 ch0:  C_CMD: RDCMD     C_f = 0x002   at time   56139103 ps
inst0 ch0:  C_CMD: RDCMD     C_r = 0x03d   at time   56140345 ps
inst0 ch0:  C_CMD: RDCMD     C_f = 0x002   at time   56140759 ps
inst0 ch0:  R_CMD: ACTCMD    R_r0= 0x3a    at time   56170981 ps
inst0 ch0:  R_CMD: ACTCMD    R_f0= 0x2a    at time   56171395 ps
inst0 ch0:  R_CMD: ACTCMD    R_r1= 0x00    at time   56171809 ps
inst0 ch0:  R_CMD: ACTCMD    R_f1= 0x00    at time   56172223 ps
inst0 ch0:  R_CMD: ACTCMD    R_r0= 0x1a    at time   56175121 ps
inst0 ch0:  R_CMD: ACTCMD    R_f0= 0x2a    at time   56175535 ps
inst0 ch0:  R_CMD: ACTCMD    R_r1= 0x00    at time   56175949 ps
inst0 ch0:  R_CMD: ACTCMD    R_f1= 0x00    at time   56176363 ps
inst0 ch0:  R_CMD: ACTCMD    R_r0= 0x3a    at time   56179261 ps
inst0 ch0:  R_CMD: ACTCMD    R_f0= 0x0a    at time   56179675 ps
inst0 ch0:  R_CMD: ACTCMD    R_r1= 0x00    at time   56180089 ps
inst0 ch0:  R_CMD: ACTCMD    R_f1= 0x00    at time   56180503 ps
inst0 ch0:  R_CMD: ACTCMD    R_r0= 0x1a    at time   56183401 ps
inst0 ch0:  R_CMD: ACTCMD    R_f0= 0x0a    at time   56183815 ps
inst0 ch0:  R_CMD: ACTCMD    R_r1= 0x00    at time   56184229 ps
inst0 ch0:  R_CMD: ACTCMD    R_f1= 0x00    at time   56184643 ps
inst0 ch0:  C_CMD: RDCMD     C_r = 0x0f5   at time   56185885 ps
inst0 ch0:  C_CMD: RDCMD     C_f = 0x080   at time   56186299 ps
inst0 ch0:  C_CMD: RDCMD     C_r = 0x0fd   at time   56189197 ps
inst0 ch0:  C_CMD: RDCMD     C_f = 0x082   at time   56189611 ps
inst0 ch0:  C_CMD: RDCMD     C_r = 0x0b5   at time   56190853 ps
inst0 ch0:  C_CMD: RDCMD     C_f = 0x080   at time   56191267 ps
inst0 ch0:  C_CMD: RDCMD     C_r = 0x0bd   at time   56194165 ps
inst0 ch0:  C_CMD: RDCMD     C_f = 0x082   at time   56194579 ps
inst0 ch0:  C_CMD: RDCMD     C_r = 0x075   at time   56195821 ps
inst0 ch0:  C_CMD: RDCMD     C_f = 0x080   at time   56196235 ps
inst0 ch0:  C_CMD: RDCMD     C_r = 0x035   at time   56198305 ps
inst0 ch0:  C_CMD: RDCMD     C_f = 0x080   at time   56198719 ps
inst0 ch0:  C_CMD: RDCMD     C_r = 0x07d   at time   56199961 ps
inst0 ch0:  C_CMD: RDCMD     C_f = 0x082   at time   56200375 ps
inst0 ch0:  C_CMD: RDCMD     C_r = 0x03d   at time   56201617 ps
inst0 ch0:  C_CMD: RDCMD     C_f = 0x082   at time   56202031 ps
inst0 ch0:  R_CMD: ACTCMD    R_r0= 0x02    at time   56570905 ps
inst0 ch0:  R_CMD: ACTCMD    R_f0= 0x10    at time   56571319 ps
inst0 ch0:  R_CMD: ACTCMD    R_r1= 0x3f    at time   56571733 ps
inst0 ch0:  R_CMD: ACTCMD    R_f1= 0x3b    at time   56572147 ps
inst0 ch0:  C_CMD: RDCMD     C_r = 0x005   at time   56585809 ps
inst0 ch0:  C_CMD: RDCMD     C_f = 0x078   at time   56586223 ps
inst0 ch0:  C_CMD: RDCMD     C_r = 0x00d   at time   56589121 ps
inst0 ch0:  C_CMD: RDCMD     C_f = 0x07a   at time   56589535 ps
inst0 ch0:  R_CMD: ACTCMD    R_r0= 0x02    at time   56637145 ps
inst0 ch0:  R_CMD: ACTCMD    R_f0= 0x18    at time   56637559 ps
inst0 ch0:  R_CMD: ACTCMD    R_r1= 0x3f    at time   56637973 ps
inst0 ch0:  R_CMD: ACTCMD    R_f1= 0x3b    at time   56638387 ps
inst0 ch0:  C_CMD: RDCMD     C_r = 0x005   at time   56652049 ps
inst0 ch0:  C_CMD: RDCMD     C_f = 0x0f8   at time   56652463 ps
inst0 ch0:  C_CMD: RDCMD     C_r = 0x00d   at time   56655361 ps
inst0 ch0:  C_CMD: RDCMD     C_f = 0x0fa   at time   56655775 ps
inst0 ch0:  R_CMD: ACTCMD    R_r0= 0x02    at time   56864845 ps
inst0 ch0:  R_CMD: ACTCMD    R_f0= 0x10    at time   56865259 ps
inst0 ch0:  R_CMD: ACTCMD    R_r1= 0x3f    at time   56865673 ps
inst0 ch0:  R_CMD: ACTCMD    R_f1= 0x3b    at time   56866087 ps
inst0 ch0:  R_CMD: ACTCMD    R_r0= 0x02    at time   56866501 ps
inst0 ch0:  R_CMD: ACTCMD    R_f0= 0x18    at time   56866915 ps
inst0 ch0:  R_CMD: ACTCMD    R_r1= 0x3f    at time   56867329 ps
inst0 ch0:  R_CMD: ACTCMD    R_f1= 0x3b    at time   56867743 ps
inst0 ch0:  C_CMD: WRCMD     C_r = 0x001   at time   56875609 ps
inst0 ch0:  C_CMD: WRCMD     C_f = 0x078   at time   56876023 ps
inst0 ch0:  C_CMD: WRCMD     C_r = 0x001   at time   56877265 ps
inst0 ch0:  C_CMD: WRCMD     C_f = 0x0f8   at time   56877679 ps
inst0 ch0:  C_CMD: WRCMD     C_r = 0x009   at time   56878921 ps
inst0 ch0:  C_CMD: WRCMD     C_f = 0x07a   at time   56879335 ps
inst0 ch0:  C_CMD: WRCMD     C_r = 0x009   at time   56880577 ps
inst0 ch0:  C_CMD: WRCMD     C_f = 0x0fa   at time   56880991 ps
inst0 ch0:  R_CMD: ACTCMD    R_r0= 0x0a    at time   57643993 ps
inst0 ch0:  R_CMD: ACTCMD    R_f0= 0x10    at time   57644407 ps
inst0 ch0:  R_CMD: ACTCMD    R_r1= 0x3f    at time   57644821 ps
inst0 ch0:  R_CMD: ACTCMD    R_f1= 0x3b    at time   57645235 ps
inst0 ch0:  C_CMD: RDCMD     C_r = 0x015   at time   57658897 ps
inst0 ch0:  C_CMD: RDCMD     C_f = 0x078   at time   57659311 ps
inst0 ch0:  C_CMD: RDCMD     C_r = 0x01d   at time   57662209 ps
inst0 ch0:  C_CMD: RDCMD     C_f = 0x07a   at time   57662623 ps
inst0 ch0:  R_CMD: ACTCMD    R_r0= 0x0a    at time   57664693 ps
inst0 ch0:  R_CMD: ACTCMD    R_f0= 0x18    at time   57665107 ps
inst0 ch0:  R_CMD: ACTCMD    R_r1= 0x3f    at time   57665521 ps
inst0 ch0:  R_CMD: ACTCMD    R_f1= 0x3b    at time   57665935 ps
inst0 ch0:  C_CMD: RDCMD     C_r = 0x015   at time   57679597 ps
inst0 ch0:  C_CMD: RDCMD     C_f = 0x0f8   at time   57680011 ps
inst0 ch0:  C_CMD: RDCMD     C_r = 0x01d   at time   57682909 ps
inst0 ch0:  C_CMD: RDCMD     C_f = 0x0fa   at time   57683323 ps
inst0 ch0:  R_CMD: ACTCMD    R_r0= 0x0a    at time   57714373 ps
inst0 ch0:  R_CMD: ACTCMD    R_f0= 0x10    at time   57714787 ps
inst0 ch0:  R_CMD: ACTCMD    R_r1= 0x3f    at time   57715201 ps
inst0 ch0:  R_CMD: ACTCMD    R_f1= 0x3b    at time   57715615 ps
inst0 ch0:  C_CMD: WRCMD     C_r = 0x011   at time   57725137 ps
inst0 ch0:  C_CMD: WRCMD     C_f = 0x078   at time   57725551 ps
inst0 ch0:  C_CMD: WRCMD     C_r = 0x019   at time   57728449 ps
inst0 ch0:  C_CMD: WRCMD     C_f = 0x07a   at time   57728863 ps
inst0 ch0:  R_CMD: ACTCMD    R_r0= 0x0a    at time   57735073 ps
inst0 ch0:  R_CMD: ACTCMD    R_f0= 0x18    at time   57735487 ps
inst0 ch0:  R_CMD: ACTCMD    R_r1= 0x3f    at time   57735901 ps
inst0 ch0:  R_CMD: ACTCMD    R_f1= 0x3b    at time   57736315 ps
inst0 ch0:  C_CMD: WRCMD     C_r = 0x011   at time   57745837 ps
inst0 ch0:  C_CMD: WRCMD     C_f = 0x0f8   at time   57746251 ps
inst0 ch0:  C_CMD: WRCMD     C_r = 0x019   at time   57749149 ps
inst0 ch0:  C_CMD: WRCMD     C_f = 0x0fa   at time   57749563 ps
inst0 ch0:  R_CMD: ACTCMD    R_r0= 0x02    at time   57817045 ps
inst0 ch0:  R_CMD: ACTCMD    R_f0= 0x30    at time   57817459 ps
inst0 ch0:  R_CMD: ACTCMD    R_r1= 0x3f    at time   57817873 ps
inst0 ch0:  R_CMD: ACTCMD    R_f1= 0x3b    at time   57818287 ps
inst0 ch0:  R_CMD: ACTCMD    R_r0= 0x02    at time   57822841 ps
inst0 ch0:  R_CMD: ACTCMD    R_f0= 0x38    at time   57823255 ps
inst0 ch0:  R_CMD: ACTCMD    R_r1= 0x3f    at time   57823669 ps
inst0 ch0:  R_CMD: ACTCMD    R_f1= 0x3b    at time   57824083 ps
inst0 ch0:  C_CMD: RDCMD     C_r = 0x085   at time   57831949 ps
inst0 ch0:  C_CMD: RDCMD     C_f = 0x078   at time   57832363 ps
inst0 ch0:  C_CMD: RDCMD     C_r = 0x08d   at time   57835261 ps
inst0 ch0:  C_CMD: RDCMD     C_f = 0x07a   at time   57835675 ps
inst0 ch0:  C_CMD: RDCMD     C_r = 0x085   at time   57837745 ps
inst0 ch0:  C_CMD: RDCMD     C_f = 0x0f8   at time   57838159 ps
inst0 ch0:  C_CMD: RDCMD     C_r = 0x08d   at time   57841057 ps
inst0 ch0:  C_CMD: RDCMD     C_f = 0x0fa   at time   57841471 ps
inst0 ch0:  R_CMD: ACTCMD    R_r0= 0x02    at time   57887425 ps
inst0 ch0:  R_CMD: ACTCMD    R_f0= 0x30    at time   57887839 ps
inst0 ch0:  R_CMD: ACTCMD    R_r1= 0x3f    at time   57888253 ps
inst0 ch0:  R_CMD: ACTCMD    R_f1= 0x3b    at time   57888667 ps
inst0 ch0:  R_CMD: ACTCMD    R_r0= 0x02    at time   57893221 ps
inst0 ch0:  R_CMD: ACTCMD    R_f0= 0x38    at time   57893635 ps
inst0 ch0:  R_CMD: ACTCMD    R_r1= 0x3f    at time   57894049 ps
inst0 ch0:  R_CMD: ACTCMD    R_f1= 0x3b    at time   57894463 ps
inst0 ch0:  C_CMD: WRCMD     C_r = 0x081   at time   57898189 ps
inst0 ch0:  C_CMD: WRCMD     C_f = 0x078   at time   57898603 ps
inst0 ch0:  C_CMD: WRCMD     C_r = 0x089   at time   57901501 ps
inst0 ch0:  C_CMD: WRCMD     C_f = 0x07a   at time   57901915 ps
inst0 ch0:  C_CMD: WRCMD     C_r = 0x081   at time   57903985 ps
inst0 ch0:  C_CMD: WRCMD     C_f = 0x0f8   at time   57904399 ps
inst0 ch0:  C_CMD: WRCMD     C_r = 0x089   at time   57907297 ps
inst0 ch0:  C_CMD: WRCMD     C_f = 0x0fa   at time   57907711 ps
inst0 ch0:  R_CMD: ACTCMD    R_r0= 0x0a    at time   57975193 ps
inst0 ch0:  R_CMD: ACTCMD    R_f0= 0x30    at time   57975607 ps
inst0 ch0:  R_CMD: ACTCMD    R_r1= 0x3f    at time   57976021 ps
inst0 ch0:  R_CMD: ACTCMD    R_f1= 0x3b    at time   57976435 ps
inst0 ch0:  C_CMD: RDCMD     C_r = 0x095   at time   57990097 ps
inst0 ch0:  C_CMD: RDCMD     C_f = 0x078   at time   57990511 ps
inst0 ch0:  C_CMD: RDCMD     C_r = 0x09d   at time   57993409 ps
inst0 ch0:  C_CMD: RDCMD     C_f = 0x07a   at time   57993823 ps
inst0 ch0:  R_CMD: ACTCMD    R_r0= 0x0a    at time   58023217 ps
inst0 ch0:  R_CMD: ACTCMD    R_f0= 0x38    at time   58023631 ps
inst0 ch0:  R_CMD: ACTCMD    R_r1= 0x3f    at time   58024045 ps
inst0 ch0:  R_CMD: ACTCMD    R_f1= 0x3b    at time   58024459 ps
inst0 ch0:  C_CMD: RDCMD     C_r = 0x095   at time   58038121 ps
inst0 ch0:  C_CMD: RDCMD     C_f = 0x0f8   at time   58038535 ps
inst0 ch0:  C_CMD: RDCMD     C_r = 0x09d   at time   58041433 ps
inst0 ch0:  C_CMD: RDCMD     C_f = 0x0fa   at time   58041847 ps
inst0 ch0:  R_CMD: ACTCMD    R_r0= 0x0a    at time   58045573 ps
inst0 ch0:  R_CMD: ACTCMD    R_f0= 0x30    at time   58045987 ps
inst0 ch0:  R_CMD: ACTCMD    R_r1= 0x3f    at time   58046401 ps
inst0 ch0:  R_CMD: ACTCMD    R_f1= 0x3b    at time   58046815 ps
inst0 ch0:  C_CMD: WRCMD     C_r = 0x091   at time   58056337 ps
inst0 ch0:  C_CMD: WRCMD     C_f = 0x078   at time   58056751 ps
inst0 ch0:  C_CMD: WRCMD     C_r = 0x099   at time   58059649 ps
inst0 ch0:  C_CMD: WRCMD     C_f = 0x07a   at time   58060063 ps
inst0 ch0:  R_CMD: ACTCMD    R_r0= 0x0a    at time   58093597 ps
inst0 ch0:  R_CMD: ACTCMD    R_f0= 0x38    at time   58094011 ps
inst0 ch0:  R_CMD: ACTCMD    R_r1= 0x3f    at time   58094425 ps
inst0 ch0:  R_CMD: ACTCMD    R_f1= 0x3b    at time   58094839 ps
inst0 ch0:  C_CMD: WRCMD     C_r = 0x091   at time   58104361 ps
inst0 ch0:  C_CMD: WRCMD     C_f = 0x0f8   at time   58104775 ps
inst0 ch0:  C_CMD: WRCMD     C_r = 0x099   at time   58107673 ps
inst0 ch0:  C_CMD: WRCMD     C_f = 0x0fa   at time   58108087 ps
inst0 ch0:  R_CMD: ACTCMD    R_r0= 0x0a    at time   59465593 ps
inst0 ch0:  R_CMD: ACTCMD    R_f0= 0x13    at time   59466007 ps
inst0 ch0:  R_CMD: ACTCMD    R_r1= 0x3f    at time   59466421 ps
inst0 ch0:  R_CMD: ACTCMD    R_f1= 0x3b    at time   59466835 ps
inst0 ch0:  C_CMD: RDCMD     C_r = 0x015   at time   59480497 ps
inst0 ch0:  C_CMD: RDCMD     C_f = 0x010   at time   59480911 ps
inst0 ch0:  C_CMD: RDCMD     C_r = 0x01d   at time   59483809 ps
inst0 ch0:  C_CMD: RDCMD     C_f = 0x012   at time   59484223 ps
inst0 ch0:  R_CMD: ACTCMD    R_r0= 0x0a    at time   59538457 ps
inst0 ch0:  R_CMD: ACTCMD    R_f0= 0x13    at time   59538871 ps
inst0 ch0:  R_CMD: ACTCMD    R_r1= 0x3f    at time   59539285 ps
inst0 ch0:  R_CMD: ACTCMD    R_f1= 0x3b    at time   59539699 ps
inst0 ch0:  C_CMD: WRCMD     C_r = 0x011   at time   59549221 ps
inst0 ch0:  C_CMD: WRCMD     C_f = 0x010   at time   59549635 ps
inst0 ch0:  C_CMD: WRCMD     C_r = 0x019   at time   59552533 ps
inst0 ch0:  C_CMD: WRCMD     C_f = 0x012   at time   59552947 ps
inst0 ch0:  R_CMD: ACTCMD    R_r0= 0x0a    at time   59680045 ps
inst0 ch0:  R_CMD: ACTCMD    R_f0= 0x13    at time   59680459 ps
inst0 ch0:  R_CMD: ACTCMD    R_r1= 0x3f    at time   59680873 ps
inst0 ch0:  R_CMD: ACTCMD    R_f1= 0x3b    at time   59681287 ps
inst0 ch0:  C_CMD: RDCMD     C_r = 0x015   at time   59694949 ps
inst0 ch0:  C_CMD: RDCMD     C_f = 0x010   at time   59695363 ps
inst0 ch0:  C_CMD: RDCMD     C_r = 0x01d   at time   59698261 ps
inst0 ch0:  C_CMD: RDCMD     C_f = 0x012   at time   59698675 ps
inst0 ch0:  R_CMD: ACTCMD    R_r0= 0x0a    at time   59750425 ps
inst0 ch0:  R_CMD: ACTCMD    R_f0= 0x13    at time   59750839 ps
inst0 ch0:  R_CMD: ACTCMD    R_r1= 0x3f    at time   59751253 ps
inst0 ch0:  R_CMD: ACTCMD    R_f1= 0x3b    at time   59751667 ps
inst0 ch0:  C_CMD: WRCMD     C_r = 0x011   at time   59761189 ps
inst0 ch0:  C_CMD: WRCMD     C_f = 0x010   at time   59761603 ps
inst0 ch0:  C_CMD: WRCMD     C_r = 0x019   at time   59764501 ps
inst0 ch0:  C_CMD: WRCMD     C_f = 0x012   at time   59764915 ps
inst0 ch0:  R_CMD: ACTCMD    R_r0= 0x0a    at time   59867173 ps
inst0 ch0:  R_CMD: ACTCMD    R_f0= 0x1b    at time   59867587 ps
inst0 ch0:  R_CMD: ACTCMD    R_r1= 0x3f    at time   59868001 ps
inst0 ch0:  R_CMD: ACTCMD    R_f1= 0x3b    at time   59868415 ps
inst0 ch0:  C_CMD: RDCMD     C_r = 0x015   at time   59882077 ps
inst0 ch0:  C_CMD: RDCMD     C_f = 0x090   at time   59882491 ps
inst0 ch0:  C_CMD: RDCMD     C_r = 0x01d   at time   59885389 ps
inst0 ch0:  C_CMD: RDCMD     C_f = 0x092   at time   59885803 ps
inst0 ch0:  R_CMD: ACTCMD    R_r0= 0x0a    at time   59940037 ps
inst0 ch0:  R_CMD: ACTCMD    R_f0= 0x1b    at time   59940451 ps
inst0 ch0:  R_CMD: ACTCMD    R_r1= 0x3f    at time   59940865 ps
inst0 ch0:  R_CMD: ACTCMD    R_f1= 0x3b    at time   59941279 ps
inst0 ch0:  C_CMD: WRCMD     C_r = 0x011   at time   59950801 ps
inst0 ch0:  C_CMD: WRCMD     C_f = 0x090   at time   59951215 ps
inst0 ch0:  C_CMD: WRCMD     C_r = 0x019   at time   59954113 ps
inst0 ch0:  C_CMD: WRCMD     C_f = 0x092   at time   59954527 ps
inst0 ch0:  R_CMD: ACTCMD    R_r0= 0x0a    at time   60068377 ps
inst0 ch0:  R_CMD: ACTCMD    R_f0= 0x1b    at time   60068791 ps
inst0 ch0:  R_CMD: ACTCMD    R_r1= 0x3f    at time   60069205 ps
inst0 ch0:  R_CMD: ACTCMD    R_f1= 0x3b    at time   60069619 ps
inst0 ch0:  C_CMD: RDCMD     C_r = 0x015   at time   60083281 ps
inst0 ch0:  C_CMD: RDCMD     C_f = 0x090   at time   60083695 ps
inst0 ch0:  C_CMD: RDCMD     C_r = 0x01d   at time   60086593 ps
inst0 ch0:  C_CMD: RDCMD     C_f = 0x092   at time   60087007 ps
inst0 ch0:  R_CMD: ACTCMD    R_r0= 0x0a    at time   60138757 ps
inst0 ch0:  R_CMD: ACTCMD    R_f0= 0x1b    at time   60139171 ps
inst0 ch0:  R_CMD: ACTCMD    R_r1= 0x3f    at time   60139585 ps
inst0 ch0:  R_CMD: ACTCMD    R_f1= 0x3b    at time   60139999 ps
inst0 ch0:  C_CMD: WRCMD     C_r = 0x011   at time   60149521 ps
inst0 ch0:  C_CMD: WRCMD     C_f = 0x090   at time   60149935 ps
inst0 ch0:  C_CMD: WRCMD     C_r = 0x019   at time   60152833 ps
inst0 ch0:  C_CMD: WRCMD     C_f = 0x092   at time   60153247 ps
inst0 ch0:  R_CMD: ACTCMD    R_r0= 0x02    at time   61263181 ps
inst0 ch0:  R_CMD: ACTCMD    R_f0= 0x13    at time   61263595 ps
inst0 ch0:  R_CMD: ACTCMD    R_r1= 0x3f    at time   61264009 ps
inst0 ch0:  R_CMD: ACTCMD    R_f1= 0x3b    at time   61264423 ps
inst0 ch0:  C_CMD: RDCMD     C_r = 0x005   at time   61278085 ps
inst0 ch0:  C_CMD: RDCMD     C_f = 0x000   at time   61278499 ps
inst0 ch0:  C_CMD: RDCMD     C_r = 0x00d   at time   61281397 ps
inst0 ch0:  C_CMD: RDCMD     C_f = 0x002   at time   61281811 ps
inst0 ch0:  R_CMD: ACTCMD    R_r0= 0x02    at time   61517377 ps
inst0 ch0:  R_CMD: ACTCMD    R_f0= 0x13    at time   61517791 ps
inst0 ch0:  R_CMD: ACTCMD    R_r1= 0x3f    at time   61518205 ps
inst0 ch0:  R_CMD: ACTCMD    R_f1= 0x3b    at time   61518619 ps
inst0 ch0:  C_CMD: WRCMD     C_r = 0x001   at time   61528141 ps
inst0 ch0:  C_CMD: WRCMD     C_f = 0x000   at time   61528555 ps
inst0 ch0:  C_CMD: WRCMD     C_r = 0x009   at time   61531453 ps
inst0 ch0:  C_CMD: WRCMD     C_f = 0x002   at time   61531867 ps
inst0 ch0:  R_CMD: ACTCMD    R_r0= 0x02    at time   61627501 ps
inst0 ch0:  R_CMD: ACTCMD    R_f0= 0x1b    at time   61627915 ps
inst0 ch0:  R_CMD: ACTCMD    R_r1= 0x3f    at time   61628329 ps
inst0 ch0:  R_CMD: ACTCMD    R_f1= 0x3b    at time   61628743 ps
inst0 ch0:  R_CMD: ACTCMD    R_r0= 0x02    at time   61630813 ps
inst0 ch0:  R_CMD: ACTCMD    R_f0= 0x13    at time   61631227 ps
inst0 ch0:  R_CMD: ACTCMD    R_r1= 0x3f    at time   61631641 ps
inst0 ch0:  R_CMD: ACTCMD    R_f1= 0x3b    at time   61632055 ps
inst0 ch0:  C_CMD: RDCMD     C_r = 0x005   at time   61642405 ps
inst0 ch0:  C_CMD: RDCMD     C_f = 0x080   at time   61642819 ps
inst0 ch0:  C_CMD: RDCMD     C_r = 0x00d   at time   61645717 ps
inst0 ch0:  C_CMD: RDCMD     C_f = 0x082   at time   61646131 ps
inst0 ch0:  C_CMD: RDCMD     C_r = 0x005   at time   61646545 ps
inst0 ch0:  C_CMD: RDCMD     C_f = 0x000   at time   61646959 ps
inst0 ch0:  C_CMD: RDCMD     C_r = 0x00d   at time   61649857 ps
inst0 ch0:  C_CMD: RDCMD     C_f = 0x002   at time   61650271 ps
inst0 ch0:  R_CMD: ACTCMD    R_r0= 0x02    at time   61697881 ps
inst0 ch0:  R_CMD: ACTCMD    R_f0= 0x1b    at time   61698295 ps
inst0 ch0:  R_CMD: ACTCMD    R_r1= 0x3f    at time   61698709 ps
inst0 ch0:  R_CMD: ACTCMD    R_f1= 0x3b    at time   61699123 ps
inst0 ch0:  R_CMD: ACTCMD    R_r0= 0x02    at time   61702021 ps
inst0 ch0:  R_CMD: ACTCMD    R_f0= 0x13    at time   61702435 ps
inst0 ch0:  R_CMD: ACTCMD    R_r1= 0x3f    at time   61702849 ps
inst0 ch0:  R_CMD: ACTCMD    R_f1= 0x3b    at time   61703263 ps
inst0 ch0:  C_CMD: WRCMD     C_r = 0x001   at time   61708645 ps
inst0 ch0:  C_CMD: WRCMD     C_f = 0x080   at time   61709059 ps
inst0 ch0:  C_CMD: WRCMD     C_r = 0x009   at time   61711957 ps
inst0 ch0:  C_CMD: WRCMD     C_f = 0x082   at time   61712371 ps
inst0 ch0:  C_CMD: WRCMD     C_r = 0x001   at time   61712785 ps
inst0 ch0:  C_CMD: WRCMD     C_f = 0x000   at time   61713199 ps
inst0 ch0:  C_CMD: WRCMD     C_r = 0x009   at time   61716097 ps
inst0 ch0:  C_CMD: WRCMD     C_f = 0x002   at time   61716511 ps
inst0 ch0:  R_CMD: ACTCMD    R_r0= 0x02    at time   61826221 ps
inst0 ch0:  R_CMD: ACTCMD    R_f0= 0x1b    at time   61826635 ps
inst0 ch0:  R_CMD: ACTCMD    R_r1= 0x3f    at time   61827049 ps
inst0 ch0:  R_CMD: ACTCMD    R_f1= 0x3b    at time   61827463 ps
inst0 ch0:  C_CMD: RDCMD     C_r = 0x005   at time   61841125 ps
inst0 ch0:  C_CMD: RDCMD     C_f = 0x080   at time   61841539 ps
inst0 ch0:  C_CMD: RDCMD     C_r = 0x00d   at time   61844437 ps
inst0 ch0:  C_CMD: RDCMD     C_f = 0x082   at time   61844851 ps
inst0 ch0:  R_CMD: ACTCMD    R_r0= 0x02    at time   61899085 ps
inst0 ch0:  R_CMD: ACTCMD    R_f0= 0x1b    at time   61899499 ps
inst0 ch0:  R_CMD: ACTCMD    R_r1= 0x3f    at time   61899913 ps
inst0 ch0:  R_CMD: ACTCMD    R_f1= 0x3b    at time   61900327 ps
inst0 ch0:  C_CMD: WRCMD     C_r = 0x001   at time   61909849 ps
inst0 ch0:  C_CMD: WRCMD     C_f = 0x080   at time   61910263 ps
inst0 ch0:  C_CMD: WRCMD     C_r = 0x009   at time   61913161 ps
inst0 ch0:  C_CMD: WRCMD     C_f = 0x082   at time   61913575 ps
inst0 ch0:  R_CMD: ACTCMD    R_r0= 0x02    at time   62893513 ps
inst0 ch0:  R_CMD: ACTCMD    R_f0= 0x08    at time   62893927 ps
inst0 ch0:  R_CMD: ACTCMD    R_r1= 0x00    at time   62894341 ps
inst0 ch0:  R_CMD: ACTCMD    R_f1= 0x00    at time   62894755 ps
inst0 ch0:  C_CMD: RDCMD     C_r = 0x005   at time   62908417 ps
inst0 ch0:  C_CMD: RDCMD     C_f = 0x098   at time   62908831 ps
inst0 ch0:  C_CMD: RDCMD     C_r = 0x005   at time   62911729 ps
inst0 ch0:  C_CMD: RDCMD     C_f = 0x09a   at time   62912143 ps
inst0 ch0:  C_CMD: RDCMD     C_r = 0x005   at time   62915041 ps
inst0 ch0:  C_CMD: RDCMD     C_f = 0x090   at time   62915455 ps
inst0 ch0:  C_CMD: RDCMD     C_r = 0x005   at time   62918353 ps
inst0 ch0:  C_CMD: RDCMD     C_f = 0x092   at time   62918767 ps
inst0 ch0:  C_CMD: RDCMD     C_r = 0x005   at time   62921665 ps
inst0 ch0:  C_CMD: RDCMD     C_f = 0x088   at time   62922079 ps
inst0 ch0:  C_CMD: RDCMD     C_r = 0x005   at time   62924977 ps
inst0 ch0:  C_CMD: RDCMD     C_f = 0x08a   at time   62925391 ps
inst0 ch0:  C_CMD: RDCMD     C_r = 0x005   at time   62928289 ps
inst0 ch0:  C_CMD: RDCMD     C_f = 0x080   at time   62928703 ps
inst0 ch0:  C_CMD: RDCMD     C_r = 0x00d   at time   62931601 ps
inst0 ch0:  C_CMD: RDCMD     C_f = 0x082   at time   62932015 ps
inst0 ch0:  R_CMD: ACTCMD    R_r0= 0x02    at time   62972173 ps
inst0 ch0:  R_CMD: ACTCMD    R_f0= 0x00    at time   62972587 ps
inst0 ch0:  R_CMD: ACTCMD    R_r1= 0x00    at time   62973001 ps
inst0 ch0:  R_CMD: ACTCMD    R_f1= 0x00    at time   62973415 ps
inst0 ch0:  C_CMD: RDCMD     C_r = 0x005   at time   62987077 ps
inst0 ch0:  C_CMD: RDCMD     C_f = 0x018   at time   62987491 ps
inst0 ch0:  C_CMD: RDCMD     C_r = 0x005   at time   62990389 ps
inst0 ch0:  C_CMD: RDCMD     C_f = 0x01a   at time   62990803 ps
inst0 ch0:  C_CMD: RDCMD     C_r = 0x005   at time   62993701 ps
inst0 ch0:  C_CMD: RDCMD     C_f = 0x010   at time   62994115 ps
inst0 ch0:  C_CMD: RDCMD     C_r = 0x005   at time   62997013 ps
inst0 ch0:  C_CMD: RDCMD     C_f = 0x012   at time   62997427 ps
inst0 ch0:  C_CMD: RDCMD     C_r = 0x005   at time   63000325 ps
inst0 ch0:  C_CMD: RDCMD     C_f = 0x008   at time   63000739 ps
inst0 ch0:  C_CMD: RDCMD     C_r = 0x005   at time   63003637 ps
inst0 ch0:  C_CMD: RDCMD     C_f = 0x00a   at time   63004051 ps
inst0 ch0:  C_CMD: RDCMD     C_r = 0x005   at time   63006949 ps
inst0 ch0:  C_CMD: RDCMD     C_f = 0x000   at time   63007363 ps
inst0 ch0:  C_CMD: RDCMD     C_r = 0x00d   at time   63010261 ps
inst0 ch0:  C_CMD: RDCMD     C_f = 0x002   at time   63010675 ps
inst0 ch0:  R_CMD: ACTCMD    R_r0= 0x0a    at time   63099685 ps
inst0 ch0:  R_CMD: ACTCMD    R_f0= 0x08    at time   63100099 ps
inst0 ch0:  R_CMD: ACTCMD    R_r1= 0x00    at time   63100513 ps
inst0 ch0:  R_CMD: ACTCMD    R_f1= 0x00    at time   63100927 ps
inst0 ch0:  C_CMD: RDCMD     C_r = 0x015   at time   63114589 ps
inst0 ch0:  C_CMD: RDCMD     C_f = 0x098   at time   63115003 ps
inst0 ch0:  C_CMD: RDCMD     C_r = 0x015   at time   63117901 ps
inst0 ch0:  C_CMD: RDCMD     C_f = 0x09a   at time   63118315 ps
inst0 ch0:  C_CMD: RDCMD     C_r = 0x015   at time   63121213 ps
inst0 ch0:  C_CMD: RDCMD     C_f = 0x090   at time   63121627 ps
inst0 ch0:  C_CMD: RDCMD     C_r = 0x015   at time   63124525 ps
inst0 ch0:  C_CMD: RDCMD     C_f = 0x092   at time   63124939 ps
inst0 ch0:  C_CMD: RDCMD     C_r = 0x015   at time   63127837 ps
inst0 ch0:  C_CMD: RDCMD     C_f = 0x088   at time   63128251 ps
inst0 ch0:  C_CMD: RDCMD     C_r = 0x015   at time   63131149 ps
inst0 ch0:  C_CMD: RDCMD     C_f = 0x08a   at time   63131563 ps
inst0 ch0:  C_CMD: RDCMD     C_r = 0x015   at time   63134461 ps
inst0 ch0:  C_CMD: RDCMD     C_f = 0x080   at time   63134875 ps
inst0 ch0:  C_CMD: RDCMD     C_r = 0x01d   at time   63137773 ps
inst0 ch0:  C_CMD: RDCMD     C_f = 0x082   at time   63138187 ps
inst0 ch0:  R_CMD: ACTCMD    R_r0= 0x0a    at time   63189937 ps
inst0 ch0:  R_CMD: ACTCMD    R_f0= 0x00    at time   63190351 ps
inst0 ch0:  R_CMD: ACTCMD    R_r1= 0x00    at time   63190765 ps
inst0 ch0:  R_CMD: ACTCMD    R_f1= 0x00    at time   63191179 ps
inst0 ch0:  C_CMD: RDCMD     C_r = 0x015   at time   63204841 ps
inst0 ch0:  C_CMD: RDCMD     C_f = 0x018   at time   63205255 ps
inst0 ch0:  C_CMD: RDCMD     C_r = 0x015   at time   63208153 ps
inst0 ch0:  C_CMD: RDCMD     C_f = 0x01a   at time   63208567 ps
inst0 ch0:  C_CMD: RDCMD     C_r = 0x015   at time   63211465 ps
inst0 ch0:  C_CMD: RDCMD     C_f = 0x010   at time   63211879 ps
inst0 ch0:  C_CMD: RDCMD     C_r = 0x015   at time   63214777 ps
inst0 ch0:  C_CMD: RDCMD     C_f = 0x012   at time   63215191 ps
inst0 ch0:  C_CMD: RDCMD     C_r = 0x015   at time   63218089 ps
inst0 ch0:  C_CMD: RDCMD     C_f = 0x008   at time   63218503 ps
inst0 ch0:  C_CMD: RDCMD     C_r = 0x015   at time   63221401 ps
inst0 ch0:  C_CMD: RDCMD     C_f = 0x00a   at time   63221815 ps
inst0 ch0:  C_CMD: RDCMD     C_r = 0x015   at time   63224713 ps
inst0 ch0:  C_CMD: RDCMD     C_f = 0x000   at time   63225127 ps
inst0 ch0:  C_CMD: RDCMD     C_r = 0x01d   at time   63228025 ps
inst0 ch0:  C_CMD: RDCMD     C_f = 0x002   at time   63228439 ps
inst0 ch0:  R_CMD: ACTCMD    R_r0= 0x0a    at time   63348085 ps
inst0 ch0:  R_CMD: ACTCMD    R_f0= 0x08    at time   63348499 ps
inst0 ch0:  R_CMD: ACTCMD    R_r1= 0x00    at time   63348913 ps
inst0 ch0:  R_CMD: ACTCMD    R_f1= 0x00    at time   63349327 ps
inst0 ch0:  C_CMD: RDCMD     C_r = 0x015   at time   63362989 ps
inst0 ch0:  C_CMD: RDCMD     C_f = 0x0b8   at time   63363403 ps
inst0 ch0:  C_CMD: RDCMD     C_r = 0x015   at time   63366301 ps
inst0 ch0:  C_CMD: RDCMD     C_f = 0x0ba   at time   63366715 ps
inst0 ch0:  C_CMD: RDCMD     C_r = 0x015   at time   63369613 ps
inst0 ch0:  C_CMD: RDCMD     C_f = 0x0b0   at time   63370027 ps
inst0 ch0:  C_CMD: RDCMD     C_r = 0x015   at time   63372925 ps
inst0 ch0:  C_CMD: RDCMD     C_f = 0x0b2   at time   63373339 ps
inst0 ch0:  C_CMD: RDCMD     C_r = 0x015   at time   63376237 ps
inst0 ch0:  C_CMD: RDCMD     C_f = 0x0a8   at time   63376651 ps
inst0 ch0:  C_CMD: RDCMD     C_r = 0x015   at time   63379549 ps
inst0 ch0:  C_CMD: RDCMD     C_f = 0x0aa   at time   63379963 ps
inst0 ch0:  C_CMD: RDCMD     C_r = 0x015   at time   63382861 ps
inst0 ch0:  C_CMD: RDCMD     C_f = 0x0a0   at time   63383275 ps
inst0 ch0:  C_CMD: RDCMD     C_r = 0x01d   at time   63386173 ps
inst0 ch0:  C_CMD: RDCMD     C_f = 0x0a2   at time   63386587 ps
inst0 ch0:  R_CMD: ACTCMD    R_r0= 0x0a    at time   63420949 ps
inst0 ch0:  R_CMD: ACTCMD    R_f0= 0x08    at time   63421363 ps
inst0 ch0:  R_CMD: ACTCMD    R_r1= 0x00    at time   63421777 ps
inst0 ch0:  R_CMD: ACTCMD    R_f1= 0x00    at time   63422191 ps
inst0 ch0:  R_CMD: ACTCMD    R_r0= 0x0a    at time   63424261 ps
inst0 ch0:  R_CMD: ACTCMD    R_f0= 0x00    at time   63424675 ps
inst0 ch0:  R_CMD: ACTCMD    R_r1= 0x00    at time   63425089 ps
inst0 ch0:  R_CMD: ACTCMD    R_f1= 0x00    at time   63425503 ps
inst0 ch0:  C_CMD: WRCMD     C_r = 0x011   at time   63431713 ps
inst0 ch0:  C_CMD: WRCMD     C_f = 0x0b8   at time   63432127 ps
inst0 ch0:  C_CMD: WRCMD     C_r = 0x011   at time   63435025 ps
inst0 ch0:  C_CMD: WRCMD     C_f = 0x0ba   at time   63435439 ps
inst0 ch0:  C_CMD: WRCMD     C_r = 0x011   at time   63438337 ps
inst0 ch0:  C_CMD: WRCMD     C_f = 0x0a8   at time   63438751 ps
inst0 ch0:  C_CMD: RDCMD     C_r = 0x015   at time   63439165 ps
inst0 ch0:  C_CMD: RDCMD     C_f = 0x038   at time   63439579 ps
inst0 ch0:  C_CMD: WRCMD     C_r = 0x011   at time   63441649 ps
inst0 ch0:  C_CMD: WRCMD     C_f = 0x0aa   at time   63442063 ps
inst0 ch0:  C_CMD: RDCMD     C_r = 0x015   at time   63442477 ps
inst0 ch0:  C_CMD: RDCMD     C_f = 0x03a   at time   63442891 ps
inst0 ch0:  C_CMD: WRCMD     C_r = 0x011   at time   63444961 ps
inst0 ch0:  C_CMD: WRCMD     C_f = 0x0b0   at time   63445375 ps
inst0 ch0:  C_CMD: RDCMD     C_r = 0x015   at time   63445789 ps
inst0 ch0:  C_CMD: RDCMD     C_f = 0x030   at time   63446203 ps
inst0 ch0:  C_CMD: WRCMD     C_r = 0x011   at time   63448273 ps
inst0 ch0:  C_CMD: WRCMD     C_f = 0x0b2   at time   63448687 ps
inst0 ch0:  C_CMD: RDCMD     C_r = 0x015   at time   63449101 ps
inst0 ch0:  C_CMD: RDCMD     C_f = 0x032   at time   63449515 ps
inst0 ch0:  C_CMD: WRCMD     C_r = 0x011   at time   63451585 ps
inst0 ch0:  C_CMD: WRCMD     C_f = 0x0a0   at time   63451999 ps
inst0 ch0:  C_CMD: RDCMD     C_r = 0x015   at time   63452413 ps
inst0 ch0:  C_CMD: RDCMD     C_f = 0x028   at time   63452827 ps
inst0 ch0:  C_CMD: WRCMD     C_r = 0x019   at time   63454897 ps
inst0 ch0:  C_CMD: WRCMD     C_f = 0x0a2   at time   63455311 ps
inst0 ch0:  C_CMD: RDCMD     C_r = 0x015   at time   63455725 ps
inst0 ch0:  C_CMD: RDCMD     C_f = 0x02a   at time   63456139 ps
inst0 ch0:  C_CMD: RDCMD     C_r = 0x015   at time   63459037 ps
inst0 ch0:  C_CMD: RDCMD     C_f = 0x020   at time   63459451 ps
inst0 ch0:  C_CMD: RDCMD     C_r = 0x01d   at time   63462349 ps
inst0 ch0:  C_CMD: RDCMD     C_f = 0x022   at time   63462763 ps
inst0 ch0:  R_CMD: ACTCMD    R_r0= 0x0a    at time   63512029 ps
inst0 ch0:  R_CMD: ACTCMD    R_f0= 0x00    at time   63512443 ps
inst0 ch0:  R_CMD: ACTCMD    R_r1= 0x00    at time   63512857 ps
inst0 ch0:  R_CMD: ACTCMD    R_f1= 0x00    at time   63513271 ps
inst0 ch0:  C_CMD: WRCMD     C_r = 0x011   at time   63522793 ps
inst0 ch0:  C_CMD: WRCMD     C_f = 0x028   at time   63523207 ps
inst0 ch0:  C_CMD: WRCMD     C_r = 0x011   at time   63526105 ps
inst0 ch0:  C_CMD: WRCMD     C_f = 0x02a   at time   63526519 ps
inst0 ch0:  C_CMD: WRCMD     C_r = 0x011   at time   63529417 ps
inst0 ch0:  C_CMD: WRCMD     C_f = 0x038   at time   63529831 ps
inst0 ch0:  C_CMD: WRCMD     C_r = 0x011   at time   63532729 ps
inst0 ch0:  C_CMD: WRCMD     C_f = 0x03a   at time   63533143 ps
inst0 ch0:  C_CMD: WRCMD     C_r = 0x011   at time   63536041 ps
inst0 ch0:  C_CMD: WRCMD     C_f = 0x020   at time   63536455 ps
inst0 ch0:  C_CMD: WRCMD     C_r = 0x011   at time   63539353 ps
inst0 ch0:  C_CMD: WRCMD     C_f = 0x022   at time   63539767 ps
inst0 ch0:  C_CMD: WRCMD     C_r = 0x011   at time   63542665 ps
inst0 ch0:  C_CMD: WRCMD     C_f = 0x030   at time   63543079 ps
inst0 ch0:  C_CMD: WRCMD     C_r = 0x019   at time   63545977 ps
inst0 ch0:  C_CMD: WRCMD     C_f = 0x032   at time   63546391 ps
inst0 ch0:  R_CMD: ACTCMD    R_r0= 0x02    at time   64691101 ps
inst0 ch0:  R_CMD: ACTCMD    R_f0= 0x1b    at time   64691515 ps
inst0 ch0:  R_CMD: ACTCMD    R_r1= 0x3f    at time   64691929 ps
inst0 ch0:  R_CMD: ACTCMD    R_f1= 0x3b    at time   64692343 ps
inst0 ch0:  C_CMD: RDCMD     C_r = 0x005   at time   64706005 ps
inst0 ch0:  C_CMD: RDCMD     C_f = 0x080   at time   64706419 ps
inst0 ch0:  C_CMD: RDCMD     C_r = 0x00d   at time   64709317 ps
inst0 ch0:  C_CMD: RDCMD     C_f = 0x082   at time   64709731 ps
inst0 ch0:  R_CMD: ACTCMD    R_r0= 0x02    at time   64730017 ps
inst0 ch0:  R_CMD: ACTCMD    R_f0= 0x13    at time   64730431 ps
inst0 ch0:  R_CMD: ACTCMD    R_r1= 0x3f    at time   64730845 ps
inst0 ch0:  R_CMD: ACTCMD    R_f1= 0x3b    at time   64731259 ps
inst0 ch0:  C_CMD: RDCMD     C_r = 0x005   at time   64744921 ps
inst0 ch0:  C_CMD: RDCMD     C_f = 0x000   at time   64745335 ps
inst0 ch0:  C_CMD: RDCMD     C_r = 0x00d   at time   64748233 ps
inst0 ch0:  C_CMD: RDCMD     C_f = 0x002   at time   64748647 ps
inst0 ch0:  R_CMD: ACTCMD    R_r0= 0x02    at time   64761481 ps
inst0 ch0:  R_CMD: ACTCMD    R_f0= 0x1b    at time   64761895 ps
inst0 ch0:  R_CMD: ACTCMD    R_r1= 0x3f    at time   64762309 ps
inst0 ch0:  R_CMD: ACTCMD    R_f1= 0x3b    at time   64762723 ps
inst0 ch0:  C_CMD: WRCMD     C_r = 0x001   at time   64772245 ps
inst0 ch0:  C_CMD: WRCMD     C_f = 0x080   at time   64772659 ps
inst0 ch0:  C_CMD: WRCMD     C_r = 0x009   at time   64775557 ps
inst0 ch0:  C_CMD: WRCMD     C_f = 0x082   at time   64775971 ps
inst0 ch0:  R_CMD: ACTCMD    R_r0= 0x02    at time   64800397 ps
inst0 ch0:  R_CMD: ACTCMD    R_f0= 0x13    at time   64800811 ps
inst0 ch0:  R_CMD: ACTCMD    R_r1= 0x3f    at time   64801225 ps
inst0 ch0:  R_CMD: ACTCMD    R_f1= 0x3b    at time   64801639 ps
inst0 ch0:  C_CMD: WRCMD     C_r = 0x001   at time   64811161 ps
inst0 ch0:  C_CMD: WRCMD     C_f = 0x000   at time   64811575 ps
inst0 ch0:  C_CMD: WRCMD     C_r = 0x009   at time   64814473 ps
inst0 ch0:  C_CMD: WRCMD     C_f = 0x002   at time   64814887 ps
inst0 ch0:  R_CMD: ACTCMD    R_r0= 0x02    at time   64872433 ps
inst0 ch0:  R_CMD: ACTCMD    R_f0= 0x1b    at time   64872847 ps
inst0 ch0:  R_CMD: ACTCMD    R_r1= 0x3f    at time   64873261 ps
inst0 ch0:  R_CMD: ACTCMD    R_f1= 0x3b    at time   64873675 ps
inst0 ch0:  C_CMD: RDCMD     C_r = 0x005   at time   64887337 ps
inst0 ch0:  C_CMD: RDCMD     C_f = 0x080   at time   64887751 ps
inst0 ch0:  C_CMD: RDCMD     C_r = 0x00d   at time   64890649 ps
inst0 ch0:  C_CMD: RDCMD     C_f = 0x082   at time   64891063 ps
inst0 ch0:  R_CMD: ACTCMD    R_r0= 0x02    at time   64945297 ps
inst0 ch0:  R_CMD: ACTCMD    R_f0= 0x1b    at time   64945711 ps
inst0 ch0:  R_CMD: ACTCMD    R_r1= 0x3f    at time   64946125 ps
inst0 ch0:  R_CMD: ACTCMD    R_f1= 0x3b    at time   64946539 ps
inst0 ch0:  R_CMD: ACTCMD    R_r0= 0x02    at time   64951093 ps
inst0 ch0:  R_CMD: ACTCMD    R_f0= 0x13    at time   64951507 ps
inst0 ch0:  R_CMD: ACTCMD    R_r1= 0x3f    at time   64951921 ps
inst0 ch0:  R_CMD: ACTCMD    R_f1= 0x3b    at time   64952335 ps
inst0 ch0:  C_CMD: WRCMD     C_r = 0x001   at time   64956061 ps
inst0 ch0:  C_CMD: WRCMD     C_f = 0x080   at time   64956475 ps
inst0 ch0:  C_CMD: WRCMD     C_r = 0x009   at time   64959373 ps
inst0 ch0:  C_CMD: WRCMD     C_f = 0x082   at time   64959787 ps
inst0 ch0:  C_CMD: RDCMD     C_r = 0x005   at time   64965997 ps
inst0 ch0:  C_CMD: RDCMD     C_f = 0x000   at time   64966411 ps
inst0 ch0:  C_CMD: RDCMD     C_r = 0x00d   at time   64969309 ps
inst0 ch0:  C_CMD: RDCMD     C_f = 0x002   at time   64969723 ps
inst0 ch0:  R_CMD: ACTCMD    R_r0= 0x02    at time   65023957 ps
inst0 ch0:  R_CMD: ACTCMD    R_f0= 0x13    at time   65024371 ps
inst0 ch0:  R_CMD: ACTCMD    R_r1= 0x3f    at time   65024785 ps
inst0 ch0:  R_CMD: ACTCMD    R_f1= 0x3b    at time   65025199 ps
inst0 ch0:  C_CMD: WRCMD     C_r = 0x001   at time   65034721 ps
inst0 ch0:  C_CMD: WRCMD     C_f = 0x000   at time   65035135 ps
inst0 ch0:  C_CMD: WRCMD     C_r = 0x009   at time   65038033 ps
inst0 ch0:  C_CMD: WRCMD     C_f = 0x002   at time   65038447 ps
inst0 ch0:  R_CMD: ACTCMD    R_r0= 0x0a    at time   65137393 ps
inst0 ch0:  R_CMD: ACTCMD    R_f0= 0x19    at time   65137807 ps
inst0 ch0:  R_CMD: ACTCMD    R_r1= 0x3f    at time   65138221 ps
inst0 ch0:  R_CMD: ACTCMD    R_f1= 0x3b    at time   65138635 ps
inst0 ch0:  R_CMD: ACTCMD    R_r0= 0x02    at time   65141533 ps
inst0 ch0:  R_CMD: ACTCMD    R_f0= 0x19    at time   65141947 ps
inst0 ch0:  R_CMD: ACTCMD    R_r1= 0x3f    at time   65142361 ps
inst0 ch0:  R_CMD: ACTCMD    R_f1= 0x3b    at time   65142775 ps
inst0 ch0:  C_CMD: RDCMD     C_r = 0x015   at time   65152297 ps
inst0 ch0:  C_CMD: RDCMD     C_f = 0x0f8   at time   65152711 ps
inst0 ch0:  C_CMD: RDCMD     C_r = 0x01d   at time   65155609 ps
inst0 ch0:  C_CMD: RDCMD     C_f = 0x0fa   at time   65156023 ps
inst0 ch0:  C_CMD: RDCMD     C_r = 0x005   at time   65158921 ps
inst0 ch0:  C_CMD: RDCMD     C_f = 0x0f8   at time   65159335 ps
inst0 ch0:  C_CMD: RDCMD     C_r = 0x00d   at time   65162233 ps
inst0 ch0:  C_CMD: RDCMD     C_f = 0x0fa   at time   65162647 ps
inst0 ch0:  R_CMD: ACTCMD    R_r0= 0x0a    at time   65210257 ps
inst0 ch0:  R_CMD: ACTCMD    R_f0= 0x19    at time   65210671 ps
inst0 ch0:  R_CMD: ACTCMD    R_r1= 0x3f    at time   65211085 ps
inst0 ch0:  R_CMD: ACTCMD    R_f1= 0x3b    at time   65211499 ps
inst0 ch0:  R_CMD: ACTCMD    R_r0= 0x02    at time   65214397 ps
inst0 ch0:  R_CMD: ACTCMD    R_f0= 0x19    at time   65214811 ps
inst0 ch0:  R_CMD: ACTCMD    R_r1= 0x3f    at time   65215225 ps
inst0 ch0:  R_CMD: ACTCMD    R_f1= 0x3b    at time   65215639 ps
inst0 ch0:  C_CMD: WRCMD     C_r = 0x011   at time   65221021 ps
inst0 ch0:  C_CMD: WRCMD     C_f = 0x0f8   at time   65221435 ps
inst0 ch0:  C_CMD: WRCMD     C_r = 0x019   at time   65224333 ps
inst0 ch0:  C_CMD: WRCMD     C_f = 0x0fa   at time   65224747 ps
inst0 ch0:  C_CMD: WRCMD     C_r = 0x001   at time   65227645 ps
inst0 ch0:  C_CMD: WRCMD     C_f = 0x0f8   at time   65228059 ps
inst0 ch0:  C_CMD: WRCMD     C_r = 0x009   at time   65230957 ps
inst0 ch0:  C_CMD: WRCMD     C_f = 0x0fa   at time   65231371 ps
inst0 ch0:  R_CMD: ACTCMD    R_r0= 0x0a    at time   65234269 ps
inst0 ch0:  R_CMD: ACTCMD    R_f0= 0x11    at time   65234683 ps
inst0 ch0:  R_CMD: ACTCMD    R_r1= 0x3f    at time   65235097 ps
inst0 ch0:  R_CMD: ACTCMD    R_f1= 0x3b    at time   65235511 ps
inst0 ch0:  R_CMD: ACTCMD    R_r0= 0x02    at time   65238409 ps
inst0 ch0:  R_CMD: ACTCMD    R_f0= 0x11    at time   65238823 ps
inst0 ch0:  R_CMD: ACTCMD    R_r1= 0x3f    at time   65239237 ps
inst0 ch0:  R_CMD: ACTCMD    R_f1= 0x3b    at time   65239651 ps
inst0 ch0:  C_CMD: RDCMD     C_r = 0x015   at time   65249173 ps
inst0 ch0:  C_CMD: RDCMD     C_f = 0x078   at time   65249587 ps
inst0 ch0:  C_CMD: RDCMD     C_r = 0x01d   at time   65252485 ps
inst0 ch0:  C_CMD: RDCMD     C_f = 0x07a   at time   65252899 ps
inst0 ch0:  C_CMD: RDCMD     C_r = 0x005   at time   65255797 ps
inst0 ch0:  C_CMD: RDCMD     C_f = 0x078   at time   65256211 ps
inst0 ch0:  C_CMD: RDCMD     C_r = 0x00d   at time   65259109 ps
inst0 ch0:  C_CMD: RDCMD     C_f = 0x07a   at time   65259523 ps
inst0 ch0:  R_CMD: ACTCMD    R_r0= 0x0a    at time   65307133 ps
inst0 ch0:  R_CMD: ACTCMD    R_f0= 0x11    at time   65307547 ps
inst0 ch0:  R_CMD: ACTCMD    R_r1= 0x3f    at time   65307961 ps
inst0 ch0:  R_CMD: ACTCMD    R_f1= 0x3b    at time   65308375 ps
inst0 ch0:  R_CMD: ACTCMD    R_r0= 0x02    at time   65311273 ps
inst0 ch0:  R_CMD: ACTCMD    R_f0= 0x11    at time   65311687 ps
inst0 ch0:  R_CMD: ACTCMD    R_r1= 0x3f    at time   65312101 ps
inst0 ch0:  R_CMD: ACTCMD    R_f1= 0x3b    at time   65312515 ps
inst0 ch0:  C_CMD: WRCMD     C_r = 0x011   at time   65317897 ps
inst0 ch0:  C_CMD: WRCMD     C_f = 0x078   at time   65318311 ps
inst0 ch0:  C_CMD: WRCMD     C_r = 0x019   at time   65321209 ps
inst0 ch0:  C_CMD: WRCMD     C_f = 0x07a   at time   65321623 ps
inst0 ch0:  C_CMD: WRCMD     C_r = 0x001   at time   65324521 ps
inst0 ch0:  C_CMD: WRCMD     C_f = 0x078   at time   65324935 ps
inst0 ch0:  C_CMD: WRCMD     C_r = 0x009   at time   65327833 ps
inst0 ch0:  C_CMD: WRCMD     C_f = 0x07a   at time   65328247 ps
inst0 ch0:  R_CMD: ACTCMD    R_r0= 0x0a    at time   65624257 ps
inst0 ch0:  R_CMD: ACTCMD    R_f0= 0x0a    at time   65624671 ps
inst0 ch0:  R_CMD: ACTCMD    R_r1= 0x00    at time   65625085 ps
inst0 ch0:  R_CMD: ACTCMD    R_f1= 0x00    at time   65625499 ps
inst0 ch0:  R_CMD: ACTCMD    R_r0= 0x02    at time   65628397 ps
inst0 ch0:  R_CMD: ACTCMD    R_f0= 0x0a    at time   65628811 ps
inst0 ch0:  R_CMD: ACTCMD    R_r1= 0x00    at time   65629225 ps
inst0 ch0:  R_CMD: ACTCMD    R_f1= 0x00    at time   65629639 ps
inst0 ch0:  C_CMD: RDCMD     C_r = 0x015   at time   65639161 ps
inst0 ch0:  C_CMD: RDCMD     C_f = 0x080   at time   65639575 ps
inst0 ch0:  C_CMD: RDCMD     C_r = 0x01d   at time   65642473 ps
inst0 ch0:  C_CMD: RDCMD     C_f = 0x082   at time   65642887 ps
inst0 ch0:  C_CMD: RDCMD     C_r = 0x005   at time   65645785 ps
inst0 ch0:  C_CMD: RDCMD     C_f = 0x080   at time   65646199 ps
inst0 ch0:  C_CMD: RDCMD     C_r = 0x00d   at time   65649097 ps
inst0 ch0:  C_CMD: RDCMD     C_f = 0x082   at time   65649511 ps
inst0 ch0:  R_CMD: ACTCMD    R_r0= 0x0a    at time   65657377 ps
inst0 ch0:  R_CMD: ACTCMD    R_f0= 0x02    at time   65657791 ps
inst0 ch0:  R_CMD: ACTCMD    R_r1= 0x00    at time   65658205 ps
inst0 ch0:  R_CMD: ACTCMD    R_f1= 0x00    at time   65658619 ps
inst0 ch0:  R_CMD: ACTCMD    R_r0= 0x02    at time   65661517 ps
inst0 ch0:  R_CMD: ACTCMD    R_f0= 0x02    at time   65661931 ps
inst0 ch0:  R_CMD: ACTCMD    R_r1= 0x00    at time   65662345 ps
inst0 ch0:  R_CMD: ACTCMD    R_f1= 0x00    at time   65662759 ps
inst0 ch0:  C_CMD: RDCMD     C_r = 0x015   at time   65672281 ps
inst0 ch0:  C_CMD: RDCMD     C_f = 0x000   at time   65672695 ps
inst0 ch0:  C_CMD: RDCMD     C_r = 0x01d   at time   65675593 ps
inst0 ch0:  C_CMD: RDCMD     C_f = 0x002   at time   65676007 ps
inst0 ch0:  C_CMD: RDCMD     C_r = 0x005   at time   65678905 ps
inst0 ch0:  C_CMD: RDCMD     C_f = 0x000   at time   65679319 ps
inst0 ch0:  C_CMD: RDCMD     C_r = 0x00d   at time   65682217 ps
inst0 ch0:  C_CMD: RDCMD     C_f = 0x002   at time   65682631 ps
