inst0 ch0:  R_CMD: ACTCMD    R_r0= 0x0e    at time   33400981 ps
inst0 ch0:  R_CMD: ACTCMD    R_f0= 0x28    at time   33401395 ps
inst0 ch0:  R_CMD: ACTCMD    R_r1= 0x00    at time   33401809 ps
inst0 ch0:  R_CMD: ACTCMD    R_f1= 0x02    at time   33402223 ps
inst0 ch0:  R_CMD: ACTCMD    R_r0= 0x0e    at time   33403465 ps
inst0 ch0:  R_CMD: ACTCMD    R_f0= 0x20    at time   33403879 ps
inst0 ch0:  R_CMD: ACTCMD    R_r1= 0x00    at time   33404293 ps
inst0 ch0:  R_CMD: ACTCMD    R_f1= 0x02    at time   33404707 ps
inst0 ch0:  C_CMD: WRCMD     C_r = 0x091   at time   33411745 ps
inst0 ch0:  C_CMD: WRCMD     C_f = 0x0a9   at time   33412159 ps
inst0 ch0:  C_CMD: WRCMD     C_r = 0x091   at time   33414229 ps
inst0 ch0:  C_CMD: WRCMD     C_f = 0x029   at time   33414643 ps
inst0 ch0:  C_CMD: WRCMD     C_r = 0x091   at time   33415057 ps
inst0 ch0:  C_CMD: WRCMD     C_f = 0x0ab   at time   33415471 ps
inst0 ch0:  C_CMD: WRCMD     C_r = 0x091   at time   33417541 ps
inst0 ch0:  C_CMD: WRCMD     C_f = 0x02b   at time   33417955 ps
inst0 ch0:  C_CMD: WRCMD     C_r = 0x091   at time   33418369 ps
inst0 ch0:  C_CMD: WRCMD     C_f = 0x0a1   at time   33418783 ps
inst0 ch0:  C_CMD: WRCMD     C_r = 0x091   at time   33420853 ps
inst0 ch0:  C_CMD: WRCMD     C_f = 0x021   at time   33421267 ps
inst0 ch0:  C_CMD: WRCMD     C_r = 0x099   at time   33421681 ps
inst0 ch0:  C_CMD: WRCMD     C_f = 0x0a3   at time   33422095 ps
inst0 ch0:  C_CMD: WRCMD     C_r = 0x099   at time   33424165 ps
inst0 ch0:  C_CMD: WRCMD     C_f = 0x023   at time   33424579 ps
inst0 ch0:  R_CMD: ACTCMD    R_r0= 0x26    at time   33588109 ps
inst0 ch0:  R_CMD: ACTCMD    R_f0= 0x28    at time   33588523 ps
inst0 ch0:  R_CMD: ACTCMD    R_r1= 0x00    at time   33588937 ps
inst0 ch0:  R_CMD: ACTCMD    R_f1= 0x02    at time   33589351 ps
inst0 ch0:  R_CMD: ACTCMD    R_r0= 0x26    at time   33591421 ps
inst0 ch0:  R_CMD: ACTCMD    R_f0= 0x20    at time   33591835 ps
inst0 ch0:  R_CMD: ACTCMD    R_r1= 0x00    at time   33592249 ps
inst0 ch0:  R_CMD: ACTCMD    R_f1= 0x02    at time   33592663 ps
inst0 ch0:  C_CMD: WRCMD     C_r = 0x0c9   at time   33598873 ps
inst0 ch0:  C_CMD: WRCMD     C_f = 0x0a1   at time   33599287 ps
inst0 ch0:  C_CMD: WRCMD     C_r = 0x0c1   at time   33602185 ps
inst0 ch0:  C_CMD: WRCMD     C_f = 0x021   at time   33602599 ps
inst0 ch0:  C_CMD: WRCMD     C_r = 0x0c9   at time   33605497 ps
inst0 ch0:  C_CMD: WRCMD     C_f = 0x023   at time   33605911 ps
inst0 ch0:  R_CMD: ACTCMD    R_r0= 0x2e    at time   37802629 ps
inst0 ch0:  R_CMD: ACTCMD    R_f0= 0x28    at time   37803043 ps
inst0 ch0:  R_CMD: ACTCMD    R_r1= 0x00    at time   37803457 ps
inst0 ch0:  R_CMD: ACTCMD    R_f1= 0x02    at time   37803871 ps
inst0 ch0:  R_CMD: ACTCMD    R_r0= 0x2e    at time   37805941 ps
inst0 ch0:  R_CMD: ACTCMD    R_f0= 0x20    at time   37806355 ps
inst0 ch0:  R_CMD: ACTCMD    R_r1= 0x00    at time   37806769 ps
inst0 ch0:  R_CMD: ACTCMD    R_f1= 0x02    at time   37807183 ps
inst0 ch0:  C_CMD: WRCMD     C_r = 0x0d1   at time   37813393 ps
inst0 ch0:  C_CMD: WRCMD     C_f = 0x0a9   at time   37813807 ps
inst0 ch0:  C_CMD: WRCMD     C_r = 0x0d1   at time   37816705 ps
inst0 ch0:  C_CMD: WRCMD     C_f = 0x0ab   at time   37817119 ps
inst0 ch0:  C_CMD: WRCMD     C_r = 0x0d1   at time   37817533 ps
inst0 ch0:  C_CMD: WRCMD     C_f = 0x029   at time   37817947 ps
inst0 ch0:  C_CMD: WRCMD     C_r = 0x0d1   at time   37820017 ps
inst0 ch0:  C_CMD: WRCMD     C_f = 0x0a1   at time   37820431 ps
inst0 ch0:  C_CMD: WRCMD     C_r = 0x0d1   at time   37820845 ps
inst0 ch0:  C_CMD: WRCMD     C_f = 0x02b   at time   37821259 ps
inst0 ch0:  C_CMD: WRCMD     C_r = 0x0d9   at time   37823329 ps
inst0 ch0:  C_CMD: WRCMD     C_f = 0x0a3   at time   37823743 ps
inst0 ch0:  C_CMD: WRCMD     C_r = 0x0d1   at time   37824157 ps
inst0 ch0:  C_CMD: WRCMD     C_f = 0x021   at time   37824571 ps
inst0 ch0:  C_CMD: WRCMD     C_r = 0x0d9   at time   37827469 ps
inst0 ch0:  C_CMD: WRCMD     C_f = 0x023   at time   37827883 ps
inst0 ch0:  R_CMD: ACTCMD    R_r0= 0x16    at time   42066001 ps
inst0 ch0:  R_CMD: ACTCMD    R_f0= 0x00    at time   42066415 ps
inst0 ch0:  R_CMD: ACTCMD    R_r1= 0x00    at time   42066829 ps
inst0 ch0:  R_CMD: ACTCMD    R_f1= 0x02    at time   42067243 ps
inst0 ch0:  C_CMD: WRCMD     C_r = 0x029   at time   42076765 ps
inst0 ch0:  C_CMD: WRCMD     C_f = 0x021   at time   42077179 ps
inst0 ch0:  R_CMD: ACTCMD    R_r0= 0x1e    at time   51019165 ps
inst0 ch0:  R_CMD: ACTCMD    R_f0= 0x00    at time   51019579 ps
inst0 ch0:  R_CMD: ACTCMD    R_r1= 0x00    at time   51019993 ps
inst0 ch0:  R_CMD: ACTCMD    R_f1= 0x02    at time   51020407 ps
inst0 ch0:  C_CMD: WRCMD     C_r = 0x039   at time   51029929 ps
inst0 ch0:  C_CMD: WRCMD     C_f = 0x021   at time   51030343 ps
inst0 ch0:  R_CMD: ACTCMD    R_r0= 0x22    at time   55025857 ps
inst0 ch0:  R_CMD: ACTCMD    R_f0= 0x22    at time   55026271 ps
inst0 ch0:  R_CMD: ACTCMD    R_r1= 0x00    at time   55026685 ps
inst0 ch0:  R_CMD: ACTCMD    R_f1= 0x00    at time   55027099 ps
inst0 ch0:  R_CMD: ACTCMD    R_r0= 0x22    at time   55027513 ps
inst0 ch0:  R_CMD: ACTCMD    R_f0= 0x2a    at time   55027927 ps
inst0 ch0:  R_CMD: ACTCMD    R_r1= 0x00    at time   55028341 ps
inst0 ch0:  R_CMD: ACTCMD    R_f1= 0x00    at time   55028755 ps
inst0 ch0:  R_CMD: ACTCMD    R_r0= 0x02    at time   55029997 ps
inst0 ch0:  R_CMD: ACTCMD    R_f0= 0x22    at time   55030411 ps
inst0 ch0:  R_CMD: ACTCMD    R_r1= 0x00    at time   55030825 ps
inst0 ch0:  R_CMD: ACTCMD    R_f1= 0x00    at time   55031239 ps
inst0 ch0:  R_CMD: ACTCMD    R_r0= 0x02    at time   55031653 ps
inst0 ch0:  R_CMD: ACTCMD    R_f0= 0x2a    at time   55032067 ps
inst0 ch0:  R_CMD: ACTCMD    R_r1= 0x00    at time   55032481 ps
inst0 ch0:  R_CMD: ACTCMD    R_f1= 0x00    at time   55032895 ps
inst0 ch0:  R_CMD: ACTCMD    R_r0= 0x22    at time   55034137 ps
inst0 ch0:  R_CMD: ACTCMD    R_f0= 0x02    at time   55034551 ps
inst0 ch0:  R_CMD: ACTCMD    R_r1= 0x00    at time   55034965 ps
inst0 ch0:  R_CMD: ACTCMD    R_f1= 0x00    at time   55035379 ps
inst0 ch0:  R_CMD: ACTCMD    R_r0= 0x22    at time   55035793 ps
inst0 ch0:  R_CMD: ACTCMD    R_f0= 0x0a    at time   55036207 ps
inst0 ch0:  R_CMD: ACTCMD    R_r1= 0x00    at time   55036621 ps
inst0 ch0:  R_CMD: ACTCMD    R_f1= 0x00    at time   55037035 ps
inst0 ch0:  R_CMD: ACTCMD    R_r0= 0x02    at time   55038277 ps
inst0 ch0:  R_CMD: ACTCMD    R_f0= 0x02    at time   55038691 ps
inst0 ch0:  R_CMD: ACTCMD    R_r1= 0x00    at time   55039105 ps
inst0 ch0:  R_CMD: ACTCMD    R_f1= 0x00    at time   55039519 ps
inst0 ch0:  R_CMD: ACTCMD    R_r0= 0x02    at time   55039933 ps
inst0 ch0:  R_CMD: ACTCMD    R_f0= 0x0a    at time   55040347 ps
inst0 ch0:  R_CMD: ACTCMD    R_r1= 0x00    at time   55040761 ps
inst0 ch0:  C_CMD: RDCMD     C_r = 0x0c5   at time   55040761 ps
inst0 ch0:  R_CMD: ACTCMD    R_f1= 0x00    at time   55041175 ps
inst0 ch0:  C_CMD: RDCMD     C_f = 0x000   at time   55041175 ps
inst0 ch0:  C_CMD: RDCMD     C_r = 0x0c5   at time   55042417 ps
inst0 ch0:  C_CMD: RDCMD     C_f = 0x080   at time   55042831 ps
inst0 ch0:  C_CMD: RDCMD     C_r = 0x0cd   at time   55044073 ps
inst0 ch0:  C_CMD: RDCMD     C_f = 0x002   at time   55044487 ps
inst0 ch0:  C_CMD: RDCMD     C_r = 0x085   at time   55045729 ps
inst0 ch0:  C_CMD: RDCMD     C_f = 0x000   at time   55046143 ps
inst0 ch0:  C_CMD: RDCMD     C_r = 0x0cd   at time   55046557 ps
inst0 ch0:  C_CMD: RDCMD     C_f = 0x082   at time   55046971 ps
inst0 ch0:  C_CMD: RDCMD     C_r = 0x085   at time   55048213 ps
inst0 ch0:  C_CMD: RDCMD     C_f = 0x080   at time   55048627 ps
inst0 ch0:  C_CMD: RDCMD     C_r = 0x08d   at time   55049041 ps
inst0 ch0:  C_CMD: RDCMD     C_f = 0x002   at time   55049455 ps
inst0 ch0:  C_CMD: RDCMD     C_r = 0x045   at time   55050697 ps
inst0 ch0:  C_CMD: RDCMD     C_f = 0x000   at time   55051111 ps
inst0 ch0:  C_CMD: RDCMD     C_r = 0x08d   at time   55051525 ps
inst0 ch0:  C_CMD: RDCMD     C_f = 0x082   at time   55051939 ps
inst0 ch0:  C_CMD: RDCMD     C_r = 0x005   at time   55053181 ps
inst0 ch0:  C_CMD: RDCMD     C_f = 0x000   at time   55053595 ps
inst0 ch0:  C_CMD: RDCMD     C_r = 0x045   at time   55054009 ps
inst0 ch0:  C_CMD: RDCMD     C_f = 0x080   at time   55054423 ps
inst0 ch0:  C_CMD: RDCMD     C_r = 0x04d   at time   55054837 ps
inst0 ch0:  C_CMD: RDCMD     C_f = 0x002   at time   55055251 ps
inst0 ch0:  C_CMD: RDCMD     C_r = 0x005   at time   55055665 ps
inst0 ch0:  C_CMD: RDCMD     C_f = 0x080   at time   55056079 ps
inst0 ch0:  C_CMD: RDCMD     C_r = 0x00d   at time   55056493 ps
inst0 ch0:  C_CMD: RDCMD     C_f = 0x002   at time   55056907 ps
inst0 ch0:  C_CMD: RDCMD     C_r = 0x04d   at time   55057321 ps
inst0 ch0:  C_CMD: RDCMD     C_f = 0x082   at time   55057735 ps
inst0 ch0:  C_CMD: RDCMD     C_r = 0x00d   at time   55058977 ps
inst0 ch0:  C_CMD: RDCMD     C_f = 0x082   at time   55059391 ps
inst0 ch0:  R_CMD: ACTCMD    R_r0= 0x2a    at time   55358713 ps
inst0 ch0:  R_CMD: ACTCMD    R_f0= 0x22    at time   55359127 ps
inst0 ch0:  R_CMD: ACTCMD    R_r1= 0x00    at time   55359541 ps
inst0 ch0:  R_CMD: ACTCMD    R_f1= 0x00    at time   55359955 ps
inst0 ch0:  R_CMD: ACTCMD    R_r0= 0x0a    at time   55362853 ps
inst0 ch0:  R_CMD: ACTCMD    R_f0= 0x22    at time   55363267 ps
inst0 ch0:  R_CMD: ACTCMD    R_r1= 0x00    at time   55363681 ps
inst0 ch0:  R_CMD: ACTCMD    R_f1= 0x00    at time   55364095 ps
inst0 ch0:  R_CMD: ACTCMD    R_r0= 0x2a    at time   55366993 ps
inst0 ch0:  R_CMD: ACTCMD    R_f0= 0x02    at time   55367407 ps
inst0 ch0:  R_CMD: ACTCMD    R_r1= 0x00    at time   55367821 ps
inst0 ch0:  R_CMD: ACTCMD    R_f1= 0x00    at time   55368235 ps
inst0 ch0:  C_CMD: RDCMD     C_r = 0x0d5   at time   55373617 ps
inst0 ch0:  C_CMD: RDCMD     C_f = 0x000   at time   55374031 ps
inst0 ch0:  C_CMD: RDCMD     C_r = 0x0dd   at time   55376929 ps
inst0 ch0:  C_CMD: RDCMD     C_f = 0x002   at time   55377343 ps
inst0 ch0:  C_CMD: RDCMD     C_r = 0x095   at time   55378585 ps
inst0 ch0:  C_CMD: RDCMD     C_f = 0x000   at time   55378999 ps
inst0 ch0:  C_CMD: RDCMD     C_r = 0x09d   at time   55381897 ps
inst0 ch0:  C_CMD: RDCMD     C_f = 0x002   at time   55382311 ps
inst0 ch0:  C_CMD: RDCMD     C_r = 0x055   at time   55383553 ps
inst0 ch0:  C_CMD: RDCMD     C_f = 0x000   at time   55383967 ps
inst0 ch0:  C_CMD: RDCMD     C_r = 0x05d   at time   55386865 ps
inst0 ch0:  C_CMD: RDCMD     C_f = 0x002   at time   55387279 ps
inst0 ch0:  R_CMD: ACTCMD    R_r0= 0x0a    at time   55415017 ps
inst0 ch0:  R_CMD: ACTCMD    R_f0= 0x02    at time   55415431 ps
inst0 ch0:  R_CMD: ACTCMD    R_r1= 0x00    at time   55415845 ps
inst0 ch0:  R_CMD: ACTCMD    R_f1= 0x00    at time   55416259 ps
inst0 ch0:  R_CMD: ACTCMD    R_r0= 0x2a    at time   55416673 ps
inst0 ch0:  R_CMD: ACTCMD    R_f0= 0x2a    at time   55417087 ps
inst0 ch0:  R_CMD: ACTCMD    R_r1= 0x00    at time   55417501 ps
inst0 ch0:  R_CMD: ACTCMD    R_f1= 0x00    at time   55417915 ps
inst0 ch0:  R_CMD: ACTCMD    R_r0= 0x0a    at time   55420813 ps
inst0 ch0:  R_CMD: ACTCMD    R_f0= 0x2a    at time   55421227 ps
inst0 ch0:  R_CMD: ACTCMD    R_r1= 0x00    at time   55421641 ps
inst0 ch0:  R_CMD: ACTCMD    R_f1= 0x00    at time   55422055 ps
inst0 ch0:  R_CMD: ACTCMD    R_r0= 0x2a    at time   55424953 ps
inst0 ch0:  R_CMD: ACTCMD    R_f0= 0x0a    at time   55425367 ps
inst0 ch0:  R_CMD: ACTCMD    R_r1= 0x00    at time   55425781 ps
inst0 ch0:  R_CMD: ACTCMD    R_f1= 0x00    at time   55426195 ps
inst0 ch0:  R_CMD: ACTCMD    R_r0= 0x0a    at time   55429093 ps
inst0 ch0:  R_CMD: ACTCMD    R_f0= 0x0a    at time   55429507 ps
inst0 ch0:  R_CMD: ACTCMD    R_r1= 0x00    at time   55429921 ps
inst0 ch0:  C_CMD: RDCMD     C_r = 0x015   at time   55429921 ps
inst0 ch0:  R_CMD: ACTCMD    R_f1= 0x00    at time   55430335 ps
inst0 ch0:  C_CMD: RDCMD     C_f = 0x000   at time   55430335 ps
inst0 ch0:  C_CMD: RDCMD     C_r = 0x0d5   at time   55431577 ps
inst0 ch0:  C_CMD: RDCMD     C_f = 0x080   at time   55431991 ps
inst0 ch0:  C_CMD: RDCMD     C_r = 0x01d   at time   55433233 ps
inst0 ch0:  C_CMD: RDCMD     C_f = 0x002   at time   55433647 ps
inst0 ch0:  C_CMD: RDCMD     C_r = 0x0dd   at time   55434889 ps
inst0 ch0:  C_CMD: RDCMD     C_f = 0x082   at time   55435303 ps
inst0 ch0:  C_CMD: RDCMD     C_r = 0x095   at time   55436545 ps
inst0 ch0:  C_CMD: RDCMD     C_f = 0x080   at time   55436959 ps
inst0 ch0:  C_CMD: RDCMD     C_r = 0x09d   at time   55439857 ps
inst0 ch0:  C_CMD: RDCMD     C_f = 0x082   at time   55440271 ps
inst0 ch0:  C_CMD: RDCMD     C_r = 0x055   at time   55441513 ps
inst0 ch0:  C_CMD: RDCMD     C_f = 0x080   at time   55441927 ps
inst0 ch0:  C_CMD: RDCMD     C_r = 0x015   at time   55443997 ps
inst0 ch0:  C_CMD: RDCMD     C_f = 0x080   at time   55444411 ps
inst0 ch0:  C_CMD: RDCMD     C_r = 0x05d   at time   55445653 ps
inst0 ch0:  C_CMD: RDCMD     C_f = 0x082   at time   55446067 ps
inst0 ch0:  C_CMD: RDCMD     C_r = 0x01d   at time   55447309 ps
inst0 ch0:  C_CMD: RDCMD     C_f = 0x082   at time   55447723 ps
inst0 ch0:  R_CMD: ACTCMD    R_r0= 0x32    at time   55581445 ps
inst0 ch0:  R_CMD: ACTCMD    R_f0= 0x22    at time   55581859 ps
inst0 ch0:  R_CMD: ACTCMD    R_r1= 0x00    at time   55582273 ps
inst0 ch0:  R_CMD: ACTCMD    R_f1= 0x00    at time   55582687 ps
inst0 ch0:  R_CMD: ACTCMD    R_r0= 0x12    at time   55585585 ps
inst0 ch0:  R_CMD: ACTCMD    R_f0= 0x22    at time   55585999 ps
inst0 ch0:  R_CMD: ACTCMD    R_r1= 0x00    at time   55586413 ps
inst0 ch0:  R_CMD: ACTCMD    R_f1= 0x00    at time   55586827 ps
inst0 ch0:  R_CMD: ACTCMD    R_r0= 0x32    at time   55589725 ps
inst0 ch0:  R_CMD: ACTCMD    R_f0= 0x02    at time   55590139 ps
inst0 ch0:  R_CMD: ACTCMD    R_r1= 0x00    at time   55590553 ps
inst0 ch0:  R_CMD: ACTCMD    R_f1= 0x00    at time   55590967 ps
inst0 ch0:  R_CMD: ACTCMD    R_r0= 0x12    at time   55593865 ps
inst0 ch0:  R_CMD: ACTCMD    R_f0= 0x02    at time   55594279 ps
inst0 ch0:  R_CMD: ACTCMD    R_r1= 0x00    at time   55594693 ps
inst0 ch0:  R_CMD: ACTCMD    R_f1= 0x00    at time   55595107 ps
inst0 ch0:  C_CMD: RDCMD     C_r = 0x0e5   at time   55596349 ps
inst0 ch0:  C_CMD: RDCMD     C_f = 0x000   at time   55596763 ps
inst0 ch0:  C_CMD: RDCMD     C_r = 0x0ed   at time   55599661 ps
inst0 ch0:  C_CMD: RDCMD     C_f = 0x002   at time   55600075 ps
inst0 ch0:  C_CMD: RDCMD     C_r = 0x0a5   at time   55601317 ps
inst0 ch0:  C_CMD: RDCMD     C_f = 0x000   at time   55601731 ps
inst0 ch0:  C_CMD: RDCMD     C_r = 0x0ad   at time   55604629 ps
inst0 ch0:  C_CMD: RDCMD     C_f = 0x002   at time   55605043 ps
inst0 ch0:  C_CMD: RDCMD     C_r = 0x065   at time   55606285 ps
inst0 ch0:  C_CMD: RDCMD     C_f = 0x000   at time   55606699 ps
inst0 ch0:  C_CMD: RDCMD     C_r = 0x025   at time   55608769 ps
inst0 ch0:  C_CMD: RDCMD     C_f = 0x000   at time   55609183 ps
inst0 ch0:  C_CMD: RDCMD     C_r = 0x06d   at time   55610425 ps
inst0 ch0:  C_CMD: RDCMD     C_f = 0x002   at time   55610839 ps
inst0 ch0:  C_CMD: RDCMD     C_r = 0x02d   at time   55612081 ps
inst0 ch0:  C_CMD: RDCMD     C_f = 0x002   at time   55612495 ps
inst0 ch0:  R_CMD: ACTCMD    R_r0= 0x32    at time   55620361 ps
inst0 ch0:  R_CMD: ACTCMD    R_f0= 0x2a    at time   55620775 ps
inst0 ch0:  R_CMD: ACTCMD    R_r1= 0x00    at time   55621189 ps
inst0 ch0:  R_CMD: ACTCMD    R_f1= 0x00    at time   55621603 ps
inst0 ch0:  R_CMD: ACTCMD    R_r0= 0x12    at time   55624501 ps
inst0 ch0:  R_CMD: ACTCMD    R_f0= 0x2a    at time   55624915 ps
inst0 ch0:  R_CMD: ACTCMD    R_r1= 0x00    at time   55625329 ps
inst0 ch0:  R_CMD: ACTCMD    R_f1= 0x00    at time   55625743 ps
inst0 ch0:  R_CMD: ACTCMD    R_r0= 0x32    at time   55628641 ps
inst0 ch0:  R_CMD: ACTCMD    R_f0= 0x0a    at time   55629055 ps
inst0 ch0:  R_CMD: ACTCMD    R_r1= 0x00    at time   55629469 ps
inst0 ch0:  R_CMD: ACTCMD    R_f1= 0x00    at time   55629883 ps
inst0 ch0:  R_CMD: ACTCMD    R_r0= 0x12    at time   55632781 ps
inst0 ch0:  R_CMD: ACTCMD    R_f0= 0x0a    at time   55633195 ps
inst0 ch0:  R_CMD: ACTCMD    R_r1= 0x00    at time   55633609 ps
inst0 ch0:  R_CMD: ACTCMD    R_f1= 0x00    at time   55634023 ps
inst0 ch0:  C_CMD: RDCMD     C_r = 0x0e5   at time   55635265 ps
inst0 ch0:  C_CMD: RDCMD     C_f = 0x080   at time   55635679 ps
inst0 ch0:  C_CMD: RDCMD     C_r = 0x0ed   at time   55638577 ps
inst0 ch0:  C_CMD: RDCMD     C_f = 0x082   at time   55638991 ps
inst0 ch0:  C_CMD: RDCMD     C_r = 0x0a5   at time   55640233 ps
inst0 ch0:  C_CMD: RDCMD     C_f = 0x080   at time   55640647 ps
inst0 ch0:  C_CMD: RDCMD     C_r = 0x0ad   at time   55643545 ps
inst0 ch0:  C_CMD: RDCMD     C_f = 0x082   at time   55643959 ps
inst0 ch0:  C_CMD: RDCMD     C_r = 0x065   at time   55645201 ps
inst0 ch0:  C_CMD: RDCMD     C_f = 0x080   at time   55645615 ps
inst0 ch0:  C_CMD: RDCMD     C_r = 0x025   at time   55647685 ps
inst0 ch0:  C_CMD: RDCMD     C_f = 0x080   at time   55648099 ps
inst0 ch0:  C_CMD: RDCMD     C_r = 0x06d   at time   55649341 ps
inst0 ch0:  C_CMD: RDCMD     C_f = 0x082   at time   55649755 ps
inst0 ch0:  C_CMD: RDCMD     C_r = 0x02d   at time   55650997 ps
inst0 ch0:  C_CMD: RDCMD     C_f = 0x082   at time   55651411 ps
inst0 ch0:  R_CMD: ACTCMD    R_r0= 0x3a    at time   55930861 ps
inst0 ch0:  R_CMD: ACTCMD    R_f0= 0x22    at time   55931275 ps
inst0 ch0:  R_CMD: ACTCMD    R_r1= 0x00    at time   55931689 ps
inst0 ch0:  R_CMD: ACTCMD    R_f1= 0x00    at time   55932103 ps
inst0 ch0:  R_CMD: ACTCMD    R_r0= 0x1a    at time   55935001 ps
inst0 ch0:  R_CMD: ACTCMD    R_f0= 0x22    at time   55935415 ps
inst0 ch0:  R_CMD: ACTCMD    R_r1= 0x00    at time   55935829 ps
inst0 ch0:  R_CMD: ACTCMD    R_f1= 0x00    at time   55936243 ps
inst0 ch0:  R_CMD: ACTCMD    R_r0= 0x3a    at time   55939141 ps
inst0 ch0:  R_CMD: ACTCMD    R_f0= 0x02    at time   55939555 ps
inst0 ch0:  R_CMD: ACTCMD    R_r1= 0x00    at time   55939969 ps
inst0 ch0:  R_CMD: ACTCMD    R_f1= 0x00    at time   55940383 ps
inst0 ch0:  R_CMD: ACTCMD    R_r0= 0x3a    at time   55940797 ps
inst0 ch0:  R_CMD: ACTCMD    R_f0= 0x2a    at time   55941211 ps
inst0 ch0:  R_CMD: ACTCMD    R_r1= 0x00    at time   55941625 ps
inst0 ch0:  R_CMD: ACTCMD    R_f1= 0x00    at time   55942039 ps
inst0 ch0:  R_CMD: ACTCMD    R_r0= 0x1a    at time   55943281 ps
inst0 ch0:  R_CMD: ACTCMD    R_f0= 0x02    at time   55943695 ps
inst0 ch0:  R_CMD: ACTCMD    R_r1= 0x00    at time   55944109 ps
inst0 ch0:  R_CMD: ACTCMD    R_f1= 0x00    at time   55944523 ps
inst0 ch0:  R_CMD: ACTCMD    R_r0= 0x1a    at time   55944937 ps
inst0 ch0:  R_CMD: ACTCMD    R_f0= 0x2a    at time   55945351 ps
inst0 ch0:  R_CMD: ACTCMD    R_r1= 0x00    at time   55945765 ps
inst0 ch0:  C_CMD: RDCMD     C_r = 0x0f5   at time   55945765 ps
inst0 ch0:  R_CMD: ACTCMD    R_f1= 0x00    at time   55946179 ps
inst0 ch0:  C_CMD: RDCMD     C_f = 0x000   at time   55946179 ps
inst0 ch0:  R_CMD: ACTCMD    R_r0= 0x3a    at time   55949077 ps
inst0 ch0:  C_CMD: RDCMD     C_r = 0x0fd   at time   55949077 ps
inst0 ch0:  R_CMD: ACTCMD    R_f0= 0x0a    at time   55949491 ps
inst0 ch0:  C_CMD: RDCMD     C_f = 0x002   at time   55949491 ps
inst0 ch0:  R_CMD: ACTCMD    R_r1= 0x00    at time   55949905 ps
inst0 ch0:  R_CMD: ACTCMD    R_f1= 0x00    at time   55950319 ps
inst0 ch0:  C_CMD: RDCMD     C_r = 0x0b5   at time   55950733 ps
inst0 ch0:  C_CMD: RDCMD     C_f = 0x000   at time   55951147 ps
inst0 ch0:  R_CMD: ACTCMD    R_r0= 0x1a    at time   55953217 ps
inst0 ch0:  R_CMD: ACTCMD    R_f0= 0x0a    at time   55953631 ps
inst0 ch0:  R_CMD: ACTCMD    R_r1= 0x00    at time   55954045 ps
inst0 ch0:  C_CMD: RDCMD     C_r = 0x0bd   at time   55954045 ps
inst0 ch0:  R_CMD: ACTCMD    R_f1= 0x00    at time   55954459 ps
inst0 ch0:  C_CMD: RDCMD     C_f = 0x002   at time   55954459 ps
inst0 ch0:  C_CMD: RDCMD     C_r = 0x075   at time   55955701 ps
inst0 ch0:  C_CMD: RDCMD     C_f = 0x000   at time   55956115 ps
inst0 ch0:  C_CMD: RDCMD     C_r = 0x0f5   at time   55956529 ps
inst0 ch0:  C_CMD: RDCMD     C_f = 0x080   at time   55956943 ps
inst0 ch0:  C_CMD: RDCMD     C_r = 0x035   at time   55958185 ps
inst0 ch0:  C_CMD: RDCMD     C_f = 0x000   at time   55958599 ps
inst0 ch0:  C_CMD: RDCMD     C_r = 0x07d   at time   55959841 ps
inst0 ch0:  C_CMD: RDCMD     C_f = 0x002   at time   55960255 ps
inst0 ch0:  C_CMD: RDCMD     C_r = 0x0fd   at time   55960669 ps
inst0 ch0:  C_CMD: RDCMD     C_f = 0x082   at time   55961083 ps
inst0 ch0:  C_CMD: RDCMD     C_r = 0x03d   at time   55961497 ps
inst0 ch0:  C_CMD: RDCMD     C_f = 0x002   at time   55961911 ps
inst0 ch0:  C_CMD: RDCMD     C_r = 0x0b5   at time   55962325 ps
inst0 ch0:  C_CMD: RDCMD     C_f = 0x080   at time   55962739 ps
inst0 ch0:  C_CMD: RDCMD     C_r = 0x075   at time   55963981 ps
inst0 ch0:  C_CMD: RDCMD     C_f = 0x080   at time   55964395 ps
inst0 ch0:  C_CMD: RDCMD     C_r = 0x0bd   at time   55965637 ps
inst0 ch0:  C_CMD: RDCMD     C_f = 0x082   at time   55966051 ps
inst0 ch0:  C_CMD: RDCMD     C_r = 0x07d   at time   55967293 ps
inst0 ch0:  C_CMD: RDCMD     C_f = 0x082   at time   55967707 ps
inst0 ch0:  C_CMD: RDCMD     C_r = 0x035   at time   55968949 ps
inst0 ch0:  C_CMD: RDCMD     C_f = 0x080   at time   55969363 ps
inst0 ch0:  C_CMD: RDCMD     C_r = 0x03d   at time   55972261 ps
inst0 ch0:  C_CMD: RDCMD     C_f = 0x082   at time   55972675 ps
inst0 ch0:  R_CMD: ACTCMD    R_r0= 0x02    at time   56364733 ps
inst0 ch0:  R_CMD: ACTCMD    R_f0= 0x10    at time   56365147 ps
inst0 ch0:  R_CMD: ACTCMD    R_r1= 0x3f    at time   56365561 ps
inst0 ch0:  R_CMD: ACTCMD    R_f1= 0x3b    at time   56365975 ps
inst0 ch0:  C_CMD: WRCMD     C_r = 0x009   at time   56375497 ps
inst0 ch0:  C_CMD: WRCMD     C_f = 0x07a   at time   56375911 ps
inst0 ch0:  R_CMD: ACTCMD    R_r0= 0x02    at time   56542753 ps
inst0 ch0:  R_CMD: ACTCMD    R_f0= 0x18    at time   56543167 ps
inst0 ch0:  R_CMD: ACTCMD    R_r1= 0x3f    at time   56543581 ps
inst0 ch0:  R_CMD: ACTCMD    R_f1= 0x3b    at time   56543995 ps
inst0 ch0:  C_CMD: WRCMD     C_r = 0x009   at time   56553517 ps
inst0 ch0:  C_CMD: WRCMD     C_f = 0x0fa   at time   56553931 ps
inst0 ch0:  R_CMD: ACTCMD    R_r0= 0x0a    at time   57177829 ps
inst0 ch0:  R_CMD: ACTCMD    R_f0= 0x10    at time   57178243 ps
inst0 ch0:  R_CMD: ACTCMD    R_r1= 0x3f    at time   57178657 ps
inst0 ch0:  R_CMD: ACTCMD    R_f1= 0x3b    at time   57179071 ps
inst0 ch0:  C_CMD: WRCMD     C_r = 0x019   at time   57188593 ps
inst0 ch0:  C_CMD: WRCMD     C_f = 0x07a   at time   57189007 ps
inst0 ch0:  R_CMD: ACTCMD    R_r0= 0x0a    at time   57191905 ps
inst0 ch0:  R_CMD: ACTCMD    R_f0= 0x18    at time   57192319 ps
inst0 ch0:  R_CMD: ACTCMD    R_r1= 0x3f    at time   57192733 ps
inst0 ch0:  R_CMD: ACTCMD    R_f1= 0x3b    at time   57193147 ps
inst0 ch0:  C_CMD: WRCMD     C_r = 0x019   at time   57202669 ps
inst0 ch0:  C_CMD: WRCMD     C_f = 0x0fa   at time   57203083 ps
inst0 ch0:  R_CMD: ACTCMD    R_r0= 0x02    at time   57303685 ps
inst0 ch0:  R_CMD: ACTCMD    R_f0= 0x30    at time   57304099 ps
inst0 ch0:  R_CMD: ACTCMD    R_r1= 0x3f    at time   57304513 ps
inst0 ch0:  R_CMD: ACTCMD    R_f1= 0x3b    at time   57304927 ps
inst0 ch0:  C_CMD: WRCMD     C_r = 0x089   at time   57314449 ps
inst0 ch0:  C_CMD: WRCMD     C_f = 0x07a   at time   57314863 ps
inst0 ch0:  R_CMD: ACTCMD    R_r0= 0x02    at time   57317761 ps
inst0 ch0:  R_CMD: ACTCMD    R_f0= 0x38    at time   57318175 ps
inst0 ch0:  R_CMD: ACTCMD    R_r1= 0x3f    at time   57318589 ps
inst0 ch0:  R_CMD: ACTCMD    R_f1= 0x3b    at time   57319003 ps
inst0 ch0:  C_CMD: WRCMD     C_r = 0x089   at time   57328525 ps
inst0 ch0:  C_CMD: WRCMD     C_f = 0x0fa   at time   57328939 ps
inst0 ch0:  R_CMD: ACTCMD    R_r0= 0x0a    at time   57434509 ps
inst0 ch0:  R_CMD: ACTCMD    R_f0= 0x30    at time   57434923 ps
inst0 ch0:  R_CMD: ACTCMD    R_r1= 0x3f    at time   57435337 ps
inst0 ch0:  R_CMD: ACTCMD    R_f1= 0x3b    at time   57435751 ps
inst0 ch0:  C_CMD: WRCMD     C_r = 0x099   at time   57445273 ps
inst0 ch0:  C_CMD: WRCMD     C_f = 0x07a   at time   57445687 ps
inst0 ch0:  R_CMD: ACTCMD    R_r0= 0x0a    at time   57446929 ps
inst0 ch0:  R_CMD: ACTCMD    R_f0= 0x38    at time   57447343 ps
inst0 ch0:  R_CMD: ACTCMD    R_r1= 0x3f    at time   57447757 ps
inst0 ch0:  R_CMD: ACTCMD    R_f1= 0x3b    at time   57448171 ps
inst0 ch0:  C_CMD: WRCMD     C_r = 0x099   at time   57457693 ps
inst0 ch0:  C_CMD: WRCMD     C_f = 0x0fa   at time   57458107 ps
inst0 ch0:  R_CMD: ACTCMD    R_r0= 0x16    at time   57809593 ps
inst0 ch0:  R_CMD: ACTCMD    R_f0= 0x00    at time   57810007 ps
inst0 ch0:  R_CMD: ACTCMD    R_r1= 0x00    at time   57810421 ps
inst0 ch0:  R_CMD: ACTCMD    R_f1= 0x02    at time   57810835 ps
inst0 ch0:  C_CMD: RDCMD     C_r = 0x025   at time   57824497 ps
inst0 ch0:  C_CMD: RDCMD     C_f = 0x021   at time   57824911 ps
inst0 ch0:  C_CMD: RDCMD     C_r = 0x02d   at time   57827809 ps
inst0 ch0:  C_CMD: RDCMD     C_f = 0x023   at time   57828223 ps
inst0 ch0:  R_CMD: ACTCMD    R_r0= 0x16    at time   57954493 ps
inst0 ch0:  R_CMD: ACTCMD    R_f0= 0x00    at time   57954907 ps
inst0 ch0:  R_CMD: ACTCMD    R_r1= 0x00    at time   57955321 ps
inst0 ch0:  R_CMD: ACTCMD    R_f1= 0x02    at time   57955735 ps
inst0 ch0:  C_CMD: RDCMD     C_r = 0x025   at time   57969397 ps
inst0 ch0:  C_CMD: RDCMD     C_f = 0x021   at time   57969811 ps
inst0 ch0:  C_CMD: RDCMD     C_r = 0x02d   at time   57972709 ps
inst0 ch0:  C_CMD: RDCMD     C_f = 0x023   at time   57973123 ps
inst0 ch0:  R_CMD: ACTCMD    R_r0= 0x16    at time   58125061 ps
inst0 ch0:  R_CMD: ACTCMD    R_f0= 0x00    at time   58125475 ps
inst0 ch0:  R_CMD: ACTCMD    R_r1= 0x00    at time   58125889 ps
inst0 ch0:  R_CMD: ACTCMD    R_f1= 0x02    at time   58126303 ps
inst0 ch0:  C_CMD: RDCMD     C_r = 0x025   at time   58139965 ps
inst0 ch0:  C_CMD: RDCMD     C_f = 0x021   at time   58140379 ps
inst0 ch0:  C_CMD: RDCMD     C_r = 0x02d   at time   58143277 ps
inst0 ch0:  C_CMD: RDCMD     C_f = 0x023   at time   58143691 ps
inst0 ch0:  R_CMD: ACTCMD    R_r0= 0x16    at time   58274929 ps
inst0 ch0:  R_CMD: ACTCMD    R_f0= 0x00    at time   58275343 ps
inst0 ch0:  R_CMD: ACTCMD    R_r1= 0x00    at time   58275757 ps
inst0 ch0:  R_CMD: ACTCMD    R_f1= 0x02    at time   58276171 ps
inst0 ch0:  C_CMD: RDCMD     C_r = 0x025   at time   58289833 ps
inst0 ch0:  C_CMD: RDCMD     C_f = 0x021   at time   58290247 ps
inst0 ch0:  C_CMD: RDCMD     C_r = 0x02d   at time   58293145 ps
inst0 ch0:  C_CMD: RDCMD     C_f = 0x023   at time   58293559 ps
inst0 ch0:  R_CMD: ACTCMD    R_r0= 0x16    at time   58418173 ps
inst0 ch0:  R_CMD: ACTCMD    R_f0= 0x00    at time   58418587 ps
inst0 ch0:  R_CMD: ACTCMD    R_r1= 0x00    at time   58419001 ps
inst0 ch0:  R_CMD: ACTCMD    R_f1= 0x02    at time   58419415 ps
inst0 ch0:  C_CMD: RDCMD     C_r = 0x025   at time   58433077 ps
inst0 ch0:  C_CMD: RDCMD     C_f = 0x021   at time   58433491 ps
inst0 ch0:  C_CMD: RDCMD     C_r = 0x02d   at time   58436389 ps
inst0 ch0:  C_CMD: RDCMD     C_f = 0x023   at time   58436803 ps
inst0 ch0:  R_CMD: ACTCMD    R_r0= 0x16    at time   58580461 ps
inst0 ch0:  R_CMD: ACTCMD    R_f0= 0x00    at time   58580875 ps
inst0 ch0:  R_CMD: ACTCMD    R_r1= 0x00    at time   58581289 ps
inst0 ch0:  R_CMD: ACTCMD    R_f1= 0x02    at time   58581703 ps
inst0 ch0:  C_CMD: RDCMD     C_r = 0x025   at time   58595365 ps
inst0 ch0:  C_CMD: RDCMD     C_f = 0x021   at time   58595779 ps
inst0 ch0:  C_CMD: RDCMD     C_r = 0x02d   at time   58598677 ps
inst0 ch0:  C_CMD: RDCMD     C_f = 0x023   at time   58599091 ps
inst0 ch0:  R_CMD: ACTCMD    R_r0= 0x16    at time   58770073 ps
inst0 ch0:  R_CMD: ACTCMD    R_f0= 0x00    at time   58770487 ps
inst0 ch0:  R_CMD: ACTCMD    R_r1= 0x00    at time   58770901 ps
inst0 ch0:  R_CMD: ACTCMD    R_f1= 0x02    at time   58771315 ps
inst0 ch0:  C_CMD: RDCMD     C_r = 0x025   at time   58784977 ps
inst0 ch0:  C_CMD: RDCMD     C_f = 0x021   at time   58785391 ps
inst0 ch0:  C_CMD: RDCMD     C_r = 0x02d   at time   58788289 ps
inst0 ch0:  C_CMD: RDCMD     C_f = 0x023   at time   58788703 ps
inst0 ch0:  R_CMD: ACTCMD    R_r0= 0x0a    at time   58869433 ps
inst0 ch0:  R_CMD: ACTCMD    R_f0= 0x1b    at time   58869847 ps
inst0 ch0:  R_CMD: ACTCMD    R_r1= 0x3f    at time   58870261 ps
inst0 ch0:  R_CMD: ACTCMD    R_f1= 0x3b    at time   58870675 ps
inst0 ch0:  C_CMD: WRCMD     C_r = 0x019   at time   58880197 ps
inst0 ch0:  C_CMD: WRCMD     C_f = 0x090   at time   58880611 ps
inst0 ch0:  R_CMD: ACTCMD    R_r0= 0x0a    at time   58901725 ps
inst0 ch0:  R_CMD: ACTCMD    R_f0= 0x13    at time   58902139 ps
inst0 ch0:  R_CMD: ACTCMD    R_r1= 0x3f    at time   58902553 ps
inst0 ch0:  R_CMD: ACTCMD    R_f1= 0x3b    at time   58902967 ps
inst0 ch0:  C_CMD: WRCMD     C_r = 0x019   at time   58912489 ps
inst0 ch0:  C_CMD: WRCMD     C_f = 0x010   at time   58912903 ps
inst0 ch0:  R_CMD: ACTCMD    R_r0= 0x16    at time   59136049 ps
inst0 ch0:  R_CMD: ACTCMD    R_f0= 0x00    at time   59136463 ps
inst0 ch0:  R_CMD: ACTCMD    R_r1= 0x00    at time   59136877 ps
inst0 ch0:  R_CMD: ACTCMD    R_f1= 0x02    at time   59137291 ps
inst0 ch0:  R_CMD: ACTCMD    R_r0= 0x02    at time   59146813 ps
inst0 ch0:  R_CMD: ACTCMD    R_f0= 0x1b    at time   59147227 ps
inst0 ch0:  R_CMD: ACTCMD    R_r1= 0x3f    at time   59147641 ps
inst0 ch0:  R_CMD: ACTCMD    R_f1= 0x3b    at time   59148055 ps
inst0 ch0:  C_CMD: RDCMD     C_r = 0x025   at time   59150953 ps
inst0 ch0:  C_CMD: RDCMD     C_f = 0x021   at time   59151367 ps
inst0 ch0:  C_CMD: RDCMD     C_r = 0x02d   at time   59154265 ps
inst0 ch0:  C_CMD: RDCMD     C_f = 0x023   at time   59154679 ps
inst0 ch0:  C_CMD: WRCMD     C_r = 0x009   at time   59157577 ps
inst0 ch0:  C_CMD: WRCMD     C_f = 0x080   at time   59157991 ps
inst0 ch0:  R_CMD: ACTCMD    R_r0= 0x02    at time   59160061 ps
inst0 ch0:  R_CMD: ACTCMD    R_f0= 0x13    at time   59160475 ps
inst0 ch0:  R_CMD: ACTCMD    R_r1= 0x3f    at time   59160889 ps
inst0 ch0:  R_CMD: ACTCMD    R_f1= 0x3b    at time   59161303 ps
inst0 ch0:  C_CMD: WRCMD     C_r = 0x009   at time   59174965 ps
inst0 ch0:  C_CMD: WRCMD     C_f = 0x000   at time   59175379 ps
inst0 ch0:  R_CMD: ACTCMD    R_r0= 0x02    at time   60656257 ps
inst0 ch0:  R_CMD: ACTCMD    R_f0= 0x00    at time   60656671 ps
inst0 ch0:  R_CMD: ACTCMD    R_r1= 0x00    at time   60657085 ps
inst0 ch0:  R_CMD: ACTCMD    R_f1= 0x00    at time   60657499 ps
inst0 ch0:  C_CMD: RDCMD     C_r = 0x005   at time   60671161 ps
inst0 ch0:  C_CMD: RDCMD     C_f = 0x018   at time   60671575 ps
inst0 ch0:  C_CMD: RDCMD     C_r = 0x005   at time   60674473 ps
inst0 ch0:  C_CMD: RDCMD     C_f = 0x01a   at time   60674887 ps
inst0 ch0:  R_CMD: ACTCMD    R_r0= 0x02    at time   60677785 ps
inst0 ch0:  C_CMD: RDCMD     C_r = 0x005   at time   60677785 ps
inst0 ch0:  R_CMD: ACTCMD    R_f0= 0x08    at time   60678199 ps
inst0 ch0:  C_CMD: RDCMD     C_f = 0x010   at time   60678199 ps
inst0 ch0:  R_CMD: ACTCMD    R_r1= 0x00    at time   60678613 ps
inst0 ch0:  R_CMD: ACTCMD    R_f1= 0x00    at time   60679027 ps
inst0 ch0:  C_CMD: RDCMD     C_r = 0x005   at time   60681097 ps
inst0 ch0:  C_CMD: RDCMD     C_f = 0x012   at time   60681511 ps
inst0 ch0:  C_CMD: RDCMD     C_r = 0x005   at time   60684409 ps
inst0 ch0:  C_CMD: RDCMD     C_f = 0x008   at time   60684823 ps
inst0 ch0:  C_CMD: RDCMD     C_r = 0x005   at time   60687721 ps
inst0 ch0:  C_CMD: RDCMD     C_f = 0x00a   at time   60688135 ps
inst0 ch0:  C_CMD: RDCMD     C_r = 0x005   at time   60691033 ps
inst0 ch0:  C_CMD: RDCMD     C_f = 0x000   at time   60691447 ps
inst0 ch0:  C_CMD: RDCMD     C_r = 0x005   at time   60692689 ps
inst0 ch0:  C_CMD: RDCMD     C_f = 0x098   at time   60693103 ps
inst0 ch0:  C_CMD: RDCMD     C_r = 0x00d   at time   60694345 ps
inst0 ch0:  C_CMD: RDCMD     C_f = 0x002   at time   60694759 ps
inst0 ch0:  C_CMD: RDCMD     C_r = 0x005   at time   60696001 ps
inst0 ch0:  C_CMD: RDCMD     C_f = 0x09a   at time   60696415 ps
inst0 ch0:  C_CMD: RDCMD     C_r = 0x005   at time   60699313 ps
inst0 ch0:  C_CMD: RDCMD     C_f = 0x090   at time   60699727 ps
inst0 ch0:  C_CMD: RDCMD     C_r = 0x005   at time   60702625 ps
inst0 ch0:  C_CMD: RDCMD     C_f = 0x092   at time   60703039 ps
inst0 ch0:  C_CMD: RDCMD     C_r = 0x005   at time   60705937 ps
inst0 ch0:  C_CMD: RDCMD     C_f = 0x088   at time   60706351 ps
inst0 ch0:  C_CMD: RDCMD     C_r = 0x005   at time   60709249 ps
inst0 ch0:  C_CMD: RDCMD     C_f = 0x08a   at time   60709663 ps
inst0 ch0:  C_CMD: RDCMD     C_r = 0x005   at time   60712561 ps
inst0 ch0:  C_CMD: RDCMD     C_f = 0x080   at time   60712975 ps
inst0 ch0:  C_CMD: RDCMD     C_r = 0x00d   at time   60715873 ps
inst0 ch0:  C_CMD: RDCMD     C_f = 0x082   at time   60716287 ps
inst0 ch0:  R_CMD: ACTCMD    R_r0= 0x0a    at time   60831793 ps
inst0 ch0:  R_CMD: ACTCMD    R_f0= 0x00    at time   60832207 ps
inst0 ch0:  R_CMD: ACTCMD    R_r1= 0x00    at time   60832621 ps
inst0 ch0:  R_CMD: ACTCMD    R_f1= 0x00    at time   60833035 ps
inst0 ch0:  C_CMD: RDCMD     C_r = 0x015   at time   60846697 ps
inst0 ch0:  C_CMD: RDCMD     C_f = 0x018   at time   60847111 ps
inst0 ch0:  C_CMD: RDCMD     C_r = 0x015   at time   60850009 ps
inst0 ch0:  C_CMD: RDCMD     C_f = 0x01a   at time   60850423 ps
inst0 ch0:  R_CMD: ACTCMD    R_r0= 0x0a    at time   60852493 ps
inst0 ch0:  R_CMD: ACTCMD    R_f0= 0x08    at time   60852907 ps
inst0 ch0:  R_CMD: ACTCMD    R_r1= 0x00    at time   60853321 ps
inst0 ch0:  C_CMD: RDCMD     C_r = 0x015   at time   60853321 ps
inst0 ch0:  R_CMD: ACTCMD    R_f1= 0x00    at time   60853735 ps
inst0 ch0:  C_CMD: RDCMD     C_f = 0x010   at time   60853735 ps
inst0 ch0:  C_CMD: RDCMD     C_r = 0x015   at time   60856633 ps
inst0 ch0:  C_CMD: RDCMD     C_f = 0x012   at time   60857047 ps
inst0 ch0:  C_CMD: RDCMD     C_r = 0x015   at time   60859945 ps
inst0 ch0:  C_CMD: RDCMD     C_f = 0x008   at time   60860359 ps
inst0 ch0:  C_CMD: RDCMD     C_r = 0x015   at time   60863257 ps
inst0 ch0:  C_CMD: RDCMD     C_f = 0x00a   at time   60863671 ps
inst0 ch0:  C_CMD: RDCMD     C_r = 0x015   at time   60866569 ps
inst0 ch0:  C_CMD: RDCMD     C_f = 0x000   at time   60866983 ps
inst0 ch0:  C_CMD: RDCMD     C_r = 0x015   at time   60867397 ps
inst0 ch0:  C_CMD: RDCMD     C_f = 0x098   at time   60867811 ps
inst0 ch0:  C_CMD: RDCMD     C_r = 0x01d   at time   60869881 ps
inst0 ch0:  C_CMD: RDCMD     C_f = 0x002   at time   60870295 ps
inst0 ch0:  C_CMD: RDCMD     C_r = 0x015   at time   60870709 ps
inst0 ch0:  C_CMD: RDCMD     C_f = 0x09a   at time   60871123 ps
inst0 ch0:  C_CMD: RDCMD     C_r = 0x015   at time   60874021 ps
inst0 ch0:  C_CMD: RDCMD     C_f = 0x090   at time   60874435 ps
inst0 ch0:  C_CMD: RDCMD     C_r = 0x015   at time   60877333 ps
inst0 ch0:  C_CMD: RDCMD     C_f = 0x092   at time   60877747 ps
inst0 ch0:  C_CMD: RDCMD     C_r = 0x015   at time   60880645 ps
inst0 ch0:  C_CMD: RDCMD     C_f = 0x088   at time   60881059 ps
inst0 ch0:  C_CMD: RDCMD     C_r = 0x015   at time   60883957 ps
inst0 ch0:  C_CMD: RDCMD     C_f = 0x08a   at time   60884371 ps
inst0 ch0:  C_CMD: RDCMD     C_r = 0x015   at time   60887269 ps
inst0 ch0:  C_CMD: RDCMD     C_f = 0x080   at time   60887683 ps
inst0 ch0:  C_CMD: RDCMD     C_r = 0x01d   at time   60890581 ps
inst0 ch0:  C_CMD: RDCMD     C_f = 0x082   at time   60890995 ps
inst0 ch0:  R_CMD: ACTCMD    R_r0= 0x0a    at time   61233373 ps
inst0 ch0:  R_CMD: ACTCMD    R_f0= 0x08    at time   61233787 ps
inst0 ch0:  R_CMD: ACTCMD    R_r1= 0x00    at time   61234201 ps
inst0 ch0:  R_CMD: ACTCMD    R_f1= 0x00    at time   61234615 ps
inst0 ch0:  R_CMD: ACTCMD    R_r0= 0x0a    at time   61243309 ps
inst0 ch0:  R_CMD: ACTCMD    R_f0= 0x00    at time   61243723 ps
inst0 ch0:  R_CMD: ACTCMD    R_r1= 0x00    at time   61244137 ps
inst0 ch0:  C_CMD: WRCMD     C_r = 0x011   at time   61244137 ps
inst0 ch0:  R_CMD: ACTCMD    R_f1= 0x00    at time   61244551 ps
inst0 ch0:  C_CMD: WRCMD     C_f = 0x0b8   at time   61244551 ps
inst0 ch0:  C_CMD: WRCMD     C_r = 0x011   at time   61247449 ps
inst0 ch0:  C_CMD: WRCMD     C_f = 0x0ba   at time   61247863 ps
inst0 ch0:  C_CMD: WRCMD     C_r = 0x011   at time   61250761 ps
inst0 ch0:  C_CMD: WRCMD     C_f = 0x0b0   at time   61251175 ps
inst0 ch0:  C_CMD: WRCMD     C_r = 0x011   at time   61254073 ps
inst0 ch0:  C_CMD: WRCMD     C_f = 0x0b2   at time   61254487 ps
inst0 ch0:  C_CMD: WRCMD     C_r = 0x011   at time   61254901 ps
inst0 ch0:  C_CMD: WRCMD     C_f = 0x038   at time   61255315 ps
inst0 ch0:  C_CMD: WRCMD     C_r = 0x011   at time   61257385 ps
inst0 ch0:  C_CMD: WRCMD     C_f = 0x0a8   at time   61257799 ps
inst0 ch0:  C_CMD: WRCMD     C_r = 0x011   at time   61258213 ps
inst0 ch0:  C_CMD: WRCMD     C_f = 0x03a   at time   61258627 ps
inst0 ch0:  C_CMD: WRCMD     C_r = 0x011   at time   61260697 ps
inst0 ch0:  C_CMD: WRCMD     C_f = 0x0aa   at time   61261111 ps
inst0 ch0:  C_CMD: WRCMD     C_r = 0x011   at time   61261525 ps
inst0 ch0:  C_CMD: WRCMD     C_f = 0x030   at time   61261939 ps
inst0 ch0:  C_CMD: WRCMD     C_r = 0x011   at time   61264009 ps
inst0 ch0:  C_CMD: WRCMD     C_f = 0x0a0   at time   61264423 ps
inst0 ch0:  C_CMD: WRCMD     C_r = 0x011   at time   61264837 ps
inst0 ch0:  C_CMD: WRCMD     C_f = 0x032   at time   61265251 ps
inst0 ch0:  C_CMD: WRCMD     C_r = 0x019   at time   61267321 ps
inst0 ch0:  C_CMD: WRCMD     C_f = 0x0a2   at time   61267735 ps
inst0 ch0:  C_CMD: WRCMD     C_r = 0x011   at time   61268149 ps
inst0 ch0:  C_CMD: WRCMD     C_f = 0x028   at time   61268563 ps
inst0 ch0:  C_CMD: WRCMD     C_r = 0x011   at time   61271461 ps
inst0 ch0:  C_CMD: WRCMD     C_f = 0x02a   at time   61271875 ps
inst0 ch0:  C_CMD: WRCMD     C_r = 0x011   at time   61274773 ps
inst0 ch0:  C_CMD: WRCMD     C_f = 0x020   at time   61275187 ps
inst0 ch0:  C_CMD: WRCMD     C_r = 0x019   at time   61278085 ps
inst0 ch0:  C_CMD: WRCMD     C_f = 0x022   at time   61278499 ps
inst0 ch0:  R_CMD: ACTCMD    R_r0= 0x1e    at time   61861825 ps
inst0 ch0:  R_CMD: ACTCMD    R_f0= 0x00    at time   61862239 ps
inst0 ch0:  R_CMD: ACTCMD    R_r1= 0x00    at time   61862653 ps
inst0 ch0:  R_CMD: ACTCMD    R_f1= 0x02    at time   61863067 ps
inst0 ch0:  C_CMD: RDCMD     C_r = 0x035   at time   61876729 ps
inst0 ch0:  C_CMD: RDCMD     C_f = 0x021   at time   61877143 ps
inst0 ch0:  C_CMD: RDCMD     C_r = 0x03d   at time   61880041 ps
inst0 ch0:  C_CMD: RDCMD     C_f = 0x023   at time   61880455 ps
inst0 ch0:  R_CMD: ACTCMD    R_r0= 0x02    at time   62099461 ps
inst0 ch0:  R_CMD: ACTCMD    R_f0= 0x13    at time   62099875 ps
inst0 ch0:  R_CMD: ACTCMD    R_r1= 0x3f    at time   62100289 ps
inst0 ch0:  R_CMD: ACTCMD    R_f1= 0x3b    at time   62100703 ps
inst0 ch0:  C_CMD: WRCMD     C_r = 0x009   at time   62110225 ps
inst0 ch0:  C_CMD: WRCMD     C_f = 0x000   at time   62110639 ps
inst0 ch0:  R_CMD: ACTCMD    R_r0= 0x1e    at time   62137549 ps
inst0 ch0:  R_CMD: ACTCMD    R_f0= 0x00    at time   62137963 ps
inst0 ch0:  R_CMD: ACTCMD    R_r1= 0x00    at time   62138377 ps
inst0 ch0:  R_CMD: ACTCMD    R_f1= 0x02    at time   62138791 ps
inst0 ch0:  C_CMD: RDCMD     C_r = 0x035   at time   62152453 ps
inst0 ch0:  C_CMD: RDCMD     C_f = 0x021   at time   62152867 ps
inst0 ch0:  C_CMD: RDCMD     C_r = 0x03d   at time   62155765 ps
inst0 ch0:  C_CMD: RDCMD     C_f = 0x023   at time   62156179 ps
inst0 ch0:  R_CMD: ACTCMD    R_r0= 0x1e    at time   62284105 ps
inst0 ch0:  R_CMD: ACTCMD    R_f0= 0x00    at time   62284519 ps
inst0 ch0:  R_CMD: ACTCMD    R_r1= 0x00    at time   62284933 ps
inst0 ch0:  R_CMD: ACTCMD    R_f1= 0x02    at time   62285347 ps
inst0 ch0:  C_CMD: RDCMD     C_r = 0x035   at time   62299009 ps
inst0 ch0:  C_CMD: RDCMD     C_f = 0x021   at time   62299423 ps
inst0 ch0:  C_CMD: RDCMD     C_r = 0x03d   at time   62302321 ps
inst0 ch0:  C_CMD: RDCMD     C_f = 0x023   at time   62302735 ps
inst0 ch0:  R_CMD: ACTCMD    R_r0= 0x02    at time   62368561 ps
inst0 ch0:  R_CMD: ACTCMD    R_f0= 0x1b    at time   62368975 ps
inst0 ch0:  R_CMD: ACTCMD    R_r1= 0x3f    at time   62369389 ps
inst0 ch0:  R_CMD: ACTCMD    R_f1= 0x3b    at time   62369803 ps
inst0 ch0:  C_CMD: WRCMD     C_r = 0x009   at time   62379325 ps
inst0 ch0:  C_CMD: WRCMD     C_f = 0x080   at time   62379739 ps
inst0 ch0:  R_CMD: ACTCMD    R_r0= 0x1e    at time   62429833 ps
inst0 ch0:  R_CMD: ACTCMD    R_f0= 0x00    at time   62430247 ps
inst0 ch0:  R_CMD: ACTCMD    R_r1= 0x00    at time   62430661 ps
inst0 ch0:  R_CMD: ACTCMD    R_f1= 0x02    at time   62431075 ps
inst0 ch0:  C_CMD: RDCMD     C_r = 0x035   at time   62444737 ps
inst0 ch0:  C_CMD: RDCMD     C_f = 0x021   at time   62445151 ps
inst0 ch0:  C_CMD: RDCMD     C_r = 0x03d   at time   62448049 ps
inst0 ch0:  C_CMD: RDCMD     C_f = 0x023   at time   62448463 ps
inst0 ch0:  R_CMD: ACTCMD    R_r0= 0x1e    at time   62633521 ps
inst0 ch0:  R_CMD: ACTCMD    R_f0= 0x00    at time   62633935 ps
inst0 ch0:  R_CMD: ACTCMD    R_r1= 0x00    at time   62634349 ps
inst0 ch0:  R_CMD: ACTCMD    R_f1= 0x02    at time   62634763 ps
inst0 ch0:  C_CMD: RDCMD     C_r = 0x035   at time   62648425 ps
inst0 ch0:  C_CMD: RDCMD     C_f = 0x021   at time   62648839 ps
inst0 ch0:  C_CMD: RDCMD     C_r = 0x03d   at time   62651737 ps
inst0 ch0:  C_CMD: RDCMD     C_f = 0x023   at time   62652151 ps
inst0 ch0:  R_CMD: ACTCMD    R_r0= 0x0a    at time   62707213 ps
inst0 ch0:  R_CMD: ACTCMD    R_f0= 0x11    at time   62707627 ps
inst0 ch0:  R_CMD: ACTCMD    R_r1= 0x3f    at time   62708041 ps
inst0 ch0:  R_CMD: ACTCMD    R_f1= 0x3b    at time   62708455 ps
inst0 ch0:  R_CMD: ACTCMD    R_r0= 0x02    at time   62711353 ps
inst0 ch0:  R_CMD: ACTCMD    R_f0= 0x11    at time   62711767 ps
inst0 ch0:  R_CMD: ACTCMD    R_r1= 0x3f    at time   62712181 ps
inst0 ch0:  R_CMD: ACTCMD    R_f1= 0x3b    at time   62712595 ps
inst0 ch0:  C_CMD: WRCMD     C_r = 0x019   at time   62717977 ps
inst0 ch0:  C_CMD: WRCMD     C_f = 0x07a   at time   62718391 ps
inst0 ch0:  C_CMD: WRCMD     C_r = 0x009   at time   62722117 ps
inst0 ch0:  C_CMD: WRCMD     C_f = 0x07a   at time   62722531 ps
inst0 ch0:  R_CMD: ACTCMD    R_r0= 0x1e    at time   62792497 ps
inst0 ch0:  R_CMD: ACTCMD    R_f0= 0x00    at time   62792911 ps
inst0 ch0:  R_CMD: ACTCMD    R_r1= 0x00    at time   62793325 ps
inst0 ch0:  R_CMD: ACTCMD    R_f1= 0x02    at time   62793739 ps
inst0 ch0:  C_CMD: RDCMD     C_r = 0x035   at time   62807401 ps
inst0 ch0:  C_CMD: RDCMD     C_f = 0x021   at time   62807815 ps
inst0 ch0:  C_CMD: RDCMD     C_r = 0x03d   at time   62810713 ps
inst0 ch0:  C_CMD: RDCMD     C_f = 0x023   at time   62811127 ps
inst0 ch0:  R_CMD: ACTCMD    R_r0= 0x0a    at time   62831413 ps
inst0 ch0:  R_CMD: ACTCMD    R_f0= 0x02    at time   62831827 ps
inst0 ch0:  R_CMD: ACTCMD    R_r1= 0x00    at time   62832241 ps
inst0 ch0:  R_CMD: ACTCMD    R_f1= 0x00    at time   62832655 ps
inst0 ch0:  R_CMD: ACTCMD    R_r0= 0x02    at time   62835553 ps
inst0 ch0:  R_CMD: ACTCMD    R_f0= 0x02    at time   62835967 ps
inst0 ch0:  R_CMD: ACTCMD    R_r1= 0x00    at time   62836381 ps
inst0 ch0:  R_CMD: ACTCMD    R_f1= 0x00    at time   62836795 ps
inst0 ch0:  C_CMD: RDCMD     C_r = 0x015   at time   62846317 ps
inst0 ch0:  C_CMD: RDCMD     C_f = 0x000   at time   62846731 ps
inst0 ch0:  C_CMD: RDCMD     C_r = 0x01d   at time   62849629 ps
inst0 ch0:  C_CMD: RDCMD     C_f = 0x002   at time   62850043 ps
inst0 ch0:  C_CMD: RDCMD     C_r = 0x005   at time   62852941 ps
inst0 ch0:  C_CMD: RDCMD     C_f = 0x000   at time   62853355 ps
inst0 ch0:  C_CMD: RDCMD     C_r = 0x00d   at time   62856253 ps
inst0 ch0:  C_CMD: RDCMD     C_f = 0x002   at time   62856667 ps
inst0 ch0:  R_CMD: ACTCMD    R_r0= 0x0a    at time   63026821 ps
inst0 ch0:  R_CMD: ACTCMD    R_f0= 0x19    at time   63027235 ps
inst0 ch0:  R_CMD: ACTCMD    R_r1= 0x3f    at time   63027649 ps
inst0 ch0:  R_CMD: ACTCMD    R_f1= 0x3b    at time   63028063 ps
inst0 ch0:  R_CMD: ACTCMD    R_r0= 0x02    at time   63031789 ps
inst0 ch0:  R_CMD: ACTCMD    R_f0= 0x19    at time   63032203 ps
inst0 ch0:  R_CMD: ACTCMD    R_r1= 0x3f    at time   63032617 ps
inst0 ch0:  R_CMD: ACTCMD    R_f1= 0x3b    at time   63033031 ps
inst0 ch0:  C_CMD: WRCMD     C_r = 0x019   at time   63037585 ps
inst0 ch0:  C_CMD: WRCMD     C_f = 0x0fa   at time   63037999 ps
inst0 ch0:  C_CMD: WRCMD     C_r = 0x009   at time   63042553 ps
inst0 ch0:  C_CMD: WRCMD     C_f = 0x0fa   at time   63042967 ps
inst0 ch0:  R_CMD: ACTCMD    R_r0= 0x1e    at time   63062425 ps
inst0 ch0:  R_CMD: ACTCMD    R_f0= 0x00    at time   63062839 ps
inst0 ch0:  R_CMD: ACTCMD    R_r1= 0x00    at time   63063253 ps
inst0 ch0:  R_CMD: ACTCMD    R_f1= 0x02    at time   63063667 ps
inst0 ch0:  C_CMD: RDCMD     C_r = 0x035   at time   63077329 ps
inst0 ch0:  C_CMD: RDCMD     C_f = 0x021   at time   63077743 ps
inst0 ch0:  C_CMD: RDCMD     C_r = 0x03d   at time   63080641 ps
inst0 ch0:  C_CMD: RDCMD     C_f = 0x023   at time   63081055 ps
inst0 ch0:  R_CMD: ACTCMD    R_r0= 0x0a    at time   63270253 ps
inst0 ch0:  R_CMD: ACTCMD    R_f0= 0x0a    at time   63270667 ps
inst0 ch0:  R_CMD: ACTCMD    R_r1= 0x00    at time   63271081 ps
inst0 ch0:  R_CMD: ACTCMD    R_f1= 0x00    at time   63271495 ps
inst0 ch0:  R_CMD: ACTCMD    R_r0= 0x02    at time   63274393 ps
inst0 ch0:  R_CMD: ACTCMD    R_f0= 0x0a    at time   63274807 ps
inst0 ch0:  R_CMD: ACTCMD    R_r1= 0x00    at time   63275221 ps
inst0 ch0:  R_CMD: ACTCMD    R_f1= 0x00    at time   63275635 ps
inst0 ch0:  C_CMD: RDCMD     C_r = 0x015   at time   63285157 ps
inst0 ch0:  C_CMD: RDCMD     C_f = 0x080   at time   63285571 ps
inst0 ch0:  C_CMD: RDCMD     C_r = 0x01d   at time   63288469 ps
inst0 ch0:  C_CMD: RDCMD     C_f = 0x082   at time   63288883 ps
inst0 ch0:  C_CMD: RDCMD     C_r = 0x005   at time   63291781 ps
inst0 ch0:  C_CMD: RDCMD     C_f = 0x080   at time   63292195 ps
inst0 ch0:  C_CMD: RDCMD     C_r = 0x00d   at time   63295093 ps
inst0 ch0:  C_CMD: RDCMD     C_f = 0x082   at time   63295507 ps
