inst0 ch0:  R_CMD: ACTCMD    R_r0= 0x0e    at time   33400981 ps
inst0 ch0:  R_CMD: ACTCMD    R_f0= 0x28    at time   33401395 ps
inst0 ch0:  R_CMD: ACTCMD    R_r1= 0x00    at time   33401809 ps
inst0 ch0:  R_CMD: ACTCMD    R_f1= 0x02    at time   33402223 ps
inst0 ch0:  R_CMD: ACTCMD    R_r0= 0x0e    at time   33404293 ps
inst0 ch0:  R_CMD: ACTCMD    R_f0= 0x20    at time   33404707 ps
inst0 ch0:  R_CMD: ACTCMD    R_r1= 0x00    at time   33405121 ps
inst0 ch0:  R_CMD: ACTCMD    R_f1= 0x02    at time   33405535 ps
inst0 ch0:  C_CMD: RDCMD     C_r = 0x095   at time   33415885 ps
inst0 ch0:  C_CMD: RDCMD     C_f = 0x0a9   at time   33416299 ps
inst0 ch0:  C_CMD: RDCMD     C_r = 0x095   at time   33419197 ps
inst0 ch0:  C_CMD: RDCMD     C_f = 0x0ab   at time   33419611 ps
inst0 ch0:  C_CMD: RDCMD     C_r = 0x095   at time   33420025 ps
inst0 ch0:  C_CMD: RDCMD     C_f = 0x029   at time   33420439 ps
inst0 ch0:  C_CMD: RDCMD     C_r = 0x095   at time   33422509 ps
inst0 ch0:  C_CMD: RDCMD     C_f = 0x0a1   at time   33422923 ps
inst0 ch0:  C_CMD: RDCMD     C_r = 0x095   at time   33423337 ps
inst0 ch0:  C_CMD: RDCMD     C_f = 0x02b   at time   33423751 ps
inst0 ch0:  C_CMD: RDCMD     C_r = 0x09d   at time   33425821 ps
inst0 ch0:  C_CMD: RDCMD     C_f = 0x0a3   at time   33426235 ps
inst0 ch0:  C_CMD: RDCMD     C_r = 0x095   at time   33426649 ps
inst0 ch0:  C_CMD: RDCMD     C_f = 0x021   at time   33427063 ps
inst0 ch0:  C_CMD: RDCMD     C_r = 0x09d   at time   33429961 ps
inst0 ch0:  C_CMD: RDCMD     C_f = 0x023   at time   33430375 ps
inst0 ch0:  R_CMD: ACTCMD    R_r0= 0x0e    at time   33663457 ps
inst0 ch0:  R_CMD: ACTCMD    R_f0= 0x28    at time   33663871 ps
inst0 ch0:  R_CMD: ACTCMD    R_r1= 0x00    at time   33664285 ps
inst0 ch0:  R_CMD: ACTCMD    R_f1= 0x02    at time   33664699 ps
inst0 ch0:  R_CMD: ACTCMD    R_r0= 0x0e    at time   33665113 ps
inst0 ch0:  R_CMD: ACTCMD    R_f0= 0x20    at time   33665527 ps
inst0 ch0:  R_CMD: ACTCMD    R_r1= 0x00    at time   33665941 ps
inst0 ch0:  R_CMD: ACTCMD    R_f1= 0x02    at time   33666355 ps
inst0 ch0:  C_CMD: WRCMD     C_r = 0x091   at time   33674221 ps
inst0 ch0:  C_CMD: WRCMD     C_f = 0x0a9   at time   33674635 ps
inst0 ch0:  C_CMD: WRCMD     C_r = 0x091   at time   33675877 ps
inst0 ch0:  C_CMD: WRCMD     C_f = 0x029   at time   33676291 ps
inst0 ch0:  C_CMD: WRCMD     C_r = 0x091   at time   33677533 ps
inst0 ch0:  C_CMD: WRCMD     C_f = 0x0ab   at time   33677947 ps
inst0 ch0:  C_CMD: WRCMD     C_r = 0x091   at time   33679189 ps
inst0 ch0:  C_CMD: WRCMD     C_f = 0x02b   at time   33679603 ps
inst0 ch0:  C_CMD: WRCMD     C_r = 0x091   at time   33680845 ps
inst0 ch0:  C_CMD: WRCMD     C_f = 0x0a1   at time   33681259 ps
inst0 ch0:  C_CMD: WRCMD     C_r = 0x091   at time   33682501 ps
inst0 ch0:  C_CMD: WRCMD     C_f = 0x021   at time   33682915 ps
inst0 ch0:  C_CMD: WRCMD     C_r = 0x099   at time   33684157 ps
inst0 ch0:  C_CMD: WRCMD     C_f = 0x0a3   at time   33684571 ps
inst0 ch0:  C_CMD: WRCMD     C_r = 0x099   at time   33685813 ps
inst0 ch0:  C_CMD: WRCMD     C_f = 0x023   at time   33686227 ps
inst0 ch0:  R_CMD: ACTCMD    R_r0= 0x2e    at time   37782757 ps
inst0 ch0:  R_CMD: ACTCMD    R_f0= 0x28    at time   37783171 ps
inst0 ch0:  R_CMD: ACTCMD    R_r1= 0x00    at time   37783585 ps
inst0 ch0:  R_CMD: ACTCMD    R_f1= 0x02    at time   37783999 ps
inst0 ch0:  R_CMD: ACTCMD    R_r0= 0x2e    at time   37785241 ps
inst0 ch0:  R_CMD: ACTCMD    R_f0= 0x20    at time   37785655 ps
inst0 ch0:  R_CMD: ACTCMD    R_r1= 0x00    at time   37786069 ps
inst0 ch0:  R_CMD: ACTCMD    R_f1= 0x02    at time   37786483 ps
inst0 ch0:  C_CMD: RDCMD     C_r = 0x0d5   at time   37797661 ps
inst0 ch0:  C_CMD: RDCMD     C_f = 0x0a9   at time   37798075 ps
inst0 ch0:  C_CMD: RDCMD     C_r = 0x0d5   at time   37800145 ps
inst0 ch0:  C_CMD: RDCMD     C_f = 0x029   at time   37800559 ps
inst0 ch0:  C_CMD: RDCMD     C_r = 0x0d5   at time   37800973 ps
inst0 ch0:  C_CMD: RDCMD     C_f = 0x0ab   at time   37801387 ps
inst0 ch0:  C_CMD: RDCMD     C_r = 0x0d5   at time   37803457 ps
inst0 ch0:  C_CMD: RDCMD     C_f = 0x02b   at time   37803871 ps
inst0 ch0:  C_CMD: RDCMD     C_r = 0x0d5   at time   37804285 ps
inst0 ch0:  C_CMD: RDCMD     C_f = 0x0a1   at time   37804699 ps
inst0 ch0:  C_CMD: RDCMD     C_r = 0x0d5   at time   37806769 ps
inst0 ch0:  C_CMD: RDCMD     C_f = 0x021   at time   37807183 ps
inst0 ch0:  C_CMD: RDCMD     C_r = 0x0dd   at time   37807597 ps
inst0 ch0:  C_CMD: RDCMD     C_f = 0x0a3   at time   37808011 ps
inst0 ch0:  C_CMD: RDCMD     C_r = 0x0dd   at time   37810081 ps
inst0 ch0:  C_CMD: RDCMD     C_f = 0x023   at time   37810495 ps
inst0 ch0:  R_CMD: ACTCMD    R_r0= 0x2e    at time   37861417 ps
inst0 ch0:  R_CMD: ACTCMD    R_f0= 0x28    at time   37861831 ps
inst0 ch0:  R_CMD: ACTCMD    R_r1= 0x00    at time   37862245 ps
inst0 ch0:  R_CMD: ACTCMD    R_f1= 0x02    at time   37862659 ps
inst0 ch0:  R_CMD: ACTCMD    R_r0= 0x2e    at time   37864729 ps
inst0 ch0:  R_CMD: ACTCMD    R_f0= 0x20    at time   37865143 ps
inst0 ch0:  R_CMD: ACTCMD    R_r1= 0x00    at time   37865557 ps
inst0 ch0:  R_CMD: ACTCMD    R_f1= 0x02    at time   37865971 ps
inst0 ch0:  C_CMD: WRCMD     C_r = 0x0d1   at time   37872181 ps
inst0 ch0:  C_CMD: WRCMD     C_f = 0x0a9   at time   37872595 ps
inst0 ch0:  C_CMD: WRCMD     C_r = 0x0d1   at time   37875493 ps
inst0 ch0:  C_CMD: WRCMD     C_f = 0x0ab   at time   37875907 ps
inst0 ch0:  C_CMD: WRCMD     C_r = 0x0d1   at time   37876321 ps
inst0 ch0:  C_CMD: WRCMD     C_f = 0x029   at time   37876735 ps
inst0 ch0:  C_CMD: WRCMD     C_r = 0x0d1   at time   37878805 ps
inst0 ch0:  C_CMD: WRCMD     C_f = 0x0a1   at time   37879219 ps
inst0 ch0:  C_CMD: WRCMD     C_r = 0x0d1   at time   37879633 ps
inst0 ch0:  C_CMD: WRCMD     C_f = 0x02b   at time   37880047 ps
inst0 ch0:  C_CMD: WRCMD     C_r = 0x0d9   at time   37882117 ps
inst0 ch0:  C_CMD: WRCMD     C_f = 0x0a3   at time   37882531 ps
inst0 ch0:  C_CMD: WRCMD     C_r = 0x0d1   at time   37882945 ps
inst0 ch0:  C_CMD: WRCMD     C_f = 0x021   at time   37883359 ps
inst0 ch0:  C_CMD: WRCMD     C_r = 0x0d9   at time   37886257 ps
inst0 ch0:  C_CMD: WRCMD     C_f = 0x023   at time   37886671 ps
inst0 ch0:  R_CMD: ACTCMD    R_r0= 0x22    at time   54544789 ps
inst0 ch0:  R_CMD: ACTCMD    R_f0= 0x22    at time   54545203 ps
inst0 ch0:  R_CMD: ACTCMD    R_r1= 0x00    at time   54545617 ps
inst0 ch0:  R_CMD: ACTCMD    R_f1= 0x00    at time   54546031 ps
inst0 ch0:  R_CMD: ACTCMD    R_r0= 0x22    at time   54546445 ps
inst0 ch0:  R_CMD: ACTCMD    R_f0= 0x2a    at time   54546859 ps
inst0 ch0:  R_CMD: ACTCMD    R_r1= 0x00    at time   54547273 ps
inst0 ch0:  R_CMD: ACTCMD    R_f1= 0x00    at time   54547687 ps
inst0 ch0:  R_CMD: ACTCMD    R_r0= 0x02    at time   54548929 ps
inst0 ch0:  R_CMD: ACTCMD    R_f0= 0x22    at time   54549343 ps
inst0 ch0:  R_CMD: ACTCMD    R_r1= 0x00    at time   54549757 ps
inst0 ch0:  R_CMD: ACTCMD    R_f1= 0x00    at time   54550171 ps
inst0 ch0:  R_CMD: ACTCMD    R_r0= 0x02    at time   54550585 ps
inst0 ch0:  R_CMD: ACTCMD    R_f0= 0x2a    at time   54550999 ps
inst0 ch0:  R_CMD: ACTCMD    R_r1= 0x00    at time   54551413 ps
inst0 ch0:  R_CMD: ACTCMD    R_f1= 0x00    at time   54551827 ps
inst0 ch0:  R_CMD: ACTCMD    R_r0= 0x22    at time   54553069 ps
inst0 ch0:  R_CMD: ACTCMD    R_f0= 0x02    at time   54553483 ps
inst0 ch0:  R_CMD: ACTCMD    R_r1= 0x00    at time   54553897 ps
inst0 ch0:  R_CMD: ACTCMD    R_f1= 0x00    at time   54554311 ps
inst0 ch0:  R_CMD: ACTCMD    R_r0= 0x22    at time   54554725 ps
inst0 ch0:  R_CMD: ACTCMD    R_f0= 0x0a    at time   54555139 ps
inst0 ch0:  R_CMD: ACTCMD    R_r1= 0x00    at time   54555553 ps
inst0 ch0:  R_CMD: ACTCMD    R_f1= 0x00    at time   54555967 ps
inst0 ch0:  R_CMD: ACTCMD    R_r0= 0x02    at time   54557209 ps
inst0 ch0:  R_CMD: ACTCMD    R_f0= 0x02    at time   54557623 ps
inst0 ch0:  R_CMD: ACTCMD    R_r1= 0x00    at time   54558037 ps
inst0 ch0:  R_CMD: ACTCMD    R_f1= 0x00    at time   54558451 ps
inst0 ch0:  R_CMD: ACTCMD    R_r0= 0x02    at time   54558865 ps
inst0 ch0:  R_CMD: ACTCMD    R_f0= 0x0a    at time   54559279 ps
inst0 ch0:  R_CMD: ACTCMD    R_r1= 0x00    at time   54559693 ps
inst0 ch0:  C_CMD: RDCMD     C_r = 0x0c5   at time   54559693 ps
inst0 ch0:  R_CMD: ACTCMD    R_f1= 0x00    at time   54560107 ps
inst0 ch0:  C_CMD: RDCMD     C_f = 0x000   at time   54560107 ps
inst0 ch0:  C_CMD: RDCMD     C_r = 0x0c5   at time   54561349 ps
inst0 ch0:  C_CMD: RDCMD     C_f = 0x080   at time   54561763 ps
inst0 ch0:  C_CMD: RDCMD     C_r = 0x0cd   at time   54563005 ps
inst0 ch0:  C_CMD: RDCMD     C_f = 0x002   at time   54563419 ps
inst0 ch0:  C_CMD: RDCMD     C_r = 0x085   at time   54564661 ps
inst0 ch0:  C_CMD: RDCMD     C_f = 0x000   at time   54565075 ps
inst0 ch0:  C_CMD: RDCMD     C_r = 0x0cd   at time   54565489 ps
inst0 ch0:  C_CMD: RDCMD     C_f = 0x082   at time   54565903 ps
inst0 ch0:  C_CMD: RDCMD     C_r = 0x085   at time   54567145 ps
inst0 ch0:  C_CMD: RDCMD     C_f = 0x080   at time   54567559 ps
inst0 ch0:  C_CMD: RDCMD     C_r = 0x08d   at time   54567973 ps
inst0 ch0:  C_CMD: RDCMD     C_f = 0x002   at time   54568387 ps
inst0 ch0:  C_CMD: RDCMD     C_r = 0x045   at time   54569629 ps
inst0 ch0:  C_CMD: RDCMD     C_f = 0x000   at time   54570043 ps
inst0 ch0:  C_CMD: RDCMD     C_r = 0x08d   at time   54570457 ps
inst0 ch0:  C_CMD: RDCMD     C_f = 0x082   at time   54570871 ps
inst0 ch0:  C_CMD: RDCMD     C_r = 0x005   at time   54572113 ps
inst0 ch0:  C_CMD: RDCMD     C_f = 0x000   at time   54572527 ps
inst0 ch0:  C_CMD: RDCMD     C_r = 0x045   at time   54572941 ps
inst0 ch0:  C_CMD: RDCMD     C_f = 0x080   at time   54573355 ps
inst0 ch0:  C_CMD: RDCMD     C_r = 0x04d   at time   54573769 ps
inst0 ch0:  C_CMD: RDCMD     C_f = 0x002   at time   54574183 ps
inst0 ch0:  C_CMD: RDCMD     C_r = 0x005   at time   54574597 ps
inst0 ch0:  C_CMD: RDCMD     C_f = 0x080   at time   54575011 ps
inst0 ch0:  C_CMD: RDCMD     C_r = 0x00d   at time   54575425 ps
inst0 ch0:  C_CMD: RDCMD     C_f = 0x002   at time   54575839 ps
inst0 ch0:  C_CMD: RDCMD     C_r = 0x04d   at time   54576253 ps
inst0 ch0:  C_CMD: RDCMD     C_f = 0x082   at time   54576667 ps
inst0 ch0:  C_CMD: RDCMD     C_r = 0x00d   at time   54577909 ps
inst0 ch0:  C_CMD: RDCMD     C_f = 0x082   at time   54578323 ps
inst0 ch0:  R_CMD: ACTCMD    R_r0= 0x2a    at time   55132669 ps
inst0 ch0:  R_CMD: ACTCMD    R_f0= 0x2a    at time   55133083 ps
inst0 ch0:  R_CMD: ACTCMD    R_r1= 0x00    at time   55133497 ps
inst0 ch0:  R_CMD: ACTCMD    R_f1= 0x00    at time   55133911 ps
inst0 ch0:  R_CMD: ACTCMD    R_r0= 0x0a    at time   55136809 ps
inst0 ch0:  R_CMD: ACTCMD    R_f0= 0x2a    at time   55137223 ps
inst0 ch0:  R_CMD: ACTCMD    R_r1= 0x00    at time   55137637 ps
inst0 ch0:  R_CMD: ACTCMD    R_f1= 0x00    at time   55138051 ps
inst0 ch0:  R_CMD: ACTCMD    R_r0= 0x2a    at time   55138465 ps
inst0 ch0:  R_CMD: ACTCMD    R_f0= 0x22    at time   55138879 ps
inst0 ch0:  R_CMD: ACTCMD    R_r1= 0x00    at time   55139293 ps
inst0 ch0:  R_CMD: ACTCMD    R_f1= 0x00    at time   55139707 ps
inst0 ch0:  R_CMD: ACTCMD    R_r0= 0x2a    at time   55140949 ps
inst0 ch0:  R_CMD: ACTCMD    R_f0= 0x0a    at time   55141363 ps
inst0 ch0:  R_CMD: ACTCMD    R_r1= 0x00    at time   55141777 ps
inst0 ch0:  R_CMD: ACTCMD    R_f1= 0x00    at time   55142191 ps
inst0 ch0:  R_CMD: ACTCMD    R_r0= 0x0a    at time   55142605 ps
inst0 ch0:  R_CMD: ACTCMD    R_f0= 0x22    at time   55143019 ps
inst0 ch0:  R_CMD: ACTCMD    R_r1= 0x00    at time   55143433 ps
inst0 ch0:  R_CMD: ACTCMD    R_f1= 0x00    at time   55143847 ps
inst0 ch0:  R_CMD: ACTCMD    R_r0= 0x0a    at time   55145089 ps
inst0 ch0:  R_CMD: ACTCMD    R_f0= 0x0a    at time   55145503 ps
inst0 ch0:  R_CMD: ACTCMD    R_r1= 0x00    at time   55145917 ps
inst0 ch0:  R_CMD: ACTCMD    R_f1= 0x00    at time   55146331 ps
inst0 ch0:  R_CMD: ACTCMD    R_r0= 0x2a    at time   55146745 ps
inst0 ch0:  R_CMD: ACTCMD    R_f0= 0x02    at time   55147159 ps
inst0 ch0:  R_CMD: ACTCMD    R_r1= 0x00    at time   55147573 ps
inst0 ch0:  C_CMD: RDCMD     C_r = 0x0d5   at time   55147573 ps
inst0 ch0:  R_CMD: ACTCMD    R_f1= 0x00    at time   55147987 ps
inst0 ch0:  C_CMD: RDCMD     C_f = 0x080   at time   55147987 ps
inst0 ch0:  R_CMD: ACTCMD    R_r0= 0x0a    at time   55150885 ps
inst0 ch0:  C_CMD: RDCMD     C_r = 0x0dd   at time   55150885 ps
inst0 ch0:  R_CMD: ACTCMD    R_f0= 0x02    at time   55151299 ps
inst0 ch0:  C_CMD: RDCMD     C_f = 0x082   at time   55151299 ps
inst0 ch0:  R_CMD: ACTCMD    R_r1= 0x00    at time   55151713 ps
inst0 ch0:  R_CMD: ACTCMD    R_f1= 0x00    at time   55152127 ps
inst0 ch0:  C_CMD: RDCMD     C_r = 0x095   at time   55152541 ps
inst0 ch0:  C_CMD: RDCMD     C_f = 0x080   at time   55152955 ps
inst0 ch0:  C_CMD: RDCMD     C_r = 0x0d5   at time   55153369 ps
inst0 ch0:  C_CMD: RDCMD     C_f = 0x000   at time   55153783 ps
inst0 ch0:  C_CMD: RDCMD     C_r = 0x09d   at time   55155853 ps
inst0 ch0:  C_CMD: RDCMD     C_f = 0x082   at time   55156267 ps
inst0 ch0:  C_CMD: RDCMD     C_r = 0x0dd   at time   55156681 ps
inst0 ch0:  C_CMD: RDCMD     C_f = 0x002   at time   55157095 ps
inst0 ch0:  C_CMD: RDCMD     C_r = 0x055   at time   55157509 ps
inst0 ch0:  C_CMD: RDCMD     C_f = 0x080   at time   55157923 ps
inst0 ch0:  C_CMD: RDCMD     C_r = 0x095   at time   55158337 ps
inst0 ch0:  C_CMD: RDCMD     C_f = 0x000   at time   55158751 ps
inst0 ch0:  C_CMD: RDCMD     C_r = 0x015   at time   55159993 ps
inst0 ch0:  C_CMD: RDCMD     C_f = 0x080   at time   55160407 ps
inst0 ch0:  C_CMD: RDCMD     C_r = 0x05d   at time   55161649 ps
inst0 ch0:  C_CMD: RDCMD     C_f = 0x082   at time   55162063 ps
inst0 ch0:  C_CMD: RDCMD     C_r = 0x09d   at time   55162477 ps
inst0 ch0:  C_CMD: RDCMD     C_f = 0x002   at time   55162891 ps
inst0 ch0:  C_CMD: RDCMD     C_r = 0x01d   at time   55163305 ps
inst0 ch0:  C_CMD: RDCMD     C_f = 0x082   at time   55163719 ps
inst0 ch0:  C_CMD: RDCMD     C_r = 0x055   at time   55164133 ps
inst0 ch0:  C_CMD: RDCMD     C_f = 0x000   at time   55164547 ps
inst0 ch0:  C_CMD: RDCMD     C_r = 0x015   at time   55165789 ps
inst0 ch0:  C_CMD: RDCMD     C_f = 0x000   at time   55166203 ps
inst0 ch0:  C_CMD: RDCMD     C_r = 0x05d   at time   55167445 ps
inst0 ch0:  C_CMD: RDCMD     C_f = 0x002   at time   55167859 ps
inst0 ch0:  C_CMD: RDCMD     C_r = 0x01d   at time   55169101 ps
inst0 ch0:  C_CMD: RDCMD     C_f = 0x002   at time   55169515 ps
inst0 ch0:  R_CMD: ACTCMD    R_r0= 0x32    at time   55416673 ps
inst0 ch0:  R_CMD: ACTCMD    R_f0= 0x2a    at time   55417087 ps
inst0 ch0:  R_CMD: ACTCMD    R_r1= 0x00    at time   55417501 ps
inst0 ch0:  R_CMD: ACTCMD    R_f1= 0x00    at time   55417915 ps
inst0 ch0:  R_CMD: ACTCMD    R_r0= 0x12    at time   55420813 ps
inst0 ch0:  R_CMD: ACTCMD    R_f0= 0x2a    at time   55421227 ps
inst0 ch0:  R_CMD: ACTCMD    R_r1= 0x00    at time   55421641 ps
inst0 ch0:  R_CMD: ACTCMD    R_f1= 0x00    at time   55422055 ps
inst0 ch0:  R_CMD: ACTCMD    R_r0= 0x32    at time   55424953 ps
inst0 ch0:  R_CMD: ACTCMD    R_f0= 0x0a    at time   55425367 ps
inst0 ch0:  R_CMD: ACTCMD    R_r1= 0x00    at time   55425781 ps
inst0 ch0:  R_CMD: ACTCMD    R_f1= 0x00    at time   55426195 ps
inst0 ch0:  R_CMD: ACTCMD    R_r0= 0x12    at time   55429093 ps
inst0 ch0:  R_CMD: ACTCMD    R_f0= 0x0a    at time   55429507 ps
inst0 ch0:  R_CMD: ACTCMD    R_r1= 0x00    at time   55429921 ps
inst0 ch0:  R_CMD: ACTCMD    R_f1= 0x00    at time   55430335 ps
inst0 ch0:  C_CMD: RDCMD     C_r = 0x0e5   at time   55431577 ps
inst0 ch0:  C_CMD: RDCMD     C_f = 0x080   at time   55431991 ps
inst0 ch0:  C_CMD: RDCMD     C_r = 0x0ed   at time   55434889 ps
inst0 ch0:  C_CMD: RDCMD     C_f = 0x082   at time   55435303 ps
inst0 ch0:  R_CMD: ACTCMD    R_r0= 0x32    at time   55436545 ps
inst0 ch0:  C_CMD: RDCMD     C_r = 0x0a5   at time   55436545 ps
inst0 ch0:  R_CMD: ACTCMD    R_f0= 0x22    at time   55436959 ps
inst0 ch0:  C_CMD: RDCMD     C_f = 0x080   at time   55436959 ps
inst0 ch0:  R_CMD: ACTCMD    R_r1= 0x00    at time   55437373 ps
inst0 ch0:  R_CMD: ACTCMD    R_f1= 0x00    at time   55437787 ps
inst0 ch0:  C_CMD: RDCMD     C_r = 0x0ad   at time   55439857 ps
inst0 ch0:  C_CMD: RDCMD     C_f = 0x082   at time   55440271 ps
inst0 ch0:  R_CMD: ACTCMD    R_r0= 0x12    at time   55440685 ps
inst0 ch0:  R_CMD: ACTCMD    R_f0= 0x22    at time   55441099 ps
inst0 ch0:  R_CMD: ACTCMD    R_r1= 0x00    at time   55441513 ps
inst0 ch0:  C_CMD: RDCMD     C_r = 0x065   at time   55441513 ps
inst0 ch0:  R_CMD: ACTCMD    R_f1= 0x00    at time   55441927 ps
inst0 ch0:  C_CMD: RDCMD     C_f = 0x080   at time   55441927 ps
inst0 ch0:  C_CMD: RDCMD     C_r = 0x025   at time   55443997 ps
inst0 ch0:  C_CMD: RDCMD     C_f = 0x080   at time   55444411 ps
inst0 ch0:  R_CMD: ACTCMD    R_r0= 0x32    at time   55444825 ps
inst0 ch0:  R_CMD: ACTCMD    R_f0= 0x02    at time   55445239 ps
inst0 ch0:  R_CMD: ACTCMD    R_r1= 0x00    at time   55445653 ps
inst0 ch0:  C_CMD: RDCMD     C_r = 0x06d   at time   55445653 ps
inst0 ch0:  R_CMD: ACTCMD    R_f1= 0x00    at time   55446067 ps
inst0 ch0:  C_CMD: RDCMD     C_f = 0x082   at time   55446067 ps
inst0 ch0:  C_CMD: RDCMD     C_r = 0x02d   at time   55447309 ps
inst0 ch0:  C_CMD: RDCMD     C_f = 0x082   at time   55447723 ps
inst0 ch0:  R_CMD: ACTCMD    R_r0= 0x12    at time   55448965 ps
inst0 ch0:  R_CMD: ACTCMD    R_f0= 0x02    at time   55449379 ps
inst0 ch0:  R_CMD: ACTCMD    R_r1= 0x00    at time   55449793 ps
inst0 ch0:  R_CMD: ACTCMD    R_f1= 0x00    at time   55450207 ps
inst0 ch0:  C_CMD: RDCMD     C_r = 0x0e5   at time   55451449 ps
inst0 ch0:  C_CMD: RDCMD     C_f = 0x000   at time   55451863 ps
inst0 ch0:  C_CMD: RDCMD     C_r = 0x0ed   at time   55454761 ps
inst0 ch0:  C_CMD: RDCMD     C_f = 0x002   at time   55455175 ps
inst0 ch0:  C_CMD: RDCMD     C_r = 0x0a5   at time   55456417 ps
inst0 ch0:  C_CMD: RDCMD     C_f = 0x000   at time   55456831 ps
inst0 ch0:  C_CMD: RDCMD     C_r = 0x0ad   at time   55459729 ps
inst0 ch0:  C_CMD: RDCMD     C_f = 0x002   at time   55460143 ps
inst0 ch0:  C_CMD: RDCMD     C_r = 0x065   at time   55461385 ps
inst0 ch0:  C_CMD: RDCMD     C_f = 0x000   at time   55461799 ps
inst0 ch0:  C_CMD: RDCMD     C_r = 0x025   at time   55463869 ps
inst0 ch0:  C_CMD: RDCMD     C_f = 0x000   at time   55464283 ps
inst0 ch0:  C_CMD: RDCMD     C_r = 0x06d   at time   55465525 ps
inst0 ch0:  C_CMD: RDCMD     C_f = 0x002   at time   55465939 ps
inst0 ch0:  C_CMD: RDCMD     C_r = 0x02d   at time   55467181 ps
inst0 ch0:  C_CMD: RDCMD     C_f = 0x002   at time   55467595 ps
inst0 ch0:  R_CMD: ACTCMD    R_r0= 0x3a    at time   55855513 ps
inst0 ch0:  R_CMD: ACTCMD    R_f0= 0x2a    at time   55855927 ps
inst0 ch0:  R_CMD: ACTCMD    R_r1= 0x00    at time   55856341 ps
inst0 ch0:  R_CMD: ACTCMD    R_f1= 0x00    at time   55856755 ps
inst0 ch0:  R_CMD: ACTCMD    R_r0= 0x1a    at time   55859653 ps
inst0 ch0:  R_CMD: ACTCMD    R_f0= 0x2a    at time   55860067 ps
inst0 ch0:  R_CMD: ACTCMD    R_r1= 0x00    at time   55860481 ps
inst0 ch0:  R_CMD: ACTCMD    R_f1= 0x00    at time   55860895 ps
inst0 ch0:  R_CMD: ACTCMD    R_r0= 0x3a    at time   55863793 ps
inst0 ch0:  R_CMD: ACTCMD    R_f0= 0x0a    at time   55864207 ps
inst0 ch0:  R_CMD: ACTCMD    R_r1= 0x00    at time   55864621 ps
inst0 ch0:  R_CMD: ACTCMD    R_f1= 0x00    at time   55865035 ps
inst0 ch0:  R_CMD: ACTCMD    R_r0= 0x1a    at time   55867933 ps
inst0 ch0:  R_CMD: ACTCMD    R_f0= 0x0a    at time   55868347 ps
inst0 ch0:  R_CMD: ACTCMD    R_r1= 0x00    at time   55868761 ps
inst0 ch0:  R_CMD: ACTCMD    R_f1= 0x00    at time   55869175 ps
inst0 ch0:  C_CMD: RDCMD     C_r = 0x0f5   at time   55870417 ps
inst0 ch0:  C_CMD: RDCMD     C_f = 0x080   at time   55870831 ps
inst0 ch0:  C_CMD: RDCMD     C_r = 0x0fd   at time   55873729 ps
inst0 ch0:  C_CMD: RDCMD     C_f = 0x082   at time   55874143 ps
inst0 ch0:  C_CMD: RDCMD     C_r = 0x0b5   at time   55875385 ps
inst0 ch0:  C_CMD: RDCMD     C_f = 0x080   at time   55875799 ps
inst0 ch0:  C_CMD: RDCMD     C_r = 0x0bd   at time   55878697 ps
inst0 ch0:  C_CMD: RDCMD     C_f = 0x082   at time   55879111 ps
inst0 ch0:  C_CMD: RDCMD     C_r = 0x075   at time   55880353 ps
inst0 ch0:  C_CMD: RDCMD     C_f = 0x080   at time   55880767 ps
inst0 ch0:  C_CMD: RDCMD     C_r = 0x035   at time   55882837 ps
inst0 ch0:  C_CMD: RDCMD     C_f = 0x080   at time   55883251 ps
inst0 ch0:  C_CMD: RDCMD     C_r = 0x07d   at time   55884493 ps
inst0 ch0:  C_CMD: RDCMD     C_f = 0x082   at time   55884907 ps
inst0 ch0:  C_CMD: RDCMD     C_r = 0x03d   at time   55886149 ps
inst0 ch0:  C_CMD: RDCMD     C_f = 0x082   at time   55886563 ps
inst0 ch0:  R_CMD: ACTCMD    R_r0= 0x3a    at time   56085697 ps
inst0 ch0:  R_CMD: ACTCMD    R_f0= 0x22    at time   56086111 ps
inst0 ch0:  R_CMD: ACTCMD    R_r1= 0x00    at time   56086525 ps
inst0 ch0:  R_CMD: ACTCMD    R_f1= 0x00    at time   56086939 ps
inst0 ch0:  R_CMD: ACTCMD    R_r0= 0x1a    at time   56089837 ps
inst0 ch0:  R_CMD: ACTCMD    R_f0= 0x22    at time   56090251 ps
inst0 ch0:  R_CMD: ACTCMD    R_r1= 0x00    at time   56090665 ps
inst0 ch0:  R_CMD: ACTCMD    R_f1= 0x00    at time   56091079 ps
inst0 ch0:  R_CMD: ACTCMD    R_r0= 0x3a    at time   56093977 ps
inst0 ch0:  R_CMD: ACTCMD    R_f0= 0x02    at time   56094391 ps
inst0 ch0:  R_CMD: ACTCMD    R_r1= 0x00    at time   56094805 ps
inst0 ch0:  R_CMD: ACTCMD    R_f1= 0x00    at time   56095219 ps
inst0 ch0:  R_CMD: ACTCMD    R_r0= 0x1a    at time   56098117 ps
inst0 ch0:  R_CMD: ACTCMD    R_f0= 0x02    at time   56098531 ps
inst0 ch0:  R_CMD: ACTCMD    R_r1= 0x00    at time   56098945 ps
inst0 ch0:  R_CMD: ACTCMD    R_f1= 0x00    at time   56099359 ps
inst0 ch0:  C_CMD: RDCMD     C_r = 0x0f5   at time   56100601 ps
inst0 ch0:  C_CMD: RDCMD     C_f = 0x000   at time   56101015 ps
inst0 ch0:  C_CMD: RDCMD     C_r = 0x0fd   at time   56103913 ps
inst0 ch0:  C_CMD: RDCMD     C_f = 0x002   at time   56104327 ps
inst0 ch0:  C_CMD: RDCMD     C_r = 0x0b5   at time   56105569 ps
inst0 ch0:  C_CMD: RDCMD     C_f = 0x000   at time   56105983 ps
inst0 ch0:  C_CMD: RDCMD     C_r = 0x0bd   at time   56108881 ps
inst0 ch0:  C_CMD: RDCMD     C_f = 0x002   at time   56109295 ps
inst0 ch0:  C_CMD: RDCMD     C_r = 0x075   at time   56110537 ps
inst0 ch0:  C_CMD: RDCMD     C_f = 0x000   at time   56110951 ps
inst0 ch0:  C_CMD: RDCMD     C_r = 0x035   at time   56113021 ps
inst0 ch0:  C_CMD: RDCMD     C_f = 0x000   at time   56113435 ps
inst0 ch0:  C_CMD: RDCMD     C_r = 0x07d   at time   56114677 ps
inst0 ch0:  C_CMD: RDCMD     C_f = 0x002   at time   56115091 ps
inst0 ch0:  C_CMD: RDCMD     C_r = 0x03d   at time   56116333 ps
inst0 ch0:  C_CMD: RDCMD     C_f = 0x002   at time   56116747 ps
inst0 ch0:  R_CMD: ACTCMD    R_r0= 0x02    at time   56338237 ps
inst0 ch0:  R_CMD: ACTCMD    R_f0= 0x18    at time   56338651 ps
inst0 ch0:  R_CMD: ACTCMD    R_r1= 0x3f    at time   56339065 ps
inst0 ch0:  R_CMD: ACTCMD    R_f1= 0x3b    at time   56339479 ps
inst0 ch0:  C_CMD: RDCMD     C_r = 0x005   at time   56353141 ps
inst0 ch0:  C_CMD: RDCMD     C_f = 0x0f8   at time   56353555 ps
inst0 ch0:  C_CMD: RDCMD     C_r = 0x00d   at time   56356453 ps
inst0 ch0:  C_CMD: RDCMD     C_f = 0x0fa   at time   56356867 ps
inst0 ch0:  R_CMD: ACTCMD    R_r0= 0x02    at time   56411101 ps
inst0 ch0:  R_CMD: ACTCMD    R_f0= 0x18    at time   56411515 ps
inst0 ch0:  R_CMD: ACTCMD    R_r1= 0x3f    at time   56411929 ps
inst0 ch0:  R_CMD: ACTCMD    R_f1= 0x3b    at time   56412343 ps
inst0 ch0:  C_CMD: WRCMD     C_r = 0x001   at time   56421865 ps
inst0 ch0:  C_CMD: WRCMD     C_f = 0x0f8   at time   56422279 ps
inst0 ch0:  C_CMD: WRCMD     C_r = 0x009   at time   56425177 ps
inst0 ch0:  C_CMD: WRCMD     C_f = 0x0fa   at time   56425591 ps
inst0 ch0:  R_CMD: ACTCMD    R_r0= 0x02    at time   56546065 ps
inst0 ch0:  R_CMD: ACTCMD    R_f0= 0x10    at time   56546479 ps
inst0 ch0:  R_CMD: ACTCMD    R_r1= 0x3f    at time   56546893 ps
inst0 ch0:  R_CMD: ACTCMD    R_f1= 0x3b    at time   56547307 ps
inst0 ch0:  C_CMD: RDCMD     C_r = 0x005   at time   56560969 ps
inst0 ch0:  C_CMD: RDCMD     C_f = 0x078   at time   56561383 ps
inst0 ch0:  C_CMD: RDCMD     C_r = 0x00d   at time   56564281 ps
inst0 ch0:  C_CMD: RDCMD     C_f = 0x07a   at time   56564695 ps
inst0 ch0:  R_CMD: ACTCMD    R_r0= 0x02    at time   56834209 ps
inst0 ch0:  R_CMD: ACTCMD    R_f0= 0x10    at time   56834623 ps
inst0 ch0:  R_CMD: ACTCMD    R_r1= 0x3f    at time   56835037 ps
inst0 ch0:  R_CMD: ACTCMD    R_f1= 0x3b    at time   56835451 ps
inst0 ch0:  C_CMD: WRCMD     C_r = 0x001   at time   56844973 ps
inst0 ch0:  C_CMD: WRCMD     C_f = 0x078   at time   56845387 ps
inst0 ch0:  C_CMD: WRCMD     C_r = 0x009   at time   56848285 ps
inst0 ch0:  C_CMD: WRCMD     C_f = 0x07a   at time   56848699 ps
inst0 ch0:  R_CMD: ACTCMD    R_r0= 0x0a    at time   57133117 ps
inst0 ch0:  R_CMD: ACTCMD    R_f0= 0x18    at time   57133531 ps
inst0 ch0:  R_CMD: ACTCMD    R_r1= 0x3f    at time   57133945 ps
inst0 ch0:  R_CMD: ACTCMD    R_f1= 0x3b    at time   57134359 ps
inst0 ch0:  C_CMD: RDCMD     C_r = 0x015   at time   57148021 ps
inst0 ch0:  C_CMD: RDCMD     C_f = 0x0f8   at time   57148435 ps
inst0 ch0:  C_CMD: RDCMD     C_r = 0x01d   at time   57151333 ps
inst0 ch0:  C_CMD: RDCMD     C_f = 0x0fa   at time   57151747 ps
inst0 ch0:  R_CMD: ACTCMD    R_r0= 0x0a    at time   57205981 ps
inst0 ch0:  R_CMD: ACTCMD    R_f0= 0x18    at time   57206395 ps
inst0 ch0:  R_CMD: ACTCMD    R_r1= 0x3f    at time   57206809 ps
inst0 ch0:  R_CMD: ACTCMD    R_f1= 0x3b    at time   57207223 ps
inst0 ch0:  C_CMD: WRCMD     C_r = 0x011   at time   57216745 ps
inst0 ch0:  C_CMD: WRCMD     C_f = 0x0f8   at time   57217159 ps
inst0 ch0:  C_CMD: WRCMD     C_r = 0x019   at time   57220057 ps
inst0 ch0:  C_CMD: WRCMD     C_f = 0x0fa   at time   57220471 ps
inst0 ch0:  R_CMD: ACTCMD    R_r0= 0x02    at time   57293749 ps
inst0 ch0:  R_CMD: ACTCMD    R_f0= 0x38    at time   57294163 ps
inst0 ch0:  R_CMD: ACTCMD    R_r1= 0x3f    at time   57294577 ps
inst0 ch0:  R_CMD: ACTCMD    R_f1= 0x3b    at time   57294991 ps
inst0 ch0:  C_CMD: RDCMD     C_r = 0x085   at time   57308653 ps
inst0 ch0:  C_CMD: RDCMD     C_f = 0x0f8   at time   57309067 ps
inst0 ch0:  C_CMD: RDCMD     C_r = 0x08d   at time   57311965 ps
inst0 ch0:  C_CMD: RDCMD     C_f = 0x0fa   at time   57312379 ps
inst0 ch0:  R_CMD: ACTCMD    R_r0= 0x02    at time   57364129 ps
inst0 ch0:  R_CMD: ACTCMD    R_f0= 0x38    at time   57364543 ps
inst0 ch0:  R_CMD: ACTCMD    R_r1= 0x3f    at time   57364957 ps
inst0 ch0:  R_CMD: ACTCMD    R_f1= 0x3b    at time   57365371 ps
inst0 ch0:  C_CMD: WRCMD     C_r = 0x081   at time   57374893 ps
inst0 ch0:  C_CMD: WRCMD     C_f = 0x0f8   at time   57375307 ps
inst0 ch0:  C_CMD: WRCMD     C_r = 0x089   at time   57378205 ps
inst0 ch0:  C_CMD: WRCMD     C_f = 0x0fa   at time   57378619 ps
inst0 ch0:  R_CMD: ACTCMD    R_r0= 0x0a    at time   57603421 ps
inst0 ch0:  R_CMD: ACTCMD    R_f0= 0x38    at time   57603835 ps
inst0 ch0:  R_CMD: ACTCMD    R_r1= 0x3f    at time   57604249 ps
inst0 ch0:  R_CMD: ACTCMD    R_f1= 0x3b    at time   57604663 ps
inst0 ch0:  C_CMD: RDCMD     C_r = 0x095   at time   57618325 ps
inst0 ch0:  C_CMD: RDCMD     C_f = 0x0f8   at time   57618739 ps
inst0 ch0:  R_CMD: ACTCMD    R_r0= 0x0a    at time   57619153 ps
inst0 ch0:  R_CMD: ACTCMD    R_f0= 0x10    at time   57619567 ps
inst0 ch0:  R_CMD: ACTCMD    R_r1= 0x3f    at time   57619981 ps
inst0 ch0:  R_CMD: ACTCMD    R_f1= 0x3b    at time   57620395 ps
inst0 ch0:  C_CMD: RDCMD     C_r = 0x09d   at time   57621637 ps
inst0 ch0:  C_CMD: RDCMD     C_f = 0x0fa   at time   57622051 ps
inst0 ch0:  C_CMD: RDCMD     C_r = 0x015   at time   57634057 ps
inst0 ch0:  C_CMD: RDCMD     C_f = 0x078   at time   57634471 ps
inst0 ch0:  C_CMD: RDCMD     C_r = 0x01d   at time   57637369 ps
inst0 ch0:  C_CMD: RDCMD     C_f = 0x07a   at time   57637783 ps
inst0 ch0:  R_CMD: ACTCMD    R_r0= 0x0a    at time   57671317 ps
inst0 ch0:  R_CMD: ACTCMD    R_f0= 0x38    at time   57671731 ps
inst0 ch0:  R_CMD: ACTCMD    R_r1= 0x3f    at time   57672145 ps
inst0 ch0:  R_CMD: ACTCMD    R_f1= 0x3b    at time   57672559 ps
inst0 ch0:  C_CMD: WRCMD     C_r = 0x091   at time   57682081 ps
inst0 ch0:  C_CMD: WRCMD     C_f = 0x0f8   at time   57682495 ps
inst0 ch0:  C_CMD: WRCMD     C_r = 0x099   at time   57685393 ps
inst0 ch0:  C_CMD: WRCMD     C_f = 0x0fa   at time   57685807 ps
inst0 ch0:  R_CMD: ACTCMD    R_r0= 0x0a    at time   57689533 ps
inst0 ch0:  R_CMD: ACTCMD    R_f0= 0x10    at time   57689947 ps
inst0 ch0:  R_CMD: ACTCMD    R_r1= 0x3f    at time   57690361 ps
inst0 ch0:  R_CMD: ACTCMD    R_f1= 0x3b    at time   57690775 ps
inst0 ch0:  C_CMD: WRCMD     C_r = 0x011   at time   57700297 ps
inst0 ch0:  C_CMD: WRCMD     C_f = 0x078   at time   57700711 ps
inst0 ch0:  C_CMD: WRCMD     C_r = 0x019   at time   57703609 ps
inst0 ch0:  C_CMD: WRCMD     C_f = 0x07a   at time   57704023 ps
inst0 ch0:  R_CMD: ACTCMD    R_r0= 0x02    at time   57778957 ps
inst0 ch0:  R_CMD: ACTCMD    R_f0= 0x30    at time   57779371 ps
inst0 ch0:  R_CMD: ACTCMD    R_r1= 0x3f    at time   57779785 ps
inst0 ch0:  R_CMD: ACTCMD    R_f1= 0x3b    at time   57780199 ps
inst0 ch0:  C_CMD: RDCMD     C_r = 0x085   at time   57793861 ps
inst0 ch0:  C_CMD: RDCMD     C_f = 0x078   at time   57794275 ps
inst0 ch0:  C_CMD: RDCMD     C_r = 0x08d   at time   57797173 ps
inst0 ch0:  C_CMD: RDCMD     C_f = 0x07a   at time   57797587 ps
inst0 ch0:  R_CMD: ACTCMD    R_r0= 0x02    at time   57849337 ps
inst0 ch0:  R_CMD: ACTCMD    R_f0= 0x30    at time   57849751 ps
inst0 ch0:  R_CMD: ACTCMD    R_r1= 0x3f    at time   57850165 ps
inst0 ch0:  R_CMD: ACTCMD    R_f1= 0x3b    at time   57850579 ps
inst0 ch0:  C_CMD: WRCMD     C_r = 0x081   at time   57860101 ps
inst0 ch0:  C_CMD: WRCMD     C_f = 0x078   at time   57860515 ps
inst0 ch0:  C_CMD: WRCMD     C_r = 0x089   at time   57863413 ps
inst0 ch0:  C_CMD: WRCMD     C_f = 0x07a   at time   57863827 ps
inst0 ch0:  R_CMD: ACTCMD    R_r0= 0x0a    at time   57936277 ps
inst0 ch0:  R_CMD: ACTCMD    R_f0= 0x30    at time   57936691 ps
inst0 ch0:  R_CMD: ACTCMD    R_r1= 0x3f    at time   57937105 ps
inst0 ch0:  R_CMD: ACTCMD    R_f1= 0x3b    at time   57937519 ps
inst0 ch0:  C_CMD: RDCMD     C_r = 0x095   at time   57951181 ps
inst0 ch0:  C_CMD: RDCMD     C_f = 0x078   at time   57951595 ps
inst0 ch0:  C_CMD: RDCMD     C_r = 0x09d   at time   57954493 ps
inst0 ch0:  C_CMD: RDCMD     C_f = 0x07a   at time   57954907 ps
inst0 ch0:  R_CMD: ACTCMD    R_r0= 0x0a    at time   58006657 ps
inst0 ch0:  R_CMD: ACTCMD    R_f0= 0x30    at time   58007071 ps
inst0 ch0:  R_CMD: ACTCMD    R_r1= 0x3f    at time   58007485 ps
inst0 ch0:  R_CMD: ACTCMD    R_f1= 0x3b    at time   58007899 ps
inst0 ch0:  C_CMD: WRCMD     C_r = 0x091   at time   58017421 ps
inst0 ch0:  C_CMD: WRCMD     C_f = 0x078   at time   58017835 ps
inst0 ch0:  C_CMD: WRCMD     C_r = 0x099   at time   58020733 ps
inst0 ch0:  C_CMD: WRCMD     C_f = 0x07a   at time   58021147 ps
inst0 ch0:  R_CMD: ACTCMD    R_r0= 0x0a    at time   59444065 ps
inst0 ch0:  R_CMD: ACTCMD    R_f0= 0x13    at time   59444479 ps
inst0 ch0:  R_CMD: ACTCMD    R_r1= 0x3f    at time   59444893 ps
inst0 ch0:  R_CMD: ACTCMD    R_f1= 0x3b    at time   59445307 ps
inst0 ch0:  R_CMD: ACTCMD    R_r0= 0x0a    at time   59446549 ps
inst0 ch0:  R_CMD: ACTCMD    R_f0= 0x1b    at time   59446963 ps
inst0 ch0:  R_CMD: ACTCMD    R_r1= 0x3f    at time   59447377 ps
inst0 ch0:  R_CMD: ACTCMD    R_f1= 0x3b    at time   59447791 ps
inst0 ch0:  C_CMD: RDCMD     C_r = 0x015   at time   59458969 ps
inst0 ch0:  C_CMD: RDCMD     C_f = 0x010   at time   59459383 ps
inst0 ch0:  C_CMD: RDCMD     C_r = 0x015   at time   59461453 ps
inst0 ch0:  C_CMD: RDCMD     C_f = 0x090   at time   59461867 ps
inst0 ch0:  C_CMD: RDCMD     C_r = 0x01d   at time   59462281 ps
inst0 ch0:  C_CMD: RDCMD     C_f = 0x012   at time   59462695 ps
inst0 ch0:  C_CMD: RDCMD     C_r = 0x01d   at time   59464765 ps
inst0 ch0:  C_CMD: RDCMD     C_f = 0x092   at time   59465179 ps
inst0 ch0:  R_CMD: ACTCMD    R_r0= 0x0a    at time   59511961 ps
inst0 ch0:  R_CMD: ACTCMD    R_f0= 0x13    at time   59512375 ps
inst0 ch0:  R_CMD: ACTCMD    R_r1= 0x3f    at time   59512789 ps
inst0 ch0:  R_CMD: ACTCMD    R_f1= 0x3b    at time   59513203 ps
inst0 ch0:  R_CMD: ACTCMD    R_r0= 0x0a    at time   59517757 ps
inst0 ch0:  R_CMD: ACTCMD    R_f0= 0x1b    at time   59518171 ps
inst0 ch0:  R_CMD: ACTCMD    R_r1= 0x3f    at time   59518585 ps
inst0 ch0:  R_CMD: ACTCMD    R_f1= 0x3b    at time   59518999 ps
inst0 ch0:  C_CMD: WRCMD     C_r = 0x011   at time   59522725 ps
inst0 ch0:  C_CMD: WRCMD     C_f = 0x010   at time   59523139 ps
inst0 ch0:  C_CMD: WRCMD     C_r = 0x019   at time   59526037 ps
inst0 ch0:  C_CMD: WRCMD     C_f = 0x012   at time   59526451 ps
inst0 ch0:  C_CMD: WRCMD     C_r = 0x011   at time   59528521 ps
inst0 ch0:  C_CMD: WRCMD     C_f = 0x090   at time   59528935 ps
inst0 ch0:  C_CMD: WRCMD     C_r = 0x019   at time   59531833 ps
inst0 ch0:  C_CMD: WRCMD     C_f = 0x092   at time   59532247 ps
inst0 ch0:  R_CMD: ACTCMD    R_r0= 0x0a    at time   59646097 ps
inst0 ch0:  R_CMD: ACTCMD    R_f0= 0x1b    at time   59646511 ps
inst0 ch0:  R_CMD: ACTCMD    R_r1= 0x3f    at time   59646925 ps
inst0 ch0:  R_CMD: ACTCMD    R_f1= 0x3b    at time   59647339 ps
inst0 ch0:  R_CMD: ACTCMD    R_r0= 0x0a    at time   59651065 ps
inst0 ch0:  R_CMD: ACTCMD    R_f0= 0x13    at time   59651479 ps
inst0 ch0:  R_CMD: ACTCMD    R_r1= 0x3f    at time   59651893 ps
inst0 ch0:  R_CMD: ACTCMD    R_f1= 0x3b    at time   59652307 ps
inst0 ch0:  C_CMD: RDCMD     C_r = 0x015   at time   59661001 ps
inst0 ch0:  C_CMD: RDCMD     C_f = 0x090   at time   59661415 ps
inst0 ch0:  C_CMD: RDCMD     C_r = 0x01d   at time   59664313 ps
inst0 ch0:  C_CMD: RDCMD     C_f = 0x092   at time   59664727 ps
inst0 ch0:  C_CMD: RDCMD     C_r = 0x015   at time   59665969 ps
inst0 ch0:  C_CMD: RDCMD     C_f = 0x010   at time   59666383 ps
inst0 ch0:  C_CMD: RDCMD     C_r = 0x01d   at time   59669281 ps
inst0 ch0:  C_CMD: RDCMD     C_f = 0x012   at time   59669695 ps
inst0 ch0:  R_CMD: ACTCMD    R_r0= 0x0a    at time   59713993 ps
inst0 ch0:  R_CMD: ACTCMD    R_f0= 0x1b    at time   59714407 ps
inst0 ch0:  R_CMD: ACTCMD    R_r1= 0x3f    at time   59714821 ps
inst0 ch0:  R_CMD: ACTCMD    R_f1= 0x3b    at time   59715235 ps
inst0 ch0:  R_CMD: ACTCMD    R_r0= 0x0a    at time   59721445 ps
inst0 ch0:  R_CMD: ACTCMD    R_f0= 0x13    at time   59721859 ps
inst0 ch0:  R_CMD: ACTCMD    R_r1= 0x3f    at time   59722273 ps
inst0 ch0:  R_CMD: ACTCMD    R_f1= 0x3b    at time   59722687 ps
inst0 ch0:  C_CMD: WRCMD     C_r = 0x011   at time   59724757 ps
inst0 ch0:  C_CMD: WRCMD     C_f = 0x090   at time   59725171 ps
inst0 ch0:  C_CMD: WRCMD     C_r = 0x019   at time   59728069 ps
inst0 ch0:  C_CMD: WRCMD     C_f = 0x092   at time   59728483 ps
inst0 ch0:  C_CMD: WRCMD     C_r = 0x011   at time   59732209 ps
inst0 ch0:  C_CMD: WRCMD     C_f = 0x010   at time   59732623 ps
inst0 ch0:  C_CMD: WRCMD     C_r = 0x019   at time   59735521 ps
inst0 ch0:  C_CMD: WRCMD     C_f = 0x012   at time   59735935 ps
inst0 ch0:  R_CMD: ACTCMD    R_r0= 0x02    at time   60915421 ps
inst0 ch0:  R_CMD: ACTCMD    R_f0= 0x1b    at time   60915835 ps
inst0 ch0:  R_CMD: ACTCMD    R_r1= 0x3f    at time   60916249 ps
inst0 ch0:  R_CMD: ACTCMD    R_f1= 0x3b    at time   60916663 ps
inst0 ch0:  C_CMD: RDCMD     C_r = 0x005   at time   60930325 ps
inst0 ch0:  C_CMD: RDCMD     C_f = 0x080   at time   60930739 ps
inst0 ch0:  C_CMD: RDCMD     C_r = 0x00d   at time   60933637 ps
inst0 ch0:  C_CMD: RDCMD     C_f = 0x082   at time   60934051 ps
inst0 ch0:  R_CMD: ACTCMD    R_r0= 0x02    at time   60988285 ps
inst0 ch0:  R_CMD: ACTCMD    R_f0= 0x1b    at time   60988699 ps
inst0 ch0:  R_CMD: ACTCMD    R_r1= 0x3f    at time   60989113 ps
inst0 ch0:  R_CMD: ACTCMD    R_f1= 0x3b    at time   60989527 ps
inst0 ch0:  C_CMD: WRCMD     C_r = 0x001   at time   60999049 ps
inst0 ch0:  C_CMD: WRCMD     C_f = 0x080   at time   60999463 ps
inst0 ch0:  C_CMD: WRCMD     C_r = 0x009   at time   61002361 ps
inst0 ch0:  C_CMD: WRCMD     C_f = 0x082   at time   61002775 ps
inst0 ch0:  R_CMD: ACTCMD    R_r0= 0x02    at time   61102549 ps
inst0 ch0:  R_CMD: ACTCMD    R_f0= 0x1b    at time   61102963 ps
inst0 ch0:  R_CMD: ACTCMD    R_r1= 0x3f    at time   61103377 ps
inst0 ch0:  R_CMD: ACTCMD    R_f1= 0x3b    at time   61103791 ps
inst0 ch0:  C_CMD: RDCMD     C_r = 0x005   at time   61117453 ps
inst0 ch0:  C_CMD: RDCMD     C_f = 0x080   at time   61117867 ps
inst0 ch0:  C_CMD: RDCMD     C_r = 0x00d   at time   61120765 ps
inst0 ch0:  C_CMD: RDCMD     C_f = 0x082   at time   61121179 ps
inst0 ch0:  R_CMD: ACTCMD    R_r0= 0x02    at time   61172929 ps
inst0 ch0:  R_CMD: ACTCMD    R_f0= 0x1b    at time   61173343 ps
inst0 ch0:  R_CMD: ACTCMD    R_r1= 0x3f    at time   61173757 ps
inst0 ch0:  R_CMD: ACTCMD    R_f1= 0x3b    at time   61174171 ps
inst0 ch0:  C_CMD: WRCMD     C_r = 0x001   at time   61183693 ps
inst0 ch0:  C_CMD: WRCMD     C_f = 0x080   at time   61184107 ps
inst0 ch0:  C_CMD: WRCMD     C_r = 0x009   at time   61187005 ps
inst0 ch0:  C_CMD: WRCMD     C_f = 0x082   at time   61187419 ps
inst0 ch0:  R_CMD: ACTCMD    R_r0= 0x02    at time   61238341 ps
inst0 ch0:  R_CMD: ACTCMD    R_f0= 0x13    at time   61238755 ps
inst0 ch0:  R_CMD: ACTCMD    R_r1= 0x3f    at time   61239169 ps
inst0 ch0:  R_CMD: ACTCMD    R_f1= 0x3b    at time   61239583 ps
inst0 ch0:  C_CMD: RDCMD     C_r = 0x005   at time   61253245 ps
inst0 ch0:  C_CMD: RDCMD     C_f = 0x000   at time   61253659 ps
inst0 ch0:  C_CMD: RDCMD     C_r = 0x00d   at time   61256557 ps
inst0 ch0:  C_CMD: RDCMD     C_f = 0x002   at time   61256971 ps
inst0 ch0:  R_CMD: ACTCMD    R_r0= 0x02    at time   61485913 ps
inst0 ch0:  R_CMD: ACTCMD    R_f0= 0x13    at time   61486327 ps
inst0 ch0:  R_CMD: ACTCMD    R_r1= 0x3f    at time   61486741 ps
inst0 ch0:  R_CMD: ACTCMD    R_f1= 0x3b    at time   61487155 ps
inst0 ch0:  C_CMD: WRCMD     C_r = 0x001   at time   61496677 ps
inst0 ch0:  C_CMD: WRCMD     C_f = 0x000   at time   61497091 ps
inst0 ch0:  C_CMD: WRCMD     C_r = 0x009   at time   61499989 ps
inst0 ch0:  C_CMD: WRCMD     C_f = 0x002   at time   61500403 ps
inst0 ch0:  R_CMD: ACTCMD    R_r0= 0x02    at time   61609285 ps
inst0 ch0:  R_CMD: ACTCMD    R_f0= 0x13    at time   61609699 ps
inst0 ch0:  R_CMD: ACTCMD    R_r1= 0x3f    at time   61610113 ps
inst0 ch0:  R_CMD: ACTCMD    R_f1= 0x3b    at time   61610527 ps
inst0 ch0:  C_CMD: RDCMD     C_r = 0x005   at time   61624189 ps
inst0 ch0:  C_CMD: RDCMD     C_f = 0x000   at time   61624603 ps
inst0 ch0:  C_CMD: RDCMD     C_r = 0x00d   at time   61627501 ps
inst0 ch0:  C_CMD: RDCMD     C_f = 0x002   at time   61627915 ps
inst0 ch0:  R_CMD: ACTCMD    R_r0= 0x02    at time   61679665 ps
inst0 ch0:  R_CMD: ACTCMD    R_f0= 0x13    at time   61680079 ps
inst0 ch0:  R_CMD: ACTCMD    R_r1= 0x3f    at time   61680493 ps
inst0 ch0:  R_CMD: ACTCMD    R_f1= 0x3b    at time   61680907 ps
inst0 ch0:  C_CMD: WRCMD     C_r = 0x001   at time   61690429 ps
inst0 ch0:  C_CMD: WRCMD     C_f = 0x000   at time   61690843 ps
inst0 ch0:  C_CMD: WRCMD     C_r = 0x009   at time   61693741 ps
inst0 ch0:  C_CMD: WRCMD     C_f = 0x002   at time   61694155 ps
inst0 ch0:  R_CMD: ACTCMD    R_r0= 0x02    at time   62247673 ps
inst0 ch0:  R_CMD: ACTCMD    R_f0= 0x08    at time   62248087 ps
inst0 ch0:  R_CMD: ACTCMD    R_r1= 0x00    at time   62248501 ps
inst0 ch0:  R_CMD: ACTCMD    R_f1= 0x00    at time   62248915 ps
inst0 ch0:  C_CMD: RDCMD     C_r = 0x005   at time   62262577 ps
inst0 ch0:  C_CMD: RDCMD     C_f = 0x098   at time   62262991 ps
inst0 ch0:  C_CMD: RDCMD     C_r = 0x005   at time   62265889 ps
inst0 ch0:  C_CMD: RDCMD     C_f = 0x09a   at time   62266303 ps
inst0 ch0:  C_CMD: RDCMD     C_r = 0x005   at time   62269201 ps
inst0 ch0:  C_CMD: RDCMD     C_f = 0x090   at time   62269615 ps
inst0 ch0:  C_CMD: RDCMD     C_r = 0x005   at time   62272513 ps
inst0 ch0:  C_CMD: RDCMD     C_f = 0x092   at time   62272927 ps
inst0 ch0:  C_CMD: RDCMD     C_r = 0x005   at time   62275825 ps
inst0 ch0:  C_CMD: RDCMD     C_f = 0x088   at time   62276239 ps
inst0 ch0:  C_CMD: RDCMD     C_r = 0x005   at time   62279137 ps
inst0 ch0:  C_CMD: RDCMD     C_f = 0x08a   at time   62279551 ps
inst0 ch0:  C_CMD: RDCMD     C_r = 0x005   at time   62282449 ps
inst0 ch0:  C_CMD: RDCMD     C_f = 0x080   at time   62282863 ps
inst0 ch0:  C_CMD: RDCMD     C_r = 0x00d   at time   62285761 ps
inst0 ch0:  C_CMD: RDCMD     C_f = 0x082   at time   62286175 ps
inst0 ch0:  R_CMD: ACTCMD    R_r0= 0x0a    at time   62545753 ps
inst0 ch0:  R_CMD: ACTCMD    R_f0= 0x08    at time   62546167 ps
inst0 ch0:  R_CMD: ACTCMD    R_r1= 0x00    at time   62546581 ps
inst0 ch0:  R_CMD: ACTCMD    R_f1= 0x00    at time   62546995 ps
inst0 ch0:  C_CMD: RDCMD     C_r = 0x015   at time   62560657 ps
inst0 ch0:  C_CMD: RDCMD     C_f = 0x098   at time   62561071 ps
inst0 ch0:  C_CMD: RDCMD     C_r = 0x015   at time   62563969 ps
inst0 ch0:  C_CMD: RDCMD     C_f = 0x09a   at time   62564383 ps
inst0 ch0:  C_CMD: RDCMD     C_r = 0x015   at time   62567281 ps
inst0 ch0:  C_CMD: RDCMD     C_f = 0x090   at time   62567695 ps
inst0 ch0:  C_CMD: RDCMD     C_r = 0x015   at time   62570593 ps
inst0 ch0:  C_CMD: RDCMD     C_f = 0x092   at time   62571007 ps
inst0 ch0:  C_CMD: RDCMD     C_r = 0x015   at time   62573905 ps
inst0 ch0:  C_CMD: RDCMD     C_f = 0x088   at time   62574319 ps
inst0 ch0:  C_CMD: RDCMD     C_r = 0x015   at time   62577217 ps
inst0 ch0:  C_CMD: RDCMD     C_f = 0x08a   at time   62577631 ps
inst0 ch0:  C_CMD: RDCMD     C_r = 0x015   at time   62580529 ps
inst0 ch0:  C_CMD: RDCMD     C_f = 0x080   at time   62580943 ps
inst0 ch0:  C_CMD: RDCMD     C_r = 0x01d   at time   62583841 ps
inst0 ch0:  C_CMD: RDCMD     C_f = 0x082   at time   62584255 ps
inst0 ch0:  R_CMD: ACTCMD    R_r0= 0x02    at time   62777593 ps
inst0 ch0:  R_CMD: ACTCMD    R_f0= 0x00    at time   62778007 ps
inst0 ch0:  R_CMD: ACTCMD    R_r1= 0x00    at time   62778421 ps
inst0 ch0:  R_CMD: ACTCMD    R_f1= 0x00    at time   62778835 ps
inst0 ch0:  C_CMD: RDCMD     C_r = 0x005   at time   62792497 ps
inst0 ch0:  C_CMD: RDCMD     C_f = 0x018   at time   62792911 ps
inst0 ch0:  C_CMD: RDCMD     C_r = 0x005   at time   62795809 ps
inst0 ch0:  C_CMD: RDCMD     C_f = 0x01a   at time   62796223 ps
inst0 ch0:  C_CMD: RDCMD     C_r = 0x005   at time   62799121 ps
inst0 ch0:  C_CMD: RDCMD     C_f = 0x010   at time   62799535 ps
inst0 ch0:  C_CMD: RDCMD     C_r = 0x005   at time   62802433 ps
inst0 ch0:  C_CMD: RDCMD     C_f = 0x012   at time   62802847 ps
inst0 ch0:  C_CMD: RDCMD     C_r = 0x005   at time   62805745 ps
inst0 ch0:  C_CMD: RDCMD     C_f = 0x008   at time   62806159 ps
inst0 ch0:  C_CMD: RDCMD     C_r = 0x005   at time   62809057 ps
inst0 ch0:  C_CMD: RDCMD     C_f = 0x00a   at time   62809471 ps
inst0 ch0:  C_CMD: RDCMD     C_r = 0x005   at time   62812369 ps
inst0 ch0:  C_CMD: RDCMD     C_f = 0x000   at time   62812783 ps
inst0 ch0:  C_CMD: RDCMD     C_r = 0x00d   at time   62815681 ps
inst0 ch0:  C_CMD: RDCMD     C_f = 0x002   at time   62816095 ps
inst0 ch0:  R_CMD: ACTCMD    R_r0= 0x0a    at time   62843833 ps
inst0 ch0:  R_CMD: ACTCMD    R_f0= 0x08    at time   62844247 ps
inst0 ch0:  R_CMD: ACTCMD    R_r1= 0x00    at time   62844661 ps
inst0 ch0:  R_CMD: ACTCMD    R_f1= 0x00    at time   62845075 ps
inst0 ch0:  C_CMD: RDCMD     C_r = 0x015   at time   62858737 ps
inst0 ch0:  C_CMD: RDCMD     C_f = 0x0b8   at time   62859151 ps
inst0 ch0:  C_CMD: RDCMD     C_r = 0x015   at time   62862049 ps
inst0 ch0:  C_CMD: RDCMD     C_f = 0x0ba   at time   62862463 ps
inst0 ch0:  C_CMD: RDCMD     C_r = 0x015   at time   62865361 ps
inst0 ch0:  C_CMD: RDCMD     C_f = 0x0b0   at time   62865775 ps
inst0 ch0:  C_CMD: RDCMD     C_r = 0x015   at time   62868673 ps
inst0 ch0:  C_CMD: RDCMD     C_f = 0x0b2   at time   62869087 ps
inst0 ch0:  C_CMD: RDCMD     C_r = 0x015   at time   62871985 ps
inst0 ch0:  C_CMD: RDCMD     C_f = 0x0a8   at time   62872399 ps
inst0 ch0:  C_CMD: RDCMD     C_r = 0x015   at time   62875297 ps
inst0 ch0:  C_CMD: RDCMD     C_f = 0x0aa   at time   62875711 ps
inst0 ch0:  C_CMD: RDCMD     C_r = 0x015   at time   62878609 ps
inst0 ch0:  C_CMD: RDCMD     C_f = 0x0a0   at time   62879023 ps
inst0 ch0:  C_CMD: RDCMD     C_r = 0x01d   at time   62881921 ps
inst0 ch0:  C_CMD: RDCMD     C_f = 0x0a2   at time   62882335 ps
inst0 ch0:  R_CMD: ACTCMD    R_r0= 0x0a    at time   62916697 ps
inst0 ch0:  R_CMD: ACTCMD    R_f0= 0x08    at time   62917111 ps
inst0 ch0:  R_CMD: ACTCMD    R_r1= 0x00    at time   62917525 ps
inst0 ch0:  R_CMD: ACTCMD    R_f1= 0x00    at time   62917939 ps
inst0 ch0:  C_CMD: WRCMD     C_r = 0x011   at time   62927461 ps
inst0 ch0:  C_CMD: WRCMD     C_f = 0x0b8   at time   62927875 ps
inst0 ch0:  C_CMD: WRCMD     C_r = 0x011   at time   62930773 ps
inst0 ch0:  C_CMD: WRCMD     C_f = 0x0ba   at time   62931187 ps
inst0 ch0:  C_CMD: WRCMD     C_r = 0x011   at time   62934085 ps
inst0 ch0:  C_CMD: WRCMD     C_f = 0x0a8   at time   62934499 ps
inst0 ch0:  C_CMD: WRCMD     C_r = 0x011   at time   62937397 ps
inst0 ch0:  C_CMD: WRCMD     C_f = 0x0aa   at time   62937811 ps
inst0 ch0:  C_CMD: WRCMD     C_r = 0x011   at time   62940709 ps
inst0 ch0:  C_CMD: WRCMD     C_f = 0x0b0   at time   62941123 ps
inst0 ch0:  C_CMD: WRCMD     C_r = 0x011   at time   62944021 ps
inst0 ch0:  C_CMD: WRCMD     C_f = 0x0b2   at time   62944435 ps
inst0 ch0:  C_CMD: WRCMD     C_r = 0x011   at time   62947333 ps
inst0 ch0:  C_CMD: WRCMD     C_f = 0x0a0   at time   62947747 ps
inst0 ch0:  C_CMD: WRCMD     C_r = 0x019   at time   62950645 ps
inst0 ch0:  C_CMD: WRCMD     C_f = 0x0a2   at time   62951059 ps
inst0 ch0:  R_CMD: ACTCMD    R_r0= 0x0a    at time   62953957 ps
inst0 ch0:  R_CMD: ACTCMD    R_f0= 0x00    at time   62954371 ps
inst0 ch0:  R_CMD: ACTCMD    R_r1= 0x00    at time   62954785 ps
inst0 ch0:  R_CMD: ACTCMD    R_f1= 0x00    at time   62955199 ps
inst0 ch0:  C_CMD: RDCMD     C_r = 0x015   at time   62968861 ps
inst0 ch0:  C_CMD: RDCMD     C_f = 0x018   at time   62969275 ps
inst0 ch0:  C_CMD: RDCMD     C_r = 0x015   at time   62972173 ps
inst0 ch0:  C_CMD: RDCMD     C_f = 0x01a   at time   62972587 ps
inst0 ch0:  C_CMD: RDCMD     C_r = 0x015   at time   62975485 ps
inst0 ch0:  C_CMD: RDCMD     C_f = 0x010   at time   62975899 ps
inst0 ch0:  C_CMD: RDCMD     C_r = 0x015   at time   62978797 ps
inst0 ch0:  C_CMD: RDCMD     C_f = 0x012   at time   62979211 ps
inst0 ch0:  C_CMD: RDCMD     C_r = 0x015   at time   62982109 ps
inst0 ch0:  C_CMD: RDCMD     C_f = 0x008   at time   62982523 ps
inst0 ch0:  C_CMD: RDCMD     C_r = 0x015   at time   62985421 ps
inst0 ch0:  C_CMD: RDCMD     C_f = 0x00a   at time   62985835 ps
inst0 ch0:  C_CMD: RDCMD     C_r = 0x015   at time   62988733 ps
inst0 ch0:  C_CMD: RDCMD     C_f = 0x000   at time   62989147 ps
inst0 ch0:  C_CMD: RDCMD     C_r = 0x01d   at time   62992045 ps
inst0 ch0:  C_CMD: RDCMD     C_f = 0x002   at time   62992459 ps
inst0 ch0:  R_CMD: ACTCMD    R_r0= 0x0a    at time   63150193 ps
inst0 ch0:  R_CMD: ACTCMD    R_f0= 0x00    at time   63150607 ps
inst0 ch0:  R_CMD: ACTCMD    R_r1= 0x00    at time   63151021 ps
inst0 ch0:  R_CMD: ACTCMD    R_f1= 0x00    at time   63151435 ps
inst0 ch0:  C_CMD: RDCMD     C_r = 0x015   at time   63165097 ps
inst0 ch0:  C_CMD: RDCMD     C_f = 0x038   at time   63165511 ps
inst0 ch0:  C_CMD: RDCMD     C_r = 0x015   at time   63168409 ps
inst0 ch0:  C_CMD: RDCMD     C_f = 0x03a   at time   63168823 ps
inst0 ch0:  C_CMD: RDCMD     C_r = 0x015   at time   63171721 ps
inst0 ch0:  C_CMD: RDCMD     C_f = 0x030   at time   63172135 ps
inst0 ch0:  C_CMD: RDCMD     C_r = 0x015   at time   63175033 ps
inst0 ch0:  C_CMD: RDCMD     C_f = 0x032   at time   63175447 ps
inst0 ch0:  C_CMD: RDCMD     C_r = 0x015   at time   63178345 ps
inst0 ch0:  C_CMD: RDCMD     C_f = 0x028   at time   63178759 ps
inst0 ch0:  C_CMD: RDCMD     C_r = 0x015   at time   63181657 ps
inst0 ch0:  C_CMD: RDCMD     C_f = 0x02a   at time   63182071 ps
inst0 ch0:  C_CMD: RDCMD     C_r = 0x015   at time   63184969 ps
inst0 ch0:  C_CMD: RDCMD     C_f = 0x020   at time   63185383 ps
inst0 ch0:  C_CMD: RDCMD     C_r = 0x01d   at time   63188281 ps
inst0 ch0:  C_CMD: RDCMD     C_f = 0x022   at time   63188695 ps
inst0 ch0:  R_CMD: ACTCMD    R_r0= 0x0a    at time   63223057 ps
inst0 ch0:  R_CMD: ACTCMD    R_f0= 0x00    at time   63223471 ps
inst0 ch0:  R_CMD: ACTCMD    R_r1= 0x00    at time   63223885 ps
inst0 ch0:  R_CMD: ACTCMD    R_f1= 0x00    at time   63224299 ps
inst0 ch0:  C_CMD: WRCMD     C_r = 0x011   at time   63233821 ps
inst0 ch0:  C_CMD: WRCMD     C_f = 0x038   at time   63234235 ps
inst0 ch0:  C_CMD: WRCMD     C_r = 0x011   at time   63237133 ps
inst0 ch0:  C_CMD: WRCMD     C_f = 0x03a   at time   63237547 ps
inst0 ch0:  C_CMD: WRCMD     C_r = 0x011   at time   63240445 ps
inst0 ch0:  C_CMD: WRCMD     C_f = 0x028   at time   63240859 ps
inst0 ch0:  C_CMD: WRCMD     C_r = 0x011   at time   63243757 ps
inst0 ch0:  C_CMD: WRCMD     C_f = 0x02a   at time   63244171 ps
inst0 ch0:  C_CMD: WRCMD     C_r = 0x011   at time   63247069 ps
inst0 ch0:  C_CMD: WRCMD     C_f = 0x030   at time   63247483 ps
inst0 ch0:  C_CMD: WRCMD     C_r = 0x011   at time   63250381 ps
inst0 ch0:  C_CMD: WRCMD     C_f = 0x032   at time   63250795 ps
inst0 ch0:  C_CMD: WRCMD     C_r = 0x011   at time   63253693 ps
inst0 ch0:  C_CMD: WRCMD     C_f = 0x020   at time   63254107 ps
inst0 ch0:  C_CMD: WRCMD     C_r = 0x019   at time   63257005 ps
inst0 ch0:  C_CMD: WRCMD     C_f = 0x022   at time   63257419 ps
inst0 ch0:  R_CMD: ACTCMD    R_r0= 0x02    at time   64157869 ps
inst0 ch0:  R_CMD: ACTCMD    R_f0= 0x1b    at time   64158283 ps
inst0 ch0:  R_CMD: ACTCMD    R_r1= 0x3f    at time   64158697 ps
inst0 ch0:  R_CMD: ACTCMD    R_f1= 0x3b    at time   64159111 ps
inst0 ch0:  C_CMD: RDCMD     C_r = 0x005   at time   64172773 ps
inst0 ch0:  C_CMD: RDCMD     C_f = 0x080   at time   64173187 ps
inst0 ch0:  C_CMD: RDCMD     C_r = 0x00d   at time   64176085 ps
inst0 ch0:  C_CMD: RDCMD     C_f = 0x082   at time   64176499 ps
inst0 ch0:  R_CMD: ACTCMD    R_r0= 0x02    at time   64230733 ps
inst0 ch0:  R_CMD: ACTCMD    R_f0= 0x1b    at time   64231147 ps
inst0 ch0:  R_CMD: ACTCMD    R_r1= 0x3f    at time   64231561 ps
inst0 ch0:  R_CMD: ACTCMD    R_f1= 0x3b    at time   64231975 ps
inst0 ch0:  C_CMD: WRCMD     C_r = 0x001   at time   64241497 ps
inst0 ch0:  C_CMD: WRCMD     C_f = 0x080   at time   64241911 ps
inst0 ch0:  C_CMD: WRCMD     C_r = 0x009   at time   64244809 ps
inst0 ch0:  C_CMD: WRCMD     C_f = 0x082   at time   64245223 ps
inst0 ch0:  R_CMD: ACTCMD    R_r0= 0x02    at time   64323469 ps
inst0 ch0:  R_CMD: ACTCMD    R_f0= 0x1b    at time   64323883 ps
inst0 ch0:  R_CMD: ACTCMD    R_r1= 0x3f    at time   64324297 ps
inst0 ch0:  R_CMD: ACTCMD    R_f1= 0x3b    at time   64324711 ps
inst0 ch0:  R_CMD: ACTCMD    R_r0= 0x02    at time   64335889 ps
inst0 ch0:  R_CMD: ACTCMD    R_f0= 0x13    at time   64336303 ps
inst0 ch0:  R_CMD: ACTCMD    R_r1= 0x3f    at time   64336717 ps
inst0 ch0:  R_CMD: ACTCMD    R_f1= 0x3b    at time   64337131 ps
inst0 ch0:  C_CMD: RDCMD     C_r = 0x005   at time   64338373 ps
inst0 ch0:  C_CMD: RDCMD     C_f = 0x080   at time   64338787 ps
inst0 ch0:  C_CMD: RDCMD     C_r = 0x00d   at time   64341685 ps
inst0 ch0:  C_CMD: RDCMD     C_f = 0x082   at time   64342099 ps
inst0 ch0:  C_CMD: RDCMD     C_r = 0x005   at time   64350793 ps
inst0 ch0:  C_CMD: RDCMD     C_f = 0x000   at time   64351207 ps
inst0 ch0:  C_CMD: RDCMD     C_r = 0x00d   at time   64354105 ps
inst0 ch0:  C_CMD: RDCMD     C_f = 0x002   at time   64354519 ps
inst0 ch0:  R_CMD: ACTCMD    R_r0= 0x02    at time   64391365 ps
inst0 ch0:  R_CMD: ACTCMD    R_f0= 0x1b    at time   64391779 ps
inst0 ch0:  R_CMD: ACTCMD    R_r1= 0x3f    at time   64392193 ps
inst0 ch0:  R_CMD: ACTCMD    R_f1= 0x3b    at time   64392607 ps
inst0 ch0:  C_CMD: WRCMD     C_r = 0x001   at time   64402129 ps
inst0 ch0:  C_CMD: WRCMD     C_f = 0x080   at time   64402543 ps
inst0 ch0:  C_CMD: WRCMD     C_r = 0x009   at time   64405441 ps
inst0 ch0:  C_CMD: WRCMD     C_f = 0x082   at time   64405855 ps
inst0 ch0:  R_CMD: ACTCMD    R_r0= 0x02    at time   64406269 ps
inst0 ch0:  R_CMD: ACTCMD    R_f0= 0x13    at time   64406683 ps
inst0 ch0:  R_CMD: ACTCMD    R_r1= 0x3f    at time   64407097 ps
inst0 ch0:  R_CMD: ACTCMD    R_f1= 0x3b    at time   64407511 ps
inst0 ch0:  C_CMD: WRCMD     C_r = 0x001   at time   64417033 ps
inst0 ch0:  C_CMD: WRCMD     C_f = 0x000   at time   64417447 ps
inst0 ch0:  C_CMD: WRCMD     C_r = 0x009   at time   64420345 ps
inst0 ch0:  C_CMD: WRCMD     C_f = 0x002   at time   64420759 ps
inst0 ch0:  R_CMD: ACTCMD    R_r0= 0x02    at time   64518049 ps
inst0 ch0:  R_CMD: ACTCMD    R_f0= 0x13    at time   64518463 ps
inst0 ch0:  R_CMD: ACTCMD    R_r1= 0x3f    at time   64518877 ps
inst0 ch0:  R_CMD: ACTCMD    R_f1= 0x3b    at time   64519291 ps
inst0 ch0:  C_CMD: RDCMD     C_r = 0x005   at time   64532953 ps
inst0 ch0:  C_CMD: RDCMD     C_f = 0x000   at time   64533367 ps
inst0 ch0:  C_CMD: RDCMD     C_r = 0x00d   at time   64536265 ps
inst0 ch0:  C_CMD: RDCMD     C_f = 0x002   at time   64536679 ps
inst0 ch0:  R_CMD: ACTCMD    R_r0= 0x02    at time   64588429 ps
inst0 ch0:  R_CMD: ACTCMD    R_f0= 0x13    at time   64588843 ps
inst0 ch0:  R_CMD: ACTCMD    R_r1= 0x3f    at time   64589257 ps
inst0 ch0:  R_CMD: ACTCMD    R_f1= 0x3b    at time   64589671 ps
inst0 ch0:  R_CMD: ACTCMD    R_r0= 0x0a    at time   64594225 ps
inst0 ch0:  R_CMD: ACTCMD    R_f0= 0x19    at time   64594639 ps
inst0 ch0:  R_CMD: ACTCMD    R_r1= 0x3f    at time   64595053 ps
inst0 ch0:  R_CMD: ACTCMD    R_f1= 0x3b    at time   64595467 ps
inst0 ch0:  R_CMD: ACTCMD    R_r0= 0x02    at time   64598365 ps
inst0 ch0:  R_CMD: ACTCMD    R_f0= 0x19    at time   64598779 ps
inst0 ch0:  R_CMD: ACTCMD    R_r1= 0x3f    at time   64599193 ps
inst0 ch0:  C_CMD: WRCMD     C_r = 0x001   at time   64599193 ps
inst0 ch0:  R_CMD: ACTCMD    R_f1= 0x3b    at time   64599607 ps
inst0 ch0:  C_CMD: WRCMD     C_f = 0x000   at time   64599607 ps
inst0 ch0:  C_CMD: WRCMD     C_r = 0x009   at time   64602505 ps
inst0 ch0:  C_CMD: WRCMD     C_f = 0x002   at time   64602919 ps
inst0 ch0:  C_CMD: RDCMD     C_r = 0x015   at time   64609129 ps
inst0 ch0:  C_CMD: RDCMD     C_f = 0x0f8   at time   64609543 ps
inst0 ch0:  C_CMD: RDCMD     C_r = 0x01d   at time   64612441 ps
inst0 ch0:  C_CMD: RDCMD     C_f = 0x0fa   at time   64612855 ps
inst0 ch0:  C_CMD: RDCMD     C_r = 0x005   at time   64615753 ps
inst0 ch0:  C_CMD: RDCMD     C_f = 0x0f8   at time   64616167 ps
inst0 ch0:  C_CMD: RDCMD     C_r = 0x00d   at time   64619065 ps
inst0 ch0:  C_CMD: RDCMD     C_f = 0x0fa   at time   64619479 ps
inst0 ch0:  R_CMD: ACTCMD    R_r0= 0x0a    at time   64673713 ps
inst0 ch0:  R_CMD: ACTCMD    R_f0= 0x19    at time   64674127 ps
inst0 ch0:  R_CMD: ACTCMD    R_r1= 0x3f    at time   64674541 ps
inst0 ch0:  R_CMD: ACTCMD    R_f1= 0x3b    at time   64674955 ps
inst0 ch0:  C_CMD: WRCMD     C_r = 0x011   at time   64684477 ps
inst0 ch0:  C_CMD: WRCMD     C_f = 0x0f8   at time   64684891 ps
inst0 ch0:  C_CMD: WRCMD     C_r = 0x019   at time   64687789 ps
inst0 ch0:  C_CMD: WRCMD     C_f = 0x0fa   at time   64688203 ps
inst0 ch0:  R_CMD: ACTCMD    R_r0= 0x02    at time   64708489 ps
inst0 ch0:  R_CMD: ACTCMD    R_f0= 0x19    at time   64708903 ps
inst0 ch0:  R_CMD: ACTCMD    R_r1= 0x3f    at time   64709317 ps
inst0 ch0:  R_CMD: ACTCMD    R_f1= 0x3b    at time   64709731 ps
inst0 ch0:  C_CMD: WRCMD     C_r = 0x001   at time   64719253 ps
inst0 ch0:  C_CMD: WRCMD     C_f = 0x0f8   at time   64719667 ps
inst0 ch0:  C_CMD: WRCMD     C_r = 0x009   at time   64722565 ps
inst0 ch0:  C_CMD: WRCMD     C_f = 0x0fa   at time   64722979 ps
inst0 ch0:  R_CMD: ACTCMD    R_r0= 0x0a    at time   64835173 ps
inst0 ch0:  R_CMD: ACTCMD    R_f0= 0x11    at time   64835587 ps
inst0 ch0:  R_CMD: ACTCMD    R_r1= 0x3f    at time   64836001 ps
inst0 ch0:  R_CMD: ACTCMD    R_f1= 0x3b    at time   64836415 ps
inst0 ch0:  R_CMD: ACTCMD    R_r0= 0x02    at time   64839313 ps
inst0 ch0:  R_CMD: ACTCMD    R_f0= 0x11    at time   64839727 ps
inst0 ch0:  R_CMD: ACTCMD    R_r1= 0x3f    at time   64840141 ps
inst0 ch0:  R_CMD: ACTCMD    R_f1= 0x3b    at time   64840555 ps
inst0 ch0:  C_CMD: RDCMD     C_r = 0x015   at time   64850077 ps
inst0 ch0:  C_CMD: RDCMD     C_f = 0x078   at time   64850491 ps
inst0 ch0:  C_CMD: RDCMD     C_r = 0x01d   at time   64853389 ps
inst0 ch0:  C_CMD: RDCMD     C_f = 0x07a   at time   64853803 ps
inst0 ch0:  C_CMD: RDCMD     C_r = 0x005   at time   64856701 ps
inst0 ch0:  C_CMD: RDCMD     C_f = 0x078   at time   64857115 ps
inst0 ch0:  C_CMD: RDCMD     C_r = 0x00d   at time   64860013 ps
inst0 ch0:  C_CMD: RDCMD     C_f = 0x07a   at time   64860427 ps
inst0 ch0:  R_CMD: ACTCMD    R_r0= 0x0a    at time   64908037 ps
inst0 ch0:  R_CMD: ACTCMD    R_f0= 0x11    at time   64908451 ps
inst0 ch0:  R_CMD: ACTCMD    R_r1= 0x3f    at time   64908865 ps
inst0 ch0:  R_CMD: ACTCMD    R_f1= 0x3b    at time   64909279 ps
inst0 ch0:  R_CMD: ACTCMD    R_r0= 0x02    at time   64912177 ps
inst0 ch0:  R_CMD: ACTCMD    R_f0= 0x11    at time   64912591 ps
inst0 ch0:  R_CMD: ACTCMD    R_r1= 0x3f    at time   64913005 ps
inst0 ch0:  R_CMD: ACTCMD    R_f1= 0x3b    at time   64913419 ps
inst0 ch0:  C_CMD: WRCMD     C_r = 0x011   at time   64918801 ps
inst0 ch0:  C_CMD: WRCMD     C_f = 0x078   at time   64919215 ps
inst0 ch0:  C_CMD: WRCMD     C_r = 0x019   at time   64922113 ps
inst0 ch0:  C_CMD: WRCMD     C_f = 0x07a   at time   64922527 ps
inst0 ch0:  C_CMD: WRCMD     C_r = 0x001   at time   64925425 ps
inst0 ch0:  C_CMD: WRCMD     C_f = 0x078   at time   64925839 ps
inst0 ch0:  C_CMD: WRCMD     C_r = 0x009   at time   64928737 ps
inst0 ch0:  C_CMD: WRCMD     C_f = 0x07a   at time   64929151 ps
inst0 ch0:  R_CMD: ACTCMD    R_r0= 0x0a    at time   65249173 ps
inst0 ch0:  R_CMD: ACTCMD    R_f0= 0x0a    at time   65249587 ps
inst0 ch0:  R_CMD: ACTCMD    R_r1= 0x00    at time   65250001 ps
inst0 ch0:  R_CMD: ACTCMD    R_f1= 0x00    at time   65250415 ps
inst0 ch0:  R_CMD: ACTCMD    R_r0= 0x02    at time   65253313 ps
inst0 ch0:  R_CMD: ACTCMD    R_f0= 0x0a    at time   65253727 ps
inst0 ch0:  R_CMD: ACTCMD    R_r1= 0x00    at time   65254141 ps
inst0 ch0:  R_CMD: ACTCMD    R_f1= 0x00    at time   65254555 ps
inst0 ch0:  C_CMD: RDCMD     C_r = 0x015   at time   65264077 ps
inst0 ch0:  C_CMD: RDCMD     C_f = 0x080   at time   65264491 ps
inst0 ch0:  C_CMD: RDCMD     C_r = 0x01d   at time   65267389 ps
inst0 ch0:  C_CMD: RDCMD     C_f = 0x082   at time   65267803 ps
inst0 ch0:  C_CMD: RDCMD     C_r = 0x005   at time   65270701 ps
inst0 ch0:  C_CMD: RDCMD     C_f = 0x080   at time   65271115 ps
inst0 ch0:  C_CMD: RDCMD     C_r = 0x00d   at time   65274013 ps
inst0 ch0:  C_CMD: RDCMD     C_f = 0x082   at time   65274427 ps
inst0 ch0:  R_CMD: ACTCMD    R_r0= 0x0a    at time   65305477 ps
inst0 ch0:  R_CMD: ACTCMD    R_f0= 0x02    at time   65305891 ps
inst0 ch0:  R_CMD: ACTCMD    R_r1= 0x00    at time   65306305 ps
inst0 ch0:  R_CMD: ACTCMD    R_f1= 0x00    at time   65306719 ps
inst0 ch0:  R_CMD: ACTCMD    R_r0= 0x02    at time   65309617 ps
inst0 ch0:  R_CMD: ACTCMD    R_f0= 0x02    at time   65310031 ps
inst0 ch0:  R_CMD: ACTCMD    R_r1= 0x00    at time   65310445 ps
inst0 ch0:  R_CMD: ACTCMD    R_f1= 0x00    at time   65310859 ps
inst0 ch0:  C_CMD: RDCMD     C_r = 0x015   at time   65320381 ps
inst0 ch0:  C_CMD: RDCMD     C_f = 0x000   at time   65320795 ps
inst0 ch0:  C_CMD: RDCMD     C_r = 0x01d   at time   65323693 ps
inst0 ch0:  C_CMD: RDCMD     C_f = 0x002   at time   65324107 ps
inst0 ch0:  C_CMD: RDCMD     C_r = 0x005   at time   65327005 ps
inst0 ch0:  C_CMD: RDCMD     C_f = 0x000   at time   65327419 ps
inst0 ch0:  C_CMD: RDCMD     C_r = 0x00d   at time   65330317 ps
inst0 ch0:  C_CMD: RDCMD     C_f = 0x002   at time   65330731 ps
