inst0 ch0:  R_CMD: ACTCMD    R_r0= 0x0e    at time   33400981 ps
inst0 ch0:  R_CMD: ACTCMD    R_f0= 0x28    at time   33401395 ps
inst0 ch0:  R_CMD: ACTCMD    R_r1= 0x00    at time   33401809 ps
inst0 ch0:  R_CMD: ACTCMD    R_f1= 0x02    at time   33402223 ps
inst0 ch0:  R_CMD: ACTCMD    R_r0= 0x0e    at time   33402637 ps
inst0 ch0:  R_CMD: ACTCMD    R_f0= 0x20    at time   33403051 ps
inst0 ch0:  R_CMD: ACTCMD    R_r1= 0x00    at time   33403465 ps
inst0 ch0:  R_CMD: ACTCMD    R_f1= 0x02    at time   33403879 ps
inst0 ch0:  C_CMD: RDCMD     C_r = 0x095   at time   33415885 ps
inst0 ch0:  C_CMD: RDCMD     C_f = 0x0a9   at time   33416299 ps
inst0 ch0:  C_CMD: RDCMD     C_r = 0x095   at time   33417541 ps
inst0 ch0:  C_CMD: RDCMD     C_f = 0x029   at time   33417955 ps
inst0 ch0:  C_CMD: RDCMD     C_r = 0x095   at time   33419197 ps
inst0 ch0:  C_CMD: RDCMD     C_f = 0x0ab   at time   33419611 ps
inst0 ch0:  C_CMD: RDCMD     C_r = 0x095   at time   33420853 ps
inst0 ch0:  C_CMD: RDCMD     C_f = 0x02b   at time   33421267 ps
inst0 ch0:  C_CMD: RDCMD     C_r = 0x095   at time   33422509 ps
inst0 ch0:  C_CMD: RDCMD     C_f = 0x0a1   at time   33422923 ps
inst0 ch0:  C_CMD: RDCMD     C_r = 0x095   at time   33424165 ps
inst0 ch0:  C_CMD: RDCMD     C_f = 0x021   at time   33424579 ps
inst0 ch0:  C_CMD: RDCMD     C_r = 0x09d   at time   33425821 ps
inst0 ch0:  C_CMD: RDCMD     C_f = 0x0a3   at time   33426235 ps
inst0 ch0:  C_CMD: RDCMD     C_r = 0x09d   at time   33427477 ps
inst0 ch0:  C_CMD: RDCMD     C_f = 0x023   at time   33427891 ps
inst0 ch0:  R_CMD: ACTCMD    R_r0= 0x0e    at time   33699061 ps
inst0 ch0:  R_CMD: ACTCMD    R_f0= 0x28    at time   33699475 ps
inst0 ch0:  R_CMD: ACTCMD    R_r1= 0x00    at time   33699889 ps
inst0 ch0:  R_CMD: ACTCMD    R_f1= 0x02    at time   33700303 ps
inst0 ch0:  R_CMD: ACTCMD    R_r0= 0x0e    at time   33700717 ps
inst0 ch0:  R_CMD: ACTCMD    R_f0= 0x20    at time   33701131 ps
inst0 ch0:  R_CMD: ACTCMD    R_r1= 0x00    at time   33701545 ps
inst0 ch0:  R_CMD: ACTCMD    R_f1= 0x02    at time   33701959 ps
inst0 ch0:  C_CMD: WRCMD     C_r = 0x091   at time   33709825 ps
inst0 ch0:  C_CMD: WRCMD     C_f = 0x0a9   at time   33710239 ps
inst0 ch0:  C_CMD: WRCMD     C_r = 0x091   at time   33711481 ps
inst0 ch0:  C_CMD: WRCMD     C_f = 0x029   at time   33711895 ps
inst0 ch0:  C_CMD: WRCMD     C_r = 0x091   at time   33713137 ps
inst0 ch0:  C_CMD: WRCMD     C_f = 0x0ab   at time   33713551 ps
inst0 ch0:  C_CMD: WRCMD     C_r = 0x091   at time   33714793 ps
inst0 ch0:  C_CMD: WRCMD     C_f = 0x02b   at time   33715207 ps
inst0 ch0:  C_CMD: WRCMD     C_r = 0x091   at time   33716449 ps
inst0 ch0:  C_CMD: WRCMD     C_f = 0x0a1   at time   33716863 ps
inst0 ch0:  C_CMD: WRCMD     C_r = 0x091   at time   33718105 ps
inst0 ch0:  C_CMD: WRCMD     C_f = 0x021   at time   33718519 ps
inst0 ch0:  C_CMD: WRCMD     C_r = 0x099   at time   33719761 ps
inst0 ch0:  C_CMD: WRCMD     C_f = 0x0a3   at time   33720175 ps
inst0 ch0:  C_CMD: WRCMD     C_r = 0x099   at time   33721417 ps
inst0 ch0:  C_CMD: WRCMD     C_f = 0x023   at time   33721831 ps
inst0 ch0:  R_CMD: ACTCMD    R_r0= 0x26    at time   37605565 ps
inst0 ch0:  R_CMD: ACTCMD    R_f0= 0x28    at time   37605979 ps
inst0 ch0:  R_CMD: ACTCMD    R_r1= 0x00    at time   37606393 ps
inst0 ch0:  R_CMD: ACTCMD    R_f1= 0x02    at time   37606807 ps
inst0 ch0:  R_CMD: ACTCMD    R_r0= 0x26    at time   37608049 ps
inst0 ch0:  R_CMD: ACTCMD    R_f0= 0x20    at time   37608463 ps
inst0 ch0:  R_CMD: ACTCMD    R_r1= 0x00    at time   37608877 ps
inst0 ch0:  R_CMD: ACTCMD    R_f1= 0x02    at time   37609291 ps
inst0 ch0:  C_CMD: RDCMD     C_r = 0x0c5   at time   37620469 ps
inst0 ch0:  C_CMD: RDCMD     C_f = 0x0a9   at time   37620883 ps
inst0 ch0:  C_CMD: RDCMD     C_r = 0x0c5   at time   37622953 ps
inst0 ch0:  C_CMD: RDCMD     C_f = 0x029   at time   37623367 ps
inst0 ch0:  C_CMD: RDCMD     C_r = 0x0c5   at time   37623781 ps
inst0 ch0:  C_CMD: RDCMD     C_f = 0x0ab   at time   37624195 ps
inst0 ch0:  C_CMD: RDCMD     C_r = 0x0c5   at time   37626265 ps
inst0 ch0:  C_CMD: RDCMD     C_f = 0x02b   at time   37626679 ps
inst0 ch0:  C_CMD: RDCMD     C_r = 0x0c5   at time   37627093 ps
inst0 ch0:  C_CMD: RDCMD     C_f = 0x0a1   at time   37627507 ps
inst0 ch0:  C_CMD: RDCMD     C_r = 0x0c5   at time   37629577 ps
inst0 ch0:  C_CMD: RDCMD     C_f = 0x021   at time   37629991 ps
inst0 ch0:  C_CMD: RDCMD     C_r = 0x0cd   at time   37630405 ps
inst0 ch0:  C_CMD: RDCMD     C_f = 0x0a3   at time   37630819 ps
inst0 ch0:  C_CMD: RDCMD     C_r = 0x0cd   at time   37632889 ps
inst0 ch0:  C_CMD: RDCMD     C_f = 0x023   at time   37633303 ps
inst0 ch0:  R_CMD: ACTCMD    R_r0= 0x26    at time   37704925 ps
inst0 ch0:  R_CMD: ACTCMD    R_f0= 0x28    at time   37705339 ps
inst0 ch0:  R_CMD: ACTCMD    R_r1= 0x00    at time   37705753 ps
inst0 ch0:  R_CMD: ACTCMD    R_f1= 0x02    at time   37706167 ps
inst0 ch0:  R_CMD: ACTCMD    R_r0= 0x26    at time   37714033 ps
inst0 ch0:  R_CMD: ACTCMD    R_f0= 0x20    at time   37714447 ps
inst0 ch0:  R_CMD: ACTCMD    R_r1= 0x00    at time   37714861 ps
inst0 ch0:  R_CMD: ACTCMD    R_f1= 0x02    at time   37715275 ps
inst0 ch0:  C_CMD: WRCMD     C_r = 0x0c1   at time   37715689 ps
inst0 ch0:  C_CMD: WRCMD     C_f = 0x0a9   at time   37716103 ps
inst0 ch0:  C_CMD: WRCMD     C_r = 0x0c9   at time   37719001 ps
inst0 ch0:  C_CMD: WRCMD     C_f = 0x0ab   at time   37719415 ps
inst0 ch0:  C_CMD: WRCMD     C_r = 0x0c1   at time   37724797 ps
inst0 ch0:  C_CMD: WRCMD     C_f = 0x029   at time   37725211 ps
inst0 ch0:  C_CMD: WRCMD     C_r = 0x0c9   at time   37728109 ps
inst0 ch0:  C_CMD: WRCMD     C_f = 0x02b   at time   37728523 ps
inst0 ch0:  R_CMD: ACTCMD    R_r0= 0x26    at time   37757089 ps
inst0 ch0:  R_CMD: ACTCMD    R_f0= 0x28    at time   37757503 ps
inst0 ch0:  R_CMD: ACTCMD    R_r1= 0x00    at time   37757917 ps
inst0 ch0:  R_CMD: ACTCMD    R_f1= 0x02    at time   37758331 ps
inst0 ch0:  R_CMD: ACTCMD    R_r0= 0x26    at time   37766197 ps
inst0 ch0:  R_CMD: ACTCMD    R_f0= 0x20    at time   37766611 ps
inst0 ch0:  R_CMD: ACTCMD    R_r1= 0x00    at time   37767025 ps
inst0 ch0:  R_CMD: ACTCMD    R_f1= 0x02    at time   37767439 ps
inst0 ch0:  C_CMD: WRCMD     C_r = 0x0c1   at time   37767853 ps
inst0 ch0:  C_CMD: WRCMD     C_f = 0x0a1   at time   37768267 ps
inst0 ch0:  C_CMD: WRCMD     C_r = 0x0c9   at time   37771165 ps
inst0 ch0:  C_CMD: WRCMD     C_f = 0x0a3   at time   37771579 ps
inst0 ch0:  C_CMD: WRCMD     C_r = 0x0c1   at time   37776961 ps
inst0 ch0:  C_CMD: WRCMD     C_f = 0x021   at time   37777375 ps
inst0 ch0:  C_CMD: WRCMD     C_r = 0x0c9   at time   37780273 ps
inst0 ch0:  C_CMD: WRCMD     C_f = 0x023   at time   37780687 ps
inst0 ch0:  R_CMD: ACTCMD    R_r0= 0x22    at time   54596125 ps
inst0 ch0:  R_CMD: ACTCMD    R_f0= 0x22    at time   54596539 ps
inst0 ch0:  R_CMD: ACTCMD    R_r1= 0x00    at time   54596953 ps
inst0 ch0:  R_CMD: ACTCMD    R_f1= 0x00    at time   54597367 ps
inst0 ch0:  R_CMD: ACTCMD    R_r0= 0x22    at time   54597781 ps
inst0 ch0:  R_CMD: ACTCMD    R_f0= 0x2a    at time   54598195 ps
inst0 ch0:  R_CMD: ACTCMD    R_r1= 0x00    at time   54598609 ps
inst0 ch0:  R_CMD: ACTCMD    R_f1= 0x00    at time   54599023 ps
inst0 ch0:  R_CMD: ACTCMD    R_r0= 0x02    at time   54600265 ps
inst0 ch0:  R_CMD: ACTCMD    R_f0= 0x22    at time   54600679 ps
inst0 ch0:  R_CMD: ACTCMD    R_r1= 0x00    at time   54601093 ps
inst0 ch0:  R_CMD: ACTCMD    R_f1= 0x00    at time   54601507 ps
inst0 ch0:  R_CMD: ACTCMD    R_r0= 0x02    at time   54601921 ps
inst0 ch0:  R_CMD: ACTCMD    R_f0= 0x2a    at time   54602335 ps
inst0 ch0:  R_CMD: ACTCMD    R_r1= 0x00    at time   54602749 ps
inst0 ch0:  R_CMD: ACTCMD    R_f1= 0x00    at time   54603163 ps
inst0 ch0:  R_CMD: ACTCMD    R_r0= 0x22    at time   54604405 ps
inst0 ch0:  R_CMD: ACTCMD    R_f0= 0x02    at time   54604819 ps
inst0 ch0:  R_CMD: ACTCMD    R_r1= 0x00    at time   54605233 ps
inst0 ch0:  R_CMD: ACTCMD    R_f1= 0x00    at time   54605647 ps
inst0 ch0:  R_CMD: ACTCMD    R_r0= 0x22    at time   54606061 ps
inst0 ch0:  R_CMD: ACTCMD    R_f0= 0x0a    at time   54606475 ps
inst0 ch0:  R_CMD: ACTCMD    R_r1= 0x00    at time   54606889 ps
inst0 ch0:  R_CMD: ACTCMD    R_f1= 0x00    at time   54607303 ps
inst0 ch0:  R_CMD: ACTCMD    R_r0= 0x02    at time   54608545 ps
inst0 ch0:  R_CMD: ACTCMD    R_f0= 0x02    at time   54608959 ps
inst0 ch0:  R_CMD: ACTCMD    R_r1= 0x00    at time   54609373 ps
inst0 ch0:  R_CMD: ACTCMD    R_f1= 0x00    at time   54609787 ps
inst0 ch0:  R_CMD: ACTCMD    R_r0= 0x02    at time   54610201 ps
inst0 ch0:  R_CMD: ACTCMD    R_f0= 0x0a    at time   54610615 ps
inst0 ch0:  R_CMD: ACTCMD    R_r1= 0x00    at time   54611029 ps
inst0 ch0:  C_CMD: RDCMD     C_r = 0x0c5   at time   54611029 ps
inst0 ch0:  R_CMD: ACTCMD    R_f1= 0x00    at time   54611443 ps
inst0 ch0:  C_CMD: RDCMD     C_f = 0x000   at time   54611443 ps
inst0 ch0:  C_CMD: RDCMD     C_r = 0x0c5   at time   54612685 ps
inst0 ch0:  C_CMD: RDCMD     C_f = 0x080   at time   54613099 ps
inst0 ch0:  C_CMD: RDCMD     C_r = 0x0cd   at time   54614341 ps
inst0 ch0:  C_CMD: RDCMD     C_f = 0x002   at time   54614755 ps
inst0 ch0:  C_CMD: RDCMD     C_r = 0x085   at time   54615997 ps
inst0 ch0:  C_CMD: RDCMD     C_f = 0x000   at time   54616411 ps
inst0 ch0:  C_CMD: RDCMD     C_r = 0x0cd   at time   54616825 ps
inst0 ch0:  C_CMD: RDCMD     C_f = 0x082   at time   54617239 ps
inst0 ch0:  C_CMD: RDCMD     C_r = 0x085   at time   54618481 ps
inst0 ch0:  C_CMD: RDCMD     C_f = 0x080   at time   54618895 ps
inst0 ch0:  C_CMD: RDCMD     C_r = 0x08d   at time   54619309 ps
inst0 ch0:  C_CMD: RDCMD     C_f = 0x002   at time   54619723 ps
inst0 ch0:  C_CMD: RDCMD     C_r = 0x045   at time   54620965 ps
inst0 ch0:  C_CMD: RDCMD     C_f = 0x000   at time   54621379 ps
inst0 ch0:  C_CMD: RDCMD     C_r = 0x08d   at time   54621793 ps
inst0 ch0:  C_CMD: RDCMD     C_f = 0x082   at time   54622207 ps
inst0 ch0:  C_CMD: RDCMD     C_r = 0x005   at time   54623449 ps
inst0 ch0:  C_CMD: RDCMD     C_f = 0x000   at time   54623863 ps
inst0 ch0:  C_CMD: RDCMD     C_r = 0x045   at time   54624277 ps
inst0 ch0:  C_CMD: RDCMD     C_f = 0x080   at time   54624691 ps
inst0 ch0:  C_CMD: RDCMD     C_r = 0x04d   at time   54625105 ps
inst0 ch0:  C_CMD: RDCMD     C_f = 0x002   at time   54625519 ps
inst0 ch0:  C_CMD: RDCMD     C_r = 0x005   at time   54625933 ps
inst0 ch0:  C_CMD: RDCMD     C_f = 0x080   at time   54626347 ps
inst0 ch0:  C_CMD: RDCMD     C_r = 0x00d   at time   54626761 ps
inst0 ch0:  C_CMD: RDCMD     C_f = 0x002   at time   54627175 ps
inst0 ch0:  C_CMD: RDCMD     C_r = 0x04d   at time   54627589 ps
inst0 ch0:  C_CMD: RDCMD     C_f = 0x082   at time   54628003 ps
inst0 ch0:  C_CMD: RDCMD     C_r = 0x00d   at time   54629245 ps
inst0 ch0:  C_CMD: RDCMD     C_f = 0x082   at time   54629659 ps
inst0 ch0:  R_CMD: ACTCMD    R_r0= 0x2a    at time   55476289 ps
inst0 ch0:  R_CMD: ACTCMD    R_f0= 0x22    at time   55476703 ps
inst0 ch0:  R_CMD: ACTCMD    R_r1= 0x00    at time   55477117 ps
inst0 ch0:  R_CMD: ACTCMD    R_f1= 0x00    at time   55477531 ps
inst0 ch0:  R_CMD: ACTCMD    R_r0= 0x0a    at time   55480429 ps
inst0 ch0:  R_CMD: ACTCMD    R_f0= 0x22    at time   55480843 ps
inst0 ch0:  R_CMD: ACTCMD    R_r1= 0x00    at time   55481257 ps
inst0 ch0:  R_CMD: ACTCMD    R_f1= 0x00    at time   55481671 ps
inst0 ch0:  R_CMD: ACTCMD    R_r0= 0x2a    at time   55484569 ps
inst0 ch0:  R_CMD: ACTCMD    R_f0= 0x02    at time   55484983 ps
inst0 ch0:  R_CMD: ACTCMD    R_r1= 0x00    at time   55485397 ps
inst0 ch0:  R_CMD: ACTCMD    R_f1= 0x00    at time   55485811 ps
inst0 ch0:  R_CMD: ACTCMD    R_r0= 0x0a    at time   55488709 ps
inst0 ch0:  R_CMD: ACTCMD    R_f0= 0x02    at time   55489123 ps
inst0 ch0:  R_CMD: ACTCMD    R_r1= 0x00    at time   55489537 ps
inst0 ch0:  R_CMD: ACTCMD    R_f1= 0x00    at time   55489951 ps
inst0 ch0:  C_CMD: RDCMD     C_r = 0x0d5   at time   55491193 ps
inst0 ch0:  C_CMD: RDCMD     C_f = 0x000   at time   55491607 ps
inst0 ch0:  C_CMD: RDCMD     C_r = 0x0dd   at time   55494505 ps
inst0 ch0:  C_CMD: RDCMD     C_f = 0x002   at time   55494919 ps
inst0 ch0:  R_CMD: ACTCMD    R_r0= 0x2a    at time   55495333 ps
inst0 ch0:  R_CMD: ACTCMD    R_f0= 0x2a    at time   55495747 ps
inst0 ch0:  R_CMD: ACTCMD    R_r1= 0x00    at time   55496161 ps
inst0 ch0:  C_CMD: RDCMD     C_r = 0x095   at time   55496161 ps
inst0 ch0:  R_CMD: ACTCMD    R_f1= 0x00    at time   55496575 ps
inst0 ch0:  C_CMD: RDCMD     C_f = 0x000   at time   55496575 ps
inst0 ch0:  R_CMD: ACTCMD    R_r0= 0x0a    at time   55499473 ps
inst0 ch0:  C_CMD: RDCMD     C_r = 0x09d   at time   55499473 ps
inst0 ch0:  R_CMD: ACTCMD    R_f0= 0x2a    at time   55499887 ps
inst0 ch0:  C_CMD: RDCMD     C_f = 0x002   at time   55499887 ps
inst0 ch0:  R_CMD: ACTCMD    R_r1= 0x00    at time   55500301 ps
inst0 ch0:  R_CMD: ACTCMD    R_f1= 0x00    at time   55500715 ps
inst0 ch0:  C_CMD: RDCMD     C_r = 0x055   at time   55501129 ps
inst0 ch0:  C_CMD: RDCMD     C_f = 0x000   at time   55501543 ps
inst0 ch0:  R_CMD: ACTCMD    R_r0= 0x2a    at time   55503613 ps
inst0 ch0:  C_CMD: RDCMD     C_r = 0x015   at time   55503613 ps
inst0 ch0:  R_CMD: ACTCMD    R_f0= 0x0a    at time   55504027 ps
inst0 ch0:  C_CMD: RDCMD     C_f = 0x000   at time   55504027 ps
inst0 ch0:  R_CMD: ACTCMD    R_r1= 0x00    at time   55504441 ps
inst0 ch0:  R_CMD: ACTCMD    R_f1= 0x00    at time   55504855 ps
inst0 ch0:  C_CMD: RDCMD     C_r = 0x05d   at time   55505269 ps
inst0 ch0:  C_CMD: RDCMD     C_f = 0x002   at time   55505683 ps
inst0 ch0:  C_CMD: RDCMD     C_r = 0x01d   at time   55506925 ps
inst0 ch0:  C_CMD: RDCMD     C_f = 0x002   at time   55507339 ps
inst0 ch0:  R_CMD: ACTCMD    R_r0= 0x0a    at time   55507753 ps
inst0 ch0:  R_CMD: ACTCMD    R_f0= 0x0a    at time   55508167 ps
inst0 ch0:  R_CMD: ACTCMD    R_r1= 0x00    at time   55508581 ps
inst0 ch0:  R_CMD: ACTCMD    R_f1= 0x00    at time   55508995 ps
inst0 ch0:  C_CMD: RDCMD     C_r = 0x0d5   at time   55510237 ps
inst0 ch0:  C_CMD: RDCMD     C_f = 0x080   at time   55510651 ps
inst0 ch0:  C_CMD: RDCMD     C_r = 0x0dd   at time   55513549 ps
inst0 ch0:  C_CMD: RDCMD     C_f = 0x082   at time   55513963 ps
inst0 ch0:  C_CMD: RDCMD     C_r = 0x095   at time   55515205 ps
inst0 ch0:  C_CMD: RDCMD     C_f = 0x080   at time   55515619 ps
inst0 ch0:  C_CMD: RDCMD     C_r = 0x09d   at time   55518517 ps
inst0 ch0:  C_CMD: RDCMD     C_f = 0x082   at time   55518931 ps
inst0 ch0:  C_CMD: RDCMD     C_r = 0x055   at time   55520173 ps
inst0 ch0:  C_CMD: RDCMD     C_f = 0x080   at time   55520587 ps
inst0 ch0:  C_CMD: RDCMD     C_r = 0x015   at time   55522657 ps
inst0 ch0:  C_CMD: RDCMD     C_f = 0x080   at time   55523071 ps
inst0 ch0:  C_CMD: RDCMD     C_r = 0x05d   at time   55524313 ps
inst0 ch0:  C_CMD: RDCMD     C_f = 0x082   at time   55524727 ps
inst0 ch0:  C_CMD: RDCMD     C_r = 0x01d   at time   55525969 ps
inst0 ch0:  C_CMD: RDCMD     C_f = 0x082   at time   55526383 ps
inst0 ch0:  R_CMD: ACTCMD    R_r0= 0x32    at time   55769401 ps
inst0 ch0:  R_CMD: ACTCMD    R_f0= 0x22    at time   55769815 ps
inst0 ch0:  R_CMD: ACTCMD    R_r1= 0x00    at time   55770229 ps
inst0 ch0:  R_CMD: ACTCMD    R_f1= 0x00    at time   55770643 ps
inst0 ch0:  R_CMD: ACTCMD    R_r0= 0x12    at time   55773541 ps
inst0 ch0:  R_CMD: ACTCMD    R_f0= 0x22    at time   55773955 ps
inst0 ch0:  R_CMD: ACTCMD    R_r1= 0x00    at time   55774369 ps
inst0 ch0:  R_CMD: ACTCMD    R_f1= 0x00    at time   55774783 ps
inst0 ch0:  R_CMD: ACTCMD    R_r0= 0x32    at time   55777681 ps
inst0 ch0:  R_CMD: ACTCMD    R_f0= 0x02    at time   55778095 ps
inst0 ch0:  R_CMD: ACTCMD    R_r1= 0x00    at time   55778509 ps
inst0 ch0:  R_CMD: ACTCMD    R_f1= 0x00    at time   55778923 ps
inst0 ch0:  C_CMD: RDCMD     C_r = 0x0e5   at time   55784305 ps
inst0 ch0:  C_CMD: RDCMD     C_f = 0x000   at time   55784719 ps
inst0 ch0:  C_CMD: RDCMD     C_r = 0x0ed   at time   55787617 ps
inst0 ch0:  C_CMD: RDCMD     C_f = 0x002   at time   55788031 ps
inst0 ch0:  C_CMD: RDCMD     C_r = 0x0a5   at time   55789273 ps
inst0 ch0:  C_CMD: RDCMD     C_f = 0x000   at time   55789687 ps
inst0 ch0:  C_CMD: RDCMD     C_r = 0x0ad   at time   55792585 ps
inst0 ch0:  C_CMD: RDCMD     C_f = 0x002   at time   55792999 ps
inst0 ch0:  C_CMD: RDCMD     C_r = 0x065   at time   55794241 ps
inst0 ch0:  C_CMD: RDCMD     C_f = 0x000   at time   55794655 ps
inst0 ch0:  C_CMD: RDCMD     C_r = 0x06d   at time   55797553 ps
inst0 ch0:  C_CMD: RDCMD     C_f = 0x002   at time   55797967 ps
inst0 ch0:  R_CMD: ACTCMD    R_r0= 0x12    at time   55811629 ps
inst0 ch0:  R_CMD: ACTCMD    R_f0= 0x02    at time   55812043 ps
inst0 ch0:  R_CMD: ACTCMD    R_r1= 0x00    at time   55812457 ps
inst0 ch0:  R_CMD: ACTCMD    R_f1= 0x00    at time   55812871 ps
inst0 ch0:  R_CMD: ACTCMD    R_r0= 0x32    at time   55821565 ps
inst0 ch0:  R_CMD: ACTCMD    R_f0= 0x2a    at time   55821979 ps
inst0 ch0:  R_CMD: ACTCMD    R_r1= 0x00    at time   55822393 ps
inst0 ch0:  R_CMD: ACTCMD    R_f1= 0x00    at time   55822807 ps
inst0 ch0:  R_CMD: ACTCMD    R_r0= 0x12    at time   55825705 ps
inst0 ch0:  R_CMD: ACTCMD    R_f0= 0x2a    at time   55826119 ps
inst0 ch0:  R_CMD: ACTCMD    R_r1= 0x00    at time   55826533 ps
inst0 ch0:  C_CMD: RDCMD     C_r = 0x025   at time   55826533 ps
inst0 ch0:  R_CMD: ACTCMD    R_f1= 0x00    at time   55826947 ps
inst0 ch0:  C_CMD: RDCMD     C_f = 0x000   at time   55826947 ps
inst0 ch0:  R_CMD: ACTCMD    R_r0= 0x32    at time   55829845 ps
inst0 ch0:  C_CMD: RDCMD     C_r = 0x02d   at time   55829845 ps
inst0 ch0:  R_CMD: ACTCMD    R_f0= 0x0a    at time   55830259 ps
inst0 ch0:  C_CMD: RDCMD     C_f = 0x002   at time   55830259 ps
inst0 ch0:  R_CMD: ACTCMD    R_r1= 0x00    at time   55830673 ps
inst0 ch0:  R_CMD: ACTCMD    R_f1= 0x00    at time   55831087 ps
inst0 ch0:  R_CMD: ACTCMD    R_r0= 0x12    at time   55833985 ps
inst0 ch0:  R_CMD: ACTCMD    R_f0= 0x0a    at time   55834399 ps
inst0 ch0:  R_CMD: ACTCMD    R_r1= 0x00    at time   55834813 ps
inst0 ch0:  R_CMD: ACTCMD    R_f1= 0x00    at time   55835227 ps
inst0 ch0:  C_CMD: RDCMD     C_r = 0x0e5   at time   55836469 ps
inst0 ch0:  C_CMD: RDCMD     C_f = 0x080   at time   55836883 ps
inst0 ch0:  C_CMD: RDCMD     C_r = 0x0ed   at time   55839781 ps
inst0 ch0:  C_CMD: RDCMD     C_f = 0x082   at time   55840195 ps
inst0 ch0:  C_CMD: RDCMD     C_r = 0x0a5   at time   55841437 ps
inst0 ch0:  C_CMD: RDCMD     C_f = 0x080   at time   55841851 ps
inst0 ch0:  C_CMD: RDCMD     C_r = 0x0ad   at time   55844749 ps
inst0 ch0:  C_CMD: RDCMD     C_f = 0x082   at time   55845163 ps
inst0 ch0:  C_CMD: RDCMD     C_r = 0x065   at time   55846405 ps
inst0 ch0:  C_CMD: RDCMD     C_f = 0x080   at time   55846819 ps
inst0 ch0:  C_CMD: RDCMD     C_r = 0x025   at time   55848889 ps
inst0 ch0:  C_CMD: RDCMD     C_f = 0x080   at time   55849303 ps
inst0 ch0:  C_CMD: RDCMD     C_r = 0x06d   at time   55850545 ps
inst0 ch0:  C_CMD: RDCMD     C_f = 0x082   at time   55850959 ps
inst0 ch0:  C_CMD: RDCMD     C_r = 0x02d   at time   55852201 ps
inst0 ch0:  C_CMD: RDCMD     C_f = 0x082   at time   55852615 ps
inst0 ch0:  R_CMD: ACTCMD    R_r0= 0x3a    at time   56132893 ps
inst0 ch0:  R_CMD: ACTCMD    R_f0= 0x22    at time   56133307 ps
inst0 ch0:  R_CMD: ACTCMD    R_r1= 0x00    at time   56133721 ps
inst0 ch0:  R_CMD: ACTCMD    R_f1= 0x00    at time   56134135 ps
inst0 ch0:  R_CMD: ACTCMD    R_r0= 0x1a    at time   56137033 ps
inst0 ch0:  R_CMD: ACTCMD    R_f0= 0x22    at time   56137447 ps
inst0 ch0:  R_CMD: ACTCMD    R_r1= 0x00    at time   56137861 ps
inst0 ch0:  R_CMD: ACTCMD    R_f1= 0x00    at time   56138275 ps
inst0 ch0:  R_CMD: ACTCMD    R_r0= 0x3a    at time   56141173 ps
inst0 ch0:  R_CMD: ACTCMD    R_f0= 0x02    at time   56141587 ps
inst0 ch0:  R_CMD: ACTCMD    R_r1= 0x00    at time   56142001 ps
inst0 ch0:  R_CMD: ACTCMD    R_f1= 0x00    at time   56142415 ps
inst0 ch0:  R_CMD: ACTCMD    R_r0= 0x1a    at time   56145313 ps
inst0 ch0:  R_CMD: ACTCMD    R_f0= 0x02    at time   56145727 ps
inst0 ch0:  R_CMD: ACTCMD    R_r1= 0x00    at time   56146141 ps
inst0 ch0:  R_CMD: ACTCMD    R_f1= 0x00    at time   56146555 ps
inst0 ch0:  C_CMD: RDCMD     C_r = 0x0f5   at time   56147797 ps
inst0 ch0:  C_CMD: RDCMD     C_f = 0x000   at time   56148211 ps
inst0 ch0:  C_CMD: RDCMD     C_r = 0x0fd   at time   56151109 ps
inst0 ch0:  C_CMD: RDCMD     C_f = 0x002   at time   56151523 ps
inst0 ch0:  C_CMD: RDCMD     C_r = 0x0b5   at time   56152765 ps
inst0 ch0:  C_CMD: RDCMD     C_f = 0x000   at time   56153179 ps
inst0 ch0:  C_CMD: RDCMD     C_r = 0x0bd   at time   56156077 ps
inst0 ch0:  C_CMD: RDCMD     C_f = 0x002   at time   56156491 ps
inst0 ch0:  C_CMD: RDCMD     C_r = 0x075   at time   56157733 ps
inst0 ch0:  C_CMD: RDCMD     C_f = 0x000   at time   56158147 ps
inst0 ch0:  C_CMD: RDCMD     C_r = 0x035   at time   56160217 ps
inst0 ch0:  C_CMD: RDCMD     C_f = 0x000   at time   56160631 ps
inst0 ch0:  C_CMD: RDCMD     C_r = 0x07d   at time   56161873 ps
inst0 ch0:  C_CMD: RDCMD     C_f = 0x002   at time   56162287 ps
inst0 ch0:  C_CMD: RDCMD     C_r = 0x03d   at time   56163529 ps
inst0 ch0:  C_CMD: RDCMD     C_f = 0x002   at time   56163943 ps
inst0 ch0:  R_CMD: ACTCMD    R_r0= 0x3a    at time   56181745 ps
inst0 ch0:  R_CMD: ACTCMD    R_f0= 0x2a    at time   56182159 ps
inst0 ch0:  R_CMD: ACTCMD    R_r1= 0x00    at time   56182573 ps
inst0 ch0:  R_CMD: ACTCMD    R_f1= 0x00    at time   56182987 ps
inst0 ch0:  R_CMD: ACTCMD    R_r0= 0x1a    at time   56185885 ps
inst0 ch0:  R_CMD: ACTCMD    R_f0= 0x2a    at time   56186299 ps
inst0 ch0:  R_CMD: ACTCMD    R_r1= 0x00    at time   56186713 ps
inst0 ch0:  R_CMD: ACTCMD    R_f1= 0x00    at time   56187127 ps
inst0 ch0:  R_CMD: ACTCMD    R_r0= 0x3a    at time   56190025 ps
inst0 ch0:  R_CMD: ACTCMD    R_f0= 0x0a    at time   56190439 ps
inst0 ch0:  R_CMD: ACTCMD    R_r1= 0x00    at time   56190853 ps
inst0 ch0:  R_CMD: ACTCMD    R_f1= 0x00    at time   56191267 ps
inst0 ch0:  R_CMD: ACTCMD    R_r0= 0x1a    at time   56194165 ps
inst0 ch0:  R_CMD: ACTCMD    R_f0= 0x0a    at time   56194579 ps
inst0 ch0:  R_CMD: ACTCMD    R_r1= 0x00    at time   56194993 ps
inst0 ch0:  R_CMD: ACTCMD    R_f1= 0x00    at time   56195407 ps
inst0 ch0:  C_CMD: RDCMD     C_r = 0x0f5   at time   56196649 ps
inst0 ch0:  C_CMD: RDCMD     C_f = 0x080   at time   56197063 ps
inst0 ch0:  C_CMD: RDCMD     C_r = 0x0fd   at time   56199961 ps
inst0 ch0:  C_CMD: RDCMD     C_f = 0x082   at time   56200375 ps
inst0 ch0:  C_CMD: RDCMD     C_r = 0x0b5   at time   56201617 ps
inst0 ch0:  C_CMD: RDCMD     C_f = 0x080   at time   56202031 ps
inst0 ch0:  C_CMD: RDCMD     C_r = 0x0bd   at time   56204929 ps
inst0 ch0:  C_CMD: RDCMD     C_f = 0x082   at time   56205343 ps
inst0 ch0:  C_CMD: RDCMD     C_r = 0x075   at time   56206585 ps
inst0 ch0:  C_CMD: RDCMD     C_f = 0x080   at time   56206999 ps
inst0 ch0:  C_CMD: RDCMD     C_r = 0x035   at time   56209069 ps
inst0 ch0:  C_CMD: RDCMD     C_f = 0x080   at time   56209483 ps
inst0 ch0:  C_CMD: RDCMD     C_r = 0x07d   at time   56210725 ps
inst0 ch0:  C_CMD: RDCMD     C_f = 0x082   at time   56211139 ps
inst0 ch0:  C_CMD: RDCMD     C_r = 0x03d   at time   56212381 ps
inst0 ch0:  C_CMD: RDCMD     C_f = 0x082   at time   56212795 ps
inst0 ch0:  R_CMD: ACTCMD    R_r0= 0x02    at time   56598229 ps
inst0 ch0:  R_CMD: ACTCMD    R_f0= 0x10    at time   56598643 ps
inst0 ch0:  R_CMD: ACTCMD    R_r1= 0x3f    at time   56599057 ps
inst0 ch0:  R_CMD: ACTCMD    R_f1= 0x3b    at time   56599471 ps
inst0 ch0:  C_CMD: RDCMD     C_r = 0x005   at time   56613133 ps
inst0 ch0:  C_CMD: RDCMD     C_f = 0x078   at time   56613547 ps
inst0 ch0:  C_CMD: RDCMD     C_r = 0x00d   at time   56616445 ps
inst0 ch0:  C_CMD: RDCMD     C_f = 0x07a   at time   56616859 ps
inst0 ch0:  R_CMD: ACTCMD    R_r0= 0x02    at time   56632177 ps
inst0 ch0:  R_CMD: ACTCMD    R_f0= 0x18    at time   56632591 ps
inst0 ch0:  R_CMD: ACTCMD    R_r1= 0x3f    at time   56633005 ps
inst0 ch0:  R_CMD: ACTCMD    R_f1= 0x3b    at time   56633419 ps
inst0 ch0:  C_CMD: RDCMD     C_r = 0x005   at time   56647081 ps
inst0 ch0:  C_CMD: RDCMD     C_f = 0x0f8   at time   56647495 ps
inst0 ch0:  C_CMD: RDCMD     C_r = 0x00d   at time   56650393 ps
inst0 ch0:  C_CMD: RDCMD     C_f = 0x0fa   at time   56650807 ps
inst0 ch0:  R_CMD: ACTCMD    R_r0= 0x02    at time   56868157 ps
inst0 ch0:  R_CMD: ACTCMD    R_f0= 0x10    at time   56868571 ps
inst0 ch0:  R_CMD: ACTCMD    R_r1= 0x3f    at time   56868985 ps
inst0 ch0:  R_CMD: ACTCMD    R_f1= 0x3b    at time   56869399 ps
inst0 ch0:  R_CMD: ACTCMD    R_r0= 0x02    at time   56869813 ps
inst0 ch0:  R_CMD: ACTCMD    R_f0= 0x18    at time   56870227 ps
inst0 ch0:  R_CMD: ACTCMD    R_r1= 0x3f    at time   56870641 ps
inst0 ch0:  R_CMD: ACTCMD    R_f1= 0x3b    at time   56871055 ps
inst0 ch0:  C_CMD: WRCMD     C_r = 0x001   at time   56878921 ps
inst0 ch0:  C_CMD: WRCMD     C_f = 0x078   at time   56879335 ps
inst0 ch0:  C_CMD: WRCMD     C_r = 0x001   at time   56880577 ps
inst0 ch0:  C_CMD: WRCMD     C_f = 0x0f8   at time   56880991 ps
inst0 ch0:  C_CMD: WRCMD     C_r = 0x009   at time   56882233 ps
inst0 ch0:  C_CMD: WRCMD     C_f = 0x07a   at time   56882647 ps
inst0 ch0:  C_CMD: WRCMD     C_r = 0x009   at time   56883889 ps
inst0 ch0:  C_CMD: WRCMD     C_f = 0x0fa   at time   56884303 ps
inst0 ch0:  R_CMD: ACTCMD    R_r0= 0x0a    at time   57663037 ps
inst0 ch0:  R_CMD: ACTCMD    R_f0= 0x10    at time   57663451 ps
inst0 ch0:  R_CMD: ACTCMD    R_r1= 0x3f    at time   57663865 ps
inst0 ch0:  R_CMD: ACTCMD    R_f1= 0x3b    at time   57664279 ps
inst0 ch0:  C_CMD: RDCMD     C_r = 0x015   at time   57677941 ps
inst0 ch0:  C_CMD: RDCMD     C_f = 0x078   at time   57678355 ps
inst0 ch0:  C_CMD: RDCMD     C_r = 0x01d   at time   57681253 ps
inst0 ch0:  C_CMD: RDCMD     C_f = 0x07a   at time   57681667 ps
inst0 ch0:  R_CMD: ACTCMD    R_r0= 0x0a    at time   57735901 ps
inst0 ch0:  R_CMD: ACTCMD    R_f0= 0x10    at time   57736315 ps
inst0 ch0:  R_CMD: ACTCMD    R_r1= 0x3f    at time   57736729 ps
inst0 ch0:  R_CMD: ACTCMD    R_f1= 0x3b    at time   57737143 ps
inst0 ch0:  C_CMD: WRCMD     C_r = 0x011   at time   57746665 ps
inst0 ch0:  C_CMD: WRCMD     C_f = 0x078   at time   57747079 ps
inst0 ch0:  C_CMD: WRCMD     C_r = 0x019   at time   57749977 ps
inst0 ch0:  C_CMD: WRCMD     C_f = 0x07a   at time   57750391 ps
inst0 ch0:  R_CMD: ACTCMD    R_r0= 0x02    at time   57830293 ps
inst0 ch0:  R_CMD: ACTCMD    R_f0= 0x30    at time   57830707 ps
inst0 ch0:  R_CMD: ACTCMD    R_r1= 0x3f    at time   57831121 ps
inst0 ch0:  R_CMD: ACTCMD    R_f1= 0x3b    at time   57831535 ps
inst0 ch0:  R_CMD: ACTCMD    R_r0= 0x0a    at time   57841885 ps
inst0 ch0:  R_CMD: ACTCMD    R_f0= 0x18    at time   57842299 ps
inst0 ch0:  R_CMD: ACTCMD    R_r1= 0x3f    at time   57842713 ps
inst0 ch0:  R_CMD: ACTCMD    R_f1= 0x3b    at time   57843127 ps
inst0 ch0:  C_CMD: RDCMD     C_r = 0x085   at time   57845197 ps
inst0 ch0:  C_CMD: RDCMD     C_f = 0x078   at time   57845611 ps
inst0 ch0:  C_CMD: RDCMD     C_r = 0x08d   at time   57848509 ps
inst0 ch0:  C_CMD: RDCMD     C_f = 0x07a   at time   57848923 ps
inst0 ch0:  C_CMD: RDCMD     C_r = 0x015   at time   57856789 ps
inst0 ch0:  C_CMD: RDCMD     C_f = 0x0f8   at time   57857203 ps
inst0 ch0:  C_CMD: RDCMD     C_r = 0x01d   at time   57860101 ps
inst0 ch0:  C_CMD: RDCMD     C_f = 0x0fa   at time   57860515 ps
inst0 ch0:  R_CMD: ACTCMD    R_r0= 0x02    at time   57898189 ps
inst0 ch0:  R_CMD: ACTCMD    R_f0= 0x30    at time   57898603 ps
inst0 ch0:  R_CMD: ACTCMD    R_r1= 0x3f    at time   57899017 ps
inst0 ch0:  R_CMD: ACTCMD    R_f1= 0x3b    at time   57899431 ps
inst0 ch0:  C_CMD: WRCMD     C_r = 0x081   at time   57908953 ps
inst0 ch0:  C_CMD: WRCMD     C_f = 0x078   at time   57909367 ps
inst0 ch0:  R_CMD: ACTCMD    R_r0= 0x0a    at time   57912265 ps
inst0 ch0:  C_CMD: WRCMD     C_r = 0x089   at time   57912265 ps
inst0 ch0:  R_CMD: ACTCMD    R_f0= 0x18    at time   57912679 ps
inst0 ch0:  C_CMD: WRCMD     C_f = 0x07a   at time   57912679 ps
inst0 ch0:  R_CMD: ACTCMD    R_r1= 0x3f    at time   57913093 ps
inst0 ch0:  R_CMD: ACTCMD    R_f1= 0x3b    at time   57913507 ps
inst0 ch0:  C_CMD: WRCMD     C_r = 0x011   at time   57923029 ps
inst0 ch0:  C_CMD: WRCMD     C_f = 0x0f8   at time   57923443 ps
inst0 ch0:  C_CMD: WRCMD     C_r = 0x019   at time   57926341 ps
inst0 ch0:  C_CMD: WRCMD     C_f = 0x0fa   at time   57926755 ps
inst0 ch0:  R_CMD: ACTCMD    R_r0= 0x0a    at time   57985957 ps
inst0 ch0:  R_CMD: ACTCMD    R_f0= 0x30    at time   57986371 ps
inst0 ch0:  R_CMD: ACTCMD    R_r1= 0x3f    at time   57986785 ps
inst0 ch0:  R_CMD: ACTCMD    R_f1= 0x3b    at time   57987199 ps
inst0 ch0:  R_CMD: ACTCMD    R_r0= 0x02    at time   57999205 ps
inst0 ch0:  R_CMD: ACTCMD    R_f0= 0x38    at time   57999619 ps
inst0 ch0:  R_CMD: ACTCMD    R_r1= 0x3f    at time   58000033 ps
inst0 ch0:  R_CMD: ACTCMD    R_f1= 0x3b    at time   58000447 ps
inst0 ch0:  C_CMD: RDCMD     C_r = 0x095   at time   58000861 ps
inst0 ch0:  C_CMD: RDCMD     C_f = 0x078   at time   58001275 ps
inst0 ch0:  C_CMD: RDCMD     C_r = 0x09d   at time   58004173 ps
inst0 ch0:  C_CMD: RDCMD     C_f = 0x07a   at time   58004587 ps
inst0 ch0:  C_CMD: RDCMD     C_r = 0x085   at time   58014109 ps
inst0 ch0:  C_CMD: RDCMD     C_f = 0x0f8   at time   58014523 ps
inst0 ch0:  C_CMD: RDCMD     C_r = 0x08d   at time   58017421 ps
inst0 ch0:  C_CMD: RDCMD     C_f = 0x0fa   at time   58017835 ps
inst0 ch0:  R_CMD: ACTCMD    R_r0= 0x0a    at time   58056337 ps
inst0 ch0:  R_CMD: ACTCMD    R_f0= 0x30    at time   58056751 ps
inst0 ch0:  R_CMD: ACTCMD    R_r1= 0x3f    at time   58057165 ps
inst0 ch0:  R_CMD: ACTCMD    R_f1= 0x3b    at time   58057579 ps
inst0 ch0:  C_CMD: WRCMD     C_r = 0x091   at time   58067101 ps
inst0 ch0:  C_CMD: WRCMD     C_f = 0x078   at time   58067515 ps
inst0 ch0:  R_CMD: ACTCMD    R_r0= 0x02    at time   58069585 ps
inst0 ch0:  R_CMD: ACTCMD    R_f0= 0x38    at time   58069999 ps
inst0 ch0:  R_CMD: ACTCMD    R_r1= 0x3f    at time   58070413 ps
inst0 ch0:  C_CMD: WRCMD     C_r = 0x099   at time   58070413 ps
inst0 ch0:  R_CMD: ACTCMD    R_f1= 0x3b    at time   58070827 ps
inst0 ch0:  C_CMD: WRCMD     C_f = 0x07a   at time   58070827 ps
inst0 ch0:  C_CMD: WRCMD     C_r = 0x081   at time   58080349 ps
inst0 ch0:  C_CMD: WRCMD     C_f = 0x0f8   at time   58080763 ps
inst0 ch0:  C_CMD: WRCMD     C_r = 0x089   at time   58083661 ps
inst0 ch0:  C_CMD: WRCMD     C_f = 0x0fa   at time   58084075 ps
inst0 ch0:  R_CMD: ACTCMD    R_r0= 0x0a    at time   58159837 ps
inst0 ch0:  R_CMD: ACTCMD    R_f0= 0x38    at time   58160251 ps
inst0 ch0:  R_CMD: ACTCMD    R_r1= 0x3f    at time   58160665 ps
inst0 ch0:  R_CMD: ACTCMD    R_f1= 0x3b    at time   58161079 ps
inst0 ch0:  C_CMD: RDCMD     C_r = 0x095   at time   58174741 ps
inst0 ch0:  C_CMD: RDCMD     C_f = 0x0f8   at time   58175155 ps
inst0 ch0:  C_CMD: RDCMD     C_r = 0x09d   at time   58178053 ps
inst0 ch0:  C_CMD: RDCMD     C_f = 0x0fa   at time   58178467 ps
inst0 ch0:  R_CMD: ACTCMD    R_r0= 0x0a    at time   58230217 ps
inst0 ch0:  R_CMD: ACTCMD    R_f0= 0x38    at time   58230631 ps
inst0 ch0:  R_CMD: ACTCMD    R_r1= 0x3f    at time   58231045 ps
inst0 ch0:  R_CMD: ACTCMD    R_f1= 0x3b    at time   58231459 ps
inst0 ch0:  C_CMD: WRCMD     C_r = 0x091   at time   58240981 ps
inst0 ch0:  C_CMD: WRCMD     C_f = 0x0f8   at time   58241395 ps
inst0 ch0:  C_CMD: WRCMD     C_r = 0x099   at time   58244293 ps
inst0 ch0:  C_CMD: WRCMD     C_f = 0x0fa   at time   58244707 ps
inst0 ch0:  R_CMD: ACTCMD    R_r0= 0x0a    at time   59492917 ps
inst0 ch0:  R_CMD: ACTCMD    R_f0= 0x13    at time   59493331 ps
inst0 ch0:  R_CMD: ACTCMD    R_r1= 0x3f    at time   59493745 ps
inst0 ch0:  R_CMD: ACTCMD    R_f1= 0x3b    at time   59494159 ps
inst0 ch0:  C_CMD: RDCMD     C_r = 0x015   at time   59507821 ps
inst0 ch0:  C_CMD: RDCMD     C_f = 0x010   at time   59508235 ps
inst0 ch0:  C_CMD: RDCMD     C_r = 0x01d   at time   59511133 ps
inst0 ch0:  C_CMD: RDCMD     C_f = 0x012   at time   59511547 ps
inst0 ch0:  R_CMD: ACTCMD    R_r0= 0x0a    at time   59565781 ps
inst0 ch0:  R_CMD: ACTCMD    R_f0= 0x13    at time   59566195 ps
inst0 ch0:  R_CMD: ACTCMD    R_r1= 0x3f    at time   59566609 ps
inst0 ch0:  R_CMD: ACTCMD    R_f1= 0x3b    at time   59567023 ps
inst0 ch0:  C_CMD: WRCMD     C_r = 0x011   at time   59576545 ps
inst0 ch0:  C_CMD: WRCMD     C_f = 0x010   at time   59576959 ps
inst0 ch0:  C_CMD: WRCMD     C_r = 0x019   at time   59579857 ps
inst0 ch0:  C_CMD: WRCMD     C_f = 0x012   at time   59580271 ps
inst0 ch0:  R_CMD: ACTCMD    R_r0= 0x0a    at time   59704885 ps
inst0 ch0:  R_CMD: ACTCMD    R_f0= 0x13    at time   59705299 ps
inst0 ch0:  R_CMD: ACTCMD    R_r1= 0x3f    at time   59705713 ps
inst0 ch0:  R_CMD: ACTCMD    R_f1= 0x3b    at time   59706127 ps
inst0 ch0:  C_CMD: RDCMD     C_r = 0x015   at time   59719789 ps
inst0 ch0:  C_CMD: RDCMD     C_f = 0x010   at time   59720203 ps
inst0 ch0:  C_CMD: RDCMD     C_r = 0x01d   at time   59723101 ps
inst0 ch0:  C_CMD: RDCMD     C_f = 0x012   at time   59723515 ps
inst0 ch0:  R_CMD: ACTCMD    R_r0= 0x0a    at time   59775265 ps
inst0 ch0:  R_CMD: ACTCMD    R_f0= 0x13    at time   59775679 ps
inst0 ch0:  R_CMD: ACTCMD    R_r1= 0x3f    at time   59776093 ps
inst0 ch0:  R_CMD: ACTCMD    R_f1= 0x3b    at time   59776507 ps
inst0 ch0:  C_CMD: WRCMD     C_r = 0x011   at time   59786029 ps
inst0 ch0:  C_CMD: WRCMD     C_f = 0x010   at time   59786443 ps
inst0 ch0:  C_CMD: WRCMD     C_r = 0x019   at time   59789341 ps
inst0 ch0:  C_CMD: WRCMD     C_f = 0x012   at time   59789755 ps
inst0 ch0:  R_CMD: ACTCMD    R_r0= 0x0a    at time   59863033 ps
inst0 ch0:  R_CMD: ACTCMD    R_f0= 0x1b    at time   59863447 ps
inst0 ch0:  R_CMD: ACTCMD    R_r1= 0x3f    at time   59863861 ps
inst0 ch0:  R_CMD: ACTCMD    R_f1= 0x3b    at time   59864275 ps
inst0 ch0:  C_CMD: RDCMD     C_r = 0x015   at time   59877937 ps
inst0 ch0:  C_CMD: RDCMD     C_f = 0x090   at time   59878351 ps
inst0 ch0:  C_CMD: RDCMD     C_r = 0x01d   at time   59881249 ps
inst0 ch0:  C_CMD: RDCMD     C_f = 0x092   at time   59881663 ps
inst0 ch0:  R_CMD: ACTCMD    R_r0= 0x0a    at time   59935897 ps
inst0 ch0:  R_CMD: ACTCMD    R_f0= 0x1b    at time   59936311 ps
inst0 ch0:  R_CMD: ACTCMD    R_r1= 0x3f    at time   59936725 ps
inst0 ch0:  R_CMD: ACTCMD    R_f1= 0x3b    at time   59937139 ps
inst0 ch0:  C_CMD: WRCMD     C_r = 0x011   at time   59946661 ps
inst0 ch0:  C_CMD: WRCMD     C_f = 0x090   at time   59947075 ps
inst0 ch0:  C_CMD: WRCMD     C_r = 0x019   at time   59949973 ps
inst0 ch0:  C_CMD: WRCMD     C_f = 0x092   at time   59950387 ps
inst0 ch0:  R_CMD: ACTCMD    R_r0= 0x0a    at time   60064237 ps
inst0 ch0:  R_CMD: ACTCMD    R_f0= 0x1b    at time   60064651 ps
inst0 ch0:  R_CMD: ACTCMD    R_r1= 0x3f    at time   60065065 ps
inst0 ch0:  R_CMD: ACTCMD    R_f1= 0x3b    at time   60065479 ps
inst0 ch0:  C_CMD: RDCMD     C_r = 0x015   at time   60079141 ps
inst0 ch0:  C_CMD: RDCMD     C_f = 0x090   at time   60079555 ps
inst0 ch0:  C_CMD: RDCMD     C_r = 0x01d   at time   60082453 ps
inst0 ch0:  C_CMD: RDCMD     C_f = 0x092   at time   60082867 ps
inst0 ch0:  R_CMD: ACTCMD    R_r0= 0x0a    at time   60134617 ps
inst0 ch0:  R_CMD: ACTCMD    R_f0= 0x1b    at time   60135031 ps
inst0 ch0:  R_CMD: ACTCMD    R_r1= 0x3f    at time   60135445 ps
inst0 ch0:  R_CMD: ACTCMD    R_f1= 0x3b    at time   60135859 ps
inst0 ch0:  C_CMD: WRCMD     C_r = 0x011   at time   60145381 ps
inst0 ch0:  C_CMD: WRCMD     C_f = 0x090   at time   60145795 ps
inst0 ch0:  C_CMD: WRCMD     C_r = 0x019   at time   60148693 ps
inst0 ch0:  C_CMD: WRCMD     C_f = 0x092   at time   60149107 ps
inst0 ch0:  R_CMD: ACTCMD    R_r0= 0x02    at time   61290505 ps
inst0 ch0:  R_CMD: ACTCMD    R_f0= 0x13    at time   61290919 ps
inst0 ch0:  R_CMD: ACTCMD    R_r1= 0x3f    at time   61291333 ps
inst0 ch0:  R_CMD: ACTCMD    R_f1= 0x3b    at time   61291747 ps
inst0 ch0:  C_CMD: RDCMD     C_r = 0x005   at time   61305409 ps
inst0 ch0:  C_CMD: RDCMD     C_f = 0x000   at time   61305823 ps
inst0 ch0:  C_CMD: RDCMD     C_r = 0x00d   at time   61308721 ps
inst0 ch0:  C_CMD: RDCMD     C_f = 0x002   at time   61309135 ps
inst0 ch0:  R_CMD: ACTCMD    R_r0= 0x02    at time   61520689 ps
inst0 ch0:  R_CMD: ACTCMD    R_f0= 0x13    at time   61521103 ps
inst0 ch0:  R_CMD: ACTCMD    R_r1= 0x3f    at time   61521517 ps
inst0 ch0:  R_CMD: ACTCMD    R_f1= 0x3b    at time   61521931 ps
inst0 ch0:  C_CMD: WRCMD     C_r = 0x001   at time   61531453 ps
inst0 ch0:  C_CMD: WRCMD     C_f = 0x000   at time   61531867 ps
inst0 ch0:  C_CMD: WRCMD     C_r = 0x009   at time   61534765 ps
inst0 ch0:  C_CMD: WRCMD     C_f = 0x002   at time   61535179 ps
inst0 ch0:  R_CMD: ACTCMD    R_r0= 0x02    at time   61623361 ps
inst0 ch0:  R_CMD: ACTCMD    R_f0= 0x1b    at time   61623775 ps
inst0 ch0:  R_CMD: ACTCMD    R_r1= 0x3f    at time   61624189 ps
inst0 ch0:  R_CMD: ACTCMD    R_f1= 0x3b    at time   61624603 ps
inst0 ch0:  C_CMD: RDCMD     C_r = 0x005   at time   61638265 ps
inst0 ch0:  C_CMD: RDCMD     C_f = 0x080   at time   61638679 ps
inst0 ch0:  C_CMD: RDCMD     C_r = 0x00d   at time   61641577 ps
inst0 ch0:  C_CMD: RDCMD     C_f = 0x082   at time   61641991 ps
inst0 ch0:  R_CMD: ACTCMD    R_r0= 0x02    at time   61696225 ps
inst0 ch0:  R_CMD: ACTCMD    R_f0= 0x1b    at time   61696639 ps
inst0 ch0:  R_CMD: ACTCMD    R_r1= 0x3f    at time   61697053 ps
inst0 ch0:  R_CMD: ACTCMD    R_f1= 0x3b    at time   61697467 ps
inst0 ch0:  C_CMD: WRCMD     C_r = 0x001   at time   61706989 ps
inst0 ch0:  C_CMD: WRCMD     C_f = 0x080   at time   61707403 ps
inst0 ch0:  C_CMD: WRCMD     C_r = 0x009   at time   61710301 ps
inst0 ch0:  C_CMD: WRCMD     C_f = 0x082   at time   61710715 ps
inst0 ch0:  R_CMD: ACTCMD    R_r0= 0x02    at time   61808005 ps
inst0 ch0:  R_CMD: ACTCMD    R_f0= 0x13    at time   61808419 ps
inst0 ch0:  R_CMD: ACTCMD    R_r1= 0x3f    at time   61808833 ps
inst0 ch0:  R_CMD: ACTCMD    R_f1= 0x3b    at time   61809247 ps
inst0 ch0:  R_CMD: ACTCMD    R_r0= 0x02    at time   61821253 ps
inst0 ch0:  R_CMD: ACTCMD    R_f0= 0x1b    at time   61821667 ps
inst0 ch0:  R_CMD: ACTCMD    R_r1= 0x3f    at time   61822081 ps
inst0 ch0:  R_CMD: ACTCMD    R_f1= 0x3b    at time   61822495 ps
inst0 ch0:  C_CMD: RDCMD     C_r = 0x005   at time   61822909 ps
inst0 ch0:  C_CMD: RDCMD     C_f = 0x000   at time   61823323 ps
inst0 ch0:  C_CMD: RDCMD     C_r = 0x00d   at time   61826221 ps
inst0 ch0:  C_CMD: RDCMD     C_f = 0x002   at time   61826635 ps
inst0 ch0:  C_CMD: RDCMD     C_r = 0x005   at time   61836157 ps
inst0 ch0:  C_CMD: RDCMD     C_f = 0x080   at time   61836571 ps
inst0 ch0:  C_CMD: RDCMD     C_r = 0x00d   at time   61839469 ps
inst0 ch0:  C_CMD: RDCMD     C_f = 0x082   at time   61839883 ps
inst0 ch0:  R_CMD: ACTCMD    R_r0= 0x02    at time   61878385 ps
inst0 ch0:  R_CMD: ACTCMD    R_f0= 0x13    at time   61878799 ps
inst0 ch0:  R_CMD: ACTCMD    R_r1= 0x3f    at time   61879213 ps
inst0 ch0:  R_CMD: ACTCMD    R_f1= 0x3b    at time   61879627 ps
inst0 ch0:  C_CMD: WRCMD     C_r = 0x001   at time   61889149 ps
inst0 ch0:  C_CMD: WRCMD     C_f = 0x000   at time   61889563 ps
inst0 ch0:  R_CMD: ACTCMD    R_r0= 0x02    at time   61891633 ps
inst0 ch0:  R_CMD: ACTCMD    R_f0= 0x1b    at time   61892047 ps
inst0 ch0:  R_CMD: ACTCMD    R_r1= 0x3f    at time   61892461 ps
inst0 ch0:  C_CMD: WRCMD     C_r = 0x009   at time   61892461 ps
inst0 ch0:  R_CMD: ACTCMD    R_f1= 0x3b    at time   61892875 ps
inst0 ch0:  C_CMD: WRCMD     C_f = 0x002   at time   61892875 ps
inst0 ch0:  C_CMD: WRCMD     C_r = 0x001   at time   61902397 ps
inst0 ch0:  C_CMD: WRCMD     C_f = 0x080   at time   61902811 ps
inst0 ch0:  C_CMD: WRCMD     C_r = 0x009   at time   61905709 ps
inst0 ch0:  C_CMD: WRCMD     C_f = 0x082   at time   61906123 ps
inst0 ch0:  R_CMD: ACTCMD    R_r0= 0x02    at time   62910073 ps
inst0 ch0:  R_CMD: ACTCMD    R_f0= 0x08    at time   62910487 ps
inst0 ch0:  R_CMD: ACTCMD    R_r1= 0x00    at time   62910901 ps
inst0 ch0:  R_CMD: ACTCMD    R_f1= 0x00    at time   62911315 ps
inst0 ch0:  C_CMD: RDCMD     C_r = 0x005   at time   62924977 ps
inst0 ch0:  C_CMD: RDCMD     C_f = 0x098   at time   62925391 ps
inst0 ch0:  C_CMD: RDCMD     C_r = 0x005   at time   62928289 ps
inst0 ch0:  C_CMD: RDCMD     C_f = 0x09a   at time   62928703 ps
inst0 ch0:  C_CMD: RDCMD     C_r = 0x005   at time   62931601 ps
inst0 ch0:  C_CMD: RDCMD     C_f = 0x090   at time   62932015 ps
inst0 ch0:  C_CMD: RDCMD     C_r = 0x005   at time   62934913 ps
inst0 ch0:  C_CMD: RDCMD     C_f = 0x092   at time   62935327 ps
inst0 ch0:  C_CMD: RDCMD     C_r = 0x005   at time   62938225 ps
inst0 ch0:  C_CMD: RDCMD     C_f = 0x088   at time   62938639 ps
inst0 ch0:  C_CMD: RDCMD     C_r = 0x005   at time   62941537 ps
inst0 ch0:  C_CMD: RDCMD     C_f = 0x08a   at time   62941951 ps
inst0 ch0:  C_CMD: RDCMD     C_r = 0x005   at time   62944849 ps
inst0 ch0:  C_CMD: RDCMD     C_f = 0x080   at time   62945263 ps
inst0 ch0:  C_CMD: RDCMD     C_r = 0x00d   at time   62948161 ps
inst0 ch0:  C_CMD: RDCMD     C_f = 0x082   at time   62948575 ps
inst0 ch0:  R_CMD: ACTCMD    R_r0= 0x02    at time   62978797 ps
inst0 ch0:  R_CMD: ACTCMD    R_f0= 0x00    at time   62979211 ps
inst0 ch0:  R_CMD: ACTCMD    R_r1= 0x00    at time   62979625 ps
inst0 ch0:  R_CMD: ACTCMD    R_f1= 0x00    at time   62980039 ps
inst0 ch0:  C_CMD: RDCMD     C_r = 0x005   at time   62993701 ps
inst0 ch0:  C_CMD: RDCMD     C_f = 0x018   at time   62994115 ps
inst0 ch0:  C_CMD: RDCMD     C_r = 0x005   at time   62997013 ps
inst0 ch0:  C_CMD: RDCMD     C_f = 0x01a   at time   62997427 ps
inst0 ch0:  C_CMD: RDCMD     C_r = 0x005   at time   63000325 ps
inst0 ch0:  C_CMD: RDCMD     C_f = 0x010   at time   63000739 ps
inst0 ch0:  C_CMD: RDCMD     C_r = 0x005   at time   63003637 ps
inst0 ch0:  C_CMD: RDCMD     C_f = 0x012   at time   63004051 ps
inst0 ch0:  C_CMD: RDCMD     C_r = 0x005   at time   63006949 ps
inst0 ch0:  C_CMD: RDCMD     C_f = 0x008   at time   63007363 ps
inst0 ch0:  C_CMD: RDCMD     C_r = 0x005   at time   63010261 ps
inst0 ch0:  C_CMD: RDCMD     C_f = 0x00a   at time   63010675 ps
inst0 ch0:  C_CMD: RDCMD     C_r = 0x005   at time   63013573 ps
inst0 ch0:  C_CMD: RDCMD     C_f = 0x000   at time   63013987 ps
inst0 ch0:  C_CMD: RDCMD     C_r = 0x00d   at time   63016885 ps
inst0 ch0:  C_CMD: RDCMD     C_f = 0x002   at time   63017299 ps
inst0 ch0:  R_CMD: ACTCMD    R_r0= 0x0a    at time   63143569 ps
inst0 ch0:  R_CMD: ACTCMD    R_f0= 0x08    at time   63143983 ps
inst0 ch0:  R_CMD: ACTCMD    R_r1= 0x00    at time   63144397 ps
inst0 ch0:  R_CMD: ACTCMD    R_f1= 0x00    at time   63144811 ps
inst0 ch0:  C_CMD: RDCMD     C_r = 0x015   at time   63158473 ps
inst0 ch0:  C_CMD: RDCMD     C_f = 0x098   at time   63158887 ps
inst0 ch0:  C_CMD: RDCMD     C_r = 0x015   at time   63161785 ps
inst0 ch0:  C_CMD: RDCMD     C_f = 0x09a   at time   63162199 ps
inst0 ch0:  C_CMD: RDCMD     C_r = 0x015   at time   63165097 ps
inst0 ch0:  C_CMD: RDCMD     C_f = 0x090   at time   63165511 ps
inst0 ch0:  C_CMD: RDCMD     C_r = 0x015   at time   63168409 ps
inst0 ch0:  C_CMD: RDCMD     C_f = 0x092   at time   63168823 ps
inst0 ch0:  C_CMD: RDCMD     C_r = 0x015   at time   63171721 ps
inst0 ch0:  C_CMD: RDCMD     C_f = 0x088   at time   63172135 ps
inst0 ch0:  C_CMD: RDCMD     C_r = 0x015   at time   63175033 ps
inst0 ch0:  C_CMD: RDCMD     C_f = 0x08a   at time   63175447 ps
inst0 ch0:  C_CMD: RDCMD     C_r = 0x015   at time   63178345 ps
inst0 ch0:  C_CMD: RDCMD     C_f = 0x080   at time   63178759 ps
inst0 ch0:  C_CMD: RDCMD     C_r = 0x01d   at time   63181657 ps
inst0 ch0:  C_CMD: RDCMD     C_f = 0x082   at time   63182071 ps
inst0 ch0:  R_CMD: ACTCMD    R_r0= 0x0a    at time   63197389 ps
inst0 ch0:  R_CMD: ACTCMD    R_f0= 0x00    at time   63197803 ps
inst0 ch0:  R_CMD: ACTCMD    R_r1= 0x00    at time   63198217 ps
inst0 ch0:  R_CMD: ACTCMD    R_f1= 0x00    at time   63198631 ps
inst0 ch0:  C_CMD: RDCMD     C_r = 0x015   at time   63212293 ps
inst0 ch0:  C_CMD: RDCMD     C_f = 0x018   at time   63212707 ps
inst0 ch0:  C_CMD: RDCMD     C_r = 0x015   at time   63215605 ps
inst0 ch0:  C_CMD: RDCMD     C_f = 0x01a   at time   63216019 ps
inst0 ch0:  C_CMD: RDCMD     C_r = 0x015   at time   63218917 ps
inst0 ch0:  C_CMD: RDCMD     C_f = 0x010   at time   63219331 ps
inst0 ch0:  C_CMD: RDCMD     C_r = 0x015   at time   63222229 ps
inst0 ch0:  C_CMD: RDCMD     C_f = 0x012   at time   63222643 ps
inst0 ch0:  C_CMD: RDCMD     C_r = 0x015   at time   63225541 ps
inst0 ch0:  C_CMD: RDCMD     C_f = 0x008   at time   63225955 ps
inst0 ch0:  C_CMD: RDCMD     C_r = 0x015   at time   63228853 ps
inst0 ch0:  C_CMD: RDCMD     C_f = 0x00a   at time   63229267 ps
inst0 ch0:  C_CMD: RDCMD     C_r = 0x015   at time   63232165 ps
inst0 ch0:  C_CMD: RDCMD     C_f = 0x000   at time   63232579 ps
inst0 ch0:  C_CMD: RDCMD     C_r = 0x01d   at time   63235477 ps
inst0 ch0:  C_CMD: RDCMD     C_f = 0x002   at time   63235891 ps
inst0 ch0:  R_CMD: ACTCMD    R_r0= 0x0a    at time   63390313 ps
inst0 ch0:  R_CMD: ACTCMD    R_f0= 0x00    at time   63390727 ps
inst0 ch0:  R_CMD: ACTCMD    R_r1= 0x00    at time   63391141 ps
inst0 ch0:  R_CMD: ACTCMD    R_f1= 0x00    at time   63391555 ps
inst0 ch0:  C_CMD: RDCMD     C_r = 0x015   at time   63405217 ps
inst0 ch0:  C_CMD: RDCMD     C_f = 0x038   at time   63405631 ps
inst0 ch0:  C_CMD: RDCMD     C_r = 0x015   at time   63408529 ps
inst0 ch0:  C_CMD: RDCMD     C_f = 0x03a   at time   63408943 ps
inst0 ch0:  C_CMD: RDCMD     C_r = 0x015   at time   63411841 ps
inst0 ch0:  C_CMD: RDCMD     C_f = 0x030   at time   63412255 ps
inst0 ch0:  C_CMD: RDCMD     C_r = 0x015   at time   63415153 ps
inst0 ch0:  C_CMD: RDCMD     C_f = 0x032   at time   63415567 ps
inst0 ch0:  C_CMD: RDCMD     C_r = 0x015   at time   63418465 ps
inst0 ch0:  C_CMD: RDCMD     C_f = 0x028   at time   63418879 ps
inst0 ch0:  C_CMD: RDCMD     C_r = 0x015   at time   63421777 ps
inst0 ch0:  C_CMD: RDCMD     C_f = 0x02a   at time   63422191 ps
inst0 ch0:  C_CMD: RDCMD     C_r = 0x015   at time   63425089 ps
inst0 ch0:  C_CMD: RDCMD     C_f = 0x020   at time   63425503 ps
inst0 ch0:  C_CMD: RDCMD     C_r = 0x01d   at time   63428401 ps
inst0 ch0:  C_CMD: RDCMD     C_f = 0x022   at time   63428815 ps
inst0 ch0:  R_CMD: ACTCMD    R_r0= 0x0a    at time   63463177 ps
inst0 ch0:  R_CMD: ACTCMD    R_f0= 0x00    at time   63463591 ps
inst0 ch0:  R_CMD: ACTCMD    R_r1= 0x00    at time   63464005 ps
inst0 ch0:  R_CMD: ACTCMD    R_f1= 0x00    at time   63464419 ps
inst0 ch0:  C_CMD: WRCMD     C_r = 0x011   at time   63473941 ps
inst0 ch0:  C_CMD: WRCMD     C_f = 0x038   at time   63474355 ps
inst0 ch0:  R_CMD: ACTCMD    R_r0= 0x0a    at time   63476425 ps
inst0 ch0:  R_CMD: ACTCMD    R_f0= 0x08    at time   63476839 ps
inst0 ch0:  R_CMD: ACTCMD    R_r1= 0x00    at time   63477253 ps
inst0 ch0:  C_CMD: WRCMD     C_r = 0x011   at time   63477253 ps
inst0 ch0:  R_CMD: ACTCMD    R_f1= 0x00    at time   63477667 ps
inst0 ch0:  C_CMD: WRCMD     C_f = 0x03a   at time   63477667 ps
inst0 ch0:  C_CMD: WRCMD     C_r = 0x011   at time   63480565 ps
inst0 ch0:  C_CMD: WRCMD     C_f = 0x028   at time   63480979 ps
inst0 ch0:  C_CMD: WRCMD     C_r = 0x011   at time   63483877 ps
inst0 ch0:  C_CMD: WRCMD     C_f = 0x02a   at time   63484291 ps
inst0 ch0:  C_CMD: WRCMD     C_r = 0x011   at time   63487189 ps
inst0 ch0:  C_CMD: WRCMD     C_f = 0x030   at time   63487603 ps
inst0 ch0:  C_CMD: WRCMD     C_r = 0x011   at time   63490501 ps
inst0 ch0:  C_CMD: WRCMD     C_f = 0x032   at time   63490915 ps
inst0 ch0:  C_CMD: RDCMD     C_r = 0x015   at time   63491329 ps
inst0 ch0:  C_CMD: RDCMD     C_f = 0x0b8   at time   63491743 ps
inst0 ch0:  C_CMD: WRCMD     C_r = 0x011   at time   63493813 ps
inst0 ch0:  C_CMD: WRCMD     C_f = 0x020   at time   63494227 ps
inst0 ch0:  C_CMD: RDCMD     C_r = 0x015   at time   63494641 ps
inst0 ch0:  C_CMD: RDCMD     C_f = 0x0ba   at time   63495055 ps
inst0 ch0:  C_CMD: WRCMD     C_r = 0x019   at time   63497125 ps
inst0 ch0:  C_CMD: WRCMD     C_f = 0x022   at time   63497539 ps
inst0 ch0:  C_CMD: RDCMD     C_r = 0x015   at time   63497953 ps
inst0 ch0:  C_CMD: RDCMD     C_f = 0x0b0   at time   63498367 ps
inst0 ch0:  C_CMD: RDCMD     C_r = 0x015   at time   63501265 ps
inst0 ch0:  C_CMD: RDCMD     C_f = 0x0b2   at time   63501679 ps
inst0 ch0:  C_CMD: RDCMD     C_r = 0x015   at time   63504577 ps
inst0 ch0:  C_CMD: RDCMD     C_f = 0x0a8   at time   63504991 ps
inst0 ch0:  C_CMD: RDCMD     C_r = 0x015   at time   63507889 ps
inst0 ch0:  C_CMD: RDCMD     C_f = 0x0aa   at time   63508303 ps
inst0 ch0:  C_CMD: RDCMD     C_r = 0x015   at time   63511201 ps
inst0 ch0:  C_CMD: RDCMD     C_f = 0x0a0   at time   63511615 ps
inst0 ch0:  C_CMD: RDCMD     C_r = 0x01d   at time   63514513 ps
inst0 ch0:  C_CMD: RDCMD     C_f = 0x0a2   at time   63514927 ps
inst0 ch0:  R_CMD: ACTCMD    R_r0= 0x0a    at time   63555913 ps
inst0 ch0:  R_CMD: ACTCMD    R_f0= 0x08    at time   63556327 ps
inst0 ch0:  R_CMD: ACTCMD    R_r1= 0x00    at time   63556741 ps
inst0 ch0:  R_CMD: ACTCMD    R_f1= 0x00    at time   63557155 ps
inst0 ch0:  C_CMD: WRCMD     C_r = 0x011   at time   63566677 ps
inst0 ch0:  C_CMD: WRCMD     C_f = 0x0b8   at time   63567091 ps
inst0 ch0:  C_CMD: WRCMD     C_r = 0x011   at time   63569989 ps
inst0 ch0:  C_CMD: WRCMD     C_f = 0x0ba   at time   63570403 ps
inst0 ch0:  C_CMD: WRCMD     C_r = 0x011   at time   63573301 ps
inst0 ch0:  C_CMD: WRCMD     C_f = 0x0b0   at time   63573715 ps
inst0 ch0:  C_CMD: WRCMD     C_r = 0x019   at time   63576613 ps
inst0 ch0:  C_CMD: WRCMD     C_f = 0x0b2   at time   63577027 ps
inst0 ch0:  R_CMD: ACTCMD    R_r0= 0x0a    at time   63738073 ps
inst0 ch0:  R_CMD: ACTCMD    R_f0= 0x08    at time   63738487 ps
inst0 ch0:  R_CMD: ACTCMD    R_r1= 0x00    at time   63738901 ps
inst0 ch0:  R_CMD: ACTCMD    R_f1= 0x00    at time   63739315 ps
inst0 ch0:  C_CMD: WRCMD     C_r = 0x011   at time   63748837 ps
inst0 ch0:  C_CMD: WRCMD     C_f = 0x0a8   at time   63749251 ps
inst0 ch0:  C_CMD: WRCMD     C_r = 0x011   at time   63752149 ps
inst0 ch0:  C_CMD: WRCMD     C_f = 0x0aa   at time   63752563 ps
inst0 ch0:  C_CMD: WRCMD     C_r = 0x011   at time   63755461 ps
inst0 ch0:  C_CMD: WRCMD     C_f = 0x0a0   at time   63755875 ps
inst0 ch0:  C_CMD: WRCMD     C_r = 0x019   at time   63758773 ps
inst0 ch0:  C_CMD: WRCMD     C_f = 0x0a2   at time   63759187 ps
inst0 ch0:  R_CMD: ACTCMD    R_r0= 0x02    at time   64686961 ps
inst0 ch0:  R_CMD: ACTCMD    R_f0= 0x1b    at time   64687375 ps
inst0 ch0:  R_CMD: ACTCMD    R_r1= 0x3f    at time   64687789 ps
inst0 ch0:  R_CMD: ACTCMD    R_f1= 0x3b    at time   64688203 ps
inst0 ch0:  C_CMD: RDCMD     C_r = 0x005   at time   64701865 ps
inst0 ch0:  C_CMD: RDCMD     C_f = 0x080   at time   64702279 ps
inst0 ch0:  C_CMD: RDCMD     C_r = 0x00d   at time   64705177 ps
inst0 ch0:  C_CMD: RDCMD     C_f = 0x082   at time   64705591 ps
inst0 ch0:  R_CMD: ACTCMD    R_r0= 0x02    at time   64741609 ps
inst0 ch0:  R_CMD: ACTCMD    R_f0= 0x13    at time   64742023 ps
inst0 ch0:  R_CMD: ACTCMD    R_r1= 0x3f    at time   64742437 ps
inst0 ch0:  R_CMD: ACTCMD    R_f1= 0x3b    at time   64742851 ps
inst0 ch0:  R_CMD: ACTCMD    R_r0= 0x02    at time   64754857 ps
inst0 ch0:  R_CMD: ACTCMD    R_f0= 0x1b    at time   64755271 ps
inst0 ch0:  R_CMD: ACTCMD    R_r1= 0x3f    at time   64755685 ps
inst0 ch0:  R_CMD: ACTCMD    R_f1= 0x3b    at time   64756099 ps
inst0 ch0:  C_CMD: RDCMD     C_r = 0x005   at time   64756513 ps
inst0 ch0:  C_CMD: RDCMD     C_f = 0x000   at time   64756927 ps
inst0 ch0:  C_CMD: RDCMD     C_r = 0x00d   at time   64759825 ps
inst0 ch0:  C_CMD: RDCMD     C_f = 0x002   at time   64760239 ps
inst0 ch0:  C_CMD: WRCMD     C_r = 0x001   at time   64765621 ps
inst0 ch0:  C_CMD: WRCMD     C_f = 0x080   at time   64766035 ps
inst0 ch0:  C_CMD: WRCMD     C_r = 0x009   at time   64768933 ps
inst0 ch0:  C_CMD: WRCMD     C_f = 0x082   at time   64769347 ps
inst0 ch0:  R_CMD: ACTCMD    R_r0= 0x02    at time   64811989 ps
inst0 ch0:  R_CMD: ACTCMD    R_f0= 0x13    at time   64812403 ps
inst0 ch0:  R_CMD: ACTCMD    R_r1= 0x3f    at time   64812817 ps
inst0 ch0:  R_CMD: ACTCMD    R_f1= 0x3b    at time   64813231 ps
inst0 ch0:  C_CMD: WRCMD     C_r = 0x001   at time   64822753 ps
inst0 ch0:  C_CMD: WRCMD     C_f = 0x000   at time   64823167 ps
inst0 ch0:  C_CMD: WRCMD     C_r = 0x009   at time   64826065 ps
inst0 ch0:  C_CMD: WRCMD     C_f = 0x002   at time   64826479 ps
inst0 ch0:  R_CMD: ACTCMD    R_r0= 0x02    at time   64914661 ps
inst0 ch0:  R_CMD: ACTCMD    R_f0= 0x1b    at time   64915075 ps
inst0 ch0:  R_CMD: ACTCMD    R_r1= 0x3f    at time   64915489 ps
inst0 ch0:  R_CMD: ACTCMD    R_f1= 0x3b    at time   64915903 ps
inst0 ch0:  C_CMD: RDCMD     C_r = 0x005   at time   64929565 ps
inst0 ch0:  C_CMD: RDCMD     C_f = 0x080   at time   64929979 ps
inst0 ch0:  C_CMD: RDCMD     C_r = 0x00d   at time   64932877 ps
inst0 ch0:  C_CMD: RDCMD     C_f = 0x082   at time   64933291 ps
inst0 ch0:  R_CMD: ACTCMD    R_r0= 0x02    at time   64956889 ps
inst0 ch0:  R_CMD: ACTCMD    R_f0= 0x13    at time   64957303 ps
inst0 ch0:  R_CMD: ACTCMD    R_r1= 0x3f    at time   64957717 ps
inst0 ch0:  R_CMD: ACTCMD    R_f1= 0x3b    at time   64958131 ps
inst0 ch0:  C_CMD: RDCMD     C_r = 0x005   at time   64971793 ps
inst0 ch0:  C_CMD: RDCMD     C_f = 0x000   at time   64972207 ps
inst0 ch0:  C_CMD: RDCMD     C_r = 0x00d   at time   64975105 ps
inst0 ch0:  C_CMD: RDCMD     C_f = 0x002   at time   64975519 ps
inst0 ch0:  R_CMD: ACTCMD    R_r0= 0x02    at time   64985041 ps
inst0 ch0:  R_CMD: ACTCMD    R_f0= 0x1b    at time   64985455 ps
inst0 ch0:  R_CMD: ACTCMD    R_r1= 0x3f    at time   64985869 ps
inst0 ch0:  R_CMD: ACTCMD    R_f1= 0x3b    at time   64986283 ps
inst0 ch0:  C_CMD: WRCMD     C_r = 0x001   at time   64995805 ps
inst0 ch0:  C_CMD: WRCMD     C_f = 0x080   at time   64996219 ps
inst0 ch0:  C_CMD: WRCMD     C_r = 0x009   at time   64999117 ps
inst0 ch0:  C_CMD: WRCMD     C_f = 0x082   at time   64999531 ps
inst0 ch0:  R_CMD: ACTCMD    R_r0= 0x02    at time   65027269 ps
inst0 ch0:  R_CMD: ACTCMD    R_f0= 0x13    at time   65027683 ps
inst0 ch0:  R_CMD: ACTCMD    R_r1= 0x3f    at time   65028097 ps
inst0 ch0:  R_CMD: ACTCMD    R_f1= 0x3b    at time   65028511 ps
inst0 ch0:  C_CMD: WRCMD     C_r = 0x001   at time   65038033 ps
inst0 ch0:  C_CMD: WRCMD     C_f = 0x000   at time   65038447 ps
inst0 ch0:  C_CMD: WRCMD     C_r = 0x009   at time   65041345 ps
inst0 ch0:  C_CMD: WRCMD     C_f = 0x002   at time   65041759 ps
inst0 ch0:  R_CMD: ACTCMD    R_r0= 0x0a    at time   65205289 ps
inst0 ch0:  R_CMD: ACTCMD    R_f0= 0x19    at time   65205703 ps
inst0 ch0:  R_CMD: ACTCMD    R_r1= 0x3f    at time   65206117 ps
inst0 ch0:  R_CMD: ACTCMD    R_f1= 0x3b    at time   65206531 ps
inst0 ch0:  R_CMD: ACTCMD    R_r0= 0x02    at time   65209429 ps
inst0 ch0:  R_CMD: ACTCMD    R_f0= 0x19    at time   65209843 ps
inst0 ch0:  R_CMD: ACTCMD    R_r1= 0x3f    at time   65210257 ps
inst0 ch0:  R_CMD: ACTCMD    R_f1= 0x3b    at time   65210671 ps
inst0 ch0:  C_CMD: RDCMD     C_r = 0x015   at time   65220193 ps
inst0 ch0:  C_CMD: RDCMD     C_f = 0x0f8   at time   65220607 ps
inst0 ch0:  C_CMD: RDCMD     C_r = 0x01d   at time   65223505 ps
inst0 ch0:  C_CMD: RDCMD     C_f = 0x0fa   at time   65223919 ps
inst0 ch0:  C_CMD: RDCMD     C_r = 0x005   at time   65226817 ps
inst0 ch0:  C_CMD: RDCMD     C_f = 0x0f8   at time   65227231 ps
inst0 ch0:  C_CMD: RDCMD     C_r = 0x00d   at time   65230129 ps
inst0 ch0:  C_CMD: RDCMD     C_f = 0x0fa   at time   65230543 ps
inst0 ch0:  R_CMD: ACTCMD    R_r0= 0x0a    at time   65249173 ps
inst0 ch0:  R_CMD: ACTCMD    R_f0= 0x11    at time   65249587 ps
inst0 ch0:  R_CMD: ACTCMD    R_r1= 0x3f    at time   65250001 ps
inst0 ch0:  R_CMD: ACTCMD    R_f1= 0x3b    at time   65250415 ps
inst0 ch0:  R_CMD: ACTCMD    R_r0= 0x02    at time   65253313 ps
inst0 ch0:  R_CMD: ACTCMD    R_f0= 0x11    at time   65253727 ps
inst0 ch0:  R_CMD: ACTCMD    R_r1= 0x3f    at time   65254141 ps
inst0 ch0:  R_CMD: ACTCMD    R_f1= 0x3b    at time   65254555 ps
inst0 ch0:  C_CMD: RDCMD     C_r = 0x015   at time   65264077 ps
inst0 ch0:  C_CMD: RDCMD     C_f = 0x078   at time   65264491 ps
inst0 ch0:  C_CMD: RDCMD     C_r = 0x01d   at time   65267389 ps
inst0 ch0:  C_CMD: RDCMD     C_f = 0x07a   at time   65267803 ps
inst0 ch0:  C_CMD: RDCMD     C_r = 0x005   at time   65270701 ps
inst0 ch0:  C_CMD: RDCMD     C_f = 0x078   at time   65271115 ps
inst0 ch0:  C_CMD: RDCMD     C_r = 0x00d   at time   65274013 ps
inst0 ch0:  C_CMD: RDCMD     C_f = 0x07a   at time   65274427 ps
inst0 ch0:  R_CMD: ACTCMD    R_r0= 0x0a    at time   65275669 ps
inst0 ch0:  R_CMD: ACTCMD    R_f0= 0x19    at time   65276083 ps
inst0 ch0:  R_CMD: ACTCMD    R_r1= 0x3f    at time   65276497 ps
inst0 ch0:  R_CMD: ACTCMD    R_f1= 0x3b    at time   65276911 ps
inst0 ch0:  R_CMD: ACTCMD    R_r0= 0x02    at time   65282293 ps
inst0 ch0:  R_CMD: ACTCMD    R_f0= 0x19    at time   65282707 ps
inst0 ch0:  R_CMD: ACTCMD    R_r1= 0x3f    at time   65283121 ps
inst0 ch0:  R_CMD: ACTCMD    R_f1= 0x3b    at time   65283535 ps
inst0 ch0:  C_CMD: WRCMD     C_r = 0x011   at time   65286433 ps
inst0 ch0:  C_CMD: WRCMD     C_f = 0x0f8   at time   65286847 ps
inst0 ch0:  C_CMD: WRCMD     C_r = 0x019   at time   65289745 ps
inst0 ch0:  C_CMD: WRCMD     C_f = 0x0fa   at time   65290159 ps
inst0 ch0:  C_CMD: WRCMD     C_r = 0x001   at time   65293057 ps
inst0 ch0:  C_CMD: WRCMD     C_f = 0x0f8   at time   65293471 ps
inst0 ch0:  C_CMD: WRCMD     C_r = 0x009   at time   65296369 ps
inst0 ch0:  C_CMD: WRCMD     C_f = 0x0fa   at time   65296783 ps
inst0 ch0:  R_CMD: ACTCMD    R_r0= 0x0a    at time   65319553 ps
inst0 ch0:  R_CMD: ACTCMD    R_f0= 0x11    at time   65319967 ps
inst0 ch0:  R_CMD: ACTCMD    R_r1= 0x3f    at time   65320381 ps
inst0 ch0:  R_CMD: ACTCMD    R_f1= 0x3b    at time   65320795 ps
inst0 ch0:  R_CMD: ACTCMD    R_r0= 0x02    at time   65326177 ps
inst0 ch0:  R_CMD: ACTCMD    R_f0= 0x11    at time   65326591 ps
inst0 ch0:  R_CMD: ACTCMD    R_r1= 0x3f    at time   65327005 ps
inst0 ch0:  R_CMD: ACTCMD    R_f1= 0x3b    at time   65327419 ps
inst0 ch0:  C_CMD: WRCMD     C_r = 0x011   at time   65330317 ps
inst0 ch0:  C_CMD: WRCMD     C_f = 0x078   at time   65330731 ps
inst0 ch0:  C_CMD: WRCMD     C_r = 0x019   at time   65333629 ps
inst0 ch0:  C_CMD: WRCMD     C_f = 0x07a   at time   65334043 ps
inst0 ch0:  C_CMD: WRCMD     C_r = 0x001   at time   65336941 ps
inst0 ch0:  C_CMD: WRCMD     C_f = 0x078   at time   65337355 ps
inst0 ch0:  C_CMD: WRCMD     C_r = 0x009   at time   65340253 ps
inst0 ch0:  C_CMD: WRCMD     C_f = 0x07a   at time   65340667 ps
inst0 ch0:  R_CMD: ACTCMD    R_r0= 0x0a    at time   65631709 ps
inst0 ch0:  R_CMD: ACTCMD    R_f0= 0x0a    at time   65632123 ps
inst0 ch0:  R_CMD: ACTCMD    R_r1= 0x00    at time   65632537 ps
inst0 ch0:  R_CMD: ACTCMD    R_f1= 0x00    at time   65632951 ps
inst0 ch0:  R_CMD: ACTCMD    R_r0= 0x02    at time   65635849 ps
inst0 ch0:  R_CMD: ACTCMD    R_f0= 0x0a    at time   65636263 ps
inst0 ch0:  R_CMD: ACTCMD    R_r1= 0x00    at time   65636677 ps
inst0 ch0:  R_CMD: ACTCMD    R_f1= 0x00    at time   65637091 ps
inst0 ch0:  C_CMD: RDCMD     C_r = 0x015   at time   65646613 ps
inst0 ch0:  C_CMD: RDCMD     C_f = 0x080   at time   65647027 ps
inst0 ch0:  C_CMD: RDCMD     C_r = 0x01d   at time   65649925 ps
inst0 ch0:  C_CMD: RDCMD     C_f = 0x082   at time   65650339 ps
inst0 ch0:  C_CMD: RDCMD     C_r = 0x005   at time   65653237 ps
inst0 ch0:  C_CMD: RDCMD     C_f = 0x080   at time   65653651 ps
inst0 ch0:  C_CMD: RDCMD     C_r = 0x00d   at time   65656549 ps
inst0 ch0:  C_CMD: RDCMD     C_f = 0x082   at time   65656963 ps
inst0 ch0:  R_CMD: ACTCMD    R_r0= 0x0a    at time   65664829 ps
inst0 ch0:  R_CMD: ACTCMD    R_f0= 0x02    at time   65665243 ps
inst0 ch0:  R_CMD: ACTCMD    R_r1= 0x00    at time   65665657 ps
inst0 ch0:  R_CMD: ACTCMD    R_f1= 0x00    at time   65666071 ps
inst0 ch0:  R_CMD: ACTCMD    R_r0= 0x02    at time   65668969 ps
inst0 ch0:  R_CMD: ACTCMD    R_f0= 0x02    at time   65669383 ps
inst0 ch0:  R_CMD: ACTCMD    R_r1= 0x00    at time   65669797 ps
inst0 ch0:  R_CMD: ACTCMD    R_f1= 0x00    at time   65670211 ps
inst0 ch0:  C_CMD: RDCMD     C_r = 0x015   at time   65679733 ps
inst0 ch0:  C_CMD: RDCMD     C_f = 0x000   at time   65680147 ps
inst0 ch0:  C_CMD: RDCMD     C_r = 0x01d   at time   65683045 ps
inst0 ch0:  C_CMD: RDCMD     C_f = 0x002   at time   65683459 ps
inst0 ch0:  C_CMD: RDCMD     C_r = 0x005   at time   65686357 ps
inst0 ch0:  C_CMD: RDCMD     C_f = 0x000   at time   65686771 ps
inst0 ch0:  C_CMD: RDCMD     C_r = 0x00d   at time   65689669 ps
inst0 ch0:  C_CMD: RDCMD     C_f = 0x002   at time   65690083 ps
