inst0 ch0:  R_CMD: ACTCMD    R_r0= 0x0e    at time   33400981 ps
inst0 ch0:  R_CMD: ACTCMD    R_f0= 0x28    at time   33401395 ps
inst0 ch0:  R_CMD: ACTCMD    R_r1= 0x00    at time   33401809 ps
inst0 ch0:  R_CMD: ACTCMD    R_f1= 0x02    at time   33402223 ps
inst0 ch0:  R_CMD: ACTCMD    R_r0= 0x0e    at time   33402637 ps
inst0 ch0:  R_CMD: ACTCMD    R_f0= 0x20    at time   33403051 ps
inst0 ch0:  R_CMD: ACTCMD    R_r1= 0x00    at time   33403465 ps
inst0 ch0:  R_CMD: ACTCMD    R_f1= 0x02    at time   33403879 ps
inst0 ch0:  C_CMD: RDCMD     C_r = 0x095   at time   33415885 ps
inst0 ch0:  C_CMD: RDCMD     C_f = 0x0a9   at time   33416299 ps
inst0 ch0:  C_CMD: RDCMD     C_r = 0x095   at time   33417541 ps
inst0 ch0:  C_CMD: RDCMD     C_f = 0x029   at time   33417955 ps
inst0 ch0:  C_CMD: RDCMD     C_r = 0x095   at time   33419197 ps
inst0 ch0:  C_CMD: RDCMD     C_f = 0x0ab   at time   33419611 ps
inst0 ch0:  C_CMD: RDCMD     C_r = 0x095   at time   33420853 ps
inst0 ch0:  C_CMD: RDCMD     C_f = 0x02b   at time   33421267 ps
inst0 ch0:  C_CMD: RDCMD     C_r = 0x095   at time   33422509 ps
inst0 ch0:  C_CMD: RDCMD     C_f = 0x0a1   at time   33422923 ps
inst0 ch0:  C_CMD: RDCMD     C_r = 0x095   at time   33424165 ps
inst0 ch0:  C_CMD: RDCMD     C_f = 0x021   at time   33424579 ps
inst0 ch0:  C_CMD: RDCMD     C_r = 0x09d   at time   33425821 ps
inst0 ch0:  C_CMD: RDCMD     C_f = 0x0a3   at time   33426235 ps
inst0 ch0:  C_CMD: RDCMD     C_r = 0x09d   at time   33427477 ps
inst0 ch0:  C_CMD: RDCMD     C_f = 0x023   at time   33427891 ps
inst0 ch0:  R_CMD: ACTCMD    R_r0= 0x0e    at time   33471361 ps
inst0 ch0:  R_CMD: ACTCMD    R_f0= 0x28    at time   33471775 ps
inst0 ch0:  R_CMD: ACTCMD    R_r1= 0x00    at time   33472189 ps
inst0 ch0:  R_CMD: ACTCMD    R_f1= 0x02    at time   33472603 ps
inst0 ch0:  R_CMD: ACTCMD    R_r0= 0x0e    at time   33473845 ps
inst0 ch0:  R_CMD: ACTCMD    R_f0= 0x20    at time   33474259 ps
inst0 ch0:  R_CMD: ACTCMD    R_r1= 0x00    at time   33474673 ps
inst0 ch0:  R_CMD: ACTCMD    R_f1= 0x02    at time   33475087 ps
inst0 ch0:  C_CMD: WRCMD     C_r = 0x091   at time   33482125 ps
inst0 ch0:  C_CMD: WRCMD     C_f = 0x0a9   at time   33482539 ps
inst0 ch0:  C_CMD: WRCMD     C_r = 0x091   at time   33484609 ps
inst0 ch0:  C_CMD: WRCMD     C_f = 0x029   at time   33485023 ps
inst0 ch0:  C_CMD: WRCMD     C_r = 0x091   at time   33485437 ps
inst0 ch0:  C_CMD: WRCMD     C_f = 0x0ab   at time   33485851 ps
inst0 ch0:  C_CMD: WRCMD     C_r = 0x091   at time   33487921 ps
inst0 ch0:  C_CMD: WRCMD     C_f = 0x02b   at time   33488335 ps
inst0 ch0:  C_CMD: WRCMD     C_r = 0x091   at time   33488749 ps
inst0 ch0:  C_CMD: WRCMD     C_f = 0x0a1   at time   33489163 ps
inst0 ch0:  C_CMD: WRCMD     C_r = 0x091   at time   33491233 ps
inst0 ch0:  C_CMD: WRCMD     C_f = 0x021   at time   33491647 ps
inst0 ch0:  C_CMD: WRCMD     C_r = 0x099   at time   33492061 ps
inst0 ch0:  C_CMD: WRCMD     C_f = 0x0a3   at time   33492475 ps
inst0 ch0:  C_CMD: WRCMD     C_r = 0x099   at time   33494545 ps
inst0 ch0:  C_CMD: WRCMD     C_f = 0x023   at time   33494959 ps
inst0 ch0:  R_CMD: ACTCMD    R_r0= 0x2e    at time   54517465 ps
inst0 ch0:  R_CMD: ACTCMD    R_f0= 0x28    at time   54517879 ps
inst0 ch0:  R_CMD: ACTCMD    R_r1= 0x00    at time   54518293 ps
inst0 ch0:  R_CMD: ACTCMD    R_f1= 0x02    at time   54518707 ps
inst0 ch0:  R_CMD: ACTCMD    R_r0= 0x2e    at time   54519949 ps
inst0 ch0:  R_CMD: ACTCMD    R_f0= 0x20    at time   54520363 ps
inst0 ch0:  R_CMD: ACTCMD    R_r1= 0x00    at time   54520777 ps
inst0 ch0:  R_CMD: ACTCMD    R_f1= 0x02    at time   54521191 ps
inst0 ch0:  C_CMD: RDCMD     C_r = 0x0d5   at time   54532369 ps
inst0 ch0:  C_CMD: RDCMD     C_f = 0x0a9   at time   54532783 ps
inst0 ch0:  C_CMD: RDCMD     C_r = 0x0d5   at time   54534853 ps
inst0 ch0:  C_CMD: RDCMD     C_f = 0x029   at time   54535267 ps
inst0 ch0:  C_CMD: RDCMD     C_r = 0x0d5   at time   54535681 ps
inst0 ch0:  C_CMD: RDCMD     C_f = 0x0ab   at time   54536095 ps
inst0 ch0:  C_CMD: RDCMD     C_r = 0x0d5   at time   54538165 ps
inst0 ch0:  C_CMD: RDCMD     C_f = 0x02b   at time   54538579 ps
inst0 ch0:  C_CMD: RDCMD     C_r = 0x0d5   at time   54538993 ps
inst0 ch0:  C_CMD: RDCMD     C_f = 0x0a1   at time   54539407 ps
inst0 ch0:  C_CMD: RDCMD     C_r = 0x0d5   at time   54541477 ps
inst0 ch0:  C_CMD: RDCMD     C_f = 0x021   at time   54541891 ps
inst0 ch0:  C_CMD: RDCMD     C_r = 0x0dd   at time   54542305 ps
inst0 ch0:  C_CMD: RDCMD     C_f = 0x0a3   at time   54542719 ps
inst0 ch0:  C_CMD: RDCMD     C_r = 0x0dd   at time   54544789 ps
inst0 ch0:  C_CMD: RDCMD     C_f = 0x023   at time   54545203 ps
inst0 ch0:  R_CMD: ACTCMD    R_r0= 0x2e    at time   54663193 ps
inst0 ch0:  R_CMD: ACTCMD    R_f0= 0x28    at time   54663607 ps
inst0 ch0:  R_CMD: ACTCMD    R_r1= 0x00    at time   54664021 ps
inst0 ch0:  R_CMD: ACTCMD    R_f1= 0x02    at time   54664435 ps
inst0 ch0:  R_CMD: ACTCMD    R_r0= 0x2e    at time   54664849 ps
inst0 ch0:  R_CMD: ACTCMD    R_f0= 0x20    at time   54665263 ps
inst0 ch0:  R_CMD: ACTCMD    R_r1= 0x00    at time   54665677 ps
inst0 ch0:  R_CMD: ACTCMD    R_f1= 0x02    at time   54666091 ps
inst0 ch0:  C_CMD: WRCMD     C_r = 0x0d1   at time   54673957 ps
inst0 ch0:  C_CMD: WRCMD     C_f = 0x0a9   at time   54674371 ps
inst0 ch0:  C_CMD: WRCMD     C_r = 0x0d1   at time   54675613 ps
inst0 ch0:  C_CMD: WRCMD     C_f = 0x029   at time   54676027 ps
inst0 ch0:  C_CMD: WRCMD     C_r = 0x0d1   at time   54677269 ps
inst0 ch0:  C_CMD: WRCMD     C_f = 0x0ab   at time   54677683 ps
inst0 ch0:  C_CMD: WRCMD     C_r = 0x0d1   at time   54678925 ps
inst0 ch0:  C_CMD: WRCMD     C_f = 0x02b   at time   54679339 ps
inst0 ch0:  C_CMD: WRCMD     C_r = 0x0d1   at time   54680581 ps
inst0 ch0:  C_CMD: WRCMD     C_f = 0x0a1   at time   54680995 ps
inst0 ch0:  C_CMD: WRCMD     C_r = 0x0d1   at time   54682237 ps
inst0 ch0:  C_CMD: WRCMD     C_f = 0x021   at time   54682651 ps
inst0 ch0:  C_CMD: WRCMD     C_r = 0x0d9   at time   54683893 ps
inst0 ch0:  C_CMD: WRCMD     C_f = 0x0a3   at time   54684307 ps
inst0 ch0:  C_CMD: WRCMD     C_r = 0x0d9   at time   54685549 ps
inst0 ch0:  C_CMD: WRCMD     C_f = 0x023   at time   54685963 ps
inst0 ch0:  R_CMD: ACTCMD    R_r0= 0x22    at time  124803073 ps
inst0 ch0:  R_CMD: ACTCMD    R_f0= 0x2a    at time  124803487 ps
inst0 ch0:  R_CMD: ACTCMD    R_r1= 0x00    at time  124803901 ps
inst0 ch0:  R_CMD: ACTCMD    R_f1= 0x00    at time  124804315 ps
inst0 ch0:  R_CMD: ACTCMD    R_r0= 0x02    at time  124807213 ps
inst0 ch0:  R_CMD: ACTCMD    R_f0= 0x2a    at time  124807627 ps
inst0 ch0:  R_CMD: ACTCMD    R_r1= 0x00    at time  124808041 ps
inst0 ch0:  R_CMD: ACTCMD    R_f1= 0x00    at time  124808455 ps
inst0 ch0:  R_CMD: ACTCMD    R_r0= 0x22    at time  124808869 ps
inst0 ch0:  R_CMD: ACTCMD    R_f0= 0x22    at time  124809283 ps
inst0 ch0:  R_CMD: ACTCMD    R_r1= 0x00    at time  124809697 ps
inst0 ch0:  R_CMD: ACTCMD    R_f1= 0x00    at time  124810111 ps
inst0 ch0:  R_CMD: ACTCMD    R_r0= 0x22    at time  124811353 ps
inst0 ch0:  R_CMD: ACTCMD    R_f0= 0x0a    at time  124811767 ps
inst0 ch0:  R_CMD: ACTCMD    R_r1= 0x00    at time  124812181 ps
inst0 ch0:  R_CMD: ACTCMD    R_f1= 0x00    at time  124812595 ps
inst0 ch0:  R_CMD: ACTCMD    R_r0= 0x02    at time  124813009 ps
inst0 ch0:  R_CMD: ACTCMD    R_f0= 0x22    at time  124813423 ps
inst0 ch0:  R_CMD: ACTCMD    R_r1= 0x00    at time  124813837 ps
inst0 ch0:  R_CMD: ACTCMD    R_f1= 0x00    at time  124814251 ps
inst0 ch0:  R_CMD: ACTCMD    R_r0= 0x02    at time  124815493 ps
inst0 ch0:  R_CMD: ACTCMD    R_f0= 0x0a    at time  124815907 ps
inst0 ch0:  R_CMD: ACTCMD    R_r1= 0x00    at time  124816321 ps
inst0 ch0:  R_CMD: ACTCMD    R_f1= 0x00    at time  124816735 ps
inst0 ch0:  R_CMD: ACTCMD    R_r0= 0x22    at time  124817149 ps
inst0 ch0:  R_CMD: ACTCMD    R_f0= 0x02    at time  124817563 ps
inst0 ch0:  R_CMD: ACTCMD    R_r1= 0x00    at time  124817977 ps
inst0 ch0:  C_CMD: RDCMD     C_r = 0x0c5   at time  124817977 ps
inst0 ch0:  R_CMD: ACTCMD    R_f1= 0x00    at time  124818391 ps
inst0 ch0:  C_CMD: RDCMD     C_f = 0x080   at time  124818391 ps
inst0 ch0:  R_CMD: ACTCMD    R_r0= 0x02    at time  124821289 ps
inst0 ch0:  C_CMD: RDCMD     C_r = 0x0cd   at time  124821289 ps
inst0 ch0:  R_CMD: ACTCMD    R_f0= 0x02    at time  124821703 ps
inst0 ch0:  C_CMD: RDCMD     C_f = 0x082   at time  124821703 ps
inst0 ch0:  R_CMD: ACTCMD    R_r1= 0x00    at time  124822117 ps
inst0 ch0:  R_CMD: ACTCMD    R_f1= 0x00    at time  124822531 ps
inst0 ch0:  C_CMD: RDCMD     C_r = 0x085   at time  124822945 ps
inst0 ch0:  C_CMD: RDCMD     C_f = 0x080   at time  124823359 ps
inst0 ch0:  C_CMD: RDCMD     C_r = 0x0c5   at time  124823773 ps
inst0 ch0:  C_CMD: RDCMD     C_f = 0x000   at time  124824187 ps
inst0 ch0:  C_CMD: RDCMD     C_r = 0x08d   at time  124826257 ps
inst0 ch0:  C_CMD: RDCMD     C_f = 0x082   at time  124826671 ps
inst0 ch0:  C_CMD: RDCMD     C_r = 0x0cd   at time  124827085 ps
inst0 ch0:  C_CMD: RDCMD     C_f = 0x002   at time  124827499 ps
inst0 ch0:  C_CMD: RDCMD     C_r = 0x045   at time  124827913 ps
inst0 ch0:  C_CMD: RDCMD     C_f = 0x080   at time  124828327 ps
inst0 ch0:  C_CMD: RDCMD     C_r = 0x085   at time  124828741 ps
inst0 ch0:  C_CMD: RDCMD     C_f = 0x000   at time  124829155 ps
inst0 ch0:  C_CMD: RDCMD     C_r = 0x005   at time  124830397 ps
inst0 ch0:  C_CMD: RDCMD     C_f = 0x080   at time  124830811 ps
inst0 ch0:  C_CMD: RDCMD     C_r = 0x04d   at time  124832053 ps
inst0 ch0:  C_CMD: RDCMD     C_f = 0x082   at time  124832467 ps
inst0 ch0:  C_CMD: RDCMD     C_r = 0x08d   at time  124832881 ps
inst0 ch0:  C_CMD: RDCMD     C_f = 0x002   at time  124833295 ps
inst0 ch0:  C_CMD: RDCMD     C_r = 0x00d   at time  124833709 ps
inst0 ch0:  C_CMD: RDCMD     C_f = 0x082   at time  124834123 ps
inst0 ch0:  C_CMD: RDCMD     C_r = 0x045   at time  124834537 ps
inst0 ch0:  C_CMD: RDCMD     C_f = 0x000   at time  124834951 ps
inst0 ch0:  C_CMD: RDCMD     C_r = 0x005   at time  124836193 ps
inst0 ch0:  C_CMD: RDCMD     C_f = 0x000   at time  124836607 ps
inst0 ch0:  C_CMD: RDCMD     C_r = 0x04d   at time  124837849 ps
inst0 ch0:  C_CMD: RDCMD     C_f = 0x002   at time  124838263 ps
inst0 ch0:  C_CMD: RDCMD     C_r = 0x00d   at time  124839505 ps
inst0 ch0:  C_CMD: RDCMD     C_f = 0x002   at time  124839919 ps
inst0 ch0:  R_CMD: ACTCMD    R_r0= 0x2a    at time  125301529 ps
inst0 ch0:  R_CMD: ACTCMD    R_f0= 0x2a    at time  125301943 ps
inst0 ch0:  R_CMD: ACTCMD    R_r1= 0x00    at time  125302357 ps
inst0 ch0:  R_CMD: ACTCMD    R_f1= 0x00    at time  125302771 ps
inst0 ch0:  R_CMD: ACTCMD    R_r0= 0x0a    at time  125305669 ps
inst0 ch0:  R_CMD: ACTCMD    R_f0= 0x2a    at time  125306083 ps
inst0 ch0:  R_CMD: ACTCMD    R_r1= 0x00    at time  125306497 ps
inst0 ch0:  R_CMD: ACTCMD    R_f1= 0x00    at time  125306911 ps
inst0 ch0:  R_CMD: ACTCMD    R_r0= 0x2a    at time  125307325 ps
inst0 ch0:  R_CMD: ACTCMD    R_f0= 0x22    at time  125307739 ps
inst0 ch0:  R_CMD: ACTCMD    R_r1= 0x00    at time  125308153 ps
inst0 ch0:  R_CMD: ACTCMD    R_f1= 0x00    at time  125308567 ps
inst0 ch0:  R_CMD: ACTCMD    R_r0= 0x2a    at time  125309809 ps
inst0 ch0:  R_CMD: ACTCMD    R_f0= 0x0a    at time  125310223 ps
inst0 ch0:  R_CMD: ACTCMD    R_r1= 0x00    at time  125310637 ps
inst0 ch0:  R_CMD: ACTCMD    R_f1= 0x00    at time  125311051 ps
inst0 ch0:  R_CMD: ACTCMD    R_r0= 0x0a    at time  125311465 ps
inst0 ch0:  R_CMD: ACTCMD    R_f0= 0x22    at time  125311879 ps
inst0 ch0:  R_CMD: ACTCMD    R_r1= 0x00    at time  125312293 ps
inst0 ch0:  R_CMD: ACTCMD    R_f1= 0x00    at time  125312707 ps
inst0 ch0:  R_CMD: ACTCMD    R_r0= 0x0a    at time  125313949 ps
inst0 ch0:  R_CMD: ACTCMD    R_f0= 0x0a    at time  125314363 ps
inst0 ch0:  R_CMD: ACTCMD    R_r1= 0x00    at time  125314777 ps
inst0 ch0:  R_CMD: ACTCMD    R_f1= 0x00    at time  125315191 ps
inst0 ch0:  R_CMD: ACTCMD    R_r0= 0x2a    at time  125315605 ps
inst0 ch0:  R_CMD: ACTCMD    R_f0= 0x02    at time  125316019 ps
inst0 ch0:  R_CMD: ACTCMD    R_r1= 0x00    at time  125316433 ps
inst0 ch0:  C_CMD: RDCMD     C_r = 0x0d5   at time  125316433 ps
inst0 ch0:  R_CMD: ACTCMD    R_f1= 0x00    at time  125316847 ps
inst0 ch0:  C_CMD: RDCMD     C_f = 0x080   at time  125316847 ps
inst0 ch0:  R_CMD: ACTCMD    R_r0= 0x0a    at time  125319745 ps
inst0 ch0:  C_CMD: RDCMD     C_r = 0x0dd   at time  125319745 ps
inst0 ch0:  R_CMD: ACTCMD    R_f0= 0x02    at time  125320159 ps
inst0 ch0:  C_CMD: RDCMD     C_f = 0x082   at time  125320159 ps
inst0 ch0:  R_CMD: ACTCMD    R_r1= 0x00    at time  125320573 ps
inst0 ch0:  R_CMD: ACTCMD    R_f1= 0x00    at time  125320987 ps
inst0 ch0:  C_CMD: RDCMD     C_r = 0x095   at time  125321401 ps
inst0 ch0:  C_CMD: RDCMD     C_f = 0x080   at time  125321815 ps
inst0 ch0:  C_CMD: RDCMD     C_r = 0x0d5   at time  125322229 ps
inst0 ch0:  C_CMD: RDCMD     C_f = 0x000   at time  125322643 ps
inst0 ch0:  C_CMD: RDCMD     C_r = 0x09d   at time  125324713 ps
inst0 ch0:  C_CMD: RDCMD     C_f = 0x082   at time  125325127 ps
inst0 ch0:  C_CMD: RDCMD     C_r = 0x0dd   at time  125325541 ps
inst0 ch0:  C_CMD: RDCMD     C_f = 0x002   at time  125325955 ps
inst0 ch0:  C_CMD: RDCMD     C_r = 0x055   at time  125326369 ps
inst0 ch0:  C_CMD: RDCMD     C_f = 0x080   at time  125326783 ps
inst0 ch0:  C_CMD: RDCMD     C_r = 0x095   at time  125327197 ps
inst0 ch0:  C_CMD: RDCMD     C_f = 0x000   at time  125327611 ps
inst0 ch0:  C_CMD: RDCMD     C_r = 0x015   at time  125328853 ps
inst0 ch0:  C_CMD: RDCMD     C_f = 0x080   at time  125329267 ps
inst0 ch0:  C_CMD: RDCMD     C_r = 0x05d   at time  125330509 ps
inst0 ch0:  C_CMD: RDCMD     C_f = 0x082   at time  125330923 ps
inst0 ch0:  C_CMD: RDCMD     C_r = 0x09d   at time  125331337 ps
inst0 ch0:  C_CMD: RDCMD     C_f = 0x002   at time  125331751 ps
inst0 ch0:  C_CMD: RDCMD     C_r = 0x01d   at time  125332165 ps
inst0 ch0:  C_CMD: RDCMD     C_f = 0x082   at time  125332579 ps
inst0 ch0:  C_CMD: RDCMD     C_r = 0x055   at time  125332993 ps
inst0 ch0:  C_CMD: RDCMD     C_f = 0x000   at time  125333407 ps
inst0 ch0:  C_CMD: RDCMD     C_r = 0x015   at time  125334649 ps
inst0 ch0:  C_CMD: RDCMD     C_f = 0x000   at time  125335063 ps
inst0 ch0:  C_CMD: RDCMD     C_r = 0x05d   at time  125336305 ps
inst0 ch0:  C_CMD: RDCMD     C_f = 0x002   at time  125336719 ps
inst0 ch0:  C_CMD: RDCMD     C_r = 0x01d   at time  125337961 ps
inst0 ch0:  C_CMD: RDCMD     C_f = 0x002   at time  125338375 ps
inst0 ch0:  R_CMD: ACTCMD    R_r0= 0x32    at time  125802469 ps
inst0 ch0:  R_CMD: ACTCMD    R_f0= 0x2a    at time  125802883 ps
inst0 ch0:  R_CMD: ACTCMD    R_r1= 0x00    at time  125803297 ps
inst0 ch0:  R_CMD: ACTCMD    R_f1= 0x00    at time  125803711 ps
inst0 ch0:  R_CMD: ACTCMD    R_r0= 0x12    at time  125806609 ps
inst0 ch0:  R_CMD: ACTCMD    R_f0= 0x2a    at time  125807023 ps
inst0 ch0:  R_CMD: ACTCMD    R_r1= 0x00    at time  125807437 ps
inst0 ch0:  R_CMD: ACTCMD    R_f1= 0x00    at time  125807851 ps
inst0 ch0:  R_CMD: ACTCMD    R_r0= 0x32    at time  125808265 ps
inst0 ch0:  R_CMD: ACTCMD    R_f0= 0x22    at time  125808679 ps
inst0 ch0:  R_CMD: ACTCMD    R_r1= 0x00    at time  125809093 ps
inst0 ch0:  R_CMD: ACTCMD    R_f1= 0x00    at time  125809507 ps
inst0 ch0:  R_CMD: ACTCMD    R_r0= 0x32    at time  125810749 ps
inst0 ch0:  R_CMD: ACTCMD    R_f0= 0x0a    at time  125811163 ps
inst0 ch0:  R_CMD: ACTCMD    R_r1= 0x00    at time  125811577 ps
inst0 ch0:  R_CMD: ACTCMD    R_f1= 0x00    at time  125811991 ps
inst0 ch0:  R_CMD: ACTCMD    R_r0= 0x12    at time  125812405 ps
inst0 ch0:  R_CMD: ACTCMD    R_f0= 0x22    at time  125812819 ps
inst0 ch0:  R_CMD: ACTCMD    R_r1= 0x00    at time  125813233 ps
inst0 ch0:  R_CMD: ACTCMD    R_f1= 0x00    at time  125813647 ps
inst0 ch0:  R_CMD: ACTCMD    R_r0= 0x12    at time  125814889 ps
inst0 ch0:  R_CMD: ACTCMD    R_f0= 0x0a    at time  125815303 ps
inst0 ch0:  R_CMD: ACTCMD    R_r1= 0x00    at time  125815717 ps
inst0 ch0:  R_CMD: ACTCMD    R_f1= 0x00    at time  125816131 ps
inst0 ch0:  R_CMD: ACTCMD    R_r0= 0x32    at time  125816545 ps
inst0 ch0:  R_CMD: ACTCMD    R_f0= 0x02    at time  125816959 ps
inst0 ch0:  R_CMD: ACTCMD    R_r1= 0x00    at time  125817373 ps
inst0 ch0:  C_CMD: RDCMD     C_r = 0x0e5   at time  125817373 ps
inst0 ch0:  R_CMD: ACTCMD    R_f1= 0x00    at time  125817787 ps
inst0 ch0:  C_CMD: RDCMD     C_f = 0x080   at time  125817787 ps
inst0 ch0:  R_CMD: ACTCMD    R_r0= 0x12    at time  125820685 ps
inst0 ch0:  C_CMD: RDCMD     C_r = 0x0ed   at time  125820685 ps
inst0 ch0:  R_CMD: ACTCMD    R_f0= 0x02    at time  125821099 ps
inst0 ch0:  C_CMD: RDCMD     C_f = 0x082   at time  125821099 ps
inst0 ch0:  R_CMD: ACTCMD    R_r1= 0x00    at time  125821513 ps
inst0 ch0:  R_CMD: ACTCMD    R_f1= 0x00    at time  125821927 ps
inst0 ch0:  C_CMD: RDCMD     C_r = 0x0a5   at time  125822341 ps
inst0 ch0:  C_CMD: RDCMD     C_f = 0x080   at time  125822755 ps
inst0 ch0:  C_CMD: RDCMD     C_r = 0x0e5   at time  125823169 ps
inst0 ch0:  C_CMD: RDCMD     C_f = 0x000   at time  125823583 ps
inst0 ch0:  C_CMD: RDCMD     C_r = 0x0ad   at time  125825653 ps
inst0 ch0:  C_CMD: RDCMD     C_f = 0x082   at time  125826067 ps
inst0 ch0:  C_CMD: RDCMD     C_r = 0x0ed   at time  125826481 ps
inst0 ch0:  C_CMD: RDCMD     C_f = 0x002   at time  125826895 ps
inst0 ch0:  C_CMD: RDCMD     C_r = 0x065   at time  125827309 ps
inst0 ch0:  C_CMD: RDCMD     C_f = 0x080   at time  125827723 ps
inst0 ch0:  C_CMD: RDCMD     C_r = 0x0a5   at time  125828137 ps
inst0 ch0:  C_CMD: RDCMD     C_f = 0x000   at time  125828551 ps
inst0 ch0:  C_CMD: RDCMD     C_r = 0x025   at time  125829793 ps
inst0 ch0:  C_CMD: RDCMD     C_f = 0x080   at time  125830207 ps
inst0 ch0:  C_CMD: RDCMD     C_r = 0x06d   at time  125831449 ps
inst0 ch0:  C_CMD: RDCMD     C_f = 0x082   at time  125831863 ps
inst0 ch0:  C_CMD: RDCMD     C_r = 0x0ad   at time  125832277 ps
inst0 ch0:  C_CMD: RDCMD     C_f = 0x002   at time  125832691 ps
inst0 ch0:  C_CMD: RDCMD     C_r = 0x02d   at time  125833105 ps
inst0 ch0:  C_CMD: RDCMD     C_f = 0x082   at time  125833519 ps
inst0 ch0:  C_CMD: RDCMD     C_r = 0x065   at time  125833933 ps
inst0 ch0:  C_CMD: RDCMD     C_f = 0x000   at time  125834347 ps
inst0 ch0:  C_CMD: RDCMD     C_r = 0x025   at time  125835589 ps
inst0 ch0:  C_CMD: RDCMD     C_f = 0x000   at time  125836003 ps
inst0 ch0:  C_CMD: RDCMD     C_r = 0x06d   at time  125837245 ps
inst0 ch0:  C_CMD: RDCMD     C_f = 0x002   at time  125837659 ps
inst0 ch0:  C_CMD: RDCMD     C_r = 0x02d   at time  125838901 ps
inst0 ch0:  C_CMD: RDCMD     C_f = 0x002   at time  125839315 ps
inst0 ch0:  R_CMD: ACTCMD    R_r0= 0x3a    at time  126304237 ps
inst0 ch0:  R_CMD: ACTCMD    R_f0= 0x2a    at time  126304651 ps
inst0 ch0:  R_CMD: ACTCMD    R_r1= 0x00    at time  126305065 ps
inst0 ch0:  R_CMD: ACTCMD    R_f1= 0x00    at time  126305479 ps
inst0 ch0:  R_CMD: ACTCMD    R_r0= 0x1a    at time  126308377 ps
inst0 ch0:  R_CMD: ACTCMD    R_f0= 0x2a    at time  126308791 ps
inst0 ch0:  R_CMD: ACTCMD    R_r1= 0x00    at time  126309205 ps
inst0 ch0:  R_CMD: ACTCMD    R_f1= 0x00    at time  126309619 ps
inst0 ch0:  R_CMD: ACTCMD    R_r0= 0x3a    at time  126310861 ps
inst0 ch0:  R_CMD: ACTCMD    R_f0= 0x22    at time  126311275 ps
inst0 ch0:  R_CMD: ACTCMD    R_r1= 0x00    at time  126311689 ps
inst0 ch0:  R_CMD: ACTCMD    R_f1= 0x00    at time  126312103 ps
inst0 ch0:  R_CMD: ACTCMD    R_r0= 0x3a    at time  126312517 ps
inst0 ch0:  R_CMD: ACTCMD    R_f0= 0x0a    at time  126312931 ps
inst0 ch0:  R_CMD: ACTCMD    R_r1= 0x00    at time  126313345 ps
inst0 ch0:  R_CMD: ACTCMD    R_f1= 0x00    at time  126313759 ps
inst0 ch0:  R_CMD: ACTCMD    R_r0= 0x1a    at time  126315001 ps
inst0 ch0:  R_CMD: ACTCMD    R_f0= 0x22    at time  126315415 ps
inst0 ch0:  R_CMD: ACTCMD    R_r1= 0x00    at time  126315829 ps
inst0 ch0:  R_CMD: ACTCMD    R_f1= 0x00    at time  126316243 ps
inst0 ch0:  R_CMD: ACTCMD    R_r0= 0x1a    at time  126316657 ps
inst0 ch0:  R_CMD: ACTCMD    R_f0= 0x0a    at time  126317071 ps
inst0 ch0:  R_CMD: ACTCMD    R_r1= 0x00    at time  126317485 ps
inst0 ch0:  R_CMD: ACTCMD    R_f1= 0x00    at time  126317899 ps
inst0 ch0:  R_CMD: ACTCMD    R_r0= 0x3a    at time  126319141 ps
inst0 ch0:  C_CMD: RDCMD     C_r = 0x0f5   at time  126319141 ps
inst0 ch0:  R_CMD: ACTCMD    R_f0= 0x02    at time  126319555 ps
inst0 ch0:  C_CMD: RDCMD     C_f = 0x080   at time  126319555 ps
inst0 ch0:  R_CMD: ACTCMD    R_r1= 0x00    at time  126319969 ps
inst0 ch0:  R_CMD: ACTCMD    R_f1= 0x00    at time  126320383 ps
inst0 ch0:  C_CMD: RDCMD     C_r = 0x0fd   at time  126322453 ps
inst0 ch0:  C_CMD: RDCMD     C_f = 0x082   at time  126322867 ps
inst0 ch0:  R_CMD: ACTCMD    R_r0= 0x1a    at time  126323281 ps
inst0 ch0:  R_CMD: ACTCMD    R_f0= 0x02    at time  126323695 ps
inst0 ch0:  R_CMD: ACTCMD    R_r1= 0x00    at time  126324109 ps
inst0 ch0:  C_CMD: RDCMD     C_r = 0x0b5   at time  126324109 ps
inst0 ch0:  R_CMD: ACTCMD    R_f1= 0x00    at time  126324523 ps
inst0 ch0:  C_CMD: RDCMD     C_f = 0x080   at time  126324523 ps
inst0 ch0:  C_CMD: RDCMD     C_r = 0x0f5   at time  126325765 ps
inst0 ch0:  C_CMD: RDCMD     C_f = 0x000   at time  126326179 ps
inst0 ch0:  C_CMD: RDCMD     C_r = 0x0bd   at time  126327421 ps
inst0 ch0:  C_CMD: RDCMD     C_f = 0x082   at time  126327835 ps
inst0 ch0:  C_CMD: RDCMD     C_r = 0x075   at time  126329077 ps
inst0 ch0:  C_CMD: RDCMD     C_f = 0x080   at time  126329491 ps
inst0 ch0:  C_CMD: RDCMD     C_r = 0x0fd   at time  126329905 ps
inst0 ch0:  C_CMD: RDCMD     C_f = 0x002   at time  126330319 ps
inst0 ch0:  C_CMD: RDCMD     C_r = 0x035   at time  126331561 ps
inst0 ch0:  C_CMD: RDCMD     C_f = 0x080   at time  126331975 ps
inst0 ch0:  C_CMD: RDCMD     C_r = 0x0b5   at time  126332389 ps
inst0 ch0:  C_CMD: RDCMD     C_f = 0x000   at time  126332803 ps
inst0 ch0:  C_CMD: RDCMD     C_r = 0x07d   at time  126333217 ps
inst0 ch0:  C_CMD: RDCMD     C_f = 0x082   at time  126333631 ps
inst0 ch0:  C_CMD: RDCMD     C_r = 0x075   at time  126334045 ps
inst0 ch0:  C_CMD: RDCMD     C_f = 0x000   at time  126334459 ps
inst0 ch0:  C_CMD: RDCMD     C_r = 0x03d   at time  126334873 ps
inst0 ch0:  C_CMD: RDCMD     C_f = 0x082   at time  126335287 ps
inst0 ch0:  C_CMD: RDCMD     C_r = 0x0bd   at time  126335701 ps
inst0 ch0:  C_CMD: RDCMD     C_f = 0x002   at time  126336115 ps
inst0 ch0:  C_CMD: RDCMD     C_r = 0x07d   at time  126337357 ps
inst0 ch0:  C_CMD: RDCMD     C_f = 0x002   at time  126337771 ps
inst0 ch0:  C_CMD: RDCMD     C_r = 0x035   at time  126339013 ps
inst0 ch0:  C_CMD: RDCMD     C_f = 0x000   at time  126339427 ps
inst0 ch0:  C_CMD: RDCMD     C_r = 0x03d   at time  126342325 ps
inst0 ch0:  C_CMD: RDCMD     C_f = 0x002   at time  126342739 ps
inst0 ch0:  R_CMD: ACTCMD    R_r0= 0x2e    at time  130767157 ps
inst0 ch0:  R_CMD: ACTCMD    R_f0= 0x20    at time  130767571 ps
inst0 ch0:  R_CMD: ACTCMD    R_r1= 0x00    at time  130767985 ps
inst0 ch0:  R_CMD: ACTCMD    R_f1= 0x02    at time  130768399 ps
inst0 ch0:  C_CMD: RDCMD     C_r = 0x0d5   at time  130782061 ps
inst0 ch0:  C_CMD: RDCMD     C_f = 0x021   at time  130782475 ps
inst0 ch0:  C_CMD: RDCMD     C_r = 0x0dd   at time  130785373 ps
inst0 ch0:  C_CMD: RDCMD     C_f = 0x023   at time  130785787 ps
inst0 ch0:  R_CMD: ACTCMD    R_r0= 0x02    at time  130819321 ps
inst0 ch0:  R_CMD: ACTCMD    R_f0= 0x00    at time  130819735 ps
inst0 ch0:  R_CMD: ACTCMD    R_r1= 0x00    at time  130820149 ps
inst0 ch0:  R_CMD: ACTCMD    R_f1= 0x00    at time  130820563 ps
inst0 ch0:  C_CMD: RDCMD     C_r = 0x005   at time  130834225 ps
inst0 ch0:  C_CMD: RDCMD     C_f = 0x018   at time  130834639 ps
inst0 ch0:  C_CMD: RDCMD     C_r = 0x005   at time  130837537 ps
inst0 ch0:  C_CMD: RDCMD     C_f = 0x01a   at time  130837951 ps
inst0 ch0:  C_CMD: RDCMD     C_r = 0x005   at time  130840849 ps
inst0 ch0:  C_CMD: RDCMD     C_f = 0x010   at time  130841263 ps
inst0 ch0:  C_CMD: RDCMD     C_r = 0x005   at time  130844161 ps
inst0 ch0:  C_CMD: RDCMD     C_f = 0x012   at time  130844575 ps
inst0 ch0:  C_CMD: RDCMD     C_r = 0x005   at time  130847473 ps
inst0 ch0:  C_CMD: RDCMD     C_f = 0x008   at time  130847887 ps
inst0 ch0:  C_CMD: RDCMD     C_r = 0x005   at time  130850785 ps
inst0 ch0:  C_CMD: RDCMD     C_f = 0x00a   at time  130851199 ps
inst0 ch0:  C_CMD: RDCMD     C_r = 0x005   at time  130854097 ps
inst0 ch0:  C_CMD: RDCMD     C_f = 0x000   at time  130854511 ps
inst0 ch0:  C_CMD: RDCMD     C_r = 0x00d   at time  130857409 ps
inst0 ch0:  C_CMD: RDCMD     C_f = 0x002   at time  130857823 ps
inst0 ch0:  R_CMD: ACTCMD    R_r0= 0x02    at time  130858237 ps
inst0 ch0:  R_CMD: ACTCMD    R_f0= 0x08    at time  130858651 ps
inst0 ch0:  R_CMD: ACTCMD    R_r1= 0x00    at time  130859065 ps
inst0 ch0:  R_CMD: ACTCMD    R_f1= 0x00    at time  130859479 ps
inst0 ch0:  C_CMD: RDCMD     C_r = 0x005   at time  130873141 ps
inst0 ch0:  C_CMD: RDCMD     C_f = 0x098   at time  130873555 ps
inst0 ch0:  C_CMD: RDCMD     C_r = 0x005   at time  130876453 ps
inst0 ch0:  C_CMD: RDCMD     C_f = 0x09a   at time  130876867 ps
inst0 ch0:  C_CMD: RDCMD     C_r = 0x005   at time  130879765 ps
inst0 ch0:  C_CMD: RDCMD     C_f = 0x090   at time  130880179 ps
inst0 ch0:  C_CMD: RDCMD     C_r = 0x005   at time  130883077 ps
inst0 ch0:  C_CMD: RDCMD     C_f = 0x092   at time  130883491 ps
inst0 ch0:  C_CMD: RDCMD     C_r = 0x005   at time  130886389 ps
inst0 ch0:  C_CMD: RDCMD     C_f = 0x088   at time  130886803 ps
inst0 ch0:  C_CMD: RDCMD     C_r = 0x005   at time  130889701 ps
inst0 ch0:  C_CMD: RDCMD     C_f = 0x08a   at time  130890115 ps
inst0 ch0:  C_CMD: RDCMD     C_r = 0x005   at time  130893013 ps
inst0 ch0:  C_CMD: RDCMD     C_f = 0x080   at time  130893427 ps
inst0 ch0:  C_CMD: RDCMD     C_r = 0x00d   at time  130896325 ps
inst0 ch0:  C_CMD: RDCMD     C_f = 0x082   at time  130896739 ps
inst0 ch0:  R_CMD: ACTCMD    R_r0= 0x2e    at time  131050333 ps
inst0 ch0:  R_CMD: ACTCMD    R_f0= 0x28    at time  131050747 ps
inst0 ch0:  R_CMD: ACTCMD    R_r1= 0x00    at time  131051161 ps
inst0 ch0:  R_CMD: ACTCMD    R_f1= 0x02    at time  131051575 ps
inst0 ch0:  C_CMD: RDCMD     C_r = 0x0d5   at time  131065237 ps
inst0 ch0:  C_CMD: RDCMD     C_f = 0x0a1   at time  131065651 ps
inst0 ch0:  C_CMD: RDCMD     C_r = 0x0dd   at time  131068549 ps
inst0 ch0:  C_CMD: RDCMD     C_f = 0x0a3   at time  131068963 ps
inst0 ch0:  R_CMD: ACTCMD    R_r0= 0x2e    at time  131300389 ps
inst0 ch0:  R_CMD: ACTCMD    R_f0= 0x20    at time  131300803 ps
inst0 ch0:  R_CMD: ACTCMD    R_r1= 0x00    at time  131301217 ps
inst0 ch0:  R_CMD: ACTCMD    R_f1= 0x02    at time  131301631 ps
inst0 ch0:  R_CMD: ACTCMD    R_r0= 0x0a    at time  131308669 ps
inst0 ch0:  R_CMD: ACTCMD    R_f0= 0x00    at time  131309083 ps
inst0 ch0:  R_CMD: ACTCMD    R_r1= 0x00    at time  131309497 ps
inst0 ch0:  R_CMD: ACTCMD    R_f1= 0x00    at time  131309911 ps
inst0 ch0:  C_CMD: RDCMD     C_r = 0x0d5   at time  131315293 ps
inst0 ch0:  C_CMD: RDCMD     C_f = 0x029   at time  131315707 ps
inst0 ch0:  C_CMD: RDCMD     C_r = 0x0dd   at time  131318605 ps
inst0 ch0:  C_CMD: RDCMD     C_f = 0x02b   at time  131319019 ps
inst0 ch0:  C_CMD: RDCMD     C_r = 0x015   at time  131323573 ps
inst0 ch0:  C_CMD: RDCMD     C_f = 0x018   at time  131323987 ps
inst0 ch0:  C_CMD: RDCMD     C_r = 0x015   at time  131326885 ps
inst0 ch0:  C_CMD: RDCMD     C_f = 0x01a   at time  131327299 ps
inst0 ch0:  C_CMD: RDCMD     C_r = 0x015   at time  131330197 ps
inst0 ch0:  C_CMD: RDCMD     C_f = 0x010   at time  131330611 ps
inst0 ch0:  C_CMD: RDCMD     C_r = 0x015   at time  131333509 ps
inst0 ch0:  C_CMD: RDCMD     C_f = 0x012   at time  131333923 ps
inst0 ch0:  C_CMD: RDCMD     C_r = 0x015   at time  131336821 ps
inst0 ch0:  C_CMD: RDCMD     C_f = 0x008   at time  131337235 ps
inst0 ch0:  C_CMD: RDCMD     C_r = 0x015   at time  131340133 ps
inst0 ch0:  C_CMD: RDCMD     C_f = 0x00a   at time  131340547 ps
inst0 ch0:  C_CMD: RDCMD     C_r = 0x015   at time  131343445 ps
inst0 ch0:  C_CMD: RDCMD     C_f = 0x000   at time  131343859 ps
inst0 ch0:  C_CMD: RDCMD     C_r = 0x01d   at time  131346757 ps
inst0 ch0:  C_CMD: RDCMD     C_f = 0x002   at time  131347171 ps
inst0 ch0:  R_CMD: ACTCMD    R_r0= 0x0a    at time  131365801 ps
inst0 ch0:  R_CMD: ACTCMD    R_f0= 0x08    at time  131366215 ps
inst0 ch0:  R_CMD: ACTCMD    R_r1= 0x00    at time  131366629 ps
inst0 ch0:  R_CMD: ACTCMD    R_f1= 0x00    at time  131367043 ps
inst0 ch0:  C_CMD: RDCMD     C_r = 0x015   at time  131380705 ps
inst0 ch0:  C_CMD: RDCMD     C_f = 0x098   at time  131381119 ps
inst0 ch0:  C_CMD: RDCMD     C_r = 0x015   at time  131384017 ps
inst0 ch0:  C_CMD: RDCMD     C_f = 0x09a   at time  131384431 ps
inst0 ch0:  C_CMD: RDCMD     C_r = 0x015   at time  131387329 ps
inst0 ch0:  C_CMD: RDCMD     C_f = 0x090   at time  131387743 ps
inst0 ch0:  C_CMD: RDCMD     C_r = 0x015   at time  131390641 ps
inst0 ch0:  C_CMD: RDCMD     C_f = 0x092   at time  131391055 ps
inst0 ch0:  C_CMD: RDCMD     C_r = 0x015   at time  131393953 ps
inst0 ch0:  C_CMD: RDCMD     C_f = 0x088   at time  131394367 ps
inst0 ch0:  C_CMD: RDCMD     C_r = 0x015   at time  131397265 ps
inst0 ch0:  C_CMD: RDCMD     C_f = 0x08a   at time  131397679 ps
inst0 ch0:  C_CMD: RDCMD     C_r = 0x015   at time  131400577 ps
inst0 ch0:  C_CMD: RDCMD     C_f = 0x080   at time  131400991 ps
inst0 ch0:  C_CMD: RDCMD     C_r = 0x01d   at time  131403889 ps
inst0 ch0:  C_CMD: RDCMD     C_f = 0x082   at time  131404303 ps
inst0 ch0:  R_CMD: ACTCMD    R_r0= 0x2e    at time  131782285 ps
inst0 ch0:  R_CMD: ACTCMD    R_f0= 0x28    at time  131782699 ps
inst0 ch0:  R_CMD: ACTCMD    R_r1= 0x00    at time  131783113 ps
inst0 ch0:  R_CMD: ACTCMD    R_f1= 0x02    at time  131783527 ps
inst0 ch0:  C_CMD: RDCMD     C_r = 0x0d5   at time  131797189 ps
inst0 ch0:  C_CMD: RDCMD     C_f = 0x0a9   at time  131797603 ps
inst0 ch0:  C_CMD: RDCMD     C_r = 0x0dd   at time  131800501 ps
inst0 ch0:  C_CMD: RDCMD     C_f = 0x0ab   at time  131800915 ps
inst0 ch0:  R_CMD: ACTCMD    R_r0= 0x02    at time  133964893 ps
inst0 ch0:  R_CMD: ACTCMD    R_f0= 0x1b    at time  133965307 ps
inst0 ch0:  R_CMD: ACTCMD    R_r1= 0x3f    at time  133965721 ps
inst0 ch0:  R_CMD: ACTCMD    R_f1= 0x3b    at time  133966135 ps
inst0 ch0:  R_CMD: ACTCMD    R_r0= 0x02    at time  133966549 ps
inst0 ch0:  R_CMD: ACTCMD    R_f0= 0x13    at time  133966963 ps
inst0 ch0:  R_CMD: ACTCMD    R_r1= 0x3f    at time  133967377 ps
inst0 ch0:  R_CMD: ACTCMD    R_f1= 0x3b    at time  133967791 ps
inst0 ch0:  C_CMD: RDCMD     C_r = 0x005   at time  133979797 ps
inst0 ch0:  C_CMD: RDCMD     C_f = 0x080   at time  133980211 ps
inst0 ch0:  C_CMD: RDCMD     C_r = 0x005   at time  133981453 ps
inst0 ch0:  C_CMD: RDCMD     C_f = 0x000   at time  133981867 ps
inst0 ch0:  C_CMD: RDCMD     C_r = 0x00d   at time  133983109 ps
inst0 ch0:  C_CMD: RDCMD     C_f = 0x082   at time  133983523 ps
inst0 ch0:  C_CMD: RDCMD     C_r = 0x00d   at time  133984765 ps
inst0 ch0:  C_CMD: RDCMD     C_f = 0x002   at time  133985179 ps
inst0 ch0:  R_CMD: ACTCMD    R_r0= 0x02    at time  134035273 ps
inst0 ch0:  R_CMD: ACTCMD    R_f0= 0x1b    at time  134035687 ps
inst0 ch0:  R_CMD: ACTCMD    R_r1= 0x3f    at time  134036101 ps
inst0 ch0:  R_CMD: ACTCMD    R_f1= 0x3b    at time  134036515 ps
inst0 ch0:  R_CMD: ACTCMD    R_r0= 0x02    at time  134037757 ps
inst0 ch0:  R_CMD: ACTCMD    R_f0= 0x13    at time  134038171 ps
inst0 ch0:  R_CMD: ACTCMD    R_r1= 0x3f    at time  134038585 ps
inst0 ch0:  R_CMD: ACTCMD    R_f1= 0x3b    at time  134038999 ps
inst0 ch0:  C_CMD: WRCMD     C_r = 0x001   at time  134046037 ps
inst0 ch0:  C_CMD: WRCMD     C_f = 0x080   at time  134046451 ps
inst0 ch0:  C_CMD: WRCMD     C_r = 0x001   at time  134048521 ps
inst0 ch0:  C_CMD: WRCMD     C_f = 0x000   at time  134048935 ps
inst0 ch0:  C_CMD: WRCMD     C_r = 0x009   at time  134049349 ps
inst0 ch0:  C_CMD: WRCMD     C_f = 0x082   at time  134049763 ps
inst0 ch0:  C_CMD: WRCMD     C_r = 0x009   at time  134051833 ps
inst0 ch0:  C_CMD: WRCMD     C_f = 0x002   at time  134052247 ps
inst0 ch0:  R_CMD: ACTCMD    R_r0= 0x0a    at time  138289537 ps
inst0 ch0:  R_CMD: ACTCMD    R_f0= 0x1b    at time  138289951 ps
inst0 ch0:  R_CMD: ACTCMD    R_r1= 0x3f    at time  138290365 ps
inst0 ch0:  R_CMD: ACTCMD    R_f1= 0x3b    at time  138290779 ps
inst0 ch0:  R_CMD: ACTCMD    R_r0= 0x0a    at time  138292021 ps
inst0 ch0:  R_CMD: ACTCMD    R_f0= 0x13    at time  138292435 ps
inst0 ch0:  R_CMD: ACTCMD    R_r1= 0x3f    at time  138292849 ps
inst0 ch0:  R_CMD: ACTCMD    R_f1= 0x3b    at time  138293263 ps
inst0 ch0:  C_CMD: RDCMD     C_r = 0x015   at time  138304441 ps
inst0 ch0:  C_CMD: RDCMD     C_f = 0x090   at time  138304855 ps
inst0 ch0:  C_CMD: RDCMD     C_r = 0x015   at time  138306925 ps
inst0 ch0:  C_CMD: RDCMD     C_f = 0x010   at time  138307339 ps
inst0 ch0:  C_CMD: RDCMD     C_r = 0x01d   at time  138307753 ps
inst0 ch0:  C_CMD: RDCMD     C_f = 0x092   at time  138308167 ps
inst0 ch0:  C_CMD: RDCMD     C_r = 0x01d   at time  138310237 ps
inst0 ch0:  C_CMD: RDCMD     C_f = 0x012   at time  138310651 ps
inst0 ch0:  R_CMD: ACTCMD    R_r0= 0x0a    at time  138508957 ps
inst0 ch0:  R_CMD: ACTCMD    R_f0= 0x1b    at time  138509371 ps
inst0 ch0:  R_CMD: ACTCMD    R_r1= 0x3f    at time  138509785 ps
inst0 ch0:  R_CMD: ACTCMD    R_f1= 0x3b    at time  138510199 ps
inst0 ch0:  R_CMD: ACTCMD    R_r0= 0x0a    at time  138511441 ps
inst0 ch0:  R_CMD: ACTCMD    R_f0= 0x13    at time  138511855 ps
inst0 ch0:  R_CMD: ACTCMD    R_r1= 0x3f    at time  138512269 ps
inst0 ch0:  R_CMD: ACTCMD    R_f1= 0x3b    at time  138512683 ps
inst0 ch0:  C_CMD: WRCMD     C_r = 0x011   at time  138519721 ps
inst0 ch0:  C_CMD: WRCMD     C_f = 0x090   at time  138520135 ps
inst0 ch0:  C_CMD: WRCMD     C_r = 0x011   at time  138522205 ps
inst0 ch0:  C_CMD: WRCMD     C_f = 0x010   at time  138522619 ps
inst0 ch0:  C_CMD: WRCMD     C_r = 0x019   at time  138523033 ps
inst0 ch0:  C_CMD: WRCMD     C_f = 0x092   at time  138523447 ps
inst0 ch0:  C_CMD: WRCMD     C_r = 0x019   at time  138525517 ps
inst0 ch0:  C_CMD: WRCMD     C_f = 0x012   at time  138525931 ps
inst0 ch0:  R_CMD: ACTCMD    R_r0= 0x0a    at time  142362469 ps
inst0 ch0:  R_CMD: ACTCMD    R_f0= 0x08    at time  142362883 ps
inst0 ch0:  R_CMD: ACTCMD    R_r1= 0x00    at time  142363297 ps
inst0 ch0:  R_CMD: ACTCMD    R_f1= 0x00    at time  142363711 ps
inst0 ch0:  R_CMD: ACTCMD    R_r0= 0x0a    at time  142364125 ps
inst0 ch0:  R_CMD: ACTCMD    R_f0= 0x00    at time  142364539 ps
inst0 ch0:  R_CMD: ACTCMD    R_r1= 0x00    at time  142364953 ps
inst0 ch0:  R_CMD: ACTCMD    R_f1= 0x00    at time  142365367 ps
inst0 ch0:  C_CMD: RDCMD     C_r = 0x015   at time  142377373 ps
inst0 ch0:  C_CMD: RDCMD     C_f = 0x0a8   at time  142377787 ps
inst0 ch0:  C_CMD: RDCMD     C_r = 0x015   at time  142379029 ps
inst0 ch0:  C_CMD: RDCMD     C_f = 0x028   at time  142379443 ps
inst0 ch0:  C_CMD: RDCMD     C_r = 0x015   at time  142380685 ps
inst0 ch0:  C_CMD: RDCMD     C_f = 0x0aa   at time  142381099 ps
inst0 ch0:  C_CMD: RDCMD     C_r = 0x015   at time  142382341 ps
inst0 ch0:  C_CMD: RDCMD     C_f = 0x02a   at time  142382755 ps
inst0 ch0:  C_CMD: RDCMD     C_r = 0x015   at time  142383997 ps
inst0 ch0:  C_CMD: RDCMD     C_f = 0x0a0   at time  142384411 ps
inst0 ch0:  C_CMD: RDCMD     C_r = 0x015   at time  142385653 ps
inst0 ch0:  C_CMD: RDCMD     C_f = 0x020   at time  142386067 ps
inst0 ch0:  C_CMD: RDCMD     C_r = 0x01d   at time  142387309 ps
inst0 ch0:  C_CMD: RDCMD     C_f = 0x0a2   at time  142387723 ps
inst0 ch0:  C_CMD: RDCMD     C_r = 0x01d   at time  142388965 ps
inst0 ch0:  C_CMD: RDCMD     C_f = 0x022   at time  142389379 ps
inst0 ch0:  R_CMD: ACTCMD    R_r0= 0x0a    at time  142432849 ps
inst0 ch0:  R_CMD: ACTCMD    R_f0= 0x08    at time  142433263 ps
inst0 ch0:  R_CMD: ACTCMD    R_r1= 0x00    at time  142433677 ps
inst0 ch0:  R_CMD: ACTCMD    R_f1= 0x00    at time  142434091 ps
inst0 ch0:  R_CMD: ACTCMD    R_r0= 0x0a    at time  142434505 ps
inst0 ch0:  R_CMD: ACTCMD    R_f0= 0x00    at time  142434919 ps
inst0 ch0:  R_CMD: ACTCMD    R_r1= 0x00    at time  142435333 ps
inst0 ch0:  R_CMD: ACTCMD    R_f1= 0x00    at time  142435747 ps
inst0 ch0:  C_CMD: WRCMD     C_r = 0x011   at time  142443613 ps
inst0 ch0:  C_CMD: WRCMD     C_f = 0x0a8   at time  142444027 ps
inst0 ch0:  C_CMD: WRCMD     C_r = 0x011   at time  142445269 ps
inst0 ch0:  C_CMD: WRCMD     C_f = 0x028   at time  142445683 ps
inst0 ch0:  C_CMD: WRCMD     C_r = 0x011   at time  142446925 ps
inst0 ch0:  C_CMD: WRCMD     C_f = 0x0aa   at time  142447339 ps
inst0 ch0:  C_CMD: WRCMD     C_r = 0x011   at time  142448581 ps
inst0 ch0:  C_CMD: WRCMD     C_f = 0x02a   at time  142448995 ps
inst0 ch0:  C_CMD: WRCMD     C_r = 0x011   at time  142450237 ps
inst0 ch0:  C_CMD: WRCMD     C_f = 0x0a0   at time  142450651 ps
inst0 ch0:  C_CMD: WRCMD     C_r = 0x011   at time  142451893 ps
inst0 ch0:  C_CMD: WRCMD     C_f = 0x020   at time  142452307 ps
inst0 ch0:  C_CMD: WRCMD     C_r = 0x019   at time  142453549 ps
inst0 ch0:  C_CMD: WRCMD     C_f = 0x0a2   at time  142453963 ps
inst0 ch0:  C_CMD: WRCMD     C_r = 0x019   at time  142455205 ps
inst0 ch0:  C_CMD: WRCMD     C_f = 0x022   at time  142455619 ps
inst0 ch0:  R_CMD: ACTCMD    R_r0= 0x02    at time  146177893 ps
inst0 ch0:  R_CMD: ACTCMD    R_f0= 0x18    at time  146178307 ps
inst0 ch0:  R_CMD: ACTCMD    R_r1= 0x3f    at time  146178721 ps
inst0 ch0:  R_CMD: ACTCMD    R_f1= 0x3b    at time  146179135 ps
inst0 ch0:  R_CMD: ACTCMD    R_r0= 0x02    at time  146180377 ps
inst0 ch0:  R_CMD: ACTCMD    R_f0= 0x10    at time  146180791 ps
inst0 ch0:  R_CMD: ACTCMD    R_r1= 0x3f    at time  146181205 ps
inst0 ch0:  R_CMD: ACTCMD    R_f1= 0x3b    at time  146181619 ps
inst0 ch0:  C_CMD: RDCMD     C_r = 0x005   at time  146192797 ps
inst0 ch0:  C_CMD: RDCMD     C_f = 0x0f8   at time  146193211 ps
inst0 ch0:  C_CMD: RDCMD     C_r = 0x005   at time  146195281 ps
inst0 ch0:  C_CMD: RDCMD     C_f = 0x078   at time  146195695 ps
inst0 ch0:  C_CMD: RDCMD     C_r = 0x00d   at time  146196109 ps
inst0 ch0:  C_CMD: RDCMD     C_f = 0x0fa   at time  146196523 ps
inst0 ch0:  C_CMD: RDCMD     C_r = 0x00d   at time  146198593 ps
inst0 ch0:  C_CMD: RDCMD     C_f = 0x07a   at time  146199007 ps
inst0 ch0:  R_CMD: ACTCMD    R_r0= 0x02    at time  146225089 ps
inst0 ch0:  R_CMD: ACTCMD    R_f0= 0x19    at time  146225503 ps
inst0 ch0:  R_CMD: ACTCMD    R_r1= 0x3f    at time  146225917 ps
inst0 ch0:  R_CMD: ACTCMD    R_f1= 0x3b    at time  146226331 ps
inst0 ch0:  R_CMD: ACTCMD    R_r0= 0x02    at time  146227573 ps
inst0 ch0:  R_CMD: ACTCMD    R_f0= 0x11    at time  146227987 ps
inst0 ch0:  R_CMD: ACTCMD    R_r1= 0x3f    at time  146228401 ps
inst0 ch0:  R_CMD: ACTCMD    R_f1= 0x3b    at time  146228815 ps
inst0 ch0:  C_CMD: RDCMD     C_r = 0x005   at time  146239993 ps
inst0 ch0:  C_CMD: RDCMD     C_f = 0x0f8   at time  146240407 ps
inst0 ch0:  C_CMD: RDCMD     C_r = 0x005   at time  146242477 ps
inst0 ch0:  C_CMD: RDCMD     C_f = 0x078   at time  146242891 ps
inst0 ch0:  C_CMD: RDCMD     C_r = 0x00d   at time  146243305 ps
inst0 ch0:  C_CMD: RDCMD     C_f = 0x0fa   at time  146243719 ps
inst0 ch0:  C_CMD: RDCMD     C_r = 0x00d   at time  146245789 ps
inst0 ch0:  C_CMD: RDCMD     C_f = 0x07a   at time  146246203 ps
inst0 ch0:  R_CMD: ACTCMD    R_r0= 0x02    at time  146272285 ps
inst0 ch0:  R_CMD: ACTCMD    R_f0= 0x18    at time  146272699 ps
inst0 ch0:  R_CMD: ACTCMD    R_r1= 0x3f    at time  146273113 ps
inst0 ch0:  R_CMD: ACTCMD    R_f1= 0x3b    at time  146273527 ps
inst0 ch0:  R_CMD: ACTCMD    R_r0= 0x02    at time  146274769 ps
inst0 ch0:  R_CMD: ACTCMD    R_f0= 0x10    at time  146275183 ps
inst0 ch0:  R_CMD: ACTCMD    R_r1= 0x3f    at time  146275597 ps
inst0 ch0:  R_CMD: ACTCMD    R_f1= 0x3b    at time  146276011 ps
inst0 ch0:  C_CMD: WRCMD     C_r = 0x001   at time  146283049 ps
inst0 ch0:  C_CMD: WRCMD     C_f = 0x0f8   at time  146283463 ps
inst0 ch0:  C_CMD: WRCMD     C_r = 0x001   at time  146285533 ps
inst0 ch0:  C_CMD: WRCMD     C_f = 0x078   at time  146285947 ps
inst0 ch0:  C_CMD: WRCMD     C_r = 0x009   at time  146286361 ps
inst0 ch0:  C_CMD: WRCMD     C_f = 0x0fa   at time  146286775 ps
inst0 ch0:  C_CMD: WRCMD     C_r = 0x009   at time  146288845 ps
inst0 ch0:  C_CMD: WRCMD     C_f = 0x07a   at time  146289259 ps
inst0 ch0:  R_CMD: ACTCMD    R_r0= 0x02    at time  146324449 ps
inst0 ch0:  R_CMD: ACTCMD    R_f0= 0x19    at time  146324863 ps
inst0 ch0:  R_CMD: ACTCMD    R_r1= 0x3f    at time  146325277 ps
inst0 ch0:  R_CMD: ACTCMD    R_f1= 0x3b    at time  146325691 ps
inst0 ch0:  R_CMD: ACTCMD    R_r0= 0x02    at time  146326933 ps
inst0 ch0:  R_CMD: ACTCMD    R_f0= 0x11    at time  146327347 ps
inst0 ch0:  R_CMD: ACTCMD    R_r1= 0x3f    at time  146327761 ps
inst0 ch0:  R_CMD: ACTCMD    R_f1= 0x3b    at time  146328175 ps
inst0 ch0:  C_CMD: WRCMD     C_r = 0x001   at time  146335213 ps
inst0 ch0:  C_CMD: WRCMD     C_f = 0x0f8   at time  146335627 ps
inst0 ch0:  C_CMD: WRCMD     C_r = 0x001   at time  146337697 ps
inst0 ch0:  C_CMD: WRCMD     C_f = 0x078   at time  146338111 ps
inst0 ch0:  C_CMD: WRCMD     C_r = 0x009   at time  146338525 ps
inst0 ch0:  C_CMD: WRCMD     C_f = 0x0fa   at time  146338939 ps
inst0 ch0:  C_CMD: WRCMD     C_r = 0x009   at time  146341009 ps
inst0 ch0:  C_CMD: WRCMD     C_f = 0x07a   at time  146341423 ps
inst0 ch0:  R_CMD: ACTCMD    R_r0= 0x0a    at time  146461069 ps
inst0 ch0:  R_CMD: ACTCMD    R_f0= 0x18    at time  146461483 ps
inst0 ch0:  R_CMD: ACTCMD    R_r1= 0x3f    at time  146461897 ps
inst0 ch0:  R_CMD: ACTCMD    R_f1= 0x3b    at time  146462311 ps
inst0 ch0:  R_CMD: ACTCMD    R_r0= 0x0a    at time  146463553 ps
inst0 ch0:  R_CMD: ACTCMD    R_f0= 0x10    at time  146463967 ps
inst0 ch0:  R_CMD: ACTCMD    R_r1= 0x3f    at time  146464381 ps
inst0 ch0:  R_CMD: ACTCMD    R_f1= 0x3b    at time  146464795 ps
inst0 ch0:  C_CMD: RDCMD     C_r = 0x015   at time  146475973 ps
inst0 ch0:  C_CMD: RDCMD     C_f = 0x0f8   at time  146476387 ps
inst0 ch0:  C_CMD: RDCMD     C_r = 0x015   at time  146478457 ps
inst0 ch0:  C_CMD: RDCMD     C_f = 0x078   at time  146478871 ps
inst0 ch0:  C_CMD: RDCMD     C_r = 0x01d   at time  146479285 ps
inst0 ch0:  C_CMD: RDCMD     C_f = 0x0fa   at time  146479699 ps
inst0 ch0:  C_CMD: RDCMD     C_r = 0x01d   at time  146481769 ps
inst0 ch0:  C_CMD: RDCMD     C_f = 0x07a   at time  146482183 ps
inst0 ch0:  R_CMD: ACTCMD    R_r0= 0x0a    at time  146508265 ps
inst0 ch0:  R_CMD: ACTCMD    R_f0= 0x08    at time  146508679 ps
inst0 ch0:  R_CMD: ACTCMD    R_r1= 0x00    at time  146509093 ps
inst0 ch0:  R_CMD: ACTCMD    R_f1= 0x00    at time  146509507 ps
inst0 ch0:  R_CMD: ACTCMD    R_r0= 0x0a    at time  146510749 ps
inst0 ch0:  R_CMD: ACTCMD    R_f0= 0x00    at time  146511163 ps
inst0 ch0:  R_CMD: ACTCMD    R_r1= 0x00    at time  146511577 ps
inst0 ch0:  R_CMD: ACTCMD    R_f1= 0x00    at time  146511991 ps
inst0 ch0:  C_CMD: RDCMD     C_r = 0x015   at time  146523169 ps
inst0 ch0:  C_CMD: RDCMD     C_f = 0x0b8   at time  146523583 ps
inst0 ch0:  C_CMD: RDCMD     C_r = 0x015   at time  146525653 ps
inst0 ch0:  C_CMD: RDCMD     C_f = 0x038   at time  146526067 ps
inst0 ch0:  C_CMD: RDCMD     C_r = 0x015   at time  146526481 ps
inst0 ch0:  C_CMD: RDCMD     C_f = 0x0ba   at time  146526895 ps
inst0 ch0:  C_CMD: RDCMD     C_r = 0x015   at time  146528965 ps
inst0 ch0:  C_CMD: RDCMD     C_f = 0x03a   at time  146529379 ps
inst0 ch0:  C_CMD: RDCMD     C_r = 0x015   at time  146529793 ps
inst0 ch0:  C_CMD: RDCMD     C_f = 0x0b0   at time  146530207 ps
inst0 ch0:  C_CMD: RDCMD     C_r = 0x015   at time  146532277 ps
inst0 ch0:  C_CMD: RDCMD     C_f = 0x030   at time  146532691 ps
inst0 ch0:  C_CMD: RDCMD     C_r = 0x01d   at time  146533105 ps
inst0 ch0:  C_CMD: RDCMD     C_f = 0x0b2   at time  146533519 ps
inst0 ch0:  C_CMD: RDCMD     C_r = 0x01d   at time  146535589 ps
inst0 ch0:  C_CMD: RDCMD     C_f = 0x032   at time  146536003 ps
inst0 ch0:  R_CMD: ACTCMD    R_r0= 0x0a    at time  146555461 ps
inst0 ch0:  R_CMD: ACTCMD    R_f0= 0x19    at time  146555875 ps
inst0 ch0:  R_CMD: ACTCMD    R_r1= 0x3f    at time  146556289 ps
inst0 ch0:  R_CMD: ACTCMD    R_f1= 0x3b    at time  146556703 ps
inst0 ch0:  R_CMD: ACTCMD    R_r0= 0x0a    at time  146557945 ps
inst0 ch0:  R_CMD: ACTCMD    R_f0= 0x11    at time  146558359 ps
inst0 ch0:  R_CMD: ACTCMD    R_r1= 0x3f    at time  146558773 ps
inst0 ch0:  R_CMD: ACTCMD    R_f1= 0x3b    at time  146559187 ps
inst0 ch0:  C_CMD: RDCMD     C_r = 0x015   at time  146570365 ps
inst0 ch0:  C_CMD: RDCMD     C_f = 0x0f8   at time  146570779 ps
inst0 ch0:  C_CMD: RDCMD     C_r = 0x015   at time  146572849 ps
inst0 ch0:  C_CMD: RDCMD     C_f = 0x078   at time  146573263 ps
inst0 ch0:  C_CMD: RDCMD     C_r = 0x01d   at time  146573677 ps
inst0 ch0:  C_CMD: RDCMD     C_f = 0x0fa   at time  146574091 ps
inst0 ch0:  C_CMD: RDCMD     C_r = 0x01d   at time  146576161 ps
inst0 ch0:  C_CMD: RDCMD     C_f = 0x07a   at time  146576575 ps
inst0 ch0:  R_CMD: ACTCMD    R_r0= 0x0a    at time  146602657 ps
inst0 ch0:  R_CMD: ACTCMD    R_f0= 0x18    at time  146603071 ps
inst0 ch0:  R_CMD: ACTCMD    R_r1= 0x3f    at time  146603485 ps
inst0 ch0:  R_CMD: ACTCMD    R_f1= 0x3b    at time  146603899 ps
inst0 ch0:  R_CMD: ACTCMD    R_r0= 0x0a    at time  146605141 ps
inst0 ch0:  R_CMD: ACTCMD    R_f0= 0x10    at time  146605555 ps
inst0 ch0:  R_CMD: ACTCMD    R_r1= 0x3f    at time  146605969 ps
inst0 ch0:  R_CMD: ACTCMD    R_f1= 0x3b    at time  146606383 ps
inst0 ch0:  C_CMD: WRCMD     C_r = 0x011   at time  146613421 ps
inst0 ch0:  C_CMD: WRCMD     C_f = 0x0f8   at time  146613835 ps
inst0 ch0:  C_CMD: WRCMD     C_r = 0x011   at time  146615905 ps
inst0 ch0:  C_CMD: WRCMD     C_f = 0x078   at time  146616319 ps
inst0 ch0:  C_CMD: WRCMD     C_r = 0x019   at time  146616733 ps
inst0 ch0:  C_CMD: WRCMD     C_f = 0x0fa   at time  146617147 ps
inst0 ch0:  C_CMD: WRCMD     C_r = 0x019   at time  146619217 ps
inst0 ch0:  C_CMD: WRCMD     C_f = 0x07a   at time  146619631 ps
inst0 ch0:  R_CMD: ACTCMD    R_r0= 0x0a    at time  146654821 ps
inst0 ch0:  R_CMD: ACTCMD    R_f0= 0x08    at time  146655235 ps
inst0 ch0:  R_CMD: ACTCMD    R_r1= 0x00    at time  146655649 ps
inst0 ch0:  R_CMD: ACTCMD    R_f1= 0x00    at time  146656063 ps
inst0 ch0:  R_CMD: ACTCMD    R_r0= 0x0a    at time  146657305 ps
inst0 ch0:  R_CMD: ACTCMD    R_f0= 0x00    at time  146657719 ps
inst0 ch0:  R_CMD: ACTCMD    R_r1= 0x00    at time  146658133 ps
inst0 ch0:  R_CMD: ACTCMD    R_f1= 0x00    at time  146658547 ps
inst0 ch0:  C_CMD: WRCMD     C_r = 0x011   at time  146665585 ps
inst0 ch0:  C_CMD: WRCMD     C_f = 0x0b8   at time  146665999 ps
inst0 ch0:  C_CMD: WRCMD     C_r = 0x011   at time  146668069 ps
inst0 ch0:  C_CMD: WRCMD     C_f = 0x038   at time  146668483 ps
inst0 ch0:  C_CMD: WRCMD     C_r = 0x011   at time  146668897 ps
inst0 ch0:  C_CMD: WRCMD     C_f = 0x0ba   at time  146669311 ps
inst0 ch0:  C_CMD: WRCMD     C_r = 0x011   at time  146671381 ps
inst0 ch0:  C_CMD: WRCMD     C_f = 0x03a   at time  146671795 ps
inst0 ch0:  C_CMD: WRCMD     C_r = 0x011   at time  146672209 ps
inst0 ch0:  C_CMD: WRCMD     C_f = 0x0b0   at time  146672623 ps
inst0 ch0:  C_CMD: WRCMD     C_r = 0x011   at time  146674693 ps
inst0 ch0:  C_CMD: WRCMD     C_f = 0x030   at time  146675107 ps
inst0 ch0:  C_CMD: WRCMD     C_r = 0x019   at time  146675521 ps
inst0 ch0:  C_CMD: WRCMD     C_f = 0x0b2   at time  146675935 ps
inst0 ch0:  C_CMD: WRCMD     C_r = 0x019   at time  146678005 ps
inst0 ch0:  C_CMD: WRCMD     C_f = 0x032   at time  146678419 ps
inst0 ch0:  R_CMD: ACTCMD    R_r0= 0x0a    at time  146713609 ps
inst0 ch0:  R_CMD: ACTCMD    R_f0= 0x19    at time  146714023 ps
inst0 ch0:  R_CMD: ACTCMD    R_r1= 0x3f    at time  146714437 ps
inst0 ch0:  R_CMD: ACTCMD    R_f1= 0x3b    at time  146714851 ps
inst0 ch0:  R_CMD: ACTCMD    R_r0= 0x0a    at time  146716093 ps
inst0 ch0:  R_CMD: ACTCMD    R_f0= 0x11    at time  146716507 ps
inst0 ch0:  R_CMD: ACTCMD    R_r1= 0x3f    at time  146716921 ps
inst0 ch0:  R_CMD: ACTCMD    R_f1= 0x3b    at time  146717335 ps
inst0 ch0:  C_CMD: WRCMD     C_r = 0x011   at time  146724373 ps
inst0 ch0:  C_CMD: WRCMD     C_f = 0x0f8   at time  146724787 ps
inst0 ch0:  C_CMD: WRCMD     C_r = 0x011   at time  146726857 ps
inst0 ch0:  C_CMD: WRCMD     C_f = 0x078   at time  146727271 ps
inst0 ch0:  C_CMD: WRCMD     C_r = 0x019   at time  146727685 ps
inst0 ch0:  C_CMD: WRCMD     C_f = 0x0fa   at time  146728099 ps
inst0 ch0:  C_CMD: WRCMD     C_r = 0x019   at time  146730169 ps
inst0 ch0:  C_CMD: WRCMD     C_f = 0x07a   at time  146730583 ps
inst0 ch0:  R_CMD: ACTCMD    R_r0= 0x02    at time  147195505 ps
inst0 ch0:  R_CMD: ACTCMD    R_f0= 0x38    at time  147195919 ps
inst0 ch0:  R_CMD: ACTCMD    R_r1= 0x3f    at time  147196333 ps
inst0 ch0:  R_CMD: ACTCMD    R_f1= 0x3b    at time  147196747 ps
inst0 ch0:  R_CMD: ACTCMD    R_r0= 0x02    at time  147197989 ps
inst0 ch0:  R_CMD: ACTCMD    R_f0= 0x30    at time  147198403 ps
inst0 ch0:  R_CMD: ACTCMD    R_r1= 0x3f    at time  147198817 ps
inst0 ch0:  R_CMD: ACTCMD    R_f1= 0x3b    at time  147199231 ps
inst0 ch0:  C_CMD: RDCMD     C_r = 0x085   at time  147210409 ps
inst0 ch0:  C_CMD: RDCMD     C_f = 0x0f8   at time  147210823 ps
inst0 ch0:  C_CMD: RDCMD     C_r = 0x085   at time  147212893 ps
inst0 ch0:  C_CMD: RDCMD     C_f = 0x078   at time  147213307 ps
inst0 ch0:  C_CMD: RDCMD     C_r = 0x08d   at time  147213721 ps
inst0 ch0:  C_CMD: RDCMD     C_f = 0x0fa   at time  147214135 ps
inst0 ch0:  C_CMD: RDCMD     C_r = 0x08d   at time  147216205 ps
inst0 ch0:  C_CMD: RDCMD     C_f = 0x07a   at time  147216619 ps
inst0 ch0:  R_CMD: ACTCMD    R_r0= 0x02    at time  147265885 ps
inst0 ch0:  R_CMD: ACTCMD    R_f0= 0x38    at time  147266299 ps
inst0 ch0:  R_CMD: ACTCMD    R_r1= 0x3f    at time  147266713 ps
inst0 ch0:  R_CMD: ACTCMD    R_f1= 0x3b    at time  147267127 ps
inst0 ch0:  R_CMD: ACTCMD    R_r0= 0x02    at time  147268369 ps
inst0 ch0:  R_CMD: ACTCMD    R_f0= 0x30    at time  147268783 ps
inst0 ch0:  R_CMD: ACTCMD    R_r1= 0x3f    at time  147269197 ps
inst0 ch0:  R_CMD: ACTCMD    R_f1= 0x3b    at time  147269611 ps
inst0 ch0:  C_CMD: WRCMD     C_r = 0x081   at time  147276649 ps
inst0 ch0:  C_CMD: WRCMD     C_f = 0x0f8   at time  147277063 ps
inst0 ch0:  C_CMD: WRCMD     C_r = 0x081   at time  147279133 ps
inst0 ch0:  C_CMD: WRCMD     C_f = 0x078   at time  147279547 ps
inst0 ch0:  C_CMD: WRCMD     C_r = 0x089   at time  147279961 ps
inst0 ch0:  C_CMD: WRCMD     C_f = 0x0fa   at time  147280375 ps
inst0 ch0:  C_CMD: WRCMD     C_r = 0x089   at time  147282445 ps
inst0 ch0:  C_CMD: WRCMD     C_f = 0x07a   at time  147282859 ps
inst0 ch0:  R_CMD: ACTCMD    R_r0= 0x0a    at time  147451357 ps
inst0 ch0:  R_CMD: ACTCMD    R_f0= 0x38    at time  147451771 ps
inst0 ch0:  R_CMD: ACTCMD    R_r1= 0x3f    at time  147452185 ps
inst0 ch0:  R_CMD: ACTCMD    R_f1= 0x3b    at time  147452599 ps
inst0 ch0:  R_CMD: ACTCMD    R_r0= 0x0a    at time  147453013 ps
inst0 ch0:  R_CMD: ACTCMD    R_f0= 0x30    at time  147453427 ps
inst0 ch0:  R_CMD: ACTCMD    R_r1= 0x3f    at time  147453841 ps
inst0 ch0:  R_CMD: ACTCMD    R_f1= 0x3b    at time  147454255 ps
inst0 ch0:  C_CMD: RDCMD     C_r = 0x095   at time  147466261 ps
inst0 ch0:  C_CMD: RDCMD     C_f = 0x0f8   at time  147466675 ps
inst0 ch0:  C_CMD: RDCMD     C_r = 0x095   at time  147467917 ps
inst0 ch0:  C_CMD: RDCMD     C_f = 0x078   at time  147468331 ps
inst0 ch0:  C_CMD: RDCMD     C_r = 0x09d   at time  147469573 ps
inst0 ch0:  C_CMD: RDCMD     C_f = 0x0fa   at time  147469987 ps
inst0 ch0:  C_CMD: RDCMD     C_r = 0x09d   at time  147471229 ps
inst0 ch0:  C_CMD: RDCMD     C_f = 0x07a   at time  147471643 ps
inst0 ch0:  R_CMD: ACTCMD    R_r0= 0x0a    at time  147523393 ps
inst0 ch0:  R_CMD: ACTCMD    R_f0= 0x30    at time  147523807 ps
inst0 ch0:  R_CMD: ACTCMD    R_r1= 0x3f    at time  147524221 ps
inst0 ch0:  R_CMD: ACTCMD    R_f1= 0x3b    at time  147524635 ps
inst0 ch0:  R_CMD: ACTCMD    R_r0= 0x0a    at time  147525049 ps
inst0 ch0:  R_CMD: ACTCMD    R_f0= 0x38    at time  147525463 ps
inst0 ch0:  R_CMD: ACTCMD    R_r1= 0x3f    at time  147525877 ps
inst0 ch0:  R_CMD: ACTCMD    R_f1= 0x3b    at time  147526291 ps
inst0 ch0:  C_CMD: WRCMD     C_r = 0x091   at time  147534157 ps
inst0 ch0:  C_CMD: WRCMD     C_f = 0x078   at time  147534571 ps
inst0 ch0:  C_CMD: WRCMD     C_r = 0x091   at time  147535813 ps
inst0 ch0:  C_CMD: WRCMD     C_f = 0x0f8   at time  147536227 ps
inst0 ch0:  C_CMD: WRCMD     C_r = 0x099   at time  147537469 ps
inst0 ch0:  C_CMD: WRCMD     C_f = 0x07a   at time  147537883 ps
inst0 ch0:  C_CMD: WRCMD     C_r = 0x099   at time  147539125 ps
inst0 ch0:  C_CMD: WRCMD     C_f = 0x0fa   at time  147539539 ps
