inst0 ch0:  R_CMD: ACTCMD    R_r0= 0x0e    at time   33400981 ps
inst0 ch0:  R_CMD: ACTCMD    R_f0= 0x28    at time   33401395 ps
inst0 ch0:  R_CMD: ACTCMD    R_r1= 0x00    at time   33401809 ps
inst0 ch0:  R_CMD: ACTCMD    R_f1= 0x02    at time   33402223 ps
inst0 ch0:  R_CMD: ACTCMD    R_r0= 0x0e    at time   33402637 ps
inst0 ch0:  R_CMD: ACTCMD    R_f0= 0x20    at time   33403051 ps
inst0 ch0:  R_CMD: ACTCMD    R_r1= 0x00    at time   33403465 ps
inst0 ch0:  R_CMD: ACTCMD    R_f1= 0x02    at time   33403879 ps
inst0 ch0:  C_CMD: RDCMD     C_r = 0x095   at time   33415885 ps
inst0 ch0:  C_CMD: RDCMD     C_f = 0x0a9   at time   33416299 ps
inst0 ch0:  C_CMD: RDCMD     C_r = 0x095   at time   33417541 ps
inst0 ch0:  C_CMD: RDCMD     C_f = 0x029   at time   33417955 ps
inst0 ch0:  C_CMD: RDCMD     C_r = 0x095   at time   33419197 ps
inst0 ch0:  C_CMD: RDCMD     C_f = 0x0ab   at time   33419611 ps
inst0 ch0:  C_CMD: RDCMD     C_r = 0x095   at time   33420853 ps
inst0 ch0:  C_CMD: RDCMD     C_f = 0x02b   at time   33421267 ps
inst0 ch0:  C_CMD: RDCMD     C_r = 0x095   at time   33422509 ps
inst0 ch0:  C_CMD: RDCMD     C_f = 0x0a1   at time   33422923 ps
inst0 ch0:  C_CMD: RDCMD     C_r = 0x095   at time   33424165 ps
inst0 ch0:  C_CMD: RDCMD     C_f = 0x021   at time   33424579 ps
inst0 ch0:  C_CMD: RDCMD     C_r = 0x09d   at time   33425821 ps
inst0 ch0:  C_CMD: RDCMD     C_f = 0x0a3   at time   33426235 ps
inst0 ch0:  C_CMD: RDCMD     C_r = 0x09d   at time   33427477 ps
inst0 ch0:  C_CMD: RDCMD     C_f = 0x023   at time   33427891 ps
inst0 ch0:  R_CMD: ACTCMD    R_r0= 0x0e    at time   33471361 ps
inst0 ch0:  R_CMD: ACTCMD    R_f0= 0x28    at time   33471775 ps
inst0 ch0:  R_CMD: ACTCMD    R_r1= 0x00    at time   33472189 ps
inst0 ch0:  R_CMD: ACTCMD    R_f1= 0x02    at time   33472603 ps
inst0 ch0:  R_CMD: ACTCMD    R_r0= 0x0e    at time   33473845 ps
inst0 ch0:  R_CMD: ACTCMD    R_f0= 0x20    at time   33474259 ps
inst0 ch0:  R_CMD: ACTCMD    R_r1= 0x00    at time   33474673 ps
inst0 ch0:  R_CMD: ACTCMD    R_f1= 0x02    at time   33475087 ps
inst0 ch0:  C_CMD: WRCMD     C_r = 0x091   at time   33482125 ps
inst0 ch0:  C_CMD: WRCMD     C_f = 0x0a9   at time   33482539 ps
inst0 ch0:  C_CMD: WRCMD     C_r = 0x091   at time   33484609 ps
inst0 ch0:  C_CMD: WRCMD     C_f = 0x029   at time   33485023 ps
inst0 ch0:  C_CMD: WRCMD     C_r = 0x091   at time   33485437 ps
inst0 ch0:  C_CMD: WRCMD     C_f = 0x0ab   at time   33485851 ps
inst0 ch0:  C_CMD: WRCMD     C_r = 0x091   at time   33487921 ps
inst0 ch0:  C_CMD: WRCMD     C_f = 0x02b   at time   33488335 ps
inst0 ch0:  C_CMD: WRCMD     C_r = 0x091   at time   33488749 ps
inst0 ch0:  C_CMD: WRCMD     C_f = 0x0a1   at time   33489163 ps
inst0 ch0:  C_CMD: WRCMD     C_r = 0x091   at time   33491233 ps
inst0 ch0:  C_CMD: WRCMD     C_f = 0x021   at time   33491647 ps
inst0 ch0:  C_CMD: WRCMD     C_r = 0x099   at time   33492061 ps
inst0 ch0:  C_CMD: WRCMD     C_f = 0x0a3   at time   33492475 ps
inst0 ch0:  C_CMD: WRCMD     C_r = 0x099   at time   33494545 ps
inst0 ch0:  C_CMD: WRCMD     C_f = 0x023   at time   33494959 ps
inst0 ch0:  R_CMD: ACTCMD    R_r0= 0x2e    at time   54517465 ps
inst0 ch0:  R_CMD: ACTCMD    R_f0= 0x28    at time   54517879 ps
inst0 ch0:  R_CMD: ACTCMD    R_r1= 0x00    at time   54518293 ps
inst0 ch0:  R_CMD: ACTCMD    R_f1= 0x02    at time   54518707 ps
inst0 ch0:  R_CMD: ACTCMD    R_r0= 0x2e    at time   54519949 ps
inst0 ch0:  R_CMD: ACTCMD    R_f0= 0x20    at time   54520363 ps
inst0 ch0:  R_CMD: ACTCMD    R_r1= 0x00    at time   54520777 ps
inst0 ch0:  R_CMD: ACTCMD    R_f1= 0x02    at time   54521191 ps
inst0 ch0:  C_CMD: RDCMD     C_r = 0x0d5   at time   54532369 ps
inst0 ch0:  C_CMD: RDCMD     C_f = 0x0a9   at time   54532783 ps
inst0 ch0:  C_CMD: RDCMD     C_r = 0x0d5   at time   54534853 ps
inst0 ch0:  C_CMD: RDCMD     C_f = 0x029   at time   54535267 ps
inst0 ch0:  C_CMD: RDCMD     C_r = 0x0d5   at time   54535681 ps
inst0 ch0:  C_CMD: RDCMD     C_f = 0x0ab   at time   54536095 ps
inst0 ch0:  C_CMD: RDCMD     C_r = 0x0d5   at time   54538165 ps
inst0 ch0:  C_CMD: RDCMD     C_f = 0x02b   at time   54538579 ps
inst0 ch0:  C_CMD: RDCMD     C_r = 0x0d5   at time   54538993 ps
inst0 ch0:  C_CMD: RDCMD     C_f = 0x0a1   at time   54539407 ps
inst0 ch0:  C_CMD: RDCMD     C_r = 0x0d5   at time   54541477 ps
inst0 ch0:  C_CMD: RDCMD     C_f = 0x021   at time   54541891 ps
inst0 ch0:  C_CMD: RDCMD     C_r = 0x0dd   at time   54542305 ps
inst0 ch0:  C_CMD: RDCMD     C_f = 0x0a3   at time   54542719 ps
inst0 ch0:  C_CMD: RDCMD     C_r = 0x0dd   at time   54544789 ps
inst0 ch0:  C_CMD: RDCMD     C_f = 0x023   at time   54545203 ps
inst0 ch0:  R_CMD: ACTCMD    R_r0= 0x2e    at time   54843697 ps
inst0 ch0:  R_CMD: ACTCMD    R_f0= 0x28    at time   54844111 ps
inst0 ch0:  R_CMD: ACTCMD    R_r1= 0x00    at time   54844525 ps
inst0 ch0:  R_CMD: ACTCMD    R_f1= 0x02    at time   54844939 ps
inst0 ch0:  R_CMD: ACTCMD    R_r0= 0x2e    at time   54845353 ps
inst0 ch0:  R_CMD: ACTCMD    R_f0= 0x20    at time   54845767 ps
inst0 ch0:  R_CMD: ACTCMD    R_r1= 0x00    at time   54846181 ps
inst0 ch0:  R_CMD: ACTCMD    R_f1= 0x02    at time   54846595 ps
inst0 ch0:  C_CMD: WRCMD     C_r = 0x0d1   at time   54854461 ps
inst0 ch0:  C_CMD: WRCMD     C_f = 0x0a9   at time   54854875 ps
inst0 ch0:  C_CMD: WRCMD     C_r = 0x0d1   at time   54856117 ps
inst0 ch0:  C_CMD: WRCMD     C_f = 0x029   at time   54856531 ps
inst0 ch0:  C_CMD: WRCMD     C_r = 0x0d1   at time   54857773 ps
inst0 ch0:  C_CMD: WRCMD     C_f = 0x0ab   at time   54858187 ps
inst0 ch0:  C_CMD: WRCMD     C_r = 0x0d1   at time   54859429 ps
inst0 ch0:  C_CMD: WRCMD     C_f = 0x02b   at time   54859843 ps
inst0 ch0:  C_CMD: WRCMD     C_r = 0x0d1   at time   54861085 ps
inst0 ch0:  C_CMD: WRCMD     C_f = 0x0a1   at time   54861499 ps
inst0 ch0:  C_CMD: WRCMD     C_r = 0x0d1   at time   54862741 ps
inst0 ch0:  C_CMD: WRCMD     C_f = 0x021   at time   54863155 ps
inst0 ch0:  C_CMD: WRCMD     C_r = 0x0d9   at time   54864397 ps
inst0 ch0:  C_CMD: WRCMD     C_f = 0x0a3   at time   54864811 ps
inst0 ch0:  C_CMD: WRCMD     C_r = 0x0d9   at time   54866053 ps
inst0 ch0:  C_CMD: WRCMD     C_f = 0x023   at time   54866467 ps
inst0 ch0:  R_CMD: ACTCMD    R_r0= 0x22    at time  124768297 ps
inst0 ch0:  R_CMD: ACTCMD    R_f0= 0x22    at time  124768711 ps
inst0 ch0:  R_CMD: ACTCMD    R_r1= 0x00    at time  124769125 ps
inst0 ch0:  R_CMD: ACTCMD    R_f1= 0x00    at time  124769539 ps
inst0 ch0:  R_CMD: ACTCMD    R_r0= 0x22    at time  124769953 ps
inst0 ch0:  R_CMD: ACTCMD    R_f0= 0x2a    at time  124770367 ps
inst0 ch0:  R_CMD: ACTCMD    R_r1= 0x00    at time  124770781 ps
inst0 ch0:  R_CMD: ACTCMD    R_f1= 0x00    at time  124771195 ps
inst0 ch0:  R_CMD: ACTCMD    R_r0= 0x02    at time  124772437 ps
inst0 ch0:  R_CMD: ACTCMD    R_f0= 0x22    at time  124772851 ps
inst0 ch0:  R_CMD: ACTCMD    R_r1= 0x00    at time  124773265 ps
inst0 ch0:  R_CMD: ACTCMD    R_f1= 0x00    at time  124773679 ps
inst0 ch0:  R_CMD: ACTCMD    R_r0= 0x02    at time  124774093 ps
inst0 ch0:  R_CMD: ACTCMD    R_f0= 0x2a    at time  124774507 ps
inst0 ch0:  R_CMD: ACTCMD    R_r1= 0x00    at time  124774921 ps
inst0 ch0:  R_CMD: ACTCMD    R_f1= 0x00    at time  124775335 ps
inst0 ch0:  R_CMD: ACTCMD    R_r0= 0x22    at time  124776577 ps
inst0 ch0:  R_CMD: ACTCMD    R_f0= 0x02    at time  124776991 ps
inst0 ch0:  R_CMD: ACTCMD    R_r1= 0x00    at time  124777405 ps
inst0 ch0:  R_CMD: ACTCMD    R_f1= 0x00    at time  124777819 ps
inst0 ch0:  R_CMD: ACTCMD    R_r0= 0x22    at time  124778233 ps
inst0 ch0:  R_CMD: ACTCMD    R_f0= 0x0a    at time  124778647 ps
inst0 ch0:  R_CMD: ACTCMD    R_r1= 0x00    at time  124779061 ps
inst0 ch0:  R_CMD: ACTCMD    R_f1= 0x00    at time  124779475 ps
inst0 ch0:  R_CMD: ACTCMD    R_r0= 0x02    at time  124780717 ps
inst0 ch0:  R_CMD: ACTCMD    R_f0= 0x02    at time  124781131 ps
inst0 ch0:  R_CMD: ACTCMD    R_r1= 0x00    at time  124781545 ps
inst0 ch0:  R_CMD: ACTCMD    R_f1= 0x00    at time  124781959 ps
inst0 ch0:  R_CMD: ACTCMD    R_r0= 0x02    at time  124782373 ps
inst0 ch0:  R_CMD: ACTCMD    R_f0= 0x0a    at time  124782787 ps
inst0 ch0:  R_CMD: ACTCMD    R_r1= 0x00    at time  124783201 ps
inst0 ch0:  C_CMD: RDCMD     C_r = 0x0c5   at time  124783201 ps
inst0 ch0:  R_CMD: ACTCMD    R_f1= 0x00    at time  124783615 ps
inst0 ch0:  C_CMD: RDCMD     C_f = 0x000   at time  124783615 ps
inst0 ch0:  C_CMD: RDCMD     C_r = 0x0c5   at time  124784857 ps
inst0 ch0:  C_CMD: RDCMD     C_f = 0x080   at time  124785271 ps
inst0 ch0:  C_CMD: RDCMD     C_r = 0x0cd   at time  124786513 ps
inst0 ch0:  C_CMD: RDCMD     C_f = 0x002   at time  124786927 ps
inst0 ch0:  C_CMD: RDCMD     C_r = 0x085   at time  124788169 ps
inst0 ch0:  C_CMD: RDCMD     C_f = 0x000   at time  124788583 ps
inst0 ch0:  C_CMD: RDCMD     C_r = 0x0cd   at time  124788997 ps
inst0 ch0:  C_CMD: RDCMD     C_f = 0x082   at time  124789411 ps
inst0 ch0:  C_CMD: RDCMD     C_r = 0x085   at time  124790653 ps
inst0 ch0:  C_CMD: RDCMD     C_f = 0x080   at time  124791067 ps
inst0 ch0:  C_CMD: RDCMD     C_r = 0x08d   at time  124791481 ps
inst0 ch0:  C_CMD: RDCMD     C_f = 0x002   at time  124791895 ps
inst0 ch0:  C_CMD: RDCMD     C_r = 0x045   at time  124793137 ps
inst0 ch0:  C_CMD: RDCMD     C_f = 0x000   at time  124793551 ps
inst0 ch0:  C_CMD: RDCMD     C_r = 0x08d   at time  124793965 ps
inst0 ch0:  C_CMD: RDCMD     C_f = 0x082   at time  124794379 ps
inst0 ch0:  C_CMD: RDCMD     C_r = 0x005   at time  124795621 ps
inst0 ch0:  C_CMD: RDCMD     C_f = 0x000   at time  124796035 ps
inst0 ch0:  C_CMD: RDCMD     C_r = 0x045   at time  124796449 ps
inst0 ch0:  C_CMD: RDCMD     C_f = 0x080   at time  124796863 ps
inst0 ch0:  C_CMD: RDCMD     C_r = 0x04d   at time  124797277 ps
inst0 ch0:  C_CMD: RDCMD     C_f = 0x002   at time  124797691 ps
inst0 ch0:  C_CMD: RDCMD     C_r = 0x005   at time  124798105 ps
inst0 ch0:  C_CMD: RDCMD     C_f = 0x080   at time  124798519 ps
inst0 ch0:  C_CMD: RDCMD     C_r = 0x00d   at time  124798933 ps
inst0 ch0:  C_CMD: RDCMD     C_f = 0x002   at time  124799347 ps
inst0 ch0:  C_CMD: RDCMD     C_r = 0x04d   at time  124799761 ps
inst0 ch0:  C_CMD: RDCMD     C_f = 0x082   at time  124800175 ps
inst0 ch0:  C_CMD: RDCMD     C_r = 0x00d   at time  124801417 ps
inst0 ch0:  C_CMD: RDCMD     C_f = 0x082   at time  124801831 ps
inst0 ch0:  R_CMD: ACTCMD    R_r0= 0x2a    at time  125263441 ps
inst0 ch0:  R_CMD: ACTCMD    R_f0= 0x22    at time  125263855 ps
inst0 ch0:  R_CMD: ACTCMD    R_r1= 0x00    at time  125264269 ps
inst0 ch0:  R_CMD: ACTCMD    R_f1= 0x00    at time  125264683 ps
inst0 ch0:  R_CMD: ACTCMD    R_r0= 0x0a    at time  125267581 ps
inst0 ch0:  R_CMD: ACTCMD    R_f0= 0x22    at time  125267995 ps
inst0 ch0:  R_CMD: ACTCMD    R_r1= 0x00    at time  125268409 ps
inst0 ch0:  R_CMD: ACTCMD    R_f1= 0x00    at time  125268823 ps
inst0 ch0:  R_CMD: ACTCMD    R_r0= 0x2a    at time  125269237 ps
inst0 ch0:  R_CMD: ACTCMD    R_f0= 0x2a    at time  125269651 ps
inst0 ch0:  R_CMD: ACTCMD    R_r1= 0x00    at time  125270065 ps
inst0 ch0:  R_CMD: ACTCMD    R_f1= 0x00    at time  125270479 ps
inst0 ch0:  R_CMD: ACTCMD    R_r0= 0x2a    at time  125271721 ps
inst0 ch0:  R_CMD: ACTCMD    R_f0= 0x02    at time  125272135 ps
inst0 ch0:  R_CMD: ACTCMD    R_r1= 0x00    at time  125272549 ps
inst0 ch0:  R_CMD: ACTCMD    R_f1= 0x00    at time  125272963 ps
inst0 ch0:  R_CMD: ACTCMD    R_r0= 0x0a    at time  125273377 ps
inst0 ch0:  R_CMD: ACTCMD    R_f0= 0x2a    at time  125273791 ps
inst0 ch0:  R_CMD: ACTCMD    R_r1= 0x00    at time  125274205 ps
inst0 ch0:  R_CMD: ACTCMD    R_f1= 0x00    at time  125274619 ps
inst0 ch0:  R_CMD: ACTCMD    R_r0= 0x0a    at time  125275861 ps
inst0 ch0:  R_CMD: ACTCMD    R_f0= 0x02    at time  125276275 ps
inst0 ch0:  R_CMD: ACTCMD    R_r1= 0x00    at time  125276689 ps
inst0 ch0:  R_CMD: ACTCMD    R_f1= 0x00    at time  125277103 ps
inst0 ch0:  R_CMD: ACTCMD    R_r0= 0x2a    at time  125277517 ps
inst0 ch0:  R_CMD: ACTCMD    R_f0= 0x0a    at time  125277931 ps
inst0 ch0:  R_CMD: ACTCMD    R_r1= 0x00    at time  125278345 ps
inst0 ch0:  C_CMD: RDCMD     C_r = 0x0d5   at time  125278345 ps
inst0 ch0:  R_CMD: ACTCMD    R_f1= 0x00    at time  125278759 ps
inst0 ch0:  C_CMD: RDCMD     C_f = 0x000   at time  125278759 ps
inst0 ch0:  R_CMD: ACTCMD    R_r0= 0x0a    at time  125281657 ps
inst0 ch0:  C_CMD: RDCMD     C_r = 0x0dd   at time  125281657 ps
inst0 ch0:  R_CMD: ACTCMD    R_f0= 0x0a    at time  125282071 ps
inst0 ch0:  C_CMD: RDCMD     C_f = 0x002   at time  125282071 ps
inst0 ch0:  R_CMD: ACTCMD    R_r1= 0x00    at time  125282485 ps
inst0 ch0:  R_CMD: ACTCMD    R_f1= 0x00    at time  125282899 ps
inst0 ch0:  C_CMD: RDCMD     C_r = 0x095   at time  125283313 ps
inst0 ch0:  C_CMD: RDCMD     C_f = 0x000   at time  125283727 ps
inst0 ch0:  C_CMD: RDCMD     C_r = 0x0d5   at time  125284141 ps
inst0 ch0:  C_CMD: RDCMD     C_f = 0x080   at time  125284555 ps
inst0 ch0:  C_CMD: RDCMD     C_r = 0x09d   at time  125286625 ps
inst0 ch0:  C_CMD: RDCMD     C_f = 0x002   at time  125287039 ps
inst0 ch0:  C_CMD: RDCMD     C_r = 0x0dd   at time  125287453 ps
inst0 ch0:  C_CMD: RDCMD     C_f = 0x082   at time  125287867 ps
inst0 ch0:  C_CMD: RDCMD     C_r = 0x055   at time  125288281 ps
inst0 ch0:  C_CMD: RDCMD     C_f = 0x000   at time  125288695 ps
inst0 ch0:  C_CMD: RDCMD     C_r = 0x095   at time  125289109 ps
inst0 ch0:  C_CMD: RDCMD     C_f = 0x080   at time  125289523 ps
inst0 ch0:  C_CMD: RDCMD     C_r = 0x015   at time  125290765 ps
inst0 ch0:  C_CMD: RDCMD     C_f = 0x000   at time  125291179 ps
inst0 ch0:  C_CMD: RDCMD     C_r = 0x05d   at time  125292421 ps
inst0 ch0:  C_CMD: RDCMD     C_f = 0x002   at time  125292835 ps
inst0 ch0:  C_CMD: RDCMD     C_r = 0x09d   at time  125293249 ps
inst0 ch0:  C_CMD: RDCMD     C_f = 0x082   at time  125293663 ps
inst0 ch0:  C_CMD: RDCMD     C_r = 0x01d   at time  125294077 ps
inst0 ch0:  C_CMD: RDCMD     C_f = 0x002   at time  125294491 ps
inst0 ch0:  C_CMD: RDCMD     C_r = 0x055   at time  125294905 ps
inst0 ch0:  C_CMD: RDCMD     C_f = 0x080   at time  125295319 ps
inst0 ch0:  C_CMD: RDCMD     C_r = 0x015   at time  125296561 ps
inst0 ch0:  C_CMD: RDCMD     C_f = 0x080   at time  125296975 ps
inst0 ch0:  C_CMD: RDCMD     C_r = 0x05d   at time  125298217 ps
inst0 ch0:  C_CMD: RDCMD     C_f = 0x082   at time  125298631 ps
inst0 ch0:  C_CMD: RDCMD     C_r = 0x01d   at time  125299873 ps
inst0 ch0:  C_CMD: RDCMD     C_f = 0x082   at time  125300287 ps
inst0 ch0:  R_CMD: ACTCMD    R_r0= 0x32    at time  125760241 ps
inst0 ch0:  R_CMD: ACTCMD    R_f0= 0x22    at time  125760655 ps
inst0 ch0:  R_CMD: ACTCMD    R_r1= 0x00    at time  125761069 ps
inst0 ch0:  R_CMD: ACTCMD    R_f1= 0x00    at time  125761483 ps
inst0 ch0:  R_CMD: ACTCMD    R_r0= 0x12    at time  125764381 ps
inst0 ch0:  R_CMD: ACTCMD    R_f0= 0x22    at time  125764795 ps
inst0 ch0:  R_CMD: ACTCMD    R_r1= 0x00    at time  125765209 ps
inst0 ch0:  R_CMD: ACTCMD    R_f1= 0x00    at time  125765623 ps
inst0 ch0:  R_CMD: ACTCMD    R_r0= 0x32    at time  125766037 ps
inst0 ch0:  R_CMD: ACTCMD    R_f0= 0x2a    at time  125766451 ps
inst0 ch0:  R_CMD: ACTCMD    R_r1= 0x00    at time  125766865 ps
inst0 ch0:  R_CMD: ACTCMD    R_f1= 0x00    at time  125767279 ps
inst0 ch0:  R_CMD: ACTCMD    R_r0= 0x32    at time  125768521 ps
inst0 ch0:  R_CMD: ACTCMD    R_f0= 0x02    at time  125768935 ps
inst0 ch0:  R_CMD: ACTCMD    R_r1= 0x00    at time  125769349 ps
inst0 ch0:  R_CMD: ACTCMD    R_f1= 0x00    at time  125769763 ps
inst0 ch0:  R_CMD: ACTCMD    R_r0= 0x12    at time  125770177 ps
inst0 ch0:  R_CMD: ACTCMD    R_f0= 0x2a    at time  125770591 ps
inst0 ch0:  R_CMD: ACTCMD    R_r1= 0x00    at time  125771005 ps
inst0 ch0:  R_CMD: ACTCMD    R_f1= 0x00    at time  125771419 ps
inst0 ch0:  R_CMD: ACTCMD    R_r0= 0x12    at time  125772661 ps
inst0 ch0:  R_CMD: ACTCMD    R_f0= 0x02    at time  125773075 ps
inst0 ch0:  R_CMD: ACTCMD    R_r1= 0x00    at time  125773489 ps
inst0 ch0:  R_CMD: ACTCMD    R_f1= 0x00    at time  125773903 ps
inst0 ch0:  R_CMD: ACTCMD    R_r0= 0x32    at time  125774317 ps
inst0 ch0:  R_CMD: ACTCMD    R_f0= 0x0a    at time  125774731 ps
inst0 ch0:  R_CMD: ACTCMD    R_r1= 0x00    at time  125775145 ps
inst0 ch0:  C_CMD: RDCMD     C_r = 0x0e5   at time  125775145 ps
inst0 ch0:  R_CMD: ACTCMD    R_f1= 0x00    at time  125775559 ps
inst0 ch0:  C_CMD: RDCMD     C_f = 0x000   at time  125775559 ps
inst0 ch0:  R_CMD: ACTCMD    R_r0= 0x12    at time  125778457 ps
inst0 ch0:  C_CMD: RDCMD     C_r = 0x0ed   at time  125778457 ps
inst0 ch0:  R_CMD: ACTCMD    R_f0= 0x0a    at time  125778871 ps
inst0 ch0:  C_CMD: RDCMD     C_f = 0x002   at time  125778871 ps
inst0 ch0:  R_CMD: ACTCMD    R_r1= 0x00    at time  125779285 ps
inst0 ch0:  R_CMD: ACTCMD    R_f1= 0x00    at time  125779699 ps
inst0 ch0:  C_CMD: RDCMD     C_r = 0x0a5   at time  125780113 ps
inst0 ch0:  C_CMD: RDCMD     C_f = 0x000   at time  125780527 ps
inst0 ch0:  C_CMD: RDCMD     C_r = 0x0e5   at time  125780941 ps
inst0 ch0:  C_CMD: RDCMD     C_f = 0x080   at time  125781355 ps
inst0 ch0:  C_CMD: RDCMD     C_r = 0x0ad   at time  125783425 ps
inst0 ch0:  C_CMD: RDCMD     C_f = 0x002   at time  125783839 ps
inst0 ch0:  C_CMD: RDCMD     C_r = 0x0ed   at time  125784253 ps
inst0 ch0:  C_CMD: RDCMD     C_f = 0x082   at time  125784667 ps
inst0 ch0:  C_CMD: RDCMD     C_r = 0x065   at time  125785081 ps
inst0 ch0:  C_CMD: RDCMD     C_f = 0x000   at time  125785495 ps
inst0 ch0:  C_CMD: RDCMD     C_r = 0x0a5   at time  125785909 ps
inst0 ch0:  C_CMD: RDCMD     C_f = 0x080   at time  125786323 ps
inst0 ch0:  C_CMD: RDCMD     C_r = 0x025   at time  125787565 ps
inst0 ch0:  C_CMD: RDCMD     C_f = 0x000   at time  125787979 ps
inst0 ch0:  C_CMD: RDCMD     C_r = 0x06d   at time  125789221 ps
inst0 ch0:  C_CMD: RDCMD     C_f = 0x002   at time  125789635 ps
inst0 ch0:  C_CMD: RDCMD     C_r = 0x0ad   at time  125790049 ps
inst0 ch0:  C_CMD: RDCMD     C_f = 0x082   at time  125790463 ps
inst0 ch0:  C_CMD: RDCMD     C_r = 0x02d   at time  125790877 ps
inst0 ch0:  C_CMD: RDCMD     C_f = 0x002   at time  125791291 ps
inst0 ch0:  C_CMD: RDCMD     C_r = 0x065   at time  125791705 ps
inst0 ch0:  C_CMD: RDCMD     C_f = 0x080   at time  125792119 ps
inst0 ch0:  C_CMD: RDCMD     C_r = 0x025   at time  125793361 ps
inst0 ch0:  C_CMD: RDCMD     C_f = 0x080   at time  125793775 ps
inst0 ch0:  C_CMD: RDCMD     C_r = 0x06d   at time  125795017 ps
inst0 ch0:  C_CMD: RDCMD     C_f = 0x082   at time  125795431 ps
inst0 ch0:  C_CMD: RDCMD     C_r = 0x02d   at time  125796673 ps
inst0 ch0:  C_CMD: RDCMD     C_f = 0x082   at time  125797087 ps
inst0 ch0:  R_CMD: ACTCMD    R_r0= 0x3a    at time  126260353 ps
inst0 ch0:  R_CMD: ACTCMD    R_f0= 0x22    at time  126260767 ps
inst0 ch0:  R_CMD: ACTCMD    R_r1= 0x00    at time  126261181 ps
inst0 ch0:  R_CMD: ACTCMD    R_f1= 0x00    at time  126261595 ps
inst0 ch0:  R_CMD: ACTCMD    R_r0= 0x1a    at time  126264493 ps
inst0 ch0:  R_CMD: ACTCMD    R_f0= 0x22    at time  126264907 ps
inst0 ch0:  R_CMD: ACTCMD    R_r1= 0x00    at time  126265321 ps
inst0 ch0:  R_CMD: ACTCMD    R_f1= 0x00    at time  126265735 ps
inst0 ch0:  R_CMD: ACTCMD    R_r0= 0x3a    at time  126266977 ps
inst0 ch0:  R_CMD: ACTCMD    R_f0= 0x2a    at time  126267391 ps
inst0 ch0:  R_CMD: ACTCMD    R_r1= 0x00    at time  126267805 ps
inst0 ch0:  R_CMD: ACTCMD    R_f1= 0x00    at time  126268219 ps
inst0 ch0:  R_CMD: ACTCMD    R_r0= 0x3a    at time  126268633 ps
inst0 ch0:  R_CMD: ACTCMD    R_f0= 0x02    at time  126269047 ps
inst0 ch0:  R_CMD: ACTCMD    R_r1= 0x00    at time  126269461 ps
inst0 ch0:  R_CMD: ACTCMD    R_f1= 0x00    at time  126269875 ps
inst0 ch0:  R_CMD: ACTCMD    R_r0= 0x1a    at time  126271117 ps
inst0 ch0:  R_CMD: ACTCMD    R_f0= 0x2a    at time  126271531 ps
inst0 ch0:  R_CMD: ACTCMD    R_r1= 0x00    at time  126271945 ps
inst0 ch0:  R_CMD: ACTCMD    R_f1= 0x00    at time  126272359 ps
inst0 ch0:  R_CMD: ACTCMD    R_r0= 0x1a    at time  126272773 ps
inst0 ch0:  R_CMD: ACTCMD    R_f0= 0x02    at time  126273187 ps
inst0 ch0:  R_CMD: ACTCMD    R_r1= 0x00    at time  126273601 ps
inst0 ch0:  R_CMD: ACTCMD    R_f1= 0x00    at time  126274015 ps
inst0 ch0:  R_CMD: ACTCMD    R_r0= 0x3a    at time  126275257 ps
inst0 ch0:  C_CMD: RDCMD     C_r = 0x0f5   at time  126275257 ps
inst0 ch0:  R_CMD: ACTCMD    R_f0= 0x0a    at time  126275671 ps
inst0 ch0:  C_CMD: RDCMD     C_f = 0x000   at time  126275671 ps
inst0 ch0:  R_CMD: ACTCMD    R_r1= 0x00    at time  126276085 ps
inst0 ch0:  R_CMD: ACTCMD    R_f1= 0x00    at time  126276499 ps
inst0 ch0:  C_CMD: RDCMD     C_r = 0x0fd   at time  126278569 ps
inst0 ch0:  C_CMD: RDCMD     C_f = 0x002   at time  126278983 ps
inst0 ch0:  R_CMD: ACTCMD    R_r0= 0x1a    at time  126279397 ps
inst0 ch0:  R_CMD: ACTCMD    R_f0= 0x0a    at time  126279811 ps
inst0 ch0:  R_CMD: ACTCMD    R_r1= 0x00    at time  126280225 ps
inst0 ch0:  C_CMD: RDCMD     C_r = 0x0b5   at time  126280225 ps
inst0 ch0:  R_CMD: ACTCMD    R_f1= 0x00    at time  126280639 ps
inst0 ch0:  C_CMD: RDCMD     C_f = 0x000   at time  126280639 ps
inst0 ch0:  C_CMD: RDCMD     C_r = 0x0f5   at time  126281881 ps
inst0 ch0:  C_CMD: RDCMD     C_f = 0x080   at time  126282295 ps
inst0 ch0:  C_CMD: RDCMD     C_r = 0x0bd   at time  126283537 ps
inst0 ch0:  C_CMD: RDCMD     C_f = 0x002   at time  126283951 ps
inst0 ch0:  C_CMD: RDCMD     C_r = 0x075   at time  126285193 ps
inst0 ch0:  C_CMD: RDCMD     C_f = 0x000   at time  126285607 ps
inst0 ch0:  C_CMD: RDCMD     C_r = 0x0fd   at time  126286021 ps
inst0 ch0:  C_CMD: RDCMD     C_f = 0x082   at time  126286435 ps
inst0 ch0:  C_CMD: RDCMD     C_r = 0x035   at time  126287677 ps
inst0 ch0:  C_CMD: RDCMD     C_f = 0x000   at time  126288091 ps
inst0 ch0:  C_CMD: RDCMD     C_r = 0x0b5   at time  126288505 ps
inst0 ch0:  C_CMD: RDCMD     C_f = 0x080   at time  126288919 ps
inst0 ch0:  C_CMD: RDCMD     C_r = 0x07d   at time  126289333 ps
inst0 ch0:  C_CMD: RDCMD     C_f = 0x002   at time  126289747 ps
inst0 ch0:  C_CMD: RDCMD     C_r = 0x075   at time  126290161 ps
inst0 ch0:  C_CMD: RDCMD     C_f = 0x080   at time  126290575 ps
inst0 ch0:  C_CMD: RDCMD     C_r = 0x03d   at time  126290989 ps
inst0 ch0:  C_CMD: RDCMD     C_f = 0x002   at time  126291403 ps
inst0 ch0:  C_CMD: RDCMD     C_r = 0x0bd   at time  126291817 ps
inst0 ch0:  C_CMD: RDCMD     C_f = 0x082   at time  126292231 ps
inst0 ch0:  C_CMD: RDCMD     C_r = 0x07d   at time  126293473 ps
inst0 ch0:  C_CMD: RDCMD     C_f = 0x082   at time  126293887 ps
inst0 ch0:  C_CMD: RDCMD     C_r = 0x035   at time  126295129 ps
inst0 ch0:  C_CMD: RDCMD     C_f = 0x080   at time  126295543 ps
inst0 ch0:  C_CMD: RDCMD     C_r = 0x03d   at time  126298441 ps
inst0 ch0:  C_CMD: RDCMD     C_f = 0x082   at time  126298855 ps
inst0 ch0:  R_CMD: ACTCMD    R_r0= 0x02    at time  130994029 ps
inst0 ch0:  R_CMD: ACTCMD    R_f0= 0x00    at time  130994443 ps
inst0 ch0:  R_CMD: ACTCMD    R_r1= 0x00    at time  130994857 ps
inst0 ch0:  R_CMD: ACTCMD    R_f1= 0x00    at time  130995271 ps
inst0 ch0:  C_CMD: RDCMD     C_r = 0x005   at time  131008933 ps
inst0 ch0:  C_CMD: RDCMD     C_f = 0x018   at time  131009347 ps
inst0 ch0:  C_CMD: RDCMD     C_r = 0x005   at time  131012245 ps
inst0 ch0:  C_CMD: RDCMD     C_f = 0x01a   at time  131012659 ps
inst0 ch0:  C_CMD: RDCMD     C_r = 0x005   at time  131015557 ps
inst0 ch0:  C_CMD: RDCMD     C_f = 0x010   at time  131015971 ps
inst0 ch0:  C_CMD: RDCMD     C_r = 0x005   at time  131018869 ps
inst0 ch0:  C_CMD: RDCMD     C_f = 0x012   at time  131019283 ps
inst0 ch0:  C_CMD: RDCMD     C_r = 0x005   at time  131022181 ps
inst0 ch0:  C_CMD: RDCMD     C_f = 0x008   at time  131022595 ps
inst0 ch0:  C_CMD: RDCMD     C_r = 0x005   at time  131025493 ps
inst0 ch0:  C_CMD: RDCMD     C_f = 0x00a   at time  131025907 ps
inst0 ch0:  C_CMD: RDCMD     C_r = 0x005   at time  131028805 ps
inst0 ch0:  C_CMD: RDCMD     C_f = 0x000   at time  131029219 ps
inst0 ch0:  C_CMD: RDCMD     C_r = 0x00d   at time  131032117 ps
inst0 ch0:  C_CMD: RDCMD     C_f = 0x002   at time  131032531 ps
inst0 ch0:  R_CMD: ACTCMD    R_r0= 0x02    at time  131042881 ps
inst0 ch0:  R_CMD: ACTCMD    R_f0= 0x08    at time  131043295 ps
inst0 ch0:  R_CMD: ACTCMD    R_r1= 0x00    at time  131043709 ps
inst0 ch0:  R_CMD: ACTCMD    R_f1= 0x00    at time  131044123 ps
inst0 ch0:  C_CMD: RDCMD     C_r = 0x005   at time  131057785 ps
inst0 ch0:  C_CMD: RDCMD     C_f = 0x098   at time  131058199 ps
inst0 ch0:  C_CMD: RDCMD     C_r = 0x005   at time  131061097 ps
inst0 ch0:  C_CMD: RDCMD     C_f = 0x09a   at time  131061511 ps
inst0 ch0:  C_CMD: RDCMD     C_r = 0x005   at time  131064409 ps
inst0 ch0:  C_CMD: RDCMD     C_f = 0x090   at time  131064823 ps
inst0 ch0:  C_CMD: RDCMD     C_r = 0x005   at time  131067721 ps
inst0 ch0:  C_CMD: RDCMD     C_f = 0x092   at time  131068135 ps
inst0 ch0:  C_CMD: RDCMD     C_r = 0x005   at time  131071033 ps
inst0 ch0:  C_CMD: RDCMD     C_f = 0x088   at time  131071447 ps
inst0 ch0:  C_CMD: RDCMD     C_r = 0x005   at time  131074345 ps
inst0 ch0:  C_CMD: RDCMD     C_f = 0x08a   at time  131074759 ps
inst0 ch0:  C_CMD: RDCMD     C_r = 0x005   at time  131077657 ps
inst0 ch0:  C_CMD: RDCMD     C_f = 0x080   at time  131078071 ps
inst0 ch0:  C_CMD: RDCMD     C_r = 0x00d   at time  131080969 ps
inst0 ch0:  C_CMD: RDCMD     C_f = 0x082   at time  131081383 ps
inst0 ch0:  R_CMD: ACTCMD    R_r0= 0x0a    at time  131725153 ps
inst0 ch0:  R_CMD: ACTCMD    R_f0= 0x00    at time  131725567 ps
inst0 ch0:  R_CMD: ACTCMD    R_r1= 0x00    at time  131725981 ps
inst0 ch0:  R_CMD: ACTCMD    R_f1= 0x00    at time  131726395 ps
inst0 ch0:  C_CMD: RDCMD     C_r = 0x015   at time  131740057 ps
inst0 ch0:  C_CMD: RDCMD     C_f = 0x018   at time  131740471 ps
inst0 ch0:  C_CMD: RDCMD     C_r = 0x015   at time  131743369 ps
inst0 ch0:  C_CMD: RDCMD     C_f = 0x01a   at time  131743783 ps
inst0 ch0:  C_CMD: RDCMD     C_r = 0x015   at time  131746681 ps
inst0 ch0:  C_CMD: RDCMD     C_f = 0x010   at time  131747095 ps
inst0 ch0:  C_CMD: RDCMD     C_r = 0x015   at time  131749993 ps
inst0 ch0:  C_CMD: RDCMD     C_f = 0x012   at time  131750407 ps
inst0 ch0:  C_CMD: RDCMD     C_r = 0x015   at time  131753305 ps
inst0 ch0:  C_CMD: RDCMD     C_f = 0x008   at time  131753719 ps
inst0 ch0:  C_CMD: RDCMD     C_r = 0x015   at time  131756617 ps
inst0 ch0:  C_CMD: RDCMD     C_f = 0x00a   at time  131757031 ps
inst0 ch0:  C_CMD: RDCMD     C_r = 0x015   at time  131759929 ps
inst0 ch0:  C_CMD: RDCMD     C_f = 0x000   at time  131760343 ps
inst0 ch0:  C_CMD: RDCMD     C_r = 0x01d   at time  131763241 ps
inst0 ch0:  C_CMD: RDCMD     C_f = 0x002   at time  131763655 ps
inst0 ch0:  R_CMD: ACTCMD    R_r0= 0x0a    at time  131833621 ps
inst0 ch0:  R_CMD: ACTCMD    R_f0= 0x08    at time  131834035 ps
inst0 ch0:  R_CMD: ACTCMD    R_r1= 0x00    at time  131834449 ps
inst0 ch0:  R_CMD: ACTCMD    R_f1= 0x00    at time  131834863 ps
inst0 ch0:  C_CMD: RDCMD     C_r = 0x015   at time  131848525 ps
inst0 ch0:  C_CMD: RDCMD     C_f = 0x098   at time  131848939 ps
inst0 ch0:  C_CMD: RDCMD     C_r = 0x015   at time  131851837 ps
inst0 ch0:  C_CMD: RDCMD     C_f = 0x09a   at time  131852251 ps
inst0 ch0:  C_CMD: RDCMD     C_r = 0x015   at time  131855149 ps
inst0 ch0:  C_CMD: RDCMD     C_f = 0x090   at time  131855563 ps
inst0 ch0:  C_CMD: RDCMD     C_r = 0x015   at time  131858461 ps
inst0 ch0:  C_CMD: RDCMD     C_f = 0x092   at time  131858875 ps
inst0 ch0:  C_CMD: RDCMD     C_r = 0x015   at time  131861773 ps
inst0 ch0:  C_CMD: RDCMD     C_f = 0x088   at time  131862187 ps
inst0 ch0:  C_CMD: RDCMD     C_r = 0x015   at time  131865085 ps
inst0 ch0:  C_CMD: RDCMD     C_f = 0x08a   at time  131865499 ps
inst0 ch0:  C_CMD: RDCMD     C_r = 0x015   at time  131868397 ps
inst0 ch0:  C_CMD: RDCMD     C_f = 0x080   at time  131868811 ps
inst0 ch0:  C_CMD: RDCMD     C_r = 0x01d   at time  131871709 ps
inst0 ch0:  C_CMD: RDCMD     C_f = 0x082   at time  131872123 ps
inst0 ch0:  R_CMD: ACTCMD    R_r0= 0x02    at time  133964893 ps
inst0 ch0:  R_CMD: ACTCMD    R_f0= 0x13    at time  133965307 ps
inst0 ch0:  R_CMD: ACTCMD    R_r1= 0x3f    at time  133965721 ps
inst0 ch0:  R_CMD: ACTCMD    R_f1= 0x3b    at time  133966135 ps
inst0 ch0:  R_CMD: ACTCMD    R_r0= 0x02    at time  133966549 ps
inst0 ch0:  R_CMD: ACTCMD    R_f0= 0x1b    at time  133966963 ps
inst0 ch0:  R_CMD: ACTCMD    R_r1= 0x3f    at time  133967377 ps
inst0 ch0:  R_CMD: ACTCMD    R_f1= 0x3b    at time  133967791 ps
inst0 ch0:  C_CMD: RDCMD     C_r = 0x005   at time  133979797 ps
inst0 ch0:  C_CMD: RDCMD     C_f = 0x000   at time  133980211 ps
inst0 ch0:  C_CMD: RDCMD     C_r = 0x005   at time  133981453 ps
inst0 ch0:  C_CMD: RDCMD     C_f = 0x080   at time  133981867 ps
inst0 ch0:  C_CMD: RDCMD     C_r = 0x00d   at time  133983109 ps
inst0 ch0:  C_CMD: RDCMD     C_f = 0x002   at time  133983523 ps
inst0 ch0:  C_CMD: RDCMD     C_r = 0x00d   at time  133984765 ps
inst0 ch0:  C_CMD: RDCMD     C_f = 0x082   at time  133985179 ps
inst0 ch0:  R_CMD: ACTCMD    R_r0= 0x02    at time  134035273 ps
inst0 ch0:  R_CMD: ACTCMD    R_f0= 0x13    at time  134035687 ps
inst0 ch0:  R_CMD: ACTCMD    R_r1= 0x3f    at time  134036101 ps
inst0 ch0:  R_CMD: ACTCMD    R_f1= 0x3b    at time  134036515 ps
inst0 ch0:  R_CMD: ACTCMD    R_r0= 0x02    at time  134037757 ps
inst0 ch0:  R_CMD: ACTCMD    R_f0= 0x1b    at time  134038171 ps
inst0 ch0:  R_CMD: ACTCMD    R_r1= 0x3f    at time  134038585 ps
inst0 ch0:  R_CMD: ACTCMD    R_f1= 0x3b    at time  134038999 ps
inst0 ch0:  C_CMD: WRCMD     C_r = 0x001   at time  134046037 ps
inst0 ch0:  C_CMD: WRCMD     C_f = 0x000   at time  134046451 ps
inst0 ch0:  C_CMD: WRCMD     C_r = 0x001   at time  134048521 ps
inst0 ch0:  C_CMD: WRCMD     C_f = 0x080   at time  134048935 ps
inst0 ch0:  C_CMD: WRCMD     C_r = 0x009   at time  134049349 ps
inst0 ch0:  C_CMD: WRCMD     C_f = 0x002   at time  134049763 ps
inst0 ch0:  C_CMD: WRCMD     C_r = 0x009   at time  134051833 ps
inst0 ch0:  C_CMD: WRCMD     C_f = 0x082   at time  134052247 ps
inst0 ch0:  R_CMD: ACTCMD    R_r0= 0x0a    at time  138290365 ps
inst0 ch0:  R_CMD: ACTCMD    R_f0= 0x13    at time  138290779 ps
inst0 ch0:  R_CMD: ACTCMD    R_r1= 0x3f    at time  138291193 ps
inst0 ch0:  R_CMD: ACTCMD    R_f1= 0x3b    at time  138291607 ps
inst0 ch0:  R_CMD: ACTCMD    R_r0= 0x0a    at time  138292021 ps
inst0 ch0:  R_CMD: ACTCMD    R_f0= 0x1b    at time  138292435 ps
inst0 ch0:  R_CMD: ACTCMD    R_r1= 0x3f    at time  138292849 ps
inst0 ch0:  R_CMD: ACTCMD    R_f1= 0x3b    at time  138293263 ps
inst0 ch0:  C_CMD: RDCMD     C_r = 0x015   at time  138305269 ps
inst0 ch0:  C_CMD: RDCMD     C_f = 0x010   at time  138305683 ps
inst0 ch0:  C_CMD: RDCMD     C_r = 0x015   at time  138306925 ps
inst0 ch0:  C_CMD: RDCMD     C_f = 0x090   at time  138307339 ps
inst0 ch0:  C_CMD: RDCMD     C_r = 0x01d   at time  138308581 ps
inst0 ch0:  C_CMD: RDCMD     C_f = 0x012   at time  138308995 ps
inst0 ch0:  C_CMD: RDCMD     C_r = 0x01d   at time  138310237 ps
inst0 ch0:  C_CMD: RDCMD     C_f = 0x092   at time  138310651 ps
inst0 ch0:  R_CMD: ACTCMD    R_r0= 0x0a    at time  138455965 ps
inst0 ch0:  R_CMD: ACTCMD    R_f0= 0x1b    at time  138456379 ps
inst0 ch0:  R_CMD: ACTCMD    R_r1= 0x3f    at time  138456793 ps
inst0 ch0:  R_CMD: ACTCMD    R_f1= 0x3b    at time  138457207 ps
inst0 ch0:  R_CMD: ACTCMD    R_r0= 0x0a    at time  138457621 ps
inst0 ch0:  R_CMD: ACTCMD    R_f0= 0x13    at time  138458035 ps
inst0 ch0:  R_CMD: ACTCMD    R_r1= 0x3f    at time  138458449 ps
inst0 ch0:  R_CMD: ACTCMD    R_f1= 0x3b    at time  138458863 ps
inst0 ch0:  C_CMD: WRCMD     C_r = 0x011   at time  138466729 ps
inst0 ch0:  C_CMD: WRCMD     C_f = 0x090   at time  138467143 ps
inst0 ch0:  C_CMD: WRCMD     C_r = 0x011   at time  138468385 ps
inst0 ch0:  C_CMD: WRCMD     C_f = 0x010   at time  138468799 ps
inst0 ch0:  C_CMD: WRCMD     C_r = 0x019   at time  138470041 ps
inst0 ch0:  C_CMD: WRCMD     C_f = 0x092   at time  138470455 ps
inst0 ch0:  C_CMD: WRCMD     C_r = 0x019   at time  138471697 ps
inst0 ch0:  C_CMD: WRCMD     C_f = 0x012   at time  138472111 ps
inst0 ch0:  R_CMD: ACTCMD    R_r0= 0x0a    at time  142362469 ps
inst0 ch0:  R_CMD: ACTCMD    R_f0= 0x08    at time  142362883 ps
inst0 ch0:  R_CMD: ACTCMD    R_r1= 0x00    at time  142363297 ps
inst0 ch0:  R_CMD: ACTCMD    R_f1= 0x00    at time  142363711 ps
inst0 ch0:  R_CMD: ACTCMD    R_r0= 0x0a    at time  142364125 ps
inst0 ch0:  R_CMD: ACTCMD    R_f0= 0x00    at time  142364539 ps
inst0 ch0:  R_CMD: ACTCMD    R_r1= 0x00    at time  142364953 ps
inst0 ch0:  R_CMD: ACTCMD    R_f1= 0x00    at time  142365367 ps
inst0 ch0:  C_CMD: RDCMD     C_r = 0x015   at time  142377373 ps
inst0 ch0:  C_CMD: RDCMD     C_f = 0x0a8   at time  142377787 ps
inst0 ch0:  C_CMD: RDCMD     C_r = 0x015   at time  142379029 ps
inst0 ch0:  C_CMD: RDCMD     C_f = 0x028   at time  142379443 ps
inst0 ch0:  C_CMD: RDCMD     C_r = 0x015   at time  142380685 ps
inst0 ch0:  C_CMD: RDCMD     C_f = 0x0aa   at time  142381099 ps
inst0 ch0:  C_CMD: RDCMD     C_r = 0x015   at time  142382341 ps
inst0 ch0:  C_CMD: RDCMD     C_f = 0x02a   at time  142382755 ps
inst0 ch0:  C_CMD: RDCMD     C_r = 0x015   at time  142383997 ps
inst0 ch0:  C_CMD: RDCMD     C_f = 0x0a0   at time  142384411 ps
inst0 ch0:  C_CMD: RDCMD     C_r = 0x015   at time  142385653 ps
inst0 ch0:  C_CMD: RDCMD     C_f = 0x020   at time  142386067 ps
inst0 ch0:  C_CMD: RDCMD     C_r = 0x01d   at time  142387309 ps
inst0 ch0:  C_CMD: RDCMD     C_f = 0x0a2   at time  142387723 ps
inst0 ch0:  C_CMD: RDCMD     C_r = 0x01d   at time  142388965 ps
inst0 ch0:  C_CMD: RDCMD     C_f = 0x022   at time  142389379 ps
inst0 ch0:  R_CMD: ACTCMD    R_r0= 0x0a    at time  142432849 ps
inst0 ch0:  R_CMD: ACTCMD    R_f0= 0x08    at time  142433263 ps
inst0 ch0:  R_CMD: ACTCMD    R_r1= 0x00    at time  142433677 ps
inst0 ch0:  R_CMD: ACTCMD    R_f1= 0x00    at time  142434091 ps
inst0 ch0:  R_CMD: ACTCMD    R_r0= 0x0a    at time  142434505 ps
inst0 ch0:  R_CMD: ACTCMD    R_f0= 0x00    at time  142434919 ps
inst0 ch0:  R_CMD: ACTCMD    R_r1= 0x00    at time  142435333 ps
inst0 ch0:  R_CMD: ACTCMD    R_f1= 0x00    at time  142435747 ps
inst0 ch0:  C_CMD: WRCMD     C_r = 0x011   at time  142443613 ps
inst0 ch0:  C_CMD: WRCMD     C_f = 0x0a8   at time  142444027 ps
inst0 ch0:  C_CMD: WRCMD     C_r = 0x011   at time  142445269 ps
inst0 ch0:  C_CMD: WRCMD     C_f = 0x028   at time  142445683 ps
inst0 ch0:  C_CMD: WRCMD     C_r = 0x011   at time  142446925 ps
inst0 ch0:  C_CMD: WRCMD     C_f = 0x0aa   at time  142447339 ps
inst0 ch0:  C_CMD: WRCMD     C_r = 0x011   at time  142448581 ps
inst0 ch0:  C_CMD: WRCMD     C_f = 0x02a   at time  142448995 ps
inst0 ch0:  C_CMD: WRCMD     C_r = 0x011   at time  142450237 ps
inst0 ch0:  C_CMD: WRCMD     C_f = 0x0a0   at time  142450651 ps
inst0 ch0:  C_CMD: WRCMD     C_r = 0x011   at time  142451893 ps
inst0 ch0:  C_CMD: WRCMD     C_f = 0x020   at time  142452307 ps
inst0 ch0:  C_CMD: WRCMD     C_r = 0x019   at time  142453549 ps
inst0 ch0:  C_CMD: WRCMD     C_f = 0x0a2   at time  142453963 ps
inst0 ch0:  C_CMD: WRCMD     C_r = 0x019   at time  142455205 ps
inst0 ch0:  C_CMD: WRCMD     C_f = 0x022   at time  142455619 ps
inst0 ch0:  R_CMD: ACTCMD    R_r0= 0x02    at time  146177893 ps
inst0 ch0:  R_CMD: ACTCMD    R_f0= 0x18    at time  146178307 ps
inst0 ch0:  R_CMD: ACTCMD    R_r1= 0x3f    at time  146178721 ps
inst0 ch0:  R_CMD: ACTCMD    R_f1= 0x3b    at time  146179135 ps
inst0 ch0:  R_CMD: ACTCMD    R_r0= 0x02    at time  146180377 ps
inst0 ch0:  R_CMD: ACTCMD    R_f0= 0x10    at time  146180791 ps
inst0 ch0:  R_CMD: ACTCMD    R_r1= 0x3f    at time  146181205 ps
inst0 ch0:  R_CMD: ACTCMD    R_f1= 0x3b    at time  146181619 ps
inst0 ch0:  C_CMD: RDCMD     C_r = 0x005   at time  146192797 ps
inst0 ch0:  C_CMD: RDCMD     C_f = 0x0f8   at time  146193211 ps
inst0 ch0:  C_CMD: RDCMD     C_r = 0x005   at time  146195281 ps
inst0 ch0:  C_CMD: RDCMD     C_f = 0x078   at time  146195695 ps
inst0 ch0:  C_CMD: RDCMD     C_r = 0x00d   at time  146196109 ps
inst0 ch0:  C_CMD: RDCMD     C_f = 0x0fa   at time  146196523 ps
inst0 ch0:  C_CMD: RDCMD     C_r = 0x00d   at time  146198593 ps
inst0 ch0:  C_CMD: RDCMD     C_f = 0x07a   at time  146199007 ps
inst0 ch0:  R_CMD: ACTCMD    R_r0= 0x02    at time  146225089 ps
inst0 ch0:  R_CMD: ACTCMD    R_f0= 0x19    at time  146225503 ps
inst0 ch0:  R_CMD: ACTCMD    R_r1= 0x3f    at time  146225917 ps
inst0 ch0:  R_CMD: ACTCMD    R_f1= 0x3b    at time  146226331 ps
inst0 ch0:  R_CMD: ACTCMD    R_r0= 0x02    at time  146227573 ps
inst0 ch0:  R_CMD: ACTCMD    R_f0= 0x11    at time  146227987 ps
inst0 ch0:  R_CMD: ACTCMD    R_r1= 0x3f    at time  146228401 ps
inst0 ch0:  R_CMD: ACTCMD    R_f1= 0x3b    at time  146228815 ps
inst0 ch0:  C_CMD: RDCMD     C_r = 0x005   at time  146239993 ps
inst0 ch0:  C_CMD: RDCMD     C_f = 0x0f8   at time  146240407 ps
inst0 ch0:  C_CMD: RDCMD     C_r = 0x005   at time  146242477 ps
inst0 ch0:  C_CMD: RDCMD     C_f = 0x078   at time  146242891 ps
inst0 ch0:  C_CMD: RDCMD     C_r = 0x00d   at time  146243305 ps
inst0 ch0:  C_CMD: RDCMD     C_f = 0x0fa   at time  146243719 ps
inst0 ch0:  C_CMD: RDCMD     C_r = 0x00d   at time  146245789 ps
inst0 ch0:  C_CMD: RDCMD     C_f = 0x07a   at time  146246203 ps
inst0 ch0:  R_CMD: ACTCMD    R_r0= 0x02    at time  146272285 ps
inst0 ch0:  R_CMD: ACTCMD    R_f0= 0x18    at time  146272699 ps
inst0 ch0:  R_CMD: ACTCMD    R_r1= 0x3f    at time  146273113 ps
inst0 ch0:  R_CMD: ACTCMD    R_f1= 0x3b    at time  146273527 ps
inst0 ch0:  R_CMD: ACTCMD    R_r0= 0x02    at time  146274769 ps
inst0 ch0:  R_CMD: ACTCMD    R_f0= 0x10    at time  146275183 ps
inst0 ch0:  R_CMD: ACTCMD    R_r1= 0x3f    at time  146275597 ps
inst0 ch0:  R_CMD: ACTCMD    R_f1= 0x3b    at time  146276011 ps
inst0 ch0:  C_CMD: WRCMD     C_r = 0x001   at time  146283049 ps
inst0 ch0:  C_CMD: WRCMD     C_f = 0x0f8   at time  146283463 ps
inst0 ch0:  C_CMD: WRCMD     C_r = 0x001   at time  146285533 ps
inst0 ch0:  C_CMD: WRCMD     C_f = 0x078   at time  146285947 ps
inst0 ch0:  C_CMD: WRCMD     C_r = 0x009   at time  146286361 ps
inst0 ch0:  C_CMD: WRCMD     C_f = 0x0fa   at time  146286775 ps
inst0 ch0:  C_CMD: WRCMD     C_r = 0x009   at time  146288845 ps
inst0 ch0:  C_CMD: WRCMD     C_f = 0x07a   at time  146289259 ps
inst0 ch0:  R_CMD: ACTCMD    R_r0= 0x02    at time  146324449 ps
inst0 ch0:  R_CMD: ACTCMD    R_f0= 0x19    at time  146324863 ps
inst0 ch0:  R_CMD: ACTCMD    R_r1= 0x3f    at time  146325277 ps
inst0 ch0:  R_CMD: ACTCMD    R_f1= 0x3b    at time  146325691 ps
inst0 ch0:  R_CMD: ACTCMD    R_r0= 0x02    at time  146326933 ps
inst0 ch0:  R_CMD: ACTCMD    R_f0= 0x11    at time  146327347 ps
inst0 ch0:  R_CMD: ACTCMD    R_r1= 0x3f    at time  146327761 ps
inst0 ch0:  R_CMD: ACTCMD    R_f1= 0x3b    at time  146328175 ps
inst0 ch0:  C_CMD: WRCMD     C_r = 0x001   at time  146335213 ps
inst0 ch0:  C_CMD: WRCMD     C_f = 0x0f8   at time  146335627 ps
inst0 ch0:  C_CMD: WRCMD     C_r = 0x001   at time  146337697 ps
inst0 ch0:  C_CMD: WRCMD     C_f = 0x078   at time  146338111 ps
inst0 ch0:  C_CMD: WRCMD     C_r = 0x009   at time  146338525 ps
inst0 ch0:  C_CMD: WRCMD     C_f = 0x0fa   at time  146338939 ps
inst0 ch0:  C_CMD: WRCMD     C_r = 0x009   at time  146341009 ps
inst0 ch0:  C_CMD: WRCMD     C_f = 0x07a   at time  146341423 ps
inst0 ch0:  R_CMD: ACTCMD    R_r0= 0x0a    at time  146432089 ps
inst0 ch0:  R_CMD: ACTCMD    R_f0= 0x18    at time  146432503 ps
inst0 ch0:  R_CMD: ACTCMD    R_r1= 0x3f    at time  146432917 ps
inst0 ch0:  R_CMD: ACTCMD    R_f1= 0x3b    at time  146433331 ps
inst0 ch0:  R_CMD: ACTCMD    R_r0= 0x0a    at time  146434573 ps
inst0 ch0:  R_CMD: ACTCMD    R_f0= 0x10    at time  146434987 ps
inst0 ch0:  R_CMD: ACTCMD    R_r1= 0x3f    at time  146435401 ps
inst0 ch0:  R_CMD: ACTCMD    R_f1= 0x3b    at time  146435815 ps
inst0 ch0:  C_CMD: RDCMD     C_r = 0x015   at time  146446993 ps
inst0 ch0:  C_CMD: RDCMD     C_f = 0x0f8   at time  146447407 ps
inst0 ch0:  C_CMD: RDCMD     C_r = 0x015   at time  146449477 ps
inst0 ch0:  C_CMD: RDCMD     C_f = 0x078   at time  146449891 ps
inst0 ch0:  C_CMD: RDCMD     C_r = 0x01d   at time  146450305 ps
inst0 ch0:  C_CMD: RDCMD     C_f = 0x0fa   at time  146450719 ps
inst0 ch0:  C_CMD: RDCMD     C_r = 0x01d   at time  146452789 ps
inst0 ch0:  C_CMD: RDCMD     C_f = 0x07a   at time  146453203 ps
inst0 ch0:  R_CMD: ACTCMD    R_r0= 0x0a    at time  146479285 ps
inst0 ch0:  R_CMD: ACTCMD    R_f0= 0x08    at time  146479699 ps
inst0 ch0:  R_CMD: ACTCMD    R_r1= 0x00    at time  146480113 ps
inst0 ch0:  R_CMD: ACTCMD    R_f1= 0x00    at time  146480527 ps
inst0 ch0:  R_CMD: ACTCMD    R_r0= 0x0a    at time  146481769 ps
inst0 ch0:  R_CMD: ACTCMD    R_f0= 0x00    at time  146482183 ps
inst0 ch0:  R_CMD: ACTCMD    R_r1= 0x00    at time  146482597 ps
inst0 ch0:  R_CMD: ACTCMD    R_f1= 0x00    at time  146483011 ps
inst0 ch0:  C_CMD: RDCMD     C_r = 0x015   at time  146494189 ps
inst0 ch0:  C_CMD: RDCMD     C_f = 0x0b8   at time  146494603 ps
inst0 ch0:  C_CMD: RDCMD     C_r = 0x015   at time  146496673 ps
inst0 ch0:  C_CMD: RDCMD     C_f = 0x038   at time  146497087 ps
inst0 ch0:  C_CMD: RDCMD     C_r = 0x015   at time  146497501 ps
inst0 ch0:  C_CMD: RDCMD     C_f = 0x0ba   at time  146497915 ps
inst0 ch0:  C_CMD: RDCMD     C_r = 0x015   at time  146499985 ps
inst0 ch0:  C_CMD: RDCMD     C_f = 0x03a   at time  146500399 ps
inst0 ch0:  C_CMD: RDCMD     C_r = 0x015   at time  146500813 ps
inst0 ch0:  C_CMD: RDCMD     C_f = 0x0b0   at time  146501227 ps
inst0 ch0:  C_CMD: RDCMD     C_r = 0x015   at time  146503297 ps
inst0 ch0:  C_CMD: RDCMD     C_f = 0x030   at time  146503711 ps
inst0 ch0:  C_CMD: RDCMD     C_r = 0x01d   at time  146504125 ps
inst0 ch0:  C_CMD: RDCMD     C_f = 0x0b2   at time  146504539 ps
inst0 ch0:  C_CMD: RDCMD     C_r = 0x01d   at time  146506609 ps
inst0 ch0:  C_CMD: RDCMD     C_f = 0x032   at time  146507023 ps
inst0 ch0:  R_CMD: ACTCMD    R_r0= 0x0a    at time  146526481 ps
inst0 ch0:  R_CMD: ACTCMD    R_f0= 0x19    at time  146526895 ps
inst0 ch0:  R_CMD: ACTCMD    R_r1= 0x3f    at time  146527309 ps
inst0 ch0:  R_CMD: ACTCMD    R_f1= 0x3b    at time  146527723 ps
inst0 ch0:  R_CMD: ACTCMD    R_r0= 0x0a    at time  146528965 ps
inst0 ch0:  R_CMD: ACTCMD    R_f0= 0x11    at time  146529379 ps
inst0 ch0:  R_CMD: ACTCMD    R_r1= 0x3f    at time  146529793 ps
inst0 ch0:  R_CMD: ACTCMD    R_f1= 0x3b    at time  146530207 ps
inst0 ch0:  C_CMD: RDCMD     C_r = 0x015   at time  146541385 ps
inst0 ch0:  C_CMD: RDCMD     C_f = 0x0f8   at time  146541799 ps
inst0 ch0:  C_CMD: RDCMD     C_r = 0x015   at time  146543869 ps
inst0 ch0:  C_CMD: RDCMD     C_f = 0x078   at time  146544283 ps
inst0 ch0:  C_CMD: RDCMD     C_r = 0x01d   at time  146544697 ps
inst0 ch0:  C_CMD: RDCMD     C_f = 0x0fa   at time  146545111 ps
inst0 ch0:  C_CMD: RDCMD     C_r = 0x01d   at time  146547181 ps
inst0 ch0:  C_CMD: RDCMD     C_f = 0x07a   at time  146547595 ps
inst0 ch0:  R_CMD: ACTCMD    R_r0= 0x0a    at time  146573677 ps
inst0 ch0:  R_CMD: ACTCMD    R_f0= 0x18    at time  146574091 ps
inst0 ch0:  R_CMD: ACTCMD    R_r1= 0x3f    at time  146574505 ps
inst0 ch0:  R_CMD: ACTCMD    R_f1= 0x3b    at time  146574919 ps
inst0 ch0:  R_CMD: ACTCMD    R_r0= 0x0a    at time  146576161 ps
inst0 ch0:  R_CMD: ACTCMD    R_f0= 0x10    at time  146576575 ps
inst0 ch0:  R_CMD: ACTCMD    R_r1= 0x3f    at time  146576989 ps
inst0 ch0:  R_CMD: ACTCMD    R_f1= 0x3b    at time  146577403 ps
inst0 ch0:  C_CMD: WRCMD     C_r = 0x011   at time  146584441 ps
inst0 ch0:  C_CMD: WRCMD     C_f = 0x0f8   at time  146584855 ps
inst0 ch0:  C_CMD: WRCMD     C_r = 0x011   at time  146586925 ps
inst0 ch0:  C_CMD: WRCMD     C_f = 0x078   at time  146587339 ps
inst0 ch0:  C_CMD: WRCMD     C_r = 0x019   at time  146587753 ps
inst0 ch0:  C_CMD: WRCMD     C_f = 0x0fa   at time  146588167 ps
inst0 ch0:  C_CMD: WRCMD     C_r = 0x019   at time  146590237 ps
inst0 ch0:  C_CMD: WRCMD     C_f = 0x07a   at time  146590651 ps
inst0 ch0:  R_CMD: ACTCMD    R_r0= 0x0a    at time  146625841 ps
inst0 ch0:  R_CMD: ACTCMD    R_f0= 0x08    at time  146626255 ps
inst0 ch0:  R_CMD: ACTCMD    R_r1= 0x00    at time  146626669 ps
inst0 ch0:  R_CMD: ACTCMD    R_f1= 0x00    at time  146627083 ps
inst0 ch0:  R_CMD: ACTCMD    R_r0= 0x0a    at time  146628325 ps
inst0 ch0:  R_CMD: ACTCMD    R_f0= 0x00    at time  146628739 ps
inst0 ch0:  R_CMD: ACTCMD    R_r1= 0x00    at time  146629153 ps
inst0 ch0:  R_CMD: ACTCMD    R_f1= 0x00    at time  146629567 ps
inst0 ch0:  C_CMD: WRCMD     C_r = 0x011   at time  146636605 ps
inst0 ch0:  C_CMD: WRCMD     C_f = 0x0b8   at time  146637019 ps
inst0 ch0:  C_CMD: WRCMD     C_r = 0x011   at time  146639089 ps
inst0 ch0:  C_CMD: WRCMD     C_f = 0x038   at time  146639503 ps
inst0 ch0:  C_CMD: WRCMD     C_r = 0x011   at time  146639917 ps
inst0 ch0:  C_CMD: WRCMD     C_f = 0x0ba   at time  146640331 ps
inst0 ch0:  C_CMD: WRCMD     C_r = 0x011   at time  146642401 ps
inst0 ch0:  C_CMD: WRCMD     C_f = 0x03a   at time  146642815 ps
inst0 ch0:  C_CMD: WRCMD     C_r = 0x011   at time  146643229 ps
inst0 ch0:  C_CMD: WRCMD     C_f = 0x0b0   at time  146643643 ps
inst0 ch0:  C_CMD: WRCMD     C_r = 0x011   at time  146645713 ps
inst0 ch0:  C_CMD: WRCMD     C_f = 0x030   at time  146646127 ps
inst0 ch0:  C_CMD: WRCMD     C_r = 0x019   at time  146646541 ps
inst0 ch0:  C_CMD: WRCMD     C_f = 0x0b2   at time  146646955 ps
inst0 ch0:  C_CMD: WRCMD     C_r = 0x019   at time  146649025 ps
inst0 ch0:  C_CMD: WRCMD     C_f = 0x032   at time  146649439 ps
inst0 ch0:  R_CMD: ACTCMD    R_r0= 0x0a    at time  146684629 ps
inst0 ch0:  R_CMD: ACTCMD    R_f0= 0x19    at time  146685043 ps
inst0 ch0:  R_CMD: ACTCMD    R_r1= 0x3f    at time  146685457 ps
inst0 ch0:  R_CMD: ACTCMD    R_f1= 0x3b    at time  146685871 ps
inst0 ch0:  R_CMD: ACTCMD    R_r0= 0x0a    at time  146687113 ps
inst0 ch0:  R_CMD: ACTCMD    R_f0= 0x11    at time  146687527 ps
inst0 ch0:  R_CMD: ACTCMD    R_r1= 0x3f    at time  146687941 ps
inst0 ch0:  R_CMD: ACTCMD    R_f1= 0x3b    at time  146688355 ps
inst0 ch0:  C_CMD: WRCMD     C_r = 0x011   at time  146695393 ps
inst0 ch0:  C_CMD: WRCMD     C_f = 0x0f8   at time  146695807 ps
inst0 ch0:  C_CMD: WRCMD     C_r = 0x011   at time  146697877 ps
inst0 ch0:  C_CMD: WRCMD     C_f = 0x078   at time  146698291 ps
inst0 ch0:  C_CMD: WRCMD     C_r = 0x019   at time  146698705 ps
inst0 ch0:  C_CMD: WRCMD     C_f = 0x0fa   at time  146699119 ps
inst0 ch0:  C_CMD: WRCMD     C_r = 0x019   at time  146701189 ps
inst0 ch0:  C_CMD: WRCMD     C_f = 0x07a   at time  146701603 ps
inst0 ch0:  R_CMD: ACTCMD    R_r0= 0x02    at time  147195505 ps
inst0 ch0:  R_CMD: ACTCMD    R_f0= 0x38    at time  147195919 ps
inst0 ch0:  R_CMD: ACTCMD    R_r1= 0x3f    at time  147196333 ps
inst0 ch0:  R_CMD: ACTCMD    R_f1= 0x3b    at time  147196747 ps
inst0 ch0:  R_CMD: ACTCMD    R_r0= 0x02    at time  147197989 ps
inst0 ch0:  R_CMD: ACTCMD    R_f0= 0x30    at time  147198403 ps
inst0 ch0:  R_CMD: ACTCMD    R_r1= 0x3f    at time  147198817 ps
inst0 ch0:  R_CMD: ACTCMD    R_f1= 0x3b    at time  147199231 ps
inst0 ch0:  C_CMD: RDCMD     C_r = 0x085   at time  147210409 ps
inst0 ch0:  C_CMD: RDCMD     C_f = 0x0f8   at time  147210823 ps
inst0 ch0:  C_CMD: RDCMD     C_r = 0x085   at time  147212893 ps
inst0 ch0:  C_CMD: RDCMD     C_f = 0x078   at time  147213307 ps
inst0 ch0:  C_CMD: RDCMD     C_r = 0x08d   at time  147213721 ps
inst0 ch0:  C_CMD: RDCMD     C_f = 0x0fa   at time  147214135 ps
inst0 ch0:  C_CMD: RDCMD     C_r = 0x08d   at time  147216205 ps
inst0 ch0:  C_CMD: RDCMD     C_f = 0x07a   at time  147216619 ps
inst0 ch0:  R_CMD: ACTCMD    R_r0= 0x02    at time  147265885 ps
inst0 ch0:  R_CMD: ACTCMD    R_f0= 0x38    at time  147266299 ps
inst0 ch0:  R_CMD: ACTCMD    R_r1= 0x3f    at time  147266713 ps
inst0 ch0:  R_CMD: ACTCMD    R_f1= 0x3b    at time  147267127 ps
inst0 ch0:  R_CMD: ACTCMD    R_r0= 0x02    at time  147268369 ps
inst0 ch0:  R_CMD: ACTCMD    R_f0= 0x30    at time  147268783 ps
inst0 ch0:  R_CMD: ACTCMD    R_r1= 0x3f    at time  147269197 ps
inst0 ch0:  R_CMD: ACTCMD    R_f1= 0x3b    at time  147269611 ps
inst0 ch0:  C_CMD: WRCMD     C_r = 0x081   at time  147276649 ps
inst0 ch0:  C_CMD: WRCMD     C_f = 0x0f8   at time  147277063 ps
inst0 ch0:  C_CMD: WRCMD     C_r = 0x081   at time  147279133 ps
inst0 ch0:  C_CMD: WRCMD     C_f = 0x078   at time  147279547 ps
inst0 ch0:  C_CMD: WRCMD     C_r = 0x089   at time  147279961 ps
inst0 ch0:  C_CMD: WRCMD     C_f = 0x0fa   at time  147280375 ps
inst0 ch0:  C_CMD: WRCMD     C_r = 0x089   at time  147282445 ps
inst0 ch0:  C_CMD: WRCMD     C_f = 0x07a   at time  147282859 ps
inst0 ch0:  R_CMD: ACTCMD    R_r0= 0x0a    at time  147450529 ps
inst0 ch0:  R_CMD: ACTCMD    R_f0= 0x38    at time  147450943 ps
inst0 ch0:  R_CMD: ACTCMD    R_r1= 0x3f    at time  147451357 ps
inst0 ch0:  R_CMD: ACTCMD    R_f1= 0x3b    at time  147451771 ps
inst0 ch0:  R_CMD: ACTCMD    R_r0= 0x0a    at time  147453013 ps
inst0 ch0:  R_CMD: ACTCMD    R_f0= 0x30    at time  147453427 ps
inst0 ch0:  R_CMD: ACTCMD    R_r1= 0x3f    at time  147453841 ps
inst0 ch0:  R_CMD: ACTCMD    R_f1= 0x3b    at time  147454255 ps
inst0 ch0:  C_CMD: RDCMD     C_r = 0x095   at time  147465433 ps
inst0 ch0:  C_CMD: RDCMD     C_f = 0x0f8   at time  147465847 ps
inst0 ch0:  C_CMD: RDCMD     C_r = 0x095   at time  147467917 ps
inst0 ch0:  C_CMD: RDCMD     C_f = 0x078   at time  147468331 ps
inst0 ch0:  C_CMD: RDCMD     C_r = 0x09d   at time  147468745 ps
inst0 ch0:  C_CMD: RDCMD     C_f = 0x0fa   at time  147469159 ps
inst0 ch0:  C_CMD: RDCMD     C_r = 0x09d   at time  147471229 ps
inst0 ch0:  C_CMD: RDCMD     C_f = 0x07a   at time  147471643 ps
inst0 ch0:  R_CMD: ACTCMD    R_r0= 0x0a    at time  147640141 ps
inst0 ch0:  R_CMD: ACTCMD    R_f0= 0x38    at time  147640555 ps
inst0 ch0:  R_CMD: ACTCMD    R_r1= 0x3f    at time  147640969 ps
inst0 ch0:  R_CMD: ACTCMD    R_f1= 0x3b    at time  147641383 ps
inst0 ch0:  R_CMD: ACTCMD    R_r0= 0x0a    at time  147642625 ps
inst0 ch0:  R_CMD: ACTCMD    R_f0= 0x30    at time  147643039 ps
inst0 ch0:  R_CMD: ACTCMD    R_r1= 0x3f    at time  147643453 ps
inst0 ch0:  R_CMD: ACTCMD    R_f1= 0x3b    at time  147643867 ps
inst0 ch0:  C_CMD: WRCMD     C_r = 0x091   at time  147650905 ps
inst0 ch0:  C_CMD: WRCMD     C_f = 0x0f8   at time  147651319 ps
inst0 ch0:  C_CMD: WRCMD     C_r = 0x091   at time  147653389 ps
inst0 ch0:  C_CMD: WRCMD     C_f = 0x078   at time  147653803 ps
inst0 ch0:  C_CMD: WRCMD     C_r = 0x099   at time  147654217 ps
inst0 ch0:  C_CMD: WRCMD     C_f = 0x0fa   at time  147654631 ps
inst0 ch0:  C_CMD: WRCMD     C_r = 0x099   at time  147656701 ps
inst0 ch0:  C_CMD: WRCMD     C_f = 0x07a   at time  147657115 ps
