inst0 ch0:  R_CMD: ACTCMD    R_r0= 0x0e    at time   33400981 ps
inst0 ch0:  R_CMD: ACTCMD    R_f0= 0x28    at time   33401395 ps
inst0 ch0:  R_CMD: ACTCMD    R_r1= 0x00    at time   33401809 ps
inst0 ch0:  R_CMD: ACTCMD    R_f1= 0x02    at time   33402223 ps
inst0 ch0:  R_CMD: ACTCMD    R_r0= 0x0e    at time   33402637 ps
inst0 ch0:  R_CMD: ACTCMD    R_f0= 0x20    at time   33403051 ps
inst0 ch0:  R_CMD: ACTCMD    R_r1= 0x00    at time   33403465 ps
inst0 ch0:  R_CMD: ACTCMD    R_f1= 0x02    at time   33403879 ps
inst0 ch0:  C_CMD: RDCMD     C_r = 0x095   at time   33415885 ps
inst0 ch0:  C_CMD: RDCMD     C_f = 0x0a9   at time   33416299 ps
inst0 ch0:  C_CMD: RDCMD     C_r = 0x095   at time   33417541 ps
inst0 ch0:  C_CMD: RDCMD     C_f = 0x029   at time   33417955 ps
inst0 ch0:  C_CMD: RDCMD     C_r = 0x095   at time   33419197 ps
inst0 ch0:  C_CMD: RDCMD     C_f = 0x0ab   at time   33419611 ps
inst0 ch0:  C_CMD: RDCMD     C_r = 0x095   at time   33420853 ps
inst0 ch0:  C_CMD: RDCMD     C_f = 0x02b   at time   33421267 ps
inst0 ch0:  C_CMD: RDCMD     C_r = 0x095   at time   33422509 ps
inst0 ch0:  C_CMD: RDCMD     C_f = 0x0a1   at time   33422923 ps
inst0 ch0:  C_CMD: RDCMD     C_r = 0x095   at time   33424165 ps
inst0 ch0:  C_CMD: RDCMD     C_f = 0x021   at time   33424579 ps
inst0 ch0:  C_CMD: RDCMD     C_r = 0x09d   at time   33425821 ps
inst0 ch0:  C_CMD: RDCMD     C_f = 0x0a3   at time   33426235 ps
inst0 ch0:  C_CMD: RDCMD     C_r = 0x09d   at time   33427477 ps
inst0 ch0:  C_CMD: RDCMD     C_f = 0x023   at time   33427891 ps
inst0 ch0:  R_CMD: ACTCMD    R_r0= 0x0e    at time   33595561 ps
inst0 ch0:  R_CMD: ACTCMD    R_f0= 0x28    at time   33595975 ps
inst0 ch0:  R_CMD: ACTCMD    R_r1= 0x00    at time   33596389 ps
inst0 ch0:  R_CMD: ACTCMD    R_f1= 0x02    at time   33596803 ps
inst0 ch0:  R_CMD: ACTCMD    R_r0= 0x0e    at time   33597217 ps
inst0 ch0:  R_CMD: ACTCMD    R_f0= 0x20    at time   33597631 ps
inst0 ch0:  R_CMD: ACTCMD    R_r1= 0x00    at time   33598045 ps
inst0 ch0:  R_CMD: ACTCMD    R_f1= 0x02    at time   33598459 ps
inst0 ch0:  C_CMD: WRCMD     C_r = 0x091   at time   33606325 ps
inst0 ch0:  C_CMD: WRCMD     C_f = 0x0a9   at time   33606739 ps
inst0 ch0:  C_CMD: WRCMD     C_r = 0x091   at time   33607981 ps
inst0 ch0:  C_CMD: WRCMD     C_f = 0x029   at time   33608395 ps
inst0 ch0:  C_CMD: WRCMD     C_r = 0x091   at time   33609637 ps
inst0 ch0:  C_CMD: WRCMD     C_f = 0x0ab   at time   33610051 ps
inst0 ch0:  C_CMD: WRCMD     C_r = 0x091   at time   33611293 ps
inst0 ch0:  C_CMD: WRCMD     C_f = 0x02b   at time   33611707 ps
inst0 ch0:  C_CMD: WRCMD     C_r = 0x091   at time   33612949 ps
inst0 ch0:  C_CMD: WRCMD     C_f = 0x0a1   at time   33613363 ps
inst0 ch0:  C_CMD: WRCMD     C_r = 0x091   at time   33614605 ps
inst0 ch0:  C_CMD: WRCMD     C_f = 0x021   at time   33615019 ps
inst0 ch0:  C_CMD: WRCMD     C_r = 0x099   at time   33616261 ps
inst0 ch0:  C_CMD: WRCMD     C_f = 0x0a3   at time   33616675 ps
inst0 ch0:  C_CMD: WRCMD     C_r = 0x099   at time   33617917 ps
inst0 ch0:  C_CMD: WRCMD     C_f = 0x023   at time   33618331 ps
inst0 ch0:  R_CMD: ACTCMD    R_r0= 0x26    at time   54263269 ps
inst0 ch0:  R_CMD: ACTCMD    R_f0= 0x28    at time   54263683 ps
inst0 ch0:  R_CMD: ACTCMD    R_r1= 0x00    at time   54264097 ps
inst0 ch0:  R_CMD: ACTCMD    R_f1= 0x02    at time   54264511 ps
inst0 ch0:  R_CMD: ACTCMD    R_r0= 0x26    at time   54265753 ps
inst0 ch0:  R_CMD: ACTCMD    R_f0= 0x20    at time   54266167 ps
inst0 ch0:  R_CMD: ACTCMD    R_r1= 0x00    at time   54266581 ps
inst0 ch0:  R_CMD: ACTCMD    R_f1= 0x02    at time   54266995 ps
inst0 ch0:  C_CMD: RDCMD     C_r = 0x0c5   at time   54278173 ps
inst0 ch0:  C_CMD: RDCMD     C_f = 0x0a9   at time   54278587 ps
inst0 ch0:  C_CMD: RDCMD     C_r = 0x0c5   at time   54280657 ps
inst0 ch0:  C_CMD: RDCMD     C_f = 0x029   at time   54281071 ps
inst0 ch0:  C_CMD: RDCMD     C_r = 0x0c5   at time   54281485 ps
inst0 ch0:  C_CMD: RDCMD     C_f = 0x0ab   at time   54281899 ps
inst0 ch0:  C_CMD: RDCMD     C_r = 0x0c5   at time   54283969 ps
inst0 ch0:  C_CMD: RDCMD     C_f = 0x02b   at time   54284383 ps
inst0 ch0:  C_CMD: RDCMD     C_r = 0x0c5   at time   54284797 ps
inst0 ch0:  C_CMD: RDCMD     C_f = 0x0a1   at time   54285211 ps
inst0 ch0:  C_CMD: RDCMD     C_r = 0x0c5   at time   54287281 ps
inst0 ch0:  C_CMD: RDCMD     C_f = 0x021   at time   54287695 ps
inst0 ch0:  C_CMD: RDCMD     C_r = 0x0cd   at time   54288109 ps
inst0 ch0:  C_CMD: RDCMD     C_f = 0x0a3   at time   54288523 ps
inst0 ch0:  C_CMD: RDCMD     C_r = 0x0cd   at time   54290593 ps
inst0 ch0:  C_CMD: RDCMD     C_f = 0x023   at time   54291007 ps
inst0 ch0:  R_CMD: ACTCMD    R_r0= 0x26    at time   54333649 ps
inst0 ch0:  R_CMD: ACTCMD    R_f0= 0x28    at time   54334063 ps
inst0 ch0:  R_CMD: ACTCMD    R_r1= 0x00    at time   54334477 ps
inst0 ch0:  R_CMD: ACTCMD    R_f1= 0x02    at time   54334891 ps
inst0 ch0:  R_CMD: ACTCMD    R_r0= 0x26    at time   54336133 ps
inst0 ch0:  R_CMD: ACTCMD    R_f0= 0x20    at time   54336547 ps
inst0 ch0:  R_CMD: ACTCMD    R_r1= 0x00    at time   54336961 ps
inst0 ch0:  R_CMD: ACTCMD    R_f1= 0x02    at time   54337375 ps
inst0 ch0:  C_CMD: WRCMD     C_r = 0x0c1   at time   54344413 ps
inst0 ch0:  C_CMD: WRCMD     C_f = 0x0a9   at time   54344827 ps
inst0 ch0:  C_CMD: WRCMD     C_r = 0x0c1   at time   54346897 ps
inst0 ch0:  C_CMD: WRCMD     C_f = 0x029   at time   54347311 ps
inst0 ch0:  C_CMD: WRCMD     C_r = 0x0c1   at time   54347725 ps
inst0 ch0:  C_CMD: WRCMD     C_f = 0x0ab   at time   54348139 ps
inst0 ch0:  C_CMD: WRCMD     C_r = 0x0c1   at time   54350209 ps
inst0 ch0:  C_CMD: WRCMD     C_f = 0x02b   at time   54350623 ps
inst0 ch0:  C_CMD: WRCMD     C_r = 0x0c1   at time   54351037 ps
inst0 ch0:  C_CMD: WRCMD     C_f = 0x0a1   at time   54351451 ps
inst0 ch0:  C_CMD: WRCMD     C_r = 0x0c1   at time   54353521 ps
inst0 ch0:  C_CMD: WRCMD     C_f = 0x021   at time   54353935 ps
inst0 ch0:  C_CMD: WRCMD     C_r = 0x0c9   at time   54354349 ps
inst0 ch0:  C_CMD: WRCMD     C_f = 0x0a3   at time   54354763 ps
inst0 ch0:  C_CMD: WRCMD     C_r = 0x0c9   at time   54356833 ps
inst0 ch0:  C_CMD: WRCMD     C_f = 0x023   at time   54357247 ps
inst0 ch0:  R_CMD: ACTCMD    R_r0= 0x22    at time  124928101 ps
inst0 ch0:  R_CMD: ACTCMD    R_f0= 0x22    at time  124928515 ps
inst0 ch0:  R_CMD: ACTCMD    R_r1= 0x00    at time  124928929 ps
inst0 ch0:  R_CMD: ACTCMD    R_f1= 0x00    at time  124929343 ps
inst0 ch0:  R_CMD: ACTCMD    R_r0= 0x22    at time  124930585 ps
inst0 ch0:  R_CMD: ACTCMD    R_f0= 0x2a    at time  124930999 ps
inst0 ch0:  R_CMD: ACTCMD    R_r1= 0x00    at time  124931413 ps
inst0 ch0:  R_CMD: ACTCMD    R_f1= 0x00    at time  124931827 ps
inst0 ch0:  R_CMD: ACTCMD    R_r0= 0x02    at time  124932241 ps
inst0 ch0:  R_CMD: ACTCMD    R_f0= 0x22    at time  124932655 ps
inst0 ch0:  R_CMD: ACTCMD    R_r1= 0x00    at time  124933069 ps
inst0 ch0:  R_CMD: ACTCMD    R_f1= 0x00    at time  124933483 ps
inst0 ch0:  R_CMD: ACTCMD    R_r0= 0x02    at time  124934725 ps
inst0 ch0:  R_CMD: ACTCMD    R_f0= 0x2a    at time  124935139 ps
inst0 ch0:  R_CMD: ACTCMD    R_r1= 0x00    at time  124935553 ps
inst0 ch0:  R_CMD: ACTCMD    R_f1= 0x00    at time  124935967 ps
inst0 ch0:  R_CMD: ACTCMD    R_r0= 0x22    at time  124936381 ps
inst0 ch0:  R_CMD: ACTCMD    R_f0= 0x02    at time  124936795 ps
inst0 ch0:  R_CMD: ACTCMD    R_r1= 0x00    at time  124937209 ps
inst0 ch0:  R_CMD: ACTCMD    R_f1= 0x00    at time  124937623 ps
inst0 ch0:  R_CMD: ACTCMD    R_r0= 0x22    at time  124938865 ps
inst0 ch0:  R_CMD: ACTCMD    R_f0= 0x0a    at time  124939279 ps
inst0 ch0:  R_CMD: ACTCMD    R_r1= 0x00    at time  124939693 ps
inst0 ch0:  R_CMD: ACTCMD    R_f1= 0x00    at time  124940107 ps
inst0 ch0:  R_CMD: ACTCMD    R_r0= 0x02    at time  124940521 ps
inst0 ch0:  R_CMD: ACTCMD    R_f0= 0x02    at time  124940935 ps
inst0 ch0:  R_CMD: ACTCMD    R_r1= 0x00    at time  124941349 ps
inst0 ch0:  R_CMD: ACTCMD    R_f1= 0x00    at time  124941763 ps
inst0 ch0:  R_CMD: ACTCMD    R_r0= 0x02    at time  124943005 ps
inst0 ch0:  C_CMD: RDCMD     C_r = 0x0c5   at time  124943005 ps
inst0 ch0:  R_CMD: ACTCMD    R_f0= 0x0a    at time  124943419 ps
inst0 ch0:  C_CMD: RDCMD     C_f = 0x000   at time  124943419 ps
inst0 ch0:  R_CMD: ACTCMD    R_r1= 0x00    at time  124943833 ps
inst0 ch0:  R_CMD: ACTCMD    R_f1= 0x00    at time  124944247 ps
inst0 ch0:  C_CMD: RDCMD     C_r = 0x0c5   at time  124945489 ps
inst0 ch0:  C_CMD: RDCMD     C_f = 0x080   at time  124945903 ps
inst0 ch0:  C_CMD: RDCMD     C_r = 0x0cd   at time  124946317 ps
inst0 ch0:  C_CMD: RDCMD     C_f = 0x002   at time  124946731 ps
inst0 ch0:  C_CMD: RDCMD     C_r = 0x085   at time  124947973 ps
inst0 ch0:  C_CMD: RDCMD     C_f = 0x000   at time  124948387 ps
inst0 ch0:  C_CMD: RDCMD     C_r = 0x0cd   at time  124948801 ps
inst0 ch0:  C_CMD: RDCMD     C_f = 0x082   at time  124949215 ps
inst0 ch0:  C_CMD: RDCMD     C_r = 0x085   at time  124950457 ps
inst0 ch0:  C_CMD: RDCMD     C_f = 0x080   at time  124950871 ps
inst0 ch0:  C_CMD: RDCMD     C_r = 0x08d   at time  124951285 ps
inst0 ch0:  C_CMD: RDCMD     C_f = 0x002   at time  124951699 ps
inst0 ch0:  C_CMD: RDCMD     C_r = 0x045   at time  124952941 ps
inst0 ch0:  C_CMD: RDCMD     C_f = 0x000   at time  124953355 ps
inst0 ch0:  C_CMD: RDCMD     C_r = 0x08d   at time  124953769 ps
inst0 ch0:  C_CMD: RDCMD     C_f = 0x082   at time  124954183 ps
inst0 ch0:  C_CMD: RDCMD     C_r = 0x005   at time  124955425 ps
inst0 ch0:  C_CMD: RDCMD     C_f = 0x000   at time  124955839 ps
inst0 ch0:  C_CMD: RDCMD     C_r = 0x045   at time  124956253 ps
inst0 ch0:  C_CMD: RDCMD     C_f = 0x080   at time  124956667 ps
inst0 ch0:  C_CMD: RDCMD     C_r = 0x04d   at time  124957081 ps
inst0 ch0:  C_CMD: RDCMD     C_f = 0x002   at time  124957495 ps
inst0 ch0:  C_CMD: RDCMD     C_r = 0x005   at time  124957909 ps
inst0 ch0:  C_CMD: RDCMD     C_f = 0x080   at time  124958323 ps
inst0 ch0:  C_CMD: RDCMD     C_r = 0x00d   at time  124958737 ps
inst0 ch0:  C_CMD: RDCMD     C_f = 0x002   at time  124959151 ps
inst0 ch0:  C_CMD: RDCMD     C_r = 0x04d   at time  124959565 ps
inst0 ch0:  C_CMD: RDCMD     C_f = 0x082   at time  124959979 ps
inst0 ch0:  C_CMD: RDCMD     C_r = 0x00d   at time  124961221 ps
inst0 ch0:  C_CMD: RDCMD     C_f = 0x082   at time  124961635 ps
inst0 ch0:  R_CMD: ACTCMD    R_r0= 0x2a    at time  125422417 ps
inst0 ch0:  R_CMD: ACTCMD    R_f0= 0x22    at time  125422831 ps
inst0 ch0:  R_CMD: ACTCMD    R_r1= 0x00    at time  125423245 ps
inst0 ch0:  R_CMD: ACTCMD    R_f1= 0x00    at time  125423659 ps
inst0 ch0:  R_CMD: ACTCMD    R_r0= 0x2a    at time  125425729 ps
inst0 ch0:  R_CMD: ACTCMD    R_f0= 0x2a    at time  125426143 ps
inst0 ch0:  R_CMD: ACTCMD    R_r1= 0x00    at time  125426557 ps
inst0 ch0:  R_CMD: ACTCMD    R_f1= 0x00    at time  125426971 ps
inst0 ch0:  R_CMD: ACTCMD    R_r0= 0x0a    at time  125427385 ps
inst0 ch0:  R_CMD: ACTCMD    R_f0= 0x22    at time  125427799 ps
inst0 ch0:  R_CMD: ACTCMD    R_r1= 0x00    at time  125428213 ps
inst0 ch0:  R_CMD: ACTCMD    R_f1= 0x00    at time  125428627 ps
inst0 ch0:  R_CMD: ACTCMD    R_r0= 0x0a    at time  125429869 ps
inst0 ch0:  R_CMD: ACTCMD    R_f0= 0x2a    at time  125430283 ps
inst0 ch0:  R_CMD: ACTCMD    R_r1= 0x00    at time  125430697 ps
inst0 ch0:  R_CMD: ACTCMD    R_f1= 0x00    at time  125431111 ps
inst0 ch0:  R_CMD: ACTCMD    R_r0= 0x2a    at time  125431525 ps
inst0 ch0:  R_CMD: ACTCMD    R_f0= 0x02    at time  125431939 ps
inst0 ch0:  R_CMD: ACTCMD    R_r1= 0x00    at time  125432353 ps
inst0 ch0:  R_CMD: ACTCMD    R_f1= 0x00    at time  125432767 ps
inst0 ch0:  R_CMD: ACTCMD    R_r0= 0x2a    at time  125434009 ps
inst0 ch0:  R_CMD: ACTCMD    R_f0= 0x0a    at time  125434423 ps
inst0 ch0:  R_CMD: ACTCMD    R_r1= 0x00    at time  125434837 ps
inst0 ch0:  R_CMD: ACTCMD    R_f1= 0x00    at time  125435251 ps
inst0 ch0:  R_CMD: ACTCMD    R_r0= 0x0a    at time  125435665 ps
inst0 ch0:  R_CMD: ACTCMD    R_f0= 0x02    at time  125436079 ps
inst0 ch0:  R_CMD: ACTCMD    R_r1= 0x00    at time  125436493 ps
inst0 ch0:  R_CMD: ACTCMD    R_f1= 0x00    at time  125436907 ps
inst0 ch0:  C_CMD: RDCMD     C_r = 0x0d5   at time  125437321 ps
inst0 ch0:  C_CMD: RDCMD     C_f = 0x000   at time  125437735 ps
inst0 ch0:  R_CMD: ACTCMD    R_r0= 0x0a    at time  125438149 ps
inst0 ch0:  R_CMD: ACTCMD    R_f0= 0x0a    at time  125438563 ps
inst0 ch0:  R_CMD: ACTCMD    R_r1= 0x00    at time  125438977 ps
inst0 ch0:  R_CMD: ACTCMD    R_f1= 0x00    at time  125439391 ps
inst0 ch0:  C_CMD: RDCMD     C_r = 0x0dd   at time  125440633 ps
inst0 ch0:  C_CMD: RDCMD     C_f = 0x002   at time  125441047 ps
inst0 ch0:  C_CMD: RDCMD     C_r = 0x0d5   at time  125441461 ps
inst0 ch0:  C_CMD: RDCMD     C_f = 0x080   at time  125441875 ps
inst0 ch0:  C_CMD: RDCMD     C_r = 0x095   at time  125442289 ps
inst0 ch0:  C_CMD: RDCMD     C_f = 0x000   at time  125442703 ps
inst0 ch0:  C_CMD: RDCMD     C_r = 0x0dd   at time  125444773 ps
inst0 ch0:  C_CMD: RDCMD     C_f = 0x082   at time  125445187 ps
inst0 ch0:  C_CMD: RDCMD     C_r = 0x09d   at time  125445601 ps
inst0 ch0:  C_CMD: RDCMD     C_f = 0x002   at time  125446015 ps
inst0 ch0:  C_CMD: RDCMD     C_r = 0x095   at time  125446429 ps
inst0 ch0:  C_CMD: RDCMD     C_f = 0x080   at time  125446843 ps
inst0 ch0:  C_CMD: RDCMD     C_r = 0x055   at time  125447257 ps
inst0 ch0:  C_CMD: RDCMD     C_f = 0x000   at time  125447671 ps
inst0 ch0:  C_CMD: RDCMD     C_r = 0x055   at time  125448913 ps
inst0 ch0:  C_CMD: RDCMD     C_f = 0x080   at time  125449327 ps
inst0 ch0:  C_CMD: RDCMD     C_r = 0x05d   at time  125450569 ps
inst0 ch0:  C_CMD: RDCMD     C_f = 0x002   at time  125450983 ps
inst0 ch0:  C_CMD: RDCMD     C_r = 0x09d   at time  125451397 ps
inst0 ch0:  C_CMD: RDCMD     C_f = 0x082   at time  125451811 ps
inst0 ch0:  C_CMD: RDCMD     C_r = 0x015   at time  125452225 ps
inst0 ch0:  C_CMD: RDCMD     C_f = 0x000   at time  125452639 ps
inst0 ch0:  C_CMD: RDCMD     C_r = 0x05d   at time  125453053 ps
inst0 ch0:  C_CMD: RDCMD     C_f = 0x082   at time  125453467 ps
inst0 ch0:  C_CMD: RDCMD     C_r = 0x015   at time  125454709 ps
inst0 ch0:  C_CMD: RDCMD     C_f = 0x080   at time  125455123 ps
inst0 ch0:  C_CMD: RDCMD     C_r = 0x01d   at time  125455537 ps
inst0 ch0:  C_CMD: RDCMD     C_f = 0x002   at time  125455951 ps
inst0 ch0:  C_CMD: RDCMD     C_r = 0x01d   at time  125458021 ps
inst0 ch0:  C_CMD: RDCMD     C_f = 0x082   at time  125458435 ps
inst0 ch0:  R_CMD: ACTCMD    R_r0= 0x32    at time  125924185 ps
inst0 ch0:  R_CMD: ACTCMD    R_f0= 0x22    at time  125924599 ps
inst0 ch0:  R_CMD: ACTCMD    R_r1= 0x00    at time  125925013 ps
inst0 ch0:  R_CMD: ACTCMD    R_f1= 0x00    at time  125925427 ps
inst0 ch0:  R_CMD: ACTCMD    R_r0= 0x32    at time  125926669 ps
inst0 ch0:  R_CMD: ACTCMD    R_f0= 0x2a    at time  125927083 ps
inst0 ch0:  R_CMD: ACTCMD    R_r1= 0x00    at time  125927497 ps
inst0 ch0:  R_CMD: ACTCMD    R_f1= 0x00    at time  125927911 ps
inst0 ch0:  R_CMD: ACTCMD    R_r0= 0x12    at time  125928325 ps
inst0 ch0:  R_CMD: ACTCMD    R_f0= 0x22    at time  125928739 ps
inst0 ch0:  R_CMD: ACTCMD    R_r1= 0x00    at time  125929153 ps
inst0 ch0:  R_CMD: ACTCMD    R_f1= 0x00    at time  125929567 ps
inst0 ch0:  R_CMD: ACTCMD    R_r0= 0x12    at time  125930809 ps
inst0 ch0:  R_CMD: ACTCMD    R_f0= 0x2a    at time  125931223 ps
inst0 ch0:  R_CMD: ACTCMD    R_r1= 0x00    at time  125931637 ps
inst0 ch0:  R_CMD: ACTCMD    R_f1= 0x00    at time  125932051 ps
inst0 ch0:  R_CMD: ACTCMD    R_r0= 0x32    at time  125932465 ps
inst0 ch0:  R_CMD: ACTCMD    R_f0= 0x02    at time  125932879 ps
inst0 ch0:  R_CMD: ACTCMD    R_r1= 0x00    at time  125933293 ps
inst0 ch0:  R_CMD: ACTCMD    R_f1= 0x00    at time  125933707 ps
inst0 ch0:  R_CMD: ACTCMD    R_r0= 0x32    at time  125934949 ps
inst0 ch0:  R_CMD: ACTCMD    R_f0= 0x0a    at time  125935363 ps
inst0 ch0:  R_CMD: ACTCMD    R_r1= 0x00    at time  125935777 ps
inst0 ch0:  R_CMD: ACTCMD    R_f1= 0x00    at time  125936191 ps
inst0 ch0:  R_CMD: ACTCMD    R_r0= 0x12    at time  125936605 ps
inst0 ch0:  R_CMD: ACTCMD    R_f0= 0x02    at time  125937019 ps
inst0 ch0:  R_CMD: ACTCMD    R_r1= 0x00    at time  125937433 ps
inst0 ch0:  R_CMD: ACTCMD    R_f1= 0x00    at time  125937847 ps
inst0 ch0:  R_CMD: ACTCMD    R_r0= 0x12    at time  125939089 ps
inst0 ch0:  C_CMD: RDCMD     C_r = 0x0e5   at time  125939089 ps
inst0 ch0:  R_CMD: ACTCMD    R_f0= 0x0a    at time  125939503 ps
inst0 ch0:  C_CMD: RDCMD     C_f = 0x000   at time  125939503 ps
inst0 ch0:  R_CMD: ACTCMD    R_r1= 0x00    at time  125939917 ps
inst0 ch0:  R_CMD: ACTCMD    R_f1= 0x00    at time  125940331 ps
inst0 ch0:  C_CMD: RDCMD     C_r = 0x0e5   at time  125941573 ps
inst0 ch0:  C_CMD: RDCMD     C_f = 0x080   at time  125941987 ps
inst0 ch0:  C_CMD: RDCMD     C_r = 0x0ed   at time  125942401 ps
inst0 ch0:  C_CMD: RDCMD     C_f = 0x002   at time  125942815 ps
inst0 ch0:  C_CMD: RDCMD     C_r = 0x0a5   at time  125944057 ps
inst0 ch0:  C_CMD: RDCMD     C_f = 0x000   at time  125944471 ps
inst0 ch0:  C_CMD: RDCMD     C_r = 0x0ed   at time  125944885 ps
inst0 ch0:  C_CMD: RDCMD     C_f = 0x082   at time  125945299 ps
inst0 ch0:  C_CMD: RDCMD     C_r = 0x0a5   at time  125946541 ps
inst0 ch0:  C_CMD: RDCMD     C_f = 0x080   at time  125946955 ps
inst0 ch0:  C_CMD: RDCMD     C_r = 0x0ad   at time  125947369 ps
inst0 ch0:  C_CMD: RDCMD     C_f = 0x002   at time  125947783 ps
inst0 ch0:  C_CMD: RDCMD     C_r = 0x065   at time  125949025 ps
inst0 ch0:  C_CMD: RDCMD     C_f = 0x000   at time  125949439 ps
inst0 ch0:  C_CMD: RDCMD     C_r = 0x0ad   at time  125949853 ps
inst0 ch0:  C_CMD: RDCMD     C_f = 0x082   at time  125950267 ps
inst0 ch0:  C_CMD: RDCMD     C_r = 0x025   at time  125951509 ps
inst0 ch0:  C_CMD: RDCMD     C_f = 0x000   at time  125951923 ps
inst0 ch0:  C_CMD: RDCMD     C_r = 0x065   at time  125952337 ps
inst0 ch0:  C_CMD: RDCMD     C_f = 0x080   at time  125952751 ps
inst0 ch0:  C_CMD: RDCMD     C_r = 0x06d   at time  125953165 ps
inst0 ch0:  C_CMD: RDCMD     C_f = 0x002   at time  125953579 ps
inst0 ch0:  C_CMD: RDCMD     C_r = 0x025   at time  125953993 ps
inst0 ch0:  C_CMD: RDCMD     C_f = 0x080   at time  125954407 ps
inst0 ch0:  C_CMD: RDCMD     C_r = 0x02d   at time  125954821 ps
inst0 ch0:  C_CMD: RDCMD     C_f = 0x002   at time  125955235 ps
inst0 ch0:  C_CMD: RDCMD     C_r = 0x06d   at time  125955649 ps
inst0 ch0:  C_CMD: RDCMD     C_f = 0x082   at time  125956063 ps
inst0 ch0:  C_CMD: RDCMD     C_r = 0x02d   at time  125957305 ps
inst0 ch0:  C_CMD: RDCMD     C_f = 0x082   at time  125957719 ps
inst0 ch0:  R_CMD: ACTCMD    R_r0= 0x3a    at time  126428437 ps
inst0 ch0:  R_CMD: ACTCMD    R_f0= 0x22    at time  126428851 ps
inst0 ch0:  R_CMD: ACTCMD    R_r1= 0x00    at time  126429265 ps
inst0 ch0:  R_CMD: ACTCMD    R_f1= 0x00    at time  126429679 ps
inst0 ch0:  R_CMD: ACTCMD    R_r0= 0x3a    at time  126430093 ps
inst0 ch0:  R_CMD: ACTCMD    R_f0= 0x2a    at time  126430507 ps
inst0 ch0:  R_CMD: ACTCMD    R_r1= 0x00    at time  126430921 ps
inst0 ch0:  R_CMD: ACTCMD    R_f1= 0x00    at time  126431335 ps
inst0 ch0:  R_CMD: ACTCMD    R_r0= 0x1a    at time  126432577 ps
inst0 ch0:  R_CMD: ACTCMD    R_f0= 0x22    at time  126432991 ps
inst0 ch0:  R_CMD: ACTCMD    R_r1= 0x00    at time  126433405 ps
inst0 ch0:  R_CMD: ACTCMD    R_f1= 0x00    at time  126433819 ps
inst0 ch0:  R_CMD: ACTCMD    R_r0= 0x1a    at time  126434233 ps
inst0 ch0:  R_CMD: ACTCMD    R_f0= 0x2a    at time  126434647 ps
inst0 ch0:  R_CMD: ACTCMD    R_r1= 0x00    at time  126435061 ps
inst0 ch0:  R_CMD: ACTCMD    R_f1= 0x00    at time  126435475 ps
inst0 ch0:  R_CMD: ACTCMD    R_r0= 0x3a    at time  126436717 ps
inst0 ch0:  R_CMD: ACTCMD    R_f0= 0x02    at time  126437131 ps
inst0 ch0:  R_CMD: ACTCMD    R_r1= 0x00    at time  126437545 ps
inst0 ch0:  R_CMD: ACTCMD    R_f1= 0x00    at time  126437959 ps
inst0 ch0:  R_CMD: ACTCMD    R_r0= 0x3a    at time  126438373 ps
inst0 ch0:  R_CMD: ACTCMD    R_f0= 0x0a    at time  126438787 ps
inst0 ch0:  R_CMD: ACTCMD    R_r1= 0x00    at time  126439201 ps
inst0 ch0:  R_CMD: ACTCMD    R_f1= 0x00    at time  126439615 ps
inst0 ch0:  R_CMD: ACTCMD    R_r0= 0x1a    at time  126440857 ps
inst0 ch0:  R_CMD: ACTCMD    R_f0= 0x02    at time  126441271 ps
inst0 ch0:  R_CMD: ACTCMD    R_r1= 0x00    at time  126441685 ps
inst0 ch0:  R_CMD: ACTCMD    R_f1= 0x00    at time  126442099 ps
inst0 ch0:  R_CMD: ACTCMD    R_r0= 0x1a    at time  126442513 ps
inst0 ch0:  R_CMD: ACTCMD    R_f0= 0x0a    at time  126442927 ps
inst0 ch0:  R_CMD: ACTCMD    R_r1= 0x00    at time  126443341 ps
inst0 ch0:  C_CMD: RDCMD     C_r = 0x0f5   at time  126443341 ps
inst0 ch0:  R_CMD: ACTCMD    R_f1= 0x00    at time  126443755 ps
inst0 ch0:  C_CMD: RDCMD     C_f = 0x000   at time  126443755 ps
inst0 ch0:  C_CMD: RDCMD     C_r = 0x0f5   at time  126444997 ps
inst0 ch0:  C_CMD: RDCMD     C_f = 0x080   at time  126445411 ps
inst0 ch0:  C_CMD: RDCMD     C_r = 0x0fd   at time  126446653 ps
inst0 ch0:  C_CMD: RDCMD     C_f = 0x002   at time  126447067 ps
inst0 ch0:  C_CMD: RDCMD     C_r = 0x0b5   at time  126448309 ps
inst0 ch0:  C_CMD: RDCMD     C_f = 0x000   at time  126448723 ps
inst0 ch0:  C_CMD: RDCMD     C_r = 0x0fd   at time  126449137 ps
inst0 ch0:  C_CMD: RDCMD     C_f = 0x082   at time  126449551 ps
inst0 ch0:  C_CMD: RDCMD     C_r = 0x0b5   at time  126450793 ps
inst0 ch0:  C_CMD: RDCMD     C_f = 0x080   at time  126451207 ps
inst0 ch0:  C_CMD: RDCMD     C_r = 0x0bd   at time  126451621 ps
inst0 ch0:  C_CMD: RDCMD     C_f = 0x002   at time  126452035 ps
inst0 ch0:  C_CMD: RDCMD     C_r = 0x075   at time  126453277 ps
inst0 ch0:  C_CMD: RDCMD     C_f = 0x000   at time  126453691 ps
inst0 ch0:  C_CMD: RDCMD     C_r = 0x0bd   at time  126454105 ps
inst0 ch0:  C_CMD: RDCMD     C_f = 0x082   at time  126454519 ps
inst0 ch0:  C_CMD: RDCMD     C_r = 0x035   at time  126455761 ps
inst0 ch0:  C_CMD: RDCMD     C_f = 0x000   at time  126456175 ps
inst0 ch0:  C_CMD: RDCMD     C_r = 0x075   at time  126456589 ps
inst0 ch0:  C_CMD: RDCMD     C_f = 0x080   at time  126457003 ps
inst0 ch0:  C_CMD: RDCMD     C_r = 0x07d   at time  126457417 ps
inst0 ch0:  C_CMD: RDCMD     C_f = 0x002   at time  126457831 ps
inst0 ch0:  C_CMD: RDCMD     C_r = 0x035   at time  126458245 ps
inst0 ch0:  C_CMD: RDCMD     C_f = 0x080   at time  126458659 ps
inst0 ch0:  C_CMD: RDCMD     C_r = 0x03d   at time  126459073 ps
inst0 ch0:  C_CMD: RDCMD     C_f = 0x002   at time  126459487 ps
inst0 ch0:  C_CMD: RDCMD     C_r = 0x07d   at time  126459901 ps
inst0 ch0:  C_CMD: RDCMD     C_f = 0x082   at time  126460315 ps
inst0 ch0:  C_CMD: RDCMD     C_r = 0x03d   at time  126461557 ps
inst0 ch0:  C_CMD: RDCMD     C_f = 0x082   at time  126461971 ps
inst0 ch0:  R_CMD: ACTCMD    R_r0= 0x02    at time  130909573 ps
inst0 ch0:  R_CMD: ACTCMD    R_f0= 0x00    at time  130909987 ps
inst0 ch0:  R_CMD: ACTCMD    R_r1= 0x00    at time  130910401 ps
inst0 ch0:  R_CMD: ACTCMD    R_f1= 0x00    at time  130910815 ps
inst0 ch0:  R_CMD: ACTCMD    R_r0= 0x02    at time  130919509 ps
inst0 ch0:  R_CMD: ACTCMD    R_f0= 0x08    at time  130919923 ps
inst0 ch0:  R_CMD: ACTCMD    R_r1= 0x00    at time  130920337 ps
inst0 ch0:  R_CMD: ACTCMD    R_f1= 0x00    at time  130920751 ps
inst0 ch0:  C_CMD: RDCMD     C_r = 0x005   at time  130924477 ps
inst0 ch0:  C_CMD: RDCMD     C_f = 0x018   at time  130924891 ps
inst0 ch0:  C_CMD: RDCMD     C_r = 0x005   at time  130927789 ps
inst0 ch0:  C_CMD: RDCMD     C_f = 0x01a   at time  130928203 ps
inst0 ch0:  C_CMD: RDCMD     C_r = 0x005   at time  130931101 ps
inst0 ch0:  C_CMD: RDCMD     C_f = 0x010   at time  130931515 ps
inst0 ch0:  C_CMD: RDCMD     C_r = 0x005   at time  130934413 ps
inst0 ch0:  C_CMD: RDCMD     C_f = 0x012   at time  130934827 ps
inst0 ch0:  C_CMD: RDCMD     C_r = 0x005   at time  130935241 ps
inst0 ch0:  C_CMD: RDCMD     C_f = 0x098   at time  130935655 ps
inst0 ch0:  C_CMD: RDCMD     C_r = 0x005   at time  130937725 ps
inst0 ch0:  C_CMD: RDCMD     C_f = 0x008   at time  130938139 ps
inst0 ch0:  C_CMD: RDCMD     C_r = 0x005   at time  130938553 ps
inst0 ch0:  C_CMD: RDCMD     C_f = 0x09a   at time  130938967 ps
inst0 ch0:  C_CMD: RDCMD     C_r = 0x005   at time  130941037 ps
inst0 ch0:  C_CMD: RDCMD     C_f = 0x00a   at time  130941451 ps
inst0 ch0:  C_CMD: RDCMD     C_r = 0x005   at time  130941865 ps
inst0 ch0:  C_CMD: RDCMD     C_f = 0x090   at time  130942279 ps
inst0 ch0:  C_CMD: RDCMD     C_r = 0x005   at time  130944349 ps
inst0 ch0:  C_CMD: RDCMD     C_f = 0x000   at time  130944763 ps
inst0 ch0:  C_CMD: RDCMD     C_r = 0x005   at time  130945177 ps
inst0 ch0:  C_CMD: RDCMD     C_f = 0x092   at time  130945591 ps
inst0 ch0:  C_CMD: RDCMD     C_r = 0x00d   at time  130947661 ps
inst0 ch0:  C_CMD: RDCMD     C_f = 0x002   at time  130948075 ps
inst0 ch0:  C_CMD: RDCMD     C_r = 0x005   at time  130948489 ps
inst0 ch0:  C_CMD: RDCMD     C_f = 0x088   at time  130948903 ps
inst0 ch0:  C_CMD: RDCMD     C_r = 0x005   at time  130951801 ps
inst0 ch0:  C_CMD: RDCMD     C_f = 0x08a   at time  130952215 ps
inst0 ch0:  C_CMD: RDCMD     C_r = 0x005   at time  130955113 ps
inst0 ch0:  C_CMD: RDCMD     C_f = 0x080   at time  130955527 ps
inst0 ch0:  C_CMD: RDCMD     C_r = 0x00d   at time  130958425 ps
inst0 ch0:  C_CMD: RDCMD     C_f = 0x082   at time  130958839 ps
inst0 ch0:  R_CMD: ACTCMD    R_r0= 0x0a    at time  131190265 ps
inst0 ch0:  R_CMD: ACTCMD    R_f0= 0x08    at time  131190679 ps
inst0 ch0:  R_CMD: ACTCMD    R_r1= 0x00    at time  131191093 ps
inst0 ch0:  R_CMD: ACTCMD    R_f1= 0x00    at time  131191507 ps
inst0 ch0:  C_CMD: RDCMD     C_r = 0x015   at time  131205169 ps
inst0 ch0:  C_CMD: RDCMD     C_f = 0x098   at time  131205583 ps
inst0 ch0:  C_CMD: RDCMD     C_r = 0x015   at time  131208481 ps
inst0 ch0:  C_CMD: RDCMD     C_f = 0x09a   at time  131208895 ps
inst0 ch0:  C_CMD: RDCMD     C_r = 0x015   at time  131211793 ps
inst0 ch0:  C_CMD: RDCMD     C_f = 0x090   at time  131212207 ps
inst0 ch0:  C_CMD: RDCMD     C_r = 0x015   at time  131215105 ps
inst0 ch0:  C_CMD: RDCMD     C_f = 0x092   at time  131215519 ps
inst0 ch0:  C_CMD: RDCMD     C_r = 0x015   at time  131218417 ps
inst0 ch0:  C_CMD: RDCMD     C_f = 0x088   at time  131218831 ps
inst0 ch0:  C_CMD: RDCMD     C_r = 0x015   at time  131221729 ps
inst0 ch0:  C_CMD: RDCMD     C_f = 0x08a   at time  131222143 ps
inst0 ch0:  C_CMD: RDCMD     C_r = 0x015   at time  131225041 ps
inst0 ch0:  C_CMD: RDCMD     C_f = 0x080   at time  131225455 ps
inst0 ch0:  C_CMD: RDCMD     C_r = 0x01d   at time  131228353 ps
inst0 ch0:  C_CMD: RDCMD     C_f = 0x082   at time  131228767 ps
inst0 ch0:  R_CMD: ACTCMD    R_r0= 0x0a    at time  131639869 ps
inst0 ch0:  R_CMD: ACTCMD    R_f0= 0x00    at time  131640283 ps
inst0 ch0:  R_CMD: ACTCMD    R_r1= 0x00    at time  131640697 ps
inst0 ch0:  R_CMD: ACTCMD    R_f1= 0x00    at time  131641111 ps
inst0 ch0:  C_CMD: RDCMD     C_r = 0x015   at time  131654773 ps
inst0 ch0:  C_CMD: RDCMD     C_f = 0x018   at time  131655187 ps
inst0 ch0:  C_CMD: RDCMD     C_r = 0x015   at time  131658085 ps
inst0 ch0:  C_CMD: RDCMD     C_f = 0x01a   at time  131658499 ps
inst0 ch0:  C_CMD: RDCMD     C_r = 0x015   at time  131661397 ps
inst0 ch0:  C_CMD: RDCMD     C_f = 0x010   at time  131661811 ps
inst0 ch0:  C_CMD: RDCMD     C_r = 0x015   at time  131664709 ps
inst0 ch0:  C_CMD: RDCMD     C_f = 0x012   at time  131665123 ps
inst0 ch0:  C_CMD: RDCMD     C_r = 0x015   at time  131668021 ps
inst0 ch0:  C_CMD: RDCMD     C_f = 0x008   at time  131668435 ps
inst0 ch0:  C_CMD: RDCMD     C_r = 0x015   at time  131671333 ps
inst0 ch0:  C_CMD: RDCMD     C_f = 0x00a   at time  131671747 ps
inst0 ch0:  C_CMD: RDCMD     C_r = 0x015   at time  131674645 ps
inst0 ch0:  C_CMD: RDCMD     C_f = 0x000   at time  131675059 ps
inst0 ch0:  C_CMD: RDCMD     C_r = 0x01d   at time  131677957 ps
inst0 ch0:  C_CMD: RDCMD     C_f = 0x002   at time  131678371 ps
inst0 ch0:  R_CMD: ACTCMD    R_r0= 0x02    at time  133964893 ps
inst0 ch0:  R_CMD: ACTCMD    R_f0= 0x13    at time  133965307 ps
inst0 ch0:  R_CMD: ACTCMD    R_r1= 0x3f    at time  133965721 ps
inst0 ch0:  R_CMD: ACTCMD    R_f1= 0x3b    at time  133966135 ps
inst0 ch0:  R_CMD: ACTCMD    R_r0= 0x02    at time  133966549 ps
inst0 ch0:  R_CMD: ACTCMD    R_f0= 0x1b    at time  133966963 ps
inst0 ch0:  R_CMD: ACTCMD    R_r1= 0x3f    at time  133967377 ps
inst0 ch0:  R_CMD: ACTCMD    R_f1= 0x3b    at time  133967791 ps
inst0 ch0:  C_CMD: RDCMD     C_r = 0x005   at time  133979797 ps
inst0 ch0:  C_CMD: RDCMD     C_f = 0x000   at time  133980211 ps
inst0 ch0:  C_CMD: RDCMD     C_r = 0x005   at time  133981453 ps
inst0 ch0:  C_CMD: RDCMD     C_f = 0x080   at time  133981867 ps
inst0 ch0:  C_CMD: RDCMD     C_r = 0x00d   at time  133983109 ps
inst0 ch0:  C_CMD: RDCMD     C_f = 0x002   at time  133983523 ps
inst0 ch0:  C_CMD: RDCMD     C_r = 0x00d   at time  133984765 ps
inst0 ch0:  C_CMD: RDCMD     C_f = 0x082   at time  133985179 ps
inst0 ch0:  R_CMD: ACTCMD    R_r0= 0x02    at time  134035273 ps
inst0 ch0:  R_CMD: ACTCMD    R_f0= 0x13    at time  134035687 ps
inst0 ch0:  R_CMD: ACTCMD    R_r1= 0x3f    at time  134036101 ps
inst0 ch0:  R_CMD: ACTCMD    R_f1= 0x3b    at time  134036515 ps
inst0 ch0:  R_CMD: ACTCMD    R_r0= 0x02    at time  134037757 ps
inst0 ch0:  R_CMD: ACTCMD    R_f0= 0x1b    at time  134038171 ps
inst0 ch0:  R_CMD: ACTCMD    R_r1= 0x3f    at time  134038585 ps
inst0 ch0:  R_CMD: ACTCMD    R_f1= 0x3b    at time  134038999 ps
inst0 ch0:  C_CMD: WRCMD     C_r = 0x001   at time  134046037 ps
inst0 ch0:  C_CMD: WRCMD     C_f = 0x000   at time  134046451 ps
inst0 ch0:  C_CMD: WRCMD     C_r = 0x001   at time  134048521 ps
inst0 ch0:  C_CMD: WRCMD     C_f = 0x080   at time  134048935 ps
inst0 ch0:  C_CMD: WRCMD     C_r = 0x009   at time  134049349 ps
inst0 ch0:  C_CMD: WRCMD     C_f = 0x002   at time  134049763 ps
inst0 ch0:  C_CMD: WRCMD     C_r = 0x009   at time  134051833 ps
inst0 ch0:  C_CMD: WRCMD     C_f = 0x082   at time  134052247 ps
inst0 ch0:  R_CMD: ACTCMD    R_r0= 0x0a    at time  138290365 ps
inst0 ch0:  R_CMD: ACTCMD    R_f0= 0x13    at time  138290779 ps
inst0 ch0:  R_CMD: ACTCMD    R_r1= 0x3f    at time  138291193 ps
inst0 ch0:  R_CMD: ACTCMD    R_f1= 0x3b    at time  138291607 ps
inst0 ch0:  R_CMD: ACTCMD    R_r0= 0x0a    at time  138292021 ps
inst0 ch0:  R_CMD: ACTCMD    R_f0= 0x1b    at time  138292435 ps
inst0 ch0:  R_CMD: ACTCMD    R_r1= 0x3f    at time  138292849 ps
inst0 ch0:  R_CMD: ACTCMD    R_f1= 0x3b    at time  138293263 ps
inst0 ch0:  C_CMD: RDCMD     C_r = 0x015   at time  138305269 ps
inst0 ch0:  C_CMD: RDCMD     C_f = 0x010   at time  138305683 ps
inst0 ch0:  C_CMD: RDCMD     C_r = 0x015   at time  138306925 ps
inst0 ch0:  C_CMD: RDCMD     C_f = 0x090   at time  138307339 ps
inst0 ch0:  C_CMD: RDCMD     C_r = 0x01d   at time  138308581 ps
inst0 ch0:  C_CMD: RDCMD     C_f = 0x012   at time  138308995 ps
inst0 ch0:  C_CMD: RDCMD     C_r = 0x01d   at time  138310237 ps
inst0 ch0:  C_CMD: RDCMD     C_f = 0x092   at time  138310651 ps
inst0 ch0:  R_CMD: ACTCMD    R_r0= 0x0a    at time  138376477 ps
inst0 ch0:  R_CMD: ACTCMD    R_f0= 0x1b    at time  138376891 ps
inst0 ch0:  R_CMD: ACTCMD    R_r1= 0x3f    at time  138377305 ps
inst0 ch0:  R_CMD: ACTCMD    R_f1= 0x3b    at time  138377719 ps
inst0 ch0:  R_CMD: ACTCMD    R_r0= 0x0a    at time  138378133 ps
inst0 ch0:  R_CMD: ACTCMD    R_f0= 0x13    at time  138378547 ps
inst0 ch0:  R_CMD: ACTCMD    R_r1= 0x3f    at time  138378961 ps
inst0 ch0:  R_CMD: ACTCMD    R_f1= 0x3b    at time  138379375 ps
inst0 ch0:  C_CMD: WRCMD     C_r = 0x011   at time  138387241 ps
inst0 ch0:  C_CMD: WRCMD     C_f = 0x090   at time  138387655 ps
inst0 ch0:  C_CMD: WRCMD     C_r = 0x011   at time  138388897 ps
inst0 ch0:  C_CMD: WRCMD     C_f = 0x010   at time  138389311 ps
inst0 ch0:  C_CMD: WRCMD     C_r = 0x019   at time  138390553 ps
inst0 ch0:  C_CMD: WRCMD     C_f = 0x092   at time  138390967 ps
inst0 ch0:  C_CMD: WRCMD     C_r = 0x019   at time  138392209 ps
inst0 ch0:  C_CMD: WRCMD     C_f = 0x012   at time  138392623 ps
inst0 ch0:  R_CMD: ACTCMD    R_r0= 0x0a    at time  142360813 ps
inst0 ch0:  R_CMD: ACTCMD    R_f0= 0x08    at time  142361227 ps
inst0 ch0:  R_CMD: ACTCMD    R_r1= 0x00    at time  142361641 ps
inst0 ch0:  R_CMD: ACTCMD    R_f1= 0x00    at time  142362055 ps
inst0 ch0:  R_CMD: ACTCMD    R_r0= 0x0a    at time  142363297 ps
inst0 ch0:  R_CMD: ACTCMD    R_f0= 0x00    at time  142363711 ps
inst0 ch0:  R_CMD: ACTCMD    R_r1= 0x00    at time  142364125 ps
inst0 ch0:  R_CMD: ACTCMD    R_f1= 0x00    at time  142364539 ps
inst0 ch0:  C_CMD: RDCMD     C_r = 0x015   at time  142375717 ps
inst0 ch0:  C_CMD: RDCMD     C_f = 0x0a8   at time  142376131 ps
inst0 ch0:  C_CMD: RDCMD     C_r = 0x015   at time  142378201 ps
inst0 ch0:  C_CMD: RDCMD     C_f = 0x028   at time  142378615 ps
inst0 ch0:  C_CMD: RDCMD     C_r = 0x015   at time  142379029 ps
inst0 ch0:  C_CMD: RDCMD     C_f = 0x0aa   at time  142379443 ps
inst0 ch0:  C_CMD: RDCMD     C_r = 0x015   at time  142381513 ps
inst0 ch0:  C_CMD: RDCMD     C_f = 0x02a   at time  142381927 ps
inst0 ch0:  C_CMD: RDCMD     C_r = 0x015   at time  142382341 ps
inst0 ch0:  C_CMD: RDCMD     C_f = 0x0a0   at time  142382755 ps
inst0 ch0:  C_CMD: RDCMD     C_r = 0x015   at time  142384825 ps
inst0 ch0:  C_CMD: RDCMD     C_f = 0x020   at time  142385239 ps
inst0 ch0:  C_CMD: RDCMD     C_r = 0x01d   at time  142385653 ps
inst0 ch0:  C_CMD: RDCMD     C_f = 0x0a2   at time  142386067 ps
inst0 ch0:  C_CMD: RDCMD     C_r = 0x01d   at time  142388137 ps
inst0 ch0:  C_CMD: RDCMD     C_f = 0x022   at time  142388551 ps
inst0 ch0:  R_CMD: ACTCMD    R_r0= 0x0a    at time  142431193 ps
inst0 ch0:  R_CMD: ACTCMD    R_f0= 0x08    at time  142431607 ps
inst0 ch0:  R_CMD: ACTCMD    R_r1= 0x00    at time  142432021 ps
inst0 ch0:  R_CMD: ACTCMD    R_f1= 0x00    at time  142432435 ps
inst0 ch0:  R_CMD: ACTCMD    R_r0= 0x0a    at time  142433677 ps
inst0 ch0:  R_CMD: ACTCMD    R_f0= 0x00    at time  142434091 ps
inst0 ch0:  R_CMD: ACTCMD    R_r1= 0x00    at time  142434505 ps
inst0 ch0:  R_CMD: ACTCMD    R_f1= 0x00    at time  142434919 ps
inst0 ch0:  C_CMD: WRCMD     C_r = 0x011   at time  142441957 ps
inst0 ch0:  C_CMD: WRCMD     C_f = 0x0a8   at time  142442371 ps
inst0 ch0:  C_CMD: WRCMD     C_r = 0x011   at time  142444441 ps
inst0 ch0:  C_CMD: WRCMD     C_f = 0x028   at time  142444855 ps
inst0 ch0:  C_CMD: WRCMD     C_r = 0x011   at time  142445269 ps
inst0 ch0:  C_CMD: WRCMD     C_f = 0x0aa   at time  142445683 ps
inst0 ch0:  C_CMD: WRCMD     C_r = 0x011   at time  142447753 ps
inst0 ch0:  C_CMD: WRCMD     C_f = 0x02a   at time  142448167 ps
inst0 ch0:  C_CMD: WRCMD     C_r = 0x011   at time  142448581 ps
inst0 ch0:  C_CMD: WRCMD     C_f = 0x0a0   at time  142448995 ps
inst0 ch0:  C_CMD: WRCMD     C_r = 0x011   at time  142451065 ps
inst0 ch0:  C_CMD: WRCMD     C_f = 0x020   at time  142451479 ps
inst0 ch0:  C_CMD: WRCMD     C_r = 0x019   at time  142451893 ps
inst0 ch0:  C_CMD: WRCMD     C_f = 0x0a2   at time  142452307 ps
inst0 ch0:  C_CMD: WRCMD     C_r = 0x019   at time  142454377 ps
inst0 ch0:  C_CMD: WRCMD     C_f = 0x022   at time  142454791 ps
inst0 ch0:  R_CMD: ACTCMD    R_r0= 0x02    at time  146177893 ps
inst0 ch0:  R_CMD: ACTCMD    R_f0= 0x18    at time  146178307 ps
inst0 ch0:  R_CMD: ACTCMD    R_r1= 0x3f    at time  146178721 ps
inst0 ch0:  R_CMD: ACTCMD    R_f1= 0x3b    at time  146179135 ps
inst0 ch0:  R_CMD: ACTCMD    R_r0= 0x02    at time  146180377 ps
inst0 ch0:  R_CMD: ACTCMD    R_f0= 0x10    at time  146180791 ps
inst0 ch0:  R_CMD: ACTCMD    R_r1= 0x3f    at time  146181205 ps
inst0 ch0:  R_CMD: ACTCMD    R_f1= 0x3b    at time  146181619 ps
inst0 ch0:  C_CMD: RDCMD     C_r = 0x005   at time  146192797 ps
inst0 ch0:  C_CMD: RDCMD     C_f = 0x0f8   at time  146193211 ps
inst0 ch0:  C_CMD: RDCMD     C_r = 0x005   at time  146195281 ps
inst0 ch0:  C_CMD: RDCMD     C_f = 0x078   at time  146195695 ps
inst0 ch0:  C_CMD: RDCMD     C_r = 0x00d   at time  146196109 ps
inst0 ch0:  C_CMD: RDCMD     C_f = 0x0fa   at time  146196523 ps
inst0 ch0:  C_CMD: RDCMD     C_r = 0x00d   at time  146198593 ps
inst0 ch0:  C_CMD: RDCMD     C_f = 0x07a   at time  146199007 ps
inst0 ch0:  R_CMD: ACTCMD    R_r0= 0x02    at time  146225089 ps
inst0 ch0:  R_CMD: ACTCMD    R_f0= 0x19    at time  146225503 ps
inst0 ch0:  R_CMD: ACTCMD    R_r1= 0x3f    at time  146225917 ps
inst0 ch0:  R_CMD: ACTCMD    R_f1= 0x3b    at time  146226331 ps
inst0 ch0:  R_CMD: ACTCMD    R_r0= 0x02    at time  146227573 ps
inst0 ch0:  R_CMD: ACTCMD    R_f0= 0x11    at time  146227987 ps
inst0 ch0:  R_CMD: ACTCMD    R_r1= 0x3f    at time  146228401 ps
inst0 ch0:  R_CMD: ACTCMD    R_f1= 0x3b    at time  146228815 ps
inst0 ch0:  C_CMD: RDCMD     C_r = 0x005   at time  146239993 ps
inst0 ch0:  C_CMD: RDCMD     C_f = 0x0f8   at time  146240407 ps
inst0 ch0:  C_CMD: RDCMD     C_r = 0x005   at time  146242477 ps
inst0 ch0:  C_CMD: RDCMD     C_f = 0x078   at time  146242891 ps
inst0 ch0:  C_CMD: RDCMD     C_r = 0x00d   at time  146243305 ps
inst0 ch0:  C_CMD: RDCMD     C_f = 0x0fa   at time  146243719 ps
inst0 ch0:  C_CMD: RDCMD     C_r = 0x00d   at time  146245789 ps
inst0 ch0:  C_CMD: RDCMD     C_f = 0x07a   at time  146246203 ps
inst0 ch0:  R_CMD: ACTCMD    R_r0= 0x02    at time  146272285 ps
inst0 ch0:  R_CMD: ACTCMD    R_f0= 0x18    at time  146272699 ps
inst0 ch0:  R_CMD: ACTCMD    R_r1= 0x3f    at time  146273113 ps
inst0 ch0:  R_CMD: ACTCMD    R_f1= 0x3b    at time  146273527 ps
inst0 ch0:  R_CMD: ACTCMD    R_r0= 0x02    at time  146274769 ps
inst0 ch0:  R_CMD: ACTCMD    R_f0= 0x10    at time  146275183 ps
inst0 ch0:  R_CMD: ACTCMD    R_r1= 0x3f    at time  146275597 ps
inst0 ch0:  R_CMD: ACTCMD    R_f1= 0x3b    at time  146276011 ps
inst0 ch0:  C_CMD: WRCMD     C_r = 0x001   at time  146283049 ps
inst0 ch0:  C_CMD: WRCMD     C_f = 0x0f8   at time  146283463 ps
inst0 ch0:  C_CMD: WRCMD     C_r = 0x001   at time  146285533 ps
inst0 ch0:  C_CMD: WRCMD     C_f = 0x078   at time  146285947 ps
inst0 ch0:  C_CMD: WRCMD     C_r = 0x009   at time  146286361 ps
inst0 ch0:  C_CMD: WRCMD     C_f = 0x0fa   at time  146286775 ps
inst0 ch0:  C_CMD: WRCMD     C_r = 0x009   at time  146288845 ps
inst0 ch0:  C_CMD: WRCMD     C_f = 0x07a   at time  146289259 ps
inst0 ch0:  R_CMD: ACTCMD    R_r0= 0x02    at time  146324449 ps
inst0 ch0:  R_CMD: ACTCMD    R_f0= 0x19    at time  146324863 ps
inst0 ch0:  R_CMD: ACTCMD    R_r1= 0x3f    at time  146325277 ps
inst0 ch0:  R_CMD: ACTCMD    R_f1= 0x3b    at time  146325691 ps
inst0 ch0:  R_CMD: ACTCMD    R_r0= 0x02    at time  146326933 ps
inst0 ch0:  R_CMD: ACTCMD    R_f0= 0x11    at time  146327347 ps
inst0 ch0:  R_CMD: ACTCMD    R_r1= 0x3f    at time  146327761 ps
inst0 ch0:  R_CMD: ACTCMD    R_f1= 0x3b    at time  146328175 ps
inst0 ch0:  C_CMD: WRCMD     C_r = 0x001   at time  146335213 ps
inst0 ch0:  C_CMD: WRCMD     C_f = 0x0f8   at time  146335627 ps
inst0 ch0:  C_CMD: WRCMD     C_r = 0x001   at time  146337697 ps
inst0 ch0:  C_CMD: WRCMD     C_f = 0x078   at time  146338111 ps
inst0 ch0:  C_CMD: WRCMD     C_r = 0x009   at time  146338525 ps
inst0 ch0:  C_CMD: WRCMD     C_f = 0x0fa   at time  146338939 ps
inst0 ch0:  C_CMD: WRCMD     C_r = 0x009   at time  146341009 ps
inst0 ch0:  C_CMD: WRCMD     C_f = 0x07a   at time  146341423 ps
inst0 ch0:  R_CMD: ACTCMD    R_r0= 0x0a    at time  146461069 ps
inst0 ch0:  R_CMD: ACTCMD    R_f0= 0x18    at time  146461483 ps
inst0 ch0:  R_CMD: ACTCMD    R_r1= 0x3f    at time  146461897 ps
inst0 ch0:  R_CMD: ACTCMD    R_f1= 0x3b    at time  146462311 ps
inst0 ch0:  R_CMD: ACTCMD    R_r0= 0x0a    at time  146463553 ps
inst0 ch0:  R_CMD: ACTCMD    R_f0= 0x10    at time  146463967 ps
inst0 ch0:  R_CMD: ACTCMD    R_r1= 0x3f    at time  146464381 ps
inst0 ch0:  R_CMD: ACTCMD    R_f1= 0x3b    at time  146464795 ps
inst0 ch0:  C_CMD: RDCMD     C_r = 0x015   at time  146475973 ps
inst0 ch0:  C_CMD: RDCMD     C_f = 0x0f8   at time  146476387 ps
inst0 ch0:  C_CMD: RDCMD     C_r = 0x015   at time  146478457 ps
inst0 ch0:  C_CMD: RDCMD     C_f = 0x078   at time  146478871 ps
inst0 ch0:  C_CMD: RDCMD     C_r = 0x01d   at time  146479285 ps
inst0 ch0:  C_CMD: RDCMD     C_f = 0x0fa   at time  146479699 ps
inst0 ch0:  C_CMD: RDCMD     C_r = 0x01d   at time  146481769 ps
inst0 ch0:  C_CMD: RDCMD     C_f = 0x07a   at time  146482183 ps
inst0 ch0:  R_CMD: ACTCMD    R_r0= 0x0a    at time  146508265 ps
inst0 ch0:  R_CMD: ACTCMD    R_f0= 0x08    at time  146508679 ps
inst0 ch0:  R_CMD: ACTCMD    R_r1= 0x00    at time  146509093 ps
inst0 ch0:  R_CMD: ACTCMD    R_f1= 0x00    at time  146509507 ps
inst0 ch0:  R_CMD: ACTCMD    R_r0= 0x0a    at time  146510749 ps
inst0 ch0:  R_CMD: ACTCMD    R_f0= 0x00    at time  146511163 ps
inst0 ch0:  R_CMD: ACTCMD    R_r1= 0x00    at time  146511577 ps
inst0 ch0:  R_CMD: ACTCMD    R_f1= 0x00    at time  146511991 ps
inst0 ch0:  C_CMD: RDCMD     C_r = 0x015   at time  146523169 ps
inst0 ch0:  C_CMD: RDCMD     C_f = 0x0b8   at time  146523583 ps
inst0 ch0:  C_CMD: RDCMD     C_r = 0x015   at time  146525653 ps
inst0 ch0:  C_CMD: RDCMD     C_f = 0x038   at time  146526067 ps
inst0 ch0:  C_CMD: RDCMD     C_r = 0x015   at time  146526481 ps
inst0 ch0:  C_CMD: RDCMD     C_f = 0x0ba   at time  146526895 ps
inst0 ch0:  C_CMD: RDCMD     C_r = 0x015   at time  146528965 ps
inst0 ch0:  C_CMD: RDCMD     C_f = 0x03a   at time  146529379 ps
inst0 ch0:  C_CMD: RDCMD     C_r = 0x015   at time  146529793 ps
inst0 ch0:  C_CMD: RDCMD     C_f = 0x0b0   at time  146530207 ps
inst0 ch0:  C_CMD: RDCMD     C_r = 0x015   at time  146532277 ps
inst0 ch0:  C_CMD: RDCMD     C_f = 0x030   at time  146532691 ps
inst0 ch0:  C_CMD: RDCMD     C_r = 0x01d   at time  146533105 ps
inst0 ch0:  C_CMD: RDCMD     C_f = 0x0b2   at time  146533519 ps
inst0 ch0:  C_CMD: RDCMD     C_r = 0x01d   at time  146535589 ps
inst0 ch0:  C_CMD: RDCMD     C_f = 0x032   at time  146536003 ps
inst0 ch0:  R_CMD: ACTCMD    R_r0= 0x0a    at time  146555461 ps
inst0 ch0:  R_CMD: ACTCMD    R_f0= 0x19    at time  146555875 ps
inst0 ch0:  R_CMD: ACTCMD    R_r1= 0x3f    at time  146556289 ps
inst0 ch0:  R_CMD: ACTCMD    R_f1= 0x3b    at time  146556703 ps
inst0 ch0:  R_CMD: ACTCMD    R_r0= 0x0a    at time  146557945 ps
inst0 ch0:  R_CMD: ACTCMD    R_f0= 0x11    at time  146558359 ps
inst0 ch0:  R_CMD: ACTCMD    R_r1= 0x3f    at time  146558773 ps
inst0 ch0:  R_CMD: ACTCMD    R_f1= 0x3b    at time  146559187 ps
inst0 ch0:  C_CMD: RDCMD     C_r = 0x015   at time  146570365 ps
inst0 ch0:  C_CMD: RDCMD     C_f = 0x0f8   at time  146570779 ps
inst0 ch0:  C_CMD: RDCMD     C_r = 0x015   at time  146572849 ps
inst0 ch0:  C_CMD: RDCMD     C_f = 0x078   at time  146573263 ps
inst0 ch0:  C_CMD: RDCMD     C_r = 0x01d   at time  146573677 ps
inst0 ch0:  C_CMD: RDCMD     C_f = 0x0fa   at time  146574091 ps
inst0 ch0:  C_CMD: RDCMD     C_r = 0x01d   at time  146576161 ps
inst0 ch0:  C_CMD: RDCMD     C_f = 0x07a   at time  146576575 ps
inst0 ch0:  R_CMD: ACTCMD    R_r0= 0x0a    at time  146602657 ps
inst0 ch0:  R_CMD: ACTCMD    R_f0= 0x18    at time  146603071 ps
inst0 ch0:  R_CMD: ACTCMD    R_r1= 0x3f    at time  146603485 ps
inst0 ch0:  R_CMD: ACTCMD    R_f1= 0x3b    at time  146603899 ps
inst0 ch0:  R_CMD: ACTCMD    R_r0= 0x0a    at time  146605141 ps
inst0 ch0:  R_CMD: ACTCMD    R_f0= 0x10    at time  146605555 ps
inst0 ch0:  R_CMD: ACTCMD    R_r1= 0x3f    at time  146605969 ps
inst0 ch0:  R_CMD: ACTCMD    R_f1= 0x3b    at time  146606383 ps
inst0 ch0:  C_CMD: WRCMD     C_r = 0x011   at time  146613421 ps
inst0 ch0:  C_CMD: WRCMD     C_f = 0x0f8   at time  146613835 ps
inst0 ch0:  C_CMD: WRCMD     C_r = 0x011   at time  146615905 ps
inst0 ch0:  C_CMD: WRCMD     C_f = 0x078   at time  146616319 ps
inst0 ch0:  C_CMD: WRCMD     C_r = 0x019   at time  146616733 ps
inst0 ch0:  C_CMD: WRCMD     C_f = 0x0fa   at time  146617147 ps
inst0 ch0:  C_CMD: WRCMD     C_r = 0x019   at time  146619217 ps
inst0 ch0:  C_CMD: WRCMD     C_f = 0x07a   at time  146619631 ps
inst0 ch0:  R_CMD: ACTCMD    R_r0= 0x0a    at time  146654821 ps
inst0 ch0:  R_CMD: ACTCMD    R_f0= 0x08    at time  146655235 ps
inst0 ch0:  R_CMD: ACTCMD    R_r1= 0x00    at time  146655649 ps
inst0 ch0:  R_CMD: ACTCMD    R_f1= 0x00    at time  146656063 ps
inst0 ch0:  R_CMD: ACTCMD    R_r0= 0x0a    at time  146657305 ps
inst0 ch0:  R_CMD: ACTCMD    R_f0= 0x00    at time  146657719 ps
inst0 ch0:  R_CMD: ACTCMD    R_r1= 0x00    at time  146658133 ps
inst0 ch0:  R_CMD: ACTCMD    R_f1= 0x00    at time  146658547 ps
inst0 ch0:  C_CMD: WRCMD     C_r = 0x011   at time  146665585 ps
inst0 ch0:  C_CMD: WRCMD     C_f = 0x0b8   at time  146665999 ps
inst0 ch0:  C_CMD: WRCMD     C_r = 0x011   at time  146668069 ps
inst0 ch0:  C_CMD: WRCMD     C_f = 0x038   at time  146668483 ps
inst0 ch0:  C_CMD: WRCMD     C_r = 0x011   at time  146668897 ps
inst0 ch0:  C_CMD: WRCMD     C_f = 0x0ba   at time  146669311 ps
inst0 ch0:  C_CMD: WRCMD     C_r = 0x011   at time  146671381 ps
inst0 ch0:  C_CMD: WRCMD     C_f = 0x03a   at time  146671795 ps
inst0 ch0:  C_CMD: WRCMD     C_r = 0x011   at time  146672209 ps
inst0 ch0:  C_CMD: WRCMD     C_f = 0x0b0   at time  146672623 ps
inst0 ch0:  C_CMD: WRCMD     C_r = 0x011   at time  146674693 ps
inst0 ch0:  C_CMD: WRCMD     C_f = 0x030   at time  146675107 ps
inst0 ch0:  C_CMD: WRCMD     C_r = 0x019   at time  146675521 ps
inst0 ch0:  C_CMD: WRCMD     C_f = 0x0b2   at time  146675935 ps
inst0 ch0:  C_CMD: WRCMD     C_r = 0x019   at time  146678005 ps
inst0 ch0:  C_CMD: WRCMD     C_f = 0x032   at time  146678419 ps
inst0 ch0:  R_CMD: ACTCMD    R_r0= 0x0a    at time  146713609 ps
inst0 ch0:  R_CMD: ACTCMD    R_f0= 0x19    at time  146714023 ps
inst0 ch0:  R_CMD: ACTCMD    R_r1= 0x3f    at time  146714437 ps
inst0 ch0:  R_CMD: ACTCMD    R_f1= 0x3b    at time  146714851 ps
inst0 ch0:  R_CMD: ACTCMD    R_r0= 0x0a    at time  146716093 ps
inst0 ch0:  R_CMD: ACTCMD    R_f0= 0x11    at time  146716507 ps
inst0 ch0:  R_CMD: ACTCMD    R_r1= 0x3f    at time  146716921 ps
inst0 ch0:  R_CMD: ACTCMD    R_f1= 0x3b    at time  146717335 ps
inst0 ch0:  C_CMD: WRCMD     C_r = 0x011   at time  146724373 ps
inst0 ch0:  C_CMD: WRCMD     C_f = 0x0f8   at time  146724787 ps
inst0 ch0:  C_CMD: WRCMD     C_r = 0x011   at time  146726857 ps
inst0 ch0:  C_CMD: WRCMD     C_f = 0x078   at time  146727271 ps
inst0 ch0:  C_CMD: WRCMD     C_r = 0x019   at time  146727685 ps
inst0 ch0:  C_CMD: WRCMD     C_f = 0x0fa   at time  146728099 ps
inst0 ch0:  C_CMD: WRCMD     C_r = 0x019   at time  146730169 ps
inst0 ch0:  C_CMD: WRCMD     C_f = 0x07a   at time  146730583 ps
inst0 ch0:  R_CMD: ACTCMD    R_r0= 0x02    at time  147195505 ps
inst0 ch0:  R_CMD: ACTCMD    R_f0= 0x38    at time  147195919 ps
inst0 ch0:  R_CMD: ACTCMD    R_r1= 0x3f    at time  147196333 ps
inst0 ch0:  R_CMD: ACTCMD    R_f1= 0x3b    at time  147196747 ps
inst0 ch0:  R_CMD: ACTCMD    R_r0= 0x02    at time  147197989 ps
inst0 ch0:  R_CMD: ACTCMD    R_f0= 0x30    at time  147198403 ps
inst0 ch0:  R_CMD: ACTCMD    R_r1= 0x3f    at time  147198817 ps
inst0 ch0:  R_CMD: ACTCMD    R_f1= 0x3b    at time  147199231 ps
inst0 ch0:  C_CMD: RDCMD     C_r = 0x085   at time  147210409 ps
inst0 ch0:  C_CMD: RDCMD     C_f = 0x0f8   at time  147210823 ps
inst0 ch0:  C_CMD: RDCMD     C_r = 0x085   at time  147212893 ps
inst0 ch0:  C_CMD: RDCMD     C_f = 0x078   at time  147213307 ps
inst0 ch0:  C_CMD: RDCMD     C_r = 0x08d   at time  147213721 ps
inst0 ch0:  C_CMD: RDCMD     C_f = 0x0fa   at time  147214135 ps
inst0 ch0:  C_CMD: RDCMD     C_r = 0x08d   at time  147216205 ps
inst0 ch0:  C_CMD: RDCMD     C_f = 0x07a   at time  147216619 ps
inst0 ch0:  R_CMD: ACTCMD    R_r0= 0x02    at time  147265885 ps
inst0 ch0:  R_CMD: ACTCMD    R_f0= 0x38    at time  147266299 ps
inst0 ch0:  R_CMD: ACTCMD    R_r1= 0x3f    at time  147266713 ps
inst0 ch0:  R_CMD: ACTCMD    R_f1= 0x3b    at time  147267127 ps
inst0 ch0:  R_CMD: ACTCMD    R_r0= 0x02    at time  147268369 ps
inst0 ch0:  R_CMD: ACTCMD    R_f0= 0x30    at time  147268783 ps
inst0 ch0:  R_CMD: ACTCMD    R_r1= 0x3f    at time  147269197 ps
inst0 ch0:  R_CMD: ACTCMD    R_f1= 0x3b    at time  147269611 ps
inst0 ch0:  C_CMD: WRCMD     C_r = 0x081   at time  147276649 ps
inst0 ch0:  C_CMD: WRCMD     C_f = 0x0f8   at time  147277063 ps
inst0 ch0:  C_CMD: WRCMD     C_r = 0x081   at time  147279133 ps
inst0 ch0:  C_CMD: WRCMD     C_f = 0x078   at time  147279547 ps
inst0 ch0:  C_CMD: WRCMD     C_r = 0x089   at time  147279961 ps
inst0 ch0:  C_CMD: WRCMD     C_f = 0x0fa   at time  147280375 ps
inst0 ch0:  C_CMD: WRCMD     C_r = 0x089   at time  147282445 ps
inst0 ch0:  C_CMD: WRCMD     C_f = 0x07a   at time  147282859 ps
inst0 ch0:  R_CMD: ACTCMD    R_r0= 0x0a    at time  147450529 ps
inst0 ch0:  R_CMD: ACTCMD    R_f0= 0x38    at time  147450943 ps
inst0 ch0:  R_CMD: ACTCMD    R_r1= 0x3f    at time  147451357 ps
inst0 ch0:  R_CMD: ACTCMD    R_f1= 0x3b    at time  147451771 ps
inst0 ch0:  R_CMD: ACTCMD    R_r0= 0x0a    at time  147453013 ps
inst0 ch0:  R_CMD: ACTCMD    R_f0= 0x30    at time  147453427 ps
inst0 ch0:  R_CMD: ACTCMD    R_r1= 0x3f    at time  147453841 ps
inst0 ch0:  R_CMD: ACTCMD    R_f1= 0x3b    at time  147454255 ps
inst0 ch0:  C_CMD: RDCMD     C_r = 0x095   at time  147465433 ps
inst0 ch0:  C_CMD: RDCMD     C_f = 0x0f8   at time  147465847 ps
inst0 ch0:  C_CMD: RDCMD     C_r = 0x095   at time  147467917 ps
inst0 ch0:  C_CMD: RDCMD     C_f = 0x078   at time  147468331 ps
inst0 ch0:  C_CMD: RDCMD     C_r = 0x09d   at time  147468745 ps
inst0 ch0:  C_CMD: RDCMD     C_f = 0x0fa   at time  147469159 ps
inst0 ch0:  C_CMD: RDCMD     C_r = 0x09d   at time  147471229 ps
inst0 ch0:  C_CMD: RDCMD     C_f = 0x07a   at time  147471643 ps
inst0 ch0:  R_CMD: ACTCMD    R_r0= 0x0a    at time  147756889 ps
inst0 ch0:  R_CMD: ACTCMD    R_f0= 0x38    at time  147757303 ps
inst0 ch0:  R_CMD: ACTCMD    R_r1= 0x3f    at time  147757717 ps
inst0 ch0:  R_CMD: ACTCMD    R_f1= 0x3b    at time  147758131 ps
inst0 ch0:  R_CMD: ACTCMD    R_r0= 0x0a    at time  147759373 ps
inst0 ch0:  R_CMD: ACTCMD    R_f0= 0x30    at time  147759787 ps
inst0 ch0:  R_CMD: ACTCMD    R_r1= 0x3f    at time  147760201 ps
inst0 ch0:  R_CMD: ACTCMD    R_f1= 0x3b    at time  147760615 ps
inst0 ch0:  C_CMD: WRCMD     C_r = 0x091   at time  147767653 ps
inst0 ch0:  C_CMD: WRCMD     C_f = 0x0f8   at time  147768067 ps
inst0 ch0:  C_CMD: WRCMD     C_r = 0x091   at time  147770137 ps
inst0 ch0:  C_CMD: WRCMD     C_f = 0x078   at time  147770551 ps
inst0 ch0:  C_CMD: WRCMD     C_r = 0x099   at time  147770965 ps
inst0 ch0:  C_CMD: WRCMD     C_f = 0x0fa   at time  147771379 ps
inst0 ch0:  C_CMD: WRCMD     C_r = 0x099   at time  147773449 ps
inst0 ch0:  C_CMD: WRCMD     C_f = 0x07a   at time  147773863 ps
