inst0 ch0:  R_CMD: ACTCMD    R_r0= 0x0e    at time   33400981 ps
inst0 ch0:  R_CMD: ACTCMD    R_f0= 0x28    at time   33401395 ps
inst0 ch0:  R_CMD: ACTCMD    R_r1= 0x00    at time   33401809 ps
inst0 ch0:  R_CMD: ACTCMD    R_f1= 0x02    at time   33402223 ps
inst0 ch0:  R_CMD: ACTCMD    R_r0= 0x0e    at time   33402637 ps
inst0 ch0:  R_CMD: ACTCMD    R_f0= 0x20    at time   33403051 ps
inst0 ch0:  R_CMD: ACTCMD    R_r1= 0x00    at time   33403465 ps
inst0 ch0:  R_CMD: ACTCMD    R_f1= 0x02    at time   33403879 ps
inst0 ch0:  C_CMD: RDCMD     C_r = 0x095   at time   33415885 ps
inst0 ch0:  C_CMD: RDCMD     C_f = 0x0a9   at time   33416299 ps
inst0 ch0:  C_CMD: RDCMD     C_r = 0x095   at time   33417541 ps
inst0 ch0:  C_CMD: RDCMD     C_f = 0x029   at time   33417955 ps
inst0 ch0:  C_CMD: RDCMD     C_r = 0x095   at time   33419197 ps
inst0 ch0:  C_CMD: RDCMD     C_f = 0x0ab   at time   33419611 ps
inst0 ch0:  C_CMD: RDCMD     C_r = 0x095   at time   33420853 ps
inst0 ch0:  C_CMD: RDCMD     C_f = 0x02b   at time   33421267 ps
inst0 ch0:  C_CMD: RDCMD     C_r = 0x095   at time   33422509 ps
inst0 ch0:  C_CMD: RDCMD     C_f = 0x0a1   at time   33422923 ps
inst0 ch0:  C_CMD: RDCMD     C_r = 0x095   at time   33424165 ps
inst0 ch0:  C_CMD: RDCMD     C_f = 0x021   at time   33424579 ps
inst0 ch0:  C_CMD: RDCMD     C_r = 0x09d   at time   33425821 ps
inst0 ch0:  C_CMD: RDCMD     C_f = 0x0a3   at time   33426235 ps
inst0 ch0:  C_CMD: RDCMD     C_r = 0x09d   at time   33427477 ps
inst0 ch0:  C_CMD: RDCMD     C_f = 0x023   at time   33427891 ps
inst0 ch0:  R_CMD: ACTCMD    R_r0= 0x0e    at time   33471361 ps
inst0 ch0:  R_CMD: ACTCMD    R_f0= 0x28    at time   33471775 ps
inst0 ch0:  R_CMD: ACTCMD    R_r1= 0x00    at time   33472189 ps
inst0 ch0:  R_CMD: ACTCMD    R_f1= 0x02    at time   33472603 ps
inst0 ch0:  R_CMD: ACTCMD    R_r0= 0x0e    at time   33473845 ps
inst0 ch0:  R_CMD: ACTCMD    R_f0= 0x20    at time   33474259 ps
inst0 ch0:  R_CMD: ACTCMD    R_r1= 0x00    at time   33474673 ps
inst0 ch0:  R_CMD: ACTCMD    R_f1= 0x02    at time   33475087 ps
inst0 ch0:  C_CMD: WRCMD     C_r = 0x091   at time   33482125 ps
inst0 ch0:  C_CMD: WRCMD     C_f = 0x0a9   at time   33482539 ps
inst0 ch0:  C_CMD: WRCMD     C_r = 0x091   at time   33484609 ps
inst0 ch0:  C_CMD: WRCMD     C_f = 0x029   at time   33485023 ps
inst0 ch0:  C_CMD: WRCMD     C_r = 0x091   at time   33485437 ps
inst0 ch0:  C_CMD: WRCMD     C_f = 0x0ab   at time   33485851 ps
inst0 ch0:  C_CMD: WRCMD     C_r = 0x091   at time   33487921 ps
inst0 ch0:  C_CMD: WRCMD     C_f = 0x02b   at time   33488335 ps
inst0 ch0:  C_CMD: WRCMD     C_r = 0x091   at time   33488749 ps
inst0 ch0:  C_CMD: WRCMD     C_f = 0x0a1   at time   33489163 ps
inst0 ch0:  C_CMD: WRCMD     C_r = 0x091   at time   33491233 ps
inst0 ch0:  C_CMD: WRCMD     C_f = 0x021   at time   33491647 ps
inst0 ch0:  C_CMD: WRCMD     C_r = 0x099   at time   33492061 ps
inst0 ch0:  C_CMD: WRCMD     C_f = 0x0a3   at time   33492475 ps
inst0 ch0:  C_CMD: WRCMD     C_r = 0x099   at time   33494545 ps
inst0 ch0:  C_CMD: WRCMD     C_f = 0x023   at time   33494959 ps
inst0 ch0:  R_CMD: ACTCMD    R_r0= 0x2e    at time   54518293 ps
inst0 ch0:  R_CMD: ACTCMD    R_f0= 0x28    at time   54518707 ps
inst0 ch0:  R_CMD: ACTCMD    R_r1= 0x00    at time   54519121 ps
inst0 ch0:  R_CMD: ACTCMD    R_f1= 0x02    at time   54519535 ps
inst0 ch0:  R_CMD: ACTCMD    R_r0= 0x2e    at time   54520777 ps
inst0 ch0:  R_CMD: ACTCMD    R_f0= 0x20    at time   54521191 ps
inst0 ch0:  R_CMD: ACTCMD    R_r1= 0x00    at time   54521605 ps
inst0 ch0:  R_CMD: ACTCMD    R_f1= 0x02    at time   54522019 ps
inst0 ch0:  C_CMD: RDCMD     C_r = 0x0d5   at time   54533197 ps
inst0 ch0:  C_CMD: RDCMD     C_f = 0x0a9   at time   54533611 ps
inst0 ch0:  C_CMD: RDCMD     C_r = 0x0d5   at time   54535681 ps
inst0 ch0:  C_CMD: RDCMD     C_f = 0x029   at time   54536095 ps
inst0 ch0:  C_CMD: RDCMD     C_r = 0x0d5   at time   54536509 ps
inst0 ch0:  C_CMD: RDCMD     C_f = 0x0ab   at time   54536923 ps
inst0 ch0:  C_CMD: RDCMD     C_r = 0x0d5   at time   54538993 ps
inst0 ch0:  C_CMD: RDCMD     C_f = 0x02b   at time   54539407 ps
inst0 ch0:  C_CMD: RDCMD     C_r = 0x0d5   at time   54539821 ps
inst0 ch0:  C_CMD: RDCMD     C_f = 0x0a1   at time   54540235 ps
inst0 ch0:  C_CMD: RDCMD     C_r = 0x0d5   at time   54542305 ps
inst0 ch0:  C_CMD: RDCMD     C_f = 0x021   at time   54542719 ps
inst0 ch0:  C_CMD: RDCMD     C_r = 0x0dd   at time   54543133 ps
inst0 ch0:  C_CMD: RDCMD     C_f = 0x0a3   at time   54543547 ps
inst0 ch0:  C_CMD: RDCMD     C_r = 0x0dd   at time   54545617 ps
inst0 ch0:  C_CMD: RDCMD     C_f = 0x023   at time   54546031 ps
inst0 ch0:  R_CMD: ACTCMD    R_r0= 0x2e    at time   54695485 ps
inst0 ch0:  R_CMD: ACTCMD    R_f0= 0x28    at time   54695899 ps
inst0 ch0:  R_CMD: ACTCMD    R_r1= 0x00    at time   54696313 ps
inst0 ch0:  R_CMD: ACTCMD    R_f1= 0x02    at time   54696727 ps
inst0 ch0:  R_CMD: ACTCMD    R_r0= 0x2e    at time   54697141 ps
inst0 ch0:  R_CMD: ACTCMD    R_f0= 0x20    at time   54697555 ps
inst0 ch0:  R_CMD: ACTCMD    R_r1= 0x00    at time   54697969 ps
inst0 ch0:  R_CMD: ACTCMD    R_f1= 0x02    at time   54698383 ps
inst0 ch0:  C_CMD: WRCMD     C_r = 0x0d1   at time   54706249 ps
inst0 ch0:  C_CMD: WRCMD     C_f = 0x0a9   at time   54706663 ps
inst0 ch0:  C_CMD: WRCMD     C_r = 0x0d1   at time   54707905 ps
inst0 ch0:  C_CMD: WRCMD     C_f = 0x029   at time   54708319 ps
inst0 ch0:  C_CMD: WRCMD     C_r = 0x0d1   at time   54709561 ps
inst0 ch0:  C_CMD: WRCMD     C_f = 0x0ab   at time   54709975 ps
inst0 ch0:  C_CMD: WRCMD     C_r = 0x0d1   at time   54711217 ps
inst0 ch0:  C_CMD: WRCMD     C_f = 0x02b   at time   54711631 ps
inst0 ch0:  C_CMD: WRCMD     C_r = 0x0d1   at time   54712873 ps
inst0 ch0:  C_CMD: WRCMD     C_f = 0x0a1   at time   54713287 ps
inst0 ch0:  C_CMD: WRCMD     C_r = 0x0d1   at time   54714529 ps
inst0 ch0:  C_CMD: WRCMD     C_f = 0x021   at time   54714943 ps
inst0 ch0:  C_CMD: WRCMD     C_r = 0x0d9   at time   54716185 ps
inst0 ch0:  C_CMD: WRCMD     C_f = 0x0a3   at time   54716599 ps
inst0 ch0:  C_CMD: WRCMD     C_r = 0x0d9   at time   54717841 ps
inst0 ch0:  C_CMD: WRCMD     C_f = 0x023   at time   54718255 ps
inst0 ch0:  R_CMD: ACTCMD    R_r0= 0x22    at time  124827085 ps
inst0 ch0:  R_CMD: ACTCMD    R_f0= 0x2a    at time  124827499 ps
inst0 ch0:  R_CMD: ACTCMD    R_r1= 0x00    at time  124827913 ps
inst0 ch0:  R_CMD: ACTCMD    R_f1= 0x00    at time  124828327 ps
inst0 ch0:  R_CMD: ACTCMD    R_r0= 0x02    at time  124831225 ps
inst0 ch0:  R_CMD: ACTCMD    R_f0= 0x2a    at time  124831639 ps
inst0 ch0:  R_CMD: ACTCMD    R_r1= 0x00    at time  124832053 ps
inst0 ch0:  R_CMD: ACTCMD    R_f1= 0x00    at time  124832467 ps
inst0 ch0:  R_CMD: ACTCMD    R_r0= 0x22    at time  124832881 ps
inst0 ch0:  R_CMD: ACTCMD    R_f0= 0x22    at time  124833295 ps
inst0 ch0:  R_CMD: ACTCMD    R_r1= 0x00    at time  124833709 ps
inst0 ch0:  R_CMD: ACTCMD    R_f1= 0x00    at time  124834123 ps
inst0 ch0:  R_CMD: ACTCMD    R_r0= 0x22    at time  124835365 ps
inst0 ch0:  R_CMD: ACTCMD    R_f0= 0x0a    at time  124835779 ps
inst0 ch0:  R_CMD: ACTCMD    R_r1= 0x00    at time  124836193 ps
inst0 ch0:  R_CMD: ACTCMD    R_f1= 0x00    at time  124836607 ps
inst0 ch0:  R_CMD: ACTCMD    R_r0= 0x02    at time  124837021 ps
inst0 ch0:  R_CMD: ACTCMD    R_f0= 0x22    at time  124837435 ps
inst0 ch0:  R_CMD: ACTCMD    R_r1= 0x00    at time  124837849 ps
inst0 ch0:  R_CMD: ACTCMD    R_f1= 0x00    at time  124838263 ps
inst0 ch0:  R_CMD: ACTCMD    R_r0= 0x02    at time  124839505 ps
inst0 ch0:  R_CMD: ACTCMD    R_f0= 0x0a    at time  124839919 ps
inst0 ch0:  R_CMD: ACTCMD    R_r1= 0x00    at time  124840333 ps
inst0 ch0:  R_CMD: ACTCMD    R_f1= 0x00    at time  124840747 ps
inst0 ch0:  R_CMD: ACTCMD    R_r0= 0x22    at time  124841161 ps
inst0 ch0:  R_CMD: ACTCMD    R_f0= 0x02    at time  124841575 ps
inst0 ch0:  R_CMD: ACTCMD    R_r1= 0x00    at time  124841989 ps
inst0 ch0:  C_CMD: RDCMD     C_r = 0x0c5   at time  124841989 ps
inst0 ch0:  R_CMD: ACTCMD    R_f1= 0x00    at time  124842403 ps
inst0 ch0:  C_CMD: RDCMD     C_f = 0x080   at time  124842403 ps
inst0 ch0:  R_CMD: ACTCMD    R_r0= 0x02    at time  124845301 ps
inst0 ch0:  C_CMD: RDCMD     C_r = 0x0cd   at time  124845301 ps
inst0 ch0:  R_CMD: ACTCMD    R_f0= 0x02    at time  124845715 ps
inst0 ch0:  C_CMD: RDCMD     C_f = 0x082   at time  124845715 ps
inst0 ch0:  R_CMD: ACTCMD    R_r1= 0x00    at time  124846129 ps
inst0 ch0:  R_CMD: ACTCMD    R_f1= 0x00    at time  124846543 ps
inst0 ch0:  C_CMD: RDCMD     C_r = 0x085   at time  124846957 ps
inst0 ch0:  C_CMD: RDCMD     C_f = 0x080   at time  124847371 ps
inst0 ch0:  C_CMD: RDCMD     C_r = 0x0c5   at time  124847785 ps
inst0 ch0:  C_CMD: RDCMD     C_f = 0x000   at time  124848199 ps
inst0 ch0:  C_CMD: RDCMD     C_r = 0x08d   at time  124850269 ps
inst0 ch0:  C_CMD: RDCMD     C_f = 0x082   at time  124850683 ps
inst0 ch0:  C_CMD: RDCMD     C_r = 0x0cd   at time  124851097 ps
inst0 ch0:  C_CMD: RDCMD     C_f = 0x002   at time  124851511 ps
inst0 ch0:  C_CMD: RDCMD     C_r = 0x045   at time  124851925 ps
inst0 ch0:  C_CMD: RDCMD     C_f = 0x080   at time  124852339 ps
inst0 ch0:  C_CMD: RDCMD     C_r = 0x085   at time  124852753 ps
inst0 ch0:  C_CMD: RDCMD     C_f = 0x000   at time  124853167 ps
inst0 ch0:  C_CMD: RDCMD     C_r = 0x005   at time  124854409 ps
inst0 ch0:  C_CMD: RDCMD     C_f = 0x080   at time  124854823 ps
inst0 ch0:  C_CMD: RDCMD     C_r = 0x04d   at time  124856065 ps
inst0 ch0:  C_CMD: RDCMD     C_f = 0x082   at time  124856479 ps
inst0 ch0:  C_CMD: RDCMD     C_r = 0x08d   at time  124856893 ps
inst0 ch0:  C_CMD: RDCMD     C_f = 0x002   at time  124857307 ps
inst0 ch0:  C_CMD: RDCMD     C_r = 0x00d   at time  124857721 ps
inst0 ch0:  C_CMD: RDCMD     C_f = 0x082   at time  124858135 ps
inst0 ch0:  C_CMD: RDCMD     C_r = 0x045   at time  124858549 ps
inst0 ch0:  C_CMD: RDCMD     C_f = 0x000   at time  124858963 ps
inst0 ch0:  C_CMD: RDCMD     C_r = 0x005   at time  124860205 ps
inst0 ch0:  C_CMD: RDCMD     C_f = 0x000   at time  124860619 ps
inst0 ch0:  C_CMD: RDCMD     C_r = 0x04d   at time  124861861 ps
inst0 ch0:  C_CMD: RDCMD     C_f = 0x002   at time  124862275 ps
inst0 ch0:  C_CMD: RDCMD     C_r = 0x00d   at time  124863517 ps
inst0 ch0:  C_CMD: RDCMD     C_f = 0x002   at time  124863931 ps
inst0 ch0:  R_CMD: ACTCMD    R_r0= 0x2a    at time  125240257 ps
inst0 ch0:  R_CMD: ACTCMD    R_f0= 0x2a    at time  125240671 ps
inst0 ch0:  R_CMD: ACTCMD    R_r1= 0x00    at time  125241085 ps
inst0 ch0:  R_CMD: ACTCMD    R_f1= 0x00    at time  125241499 ps
inst0 ch0:  C_CMD: RDCMD     C_r = 0x0d5   at time  125255161 ps
inst0 ch0:  C_CMD: RDCMD     C_f = 0x080   at time  125255575 ps
inst0 ch0:  C_CMD: RDCMD     C_r = 0x0dd   at time  125258473 ps
inst0 ch0:  C_CMD: RDCMD     C_f = 0x082   at time  125258887 ps
inst0 ch0:  R_CMD: ACTCMD    R_r0= 0x0a    at time  125329681 ps
inst0 ch0:  R_CMD: ACTCMD    R_f0= 0x2a    at time  125330095 ps
inst0 ch0:  R_CMD: ACTCMD    R_r1= 0x00    at time  125330509 ps
inst0 ch0:  R_CMD: ACTCMD    R_f1= 0x00    at time  125330923 ps
inst0 ch0:  R_CMD: ACTCMD    R_r0= 0x2a    at time  125331337 ps
inst0 ch0:  R_CMD: ACTCMD    R_f0= 0x22    at time  125331751 ps
inst0 ch0:  R_CMD: ACTCMD    R_r1= 0x00    at time  125332165 ps
inst0 ch0:  R_CMD: ACTCMD    R_f1= 0x00    at time  125332579 ps
inst0 ch0:  R_CMD: ACTCMD    R_r0= 0x2a    at time  125333821 ps
inst0 ch0:  R_CMD: ACTCMD    R_f0= 0x0a    at time  125334235 ps
inst0 ch0:  R_CMD: ACTCMD    R_r1= 0x00    at time  125334649 ps
inst0 ch0:  R_CMD: ACTCMD    R_f1= 0x00    at time  125335063 ps
inst0 ch0:  R_CMD: ACTCMD    R_r0= 0x0a    at time  125335477 ps
inst0 ch0:  R_CMD: ACTCMD    R_f0= 0x22    at time  125335891 ps
inst0 ch0:  R_CMD: ACTCMD    R_r1= 0x00    at time  125336305 ps
inst0 ch0:  R_CMD: ACTCMD    R_f1= 0x00    at time  125336719 ps
inst0 ch0:  R_CMD: ACTCMD    R_r0= 0x0a    at time  125337961 ps
inst0 ch0:  R_CMD: ACTCMD    R_f0= 0x0a    at time  125338375 ps
inst0 ch0:  R_CMD: ACTCMD    R_r1= 0x00    at time  125338789 ps
inst0 ch0:  R_CMD: ACTCMD    R_f1= 0x00    at time  125339203 ps
inst0 ch0:  R_CMD: ACTCMD    R_r0= 0x2a    at time  125339617 ps
inst0 ch0:  R_CMD: ACTCMD    R_f0= 0x02    at time  125340031 ps
inst0 ch0:  R_CMD: ACTCMD    R_r1= 0x00    at time  125340445 ps
inst0 ch0:  R_CMD: ACTCMD    R_f1= 0x00    at time  125340859 ps
inst0 ch0:  R_CMD: ACTCMD    R_r0= 0x0a    at time  125343757 ps
inst0 ch0:  R_CMD: ACTCMD    R_f0= 0x02    at time  125344171 ps
inst0 ch0:  R_CMD: ACTCMD    R_r1= 0x00    at time  125344585 ps
inst0 ch0:  C_CMD: RDCMD     C_r = 0x095   at time  125344585 ps
inst0 ch0:  R_CMD: ACTCMD    R_f1= 0x00    at time  125344999 ps
inst0 ch0:  C_CMD: RDCMD     C_f = 0x080   at time  125344999 ps
inst0 ch0:  C_CMD: RDCMD     C_r = 0x0d5   at time  125346241 ps
inst0 ch0:  C_CMD: RDCMD     C_f = 0x000   at time  125346655 ps
inst0 ch0:  C_CMD: RDCMD     C_r = 0x09d   at time  125347897 ps
inst0 ch0:  C_CMD: RDCMD     C_f = 0x082   at time  125348311 ps
inst0 ch0:  C_CMD: RDCMD     C_r = 0x0dd   at time  125349553 ps
inst0 ch0:  C_CMD: RDCMD     C_f = 0x002   at time  125349967 ps
inst0 ch0:  C_CMD: RDCMD     C_r = 0x055   at time  125350381 ps
inst0 ch0:  C_CMD: RDCMD     C_f = 0x080   at time  125350795 ps
inst0 ch0:  C_CMD: RDCMD     C_r = 0x095   at time  125351209 ps
inst0 ch0:  C_CMD: RDCMD     C_f = 0x000   at time  125351623 ps
inst0 ch0:  C_CMD: RDCMD     C_r = 0x015   at time  125352865 ps
inst0 ch0:  C_CMD: RDCMD     C_f = 0x080   at time  125353279 ps
inst0 ch0:  C_CMD: RDCMD     C_r = 0x05d   at time  125354521 ps
inst0 ch0:  C_CMD: RDCMD     C_f = 0x082   at time  125354935 ps
inst0 ch0:  C_CMD: RDCMD     C_r = 0x09d   at time  125355349 ps
inst0 ch0:  C_CMD: RDCMD     C_f = 0x002   at time  125355763 ps
inst0 ch0:  C_CMD: RDCMD     C_r = 0x01d   at time  125356177 ps
inst0 ch0:  C_CMD: RDCMD     C_f = 0x082   at time  125356591 ps
inst0 ch0:  C_CMD: RDCMD     C_r = 0x055   at time  125357005 ps
inst0 ch0:  C_CMD: RDCMD     C_f = 0x000   at time  125357419 ps
inst0 ch0:  C_CMD: RDCMD     C_r = 0x015   at time  125358661 ps
inst0 ch0:  C_CMD: RDCMD     C_f = 0x000   at time  125359075 ps
inst0 ch0:  C_CMD: RDCMD     C_r = 0x05d   at time  125360317 ps
inst0 ch0:  C_CMD: RDCMD     C_f = 0x002   at time  125360731 ps
inst0 ch0:  C_CMD: RDCMD     C_r = 0x01d   at time  125361973 ps
inst0 ch0:  C_CMD: RDCMD     C_f = 0x002   at time  125362387 ps
inst0 ch0:  R_CMD: ACTCMD    R_r0= 0x32    at time  125615341 ps
inst0 ch0:  R_CMD: ACTCMD    R_f0= 0x2a    at time  125615755 ps
inst0 ch0:  R_CMD: ACTCMD    R_r1= 0x00    at time  125616169 ps
inst0 ch0:  R_CMD: ACTCMD    R_f1= 0x00    at time  125616583 ps
inst0 ch0:  C_CMD: RDCMD     C_r = 0x0e5   at time  125630245 ps
inst0 ch0:  C_CMD: RDCMD     C_f = 0x080   at time  125630659 ps
inst0 ch0:  C_CMD: RDCMD     C_r = 0x0ed   at time  125633557 ps
inst0 ch0:  C_CMD: RDCMD     C_f = 0x082   at time  125633971 ps
inst0 ch0:  R_CMD: ACTCMD    R_r0= 0x12    at time  125831449 ps
inst0 ch0:  R_CMD: ACTCMD    R_f0= 0x2a    at time  125831863 ps
inst0 ch0:  R_CMD: ACTCMD    R_r1= 0x00    at time  125832277 ps
inst0 ch0:  R_CMD: ACTCMD    R_f1= 0x00    at time  125832691 ps
inst0 ch0:  R_CMD: ACTCMD    R_r0= 0x32    at time  125833105 ps
inst0 ch0:  R_CMD: ACTCMD    R_f0= 0x22    at time  125833519 ps
inst0 ch0:  R_CMD: ACTCMD    R_r1= 0x00    at time  125833933 ps
inst0 ch0:  R_CMD: ACTCMD    R_f1= 0x00    at time  125834347 ps
inst0 ch0:  R_CMD: ACTCMD    R_r0= 0x32    at time  125835589 ps
inst0 ch0:  R_CMD: ACTCMD    R_f0= 0x0a    at time  125836003 ps
inst0 ch0:  R_CMD: ACTCMD    R_r1= 0x00    at time  125836417 ps
inst0 ch0:  R_CMD: ACTCMD    R_f1= 0x00    at time  125836831 ps
inst0 ch0:  R_CMD: ACTCMD    R_r0= 0x12    at time  125837245 ps
inst0 ch0:  R_CMD: ACTCMD    R_f0= 0x22    at time  125837659 ps
inst0 ch0:  R_CMD: ACTCMD    R_r1= 0x00    at time  125838073 ps
inst0 ch0:  R_CMD: ACTCMD    R_f1= 0x00    at time  125838487 ps
inst0 ch0:  R_CMD: ACTCMD    R_r0= 0x12    at time  125839729 ps
inst0 ch0:  R_CMD: ACTCMD    R_f0= 0x0a    at time  125840143 ps
inst0 ch0:  R_CMD: ACTCMD    R_r1= 0x00    at time  125840557 ps
inst0 ch0:  R_CMD: ACTCMD    R_f1= 0x00    at time  125840971 ps
inst0 ch0:  R_CMD: ACTCMD    R_r0= 0x32    at time  125841385 ps
inst0 ch0:  R_CMD: ACTCMD    R_f0= 0x02    at time  125841799 ps
inst0 ch0:  R_CMD: ACTCMD    R_r1= 0x00    at time  125842213 ps
inst0 ch0:  R_CMD: ACTCMD    R_f1= 0x00    at time  125842627 ps
inst0 ch0:  R_CMD: ACTCMD    R_r0= 0x12    at time  125845525 ps
inst0 ch0:  R_CMD: ACTCMD    R_f0= 0x02    at time  125845939 ps
inst0 ch0:  R_CMD: ACTCMD    R_r1= 0x00    at time  125846353 ps
inst0 ch0:  C_CMD: RDCMD     C_r = 0x0a5   at time  125846353 ps
inst0 ch0:  R_CMD: ACTCMD    R_f1= 0x00    at time  125846767 ps
inst0 ch0:  C_CMD: RDCMD     C_f = 0x080   at time  125846767 ps
inst0 ch0:  C_CMD: RDCMD     C_r = 0x0e5   at time  125848009 ps
inst0 ch0:  C_CMD: RDCMD     C_f = 0x000   at time  125848423 ps
inst0 ch0:  C_CMD: RDCMD     C_r = 0x0ad   at time  125849665 ps
inst0 ch0:  C_CMD: RDCMD     C_f = 0x082   at time  125850079 ps
inst0 ch0:  C_CMD: RDCMD     C_r = 0x0ed   at time  125851321 ps
inst0 ch0:  C_CMD: RDCMD     C_f = 0x002   at time  125851735 ps
inst0 ch0:  C_CMD: RDCMD     C_r = 0x065   at time  125852149 ps
inst0 ch0:  C_CMD: RDCMD     C_f = 0x080   at time  125852563 ps
inst0 ch0:  C_CMD: RDCMD     C_r = 0x0a5   at time  125852977 ps
inst0 ch0:  C_CMD: RDCMD     C_f = 0x000   at time  125853391 ps
inst0 ch0:  C_CMD: RDCMD     C_r = 0x025   at time  125854633 ps
inst0 ch0:  C_CMD: RDCMD     C_f = 0x080   at time  125855047 ps
inst0 ch0:  C_CMD: RDCMD     C_r = 0x06d   at time  125856289 ps
inst0 ch0:  C_CMD: RDCMD     C_f = 0x082   at time  125856703 ps
inst0 ch0:  C_CMD: RDCMD     C_r = 0x0ad   at time  125857117 ps
inst0 ch0:  C_CMD: RDCMD     C_f = 0x002   at time  125857531 ps
inst0 ch0:  C_CMD: RDCMD     C_r = 0x02d   at time  125857945 ps
inst0 ch0:  C_CMD: RDCMD     C_f = 0x082   at time  125858359 ps
inst0 ch0:  C_CMD: RDCMD     C_r = 0x065   at time  125858773 ps
inst0 ch0:  C_CMD: RDCMD     C_f = 0x000   at time  125859187 ps
inst0 ch0:  C_CMD: RDCMD     C_r = 0x025   at time  125860429 ps
inst0 ch0:  C_CMD: RDCMD     C_f = 0x000   at time  125860843 ps
inst0 ch0:  C_CMD: RDCMD     C_r = 0x06d   at time  125862085 ps
inst0 ch0:  C_CMD: RDCMD     C_f = 0x002   at time  125862499 ps
inst0 ch0:  C_CMD: RDCMD     C_r = 0x02d   at time  125863741 ps
inst0 ch0:  C_CMD: RDCMD     C_f = 0x002   at time  125864155 ps
inst0 ch0:  R_CMD: ACTCMD    R_r0= 0x3a    at time  126102205 ps
inst0 ch0:  R_CMD: ACTCMD    R_f0= 0x2a    at time  126102619 ps
inst0 ch0:  R_CMD: ACTCMD    R_r1= 0x00    at time  126103033 ps
inst0 ch0:  R_CMD: ACTCMD    R_f1= 0x00    at time  126103447 ps
inst0 ch0:  C_CMD: RDCMD     C_r = 0x0f5   at time  126117109 ps
inst0 ch0:  C_CMD: RDCMD     C_f = 0x080   at time  126117523 ps
inst0 ch0:  C_CMD: RDCMD     C_r = 0x0fd   at time  126120421 ps
inst0 ch0:  C_CMD: RDCMD     C_f = 0x082   at time  126120835 ps
inst0 ch0:  R_CMD: ACTCMD    R_r0= 0x1a    at time  126157681 ps
inst0 ch0:  R_CMD: ACTCMD    R_f0= 0x2a    at time  126158095 ps
inst0 ch0:  R_CMD: ACTCMD    R_r1= 0x00    at time  126158509 ps
inst0 ch0:  R_CMD: ACTCMD    R_f1= 0x00    at time  126158923 ps
inst0 ch0:  C_CMD: RDCMD     C_r = 0x0b5   at time  126172585 ps
inst0 ch0:  C_CMD: RDCMD     C_f = 0x080   at time  126172999 ps
inst0 ch0:  C_CMD: RDCMD     C_r = 0x0bd   at time  126175897 ps
inst0 ch0:  C_CMD: RDCMD     C_f = 0x082   at time  126176311 ps
inst0 ch0:  R_CMD: ACTCMD    R_r0= 0x3a    at time  126334045 ps
inst0 ch0:  R_CMD: ACTCMD    R_f0= 0x22    at time  126334459 ps
inst0 ch0:  R_CMD: ACTCMD    R_r1= 0x00    at time  126334873 ps
inst0 ch0:  R_CMD: ACTCMD    R_f1= 0x00    at time  126335287 ps
inst0 ch0:  R_CMD: ACTCMD    R_r0= 0x3a    at time  126335701 ps
inst0 ch0:  R_CMD: ACTCMD    R_f0= 0x0a    at time  126336115 ps
inst0 ch0:  R_CMD: ACTCMD    R_r1= 0x00    at time  126336529 ps
inst0 ch0:  R_CMD: ACTCMD    R_f1= 0x00    at time  126336943 ps
inst0 ch0:  R_CMD: ACTCMD    R_r0= 0x1a    at time  126338185 ps
inst0 ch0:  R_CMD: ACTCMD    R_f0= 0x22    at time  126338599 ps
inst0 ch0:  R_CMD: ACTCMD    R_r1= 0x00    at time  126339013 ps
inst0 ch0:  R_CMD: ACTCMD    R_f1= 0x00    at time  126339427 ps
inst0 ch0:  R_CMD: ACTCMD    R_r0= 0x1a    at time  126339841 ps
inst0 ch0:  R_CMD: ACTCMD    R_f0= 0x0a    at time  126340255 ps
inst0 ch0:  R_CMD: ACTCMD    R_r1= 0x00    at time  126340669 ps
inst0 ch0:  R_CMD: ACTCMD    R_f1= 0x00    at time  126341083 ps
inst0 ch0:  R_CMD: ACTCMD    R_r0= 0x3a    at time  126342325 ps
inst0 ch0:  R_CMD: ACTCMD    R_f0= 0x02    at time  126342739 ps
inst0 ch0:  R_CMD: ACTCMD    R_r1= 0x00    at time  126343153 ps
inst0 ch0:  R_CMD: ACTCMD    R_f1= 0x00    at time  126343567 ps
inst0 ch0:  R_CMD: ACTCMD    R_r0= 0x1a    at time  126346465 ps
inst0 ch0:  R_CMD: ACTCMD    R_f0= 0x02    at time  126346879 ps
inst0 ch0:  R_CMD: ACTCMD    R_r1= 0x00    at time  126347293 ps
inst0 ch0:  R_CMD: ACTCMD    R_f1= 0x00    at time  126347707 ps
inst0 ch0:  C_CMD: RDCMD     C_r = 0x0f5   at time  126348949 ps
inst0 ch0:  C_CMD: RDCMD     C_f = 0x000   at time  126349363 ps
inst0 ch0:  C_CMD: RDCMD     C_r = 0x075   at time  126350605 ps
inst0 ch0:  C_CMD: RDCMD     C_f = 0x080   at time  126351019 ps
inst0 ch0:  C_CMD: RDCMD     C_r = 0x0fd   at time  126352261 ps
inst0 ch0:  C_CMD: RDCMD     C_f = 0x002   at time  126352675 ps
inst0 ch0:  C_CMD: RDCMD     C_r = 0x07d   at time  126353917 ps
inst0 ch0:  C_CMD: RDCMD     C_f = 0x082   at time  126354331 ps
inst0 ch0:  C_CMD: RDCMD     C_r = 0x0b5   at time  126354745 ps
inst0 ch0:  C_CMD: RDCMD     C_f = 0x000   at time  126355159 ps
inst0 ch0:  C_CMD: RDCMD     C_r = 0x035   at time  126355573 ps
inst0 ch0:  C_CMD: RDCMD     C_f = 0x080   at time  126355987 ps
inst0 ch0:  C_CMD: RDCMD     C_r = 0x075   at time  126357229 ps
inst0 ch0:  C_CMD: RDCMD     C_f = 0x000   at time  126357643 ps
inst0 ch0:  C_CMD: RDCMD     C_r = 0x03d   at time  126358885 ps
inst0 ch0:  C_CMD: RDCMD     C_f = 0x082   at time  126359299 ps
inst0 ch0:  C_CMD: RDCMD     C_r = 0x0bd   at time  126359713 ps
inst0 ch0:  C_CMD: RDCMD     C_f = 0x002   at time  126360127 ps
inst0 ch0:  C_CMD: RDCMD     C_r = 0x07d   at time  126361369 ps
inst0 ch0:  C_CMD: RDCMD     C_f = 0x002   at time  126361783 ps
inst0 ch0:  C_CMD: RDCMD     C_r = 0x035   at time  126363025 ps
inst0 ch0:  C_CMD: RDCMD     C_f = 0x000   at time  126363439 ps
inst0 ch0:  C_CMD: RDCMD     C_r = 0x03d   at time  126366337 ps
inst0 ch0:  C_CMD: RDCMD     C_f = 0x002   at time  126366751 ps
inst0 ch0:  R_CMD: ACTCMD    R_r0= 0x2e    at time  127634833 ps
inst0 ch0:  R_CMD: ACTCMD    R_f0= 0x20    at time  127635247 ps
inst0 ch0:  R_CMD: ACTCMD    R_r1= 0x00    at time  127635661 ps
inst0 ch0:  R_CMD: ACTCMD    R_f1= 0x02    at time  127636075 ps
inst0 ch0:  C_CMD: RDCMD     C_r = 0x0d5   at time  127649737 ps
inst0 ch0:  C_CMD: RDCMD     C_f = 0x021   at time  127650151 ps
inst0 ch0:  C_CMD: RDCMD     C_r = 0x0dd   at time  127653049 ps
inst0 ch0:  C_CMD: RDCMD     C_f = 0x023   at time  127653463 ps
inst0 ch0:  R_CMD: ACTCMD    R_r0= 0x2e    at time  127787185 ps
inst0 ch0:  R_CMD: ACTCMD    R_f0= 0x28    at time  127787599 ps
inst0 ch0:  R_CMD: ACTCMD    R_r1= 0x00    at time  127788013 ps
inst0 ch0:  R_CMD: ACTCMD    R_f1= 0x02    at time  127788427 ps
inst0 ch0:  C_CMD: RDCMD     C_r = 0x0d5   at time  127802089 ps
inst0 ch0:  C_CMD: RDCMD     C_f = 0x0a1   at time  127802503 ps
inst0 ch0:  C_CMD: RDCMD     C_r = 0x0dd   at time  127805401 ps
inst0 ch0:  C_CMD: RDCMD     C_f = 0x0a3   at time  127805815 ps
inst0 ch0:  R_CMD: ACTCMD    R_r0= 0x2e    at time  127933741 ps
inst0 ch0:  R_CMD: ACTCMD    R_f0= 0x20    at time  127934155 ps
inst0 ch0:  R_CMD: ACTCMD    R_r1= 0x00    at time  127934569 ps
inst0 ch0:  R_CMD: ACTCMD    R_f1= 0x02    at time  127934983 ps
inst0 ch0:  C_CMD: RDCMD     C_r = 0x0d5   at time  127948645 ps
inst0 ch0:  C_CMD: RDCMD     C_f = 0x029   at time  127949059 ps
inst0 ch0:  C_CMD: RDCMD     C_r = 0x0dd   at time  127951957 ps
inst0 ch0:  C_CMD: RDCMD     C_f = 0x02b   at time  127952371 ps
inst0 ch0:  R_CMD: ACTCMD    R_r0= 0x2e    at time  128085265 ps
inst0 ch0:  R_CMD: ACTCMD    R_f0= 0x28    at time  128085679 ps
inst0 ch0:  R_CMD: ACTCMD    R_r1= 0x00    at time  128086093 ps
inst0 ch0:  R_CMD: ACTCMD    R_f1= 0x02    at time  128086507 ps
inst0 ch0:  C_CMD: RDCMD     C_r = 0x0d5   at time  128100169 ps
inst0 ch0:  C_CMD: RDCMD     C_f = 0x0a9   at time  128100583 ps
inst0 ch0:  C_CMD: RDCMD     C_r = 0x0dd   at time  128103481 ps
inst0 ch0:  C_CMD: RDCMD     C_f = 0x0ab   at time  128103895 ps
inst0 ch0:  R_CMD: ACTCMD    R_r0= 0x02    at time  130852441 ps
inst0 ch0:  R_CMD: ACTCMD    R_f0= 0x08    at time  130852855 ps
inst0 ch0:  R_CMD: ACTCMD    R_r1= 0x00    at time  130853269 ps
inst0 ch0:  R_CMD: ACTCMD    R_f1= 0x00    at time  130853683 ps
inst0 ch0:  C_CMD: RDCMD     C_r = 0x005   at time  130867345 ps
inst0 ch0:  C_CMD: RDCMD     C_f = 0x098   at time  130867759 ps
inst0 ch0:  C_CMD: RDCMD     C_r = 0x005   at time  130870657 ps
inst0 ch0:  C_CMD: RDCMD     C_f = 0x09a   at time  130871071 ps
inst0 ch0:  C_CMD: RDCMD     C_r = 0x005   at time  130873969 ps
inst0 ch0:  C_CMD: RDCMD     C_f = 0x090   at time  130874383 ps
inst0 ch0:  C_CMD: RDCMD     C_r = 0x005   at time  130877281 ps
inst0 ch0:  C_CMD: RDCMD     C_f = 0x092   at time  130877695 ps
inst0 ch0:  C_CMD: RDCMD     C_r = 0x005   at time  130880593 ps
inst0 ch0:  C_CMD: RDCMD     C_f = 0x088   at time  130881007 ps
inst0 ch0:  C_CMD: RDCMD     C_r = 0x005   at time  130883905 ps
inst0 ch0:  C_CMD: RDCMD     C_f = 0x08a   at time  130884319 ps
inst0 ch0:  C_CMD: RDCMD     C_r = 0x005   at time  130887217 ps
inst0 ch0:  C_CMD: RDCMD     C_f = 0x080   at time  130887631 ps
inst0 ch0:  C_CMD: RDCMD     C_r = 0x00d   at time  130890529 ps
inst0 ch0:  C_CMD: RDCMD     C_f = 0x082   at time  130890943 ps
inst0 ch0:  R_CMD: ACTCMD    R_r0= 0x02    at time  130907089 ps
inst0 ch0:  R_CMD: ACTCMD    R_f0= 0x00    at time  130907503 ps
inst0 ch0:  R_CMD: ACTCMD    R_r1= 0x00    at time  130907917 ps
inst0 ch0:  R_CMD: ACTCMD    R_f1= 0x00    at time  130908331 ps
inst0 ch0:  C_CMD: RDCMD     C_r = 0x005   at time  130921993 ps
inst0 ch0:  C_CMD: RDCMD     C_f = 0x018   at time  130922407 ps
inst0 ch0:  C_CMD: RDCMD     C_r = 0x005   at time  130925305 ps
inst0 ch0:  C_CMD: RDCMD     C_f = 0x01a   at time  130925719 ps
inst0 ch0:  C_CMD: RDCMD     C_r = 0x005   at time  130928617 ps
inst0 ch0:  C_CMD: RDCMD     C_f = 0x010   at time  130929031 ps
inst0 ch0:  C_CMD: RDCMD     C_r = 0x005   at time  130931929 ps
inst0 ch0:  C_CMD: RDCMD     C_f = 0x012   at time  130932343 ps
inst0 ch0:  C_CMD: RDCMD     C_r = 0x005   at time  130935241 ps
inst0 ch0:  C_CMD: RDCMD     C_f = 0x008   at time  130935655 ps
inst0 ch0:  C_CMD: RDCMD     C_r = 0x005   at time  130938553 ps
inst0 ch0:  C_CMD: RDCMD     C_f = 0x00a   at time  130938967 ps
inst0 ch0:  C_CMD: RDCMD     C_r = 0x005   at time  130941865 ps
inst0 ch0:  C_CMD: RDCMD     C_f = 0x000   at time  130942279 ps
inst0 ch0:  C_CMD: RDCMD     C_r = 0x00d   at time  130945177 ps
inst0 ch0:  C_CMD: RDCMD     C_f = 0x002   at time  130945591 ps
inst0 ch0:  R_CMD: ACTCMD    R_r0= 0x0a    at time  131126509 ps
inst0 ch0:  R_CMD: ACTCMD    R_f0= 0x08    at time  131126923 ps
inst0 ch0:  R_CMD: ACTCMD    R_r1= 0x00    at time  131127337 ps
inst0 ch0:  R_CMD: ACTCMD    R_f1= 0x00    at time  131127751 ps
inst0 ch0:  C_CMD: RDCMD     C_r = 0x015   at time  131141413 ps
inst0 ch0:  C_CMD: RDCMD     C_f = 0x098   at time  131141827 ps
inst0 ch0:  C_CMD: RDCMD     C_r = 0x015   at time  131144725 ps
inst0 ch0:  C_CMD: RDCMD     C_f = 0x09a   at time  131145139 ps
inst0 ch0:  C_CMD: RDCMD     C_r = 0x015   at time  131148037 ps
inst0 ch0:  C_CMD: RDCMD     C_f = 0x090   at time  131148451 ps
inst0 ch0:  C_CMD: RDCMD     C_r = 0x015   at time  131151349 ps
inst0 ch0:  C_CMD: RDCMD     C_f = 0x092   at time  131151763 ps
inst0 ch0:  C_CMD: RDCMD     C_r = 0x015   at time  131154661 ps
inst0 ch0:  C_CMD: RDCMD     C_f = 0x088   at time  131155075 ps
inst0 ch0:  C_CMD: RDCMD     C_r = 0x015   at time  131157973 ps
inst0 ch0:  C_CMD: RDCMD     C_f = 0x08a   at time  131158387 ps
inst0 ch0:  C_CMD: RDCMD     C_r = 0x015   at time  131161285 ps
inst0 ch0:  C_CMD: RDCMD     C_f = 0x080   at time  131161699 ps
inst0 ch0:  C_CMD: RDCMD     C_r = 0x01d   at time  131164597 ps
inst0 ch0:  C_CMD: RDCMD     C_f = 0x082   at time  131165011 ps
inst0 ch0:  R_CMD: ACTCMD    R_r0= 0x0a    at time  131339305 ps
inst0 ch0:  R_CMD: ACTCMD    R_f0= 0x00    at time  131339719 ps
inst0 ch0:  R_CMD: ACTCMD    R_r1= 0x00    at time  131340133 ps
inst0 ch0:  R_CMD: ACTCMD    R_f1= 0x00    at time  131340547 ps
inst0 ch0:  C_CMD: RDCMD     C_r = 0x015   at time  131354209 ps
inst0 ch0:  C_CMD: RDCMD     C_f = 0x018   at time  131354623 ps
inst0 ch0:  C_CMD: RDCMD     C_r = 0x015   at time  131357521 ps
inst0 ch0:  C_CMD: RDCMD     C_f = 0x01a   at time  131357935 ps
inst0 ch0:  C_CMD: RDCMD     C_r = 0x015   at time  131360833 ps
inst0 ch0:  C_CMD: RDCMD     C_f = 0x010   at time  131361247 ps
inst0 ch0:  C_CMD: RDCMD     C_r = 0x015   at time  131364145 ps
inst0 ch0:  C_CMD: RDCMD     C_f = 0x012   at time  131364559 ps
inst0 ch0:  C_CMD: RDCMD     C_r = 0x015   at time  131367457 ps
inst0 ch0:  C_CMD: RDCMD     C_f = 0x008   at time  131367871 ps
inst0 ch0:  C_CMD: RDCMD     C_r = 0x015   at time  131370769 ps
inst0 ch0:  C_CMD: RDCMD     C_f = 0x00a   at time  131371183 ps
inst0 ch0:  C_CMD: RDCMD     C_r = 0x015   at time  131374081 ps
inst0 ch0:  C_CMD: RDCMD     C_f = 0x000   at time  131374495 ps
inst0 ch0:  C_CMD: RDCMD     C_r = 0x01d   at time  131377393 ps
inst0 ch0:  C_CMD: RDCMD     C_f = 0x002   at time  131377807 ps
inst0 ch0:  R_CMD: ACTCMD    R_r0= 0x02    at time  133964893 ps
inst0 ch0:  R_CMD: ACTCMD    R_f0= 0x1b    at time  133965307 ps
inst0 ch0:  R_CMD: ACTCMD    R_r1= 0x3f    at time  133965721 ps
inst0 ch0:  R_CMD: ACTCMD    R_f1= 0x3b    at time  133966135 ps
inst0 ch0:  R_CMD: ACTCMD    R_r0= 0x02    at time  133966549 ps
inst0 ch0:  R_CMD: ACTCMD    R_f0= 0x13    at time  133966963 ps
inst0 ch0:  R_CMD: ACTCMD    R_r1= 0x3f    at time  133967377 ps
inst0 ch0:  R_CMD: ACTCMD    R_f1= 0x3b    at time  133967791 ps
inst0 ch0:  C_CMD: RDCMD     C_r = 0x005   at time  133979797 ps
inst0 ch0:  C_CMD: RDCMD     C_f = 0x080   at time  133980211 ps
inst0 ch0:  C_CMD: RDCMD     C_r = 0x005   at time  133981453 ps
inst0 ch0:  C_CMD: RDCMD     C_f = 0x000   at time  133981867 ps
inst0 ch0:  C_CMD: RDCMD     C_r = 0x00d   at time  133983109 ps
inst0 ch0:  C_CMD: RDCMD     C_f = 0x082   at time  133983523 ps
inst0 ch0:  C_CMD: RDCMD     C_r = 0x00d   at time  133984765 ps
inst0 ch0:  C_CMD: RDCMD     C_f = 0x002   at time  133985179 ps
inst0 ch0:  R_CMD: ACTCMD    R_r0= 0x02    at time  134035273 ps
inst0 ch0:  R_CMD: ACTCMD    R_f0= 0x1b    at time  134035687 ps
inst0 ch0:  R_CMD: ACTCMD    R_r1= 0x3f    at time  134036101 ps
inst0 ch0:  R_CMD: ACTCMD    R_f1= 0x3b    at time  134036515 ps
inst0 ch0:  R_CMD: ACTCMD    R_r0= 0x02    at time  134037757 ps
inst0 ch0:  R_CMD: ACTCMD    R_f0= 0x13    at time  134038171 ps
inst0 ch0:  R_CMD: ACTCMD    R_r1= 0x3f    at time  134038585 ps
inst0 ch0:  R_CMD: ACTCMD    R_f1= 0x3b    at time  134038999 ps
inst0 ch0:  C_CMD: WRCMD     C_r = 0x001   at time  134046037 ps
inst0 ch0:  C_CMD: WRCMD     C_f = 0x080   at time  134046451 ps
inst0 ch0:  C_CMD: WRCMD     C_r = 0x001   at time  134048521 ps
inst0 ch0:  C_CMD: WRCMD     C_f = 0x000   at time  134048935 ps
inst0 ch0:  C_CMD: WRCMD     C_r = 0x009   at time  134049349 ps
inst0 ch0:  C_CMD: WRCMD     C_f = 0x082   at time  134049763 ps
inst0 ch0:  C_CMD: WRCMD     C_r = 0x009   at time  134051833 ps
inst0 ch0:  C_CMD: WRCMD     C_f = 0x002   at time  134052247 ps
inst0 ch0:  R_CMD: ACTCMD    R_r0= 0x0a    at time  138289537 ps
inst0 ch0:  R_CMD: ACTCMD    R_f0= 0x1b    at time  138289951 ps
inst0 ch0:  R_CMD: ACTCMD    R_r1= 0x3f    at time  138290365 ps
inst0 ch0:  R_CMD: ACTCMD    R_f1= 0x3b    at time  138290779 ps
inst0 ch0:  R_CMD: ACTCMD    R_r0= 0x0a    at time  138292021 ps
inst0 ch0:  R_CMD: ACTCMD    R_f0= 0x13    at time  138292435 ps
inst0 ch0:  R_CMD: ACTCMD    R_r1= 0x3f    at time  138292849 ps
inst0 ch0:  R_CMD: ACTCMD    R_f1= 0x3b    at time  138293263 ps
inst0 ch0:  C_CMD: RDCMD     C_r = 0x015   at time  138304441 ps
inst0 ch0:  C_CMD: RDCMD     C_f = 0x090   at time  138304855 ps
inst0 ch0:  C_CMD: RDCMD     C_r = 0x015   at time  138306925 ps
inst0 ch0:  C_CMD: RDCMD     C_f = 0x010   at time  138307339 ps
inst0 ch0:  C_CMD: RDCMD     C_r = 0x01d   at time  138307753 ps
inst0 ch0:  C_CMD: RDCMD     C_f = 0x092   at time  138308167 ps
inst0 ch0:  C_CMD: RDCMD     C_r = 0x01d   at time  138310237 ps
inst0 ch0:  C_CMD: RDCMD     C_f = 0x012   at time  138310651 ps
inst0 ch0:  R_CMD: ACTCMD    R_r0= 0x0a    at time  138541249 ps
inst0 ch0:  R_CMD: ACTCMD    R_f0= 0x1b    at time  138541663 ps
inst0 ch0:  R_CMD: ACTCMD    R_r1= 0x3f    at time  138542077 ps
inst0 ch0:  R_CMD: ACTCMD    R_f1= 0x3b    at time  138542491 ps
inst0 ch0:  R_CMD: ACTCMD    R_r0= 0x0a    at time  138543733 ps
inst0 ch0:  R_CMD: ACTCMD    R_f0= 0x13    at time  138544147 ps
inst0 ch0:  R_CMD: ACTCMD    R_r1= 0x3f    at time  138544561 ps
inst0 ch0:  R_CMD: ACTCMD    R_f1= 0x3b    at time  138544975 ps
inst0 ch0:  C_CMD: WRCMD     C_r = 0x011   at time  138552013 ps
inst0 ch0:  C_CMD: WRCMD     C_f = 0x090   at time  138552427 ps
inst0 ch0:  C_CMD: WRCMD     C_r = 0x011   at time  138554497 ps
inst0 ch0:  C_CMD: WRCMD     C_f = 0x010   at time  138554911 ps
inst0 ch0:  C_CMD: WRCMD     C_r = 0x019   at time  138555325 ps
inst0 ch0:  C_CMD: WRCMD     C_f = 0x092   at time  138555739 ps
inst0 ch0:  C_CMD: WRCMD     C_r = 0x019   at time  138557809 ps
inst0 ch0:  C_CMD: WRCMD     C_f = 0x012   at time  138558223 ps
inst0 ch0:  R_CMD: ACTCMD    R_r0= 0x0a    at time  142361641 ps
inst0 ch0:  R_CMD: ACTCMD    R_f0= 0x08    at time  142362055 ps
inst0 ch0:  R_CMD: ACTCMD    R_r1= 0x00    at time  142362469 ps
inst0 ch0:  R_CMD: ACTCMD    R_f1= 0x00    at time  142362883 ps
inst0 ch0:  R_CMD: ACTCMD    R_r0= 0x0a    at time  142364125 ps
inst0 ch0:  R_CMD: ACTCMD    R_f0= 0x00    at time  142364539 ps
inst0 ch0:  R_CMD: ACTCMD    R_r1= 0x00    at time  142364953 ps
inst0 ch0:  R_CMD: ACTCMD    R_f1= 0x00    at time  142365367 ps
inst0 ch0:  C_CMD: RDCMD     C_r = 0x015   at time  142376545 ps
inst0 ch0:  C_CMD: RDCMD     C_f = 0x0a8   at time  142376959 ps
inst0 ch0:  C_CMD: RDCMD     C_r = 0x015   at time  142379029 ps
inst0 ch0:  C_CMD: RDCMD     C_f = 0x028   at time  142379443 ps
inst0 ch0:  C_CMD: RDCMD     C_r = 0x015   at time  142379857 ps
inst0 ch0:  C_CMD: RDCMD     C_f = 0x0aa   at time  142380271 ps
inst0 ch0:  C_CMD: RDCMD     C_r = 0x015   at time  142382341 ps
inst0 ch0:  C_CMD: RDCMD     C_f = 0x02a   at time  142382755 ps
inst0 ch0:  C_CMD: RDCMD     C_r = 0x015   at time  142383169 ps
inst0 ch0:  C_CMD: RDCMD     C_f = 0x0a0   at time  142383583 ps
inst0 ch0:  C_CMD: RDCMD     C_r = 0x015   at time  142385653 ps
inst0 ch0:  C_CMD: RDCMD     C_f = 0x020   at time  142386067 ps
inst0 ch0:  C_CMD: RDCMD     C_r = 0x01d   at time  142386481 ps
inst0 ch0:  C_CMD: RDCMD     C_f = 0x0a2   at time  142386895 ps
inst0 ch0:  C_CMD: RDCMD     C_r = 0x01d   at time  142388965 ps
inst0 ch0:  C_CMD: RDCMD     C_f = 0x022   at time  142389379 ps
inst0 ch0:  R_CMD: ACTCMD    R_r0= 0x0a    at time  142432021 ps
inst0 ch0:  R_CMD: ACTCMD    R_f0= 0x08    at time  142432435 ps
inst0 ch0:  R_CMD: ACTCMD    R_r1= 0x00    at time  142432849 ps
inst0 ch0:  R_CMD: ACTCMD    R_f1= 0x00    at time  142433263 ps
inst0 ch0:  R_CMD: ACTCMD    R_r0= 0x0a    at time  142434505 ps
inst0 ch0:  R_CMD: ACTCMD    R_f0= 0x00    at time  142434919 ps
inst0 ch0:  R_CMD: ACTCMD    R_r1= 0x00    at time  142435333 ps
inst0 ch0:  R_CMD: ACTCMD    R_f1= 0x00    at time  142435747 ps
inst0 ch0:  C_CMD: WRCMD     C_r = 0x011   at time  142442785 ps
inst0 ch0:  C_CMD: WRCMD     C_f = 0x0a8   at time  142443199 ps
inst0 ch0:  C_CMD: WRCMD     C_r = 0x011   at time  142445269 ps
inst0 ch0:  C_CMD: WRCMD     C_f = 0x028   at time  142445683 ps
inst0 ch0:  C_CMD: WRCMD     C_r = 0x011   at time  142446097 ps
inst0 ch0:  C_CMD: WRCMD     C_f = 0x0aa   at time  142446511 ps
inst0 ch0:  C_CMD: WRCMD     C_r = 0x011   at time  142448581 ps
inst0 ch0:  C_CMD: WRCMD     C_f = 0x02a   at time  142448995 ps
inst0 ch0:  C_CMD: WRCMD     C_r = 0x011   at time  142449409 ps
inst0 ch0:  C_CMD: WRCMD     C_f = 0x0a0   at time  142449823 ps
inst0 ch0:  C_CMD: WRCMD     C_r = 0x011   at time  142451893 ps
inst0 ch0:  C_CMD: WRCMD     C_f = 0x020   at time  142452307 ps
inst0 ch0:  C_CMD: WRCMD     C_r = 0x019   at time  142452721 ps
inst0 ch0:  C_CMD: WRCMD     C_f = 0x0a2   at time  142453135 ps
inst0 ch0:  C_CMD: WRCMD     C_r = 0x019   at time  142455205 ps
inst0 ch0:  C_CMD: WRCMD     C_f = 0x022   at time  142455619 ps
inst0 ch0:  R_CMD: ACTCMD    R_r0= 0x02    at time  146177893 ps
inst0 ch0:  R_CMD: ACTCMD    R_f0= 0x18    at time  146178307 ps
inst0 ch0:  R_CMD: ACTCMD    R_r1= 0x3f    at time  146178721 ps
inst0 ch0:  R_CMD: ACTCMD    R_f1= 0x3b    at time  146179135 ps
inst0 ch0:  R_CMD: ACTCMD    R_r0= 0x02    at time  146180377 ps
inst0 ch0:  R_CMD: ACTCMD    R_f0= 0x10    at time  146180791 ps
inst0 ch0:  R_CMD: ACTCMD    R_r1= 0x3f    at time  146181205 ps
inst0 ch0:  R_CMD: ACTCMD    R_f1= 0x3b    at time  146181619 ps
inst0 ch0:  C_CMD: RDCMD     C_r = 0x005   at time  146192797 ps
inst0 ch0:  C_CMD: RDCMD     C_f = 0x0f8   at time  146193211 ps
inst0 ch0:  C_CMD: RDCMD     C_r = 0x005   at time  146195281 ps
inst0 ch0:  C_CMD: RDCMD     C_f = 0x078   at time  146195695 ps
inst0 ch0:  C_CMD: RDCMD     C_r = 0x00d   at time  146196109 ps
inst0 ch0:  C_CMD: RDCMD     C_f = 0x0fa   at time  146196523 ps
inst0 ch0:  C_CMD: RDCMD     C_r = 0x00d   at time  146198593 ps
inst0 ch0:  C_CMD: RDCMD     C_f = 0x07a   at time  146199007 ps
inst0 ch0:  R_CMD: ACTCMD    R_r0= 0x02    at time  146225089 ps
inst0 ch0:  R_CMD: ACTCMD    R_f0= 0x19    at time  146225503 ps
inst0 ch0:  R_CMD: ACTCMD    R_r1= 0x3f    at time  146225917 ps
inst0 ch0:  R_CMD: ACTCMD    R_f1= 0x3b    at time  146226331 ps
inst0 ch0:  R_CMD: ACTCMD    R_r0= 0x02    at time  146227573 ps
inst0 ch0:  R_CMD: ACTCMD    R_f0= 0x11    at time  146227987 ps
inst0 ch0:  R_CMD: ACTCMD    R_r1= 0x3f    at time  146228401 ps
inst0 ch0:  R_CMD: ACTCMD    R_f1= 0x3b    at time  146228815 ps
inst0 ch0:  C_CMD: RDCMD     C_r = 0x005   at time  146239993 ps
inst0 ch0:  C_CMD: RDCMD     C_f = 0x0f8   at time  146240407 ps
inst0 ch0:  C_CMD: RDCMD     C_r = 0x005   at time  146242477 ps
inst0 ch0:  C_CMD: RDCMD     C_f = 0x078   at time  146242891 ps
inst0 ch0:  C_CMD: RDCMD     C_r = 0x00d   at time  146243305 ps
inst0 ch0:  C_CMD: RDCMD     C_f = 0x0fa   at time  146243719 ps
inst0 ch0:  C_CMD: RDCMD     C_r = 0x00d   at time  146245789 ps
inst0 ch0:  C_CMD: RDCMD     C_f = 0x07a   at time  146246203 ps
inst0 ch0:  R_CMD: ACTCMD    R_r0= 0x02    at time  146272285 ps
inst0 ch0:  R_CMD: ACTCMD    R_f0= 0x18    at time  146272699 ps
inst0 ch0:  R_CMD: ACTCMD    R_r1= 0x3f    at time  146273113 ps
inst0 ch0:  R_CMD: ACTCMD    R_f1= 0x3b    at time  146273527 ps
inst0 ch0:  R_CMD: ACTCMD    R_r0= 0x02    at time  146274769 ps
inst0 ch0:  R_CMD: ACTCMD    R_f0= 0x10    at time  146275183 ps
inst0 ch0:  R_CMD: ACTCMD    R_r1= 0x3f    at time  146275597 ps
inst0 ch0:  R_CMD: ACTCMD    R_f1= 0x3b    at time  146276011 ps
inst0 ch0:  C_CMD: WRCMD     C_r = 0x001   at time  146283049 ps
inst0 ch0:  C_CMD: WRCMD     C_f = 0x0f8   at time  146283463 ps
inst0 ch0:  C_CMD: WRCMD     C_r = 0x001   at time  146285533 ps
inst0 ch0:  C_CMD: WRCMD     C_f = 0x078   at time  146285947 ps
inst0 ch0:  C_CMD: WRCMD     C_r = 0x009   at time  146286361 ps
inst0 ch0:  C_CMD: WRCMD     C_f = 0x0fa   at time  146286775 ps
inst0 ch0:  C_CMD: WRCMD     C_r = 0x009   at time  146288845 ps
inst0 ch0:  C_CMD: WRCMD     C_f = 0x07a   at time  146289259 ps
inst0 ch0:  R_CMD: ACTCMD    R_r0= 0x02    at time  146324449 ps
inst0 ch0:  R_CMD: ACTCMD    R_f0= 0x19    at time  146324863 ps
inst0 ch0:  R_CMD: ACTCMD    R_r1= 0x3f    at time  146325277 ps
inst0 ch0:  R_CMD: ACTCMD    R_f1= 0x3b    at time  146325691 ps
inst0 ch0:  R_CMD: ACTCMD    R_r0= 0x02    at time  146326933 ps
inst0 ch0:  R_CMD: ACTCMD    R_f0= 0x11    at time  146327347 ps
inst0 ch0:  R_CMD: ACTCMD    R_r1= 0x3f    at time  146327761 ps
inst0 ch0:  R_CMD: ACTCMD    R_f1= 0x3b    at time  146328175 ps
inst0 ch0:  C_CMD: WRCMD     C_r = 0x001   at time  146335213 ps
inst0 ch0:  C_CMD: WRCMD     C_f = 0x0f8   at time  146335627 ps
inst0 ch0:  C_CMD: WRCMD     C_r = 0x001   at time  146337697 ps
inst0 ch0:  C_CMD: WRCMD     C_f = 0x078   at time  146338111 ps
inst0 ch0:  C_CMD: WRCMD     C_r = 0x009   at time  146338525 ps
inst0 ch0:  C_CMD: WRCMD     C_f = 0x0fa   at time  146338939 ps
inst0 ch0:  C_CMD: WRCMD     C_r = 0x009   at time  146341009 ps
inst0 ch0:  C_CMD: WRCMD     C_f = 0x07a   at time  146341423 ps
inst0 ch0:  R_CMD: ACTCMD    R_r0= 0x0a    at time  146432917 ps
inst0 ch0:  R_CMD: ACTCMD    R_f0= 0x18    at time  146433331 ps
inst0 ch0:  R_CMD: ACTCMD    R_r1= 0x3f    at time  146433745 ps
inst0 ch0:  R_CMD: ACTCMD    R_f1= 0x3b    at time  146434159 ps
inst0 ch0:  R_CMD: ACTCMD    R_r0= 0x0a    at time  146435401 ps
inst0 ch0:  R_CMD: ACTCMD    R_f0= 0x10    at time  146435815 ps
inst0 ch0:  R_CMD: ACTCMD    R_r1= 0x3f    at time  146436229 ps
inst0 ch0:  R_CMD: ACTCMD    R_f1= 0x3b    at time  146436643 ps
inst0 ch0:  C_CMD: RDCMD     C_r = 0x015   at time  146447821 ps
inst0 ch0:  C_CMD: RDCMD     C_f = 0x0f8   at time  146448235 ps
inst0 ch0:  C_CMD: RDCMD     C_r = 0x015   at time  146450305 ps
inst0 ch0:  C_CMD: RDCMD     C_f = 0x078   at time  146450719 ps
inst0 ch0:  C_CMD: RDCMD     C_r = 0x01d   at time  146451133 ps
inst0 ch0:  C_CMD: RDCMD     C_f = 0x0fa   at time  146451547 ps
inst0 ch0:  C_CMD: RDCMD     C_r = 0x01d   at time  146453617 ps
inst0 ch0:  C_CMD: RDCMD     C_f = 0x07a   at time  146454031 ps
inst0 ch0:  R_CMD: ACTCMD    R_r0= 0x0a    at time  146480113 ps
inst0 ch0:  R_CMD: ACTCMD    R_f0= 0x08    at time  146480527 ps
inst0 ch0:  R_CMD: ACTCMD    R_r1= 0x00    at time  146480941 ps
inst0 ch0:  R_CMD: ACTCMD    R_f1= 0x00    at time  146481355 ps
inst0 ch0:  R_CMD: ACTCMD    R_r0= 0x0a    at time  146482597 ps
inst0 ch0:  R_CMD: ACTCMD    R_f0= 0x00    at time  146483011 ps
inst0 ch0:  R_CMD: ACTCMD    R_r1= 0x00    at time  146483425 ps
inst0 ch0:  R_CMD: ACTCMD    R_f1= 0x00    at time  146483839 ps
inst0 ch0:  C_CMD: RDCMD     C_r = 0x015   at time  146495017 ps
inst0 ch0:  C_CMD: RDCMD     C_f = 0x0b8   at time  146495431 ps
inst0 ch0:  C_CMD: RDCMD     C_r = 0x015   at time  146497501 ps
inst0 ch0:  C_CMD: RDCMD     C_f = 0x038   at time  146497915 ps
inst0 ch0:  C_CMD: RDCMD     C_r = 0x015   at time  146498329 ps
inst0 ch0:  C_CMD: RDCMD     C_f = 0x0ba   at time  146498743 ps
inst0 ch0:  C_CMD: RDCMD     C_r = 0x015   at time  146500813 ps
inst0 ch0:  C_CMD: RDCMD     C_f = 0x03a   at time  146501227 ps
inst0 ch0:  C_CMD: RDCMD     C_r = 0x015   at time  146501641 ps
inst0 ch0:  C_CMD: RDCMD     C_f = 0x0b0   at time  146502055 ps
inst0 ch0:  C_CMD: RDCMD     C_r = 0x015   at time  146504125 ps
inst0 ch0:  C_CMD: RDCMD     C_f = 0x030   at time  146504539 ps
inst0 ch0:  C_CMD: RDCMD     C_r = 0x01d   at time  146504953 ps
inst0 ch0:  C_CMD: RDCMD     C_f = 0x0b2   at time  146505367 ps
inst0 ch0:  C_CMD: RDCMD     C_r = 0x01d   at time  146507437 ps
inst0 ch0:  C_CMD: RDCMD     C_f = 0x032   at time  146507851 ps
inst0 ch0:  R_CMD: ACTCMD    R_r0= 0x0a    at time  146527309 ps
inst0 ch0:  R_CMD: ACTCMD    R_f0= 0x19    at time  146527723 ps
inst0 ch0:  R_CMD: ACTCMD    R_r1= 0x3f    at time  146528137 ps
inst0 ch0:  R_CMD: ACTCMD    R_f1= 0x3b    at time  146528551 ps
inst0 ch0:  R_CMD: ACTCMD    R_r0= 0x0a    at time  146529793 ps
inst0 ch0:  R_CMD: ACTCMD    R_f0= 0x11    at time  146530207 ps
inst0 ch0:  R_CMD: ACTCMD    R_r1= 0x3f    at time  146530621 ps
inst0 ch0:  R_CMD: ACTCMD    R_f1= 0x3b    at time  146531035 ps
inst0 ch0:  C_CMD: RDCMD     C_r = 0x015   at time  146542213 ps
inst0 ch0:  C_CMD: RDCMD     C_f = 0x0f8   at time  146542627 ps
inst0 ch0:  C_CMD: RDCMD     C_r = 0x015   at time  146544697 ps
inst0 ch0:  C_CMD: RDCMD     C_f = 0x078   at time  146545111 ps
inst0 ch0:  C_CMD: RDCMD     C_r = 0x01d   at time  146545525 ps
inst0 ch0:  C_CMD: RDCMD     C_f = 0x0fa   at time  146545939 ps
inst0 ch0:  C_CMD: RDCMD     C_r = 0x01d   at time  146548009 ps
inst0 ch0:  C_CMD: RDCMD     C_f = 0x07a   at time  146548423 ps
inst0 ch0:  R_CMD: ACTCMD    R_r0= 0x0a    at time  146574505 ps
inst0 ch0:  R_CMD: ACTCMD    R_f0= 0x18    at time  146574919 ps
inst0 ch0:  R_CMD: ACTCMD    R_r1= 0x3f    at time  146575333 ps
inst0 ch0:  R_CMD: ACTCMD    R_f1= 0x3b    at time  146575747 ps
inst0 ch0:  R_CMD: ACTCMD    R_r0= 0x0a    at time  146576989 ps
inst0 ch0:  R_CMD: ACTCMD    R_f0= 0x10    at time  146577403 ps
inst0 ch0:  R_CMD: ACTCMD    R_r1= 0x3f    at time  146577817 ps
inst0 ch0:  R_CMD: ACTCMD    R_f1= 0x3b    at time  146578231 ps
inst0 ch0:  C_CMD: WRCMD     C_r = 0x011   at time  146585269 ps
inst0 ch0:  C_CMD: WRCMD     C_f = 0x0f8   at time  146585683 ps
inst0 ch0:  C_CMD: WRCMD     C_r = 0x011   at time  146587753 ps
inst0 ch0:  C_CMD: WRCMD     C_f = 0x078   at time  146588167 ps
inst0 ch0:  C_CMD: WRCMD     C_r = 0x019   at time  146588581 ps
inst0 ch0:  C_CMD: WRCMD     C_f = 0x0fa   at time  146588995 ps
inst0 ch0:  C_CMD: WRCMD     C_r = 0x019   at time  146591065 ps
inst0 ch0:  C_CMD: WRCMD     C_f = 0x07a   at time  146591479 ps
inst0 ch0:  R_CMD: ACTCMD    R_r0= 0x0a    at time  146626669 ps
inst0 ch0:  R_CMD: ACTCMD    R_f0= 0x08    at time  146627083 ps
inst0 ch0:  R_CMD: ACTCMD    R_r1= 0x00    at time  146627497 ps
inst0 ch0:  R_CMD: ACTCMD    R_f1= 0x00    at time  146627911 ps
inst0 ch0:  R_CMD: ACTCMD    R_r0= 0x0a    at time  146629153 ps
inst0 ch0:  R_CMD: ACTCMD    R_f0= 0x00    at time  146629567 ps
inst0 ch0:  R_CMD: ACTCMD    R_r1= 0x00    at time  146629981 ps
inst0 ch0:  R_CMD: ACTCMD    R_f1= 0x00    at time  146630395 ps
inst0 ch0:  C_CMD: WRCMD     C_r = 0x011   at time  146637433 ps
inst0 ch0:  C_CMD: WRCMD     C_f = 0x0b8   at time  146637847 ps
inst0 ch0:  C_CMD: WRCMD     C_r = 0x011   at time  146639917 ps
inst0 ch0:  C_CMD: WRCMD     C_f = 0x038   at time  146640331 ps
inst0 ch0:  C_CMD: WRCMD     C_r = 0x011   at time  146640745 ps
inst0 ch0:  C_CMD: WRCMD     C_f = 0x0ba   at time  146641159 ps
inst0 ch0:  C_CMD: WRCMD     C_r = 0x011   at time  146643229 ps
inst0 ch0:  C_CMD: WRCMD     C_f = 0x03a   at time  146643643 ps
inst0 ch0:  C_CMD: WRCMD     C_r = 0x011   at time  146644057 ps
inst0 ch0:  C_CMD: WRCMD     C_f = 0x0b0   at time  146644471 ps
inst0 ch0:  C_CMD: WRCMD     C_r = 0x011   at time  146646541 ps
inst0 ch0:  C_CMD: WRCMD     C_f = 0x030   at time  146646955 ps
inst0 ch0:  C_CMD: WRCMD     C_r = 0x019   at time  146647369 ps
inst0 ch0:  C_CMD: WRCMD     C_f = 0x0b2   at time  146647783 ps
inst0 ch0:  C_CMD: WRCMD     C_r = 0x019   at time  146649853 ps
inst0 ch0:  C_CMD: WRCMD     C_f = 0x032   at time  146650267 ps
inst0 ch0:  R_CMD: ACTCMD    R_r0= 0x0a    at time  146685457 ps
inst0 ch0:  R_CMD: ACTCMD    R_f0= 0x19    at time  146685871 ps
inst0 ch0:  R_CMD: ACTCMD    R_r1= 0x3f    at time  146686285 ps
inst0 ch0:  R_CMD: ACTCMD    R_f1= 0x3b    at time  146686699 ps
inst0 ch0:  R_CMD: ACTCMD    R_r0= 0x0a    at time  146687941 ps
inst0 ch0:  R_CMD: ACTCMD    R_f0= 0x11    at time  146688355 ps
inst0 ch0:  R_CMD: ACTCMD    R_r1= 0x3f    at time  146688769 ps
inst0 ch0:  R_CMD: ACTCMD    R_f1= 0x3b    at time  146689183 ps
inst0 ch0:  C_CMD: WRCMD     C_r = 0x011   at time  146696221 ps
inst0 ch0:  C_CMD: WRCMD     C_f = 0x0f8   at time  146696635 ps
inst0 ch0:  C_CMD: WRCMD     C_r = 0x011   at time  146698705 ps
inst0 ch0:  C_CMD: WRCMD     C_f = 0x078   at time  146699119 ps
inst0 ch0:  C_CMD: WRCMD     C_r = 0x019   at time  146699533 ps
inst0 ch0:  C_CMD: WRCMD     C_f = 0x0fa   at time  146699947 ps
inst0 ch0:  C_CMD: WRCMD     C_r = 0x019   at time  146702017 ps
inst0 ch0:  C_CMD: WRCMD     C_f = 0x07a   at time  146702431 ps
inst0 ch0:  R_CMD: ACTCMD    R_r0= 0x02    at time  147197161 ps
inst0 ch0:  R_CMD: ACTCMD    R_f0= 0x38    at time  147197575 ps
inst0 ch0:  R_CMD: ACTCMD    R_r1= 0x3f    at time  147197989 ps
inst0 ch0:  R_CMD: ACTCMD    R_f1= 0x3b    at time  147198403 ps
inst0 ch0:  R_CMD: ACTCMD    R_r0= 0x02    at time  147198817 ps
inst0 ch0:  R_CMD: ACTCMD    R_f0= 0x30    at time  147199231 ps
inst0 ch0:  R_CMD: ACTCMD    R_r1= 0x3f    at time  147199645 ps
inst0 ch0:  R_CMD: ACTCMD    R_f1= 0x3b    at time  147200059 ps
inst0 ch0:  C_CMD: RDCMD     C_r = 0x085   at time  147212065 ps
inst0 ch0:  C_CMD: RDCMD     C_f = 0x0f8   at time  147212479 ps
inst0 ch0:  C_CMD: RDCMD     C_r = 0x085   at time  147213721 ps
inst0 ch0:  C_CMD: RDCMD     C_f = 0x078   at time  147214135 ps
inst0 ch0:  C_CMD: RDCMD     C_r = 0x08d   at time  147215377 ps
inst0 ch0:  C_CMD: RDCMD     C_f = 0x0fa   at time  147215791 ps
inst0 ch0:  C_CMD: RDCMD     C_r = 0x08d   at time  147217033 ps
inst0 ch0:  C_CMD: RDCMD     C_f = 0x07a   at time  147217447 ps
inst0 ch0:  R_CMD: ACTCMD    R_r0= 0x02    at time  147269197 ps
inst0 ch0:  R_CMD: ACTCMD    R_f0= 0x30    at time  147269611 ps
inst0 ch0:  R_CMD: ACTCMD    R_r1= 0x3f    at time  147270025 ps
inst0 ch0:  R_CMD: ACTCMD    R_f1= 0x3b    at time  147270439 ps
inst0 ch0:  R_CMD: ACTCMD    R_r0= 0x02    at time  147270853 ps
inst0 ch0:  R_CMD: ACTCMD    R_f0= 0x38    at time  147271267 ps
inst0 ch0:  R_CMD: ACTCMD    R_r1= 0x3f    at time  147271681 ps
inst0 ch0:  R_CMD: ACTCMD    R_f1= 0x3b    at time  147272095 ps
inst0 ch0:  C_CMD: WRCMD     C_r = 0x081   at time  147279961 ps
inst0 ch0:  C_CMD: WRCMD     C_f = 0x078   at time  147280375 ps
inst0 ch0:  C_CMD: WRCMD     C_r = 0x081   at time  147281617 ps
inst0 ch0:  C_CMD: WRCMD     C_f = 0x0f8   at time  147282031 ps
inst0 ch0:  C_CMD: WRCMD     C_r = 0x089   at time  147283273 ps
inst0 ch0:  C_CMD: WRCMD     C_f = 0x07a   at time  147283687 ps
inst0 ch0:  C_CMD: WRCMD     C_r = 0x089   at time  147284929 ps
inst0 ch0:  C_CMD: WRCMD     C_f = 0x0fa   at time  147285343 ps
inst0 ch0:  R_CMD: ACTCMD    R_r0= 0x0a    at time  147450529 ps
inst0 ch0:  R_CMD: ACTCMD    R_f0= 0x30    at time  147450943 ps
inst0 ch0:  R_CMD: ACTCMD    R_r1= 0x3f    at time  147451357 ps
inst0 ch0:  R_CMD: ACTCMD    R_f1= 0x3b    at time  147451771 ps
inst0 ch0:  R_CMD: ACTCMD    R_r0= 0x0a    at time  147453013 ps
inst0 ch0:  R_CMD: ACTCMD    R_f0= 0x38    at time  147453427 ps
inst0 ch0:  R_CMD: ACTCMD    R_r1= 0x3f    at time  147453841 ps
inst0 ch0:  R_CMD: ACTCMD    R_f1= 0x3b    at time  147454255 ps
inst0 ch0:  C_CMD: RDCMD     C_r = 0x095   at time  147465433 ps
inst0 ch0:  C_CMD: RDCMD     C_f = 0x078   at time  147465847 ps
inst0 ch0:  C_CMD: RDCMD     C_r = 0x095   at time  147467917 ps
inst0 ch0:  C_CMD: RDCMD     C_f = 0x0f8   at time  147468331 ps
inst0 ch0:  C_CMD: RDCMD     C_r = 0x09d   at time  147468745 ps
inst0 ch0:  C_CMD: RDCMD     C_f = 0x07a   at time  147469159 ps
inst0 ch0:  C_CMD: RDCMD     C_r = 0x09d   at time  147471229 ps
inst0 ch0:  C_CMD: RDCMD     C_f = 0x0fa   at time  147471643 ps
inst0 ch0:  R_CMD: ACTCMD    R_r0= 0x0a    at time  147520909 ps
inst0 ch0:  R_CMD: ACTCMD    R_f0= 0x30    at time  147521323 ps
inst0 ch0:  R_CMD: ACTCMD    R_r1= 0x3f    at time  147521737 ps
inst0 ch0:  R_CMD: ACTCMD    R_f1= 0x3b    at time  147522151 ps
inst0 ch0:  R_CMD: ACTCMD    R_r0= 0x0a    at time  147523393 ps
inst0 ch0:  R_CMD: ACTCMD    R_f0= 0x38    at time  147523807 ps
inst0 ch0:  R_CMD: ACTCMD    R_r1= 0x3f    at time  147524221 ps
inst0 ch0:  R_CMD: ACTCMD    R_f1= 0x3b    at time  147524635 ps
inst0 ch0:  C_CMD: WRCMD     C_r = 0x091   at time  147531673 ps
inst0 ch0:  C_CMD: WRCMD     C_f = 0x078   at time  147532087 ps
inst0 ch0:  C_CMD: WRCMD     C_r = 0x091   at time  147534157 ps
inst0 ch0:  C_CMD: WRCMD     C_f = 0x0f8   at time  147534571 ps
inst0 ch0:  C_CMD: WRCMD     C_r = 0x099   at time  147534985 ps
inst0 ch0:  C_CMD: WRCMD     C_f = 0x07a   at time  147535399 ps
inst0 ch0:  C_CMD: WRCMD     C_r = 0x099   at time  147537469 ps
inst0 ch0:  C_CMD: WRCMD     C_f = 0x0fa   at time  147537883 ps
