inst0 ch0:  R_CMD: ACTCMD    R_r0= 0x0e    at time   33400981 ps
inst0 ch0:  R_CMD: ACTCMD    R_f0= 0x28    at time   33401395 ps
inst0 ch0:  R_CMD: ACTCMD    R_r1= 0x00    at time   33401809 ps
inst0 ch0:  R_CMD: ACTCMD    R_f1= 0x02    at time   33402223 ps
inst0 ch0:  R_CMD: ACTCMD    R_r0= 0x0e    at time   33402637 ps
inst0 ch0:  R_CMD: ACTCMD    R_f0= 0x20    at time   33403051 ps
inst0 ch0:  R_CMD: ACTCMD    R_r1= 0x00    at time   33403465 ps
inst0 ch0:  R_CMD: ACTCMD    R_f1= 0x02    at time   33403879 ps
inst0 ch0:  C_CMD: WRCMD     C_r = 0x091   at time   33411745 ps
inst0 ch0:  C_CMD: WRCMD     C_f = 0x0a9   at time   33412159 ps
inst0 ch0:  C_CMD: WRCMD     C_r = 0x091   at time   33413401 ps
inst0 ch0:  C_CMD: WRCMD     C_f = 0x029   at time   33413815 ps
inst0 ch0:  C_CMD: WRCMD     C_r = 0x091   at time   33415057 ps
inst0 ch0:  C_CMD: WRCMD     C_f = 0x0ab   at time   33415471 ps
inst0 ch0:  C_CMD: WRCMD     C_r = 0x091   at time   33416713 ps
inst0 ch0:  C_CMD: WRCMD     C_f = 0x02b   at time   33417127 ps
inst0 ch0:  C_CMD: WRCMD     C_r = 0x091   at time   33418369 ps
inst0 ch0:  C_CMD: WRCMD     C_f = 0x0a1   at time   33418783 ps
inst0 ch0:  C_CMD: WRCMD     C_r = 0x091   at time   33420025 ps
inst0 ch0:  C_CMD: WRCMD     C_f = 0x021   at time   33420439 ps
inst0 ch0:  C_CMD: WRCMD     C_r = 0x099   at time   33421681 ps
inst0 ch0:  C_CMD: WRCMD     C_f = 0x0a3   at time   33422095 ps
inst0 ch0:  C_CMD: WRCMD     C_r = 0x099   at time   33423337 ps
inst0 ch0:  C_CMD: WRCMD     C_f = 0x023   at time   33423751 ps
inst0 ch0:  R_CMD: ACTCMD    R_r0= 0x2e    at time   37576585 ps
inst0 ch0:  R_CMD: ACTCMD    R_f0= 0x28    at time   37576999 ps
inst0 ch0:  R_CMD: ACTCMD    R_r1= 0x00    at time   37577413 ps
inst0 ch0:  R_CMD: ACTCMD    R_f1= 0x02    at time   37577827 ps
inst0 ch0:  R_CMD: ACTCMD    R_r0= 0x2e    at time   37578241 ps
inst0 ch0:  R_CMD: ACTCMD    R_f0= 0x20    at time   37578655 ps
inst0 ch0:  R_CMD: ACTCMD    R_r1= 0x00    at time   37579069 ps
inst0 ch0:  R_CMD: ACTCMD    R_f1= 0x02    at time   37579483 ps
inst0 ch0:  C_CMD: WRCMD     C_r = 0x0d1   at time   37587349 ps
inst0 ch0:  C_CMD: WRCMD     C_f = 0x0a9   at time   37587763 ps
inst0 ch0:  C_CMD: WRCMD     C_r = 0x0d1   at time   37589005 ps
inst0 ch0:  C_CMD: WRCMD     C_f = 0x029   at time   37589419 ps
inst0 ch0:  C_CMD: WRCMD     C_r = 0x0d1   at time   37590661 ps
inst0 ch0:  C_CMD: WRCMD     C_f = 0x0ab   at time   37591075 ps
inst0 ch0:  C_CMD: WRCMD     C_r = 0x0d1   at time   37592317 ps
inst0 ch0:  C_CMD: WRCMD     C_f = 0x02b   at time   37592731 ps
inst0 ch0:  C_CMD: WRCMD     C_r = 0x0d1   at time   37593973 ps
inst0 ch0:  C_CMD: WRCMD     C_f = 0x0a1   at time   37594387 ps
inst0 ch0:  C_CMD: WRCMD     C_r = 0x0d1   at time   37595629 ps
inst0 ch0:  C_CMD: WRCMD     C_f = 0x021   at time   37596043 ps
inst0 ch0:  C_CMD: WRCMD     C_r = 0x0d9   at time   37597285 ps
inst0 ch0:  C_CMD: WRCMD     C_f = 0x0a3   at time   37597699 ps
inst0 ch0:  C_CMD: WRCMD     C_r = 0x0d9   at time   37598941 ps
inst0 ch0:  C_CMD: WRCMD     C_f = 0x023   at time   37599355 ps
inst0 ch0:  R_CMD: ACTCMD    R_r0= 0x22    at time   54778285 ps
inst0 ch0:  R_CMD: ACTCMD    R_f0= 0x2a    at time   54778699 ps
inst0 ch0:  R_CMD: ACTCMD    R_r1= 0x00    at time   54779113 ps
inst0 ch0:  R_CMD: ACTCMD    R_f1= 0x00    at time   54779527 ps
inst0 ch0:  R_CMD: ACTCMD    R_r0= 0x02    at time   54782425 ps
inst0 ch0:  R_CMD: ACTCMD    R_f0= 0x2a    at time   54782839 ps
inst0 ch0:  R_CMD: ACTCMD    R_r1= 0x00    at time   54783253 ps
inst0 ch0:  R_CMD: ACTCMD    R_f1= 0x00    at time   54783667 ps
inst0 ch0:  R_CMD: ACTCMD    R_r0= 0x22    at time   54784081 ps
inst0 ch0:  R_CMD: ACTCMD    R_f0= 0x22    at time   54784495 ps
inst0 ch0:  R_CMD: ACTCMD    R_r1= 0x00    at time   54784909 ps
inst0 ch0:  R_CMD: ACTCMD    R_f1= 0x00    at time   54785323 ps
inst0 ch0:  R_CMD: ACTCMD    R_r0= 0x22    at time   54786565 ps
inst0 ch0:  R_CMD: ACTCMD    R_f0= 0x0a    at time   54786979 ps
inst0 ch0:  R_CMD: ACTCMD    R_r1= 0x00    at time   54787393 ps
inst0 ch0:  R_CMD: ACTCMD    R_f1= 0x00    at time   54787807 ps
inst0 ch0:  R_CMD: ACTCMD    R_r0= 0x02    at time   54788221 ps
inst0 ch0:  R_CMD: ACTCMD    R_f0= 0x22    at time   54788635 ps
inst0 ch0:  R_CMD: ACTCMD    R_r1= 0x00    at time   54789049 ps
inst0 ch0:  R_CMD: ACTCMD    R_f1= 0x00    at time   54789463 ps
inst0 ch0:  R_CMD: ACTCMD    R_r0= 0x02    at time   54790705 ps
inst0 ch0:  R_CMD: ACTCMD    R_f0= 0x0a    at time   54791119 ps
inst0 ch0:  R_CMD: ACTCMD    R_r1= 0x00    at time   54791533 ps
inst0 ch0:  R_CMD: ACTCMD    R_f1= 0x00    at time   54791947 ps
inst0 ch0:  R_CMD: ACTCMD    R_r0= 0x22    at time   54792361 ps
inst0 ch0:  R_CMD: ACTCMD    R_f0= 0x02    at time   54792775 ps
inst0 ch0:  R_CMD: ACTCMD    R_r1= 0x00    at time   54793189 ps
inst0 ch0:  C_CMD: RDCMD     C_r = 0x0c5   at time   54793189 ps
inst0 ch0:  R_CMD: ACTCMD    R_f1= 0x00    at time   54793603 ps
inst0 ch0:  C_CMD: RDCMD     C_f = 0x080   at time   54793603 ps
inst0 ch0:  R_CMD: ACTCMD    R_r0= 0x02    at time   54796501 ps
inst0 ch0:  C_CMD: RDCMD     C_r = 0x0cd   at time   54796501 ps
inst0 ch0:  R_CMD: ACTCMD    R_f0= 0x02    at time   54796915 ps
inst0 ch0:  C_CMD: RDCMD     C_f = 0x082   at time   54796915 ps
inst0 ch0:  R_CMD: ACTCMD    R_r1= 0x00    at time   54797329 ps
inst0 ch0:  R_CMD: ACTCMD    R_f1= 0x00    at time   54797743 ps
inst0 ch0:  C_CMD: RDCMD     C_r = 0x085   at time   54798157 ps
inst0 ch0:  C_CMD: RDCMD     C_f = 0x080   at time   54798571 ps
inst0 ch0:  C_CMD: RDCMD     C_r = 0x0c5   at time   54798985 ps
inst0 ch0:  C_CMD: RDCMD     C_f = 0x000   at time   54799399 ps
inst0 ch0:  C_CMD: RDCMD     C_r = 0x08d   at time   54801469 ps
inst0 ch0:  C_CMD: RDCMD     C_f = 0x082   at time   54801883 ps
inst0 ch0:  C_CMD: RDCMD     C_r = 0x0cd   at time   54802297 ps
inst0 ch0:  C_CMD: RDCMD     C_f = 0x002   at time   54802711 ps
inst0 ch0:  C_CMD: RDCMD     C_r = 0x045   at time   54803125 ps
inst0 ch0:  C_CMD: RDCMD     C_f = 0x080   at time   54803539 ps
inst0 ch0:  C_CMD: RDCMD     C_r = 0x085   at time   54803953 ps
inst0 ch0:  C_CMD: RDCMD     C_f = 0x000   at time   54804367 ps
inst0 ch0:  C_CMD: RDCMD     C_r = 0x005   at time   54805609 ps
inst0 ch0:  C_CMD: RDCMD     C_f = 0x080   at time   54806023 ps
inst0 ch0:  C_CMD: RDCMD     C_r = 0x04d   at time   54807265 ps
inst0 ch0:  C_CMD: RDCMD     C_f = 0x082   at time   54807679 ps
inst0 ch0:  C_CMD: RDCMD     C_r = 0x08d   at time   54808093 ps
inst0 ch0:  C_CMD: RDCMD     C_f = 0x002   at time   54808507 ps
inst0 ch0:  C_CMD: RDCMD     C_r = 0x00d   at time   54808921 ps
inst0 ch0:  C_CMD: RDCMD     C_f = 0x082   at time   54809335 ps
inst0 ch0:  C_CMD: RDCMD     C_r = 0x045   at time   54809749 ps
inst0 ch0:  C_CMD: RDCMD     C_f = 0x000   at time   54810163 ps
inst0 ch0:  C_CMD: RDCMD     C_r = 0x005   at time   54811405 ps
inst0 ch0:  C_CMD: RDCMD     C_f = 0x000   at time   54811819 ps
inst0 ch0:  C_CMD: RDCMD     C_r = 0x04d   at time   54813061 ps
inst0 ch0:  C_CMD: RDCMD     C_f = 0x002   at time   54813475 ps
inst0 ch0:  C_CMD: RDCMD     C_r = 0x00d   at time   54814717 ps
inst0 ch0:  C_CMD: RDCMD     C_f = 0x002   at time   54815131 ps
inst0 ch0:  R_CMD: ACTCMD    R_r0= 0x2a    at time   55236997 ps
inst0 ch0:  R_CMD: ACTCMD    R_f0= 0x2a    at time   55237411 ps
inst0 ch0:  R_CMD: ACTCMD    R_r1= 0x00    at time   55237825 ps
inst0 ch0:  R_CMD: ACTCMD    R_f1= 0x00    at time   55238239 ps
inst0 ch0:  R_CMD: ACTCMD    R_r0= 0x0a    at time   55241137 ps
inst0 ch0:  R_CMD: ACTCMD    R_f0= 0x2a    at time   55241551 ps
inst0 ch0:  R_CMD: ACTCMD    R_r1= 0x00    at time   55241965 ps
inst0 ch0:  R_CMD: ACTCMD    R_f1= 0x00    at time   55242379 ps
inst0 ch0:  R_CMD: ACTCMD    R_r0= 0x2a    at time   55245277 ps
inst0 ch0:  R_CMD: ACTCMD    R_f0= 0x0a    at time   55245691 ps
inst0 ch0:  R_CMD: ACTCMD    R_r1= 0x00    at time   55246105 ps
inst0 ch0:  R_CMD: ACTCMD    R_f1= 0x00    at time   55246519 ps
inst0 ch0:  R_CMD: ACTCMD    R_r0= 0x0a    at time   55249417 ps
inst0 ch0:  R_CMD: ACTCMD    R_f0= 0x0a    at time   55249831 ps
inst0 ch0:  R_CMD: ACTCMD    R_r1= 0x00    at time   55250245 ps
inst0 ch0:  R_CMD: ACTCMD    R_f1= 0x00    at time   55250659 ps
inst0 ch0:  C_CMD: RDCMD     C_r = 0x0d5   at time   55251901 ps
inst0 ch0:  C_CMD: RDCMD     C_f = 0x080   at time   55252315 ps
inst0 ch0:  C_CMD: RDCMD     C_r = 0x0dd   at time   55255213 ps
inst0 ch0:  C_CMD: RDCMD     C_f = 0x082   at time   55255627 ps
inst0 ch0:  C_CMD: RDCMD     C_r = 0x095   at time   55256869 ps
inst0 ch0:  C_CMD: RDCMD     C_f = 0x080   at time   55257283 ps
inst0 ch0:  C_CMD: RDCMD     C_r = 0x09d   at time   55260181 ps
inst0 ch0:  C_CMD: RDCMD     C_f = 0x082   at time   55260595 ps
inst0 ch0:  C_CMD: RDCMD     C_r = 0x055   at time   55261837 ps
inst0 ch0:  C_CMD: RDCMD     C_f = 0x080   at time   55262251 ps
inst0 ch0:  C_CMD: RDCMD     C_r = 0x015   at time   55264321 ps
inst0 ch0:  C_CMD: RDCMD     C_f = 0x080   at time   55264735 ps
inst0 ch0:  C_CMD: RDCMD     C_r = 0x05d   at time   55265977 ps
inst0 ch0:  C_CMD: RDCMD     C_f = 0x082   at time   55266391 ps
inst0 ch0:  C_CMD: RDCMD     C_r = 0x01d   at time   55267633 ps
inst0 ch0:  C_CMD: RDCMD     C_f = 0x082   at time   55268047 ps
inst0 ch0:  R_CMD: ACTCMD    R_r0= 0x2a    at time   55377757 ps
inst0 ch0:  R_CMD: ACTCMD    R_f0= 0x22    at time   55378171 ps
inst0 ch0:  R_CMD: ACTCMD    R_r1= 0x00    at time   55378585 ps
inst0 ch0:  R_CMD: ACTCMD    R_f1= 0x00    at time   55378999 ps
inst0 ch0:  R_CMD: ACTCMD    R_r0= 0x0a    at time   55381897 ps
inst0 ch0:  R_CMD: ACTCMD    R_f0= 0x22    at time   55382311 ps
inst0 ch0:  R_CMD: ACTCMD    R_r1= 0x00    at time   55382725 ps
inst0 ch0:  R_CMD: ACTCMD    R_f1= 0x00    at time   55383139 ps
inst0 ch0:  R_CMD: ACTCMD    R_r0= 0x2a    at time   55386037 ps
inst0 ch0:  R_CMD: ACTCMD    R_f0= 0x02    at time   55386451 ps
inst0 ch0:  R_CMD: ACTCMD    R_r1= 0x00    at time   55386865 ps
inst0 ch0:  R_CMD: ACTCMD    R_f1= 0x00    at time   55387279 ps
inst0 ch0:  R_CMD: ACTCMD    R_r0= 0x0a    at time   55390177 ps
inst0 ch0:  R_CMD: ACTCMD    R_f0= 0x02    at time   55390591 ps
inst0 ch0:  R_CMD: ACTCMD    R_r1= 0x00    at time   55391005 ps
inst0 ch0:  R_CMD: ACTCMD    R_f1= 0x00    at time   55391419 ps
inst0 ch0:  C_CMD: RDCMD     C_r = 0x0d5   at time   55392661 ps
inst0 ch0:  C_CMD: RDCMD     C_f = 0x000   at time   55393075 ps
inst0 ch0:  C_CMD: RDCMD     C_r = 0x0dd   at time   55395973 ps
inst0 ch0:  C_CMD: RDCMD     C_f = 0x002   at time   55396387 ps
inst0 ch0:  C_CMD: RDCMD     C_r = 0x095   at time   55397629 ps
inst0 ch0:  C_CMD: RDCMD     C_f = 0x000   at time   55398043 ps
inst0 ch0:  C_CMD: RDCMD     C_r = 0x09d   at time   55400941 ps
inst0 ch0:  C_CMD: RDCMD     C_f = 0x002   at time   55401355 ps
inst0 ch0:  C_CMD: RDCMD     C_r = 0x055   at time   55402597 ps
inst0 ch0:  C_CMD: RDCMD     C_f = 0x000   at time   55403011 ps
inst0 ch0:  C_CMD: RDCMD     C_r = 0x015   at time   55405081 ps
inst0 ch0:  C_CMD: RDCMD     C_f = 0x000   at time   55405495 ps
inst0 ch0:  C_CMD: RDCMD     C_r = 0x05d   at time   55406737 ps
inst0 ch0:  C_CMD: RDCMD     C_f = 0x002   at time   55407151 ps
inst0 ch0:  C_CMD: RDCMD     C_r = 0x01d   at time   55408393 ps
inst0 ch0:  C_CMD: RDCMD     C_f = 0x002   at time   55408807 ps
inst0 ch0:  R_CMD: ACTCMD    R_r0= 0x32    at time   55417501 ps
inst0 ch0:  R_CMD: ACTCMD    R_f0= 0x2a    at time   55417915 ps
inst0 ch0:  R_CMD: ACTCMD    R_r1= 0x00    at time   55418329 ps
inst0 ch0:  R_CMD: ACTCMD    R_f1= 0x00    at time   55418743 ps
inst0 ch0:  R_CMD: ACTCMD    R_r0= 0x12    at time   55421641 ps
inst0 ch0:  R_CMD: ACTCMD    R_f0= 0x2a    at time   55422055 ps
inst0 ch0:  R_CMD: ACTCMD    R_r1= 0x00    at time   55422469 ps
inst0 ch0:  R_CMD: ACTCMD    R_f1= 0x00    at time   55422883 ps
inst0 ch0:  R_CMD: ACTCMD    R_r0= 0x32    at time   55425781 ps
inst0 ch0:  R_CMD: ACTCMD    R_f0= 0x0a    at time   55426195 ps
inst0 ch0:  R_CMD: ACTCMD    R_r1= 0x00    at time   55426609 ps
inst0 ch0:  R_CMD: ACTCMD    R_f1= 0x00    at time   55427023 ps
inst0 ch0:  R_CMD: ACTCMD    R_r0= 0x12    at time   55429921 ps
inst0 ch0:  R_CMD: ACTCMD    R_f0= 0x0a    at time   55430335 ps
inst0 ch0:  R_CMD: ACTCMD    R_r1= 0x00    at time   55430749 ps
inst0 ch0:  R_CMD: ACTCMD    R_f1= 0x00    at time   55431163 ps
inst0 ch0:  C_CMD: RDCMD     C_r = 0x0e5   at time   55432405 ps
inst0 ch0:  C_CMD: RDCMD     C_f = 0x080   at time   55432819 ps
inst0 ch0:  C_CMD: RDCMD     C_r = 0x0ed   at time   55435717 ps
inst0 ch0:  C_CMD: RDCMD     C_f = 0x082   at time   55436131 ps
inst0 ch0:  C_CMD: RDCMD     C_r = 0x0a5   at time   55437373 ps
inst0 ch0:  C_CMD: RDCMD     C_f = 0x080   at time   55437787 ps
inst0 ch0:  C_CMD: RDCMD     C_r = 0x0ad   at time   55440685 ps
inst0 ch0:  C_CMD: RDCMD     C_f = 0x082   at time   55441099 ps
inst0 ch0:  C_CMD: RDCMD     C_r = 0x065   at time   55442341 ps
inst0 ch0:  C_CMD: RDCMD     C_f = 0x080   at time   55442755 ps
inst0 ch0:  C_CMD: RDCMD     C_r = 0x025   at time   55444825 ps
inst0 ch0:  C_CMD: RDCMD     C_f = 0x080   at time   55445239 ps
inst0 ch0:  C_CMD: RDCMD     C_r = 0x06d   at time   55446481 ps
inst0 ch0:  C_CMD: RDCMD     C_f = 0x082   at time   55446895 ps
inst0 ch0:  C_CMD: RDCMD     C_r = 0x02d   at time   55448137 ps
inst0 ch0:  C_CMD: RDCMD     C_f = 0x082   at time   55448551 ps
inst0 ch0:  R_CMD: ACTCMD    R_r0= 0x32    at time   55655137 ps
inst0 ch0:  R_CMD: ACTCMD    R_f0= 0x22    at time   55655551 ps
inst0 ch0:  R_CMD: ACTCMD    R_r1= 0x00    at time   55655965 ps
inst0 ch0:  R_CMD: ACTCMD    R_f1= 0x00    at time   55656379 ps
inst0 ch0:  R_CMD: ACTCMD    R_r0= 0x12    at time   55659277 ps
inst0 ch0:  R_CMD: ACTCMD    R_f0= 0x22    at time   55659691 ps
inst0 ch0:  R_CMD: ACTCMD    R_r1= 0x00    at time   55660105 ps
inst0 ch0:  R_CMD: ACTCMD    R_f1= 0x00    at time   55660519 ps
inst0 ch0:  R_CMD: ACTCMD    R_r0= 0x32    at time   55663417 ps
inst0 ch0:  R_CMD: ACTCMD    R_f0= 0x02    at time   55663831 ps
inst0 ch0:  R_CMD: ACTCMD    R_r1= 0x00    at time   55664245 ps
inst0 ch0:  R_CMD: ACTCMD    R_f1= 0x00    at time   55664659 ps
inst0 ch0:  R_CMD: ACTCMD    R_r0= 0x12    at time   55667557 ps
inst0 ch0:  R_CMD: ACTCMD    R_f0= 0x02    at time   55667971 ps
inst0 ch0:  R_CMD: ACTCMD    R_r1= 0x00    at time   55668385 ps
inst0 ch0:  R_CMD: ACTCMD    R_f1= 0x00    at time   55668799 ps
inst0 ch0:  C_CMD: RDCMD     C_r = 0x0e5   at time   55670041 ps
inst0 ch0:  C_CMD: RDCMD     C_f = 0x000   at time   55670455 ps
inst0 ch0:  C_CMD: RDCMD     C_r = 0x0ed   at time   55673353 ps
inst0 ch0:  C_CMD: RDCMD     C_f = 0x002   at time   55673767 ps
inst0 ch0:  C_CMD: RDCMD     C_r = 0x0a5   at time   55675009 ps
inst0 ch0:  C_CMD: RDCMD     C_f = 0x000   at time   55675423 ps
inst0 ch0:  C_CMD: RDCMD     C_r = 0x0ad   at time   55678321 ps
inst0 ch0:  C_CMD: RDCMD     C_f = 0x002   at time   55678735 ps
inst0 ch0:  C_CMD: RDCMD     C_r = 0x065   at time   55679977 ps
inst0 ch0:  C_CMD: RDCMD     C_f = 0x000   at time   55680391 ps
inst0 ch0:  C_CMD: RDCMD     C_r = 0x025   at time   55682461 ps
inst0 ch0:  C_CMD: RDCMD     C_f = 0x000   at time   55682875 ps
inst0 ch0:  C_CMD: RDCMD     C_r = 0x06d   at time   55684117 ps
inst0 ch0:  C_CMD: RDCMD     C_f = 0x002   at time   55684531 ps
inst0 ch0:  C_CMD: RDCMD     C_r = 0x02d   at time   55685773 ps
inst0 ch0:  C_CMD: RDCMD     C_f = 0x002   at time   55686187 ps
inst0 ch0:  R_CMD: ACTCMD    R_r0= 0x3a    at time   55722205 ps
inst0 ch0:  R_CMD: ACTCMD    R_f0= 0x2a    at time   55722619 ps
inst0 ch0:  R_CMD: ACTCMD    R_r1= 0x00    at time   55723033 ps
inst0 ch0:  R_CMD: ACTCMD    R_f1= 0x00    at time   55723447 ps
inst0 ch0:  R_CMD: ACTCMD    R_r0= 0x1a    at time   55726345 ps
inst0 ch0:  R_CMD: ACTCMD    R_f0= 0x2a    at time   55726759 ps
inst0 ch0:  R_CMD: ACTCMD    R_r1= 0x00    at time   55727173 ps
inst0 ch0:  R_CMD: ACTCMD    R_f1= 0x00    at time   55727587 ps
inst0 ch0:  R_CMD: ACTCMD    R_r0= 0x3a    at time   55730485 ps
inst0 ch0:  R_CMD: ACTCMD    R_f0= 0x0a    at time   55730899 ps
inst0 ch0:  R_CMD: ACTCMD    R_r1= 0x00    at time   55731313 ps
inst0 ch0:  R_CMD: ACTCMD    R_f1= 0x00    at time   55731727 ps
inst0 ch0:  R_CMD: ACTCMD    R_r0= 0x1a    at time   55734625 ps
inst0 ch0:  R_CMD: ACTCMD    R_f0= 0x0a    at time   55735039 ps
inst0 ch0:  R_CMD: ACTCMD    R_r1= 0x00    at time   55735453 ps
inst0 ch0:  R_CMD: ACTCMD    R_f1= 0x00    at time   55735867 ps
inst0 ch0:  C_CMD: RDCMD     C_r = 0x0f5   at time   55737109 ps
inst0 ch0:  C_CMD: RDCMD     C_f = 0x080   at time   55737523 ps
inst0 ch0:  C_CMD: RDCMD     C_r = 0x0fd   at time   55740421 ps
inst0 ch0:  C_CMD: RDCMD     C_f = 0x082   at time   55740835 ps
inst0 ch0:  C_CMD: RDCMD     C_r = 0x0b5   at time   55742077 ps
inst0 ch0:  C_CMD: RDCMD     C_f = 0x080   at time   55742491 ps
inst0 ch0:  C_CMD: RDCMD     C_r = 0x0bd   at time   55745389 ps
inst0 ch0:  C_CMD: RDCMD     C_f = 0x082   at time   55745803 ps
inst0 ch0:  C_CMD: RDCMD     C_r = 0x075   at time   55747045 ps
inst0 ch0:  C_CMD: RDCMD     C_f = 0x080   at time   55747459 ps
inst0 ch0:  C_CMD: RDCMD     C_r = 0x035   at time   55749529 ps
inst0 ch0:  C_CMD: RDCMD     C_f = 0x080   at time   55749943 ps
inst0 ch0:  C_CMD: RDCMD     C_r = 0x07d   at time   55751185 ps
inst0 ch0:  C_CMD: RDCMD     C_f = 0x082   at time   55751599 ps
inst0 ch0:  C_CMD: RDCMD     C_r = 0x03d   at time   55752841 ps
inst0 ch0:  C_CMD: RDCMD     C_f = 0x082   at time   55753255 ps
inst0 ch0:  R_CMD: ACTCMD    R_r0= 0x3a    at time   56043469 ps
inst0 ch0:  R_CMD: ACTCMD    R_f0= 0x22    at time   56043883 ps
inst0 ch0:  R_CMD: ACTCMD    R_r1= 0x00    at time   56044297 ps
inst0 ch0:  R_CMD: ACTCMD    R_f1= 0x00    at time   56044711 ps
inst0 ch0:  R_CMD: ACTCMD    R_r0= 0x1a    at time   56047609 ps
inst0 ch0:  R_CMD: ACTCMD    R_f0= 0x22    at time   56048023 ps
inst0 ch0:  R_CMD: ACTCMD    R_r1= 0x00    at time   56048437 ps
inst0 ch0:  R_CMD: ACTCMD    R_f1= 0x00    at time   56048851 ps
inst0 ch0:  R_CMD: ACTCMD    R_r0= 0x3a    at time   56051749 ps
inst0 ch0:  R_CMD: ACTCMD    R_f0= 0x02    at time   56052163 ps
inst0 ch0:  R_CMD: ACTCMD    R_r1= 0x00    at time   56052577 ps
inst0 ch0:  R_CMD: ACTCMD    R_f1= 0x00    at time   56052991 ps
inst0 ch0:  R_CMD: ACTCMD    R_r0= 0x1a    at time   56055889 ps
inst0 ch0:  R_CMD: ACTCMD    R_f0= 0x02    at time   56056303 ps
inst0 ch0:  R_CMD: ACTCMD    R_r1= 0x00    at time   56056717 ps
inst0 ch0:  R_CMD: ACTCMD    R_f1= 0x00    at time   56057131 ps
inst0 ch0:  C_CMD: RDCMD     C_r = 0x0f5   at time   56058373 ps
inst0 ch0:  C_CMD: RDCMD     C_f = 0x000   at time   56058787 ps
inst0 ch0:  C_CMD: RDCMD     C_r = 0x0fd   at time   56061685 ps
inst0 ch0:  C_CMD: RDCMD     C_f = 0x002   at time   56062099 ps
inst0 ch0:  C_CMD: RDCMD     C_r = 0x0b5   at time   56063341 ps
inst0 ch0:  C_CMD: RDCMD     C_f = 0x000   at time   56063755 ps
inst0 ch0:  C_CMD: RDCMD     C_r = 0x0bd   at time   56066653 ps
inst0 ch0:  C_CMD: RDCMD     C_f = 0x002   at time   56067067 ps
inst0 ch0:  C_CMD: RDCMD     C_r = 0x075   at time   56068309 ps
inst0 ch0:  C_CMD: RDCMD     C_f = 0x000   at time   56068723 ps
inst0 ch0:  C_CMD: RDCMD     C_r = 0x035   at time   56070793 ps
inst0 ch0:  C_CMD: RDCMD     C_f = 0x000   at time   56071207 ps
inst0 ch0:  C_CMD: RDCMD     C_r = 0x07d   at time   56072449 ps
inst0 ch0:  C_CMD: RDCMD     C_f = 0x002   at time   56072863 ps
inst0 ch0:  C_CMD: RDCMD     C_r = 0x03d   at time   56074105 ps
inst0 ch0:  C_CMD: RDCMD     C_f = 0x002   at time   56074519 ps
inst0 ch0:  R_CMD: ACTCMD    R_r0= 0x02    at time   56363905 ps
inst0 ch0:  R_CMD: ACTCMD    R_f0= 0x18    at time   56364319 ps
inst0 ch0:  R_CMD: ACTCMD    R_r1= 0x3f    at time   56364733 ps
inst0 ch0:  R_CMD: ACTCMD    R_f1= 0x3b    at time   56365147 ps
inst0 ch0:  C_CMD: WRCMD     C_r = 0x009   at time   56374669 ps
inst0 ch0:  C_CMD: WRCMD     C_f = 0x0fa   at time   56375083 ps
inst0 ch0:  R_CMD: ACTCMD    R_r0= 0x02    at time   56578357 ps
inst0 ch0:  R_CMD: ACTCMD    R_f0= 0x10    at time   56578771 ps
inst0 ch0:  R_CMD: ACTCMD    R_r1= 0x3f    at time   56579185 ps
inst0 ch0:  R_CMD: ACTCMD    R_f1= 0x3b    at time   56579599 ps
inst0 ch0:  C_CMD: WRCMD     C_r = 0x009   at time   56589121 ps
inst0 ch0:  C_CMD: WRCMD     C_f = 0x07a   at time   56589535 ps
inst0 ch0:  R_CMD: ACTCMD    R_r0= 0x0a    at time   56731537 ps
inst0 ch0:  R_CMD: ACTCMD    R_f0= 0x18    at time   56731951 ps
inst0 ch0:  R_CMD: ACTCMD    R_r1= 0x3f    at time   56732365 ps
inst0 ch0:  R_CMD: ACTCMD    R_f1= 0x3b    at time   56732779 ps
inst0 ch0:  C_CMD: WRCMD     C_r = 0x019   at time   56742301 ps
inst0 ch0:  C_CMD: WRCMD     C_f = 0x0fa   at time   56742715 ps
inst0 ch0:  R_CMD: ACTCMD    R_r0= 0x02    at time   56872297 ps
inst0 ch0:  R_CMD: ACTCMD    R_f0= 0x38    at time   56872711 ps
inst0 ch0:  R_CMD: ACTCMD    R_r1= 0x3f    at time   56873125 ps
inst0 ch0:  R_CMD: ACTCMD    R_f1= 0x3b    at time   56873539 ps
inst0 ch0:  C_CMD: WRCMD     C_r = 0x089   at time   56883061 ps
inst0 ch0:  C_CMD: WRCMD     C_f = 0x0fa   at time   56883475 ps
inst0 ch0:  R_CMD: ACTCMD    R_r0= 0x0a    at time   56957581 ps
inst0 ch0:  R_CMD: ACTCMD    R_f0= 0x10    at time   56957995 ps
inst0 ch0:  R_CMD: ACTCMD    R_r1= 0x3f    at time   56958409 ps
inst0 ch0:  R_CMD: ACTCMD    R_f1= 0x3b    at time   56958823 ps
inst0 ch0:  C_CMD: WRCMD     C_r = 0x019   at time   56968345 ps
inst0 ch0:  C_CMD: WRCMD     C_f = 0x07a   at time   56968759 ps
inst0 ch0:  R_CMD: ACTCMD    R_r0= 0x0a    at time   57095029 ps
inst0 ch0:  R_CMD: ACTCMD    R_f0= 0x38    at time   57095443 ps
inst0 ch0:  R_CMD: ACTCMD    R_r1= 0x3f    at time   57095857 ps
inst0 ch0:  R_CMD: ACTCMD    R_f1= 0x3b    at time   57096271 ps
inst0 ch0:  C_CMD: WRCMD     C_r = 0x099   at time   57105793 ps
inst0 ch0:  C_CMD: WRCMD     C_f = 0x0fa   at time   57106207 ps
inst0 ch0:  R_CMD: ACTCMD    R_r0= 0x02    at time   57216745 ps
inst0 ch0:  R_CMD: ACTCMD    R_f0= 0x30    at time   57217159 ps
inst0 ch0:  R_CMD: ACTCMD    R_r1= 0x3f    at time   57217573 ps
inst0 ch0:  R_CMD: ACTCMD    R_f1= 0x3b    at time   57217987 ps
inst0 ch0:  C_CMD: WRCMD     C_r = 0x089   at time   57227509 ps
inst0 ch0:  C_CMD: WRCMD     C_f = 0x07a   at time   57227923 ps
inst0 ch0:  R_CMD: ACTCMD    R_r0= 0x0a    at time   57462661 ps
inst0 ch0:  R_CMD: ACTCMD    R_f0= 0x30    at time   57463075 ps
inst0 ch0:  R_CMD: ACTCMD    R_r1= 0x3f    at time   57463489 ps
inst0 ch0:  R_CMD: ACTCMD    R_f1= 0x3b    at time   57463903 ps
inst0 ch0:  C_CMD: WRCMD     C_r = 0x099   at time   57473425 ps
inst0 ch0:  C_CMD: WRCMD     C_f = 0x07a   at time   57473839 ps
inst0 ch0:  R_CMD: ACTCMD    R_r0= 0x0a    at time   58308049 ps
inst0 ch0:  R_CMD: ACTCMD    R_f0= 0x1b    at time   58308463 ps
inst0 ch0:  R_CMD: ACTCMD    R_r1= 0x3f    at time   58308877 ps
inst0 ch0:  R_CMD: ACTCMD    R_f1= 0x3b    at time   58309291 ps
inst0 ch0:  C_CMD: WRCMD     C_r = 0x019   at time   58318813 ps
inst0 ch0:  C_CMD: WRCMD     C_f = 0x090   at time   58319227 ps
inst0 ch0:  R_CMD: ACTCMD    R_r0= 0x0a    at time   58905865 ps
inst0 ch0:  R_CMD: ACTCMD    R_f0= 0x13    at time   58906279 ps
inst0 ch0:  R_CMD: ACTCMD    R_r1= 0x3f    at time   58906693 ps
inst0 ch0:  R_CMD: ACTCMD    R_f1= 0x3b    at time   58907107 ps
inst0 ch0:  R_CMD: ACTCMD    R_r0= 0x02    at time   58907521 ps
inst0 ch0:  R_CMD: ACTCMD    R_f0= 0x1b    at time   58907935 ps
inst0 ch0:  R_CMD: ACTCMD    R_r1= 0x3f    at time   58908349 ps
inst0 ch0:  R_CMD: ACTCMD    R_f1= 0x3b    at time   58908763 ps
inst0 ch0:  C_CMD: WRCMD     C_r = 0x019   at time   58916629 ps
inst0 ch0:  C_CMD: WRCMD     C_f = 0x010   at time   58917043 ps
inst0 ch0:  C_CMD: WRCMD     C_r = 0x009   at time   58918285 ps
inst0 ch0:  C_CMD: WRCMD     C_f = 0x080   at time   58918699 ps
inst0 ch0:  R_CMD: ACTCMD    R_r0= 0x02    at time   59324833 ps
inst0 ch0:  R_CMD: ACTCMD    R_f0= 0x13    at time   59325247 ps
inst0 ch0:  R_CMD: ACTCMD    R_r1= 0x3f    at time   59325661 ps
inst0 ch0:  R_CMD: ACTCMD    R_f1= 0x3b    at time   59326075 ps
inst0 ch0:  C_CMD: WRCMD     C_r = 0x009   at time   59335597 ps
inst0 ch0:  C_CMD: WRCMD     C_f = 0x000   at time   59336011 ps
inst0 ch0:  R_CMD: ACTCMD    R_r0= 0x02    at time   60527917 ps
inst0 ch0:  R_CMD: ACTCMD    R_f0= 0x08    at time   60528331 ps
inst0 ch0:  R_CMD: ACTCMD    R_r1= 0x00    at time   60528745 ps
inst0 ch0:  R_CMD: ACTCMD    R_f1= 0x00    at time   60529159 ps
inst0 ch0:  R_CMD: ACTCMD    R_r0= 0x2e    at time   60541993 ps
inst0 ch0:  R_CMD: ACTCMD    R_f0= 0x20    at time   60542407 ps
inst0 ch0:  R_CMD: ACTCMD    R_r1= 0x00    at time   60542821 ps
inst0 ch0:  C_CMD: RDCMD     C_r = 0x005   at time   60542821 ps
inst0 ch0:  R_CMD: ACTCMD    R_f1= 0x02    at time   60543235 ps
inst0 ch0:  C_CMD: RDCMD     C_f = 0x098   at time   60543235 ps
inst0 ch0:  C_CMD: RDCMD     C_r = 0x005   at time   60546133 ps
inst0 ch0:  C_CMD: RDCMD     C_f = 0x09a   at time   60546547 ps
inst0 ch0:  C_CMD: RDCMD     C_r = 0x005   at time   60549445 ps
inst0 ch0:  C_CMD: RDCMD     C_f = 0x090   at time   60549859 ps
inst0 ch0:  C_CMD: RDCMD     C_r = 0x005   at time   60552757 ps
inst0 ch0:  C_CMD: RDCMD     C_f = 0x092   at time   60553171 ps
inst0 ch0:  C_CMD: RDCMD     C_r = 0x005   at time   60556069 ps
inst0 ch0:  C_CMD: RDCMD     C_f = 0x088   at time   60556483 ps
inst0 ch0:  C_CMD: RDCMD     C_r = 0x0d5   at time   60556897 ps
inst0 ch0:  C_CMD: RDCMD     C_f = 0x021   at time   60557311 ps
inst0 ch0:  C_CMD: RDCMD     C_r = 0x005   at time   60560209 ps
inst0 ch0:  C_CMD: RDCMD     C_f = 0x08a   at time   60560623 ps
inst0 ch0:  C_CMD: RDCMD     C_r = 0x0dd   at time   60561037 ps
inst0 ch0:  C_CMD: RDCMD     C_f = 0x023   at time   60561451 ps
inst0 ch0:  C_CMD: RDCMD     C_r = 0x005   at time   60564349 ps
inst0 ch0:  C_CMD: RDCMD     C_f = 0x080   at time   60564763 ps
inst0 ch0:  C_CMD: RDCMD     C_r = 0x00d   at time   60567661 ps
inst0 ch0:  C_CMD: RDCMD     C_f = 0x082   at time   60568075 ps
inst0 ch0:  R_CMD: ACTCMD    R_r0= 0x0a    at time   60722497 ps
inst0 ch0:  R_CMD: ACTCMD    R_f0= 0x08    at time   60722911 ps
inst0 ch0:  R_CMD: ACTCMD    R_r1= 0x00    at time   60723325 ps
inst0 ch0:  R_CMD: ACTCMD    R_f1= 0x00    at time   60723739 ps
inst0 ch0:  C_CMD: RDCMD     C_r = 0x015   at time   60737401 ps
inst0 ch0:  C_CMD: RDCMD     C_f = 0x098   at time   60737815 ps
inst0 ch0:  C_CMD: RDCMD     C_r = 0x015   at time   60740713 ps
inst0 ch0:  C_CMD: RDCMD     C_f = 0x09a   at time   60741127 ps
inst0 ch0:  C_CMD: RDCMD     C_r = 0x015   at time   60744025 ps
inst0 ch0:  C_CMD: RDCMD     C_f = 0x090   at time   60744439 ps
inst0 ch0:  C_CMD: RDCMD     C_r = 0x015   at time   60747337 ps
inst0 ch0:  C_CMD: RDCMD     C_f = 0x092   at time   60747751 ps
inst0 ch0:  C_CMD: RDCMD     C_r = 0x015   at time   60750649 ps
inst0 ch0:  C_CMD: RDCMD     C_f = 0x088   at time   60751063 ps
inst0 ch0:  R_CMD: ACTCMD    R_r0= 0x02    at time   60751477 ps
inst0 ch0:  R_CMD: ACTCMD    R_f0= 0x00    at time   60751891 ps
inst0 ch0:  R_CMD: ACTCMD    R_r1= 0x00    at time   60752305 ps
inst0 ch0:  R_CMD: ACTCMD    R_f1= 0x00    at time   60752719 ps
inst0 ch0:  C_CMD: RDCMD     C_r = 0x015   at time   60753961 ps
inst0 ch0:  C_CMD: RDCMD     C_f = 0x08a   at time   60754375 ps
inst0 ch0:  C_CMD: RDCMD     C_r = 0x015   at time   60757273 ps
inst0 ch0:  C_CMD: RDCMD     C_f = 0x080   at time   60757687 ps
inst0 ch0:  C_CMD: RDCMD     C_r = 0x01d   at time   60760585 ps
inst0 ch0:  C_CMD: RDCMD     C_f = 0x082   at time   60760999 ps
inst0 ch0:  C_CMD: RDCMD     C_r = 0x005   at time   60766381 ps
inst0 ch0:  C_CMD: RDCMD     C_f = 0x018   at time   60766795 ps
inst0 ch0:  C_CMD: RDCMD     C_r = 0x005   at time   60769693 ps
inst0 ch0:  C_CMD: RDCMD     C_f = 0x01a   at time   60770107 ps
inst0 ch0:  C_CMD: RDCMD     C_r = 0x005   at time   60773005 ps
inst0 ch0:  C_CMD: RDCMD     C_f = 0x010   at time   60773419 ps
inst0 ch0:  C_CMD: RDCMD     C_r = 0x005   at time   60776317 ps
inst0 ch0:  C_CMD: RDCMD     C_f = 0x012   at time   60776731 ps
inst0 ch0:  C_CMD: RDCMD     C_r = 0x005   at time   60779629 ps
inst0 ch0:  C_CMD: RDCMD     C_f = 0x008   at time   60780043 ps
inst0 ch0:  C_CMD: RDCMD     C_r = 0x005   at time   60782941 ps
inst0 ch0:  C_CMD: RDCMD     C_f = 0x00a   at time   60783355 ps
inst0 ch0:  C_CMD: RDCMD     C_r = 0x005   at time   60786253 ps
inst0 ch0:  C_CMD: RDCMD     C_f = 0x000   at time   60786667 ps
inst0 ch0:  C_CMD: RDCMD     C_r = 0x00d   at time   60789565 ps
inst0 ch0:  C_CMD: RDCMD     C_f = 0x002   at time   60789979 ps
inst0 ch0:  R_CMD: ACTCMD    R_r0= 0x2e    at time   60869053 ps
inst0 ch0:  R_CMD: ACTCMD    R_f0= 0x28    at time   60869467 ps
inst0 ch0:  R_CMD: ACTCMD    R_r1= 0x00    at time   60869881 ps
inst0 ch0:  R_CMD: ACTCMD    R_f1= 0x02    at time   60870295 ps
inst0 ch0:  C_CMD: RDCMD     C_r = 0x0d5   at time   60883957 ps
inst0 ch0:  C_CMD: RDCMD     C_f = 0x0a1   at time   60884371 ps
inst0 ch0:  C_CMD: RDCMD     C_r = 0x0dd   at time   60887269 ps
inst0 ch0:  C_CMD: RDCMD     C_f = 0x0a3   at time   60887683 ps
inst0 ch0:  R_CMD: ACTCMD    R_r0= 0x0a    at time   61234201 ps
inst0 ch0:  R_CMD: ACTCMD    R_f0= 0x00    at time   61234615 ps
inst0 ch0:  R_CMD: ACTCMD    R_r1= 0x00    at time   61235029 ps
inst0 ch0:  R_CMD: ACTCMD    R_f1= 0x00    at time   61235443 ps
inst0 ch0:  C_CMD: RDCMD     C_r = 0x015   at time   61249105 ps
inst0 ch0:  C_CMD: RDCMD     C_f = 0x018   at time   61249519 ps
inst0 ch0:  C_CMD: RDCMD     C_r = 0x015   at time   61252417 ps
inst0 ch0:  C_CMD: RDCMD     C_f = 0x01a   at time   61252831 ps
inst0 ch0:  C_CMD: RDCMD     C_r = 0x015   at time   61255729 ps
inst0 ch0:  C_CMD: RDCMD     C_f = 0x010   at time   61256143 ps
inst0 ch0:  C_CMD: RDCMD     C_r = 0x015   at time   61259041 ps
inst0 ch0:  C_CMD: RDCMD     C_f = 0x012   at time   61259455 ps
inst0 ch0:  C_CMD: RDCMD     C_r = 0x015   at time   61262353 ps
inst0 ch0:  C_CMD: RDCMD     C_f = 0x008   at time   61262767 ps
inst0 ch0:  C_CMD: RDCMD     C_r = 0x015   at time   61265665 ps
inst0 ch0:  C_CMD: RDCMD     C_f = 0x00a   at time   61266079 ps
inst0 ch0:  C_CMD: RDCMD     C_r = 0x015   at time   61268977 ps
inst0 ch0:  C_CMD: RDCMD     C_f = 0x000   at time   61269391 ps
inst0 ch0:  C_CMD: RDCMD     C_r = 0x01d   at time   61272289 ps
inst0 ch0:  C_CMD: RDCMD     C_f = 0x002   at time   61272703 ps
inst0 ch0:  R_CMD: ACTCMD    R_r0= 0x0a    at time   61307065 ps
inst0 ch0:  R_CMD: ACTCMD    R_f0= 0x08    at time   61307479 ps
inst0 ch0:  R_CMD: ACTCMD    R_r1= 0x00    at time   61307893 ps
inst0 ch0:  R_CMD: ACTCMD    R_f1= 0x00    at time   61308307 ps
inst0 ch0:  C_CMD: WRCMD     C_r = 0x011   at time   61317829 ps
inst0 ch0:  C_CMD: WRCMD     C_f = 0x0b8   at time   61318243 ps
inst0 ch0:  C_CMD: WRCMD     C_r = 0x011   at time   61321141 ps
inst0 ch0:  C_CMD: WRCMD     C_f = 0x0ba   at time   61321555 ps
inst0 ch0:  C_CMD: WRCMD     C_r = 0x011   at time   61324453 ps
inst0 ch0:  C_CMD: WRCMD     C_f = 0x0b0   at time   61324867 ps
inst0 ch0:  C_CMD: WRCMD     C_r = 0x011   at time   61327765 ps
inst0 ch0:  C_CMD: WRCMD     C_f = 0x0b2   at time   61328179 ps
inst0 ch0:  C_CMD: WRCMD     C_r = 0x011   at time   61331077 ps
inst0 ch0:  C_CMD: WRCMD     C_f = 0x0a8   at time   61331491 ps
inst0 ch0:  C_CMD: WRCMD     C_r = 0x011   at time   61334389 ps
inst0 ch0:  C_CMD: WRCMD     C_f = 0x0aa   at time   61334803 ps
inst0 ch0:  C_CMD: WRCMD     C_r = 0x011   at time   61337701 ps
inst0 ch0:  C_CMD: WRCMD     C_f = 0x0a0   at time   61338115 ps
inst0 ch0:  C_CMD: WRCMD     C_r = 0x019   at time   61341013 ps
inst0 ch0:  C_CMD: WRCMD     C_f = 0x0a2   at time   61341427 ps
inst0 ch0:  R_CMD: ACTCMD    R_r0= 0x2e    at time   61413877 ps
inst0 ch0:  R_CMD: ACTCMD    R_f0= 0x20    at time   61414291 ps
inst0 ch0:  R_CMD: ACTCMD    R_r1= 0x00    at time   61414705 ps
inst0 ch0:  R_CMD: ACTCMD    R_f1= 0x02    at time   61415119 ps
inst0 ch0:  C_CMD: RDCMD     C_r = 0x0d5   at time   61428781 ps
inst0 ch0:  C_CMD: RDCMD     C_f = 0x029   at time   61429195 ps
inst0 ch0:  C_CMD: RDCMD     C_r = 0x0dd   at time   61432093 ps
inst0 ch0:  C_CMD: RDCMD     C_f = 0x02b   at time   61432507 ps
inst0 ch0:  R_CMD: ACTCMD    R_r0= 0x0a    at time   61527313 ps
inst0 ch0:  R_CMD: ACTCMD    R_f0= 0x00    at time   61527727 ps
inst0 ch0:  R_CMD: ACTCMD    R_r1= 0x00    at time   61528141 ps
inst0 ch0:  R_CMD: ACTCMD    R_f1= 0x00    at time   61528555 ps
inst0 ch0:  C_CMD: WRCMD     C_r = 0x011   at time   61538077 ps
inst0 ch0:  C_CMD: WRCMD     C_f = 0x038   at time   61538491 ps
inst0 ch0:  C_CMD: WRCMD     C_r = 0x011   at time   61541389 ps
inst0 ch0:  C_CMD: WRCMD     C_f = 0x03a   at time   61541803 ps
inst0 ch0:  C_CMD: WRCMD     C_r = 0x011   at time   61544701 ps
inst0 ch0:  C_CMD: WRCMD     C_f = 0x030   at time   61545115 ps
inst0 ch0:  C_CMD: WRCMD     C_r = 0x011   at time   61548013 ps
inst0 ch0:  C_CMD: WRCMD     C_f = 0x032   at time   61548427 ps
inst0 ch0:  C_CMD: WRCMD     C_r = 0x011   at time   61551325 ps
inst0 ch0:  C_CMD: WRCMD     C_f = 0x028   at time   61551739 ps
inst0 ch0:  C_CMD: WRCMD     C_r = 0x011   at time   61554637 ps
inst0 ch0:  C_CMD: WRCMD     C_f = 0x02a   at time   61555051 ps
inst0 ch0:  C_CMD: WRCMD     C_r = 0x011   at time   61557949 ps
inst0 ch0:  C_CMD: WRCMD     C_f = 0x020   at time   61558363 ps
inst0 ch0:  C_CMD: WRCMD     C_r = 0x019   at time   61561261 ps
inst0 ch0:  C_CMD: WRCMD     C_f = 0x022   at time   61561675 ps
inst0 ch0:  R_CMD: ACTCMD    R_r0= 0x2e    at time   61565401 ps
inst0 ch0:  R_CMD: ACTCMD    R_f0= 0x28    at time   61565815 ps
inst0 ch0:  R_CMD: ACTCMD    R_r1= 0x00    at time   61566229 ps
inst0 ch0:  R_CMD: ACTCMD    R_f1= 0x02    at time   61566643 ps
inst0 ch0:  C_CMD: RDCMD     C_r = 0x0d5   at time   61580305 ps
inst0 ch0:  C_CMD: RDCMD     C_f = 0x0a9   at time   61580719 ps
inst0 ch0:  C_CMD: RDCMD     C_r = 0x0dd   at time   61583617 ps
inst0 ch0:  C_CMD: RDCMD     C_f = 0x0ab   at time   61584031 ps
inst0 ch0:  R_CMD: ACTCMD    R_r0= 0x02    at time   62176465 ps
inst0 ch0:  R_CMD: ACTCMD    R_f0= 0x1b    at time   62176879 ps
inst0 ch0:  R_CMD: ACTCMD    R_r1= 0x3f    at time   62177293 ps
inst0 ch0:  R_CMD: ACTCMD    R_f1= 0x3b    at time   62177707 ps
inst0 ch0:  C_CMD: WRCMD     C_r = 0x009   at time   62187229 ps
inst0 ch0:  C_CMD: WRCMD     C_f = 0x080   at time   62187643 ps
inst0 ch0:  R_CMD: ACTCMD    R_r0= 0x02    at time   62244361 ps
inst0 ch0:  R_CMD: ACTCMD    R_f0= 0x13    at time   62244775 ps
inst0 ch0:  R_CMD: ACTCMD    R_r1= 0x3f    at time   62245189 ps
inst0 ch0:  R_CMD: ACTCMD    R_f1= 0x3b    at time   62245603 ps
inst0 ch0:  C_CMD: WRCMD     C_r = 0x009   at time   62255125 ps
inst0 ch0:  C_CMD: WRCMD     C_f = 0x000   at time   62255539 ps
inst0 ch0:  R_CMD: ACTCMD    R_r0= 0x0a    at time   62505181 ps
inst0 ch0:  R_CMD: ACTCMD    R_f0= 0x19    at time   62505595 ps
inst0 ch0:  R_CMD: ACTCMD    R_r1= 0x3f    at time   62506009 ps
inst0 ch0:  R_CMD: ACTCMD    R_f1= 0x3b    at time   62506423 ps
inst0 ch0:  R_CMD: ACTCMD    R_r0= 0x02    at time   62509321 ps
inst0 ch0:  R_CMD: ACTCMD    R_f0= 0x19    at time   62509735 ps
inst0 ch0:  R_CMD: ACTCMD    R_r1= 0x3f    at time   62510149 ps
inst0 ch0:  R_CMD: ACTCMD    R_f1= 0x3b    at time   62510563 ps
inst0 ch0:  C_CMD: WRCMD     C_r = 0x019   at time   62515945 ps
inst0 ch0:  C_CMD: WRCMD     C_f = 0x0fa   at time   62516359 ps
inst0 ch0:  C_CMD: WRCMD     C_r = 0x009   at time   62520085 ps
inst0 ch0:  C_CMD: WRCMD     C_f = 0x0fa   at time   62520499 ps
inst0 ch0:  R_CMD: ACTCMD    R_r0= 0x0a    at time   62789185 ps
inst0 ch0:  R_CMD: ACTCMD    R_f0= 0x0a    at time   62789599 ps
inst0 ch0:  R_CMD: ACTCMD    R_r1= 0x00    at time   62790013 ps
inst0 ch0:  R_CMD: ACTCMD    R_f1= 0x00    at time   62790427 ps
inst0 ch0:  R_CMD: ACTCMD    R_r0= 0x02    at time   62793325 ps
inst0 ch0:  R_CMD: ACTCMD    R_f0= 0x0a    at time   62793739 ps
inst0 ch0:  R_CMD: ACTCMD    R_r1= 0x00    at time   62794153 ps
inst0 ch0:  R_CMD: ACTCMD    R_f1= 0x00    at time   62794567 ps
inst0 ch0:  C_CMD: RDCMD     C_r = 0x015   at time   62804089 ps
inst0 ch0:  C_CMD: RDCMD     C_f = 0x080   at time   62804503 ps
inst0 ch0:  C_CMD: RDCMD     C_r = 0x01d   at time   62807401 ps
inst0 ch0:  C_CMD: RDCMD     C_f = 0x082   at time   62807815 ps
inst0 ch0:  C_CMD: RDCMD     C_r = 0x005   at time   62810713 ps
inst0 ch0:  C_CMD: RDCMD     C_f = 0x080   at time   62811127 ps
inst0 ch0:  C_CMD: RDCMD     C_r = 0x00d   at time   62814025 ps
inst0 ch0:  C_CMD: RDCMD     C_f = 0x082   at time   62814439 ps
inst0 ch0:  R_CMD: ACTCMD    R_r0= 0x0a    at time   62876125 ps
inst0 ch0:  R_CMD: ACTCMD    R_f0= 0x11    at time   62876539 ps
inst0 ch0:  R_CMD: ACTCMD    R_r1= 0x3f    at time   62876953 ps
inst0 ch0:  R_CMD: ACTCMD    R_f1= 0x3b    at time   62877367 ps
inst0 ch0:  R_CMD: ACTCMD    R_r0= 0x02    at time   62883577 ps
inst0 ch0:  R_CMD: ACTCMD    R_f0= 0x11    at time   62883991 ps
inst0 ch0:  R_CMD: ACTCMD    R_r1= 0x3f    at time   62884405 ps
inst0 ch0:  R_CMD: ACTCMD    R_f1= 0x3b    at time   62884819 ps
inst0 ch0:  C_CMD: WRCMD     C_r = 0x019   at time   62886889 ps
inst0 ch0:  C_CMD: WRCMD     C_f = 0x07a   at time   62887303 ps
inst0 ch0:  C_CMD: WRCMD     C_r = 0x009   at time   62894341 ps
inst0 ch0:  C_CMD: WRCMD     C_f = 0x07a   at time   62894755 ps
inst0 ch0:  R_CMD: ACTCMD    R_r0= 0x0a    at time   63494641 ps
inst0 ch0:  R_CMD: ACTCMD    R_f0= 0x02    at time   63495055 ps
inst0 ch0:  R_CMD: ACTCMD    R_r1= 0x00    at time   63495469 ps
inst0 ch0:  R_CMD: ACTCMD    R_f1= 0x00    at time   63495883 ps
inst0 ch0:  R_CMD: ACTCMD    R_r0= 0x02    at time   63498781 ps
inst0 ch0:  R_CMD: ACTCMD    R_f0= 0x02    at time   63499195 ps
inst0 ch0:  R_CMD: ACTCMD    R_r1= 0x00    at time   63499609 ps
inst0 ch0:  R_CMD: ACTCMD    R_f1= 0x00    at time   63500023 ps
inst0 ch0:  C_CMD: RDCMD     C_r = 0x015   at time   63509545 ps
inst0 ch0:  C_CMD: RDCMD     C_f = 0x000   at time   63509959 ps
inst0 ch0:  C_CMD: RDCMD     C_r = 0x01d   at time   63512857 ps
inst0 ch0:  C_CMD: RDCMD     C_f = 0x002   at time   63513271 ps
inst0 ch0:  C_CMD: RDCMD     C_r = 0x005   at time   63516169 ps
inst0 ch0:  C_CMD: RDCMD     C_f = 0x000   at time   63516583 ps
inst0 ch0:  C_CMD: RDCMD     C_r = 0x00d   at time   63519481 ps
inst0 ch0:  C_CMD: RDCMD     C_f = 0x002   at time   63519895 ps
