inst0 ch0:  R_CMD: ACTCMD    R_r0= 0x0e    at time   33400981 ps
inst0 ch0:  R_CMD: ACTCMD    R_f0= 0x28    at time   33401395 ps
inst0 ch0:  R_CMD: ACTCMD    R_r1= 0x00    at time   33401809 ps
inst0 ch0:  R_CMD: ACTCMD    R_f1= 0x02    at time   33402223 ps
inst0 ch0:  R_CMD: ACTCMD    R_r0= 0x0e    at time   33402637 ps
inst0 ch0:  R_CMD: ACTCMD    R_f0= 0x20    at time   33403051 ps
inst0 ch0:  R_CMD: ACTCMD    R_r1= 0x00    at time   33403465 ps
inst0 ch0:  R_CMD: ACTCMD    R_f1= 0x02    at time   33403879 ps
inst0 ch0:  C_CMD: RDCMD     C_r = 0x095   at time   33415885 ps
inst0 ch0:  C_CMD: RDCMD     C_f = 0x0a9   at time   33416299 ps
inst0 ch0:  C_CMD: RDCMD     C_r = 0x095   at time   33417541 ps
inst0 ch0:  C_CMD: RDCMD     C_f = 0x029   at time   33417955 ps
inst0 ch0:  C_CMD: RDCMD     C_r = 0x095   at time   33419197 ps
inst0 ch0:  C_CMD: RDCMD     C_f = 0x0ab   at time   33419611 ps
inst0 ch0:  C_CMD: RDCMD     C_r = 0x095   at time   33420853 ps
inst0 ch0:  C_CMD: RDCMD     C_f = 0x02b   at time   33421267 ps
inst0 ch0:  C_CMD: RDCMD     C_r = 0x095   at time   33422509 ps
inst0 ch0:  C_CMD: RDCMD     C_f = 0x0a1   at time   33422923 ps
inst0 ch0:  C_CMD: RDCMD     C_r = 0x095   at time   33424165 ps
inst0 ch0:  C_CMD: RDCMD     C_f = 0x021   at time   33424579 ps
inst0 ch0:  C_CMD: RDCMD     C_r = 0x09d   at time   33425821 ps
inst0 ch0:  C_CMD: RDCMD     C_f = 0x0a3   at time   33426235 ps
inst0 ch0:  C_CMD: RDCMD     C_r = 0x09d   at time   33427477 ps
inst0 ch0:  C_CMD: RDCMD     C_f = 0x023   at time   33427891 ps
inst0 ch0:  R_CMD: ACTCMD    R_r0= 0x0e    at time   33564097 ps
inst0 ch0:  R_CMD: ACTCMD    R_f0= 0x28    at time   33564511 ps
inst0 ch0:  R_CMD: ACTCMD    R_r1= 0x00    at time   33564925 ps
inst0 ch0:  R_CMD: ACTCMD    R_f1= 0x02    at time   33565339 ps
inst0 ch0:  R_CMD: ACTCMD    R_r0= 0x0e    at time   33565753 ps
inst0 ch0:  R_CMD: ACTCMD    R_f0= 0x20    at time   33566167 ps
inst0 ch0:  R_CMD: ACTCMD    R_r1= 0x00    at time   33566581 ps
inst0 ch0:  R_CMD: ACTCMD    R_f1= 0x02    at time   33566995 ps
inst0 ch0:  C_CMD: WRCMD     C_r = 0x091   at time   33574861 ps
inst0 ch0:  C_CMD: WRCMD     C_f = 0x0a9   at time   33575275 ps
inst0 ch0:  C_CMD: WRCMD     C_r = 0x091   at time   33576517 ps
inst0 ch0:  C_CMD: WRCMD     C_f = 0x029   at time   33576931 ps
inst0 ch0:  C_CMD: WRCMD     C_r = 0x091   at time   33578173 ps
inst0 ch0:  C_CMD: WRCMD     C_f = 0x0ab   at time   33578587 ps
inst0 ch0:  C_CMD: WRCMD     C_r = 0x091   at time   33579829 ps
inst0 ch0:  C_CMD: WRCMD     C_f = 0x02b   at time   33580243 ps
inst0 ch0:  C_CMD: WRCMD     C_r = 0x091   at time   33581485 ps
inst0 ch0:  C_CMD: WRCMD     C_f = 0x0a1   at time   33581899 ps
inst0 ch0:  C_CMD: WRCMD     C_r = 0x091   at time   33583141 ps
inst0 ch0:  C_CMD: WRCMD     C_f = 0x021   at time   33583555 ps
inst0 ch0:  C_CMD: WRCMD     C_r = 0x099   at time   33584797 ps
inst0 ch0:  C_CMD: WRCMD     C_f = 0x0a3   at time   33585211 ps
inst0 ch0:  C_CMD: WRCMD     C_r = 0x099   at time   33586453 ps
inst0 ch0:  C_CMD: WRCMD     C_f = 0x023   at time   33586867 ps
inst0 ch0:  R_CMD: ACTCMD    R_r0= 0x26    at time   54263269 ps
inst0 ch0:  R_CMD: ACTCMD    R_f0= 0x28    at time   54263683 ps
inst0 ch0:  R_CMD: ACTCMD    R_r1= 0x00    at time   54264097 ps
inst0 ch0:  R_CMD: ACTCMD    R_f1= 0x02    at time   54264511 ps
inst0 ch0:  R_CMD: ACTCMD    R_r0= 0x26    at time   54265753 ps
inst0 ch0:  R_CMD: ACTCMD    R_f0= 0x20    at time   54266167 ps
inst0 ch0:  R_CMD: ACTCMD    R_r1= 0x00    at time   54266581 ps
inst0 ch0:  R_CMD: ACTCMD    R_f1= 0x02    at time   54266995 ps
inst0 ch0:  C_CMD: RDCMD     C_r = 0x0c5   at time   54278173 ps
inst0 ch0:  C_CMD: RDCMD     C_f = 0x0a9   at time   54278587 ps
inst0 ch0:  C_CMD: RDCMD     C_r = 0x0c5   at time   54280657 ps
inst0 ch0:  C_CMD: RDCMD     C_f = 0x029   at time   54281071 ps
inst0 ch0:  C_CMD: RDCMD     C_r = 0x0c5   at time   54281485 ps
inst0 ch0:  C_CMD: RDCMD     C_f = 0x0ab   at time   54281899 ps
inst0 ch0:  C_CMD: RDCMD     C_r = 0x0c5   at time   54283969 ps
inst0 ch0:  C_CMD: RDCMD     C_f = 0x02b   at time   54284383 ps
inst0 ch0:  C_CMD: RDCMD     C_r = 0x0c5   at time   54284797 ps
inst0 ch0:  C_CMD: RDCMD     C_f = 0x0a1   at time   54285211 ps
inst0 ch0:  C_CMD: RDCMD     C_r = 0x0c5   at time   54287281 ps
inst0 ch0:  C_CMD: RDCMD     C_f = 0x021   at time   54287695 ps
inst0 ch0:  C_CMD: RDCMD     C_r = 0x0cd   at time   54288109 ps
inst0 ch0:  C_CMD: RDCMD     C_f = 0x0a3   at time   54288523 ps
inst0 ch0:  C_CMD: RDCMD     C_r = 0x0cd   at time   54290593 ps
inst0 ch0:  C_CMD: RDCMD     C_f = 0x023   at time   54291007 ps
inst0 ch0:  R_CMD: ACTCMD    R_r0= 0x26    at time   54333649 ps
inst0 ch0:  R_CMD: ACTCMD    R_f0= 0x28    at time   54334063 ps
inst0 ch0:  R_CMD: ACTCMD    R_r1= 0x00    at time   54334477 ps
inst0 ch0:  R_CMD: ACTCMD    R_f1= 0x02    at time   54334891 ps
inst0 ch0:  R_CMD: ACTCMD    R_r0= 0x26    at time   54336133 ps
inst0 ch0:  R_CMD: ACTCMD    R_f0= 0x20    at time   54336547 ps
inst0 ch0:  R_CMD: ACTCMD    R_r1= 0x00    at time   54336961 ps
inst0 ch0:  R_CMD: ACTCMD    R_f1= 0x02    at time   54337375 ps
inst0 ch0:  C_CMD: WRCMD     C_r = 0x0c1   at time   54344413 ps
inst0 ch0:  C_CMD: WRCMD     C_f = 0x0a9   at time   54344827 ps
inst0 ch0:  C_CMD: WRCMD     C_r = 0x0c1   at time   54346897 ps
inst0 ch0:  C_CMD: WRCMD     C_f = 0x029   at time   54347311 ps
inst0 ch0:  C_CMD: WRCMD     C_r = 0x0c1   at time   54347725 ps
inst0 ch0:  C_CMD: WRCMD     C_f = 0x0ab   at time   54348139 ps
inst0 ch0:  C_CMD: WRCMD     C_r = 0x0c1   at time   54350209 ps
inst0 ch0:  C_CMD: WRCMD     C_f = 0x02b   at time   54350623 ps
inst0 ch0:  C_CMD: WRCMD     C_r = 0x0c1   at time   54351037 ps
inst0 ch0:  C_CMD: WRCMD     C_f = 0x0a1   at time   54351451 ps
inst0 ch0:  C_CMD: WRCMD     C_r = 0x0c1   at time   54353521 ps
inst0 ch0:  C_CMD: WRCMD     C_f = 0x021   at time   54353935 ps
inst0 ch0:  C_CMD: WRCMD     C_r = 0x0c9   at time   54354349 ps
inst0 ch0:  C_CMD: WRCMD     C_f = 0x0a3   at time   54354763 ps
inst0 ch0:  C_CMD: WRCMD     C_r = 0x0c9   at time   54356833 ps
inst0 ch0:  C_CMD: WRCMD     C_f = 0x023   at time   54357247 ps
inst0 ch0:  R_CMD: ACTCMD    R_r0= 0x22    at time  124903261 ps
inst0 ch0:  R_CMD: ACTCMD    R_f0= 0x22    at time  124903675 ps
inst0 ch0:  R_CMD: ACTCMD    R_r1= 0x00    at time  124904089 ps
inst0 ch0:  R_CMD: ACTCMD    R_f1= 0x00    at time  124904503 ps
inst0 ch0:  R_CMD: ACTCMD    R_r0= 0x22    at time  124904917 ps
inst0 ch0:  R_CMD: ACTCMD    R_f0= 0x2a    at time  124905331 ps
inst0 ch0:  R_CMD: ACTCMD    R_r1= 0x00    at time  124905745 ps
inst0 ch0:  R_CMD: ACTCMD    R_f1= 0x00    at time  124906159 ps
inst0 ch0:  R_CMD: ACTCMD    R_r0= 0x02    at time  124907401 ps
inst0 ch0:  R_CMD: ACTCMD    R_f0= 0x22    at time  124907815 ps
inst0 ch0:  R_CMD: ACTCMD    R_r1= 0x00    at time  124908229 ps
inst0 ch0:  R_CMD: ACTCMD    R_f1= 0x00    at time  124908643 ps
inst0 ch0:  R_CMD: ACTCMD    R_r0= 0x02    at time  124909057 ps
inst0 ch0:  R_CMD: ACTCMD    R_f0= 0x2a    at time  124909471 ps
inst0 ch0:  R_CMD: ACTCMD    R_r1= 0x00    at time  124909885 ps
inst0 ch0:  R_CMD: ACTCMD    R_f1= 0x00    at time  124910299 ps
inst0 ch0:  R_CMD: ACTCMD    R_r0= 0x22    at time  124911541 ps
inst0 ch0:  R_CMD: ACTCMD    R_f0= 0x02    at time  124911955 ps
inst0 ch0:  R_CMD: ACTCMD    R_r1= 0x00    at time  124912369 ps
inst0 ch0:  R_CMD: ACTCMD    R_f1= 0x00    at time  124912783 ps
inst0 ch0:  R_CMD: ACTCMD    R_r0= 0x22    at time  124913197 ps
inst0 ch0:  R_CMD: ACTCMD    R_f0= 0x0a    at time  124913611 ps
inst0 ch0:  R_CMD: ACTCMD    R_r1= 0x00    at time  124914025 ps
inst0 ch0:  R_CMD: ACTCMD    R_f1= 0x00    at time  124914439 ps
inst0 ch0:  R_CMD: ACTCMD    R_r0= 0x02    at time  124915681 ps
inst0 ch0:  R_CMD: ACTCMD    R_f0= 0x02    at time  124916095 ps
inst0 ch0:  R_CMD: ACTCMD    R_r1= 0x00    at time  124916509 ps
inst0 ch0:  R_CMD: ACTCMD    R_f1= 0x00    at time  124916923 ps
inst0 ch0:  R_CMD: ACTCMD    R_r0= 0x02    at time  124917337 ps
inst0 ch0:  R_CMD: ACTCMD    R_f0= 0x0a    at time  124917751 ps
inst0 ch0:  R_CMD: ACTCMD    R_r1= 0x00    at time  124918165 ps
inst0 ch0:  C_CMD: RDCMD     C_r = 0x0c5   at time  124918165 ps
inst0 ch0:  R_CMD: ACTCMD    R_f1= 0x00    at time  124918579 ps
inst0 ch0:  C_CMD: RDCMD     C_f = 0x000   at time  124918579 ps
inst0 ch0:  C_CMD: RDCMD     C_r = 0x0c5   at time  124919821 ps
inst0 ch0:  C_CMD: RDCMD     C_f = 0x080   at time  124920235 ps
inst0 ch0:  C_CMD: RDCMD     C_r = 0x0cd   at time  124921477 ps
inst0 ch0:  C_CMD: RDCMD     C_f = 0x002   at time  124921891 ps
inst0 ch0:  C_CMD: RDCMD     C_r = 0x085   at time  124923133 ps
inst0 ch0:  C_CMD: RDCMD     C_f = 0x000   at time  124923547 ps
inst0 ch0:  C_CMD: RDCMD     C_r = 0x0cd   at time  124923961 ps
inst0 ch0:  C_CMD: RDCMD     C_f = 0x082   at time  124924375 ps
inst0 ch0:  C_CMD: RDCMD     C_r = 0x085   at time  124925617 ps
inst0 ch0:  C_CMD: RDCMD     C_f = 0x080   at time  124926031 ps
inst0 ch0:  C_CMD: RDCMD     C_r = 0x08d   at time  124926445 ps
inst0 ch0:  C_CMD: RDCMD     C_f = 0x002   at time  124926859 ps
inst0 ch0:  C_CMD: RDCMD     C_r = 0x045   at time  124928101 ps
inst0 ch0:  C_CMD: RDCMD     C_f = 0x000   at time  124928515 ps
inst0 ch0:  C_CMD: RDCMD     C_r = 0x08d   at time  124928929 ps
inst0 ch0:  C_CMD: RDCMD     C_f = 0x082   at time  124929343 ps
inst0 ch0:  C_CMD: RDCMD     C_r = 0x045   at time  124930585 ps
inst0 ch0:  C_CMD: RDCMD     C_f = 0x080   at time  124930999 ps
inst0 ch0:  C_CMD: RDCMD     C_r = 0x04d   at time  124931413 ps
inst0 ch0:  C_CMD: RDCMD     C_f = 0x002   at time  124931827 ps
inst0 ch0:  C_CMD: RDCMD     C_r = 0x005   at time  124932241 ps
inst0 ch0:  C_CMD: RDCMD     C_f = 0x080   at time  124932655 ps
inst0 ch0:  C_CMD: RDCMD     C_r = 0x005   at time  124933069 ps
inst0 ch0:  C_CMD: RDCMD     C_f = 0x000   at time  124933483 ps
inst0 ch0:  C_CMD: RDCMD     C_r = 0x04d   at time  124933897 ps
inst0 ch0:  C_CMD: RDCMD     C_f = 0x082   at time  124934311 ps
inst0 ch0:  C_CMD: RDCMD     C_r = 0x00d   at time  124935553 ps
inst0 ch0:  C_CMD: RDCMD     C_f = 0x082   at time  124935967 ps
inst0 ch0:  C_CMD: RDCMD     C_r = 0x00d   at time  124936381 ps
inst0 ch0:  C_CMD: RDCMD     C_f = 0x002   at time  124936795 ps
inst0 ch0:  R_CMD: ACTCMD    R_r0= 0x2a    at time  125396749 ps
inst0 ch0:  R_CMD: ACTCMD    R_f0= 0x22    at time  125397163 ps
inst0 ch0:  R_CMD: ACTCMD    R_r1= 0x00    at time  125397577 ps
inst0 ch0:  R_CMD: ACTCMD    R_f1= 0x00    at time  125397991 ps
inst0 ch0:  R_CMD: ACTCMD    R_r0= 0x0a    at time  125400889 ps
inst0 ch0:  R_CMD: ACTCMD    R_f0= 0x22    at time  125401303 ps
inst0 ch0:  R_CMD: ACTCMD    R_r1= 0x00    at time  125401717 ps
inst0 ch0:  R_CMD: ACTCMD    R_f1= 0x00    at time  125402131 ps
inst0 ch0:  R_CMD: ACTCMD    R_r0= 0x2a    at time  125404201 ps
inst0 ch0:  R_CMD: ACTCMD    R_f0= 0x2a    at time  125404615 ps
inst0 ch0:  R_CMD: ACTCMD    R_r1= 0x00    at time  125405029 ps
inst0 ch0:  R_CMD: ACTCMD    R_f1= 0x00    at time  125405443 ps
inst0 ch0:  R_CMD: ACTCMD    R_r0= 0x2a    at time  125405857 ps
inst0 ch0:  R_CMD: ACTCMD    R_f0= 0x02    at time  125406271 ps
inst0 ch0:  R_CMD: ACTCMD    R_r1= 0x00    at time  125406685 ps
inst0 ch0:  R_CMD: ACTCMD    R_f1= 0x00    at time  125407099 ps
inst0 ch0:  R_CMD: ACTCMD    R_r0= 0x0a    at time  125408341 ps
inst0 ch0:  R_CMD: ACTCMD    R_f0= 0x2a    at time  125408755 ps
inst0 ch0:  R_CMD: ACTCMD    R_r1= 0x00    at time  125409169 ps
inst0 ch0:  R_CMD: ACTCMD    R_f1= 0x00    at time  125409583 ps
inst0 ch0:  R_CMD: ACTCMD    R_r0= 0x0a    at time  125409997 ps
inst0 ch0:  R_CMD: ACTCMD    R_f0= 0x02    at time  125410411 ps
inst0 ch0:  R_CMD: ACTCMD    R_r1= 0x00    at time  125410825 ps
inst0 ch0:  R_CMD: ACTCMD    R_f1= 0x00    at time  125411239 ps
inst0 ch0:  C_CMD: RDCMD     C_r = 0x0d5   at time  125411653 ps
inst0 ch0:  C_CMD: RDCMD     C_f = 0x000   at time  125412067 ps
inst0 ch0:  R_CMD: ACTCMD    R_r0= 0x2a    at time  125412481 ps
inst0 ch0:  R_CMD: ACTCMD    R_f0= 0x0a    at time  125412895 ps
inst0 ch0:  R_CMD: ACTCMD    R_r1= 0x00    at time  125413309 ps
inst0 ch0:  R_CMD: ACTCMD    R_f1= 0x00    at time  125413723 ps
inst0 ch0:  C_CMD: RDCMD     C_r = 0x0dd   at time  125414965 ps
inst0 ch0:  C_CMD: RDCMD     C_f = 0x002   at time  125415379 ps
inst0 ch0:  R_CMD: ACTCMD    R_r0= 0x0a    at time  125416621 ps
inst0 ch0:  C_CMD: RDCMD     C_r = 0x095   at time  125416621 ps
inst0 ch0:  R_CMD: ACTCMD    R_f0= 0x0a    at time  125417035 ps
inst0 ch0:  C_CMD: RDCMD     C_f = 0x000   at time  125417035 ps
inst0 ch0:  R_CMD: ACTCMD    R_r1= 0x00    at time  125417449 ps
inst0 ch0:  R_CMD: ACTCMD    R_f1= 0x00    at time  125417863 ps
inst0 ch0:  C_CMD: RDCMD     C_r = 0x0d5   at time  125419105 ps
inst0 ch0:  C_CMD: RDCMD     C_f = 0x080   at time  125419519 ps
inst0 ch0:  C_CMD: RDCMD     C_r = 0x09d   at time  125419933 ps
inst0 ch0:  C_CMD: RDCMD     C_f = 0x002   at time  125420347 ps
inst0 ch0:  C_CMD: RDCMD     C_r = 0x055   at time  125421589 ps
inst0 ch0:  C_CMD: RDCMD     C_f = 0x000   at time  125422003 ps
inst0 ch0:  C_CMD: RDCMD     C_r = 0x0dd   at time  125422417 ps
inst0 ch0:  C_CMD: RDCMD     C_f = 0x082   at time  125422831 ps
inst0 ch0:  C_CMD: RDCMD     C_r = 0x095   at time  125424073 ps
inst0 ch0:  C_CMD: RDCMD     C_f = 0x080   at time  125424487 ps
inst0 ch0:  C_CMD: RDCMD     C_r = 0x05d   at time  125424901 ps
inst0 ch0:  C_CMD: RDCMD     C_f = 0x002   at time  125425315 ps
inst0 ch0:  C_CMD: RDCMD     C_r = 0x015   at time  125426557 ps
inst0 ch0:  C_CMD: RDCMD     C_f = 0x000   at time  125426971 ps
inst0 ch0:  C_CMD: RDCMD     C_r = 0x09d   at time  125427385 ps
inst0 ch0:  C_CMD: RDCMD     C_f = 0x082   at time  125427799 ps
inst0 ch0:  C_CMD: RDCMD     C_r = 0x055   at time  125429041 ps
inst0 ch0:  C_CMD: RDCMD     C_f = 0x080   at time  125429455 ps
inst0 ch0:  C_CMD: RDCMD     C_r = 0x01d   at time  125429869 ps
inst0 ch0:  C_CMD: RDCMD     C_f = 0x002   at time  125430283 ps
inst0 ch0:  C_CMD: RDCMD     C_r = 0x015   at time  125431525 ps
inst0 ch0:  C_CMD: RDCMD     C_f = 0x080   at time  125431939 ps
inst0 ch0:  C_CMD: RDCMD     C_r = 0x05d   at time  125433181 ps
inst0 ch0:  C_CMD: RDCMD     C_f = 0x082   at time  125433595 ps
inst0 ch0:  C_CMD: RDCMD     C_r = 0x01d   at time  125434837 ps
inst0 ch0:  C_CMD: RDCMD     C_f = 0x082   at time  125435251 ps
inst0 ch0:  R_CMD: ACTCMD    R_r0= 0x32    at time  125899345 ps
inst0 ch0:  R_CMD: ACTCMD    R_f0= 0x22    at time  125899759 ps
inst0 ch0:  R_CMD: ACTCMD    R_r1= 0x00    at time  125900173 ps
inst0 ch0:  R_CMD: ACTCMD    R_f1= 0x00    at time  125900587 ps
inst0 ch0:  R_CMD: ACTCMD    R_r0= 0x32    at time  125902657 ps
inst0 ch0:  R_CMD: ACTCMD    R_f0= 0x2a    at time  125903071 ps
inst0 ch0:  R_CMD: ACTCMD    R_r1= 0x00    at time  125903485 ps
inst0 ch0:  R_CMD: ACTCMD    R_f1= 0x00    at time  125903899 ps
inst0 ch0:  R_CMD: ACTCMD    R_r0= 0x12    at time  125904313 ps
inst0 ch0:  R_CMD: ACTCMD    R_f0= 0x22    at time  125904727 ps
inst0 ch0:  R_CMD: ACTCMD    R_r1= 0x00    at time  125905141 ps
inst0 ch0:  R_CMD: ACTCMD    R_f1= 0x00    at time  125905555 ps
inst0 ch0:  R_CMD: ACTCMD    R_r0= 0x12    at time  125906797 ps
inst0 ch0:  R_CMD: ACTCMD    R_f0= 0x2a    at time  125907211 ps
inst0 ch0:  R_CMD: ACTCMD    R_r1= 0x00    at time  125907625 ps
inst0 ch0:  R_CMD: ACTCMD    R_f1= 0x00    at time  125908039 ps
inst0 ch0:  R_CMD: ACTCMD    R_r0= 0x32    at time  125908453 ps
inst0 ch0:  R_CMD: ACTCMD    R_f0= 0x02    at time  125908867 ps
inst0 ch0:  R_CMD: ACTCMD    R_r1= 0x00    at time  125909281 ps
inst0 ch0:  R_CMD: ACTCMD    R_f1= 0x00    at time  125909695 ps
inst0 ch0:  R_CMD: ACTCMD    R_r0= 0x32    at time  125910937 ps
inst0 ch0:  R_CMD: ACTCMD    R_f0= 0x0a    at time  125911351 ps
inst0 ch0:  R_CMD: ACTCMD    R_r1= 0x00    at time  125911765 ps
inst0 ch0:  R_CMD: ACTCMD    R_f1= 0x00    at time  125912179 ps
inst0 ch0:  R_CMD: ACTCMD    R_r0= 0x12    at time  125912593 ps
inst0 ch0:  R_CMD: ACTCMD    R_f0= 0x02    at time  125913007 ps
inst0 ch0:  R_CMD: ACTCMD    R_r1= 0x00    at time  125913421 ps
inst0 ch0:  R_CMD: ACTCMD    R_f1= 0x00    at time  125913835 ps
inst0 ch0:  C_CMD: RDCMD     C_r = 0x0e5   at time  125914249 ps
inst0 ch0:  C_CMD: RDCMD     C_f = 0x000   at time  125914663 ps
inst0 ch0:  R_CMD: ACTCMD    R_r0= 0x12    at time  125915077 ps
inst0 ch0:  R_CMD: ACTCMD    R_f0= 0x0a    at time  125915491 ps
inst0 ch0:  R_CMD: ACTCMD    R_r1= 0x00    at time  125915905 ps
inst0 ch0:  R_CMD: ACTCMD    R_f1= 0x00    at time  125916319 ps
inst0 ch0:  C_CMD: RDCMD     C_r = 0x0ed   at time  125917561 ps
inst0 ch0:  C_CMD: RDCMD     C_f = 0x002   at time  125917975 ps
inst0 ch0:  C_CMD: RDCMD     C_r = 0x0e5   at time  125918389 ps
inst0 ch0:  C_CMD: RDCMD     C_f = 0x080   at time  125918803 ps
inst0 ch0:  C_CMD: RDCMD     C_r = 0x0a5   at time  125919217 ps
inst0 ch0:  C_CMD: RDCMD     C_f = 0x000   at time  125919631 ps
inst0 ch0:  C_CMD: RDCMD     C_r = 0x0ed   at time  125921701 ps
inst0 ch0:  C_CMD: RDCMD     C_f = 0x082   at time  125922115 ps
inst0 ch0:  C_CMD: RDCMD     C_r = 0x0ad   at time  125922529 ps
inst0 ch0:  C_CMD: RDCMD     C_f = 0x002   at time  125922943 ps
inst0 ch0:  C_CMD: RDCMD     C_r = 0x0a5   at time  125923357 ps
inst0 ch0:  C_CMD: RDCMD     C_f = 0x080   at time  125923771 ps
inst0 ch0:  C_CMD: RDCMD     C_r = 0x065   at time  125924185 ps
inst0 ch0:  C_CMD: RDCMD     C_f = 0x000   at time  125924599 ps
inst0 ch0:  C_CMD: RDCMD     C_r = 0x065   at time  125925841 ps
inst0 ch0:  C_CMD: RDCMD     C_f = 0x080   at time  125926255 ps
inst0 ch0:  C_CMD: RDCMD     C_r = 0x06d   at time  125927497 ps
inst0 ch0:  C_CMD: RDCMD     C_f = 0x002   at time  125927911 ps
inst0 ch0:  C_CMD: RDCMD     C_r = 0x0ad   at time  125928325 ps
inst0 ch0:  C_CMD: RDCMD     C_f = 0x082   at time  125928739 ps
inst0 ch0:  C_CMD: RDCMD     C_r = 0x025   at time  125929153 ps
inst0 ch0:  C_CMD: RDCMD     C_f = 0x000   at time  125929567 ps
inst0 ch0:  C_CMD: RDCMD     C_r = 0x06d   at time  125929981 ps
inst0 ch0:  C_CMD: RDCMD     C_f = 0x082   at time  125930395 ps
inst0 ch0:  C_CMD: RDCMD     C_r = 0x025   at time  125931637 ps
inst0 ch0:  C_CMD: RDCMD     C_f = 0x080   at time  125932051 ps
inst0 ch0:  C_CMD: RDCMD     C_r = 0x02d   at time  125932465 ps
inst0 ch0:  C_CMD: RDCMD     C_f = 0x002   at time  125932879 ps
inst0 ch0:  C_CMD: RDCMD     C_r = 0x02d   at time  125934949 ps
inst0 ch0:  C_CMD: RDCMD     C_f = 0x082   at time  125935363 ps
inst0 ch0:  R_CMD: ACTCMD    R_r0= 0x3a    at time  126401113 ps
inst0 ch0:  R_CMD: ACTCMD    R_f0= 0x22    at time  126401527 ps
inst0 ch0:  R_CMD: ACTCMD    R_r1= 0x00    at time  126401941 ps
inst0 ch0:  R_CMD: ACTCMD    R_f1= 0x00    at time  126402355 ps
inst0 ch0:  R_CMD: ACTCMD    R_r0= 0x3a    at time  126404425 ps
inst0 ch0:  R_CMD: ACTCMD    R_f0= 0x2a    at time  126404839 ps
inst0 ch0:  R_CMD: ACTCMD    R_r1= 0x00    at time  126405253 ps
inst0 ch0:  R_CMD: ACTCMD    R_f1= 0x00    at time  126405667 ps
inst0 ch0:  R_CMD: ACTCMD    R_r0= 0x1a    at time  126406081 ps
inst0 ch0:  R_CMD: ACTCMD    R_f0= 0x22    at time  126406495 ps
inst0 ch0:  R_CMD: ACTCMD    R_r1= 0x00    at time  126406909 ps
inst0 ch0:  R_CMD: ACTCMD    R_f1= 0x00    at time  126407323 ps
inst0 ch0:  R_CMD: ACTCMD    R_r0= 0x1a    at time  126408565 ps
inst0 ch0:  R_CMD: ACTCMD    R_f0= 0x2a    at time  126408979 ps
inst0 ch0:  R_CMD: ACTCMD    R_r1= 0x00    at time  126409393 ps
inst0 ch0:  R_CMD: ACTCMD    R_f1= 0x00    at time  126409807 ps
inst0 ch0:  R_CMD: ACTCMD    R_r0= 0x3a    at time  126410221 ps
inst0 ch0:  R_CMD: ACTCMD    R_f0= 0x02    at time  126410635 ps
inst0 ch0:  R_CMD: ACTCMD    R_r1= 0x00    at time  126411049 ps
inst0 ch0:  R_CMD: ACTCMD    R_f1= 0x00    at time  126411463 ps
inst0 ch0:  R_CMD: ACTCMD    R_r0= 0x3a    at time  126412705 ps
inst0 ch0:  R_CMD: ACTCMD    R_f0= 0x0a    at time  126413119 ps
inst0 ch0:  R_CMD: ACTCMD    R_r1= 0x00    at time  126413533 ps
inst0 ch0:  R_CMD: ACTCMD    R_f1= 0x00    at time  126413947 ps
inst0 ch0:  R_CMD: ACTCMD    R_r0= 0x1a    at time  126414361 ps
inst0 ch0:  R_CMD: ACTCMD    R_f0= 0x02    at time  126414775 ps
inst0 ch0:  R_CMD: ACTCMD    R_r1= 0x00    at time  126415189 ps
inst0 ch0:  R_CMD: ACTCMD    R_f1= 0x00    at time  126415603 ps
inst0 ch0:  C_CMD: RDCMD     C_r = 0x0f5   at time  126416017 ps
inst0 ch0:  C_CMD: RDCMD     C_f = 0x000   at time  126416431 ps
inst0 ch0:  R_CMD: ACTCMD    R_r0= 0x1a    at time  126416845 ps
inst0 ch0:  R_CMD: ACTCMD    R_f0= 0x0a    at time  126417259 ps
inst0 ch0:  R_CMD: ACTCMD    R_r1= 0x00    at time  126417673 ps
inst0 ch0:  R_CMD: ACTCMD    R_f1= 0x00    at time  126418087 ps
inst0 ch0:  C_CMD: RDCMD     C_r = 0x0fd   at time  126419329 ps
inst0 ch0:  C_CMD: RDCMD     C_f = 0x002   at time  126419743 ps
inst0 ch0:  C_CMD: RDCMD     C_r = 0x0f5   at time  126420157 ps
inst0 ch0:  C_CMD: RDCMD     C_f = 0x080   at time  126420571 ps
inst0 ch0:  C_CMD: RDCMD     C_r = 0x0b5   at time  126420985 ps
inst0 ch0:  C_CMD: RDCMD     C_f = 0x000   at time  126421399 ps
inst0 ch0:  C_CMD: RDCMD     C_r = 0x0fd   at time  126423469 ps
inst0 ch0:  C_CMD: RDCMD     C_f = 0x082   at time  126423883 ps
inst0 ch0:  C_CMD: RDCMD     C_r = 0x0bd   at time  126424297 ps
inst0 ch0:  C_CMD: RDCMD     C_f = 0x002   at time  126424711 ps
inst0 ch0:  C_CMD: RDCMD     C_r = 0x0b5   at time  126425125 ps
inst0 ch0:  C_CMD: RDCMD     C_f = 0x080   at time  126425539 ps
inst0 ch0:  C_CMD: RDCMD     C_r = 0x075   at time  126425953 ps
inst0 ch0:  C_CMD: RDCMD     C_f = 0x000   at time  126426367 ps
inst0 ch0:  C_CMD: RDCMD     C_r = 0x075   at time  126427609 ps
inst0 ch0:  C_CMD: RDCMD     C_f = 0x080   at time  126428023 ps
inst0 ch0:  C_CMD: RDCMD     C_r = 0x0bd   at time  126429265 ps
inst0 ch0:  C_CMD: RDCMD     C_f = 0x082   at time  126429679 ps
inst0 ch0:  C_CMD: RDCMD     C_r = 0x07d   at time  126430093 ps
inst0 ch0:  C_CMD: RDCMD     C_f = 0x002   at time  126430507 ps
inst0 ch0:  C_CMD: RDCMD     C_r = 0x07d   at time  126430921 ps
inst0 ch0:  C_CMD: RDCMD     C_f = 0x082   at time  126431335 ps
inst0 ch0:  C_CMD: RDCMD     C_r = 0x035   at time  126431749 ps
inst0 ch0:  C_CMD: RDCMD     C_f = 0x000   at time  126432163 ps
inst0 ch0:  C_CMD: RDCMD     C_r = 0x035   at time  126432577 ps
inst0 ch0:  C_CMD: RDCMD     C_f = 0x080   at time  126432991 ps
inst0 ch0:  C_CMD: RDCMD     C_r = 0x03d   at time  126435061 ps
inst0 ch0:  C_CMD: RDCMD     C_f = 0x002   at time  126435475 ps
inst0 ch0:  C_CMD: RDCMD     C_r = 0x03d   at time  126435889 ps
inst0 ch0:  C_CMD: RDCMD     C_f = 0x082   at time  126436303 ps
inst0 ch0:  R_CMD: ACTCMD    R_r0= 0x02    at time  130955941 ps
inst0 ch0:  R_CMD: ACTCMD    R_f0= 0x00    at time  130956355 ps
inst0 ch0:  R_CMD: ACTCMD    R_r1= 0x00    at time  130956769 ps
inst0 ch0:  R_CMD: ACTCMD    R_f1= 0x00    at time  130957183 ps
inst0 ch0:  C_CMD: RDCMD     C_r = 0x005   at time  130970845 ps
inst0 ch0:  C_CMD: RDCMD     C_f = 0x018   at time  130971259 ps
inst0 ch0:  C_CMD: RDCMD     C_r = 0x005   at time  130974157 ps
inst0 ch0:  C_CMD: RDCMD     C_f = 0x01a   at time  130974571 ps
inst0 ch0:  C_CMD: RDCMD     C_r = 0x005   at time  130977469 ps
inst0 ch0:  C_CMD: RDCMD     C_f = 0x010   at time  130977883 ps
inst0 ch0:  C_CMD: RDCMD     C_r = 0x005   at time  130980781 ps
inst0 ch0:  C_CMD: RDCMD     C_f = 0x012   at time  130981195 ps
inst0 ch0:  C_CMD: RDCMD     C_r = 0x005   at time  130984093 ps
inst0 ch0:  C_CMD: RDCMD     C_f = 0x008   at time  130984507 ps
inst0 ch0:  C_CMD: RDCMD     C_r = 0x005   at time  130987405 ps
inst0 ch0:  C_CMD: RDCMD     C_f = 0x00a   at time  130987819 ps
inst0 ch0:  C_CMD: RDCMD     C_r = 0x005   at time  130990717 ps
inst0 ch0:  C_CMD: RDCMD     C_f = 0x000   at time  130991131 ps
inst0 ch0:  C_CMD: RDCMD     C_r = 0x00d   at time  130994029 ps
inst0 ch0:  C_CMD: RDCMD     C_f = 0x002   at time  130994443 ps
inst0 ch0:  R_CMD: ACTCMD    R_r0= 0x02    at time  131130649 ps
inst0 ch0:  R_CMD: ACTCMD    R_f0= 0x08    at time  131131063 ps
inst0 ch0:  R_CMD: ACTCMD    R_r1= 0x00    at time  131131477 ps
inst0 ch0:  R_CMD: ACTCMD    R_f1= 0x00    at time  131131891 ps
inst0 ch0:  C_CMD: RDCMD     C_r = 0x005   at time  131145553 ps
inst0 ch0:  C_CMD: RDCMD     C_f = 0x098   at time  131145967 ps
inst0 ch0:  C_CMD: RDCMD     C_r = 0x005   at time  131148865 ps
inst0 ch0:  C_CMD: RDCMD     C_f = 0x09a   at time  131149279 ps
inst0 ch0:  C_CMD: RDCMD     C_r = 0x005   at time  131152177 ps
inst0 ch0:  C_CMD: RDCMD     C_f = 0x090   at time  131152591 ps
inst0 ch0:  C_CMD: RDCMD     C_r = 0x005   at time  131155489 ps
inst0 ch0:  C_CMD: RDCMD     C_f = 0x092   at time  131155903 ps
inst0 ch0:  C_CMD: RDCMD     C_r = 0x005   at time  131158801 ps
inst0 ch0:  C_CMD: RDCMD     C_f = 0x088   at time  131159215 ps
inst0 ch0:  C_CMD: RDCMD     C_r = 0x005   at time  131162113 ps
inst0 ch0:  C_CMD: RDCMD     C_f = 0x08a   at time  131162527 ps
inst0 ch0:  C_CMD: RDCMD     C_r = 0x005   at time  131165425 ps
inst0 ch0:  C_CMD: RDCMD     C_f = 0x080   at time  131165839 ps
inst0 ch0:  C_CMD: RDCMD     C_r = 0x00d   at time  131168737 ps
inst0 ch0:  C_CMD: RDCMD     C_f = 0x082   at time  131169151 ps
inst0 ch0:  R_CMD: ACTCMD    R_r0= 0x0a    at time  131624137 ps
inst0 ch0:  R_CMD: ACTCMD    R_f0= 0x00    at time  131624551 ps
inst0 ch0:  R_CMD: ACTCMD    R_r1= 0x00    at time  131624965 ps
inst0 ch0:  R_CMD: ACTCMD    R_f1= 0x00    at time  131625379 ps
inst0 ch0:  C_CMD: RDCMD     C_r = 0x015   at time  131639041 ps
inst0 ch0:  C_CMD: RDCMD     C_f = 0x018   at time  131639455 ps
inst0 ch0:  C_CMD: RDCMD     C_r = 0x015   at time  131642353 ps
inst0 ch0:  C_CMD: RDCMD     C_f = 0x01a   at time  131642767 ps
inst0 ch0:  C_CMD: RDCMD     C_r = 0x015   at time  131645665 ps
inst0 ch0:  C_CMD: RDCMD     C_f = 0x010   at time  131646079 ps
inst0 ch0:  C_CMD: RDCMD     C_r = 0x015   at time  131648977 ps
inst0 ch0:  C_CMD: RDCMD     C_f = 0x012   at time  131649391 ps
inst0 ch0:  C_CMD: RDCMD     C_r = 0x015   at time  131652289 ps
inst0 ch0:  C_CMD: RDCMD     C_f = 0x008   at time  131652703 ps
inst0 ch0:  C_CMD: RDCMD     C_r = 0x015   at time  131655601 ps
inst0 ch0:  C_CMD: RDCMD     C_f = 0x00a   at time  131656015 ps
inst0 ch0:  C_CMD: RDCMD     C_r = 0x015   at time  131658913 ps
inst0 ch0:  C_CMD: RDCMD     C_f = 0x000   at time  131659327 ps
inst0 ch0:  C_CMD: RDCMD     C_r = 0x01d   at time  131662225 ps
inst0 ch0:  C_CMD: RDCMD     C_f = 0x002   at time  131662639 ps
inst0 ch0:  R_CMD: ACTCMD    R_r0= 0x0a    at time  131724325 ps
inst0 ch0:  R_CMD: ACTCMD    R_f0= 0x08    at time  131724739 ps
inst0 ch0:  R_CMD: ACTCMD    R_r1= 0x00    at time  131725153 ps
inst0 ch0:  R_CMD: ACTCMD    R_f1= 0x00    at time  131725567 ps
inst0 ch0:  C_CMD: RDCMD     C_r = 0x015   at time  131739229 ps
inst0 ch0:  C_CMD: RDCMD     C_f = 0x098   at time  131739643 ps
inst0 ch0:  C_CMD: RDCMD     C_r = 0x015   at time  131742541 ps
inst0 ch0:  C_CMD: RDCMD     C_f = 0x09a   at time  131742955 ps
inst0 ch0:  C_CMD: RDCMD     C_r = 0x015   at time  131745853 ps
inst0 ch0:  C_CMD: RDCMD     C_f = 0x090   at time  131746267 ps
inst0 ch0:  C_CMD: RDCMD     C_r = 0x015   at time  131749165 ps
inst0 ch0:  C_CMD: RDCMD     C_f = 0x092   at time  131749579 ps
inst0 ch0:  C_CMD: RDCMD     C_r = 0x015   at time  131752477 ps
inst0 ch0:  C_CMD: RDCMD     C_f = 0x088   at time  131752891 ps
inst0 ch0:  C_CMD: RDCMD     C_r = 0x015   at time  131755789 ps
inst0 ch0:  C_CMD: RDCMD     C_f = 0x08a   at time  131756203 ps
inst0 ch0:  C_CMD: RDCMD     C_r = 0x015   at time  131759101 ps
inst0 ch0:  C_CMD: RDCMD     C_f = 0x080   at time  131759515 ps
inst0 ch0:  C_CMD: RDCMD     C_r = 0x01d   at time  131762413 ps
inst0 ch0:  C_CMD: RDCMD     C_f = 0x082   at time  131762827 ps
inst0 ch0:  R_CMD: ACTCMD    R_r0= 0x02    at time  133964893 ps
inst0 ch0:  R_CMD: ACTCMD    R_f0= 0x13    at time  133965307 ps
inst0 ch0:  R_CMD: ACTCMD    R_r1= 0x3f    at time  133965721 ps
inst0 ch0:  R_CMD: ACTCMD    R_f1= 0x3b    at time  133966135 ps
inst0 ch0:  R_CMD: ACTCMD    R_r0= 0x02    at time  133966549 ps
inst0 ch0:  R_CMD: ACTCMD    R_f0= 0x1b    at time  133966963 ps
inst0 ch0:  R_CMD: ACTCMD    R_r1= 0x3f    at time  133967377 ps
inst0 ch0:  R_CMD: ACTCMD    R_f1= 0x3b    at time  133967791 ps
inst0 ch0:  C_CMD: RDCMD     C_r = 0x005   at time  133979797 ps
inst0 ch0:  C_CMD: RDCMD     C_f = 0x000   at time  133980211 ps
inst0 ch0:  C_CMD: RDCMD     C_r = 0x005   at time  133981453 ps
inst0 ch0:  C_CMD: RDCMD     C_f = 0x080   at time  133981867 ps
inst0 ch0:  C_CMD: RDCMD     C_r = 0x00d   at time  133983109 ps
inst0 ch0:  C_CMD: RDCMD     C_f = 0x002   at time  133983523 ps
inst0 ch0:  C_CMD: RDCMD     C_r = 0x00d   at time  133984765 ps
inst0 ch0:  C_CMD: RDCMD     C_f = 0x082   at time  133985179 ps
inst0 ch0:  R_CMD: ACTCMD    R_r0= 0x02    at time  134035273 ps
inst0 ch0:  R_CMD: ACTCMD    R_f0= 0x13    at time  134035687 ps
inst0 ch0:  R_CMD: ACTCMD    R_r1= 0x3f    at time  134036101 ps
inst0 ch0:  R_CMD: ACTCMD    R_f1= 0x3b    at time  134036515 ps
inst0 ch0:  R_CMD: ACTCMD    R_r0= 0x02    at time  134037757 ps
inst0 ch0:  R_CMD: ACTCMD    R_f0= 0x1b    at time  134038171 ps
inst0 ch0:  R_CMD: ACTCMD    R_r1= 0x3f    at time  134038585 ps
inst0 ch0:  R_CMD: ACTCMD    R_f1= 0x3b    at time  134038999 ps
inst0 ch0:  C_CMD: WRCMD     C_r = 0x001   at time  134046037 ps
inst0 ch0:  C_CMD: WRCMD     C_f = 0x000   at time  134046451 ps
inst0 ch0:  C_CMD: WRCMD     C_r = 0x001   at time  134048521 ps
inst0 ch0:  C_CMD: WRCMD     C_f = 0x080   at time  134048935 ps
inst0 ch0:  C_CMD: WRCMD     C_r = 0x009   at time  134049349 ps
inst0 ch0:  C_CMD: WRCMD     C_f = 0x002   at time  134049763 ps
inst0 ch0:  C_CMD: WRCMD     C_r = 0x009   at time  134051833 ps
inst0 ch0:  C_CMD: WRCMD     C_f = 0x082   at time  134052247 ps
inst0 ch0:  R_CMD: ACTCMD    R_r0= 0x0a    at time  138291193 ps
inst0 ch0:  R_CMD: ACTCMD    R_f0= 0x13    at time  138291607 ps
inst0 ch0:  R_CMD: ACTCMD    R_r1= 0x3f    at time  138292021 ps
inst0 ch0:  R_CMD: ACTCMD    R_f1= 0x3b    at time  138292435 ps
inst0 ch0:  R_CMD: ACTCMD    R_r0= 0x0a    at time  138292849 ps
inst0 ch0:  R_CMD: ACTCMD    R_f0= 0x1b    at time  138293263 ps
inst0 ch0:  R_CMD: ACTCMD    R_r1= 0x3f    at time  138293677 ps
inst0 ch0:  R_CMD: ACTCMD    R_f1= 0x3b    at time  138294091 ps
inst0 ch0:  C_CMD: RDCMD     C_r = 0x015   at time  138306097 ps
inst0 ch0:  C_CMD: RDCMD     C_f = 0x010   at time  138306511 ps
inst0 ch0:  C_CMD: RDCMD     C_r = 0x015   at time  138307753 ps
inst0 ch0:  C_CMD: RDCMD     C_f = 0x090   at time  138308167 ps
inst0 ch0:  C_CMD: RDCMD     C_r = 0x01d   at time  138309409 ps
inst0 ch0:  C_CMD: RDCMD     C_f = 0x012   at time  138309823 ps
inst0 ch0:  C_CMD: RDCMD     C_r = 0x01d   at time  138311065 ps
inst0 ch0:  C_CMD: RDCMD     C_f = 0x092   at time  138311479 ps
inst0 ch0:  R_CMD: ACTCMD    R_r0= 0x0a    at time  138363229 ps
inst0 ch0:  R_CMD: ACTCMD    R_f0= 0x1b    at time  138363643 ps
inst0 ch0:  R_CMD: ACTCMD    R_r1= 0x3f    at time  138364057 ps
inst0 ch0:  R_CMD: ACTCMD    R_f1= 0x3b    at time  138364471 ps
inst0 ch0:  R_CMD: ACTCMD    R_r0= 0x0a    at time  138364885 ps
inst0 ch0:  R_CMD: ACTCMD    R_f0= 0x13    at time  138365299 ps
inst0 ch0:  R_CMD: ACTCMD    R_r1= 0x3f    at time  138365713 ps
inst0 ch0:  R_CMD: ACTCMD    R_f1= 0x3b    at time  138366127 ps
inst0 ch0:  C_CMD: WRCMD     C_r = 0x011   at time  138373993 ps
inst0 ch0:  C_CMD: WRCMD     C_f = 0x090   at time  138374407 ps
inst0 ch0:  C_CMD: WRCMD     C_r = 0x011   at time  138375649 ps
inst0 ch0:  C_CMD: WRCMD     C_f = 0x010   at time  138376063 ps
inst0 ch0:  C_CMD: WRCMD     C_r = 0x019   at time  138377305 ps
inst0 ch0:  C_CMD: WRCMD     C_f = 0x092   at time  138377719 ps
inst0 ch0:  C_CMD: WRCMD     C_r = 0x019   at time  138378961 ps
inst0 ch0:  C_CMD: WRCMD     C_f = 0x012   at time  138379375 ps
inst0 ch0:  R_CMD: ACTCMD    R_r0= 0x0a    at time  142363297 ps
inst0 ch0:  R_CMD: ACTCMD    R_f0= 0x08    at time  142363711 ps
inst0 ch0:  R_CMD: ACTCMD    R_r1= 0x00    at time  142364125 ps
inst0 ch0:  R_CMD: ACTCMD    R_f1= 0x00    at time  142364539 ps
inst0 ch0:  R_CMD: ACTCMD    R_r0= 0x0a    at time  142364953 ps
inst0 ch0:  R_CMD: ACTCMD    R_f0= 0x00    at time  142365367 ps
inst0 ch0:  R_CMD: ACTCMD    R_r1= 0x00    at time  142365781 ps
inst0 ch0:  R_CMD: ACTCMD    R_f1= 0x00    at time  142366195 ps
inst0 ch0:  C_CMD: RDCMD     C_r = 0x015   at time  142378201 ps
inst0 ch0:  C_CMD: RDCMD     C_f = 0x0a8   at time  142378615 ps
inst0 ch0:  C_CMD: RDCMD     C_r = 0x015   at time  142379857 ps
inst0 ch0:  C_CMD: RDCMD     C_f = 0x028   at time  142380271 ps
inst0 ch0:  C_CMD: RDCMD     C_r = 0x015   at time  142381513 ps
inst0 ch0:  C_CMD: RDCMD     C_f = 0x0aa   at time  142381927 ps
inst0 ch0:  C_CMD: RDCMD     C_r = 0x015   at time  142383169 ps
inst0 ch0:  C_CMD: RDCMD     C_f = 0x02a   at time  142383583 ps
inst0 ch0:  C_CMD: RDCMD     C_r = 0x015   at time  142384825 ps
inst0 ch0:  C_CMD: RDCMD     C_f = 0x0a0   at time  142385239 ps
inst0 ch0:  C_CMD: RDCMD     C_r = 0x015   at time  142386481 ps
inst0 ch0:  C_CMD: RDCMD     C_f = 0x020   at time  142386895 ps
inst0 ch0:  C_CMD: RDCMD     C_r = 0x01d   at time  142388137 ps
inst0 ch0:  C_CMD: RDCMD     C_f = 0x0a2   at time  142388551 ps
inst0 ch0:  C_CMD: RDCMD     C_r = 0x01d   at time  142389793 ps
inst0 ch0:  C_CMD: RDCMD     C_f = 0x022   at time  142390207 ps
inst0 ch0:  R_CMD: ACTCMD    R_r0= 0x0a    at time  142433677 ps
inst0 ch0:  R_CMD: ACTCMD    R_f0= 0x08    at time  142434091 ps
inst0 ch0:  R_CMD: ACTCMD    R_r1= 0x00    at time  142434505 ps
inst0 ch0:  R_CMD: ACTCMD    R_f1= 0x00    at time  142434919 ps
inst0 ch0:  R_CMD: ACTCMD    R_r0= 0x0a    at time  142435333 ps
inst0 ch0:  R_CMD: ACTCMD    R_f0= 0x00    at time  142435747 ps
inst0 ch0:  R_CMD: ACTCMD    R_r1= 0x00    at time  142436161 ps
inst0 ch0:  R_CMD: ACTCMD    R_f1= 0x00    at time  142436575 ps
inst0 ch0:  C_CMD: WRCMD     C_r = 0x011   at time  142444441 ps
inst0 ch0:  C_CMD: WRCMD     C_f = 0x0a8   at time  142444855 ps
inst0 ch0:  C_CMD: WRCMD     C_r = 0x011   at time  142446097 ps
inst0 ch0:  C_CMD: WRCMD     C_f = 0x028   at time  142446511 ps
inst0 ch0:  C_CMD: WRCMD     C_r = 0x011   at time  142447753 ps
inst0 ch0:  C_CMD: WRCMD     C_f = 0x0aa   at time  142448167 ps
inst0 ch0:  C_CMD: WRCMD     C_r = 0x011   at time  142449409 ps
inst0 ch0:  C_CMD: WRCMD     C_f = 0x02a   at time  142449823 ps
inst0 ch0:  C_CMD: WRCMD     C_r = 0x011   at time  142451065 ps
inst0 ch0:  C_CMD: WRCMD     C_f = 0x0a0   at time  142451479 ps
inst0 ch0:  C_CMD: WRCMD     C_r = 0x011   at time  142452721 ps
inst0 ch0:  C_CMD: WRCMD     C_f = 0x020   at time  142453135 ps
inst0 ch0:  C_CMD: WRCMD     C_r = 0x019   at time  142454377 ps
inst0 ch0:  C_CMD: WRCMD     C_f = 0x0a2   at time  142454791 ps
inst0 ch0:  C_CMD: WRCMD     C_r = 0x019   at time  142456033 ps
inst0 ch0:  C_CMD: WRCMD     C_f = 0x022   at time  142456447 ps
inst0 ch0:  R_CMD: ACTCMD    R_r0= 0x02    at time  146178721 ps
inst0 ch0:  R_CMD: ACTCMD    R_f0= 0x18    at time  146179135 ps
inst0 ch0:  R_CMD: ACTCMD    R_r1= 0x3f    at time  146179549 ps
inst0 ch0:  R_CMD: ACTCMD    R_f1= 0x3b    at time  146179963 ps
inst0 ch0:  R_CMD: ACTCMD    R_r0= 0x02    at time  146181205 ps
inst0 ch0:  R_CMD: ACTCMD    R_f0= 0x10    at time  146181619 ps
inst0 ch0:  R_CMD: ACTCMD    R_r1= 0x3f    at time  146182033 ps
inst0 ch0:  R_CMD: ACTCMD    R_f1= 0x3b    at time  146182447 ps
inst0 ch0:  C_CMD: RDCMD     C_r = 0x005   at time  146193625 ps
inst0 ch0:  C_CMD: RDCMD     C_f = 0x0f8   at time  146194039 ps
inst0 ch0:  C_CMD: RDCMD     C_r = 0x005   at time  146196109 ps
inst0 ch0:  C_CMD: RDCMD     C_f = 0x078   at time  146196523 ps
inst0 ch0:  C_CMD: RDCMD     C_r = 0x00d   at time  146196937 ps
inst0 ch0:  C_CMD: RDCMD     C_f = 0x0fa   at time  146197351 ps
inst0 ch0:  C_CMD: RDCMD     C_r = 0x00d   at time  146199421 ps
inst0 ch0:  C_CMD: RDCMD     C_f = 0x07a   at time  146199835 ps
inst0 ch0:  R_CMD: ACTCMD    R_r0= 0x02    at time  146225917 ps
inst0 ch0:  R_CMD: ACTCMD    R_f0= 0x19    at time  146226331 ps
inst0 ch0:  R_CMD: ACTCMD    R_r1= 0x3f    at time  146226745 ps
inst0 ch0:  R_CMD: ACTCMD    R_f1= 0x3b    at time  146227159 ps
inst0 ch0:  R_CMD: ACTCMD    R_r0= 0x02    at time  146228401 ps
inst0 ch0:  R_CMD: ACTCMD    R_f0= 0x11    at time  146228815 ps
inst0 ch0:  R_CMD: ACTCMD    R_r1= 0x3f    at time  146229229 ps
inst0 ch0:  R_CMD: ACTCMD    R_f1= 0x3b    at time  146229643 ps
inst0 ch0:  C_CMD: RDCMD     C_r = 0x005   at time  146240821 ps
inst0 ch0:  C_CMD: RDCMD     C_f = 0x0f8   at time  146241235 ps
inst0 ch0:  C_CMD: RDCMD     C_r = 0x005   at time  146243305 ps
inst0 ch0:  C_CMD: RDCMD     C_f = 0x078   at time  146243719 ps
inst0 ch0:  C_CMD: RDCMD     C_r = 0x00d   at time  146244133 ps
inst0 ch0:  C_CMD: RDCMD     C_f = 0x0fa   at time  146244547 ps
inst0 ch0:  C_CMD: RDCMD     C_r = 0x00d   at time  146246617 ps
inst0 ch0:  C_CMD: RDCMD     C_f = 0x07a   at time  146247031 ps
inst0 ch0:  R_CMD: ACTCMD    R_r0= 0x02    at time  146273113 ps
inst0 ch0:  R_CMD: ACTCMD    R_f0= 0x18    at time  146273527 ps
inst0 ch0:  R_CMD: ACTCMD    R_r1= 0x3f    at time  146273941 ps
inst0 ch0:  R_CMD: ACTCMD    R_f1= 0x3b    at time  146274355 ps
inst0 ch0:  R_CMD: ACTCMD    R_r0= 0x02    at time  146275597 ps
inst0 ch0:  R_CMD: ACTCMD    R_f0= 0x10    at time  146276011 ps
inst0 ch0:  R_CMD: ACTCMD    R_r1= 0x3f    at time  146276425 ps
inst0 ch0:  R_CMD: ACTCMD    R_f1= 0x3b    at time  146276839 ps
inst0 ch0:  C_CMD: WRCMD     C_r = 0x001   at time  146283877 ps
inst0 ch0:  C_CMD: WRCMD     C_f = 0x0f8   at time  146284291 ps
inst0 ch0:  C_CMD: WRCMD     C_r = 0x001   at time  146286361 ps
inst0 ch0:  C_CMD: WRCMD     C_f = 0x078   at time  146286775 ps
inst0 ch0:  C_CMD: WRCMD     C_r = 0x009   at time  146287189 ps
inst0 ch0:  C_CMD: WRCMD     C_f = 0x0fa   at time  146287603 ps
inst0 ch0:  C_CMD: WRCMD     C_r = 0x009   at time  146289673 ps
inst0 ch0:  C_CMD: WRCMD     C_f = 0x07a   at time  146290087 ps
inst0 ch0:  R_CMD: ACTCMD    R_r0= 0x02    at time  146325277 ps
inst0 ch0:  R_CMD: ACTCMD    R_f0= 0x19    at time  146325691 ps
inst0 ch0:  R_CMD: ACTCMD    R_r1= 0x3f    at time  146326105 ps
inst0 ch0:  R_CMD: ACTCMD    R_f1= 0x3b    at time  146326519 ps
inst0 ch0:  R_CMD: ACTCMD    R_r0= 0x02    at time  146327761 ps
inst0 ch0:  R_CMD: ACTCMD    R_f0= 0x11    at time  146328175 ps
inst0 ch0:  R_CMD: ACTCMD    R_r1= 0x3f    at time  146328589 ps
inst0 ch0:  R_CMD: ACTCMD    R_f1= 0x3b    at time  146329003 ps
inst0 ch0:  C_CMD: WRCMD     C_r = 0x001   at time  146336041 ps
inst0 ch0:  C_CMD: WRCMD     C_f = 0x0f8   at time  146336455 ps
inst0 ch0:  C_CMD: WRCMD     C_r = 0x001   at time  146338525 ps
inst0 ch0:  C_CMD: WRCMD     C_f = 0x078   at time  146338939 ps
inst0 ch0:  C_CMD: WRCMD     C_r = 0x009   at time  146339353 ps
inst0 ch0:  C_CMD: WRCMD     C_f = 0x0fa   at time  146339767 ps
inst0 ch0:  C_CMD: WRCMD     C_r = 0x009   at time  146341837 ps
inst0 ch0:  C_CMD: WRCMD     C_f = 0x07a   at time  146342251 ps
inst0 ch0:  R_CMD: ACTCMD    R_r0= 0x0a    at time  146436229 ps
inst0 ch0:  R_CMD: ACTCMD    R_f0= 0x18    at time  146436643 ps
inst0 ch0:  R_CMD: ACTCMD    R_r1= 0x3f    at time  146437057 ps
inst0 ch0:  R_CMD: ACTCMD    R_f1= 0x3b    at time  146437471 ps
inst0 ch0:  R_CMD: ACTCMD    R_r0= 0x0a    at time  146438713 ps
inst0 ch0:  R_CMD: ACTCMD    R_f0= 0x10    at time  146439127 ps
inst0 ch0:  R_CMD: ACTCMD    R_r1= 0x3f    at time  146439541 ps
inst0 ch0:  R_CMD: ACTCMD    R_f1= 0x3b    at time  146439955 ps
inst0 ch0:  C_CMD: RDCMD     C_r = 0x015   at time  146451133 ps
inst0 ch0:  C_CMD: RDCMD     C_f = 0x0f8   at time  146451547 ps
inst0 ch0:  C_CMD: RDCMD     C_r = 0x015   at time  146453617 ps
inst0 ch0:  C_CMD: RDCMD     C_f = 0x078   at time  146454031 ps
inst0 ch0:  C_CMD: RDCMD     C_r = 0x01d   at time  146454445 ps
inst0 ch0:  C_CMD: RDCMD     C_f = 0x0fa   at time  146454859 ps
inst0 ch0:  C_CMD: RDCMD     C_r = 0x01d   at time  146456929 ps
inst0 ch0:  C_CMD: RDCMD     C_f = 0x07a   at time  146457343 ps
inst0 ch0:  R_CMD: ACTCMD    R_r0= 0x0a    at time  146483425 ps
inst0 ch0:  R_CMD: ACTCMD    R_f0= 0x08    at time  146483839 ps
inst0 ch0:  R_CMD: ACTCMD    R_r1= 0x00    at time  146484253 ps
inst0 ch0:  R_CMD: ACTCMD    R_f1= 0x00    at time  146484667 ps
inst0 ch0:  R_CMD: ACTCMD    R_r0= 0x0a    at time  146485909 ps
inst0 ch0:  R_CMD: ACTCMD    R_f0= 0x00    at time  146486323 ps
inst0 ch0:  R_CMD: ACTCMD    R_r1= 0x00    at time  146486737 ps
inst0 ch0:  R_CMD: ACTCMD    R_f1= 0x00    at time  146487151 ps
inst0 ch0:  C_CMD: RDCMD     C_r = 0x015   at time  146498329 ps
inst0 ch0:  C_CMD: RDCMD     C_f = 0x0b8   at time  146498743 ps
inst0 ch0:  C_CMD: RDCMD     C_r = 0x015   at time  146500813 ps
inst0 ch0:  C_CMD: RDCMD     C_f = 0x038   at time  146501227 ps
inst0 ch0:  C_CMD: RDCMD     C_r = 0x015   at time  146501641 ps
inst0 ch0:  C_CMD: RDCMD     C_f = 0x0ba   at time  146502055 ps
inst0 ch0:  C_CMD: RDCMD     C_r = 0x015   at time  146504125 ps
inst0 ch0:  C_CMD: RDCMD     C_f = 0x03a   at time  146504539 ps
inst0 ch0:  C_CMD: RDCMD     C_r = 0x015   at time  146504953 ps
inst0 ch0:  C_CMD: RDCMD     C_f = 0x0b0   at time  146505367 ps
inst0 ch0:  C_CMD: RDCMD     C_r = 0x015   at time  146507437 ps
inst0 ch0:  C_CMD: RDCMD     C_f = 0x030   at time  146507851 ps
inst0 ch0:  C_CMD: RDCMD     C_r = 0x01d   at time  146508265 ps
inst0 ch0:  C_CMD: RDCMD     C_f = 0x0b2   at time  146508679 ps
inst0 ch0:  C_CMD: RDCMD     C_r = 0x01d   at time  146510749 ps
inst0 ch0:  C_CMD: RDCMD     C_f = 0x032   at time  146511163 ps
inst0 ch0:  R_CMD: ACTCMD    R_r0= 0x0a    at time  146530621 ps
inst0 ch0:  R_CMD: ACTCMD    R_f0= 0x19    at time  146531035 ps
inst0 ch0:  R_CMD: ACTCMD    R_r1= 0x3f    at time  146531449 ps
inst0 ch0:  R_CMD: ACTCMD    R_f1= 0x3b    at time  146531863 ps
inst0 ch0:  R_CMD: ACTCMD    R_r0= 0x0a    at time  146533105 ps
inst0 ch0:  R_CMD: ACTCMD    R_f0= 0x11    at time  146533519 ps
inst0 ch0:  R_CMD: ACTCMD    R_r1= 0x3f    at time  146533933 ps
inst0 ch0:  R_CMD: ACTCMD    R_f1= 0x3b    at time  146534347 ps
inst0 ch0:  C_CMD: RDCMD     C_r = 0x015   at time  146545525 ps
inst0 ch0:  C_CMD: RDCMD     C_f = 0x0f8   at time  146545939 ps
inst0 ch0:  C_CMD: RDCMD     C_r = 0x015   at time  146548009 ps
inst0 ch0:  C_CMD: RDCMD     C_f = 0x078   at time  146548423 ps
inst0 ch0:  C_CMD: RDCMD     C_r = 0x01d   at time  146548837 ps
inst0 ch0:  C_CMD: RDCMD     C_f = 0x0fa   at time  146549251 ps
inst0 ch0:  C_CMD: RDCMD     C_r = 0x01d   at time  146551321 ps
inst0 ch0:  C_CMD: RDCMD     C_f = 0x07a   at time  146551735 ps
inst0 ch0:  R_CMD: ACTCMD    R_r0= 0x0a    at time  146577817 ps
inst0 ch0:  R_CMD: ACTCMD    R_f0= 0x18    at time  146578231 ps
inst0 ch0:  R_CMD: ACTCMD    R_r1= 0x3f    at time  146578645 ps
inst0 ch0:  R_CMD: ACTCMD    R_f1= 0x3b    at time  146579059 ps
inst0 ch0:  R_CMD: ACTCMD    R_r0= 0x0a    at time  146580301 ps
inst0 ch0:  R_CMD: ACTCMD    R_f0= 0x10    at time  146580715 ps
inst0 ch0:  R_CMD: ACTCMD    R_r1= 0x3f    at time  146581129 ps
inst0 ch0:  R_CMD: ACTCMD    R_f1= 0x3b    at time  146581543 ps
inst0 ch0:  C_CMD: WRCMD     C_r = 0x011   at time  146588581 ps
inst0 ch0:  C_CMD: WRCMD     C_f = 0x0f8   at time  146588995 ps
inst0 ch0:  C_CMD: WRCMD     C_r = 0x011   at time  146591065 ps
inst0 ch0:  C_CMD: WRCMD     C_f = 0x078   at time  146591479 ps
inst0 ch0:  C_CMD: WRCMD     C_r = 0x019   at time  146591893 ps
inst0 ch0:  C_CMD: WRCMD     C_f = 0x0fa   at time  146592307 ps
inst0 ch0:  C_CMD: WRCMD     C_r = 0x019   at time  146594377 ps
inst0 ch0:  C_CMD: WRCMD     C_f = 0x07a   at time  146594791 ps
inst0 ch0:  R_CMD: ACTCMD    R_r0= 0x0a    at time  146629981 ps
inst0 ch0:  R_CMD: ACTCMD    R_f0= 0x08    at time  146630395 ps
inst0 ch0:  R_CMD: ACTCMD    R_r1= 0x00    at time  146630809 ps
inst0 ch0:  R_CMD: ACTCMD    R_f1= 0x00    at time  146631223 ps
inst0 ch0:  R_CMD: ACTCMD    R_r0= 0x0a    at time  146632465 ps
inst0 ch0:  R_CMD: ACTCMD    R_f0= 0x00    at time  146632879 ps
inst0 ch0:  R_CMD: ACTCMD    R_r1= 0x00    at time  146633293 ps
inst0 ch0:  R_CMD: ACTCMD    R_f1= 0x00    at time  146633707 ps
inst0 ch0:  C_CMD: WRCMD     C_r = 0x011   at time  146640745 ps
inst0 ch0:  C_CMD: WRCMD     C_f = 0x0b8   at time  146641159 ps
inst0 ch0:  C_CMD: WRCMD     C_r = 0x011   at time  146643229 ps
inst0 ch0:  C_CMD: WRCMD     C_f = 0x038   at time  146643643 ps
inst0 ch0:  C_CMD: WRCMD     C_r = 0x011   at time  146644057 ps
inst0 ch0:  C_CMD: WRCMD     C_f = 0x0ba   at time  146644471 ps
inst0 ch0:  C_CMD: WRCMD     C_r = 0x011   at time  146646541 ps
inst0 ch0:  C_CMD: WRCMD     C_f = 0x03a   at time  146646955 ps
inst0 ch0:  C_CMD: WRCMD     C_r = 0x011   at time  146647369 ps
inst0 ch0:  C_CMD: WRCMD     C_f = 0x0b0   at time  146647783 ps
inst0 ch0:  C_CMD: WRCMD     C_r = 0x011   at time  146649853 ps
inst0 ch0:  C_CMD: WRCMD     C_f = 0x030   at time  146650267 ps
inst0 ch0:  C_CMD: WRCMD     C_r = 0x019   at time  146650681 ps
inst0 ch0:  C_CMD: WRCMD     C_f = 0x0b2   at time  146651095 ps
inst0 ch0:  C_CMD: WRCMD     C_r = 0x019   at time  146653165 ps
inst0 ch0:  C_CMD: WRCMD     C_f = 0x032   at time  146653579 ps
inst0 ch0:  R_CMD: ACTCMD    R_r0= 0x0a    at time  146688769 ps
inst0 ch0:  R_CMD: ACTCMD    R_f0= 0x19    at time  146689183 ps
inst0 ch0:  R_CMD: ACTCMD    R_r1= 0x3f    at time  146689597 ps
inst0 ch0:  R_CMD: ACTCMD    R_f1= 0x3b    at time  146690011 ps
inst0 ch0:  R_CMD: ACTCMD    R_r0= 0x0a    at time  146691253 ps
inst0 ch0:  R_CMD: ACTCMD    R_f0= 0x11    at time  146691667 ps
inst0 ch0:  R_CMD: ACTCMD    R_r1= 0x3f    at time  146692081 ps
inst0 ch0:  R_CMD: ACTCMD    R_f1= 0x3b    at time  146692495 ps
inst0 ch0:  C_CMD: WRCMD     C_r = 0x011   at time  146699533 ps
inst0 ch0:  C_CMD: WRCMD     C_f = 0x0f8   at time  146699947 ps
inst0 ch0:  C_CMD: WRCMD     C_r = 0x011   at time  146702017 ps
inst0 ch0:  C_CMD: WRCMD     C_f = 0x078   at time  146702431 ps
inst0 ch0:  C_CMD: WRCMD     C_r = 0x019   at time  146702845 ps
inst0 ch0:  C_CMD: WRCMD     C_f = 0x0fa   at time  146703259 ps
inst0 ch0:  C_CMD: WRCMD     C_r = 0x019   at time  146705329 ps
inst0 ch0:  C_CMD: WRCMD     C_f = 0x07a   at time  146705743 ps
inst0 ch0:  R_CMD: ACTCMD    R_r0= 0x02    at time  147196333 ps
inst0 ch0:  R_CMD: ACTCMD    R_f0= 0x38    at time  147196747 ps
inst0 ch0:  R_CMD: ACTCMD    R_r1= 0x3f    at time  147197161 ps
inst0 ch0:  R_CMD: ACTCMD    R_f1= 0x3b    at time  147197575 ps
inst0 ch0:  R_CMD: ACTCMD    R_r0= 0x02    at time  147198817 ps
inst0 ch0:  R_CMD: ACTCMD    R_f0= 0x30    at time  147199231 ps
inst0 ch0:  R_CMD: ACTCMD    R_r1= 0x3f    at time  147199645 ps
inst0 ch0:  R_CMD: ACTCMD    R_f1= 0x3b    at time  147200059 ps
inst0 ch0:  C_CMD: RDCMD     C_r = 0x085   at time  147211237 ps
inst0 ch0:  C_CMD: RDCMD     C_f = 0x0f8   at time  147211651 ps
inst0 ch0:  C_CMD: RDCMD     C_r = 0x085   at time  147213721 ps
inst0 ch0:  C_CMD: RDCMD     C_f = 0x078   at time  147214135 ps
inst0 ch0:  C_CMD: RDCMD     C_r = 0x08d   at time  147214549 ps
inst0 ch0:  C_CMD: RDCMD     C_f = 0x0fa   at time  147214963 ps
inst0 ch0:  C_CMD: RDCMD     C_r = 0x08d   at time  147217033 ps
inst0 ch0:  C_CMD: RDCMD     C_f = 0x07a   at time  147217447 ps
inst0 ch0:  R_CMD: ACTCMD    R_r0= 0x02    at time  147266713 ps
inst0 ch0:  R_CMD: ACTCMD    R_f0= 0x38    at time  147267127 ps
inst0 ch0:  R_CMD: ACTCMD    R_r1= 0x3f    at time  147267541 ps
inst0 ch0:  R_CMD: ACTCMD    R_f1= 0x3b    at time  147267955 ps
inst0 ch0:  R_CMD: ACTCMD    R_r0= 0x02    at time  147269197 ps
inst0 ch0:  R_CMD: ACTCMD    R_f0= 0x30    at time  147269611 ps
inst0 ch0:  R_CMD: ACTCMD    R_r1= 0x3f    at time  147270025 ps
inst0 ch0:  R_CMD: ACTCMD    R_f1= 0x3b    at time  147270439 ps
inst0 ch0:  C_CMD: WRCMD     C_r = 0x081   at time  147277477 ps
inst0 ch0:  C_CMD: WRCMD     C_f = 0x0f8   at time  147277891 ps
inst0 ch0:  C_CMD: WRCMD     C_r = 0x081   at time  147279961 ps
inst0 ch0:  C_CMD: WRCMD     C_f = 0x078   at time  147280375 ps
inst0 ch0:  C_CMD: WRCMD     C_r = 0x089   at time  147280789 ps
inst0 ch0:  C_CMD: WRCMD     C_f = 0x0fa   at time  147281203 ps
inst0 ch0:  C_CMD: WRCMD     C_r = 0x089   at time  147283273 ps
inst0 ch0:  C_CMD: WRCMD     C_f = 0x07a   at time  147283687 ps
inst0 ch0:  R_CMD: ACTCMD    R_r0= 0x0a    at time  147450529 ps
inst0 ch0:  R_CMD: ACTCMD    R_f0= 0x38    at time  147450943 ps
inst0 ch0:  R_CMD: ACTCMD    R_r1= 0x3f    at time  147451357 ps
inst0 ch0:  R_CMD: ACTCMD    R_f1= 0x3b    at time  147451771 ps
inst0 ch0:  R_CMD: ACTCMD    R_r0= 0x0a    at time  147453013 ps
inst0 ch0:  R_CMD: ACTCMD    R_f0= 0x30    at time  147453427 ps
inst0 ch0:  R_CMD: ACTCMD    R_r1= 0x3f    at time  147453841 ps
inst0 ch0:  R_CMD: ACTCMD    R_f1= 0x3b    at time  147454255 ps
inst0 ch0:  C_CMD: RDCMD     C_r = 0x095   at time  147465433 ps
inst0 ch0:  C_CMD: RDCMD     C_f = 0x0f8   at time  147465847 ps
inst0 ch0:  C_CMD: RDCMD     C_r = 0x095   at time  147467917 ps
inst0 ch0:  C_CMD: RDCMD     C_f = 0x078   at time  147468331 ps
inst0 ch0:  C_CMD: RDCMD     C_r = 0x09d   at time  147468745 ps
inst0 ch0:  C_CMD: RDCMD     C_f = 0x0fa   at time  147469159 ps
inst0 ch0:  C_CMD: RDCMD     C_r = 0x09d   at time  147471229 ps
inst0 ch0:  C_CMD: RDCMD     C_f = 0x07a   at time  147471643 ps
inst0 ch0:  R_CMD: ACTCMD    R_r0= 0x0a    at time  147725425 ps
inst0 ch0:  R_CMD: ACTCMD    R_f0= 0x38    at time  147725839 ps
inst0 ch0:  R_CMD: ACTCMD    R_r1= 0x3f    at time  147726253 ps
inst0 ch0:  R_CMD: ACTCMD    R_f1= 0x3b    at time  147726667 ps
inst0 ch0:  R_CMD: ACTCMD    R_r0= 0x0a    at time  147727909 ps
inst0 ch0:  R_CMD: ACTCMD    R_f0= 0x30    at time  147728323 ps
inst0 ch0:  R_CMD: ACTCMD    R_r1= 0x3f    at time  147728737 ps
inst0 ch0:  R_CMD: ACTCMD    R_f1= 0x3b    at time  147729151 ps
inst0 ch0:  C_CMD: WRCMD     C_r = 0x091   at time  147736189 ps
inst0 ch0:  C_CMD: WRCMD     C_f = 0x0f8   at time  147736603 ps
inst0 ch0:  C_CMD: WRCMD     C_r = 0x091   at time  147738673 ps
inst0 ch0:  C_CMD: WRCMD     C_f = 0x078   at time  147739087 ps
inst0 ch0:  C_CMD: WRCMD     C_r = 0x099   at time  147739501 ps
inst0 ch0:  C_CMD: WRCMD     C_f = 0x0fa   at time  147739915 ps
inst0 ch0:  C_CMD: WRCMD     C_r = 0x099   at time  147741985 ps
inst0 ch0:  C_CMD: WRCMD     C_f = 0x07a   at time  147742399 ps
