inst0 ch0:  R_CMD: ACTCMD    R_r0= 0x0e    at time   33400981 ps
inst0 ch0:  R_CMD: ACTCMD    R_f0= 0x28    at time   33401395 ps
inst0 ch0:  R_CMD: ACTCMD    R_r1= 0x00    at time   33401809 ps
inst0 ch0:  R_CMD: ACTCMD    R_f1= 0x02    at time   33402223 ps
inst0 ch0:  R_CMD: ACTCMD    R_r0= 0x0e    at time   33402637 ps
inst0 ch0:  R_CMD: ACTCMD    R_f0= 0x20    at time   33403051 ps
inst0 ch0:  R_CMD: ACTCMD    R_r1= 0x00    at time   33403465 ps
inst0 ch0:  R_CMD: ACTCMD    R_f1= 0x02    at time   33403879 ps
inst0 ch0:  C_CMD: RDCMD     C_r = 0x095   at time   33415885 ps
inst0 ch0:  C_CMD: RDCMD     C_f = 0x0a9   at time   33416299 ps
inst0 ch0:  C_CMD: RDCMD     C_r = 0x095   at time   33417541 ps
inst0 ch0:  C_CMD: RDCMD     C_f = 0x029   at time   33417955 ps
inst0 ch0:  C_CMD: RDCMD     C_r = 0x095   at time   33419197 ps
inst0 ch0:  C_CMD: RDCMD     C_f = 0x0ab   at time   33419611 ps
inst0 ch0:  C_CMD: RDCMD     C_r = 0x095   at time   33420853 ps
inst0 ch0:  C_CMD: RDCMD     C_f = 0x02b   at time   33421267 ps
inst0 ch0:  C_CMD: RDCMD     C_r = 0x095   at time   33422509 ps
inst0 ch0:  C_CMD: RDCMD     C_f = 0x0a1   at time   33422923 ps
inst0 ch0:  C_CMD: RDCMD     C_r = 0x095   at time   33424165 ps
inst0 ch0:  C_CMD: RDCMD     C_f = 0x021   at time   33424579 ps
inst0 ch0:  C_CMD: RDCMD     C_r = 0x09d   at time   33425821 ps
inst0 ch0:  C_CMD: RDCMD     C_f = 0x0a3   at time   33426235 ps
inst0 ch0:  C_CMD: RDCMD     C_r = 0x09d   at time   33427477 ps
inst0 ch0:  C_CMD: RDCMD     C_f = 0x023   at time   33427891 ps
inst0 ch0:  R_CMD: ACTCMD    R_r0= 0x0e    at time   33699061 ps
inst0 ch0:  R_CMD: ACTCMD    R_f0= 0x28    at time   33699475 ps
inst0 ch0:  R_CMD: ACTCMD    R_r1= 0x00    at time   33699889 ps
inst0 ch0:  R_CMD: ACTCMD    R_f1= 0x02    at time   33700303 ps
inst0 ch0:  R_CMD: ACTCMD    R_r0= 0x0e    at time   33700717 ps
inst0 ch0:  R_CMD: ACTCMD    R_f0= 0x20    at time   33701131 ps
inst0 ch0:  R_CMD: ACTCMD    R_r1= 0x00    at time   33701545 ps
inst0 ch0:  R_CMD: ACTCMD    R_f1= 0x02    at time   33701959 ps
inst0 ch0:  C_CMD: WRCMD     C_r = 0x091   at time   33709825 ps
inst0 ch0:  C_CMD: WRCMD     C_f = 0x0a9   at time   33710239 ps
inst0 ch0:  C_CMD: WRCMD     C_r = 0x091   at time   33711481 ps
inst0 ch0:  C_CMD: WRCMD     C_f = 0x029   at time   33711895 ps
inst0 ch0:  C_CMD: WRCMD     C_r = 0x091   at time   33713137 ps
inst0 ch0:  C_CMD: WRCMD     C_f = 0x0ab   at time   33713551 ps
inst0 ch0:  C_CMD: WRCMD     C_r = 0x091   at time   33714793 ps
inst0 ch0:  C_CMD: WRCMD     C_f = 0x02b   at time   33715207 ps
inst0 ch0:  C_CMD: WRCMD     C_r = 0x091   at time   33716449 ps
inst0 ch0:  C_CMD: WRCMD     C_f = 0x0a1   at time   33716863 ps
inst0 ch0:  C_CMD: WRCMD     C_r = 0x091   at time   33718105 ps
inst0 ch0:  C_CMD: WRCMD     C_f = 0x021   at time   33718519 ps
inst0 ch0:  C_CMD: WRCMD     C_r = 0x099   at time   33719761 ps
inst0 ch0:  C_CMD: WRCMD     C_f = 0x0a3   at time   33720175 ps
inst0 ch0:  C_CMD: WRCMD     C_r = 0x099   at time   33721417 ps
inst0 ch0:  C_CMD: WRCMD     C_f = 0x023   at time   33721831 ps
inst0 ch0:  R_CMD: ACTCMD    R_r0= 0x26    at time   37603081 ps
inst0 ch0:  R_CMD: ACTCMD    R_f0= 0x28    at time   37603495 ps
inst0 ch0:  R_CMD: ACTCMD    R_r1= 0x00    at time   37603909 ps
inst0 ch0:  R_CMD: ACTCMD    R_f1= 0x02    at time   37604323 ps
inst0 ch0:  R_CMD: ACTCMD    R_r0= 0x26    at time   37605565 ps
inst0 ch0:  R_CMD: ACTCMD    R_f0= 0x20    at time   37605979 ps
inst0 ch0:  R_CMD: ACTCMD    R_r1= 0x00    at time   37606393 ps
inst0 ch0:  R_CMD: ACTCMD    R_f1= 0x02    at time   37606807 ps
inst0 ch0:  C_CMD: RDCMD     C_r = 0x0c5   at time   37617985 ps
inst0 ch0:  C_CMD: RDCMD     C_f = 0x0a9   at time   37618399 ps
inst0 ch0:  C_CMD: RDCMD     C_r = 0x0c5   at time   37620469 ps
inst0 ch0:  C_CMD: RDCMD     C_f = 0x029   at time   37620883 ps
inst0 ch0:  C_CMD: RDCMD     C_r = 0x0c5   at time   37621297 ps
inst0 ch0:  C_CMD: RDCMD     C_f = 0x0ab   at time   37621711 ps
inst0 ch0:  C_CMD: RDCMD     C_r = 0x0c5   at time   37623781 ps
inst0 ch0:  C_CMD: RDCMD     C_f = 0x02b   at time   37624195 ps
inst0 ch0:  C_CMD: RDCMD     C_r = 0x0c5   at time   37624609 ps
inst0 ch0:  C_CMD: RDCMD     C_f = 0x0a1   at time   37625023 ps
inst0 ch0:  C_CMD: RDCMD     C_r = 0x0c5   at time   37627093 ps
inst0 ch0:  C_CMD: RDCMD     C_f = 0x021   at time   37627507 ps
inst0 ch0:  C_CMD: RDCMD     C_r = 0x0cd   at time   37627921 ps
inst0 ch0:  C_CMD: RDCMD     C_f = 0x0a3   at time   37628335 ps
inst0 ch0:  C_CMD: RDCMD     C_r = 0x0cd   at time   37630405 ps
inst0 ch0:  C_CMD: RDCMD     C_f = 0x023   at time   37630819 ps
inst0 ch0:  R_CMD: ACTCMD    R_r0= 0x26    at time   37699129 ps
inst0 ch0:  R_CMD: ACTCMD    R_f0= 0x28    at time   37699543 ps
inst0 ch0:  R_CMD: ACTCMD    R_r1= 0x00    at time   37699957 ps
inst0 ch0:  R_CMD: ACTCMD    R_f1= 0x02    at time   37700371 ps
inst0 ch0:  R_CMD: ACTCMD    R_r0= 0x26    at time   37701613 ps
inst0 ch0:  R_CMD: ACTCMD    R_f0= 0x20    at time   37702027 ps
inst0 ch0:  R_CMD: ACTCMD    R_r1= 0x00    at time   37702441 ps
inst0 ch0:  R_CMD: ACTCMD    R_f1= 0x02    at time   37702855 ps
inst0 ch0:  C_CMD: WRCMD     C_r = 0x0c1   at time   37709893 ps
inst0 ch0:  C_CMD: WRCMD     C_f = 0x0a9   at time   37710307 ps
inst0 ch0:  C_CMD: WRCMD     C_r = 0x0c1   at time   37712377 ps
inst0 ch0:  C_CMD: WRCMD     C_f = 0x029   at time   37712791 ps
inst0 ch0:  C_CMD: WRCMD     C_r = 0x0c1   at time   37713205 ps
inst0 ch0:  C_CMD: WRCMD     C_f = 0x0ab   at time   37713619 ps
inst0 ch0:  C_CMD: WRCMD     C_r = 0x0c1   at time   37715689 ps
inst0 ch0:  C_CMD: WRCMD     C_f = 0x02b   at time   37716103 ps
inst0 ch0:  C_CMD: WRCMD     C_r = 0x0c1   at time   37716517 ps
inst0 ch0:  C_CMD: WRCMD     C_f = 0x0a1   at time   37716931 ps
inst0 ch0:  C_CMD: WRCMD     C_r = 0x0c1   at time   37719001 ps
inst0 ch0:  C_CMD: WRCMD     C_f = 0x021   at time   37719415 ps
inst0 ch0:  C_CMD: WRCMD     C_r = 0x0c9   at time   37719829 ps
inst0 ch0:  C_CMD: WRCMD     C_f = 0x0a3   at time   37720243 ps
inst0 ch0:  C_CMD: WRCMD     C_r = 0x0c9   at time   37722313 ps
inst0 ch0:  C_CMD: WRCMD     C_f = 0x023   at time   37722727 ps
inst0 ch0:  R_CMD: ACTCMD    R_r0= 0x22    at time   54582049 ps
inst0 ch0:  R_CMD: ACTCMD    R_f0= 0x2a    at time   54582463 ps
inst0 ch0:  R_CMD: ACTCMD    R_r1= 0x00    at time   54582877 ps
inst0 ch0:  R_CMD: ACTCMD    R_f1= 0x00    at time   54583291 ps
inst0 ch0:  R_CMD: ACTCMD    R_r0= 0x02    at time   54586189 ps
inst0 ch0:  R_CMD: ACTCMD    R_f0= 0x2a    at time   54586603 ps
inst0 ch0:  R_CMD: ACTCMD    R_r1= 0x00    at time   54587017 ps
inst0 ch0:  R_CMD: ACTCMD    R_f1= 0x00    at time   54587431 ps
inst0 ch0:  R_CMD: ACTCMD    R_r0= 0x22    at time   54587845 ps
inst0 ch0:  R_CMD: ACTCMD    R_f0= 0x22    at time   54588259 ps
inst0 ch0:  R_CMD: ACTCMD    R_r1= 0x00    at time   54588673 ps
inst0 ch0:  R_CMD: ACTCMD    R_f1= 0x00    at time   54589087 ps
inst0 ch0:  R_CMD: ACTCMD    R_r0= 0x22    at time   54590329 ps
inst0 ch0:  R_CMD: ACTCMD    R_f0= 0x0a    at time   54590743 ps
inst0 ch0:  R_CMD: ACTCMD    R_r1= 0x00    at time   54591157 ps
inst0 ch0:  R_CMD: ACTCMD    R_f1= 0x00    at time   54591571 ps
inst0 ch0:  R_CMD: ACTCMD    R_r0= 0x02    at time   54591985 ps
inst0 ch0:  R_CMD: ACTCMD    R_f0= 0x22    at time   54592399 ps
inst0 ch0:  R_CMD: ACTCMD    R_r1= 0x00    at time   54592813 ps
inst0 ch0:  R_CMD: ACTCMD    R_f1= 0x00    at time   54593227 ps
inst0 ch0:  R_CMD: ACTCMD    R_r0= 0x02    at time   54594469 ps
inst0 ch0:  R_CMD: ACTCMD    R_f0= 0x0a    at time   54594883 ps
inst0 ch0:  R_CMD: ACTCMD    R_r1= 0x00    at time   54595297 ps
inst0 ch0:  R_CMD: ACTCMD    R_f1= 0x00    at time   54595711 ps
inst0 ch0:  R_CMD: ACTCMD    R_r0= 0x22    at time   54596125 ps
inst0 ch0:  R_CMD: ACTCMD    R_f0= 0x02    at time   54596539 ps
inst0 ch0:  R_CMD: ACTCMD    R_r1= 0x00    at time   54596953 ps
inst0 ch0:  C_CMD: RDCMD     C_r = 0x0c5   at time   54596953 ps
inst0 ch0:  R_CMD: ACTCMD    R_f1= 0x00    at time   54597367 ps
inst0 ch0:  C_CMD: RDCMD     C_f = 0x080   at time   54597367 ps
inst0 ch0:  R_CMD: ACTCMD    R_r0= 0x02    at time   54600265 ps
inst0 ch0:  C_CMD: RDCMD     C_r = 0x0cd   at time   54600265 ps
inst0 ch0:  R_CMD: ACTCMD    R_f0= 0x02    at time   54600679 ps
inst0 ch0:  C_CMD: RDCMD     C_f = 0x082   at time   54600679 ps
inst0 ch0:  R_CMD: ACTCMD    R_r1= 0x00    at time   54601093 ps
inst0 ch0:  R_CMD: ACTCMD    R_f1= 0x00    at time   54601507 ps
inst0 ch0:  C_CMD: RDCMD     C_r = 0x085   at time   54601921 ps
inst0 ch0:  C_CMD: RDCMD     C_f = 0x080   at time   54602335 ps
inst0 ch0:  C_CMD: RDCMD     C_r = 0x0c5   at time   54602749 ps
inst0 ch0:  C_CMD: RDCMD     C_f = 0x000   at time   54603163 ps
inst0 ch0:  C_CMD: RDCMD     C_r = 0x08d   at time   54605233 ps
inst0 ch0:  C_CMD: RDCMD     C_f = 0x082   at time   54605647 ps
inst0 ch0:  C_CMD: RDCMD     C_r = 0x0cd   at time   54606061 ps
inst0 ch0:  C_CMD: RDCMD     C_f = 0x002   at time   54606475 ps
inst0 ch0:  C_CMD: RDCMD     C_r = 0x045   at time   54606889 ps
inst0 ch0:  C_CMD: RDCMD     C_f = 0x080   at time   54607303 ps
inst0 ch0:  C_CMD: RDCMD     C_r = 0x085   at time   54607717 ps
inst0 ch0:  C_CMD: RDCMD     C_f = 0x000   at time   54608131 ps
inst0 ch0:  C_CMD: RDCMD     C_r = 0x005   at time   54609373 ps
inst0 ch0:  C_CMD: RDCMD     C_f = 0x080   at time   54609787 ps
inst0 ch0:  C_CMD: RDCMD     C_r = 0x04d   at time   54611029 ps
inst0 ch0:  C_CMD: RDCMD     C_f = 0x082   at time   54611443 ps
inst0 ch0:  C_CMD: RDCMD     C_r = 0x08d   at time   54611857 ps
inst0 ch0:  C_CMD: RDCMD     C_f = 0x002   at time   54612271 ps
inst0 ch0:  C_CMD: RDCMD     C_r = 0x00d   at time   54612685 ps
inst0 ch0:  C_CMD: RDCMD     C_f = 0x082   at time   54613099 ps
inst0 ch0:  C_CMD: RDCMD     C_r = 0x045   at time   54613513 ps
inst0 ch0:  C_CMD: RDCMD     C_f = 0x000   at time   54613927 ps
inst0 ch0:  C_CMD: RDCMD     C_r = 0x005   at time   54615169 ps
inst0 ch0:  C_CMD: RDCMD     C_f = 0x000   at time   54615583 ps
inst0 ch0:  C_CMD: RDCMD     C_r = 0x04d   at time   54616825 ps
inst0 ch0:  C_CMD: RDCMD     C_f = 0x002   at time   54617239 ps
inst0 ch0:  C_CMD: RDCMD     C_r = 0x00d   at time   54618481 ps
inst0 ch0:  C_CMD: RDCMD     C_f = 0x002   at time   54618895 ps
inst0 ch0:  R_CMD: ACTCMD    R_r0= 0x2a    at time   55155025 ps
inst0 ch0:  R_CMD: ACTCMD    R_f0= 0x22    at time   55155439 ps
inst0 ch0:  R_CMD: ACTCMD    R_r1= 0x00    at time   55155853 ps
inst0 ch0:  R_CMD: ACTCMD    R_f1= 0x00    at time   55156267 ps
inst0 ch0:  R_CMD: ACTCMD    R_r0= 0x0a    at time   55159165 ps
inst0 ch0:  R_CMD: ACTCMD    R_f0= 0x22    at time   55159579 ps
inst0 ch0:  R_CMD: ACTCMD    R_r1= 0x00    at time   55159993 ps
inst0 ch0:  R_CMD: ACTCMD    R_f1= 0x00    at time   55160407 ps
inst0 ch0:  R_CMD: ACTCMD    R_r0= 0x2a    at time   55163305 ps
inst0 ch0:  R_CMD: ACTCMD    R_f0= 0x02    at time   55163719 ps
inst0 ch0:  R_CMD: ACTCMD    R_r1= 0x00    at time   55164133 ps
inst0 ch0:  R_CMD: ACTCMD    R_f1= 0x00    at time   55164547 ps
inst0 ch0:  R_CMD: ACTCMD    R_r0= 0x0a    at time   55167445 ps
inst0 ch0:  R_CMD: ACTCMD    R_f0= 0x02    at time   55167859 ps
inst0 ch0:  R_CMD: ACTCMD    R_r1= 0x00    at time   55168273 ps
inst0 ch0:  R_CMD: ACTCMD    R_f1= 0x00    at time   55168687 ps
inst0 ch0:  R_CMD: ACTCMD    R_r0= 0x2a    at time   55169101 ps
inst0 ch0:  R_CMD: ACTCMD    R_f0= 0x2a    at time   55169515 ps
inst0 ch0:  R_CMD: ACTCMD    R_r1= 0x00    at time   55169929 ps
inst0 ch0:  C_CMD: RDCMD     C_r = 0x0d5   at time   55169929 ps
inst0 ch0:  R_CMD: ACTCMD    R_f1= 0x00    at time   55170343 ps
inst0 ch0:  C_CMD: RDCMD     C_f = 0x000   at time   55170343 ps
inst0 ch0:  R_CMD: ACTCMD    R_r0= 0x0a    at time   55173241 ps
inst0 ch0:  C_CMD: RDCMD     C_r = 0x0dd   at time   55173241 ps
inst0 ch0:  R_CMD: ACTCMD    R_f0= 0x2a    at time   55173655 ps
inst0 ch0:  C_CMD: RDCMD     C_f = 0x002   at time   55173655 ps
inst0 ch0:  R_CMD: ACTCMD    R_r1= 0x00    at time   55174069 ps
inst0 ch0:  R_CMD: ACTCMD    R_f1= 0x00    at time   55174483 ps
inst0 ch0:  C_CMD: RDCMD     C_r = 0x095   at time   55174897 ps
inst0 ch0:  C_CMD: RDCMD     C_f = 0x000   at time   55175311 ps
inst0 ch0:  R_CMD: ACTCMD    R_r0= 0x2a    at time   55177381 ps
inst0 ch0:  R_CMD: ACTCMD    R_f0= 0x0a    at time   55177795 ps
inst0 ch0:  R_CMD: ACTCMD    R_r1= 0x00    at time   55178209 ps
inst0 ch0:  C_CMD: RDCMD     C_r = 0x09d   at time   55178209 ps
inst0 ch0:  R_CMD: ACTCMD    R_f1= 0x00    at time   55178623 ps
inst0 ch0:  C_CMD: RDCMD     C_f = 0x002   at time   55178623 ps
inst0 ch0:  C_CMD: RDCMD     C_r = 0x055   at time   55179865 ps
inst0 ch0:  C_CMD: RDCMD     C_f = 0x000   at time   55180279 ps
inst0 ch0:  R_CMD: ACTCMD    R_r0= 0x0a    at time   55181521 ps
inst0 ch0:  R_CMD: ACTCMD    R_f0= 0x0a    at time   55181935 ps
inst0 ch0:  R_CMD: ACTCMD    R_r1= 0x00    at time   55182349 ps
inst0 ch0:  C_CMD: RDCMD     C_r = 0x015   at time   55182349 ps
inst0 ch0:  R_CMD: ACTCMD    R_f1= 0x00    at time   55182763 ps
inst0 ch0:  C_CMD: RDCMD     C_f = 0x000   at time   55182763 ps
inst0 ch0:  C_CMD: RDCMD     C_r = 0x05d   at time   55184005 ps
inst0 ch0:  C_CMD: RDCMD     C_f = 0x002   at time   55184419 ps
inst0 ch0:  C_CMD: RDCMD     C_r = 0x0d5   at time   55184833 ps
inst0 ch0:  C_CMD: RDCMD     C_f = 0x080   at time   55185247 ps
inst0 ch0:  C_CMD: RDCMD     C_r = 0x01d   at time   55185661 ps
inst0 ch0:  C_CMD: RDCMD     C_f = 0x002   at time   55186075 ps
inst0 ch0:  C_CMD: RDCMD     C_r = 0x0dd   at time   55188145 ps
inst0 ch0:  C_CMD: RDCMD     C_f = 0x082   at time   55188559 ps
inst0 ch0:  C_CMD: RDCMD     C_r = 0x095   at time   55189801 ps
inst0 ch0:  C_CMD: RDCMD     C_f = 0x080   at time   55190215 ps
inst0 ch0:  C_CMD: RDCMD     C_r = 0x055   at time   55192285 ps
inst0 ch0:  C_CMD: RDCMD     C_f = 0x080   at time   55192699 ps
inst0 ch0:  C_CMD: RDCMD     C_r = 0x09d   at time   55193941 ps
inst0 ch0:  C_CMD: RDCMD     C_f = 0x082   at time   55194355 ps
inst0 ch0:  C_CMD: RDCMD     C_r = 0x05d   at time   55195597 ps
inst0 ch0:  C_CMD: RDCMD     C_f = 0x082   at time   55196011 ps
inst0 ch0:  C_CMD: RDCMD     C_r = 0x015   at time   55197253 ps
inst0 ch0:  C_CMD: RDCMD     C_f = 0x080   at time   55197667 ps
inst0 ch0:  C_CMD: RDCMD     C_r = 0x01d   at time   55200565 ps
inst0 ch0:  C_CMD: RDCMD     C_f = 0x082   at time   55200979 ps
inst0 ch0:  R_CMD: ACTCMD    R_r0= 0x32    at time   55424953 ps
inst0 ch0:  R_CMD: ACTCMD    R_f0= 0x22    at time   55425367 ps
inst0 ch0:  R_CMD: ACTCMD    R_r1= 0x00    at time   55425781 ps
inst0 ch0:  R_CMD: ACTCMD    R_f1= 0x00    at time   55426195 ps
inst0 ch0:  R_CMD: ACTCMD    R_r0= 0x12    at time   55429093 ps
inst0 ch0:  R_CMD: ACTCMD    R_f0= 0x22    at time   55429507 ps
inst0 ch0:  R_CMD: ACTCMD    R_r1= 0x00    at time   55429921 ps
inst0 ch0:  R_CMD: ACTCMD    R_f1= 0x00    at time   55430335 ps
inst0 ch0:  R_CMD: ACTCMD    R_r0= 0x32    at time   55433233 ps
inst0 ch0:  R_CMD: ACTCMD    R_f0= 0x02    at time   55433647 ps
inst0 ch0:  R_CMD: ACTCMD    R_r1= 0x00    at time   55434061 ps
inst0 ch0:  R_CMD: ACTCMD    R_f1= 0x00    at time   55434475 ps
inst0 ch0:  R_CMD: ACTCMD    R_r0= 0x12    at time   55437373 ps
inst0 ch0:  R_CMD: ACTCMD    R_f0= 0x02    at time   55437787 ps
inst0 ch0:  R_CMD: ACTCMD    R_r1= 0x00    at time   55438201 ps
inst0 ch0:  R_CMD: ACTCMD    R_f1= 0x00    at time   55438615 ps
inst0 ch0:  C_CMD: RDCMD     C_r = 0x0e5   at time   55439857 ps
inst0 ch0:  C_CMD: RDCMD     C_f = 0x000   at time   55440271 ps
inst0 ch0:  C_CMD: RDCMD     C_r = 0x0ed   at time   55443169 ps
inst0 ch0:  C_CMD: RDCMD     C_f = 0x002   at time   55443583 ps
inst0 ch0:  C_CMD: RDCMD     C_r = 0x0a5   at time   55444825 ps
inst0 ch0:  C_CMD: RDCMD     C_f = 0x000   at time   55445239 ps
inst0 ch0:  C_CMD: RDCMD     C_r = 0x0ad   at time   55448137 ps
inst0 ch0:  C_CMD: RDCMD     C_f = 0x002   at time   55448551 ps
inst0 ch0:  C_CMD: RDCMD     C_r = 0x065   at time   55449793 ps
inst0 ch0:  C_CMD: RDCMD     C_f = 0x000   at time   55450207 ps
inst0 ch0:  C_CMD: RDCMD     C_r = 0x025   at time   55452277 ps
inst0 ch0:  C_CMD: RDCMD     C_f = 0x000   at time   55452691 ps
inst0 ch0:  C_CMD: RDCMD     C_r = 0x06d   at time   55453933 ps
inst0 ch0:  C_CMD: RDCMD     C_f = 0x002   at time   55454347 ps
inst0 ch0:  C_CMD: RDCMD     C_r = 0x02d   at time   55455589 ps
inst0 ch0:  C_CMD: RDCMD     C_f = 0x002   at time   55456003 ps
inst0 ch0:  R_CMD: ACTCMD    R_r0= 0x32    at time   55460557 ps
inst0 ch0:  R_CMD: ACTCMD    R_f0= 0x2a    at time   55460971 ps
inst0 ch0:  R_CMD: ACTCMD    R_r1= 0x00    at time   55461385 ps
inst0 ch0:  R_CMD: ACTCMD    R_f1= 0x00    at time   55461799 ps
inst0 ch0:  R_CMD: ACTCMD    R_r0= 0x12    at time   55464697 ps
inst0 ch0:  R_CMD: ACTCMD    R_f0= 0x2a    at time   55465111 ps
inst0 ch0:  R_CMD: ACTCMD    R_r1= 0x00    at time   55465525 ps
inst0 ch0:  R_CMD: ACTCMD    R_f1= 0x00    at time   55465939 ps
inst0 ch0:  R_CMD: ACTCMD    R_r0= 0x32    at time   55468837 ps
inst0 ch0:  R_CMD: ACTCMD    R_f0= 0x0a    at time   55469251 ps
inst0 ch0:  R_CMD: ACTCMD    R_r1= 0x00    at time   55469665 ps
inst0 ch0:  R_CMD: ACTCMD    R_f1= 0x00    at time   55470079 ps
inst0 ch0:  R_CMD: ACTCMD    R_r0= 0x12    at time   55472977 ps
inst0 ch0:  R_CMD: ACTCMD    R_f0= 0x0a    at time   55473391 ps
inst0 ch0:  R_CMD: ACTCMD    R_r1= 0x00    at time   55473805 ps
inst0 ch0:  R_CMD: ACTCMD    R_f1= 0x00    at time   55474219 ps
inst0 ch0:  C_CMD: RDCMD     C_r = 0x0e5   at time   55475461 ps
inst0 ch0:  C_CMD: RDCMD     C_f = 0x080   at time   55475875 ps
inst0 ch0:  C_CMD: RDCMD     C_r = 0x0ed   at time   55478773 ps
inst0 ch0:  C_CMD: RDCMD     C_f = 0x082   at time   55479187 ps
inst0 ch0:  C_CMD: RDCMD     C_r = 0x0a5   at time   55480429 ps
inst0 ch0:  C_CMD: RDCMD     C_f = 0x080   at time   55480843 ps
inst0 ch0:  C_CMD: RDCMD     C_r = 0x0ad   at time   55483741 ps
inst0 ch0:  C_CMD: RDCMD     C_f = 0x082   at time   55484155 ps
inst0 ch0:  C_CMD: RDCMD     C_r = 0x065   at time   55485397 ps
inst0 ch0:  C_CMD: RDCMD     C_f = 0x080   at time   55485811 ps
inst0 ch0:  C_CMD: RDCMD     C_r = 0x025   at time   55487881 ps
inst0 ch0:  C_CMD: RDCMD     C_f = 0x080   at time   55488295 ps
inst0 ch0:  C_CMD: RDCMD     C_r = 0x06d   at time   55489537 ps
inst0 ch0:  C_CMD: RDCMD     C_f = 0x082   at time   55489951 ps
inst0 ch0:  C_CMD: RDCMD     C_r = 0x02d   at time   55491193 ps
inst0 ch0:  C_CMD: RDCMD     C_f = 0x082   at time   55491607 ps
inst0 ch0:  R_CMD: ACTCMD    R_r0= 0x3a    at time   55869589 ps
inst0 ch0:  R_CMD: ACTCMD    R_f0= 0x22    at time   55870003 ps
inst0 ch0:  R_CMD: ACTCMD    R_r1= 0x00    at time   55870417 ps
inst0 ch0:  R_CMD: ACTCMD    R_f1= 0x00    at time   55870831 ps
inst0 ch0:  R_CMD: ACTCMD    R_r0= 0x1a    at time   55873729 ps
inst0 ch0:  R_CMD: ACTCMD    R_f0= 0x22    at time   55874143 ps
inst0 ch0:  R_CMD: ACTCMD    R_r1= 0x00    at time   55874557 ps
inst0 ch0:  R_CMD: ACTCMD    R_f1= 0x00    at time   55874971 ps
inst0 ch0:  R_CMD: ACTCMD    R_r0= 0x3a    at time   55877869 ps
inst0 ch0:  R_CMD: ACTCMD    R_f0= 0x02    at time   55878283 ps
inst0 ch0:  R_CMD: ACTCMD    R_r1= 0x00    at time   55878697 ps
inst0 ch0:  R_CMD: ACTCMD    R_f1= 0x00    at time   55879111 ps
inst0 ch0:  R_CMD: ACTCMD    R_r0= 0x1a    at time   55882009 ps
inst0 ch0:  R_CMD: ACTCMD    R_f0= 0x02    at time   55882423 ps
inst0 ch0:  R_CMD: ACTCMD    R_r1= 0x00    at time   55882837 ps
inst0 ch0:  R_CMD: ACTCMD    R_f1= 0x00    at time   55883251 ps
inst0 ch0:  C_CMD: RDCMD     C_r = 0x0f5   at time   55884493 ps
inst0 ch0:  C_CMD: RDCMD     C_f = 0x000   at time   55884907 ps
inst0 ch0:  C_CMD: RDCMD     C_r = 0x0fd   at time   55887805 ps
inst0 ch0:  C_CMD: RDCMD     C_f = 0x002   at time   55888219 ps
inst0 ch0:  R_CMD: ACTCMD    R_r0= 0x3a    at time   55889461 ps
inst0 ch0:  C_CMD: RDCMD     C_r = 0x0b5   at time   55889461 ps
inst0 ch0:  R_CMD: ACTCMD    R_f0= 0x2a    at time   55889875 ps
inst0 ch0:  C_CMD: RDCMD     C_f = 0x000   at time   55889875 ps
inst0 ch0:  R_CMD: ACTCMD    R_r1= 0x00    at time   55890289 ps
inst0 ch0:  R_CMD: ACTCMD    R_f1= 0x00    at time   55890703 ps
inst0 ch0:  C_CMD: RDCMD     C_r = 0x0bd   at time   55892773 ps
inst0 ch0:  C_CMD: RDCMD     C_f = 0x002   at time   55893187 ps
inst0 ch0:  R_CMD: ACTCMD    R_r0= 0x1a    at time   55893601 ps
inst0 ch0:  R_CMD: ACTCMD    R_f0= 0x2a    at time   55894015 ps
inst0 ch0:  R_CMD: ACTCMD    R_r1= 0x00    at time   55894429 ps
inst0 ch0:  C_CMD: RDCMD     C_r = 0x075   at time   55894429 ps
inst0 ch0:  R_CMD: ACTCMD    R_f1= 0x00    at time   55894843 ps
inst0 ch0:  C_CMD: RDCMD     C_f = 0x000   at time   55894843 ps
inst0 ch0:  C_CMD: RDCMD     C_r = 0x035   at time   55896913 ps
inst0 ch0:  C_CMD: RDCMD     C_f = 0x000   at time   55897327 ps
inst0 ch0:  R_CMD: ACTCMD    R_r0= 0x3a    at time   55897741 ps
inst0 ch0:  R_CMD: ACTCMD    R_f0= 0x0a    at time   55898155 ps
inst0 ch0:  R_CMD: ACTCMD    R_r1= 0x00    at time   55898569 ps
inst0 ch0:  C_CMD: RDCMD     C_r = 0x07d   at time   55898569 ps
inst0 ch0:  R_CMD: ACTCMD    R_f1= 0x00    at time   55898983 ps
inst0 ch0:  C_CMD: RDCMD     C_f = 0x002   at time   55898983 ps
inst0 ch0:  C_CMD: RDCMD     C_r = 0x03d   at time   55900225 ps
inst0 ch0:  C_CMD: RDCMD     C_f = 0x002   at time   55900639 ps
inst0 ch0:  R_CMD: ACTCMD    R_r0= 0x1a    at time   55901881 ps
inst0 ch0:  R_CMD: ACTCMD    R_f0= 0x0a    at time   55902295 ps
inst0 ch0:  R_CMD: ACTCMD    R_r1= 0x00    at time   55902709 ps
inst0 ch0:  R_CMD: ACTCMD    R_f1= 0x00    at time   55903123 ps
inst0 ch0:  C_CMD: RDCMD     C_r = 0x0f5   at time   55904365 ps
inst0 ch0:  C_CMD: RDCMD     C_f = 0x080   at time   55904779 ps
inst0 ch0:  C_CMD: RDCMD     C_r = 0x0fd   at time   55907677 ps
inst0 ch0:  C_CMD: RDCMD     C_f = 0x082   at time   55908091 ps
inst0 ch0:  C_CMD: RDCMD     C_r = 0x0b5   at time   55909333 ps
inst0 ch0:  C_CMD: RDCMD     C_f = 0x080   at time   55909747 ps
inst0 ch0:  C_CMD: RDCMD     C_r = 0x0bd   at time   55912645 ps
inst0 ch0:  C_CMD: RDCMD     C_f = 0x082   at time   55913059 ps
inst0 ch0:  C_CMD: RDCMD     C_r = 0x075   at time   55914301 ps
inst0 ch0:  C_CMD: RDCMD     C_f = 0x080   at time   55914715 ps
inst0 ch0:  C_CMD: RDCMD     C_r = 0x035   at time   55916785 ps
inst0 ch0:  C_CMD: RDCMD     C_f = 0x080   at time   55917199 ps
inst0 ch0:  C_CMD: RDCMD     C_r = 0x07d   at time   55918441 ps
inst0 ch0:  C_CMD: RDCMD     C_f = 0x082   at time   55918855 ps
inst0 ch0:  C_CMD: RDCMD     C_r = 0x03d   at time   55920097 ps
inst0 ch0:  C_CMD: RDCMD     C_f = 0x082   at time   55920511 ps
inst0 ch0:  R_CMD: ACTCMD    R_r0= 0x02    at time   56312569 ps
inst0 ch0:  R_CMD: ACTCMD    R_f0= 0x10    at time   56312983 ps
inst0 ch0:  R_CMD: ACTCMD    R_r1= 0x3f    at time   56313397 ps
inst0 ch0:  R_CMD: ACTCMD    R_f1= 0x3b    at time   56313811 ps
inst0 ch0:  C_CMD: RDCMD     C_r = 0x005   at time   56327473 ps
inst0 ch0:  C_CMD: RDCMD     C_f = 0x078   at time   56327887 ps
inst0 ch0:  C_CMD: RDCMD     C_r = 0x00d   at time   56330785 ps
inst0 ch0:  C_CMD: RDCMD     C_f = 0x07a   at time   56331199 ps
inst0 ch0:  R_CMD: ACTCMD    R_r0= 0x02    at time   56385433 ps
inst0 ch0:  R_CMD: ACTCMD    R_f0= 0x10    at time   56385847 ps
inst0 ch0:  R_CMD: ACTCMD    R_r1= 0x3f    at time   56386261 ps
inst0 ch0:  R_CMD: ACTCMD    R_f1= 0x3b    at time   56386675 ps
inst0 ch0:  C_CMD: WRCMD     C_r = 0x001   at time   56396197 ps
inst0 ch0:  C_CMD: WRCMD     C_f = 0x078   at time   56396611 ps
inst0 ch0:  C_CMD: WRCMD     C_r = 0x009   at time   56399509 ps
inst0 ch0:  C_CMD: WRCMD     C_f = 0x07a   at time   56399923 ps
inst0 ch0:  R_CMD: ACTCMD    R_r0= 0x02    at time   56408617 ps
inst0 ch0:  R_CMD: ACTCMD    R_f0= 0x18    at time   56409031 ps
inst0 ch0:  R_CMD: ACTCMD    R_r1= 0x3f    at time   56409445 ps
inst0 ch0:  R_CMD: ACTCMD    R_f1= 0x3b    at time   56409859 ps
inst0 ch0:  C_CMD: RDCMD     C_r = 0x005   at time   56423521 ps
inst0 ch0:  C_CMD: RDCMD     C_f = 0x0f8   at time   56423935 ps
inst0 ch0:  C_CMD: RDCMD     C_r = 0x00d   at time   56426833 ps
inst0 ch0:  C_CMD: RDCMD     C_f = 0x0fa   at time   56427247 ps
inst0 ch0:  R_CMD: ACTCMD    R_r0= 0x02    at time   56481481 ps
inst0 ch0:  R_CMD: ACTCMD    R_f0= 0x18    at time   56481895 ps
inst0 ch0:  R_CMD: ACTCMD    R_r1= 0x3f    at time   56482309 ps
inst0 ch0:  R_CMD: ACTCMD    R_f1= 0x3b    at time   56482723 ps
inst0 ch0:  C_CMD: WRCMD     C_r = 0x001   at time   56492245 ps
inst0 ch0:  C_CMD: WRCMD     C_f = 0x0f8   at time   56492659 ps
inst0 ch0:  C_CMD: WRCMD     C_r = 0x009   at time   56495557 ps
inst0 ch0:  C_CMD: WRCMD     C_f = 0x0fa   at time   56495971 ps
inst0 ch0:  R_CMD: ACTCMD    R_r0= 0x0a    at time   56566765 ps
inst0 ch0:  R_CMD: ACTCMD    R_f0= 0x10    at time   56567179 ps
inst0 ch0:  R_CMD: ACTCMD    R_r1= 0x3f    at time   56567593 ps
inst0 ch0:  R_CMD: ACTCMD    R_f1= 0x3b    at time   56568007 ps
inst0 ch0:  C_CMD: RDCMD     C_r = 0x015   at time   56581669 ps
inst0 ch0:  C_CMD: RDCMD     C_f = 0x078   at time   56582083 ps
inst0 ch0:  C_CMD: RDCMD     C_r = 0x01d   at time   56584981 ps
inst0 ch0:  C_CMD: RDCMD     C_f = 0x07a   at time   56585395 ps
inst0 ch0:  R_CMD: ACTCMD    R_r0= 0x0a    at time   56879749 ps
inst0 ch0:  R_CMD: ACTCMD    R_f0= 0x10    at time   56880163 ps
inst0 ch0:  R_CMD: ACTCMD    R_r1= 0x3f    at time   56880577 ps
inst0 ch0:  R_CMD: ACTCMD    R_f1= 0x3b    at time   56880991 ps
inst0 ch0:  C_CMD: WRCMD     C_r = 0x011   at time   56890513 ps
inst0 ch0:  C_CMD: WRCMD     C_f = 0x078   at time   56890927 ps
inst0 ch0:  C_CMD: WRCMD     C_r = 0x019   at time   56893825 ps
inst0 ch0:  C_CMD: WRCMD     C_f = 0x07a   at time   56894239 ps
inst0 ch0:  R_CMD: ACTCMD    R_r0= 0x02    at time   56984905 ps
inst0 ch0:  R_CMD: ACTCMD    R_f0= 0x30    at time   56985319 ps
inst0 ch0:  R_CMD: ACTCMD    R_r1= 0x3f    at time   56985733 ps
inst0 ch0:  R_CMD: ACTCMD    R_f1= 0x3b    at time   56986147 ps
inst0 ch0:  C_CMD: RDCMD     C_r = 0x085   at time   56999809 ps
inst0 ch0:  C_CMD: RDCMD     C_f = 0x078   at time   57000223 ps
inst0 ch0:  C_CMD: RDCMD     C_r = 0x08d   at time   57003121 ps
inst0 ch0:  C_CMD: RDCMD     C_f = 0x07a   at time   57003535 ps
inst0 ch0:  R_CMD: ACTCMD    R_r0= 0x02    at time   57055285 ps
inst0 ch0:  R_CMD: ACTCMD    R_f0= 0x30    at time   57055699 ps
inst0 ch0:  R_CMD: ACTCMD    R_r1= 0x3f    at time   57056113 ps
inst0 ch0:  R_CMD: ACTCMD    R_f1= 0x3b    at time   57056527 ps
inst0 ch0:  C_CMD: WRCMD     C_r = 0x081   at time   57066049 ps
inst0 ch0:  C_CMD: WRCMD     C_f = 0x078   at time   57066463 ps
inst0 ch0:  C_CMD: WRCMD     C_r = 0x089   at time   57069361 ps
inst0 ch0:  C_CMD: WRCMD     C_f = 0x07a   at time   57069775 ps
inst0 ch0:  R_CMD: ACTCMD    R_r0= 0x0a    at time   57155473 ps
inst0 ch0:  R_CMD: ACTCMD    R_f0= 0x18    at time   57155887 ps
inst0 ch0:  R_CMD: ACTCMD    R_r1= 0x3f    at time   57156301 ps
inst0 ch0:  R_CMD: ACTCMD    R_f1= 0x3b    at time   57156715 ps
inst0 ch0:  C_CMD: RDCMD     C_r = 0x015   at time   57170377 ps
inst0 ch0:  C_CMD: RDCMD     C_f = 0x0f8   at time   57170791 ps
inst0 ch0:  C_CMD: RDCMD     C_r = 0x01d   at time   57173689 ps
inst0 ch0:  C_CMD: RDCMD     C_f = 0x0fa   at time   57174103 ps
inst0 ch0:  R_CMD: ACTCMD    R_r0= 0x0a    at time   57228337 ps
inst0 ch0:  R_CMD: ACTCMD    R_f0= 0x18    at time   57228751 ps
inst0 ch0:  R_CMD: ACTCMD    R_r1= 0x3f    at time   57229165 ps
inst0 ch0:  R_CMD: ACTCMD    R_f1= 0x3b    at time   57229579 ps
inst0 ch0:  C_CMD: WRCMD     C_r = 0x011   at time   57239101 ps
inst0 ch0:  C_CMD: WRCMD     C_f = 0x0f8   at time   57239515 ps
inst0 ch0:  C_CMD: WRCMD     C_r = 0x019   at time   57242413 ps
inst0 ch0:  C_CMD: WRCMD     C_f = 0x0fa   at time   57242827 ps
inst0 ch0:  R_CMD: ACTCMD    R_r0= 0x02    at time   57315277 ps
inst0 ch0:  R_CMD: ACTCMD    R_f0= 0x38    at time   57315691 ps
inst0 ch0:  R_CMD: ACTCMD    R_r1= 0x3f    at time   57316105 ps
inst0 ch0:  R_CMD: ACTCMD    R_f1= 0x3b    at time   57316519 ps
inst0 ch0:  C_CMD: RDCMD     C_r = 0x085   at time   57330181 ps
inst0 ch0:  C_CMD: RDCMD     C_f = 0x0f8   at time   57330595 ps
inst0 ch0:  C_CMD: RDCMD     C_r = 0x08d   at time   57333493 ps
inst0 ch0:  C_CMD: RDCMD     C_f = 0x0fa   at time   57333907 ps
inst0 ch0:  R_CMD: ACTCMD    R_r0= 0x0a    at time   57354193 ps
inst0 ch0:  R_CMD: ACTCMD    R_f0= 0x30    at time   57354607 ps
inst0 ch0:  R_CMD: ACTCMD    R_r1= 0x3f    at time   57355021 ps
inst0 ch0:  R_CMD: ACTCMD    R_f1= 0x3b    at time   57355435 ps
inst0 ch0:  C_CMD: RDCMD     C_r = 0x095   at time   57369097 ps
inst0 ch0:  C_CMD: RDCMD     C_f = 0x078   at time   57369511 ps
inst0 ch0:  C_CMD: RDCMD     C_r = 0x09d   at time   57372409 ps
inst0 ch0:  C_CMD: RDCMD     C_f = 0x07a   at time   57372823 ps
inst0 ch0:  R_CMD: ACTCMD    R_r0= 0x02    at time   57383173 ps
inst0 ch0:  R_CMD: ACTCMD    R_f0= 0x38    at time   57383587 ps
inst0 ch0:  R_CMD: ACTCMD    R_r1= 0x3f    at time   57384001 ps
inst0 ch0:  R_CMD: ACTCMD    R_f1= 0x3b    at time   57384415 ps
inst0 ch0:  C_CMD: WRCMD     C_r = 0x081   at time   57393937 ps
inst0 ch0:  C_CMD: WRCMD     C_f = 0x0f8   at time   57394351 ps
inst0 ch0:  C_CMD: WRCMD     C_r = 0x089   at time   57397249 ps
inst0 ch0:  C_CMD: WRCMD     C_f = 0x0fa   at time   57397663 ps
inst0 ch0:  R_CMD: ACTCMD    R_r0= 0x0a    at time   57424573 ps
inst0 ch0:  R_CMD: ACTCMD    R_f0= 0x30    at time   57424987 ps
inst0 ch0:  R_CMD: ACTCMD    R_r1= 0x3f    at time   57425401 ps
inst0 ch0:  R_CMD: ACTCMD    R_f1= 0x3b    at time   57425815 ps
inst0 ch0:  C_CMD: WRCMD     C_r = 0x091   at time   57435337 ps
inst0 ch0:  C_CMD: WRCMD     C_f = 0x078   at time   57435751 ps
inst0 ch0:  C_CMD: WRCMD     C_r = 0x099   at time   57438649 ps
inst0 ch0:  C_CMD: WRCMD     C_f = 0x07a   at time   57439063 ps
inst0 ch0:  R_CMD: ACTCMD    R_r0= 0x0a    at time   57489157 ps
inst0 ch0:  R_CMD: ACTCMD    R_f0= 0x38    at time   57489571 ps
inst0 ch0:  R_CMD: ACTCMD    R_r1= 0x3f    at time   57489985 ps
inst0 ch0:  R_CMD: ACTCMD    R_f1= 0x3b    at time   57490399 ps
inst0 ch0:  C_CMD: RDCMD     C_r = 0x095   at time   57504061 ps
inst0 ch0:  C_CMD: RDCMD     C_f = 0x0f8   at time   57504475 ps
inst0 ch0:  C_CMD: RDCMD     C_r = 0x09d   at time   57507373 ps
inst0 ch0:  C_CMD: RDCMD     C_f = 0x0fa   at time   57507787 ps
inst0 ch0:  R_CMD: ACTCMD    R_r0= 0x0a    at time   57562021 ps
inst0 ch0:  R_CMD: ACTCMD    R_f0= 0x38    at time   57562435 ps
inst0 ch0:  R_CMD: ACTCMD    R_r1= 0x3f    at time   57562849 ps
inst0 ch0:  R_CMD: ACTCMD    R_f1= 0x3b    at time   57563263 ps
inst0 ch0:  C_CMD: WRCMD     C_r = 0x091   at time   57572785 ps
inst0 ch0:  C_CMD: WRCMD     C_f = 0x0f8   at time   57573199 ps
inst0 ch0:  C_CMD: WRCMD     C_r = 0x099   at time   57576097 ps
inst0 ch0:  C_CMD: WRCMD     C_f = 0x0fa   at time   57576511 ps
inst0 ch0:  R_CMD: ACTCMD    R_r0= 0x0a    at time   58995289 ps
inst0 ch0:  R_CMD: ACTCMD    R_f0= 0x1b    at time   58995703 ps
inst0 ch0:  R_CMD: ACTCMD    R_r1= 0x3f    at time   58996117 ps
inst0 ch0:  R_CMD: ACTCMD    R_f1= 0x3b    at time   58996531 ps
inst0 ch0:  C_CMD: RDCMD     C_r = 0x015   at time   59010193 ps
inst0 ch0:  C_CMD: RDCMD     C_f = 0x090   at time   59010607 ps
inst0 ch0:  C_CMD: RDCMD     C_r = 0x01d   at time   59013505 ps
inst0 ch0:  C_CMD: RDCMD     C_f = 0x092   at time   59013919 ps
inst0 ch0:  R_CMD: ACTCMD    R_r0= 0x0a    at time   59204773 ps
inst0 ch0:  R_CMD: ACTCMD    R_f0= 0x1b    at time   59205187 ps
inst0 ch0:  R_CMD: ACTCMD    R_r1= 0x3f    at time   59205601 ps
inst0 ch0:  R_CMD: ACTCMD    R_f1= 0x3b    at time   59206015 ps
inst0 ch0:  C_CMD: WRCMD     C_r = 0x011   at time   59215537 ps
inst0 ch0:  C_CMD: WRCMD     C_f = 0x090   at time   59215951 ps
inst0 ch0:  C_CMD: WRCMD     C_r = 0x019   at time   59218849 ps
inst0 ch0:  C_CMD: WRCMD     C_f = 0x092   at time   59219263 ps
inst0 ch0:  R_CMD: ACTCMD    R_r0= 0x0a    at time   59322349 ps
inst0 ch0:  R_CMD: ACTCMD    R_f0= 0x13    at time   59322763 ps
inst0 ch0:  R_CMD: ACTCMD    R_r1= 0x3f    at time   59323177 ps
inst0 ch0:  R_CMD: ACTCMD    R_f1= 0x3b    at time   59323591 ps
inst0 ch0:  C_CMD: RDCMD     C_r = 0x015   at time   59337253 ps
inst0 ch0:  C_CMD: RDCMD     C_f = 0x010   at time   59337667 ps
inst0 ch0:  C_CMD: RDCMD     C_r = 0x01d   at time   59340565 ps
inst0 ch0:  C_CMD: RDCMD     C_f = 0x012   at time   59340979 ps
inst0 ch0:  R_CMD: ACTCMD    R_r0= 0x0a    at time   59395213 ps
inst0 ch0:  R_CMD: ACTCMD    R_f0= 0x13    at time   59395627 ps
inst0 ch0:  R_CMD: ACTCMD    R_r1= 0x3f    at time   59396041 ps
inst0 ch0:  R_CMD: ACTCMD    R_f1= 0x3b    at time   59396455 ps
inst0 ch0:  C_CMD: WRCMD     C_r = 0x011   at time   59405977 ps
inst0 ch0:  C_CMD: WRCMD     C_f = 0x010   at time   59406391 ps
inst0 ch0:  C_CMD: WRCMD     C_r = 0x019   at time   59409289 ps
inst0 ch0:  C_CMD: WRCMD     C_f = 0x012   at time   59409703 ps
inst0 ch0:  R_CMD: ACTCMD    R_r0= 0x0a    at time   59492089 ps
inst0 ch0:  R_CMD: ACTCMD    R_f0= 0x1b    at time   59492503 ps
inst0 ch0:  R_CMD: ACTCMD    R_r1= 0x3f    at time   59492917 ps
inst0 ch0:  R_CMD: ACTCMD    R_f1= 0x3b    at time   59493331 ps
inst0 ch0:  R_CMD: ACTCMD    R_r0= 0x0a    at time   59503681 ps
inst0 ch0:  R_CMD: ACTCMD    R_f0= 0x13    at time   59504095 ps
inst0 ch0:  R_CMD: ACTCMD    R_r1= 0x3f    at time   59504509 ps
inst0 ch0:  R_CMD: ACTCMD    R_f1= 0x3b    at time   59504923 ps
inst0 ch0:  C_CMD: RDCMD     C_r = 0x015   at time   59506993 ps
inst0 ch0:  C_CMD: RDCMD     C_f = 0x090   at time   59507407 ps
inst0 ch0:  C_CMD: RDCMD     C_r = 0x01d   at time   59510305 ps
inst0 ch0:  C_CMD: RDCMD     C_f = 0x092   at time   59510719 ps
inst0 ch0:  C_CMD: RDCMD     C_r = 0x015   at time   59518585 ps
inst0 ch0:  C_CMD: RDCMD     C_f = 0x010   at time   59518999 ps
inst0 ch0:  C_CMD: RDCMD     C_r = 0x01d   at time   59521897 ps
inst0 ch0:  C_CMD: RDCMD     C_f = 0x012   at time   59522311 ps
inst0 ch0:  R_CMD: ACTCMD    R_r0= 0x0a    at time   59562469 ps
inst0 ch0:  R_CMD: ACTCMD    R_f0= 0x1b    at time   59562883 ps
inst0 ch0:  R_CMD: ACTCMD    R_r1= 0x3f    at time   59563297 ps
inst0 ch0:  R_CMD: ACTCMD    R_f1= 0x3b    at time   59563711 ps
inst0 ch0:  C_CMD: WRCMD     C_r = 0x011   at time   59573233 ps
inst0 ch0:  C_CMD: WRCMD     C_f = 0x090   at time   59573647 ps
inst0 ch0:  R_CMD: ACTCMD    R_r0= 0x0a    at time   59574061 ps
inst0 ch0:  R_CMD: ACTCMD    R_f0= 0x13    at time   59574475 ps
inst0 ch0:  R_CMD: ACTCMD    R_r1= 0x3f    at time   59574889 ps
inst0 ch0:  R_CMD: ACTCMD    R_f1= 0x3b    at time   59575303 ps
inst0 ch0:  C_CMD: WRCMD     C_r = 0x019   at time   59576545 ps
inst0 ch0:  C_CMD: WRCMD     C_f = 0x092   at time   59576959 ps
inst0 ch0:  C_CMD: WRCMD     C_r = 0x011   at time   59584825 ps
inst0 ch0:  C_CMD: WRCMD     C_f = 0x010   at time   59585239 ps
inst0 ch0:  C_CMD: WRCMD     C_r = 0x019   at time   59588137 ps
inst0 ch0:  C_CMD: WRCMD     C_f = 0x012   at time   59588551 ps
inst0 ch0:  R_CMD: ACTCMD    R_r0= 0x02    at time   61016437 ps
inst0 ch0:  R_CMD: ACTCMD    R_f0= 0x13    at time   61016851 ps
inst0 ch0:  R_CMD: ACTCMD    R_r1= 0x3f    at time   61017265 ps
inst0 ch0:  R_CMD: ACTCMD    R_f1= 0x3b    at time   61017679 ps
inst0 ch0:  C_CMD: RDCMD     C_r = 0x005   at time   61031341 ps
inst0 ch0:  C_CMD: RDCMD     C_f = 0x000   at time   61031755 ps
inst0 ch0:  C_CMD: RDCMD     C_r = 0x00d   at time   61034653 ps
inst0 ch0:  C_CMD: RDCMD     C_f = 0x002   at time   61035067 ps
inst0 ch0:  R_CMD: ACTCMD    R_r0= 0x02    at time   61086817 ps
inst0 ch0:  R_CMD: ACTCMD    R_f0= 0x13    at time   61087231 ps
inst0 ch0:  R_CMD: ACTCMD    R_r1= 0x3f    at time   61087645 ps
inst0 ch0:  R_CMD: ACTCMD    R_f1= 0x3b    at time   61088059 ps
inst0 ch0:  C_CMD: WRCMD     C_r = 0x001   at time   61097581 ps
inst0 ch0:  C_CMD: WRCMD     C_f = 0x000   at time   61097995 ps
inst0 ch0:  C_CMD: WRCMD     C_r = 0x009   at time   61100893 ps
inst0 ch0:  C_CMD: WRCMD     C_f = 0x002   at time   61101307 ps
inst0 ch0:  R_CMD: ACTCMD    R_r0= 0x02    at time   61124905 ps
inst0 ch0:  R_CMD: ACTCMD    R_f0= 0x1b    at time   61125319 ps
inst0 ch0:  R_CMD: ACTCMD    R_r1= 0x3f    at time   61125733 ps
inst0 ch0:  R_CMD: ACTCMD    R_f1= 0x3b    at time   61126147 ps
inst0 ch0:  C_CMD: RDCMD     C_r = 0x005   at time   61139809 ps
inst0 ch0:  C_CMD: RDCMD     C_f = 0x080   at time   61140223 ps
inst0 ch0:  C_CMD: RDCMD     C_r = 0x00d   at time   61143121 ps
inst0 ch0:  C_CMD: RDCMD     C_f = 0x082   at time   61143535 ps
inst0 ch0:  R_CMD: ACTCMD    R_r0= 0x02    at time   61197769 ps
inst0 ch0:  R_CMD: ACTCMD    R_f0= 0x1b    at time   61198183 ps
inst0 ch0:  R_CMD: ACTCMD    R_r1= 0x3f    at time   61198597 ps
inst0 ch0:  R_CMD: ACTCMD    R_f1= 0x3b    at time   61199011 ps
inst0 ch0:  C_CMD: WRCMD     C_r = 0x001   at time   61208533 ps
inst0 ch0:  C_CMD: WRCMD     C_f = 0x080   at time   61208947 ps
inst0 ch0:  C_CMD: WRCMD     C_r = 0x009   at time   61211845 ps
inst0 ch0:  C_CMD: WRCMD     C_f = 0x082   at time   61212259 ps
inst0 ch0:  R_CMD: ACTCMD    R_r0= 0x02    at time   61321969 ps
inst0 ch0:  R_CMD: ACTCMD    R_f0= 0x13    at time   61322383 ps
inst0 ch0:  R_CMD: ACTCMD    R_r1= 0x3f    at time   61322797 ps
inst0 ch0:  R_CMD: ACTCMD    R_f1= 0x3b    at time   61323211 ps
inst0 ch0:  R_CMD: ACTCMD    R_r0= 0x02    at time   61325281 ps
inst0 ch0:  R_CMD: ACTCMD    R_f0= 0x1b    at time   61325695 ps
inst0 ch0:  R_CMD: ACTCMD    R_r1= 0x3f    at time   61326109 ps
inst0 ch0:  R_CMD: ACTCMD    R_f1= 0x3b    at time   61326523 ps
inst0 ch0:  C_CMD: RDCMD     C_r = 0x005   at time   61336873 ps
inst0 ch0:  C_CMD: RDCMD     C_f = 0x000   at time   61337287 ps
inst0 ch0:  C_CMD: RDCMD     C_r = 0x00d   at time   61340185 ps
inst0 ch0:  C_CMD: RDCMD     C_f = 0x002   at time   61340599 ps
inst0 ch0:  C_CMD: RDCMD     C_r = 0x005   at time   61341013 ps
inst0 ch0:  C_CMD: RDCMD     C_f = 0x080   at time   61341427 ps
inst0 ch0:  C_CMD: RDCMD     C_r = 0x00d   at time   61344325 ps
inst0 ch0:  C_CMD: RDCMD     C_f = 0x082   at time   61344739 ps
inst0 ch0:  R_CMD: ACTCMD    R_r0= 0x02    at time   61518205 ps
inst0 ch0:  R_CMD: ACTCMD    R_f0= 0x13    at time   61518619 ps
inst0 ch0:  R_CMD: ACTCMD    R_r1= 0x3f    at time   61519033 ps
inst0 ch0:  R_CMD: ACTCMD    R_f1= 0x3b    at time   61519447 ps
inst0 ch0:  C_CMD: WRCMD     C_r = 0x001   at time   61528969 ps
inst0 ch0:  C_CMD: WRCMD     C_f = 0x000   at time   61529383 ps
inst0 ch0:  C_CMD: WRCMD     C_r = 0x009   at time   61532281 ps
inst0 ch0:  C_CMD: WRCMD     C_f = 0x002   at time   61532695 ps
inst0 ch0:  R_CMD: ACTCMD    R_r0= 0x02    at time   61533937 ps
inst0 ch0:  R_CMD: ACTCMD    R_f0= 0x1b    at time   61534351 ps
inst0 ch0:  R_CMD: ACTCMD    R_r1= 0x3f    at time   61534765 ps
inst0 ch0:  R_CMD: ACTCMD    R_f1= 0x3b    at time   61535179 ps
inst0 ch0:  C_CMD: WRCMD     C_r = 0x001   at time   61544701 ps
inst0 ch0:  C_CMD: WRCMD     C_f = 0x080   at time   61545115 ps
inst0 ch0:  C_CMD: WRCMD     C_r = 0x009   at time   61548013 ps
inst0 ch0:  C_CMD: WRCMD     C_f = 0x082   at time   61548427 ps
inst0 ch0:  R_CMD: ACTCMD    R_r0= 0x02    at time   62383465 ps
inst0 ch0:  R_CMD: ACTCMD    R_f0= 0x00    at time   62383879 ps
inst0 ch0:  R_CMD: ACTCMD    R_r1= 0x00    at time   62384293 ps
inst0 ch0:  R_CMD: ACTCMD    R_f1= 0x00    at time   62384707 ps
inst0 ch0:  C_CMD: RDCMD     C_r = 0x005   at time   62398369 ps
inst0 ch0:  C_CMD: RDCMD     C_f = 0x018   at time   62398783 ps
inst0 ch0:  C_CMD: RDCMD     C_r = 0x005   at time   62401681 ps
inst0 ch0:  C_CMD: RDCMD     C_f = 0x01a   at time   62402095 ps
inst0 ch0:  C_CMD: RDCMD     C_r = 0x005   at time   62404993 ps
inst0 ch0:  C_CMD: RDCMD     C_f = 0x010   at time   62405407 ps
inst0 ch0:  C_CMD: RDCMD     C_r = 0x005   at time   62408305 ps
inst0 ch0:  C_CMD: RDCMD     C_f = 0x012   at time   62408719 ps
inst0 ch0:  C_CMD: RDCMD     C_r = 0x005   at time   62411617 ps
inst0 ch0:  C_CMD: RDCMD     C_f = 0x008   at time   62412031 ps
inst0 ch0:  C_CMD: RDCMD     C_r = 0x005   at time   62414929 ps
inst0 ch0:  C_CMD: RDCMD     C_f = 0x00a   at time   62415343 ps
inst0 ch0:  C_CMD: RDCMD     C_r = 0x005   at time   62418241 ps
inst0 ch0:  C_CMD: RDCMD     C_f = 0x000   at time   62418655 ps
inst0 ch0:  C_CMD: RDCMD     C_r = 0x00d   at time   62421553 ps
inst0 ch0:  C_CMD: RDCMD     C_f = 0x002   at time   62421967 ps
inst0 ch0:  R_CMD: ACTCMD    R_r0= 0x02    at time   62654221 ps
inst0 ch0:  R_CMD: ACTCMD    R_f0= 0x08    at time   62654635 ps
inst0 ch0:  R_CMD: ACTCMD    R_r1= 0x00    at time   62655049 ps
inst0 ch0:  R_CMD: ACTCMD    R_f1= 0x00    at time   62655463 ps
inst0 ch0:  C_CMD: RDCMD     C_r = 0x005   at time   62669125 ps
inst0 ch0:  C_CMD: RDCMD     C_f = 0x098   at time   62669539 ps
inst0 ch0:  C_CMD: RDCMD     C_r = 0x005   at time   62672437 ps
inst0 ch0:  C_CMD: RDCMD     C_f = 0x09a   at time   62672851 ps
inst0 ch0:  C_CMD: RDCMD     C_r = 0x005   at time   62675749 ps
inst0 ch0:  C_CMD: RDCMD     C_f = 0x090   at time   62676163 ps
inst0 ch0:  C_CMD: RDCMD     C_r = 0x005   at time   62679061 ps
inst0 ch0:  C_CMD: RDCMD     C_f = 0x092   at time   62679475 ps
inst0 ch0:  C_CMD: RDCMD     C_r = 0x005   at time   62682373 ps
inst0 ch0:  C_CMD: RDCMD     C_f = 0x088   at time   62682787 ps
inst0 ch0:  C_CMD: RDCMD     C_r = 0x005   at time   62685685 ps
inst0 ch0:  C_CMD: RDCMD     C_f = 0x08a   at time   62686099 ps
inst0 ch0:  C_CMD: RDCMD     C_r = 0x005   at time   62688997 ps
inst0 ch0:  C_CMD: RDCMD     C_f = 0x080   at time   62689411 ps
inst0 ch0:  C_CMD: RDCMD     C_r = 0x00d   at time   62692309 ps
inst0 ch0:  C_CMD: RDCMD     C_f = 0x082   at time   62692723 ps
inst0 ch0:  R_CMD: ACTCMD    R_r0= 0x0a    at time   62741989 ps
inst0 ch0:  R_CMD: ACTCMD    R_f0= 0x00    at time   62742403 ps
inst0 ch0:  R_CMD: ACTCMD    R_r1= 0x00    at time   62742817 ps
inst0 ch0:  R_CMD: ACTCMD    R_f1= 0x00    at time   62743231 ps
inst0 ch0:  C_CMD: RDCMD     C_r = 0x015   at time   62756893 ps
inst0 ch0:  C_CMD: RDCMD     C_f = 0x018   at time   62757307 ps
inst0 ch0:  C_CMD: RDCMD     C_r = 0x015   at time   62760205 ps
inst0 ch0:  C_CMD: RDCMD     C_f = 0x01a   at time   62760619 ps
inst0 ch0:  C_CMD: RDCMD     C_r = 0x015   at time   62763517 ps
inst0 ch0:  C_CMD: RDCMD     C_f = 0x010   at time   62763931 ps
inst0 ch0:  C_CMD: RDCMD     C_r = 0x015   at time   62766829 ps
inst0 ch0:  C_CMD: RDCMD     C_f = 0x012   at time   62767243 ps
inst0 ch0:  C_CMD: RDCMD     C_r = 0x015   at time   62770141 ps
inst0 ch0:  C_CMD: RDCMD     C_f = 0x008   at time   62770555 ps
inst0 ch0:  C_CMD: RDCMD     C_r = 0x015   at time   62773453 ps
inst0 ch0:  C_CMD: RDCMD     C_f = 0x00a   at time   62773867 ps
inst0 ch0:  C_CMD: RDCMD     C_r = 0x015   at time   62776765 ps
inst0 ch0:  C_CMD: RDCMD     C_f = 0x000   at time   62777179 ps
inst0 ch0:  C_CMD: RDCMD     C_r = 0x01d   at time   62780077 ps
inst0 ch0:  C_CMD: RDCMD     C_f = 0x002   at time   62780491 ps
inst0 ch0:  R_CMD: ACTCMD    R_r0= 0x0a    at time   62943193 ps
inst0 ch0:  R_CMD: ACTCMD    R_f0= 0x00    at time   62943607 ps
inst0 ch0:  R_CMD: ACTCMD    R_r1= 0x00    at time   62944021 ps
inst0 ch0:  R_CMD: ACTCMD    R_f1= 0x00    at time   62944435 ps
inst0 ch0:  C_CMD: RDCMD     C_r = 0x015   at time   62958097 ps
inst0 ch0:  C_CMD: RDCMD     C_f = 0x038   at time   62958511 ps
inst0 ch0:  C_CMD: RDCMD     C_r = 0x015   at time   62961409 ps
inst0 ch0:  C_CMD: RDCMD     C_f = 0x03a   at time   62961823 ps
inst0 ch0:  C_CMD: RDCMD     C_r = 0x015   at time   62964721 ps
inst0 ch0:  C_CMD: RDCMD     C_f = 0x030   at time   62965135 ps
inst0 ch0:  C_CMD: RDCMD     C_r = 0x015   at time   62968033 ps
inst0 ch0:  C_CMD: RDCMD     C_f = 0x032   at time   62968447 ps
inst0 ch0:  C_CMD: RDCMD     C_r = 0x015   at time   62971345 ps
inst0 ch0:  C_CMD: RDCMD     C_f = 0x028   at time   62971759 ps
inst0 ch0:  R_CMD: ACTCMD    R_r0= 0x0a    at time   62974657 ps
inst0 ch0:  C_CMD: RDCMD     C_r = 0x015   at time   62974657 ps
inst0 ch0:  R_CMD: ACTCMD    R_f0= 0x08    at time   62975071 ps
inst0 ch0:  C_CMD: RDCMD     C_f = 0x02a   at time   62975071 ps
inst0 ch0:  R_CMD: ACTCMD    R_r1= 0x00    at time   62975485 ps
inst0 ch0:  R_CMD: ACTCMD    R_f1= 0x00    at time   62975899 ps
inst0 ch0:  C_CMD: RDCMD     C_r = 0x015   at time   62977969 ps
inst0 ch0:  C_CMD: RDCMD     C_f = 0x020   at time   62978383 ps
inst0 ch0:  C_CMD: RDCMD     C_r = 0x01d   at time   62981281 ps
inst0 ch0:  C_CMD: RDCMD     C_f = 0x022   at time   62981695 ps
inst0 ch0:  C_CMD: RDCMD     C_r = 0x015   at time   62989561 ps
inst0 ch0:  C_CMD: RDCMD     C_f = 0x098   at time   62989975 ps
inst0 ch0:  C_CMD: RDCMD     C_r = 0x015   at time   62992873 ps
inst0 ch0:  C_CMD: RDCMD     C_f = 0x09a   at time   62993287 ps
inst0 ch0:  C_CMD: RDCMD     C_r = 0x015   at time   62996185 ps
inst0 ch0:  C_CMD: RDCMD     C_f = 0x090   at time   62996599 ps
inst0 ch0:  C_CMD: RDCMD     C_r = 0x015   at time   62999497 ps
inst0 ch0:  C_CMD: RDCMD     C_f = 0x092   at time   62999911 ps
inst0 ch0:  C_CMD: RDCMD     C_r = 0x015   at time   63002809 ps
inst0 ch0:  C_CMD: RDCMD     C_f = 0x088   at time   63003223 ps
inst0 ch0:  C_CMD: RDCMD     C_r = 0x015   at time   63006121 ps
inst0 ch0:  C_CMD: RDCMD     C_f = 0x08a   at time   63006535 ps
inst0 ch0:  C_CMD: RDCMD     C_r = 0x015   at time   63009433 ps
inst0 ch0:  C_CMD: RDCMD     C_f = 0x080   at time   63009847 ps
inst0 ch0:  C_CMD: RDCMD     C_r = 0x01d   at time   63012745 ps
inst0 ch0:  C_CMD: RDCMD     C_f = 0x082   at time   63013159 ps
inst0 ch0:  R_CMD: ACTCMD    R_r0= 0x0a    at time   63013573 ps
inst0 ch0:  R_CMD: ACTCMD    R_f0= 0x00    at time   63013987 ps
inst0 ch0:  R_CMD: ACTCMD    R_r1= 0x00    at time   63014401 ps
inst0 ch0:  R_CMD: ACTCMD    R_f1= 0x00    at time   63014815 ps
inst0 ch0:  C_CMD: WRCMD     C_r = 0x011   at time   63024337 ps
inst0 ch0:  C_CMD: WRCMD     C_f = 0x038   at time   63024751 ps
inst0 ch0:  C_CMD: WRCMD     C_r = 0x011   at time   63027649 ps
inst0 ch0:  C_CMD: WRCMD     C_f = 0x03a   at time   63028063 ps
inst0 ch0:  C_CMD: WRCMD     C_r = 0x011   at time   63030961 ps
inst0 ch0:  C_CMD: WRCMD     C_f = 0x028   at time   63031375 ps
inst0 ch0:  C_CMD: WRCMD     C_r = 0x011   at time   63034273 ps
inst0 ch0:  C_CMD: WRCMD     C_f = 0x02a   at time   63034687 ps
inst0 ch0:  C_CMD: WRCMD     C_r = 0x011   at time   63037585 ps
inst0 ch0:  C_CMD: WRCMD     C_f = 0x030   at time   63037999 ps
inst0 ch0:  C_CMD: WRCMD     C_r = 0x011   at time   63040897 ps
inst0 ch0:  C_CMD: WRCMD     C_f = 0x032   at time   63041311 ps
inst0 ch0:  C_CMD: WRCMD     C_r = 0x011   at time   63044209 ps
inst0 ch0:  C_CMD: WRCMD     C_f = 0x020   at time   63044623 ps
inst0 ch0:  C_CMD: WRCMD     C_r = 0x019   at time   63047521 ps
inst0 ch0:  C_CMD: WRCMD     C_f = 0x022   at time   63047935 ps
inst0 ch0:  R_CMD: ACTCMD    R_r0= 0x0a    at time   63181657 ps
inst0 ch0:  R_CMD: ACTCMD    R_f0= 0x08    at time   63182071 ps
inst0 ch0:  R_CMD: ACTCMD    R_r1= 0x00    at time   63182485 ps
inst0 ch0:  R_CMD: ACTCMD    R_f1= 0x00    at time   63182899 ps
inst0 ch0:  C_CMD: RDCMD     C_r = 0x015   at time   63196561 ps
inst0 ch0:  C_CMD: RDCMD     C_f = 0x0b8   at time   63196975 ps
inst0 ch0:  C_CMD: RDCMD     C_r = 0x015   at time   63199873 ps
inst0 ch0:  C_CMD: RDCMD     C_f = 0x0ba   at time   63200287 ps
inst0 ch0:  C_CMD: RDCMD     C_r = 0x015   at time   63203185 ps
inst0 ch0:  C_CMD: RDCMD     C_f = 0x0b0   at time   63203599 ps
inst0 ch0:  C_CMD: RDCMD     C_r = 0x015   at time   63206497 ps
inst0 ch0:  C_CMD: RDCMD     C_f = 0x0b2   at time   63206911 ps
inst0 ch0:  C_CMD: RDCMD     C_r = 0x015   at time   63209809 ps
inst0 ch0:  C_CMD: RDCMD     C_f = 0x0a8   at time   63210223 ps
inst0 ch0:  C_CMD: RDCMD     C_r = 0x015   at time   63213121 ps
inst0 ch0:  C_CMD: RDCMD     C_f = 0x0aa   at time   63213535 ps
inst0 ch0:  C_CMD: RDCMD     C_r = 0x015   at time   63216433 ps
inst0 ch0:  C_CMD: RDCMD     C_f = 0x0a0   at time   63216847 ps
inst0 ch0:  C_CMD: RDCMD     C_r = 0x01d   at time   63219745 ps
inst0 ch0:  C_CMD: RDCMD     C_f = 0x0a2   at time   63220159 ps
inst0 ch0:  R_CMD: ACTCMD    R_r0= 0x0a    at time   63254521 ps
inst0 ch0:  R_CMD: ACTCMD    R_f0= 0x08    at time   63254935 ps
inst0 ch0:  R_CMD: ACTCMD    R_r1= 0x00    at time   63255349 ps
inst0 ch0:  R_CMD: ACTCMD    R_f1= 0x00    at time   63255763 ps
inst0 ch0:  C_CMD: WRCMD     C_r = 0x011   at time   63265285 ps
inst0 ch0:  C_CMD: WRCMD     C_f = 0x0b8   at time   63265699 ps
inst0 ch0:  C_CMD: WRCMD     C_r = 0x011   at time   63268597 ps
inst0 ch0:  C_CMD: WRCMD     C_f = 0x0ba   at time   63269011 ps
inst0 ch0:  C_CMD: WRCMD     C_r = 0x011   at time   63271909 ps
inst0 ch0:  C_CMD: WRCMD     C_f = 0x0a8   at time   63272323 ps
inst0 ch0:  C_CMD: WRCMD     C_r = 0x011   at time   63275221 ps
inst0 ch0:  C_CMD: WRCMD     C_f = 0x0aa   at time   63275635 ps
inst0 ch0:  C_CMD: WRCMD     C_r = 0x011   at time   63278533 ps
inst0 ch0:  C_CMD: WRCMD     C_f = 0x0b0   at time   63278947 ps
inst0 ch0:  C_CMD: WRCMD     C_r = 0x011   at time   63281845 ps
inst0 ch0:  C_CMD: WRCMD     C_f = 0x0b2   at time   63282259 ps
inst0 ch0:  C_CMD: WRCMD     C_r = 0x011   at time   63285157 ps
inst0 ch0:  C_CMD: WRCMD     C_f = 0x0a0   at time   63285571 ps
inst0 ch0:  C_CMD: WRCMD     C_r = 0x019   at time   63288469 ps
inst0 ch0:  C_CMD: WRCMD     C_f = 0x0a2   at time   63288883 ps
inst0 ch0:  R_CMD: ACTCMD    R_r0= 0x02    at time   64181053 ps
inst0 ch0:  R_CMD: ACTCMD    R_f0= 0x1b    at time   64181467 ps
inst0 ch0:  R_CMD: ACTCMD    R_r1= 0x3f    at time   64181881 ps
inst0 ch0:  R_CMD: ACTCMD    R_f1= 0x3b    at time   64182295 ps
inst0 ch0:  C_CMD: RDCMD     C_r = 0x005   at time   64195957 ps
inst0 ch0:  C_CMD: RDCMD     C_f = 0x080   at time   64196371 ps
inst0 ch0:  C_CMD: RDCMD     C_r = 0x00d   at time   64199269 ps
inst0 ch0:  C_CMD: RDCMD     C_f = 0x082   at time   64199683 ps
inst0 ch0:  R_CMD: ACTCMD    R_r0= 0x02    at time   64251433 ps
inst0 ch0:  R_CMD: ACTCMD    R_f0= 0x1b    at time   64251847 ps
inst0 ch0:  R_CMD: ACTCMD    R_r1= 0x3f    at time   64252261 ps
inst0 ch0:  R_CMD: ACTCMD    R_f1= 0x3b    at time   64252675 ps
inst0 ch0:  C_CMD: WRCMD     C_r = 0x001   at time   64262197 ps
inst0 ch0:  C_CMD: WRCMD     C_f = 0x080   at time   64262611 ps
inst0 ch0:  C_CMD: WRCMD     C_r = 0x009   at time   64265509 ps
inst0 ch0:  C_CMD: WRCMD     C_f = 0x082   at time   64265923 ps
inst0 ch0:  R_CMD: ACTCMD    R_r0= 0x02    at time   64380601 ps
inst0 ch0:  R_CMD: ACTCMD    R_f0= 0x13    at time   64381015 ps
inst0 ch0:  R_CMD: ACTCMD    R_r1= 0x3f    at time   64381429 ps
inst0 ch0:  R_CMD: ACTCMD    R_f1= 0x3b    at time   64381843 ps
inst0 ch0:  C_CMD: RDCMD     C_r = 0x005   at time   64395505 ps
inst0 ch0:  C_CMD: RDCMD     C_f = 0x000   at time   64395919 ps
inst0 ch0:  C_CMD: RDCMD     C_r = 0x00d   at time   64398817 ps
inst0 ch0:  C_CMD: RDCMD     C_f = 0x002   at time   64399231 ps
inst0 ch0:  R_CMD: ACTCMD    R_r0= 0x02    at time   64400473 ps
inst0 ch0:  R_CMD: ACTCMD    R_f0= 0x1b    at time   64400887 ps
inst0 ch0:  R_CMD: ACTCMD    R_r1= 0x3f    at time   64401301 ps
inst0 ch0:  R_CMD: ACTCMD    R_f1= 0x3b    at time   64401715 ps
inst0 ch0:  C_CMD: RDCMD     C_r = 0x005   at time   64415377 ps
inst0 ch0:  C_CMD: RDCMD     C_f = 0x080   at time   64415791 ps
inst0 ch0:  C_CMD: RDCMD     C_r = 0x00d   at time   64418689 ps
inst0 ch0:  C_CMD: RDCMD     C_f = 0x082   at time   64419103 ps
inst0 ch0:  R_CMD: ACTCMD    R_r0= 0x02    at time   64450981 ps
inst0 ch0:  R_CMD: ACTCMD    R_f0= 0x13    at time   64451395 ps
inst0 ch0:  R_CMD: ACTCMD    R_r1= 0x3f    at time   64451809 ps
inst0 ch0:  R_CMD: ACTCMD    R_f1= 0x3b    at time   64452223 ps
inst0 ch0:  C_CMD: WRCMD     C_r = 0x001   at time   64461745 ps
inst0 ch0:  C_CMD: WRCMD     C_f = 0x000   at time   64462159 ps
inst0 ch0:  C_CMD: WRCMD     C_r = 0x009   at time   64465057 ps
inst0 ch0:  C_CMD: WRCMD     C_f = 0x002   at time   64465471 ps
inst0 ch0:  R_CMD: ACTCMD    R_r0= 0x02    at time   64470853 ps
inst0 ch0:  R_CMD: ACTCMD    R_f0= 0x1b    at time   64471267 ps
inst0 ch0:  R_CMD: ACTCMD    R_r1= 0x3f    at time   64471681 ps
inst0 ch0:  R_CMD: ACTCMD    R_f1= 0x3b    at time   64472095 ps
inst0 ch0:  C_CMD: WRCMD     C_r = 0x001   at time   64481617 ps
inst0 ch0:  C_CMD: WRCMD     C_f = 0x080   at time   64482031 ps
inst0 ch0:  C_CMD: WRCMD     C_r = 0x009   at time   64484929 ps
inst0 ch0:  C_CMD: WRCMD     C_f = 0x082   at time   64485343 ps
inst0 ch0:  R_CMD: ACTCMD    R_r0= 0x02    at time   64558621 ps
inst0 ch0:  R_CMD: ACTCMD    R_f0= 0x13    at time   64559035 ps
inst0 ch0:  R_CMD: ACTCMD    R_r1= 0x3f    at time   64559449 ps
inst0 ch0:  R_CMD: ACTCMD    R_f1= 0x3b    at time   64559863 ps
inst0 ch0:  C_CMD: RDCMD     C_r = 0x005   at time   64573525 ps
inst0 ch0:  C_CMD: RDCMD     C_f = 0x000   at time   64573939 ps
inst0 ch0:  C_CMD: RDCMD     C_r = 0x00d   at time   64576837 ps
inst0 ch0:  C_CMD: RDCMD     C_f = 0x002   at time   64577251 ps
inst0 ch0:  R_CMD: ACTCMD    R_r0= 0x02    at time   64631485 ps
inst0 ch0:  R_CMD: ACTCMD    R_f0= 0x13    at time   64631899 ps
inst0 ch0:  R_CMD: ACTCMD    R_r1= 0x3f    at time   64632313 ps
inst0 ch0:  R_CMD: ACTCMD    R_f1= 0x3b    at time   64632727 ps
inst0 ch0:  C_CMD: WRCMD     C_r = 0x001   at time   64642249 ps
inst0 ch0:  C_CMD: WRCMD     C_f = 0x000   at time   64642663 ps
inst0 ch0:  C_CMD: WRCMD     C_r = 0x009   at time   64645561 ps
inst0 ch0:  C_CMD: WRCMD     C_f = 0x002   at time   64645975 ps
inst0 ch0:  R_CMD: ACTCMD    R_r0= 0x0a    at time   64653841 ps
inst0 ch0:  R_CMD: ACTCMD    R_f0= 0x19    at time   64654255 ps
inst0 ch0:  R_CMD: ACTCMD    R_r1= 0x3f    at time   64654669 ps
inst0 ch0:  R_CMD: ACTCMD    R_f1= 0x3b    at time   64655083 ps
inst0 ch0:  R_CMD: ACTCMD    R_r0= 0x02    at time   64657981 ps
inst0 ch0:  R_CMD: ACTCMD    R_f0= 0x19    at time   64658395 ps
inst0 ch0:  R_CMD: ACTCMD    R_r1= 0x3f    at time   64658809 ps
inst0 ch0:  R_CMD: ACTCMD    R_f1= 0x3b    at time   64659223 ps
inst0 ch0:  C_CMD: RDCMD     C_r = 0x015   at time   64668745 ps
inst0 ch0:  C_CMD: RDCMD     C_f = 0x0f8   at time   64669159 ps
inst0 ch0:  C_CMD: RDCMD     C_r = 0x01d   at time   64672057 ps
inst0 ch0:  C_CMD: RDCMD     C_f = 0x0fa   at time   64672471 ps
inst0 ch0:  C_CMD: RDCMD     C_r = 0x005   at time   64675369 ps
inst0 ch0:  C_CMD: RDCMD     C_f = 0x0f8   at time   64675783 ps
inst0 ch0:  C_CMD: RDCMD     C_r = 0x00d   at time   64678681 ps
inst0 ch0:  C_CMD: RDCMD     C_f = 0x0fa   at time   64679095 ps
inst0 ch0:  R_CMD: ACTCMD    R_r0= 0x0a    at time   64726705 ps
inst0 ch0:  R_CMD: ACTCMD    R_f0= 0x19    at time   64727119 ps
inst0 ch0:  R_CMD: ACTCMD    R_r1= 0x3f    at time   64727533 ps
inst0 ch0:  R_CMD: ACTCMD    R_f1= 0x3b    at time   64727947 ps
inst0 ch0:  C_CMD: WRCMD     C_r = 0x011   at time   64737469 ps
inst0 ch0:  C_CMD: WRCMD     C_f = 0x0f8   at time   64737883 ps
inst0 ch0:  C_CMD: WRCMD     C_r = 0x019   at time   64740781 ps
inst0 ch0:  C_CMD: WRCMD     C_f = 0x0fa   at time   64741195 ps
inst0 ch0:  R_CMD: ACTCMD    R_r0= 0x02    at time   64751545 ps
inst0 ch0:  R_CMD: ACTCMD    R_f0= 0x19    at time   64751959 ps
inst0 ch0:  R_CMD: ACTCMD    R_r1= 0x3f    at time   64752373 ps
inst0 ch0:  R_CMD: ACTCMD    R_f1= 0x3b    at time   64752787 ps
inst0 ch0:  C_CMD: WRCMD     C_r = 0x001   at time   64762309 ps
inst0 ch0:  C_CMD: WRCMD     C_f = 0x0f8   at time   64762723 ps
inst0 ch0:  C_CMD: WRCMD     C_r = 0x009   at time   64765621 ps
inst0 ch0:  C_CMD: WRCMD     C_f = 0x0fa   at time   64766035 ps
inst0 ch0:  R_CMD: ACTCMD    R_r0= 0x0a    at time   64874917 ps
inst0 ch0:  R_CMD: ACTCMD    R_f0= 0x11    at time   64875331 ps
inst0 ch0:  R_CMD: ACTCMD    R_r1= 0x3f    at time   64875745 ps
inst0 ch0:  R_CMD: ACTCMD    R_f1= 0x3b    at time   64876159 ps
inst0 ch0:  R_CMD: ACTCMD    R_r0= 0x02    at time   64879057 ps
inst0 ch0:  R_CMD: ACTCMD    R_f0= 0x11    at time   64879471 ps
inst0 ch0:  R_CMD: ACTCMD    R_r1= 0x3f    at time   64879885 ps
inst0 ch0:  R_CMD: ACTCMD    R_f1= 0x3b    at time   64880299 ps
inst0 ch0:  C_CMD: RDCMD     C_r = 0x015   at time   64889821 ps
inst0 ch0:  C_CMD: RDCMD     C_f = 0x078   at time   64890235 ps
inst0 ch0:  C_CMD: RDCMD     C_r = 0x01d   at time   64893133 ps
inst0 ch0:  C_CMD: RDCMD     C_f = 0x07a   at time   64893547 ps
inst0 ch0:  C_CMD: RDCMD     C_r = 0x005   at time   64896445 ps
inst0 ch0:  C_CMD: RDCMD     C_f = 0x078   at time   64896859 ps
inst0 ch0:  C_CMD: RDCMD     C_r = 0x00d   at time   64899757 ps
inst0 ch0:  C_CMD: RDCMD     C_f = 0x07a   at time   64900171 ps
inst0 ch0:  R_CMD: ACTCMD    R_r0= 0x0a    at time   64947781 ps
inst0 ch0:  R_CMD: ACTCMD    R_f0= 0x11    at time   64948195 ps
inst0 ch0:  R_CMD: ACTCMD    R_r1= 0x3f    at time   64948609 ps
inst0 ch0:  R_CMD: ACTCMD    R_f1= 0x3b    at time   64949023 ps
inst0 ch0:  R_CMD: ACTCMD    R_r0= 0x02    at time   64951921 ps
inst0 ch0:  R_CMD: ACTCMD    R_f0= 0x11    at time   64952335 ps
inst0 ch0:  R_CMD: ACTCMD    R_r1= 0x3f    at time   64952749 ps
inst0 ch0:  R_CMD: ACTCMD    R_f1= 0x3b    at time   64953163 ps
inst0 ch0:  C_CMD: WRCMD     C_r = 0x011   at time   64958545 ps
inst0 ch0:  C_CMD: WRCMD     C_f = 0x078   at time   64958959 ps
inst0 ch0:  C_CMD: WRCMD     C_r = 0x019   at time   64961857 ps
inst0 ch0:  C_CMD: WRCMD     C_f = 0x07a   at time   64962271 ps
inst0 ch0:  C_CMD: WRCMD     C_r = 0x001   at time   64965169 ps
inst0 ch0:  C_CMD: WRCMD     C_f = 0x078   at time   64965583 ps
inst0 ch0:  C_CMD: WRCMD     C_r = 0x009   at time   64968481 ps
inst0 ch0:  C_CMD: WRCMD     C_f = 0x07a   at time   64968895 ps
inst0 ch0:  R_CMD: ACTCMD    R_r0= 0x0a    at time   65470249 ps
inst0 ch0:  R_CMD: ACTCMD    R_f0= 0x0a    at time   65470663 ps
inst0 ch0:  R_CMD: ACTCMD    R_r1= 0x00    at time   65471077 ps
inst0 ch0:  R_CMD: ACTCMD    R_f1= 0x00    at time   65471491 ps
inst0 ch0:  R_CMD: ACTCMD    R_r0= 0x02    at time   65474389 ps
inst0 ch0:  R_CMD: ACTCMD    R_f0= 0x0a    at time   65474803 ps
inst0 ch0:  R_CMD: ACTCMD    R_r1= 0x00    at time   65475217 ps
inst0 ch0:  R_CMD: ACTCMD    R_f1= 0x00    at time   65475631 ps
inst0 ch0:  C_CMD: RDCMD     C_r = 0x015   at time   65485153 ps
inst0 ch0:  C_CMD: RDCMD     C_f = 0x080   at time   65485567 ps
inst0 ch0:  C_CMD: RDCMD     C_r = 0x01d   at time   65488465 ps
inst0 ch0:  C_CMD: RDCMD     C_f = 0x082   at time   65488879 ps
inst0 ch0:  C_CMD: RDCMD     C_r = 0x005   at time   65491777 ps
inst0 ch0:  C_CMD: RDCMD     C_f = 0x080   at time   65492191 ps
inst0 ch0:  C_CMD: RDCMD     C_r = 0x00d   at time   65495089 ps
inst0 ch0:  C_CMD: RDCMD     C_f = 0x082   at time   65495503 ps
inst0 ch0:  R_CMD: ACTCMD    R_r0= 0x0a    at time   65784889 ps
inst0 ch0:  R_CMD: ACTCMD    R_f0= 0x02    at time   65785303 ps
inst0 ch0:  R_CMD: ACTCMD    R_r1= 0x00    at time   65785717 ps
inst0 ch0:  R_CMD: ACTCMD    R_f1= 0x00    at time   65786131 ps
inst0 ch0:  R_CMD: ACTCMD    R_r0= 0x02    at time   65789029 ps
inst0 ch0:  R_CMD: ACTCMD    R_f0= 0x02    at time   65789443 ps
inst0 ch0:  R_CMD: ACTCMD    R_r1= 0x00    at time   65789857 ps
inst0 ch0:  R_CMD: ACTCMD    R_f1= 0x00    at time   65790271 ps
inst0 ch0:  C_CMD: RDCMD     C_r = 0x015   at time   65799793 ps
inst0 ch0:  C_CMD: RDCMD     C_f = 0x000   at time   65800207 ps
inst0 ch0:  C_CMD: RDCMD     C_r = 0x01d   at time   65803105 ps
inst0 ch0:  C_CMD: RDCMD     C_f = 0x002   at time   65803519 ps
inst0 ch0:  C_CMD: RDCMD     C_r = 0x005   at time   65806417 ps
inst0 ch0:  C_CMD: RDCMD     C_f = 0x000   at time   65806831 ps
inst0 ch0:  C_CMD: RDCMD     C_r = 0x00d   at time   65809729 ps
inst0 ch0:  C_CMD: RDCMD     C_f = 0x002   at time   65810143 ps
