inst0 ch0:  R_CMD: ACTCMD    R_r0= 0x0e    at time   33400981 ps
inst0 ch0:  R_CMD: ACTCMD    R_f0= 0x28    at time   33401395 ps
inst0 ch0:  R_CMD: ACTCMD    R_r1= 0x00    at time   33401809 ps
inst0 ch0:  R_CMD: ACTCMD    R_f1= 0x02    at time   33402223 ps
inst0 ch0:  R_CMD: ACTCMD    R_r0= 0x0e    at time   33402637 ps
inst0 ch0:  R_CMD: ACTCMD    R_f0= 0x20    at time   33403051 ps
inst0 ch0:  R_CMD: ACTCMD    R_r1= 0x00    at time   33403465 ps
inst0 ch0:  R_CMD: ACTCMD    R_f1= 0x02    at time   33403879 ps
inst0 ch0:  C_CMD: RDCMD     C_r = 0x095   at time   33415885 ps
inst0 ch0:  C_CMD: RDCMD     C_f = 0x0a9   at time   33416299 ps
inst0 ch0:  C_CMD: RDCMD     C_r = 0x095   at time   33417541 ps
inst0 ch0:  C_CMD: RDCMD     C_f = 0x029   at time   33417955 ps
inst0 ch0:  C_CMD: RDCMD     C_r = 0x095   at time   33419197 ps
inst0 ch0:  C_CMD: RDCMD     C_f = 0x0ab   at time   33419611 ps
inst0 ch0:  C_CMD: RDCMD     C_r = 0x095   at time   33420853 ps
inst0 ch0:  C_CMD: RDCMD     C_f = 0x02b   at time   33421267 ps
inst0 ch0:  C_CMD: RDCMD     C_r = 0x095   at time   33422509 ps
inst0 ch0:  C_CMD: RDCMD     C_f = 0x0a1   at time   33422923 ps
inst0 ch0:  C_CMD: RDCMD     C_r = 0x095   at time   33424165 ps
inst0 ch0:  C_CMD: RDCMD     C_f = 0x021   at time   33424579 ps
inst0 ch0:  C_CMD: RDCMD     C_r = 0x09d   at time   33425821 ps
inst0 ch0:  C_CMD: RDCMD     C_f = 0x0a3   at time   33426235 ps
inst0 ch0:  C_CMD: RDCMD     C_r = 0x09d   at time   33427477 ps
inst0 ch0:  C_CMD: RDCMD     C_f = 0x023   at time   33427891 ps
inst0 ch0:  R_CMD: ACTCMD    R_r0= 0x0e    at time   33540085 ps
inst0 ch0:  R_CMD: ACTCMD    R_f0= 0x28    at time   33540499 ps
inst0 ch0:  R_CMD: ACTCMD    R_r1= 0x00    at time   33540913 ps
inst0 ch0:  R_CMD: ACTCMD    R_f1= 0x02    at time   33541327 ps
inst0 ch0:  R_CMD: ACTCMD    R_r0= 0x0e    at time   33541741 ps
inst0 ch0:  R_CMD: ACTCMD    R_f0= 0x20    at time   33542155 ps
inst0 ch0:  R_CMD: ACTCMD    R_r1= 0x00    at time   33542569 ps
inst0 ch0:  R_CMD: ACTCMD    R_f1= 0x02    at time   33542983 ps
inst0 ch0:  C_CMD: WRCMD     C_r = 0x091   at time   33550849 ps
inst0 ch0:  C_CMD: WRCMD     C_f = 0x0a9   at time   33551263 ps
inst0 ch0:  C_CMD: WRCMD     C_r = 0x091   at time   33552505 ps
inst0 ch0:  C_CMD: WRCMD     C_f = 0x029   at time   33552919 ps
inst0 ch0:  C_CMD: WRCMD     C_r = 0x091   at time   33554161 ps
inst0 ch0:  C_CMD: WRCMD     C_f = 0x0ab   at time   33554575 ps
inst0 ch0:  C_CMD: WRCMD     C_r = 0x091   at time   33555817 ps
inst0 ch0:  C_CMD: WRCMD     C_f = 0x02b   at time   33556231 ps
inst0 ch0:  C_CMD: WRCMD     C_r = 0x091   at time   33557473 ps
inst0 ch0:  C_CMD: WRCMD     C_f = 0x0a1   at time   33557887 ps
inst0 ch0:  C_CMD: WRCMD     C_r = 0x091   at time   33559129 ps
inst0 ch0:  C_CMD: WRCMD     C_f = 0x021   at time   33559543 ps
inst0 ch0:  C_CMD: WRCMD     C_r = 0x099   at time   33560785 ps
inst0 ch0:  C_CMD: WRCMD     C_f = 0x0a3   at time   33561199 ps
inst0 ch0:  C_CMD: WRCMD     C_r = 0x099   at time   33562441 ps
inst0 ch0:  C_CMD: WRCMD     C_f = 0x023   at time   33562855 ps
inst0 ch0:  R_CMD: ACTCMD    R_r0= 0x26    at time   54263269 ps
inst0 ch0:  R_CMD: ACTCMD    R_f0= 0x28    at time   54263683 ps
inst0 ch0:  R_CMD: ACTCMD    R_r1= 0x00    at time   54264097 ps
inst0 ch0:  R_CMD: ACTCMD    R_f1= 0x02    at time   54264511 ps
inst0 ch0:  R_CMD: ACTCMD    R_r0= 0x26    at time   54265753 ps
inst0 ch0:  R_CMD: ACTCMD    R_f0= 0x20    at time   54266167 ps
inst0 ch0:  R_CMD: ACTCMD    R_r1= 0x00    at time   54266581 ps
inst0 ch0:  R_CMD: ACTCMD    R_f1= 0x02    at time   54266995 ps
inst0 ch0:  C_CMD: RDCMD     C_r = 0x0c5   at time   54278173 ps
inst0 ch0:  C_CMD: RDCMD     C_f = 0x0a9   at time   54278587 ps
inst0 ch0:  C_CMD: RDCMD     C_r = 0x0c5   at time   54280657 ps
inst0 ch0:  C_CMD: RDCMD     C_f = 0x029   at time   54281071 ps
inst0 ch0:  C_CMD: RDCMD     C_r = 0x0c5   at time   54281485 ps
inst0 ch0:  C_CMD: RDCMD     C_f = 0x0ab   at time   54281899 ps
inst0 ch0:  C_CMD: RDCMD     C_r = 0x0c5   at time   54283969 ps
inst0 ch0:  C_CMD: RDCMD     C_f = 0x02b   at time   54284383 ps
inst0 ch0:  C_CMD: RDCMD     C_r = 0x0c5   at time   54284797 ps
inst0 ch0:  C_CMD: RDCMD     C_f = 0x0a1   at time   54285211 ps
inst0 ch0:  C_CMD: RDCMD     C_r = 0x0c5   at time   54287281 ps
inst0 ch0:  C_CMD: RDCMD     C_f = 0x021   at time   54287695 ps
inst0 ch0:  C_CMD: RDCMD     C_r = 0x0cd   at time   54288109 ps
inst0 ch0:  C_CMD: RDCMD     C_f = 0x0a3   at time   54288523 ps
inst0 ch0:  C_CMD: RDCMD     C_r = 0x0cd   at time   54290593 ps
inst0 ch0:  C_CMD: RDCMD     C_f = 0x023   at time   54291007 ps
inst0 ch0:  R_CMD: ACTCMD    R_r0= 0x26    at time   54472753 ps
inst0 ch0:  R_CMD: ACTCMD    R_f0= 0x28    at time   54473167 ps
inst0 ch0:  R_CMD: ACTCMD    R_r1= 0x00    at time   54473581 ps
inst0 ch0:  R_CMD: ACTCMD    R_f1= 0x02    at time   54473995 ps
inst0 ch0:  R_CMD: ACTCMD    R_r0= 0x26    at time   54474409 ps
inst0 ch0:  R_CMD: ACTCMD    R_f0= 0x20    at time   54474823 ps
inst0 ch0:  R_CMD: ACTCMD    R_r1= 0x00    at time   54475237 ps
inst0 ch0:  R_CMD: ACTCMD    R_f1= 0x02    at time   54475651 ps
inst0 ch0:  C_CMD: WRCMD     C_r = 0x0c1   at time   54483517 ps
inst0 ch0:  C_CMD: WRCMD     C_f = 0x0a9   at time   54483931 ps
inst0 ch0:  C_CMD: WRCMD     C_r = 0x0c1   at time   54485173 ps
inst0 ch0:  C_CMD: WRCMD     C_f = 0x029   at time   54485587 ps
inst0 ch0:  C_CMD: WRCMD     C_r = 0x0c1   at time   54486829 ps
inst0 ch0:  C_CMD: WRCMD     C_f = 0x0ab   at time   54487243 ps
inst0 ch0:  C_CMD: WRCMD     C_r = 0x0c1   at time   54488485 ps
inst0 ch0:  C_CMD: WRCMD     C_f = 0x02b   at time   54488899 ps
inst0 ch0:  C_CMD: WRCMD     C_r = 0x0c1   at time   54490141 ps
inst0 ch0:  C_CMD: WRCMD     C_f = 0x0a1   at time   54490555 ps
inst0 ch0:  C_CMD: WRCMD     C_r = 0x0c1   at time   54491797 ps
inst0 ch0:  C_CMD: WRCMD     C_f = 0x021   at time   54492211 ps
inst0 ch0:  C_CMD: WRCMD     C_r = 0x0c9   at time   54493453 ps
inst0 ch0:  C_CMD: WRCMD     C_f = 0x0a3   at time   54493867 ps
inst0 ch0:  C_CMD: WRCMD     C_r = 0x0c9   at time   54495109 ps
inst0 ch0:  C_CMD: WRCMD     C_f = 0x023   at time   54495523 ps
inst0 ch0:  R_CMD: ACTCMD    R_r0= 0x22    at time  124876765 ps
inst0 ch0:  R_CMD: ACTCMD    R_f0= 0x2a    at time  124877179 ps
inst0 ch0:  R_CMD: ACTCMD    R_r1= 0x00    at time  124877593 ps
inst0 ch0:  R_CMD: ACTCMD    R_f1= 0x00    at time  124878007 ps
inst0 ch0:  R_CMD: ACTCMD    R_r0= 0x02    at time  124880905 ps
inst0 ch0:  R_CMD: ACTCMD    R_f0= 0x2a    at time  124881319 ps
inst0 ch0:  R_CMD: ACTCMD    R_r1= 0x00    at time  124881733 ps
inst0 ch0:  R_CMD: ACTCMD    R_f1= 0x00    at time  124882147 ps
inst0 ch0:  R_CMD: ACTCMD    R_r0= 0x22    at time  124882561 ps
inst0 ch0:  R_CMD: ACTCMD    R_f0= 0x22    at time  124882975 ps
inst0 ch0:  R_CMD: ACTCMD    R_r1= 0x00    at time  124883389 ps
inst0 ch0:  R_CMD: ACTCMD    R_f1= 0x00    at time  124883803 ps
inst0 ch0:  R_CMD: ACTCMD    R_r0= 0x22    at time  124885045 ps
inst0 ch0:  R_CMD: ACTCMD    R_f0= 0x0a    at time  124885459 ps
inst0 ch0:  R_CMD: ACTCMD    R_r1= 0x00    at time  124885873 ps
inst0 ch0:  R_CMD: ACTCMD    R_f1= 0x00    at time  124886287 ps
inst0 ch0:  R_CMD: ACTCMD    R_r0= 0x02    at time  124886701 ps
inst0 ch0:  R_CMD: ACTCMD    R_f0= 0x22    at time  124887115 ps
inst0 ch0:  R_CMD: ACTCMD    R_r1= 0x00    at time  124887529 ps
inst0 ch0:  R_CMD: ACTCMD    R_f1= 0x00    at time  124887943 ps
inst0 ch0:  R_CMD: ACTCMD    R_r0= 0x02    at time  124889185 ps
inst0 ch0:  R_CMD: ACTCMD    R_f0= 0x0a    at time  124889599 ps
inst0 ch0:  R_CMD: ACTCMD    R_r1= 0x00    at time  124890013 ps
inst0 ch0:  R_CMD: ACTCMD    R_f1= 0x00    at time  124890427 ps
inst0 ch0:  R_CMD: ACTCMD    R_r0= 0x22    at time  124890841 ps
inst0 ch0:  R_CMD: ACTCMD    R_f0= 0x02    at time  124891255 ps
inst0 ch0:  R_CMD: ACTCMD    R_r1= 0x00    at time  124891669 ps
inst0 ch0:  C_CMD: RDCMD     C_r = 0x0c5   at time  124891669 ps
inst0 ch0:  R_CMD: ACTCMD    R_f1= 0x00    at time  124892083 ps
inst0 ch0:  C_CMD: RDCMD     C_f = 0x080   at time  124892083 ps
inst0 ch0:  R_CMD: ACTCMD    R_r0= 0x02    at time  124894981 ps
inst0 ch0:  C_CMD: RDCMD     C_r = 0x0cd   at time  124894981 ps
inst0 ch0:  R_CMD: ACTCMD    R_f0= 0x02    at time  124895395 ps
inst0 ch0:  C_CMD: RDCMD     C_f = 0x082   at time  124895395 ps
inst0 ch0:  R_CMD: ACTCMD    R_r1= 0x00    at time  124895809 ps
inst0 ch0:  R_CMD: ACTCMD    R_f1= 0x00    at time  124896223 ps
inst0 ch0:  C_CMD: RDCMD     C_r = 0x085   at time  124896637 ps
inst0 ch0:  C_CMD: RDCMD     C_f = 0x080   at time  124897051 ps
inst0 ch0:  C_CMD: RDCMD     C_r = 0x0c5   at time  124897465 ps
inst0 ch0:  C_CMD: RDCMD     C_f = 0x000   at time  124897879 ps
inst0 ch0:  C_CMD: RDCMD     C_r = 0x08d   at time  124899949 ps
inst0 ch0:  C_CMD: RDCMD     C_f = 0x082   at time  124900363 ps
inst0 ch0:  C_CMD: RDCMD     C_r = 0x0cd   at time  124900777 ps
inst0 ch0:  C_CMD: RDCMD     C_f = 0x002   at time  124901191 ps
inst0 ch0:  C_CMD: RDCMD     C_r = 0x045   at time  124901605 ps
inst0 ch0:  C_CMD: RDCMD     C_f = 0x080   at time  124902019 ps
inst0 ch0:  C_CMD: RDCMD     C_r = 0x085   at time  124902433 ps
inst0 ch0:  C_CMD: RDCMD     C_f = 0x000   at time  124902847 ps
inst0 ch0:  C_CMD: RDCMD     C_r = 0x005   at time  124904089 ps
inst0 ch0:  C_CMD: RDCMD     C_f = 0x080   at time  124904503 ps
inst0 ch0:  C_CMD: RDCMD     C_r = 0x04d   at time  124905745 ps
inst0 ch0:  C_CMD: RDCMD     C_f = 0x082   at time  124906159 ps
inst0 ch0:  C_CMD: RDCMD     C_r = 0x08d   at time  124906573 ps
inst0 ch0:  C_CMD: RDCMD     C_f = 0x002   at time  124906987 ps
inst0 ch0:  C_CMD: RDCMD     C_r = 0x00d   at time  124907401 ps
inst0 ch0:  C_CMD: RDCMD     C_f = 0x082   at time  124907815 ps
inst0 ch0:  C_CMD: RDCMD     C_r = 0x045   at time  124908229 ps
inst0 ch0:  C_CMD: RDCMD     C_f = 0x000   at time  124908643 ps
inst0 ch0:  C_CMD: RDCMD     C_r = 0x005   at time  124909885 ps
inst0 ch0:  C_CMD: RDCMD     C_f = 0x000   at time  124910299 ps
inst0 ch0:  C_CMD: RDCMD     C_r = 0x04d   at time  124911541 ps
inst0 ch0:  C_CMD: RDCMD     C_f = 0x002   at time  124911955 ps
inst0 ch0:  C_CMD: RDCMD     C_r = 0x00d   at time  124913197 ps
inst0 ch0:  C_CMD: RDCMD     C_f = 0x002   at time  124913611 ps
inst0 ch0:  R_CMD: ACTCMD    R_r0= 0x2a    at time  125372737 ps
inst0 ch0:  R_CMD: ACTCMD    R_f0= 0x2a    at time  125373151 ps
inst0 ch0:  R_CMD: ACTCMD    R_r1= 0x00    at time  125373565 ps
inst0 ch0:  R_CMD: ACTCMD    R_f1= 0x00    at time  125373979 ps
inst0 ch0:  R_CMD: ACTCMD    R_r0= 0x0a    at time  125377705 ps
inst0 ch0:  R_CMD: ACTCMD    R_f0= 0x2a    at time  125378119 ps
inst0 ch0:  R_CMD: ACTCMD    R_r1= 0x00    at time  125378533 ps
inst0 ch0:  R_CMD: ACTCMD    R_f1= 0x00    at time  125378947 ps
inst0 ch0:  R_CMD: ACTCMD    R_r0= 0x2a    at time  125381845 ps
inst0 ch0:  R_CMD: ACTCMD    R_f0= 0x0a    at time  125382259 ps
inst0 ch0:  R_CMD: ACTCMD    R_r1= 0x00    at time  125382673 ps
inst0 ch0:  R_CMD: ACTCMD    R_f1= 0x00    at time  125383087 ps
inst0 ch0:  R_CMD: ACTCMD    R_r0= 0x2a    at time  125383501 ps
inst0 ch0:  R_CMD: ACTCMD    R_f0= 0x22    at time  125383915 ps
inst0 ch0:  R_CMD: ACTCMD    R_r1= 0x00    at time  125384329 ps
inst0 ch0:  R_CMD: ACTCMD    R_f1= 0x00    at time  125384743 ps
inst0 ch0:  R_CMD: ACTCMD    R_r0= 0x0a    at time  125385985 ps
inst0 ch0:  R_CMD: ACTCMD    R_f0= 0x0a    at time  125386399 ps
inst0 ch0:  R_CMD: ACTCMD    R_r1= 0x00    at time  125386813 ps
inst0 ch0:  R_CMD: ACTCMD    R_f1= 0x00    at time  125387227 ps
inst0 ch0:  R_CMD: ACTCMD    R_r0= 0x0a    at time  125387641 ps
inst0 ch0:  C_CMD: RDCMD     C_r = 0x0d5   at time  125387641 ps
inst0 ch0:  R_CMD: ACTCMD    R_f0= 0x22    at time  125388055 ps
inst0 ch0:  C_CMD: RDCMD     C_f = 0x080   at time  125388055 ps
inst0 ch0:  R_CMD: ACTCMD    R_r1= 0x00    at time  125388469 ps
inst0 ch0:  R_CMD: ACTCMD    R_f1= 0x00    at time  125388883 ps
inst0 ch0:  C_CMD: RDCMD     C_r = 0x0dd   at time  125390953 ps
inst0 ch0:  C_CMD: RDCMD     C_f = 0x082   at time  125391367 ps
inst0 ch0:  R_CMD: ACTCMD    R_r0= 0x2a    at time  125391781 ps
inst0 ch0:  R_CMD: ACTCMD    R_f0= 0x02    at time  125392195 ps
inst0 ch0:  R_CMD: ACTCMD    R_r1= 0x00    at time  125392609 ps
inst0 ch0:  C_CMD: RDCMD     C_r = 0x095   at time  125392609 ps
inst0 ch0:  R_CMD: ACTCMD    R_f1= 0x00    at time  125393023 ps
inst0 ch0:  C_CMD: RDCMD     C_f = 0x080   at time  125393023 ps
inst0 ch0:  R_CMD: ACTCMD    R_r0= 0x0a    at time  125395921 ps
inst0 ch0:  C_CMD: RDCMD     C_r = 0x09d   at time  125395921 ps
inst0 ch0:  R_CMD: ACTCMD    R_f0= 0x02    at time  125396335 ps
inst0 ch0:  C_CMD: RDCMD     C_f = 0x082   at time  125396335 ps
inst0 ch0:  R_CMD: ACTCMD    R_r1= 0x00    at time  125396749 ps
inst0 ch0:  R_CMD: ACTCMD    R_f1= 0x00    at time  125397163 ps
inst0 ch0:  C_CMD: RDCMD     C_r = 0x055   at time  125397577 ps
inst0 ch0:  C_CMD: RDCMD     C_f = 0x080   at time  125397991 ps
inst0 ch0:  C_CMD: RDCMD     C_r = 0x0d5   at time  125398405 ps
inst0 ch0:  C_CMD: RDCMD     C_f = 0x000   at time  125398819 ps
inst0 ch0:  C_CMD: RDCMD     C_r = 0x05d   at time  125400889 ps
inst0 ch0:  C_CMD: RDCMD     C_f = 0x082   at time  125401303 ps
inst0 ch0:  C_CMD: RDCMD     C_r = 0x0dd   at time  125401717 ps
inst0 ch0:  C_CMD: RDCMD     C_f = 0x002   at time  125402131 ps
inst0 ch0:  C_CMD: RDCMD     C_r = 0x015   at time  125402545 ps
inst0 ch0:  C_CMD: RDCMD     C_f = 0x080   at time  125402959 ps
inst0 ch0:  C_CMD: RDCMD     C_r = 0x095   at time  125403373 ps
inst0 ch0:  C_CMD: RDCMD     C_f = 0x000   at time  125403787 ps
inst0 ch0:  C_CMD: RDCMD     C_r = 0x01d   at time  125405857 ps
inst0 ch0:  C_CMD: RDCMD     C_f = 0x082   at time  125406271 ps
inst0 ch0:  C_CMD: RDCMD     C_r = 0x09d   at time  125406685 ps
inst0 ch0:  C_CMD: RDCMD     C_f = 0x002   at time  125407099 ps
inst0 ch0:  C_CMD: RDCMD     C_r = 0x055   at time  125408341 ps
inst0 ch0:  C_CMD: RDCMD     C_f = 0x000   at time  125408755 ps
inst0 ch0:  C_CMD: RDCMD     C_r = 0x015   at time  125410825 ps
inst0 ch0:  C_CMD: RDCMD     C_f = 0x000   at time  125411239 ps
inst0 ch0:  C_CMD: RDCMD     C_r = 0x05d   at time  125412481 ps
inst0 ch0:  C_CMD: RDCMD     C_f = 0x002   at time  125412895 ps
inst0 ch0:  C_CMD: RDCMD     C_r = 0x01d   at time  125414137 ps
inst0 ch0:  C_CMD: RDCMD     C_f = 0x002   at time  125414551 ps
inst0 ch0:  R_CMD: ACTCMD    R_r0= 0x32    at time  125873677 ps
inst0 ch0:  R_CMD: ACTCMD    R_f0= 0x2a    at time  125874091 ps
inst0 ch0:  R_CMD: ACTCMD    R_r1= 0x00    at time  125874505 ps
inst0 ch0:  R_CMD: ACTCMD    R_f1= 0x00    at time  125874919 ps
inst0 ch0:  R_CMD: ACTCMD    R_r0= 0x12    at time  125877817 ps
inst0 ch0:  R_CMD: ACTCMD    R_f0= 0x2a    at time  125878231 ps
inst0 ch0:  R_CMD: ACTCMD    R_r1= 0x00    at time  125878645 ps
inst0 ch0:  R_CMD: ACTCMD    R_f1= 0x00    at time  125879059 ps
inst0 ch0:  R_CMD: ACTCMD    R_r0= 0x32    at time  125881129 ps
inst0 ch0:  R_CMD: ACTCMD    R_f0= 0x22    at time  125881543 ps
inst0 ch0:  R_CMD: ACTCMD    R_r1= 0x00    at time  125881957 ps
inst0 ch0:  R_CMD: ACTCMD    R_f1= 0x00    at time  125882371 ps
inst0 ch0:  R_CMD: ACTCMD    R_r0= 0x32    at time  125882785 ps
inst0 ch0:  R_CMD: ACTCMD    R_f0= 0x0a    at time  125883199 ps
inst0 ch0:  R_CMD: ACTCMD    R_r1= 0x00    at time  125883613 ps
inst0 ch0:  R_CMD: ACTCMD    R_f1= 0x00    at time  125884027 ps
inst0 ch0:  R_CMD: ACTCMD    R_r0= 0x12    at time  125885269 ps
inst0 ch0:  R_CMD: ACTCMD    R_f0= 0x22    at time  125885683 ps
inst0 ch0:  R_CMD: ACTCMD    R_r1= 0x00    at time  125886097 ps
inst0 ch0:  R_CMD: ACTCMD    R_f1= 0x00    at time  125886511 ps
inst0 ch0:  R_CMD: ACTCMD    R_r0= 0x12    at time  125886925 ps
inst0 ch0:  R_CMD: ACTCMD    R_f0= 0x0a    at time  125887339 ps
inst0 ch0:  R_CMD: ACTCMD    R_r1= 0x00    at time  125887753 ps
inst0 ch0:  R_CMD: ACTCMD    R_f1= 0x00    at time  125888167 ps
inst0 ch0:  C_CMD: RDCMD     C_r = 0x0e5   at time  125888581 ps
inst0 ch0:  C_CMD: RDCMD     C_f = 0x080   at time  125888995 ps
inst0 ch0:  R_CMD: ACTCMD    R_r0= 0x32    at time  125889409 ps
inst0 ch0:  R_CMD: ACTCMD    R_f0= 0x02    at time  125889823 ps
inst0 ch0:  R_CMD: ACTCMD    R_r1= 0x00    at time  125890237 ps
inst0 ch0:  R_CMD: ACTCMD    R_f1= 0x00    at time  125890651 ps
inst0 ch0:  C_CMD: RDCMD     C_r = 0x0ed   at time  125891893 ps
inst0 ch0:  C_CMD: RDCMD     C_f = 0x082   at time  125892307 ps
inst0 ch0:  R_CMD: ACTCMD    R_r0= 0x12    at time  125893549 ps
inst0 ch0:  C_CMD: RDCMD     C_r = 0x0a5   at time  125893549 ps
inst0 ch0:  R_CMD: ACTCMD    R_f0= 0x02    at time  125893963 ps
inst0 ch0:  C_CMD: RDCMD     C_f = 0x080   at time  125893963 ps
inst0 ch0:  R_CMD: ACTCMD    R_r1= 0x00    at time  125894377 ps
inst0 ch0:  R_CMD: ACTCMD    R_f1= 0x00    at time  125894791 ps
inst0 ch0:  C_CMD: RDCMD     C_r = 0x0e5   at time  125896033 ps
inst0 ch0:  C_CMD: RDCMD     C_f = 0x000   at time  125896447 ps
inst0 ch0:  C_CMD: RDCMD     C_r = 0x0ad   at time  125896861 ps
inst0 ch0:  C_CMD: RDCMD     C_f = 0x082   at time  125897275 ps
inst0 ch0:  C_CMD: RDCMD     C_r = 0x065   at time  125898517 ps
inst0 ch0:  C_CMD: RDCMD     C_f = 0x080   at time  125898931 ps
inst0 ch0:  C_CMD: RDCMD     C_r = 0x0ed   at time  125899345 ps
inst0 ch0:  C_CMD: RDCMD     C_f = 0x002   at time  125899759 ps
inst0 ch0:  C_CMD: RDCMD     C_r = 0x0a5   at time  125901001 ps
inst0 ch0:  C_CMD: RDCMD     C_f = 0x000   at time  125901415 ps
inst0 ch0:  C_CMD: RDCMD     C_r = 0x06d   at time  125901829 ps
inst0 ch0:  C_CMD: RDCMD     C_f = 0x082   at time  125902243 ps
inst0 ch0:  C_CMD: RDCMD     C_r = 0x025   at time  125903485 ps
inst0 ch0:  C_CMD: RDCMD     C_f = 0x080   at time  125903899 ps
inst0 ch0:  C_CMD: RDCMD     C_r = 0x0ad   at time  125904313 ps
inst0 ch0:  C_CMD: RDCMD     C_f = 0x002   at time  125904727 ps
inst0 ch0:  C_CMD: RDCMD     C_r = 0x065   at time  125905969 ps
inst0 ch0:  C_CMD: RDCMD     C_f = 0x000   at time  125906383 ps
inst0 ch0:  C_CMD: RDCMD     C_r = 0x02d   at time  125906797 ps
inst0 ch0:  C_CMD: RDCMD     C_f = 0x082   at time  125907211 ps
inst0 ch0:  C_CMD: RDCMD     C_r = 0x025   at time  125908453 ps
inst0 ch0:  C_CMD: RDCMD     C_f = 0x000   at time  125908867 ps
inst0 ch0:  C_CMD: RDCMD     C_r = 0x06d   at time  125910109 ps
inst0 ch0:  C_CMD: RDCMD     C_f = 0x002   at time  125910523 ps
inst0 ch0:  C_CMD: RDCMD     C_r = 0x02d   at time  125911765 ps
inst0 ch0:  C_CMD: RDCMD     C_f = 0x002   at time  125912179 ps
inst0 ch0:  R_CMD: ACTCMD    R_r0= 0x3a    at time  126377101 ps
inst0 ch0:  R_CMD: ACTCMD    R_f0= 0x2a    at time  126377515 ps
inst0 ch0:  R_CMD: ACTCMD    R_r1= 0x00    at time  126377929 ps
inst0 ch0:  R_CMD: ACTCMD    R_f1= 0x00    at time  126378343 ps
inst0 ch0:  R_CMD: ACTCMD    R_r0= 0x1a    at time  126381241 ps
inst0 ch0:  R_CMD: ACTCMD    R_f0= 0x2a    at time  126381655 ps
inst0 ch0:  R_CMD: ACTCMD    R_r1= 0x00    at time  126382069 ps
inst0 ch0:  R_CMD: ACTCMD    R_f1= 0x00    at time  126382483 ps
inst0 ch0:  R_CMD: ACTCMD    R_r0= 0x3a    at time  126383725 ps
inst0 ch0:  R_CMD: ACTCMD    R_f0= 0x22    at time  126384139 ps
inst0 ch0:  R_CMD: ACTCMD    R_r1= 0x00    at time  126384553 ps
inst0 ch0:  R_CMD: ACTCMD    R_f1= 0x00    at time  126384967 ps
inst0 ch0:  R_CMD: ACTCMD    R_r0= 0x3a    at time  126385381 ps
inst0 ch0:  R_CMD: ACTCMD    R_f0= 0x0a    at time  126385795 ps
inst0 ch0:  R_CMD: ACTCMD    R_r1= 0x00    at time  126386209 ps
inst0 ch0:  R_CMD: ACTCMD    R_f1= 0x00    at time  126386623 ps
inst0 ch0:  R_CMD: ACTCMD    R_r0= 0x1a    at time  126387865 ps
inst0 ch0:  R_CMD: ACTCMD    R_f0= 0x22    at time  126388279 ps
inst0 ch0:  R_CMD: ACTCMD    R_r1= 0x00    at time  126388693 ps
inst0 ch0:  R_CMD: ACTCMD    R_f1= 0x00    at time  126389107 ps
inst0 ch0:  R_CMD: ACTCMD    R_r0= 0x1a    at time  126389521 ps
inst0 ch0:  R_CMD: ACTCMD    R_f0= 0x0a    at time  126389935 ps
inst0 ch0:  R_CMD: ACTCMD    R_r1= 0x00    at time  126390349 ps
inst0 ch0:  R_CMD: ACTCMD    R_f1= 0x00    at time  126390763 ps
inst0 ch0:  R_CMD: ACTCMD    R_r0= 0x3a    at time  126392005 ps
inst0 ch0:  C_CMD: RDCMD     C_r = 0x0f5   at time  126392005 ps
inst0 ch0:  R_CMD: ACTCMD    R_f0= 0x02    at time  126392419 ps
inst0 ch0:  C_CMD: RDCMD     C_f = 0x080   at time  126392419 ps
inst0 ch0:  R_CMD: ACTCMD    R_r1= 0x00    at time  126392833 ps
inst0 ch0:  R_CMD: ACTCMD    R_f1= 0x00    at time  126393247 ps
inst0 ch0:  C_CMD: RDCMD     C_r = 0x0fd   at time  126395317 ps
inst0 ch0:  C_CMD: RDCMD     C_f = 0x082   at time  126395731 ps
inst0 ch0:  R_CMD: ACTCMD    R_r0= 0x1a    at time  126396145 ps
inst0 ch0:  R_CMD: ACTCMD    R_f0= 0x02    at time  126396559 ps
inst0 ch0:  R_CMD: ACTCMD    R_r1= 0x00    at time  126396973 ps
inst0 ch0:  C_CMD: RDCMD     C_r = 0x0b5   at time  126396973 ps
inst0 ch0:  R_CMD: ACTCMD    R_f1= 0x00    at time  126397387 ps
inst0 ch0:  C_CMD: RDCMD     C_f = 0x080   at time  126397387 ps
inst0 ch0:  C_CMD: RDCMD     C_r = 0x0f5   at time  126398629 ps
inst0 ch0:  C_CMD: RDCMD     C_f = 0x000   at time  126399043 ps
inst0 ch0:  C_CMD: RDCMD     C_r = 0x0bd   at time  126400285 ps
inst0 ch0:  C_CMD: RDCMD     C_f = 0x082   at time  126400699 ps
inst0 ch0:  C_CMD: RDCMD     C_r = 0x075   at time  126401941 ps
inst0 ch0:  C_CMD: RDCMD     C_f = 0x080   at time  126402355 ps
inst0 ch0:  C_CMD: RDCMD     C_r = 0x0fd   at time  126402769 ps
inst0 ch0:  C_CMD: RDCMD     C_f = 0x002   at time  126403183 ps
inst0 ch0:  C_CMD: RDCMD     C_r = 0x035   at time  126404425 ps
inst0 ch0:  C_CMD: RDCMD     C_f = 0x080   at time  126404839 ps
inst0 ch0:  C_CMD: RDCMD     C_r = 0x0b5   at time  126405253 ps
inst0 ch0:  C_CMD: RDCMD     C_f = 0x000   at time  126405667 ps
inst0 ch0:  C_CMD: RDCMD     C_r = 0x07d   at time  126406081 ps
inst0 ch0:  C_CMD: RDCMD     C_f = 0x082   at time  126406495 ps
inst0 ch0:  C_CMD: RDCMD     C_r = 0x075   at time  126406909 ps
inst0 ch0:  C_CMD: RDCMD     C_f = 0x000   at time  126407323 ps
inst0 ch0:  C_CMD: RDCMD     C_r = 0x03d   at time  126407737 ps
inst0 ch0:  C_CMD: RDCMD     C_f = 0x082   at time  126408151 ps
inst0 ch0:  C_CMD: RDCMD     C_r = 0x0bd   at time  126408565 ps
inst0 ch0:  C_CMD: RDCMD     C_f = 0x002   at time  126408979 ps
inst0 ch0:  C_CMD: RDCMD     C_r = 0x07d   at time  126410221 ps
inst0 ch0:  C_CMD: RDCMD     C_f = 0x002   at time  126410635 ps
inst0 ch0:  C_CMD: RDCMD     C_r = 0x035   at time  126411877 ps
inst0 ch0:  C_CMD: RDCMD     C_f = 0x000   at time  126412291 ps
inst0 ch0:  C_CMD: RDCMD     C_r = 0x03d   at time  126415189 ps
inst0 ch0:  C_CMD: RDCMD     C_f = 0x002   at time  126415603 ps
inst0 ch0:  R_CMD: ACTCMD    R_r0= 0x02    at time  131109121 ps
inst0 ch0:  R_CMD: ACTCMD    R_f0= 0x08    at time  131109535 ps
inst0 ch0:  R_CMD: ACTCMD    R_r1= 0x00    at time  131109949 ps
inst0 ch0:  R_CMD: ACTCMD    R_f1= 0x00    at time  131110363 ps
inst0 ch0:  R_CMD: ACTCMD    R_r0= 0x02    at time  131112433 ps
inst0 ch0:  R_CMD: ACTCMD    R_f0= 0x00    at time  131112847 ps
inst0 ch0:  R_CMD: ACTCMD    R_r1= 0x00    at time  131113261 ps
inst0 ch0:  R_CMD: ACTCMD    R_f1= 0x00    at time  131113675 ps
inst0 ch0:  C_CMD: RDCMD     C_r = 0x005   at time  131124025 ps
inst0 ch0:  C_CMD: RDCMD     C_f = 0x098   at time  131124439 ps
inst0 ch0:  C_CMD: RDCMD     C_r = 0x005   at time  131127337 ps
inst0 ch0:  C_CMD: RDCMD     C_f = 0x09a   at time  131127751 ps
inst0 ch0:  C_CMD: RDCMD     C_r = 0x005   at time  131128165 ps
inst0 ch0:  C_CMD: RDCMD     C_f = 0x018   at time  131128579 ps
inst0 ch0:  C_CMD: RDCMD     C_r = 0x005   at time  131130649 ps
inst0 ch0:  C_CMD: RDCMD     C_f = 0x090   at time  131131063 ps
inst0 ch0:  C_CMD: RDCMD     C_r = 0x005   at time  131131477 ps
inst0 ch0:  C_CMD: RDCMD     C_f = 0x01a   at time  131131891 ps
inst0 ch0:  C_CMD: RDCMD     C_r = 0x005   at time  131133961 ps
inst0 ch0:  C_CMD: RDCMD     C_f = 0x092   at time  131134375 ps
inst0 ch0:  C_CMD: RDCMD     C_r = 0x005   at time  131134789 ps
inst0 ch0:  C_CMD: RDCMD     C_f = 0x010   at time  131135203 ps
inst0 ch0:  C_CMD: RDCMD     C_r = 0x005   at time  131137273 ps
inst0 ch0:  C_CMD: RDCMD     C_f = 0x088   at time  131137687 ps
inst0 ch0:  C_CMD: RDCMD     C_r = 0x005   at time  131138101 ps
inst0 ch0:  C_CMD: RDCMD     C_f = 0x012   at time  131138515 ps
inst0 ch0:  C_CMD: RDCMD     C_r = 0x005   at time  131140585 ps
inst0 ch0:  C_CMD: RDCMD     C_f = 0x08a   at time  131140999 ps
inst0 ch0:  C_CMD: RDCMD     C_r = 0x005   at time  131141413 ps
inst0 ch0:  C_CMD: RDCMD     C_f = 0x008   at time  131141827 ps
inst0 ch0:  C_CMD: RDCMD     C_r = 0x005   at time  131143897 ps
inst0 ch0:  C_CMD: RDCMD     C_f = 0x080   at time  131144311 ps
inst0 ch0:  C_CMD: RDCMD     C_r = 0x005   at time  131144725 ps
inst0 ch0:  C_CMD: RDCMD     C_f = 0x00a   at time  131145139 ps
inst0 ch0:  C_CMD: RDCMD     C_r = 0x00d   at time  131147209 ps
inst0 ch0:  C_CMD: RDCMD     C_f = 0x082   at time  131147623 ps
inst0 ch0:  C_CMD: RDCMD     C_r = 0x005   at time  131148037 ps
inst0 ch0:  C_CMD: RDCMD     C_f = 0x000   at time  131148451 ps
inst0 ch0:  C_CMD: RDCMD     C_r = 0x00d   at time  131151349 ps
inst0 ch0:  C_CMD: RDCMD     C_f = 0x002   at time  131151763 ps
inst0 ch0:  R_CMD: ACTCMD    R_r0= 0x0a    at time  131648149 ps
inst0 ch0:  R_CMD: ACTCMD    R_f0= 0x00    at time  131648563 ps
inst0 ch0:  R_CMD: ACTCMD    R_r1= 0x00    at time  131648977 ps
inst0 ch0:  R_CMD: ACTCMD    R_f1= 0x00    at time  131649391 ps
inst0 ch0:  C_CMD: RDCMD     C_r = 0x015   at time  131663053 ps
inst0 ch0:  C_CMD: RDCMD     C_f = 0x018   at time  131663467 ps
inst0 ch0:  C_CMD: RDCMD     C_r = 0x015   at time  131666365 ps
inst0 ch0:  C_CMD: RDCMD     C_f = 0x01a   at time  131666779 ps
inst0 ch0:  C_CMD: RDCMD     C_r = 0x015   at time  131669677 ps
inst0 ch0:  C_CMD: RDCMD     C_f = 0x010   at time  131670091 ps
inst0 ch0:  C_CMD: RDCMD     C_r = 0x015   at time  131672989 ps
inst0 ch0:  C_CMD: RDCMD     C_f = 0x012   at time  131673403 ps
inst0 ch0:  C_CMD: RDCMD     C_r = 0x015   at time  131676301 ps
inst0 ch0:  C_CMD: RDCMD     C_f = 0x008   at time  131676715 ps
inst0 ch0:  C_CMD: RDCMD     C_r = 0x015   at time  131679613 ps
inst0 ch0:  C_CMD: RDCMD     C_f = 0x00a   at time  131680027 ps
inst0 ch0:  C_CMD: RDCMD     C_r = 0x015   at time  131682925 ps
inst0 ch0:  C_CMD: RDCMD     C_f = 0x000   at time  131683339 ps
inst0 ch0:  C_CMD: RDCMD     C_r = 0x01d   at time  131686237 ps
inst0 ch0:  C_CMD: RDCMD     C_f = 0x002   at time  131686651 ps
inst0 ch0:  R_CMD: ACTCMD    R_r0= 0x0a    at time  131704453 ps
inst0 ch0:  R_CMD: ACTCMD    R_f0= 0x08    at time  131704867 ps
inst0 ch0:  R_CMD: ACTCMD    R_r1= 0x00    at time  131705281 ps
inst0 ch0:  R_CMD: ACTCMD    R_f1= 0x00    at time  131705695 ps
inst0 ch0:  C_CMD: RDCMD     C_r = 0x015   at time  131719357 ps
inst0 ch0:  C_CMD: RDCMD     C_f = 0x098   at time  131719771 ps
inst0 ch0:  C_CMD: RDCMD     C_r = 0x015   at time  131722669 ps
inst0 ch0:  C_CMD: RDCMD     C_f = 0x09a   at time  131723083 ps
inst0 ch0:  C_CMD: RDCMD     C_r = 0x015   at time  131725981 ps
inst0 ch0:  C_CMD: RDCMD     C_f = 0x090   at time  131726395 ps
inst0 ch0:  C_CMD: RDCMD     C_r = 0x015   at time  131729293 ps
inst0 ch0:  C_CMD: RDCMD     C_f = 0x092   at time  131729707 ps
inst0 ch0:  C_CMD: RDCMD     C_r = 0x015   at time  131732605 ps
inst0 ch0:  C_CMD: RDCMD     C_f = 0x088   at time  131733019 ps
inst0 ch0:  C_CMD: RDCMD     C_r = 0x015   at time  131735917 ps
inst0 ch0:  C_CMD: RDCMD     C_f = 0x08a   at time  131736331 ps
inst0 ch0:  C_CMD: RDCMD     C_r = 0x015   at time  131739229 ps
inst0 ch0:  C_CMD: RDCMD     C_f = 0x080   at time  131739643 ps
inst0 ch0:  C_CMD: RDCMD     C_r = 0x01d   at time  131742541 ps
inst0 ch0:  C_CMD: RDCMD     C_f = 0x082   at time  131742955 ps
inst0 ch0:  R_CMD: ACTCMD    R_r0= 0x02    at time  133964893 ps
inst0 ch0:  R_CMD: ACTCMD    R_f0= 0x1b    at time  133965307 ps
inst0 ch0:  R_CMD: ACTCMD    R_r1= 0x3f    at time  133965721 ps
inst0 ch0:  R_CMD: ACTCMD    R_f1= 0x3b    at time  133966135 ps
inst0 ch0:  R_CMD: ACTCMD    R_r0= 0x02    at time  133966549 ps
inst0 ch0:  R_CMD: ACTCMD    R_f0= 0x13    at time  133966963 ps
inst0 ch0:  R_CMD: ACTCMD    R_r1= 0x3f    at time  133967377 ps
inst0 ch0:  R_CMD: ACTCMD    R_f1= 0x3b    at time  133967791 ps
inst0 ch0:  C_CMD: RDCMD     C_r = 0x005   at time  133979797 ps
inst0 ch0:  C_CMD: RDCMD     C_f = 0x080   at time  133980211 ps
inst0 ch0:  C_CMD: RDCMD     C_r = 0x005   at time  133981453 ps
inst0 ch0:  C_CMD: RDCMD     C_f = 0x000   at time  133981867 ps
inst0 ch0:  C_CMD: RDCMD     C_r = 0x00d   at time  133983109 ps
inst0 ch0:  C_CMD: RDCMD     C_f = 0x082   at time  133983523 ps
inst0 ch0:  C_CMD: RDCMD     C_r = 0x00d   at time  133984765 ps
inst0 ch0:  C_CMD: RDCMD     C_f = 0x002   at time  133985179 ps
inst0 ch0:  R_CMD: ACTCMD    R_r0= 0x02    at time  134035273 ps
inst0 ch0:  R_CMD: ACTCMD    R_f0= 0x1b    at time  134035687 ps
inst0 ch0:  R_CMD: ACTCMD    R_r1= 0x3f    at time  134036101 ps
inst0 ch0:  R_CMD: ACTCMD    R_f1= 0x3b    at time  134036515 ps
inst0 ch0:  R_CMD: ACTCMD    R_r0= 0x02    at time  134037757 ps
inst0 ch0:  R_CMD: ACTCMD    R_f0= 0x13    at time  134038171 ps
inst0 ch0:  R_CMD: ACTCMD    R_r1= 0x3f    at time  134038585 ps
inst0 ch0:  R_CMD: ACTCMD    R_f1= 0x3b    at time  134038999 ps
inst0 ch0:  C_CMD: WRCMD     C_r = 0x001   at time  134046037 ps
inst0 ch0:  C_CMD: WRCMD     C_f = 0x080   at time  134046451 ps
inst0 ch0:  C_CMD: WRCMD     C_r = 0x001   at time  134048521 ps
inst0 ch0:  C_CMD: WRCMD     C_f = 0x000   at time  134048935 ps
inst0 ch0:  C_CMD: WRCMD     C_r = 0x009   at time  134049349 ps
inst0 ch0:  C_CMD: WRCMD     C_f = 0x082   at time  134049763 ps
inst0 ch0:  C_CMD: WRCMD     C_r = 0x009   at time  134051833 ps
inst0 ch0:  C_CMD: WRCMD     C_f = 0x002   at time  134052247 ps
inst0 ch0:  R_CMD: ACTCMD    R_r0= 0x0a    at time  138289537 ps
inst0 ch0:  R_CMD: ACTCMD    R_f0= 0x1b    at time  138289951 ps
inst0 ch0:  R_CMD: ACTCMD    R_r1= 0x3f    at time  138290365 ps
inst0 ch0:  R_CMD: ACTCMD    R_f1= 0x3b    at time  138290779 ps
inst0 ch0:  R_CMD: ACTCMD    R_r0= 0x0a    at time  138292021 ps
inst0 ch0:  R_CMD: ACTCMD    R_f0= 0x13    at time  138292435 ps
inst0 ch0:  R_CMD: ACTCMD    R_r1= 0x3f    at time  138292849 ps
inst0 ch0:  R_CMD: ACTCMD    R_f1= 0x3b    at time  138293263 ps
inst0 ch0:  C_CMD: RDCMD     C_r = 0x015   at time  138304441 ps
inst0 ch0:  C_CMD: RDCMD     C_f = 0x090   at time  138304855 ps
inst0 ch0:  C_CMD: RDCMD     C_r = 0x015   at time  138306925 ps
inst0 ch0:  C_CMD: RDCMD     C_f = 0x010   at time  138307339 ps
inst0 ch0:  C_CMD: RDCMD     C_r = 0x01d   at time  138307753 ps
inst0 ch0:  C_CMD: RDCMD     C_f = 0x092   at time  138308167 ps
inst0 ch0:  C_CMD: RDCMD     C_r = 0x01d   at time  138310237 ps
inst0 ch0:  C_CMD: RDCMD     C_f = 0x012   at time  138310651 ps
inst0 ch0:  R_CMD: ACTCMD    R_r0= 0x0a    at time  138359917 ps
inst0 ch0:  R_CMD: ACTCMD    R_f0= 0x1b    at time  138360331 ps
inst0 ch0:  R_CMD: ACTCMD    R_r1= 0x3f    at time  138360745 ps
inst0 ch0:  R_CMD: ACTCMD    R_f1= 0x3b    at time  138361159 ps
inst0 ch0:  R_CMD: ACTCMD    R_r0= 0x0a    at time  138362401 ps
inst0 ch0:  R_CMD: ACTCMD    R_f0= 0x13    at time  138362815 ps
inst0 ch0:  R_CMD: ACTCMD    R_r1= 0x3f    at time  138363229 ps
inst0 ch0:  R_CMD: ACTCMD    R_f1= 0x3b    at time  138363643 ps
inst0 ch0:  C_CMD: WRCMD     C_r = 0x011   at time  138370681 ps
inst0 ch0:  C_CMD: WRCMD     C_f = 0x090   at time  138371095 ps
inst0 ch0:  C_CMD: WRCMD     C_r = 0x011   at time  138373165 ps
inst0 ch0:  C_CMD: WRCMD     C_f = 0x010   at time  138373579 ps
inst0 ch0:  C_CMD: WRCMD     C_r = 0x019   at time  138373993 ps
inst0 ch0:  C_CMD: WRCMD     C_f = 0x092   at time  138374407 ps
inst0 ch0:  C_CMD: WRCMD     C_r = 0x019   at time  138376477 ps
inst0 ch0:  C_CMD: WRCMD     C_f = 0x012   at time  138376891 ps
inst0 ch0:  R_CMD: ACTCMD    R_r0= 0x0a    at time  142363297 ps
inst0 ch0:  R_CMD: ACTCMD    R_f0= 0x08    at time  142363711 ps
inst0 ch0:  R_CMD: ACTCMD    R_r1= 0x00    at time  142364125 ps
inst0 ch0:  R_CMD: ACTCMD    R_f1= 0x00    at time  142364539 ps
inst0 ch0:  R_CMD: ACTCMD    R_r0= 0x0a    at time  142364953 ps
inst0 ch0:  R_CMD: ACTCMD    R_f0= 0x00    at time  142365367 ps
inst0 ch0:  R_CMD: ACTCMD    R_r1= 0x00    at time  142365781 ps
inst0 ch0:  R_CMD: ACTCMD    R_f1= 0x00    at time  142366195 ps
inst0 ch0:  C_CMD: RDCMD     C_r = 0x015   at time  142378201 ps
inst0 ch0:  C_CMD: RDCMD     C_f = 0x0a8   at time  142378615 ps
inst0 ch0:  C_CMD: RDCMD     C_r = 0x015   at time  142379857 ps
inst0 ch0:  C_CMD: RDCMD     C_f = 0x028   at time  142380271 ps
inst0 ch0:  C_CMD: RDCMD     C_r = 0x015   at time  142381513 ps
inst0 ch0:  C_CMD: RDCMD     C_f = 0x0aa   at time  142381927 ps
inst0 ch0:  C_CMD: RDCMD     C_r = 0x015   at time  142383169 ps
inst0 ch0:  C_CMD: RDCMD     C_f = 0x02a   at time  142383583 ps
inst0 ch0:  C_CMD: RDCMD     C_r = 0x015   at time  142384825 ps
inst0 ch0:  C_CMD: RDCMD     C_f = 0x0a0   at time  142385239 ps
inst0 ch0:  C_CMD: RDCMD     C_r = 0x015   at time  142386481 ps
inst0 ch0:  C_CMD: RDCMD     C_f = 0x020   at time  142386895 ps
inst0 ch0:  C_CMD: RDCMD     C_r = 0x01d   at time  142388137 ps
inst0 ch0:  C_CMD: RDCMD     C_f = 0x0a2   at time  142388551 ps
inst0 ch0:  C_CMD: RDCMD     C_r = 0x01d   at time  142389793 ps
inst0 ch0:  C_CMD: RDCMD     C_f = 0x022   at time  142390207 ps
inst0 ch0:  R_CMD: ACTCMD    R_r0= 0x0a    at time  142433677 ps
inst0 ch0:  R_CMD: ACTCMD    R_f0= 0x08    at time  142434091 ps
inst0 ch0:  R_CMD: ACTCMD    R_r1= 0x00    at time  142434505 ps
inst0 ch0:  R_CMD: ACTCMD    R_f1= 0x00    at time  142434919 ps
inst0 ch0:  R_CMD: ACTCMD    R_r0= 0x0a    at time  142435333 ps
inst0 ch0:  R_CMD: ACTCMD    R_f0= 0x00    at time  142435747 ps
inst0 ch0:  R_CMD: ACTCMD    R_r1= 0x00    at time  142436161 ps
inst0 ch0:  R_CMD: ACTCMD    R_f1= 0x00    at time  142436575 ps
inst0 ch0:  C_CMD: WRCMD     C_r = 0x011   at time  142444441 ps
inst0 ch0:  C_CMD: WRCMD     C_f = 0x0a8   at time  142444855 ps
inst0 ch0:  C_CMD: WRCMD     C_r = 0x011   at time  142446097 ps
inst0 ch0:  C_CMD: WRCMD     C_f = 0x028   at time  142446511 ps
inst0 ch0:  C_CMD: WRCMD     C_r = 0x011   at time  142447753 ps
inst0 ch0:  C_CMD: WRCMD     C_f = 0x0aa   at time  142448167 ps
inst0 ch0:  C_CMD: WRCMD     C_r = 0x011   at time  142449409 ps
inst0 ch0:  C_CMD: WRCMD     C_f = 0x02a   at time  142449823 ps
inst0 ch0:  C_CMD: WRCMD     C_r = 0x011   at time  142451065 ps
inst0 ch0:  C_CMD: WRCMD     C_f = 0x0a0   at time  142451479 ps
inst0 ch0:  C_CMD: WRCMD     C_r = 0x011   at time  142452721 ps
inst0 ch0:  C_CMD: WRCMD     C_f = 0x020   at time  142453135 ps
inst0 ch0:  C_CMD: WRCMD     C_r = 0x019   at time  142454377 ps
inst0 ch0:  C_CMD: WRCMD     C_f = 0x0a2   at time  142454791 ps
inst0 ch0:  C_CMD: WRCMD     C_r = 0x019   at time  142456033 ps
inst0 ch0:  C_CMD: WRCMD     C_f = 0x022   at time  142456447 ps
inst0 ch0:  R_CMD: ACTCMD    R_r0= 0x02    at time  146177893 ps
inst0 ch0:  R_CMD: ACTCMD    R_f0= 0x18    at time  146178307 ps
inst0 ch0:  R_CMD: ACTCMD    R_r1= 0x3f    at time  146178721 ps
inst0 ch0:  R_CMD: ACTCMD    R_f1= 0x3b    at time  146179135 ps
inst0 ch0:  R_CMD: ACTCMD    R_r0= 0x02    at time  146180377 ps
inst0 ch0:  R_CMD: ACTCMD    R_f0= 0x10    at time  146180791 ps
inst0 ch0:  R_CMD: ACTCMD    R_r1= 0x3f    at time  146181205 ps
inst0 ch0:  R_CMD: ACTCMD    R_f1= 0x3b    at time  146181619 ps
inst0 ch0:  C_CMD: RDCMD     C_r = 0x005   at time  146192797 ps
inst0 ch0:  C_CMD: RDCMD     C_f = 0x0f8   at time  146193211 ps
inst0 ch0:  C_CMD: RDCMD     C_r = 0x005   at time  146195281 ps
inst0 ch0:  C_CMD: RDCMD     C_f = 0x078   at time  146195695 ps
inst0 ch0:  C_CMD: RDCMD     C_r = 0x00d   at time  146196109 ps
inst0 ch0:  C_CMD: RDCMD     C_f = 0x0fa   at time  146196523 ps
inst0 ch0:  C_CMD: RDCMD     C_r = 0x00d   at time  146198593 ps
inst0 ch0:  C_CMD: RDCMD     C_f = 0x07a   at time  146199007 ps
inst0 ch0:  R_CMD: ACTCMD    R_r0= 0x02    at time  146225089 ps
inst0 ch0:  R_CMD: ACTCMD    R_f0= 0x19    at time  146225503 ps
inst0 ch0:  R_CMD: ACTCMD    R_r1= 0x3f    at time  146225917 ps
inst0 ch0:  R_CMD: ACTCMD    R_f1= 0x3b    at time  146226331 ps
inst0 ch0:  R_CMD: ACTCMD    R_r0= 0x02    at time  146227573 ps
inst0 ch0:  R_CMD: ACTCMD    R_f0= 0x11    at time  146227987 ps
inst0 ch0:  R_CMD: ACTCMD    R_r1= 0x3f    at time  146228401 ps
inst0 ch0:  R_CMD: ACTCMD    R_f1= 0x3b    at time  146228815 ps
inst0 ch0:  C_CMD: RDCMD     C_r = 0x005   at time  146239993 ps
inst0 ch0:  C_CMD: RDCMD     C_f = 0x0f8   at time  146240407 ps
inst0 ch0:  C_CMD: RDCMD     C_r = 0x005   at time  146242477 ps
inst0 ch0:  C_CMD: RDCMD     C_f = 0x078   at time  146242891 ps
inst0 ch0:  C_CMD: RDCMD     C_r = 0x00d   at time  146243305 ps
inst0 ch0:  C_CMD: RDCMD     C_f = 0x0fa   at time  146243719 ps
inst0 ch0:  C_CMD: RDCMD     C_r = 0x00d   at time  146245789 ps
inst0 ch0:  C_CMD: RDCMD     C_f = 0x07a   at time  146246203 ps
inst0 ch0:  R_CMD: ACTCMD    R_r0= 0x02    at time  146272285 ps
inst0 ch0:  R_CMD: ACTCMD    R_f0= 0x18    at time  146272699 ps
inst0 ch0:  R_CMD: ACTCMD    R_r1= 0x3f    at time  146273113 ps
inst0 ch0:  R_CMD: ACTCMD    R_f1= 0x3b    at time  146273527 ps
inst0 ch0:  R_CMD: ACTCMD    R_r0= 0x02    at time  146274769 ps
inst0 ch0:  R_CMD: ACTCMD    R_f0= 0x10    at time  146275183 ps
inst0 ch0:  R_CMD: ACTCMD    R_r1= 0x3f    at time  146275597 ps
inst0 ch0:  R_CMD: ACTCMD    R_f1= 0x3b    at time  146276011 ps
inst0 ch0:  C_CMD: WRCMD     C_r = 0x001   at time  146283049 ps
inst0 ch0:  C_CMD: WRCMD     C_f = 0x0f8   at time  146283463 ps
inst0 ch0:  C_CMD: WRCMD     C_r = 0x001   at time  146285533 ps
inst0 ch0:  C_CMD: WRCMD     C_f = 0x078   at time  146285947 ps
inst0 ch0:  C_CMD: WRCMD     C_r = 0x009   at time  146286361 ps
inst0 ch0:  C_CMD: WRCMD     C_f = 0x0fa   at time  146286775 ps
inst0 ch0:  C_CMD: WRCMD     C_r = 0x009   at time  146288845 ps
inst0 ch0:  C_CMD: WRCMD     C_f = 0x07a   at time  146289259 ps
inst0 ch0:  R_CMD: ACTCMD    R_r0= 0x02    at time  146324449 ps
inst0 ch0:  R_CMD: ACTCMD    R_f0= 0x19    at time  146324863 ps
inst0 ch0:  R_CMD: ACTCMD    R_r1= 0x3f    at time  146325277 ps
inst0 ch0:  R_CMD: ACTCMD    R_f1= 0x3b    at time  146325691 ps
inst0 ch0:  R_CMD: ACTCMD    R_r0= 0x02    at time  146326933 ps
inst0 ch0:  R_CMD: ACTCMD    R_f0= 0x11    at time  146327347 ps
inst0 ch0:  R_CMD: ACTCMD    R_r1= 0x3f    at time  146327761 ps
inst0 ch0:  R_CMD: ACTCMD    R_f1= 0x3b    at time  146328175 ps
inst0 ch0:  C_CMD: WRCMD     C_r = 0x001   at time  146335213 ps
inst0 ch0:  C_CMD: WRCMD     C_f = 0x0f8   at time  146335627 ps
inst0 ch0:  C_CMD: WRCMD     C_r = 0x001   at time  146337697 ps
inst0 ch0:  C_CMD: WRCMD     C_f = 0x078   at time  146338111 ps
inst0 ch0:  C_CMD: WRCMD     C_r = 0x009   at time  146338525 ps
inst0 ch0:  C_CMD: WRCMD     C_f = 0x0fa   at time  146338939 ps
inst0 ch0:  C_CMD: WRCMD     C_r = 0x009   at time  146341009 ps
inst0 ch0:  C_CMD: WRCMD     C_f = 0x07a   at time  146341423 ps
inst0 ch0:  R_CMD: ACTCMD    R_r0= 0x0a    at time  146565397 ps
inst0 ch0:  R_CMD: ACTCMD    R_f0= 0x18    at time  146565811 ps
inst0 ch0:  R_CMD: ACTCMD    R_r1= 0x3f    at time  146566225 ps
inst0 ch0:  R_CMD: ACTCMD    R_f1= 0x3b    at time  146566639 ps
inst0 ch0:  R_CMD: ACTCMD    R_r0= 0x0a    at time  146567881 ps
inst0 ch0:  R_CMD: ACTCMD    R_f0= 0x10    at time  146568295 ps
inst0 ch0:  R_CMD: ACTCMD    R_r1= 0x3f    at time  146568709 ps
inst0 ch0:  R_CMD: ACTCMD    R_f1= 0x3b    at time  146569123 ps
inst0 ch0:  C_CMD: RDCMD     C_r = 0x015   at time  146580301 ps
inst0 ch0:  C_CMD: RDCMD     C_f = 0x0f8   at time  146580715 ps
inst0 ch0:  C_CMD: RDCMD     C_r = 0x015   at time  146582785 ps
inst0 ch0:  C_CMD: RDCMD     C_f = 0x078   at time  146583199 ps
inst0 ch0:  C_CMD: RDCMD     C_r = 0x01d   at time  146583613 ps
inst0 ch0:  C_CMD: RDCMD     C_f = 0x0fa   at time  146584027 ps
inst0 ch0:  C_CMD: RDCMD     C_r = 0x01d   at time  146586097 ps
inst0 ch0:  C_CMD: RDCMD     C_f = 0x07a   at time  146586511 ps
inst0 ch0:  R_CMD: ACTCMD    R_r0= 0x0a    at time  146612593 ps
inst0 ch0:  R_CMD: ACTCMD    R_f0= 0x08    at time  146613007 ps
inst0 ch0:  R_CMD: ACTCMD    R_r1= 0x00    at time  146613421 ps
inst0 ch0:  R_CMD: ACTCMD    R_f1= 0x00    at time  146613835 ps
inst0 ch0:  R_CMD: ACTCMD    R_r0= 0x0a    at time  146615077 ps
inst0 ch0:  R_CMD: ACTCMD    R_f0= 0x00    at time  146615491 ps
inst0 ch0:  R_CMD: ACTCMD    R_r1= 0x00    at time  146615905 ps
inst0 ch0:  R_CMD: ACTCMD    R_f1= 0x00    at time  146616319 ps
inst0 ch0:  C_CMD: RDCMD     C_r = 0x015   at time  146627497 ps
inst0 ch0:  C_CMD: RDCMD     C_f = 0x0b8   at time  146627911 ps
inst0 ch0:  C_CMD: RDCMD     C_r = 0x015   at time  146629981 ps
inst0 ch0:  C_CMD: RDCMD     C_f = 0x038   at time  146630395 ps
inst0 ch0:  C_CMD: RDCMD     C_r = 0x015   at time  146630809 ps
inst0 ch0:  C_CMD: RDCMD     C_f = 0x0ba   at time  146631223 ps
inst0 ch0:  C_CMD: RDCMD     C_r = 0x015   at time  146633293 ps
inst0 ch0:  C_CMD: RDCMD     C_f = 0x03a   at time  146633707 ps
inst0 ch0:  C_CMD: RDCMD     C_r = 0x015   at time  146634121 ps
inst0 ch0:  C_CMD: RDCMD     C_f = 0x0b0   at time  146634535 ps
inst0 ch0:  C_CMD: RDCMD     C_r = 0x015   at time  146636605 ps
inst0 ch0:  C_CMD: RDCMD     C_f = 0x030   at time  146637019 ps
inst0 ch0:  C_CMD: RDCMD     C_r = 0x01d   at time  146637433 ps
inst0 ch0:  C_CMD: RDCMD     C_f = 0x0b2   at time  146637847 ps
inst0 ch0:  C_CMD: RDCMD     C_r = 0x01d   at time  146639917 ps
inst0 ch0:  C_CMD: RDCMD     C_f = 0x032   at time  146640331 ps
inst0 ch0:  R_CMD: ACTCMD    R_r0= 0x0a    at time  146659789 ps
inst0 ch0:  R_CMD: ACTCMD    R_f0= 0x19    at time  146660203 ps
inst0 ch0:  R_CMD: ACTCMD    R_r1= 0x3f    at time  146660617 ps
inst0 ch0:  R_CMD: ACTCMD    R_f1= 0x3b    at time  146661031 ps
inst0 ch0:  R_CMD: ACTCMD    R_r0= 0x0a    at time  146662273 ps
inst0 ch0:  R_CMD: ACTCMD    R_f0= 0x11    at time  146662687 ps
inst0 ch0:  R_CMD: ACTCMD    R_r1= 0x3f    at time  146663101 ps
inst0 ch0:  R_CMD: ACTCMD    R_f1= 0x3b    at time  146663515 ps
inst0 ch0:  C_CMD: RDCMD     C_r = 0x015   at time  146674693 ps
inst0 ch0:  C_CMD: RDCMD     C_f = 0x0f8   at time  146675107 ps
inst0 ch0:  C_CMD: RDCMD     C_r = 0x015   at time  146677177 ps
inst0 ch0:  C_CMD: RDCMD     C_f = 0x078   at time  146677591 ps
inst0 ch0:  C_CMD: RDCMD     C_r = 0x01d   at time  146678005 ps
inst0 ch0:  C_CMD: RDCMD     C_f = 0x0fa   at time  146678419 ps
inst0 ch0:  C_CMD: RDCMD     C_r = 0x01d   at time  146680489 ps
inst0 ch0:  C_CMD: RDCMD     C_f = 0x07a   at time  146680903 ps
inst0 ch0:  R_CMD: ACTCMD    R_r0= 0x0a    at time  146706985 ps
inst0 ch0:  R_CMD: ACTCMD    R_f0= 0x18    at time  146707399 ps
inst0 ch0:  R_CMD: ACTCMD    R_r1= 0x3f    at time  146707813 ps
inst0 ch0:  R_CMD: ACTCMD    R_f1= 0x3b    at time  146708227 ps
inst0 ch0:  R_CMD: ACTCMD    R_r0= 0x0a    at time  146709469 ps
inst0 ch0:  R_CMD: ACTCMD    R_f0= 0x10    at time  146709883 ps
inst0 ch0:  R_CMD: ACTCMD    R_r1= 0x3f    at time  146710297 ps
inst0 ch0:  R_CMD: ACTCMD    R_f1= 0x3b    at time  146710711 ps
inst0 ch0:  C_CMD: WRCMD     C_r = 0x011   at time  146717749 ps
inst0 ch0:  C_CMD: WRCMD     C_f = 0x0f8   at time  146718163 ps
inst0 ch0:  C_CMD: WRCMD     C_r = 0x011   at time  146720233 ps
inst0 ch0:  C_CMD: WRCMD     C_f = 0x078   at time  146720647 ps
inst0 ch0:  C_CMD: WRCMD     C_r = 0x019   at time  146721061 ps
inst0 ch0:  C_CMD: WRCMD     C_f = 0x0fa   at time  146721475 ps
inst0 ch0:  C_CMD: WRCMD     C_r = 0x019   at time  146723545 ps
inst0 ch0:  C_CMD: WRCMD     C_f = 0x07a   at time  146723959 ps
inst0 ch0:  R_CMD: ACTCMD    R_r0= 0x0a    at time  146759149 ps
inst0 ch0:  R_CMD: ACTCMD    R_f0= 0x08    at time  146759563 ps
inst0 ch0:  R_CMD: ACTCMD    R_r1= 0x00    at time  146759977 ps
inst0 ch0:  R_CMD: ACTCMD    R_f1= 0x00    at time  146760391 ps
inst0 ch0:  R_CMD: ACTCMD    R_r0= 0x0a    at time  146761633 ps
inst0 ch0:  R_CMD: ACTCMD    R_f0= 0x00    at time  146762047 ps
inst0 ch0:  R_CMD: ACTCMD    R_r1= 0x00    at time  146762461 ps
inst0 ch0:  R_CMD: ACTCMD    R_f1= 0x00    at time  146762875 ps
inst0 ch0:  C_CMD: WRCMD     C_r = 0x011   at time  146769913 ps
inst0 ch0:  C_CMD: WRCMD     C_f = 0x0b8   at time  146770327 ps
inst0 ch0:  C_CMD: WRCMD     C_r = 0x011   at time  146772397 ps
inst0 ch0:  C_CMD: WRCMD     C_f = 0x038   at time  146772811 ps
inst0 ch0:  C_CMD: WRCMD     C_r = 0x011   at time  146773225 ps
inst0 ch0:  C_CMD: WRCMD     C_f = 0x0ba   at time  146773639 ps
inst0 ch0:  C_CMD: WRCMD     C_r = 0x011   at time  146775709 ps
inst0 ch0:  C_CMD: WRCMD     C_f = 0x03a   at time  146776123 ps
inst0 ch0:  C_CMD: WRCMD     C_r = 0x011   at time  146776537 ps
inst0 ch0:  C_CMD: WRCMD     C_f = 0x0b0   at time  146776951 ps
inst0 ch0:  C_CMD: WRCMD     C_r = 0x011   at time  146779021 ps
inst0 ch0:  C_CMD: WRCMD     C_f = 0x030   at time  146779435 ps
inst0 ch0:  C_CMD: WRCMD     C_r = 0x019   at time  146779849 ps
inst0 ch0:  C_CMD: WRCMD     C_f = 0x0b2   at time  146780263 ps
inst0 ch0:  C_CMD: WRCMD     C_r = 0x019   at time  146782333 ps
inst0 ch0:  C_CMD: WRCMD     C_f = 0x032   at time  146782747 ps
inst0 ch0:  R_CMD: ACTCMD    R_r0= 0x0a    at time  146817937 ps
inst0 ch0:  R_CMD: ACTCMD    R_f0= 0x19    at time  146818351 ps
inst0 ch0:  R_CMD: ACTCMD    R_r1= 0x3f    at time  146818765 ps
inst0 ch0:  R_CMD: ACTCMD    R_f1= 0x3b    at time  146819179 ps
inst0 ch0:  R_CMD: ACTCMD    R_r0= 0x0a    at time  146820421 ps
inst0 ch0:  R_CMD: ACTCMD    R_f0= 0x11    at time  146820835 ps
inst0 ch0:  R_CMD: ACTCMD    R_r1= 0x3f    at time  146821249 ps
inst0 ch0:  R_CMD: ACTCMD    R_f1= 0x3b    at time  146821663 ps
inst0 ch0:  C_CMD: WRCMD     C_r = 0x011   at time  146828701 ps
inst0 ch0:  C_CMD: WRCMD     C_f = 0x0f8   at time  146829115 ps
inst0 ch0:  C_CMD: WRCMD     C_r = 0x011   at time  146831185 ps
inst0 ch0:  C_CMD: WRCMD     C_f = 0x078   at time  146831599 ps
inst0 ch0:  C_CMD: WRCMD     C_r = 0x019   at time  146832013 ps
inst0 ch0:  C_CMD: WRCMD     C_f = 0x0fa   at time  146832427 ps
inst0 ch0:  C_CMD: WRCMD     C_r = 0x019   at time  146834497 ps
inst0 ch0:  C_CMD: WRCMD     C_f = 0x07a   at time  146834911 ps
inst0 ch0:  R_CMD: ACTCMD    R_r0= 0x02    at time  147196333 ps
inst0 ch0:  R_CMD: ACTCMD    R_f0= 0x38    at time  147196747 ps
inst0 ch0:  R_CMD: ACTCMD    R_r1= 0x3f    at time  147197161 ps
inst0 ch0:  R_CMD: ACTCMD    R_f1= 0x3b    at time  147197575 ps
inst0 ch0:  R_CMD: ACTCMD    R_r0= 0x02    at time  147198817 ps
inst0 ch0:  R_CMD: ACTCMD    R_f0= 0x30    at time  147199231 ps
inst0 ch0:  R_CMD: ACTCMD    R_r1= 0x3f    at time  147199645 ps
inst0 ch0:  R_CMD: ACTCMD    R_f1= 0x3b    at time  147200059 ps
inst0 ch0:  C_CMD: RDCMD     C_r = 0x085   at time  147211237 ps
inst0 ch0:  C_CMD: RDCMD     C_f = 0x0f8   at time  147211651 ps
inst0 ch0:  C_CMD: RDCMD     C_r = 0x085   at time  147213721 ps
inst0 ch0:  C_CMD: RDCMD     C_f = 0x078   at time  147214135 ps
inst0 ch0:  C_CMD: RDCMD     C_r = 0x08d   at time  147214549 ps
inst0 ch0:  C_CMD: RDCMD     C_f = 0x0fa   at time  147214963 ps
inst0 ch0:  C_CMD: RDCMD     C_r = 0x08d   at time  147217033 ps
inst0 ch0:  C_CMD: RDCMD     C_f = 0x07a   at time  147217447 ps
inst0 ch0:  R_CMD: ACTCMD    R_r0= 0x02    at time  147266713 ps
inst0 ch0:  R_CMD: ACTCMD    R_f0= 0x38    at time  147267127 ps
inst0 ch0:  R_CMD: ACTCMD    R_r1= 0x3f    at time  147267541 ps
inst0 ch0:  R_CMD: ACTCMD    R_f1= 0x3b    at time  147267955 ps
inst0 ch0:  R_CMD: ACTCMD    R_r0= 0x02    at time  147269197 ps
inst0 ch0:  R_CMD: ACTCMD    R_f0= 0x30    at time  147269611 ps
inst0 ch0:  R_CMD: ACTCMD    R_r1= 0x3f    at time  147270025 ps
inst0 ch0:  R_CMD: ACTCMD    R_f1= 0x3b    at time  147270439 ps
inst0 ch0:  C_CMD: WRCMD     C_r = 0x081   at time  147277477 ps
inst0 ch0:  C_CMD: WRCMD     C_f = 0x0f8   at time  147277891 ps
inst0 ch0:  C_CMD: WRCMD     C_r = 0x081   at time  147279961 ps
inst0 ch0:  C_CMD: WRCMD     C_f = 0x078   at time  147280375 ps
inst0 ch0:  C_CMD: WRCMD     C_r = 0x089   at time  147280789 ps
inst0 ch0:  C_CMD: WRCMD     C_f = 0x0fa   at time  147281203 ps
inst0 ch0:  C_CMD: WRCMD     C_r = 0x089   at time  147283273 ps
inst0 ch0:  C_CMD: WRCMD     C_f = 0x07a   at time  147283687 ps
inst0 ch0:  R_CMD: ACTCMD    R_r0= 0x0a    at time  147450529 ps
inst0 ch0:  R_CMD: ACTCMD    R_f0= 0x38    at time  147450943 ps
inst0 ch0:  R_CMD: ACTCMD    R_r1= 0x3f    at time  147451357 ps
inst0 ch0:  R_CMD: ACTCMD    R_f1= 0x3b    at time  147451771 ps
inst0 ch0:  R_CMD: ACTCMD    R_r0= 0x0a    at time  147453013 ps
inst0 ch0:  R_CMD: ACTCMD    R_f0= 0x30    at time  147453427 ps
inst0 ch0:  R_CMD: ACTCMD    R_r1= 0x3f    at time  147453841 ps
inst0 ch0:  R_CMD: ACTCMD    R_f1= 0x3b    at time  147454255 ps
inst0 ch0:  C_CMD: RDCMD     C_r = 0x095   at time  147465433 ps
inst0 ch0:  C_CMD: RDCMD     C_f = 0x0f8   at time  147465847 ps
inst0 ch0:  C_CMD: RDCMD     C_r = 0x095   at time  147467917 ps
inst0 ch0:  C_CMD: RDCMD     C_f = 0x078   at time  147468331 ps
inst0 ch0:  C_CMD: RDCMD     C_r = 0x09d   at time  147468745 ps
inst0 ch0:  C_CMD: RDCMD     C_f = 0x0fa   at time  147469159 ps
inst0 ch0:  C_CMD: RDCMD     C_r = 0x09d   at time  147471229 ps
inst0 ch0:  C_CMD: RDCMD     C_f = 0x07a   at time  147471643 ps
inst0 ch0:  R_CMD: ACTCMD    R_r0= 0x0a    at time  147701413 ps
inst0 ch0:  R_CMD: ACTCMD    R_f0= 0x38    at time  147701827 ps
inst0 ch0:  R_CMD: ACTCMD    R_r1= 0x3f    at time  147702241 ps
inst0 ch0:  R_CMD: ACTCMD    R_f1= 0x3b    at time  147702655 ps
inst0 ch0:  R_CMD: ACTCMD    R_r0= 0x0a    at time  147703897 ps
inst0 ch0:  R_CMD: ACTCMD    R_f0= 0x30    at time  147704311 ps
inst0 ch0:  R_CMD: ACTCMD    R_r1= 0x3f    at time  147704725 ps
inst0 ch0:  R_CMD: ACTCMD    R_f1= 0x3b    at time  147705139 ps
inst0 ch0:  C_CMD: WRCMD     C_r = 0x091   at time  147712177 ps
inst0 ch0:  C_CMD: WRCMD     C_f = 0x0f8   at time  147712591 ps
inst0 ch0:  C_CMD: WRCMD     C_r = 0x091   at time  147714661 ps
inst0 ch0:  C_CMD: WRCMD     C_f = 0x078   at time  147715075 ps
inst0 ch0:  C_CMD: WRCMD     C_r = 0x099   at time  147715489 ps
inst0 ch0:  C_CMD: WRCMD     C_f = 0x0fa   at time  147715903 ps
inst0 ch0:  C_CMD: WRCMD     C_r = 0x099   at time  147717973 ps
inst0 ch0:  C_CMD: WRCMD     C_f = 0x07a   at time  147718387 ps
