inst0 ch0:  R_CMD: ACTCMD    R_r0= 0x0e    at time   33400981 ps
inst0 ch0:  R_CMD: ACTCMD    R_f0= 0x28    at time   33401395 ps
inst0 ch0:  R_CMD: ACTCMD    R_r1= 0x00    at time   33401809 ps
inst0 ch0:  R_CMD: ACTCMD    R_f1= 0x02    at time   33402223 ps
inst0 ch0:  R_CMD: ACTCMD    R_r0= 0x0e    at time   33402637 ps
inst0 ch0:  R_CMD: ACTCMD    R_f0= 0x20    at time   33403051 ps
inst0 ch0:  R_CMD: ACTCMD    R_r1= 0x00    at time   33403465 ps
inst0 ch0:  R_CMD: ACTCMD    R_f1= 0x02    at time   33403879 ps
inst0 ch0:  C_CMD: WRCMD     C_r = 0x091   at time   33411745 ps
inst0 ch0:  C_CMD: WRCMD     C_f = 0x0a9   at time   33412159 ps
inst0 ch0:  C_CMD: WRCMD     C_r = 0x091   at time   33413401 ps
inst0 ch0:  C_CMD: WRCMD     C_f = 0x029   at time   33413815 ps
inst0 ch0:  C_CMD: WRCMD     C_r = 0x091   at time   33415057 ps
inst0 ch0:  C_CMD: WRCMD     C_f = 0x0ab   at time   33415471 ps
inst0 ch0:  C_CMD: WRCMD     C_r = 0x091   at time   33416713 ps
inst0 ch0:  C_CMD: WRCMD     C_f = 0x02b   at time   33417127 ps
inst0 ch0:  C_CMD: WRCMD     C_r = 0x091   at time   33418369 ps
inst0 ch0:  C_CMD: WRCMD     C_f = 0x0a1   at time   33418783 ps
inst0 ch0:  C_CMD: WRCMD     C_r = 0x091   at time   33420025 ps
inst0 ch0:  C_CMD: WRCMD     C_f = 0x021   at time   33420439 ps
inst0 ch0:  C_CMD: WRCMD     C_r = 0x099   at time   33421681 ps
inst0 ch0:  C_CMD: WRCMD     C_f = 0x0a3   at time   33422095 ps
inst0 ch0:  C_CMD: WRCMD     C_r = 0x099   at time   33423337 ps
inst0 ch0:  C_CMD: WRCMD     C_f = 0x023   at time   33423751 ps
inst0 ch0:  R_CMD: ACTCMD    R_r0= 0x26    at time   37500409 ps
inst0 ch0:  R_CMD: ACTCMD    R_f0= 0x28    at time   37500823 ps
inst0 ch0:  R_CMD: ACTCMD    R_r1= 0x00    at time   37501237 ps
inst0 ch0:  R_CMD: ACTCMD    R_f1= 0x02    at time   37501651 ps
inst0 ch0:  R_CMD: ACTCMD    R_r0= 0x26    at time   37502065 ps
inst0 ch0:  R_CMD: ACTCMD    R_f0= 0x20    at time   37502479 ps
inst0 ch0:  R_CMD: ACTCMD    R_r1= 0x00    at time   37502893 ps
inst0 ch0:  R_CMD: ACTCMD    R_f1= 0x02    at time   37503307 ps
inst0 ch0:  C_CMD: WRCMD     C_r = 0x0c1   at time   37511173 ps
inst0 ch0:  C_CMD: WRCMD     C_f = 0x0a9   at time   37511587 ps
inst0 ch0:  C_CMD: WRCMD     C_r = 0x0c1   at time   37512829 ps
inst0 ch0:  C_CMD: WRCMD     C_f = 0x029   at time   37513243 ps
inst0 ch0:  C_CMD: WRCMD     C_r = 0x0c1   at time   37514485 ps
inst0 ch0:  C_CMD: WRCMD     C_f = 0x0ab   at time   37514899 ps
inst0 ch0:  C_CMD: WRCMD     C_r = 0x0c1   at time   37516141 ps
inst0 ch0:  C_CMD: WRCMD     C_f = 0x02b   at time   37516555 ps
inst0 ch0:  C_CMD: WRCMD     C_r = 0x0c1   at time   37517797 ps
inst0 ch0:  C_CMD: WRCMD     C_f = 0x0a1   at time   37518211 ps
inst0 ch0:  C_CMD: WRCMD     C_r = 0x0c1   at time   37519453 ps
inst0 ch0:  C_CMD: WRCMD     C_f = 0x021   at time   37519867 ps
inst0 ch0:  C_CMD: WRCMD     C_r = 0x0c9   at time   37521109 ps
inst0 ch0:  C_CMD: WRCMD     C_f = 0x0a3   at time   37521523 ps
inst0 ch0:  C_CMD: WRCMD     C_r = 0x0c9   at time   37522765 ps
inst0 ch0:  C_CMD: WRCMD     C_f = 0x023   at time   37523179 ps
inst0 ch0:  R_CMD: ACTCMD    R_r0= 0x22    at time   54784909 ps
inst0 ch0:  R_CMD: ACTCMD    R_f0= 0x22    at time   54785323 ps
inst0 ch0:  R_CMD: ACTCMD    R_r1= 0x00    at time   54785737 ps
inst0 ch0:  R_CMD: ACTCMD    R_f1= 0x00    at time   54786151 ps
inst0 ch0:  R_CMD: ACTCMD    R_r0= 0x22    at time   54786565 ps
inst0 ch0:  R_CMD: ACTCMD    R_f0= 0x2a    at time   54786979 ps
inst0 ch0:  R_CMD: ACTCMD    R_r1= 0x00    at time   54787393 ps
inst0 ch0:  R_CMD: ACTCMD    R_f1= 0x00    at time   54787807 ps
inst0 ch0:  R_CMD: ACTCMD    R_r0= 0x02    at time   54789049 ps
inst0 ch0:  R_CMD: ACTCMD    R_f0= 0x22    at time   54789463 ps
inst0 ch0:  R_CMD: ACTCMD    R_r1= 0x00    at time   54789877 ps
inst0 ch0:  R_CMD: ACTCMD    R_f1= 0x00    at time   54790291 ps
inst0 ch0:  R_CMD: ACTCMD    R_r0= 0x02    at time   54790705 ps
inst0 ch0:  R_CMD: ACTCMD    R_f0= 0x2a    at time   54791119 ps
inst0 ch0:  R_CMD: ACTCMD    R_r1= 0x00    at time   54791533 ps
inst0 ch0:  R_CMD: ACTCMD    R_f1= 0x00    at time   54791947 ps
inst0 ch0:  R_CMD: ACTCMD    R_r0= 0x22    at time   54793189 ps
inst0 ch0:  R_CMD: ACTCMD    R_f0= 0x02    at time   54793603 ps
inst0 ch0:  R_CMD: ACTCMD    R_r1= 0x00    at time   54794017 ps
inst0 ch0:  R_CMD: ACTCMD    R_f1= 0x00    at time   54794431 ps
inst0 ch0:  R_CMD: ACTCMD    R_r0= 0x22    at time   54794845 ps
inst0 ch0:  R_CMD: ACTCMD    R_f0= 0x0a    at time   54795259 ps
inst0 ch0:  R_CMD: ACTCMD    R_r1= 0x00    at time   54795673 ps
inst0 ch0:  R_CMD: ACTCMD    R_f1= 0x00    at time   54796087 ps
inst0 ch0:  R_CMD: ACTCMD    R_r0= 0x02    at time   54797329 ps
inst0 ch0:  R_CMD: ACTCMD    R_f0= 0x02    at time   54797743 ps
inst0 ch0:  R_CMD: ACTCMD    R_r1= 0x00    at time   54798157 ps
inst0 ch0:  R_CMD: ACTCMD    R_f1= 0x00    at time   54798571 ps
inst0 ch0:  R_CMD: ACTCMD    R_r0= 0x02    at time   54798985 ps
inst0 ch0:  R_CMD: ACTCMD    R_f0= 0x0a    at time   54799399 ps
inst0 ch0:  R_CMD: ACTCMD    R_r1= 0x00    at time   54799813 ps
inst0 ch0:  C_CMD: RDCMD     C_r = 0x0c5   at time   54799813 ps
inst0 ch0:  R_CMD: ACTCMD    R_f1= 0x00    at time   54800227 ps
inst0 ch0:  C_CMD: RDCMD     C_f = 0x000   at time   54800227 ps
inst0 ch0:  C_CMD: RDCMD     C_r = 0x0c5   at time   54801469 ps
inst0 ch0:  C_CMD: RDCMD     C_f = 0x080   at time   54801883 ps
inst0 ch0:  C_CMD: RDCMD     C_r = 0x0cd   at time   54803125 ps
inst0 ch0:  C_CMD: RDCMD     C_f = 0x002   at time   54803539 ps
inst0 ch0:  C_CMD: RDCMD     C_r = 0x085   at time   54804781 ps
inst0 ch0:  C_CMD: RDCMD     C_f = 0x000   at time   54805195 ps
inst0 ch0:  C_CMD: RDCMD     C_r = 0x0cd   at time   54805609 ps
inst0 ch0:  C_CMD: RDCMD     C_f = 0x082   at time   54806023 ps
inst0 ch0:  C_CMD: RDCMD     C_r = 0x085   at time   54807265 ps
inst0 ch0:  C_CMD: RDCMD     C_f = 0x080   at time   54807679 ps
inst0 ch0:  C_CMD: RDCMD     C_r = 0x08d   at time   54808093 ps
inst0 ch0:  C_CMD: RDCMD     C_f = 0x002   at time   54808507 ps
inst0 ch0:  C_CMD: RDCMD     C_r = 0x045   at time   54809749 ps
inst0 ch0:  C_CMD: RDCMD     C_f = 0x000   at time   54810163 ps
inst0 ch0:  C_CMD: RDCMD     C_r = 0x08d   at time   54810577 ps
inst0 ch0:  C_CMD: RDCMD     C_f = 0x082   at time   54810991 ps
inst0 ch0:  C_CMD: RDCMD     C_r = 0x005   at time   54812233 ps
inst0 ch0:  C_CMD: RDCMD     C_f = 0x000   at time   54812647 ps
inst0 ch0:  C_CMD: RDCMD     C_r = 0x045   at time   54813061 ps
inst0 ch0:  C_CMD: RDCMD     C_f = 0x080   at time   54813475 ps
inst0 ch0:  C_CMD: RDCMD     C_r = 0x04d   at time   54813889 ps
inst0 ch0:  C_CMD: RDCMD     C_f = 0x002   at time   54814303 ps
inst0 ch0:  C_CMD: RDCMD     C_r = 0x005   at time   54814717 ps
inst0 ch0:  C_CMD: RDCMD     C_f = 0x080   at time   54815131 ps
inst0 ch0:  C_CMD: RDCMD     C_r = 0x00d   at time   54815545 ps
inst0 ch0:  C_CMD: RDCMD     C_f = 0x002   at time   54815959 ps
inst0 ch0:  C_CMD: RDCMD     C_r = 0x04d   at time   54816373 ps
inst0 ch0:  C_CMD: RDCMD     C_f = 0x082   at time   54816787 ps
inst0 ch0:  C_CMD: RDCMD     C_r = 0x00d   at time   54818029 ps
inst0 ch0:  C_CMD: RDCMD     C_f = 0x082   at time   54818443 ps
inst0 ch0:  R_CMD: ACTCMD    R_r0= 0x2a    at time   55640233 ps
inst0 ch0:  R_CMD: ACTCMD    R_f0= 0x22    at time   55640647 ps
inst0 ch0:  R_CMD: ACTCMD    R_r1= 0x00    at time   55641061 ps
inst0 ch0:  R_CMD: ACTCMD    R_f1= 0x00    at time   55641475 ps
inst0 ch0:  R_CMD: ACTCMD    R_r0= 0x0a    at time   55644373 ps
inst0 ch0:  R_CMD: ACTCMD    R_f0= 0x22    at time   55644787 ps
inst0 ch0:  R_CMD: ACTCMD    R_r1= 0x00    at time   55645201 ps
inst0 ch0:  R_CMD: ACTCMD    R_f1= 0x00    at time   55645615 ps
inst0 ch0:  R_CMD: ACTCMD    R_r0= 0x2a    at time   55648513 ps
inst0 ch0:  R_CMD: ACTCMD    R_f0= 0x02    at time   55648927 ps
inst0 ch0:  R_CMD: ACTCMD    R_r1= 0x00    at time   55649341 ps
inst0 ch0:  R_CMD: ACTCMD    R_f1= 0x00    at time   55649755 ps
inst0 ch0:  R_CMD: ACTCMD    R_r0= 0x2a    at time   55651825 ps
inst0 ch0:  R_CMD: ACTCMD    R_f0= 0x2a    at time   55652239 ps
inst0 ch0:  R_CMD: ACTCMD    R_r1= 0x00    at time   55652653 ps
inst0 ch0:  R_CMD: ACTCMD    R_f1= 0x00    at time   55653067 ps
inst0 ch0:  R_CMD: ACTCMD    R_r0= 0x0a    at time   55653481 ps
inst0 ch0:  R_CMD: ACTCMD    R_f0= 0x02    at time   55653895 ps
inst0 ch0:  R_CMD: ACTCMD    R_r1= 0x00    at time   55654309 ps
inst0 ch0:  R_CMD: ACTCMD    R_f1= 0x00    at time   55654723 ps
inst0 ch0:  C_CMD: RDCMD     C_r = 0x0d5   at time   55655137 ps
inst0 ch0:  C_CMD: RDCMD     C_f = 0x000   at time   55655551 ps
inst0 ch0:  R_CMD: ACTCMD    R_r0= 0x0a    at time   55655965 ps
inst0 ch0:  R_CMD: ACTCMD    R_f0= 0x2a    at time   55656379 ps
inst0 ch0:  R_CMD: ACTCMD    R_r1= 0x00    at time   55656793 ps
inst0 ch0:  R_CMD: ACTCMD    R_f1= 0x00    at time   55657207 ps
inst0 ch0:  C_CMD: RDCMD     C_r = 0x0dd   at time   55658449 ps
inst0 ch0:  C_CMD: RDCMD     C_f = 0x002   at time   55658863 ps
inst0 ch0:  R_CMD: ACTCMD    R_r0= 0x2a    at time   55660105 ps
inst0 ch0:  C_CMD: RDCMD     C_r = 0x095   at time   55660105 ps
inst0 ch0:  R_CMD: ACTCMD    R_f0= 0x0a    at time   55660519 ps
inst0 ch0:  C_CMD: RDCMD     C_f = 0x000   at time   55660519 ps
inst0 ch0:  R_CMD: ACTCMD    R_r1= 0x00    at time   55660933 ps
inst0 ch0:  R_CMD: ACTCMD    R_f1= 0x00    at time   55661347 ps
inst0 ch0:  C_CMD: RDCMD     C_r = 0x09d   at time   55663417 ps
inst0 ch0:  C_CMD: RDCMD     C_f = 0x002   at time   55663831 ps
inst0 ch0:  R_CMD: ACTCMD    R_r0= 0x0a    at time   55664245 ps
inst0 ch0:  R_CMD: ACTCMD    R_f0= 0x0a    at time   55664659 ps
inst0 ch0:  R_CMD: ACTCMD    R_r1= 0x00    at time   55665073 ps
inst0 ch0:  C_CMD: RDCMD     C_r = 0x055   at time   55665073 ps
inst0 ch0:  R_CMD: ACTCMD    R_f1= 0x00    at time   55665487 ps
inst0 ch0:  C_CMD: RDCMD     C_f = 0x000   at time   55665487 ps
inst0 ch0:  C_CMD: RDCMD     C_r = 0x0d5   at time   55666729 ps
inst0 ch0:  C_CMD: RDCMD     C_f = 0x080   at time   55667143 ps
inst0 ch0:  C_CMD: RDCMD     C_r = 0x05d   at time   55668385 ps
inst0 ch0:  C_CMD: RDCMD     C_f = 0x002   at time   55668799 ps
inst0 ch0:  C_CMD: RDCMD     C_r = 0x015   at time   55670041 ps
inst0 ch0:  C_CMD: RDCMD     C_f = 0x000   at time   55670455 ps
inst0 ch0:  C_CMD: RDCMD     C_r = 0x0dd   at time   55670869 ps
inst0 ch0:  C_CMD: RDCMD     C_f = 0x082   at time   55671283 ps
inst0 ch0:  C_CMD: RDCMD     C_r = 0x095   at time   55672525 ps
inst0 ch0:  C_CMD: RDCMD     C_f = 0x080   at time   55672939 ps
inst0 ch0:  C_CMD: RDCMD     C_r = 0x01d   at time   55673353 ps
inst0 ch0:  C_CMD: RDCMD     C_f = 0x002   at time   55673767 ps
inst0 ch0:  C_CMD: RDCMD     C_r = 0x055   at time   55675009 ps
inst0 ch0:  C_CMD: RDCMD     C_f = 0x080   at time   55675423 ps
inst0 ch0:  C_CMD: RDCMD     C_r = 0x09d   at time   55676665 ps
inst0 ch0:  C_CMD: RDCMD     C_f = 0x082   at time   55677079 ps
inst0 ch0:  C_CMD: RDCMD     C_r = 0x05d   at time   55678321 ps
inst0 ch0:  C_CMD: RDCMD     C_f = 0x082   at time   55678735 ps
inst0 ch0:  C_CMD: RDCMD     C_r = 0x015   at time   55679977 ps
inst0 ch0:  C_CMD: RDCMD     C_f = 0x080   at time   55680391 ps
inst0 ch0:  C_CMD: RDCMD     C_r = 0x01d   at time   55683289 ps
inst0 ch0:  C_CMD: RDCMD     C_f = 0x082   at time   55683703 ps
inst0 ch0:  R_CMD: ACTCMD    R_r0= 0x32    at time   55995445 ps
inst0 ch0:  R_CMD: ACTCMD    R_f0= 0x22    at time   55995859 ps
inst0 ch0:  R_CMD: ACTCMD    R_r1= 0x00    at time   55996273 ps
inst0 ch0:  R_CMD: ACTCMD    R_f1= 0x00    at time   55996687 ps
inst0 ch0:  R_CMD: ACTCMD    R_r0= 0x12    at time   55999585 ps
inst0 ch0:  R_CMD: ACTCMD    R_f0= 0x22    at time   55999999 ps
inst0 ch0:  R_CMD: ACTCMD    R_r1= 0x00    at time   56000413 ps
inst0 ch0:  R_CMD: ACTCMD    R_f1= 0x00    at time   56000827 ps
inst0 ch0:  R_CMD: ACTCMD    R_r0= 0x32    at time   56003725 ps
inst0 ch0:  R_CMD: ACTCMD    R_f0= 0x02    at time   56004139 ps
inst0 ch0:  R_CMD: ACTCMD    R_r1= 0x00    at time   56004553 ps
inst0 ch0:  R_CMD: ACTCMD    R_f1= 0x00    at time   56004967 ps
inst0 ch0:  R_CMD: ACTCMD    R_r0= 0x12    at time   56007865 ps
inst0 ch0:  R_CMD: ACTCMD    R_f0= 0x02    at time   56008279 ps
inst0 ch0:  R_CMD: ACTCMD    R_r1= 0x00    at time   56008693 ps
inst0 ch0:  R_CMD: ACTCMD    R_f1= 0x00    at time   56009107 ps
inst0 ch0:  R_CMD: ACTCMD    R_r0= 0x32    at time   56009521 ps
inst0 ch0:  R_CMD: ACTCMD    R_f0= 0x2a    at time   56009935 ps
inst0 ch0:  R_CMD: ACTCMD    R_r1= 0x00    at time   56010349 ps
inst0 ch0:  C_CMD: RDCMD     C_r = 0x0e5   at time   56010349 ps
inst0 ch0:  R_CMD: ACTCMD    R_f1= 0x00    at time   56010763 ps
inst0 ch0:  C_CMD: RDCMD     C_f = 0x000   at time   56010763 ps
inst0 ch0:  R_CMD: ACTCMD    R_r0= 0x12    at time   56013661 ps
inst0 ch0:  C_CMD: RDCMD     C_r = 0x0ed   at time   56013661 ps
inst0 ch0:  R_CMD: ACTCMD    R_f0= 0x2a    at time   56014075 ps
inst0 ch0:  C_CMD: RDCMD     C_f = 0x002   at time   56014075 ps
inst0 ch0:  R_CMD: ACTCMD    R_r1= 0x00    at time   56014489 ps
inst0 ch0:  R_CMD: ACTCMD    R_f1= 0x00    at time   56014903 ps
inst0 ch0:  C_CMD: RDCMD     C_r = 0x0a5   at time   56015317 ps
inst0 ch0:  C_CMD: RDCMD     C_f = 0x000   at time   56015731 ps
inst0 ch0:  R_CMD: ACTCMD    R_r0= 0x32    at time   56017801 ps
inst0 ch0:  R_CMD: ACTCMD    R_f0= 0x0a    at time   56018215 ps
inst0 ch0:  R_CMD: ACTCMD    R_r1= 0x00    at time   56018629 ps
inst0 ch0:  C_CMD: RDCMD     C_r = 0x0ad   at time   56018629 ps
inst0 ch0:  R_CMD: ACTCMD    R_f1= 0x00    at time   56019043 ps
inst0 ch0:  C_CMD: RDCMD     C_f = 0x002   at time   56019043 ps
inst0 ch0:  C_CMD: RDCMD     C_r = 0x065   at time   56020285 ps
inst0 ch0:  C_CMD: RDCMD     C_f = 0x000   at time   56020699 ps
inst0 ch0:  R_CMD: ACTCMD    R_r0= 0x12    at time   56021941 ps
inst0 ch0:  R_CMD: ACTCMD    R_f0= 0x0a    at time   56022355 ps
inst0 ch0:  R_CMD: ACTCMD    R_r1= 0x00    at time   56022769 ps
inst0 ch0:  C_CMD: RDCMD     C_r = 0x025   at time   56022769 ps
inst0 ch0:  R_CMD: ACTCMD    R_f1= 0x00    at time   56023183 ps
inst0 ch0:  C_CMD: RDCMD     C_f = 0x000   at time   56023183 ps
inst0 ch0:  C_CMD: RDCMD     C_r = 0x06d   at time   56024425 ps
inst0 ch0:  C_CMD: RDCMD     C_f = 0x002   at time   56024839 ps
inst0 ch0:  C_CMD: RDCMD     C_r = 0x0e5   at time   56025253 ps
inst0 ch0:  C_CMD: RDCMD     C_f = 0x080   at time   56025667 ps
inst0 ch0:  C_CMD: RDCMD     C_r = 0x02d   at time   56026081 ps
inst0 ch0:  C_CMD: RDCMD     C_f = 0x002   at time   56026495 ps
inst0 ch0:  C_CMD: RDCMD     C_r = 0x0ed   at time   56028565 ps
inst0 ch0:  C_CMD: RDCMD     C_f = 0x082   at time   56028979 ps
inst0 ch0:  C_CMD: RDCMD     C_r = 0x0a5   at time   56030221 ps
inst0 ch0:  C_CMD: RDCMD     C_f = 0x080   at time   56030635 ps
inst0 ch0:  C_CMD: RDCMD     C_r = 0x065   at time   56032705 ps
inst0 ch0:  C_CMD: RDCMD     C_f = 0x080   at time   56033119 ps
inst0 ch0:  C_CMD: RDCMD     C_r = 0x0ad   at time   56034361 ps
inst0 ch0:  C_CMD: RDCMD     C_f = 0x082   at time   56034775 ps
inst0 ch0:  C_CMD: RDCMD     C_r = 0x06d   at time   56036017 ps
inst0 ch0:  C_CMD: RDCMD     C_f = 0x082   at time   56036431 ps
inst0 ch0:  C_CMD: RDCMD     C_r = 0x025   at time   56037673 ps
inst0 ch0:  C_CMD: RDCMD     C_f = 0x080   at time   56038087 ps
inst0 ch0:  C_CMD: RDCMD     C_r = 0x02d   at time   56040985 ps
inst0 ch0:  C_CMD: RDCMD     C_f = 0x082   at time   56041399 ps
inst0 ch0:  R_CMD: ACTCMD    R_r0= 0x3a    at time   56640457 ps
inst0 ch0:  R_CMD: ACTCMD    R_f0= 0x22    at time   56640871 ps
inst0 ch0:  R_CMD: ACTCMD    R_r1= 0x00    at time   56641285 ps
inst0 ch0:  R_CMD: ACTCMD    R_f1= 0x00    at time   56641699 ps
inst0 ch0:  R_CMD: ACTCMD    R_r0= 0x1a    at time   56644597 ps
inst0 ch0:  R_CMD: ACTCMD    R_f0= 0x22    at time   56645011 ps
inst0 ch0:  R_CMD: ACTCMD    R_r1= 0x00    at time   56645425 ps
inst0 ch0:  R_CMD: ACTCMD    R_f1= 0x00    at time   56645839 ps
inst0 ch0:  R_CMD: ACTCMD    R_r0= 0x3a    at time   56648737 ps
inst0 ch0:  R_CMD: ACTCMD    R_f0= 0x02    at time   56649151 ps
inst0 ch0:  R_CMD: ACTCMD    R_r1= 0x00    at time   56649565 ps
inst0 ch0:  R_CMD: ACTCMD    R_f1= 0x00    at time   56649979 ps
inst0 ch0:  R_CMD: ACTCMD    R_r0= 0x1a    at time   56652877 ps
inst0 ch0:  R_CMD: ACTCMD    R_f0= 0x02    at time   56653291 ps
inst0 ch0:  R_CMD: ACTCMD    R_r1= 0x00    at time   56653705 ps
inst0 ch0:  R_CMD: ACTCMD    R_f1= 0x00    at time   56654119 ps
inst0 ch0:  R_CMD: ACTCMD    R_r0= 0x3a    at time   56654533 ps
inst0 ch0:  R_CMD: ACTCMD    R_f0= 0x2a    at time   56654947 ps
inst0 ch0:  R_CMD: ACTCMD    R_r1= 0x00    at time   56655361 ps
inst0 ch0:  C_CMD: RDCMD     C_r = 0x0f5   at time   56655361 ps
inst0 ch0:  R_CMD: ACTCMD    R_f1= 0x00    at time   56655775 ps
inst0 ch0:  C_CMD: RDCMD     C_f = 0x000   at time   56655775 ps
inst0 ch0:  R_CMD: ACTCMD    R_r0= 0x1a    at time   56658673 ps
inst0 ch0:  C_CMD: RDCMD     C_r = 0x0fd   at time   56658673 ps
inst0 ch0:  R_CMD: ACTCMD    R_f0= 0x2a    at time   56659087 ps
inst0 ch0:  C_CMD: RDCMD     C_f = 0x002   at time   56659087 ps
inst0 ch0:  R_CMD: ACTCMD    R_r1= 0x00    at time   56659501 ps
inst0 ch0:  R_CMD: ACTCMD    R_f1= 0x00    at time   56659915 ps
inst0 ch0:  C_CMD: RDCMD     C_r = 0x0b5   at time   56660329 ps
inst0 ch0:  C_CMD: RDCMD     C_f = 0x000   at time   56660743 ps
inst0 ch0:  R_CMD: ACTCMD    R_r0= 0x3a    at time   56662813 ps
inst0 ch0:  R_CMD: ACTCMD    R_f0= 0x0a    at time   56663227 ps
inst0 ch0:  R_CMD: ACTCMD    R_r1= 0x00    at time   56663641 ps
inst0 ch0:  C_CMD: RDCMD     C_r = 0x0bd   at time   56663641 ps
inst0 ch0:  R_CMD: ACTCMD    R_f1= 0x00    at time   56664055 ps
inst0 ch0:  C_CMD: RDCMD     C_f = 0x002   at time   56664055 ps
inst0 ch0:  C_CMD: RDCMD     C_r = 0x075   at time   56665297 ps
inst0 ch0:  C_CMD: RDCMD     C_f = 0x000   at time   56665711 ps
inst0 ch0:  R_CMD: ACTCMD    R_r0= 0x1a    at time   56666953 ps
inst0 ch0:  R_CMD: ACTCMD    R_f0= 0x0a    at time   56667367 ps
inst0 ch0:  R_CMD: ACTCMD    R_r1= 0x00    at time   56667781 ps
inst0 ch0:  C_CMD: RDCMD     C_r = 0x035   at time   56667781 ps
inst0 ch0:  R_CMD: ACTCMD    R_f1= 0x00    at time   56668195 ps
inst0 ch0:  C_CMD: RDCMD     C_f = 0x000   at time   56668195 ps
inst0 ch0:  C_CMD: RDCMD     C_r = 0x07d   at time   56669437 ps
inst0 ch0:  C_CMD: RDCMD     C_f = 0x002   at time   56669851 ps
inst0 ch0:  C_CMD: RDCMD     C_r = 0x0f5   at time   56670265 ps
inst0 ch0:  C_CMD: RDCMD     C_f = 0x080   at time   56670679 ps
inst0 ch0:  C_CMD: RDCMD     C_r = 0x03d   at time   56671093 ps
inst0 ch0:  C_CMD: RDCMD     C_f = 0x002   at time   56671507 ps
inst0 ch0:  C_CMD: RDCMD     C_r = 0x0fd   at time   56673577 ps
inst0 ch0:  C_CMD: RDCMD     C_f = 0x082   at time   56673991 ps
inst0 ch0:  C_CMD: RDCMD     C_r = 0x0b5   at time   56675233 ps
inst0 ch0:  C_CMD: RDCMD     C_f = 0x080   at time   56675647 ps
inst0 ch0:  C_CMD: RDCMD     C_r = 0x075   at time   56677717 ps
inst0 ch0:  C_CMD: RDCMD     C_f = 0x080   at time   56678131 ps
inst0 ch0:  C_CMD: RDCMD     C_r = 0x0bd   at time   56679373 ps
inst0 ch0:  C_CMD: RDCMD     C_f = 0x082   at time   56679787 ps
inst0 ch0:  C_CMD: RDCMD     C_r = 0x07d   at time   56681029 ps
inst0 ch0:  C_CMD: RDCMD     C_f = 0x082   at time   56681443 ps
inst0 ch0:  C_CMD: RDCMD     C_r = 0x035   at time   56682685 ps
inst0 ch0:  C_CMD: RDCMD     C_f = 0x080   at time   56683099 ps
inst0 ch0:  C_CMD: RDCMD     C_r = 0x03d   at time   56685997 ps
inst0 ch0:  C_CMD: RDCMD     C_f = 0x082   at time   56686411 ps
inst0 ch0:  R_CMD: ACTCMD    R_r0= 0x02    at time   57226681 ps
inst0 ch0:  R_CMD: ACTCMD    R_f0= 0x18    at time   57227095 ps
inst0 ch0:  R_CMD: ACTCMD    R_r1= 0x3f    at time   57227509 ps
inst0 ch0:  R_CMD: ACTCMD    R_f1= 0x3b    at time   57227923 ps
inst0 ch0:  C_CMD: WRCMD     C_r = 0x009   at time   57237445 ps
inst0 ch0:  C_CMD: WRCMD     C_f = 0x0fa   at time   57237859 ps
inst0 ch0:  R_CMD: ACTCMD    R_r0= 0x02    at time   57238273 ps
inst0 ch0:  R_CMD: ACTCMD    R_f0= 0x10    at time   57238687 ps
inst0 ch0:  R_CMD: ACTCMD    R_r1= 0x3f    at time   57239101 ps
inst0 ch0:  R_CMD: ACTCMD    R_f1= 0x3b    at time   57239515 ps
inst0 ch0:  C_CMD: WRCMD     C_r = 0x009   at time   57249037 ps
inst0 ch0:  C_CMD: WRCMD     C_f = 0x07a   at time   57249451 ps
inst0 ch0:  R_CMD: ACTCMD    R_r0= 0x0a    at time   58133341 ps
inst0 ch0:  R_CMD: ACTCMD    R_f0= 0x10    at time   58133755 ps
inst0 ch0:  R_CMD: ACTCMD    R_r1= 0x3f    at time   58134169 ps
inst0 ch0:  R_CMD: ACTCMD    R_f1= 0x3b    at time   58134583 ps
inst0 ch0:  C_CMD: WRCMD     C_r = 0x019   at time   58144105 ps
inst0 ch0:  C_CMD: WRCMD     C_f = 0x07a   at time   58144519 ps
inst0 ch0:  R_CMD: ACTCMD    R_r0= 0x0a    at time   58162321 ps
inst0 ch0:  R_CMD: ACTCMD    R_f0= 0x18    at time   58162735 ps
inst0 ch0:  R_CMD: ACTCMD    R_r1= 0x3f    at time   58163149 ps
inst0 ch0:  R_CMD: ACTCMD    R_f1= 0x3b    at time   58163563 ps
inst0 ch0:  C_CMD: WRCMD     C_r = 0x019   at time   58173085 ps
inst0 ch0:  C_CMD: WRCMD     C_f = 0x0fa   at time   58173499 ps
inst0 ch0:  R_CMD: ACTCMD    R_r0= 0x02    at time   58259197 ps
inst0 ch0:  R_CMD: ACTCMD    R_f0= 0x30    at time   58259611 ps
inst0 ch0:  R_CMD: ACTCMD    R_r1= 0x3f    at time   58260025 ps
inst0 ch0:  R_CMD: ACTCMD    R_f1= 0x3b    at time   58260439 ps
inst0 ch0:  C_CMD: WRCMD     C_r = 0x089   at time   58269961 ps
inst0 ch0:  C_CMD: WRCMD     C_f = 0x07a   at time   58270375 ps
inst0 ch0:  R_CMD: ACTCMD    R_r0= 0x02    at time   58289005 ps
inst0 ch0:  R_CMD: ACTCMD    R_f0= 0x38    at time   58289419 ps
inst0 ch0:  R_CMD: ACTCMD    R_r1= 0x3f    at time   58289833 ps
inst0 ch0:  R_CMD: ACTCMD    R_f1= 0x3b    at time   58290247 ps
inst0 ch0:  C_CMD: WRCMD     C_r = 0x089   at time   58299769 ps
inst0 ch0:  C_CMD: WRCMD     C_f = 0x0fa   at time   58300183 ps
inst0 ch0:  R_CMD: ACTCMD    R_r0= 0x0a    at time   58385053 ps
inst0 ch0:  R_CMD: ACTCMD    R_f0= 0x30    at time   58385467 ps
inst0 ch0:  R_CMD: ACTCMD    R_r1= 0x3f    at time   58385881 ps
inst0 ch0:  R_CMD: ACTCMD    R_f1= 0x3b    at time   58386295 ps
inst0 ch0:  C_CMD: WRCMD     C_r = 0x099   at time   58395817 ps
inst0 ch0:  C_CMD: WRCMD     C_f = 0x07a   at time   58396231 ps
inst0 ch0:  R_CMD: ACTCMD    R_r0= 0x0a    at time   58414861 ps
inst0 ch0:  R_CMD: ACTCMD    R_f0= 0x38    at time   58415275 ps
inst0 ch0:  R_CMD: ACTCMD    R_r1= 0x3f    at time   58415689 ps
inst0 ch0:  R_CMD: ACTCMD    R_f1= 0x3b    at time   58416103 ps
inst0 ch0:  C_CMD: WRCMD     C_r = 0x099   at time   58425625 ps
inst0 ch0:  C_CMD: WRCMD     C_f = 0x0fa   at time   58426039 ps
inst0 ch0:  R_CMD: ACTCMD    R_r0= 0x0a    at time   59319037 ps
inst0 ch0:  R_CMD: ACTCMD    R_f0= 0x1b    at time   59319451 ps
inst0 ch0:  R_CMD: ACTCMD    R_r1= 0x3f    at time   59319865 ps
inst0 ch0:  R_CMD: ACTCMD    R_f1= 0x3b    at time   59320279 ps
inst0 ch0:  C_CMD: WRCMD     C_r = 0x019   at time   59329801 ps
inst0 ch0:  C_CMD: WRCMD     C_f = 0x090   at time   59330215 ps
inst0 ch0:  R_CMD: ACTCMD    R_r0= 0x0a    at time   59339737 ps
inst0 ch0:  R_CMD: ACTCMD    R_f0= 0x13    at time   59340151 ps
inst0 ch0:  R_CMD: ACTCMD    R_r1= 0x3f    at time   59340565 ps
inst0 ch0:  R_CMD: ACTCMD    R_f1= 0x3b    at time   59340979 ps
inst0 ch0:  C_CMD: WRCMD     C_r = 0x019   at time   59350501 ps
inst0 ch0:  C_CMD: WRCMD     C_f = 0x010   at time   59350915 ps
inst0 ch0:  R_CMD: ACTCMD    R_r0= 0x02    at time   59698261 ps
inst0 ch0:  R_CMD: ACTCMD    R_f0= 0x1b    at time   59698675 ps
inst0 ch0:  R_CMD: ACTCMD    R_r1= 0x3f    at time   59699089 ps
inst0 ch0:  R_CMD: ACTCMD    R_f1= 0x3b    at time   59699503 ps
inst0 ch0:  R_CMD: ACTCMD    R_r0= 0x02    at time   59704057 ps
inst0 ch0:  R_CMD: ACTCMD    R_f0= 0x13    at time   59704471 ps
inst0 ch0:  R_CMD: ACTCMD    R_r1= 0x3f    at time   59704885 ps
inst0 ch0:  R_CMD: ACTCMD    R_f1= 0x3b    at time   59705299 ps
inst0 ch0:  C_CMD: WRCMD     C_r = 0x009   at time   59709025 ps
inst0 ch0:  C_CMD: WRCMD     C_f = 0x080   at time   59709439 ps
inst0 ch0:  C_CMD: WRCMD     C_r = 0x009   at time   59714821 ps
inst0 ch0:  C_CMD: WRCMD     C_f = 0x000   at time   59715235 ps
inst0 ch0:  R_CMD: ACTCMD    R_r0= 0x02    at time   60983317 ps
inst0 ch0:  R_CMD: ACTCMD    R_f0= 0x08    at time   60983731 ps
inst0 ch0:  R_CMD: ACTCMD    R_r1= 0x00    at time   60984145 ps
inst0 ch0:  R_CMD: ACTCMD    R_f1= 0x00    at time   60984559 ps
inst0 ch0:  C_CMD: RDCMD     C_r = 0x005   at time   60998221 ps
inst0 ch0:  C_CMD: RDCMD     C_f = 0x098   at time   60998635 ps
inst0 ch0:  C_CMD: RDCMD     C_r = 0x005   at time   61001533 ps
inst0 ch0:  C_CMD: RDCMD     C_f = 0x09a   at time   61001947 ps
inst0 ch0:  C_CMD: RDCMD     C_r = 0x005   at time   61004845 ps
inst0 ch0:  C_CMD: RDCMD     C_f = 0x090   at time   61005259 ps
inst0 ch0:  C_CMD: RDCMD     C_r = 0x005   at time   61008157 ps
inst0 ch0:  C_CMD: RDCMD     C_f = 0x092   at time   61008571 ps
inst0 ch0:  C_CMD: RDCMD     C_r = 0x005   at time   61011469 ps
inst0 ch0:  C_CMD: RDCMD     C_f = 0x088   at time   61011883 ps
inst0 ch0:  C_CMD: RDCMD     C_r = 0x005   at time   61014781 ps
inst0 ch0:  C_CMD: RDCMD     C_f = 0x08a   at time   61015195 ps
inst0 ch0:  C_CMD: RDCMD     C_r = 0x005   at time   61018093 ps
inst0 ch0:  C_CMD: RDCMD     C_f = 0x080   at time   61018507 ps
inst0 ch0:  C_CMD: RDCMD     C_r = 0x00d   at time   61021405 ps
inst0 ch0:  C_CMD: RDCMD     C_f = 0x082   at time   61021819 ps
inst0 ch0:  R_CMD: ACTCMD    R_r0= 0x02    at time   61202737 ps
inst0 ch0:  R_CMD: ACTCMD    R_f0= 0x00    at time   61203151 ps
inst0 ch0:  R_CMD: ACTCMD    R_r1= 0x00    at time   61203565 ps
inst0 ch0:  R_CMD: ACTCMD    R_f1= 0x00    at time   61203979 ps
inst0 ch0:  C_CMD: RDCMD     C_r = 0x005   at time   61217641 ps
inst0 ch0:  C_CMD: RDCMD     C_f = 0x018   at time   61218055 ps
inst0 ch0:  C_CMD: RDCMD     C_r = 0x005   at time   61220953 ps
inst0 ch0:  C_CMD: RDCMD     C_f = 0x01a   at time   61221367 ps
inst0 ch0:  C_CMD: RDCMD     C_r = 0x005   at time   61224265 ps
inst0 ch0:  C_CMD: RDCMD     C_f = 0x010   at time   61224679 ps
inst0 ch0:  C_CMD: RDCMD     C_r = 0x005   at time   61227577 ps
inst0 ch0:  C_CMD: RDCMD     C_f = 0x012   at time   61227991 ps
inst0 ch0:  C_CMD: RDCMD     C_r = 0x005   at time   61230889 ps
inst0 ch0:  C_CMD: RDCMD     C_f = 0x008   at time   61231303 ps
inst0 ch0:  C_CMD: RDCMD     C_r = 0x005   at time   61234201 ps
inst0 ch0:  C_CMD: RDCMD     C_f = 0x00a   at time   61234615 ps
inst0 ch0:  C_CMD: RDCMD     C_r = 0x005   at time   61237513 ps
inst0 ch0:  C_CMD: RDCMD     C_f = 0x000   at time   61237927 ps
inst0 ch0:  C_CMD: RDCMD     C_r = 0x00d   at time   61240825 ps
inst0 ch0:  C_CMD: RDCMD     C_f = 0x002   at time   61241239 ps
inst0 ch0:  R_CMD: ACTCMD    R_r0= 0x0a    at time   61437889 ps
inst0 ch0:  R_CMD: ACTCMD    R_f0= 0x08    at time   61438303 ps
inst0 ch0:  R_CMD: ACTCMD    R_r1= 0x00    at time   61438717 ps
inst0 ch0:  R_CMD: ACTCMD    R_f1= 0x00    at time   61439131 ps
inst0 ch0:  C_CMD: RDCMD     C_r = 0x015   at time   61452793 ps
inst0 ch0:  C_CMD: RDCMD     C_f = 0x098   at time   61453207 ps
inst0 ch0:  C_CMD: RDCMD     C_r = 0x015   at time   61456105 ps
inst0 ch0:  C_CMD: RDCMD     C_f = 0x09a   at time   61456519 ps
inst0 ch0:  C_CMD: RDCMD     C_r = 0x015   at time   61459417 ps
inst0 ch0:  C_CMD: RDCMD     C_f = 0x090   at time   61459831 ps
inst0 ch0:  C_CMD: RDCMD     C_r = 0x015   at time   61462729 ps
inst0 ch0:  C_CMD: RDCMD     C_f = 0x092   at time   61463143 ps
inst0 ch0:  C_CMD: RDCMD     C_r = 0x015   at time   61466041 ps
inst0 ch0:  C_CMD: RDCMD     C_f = 0x088   at time   61466455 ps
inst0 ch0:  C_CMD: RDCMD     C_r = 0x015   at time   61469353 ps
inst0 ch0:  C_CMD: RDCMD     C_f = 0x08a   at time   61469767 ps
inst0 ch0:  C_CMD: RDCMD     C_r = 0x015   at time   61472665 ps
inst0 ch0:  C_CMD: RDCMD     C_f = 0x080   at time   61473079 ps
inst0 ch0:  C_CMD: RDCMD     C_r = 0x01d   at time   61475977 ps
inst0 ch0:  C_CMD: RDCMD     C_f = 0x082   at time   61476391 ps
inst0 ch0:  R_CMD: ACTCMD    R_r0= 0x0a    at time   61562917 ps
inst0 ch0:  R_CMD: ACTCMD    R_f0= 0x00    at time   61563331 ps
inst0 ch0:  R_CMD: ACTCMD    R_r1= 0x00    at time   61563745 ps
inst0 ch0:  R_CMD: ACTCMD    R_f1= 0x00    at time   61564159 ps
inst0 ch0:  C_CMD: RDCMD     C_r = 0x015   at time   61577821 ps
inst0 ch0:  C_CMD: RDCMD     C_f = 0x018   at time   61578235 ps
inst0 ch0:  C_CMD: RDCMD     C_r = 0x015   at time   61581133 ps
inst0 ch0:  C_CMD: RDCMD     C_f = 0x01a   at time   61581547 ps
inst0 ch0:  C_CMD: RDCMD     C_r = 0x015   at time   61584445 ps
inst0 ch0:  C_CMD: RDCMD     C_f = 0x010   at time   61584859 ps
inst0 ch0:  C_CMD: RDCMD     C_r = 0x015   at time   61587757 ps
inst0 ch0:  C_CMD: RDCMD     C_f = 0x012   at time   61588171 ps
inst0 ch0:  C_CMD: RDCMD     C_r = 0x015   at time   61591069 ps
inst0 ch0:  C_CMD: RDCMD     C_f = 0x008   at time   61591483 ps
inst0 ch0:  C_CMD: RDCMD     C_r = 0x015   at time   61594381 ps
inst0 ch0:  C_CMD: RDCMD     C_f = 0x00a   at time   61594795 ps
inst0 ch0:  C_CMD: RDCMD     C_r = 0x015   at time   61597693 ps
inst0 ch0:  C_CMD: RDCMD     C_f = 0x000   at time   61598107 ps
inst0 ch0:  C_CMD: RDCMD     C_r = 0x01d   at time   61601005 ps
inst0 ch0:  C_CMD: RDCMD     C_f = 0x002   at time   61601419 ps
inst0 ch0:  R_CMD: ACTCMD    R_r0= 0x0a    at time   61662277 ps
inst0 ch0:  R_CMD: ACTCMD    R_f0= 0x08    at time   61662691 ps
inst0 ch0:  R_CMD: ACTCMD    R_r1= 0x00    at time   61663105 ps
inst0 ch0:  R_CMD: ACTCMD    R_f1= 0x00    at time   61663519 ps
inst0 ch0:  C_CMD: WRCMD     C_r = 0x011   at time   61673041 ps
inst0 ch0:  C_CMD: WRCMD     C_f = 0x0b8   at time   61673455 ps
inst0 ch0:  C_CMD: WRCMD     C_r = 0x011   at time   61676353 ps
inst0 ch0:  C_CMD: WRCMD     C_f = 0x0ba   at time   61676767 ps
inst0 ch0:  C_CMD: WRCMD     C_r = 0x011   at time   61679665 ps
inst0 ch0:  C_CMD: WRCMD     C_f = 0x0b0   at time   61680079 ps
inst0 ch0:  C_CMD: WRCMD     C_r = 0x011   at time   61682977 ps
inst0 ch0:  C_CMD: WRCMD     C_f = 0x0b2   at time   61683391 ps
inst0 ch0:  C_CMD: WRCMD     C_r = 0x011   at time   61686289 ps
inst0 ch0:  C_CMD: WRCMD     C_f = 0x0a8   at time   61686703 ps
inst0 ch0:  C_CMD: WRCMD     C_r = 0x011   at time   61689601 ps
inst0 ch0:  C_CMD: WRCMD     C_f = 0x0aa   at time   61690015 ps
inst0 ch0:  C_CMD: WRCMD     C_r = 0x011   at time   61692913 ps
inst0 ch0:  C_CMD: WRCMD     C_f = 0x0a0   at time   61693327 ps
inst0 ch0:  C_CMD: WRCMD     C_r = 0x019   at time   61696225 ps
inst0 ch0:  C_CMD: WRCMD     C_f = 0x0a2   at time   61696639 ps
inst0 ch0:  R_CMD: ACTCMD    R_r0= 0x0a    at time   61863481 ps
inst0 ch0:  R_CMD: ACTCMD    R_f0= 0x00    at time   61863895 ps
inst0 ch0:  R_CMD: ACTCMD    R_r1= 0x00    at time   61864309 ps
inst0 ch0:  R_CMD: ACTCMD    R_f1= 0x00    at time   61864723 ps
inst0 ch0:  C_CMD: WRCMD     C_r = 0x011   at time   61874245 ps
inst0 ch0:  C_CMD: WRCMD     C_f = 0x038   at time   61874659 ps
inst0 ch0:  C_CMD: WRCMD     C_r = 0x011   at time   61877557 ps
inst0 ch0:  C_CMD: WRCMD     C_f = 0x03a   at time   61877971 ps
inst0 ch0:  C_CMD: WRCMD     C_r = 0x011   at time   61880869 ps
inst0 ch0:  C_CMD: WRCMD     C_f = 0x030   at time   61881283 ps
inst0 ch0:  C_CMD: WRCMD     C_r = 0x011   at time   61884181 ps
inst0 ch0:  C_CMD: WRCMD     C_f = 0x032   at time   61884595 ps
inst0 ch0:  C_CMD: WRCMD     C_r = 0x011   at time   61887493 ps
inst0 ch0:  C_CMD: WRCMD     C_f = 0x028   at time   61887907 ps
inst0 ch0:  C_CMD: WRCMD     C_r = 0x011   at time   61890805 ps
inst0 ch0:  C_CMD: WRCMD     C_f = 0x02a   at time   61891219 ps
inst0 ch0:  C_CMD: WRCMD     C_r = 0x011   at time   61894117 ps
inst0 ch0:  C_CMD: WRCMD     C_f = 0x020   at time   61894531 ps
inst0 ch0:  C_CMD: WRCMD     C_r = 0x019   at time   61897429 ps
inst0 ch0:  C_CMD: WRCMD     C_f = 0x022   at time   61897843 ps
inst0 ch0:  R_CMD: ACTCMD    R_r0= 0x02    at time   62563141 ps
inst0 ch0:  R_CMD: ACTCMD    R_f0= 0x1b    at time   62563555 ps
inst0 ch0:  R_CMD: ACTCMD    R_r1= 0x3f    at time   62563969 ps
inst0 ch0:  R_CMD: ACTCMD    R_f1= 0x3b    at time   62564383 ps
inst0 ch0:  C_CMD: WRCMD     C_r = 0x009   at time   62573905 ps
inst0 ch0:  C_CMD: WRCMD     C_f = 0x080   at time   62574319 ps
inst0 ch0:  R_CMD: ACTCMD    R_r0= 0x02    at time   62762689 ps
inst0 ch0:  R_CMD: ACTCMD    R_f0= 0x13    at time   62763103 ps
inst0 ch0:  R_CMD: ACTCMD    R_r1= 0x3f    at time   62763517 ps
inst0 ch0:  R_CMD: ACTCMD    R_f1= 0x3b    at time   62763931 ps
inst0 ch0:  C_CMD: WRCMD     C_r = 0x009   at time   62773453 ps
inst0 ch0:  C_CMD: WRCMD     C_f = 0x000   at time   62773867 ps
inst0 ch0:  R_CMD: ACTCMD    R_r0= 0x0a    at time   62810713 ps
inst0 ch0:  R_CMD: ACTCMD    R_f0= 0x19    at time   62811127 ps
inst0 ch0:  R_CMD: ACTCMD    R_r1= 0x3f    at time   62811541 ps
inst0 ch0:  R_CMD: ACTCMD    R_f1= 0x3b    at time   62811955 ps
inst0 ch0:  R_CMD: ACTCMD    R_r0= 0x02    at time   62814853 ps
inst0 ch0:  R_CMD: ACTCMD    R_f0= 0x19    at time   62815267 ps
inst0 ch0:  R_CMD: ACTCMD    R_r1= 0x3f    at time   62815681 ps
inst0 ch0:  R_CMD: ACTCMD    R_f1= 0x3b    at time   62816095 ps
inst0 ch0:  C_CMD: WRCMD     C_r = 0x019   at time   62821477 ps
inst0 ch0:  C_CMD: WRCMD     C_f = 0x0fa   at time   62821891 ps
inst0 ch0:  C_CMD: WRCMD     C_r = 0x009   at time   62825617 ps
inst0 ch0:  C_CMD: WRCMD     C_f = 0x0fa   at time   62826031 ps
inst0 ch0:  R_CMD: ACTCMD    R_r0= 0x0a    at time   63131149 ps
inst0 ch0:  R_CMD: ACTCMD    R_f0= 0x11    at time   63131563 ps
inst0 ch0:  R_CMD: ACTCMD    R_r1= 0x3f    at time   63131977 ps
inst0 ch0:  R_CMD: ACTCMD    R_f1= 0x3b    at time   63132391 ps
inst0 ch0:  R_CMD: ACTCMD    R_r0= 0x02    at time   63139429 ps
inst0 ch0:  R_CMD: ACTCMD    R_f0= 0x11    at time   63139843 ps
inst0 ch0:  R_CMD: ACTCMD    R_r1= 0x3f    at time   63140257 ps
inst0 ch0:  R_CMD: ACTCMD    R_f1= 0x3b    at time   63140671 ps
inst0 ch0:  C_CMD: WRCMD     C_r = 0x019   at time   63141913 ps
inst0 ch0:  C_CMD: WRCMD     C_f = 0x07a   at time   63142327 ps
inst0 ch0:  C_CMD: WRCMD     C_r = 0x009   at time   63150193 ps
inst0 ch0:  C_CMD: WRCMD     C_f = 0x07a   at time   63150607 ps
inst0 ch0:  R_CMD: ACTCMD    R_r0= 0x0a    at time   63189109 ps
inst0 ch0:  R_CMD: ACTCMD    R_f0= 0x0a    at time   63189523 ps
inst0 ch0:  R_CMD: ACTCMD    R_r1= 0x00    at time   63189937 ps
inst0 ch0:  R_CMD: ACTCMD    R_f1= 0x00    at time   63190351 ps
inst0 ch0:  R_CMD: ACTCMD    R_r0= 0x02    at time   63193249 ps
inst0 ch0:  R_CMD: ACTCMD    R_f0= 0x0a    at time   63193663 ps
inst0 ch0:  R_CMD: ACTCMD    R_r1= 0x00    at time   63194077 ps
inst0 ch0:  R_CMD: ACTCMD    R_f1= 0x00    at time   63194491 ps
inst0 ch0:  C_CMD: RDCMD     C_r = 0x015   at time   63204013 ps
inst0 ch0:  C_CMD: RDCMD     C_f = 0x080   at time   63204427 ps
inst0 ch0:  C_CMD: RDCMD     C_r = 0x01d   at time   63207325 ps
inst0 ch0:  C_CMD: RDCMD     C_f = 0x082   at time   63207739 ps
inst0 ch0:  C_CMD: RDCMD     C_r = 0x005   at time   63210637 ps
inst0 ch0:  C_CMD: RDCMD     C_f = 0x080   at time   63211051 ps
inst0 ch0:  C_CMD: RDCMD     C_r = 0x00d   at time   63213949 ps
inst0 ch0:  C_CMD: RDCMD     C_f = 0x082   at time   63214363 ps
inst0 ch0:  R_CMD: ACTCMD    R_r0= 0x0a    at time   63656101 ps
inst0 ch0:  R_CMD: ACTCMD    R_f0= 0x02    at time   63656515 ps
inst0 ch0:  R_CMD: ACTCMD    R_r1= 0x00    at time   63656929 ps
inst0 ch0:  R_CMD: ACTCMD    R_f1= 0x00    at time   63657343 ps
inst0 ch0:  R_CMD: ACTCMD    R_r0= 0x02    at time   63660241 ps
inst0 ch0:  R_CMD: ACTCMD    R_f0= 0x02    at time   63660655 ps
inst0 ch0:  R_CMD: ACTCMD    R_r1= 0x00    at time   63661069 ps
inst0 ch0:  R_CMD: ACTCMD    R_f1= 0x00    at time   63661483 ps
inst0 ch0:  C_CMD: RDCMD     C_r = 0x015   at time   63671005 ps
inst0 ch0:  C_CMD: RDCMD     C_f = 0x000   at time   63671419 ps
inst0 ch0:  C_CMD: RDCMD     C_r = 0x01d   at time   63674317 ps
inst0 ch0:  C_CMD: RDCMD     C_f = 0x002   at time   63674731 ps
inst0 ch0:  C_CMD: RDCMD     C_r = 0x005   at time   63677629 ps
inst0 ch0:  C_CMD: RDCMD     C_f = 0x000   at time   63678043 ps
inst0 ch0:  C_CMD: RDCMD     C_r = 0x00d   at time   63680941 ps
inst0 ch0:  C_CMD: RDCMD     C_f = 0x002   at time   63681355 ps
