inst0 ch0:  R_CMD: ACTCMD    R_r0= 0x0e    at time   33400981 ps
inst0 ch0:  R_CMD: ACTCMD    R_f0= 0x28    at time   33401395 ps
inst0 ch0:  R_CMD: ACTCMD    R_r1= 0x00    at time   33401809 ps
inst0 ch0:  R_CMD: ACTCMD    R_f1= 0x02    at time   33402223 ps
inst0 ch0:  R_CMD: ACTCMD    R_r0= 0x0e    at time   33402637 ps
inst0 ch0:  R_CMD: ACTCMD    R_f0= 0x20    at time   33403051 ps
inst0 ch0:  R_CMD: ACTCMD    R_r1= 0x00    at time   33403465 ps
inst0 ch0:  R_CMD: ACTCMD    R_f1= 0x02    at time   33403879 ps
inst0 ch0:  C_CMD: RDCMD     C_r = 0x095   at time   33415885 ps
inst0 ch0:  C_CMD: RDCMD     C_f = 0x0a9   at time   33416299 ps
inst0 ch0:  C_CMD: RDCMD     C_r = 0x095   at time   33417541 ps
inst0 ch0:  C_CMD: RDCMD     C_f = 0x029   at time   33417955 ps
inst0 ch0:  C_CMD: RDCMD     C_r = 0x095   at time   33419197 ps
inst0 ch0:  C_CMD: RDCMD     C_f = 0x0ab   at time   33419611 ps
inst0 ch0:  C_CMD: RDCMD     C_r = 0x095   at time   33420853 ps
inst0 ch0:  C_CMD: RDCMD     C_f = 0x02b   at time   33421267 ps
inst0 ch0:  C_CMD: RDCMD     C_r = 0x095   at time   33422509 ps
inst0 ch0:  C_CMD: RDCMD     C_f = 0x0a1   at time   33422923 ps
inst0 ch0:  C_CMD: RDCMD     C_r = 0x095   at time   33424165 ps
inst0 ch0:  C_CMD: RDCMD     C_f = 0x021   at time   33424579 ps
inst0 ch0:  C_CMD: RDCMD     C_r = 0x09d   at time   33425821 ps
inst0 ch0:  C_CMD: RDCMD     C_f = 0x0a3   at time   33426235 ps
inst0 ch0:  C_CMD: RDCMD     C_r = 0x09d   at time   33427477 ps
inst0 ch0:  C_CMD: RDCMD     C_f = 0x023   at time   33427891 ps
inst0 ch0:  R_CMD: ACTCMD    R_r0= 0x0e    at time   33611293 ps
inst0 ch0:  R_CMD: ACTCMD    R_f0= 0x28    at time   33611707 ps
inst0 ch0:  R_CMD: ACTCMD    R_r1= 0x00    at time   33612121 ps
inst0 ch0:  R_CMD: ACTCMD    R_f1= 0x02    at time   33612535 ps
inst0 ch0:  R_CMD: ACTCMD    R_r0= 0x0e    at time   33612949 ps
inst0 ch0:  R_CMD: ACTCMD    R_f0= 0x20    at time   33613363 ps
inst0 ch0:  R_CMD: ACTCMD    R_r1= 0x00    at time   33613777 ps
inst0 ch0:  R_CMD: ACTCMD    R_f1= 0x02    at time   33614191 ps
inst0 ch0:  C_CMD: WRCMD     C_r = 0x091   at time   33622057 ps
inst0 ch0:  C_CMD: WRCMD     C_f = 0x0a9   at time   33622471 ps
inst0 ch0:  C_CMD: WRCMD     C_r = 0x091   at time   33623713 ps
inst0 ch0:  C_CMD: WRCMD     C_f = 0x029   at time   33624127 ps
inst0 ch0:  C_CMD: WRCMD     C_r = 0x091   at time   33625369 ps
inst0 ch0:  C_CMD: WRCMD     C_f = 0x0ab   at time   33625783 ps
inst0 ch0:  C_CMD: WRCMD     C_r = 0x091   at time   33627025 ps
inst0 ch0:  C_CMD: WRCMD     C_f = 0x02b   at time   33627439 ps
inst0 ch0:  C_CMD: WRCMD     C_r = 0x091   at time   33628681 ps
inst0 ch0:  C_CMD: WRCMD     C_f = 0x0a1   at time   33629095 ps
inst0 ch0:  C_CMD: WRCMD     C_r = 0x091   at time   33630337 ps
inst0 ch0:  C_CMD: WRCMD     C_f = 0x021   at time   33630751 ps
inst0 ch0:  C_CMD: WRCMD     C_r = 0x099   at time   33631993 ps
inst0 ch0:  C_CMD: WRCMD     C_f = 0x0a3   at time   33632407 ps
inst0 ch0:  C_CMD: WRCMD     C_r = 0x099   at time   33633649 ps
inst0 ch0:  C_CMD: WRCMD     C_f = 0x023   at time   33634063 ps
inst0 ch0:  R_CMD: ACTCMD    R_r0= 0x26    at time   37564165 ps
inst0 ch0:  R_CMD: ACTCMD    R_f0= 0x28    at time   37564579 ps
inst0 ch0:  R_CMD: ACTCMD    R_r1= 0x00    at time   37564993 ps
inst0 ch0:  R_CMD: ACTCMD    R_f1= 0x02    at time   37565407 ps
inst0 ch0:  R_CMD: ACTCMD    R_r0= 0x26    at time   37566649 ps
inst0 ch0:  R_CMD: ACTCMD    R_f0= 0x20    at time   37567063 ps
inst0 ch0:  R_CMD: ACTCMD    R_r1= 0x00    at time   37567477 ps
inst0 ch0:  R_CMD: ACTCMD    R_f1= 0x02    at time   37567891 ps
inst0 ch0:  C_CMD: RDCMD     C_r = 0x0c5   at time   37579069 ps
inst0 ch0:  C_CMD: RDCMD     C_f = 0x0a9   at time   37579483 ps
inst0 ch0:  C_CMD: RDCMD     C_r = 0x0c5   at time   37581553 ps
inst0 ch0:  C_CMD: RDCMD     C_f = 0x029   at time   37581967 ps
inst0 ch0:  C_CMD: RDCMD     C_r = 0x0c5   at time   37582381 ps
inst0 ch0:  C_CMD: RDCMD     C_f = 0x0ab   at time   37582795 ps
inst0 ch0:  C_CMD: RDCMD     C_r = 0x0c5   at time   37584865 ps
inst0 ch0:  C_CMD: RDCMD     C_f = 0x02b   at time   37585279 ps
inst0 ch0:  C_CMD: RDCMD     C_r = 0x0c5   at time   37585693 ps
inst0 ch0:  C_CMD: RDCMD     C_f = 0x0a1   at time   37586107 ps
inst0 ch0:  C_CMD: RDCMD     C_r = 0x0c5   at time   37588177 ps
inst0 ch0:  C_CMD: RDCMD     C_f = 0x021   at time   37588591 ps
inst0 ch0:  C_CMD: RDCMD     C_r = 0x0cd   at time   37589005 ps
inst0 ch0:  C_CMD: RDCMD     C_f = 0x0a3   at time   37589419 ps
inst0 ch0:  C_CMD: RDCMD     C_r = 0x0cd   at time   37591489 ps
inst0 ch0:  C_CMD: RDCMD     C_f = 0x023   at time   37591903 ps
inst0 ch0:  R_CMD: ACTCMD    R_r0= 0x26    at time   37707409 ps
inst0 ch0:  R_CMD: ACTCMD    R_f0= 0x28    at time   37707823 ps
inst0 ch0:  R_CMD: ACTCMD    R_r1= 0x00    at time   37708237 ps
inst0 ch0:  R_CMD: ACTCMD    R_f1= 0x02    at time   37708651 ps
inst0 ch0:  R_CMD: ACTCMD    R_r0= 0x26    at time   37709893 ps
inst0 ch0:  R_CMD: ACTCMD    R_f0= 0x20    at time   37710307 ps
inst0 ch0:  R_CMD: ACTCMD    R_r1= 0x00    at time   37710721 ps
inst0 ch0:  R_CMD: ACTCMD    R_f1= 0x02    at time   37711135 ps
inst0 ch0:  C_CMD: WRCMD     C_r = 0x0c1   at time   37718173 ps
inst0 ch0:  C_CMD: WRCMD     C_f = 0x0a9   at time   37718587 ps
inst0 ch0:  C_CMD: WRCMD     C_r = 0x0c1   at time   37720657 ps
inst0 ch0:  C_CMD: WRCMD     C_f = 0x029   at time   37721071 ps
inst0 ch0:  C_CMD: WRCMD     C_r = 0x0c1   at time   37721485 ps
inst0 ch0:  C_CMD: WRCMD     C_f = 0x0ab   at time   37721899 ps
inst0 ch0:  C_CMD: WRCMD     C_r = 0x0c1   at time   37723969 ps
inst0 ch0:  C_CMD: WRCMD     C_f = 0x02b   at time   37724383 ps
inst0 ch0:  C_CMD: WRCMD     C_r = 0x0c1   at time   37724797 ps
inst0 ch0:  C_CMD: WRCMD     C_f = 0x0a1   at time   37725211 ps
inst0 ch0:  C_CMD: WRCMD     C_r = 0x0c1   at time   37727281 ps
inst0 ch0:  C_CMD: WRCMD     C_f = 0x021   at time   37727695 ps
inst0 ch0:  C_CMD: WRCMD     C_r = 0x0c9   at time   37728109 ps
inst0 ch0:  C_CMD: WRCMD     C_f = 0x0a3   at time   37728523 ps
inst0 ch0:  C_CMD: WRCMD     C_r = 0x0c9   at time   37730593 ps
inst0 ch0:  C_CMD: WRCMD     C_f = 0x023   at time   37731007 ps
inst0 ch0:  R_CMD: ACTCMD    R_r0= 0x22    at time   54520777 ps
inst0 ch0:  R_CMD: ACTCMD    R_f0= 0x22    at time   54521191 ps
inst0 ch0:  R_CMD: ACTCMD    R_r1= 0x00    at time   54521605 ps
inst0 ch0:  R_CMD: ACTCMD    R_f1= 0x00    at time   54522019 ps
inst0 ch0:  R_CMD: ACTCMD    R_r0= 0x22    at time   54522433 ps
inst0 ch0:  R_CMD: ACTCMD    R_f0= 0x2a    at time   54522847 ps
inst0 ch0:  R_CMD: ACTCMD    R_r1= 0x00    at time   54523261 ps
inst0 ch0:  R_CMD: ACTCMD    R_f1= 0x00    at time   54523675 ps
inst0 ch0:  R_CMD: ACTCMD    R_r0= 0x02    at time   54524917 ps
inst0 ch0:  R_CMD: ACTCMD    R_f0= 0x22    at time   54525331 ps
inst0 ch0:  R_CMD: ACTCMD    R_r1= 0x00    at time   54525745 ps
inst0 ch0:  R_CMD: ACTCMD    R_f1= 0x00    at time   54526159 ps
inst0 ch0:  R_CMD: ACTCMD    R_r0= 0x02    at time   54526573 ps
inst0 ch0:  R_CMD: ACTCMD    R_f0= 0x2a    at time   54526987 ps
inst0 ch0:  R_CMD: ACTCMD    R_r1= 0x00    at time   54527401 ps
inst0 ch0:  R_CMD: ACTCMD    R_f1= 0x00    at time   54527815 ps
inst0 ch0:  R_CMD: ACTCMD    R_r0= 0x22    at time   54529057 ps
inst0 ch0:  R_CMD: ACTCMD    R_f0= 0x02    at time   54529471 ps
inst0 ch0:  R_CMD: ACTCMD    R_r1= 0x00    at time   54529885 ps
inst0 ch0:  R_CMD: ACTCMD    R_f1= 0x00    at time   54530299 ps
inst0 ch0:  R_CMD: ACTCMD    R_r0= 0x22    at time   54530713 ps
inst0 ch0:  R_CMD: ACTCMD    R_f0= 0x0a    at time   54531127 ps
inst0 ch0:  R_CMD: ACTCMD    R_r1= 0x00    at time   54531541 ps
inst0 ch0:  R_CMD: ACTCMD    R_f1= 0x00    at time   54531955 ps
inst0 ch0:  R_CMD: ACTCMD    R_r0= 0x02    at time   54533197 ps
inst0 ch0:  R_CMD: ACTCMD    R_f0= 0x02    at time   54533611 ps
inst0 ch0:  R_CMD: ACTCMD    R_r1= 0x00    at time   54534025 ps
inst0 ch0:  R_CMD: ACTCMD    R_f1= 0x00    at time   54534439 ps
inst0 ch0:  R_CMD: ACTCMD    R_r0= 0x02    at time   54534853 ps
inst0 ch0:  R_CMD: ACTCMD    R_f0= 0x0a    at time   54535267 ps
inst0 ch0:  R_CMD: ACTCMD    R_r1= 0x00    at time   54535681 ps
inst0 ch0:  C_CMD: RDCMD     C_r = 0x0c5   at time   54535681 ps
inst0 ch0:  R_CMD: ACTCMD    R_f1= 0x00    at time   54536095 ps
inst0 ch0:  C_CMD: RDCMD     C_f = 0x000   at time   54536095 ps
inst0 ch0:  C_CMD: RDCMD     C_r = 0x0c5   at time   54537337 ps
inst0 ch0:  C_CMD: RDCMD     C_f = 0x080   at time   54537751 ps
inst0 ch0:  C_CMD: RDCMD     C_r = 0x0cd   at time   54538993 ps
inst0 ch0:  C_CMD: RDCMD     C_f = 0x002   at time   54539407 ps
inst0 ch0:  C_CMD: RDCMD     C_r = 0x085   at time   54540649 ps
inst0 ch0:  C_CMD: RDCMD     C_f = 0x000   at time   54541063 ps
inst0 ch0:  C_CMD: RDCMD     C_r = 0x0cd   at time   54541477 ps
inst0 ch0:  C_CMD: RDCMD     C_f = 0x082   at time   54541891 ps
inst0 ch0:  C_CMD: RDCMD     C_r = 0x085   at time   54543133 ps
inst0 ch0:  C_CMD: RDCMD     C_f = 0x080   at time   54543547 ps
inst0 ch0:  C_CMD: RDCMD     C_r = 0x08d   at time   54543961 ps
inst0 ch0:  C_CMD: RDCMD     C_f = 0x002   at time   54544375 ps
inst0 ch0:  C_CMD: RDCMD     C_r = 0x045   at time   54545617 ps
inst0 ch0:  C_CMD: RDCMD     C_f = 0x000   at time   54546031 ps
inst0 ch0:  C_CMD: RDCMD     C_r = 0x08d   at time   54546445 ps
inst0 ch0:  C_CMD: RDCMD     C_f = 0x082   at time   54546859 ps
inst0 ch0:  C_CMD: RDCMD     C_r = 0x005   at time   54548101 ps
inst0 ch0:  C_CMD: RDCMD     C_f = 0x000   at time   54548515 ps
inst0 ch0:  C_CMD: RDCMD     C_r = 0x045   at time   54548929 ps
inst0 ch0:  C_CMD: RDCMD     C_f = 0x080   at time   54549343 ps
inst0 ch0:  C_CMD: RDCMD     C_r = 0x04d   at time   54549757 ps
inst0 ch0:  C_CMD: RDCMD     C_f = 0x002   at time   54550171 ps
inst0 ch0:  C_CMD: RDCMD     C_r = 0x005   at time   54550585 ps
inst0 ch0:  C_CMD: RDCMD     C_f = 0x080   at time   54550999 ps
inst0 ch0:  C_CMD: RDCMD     C_r = 0x00d   at time   54551413 ps
inst0 ch0:  C_CMD: RDCMD     C_f = 0x002   at time   54551827 ps
inst0 ch0:  C_CMD: RDCMD     C_r = 0x04d   at time   54552241 ps
inst0 ch0:  C_CMD: RDCMD     C_f = 0x082   at time   54552655 ps
inst0 ch0:  C_CMD: RDCMD     C_r = 0x00d   at time   54553897 ps
inst0 ch0:  C_CMD: RDCMD     C_f = 0x082   at time   54554311 ps
inst0 ch0:  R_CMD: ACTCMD    R_r0= 0x2a    at time   55081333 ps
inst0 ch0:  R_CMD: ACTCMD    R_f0= 0x22    at time   55081747 ps
inst0 ch0:  R_CMD: ACTCMD    R_r1= 0x00    at time   55082161 ps
inst0 ch0:  R_CMD: ACTCMD    R_f1= 0x00    at time   55082575 ps
inst0 ch0:  R_CMD: ACTCMD    R_r0= 0x0a    at time   55085473 ps
inst0 ch0:  R_CMD: ACTCMD    R_f0= 0x22    at time   55085887 ps
inst0 ch0:  R_CMD: ACTCMD    R_r1= 0x00    at time   55086301 ps
inst0 ch0:  R_CMD: ACTCMD    R_f1= 0x00    at time   55086715 ps
inst0 ch0:  R_CMD: ACTCMD    R_r0= 0x2a    at time   55089613 ps
inst0 ch0:  R_CMD: ACTCMD    R_f0= 0x02    at time   55090027 ps
inst0 ch0:  R_CMD: ACTCMD    R_r1= 0x00    at time   55090441 ps
inst0 ch0:  R_CMD: ACTCMD    R_f1= 0x00    at time   55090855 ps
inst0 ch0:  R_CMD: ACTCMD    R_r0= 0x0a    at time   55093753 ps
inst0 ch0:  R_CMD: ACTCMD    R_f0= 0x02    at time   55094167 ps
inst0 ch0:  R_CMD: ACTCMD    R_r1= 0x00    at time   55094581 ps
inst0 ch0:  R_CMD: ACTCMD    R_f1= 0x00    at time   55094995 ps
inst0 ch0:  C_CMD: RDCMD     C_r = 0x0d5   at time   55096237 ps
inst0 ch0:  C_CMD: RDCMD     C_f = 0x000   at time   55096651 ps
inst0 ch0:  C_CMD: RDCMD     C_r = 0x0dd   at time   55099549 ps
inst0 ch0:  C_CMD: RDCMD     C_f = 0x002   at time   55099963 ps
inst0 ch0:  C_CMD: RDCMD     C_r = 0x095   at time   55101205 ps
inst0 ch0:  C_CMD: RDCMD     C_f = 0x000   at time   55101619 ps
inst0 ch0:  C_CMD: RDCMD     C_r = 0x09d   at time   55104517 ps
inst0 ch0:  C_CMD: RDCMD     C_f = 0x002   at time   55104931 ps
inst0 ch0:  C_CMD: RDCMD     C_r = 0x055   at time   55106173 ps
inst0 ch0:  C_CMD: RDCMD     C_f = 0x000   at time   55106587 ps
inst0 ch0:  C_CMD: RDCMD     C_r = 0x015   at time   55108657 ps
inst0 ch0:  C_CMD: RDCMD     C_f = 0x000   at time   55109071 ps
inst0 ch0:  C_CMD: RDCMD     C_r = 0x05d   at time   55110313 ps
inst0 ch0:  C_CMD: RDCMD     C_f = 0x002   at time   55110727 ps
inst0 ch0:  C_CMD: RDCMD     C_r = 0x01d   at time   55111969 ps
inst0 ch0:  C_CMD: RDCMD     C_f = 0x002   at time   55112383 ps
inst0 ch0:  R_CMD: ACTCMD    R_r0= 0x32    at time   55368649 ps
inst0 ch0:  R_CMD: ACTCMD    R_f0= 0x22    at time   55369063 ps
inst0 ch0:  R_CMD: ACTCMD    R_r1= 0x00    at time   55369477 ps
inst0 ch0:  R_CMD: ACTCMD    R_f1= 0x00    at time   55369891 ps
inst0 ch0:  R_CMD: ACTCMD    R_r0= 0x12    at time   55372789 ps
inst0 ch0:  R_CMD: ACTCMD    R_f0= 0x22    at time   55373203 ps
inst0 ch0:  R_CMD: ACTCMD    R_r1= 0x00    at time   55373617 ps
inst0 ch0:  R_CMD: ACTCMD    R_f1= 0x00    at time   55374031 ps
inst0 ch0:  R_CMD: ACTCMD    R_r0= 0x32    at time   55376929 ps
inst0 ch0:  R_CMD: ACTCMD    R_f0= 0x02    at time   55377343 ps
inst0 ch0:  R_CMD: ACTCMD    R_r1= 0x00    at time   55377757 ps
inst0 ch0:  R_CMD: ACTCMD    R_f1= 0x00    at time   55378171 ps
inst0 ch0:  R_CMD: ACTCMD    R_r0= 0x12    at time   55381069 ps
inst0 ch0:  R_CMD: ACTCMD    R_f0= 0x02    at time   55381483 ps
inst0 ch0:  R_CMD: ACTCMD    R_r1= 0x00    at time   55381897 ps
inst0 ch0:  R_CMD: ACTCMD    R_f1= 0x00    at time   55382311 ps
inst0 ch0:  C_CMD: RDCMD     C_r = 0x0e5   at time   55383553 ps
inst0 ch0:  C_CMD: RDCMD     C_f = 0x000   at time   55383967 ps
inst0 ch0:  C_CMD: RDCMD     C_r = 0x0ed   at time   55386865 ps
inst0 ch0:  C_CMD: RDCMD     C_f = 0x002   at time   55387279 ps
inst0 ch0:  C_CMD: RDCMD     C_r = 0x0a5   at time   55388521 ps
inst0 ch0:  C_CMD: RDCMD     C_f = 0x000   at time   55388935 ps
inst0 ch0:  C_CMD: RDCMD     C_r = 0x0ad   at time   55391833 ps
inst0 ch0:  C_CMD: RDCMD     C_f = 0x002   at time   55392247 ps
inst0 ch0:  C_CMD: RDCMD     C_r = 0x065   at time   55393489 ps
inst0 ch0:  C_CMD: RDCMD     C_f = 0x000   at time   55393903 ps
inst0 ch0:  C_CMD: RDCMD     C_r = 0x025   at time   55395973 ps
inst0 ch0:  C_CMD: RDCMD     C_f = 0x000   at time   55396387 ps
inst0 ch0:  C_CMD: RDCMD     C_r = 0x06d   at time   55397629 ps
inst0 ch0:  C_CMD: RDCMD     C_f = 0x002   at time   55398043 ps
inst0 ch0:  C_CMD: RDCMD     C_r = 0x02d   at time   55399285 ps
inst0 ch0:  C_CMD: RDCMD     C_f = 0x002   at time   55399699 ps
inst0 ch0:  R_CMD: ACTCMD    R_r0= 0x2a    at time   55404253 ps
inst0 ch0:  R_CMD: ACTCMD    R_f0= 0x2a    at time   55404667 ps
inst0 ch0:  R_CMD: ACTCMD    R_r1= 0x00    at time   55405081 ps
inst0 ch0:  R_CMD: ACTCMD    R_f1= 0x00    at time   55405495 ps
inst0 ch0:  R_CMD: ACTCMD    R_r0= 0x0a    at time   55408393 ps
inst0 ch0:  R_CMD: ACTCMD    R_f0= 0x2a    at time   55408807 ps
inst0 ch0:  R_CMD: ACTCMD    R_r1= 0x00    at time   55409221 ps
inst0 ch0:  R_CMD: ACTCMD    R_f1= 0x00    at time   55409635 ps
inst0 ch0:  R_CMD: ACTCMD    R_r0= 0x2a    at time   55412533 ps
inst0 ch0:  R_CMD: ACTCMD    R_f0= 0x0a    at time   55412947 ps
inst0 ch0:  R_CMD: ACTCMD    R_r1= 0x00    at time   55413361 ps
inst0 ch0:  R_CMD: ACTCMD    R_f1= 0x00    at time   55413775 ps
inst0 ch0:  R_CMD: ACTCMD    R_r0= 0x0a    at time   55416673 ps
inst0 ch0:  R_CMD: ACTCMD    R_f0= 0x0a    at time   55417087 ps
inst0 ch0:  R_CMD: ACTCMD    R_r1= 0x00    at time   55417501 ps
inst0 ch0:  R_CMD: ACTCMD    R_f1= 0x00    at time   55417915 ps
inst0 ch0:  C_CMD: RDCMD     C_r = 0x0d5   at time   55419157 ps
inst0 ch0:  C_CMD: RDCMD     C_f = 0x080   at time   55419571 ps
inst0 ch0:  C_CMD: RDCMD     C_r = 0x0dd   at time   55422469 ps
inst0 ch0:  C_CMD: RDCMD     C_f = 0x082   at time   55422883 ps
inst0 ch0:  C_CMD: RDCMD     C_r = 0x095   at time   55424125 ps
inst0 ch0:  C_CMD: RDCMD     C_f = 0x080   at time   55424539 ps
inst0 ch0:  C_CMD: RDCMD     C_r = 0x09d   at time   55427437 ps
inst0 ch0:  C_CMD: RDCMD     C_f = 0x082   at time   55427851 ps
inst0 ch0:  C_CMD: RDCMD     C_r = 0x055   at time   55429093 ps
inst0 ch0:  C_CMD: RDCMD     C_f = 0x080   at time   55429507 ps
inst0 ch0:  C_CMD: RDCMD     C_r = 0x015   at time   55431577 ps
inst0 ch0:  C_CMD: RDCMD     C_f = 0x080   at time   55431991 ps
inst0 ch0:  C_CMD: RDCMD     C_r = 0x05d   at time   55433233 ps
inst0 ch0:  C_CMD: RDCMD     C_f = 0x082   at time   55433647 ps
inst0 ch0:  C_CMD: RDCMD     C_r = 0x01d   at time   55434889 ps
inst0 ch0:  C_CMD: RDCMD     C_f = 0x082   at time   55435303 ps
inst0 ch0:  R_CMD: ACTCMD    R_r0= 0x32    at time   55731313 ps
inst0 ch0:  R_CMD: ACTCMD    R_f0= 0x2a    at time   55731727 ps
inst0 ch0:  R_CMD: ACTCMD    R_r1= 0x00    at time   55732141 ps
inst0 ch0:  R_CMD: ACTCMD    R_f1= 0x00    at time   55732555 ps
inst0 ch0:  R_CMD: ACTCMD    R_r0= 0x12    at time   55735453 ps
inst0 ch0:  R_CMD: ACTCMD    R_f0= 0x2a    at time   55735867 ps
inst0 ch0:  R_CMD: ACTCMD    R_r1= 0x00    at time   55736281 ps
inst0 ch0:  R_CMD: ACTCMD    R_f1= 0x00    at time   55736695 ps
inst0 ch0:  R_CMD: ACTCMD    R_r0= 0x32    at time   55739593 ps
inst0 ch0:  R_CMD: ACTCMD    R_f0= 0x0a    at time   55740007 ps
inst0 ch0:  R_CMD: ACTCMD    R_r1= 0x00    at time   55740421 ps
inst0 ch0:  R_CMD: ACTCMD    R_f1= 0x00    at time   55740835 ps
inst0 ch0:  R_CMD: ACTCMD    R_r0= 0x12    at time   55743733 ps
inst0 ch0:  R_CMD: ACTCMD    R_f0= 0x0a    at time   55744147 ps
inst0 ch0:  R_CMD: ACTCMD    R_r1= 0x00    at time   55744561 ps
inst0 ch0:  R_CMD: ACTCMD    R_f1= 0x00    at time   55744975 ps
inst0 ch0:  C_CMD: RDCMD     C_r = 0x0e5   at time   55746217 ps
inst0 ch0:  C_CMD: RDCMD     C_f = 0x080   at time   55746631 ps
inst0 ch0:  C_CMD: RDCMD     C_r = 0x0ed   at time   55749529 ps
inst0 ch0:  C_CMD: RDCMD     C_f = 0x082   at time   55749943 ps
inst0 ch0:  C_CMD: RDCMD     C_r = 0x0a5   at time   55751185 ps
inst0 ch0:  C_CMD: RDCMD     C_f = 0x080   at time   55751599 ps
inst0 ch0:  C_CMD: RDCMD     C_r = 0x0ad   at time   55754497 ps
inst0 ch0:  C_CMD: RDCMD     C_f = 0x082   at time   55754911 ps
inst0 ch0:  C_CMD: RDCMD     C_r = 0x065   at time   55756153 ps
inst0 ch0:  C_CMD: RDCMD     C_f = 0x080   at time   55756567 ps
inst0 ch0:  C_CMD: RDCMD     C_r = 0x025   at time   55758637 ps
inst0 ch0:  C_CMD: RDCMD     C_f = 0x080   at time   55759051 ps
inst0 ch0:  C_CMD: RDCMD     C_r = 0x06d   at time   55760293 ps
inst0 ch0:  C_CMD: RDCMD     C_f = 0x082   at time   55760707 ps
inst0 ch0:  C_CMD: RDCMD     C_r = 0x02d   at time   55761949 ps
inst0 ch0:  C_CMD: RDCMD     C_f = 0x082   at time   55762363 ps
inst0 ch0:  R_CMD: ACTCMD    R_r0= 0x3a    at time   56031049 ps
inst0 ch0:  R_CMD: ACTCMD    R_f0= 0x22    at time   56031463 ps
inst0 ch0:  R_CMD: ACTCMD    R_r1= 0x00    at time   56031877 ps
inst0 ch0:  R_CMD: ACTCMD    R_f1= 0x00    at time   56032291 ps
inst0 ch0:  R_CMD: ACTCMD    R_r0= 0x1a    at time   56035189 ps
inst0 ch0:  R_CMD: ACTCMD    R_f0= 0x22    at time   56035603 ps
inst0 ch0:  R_CMD: ACTCMD    R_r1= 0x00    at time   56036017 ps
inst0 ch0:  R_CMD: ACTCMD    R_f1= 0x00    at time   56036431 ps
inst0 ch0:  R_CMD: ACTCMD    R_r0= 0x3a    at time   56039329 ps
inst0 ch0:  R_CMD: ACTCMD    R_f0= 0x02    at time   56039743 ps
inst0 ch0:  R_CMD: ACTCMD    R_r1= 0x00    at time   56040157 ps
inst0 ch0:  R_CMD: ACTCMD    R_f1= 0x00    at time   56040571 ps
inst0 ch0:  R_CMD: ACTCMD    R_r0= 0x1a    at time   56043469 ps
inst0 ch0:  R_CMD: ACTCMD    R_f0= 0x02    at time   56043883 ps
inst0 ch0:  R_CMD: ACTCMD    R_r1= 0x00    at time   56044297 ps
inst0 ch0:  R_CMD: ACTCMD    R_f1= 0x00    at time   56044711 ps
inst0 ch0:  C_CMD: RDCMD     C_r = 0x0f5   at time   56045953 ps
inst0 ch0:  C_CMD: RDCMD     C_f = 0x000   at time   56046367 ps
inst0 ch0:  C_CMD: RDCMD     C_r = 0x0fd   at time   56049265 ps
inst0 ch0:  C_CMD: RDCMD     C_f = 0x002   at time   56049679 ps
inst0 ch0:  C_CMD: RDCMD     C_r = 0x0b5   at time   56050921 ps
inst0 ch0:  C_CMD: RDCMD     C_f = 0x000   at time   56051335 ps
inst0 ch0:  C_CMD: RDCMD     C_r = 0x0bd   at time   56054233 ps
inst0 ch0:  C_CMD: RDCMD     C_f = 0x002   at time   56054647 ps
inst0 ch0:  C_CMD: RDCMD     C_r = 0x075   at time   56055889 ps
inst0 ch0:  C_CMD: RDCMD     C_f = 0x000   at time   56056303 ps
inst0 ch0:  C_CMD: RDCMD     C_r = 0x035   at time   56058373 ps
inst0 ch0:  C_CMD: RDCMD     C_f = 0x000   at time   56058787 ps
inst0 ch0:  C_CMD: RDCMD     C_r = 0x07d   at time   56060029 ps
inst0 ch0:  C_CMD: RDCMD     C_f = 0x002   at time   56060443 ps
inst0 ch0:  C_CMD: RDCMD     C_r = 0x03d   at time   56061685 ps
inst0 ch0:  C_CMD: RDCMD     C_f = 0x002   at time   56062099 ps
inst0 ch0:  R_CMD: ACTCMD    R_r0= 0x3a    at time   56090665 ps
inst0 ch0:  R_CMD: ACTCMD    R_f0= 0x2a    at time   56091079 ps
inst0 ch0:  R_CMD: ACTCMD    R_r1= 0x00    at time   56091493 ps
inst0 ch0:  R_CMD: ACTCMD    R_f1= 0x00    at time   56091907 ps
inst0 ch0:  R_CMD: ACTCMD    R_r0= 0x1a    at time   56094805 ps
inst0 ch0:  R_CMD: ACTCMD    R_f0= 0x2a    at time   56095219 ps
inst0 ch0:  R_CMD: ACTCMD    R_r1= 0x00    at time   56095633 ps
inst0 ch0:  R_CMD: ACTCMD    R_f1= 0x00    at time   56096047 ps
inst0 ch0:  R_CMD: ACTCMD    R_r0= 0x3a    at time   56098945 ps
inst0 ch0:  R_CMD: ACTCMD    R_f0= 0x0a    at time   56099359 ps
inst0 ch0:  R_CMD: ACTCMD    R_r1= 0x00    at time   56099773 ps
inst0 ch0:  R_CMD: ACTCMD    R_f1= 0x00    at time   56100187 ps
inst0 ch0:  R_CMD: ACTCMD    R_r0= 0x1a    at time   56103085 ps
inst0 ch0:  R_CMD: ACTCMD    R_f0= 0x0a    at time   56103499 ps
inst0 ch0:  R_CMD: ACTCMD    R_r1= 0x00    at time   56103913 ps
inst0 ch0:  R_CMD: ACTCMD    R_f1= 0x00    at time   56104327 ps
inst0 ch0:  C_CMD: RDCMD     C_r = 0x0f5   at time   56105569 ps
inst0 ch0:  C_CMD: RDCMD     C_f = 0x080   at time   56105983 ps
inst0 ch0:  C_CMD: RDCMD     C_r = 0x0fd   at time   56108881 ps
inst0 ch0:  C_CMD: RDCMD     C_f = 0x082   at time   56109295 ps
inst0 ch0:  C_CMD: RDCMD     C_r = 0x0b5   at time   56110537 ps
inst0 ch0:  C_CMD: RDCMD     C_f = 0x080   at time   56110951 ps
inst0 ch0:  C_CMD: RDCMD     C_r = 0x0bd   at time   56113849 ps
inst0 ch0:  C_CMD: RDCMD     C_f = 0x082   at time   56114263 ps
inst0 ch0:  C_CMD: RDCMD     C_r = 0x075   at time   56115505 ps
inst0 ch0:  C_CMD: RDCMD     C_f = 0x080   at time   56115919 ps
inst0 ch0:  C_CMD: RDCMD     C_r = 0x035   at time   56117989 ps
inst0 ch0:  C_CMD: RDCMD     C_f = 0x080   at time   56118403 ps
inst0 ch0:  C_CMD: RDCMD     C_r = 0x07d   at time   56119645 ps
inst0 ch0:  C_CMD: RDCMD     C_f = 0x082   at time   56120059 ps
inst0 ch0:  C_CMD: RDCMD     C_r = 0x03d   at time   56121301 ps
inst0 ch0:  C_CMD: RDCMD     C_f = 0x082   at time   56121715 ps
inst0 ch0:  R_CMD: ACTCMD    R_r0= 0x02    at time   56502181 ps
inst0 ch0:  R_CMD: ACTCMD    R_f0= 0x10    at time   56502595 ps
inst0 ch0:  R_CMD: ACTCMD    R_r1= 0x3f    at time   56503009 ps
inst0 ch0:  R_CMD: ACTCMD    R_f1= 0x3b    at time   56503423 ps
inst0 ch0:  C_CMD: RDCMD     C_r = 0x005   at time   56517085 ps
inst0 ch0:  C_CMD: RDCMD     C_f = 0x078   at time   56517499 ps
inst0 ch0:  C_CMD: RDCMD     C_r = 0x00d   at time   56520397 ps
inst0 ch0:  C_CMD: RDCMD     C_f = 0x07a   at time   56520811 ps
inst0 ch0:  R_CMD: ACTCMD    R_r0= 0x02    at time   56568421 ps
inst0 ch0:  R_CMD: ACTCMD    R_f0= 0x18    at time   56568835 ps
inst0 ch0:  R_CMD: ACTCMD    R_r1= 0x3f    at time   56569249 ps
inst0 ch0:  R_CMD: ACTCMD    R_f1= 0x3b    at time   56569663 ps
inst0 ch0:  C_CMD: RDCMD     C_r = 0x005   at time   56583325 ps
inst0 ch0:  C_CMD: RDCMD     C_f = 0x0f8   at time   56583739 ps
inst0 ch0:  C_CMD: RDCMD     C_r = 0x00d   at time   56586637 ps
inst0 ch0:  C_CMD: RDCMD     C_f = 0x0fa   at time   56587051 ps
inst0 ch0:  R_CMD: ACTCMD    R_r0= 0x02    at time   56780389 ps
inst0 ch0:  R_CMD: ACTCMD    R_f0= 0x10    at time   56780803 ps
inst0 ch0:  R_CMD: ACTCMD    R_r1= 0x3f    at time   56781217 ps
inst0 ch0:  R_CMD: ACTCMD    R_f1= 0x3b    at time   56781631 ps
inst0 ch0:  R_CMD: ACTCMD    R_r0= 0x02    at time   56782045 ps
inst0 ch0:  R_CMD: ACTCMD    R_f0= 0x18    at time   56782459 ps
inst0 ch0:  R_CMD: ACTCMD    R_r1= 0x3f    at time   56782873 ps
inst0 ch0:  R_CMD: ACTCMD    R_f1= 0x3b    at time   56783287 ps
inst0 ch0:  C_CMD: WRCMD     C_r = 0x001   at time   56791153 ps
inst0 ch0:  C_CMD: WRCMD     C_f = 0x078   at time   56791567 ps
inst0 ch0:  C_CMD: WRCMD     C_r = 0x001   at time   56792809 ps
inst0 ch0:  C_CMD: WRCMD     C_f = 0x0f8   at time   56793223 ps
inst0 ch0:  C_CMD: WRCMD     C_r = 0x009   at time   56794465 ps
inst0 ch0:  C_CMD: WRCMD     C_f = 0x07a   at time   56794879 ps
inst0 ch0:  C_CMD: WRCMD     C_r = 0x009   at time   56796121 ps
inst0 ch0:  C_CMD: WRCMD     C_f = 0x0fa   at time   56796535 ps
inst0 ch0:  R_CMD: ACTCMD    R_r0= 0x0a    at time   57583549 ps
inst0 ch0:  R_CMD: ACTCMD    R_f0= 0x10    at time   57583963 ps
inst0 ch0:  R_CMD: ACTCMD    R_r1= 0x3f    at time   57584377 ps
inst0 ch0:  R_CMD: ACTCMD    R_f1= 0x3b    at time   57584791 ps
inst0 ch0:  C_CMD: RDCMD     C_r = 0x015   at time   57598453 ps
inst0 ch0:  C_CMD: RDCMD     C_f = 0x078   at time   57598867 ps
inst0 ch0:  C_CMD: RDCMD     C_r = 0x01d   at time   57601765 ps
inst0 ch0:  C_CMD: RDCMD     C_f = 0x07a   at time   57602179 ps
inst0 ch0:  R_CMD: ACTCMD    R_r0= 0x0a    at time   57656413 ps
inst0 ch0:  R_CMD: ACTCMD    R_f0= 0x10    at time   57656827 ps
inst0 ch0:  R_CMD: ACTCMD    R_r1= 0x3f    at time   57657241 ps
inst0 ch0:  R_CMD: ACTCMD    R_f1= 0x3b    at time   57657655 ps
inst0 ch0:  C_CMD: WRCMD     C_r = 0x011   at time   57667177 ps
inst0 ch0:  C_CMD: WRCMD     C_f = 0x078   at time   57667591 ps
inst0 ch0:  C_CMD: WRCMD     C_r = 0x019   at time   57670489 ps
inst0 ch0:  C_CMD: WRCMD     C_f = 0x07a   at time   57670903 ps
inst0 ch0:  R_CMD: ACTCMD    R_r0= 0x02    at time   57750805 ps
inst0 ch0:  R_CMD: ACTCMD    R_f0= 0x30    at time   57751219 ps
inst0 ch0:  R_CMD: ACTCMD    R_r1= 0x3f    at time   57751633 ps
inst0 ch0:  R_CMD: ACTCMD    R_f1= 0x3b    at time   57752047 ps
inst0 ch0:  R_CMD: ACTCMD    R_r0= 0x0a    at time   57762397 ps
inst0 ch0:  R_CMD: ACTCMD    R_f0= 0x18    at time   57762811 ps
inst0 ch0:  R_CMD: ACTCMD    R_r1= 0x3f    at time   57763225 ps
inst0 ch0:  R_CMD: ACTCMD    R_f1= 0x3b    at time   57763639 ps
inst0 ch0:  C_CMD: RDCMD     C_r = 0x085   at time   57765709 ps
inst0 ch0:  C_CMD: RDCMD     C_f = 0x078   at time   57766123 ps
inst0 ch0:  C_CMD: RDCMD     C_r = 0x08d   at time   57769021 ps
inst0 ch0:  C_CMD: RDCMD     C_f = 0x07a   at time   57769435 ps
inst0 ch0:  C_CMD: RDCMD     C_r = 0x015   at time   57777301 ps
inst0 ch0:  C_CMD: RDCMD     C_f = 0x0f8   at time   57777715 ps
inst0 ch0:  C_CMD: RDCMD     C_r = 0x01d   at time   57780613 ps
inst0 ch0:  C_CMD: RDCMD     C_f = 0x0fa   at time   57781027 ps
inst0 ch0:  R_CMD: ACTCMD    R_r0= 0x02    at time   57818701 ps
inst0 ch0:  R_CMD: ACTCMD    R_f0= 0x30    at time   57819115 ps
inst0 ch0:  R_CMD: ACTCMD    R_r1= 0x3f    at time   57819529 ps
inst0 ch0:  R_CMD: ACTCMD    R_f1= 0x3b    at time   57819943 ps
inst0 ch0:  C_CMD: WRCMD     C_r = 0x081   at time   57829465 ps
inst0 ch0:  C_CMD: WRCMD     C_f = 0x078   at time   57829879 ps
inst0 ch0:  R_CMD: ACTCMD    R_r0= 0x0a    at time   57832777 ps
inst0 ch0:  C_CMD: WRCMD     C_r = 0x089   at time   57832777 ps
inst0 ch0:  R_CMD: ACTCMD    R_f0= 0x18    at time   57833191 ps
inst0 ch0:  C_CMD: WRCMD     C_f = 0x07a   at time   57833191 ps
inst0 ch0:  R_CMD: ACTCMD    R_r1= 0x3f    at time   57833605 ps
inst0 ch0:  R_CMD: ACTCMD    R_f1= 0x3b    at time   57834019 ps
inst0 ch0:  C_CMD: WRCMD     C_r = 0x011   at time   57843541 ps
inst0 ch0:  C_CMD: WRCMD     C_f = 0x0f8   at time   57843955 ps
inst0 ch0:  C_CMD: WRCMD     C_r = 0x019   at time   57846853 ps
inst0 ch0:  C_CMD: WRCMD     C_f = 0x0fa   at time   57847267 ps
inst0 ch0:  R_CMD: ACTCMD    R_r0= 0x0a    at time   57906469 ps
inst0 ch0:  R_CMD: ACTCMD    R_f0= 0x30    at time   57906883 ps
inst0 ch0:  R_CMD: ACTCMD    R_r1= 0x3f    at time   57907297 ps
inst0 ch0:  R_CMD: ACTCMD    R_f1= 0x3b    at time   57907711 ps
inst0 ch0:  C_CMD: RDCMD     C_r = 0x095   at time   57921373 ps
inst0 ch0:  C_CMD: RDCMD     C_f = 0x078   at time   57921787 ps
inst0 ch0:  R_CMD: ACTCMD    R_r0= 0x02    at time   57923029 ps
inst0 ch0:  R_CMD: ACTCMD    R_f0= 0x38    at time   57923443 ps
inst0 ch0:  R_CMD: ACTCMD    R_r1= 0x3f    at time   57923857 ps
inst0 ch0:  R_CMD: ACTCMD    R_f1= 0x3b    at time   57924271 ps
inst0 ch0:  C_CMD: RDCMD     C_r = 0x09d   at time   57924685 ps
inst0 ch0:  C_CMD: RDCMD     C_f = 0x07a   at time   57925099 ps
inst0 ch0:  C_CMD: RDCMD     C_r = 0x085   at time   57937933 ps
inst0 ch0:  C_CMD: RDCMD     C_f = 0x0f8   at time   57938347 ps
inst0 ch0:  C_CMD: RDCMD     C_r = 0x08d   at time   57941245 ps
inst0 ch0:  C_CMD: RDCMD     C_f = 0x0fa   at time   57941659 ps
inst0 ch0:  R_CMD: ACTCMD    R_r0= 0x0a    at time   57976849 ps
inst0 ch0:  R_CMD: ACTCMD    R_f0= 0x30    at time   57977263 ps
inst0 ch0:  R_CMD: ACTCMD    R_r1= 0x3f    at time   57977677 ps
inst0 ch0:  R_CMD: ACTCMD    R_f1= 0x3b    at time   57978091 ps
inst0 ch0:  C_CMD: WRCMD     C_r = 0x091   at time   57987613 ps
inst0 ch0:  C_CMD: WRCMD     C_f = 0x078   at time   57988027 ps
inst0 ch0:  C_CMD: WRCMD     C_r = 0x099   at time   57990925 ps
inst0 ch0:  C_CMD: WRCMD     C_f = 0x07a   at time   57991339 ps
inst0 ch0:  R_CMD: ACTCMD    R_r0= 0x02    at time   57993409 ps
inst0 ch0:  R_CMD: ACTCMD    R_f0= 0x38    at time   57993823 ps
inst0 ch0:  R_CMD: ACTCMD    R_r1= 0x3f    at time   57994237 ps
inst0 ch0:  R_CMD: ACTCMD    R_f1= 0x3b    at time   57994651 ps
inst0 ch0:  C_CMD: WRCMD     C_r = 0x081   at time   58004173 ps
inst0 ch0:  C_CMD: WRCMD     C_f = 0x0f8   at time   58004587 ps
inst0 ch0:  C_CMD: WRCMD     C_r = 0x089   at time   58007485 ps
inst0 ch0:  C_CMD: WRCMD     C_f = 0x0fa   at time   58007899 ps
inst0 ch0:  R_CMD: ACTCMD    R_r0= 0x0a    at time   58082833 ps
inst0 ch0:  R_CMD: ACTCMD    R_f0= 0x38    at time   58083247 ps
inst0 ch0:  R_CMD: ACTCMD    R_r1= 0x3f    at time   58083661 ps
inst0 ch0:  R_CMD: ACTCMD    R_f1= 0x3b    at time   58084075 ps
inst0 ch0:  C_CMD: RDCMD     C_r = 0x095   at time   58097737 ps
inst0 ch0:  C_CMD: RDCMD     C_f = 0x0f8   at time   58098151 ps
inst0 ch0:  C_CMD: RDCMD     C_r = 0x09d   at time   58101049 ps
inst0 ch0:  C_CMD: RDCMD     C_f = 0x0fa   at time   58101463 ps
inst0 ch0:  R_CMD: ACTCMD    R_r0= 0x0a    at time   58153213 ps
inst0 ch0:  R_CMD: ACTCMD    R_f0= 0x38    at time   58153627 ps
inst0 ch0:  R_CMD: ACTCMD    R_r1= 0x3f    at time   58154041 ps
inst0 ch0:  R_CMD: ACTCMD    R_f1= 0x3b    at time   58154455 ps
inst0 ch0:  C_CMD: WRCMD     C_r = 0x091   at time   58163977 ps
inst0 ch0:  C_CMD: WRCMD     C_f = 0x0f8   at time   58164391 ps
inst0 ch0:  C_CMD: WRCMD     C_r = 0x099   at time   58167289 ps
inst0 ch0:  C_CMD: WRCMD     C_f = 0x0fa   at time   58167703 ps
inst0 ch0:  R_CMD: ACTCMD    R_r0= 0x0a    at time   59397697 ps
inst0 ch0:  R_CMD: ACTCMD    R_f0= 0x13    at time   59398111 ps
inst0 ch0:  R_CMD: ACTCMD    R_r1= 0x3f    at time   59398525 ps
inst0 ch0:  R_CMD: ACTCMD    R_f1= 0x3b    at time   59398939 ps
inst0 ch0:  C_CMD: RDCMD     C_r = 0x015   at time   59412601 ps
inst0 ch0:  C_CMD: RDCMD     C_f = 0x010   at time   59413015 ps
inst0 ch0:  C_CMD: RDCMD     C_r = 0x01d   at time   59415913 ps
inst0 ch0:  C_CMD: RDCMD     C_f = 0x012   at time   59416327 ps
inst0 ch0:  R_CMD: ACTCMD    R_r0= 0x0a    at time   59470561 ps
inst0 ch0:  R_CMD: ACTCMD    R_f0= 0x13    at time   59470975 ps
inst0 ch0:  R_CMD: ACTCMD    R_r1= 0x3f    at time   59471389 ps
inst0 ch0:  R_CMD: ACTCMD    R_f1= 0x3b    at time   59471803 ps
inst0 ch0:  C_CMD: WRCMD     C_r = 0x011   at time   59481325 ps
inst0 ch0:  C_CMD: WRCMD     C_f = 0x010   at time   59481739 ps
inst0 ch0:  C_CMD: WRCMD     C_r = 0x019   at time   59484637 ps
inst0 ch0:  C_CMD: WRCMD     C_f = 0x012   at time   59485051 ps
inst0 ch0:  R_CMD: ACTCMD    R_r0= 0x0a    at time   59611321 ps
inst0 ch0:  R_CMD: ACTCMD    R_f0= 0x13    at time   59611735 ps
inst0 ch0:  R_CMD: ACTCMD    R_r1= 0x3f    at time   59612149 ps
inst0 ch0:  R_CMD: ACTCMD    R_f1= 0x3b    at time   59612563 ps
inst0 ch0:  C_CMD: RDCMD     C_r = 0x015   at time   59626225 ps
inst0 ch0:  C_CMD: RDCMD     C_f = 0x010   at time   59626639 ps
inst0 ch0:  C_CMD: RDCMD     C_r = 0x01d   at time   59629537 ps
inst0 ch0:  C_CMD: RDCMD     C_f = 0x012   at time   59629951 ps
inst0 ch0:  R_CMD: ACTCMD    R_r0= 0x0a    at time   59681701 ps
inst0 ch0:  R_CMD: ACTCMD    R_f0= 0x13    at time   59682115 ps
inst0 ch0:  R_CMD: ACTCMD    R_r1= 0x3f    at time   59682529 ps
inst0 ch0:  R_CMD: ACTCMD    R_f1= 0x3b    at time   59682943 ps
inst0 ch0:  C_CMD: WRCMD     C_r = 0x011   at time   59692465 ps
inst0 ch0:  C_CMD: WRCMD     C_f = 0x010   at time   59692879 ps
inst0 ch0:  C_CMD: WRCMD     C_r = 0x019   at time   59695777 ps
inst0 ch0:  C_CMD: WRCMD     C_f = 0x012   at time   59696191 ps
inst0 ch0:  R_CMD: ACTCMD    R_r0= 0x0a    at time   59790997 ps
inst0 ch0:  R_CMD: ACTCMD    R_f0= 0x1b    at time   59791411 ps
inst0 ch0:  R_CMD: ACTCMD    R_r1= 0x3f    at time   59791825 ps
inst0 ch0:  R_CMD: ACTCMD    R_f1= 0x3b    at time   59792239 ps
inst0 ch0:  C_CMD: RDCMD     C_r = 0x015   at time   59805901 ps
inst0 ch0:  C_CMD: RDCMD     C_f = 0x090   at time   59806315 ps
inst0 ch0:  C_CMD: RDCMD     C_r = 0x01d   at time   59809213 ps
inst0 ch0:  C_CMD: RDCMD     C_f = 0x092   at time   59809627 ps
inst0 ch0:  R_CMD: ACTCMD    R_r0= 0x0a    at time   59863861 ps
inst0 ch0:  R_CMD: ACTCMD    R_f0= 0x1b    at time   59864275 ps
inst0 ch0:  R_CMD: ACTCMD    R_r1= 0x3f    at time   59864689 ps
inst0 ch0:  R_CMD: ACTCMD    R_f1= 0x3b    at time   59865103 ps
inst0 ch0:  C_CMD: WRCMD     C_r = 0x011   at time   59874625 ps
inst0 ch0:  C_CMD: WRCMD     C_f = 0x090   at time   59875039 ps
inst0 ch0:  C_CMD: WRCMD     C_r = 0x019   at time   59877937 ps
inst0 ch0:  C_CMD: WRCMD     C_f = 0x092   at time   59878351 ps
inst0 ch0:  R_CMD: ACTCMD    R_r0= 0x0a    at time   59993029 ps
inst0 ch0:  R_CMD: ACTCMD    R_f0= 0x1b    at time   59993443 ps
inst0 ch0:  R_CMD: ACTCMD    R_r1= 0x3f    at time   59993857 ps
inst0 ch0:  R_CMD: ACTCMD    R_f1= 0x3b    at time   59994271 ps
inst0 ch0:  C_CMD: RDCMD     C_r = 0x015   at time   60007933 ps
inst0 ch0:  C_CMD: RDCMD     C_f = 0x090   at time   60008347 ps
inst0 ch0:  C_CMD: RDCMD     C_r = 0x01d   at time   60011245 ps
inst0 ch0:  C_CMD: RDCMD     C_f = 0x092   at time   60011659 ps
inst0 ch0:  R_CMD: ACTCMD    R_r0= 0x0a    at time   60063409 ps
inst0 ch0:  R_CMD: ACTCMD    R_f0= 0x1b    at time   60063823 ps
inst0 ch0:  R_CMD: ACTCMD    R_r1= 0x3f    at time   60064237 ps
inst0 ch0:  R_CMD: ACTCMD    R_f1= 0x3b    at time   60064651 ps
inst0 ch0:  C_CMD: WRCMD     C_r = 0x011   at time   60074173 ps
inst0 ch0:  C_CMD: WRCMD     C_f = 0x090   at time   60074587 ps
inst0 ch0:  C_CMD: WRCMD     C_r = 0x019   at time   60077485 ps
inst0 ch0:  C_CMD: WRCMD     C_f = 0x092   at time   60077899 ps
inst0 ch0:  R_CMD: ACTCMD    R_r0= 0x02    at time   61194457 ps
inst0 ch0:  R_CMD: ACTCMD    R_f0= 0x13    at time   61194871 ps
inst0 ch0:  R_CMD: ACTCMD    R_r1= 0x3f    at time   61195285 ps
inst0 ch0:  R_CMD: ACTCMD    R_f1= 0x3b    at time   61195699 ps
inst0 ch0:  C_CMD: RDCMD     C_r = 0x005   at time   61209361 ps
inst0 ch0:  C_CMD: RDCMD     C_f = 0x000   at time   61209775 ps
inst0 ch0:  C_CMD: RDCMD     C_r = 0x00d   at time   61212673 ps
inst0 ch0:  C_CMD: RDCMD     C_f = 0x002   at time   61213087 ps
inst0 ch0:  R_CMD: ACTCMD    R_r0= 0x02    at time   61432921 ps
inst0 ch0:  R_CMD: ACTCMD    R_f0= 0x13    at time   61433335 ps
inst0 ch0:  R_CMD: ACTCMD    R_r1= 0x3f    at time   61433749 ps
inst0 ch0:  R_CMD: ACTCMD    R_f1= 0x3b    at time   61434163 ps
inst0 ch0:  C_CMD: WRCMD     C_r = 0x001   at time   61443685 ps
inst0 ch0:  C_CMD: WRCMD     C_f = 0x000   at time   61444099 ps
inst0 ch0:  C_CMD: WRCMD     C_r = 0x009   at time   61446997 ps
inst0 ch0:  C_CMD: WRCMD     C_f = 0x002   at time   61447411 ps
inst0 ch0:  R_CMD: ACTCMD    R_r0= 0x02    at time   61551325 ps
inst0 ch0:  R_CMD: ACTCMD    R_f0= 0x1b    at time   61551739 ps
inst0 ch0:  R_CMD: ACTCMD    R_r1= 0x3f    at time   61552153 ps
inst0 ch0:  R_CMD: ACTCMD    R_f1= 0x3b    at time   61552567 ps
inst0 ch0:  R_CMD: ACTCMD    R_r0= 0x02    at time   61562089 ps
inst0 ch0:  R_CMD: ACTCMD    R_f0= 0x13    at time   61562503 ps
inst0 ch0:  R_CMD: ACTCMD    R_r1= 0x3f    at time   61562917 ps
inst0 ch0:  R_CMD: ACTCMD    R_f1= 0x3b    at time   61563331 ps
inst0 ch0:  C_CMD: RDCMD     C_r = 0x005   at time   61566229 ps
inst0 ch0:  C_CMD: RDCMD     C_f = 0x080   at time   61566643 ps
inst0 ch0:  C_CMD: RDCMD     C_r = 0x00d   at time   61569541 ps
inst0 ch0:  C_CMD: RDCMD     C_f = 0x082   at time   61569955 ps
inst0 ch0:  C_CMD: RDCMD     C_r = 0x005   at time   61576993 ps
inst0 ch0:  C_CMD: RDCMD     C_f = 0x000   at time   61577407 ps
inst0 ch0:  C_CMD: RDCMD     C_r = 0x00d   at time   61580305 ps
inst0 ch0:  C_CMD: RDCMD     C_f = 0x002   at time   61580719 ps
inst0 ch0:  R_CMD: ACTCMD    R_r0= 0x02    at time   61621705 ps
inst0 ch0:  R_CMD: ACTCMD    R_f0= 0x1b    at time   61622119 ps
inst0 ch0:  R_CMD: ACTCMD    R_r1= 0x3f    at time   61622533 ps
inst0 ch0:  R_CMD: ACTCMD    R_f1= 0x3b    at time   61622947 ps
inst0 ch0:  R_CMD: ACTCMD    R_r0= 0x02    at time   61632469 ps
inst0 ch0:  C_CMD: WRCMD     C_r = 0x001   at time   61632469 ps
inst0 ch0:  R_CMD: ACTCMD    R_f0= 0x13    at time   61632883 ps
inst0 ch0:  C_CMD: WRCMD     C_f = 0x080   at time   61632883 ps
inst0 ch0:  R_CMD: ACTCMD    R_r1= 0x3f    at time   61633297 ps
inst0 ch0:  R_CMD: ACTCMD    R_f1= 0x3b    at time   61633711 ps
inst0 ch0:  C_CMD: WRCMD     C_r = 0x009   at time   61635781 ps
inst0 ch0:  C_CMD: WRCMD     C_f = 0x082   at time   61636195 ps
inst0 ch0:  C_CMD: WRCMD     C_r = 0x001   at time   61643233 ps
inst0 ch0:  C_CMD: WRCMD     C_f = 0x000   at time   61643647 ps
inst0 ch0:  C_CMD: WRCMD     C_r = 0x009   at time   61646545 ps
inst0 ch0:  C_CMD: WRCMD     C_f = 0x002   at time   61646959 ps
inst0 ch0:  R_CMD: ACTCMD    R_r0= 0x02    at time   61899913 ps
inst0 ch0:  R_CMD: ACTCMD    R_f0= 0x1b    at time   61900327 ps
inst0 ch0:  R_CMD: ACTCMD    R_r1= 0x3f    at time   61900741 ps
inst0 ch0:  R_CMD: ACTCMD    R_f1= 0x3b    at time   61901155 ps
inst0 ch0:  C_CMD: RDCMD     C_r = 0x005   at time   61914817 ps
inst0 ch0:  C_CMD: RDCMD     C_f = 0x080   at time   61915231 ps
inst0 ch0:  C_CMD: RDCMD     C_r = 0x00d   at time   61918129 ps
inst0 ch0:  C_CMD: RDCMD     C_f = 0x082   at time   61918543 ps
inst0 ch0:  R_CMD: ACTCMD    R_r0= 0x02    at time   61972777 ps
inst0 ch0:  R_CMD: ACTCMD    R_f0= 0x1b    at time   61973191 ps
inst0 ch0:  R_CMD: ACTCMD    R_r1= 0x3f    at time   61973605 ps
inst0 ch0:  R_CMD: ACTCMD    R_f1= 0x3b    at time   61974019 ps
inst0 ch0:  C_CMD: WRCMD     C_r = 0x001   at time   61983541 ps
inst0 ch0:  C_CMD: WRCMD     C_f = 0x080   at time   61983955 ps
inst0 ch0:  C_CMD: WRCMD     C_r = 0x009   at time   61986853 ps
inst0 ch0:  C_CMD: WRCMD     C_f = 0x082   at time   61987267 ps
inst0 ch0:  R_CMD: ACTCMD    R_r0= 0x02    at time   62946505 ps
inst0 ch0:  R_CMD: ACTCMD    R_f0= 0x00    at time   62946919 ps
inst0 ch0:  R_CMD: ACTCMD    R_r1= 0x00    at time   62947333 ps
inst0 ch0:  R_CMD: ACTCMD    R_f1= 0x00    at time   62947747 ps
inst0 ch0:  R_CMD: ACTCMD    R_r0= 0x02    at time   62949817 ps
inst0 ch0:  R_CMD: ACTCMD    R_f0= 0x08    at time   62950231 ps
inst0 ch0:  R_CMD: ACTCMD    R_r1= 0x00    at time   62950645 ps
inst0 ch0:  R_CMD: ACTCMD    R_f1= 0x00    at time   62951059 ps
inst0 ch0:  C_CMD: RDCMD     C_r = 0x005   at time   62961409 ps
inst0 ch0:  C_CMD: RDCMD     C_f = 0x018   at time   62961823 ps
inst0 ch0:  C_CMD: RDCMD     C_r = 0x005   at time   62964721 ps
inst0 ch0:  C_CMD: RDCMD     C_f = 0x01a   at time   62965135 ps
inst0 ch0:  C_CMD: RDCMD     C_r = 0x005   at time   62965549 ps
inst0 ch0:  C_CMD: RDCMD     C_f = 0x098   at time   62965963 ps
inst0 ch0:  C_CMD: RDCMD     C_r = 0x005   at time   62968033 ps
inst0 ch0:  C_CMD: RDCMD     C_f = 0x010   at time   62968447 ps
inst0 ch0:  C_CMD: RDCMD     C_r = 0x005   at time   62968861 ps
inst0 ch0:  C_CMD: RDCMD     C_f = 0x09a   at time   62969275 ps
inst0 ch0:  C_CMD: RDCMD     C_r = 0x005   at time   62971345 ps
inst0 ch0:  C_CMD: RDCMD     C_f = 0x012   at time   62971759 ps
inst0 ch0:  C_CMD: RDCMD     C_r = 0x005   at time   62972173 ps
inst0 ch0:  C_CMD: RDCMD     C_f = 0x090   at time   62972587 ps
inst0 ch0:  C_CMD: RDCMD     C_r = 0x005   at time   62974657 ps
inst0 ch0:  C_CMD: RDCMD     C_f = 0x008   at time   62975071 ps
inst0 ch0:  C_CMD: RDCMD     C_r = 0x005   at time   62975485 ps
inst0 ch0:  C_CMD: RDCMD     C_f = 0x092   at time   62975899 ps
inst0 ch0:  C_CMD: RDCMD     C_r = 0x005   at time   62977969 ps
inst0 ch0:  C_CMD: RDCMD     C_f = 0x00a   at time   62978383 ps
inst0 ch0:  C_CMD: RDCMD     C_r = 0x005   at time   62978797 ps
inst0 ch0:  C_CMD: RDCMD     C_f = 0x088   at time   62979211 ps
inst0 ch0:  C_CMD: RDCMD     C_r = 0x005   at time   62981281 ps
inst0 ch0:  C_CMD: RDCMD     C_f = 0x000   at time   62981695 ps
inst0 ch0:  C_CMD: RDCMD     C_r = 0x005   at time   62982109 ps
inst0 ch0:  C_CMD: RDCMD     C_f = 0x08a   at time   62982523 ps
inst0 ch0:  C_CMD: RDCMD     C_r = 0x00d   at time   62984593 ps
inst0 ch0:  C_CMD: RDCMD     C_f = 0x002   at time   62985007 ps
inst0 ch0:  C_CMD: RDCMD     C_r = 0x005   at time   62985421 ps
inst0 ch0:  C_CMD: RDCMD     C_f = 0x080   at time   62985835 ps
inst0 ch0:  C_CMD: RDCMD     C_r = 0x00d   at time   62988733 ps
inst0 ch0:  C_CMD: RDCMD     C_f = 0x082   at time   62989147 ps
inst0 ch0:  R_CMD: ACTCMD    R_r0= 0x0a    at time   63122869 ps
inst0 ch0:  R_CMD: ACTCMD    R_f0= 0x00    at time   63123283 ps
inst0 ch0:  R_CMD: ACTCMD    R_r1= 0x00    at time   63123697 ps
inst0 ch0:  R_CMD: ACTCMD    R_f1= 0x00    at time   63124111 ps
inst0 ch0:  C_CMD: RDCMD     C_r = 0x015   at time   63137773 ps
inst0 ch0:  C_CMD: RDCMD     C_f = 0x018   at time   63138187 ps
inst0 ch0:  C_CMD: RDCMD     C_r = 0x015   at time   63141085 ps
inst0 ch0:  C_CMD: RDCMD     C_f = 0x01a   at time   63141499 ps
inst0 ch0:  C_CMD: RDCMD     C_r = 0x015   at time   63144397 ps
inst0 ch0:  C_CMD: RDCMD     C_f = 0x010   at time   63144811 ps
inst0 ch0:  C_CMD: RDCMD     C_r = 0x015   at time   63147709 ps
inst0 ch0:  C_CMD: RDCMD     C_f = 0x012   at time   63148123 ps
inst0 ch0:  C_CMD: RDCMD     C_r = 0x015   at time   63151021 ps
inst0 ch0:  C_CMD: RDCMD     C_f = 0x008   at time   63151435 ps
inst0 ch0:  C_CMD: RDCMD     C_r = 0x015   at time   63154333 ps
inst0 ch0:  C_CMD: RDCMD     C_f = 0x00a   at time   63154747 ps
inst0 ch0:  C_CMD: RDCMD     C_r = 0x015   at time   63157645 ps
inst0 ch0:  C_CMD: RDCMD     C_f = 0x000   at time   63158059 ps
inst0 ch0:  C_CMD: RDCMD     C_r = 0x01d   at time   63160957 ps
inst0 ch0:  C_CMD: RDCMD     C_f = 0x002   at time   63161371 ps
inst0 ch0:  R_CMD: ACTCMD    R_r0= 0x0a    at time   63357193 ps
inst0 ch0:  R_CMD: ACTCMD    R_f0= 0x00    at time   63357607 ps
inst0 ch0:  R_CMD: ACTCMD    R_r1= 0x00    at time   63358021 ps
inst0 ch0:  R_CMD: ACTCMD    R_f1= 0x00    at time   63358435 ps
inst0 ch0:  C_CMD: RDCMD     C_r = 0x015   at time   63372097 ps
inst0 ch0:  C_CMD: RDCMD     C_f = 0x038   at time   63372511 ps
inst0 ch0:  C_CMD: RDCMD     C_r = 0x015   at time   63375409 ps
inst0 ch0:  C_CMD: RDCMD     C_f = 0x03a   at time   63375823 ps
inst0 ch0:  C_CMD: RDCMD     C_r = 0x015   at time   63378721 ps
inst0 ch0:  C_CMD: RDCMD     C_f = 0x030   at time   63379135 ps
inst0 ch0:  C_CMD: RDCMD     C_r = 0x015   at time   63382033 ps
inst0 ch0:  C_CMD: RDCMD     C_f = 0x032   at time   63382447 ps
inst0 ch0:  C_CMD: RDCMD     C_r = 0x015   at time   63385345 ps
inst0 ch0:  C_CMD: RDCMD     C_f = 0x028   at time   63385759 ps
inst0 ch0:  C_CMD: RDCMD     C_r = 0x015   at time   63388657 ps
inst0 ch0:  C_CMD: RDCMD     C_f = 0x02a   at time   63389071 ps
inst0 ch0:  C_CMD: RDCMD     C_r = 0x015   at time   63391969 ps
inst0 ch0:  C_CMD: RDCMD     C_f = 0x020   at time   63392383 ps
inst0 ch0:  C_CMD: RDCMD     C_r = 0x01d   at time   63395281 ps
inst0 ch0:  C_CMD: RDCMD     C_f = 0x022   at time   63395695 ps
inst0 ch0:  R_CMD: ACTCMD    R_r0= 0x0a    at time   63420121 ps
inst0 ch0:  R_CMD: ACTCMD    R_f0= 0x08    at time   63420535 ps
inst0 ch0:  R_CMD: ACTCMD    R_r1= 0x00    at time   63420949 ps
inst0 ch0:  R_CMD: ACTCMD    R_f1= 0x00    at time   63421363 ps
inst0 ch0:  R_CMD: ACTCMD    R_r0= 0x0a    at time   63427573 ps
inst0 ch0:  R_CMD: ACTCMD    R_f0= 0x00    at time   63427987 ps
inst0 ch0:  R_CMD: ACTCMD    R_r1= 0x00    at time   63428401 ps
inst0 ch0:  R_CMD: ACTCMD    R_f1= 0x00    at time   63428815 ps
inst0 ch0:  C_CMD: RDCMD     C_r = 0x015   at time   63435025 ps
inst0 ch0:  C_CMD: RDCMD     C_f = 0x098   at time   63435439 ps
inst0 ch0:  C_CMD: RDCMD     C_r = 0x015   at time   63438337 ps
inst0 ch0:  C_CMD: RDCMD     C_f = 0x09a   at time   63438751 ps
inst0 ch0:  C_CMD: WRCMD     C_r = 0x011   at time   63439165 ps
inst0 ch0:  C_CMD: WRCMD     C_f = 0x038   at time   63439579 ps
inst0 ch0:  C_CMD: RDCMD     C_r = 0x015   at time   63441649 ps
inst0 ch0:  C_CMD: RDCMD     C_f = 0x090   at time   63442063 ps
inst0 ch0:  C_CMD: WRCMD     C_r = 0x011   at time   63442477 ps
inst0 ch0:  C_CMD: WRCMD     C_f = 0x03a   at time   63442891 ps
inst0 ch0:  C_CMD: RDCMD     C_r = 0x015   at time   63444961 ps
inst0 ch0:  C_CMD: RDCMD     C_f = 0x092   at time   63445375 ps
inst0 ch0:  C_CMD: WRCMD     C_r = 0x011   at time   63445789 ps
inst0 ch0:  C_CMD: WRCMD     C_f = 0x028   at time   63446203 ps
inst0 ch0:  C_CMD: RDCMD     C_r = 0x015   at time   63448273 ps
inst0 ch0:  C_CMD: RDCMD     C_f = 0x088   at time   63448687 ps
inst0 ch0:  C_CMD: WRCMD     C_r = 0x011   at time   63449101 ps
inst0 ch0:  C_CMD: WRCMD     C_f = 0x02a   at time   63449515 ps
inst0 ch0:  C_CMD: RDCMD     C_r = 0x015   at time   63451585 ps
inst0 ch0:  C_CMD: RDCMD     C_f = 0x08a   at time   63451999 ps
inst0 ch0:  C_CMD: WRCMD     C_r = 0x011   at time   63452413 ps
inst0 ch0:  C_CMD: WRCMD     C_f = 0x030   at time   63452827 ps
inst0 ch0:  C_CMD: RDCMD     C_r = 0x015   at time   63454897 ps
inst0 ch0:  C_CMD: RDCMD     C_f = 0x080   at time   63455311 ps
inst0 ch0:  C_CMD: WRCMD     C_r = 0x011   at time   63455725 ps
inst0 ch0:  C_CMD: WRCMD     C_f = 0x032   at time   63456139 ps
inst0 ch0:  C_CMD: RDCMD     C_r = 0x01d   at time   63458209 ps
inst0 ch0:  C_CMD: RDCMD     C_f = 0x082   at time   63458623 ps
inst0 ch0:  C_CMD: WRCMD     C_r = 0x011   at time   63459037 ps
inst0 ch0:  C_CMD: WRCMD     C_f = 0x020   at time   63459451 ps
inst0 ch0:  C_CMD: WRCMD     C_r = 0x019   at time   63462349 ps
inst0 ch0:  C_CMD: WRCMD     C_f = 0x022   at time   63462763 ps
inst0 ch0:  R_CMD: ACTCMD    R_r0= 0x0a    at time   63608905 ps
inst0 ch0:  R_CMD: ACTCMD    R_f0= 0x08    at time   63609319 ps
inst0 ch0:  R_CMD: ACTCMD    R_r1= 0x00    at time   63609733 ps
inst0 ch0:  R_CMD: ACTCMD    R_f1= 0x00    at time   63610147 ps
inst0 ch0:  C_CMD: RDCMD     C_r = 0x015   at time   63623809 ps
inst0 ch0:  C_CMD: RDCMD     C_f = 0x0b8   at time   63624223 ps
inst0 ch0:  C_CMD: RDCMD     C_r = 0x015   at time   63627121 ps
inst0 ch0:  C_CMD: RDCMD     C_f = 0x0ba   at time   63627535 ps
inst0 ch0:  C_CMD: RDCMD     C_r = 0x015   at time   63630433 ps
inst0 ch0:  C_CMD: RDCMD     C_f = 0x0b0   at time   63630847 ps
inst0 ch0:  C_CMD: RDCMD     C_r = 0x015   at time   63633745 ps
inst0 ch0:  C_CMD: RDCMD     C_f = 0x0b2   at time   63634159 ps
inst0 ch0:  C_CMD: RDCMD     C_r = 0x015   at time   63637057 ps
inst0 ch0:  C_CMD: RDCMD     C_f = 0x0a8   at time   63637471 ps
inst0 ch0:  C_CMD: RDCMD     C_r = 0x015   at time   63640369 ps
inst0 ch0:  C_CMD: RDCMD     C_f = 0x0aa   at time   63640783 ps
inst0 ch0:  C_CMD: RDCMD     C_r = 0x015   at time   63643681 ps
inst0 ch0:  C_CMD: RDCMD     C_f = 0x0a0   at time   63644095 ps
inst0 ch0:  C_CMD: RDCMD     C_r = 0x01d   at time   63646993 ps
inst0 ch0:  C_CMD: RDCMD     C_f = 0x0a2   at time   63647407 ps
inst0 ch0:  R_CMD: ACTCMD    R_r0= 0x0a    at time   63850681 ps
inst0 ch0:  R_CMD: ACTCMD    R_f0= 0x08    at time   63851095 ps
inst0 ch0:  R_CMD: ACTCMD    R_r1= 0x00    at time   63851509 ps
inst0 ch0:  R_CMD: ACTCMD    R_f1= 0x00    at time   63851923 ps
inst0 ch0:  C_CMD: WRCMD     C_r = 0x011   at time   63861445 ps
inst0 ch0:  C_CMD: WRCMD     C_f = 0x0a8   at time   63861859 ps
inst0 ch0:  C_CMD: WRCMD     C_r = 0x011   at time   63864757 ps
inst0 ch0:  C_CMD: WRCMD     C_f = 0x0aa   at time   63865171 ps
inst0 ch0:  C_CMD: WRCMD     C_r = 0x011   at time   63868069 ps
inst0 ch0:  C_CMD: WRCMD     C_f = 0x0b8   at time   63868483 ps
inst0 ch0:  C_CMD: WRCMD     C_r = 0x011   at time   63871381 ps
inst0 ch0:  C_CMD: WRCMD     C_f = 0x0ba   at time   63871795 ps
inst0 ch0:  C_CMD: WRCMD     C_r = 0x011   at time   63874693 ps
inst0 ch0:  C_CMD: WRCMD     C_f = 0x0a0   at time   63875107 ps
inst0 ch0:  C_CMD: WRCMD     C_r = 0x011   at time   63878005 ps
inst0 ch0:  C_CMD: WRCMD     C_f = 0x0a2   at time   63878419 ps
inst0 ch0:  C_CMD: WRCMD     C_r = 0x011   at time   63881317 ps
inst0 ch0:  C_CMD: WRCMD     C_f = 0x0b0   at time   63881731 ps
inst0 ch0:  C_CMD: WRCMD     C_r = 0x019   at time   63884629 ps
inst0 ch0:  C_CMD: WRCMD     C_f = 0x0b2   at time   63885043 ps
inst0 ch0:  R_CMD: ACTCMD    R_r0= 0x02    at time   64884853 ps
inst0 ch0:  R_CMD: ACTCMD    R_f0= 0x13    at time   64885267 ps
inst0 ch0:  R_CMD: ACTCMD    R_r1= 0x3f    at time   64885681 ps
inst0 ch0:  R_CMD: ACTCMD    R_f1= 0x3b    at time   64886095 ps
inst0 ch0:  C_CMD: RDCMD     C_r = 0x005   at time   64899757 ps
inst0 ch0:  C_CMD: RDCMD     C_f = 0x000   at time   64900171 ps
inst0 ch0:  C_CMD: RDCMD     C_r = 0x00d   at time   64903069 ps
inst0 ch0:  C_CMD: RDCMD     C_f = 0x002   at time   64903483 ps
inst0 ch0:  R_CMD: ACTCMD    R_r0= 0x02    at time   64957717 ps
inst0 ch0:  R_CMD: ACTCMD    R_f0= 0x13    at time   64958131 ps
inst0 ch0:  R_CMD: ACTCMD    R_r1= 0x3f    at time   64958545 ps
inst0 ch0:  R_CMD: ACTCMD    R_f1= 0x3b    at time   64958959 ps
inst0 ch0:  C_CMD: WRCMD     C_r = 0x001   at time   64968481 ps
inst0 ch0:  C_CMD: WRCMD     C_f = 0x000   at time   64968895 ps
inst0 ch0:  C_CMD: WRCMD     C_r = 0x009   at time   64971793 ps
inst0 ch0:  C_CMD: WRCMD     C_f = 0x002   at time   64972207 ps
inst0 ch0:  R_CMD: ACTCMD    R_r0= 0x02    at time   65077777 ps
inst0 ch0:  R_CMD: ACTCMD    R_f0= 0x13    at time   65078191 ps
inst0 ch0:  R_CMD: ACTCMD    R_r1= 0x3f    at time   65078605 ps
inst0 ch0:  R_CMD: ACTCMD    R_f1= 0x3b    at time   65079019 ps
inst0 ch0:  C_CMD: RDCMD     C_r = 0x005   at time   65092681 ps
inst0 ch0:  C_CMD: RDCMD     C_f = 0x000   at time   65093095 ps
inst0 ch0:  C_CMD: RDCMD     C_r = 0x00d   at time   65095993 ps
inst0 ch0:  C_CMD: RDCMD     C_f = 0x002   at time   65096407 ps
inst0 ch0:  R_CMD: ACTCMD    R_r0= 0x02    at time   65148157 ps
inst0 ch0:  R_CMD: ACTCMD    R_f0= 0x13    at time   65148571 ps
inst0 ch0:  R_CMD: ACTCMD    R_r1= 0x3f    at time   65148985 ps
inst0 ch0:  R_CMD: ACTCMD    R_f1= 0x3b    at time   65149399 ps
inst0 ch0:  C_CMD: WRCMD     C_r = 0x001   at time   65158921 ps
inst0 ch0:  C_CMD: WRCMD     C_f = 0x000   at time   65159335 ps
inst0 ch0:  C_CMD: WRCMD     C_r = 0x009   at time   65162233 ps
inst0 ch0:  C_CMD: WRCMD     C_f = 0x002   at time   65162647 ps
inst0 ch0:  R_CMD: ACTCMD    R_r0= 0x02    at time   65190385 ps
inst0 ch0:  R_CMD: ACTCMD    R_f0= 0x1b    at time   65190799 ps
inst0 ch0:  R_CMD: ACTCMD    R_r1= 0x3f    at time   65191213 ps
inst0 ch0:  R_CMD: ACTCMD    R_f1= 0x3b    at time   65191627 ps
inst0 ch0:  C_CMD: RDCMD     C_r = 0x005   at time   65205289 ps
inst0 ch0:  C_CMD: RDCMD     C_f = 0x080   at time   65205703 ps
inst0 ch0:  C_CMD: RDCMD     C_r = 0x00d   at time   65208601 ps
inst0 ch0:  C_CMD: RDCMD     C_f = 0x082   at time   65209015 ps
inst0 ch0:  R_CMD: ACTCMD    R_r0= 0x02    at time   65263249 ps
inst0 ch0:  R_CMD: ACTCMD    R_f0= 0x1b    at time   65263663 ps
inst0 ch0:  R_CMD: ACTCMD    R_r1= 0x3f    at time   65264077 ps
inst0 ch0:  R_CMD: ACTCMD    R_f1= 0x3b    at time   65264491 ps
inst0 ch0:  C_CMD: WRCMD     C_r = 0x001   at time   65274013 ps
inst0 ch0:  C_CMD: WRCMD     C_f = 0x080   at time   65274427 ps
inst0 ch0:  C_CMD: WRCMD     C_r = 0x009   at time   65277325 ps
inst0 ch0:  C_CMD: WRCMD     C_f = 0x082   at time   65277739 ps
inst0 ch0:  R_CMD: ACTCMD    R_r0= 0x02    at time   65367577 ps
inst0 ch0:  R_CMD: ACTCMD    R_f0= 0x1b    at time   65367991 ps
inst0 ch0:  R_CMD: ACTCMD    R_r1= 0x3f    at time   65368405 ps
inst0 ch0:  R_CMD: ACTCMD    R_f1= 0x3b    at time   65368819 ps
inst0 ch0:  C_CMD: RDCMD     C_r = 0x005   at time   65382481 ps
inst0 ch0:  C_CMD: RDCMD     C_f = 0x080   at time   65382895 ps
inst0 ch0:  R_CMD: ACTCMD    R_r0= 0x0a    at time   65383309 ps
inst0 ch0:  R_CMD: ACTCMD    R_f0= 0x11    at time   65383723 ps
inst0 ch0:  R_CMD: ACTCMD    R_r1= 0x3f    at time   65384137 ps
inst0 ch0:  R_CMD: ACTCMD    R_f1= 0x3b    at time   65384551 ps
inst0 ch0:  C_CMD: RDCMD     C_r = 0x00d   at time   65385793 ps
inst0 ch0:  C_CMD: RDCMD     C_f = 0x082   at time   65386207 ps
inst0 ch0:  R_CMD: ACTCMD    R_r0= 0x02    at time   65387449 ps
inst0 ch0:  R_CMD: ACTCMD    R_f0= 0x11    at time   65387863 ps
inst0 ch0:  R_CMD: ACTCMD    R_r1= 0x3f    at time   65388277 ps
inst0 ch0:  R_CMD: ACTCMD    R_f1= 0x3b    at time   65388691 ps
inst0 ch0:  C_CMD: RDCMD     C_r = 0x015   at time   65398213 ps
inst0 ch0:  C_CMD: RDCMD     C_f = 0x078   at time   65398627 ps
inst0 ch0:  C_CMD: RDCMD     C_r = 0x01d   at time   65401525 ps
inst0 ch0:  C_CMD: RDCMD     C_f = 0x07a   at time   65401939 ps
inst0 ch0:  C_CMD: RDCMD     C_r = 0x005   at time   65404837 ps
inst0 ch0:  C_CMD: RDCMD     C_f = 0x078   at time   65405251 ps
inst0 ch0:  C_CMD: RDCMD     C_r = 0x00d   at time   65408149 ps
inst0 ch0:  C_CMD: RDCMD     C_f = 0x07a   at time   65408563 ps
inst0 ch0:  R_CMD: ACTCMD    R_r0= 0x02    at time   65435473 ps
inst0 ch0:  R_CMD: ACTCMD    R_f0= 0x1b    at time   65435887 ps
inst0 ch0:  R_CMD: ACTCMD    R_r1= 0x3f    at time   65436301 ps
inst0 ch0:  R_CMD: ACTCMD    R_f1= 0x3b    at time   65436715 ps
inst0 ch0:  C_CMD: WRCMD     C_r = 0x001   at time   65446237 ps
inst0 ch0:  C_CMD: WRCMD     C_f = 0x080   at time   65446651 ps
inst0 ch0:  C_CMD: WRCMD     C_r = 0x009   at time   65449549 ps
inst0 ch0:  C_CMD: WRCMD     C_f = 0x082   at time   65449963 ps
inst0 ch0:  R_CMD: ACTCMD    R_r0= 0x0a    at time   65453689 ps
inst0 ch0:  R_CMD: ACTCMD    R_f0= 0x11    at time   65454103 ps
inst0 ch0:  R_CMD: ACTCMD    R_r1= 0x3f    at time   65454517 ps
inst0 ch0:  R_CMD: ACTCMD    R_f1= 0x3b    at time   65454931 ps
inst0 ch0:  C_CMD: WRCMD     C_r = 0x011   at time   65464453 ps
inst0 ch0:  C_CMD: WRCMD     C_f = 0x078   at time   65464867 ps
inst0 ch0:  C_CMD: WRCMD     C_r = 0x019   at time   65467765 ps
inst0 ch0:  C_CMD: WRCMD     C_f = 0x07a   at time   65468179 ps
inst0 ch0:  R_CMD: ACTCMD    R_r0= 0x02    at time   65484325 ps
inst0 ch0:  R_CMD: ACTCMD    R_f0= 0x11    at time   65484739 ps
inst0 ch0:  R_CMD: ACTCMD    R_r1= 0x3f    at time   65485153 ps
inst0 ch0:  R_CMD: ACTCMD    R_f1= 0x3b    at time   65485567 ps
inst0 ch0:  C_CMD: WRCMD     C_r = 0x001   at time   65495089 ps
inst0 ch0:  C_CMD: WRCMD     C_f = 0x078   at time   65495503 ps
inst0 ch0:  C_CMD: WRCMD     C_r = 0x009   at time   65498401 ps
inst0 ch0:  C_CMD: WRCMD     C_f = 0x07a   at time   65498815 ps
inst0 ch0:  R_CMD: ACTCMD    R_r0= 0x0a    at time   65633365 ps
inst0 ch0:  R_CMD: ACTCMD    R_f0= 0x19    at time   65633779 ps
inst0 ch0:  R_CMD: ACTCMD    R_r1= 0x3f    at time   65634193 ps
inst0 ch0:  R_CMD: ACTCMD    R_f1= 0x3b    at time   65634607 ps
inst0 ch0:  R_CMD: ACTCMD    R_r0= 0x02    at time   65637505 ps
inst0 ch0:  R_CMD: ACTCMD    R_f0= 0x19    at time   65637919 ps
inst0 ch0:  R_CMD: ACTCMD    R_r1= 0x3f    at time   65638333 ps
inst0 ch0:  R_CMD: ACTCMD    R_f1= 0x3b    at time   65638747 ps
inst0 ch0:  C_CMD: RDCMD     C_r = 0x015   at time   65648269 ps
inst0 ch0:  C_CMD: RDCMD     C_f = 0x0f8   at time   65648683 ps
inst0 ch0:  C_CMD: RDCMD     C_r = 0x01d   at time   65651581 ps
inst0 ch0:  C_CMD: RDCMD     C_f = 0x0fa   at time   65651995 ps
inst0 ch0:  C_CMD: RDCMD     C_r = 0x005   at time   65654893 ps
inst0 ch0:  C_CMD: RDCMD     C_f = 0x0f8   at time   65655307 ps
inst0 ch0:  C_CMD: RDCMD     C_r = 0x00d   at time   65658205 ps
inst0 ch0:  C_CMD: RDCMD     C_f = 0x0fa   at time   65658619 ps
inst0 ch0:  R_CMD: ACTCMD    R_r0= 0x0a    at time   65706229 ps
inst0 ch0:  R_CMD: ACTCMD    R_f0= 0x19    at time   65706643 ps
inst0 ch0:  R_CMD: ACTCMD    R_r1= 0x3f    at time   65707057 ps
inst0 ch0:  R_CMD: ACTCMD    R_f1= 0x3b    at time   65707471 ps
inst0 ch0:  R_CMD: ACTCMD    R_r0= 0x02    at time   65710369 ps
inst0 ch0:  R_CMD: ACTCMD    R_f0= 0x19    at time   65710783 ps
inst0 ch0:  R_CMD: ACTCMD    R_r1= 0x3f    at time   65711197 ps
inst0 ch0:  R_CMD: ACTCMD    R_f1= 0x3b    at time   65711611 ps
inst0 ch0:  C_CMD: WRCMD     C_r = 0x011   at time   65716993 ps
inst0 ch0:  C_CMD: WRCMD     C_f = 0x0f8   at time   65717407 ps
inst0 ch0:  C_CMD: WRCMD     C_r = 0x019   at time   65720305 ps
inst0 ch0:  C_CMD: WRCMD     C_f = 0x0fa   at time   65720719 ps
inst0 ch0:  C_CMD: WRCMD     C_r = 0x001   at time   65723617 ps
inst0 ch0:  C_CMD: WRCMD     C_f = 0x0f8   at time   65724031 ps
inst0 ch0:  C_CMD: WRCMD     C_r = 0x009   at time   65726929 ps
inst0 ch0:  C_CMD: WRCMD     C_f = 0x0fa   at time   65727343 ps
inst0 ch0:  R_CMD: ACTCMD    R_r0= 0x0a    at time   65751769 ps
inst0 ch0:  R_CMD: ACTCMD    R_f0= 0x02    at time   65752183 ps
inst0 ch0:  R_CMD: ACTCMD    R_r1= 0x00    at time   65752597 ps
inst0 ch0:  R_CMD: ACTCMD    R_f1= 0x00    at time   65753011 ps
inst0 ch0:  R_CMD: ACTCMD    R_r0= 0x02    at time   65755909 ps
inst0 ch0:  R_CMD: ACTCMD    R_f0= 0x02    at time   65756323 ps
inst0 ch0:  R_CMD: ACTCMD    R_r1= 0x00    at time   65756737 ps
inst0 ch0:  R_CMD: ACTCMD    R_f1= 0x00    at time   65757151 ps
inst0 ch0:  C_CMD: RDCMD     C_r = 0x015   at time   65766673 ps
inst0 ch0:  C_CMD: RDCMD     C_f = 0x000   at time   65767087 ps
inst0 ch0:  C_CMD: RDCMD     C_r = 0x01d   at time   65769985 ps
inst0 ch0:  C_CMD: RDCMD     C_f = 0x002   at time   65770399 ps
inst0 ch0:  C_CMD: RDCMD     C_r = 0x005   at time   65773297 ps
inst0 ch0:  C_CMD: RDCMD     C_f = 0x000   at time   65773711 ps
inst0 ch0:  C_CMD: RDCMD     C_r = 0x00d   at time   65776609 ps
inst0 ch0:  C_CMD: RDCMD     C_f = 0x002   at time   65777023 ps
inst0 ch0:  R_CMD: ACTCMD    R_r0= 0x0a    at time   65909917 ps
inst0 ch0:  R_CMD: ACTCMD    R_f0= 0x0a    at time   65910331 ps
inst0 ch0:  R_CMD: ACTCMD    R_r1= 0x00    at time   65910745 ps
inst0 ch0:  R_CMD: ACTCMD    R_f1= 0x00    at time   65911159 ps
inst0 ch0:  R_CMD: ACTCMD    R_r0= 0x02    at time   65914057 ps
inst0 ch0:  R_CMD: ACTCMD    R_f0= 0x0a    at time   65914471 ps
inst0 ch0:  R_CMD: ACTCMD    R_r1= 0x00    at time   65914885 ps
inst0 ch0:  R_CMD: ACTCMD    R_f1= 0x00    at time   65915299 ps
inst0 ch0:  C_CMD: RDCMD     C_r = 0x015   at time   65924821 ps
inst0 ch0:  C_CMD: RDCMD     C_f = 0x080   at time   65925235 ps
inst0 ch0:  C_CMD: RDCMD     C_r = 0x01d   at time   65928133 ps
inst0 ch0:  C_CMD: RDCMD     C_f = 0x082   at time   65928547 ps
inst0 ch0:  C_CMD: RDCMD     C_r = 0x005   at time   65931445 ps
inst0 ch0:  C_CMD: RDCMD     C_f = 0x080   at time   65931859 ps
inst0 ch0:  C_CMD: RDCMD     C_r = 0x00d   at time   65934757 ps
inst0 ch0:  C_CMD: RDCMD     C_f = 0x082   at time   65935171 ps
