inst0 ch0:  R_CMD: ACTCMD    R_r0= 0x0e    at time   33400981 ps
inst0 ch0:  R_CMD: ACTCMD    R_f0= 0x28    at time   33401395 ps
inst0 ch0:  R_CMD: ACTCMD    R_r1= 0x00    at time   33401809 ps
inst0 ch0:  R_CMD: ACTCMD    R_f1= 0x02    at time   33402223 ps
inst0 ch0:  C_CMD: RDCMD     C_r = 0x095   at time   33415885 ps
inst0 ch0:  C_CMD: RDCMD     C_f = 0x0a9   at time   33416299 ps
inst0 ch0:  R_CMD: ACTCMD    R_r0= 0x0e    at time   33418369 ps
inst0 ch0:  R_CMD: ACTCMD    R_f0= 0x20    at time   33418783 ps
inst0 ch0:  R_CMD: ACTCMD    R_r1= 0x00    at time   33419197 ps
inst0 ch0:  C_CMD: RDCMD     C_r = 0x095   at time   33419197 ps
inst0 ch0:  R_CMD: ACTCMD    R_f1= 0x02    at time   33419611 ps
inst0 ch0:  C_CMD: RDCMD     C_f = 0x0ab   at time   33419611 ps
inst0 ch0:  C_CMD: RDCMD     C_r = 0x095   at time   33422509 ps
inst0 ch0:  C_CMD: RDCMD     C_f = 0x0a1   at time   33422923 ps
inst0 ch0:  C_CMD: RDCMD     C_r = 0x09d   at time   33425821 ps
inst0 ch0:  C_CMD: RDCMD     C_f = 0x0a3   at time   33426235 ps
inst0 ch0:  C_CMD: RDCMD     C_r = 0x095   at time   33433273 ps
inst0 ch0:  C_CMD: RDCMD     C_f = 0x029   at time   33433687 ps
inst0 ch0:  C_CMD: RDCMD     C_r = 0x095   at time   33436585 ps
inst0 ch0:  C_CMD: RDCMD     C_f = 0x02b   at time   33436999 ps
inst0 ch0:  C_CMD: RDCMD     C_r = 0x095   at time   33439897 ps
inst0 ch0:  C_CMD: RDCMD     C_f = 0x021   at time   33440311 ps
inst0 ch0:  C_CMD: RDCMD     C_r = 0x09d   at time   33443209 ps
inst0 ch0:  C_CMD: RDCMD     C_f = 0x023   at time   33443623 ps
inst0 ch0:  R_CMD: ACTCMD    R_r0= 0x0e    at time   33559957 ps
inst0 ch0:  R_CMD: ACTCMD    R_f0= 0x28    at time   33560371 ps
inst0 ch0:  R_CMD: ACTCMD    R_r1= 0x00    at time   33560785 ps
inst0 ch0:  R_CMD: ACTCMD    R_f1= 0x02    at time   33561199 ps
inst0 ch0:  R_CMD: ACTCMD    R_r0= 0x0e    at time   33561613 ps
inst0 ch0:  R_CMD: ACTCMD    R_f0= 0x20    at time   33562027 ps
inst0 ch0:  R_CMD: ACTCMD    R_r1= 0x00    at time   33562441 ps
inst0 ch0:  R_CMD: ACTCMD    R_f1= 0x02    at time   33562855 ps
inst0 ch0:  C_CMD: WRCMD     C_r = 0x091   at time   33570721 ps
inst0 ch0:  C_CMD: WRCMD     C_f = 0x0a9   at time   33571135 ps
inst0 ch0:  C_CMD: WRCMD     C_r = 0x091   at time   33572377 ps
inst0 ch0:  C_CMD: WRCMD     C_f = 0x029   at time   33572791 ps
inst0 ch0:  C_CMD: WRCMD     C_r = 0x091   at time   33574033 ps
inst0 ch0:  C_CMD: WRCMD     C_f = 0x0ab   at time   33574447 ps
inst0 ch0:  C_CMD: WRCMD     C_r = 0x091   at time   33575689 ps
inst0 ch0:  C_CMD: WRCMD     C_f = 0x02b   at time   33576103 ps
inst0 ch0:  C_CMD: WRCMD     C_r = 0x091   at time   33577345 ps
inst0 ch0:  C_CMD: WRCMD     C_f = 0x0a1   at time   33577759 ps
inst0 ch0:  C_CMD: WRCMD     C_r = 0x091   at time   33579001 ps
inst0 ch0:  C_CMD: WRCMD     C_f = 0x021   at time   33579415 ps
inst0 ch0:  C_CMD: WRCMD     C_r = 0x099   at time   33580657 ps
inst0 ch0:  C_CMD: WRCMD     C_f = 0x0a3   at time   33581071 ps
inst0 ch0:  C_CMD: WRCMD     C_r = 0x099   at time   33582313 ps
inst0 ch0:  C_CMD: WRCMD     C_f = 0x023   at time   33582727 ps
inst0 ch0:  R_CMD: ACTCMD    R_r0= 0x26    at time   37611361 ps
inst0 ch0:  R_CMD: ACTCMD    R_f0= 0x28    at time   37611775 ps
inst0 ch0:  R_CMD: ACTCMD    R_r1= 0x00    at time   37612189 ps
inst0 ch0:  R_CMD: ACTCMD    R_f1= 0x02    at time   37612603 ps
inst0 ch0:  R_CMD: ACTCMD    R_r0= 0x26    at time   37613845 ps
inst0 ch0:  R_CMD: ACTCMD    R_f0= 0x20    at time   37614259 ps
inst0 ch0:  R_CMD: ACTCMD    R_r1= 0x00    at time   37614673 ps
inst0 ch0:  R_CMD: ACTCMD    R_f1= 0x02    at time   37615087 ps
inst0 ch0:  C_CMD: RDCMD     C_r = 0x0c5   at time   37626265 ps
inst0 ch0:  C_CMD: RDCMD     C_f = 0x0a9   at time   37626679 ps
inst0 ch0:  C_CMD: RDCMD     C_r = 0x0c5   at time   37628749 ps
inst0 ch0:  C_CMD: RDCMD     C_f = 0x029   at time   37629163 ps
inst0 ch0:  C_CMD: RDCMD     C_r = 0x0c5   at time   37629577 ps
inst0 ch0:  C_CMD: RDCMD     C_f = 0x0ab   at time   37629991 ps
inst0 ch0:  C_CMD: RDCMD     C_r = 0x0c5   at time   37632061 ps
inst0 ch0:  C_CMD: RDCMD     C_f = 0x02b   at time   37632475 ps
inst0 ch0:  C_CMD: RDCMD     C_r = 0x0c5   at time   37632889 ps
inst0 ch0:  C_CMD: RDCMD     C_f = 0x0a1   at time   37633303 ps
inst0 ch0:  C_CMD: RDCMD     C_r = 0x0c5   at time   37635373 ps
inst0 ch0:  C_CMD: RDCMD     C_f = 0x021   at time   37635787 ps
inst0 ch0:  C_CMD: RDCMD     C_r = 0x0cd   at time   37636201 ps
inst0 ch0:  C_CMD: RDCMD     C_f = 0x0a3   at time   37636615 ps
inst0 ch0:  C_CMD: RDCMD     C_r = 0x0cd   at time   37638685 ps
inst0 ch0:  C_CMD: RDCMD     C_f = 0x023   at time   37639099 ps
inst0 ch0:  R_CMD: ACTCMD    R_r0= 0x26    at time   37681741 ps
inst0 ch0:  R_CMD: ACTCMD    R_f0= 0x28    at time   37682155 ps
inst0 ch0:  R_CMD: ACTCMD    R_r1= 0x00    at time   37682569 ps
inst0 ch0:  R_CMD: ACTCMD    R_f1= 0x02    at time   37682983 ps
inst0 ch0:  R_CMD: ACTCMD    R_r0= 0x26    at time   37684225 ps
inst0 ch0:  R_CMD: ACTCMD    R_f0= 0x20    at time   37684639 ps
inst0 ch0:  R_CMD: ACTCMD    R_r1= 0x00    at time   37685053 ps
inst0 ch0:  R_CMD: ACTCMD    R_f1= 0x02    at time   37685467 ps
inst0 ch0:  C_CMD: WRCMD     C_r = 0x0c1   at time   37692505 ps
inst0 ch0:  C_CMD: WRCMD     C_f = 0x0a9   at time   37692919 ps
inst0 ch0:  C_CMD: WRCMD     C_r = 0x0c1   at time   37694989 ps
inst0 ch0:  C_CMD: WRCMD     C_f = 0x029   at time   37695403 ps
inst0 ch0:  C_CMD: WRCMD     C_r = 0x0c1   at time   37695817 ps
inst0 ch0:  C_CMD: WRCMD     C_f = 0x0ab   at time   37696231 ps
inst0 ch0:  C_CMD: WRCMD     C_r = 0x0c1   at time   37698301 ps
inst0 ch0:  C_CMD: WRCMD     C_f = 0x02b   at time   37698715 ps
inst0 ch0:  C_CMD: WRCMD     C_r = 0x0c1   at time   37699129 ps
inst0 ch0:  C_CMD: WRCMD     C_f = 0x0a1   at time   37699543 ps
inst0 ch0:  C_CMD: WRCMD     C_r = 0x0c1   at time   37701613 ps
inst0 ch0:  C_CMD: WRCMD     C_f = 0x021   at time   37702027 ps
inst0 ch0:  C_CMD: WRCMD     C_r = 0x0c9   at time   37702441 ps
inst0 ch0:  C_CMD: WRCMD     C_f = 0x0a3   at time   37702855 ps
inst0 ch0:  C_CMD: WRCMD     C_r = 0x0c9   at time   37704925 ps
inst0 ch0:  C_CMD: WRCMD     C_f = 0x023   at time   37705339 ps
inst0 ch0:  R_CMD: ACTCMD    R_r0= 0x2e    at time   37829953 ps
inst0 ch0:  R_CMD: ACTCMD    R_f0= 0x28    at time   37830367 ps
inst0 ch0:  R_CMD: ACTCMD    R_r1= 0x00    at time   37830781 ps
inst0 ch0:  R_CMD: ACTCMD    R_f1= 0x02    at time   37831195 ps
inst0 ch0:  C_CMD: RDCMD     C_r = 0x0d5   at time   37844857 ps
inst0 ch0:  C_CMD: RDCMD     C_f = 0x0a1   at time   37845271 ps
inst0 ch0:  C_CMD: RDCMD     C_r = 0x0dd   at time   37848169 ps
inst0 ch0:  C_CMD: RDCMD     C_f = 0x0a3   at time   37848583 ps
inst0 ch0:  R_CMD: ACTCMD    R_r0= 0x2e    at time   37868041 ps
inst0 ch0:  R_CMD: ACTCMD    R_f0= 0x20    at time   37868455 ps
inst0 ch0:  R_CMD: ACTCMD    R_r1= 0x00    at time   37868869 ps
inst0 ch0:  R_CMD: ACTCMD    R_f1= 0x02    at time   37869283 ps
inst0 ch0:  C_CMD: RDCMD     C_r = 0x0d5   at time   37882945 ps
inst0 ch0:  C_CMD: RDCMD     C_f = 0x021   at time   37883359 ps
inst0 ch0:  C_CMD: RDCMD     C_r = 0x0dd   at time   37886257 ps
inst0 ch0:  C_CMD: RDCMD     C_f = 0x023   at time   37886671 ps
inst0 ch0:  R_CMD: ACTCMD    R_r0= 0x2e    at time   37911925 ps
inst0 ch0:  R_CMD: ACTCMD    R_f0= 0x28    at time   37912339 ps
inst0 ch0:  R_CMD: ACTCMD    R_r1= 0x00    at time   37912753 ps
inst0 ch0:  R_CMD: ACTCMD    R_f1= 0x02    at time   37913167 ps
inst0 ch0:  C_CMD: WRCMD     C_r = 0x0d1   at time   37922689 ps
inst0 ch0:  C_CMD: WRCMD     C_f = 0x0a1   at time   37923103 ps
inst0 ch0:  C_CMD: WRCMD     C_r = 0x0d9   at time   37926001 ps
inst0 ch0:  C_CMD: WRCMD     C_f = 0x0a3   at time   37926415 ps
inst0 ch0:  R_CMD: ACTCMD    R_r0= 0x2e    at time   37938421 ps
inst0 ch0:  R_CMD: ACTCMD    R_f0= 0x20    at time   37938835 ps
inst0 ch0:  R_CMD: ACTCMD    R_r1= 0x00    at time   37939249 ps
inst0 ch0:  R_CMD: ACTCMD    R_f1= 0x02    at time   37939663 ps
inst0 ch0:  C_CMD: WRCMD     C_r = 0x0d1   at time   37949185 ps
inst0 ch0:  C_CMD: WRCMD     C_f = 0x021   at time   37949599 ps
inst0 ch0:  C_CMD: WRCMD     C_r = 0x0d9   at time   37952497 ps
inst0 ch0:  C_CMD: WRCMD     C_f = 0x023   at time   37952911 ps
inst0 ch0:  R_CMD: ACTCMD    R_r0= 0x16    at time   46364977 ps
inst0 ch0:  R_CMD: ACTCMD    R_f0= 0x00    at time   46365391 ps
inst0 ch0:  R_CMD: ACTCMD    R_r1= 0x00    at time   46365805 ps
inst0 ch0:  R_CMD: ACTCMD    R_f1= 0x02    at time   46366219 ps
inst0 ch0:  C_CMD: RDCMD     C_r = 0x025   at time   46379881 ps
inst0 ch0:  C_CMD: RDCMD     C_f = 0x021   at time   46380295 ps
inst0 ch0:  C_CMD: RDCMD     C_r = 0x02d   at time   46383193 ps
inst0 ch0:  C_CMD: RDCMD     C_f = 0x023   at time   46383607 ps
inst0 ch0:  R_CMD: ACTCMD    R_r0= 0x16    at time   46435357 ps
inst0 ch0:  R_CMD: ACTCMD    R_f0= 0x00    at time   46435771 ps
inst0 ch0:  R_CMD: ACTCMD    R_r1= 0x00    at time   46436185 ps
inst0 ch0:  R_CMD: ACTCMD    R_f1= 0x02    at time   46436599 ps
inst0 ch0:  C_CMD: WRCMD     C_r = 0x021   at time   46446121 ps
inst0 ch0:  C_CMD: WRCMD     C_f = 0x021   at time   46446535 ps
inst0 ch0:  C_CMD: WRCMD     C_r = 0x029   at time   46449433 ps
inst0 ch0:  C_CMD: WRCMD     C_f = 0x023   at time   46449847 ps
inst0 ch0:  R_CMD: ACTCMD    R_r0= 0x22    at time   54644977 ps
inst0 ch0:  R_CMD: ACTCMD    R_f0= 0x22    at time   54645391 ps
inst0 ch0:  R_CMD: ACTCMD    R_r1= 0x00    at time   54645805 ps
inst0 ch0:  R_CMD: ACTCMD    R_f1= 0x00    at time   54646219 ps
inst0 ch0:  R_CMD: ACTCMD    R_r0= 0x22    at time   54646633 ps
inst0 ch0:  R_CMD: ACTCMD    R_f0= 0x2a    at time   54647047 ps
inst0 ch0:  R_CMD: ACTCMD    R_r1= 0x00    at time   54647461 ps
inst0 ch0:  R_CMD: ACTCMD    R_f1= 0x00    at time   54647875 ps
inst0 ch0:  R_CMD: ACTCMD    R_r0= 0x02    at time   54649117 ps
inst0 ch0:  R_CMD: ACTCMD    R_f0= 0x22    at time   54649531 ps
inst0 ch0:  R_CMD: ACTCMD    R_r1= 0x00    at time   54649945 ps
inst0 ch0:  R_CMD: ACTCMD    R_f1= 0x00    at time   54650359 ps
inst0 ch0:  R_CMD: ACTCMD    R_r0= 0x02    at time   54650773 ps
inst0 ch0:  R_CMD: ACTCMD    R_f0= 0x2a    at time   54651187 ps
inst0 ch0:  R_CMD: ACTCMD    R_r1= 0x00    at time   54651601 ps
inst0 ch0:  R_CMD: ACTCMD    R_f1= 0x00    at time   54652015 ps
inst0 ch0:  R_CMD: ACTCMD    R_r0= 0x22    at time   54653257 ps
inst0 ch0:  R_CMD: ACTCMD    R_f0= 0x02    at time   54653671 ps
inst0 ch0:  R_CMD: ACTCMD    R_r1= 0x00    at time   54654085 ps
inst0 ch0:  R_CMD: ACTCMD    R_f1= 0x00    at time   54654499 ps
inst0 ch0:  R_CMD: ACTCMD    R_r0= 0x22    at time   54654913 ps
inst0 ch0:  R_CMD: ACTCMD    R_f0= 0x0a    at time   54655327 ps
inst0 ch0:  R_CMD: ACTCMD    R_r1= 0x00    at time   54655741 ps
inst0 ch0:  R_CMD: ACTCMD    R_f1= 0x00    at time   54656155 ps
inst0 ch0:  R_CMD: ACTCMD    R_r0= 0x02    at time   54657397 ps
inst0 ch0:  R_CMD: ACTCMD    R_f0= 0x02    at time   54657811 ps
inst0 ch0:  R_CMD: ACTCMD    R_r1= 0x00    at time   54658225 ps
inst0 ch0:  R_CMD: ACTCMD    R_f1= 0x00    at time   54658639 ps
inst0 ch0:  R_CMD: ACTCMD    R_r0= 0x02    at time   54659053 ps
inst0 ch0:  R_CMD: ACTCMD    R_f0= 0x0a    at time   54659467 ps
inst0 ch0:  R_CMD: ACTCMD    R_r1= 0x00    at time   54659881 ps
inst0 ch0:  C_CMD: RDCMD     C_r = 0x0c5   at time   54659881 ps
inst0 ch0:  R_CMD: ACTCMD    R_f1= 0x00    at time   54660295 ps
inst0 ch0:  C_CMD: RDCMD     C_f = 0x000   at time   54660295 ps
inst0 ch0:  C_CMD: RDCMD     C_r = 0x0c5   at time   54661537 ps
inst0 ch0:  C_CMD: RDCMD     C_f = 0x080   at time   54661951 ps
inst0 ch0:  C_CMD: RDCMD     C_r = 0x0cd   at time   54663193 ps
inst0 ch0:  C_CMD: RDCMD     C_f = 0x002   at time   54663607 ps
inst0 ch0:  C_CMD: RDCMD     C_r = 0x085   at time   54664849 ps
inst0 ch0:  C_CMD: RDCMD     C_f = 0x000   at time   54665263 ps
inst0 ch0:  C_CMD: RDCMD     C_r = 0x0cd   at time   54665677 ps
inst0 ch0:  C_CMD: RDCMD     C_f = 0x082   at time   54666091 ps
inst0 ch0:  C_CMD: RDCMD     C_r = 0x085   at time   54667333 ps
inst0 ch0:  C_CMD: RDCMD     C_f = 0x080   at time   54667747 ps
inst0 ch0:  C_CMD: RDCMD     C_r = 0x08d   at time   54668161 ps
inst0 ch0:  C_CMD: RDCMD     C_f = 0x002   at time   54668575 ps
inst0 ch0:  C_CMD: RDCMD     C_r = 0x045   at time   54669817 ps
inst0 ch0:  C_CMD: RDCMD     C_f = 0x000   at time   54670231 ps
inst0 ch0:  C_CMD: RDCMD     C_r = 0x08d   at time   54670645 ps
inst0 ch0:  C_CMD: RDCMD     C_f = 0x082   at time   54671059 ps
inst0 ch0:  C_CMD: RDCMD     C_r = 0x005   at time   54672301 ps
inst0 ch0:  C_CMD: RDCMD     C_f = 0x000   at time   54672715 ps
inst0 ch0:  C_CMD: RDCMD     C_r = 0x045   at time   54673129 ps
inst0 ch0:  C_CMD: RDCMD     C_f = 0x080   at time   54673543 ps
inst0 ch0:  C_CMD: RDCMD     C_r = 0x04d   at time   54673957 ps
inst0 ch0:  C_CMD: RDCMD     C_f = 0x002   at time   54674371 ps
inst0 ch0:  C_CMD: RDCMD     C_r = 0x005   at time   54674785 ps
inst0 ch0:  C_CMD: RDCMD     C_f = 0x080   at time   54675199 ps
inst0 ch0:  C_CMD: RDCMD     C_r = 0x00d   at time   54675613 ps
inst0 ch0:  C_CMD: RDCMD     C_f = 0x002   at time   54676027 ps
inst0 ch0:  C_CMD: RDCMD     C_r = 0x04d   at time   54676441 ps
inst0 ch0:  C_CMD: RDCMD     C_f = 0x082   at time   54676855 ps
inst0 ch0:  C_CMD: RDCMD     C_r = 0x00d   at time   54678097 ps
inst0 ch0:  C_CMD: RDCMD     C_f = 0x082   at time   54678511 ps
inst0 ch0:  R_CMD: ACTCMD    R_r0= 0x2a    at time   55210501 ps
inst0 ch0:  R_CMD: ACTCMD    R_f0= 0x22    at time   55210915 ps
inst0 ch0:  R_CMD: ACTCMD    R_r1= 0x00    at time   55211329 ps
inst0 ch0:  R_CMD: ACTCMD    R_f1= 0x00    at time   55211743 ps
inst0 ch0:  R_CMD: ACTCMD    R_r0= 0x0a    at time   55214641 ps
inst0 ch0:  R_CMD: ACTCMD    R_f0= 0x22    at time   55215055 ps
inst0 ch0:  R_CMD: ACTCMD    R_r1= 0x00    at time   55215469 ps
inst0 ch0:  R_CMD: ACTCMD    R_f1= 0x00    at time   55215883 ps
inst0 ch0:  R_CMD: ACTCMD    R_r0= 0x2a    at time   55218781 ps
inst0 ch0:  R_CMD: ACTCMD    R_f0= 0x02    at time   55219195 ps
inst0 ch0:  R_CMD: ACTCMD    R_r1= 0x00    at time   55219609 ps
inst0 ch0:  R_CMD: ACTCMD    R_f1= 0x00    at time   55220023 ps
inst0 ch0:  R_CMD: ACTCMD    R_r0= 0x0a    at time   55222921 ps
inst0 ch0:  R_CMD: ACTCMD    R_f0= 0x02    at time   55223335 ps
inst0 ch0:  R_CMD: ACTCMD    R_r1= 0x00    at time   55223749 ps
inst0 ch0:  R_CMD: ACTCMD    R_f1= 0x00    at time   55224163 ps
inst0 ch0:  C_CMD: RDCMD     C_r = 0x0d5   at time   55225405 ps
inst0 ch0:  C_CMD: RDCMD     C_f = 0x000   at time   55225819 ps
inst0 ch0:  C_CMD: RDCMD     C_r = 0x0dd   at time   55228717 ps
inst0 ch0:  C_CMD: RDCMD     C_f = 0x002   at time   55229131 ps
inst0 ch0:  C_CMD: RDCMD     C_r = 0x095   at time   55230373 ps
inst0 ch0:  C_CMD: RDCMD     C_f = 0x000   at time   55230787 ps
inst0 ch0:  R_CMD: ACTCMD    R_r0= 0x2a    at time   55233685 ps
inst0 ch0:  C_CMD: RDCMD     C_r = 0x09d   at time   55233685 ps
inst0 ch0:  R_CMD: ACTCMD    R_f0= 0x2a    at time   55234099 ps
inst0 ch0:  C_CMD: RDCMD     C_f = 0x002   at time   55234099 ps
inst0 ch0:  R_CMD: ACTCMD    R_r1= 0x00    at time   55234513 ps
inst0 ch0:  R_CMD: ACTCMD    R_f1= 0x00    at time   55234927 ps
inst0 ch0:  C_CMD: RDCMD     C_r = 0x055   at time   55235341 ps
inst0 ch0:  C_CMD: RDCMD     C_f = 0x000   at time   55235755 ps
inst0 ch0:  R_CMD: ACTCMD    R_r0= 0x0a    at time   55237825 ps
inst0 ch0:  C_CMD: RDCMD     C_r = 0x015   at time   55237825 ps
inst0 ch0:  R_CMD: ACTCMD    R_f0= 0x2a    at time   55238239 ps
inst0 ch0:  C_CMD: RDCMD     C_f = 0x000   at time   55238239 ps
inst0 ch0:  R_CMD: ACTCMD    R_r1= 0x00    at time   55238653 ps
inst0 ch0:  R_CMD: ACTCMD    R_f1= 0x00    at time   55239067 ps
inst0 ch0:  C_CMD: RDCMD     C_r = 0x05d   at time   55239481 ps
inst0 ch0:  C_CMD: RDCMD     C_f = 0x002   at time   55239895 ps
inst0 ch0:  C_CMD: RDCMD     C_r = 0x01d   at time   55241137 ps
inst0 ch0:  C_CMD: RDCMD     C_f = 0x002   at time   55241551 ps
inst0 ch0:  R_CMD: ACTCMD    R_r0= 0x2a    at time   55241965 ps
inst0 ch0:  R_CMD: ACTCMD    R_f0= 0x0a    at time   55242379 ps
inst0 ch0:  R_CMD: ACTCMD    R_r1= 0x00    at time   55242793 ps
inst0 ch0:  R_CMD: ACTCMD    R_f1= 0x00    at time   55243207 ps
inst0 ch0:  R_CMD: ACTCMD    R_r0= 0x0a    at time   55246105 ps
inst0 ch0:  R_CMD: ACTCMD    R_f0= 0x0a    at time   55246519 ps
inst0 ch0:  R_CMD: ACTCMD    R_r1= 0x00    at time   55246933 ps
inst0 ch0:  R_CMD: ACTCMD    R_f1= 0x00    at time   55247347 ps
inst0 ch0:  C_CMD: RDCMD     C_r = 0x0d5   at time   55248589 ps
inst0 ch0:  C_CMD: RDCMD     C_f = 0x080   at time   55249003 ps
inst0 ch0:  C_CMD: RDCMD     C_r = 0x0dd   at time   55251901 ps
inst0 ch0:  C_CMD: RDCMD     C_f = 0x082   at time   55252315 ps
inst0 ch0:  C_CMD: RDCMD     C_r = 0x095   at time   55253557 ps
inst0 ch0:  C_CMD: RDCMD     C_f = 0x080   at time   55253971 ps
inst0 ch0:  C_CMD: RDCMD     C_r = 0x09d   at time   55256869 ps
inst0 ch0:  C_CMD: RDCMD     C_f = 0x082   at time   55257283 ps
inst0 ch0:  C_CMD: RDCMD     C_r = 0x055   at time   55258525 ps
inst0 ch0:  C_CMD: RDCMD     C_f = 0x080   at time   55258939 ps
inst0 ch0:  C_CMD: RDCMD     C_r = 0x015   at time   55261009 ps
inst0 ch0:  C_CMD: RDCMD     C_f = 0x080   at time   55261423 ps
inst0 ch0:  C_CMD: RDCMD     C_r = 0x05d   at time   55262665 ps
inst0 ch0:  C_CMD: RDCMD     C_f = 0x082   at time   55263079 ps
inst0 ch0:  C_CMD: RDCMD     C_r = 0x01d   at time   55264321 ps
inst0 ch0:  C_CMD: RDCMD     C_f = 0x082   at time   55264735 ps
inst0 ch0:  R_CMD: ACTCMD    R_r0= 0x32    at time   55482085 ps
inst0 ch0:  R_CMD: ACTCMD    R_f0= 0x22    at time   55482499 ps
inst0 ch0:  R_CMD: ACTCMD    R_r1= 0x00    at time   55482913 ps
inst0 ch0:  R_CMD: ACTCMD    R_f1= 0x00    at time   55483327 ps
inst0 ch0:  R_CMD: ACTCMD    R_r0= 0x12    at time   55486225 ps
inst0 ch0:  R_CMD: ACTCMD    R_f0= 0x22    at time   55486639 ps
inst0 ch0:  R_CMD: ACTCMD    R_r1= 0x00    at time   55487053 ps
inst0 ch0:  R_CMD: ACTCMD    R_f1= 0x00    at time   55487467 ps
inst0 ch0:  R_CMD: ACTCMD    R_r0= 0x32    at time   55490365 ps
inst0 ch0:  R_CMD: ACTCMD    R_f0= 0x02    at time   55490779 ps
inst0 ch0:  R_CMD: ACTCMD    R_r1= 0x00    at time   55491193 ps
inst0 ch0:  R_CMD: ACTCMD    R_f1= 0x00    at time   55491607 ps
inst0 ch0:  R_CMD: ACTCMD    R_r0= 0x12    at time   55494505 ps
inst0 ch0:  R_CMD: ACTCMD    R_f0= 0x02    at time   55494919 ps
inst0 ch0:  R_CMD: ACTCMD    R_r1= 0x00    at time   55495333 ps
inst0 ch0:  R_CMD: ACTCMD    R_f1= 0x00    at time   55495747 ps
inst0 ch0:  C_CMD: RDCMD     C_r = 0x0e5   at time   55496989 ps
inst0 ch0:  C_CMD: RDCMD     C_f = 0x000   at time   55497403 ps
inst0 ch0:  C_CMD: RDCMD     C_r = 0x0ed   at time   55500301 ps
inst0 ch0:  C_CMD: RDCMD     C_f = 0x002   at time   55500715 ps
inst0 ch0:  C_CMD: RDCMD     C_r = 0x0a5   at time   55501957 ps
inst0 ch0:  C_CMD: RDCMD     C_f = 0x000   at time   55502371 ps
inst0 ch0:  C_CMD: RDCMD     C_r = 0x0ad   at time   55505269 ps
inst0 ch0:  C_CMD: RDCMD     C_f = 0x002   at time   55505683 ps
inst0 ch0:  C_CMD: RDCMD     C_r = 0x065   at time   55506925 ps
inst0 ch0:  C_CMD: RDCMD     C_f = 0x000   at time   55507339 ps
inst0 ch0:  C_CMD: RDCMD     C_r = 0x025   at time   55509409 ps
inst0 ch0:  C_CMD: RDCMD     C_f = 0x000   at time   55509823 ps
inst0 ch0:  C_CMD: RDCMD     C_r = 0x06d   at time   55511065 ps
inst0 ch0:  C_CMD: RDCMD     C_f = 0x002   at time   55511479 ps
inst0 ch0:  C_CMD: RDCMD     C_r = 0x02d   at time   55512721 ps
inst0 ch0:  C_CMD: RDCMD     C_f = 0x002   at time   55513135 ps
inst0 ch0:  R_CMD: ACTCMD    R_r0= 0x32    at time   55536733 ps
inst0 ch0:  R_CMD: ACTCMD    R_f0= 0x2a    at time   55537147 ps
inst0 ch0:  R_CMD: ACTCMD    R_r1= 0x00    at time   55537561 ps
inst0 ch0:  R_CMD: ACTCMD    R_f1= 0x00    at time   55537975 ps
inst0 ch0:  R_CMD: ACTCMD    R_r0= 0x12    at time   55540873 ps
inst0 ch0:  R_CMD: ACTCMD    R_f0= 0x2a    at time   55541287 ps
inst0 ch0:  R_CMD: ACTCMD    R_r1= 0x00    at time   55541701 ps
inst0 ch0:  R_CMD: ACTCMD    R_f1= 0x00    at time   55542115 ps
inst0 ch0:  R_CMD: ACTCMD    R_r0= 0x32    at time   55545013 ps
inst0 ch0:  R_CMD: ACTCMD    R_f0= 0x0a    at time   55545427 ps
inst0 ch0:  R_CMD: ACTCMD    R_r1= 0x00    at time   55545841 ps
inst0 ch0:  R_CMD: ACTCMD    R_f1= 0x00    at time   55546255 ps
inst0 ch0:  R_CMD: ACTCMD    R_r0= 0x12    at time   55549153 ps
inst0 ch0:  R_CMD: ACTCMD    R_f0= 0x0a    at time   55549567 ps
inst0 ch0:  R_CMD: ACTCMD    R_r1= 0x00    at time   55549981 ps
inst0 ch0:  R_CMD: ACTCMD    R_f1= 0x00    at time   55550395 ps
inst0 ch0:  C_CMD: RDCMD     C_r = 0x0e5   at time   55551637 ps
inst0 ch0:  C_CMD: RDCMD     C_f = 0x080   at time   55552051 ps
inst0 ch0:  C_CMD: RDCMD     C_r = 0x0ed   at time   55554949 ps
inst0 ch0:  C_CMD: RDCMD     C_f = 0x082   at time   55555363 ps
inst0 ch0:  C_CMD: RDCMD     C_r = 0x0a5   at time   55556605 ps
inst0 ch0:  C_CMD: RDCMD     C_f = 0x080   at time   55557019 ps
inst0 ch0:  C_CMD: RDCMD     C_r = 0x0ad   at time   55559917 ps
inst0 ch0:  C_CMD: RDCMD     C_f = 0x082   at time   55560331 ps
inst0 ch0:  C_CMD: RDCMD     C_r = 0x065   at time   55561573 ps
inst0 ch0:  C_CMD: RDCMD     C_f = 0x080   at time   55561987 ps
inst0 ch0:  C_CMD: RDCMD     C_r = 0x025   at time   55564057 ps
inst0 ch0:  C_CMD: RDCMD     C_f = 0x080   at time   55564471 ps
inst0 ch0:  C_CMD: RDCMD     C_r = 0x06d   at time   55565713 ps
inst0 ch0:  C_CMD: RDCMD     C_f = 0x082   at time   55566127 ps
inst0 ch0:  C_CMD: RDCMD     C_r = 0x02d   at time   55567369 ps
inst0 ch0:  C_CMD: RDCMD     C_f = 0x082   at time   55567783 ps
inst0 ch0:  R_CMD: ACTCMD    R_r0= 0x3a    at time   55918441 ps
inst0 ch0:  R_CMD: ACTCMD    R_f0= 0x22    at time   55918855 ps
inst0 ch0:  R_CMD: ACTCMD    R_r1= 0x00    at time   55919269 ps
inst0 ch0:  R_CMD: ACTCMD    R_f1= 0x00    at time   55919683 ps
inst0 ch0:  R_CMD: ACTCMD    R_r0= 0x1a    at time   55922581 ps
inst0 ch0:  R_CMD: ACTCMD    R_f0= 0x22    at time   55922995 ps
inst0 ch0:  R_CMD: ACTCMD    R_r1= 0x00    at time   55923409 ps
inst0 ch0:  R_CMD: ACTCMD    R_f1= 0x00    at time   55923823 ps
inst0 ch0:  R_CMD: ACTCMD    R_r0= 0x3a    at time   55926721 ps
inst0 ch0:  R_CMD: ACTCMD    R_f0= 0x02    at time   55927135 ps
inst0 ch0:  R_CMD: ACTCMD    R_r1= 0x00    at time   55927549 ps
inst0 ch0:  R_CMD: ACTCMD    R_f1= 0x00    at time   55927963 ps
inst0 ch0:  R_CMD: ACTCMD    R_r0= 0x1a    at time   55930861 ps
inst0 ch0:  R_CMD: ACTCMD    R_f0= 0x02    at time   55931275 ps
inst0 ch0:  R_CMD: ACTCMD    R_r1= 0x00    at time   55931689 ps
inst0 ch0:  R_CMD: ACTCMD    R_f1= 0x00    at time   55932103 ps
inst0 ch0:  C_CMD: RDCMD     C_r = 0x0f5   at time   55933345 ps
inst0 ch0:  C_CMD: RDCMD     C_f = 0x000   at time   55933759 ps
inst0 ch0:  C_CMD: RDCMD     C_r = 0x0fd   at time   55936657 ps
inst0 ch0:  C_CMD: RDCMD     C_f = 0x002   at time   55937071 ps
inst0 ch0:  C_CMD: RDCMD     C_r = 0x0b5   at time   55938313 ps
inst0 ch0:  C_CMD: RDCMD     C_f = 0x000   at time   55938727 ps
inst0 ch0:  C_CMD: RDCMD     C_r = 0x0bd   at time   55941625 ps
inst0 ch0:  C_CMD: RDCMD     C_f = 0x002   at time   55942039 ps
inst0 ch0:  C_CMD: RDCMD     C_r = 0x075   at time   55943281 ps
inst0 ch0:  C_CMD: RDCMD     C_f = 0x000   at time   55943695 ps
inst0 ch0:  C_CMD: RDCMD     C_r = 0x035   at time   55945765 ps
inst0 ch0:  C_CMD: RDCMD     C_f = 0x000   at time   55946179 ps
inst0 ch0:  C_CMD: RDCMD     C_r = 0x07d   at time   55947421 ps
inst0 ch0:  C_CMD: RDCMD     C_f = 0x002   at time   55947835 ps
inst0 ch0:  C_CMD: RDCMD     C_r = 0x03d   at time   55949077 ps
inst0 ch0:  C_CMD: RDCMD     C_f = 0x002   at time   55949491 ps
inst0 ch0:  R_CMD: ACTCMD    R_r0= 0x3a    at time   56223145 ps
inst0 ch0:  R_CMD: ACTCMD    R_f0= 0x2a    at time   56223559 ps
inst0 ch0:  R_CMD: ACTCMD    R_r1= 0x00    at time   56223973 ps
inst0 ch0:  R_CMD: ACTCMD    R_f1= 0x00    at time   56224387 ps
inst0 ch0:  R_CMD: ACTCMD    R_r0= 0x1a    at time   56227285 ps
inst0 ch0:  R_CMD: ACTCMD    R_f0= 0x2a    at time   56227699 ps
inst0 ch0:  R_CMD: ACTCMD    R_r1= 0x00    at time   56228113 ps
inst0 ch0:  R_CMD: ACTCMD    R_f1= 0x00    at time   56228527 ps
inst0 ch0:  R_CMD: ACTCMD    R_r0= 0x3a    at time   56231425 ps
inst0 ch0:  R_CMD: ACTCMD    R_f0= 0x0a    at time   56231839 ps
inst0 ch0:  R_CMD: ACTCMD    R_r1= 0x00    at time   56232253 ps
inst0 ch0:  R_CMD: ACTCMD    R_f1= 0x00    at time   56232667 ps
inst0 ch0:  R_CMD: ACTCMD    R_r0= 0x1a    at time   56235565 ps
inst0 ch0:  R_CMD: ACTCMD    R_f0= 0x0a    at time   56235979 ps
inst0 ch0:  R_CMD: ACTCMD    R_r1= 0x00    at time   56236393 ps
inst0 ch0:  R_CMD: ACTCMD    R_f1= 0x00    at time   56236807 ps
inst0 ch0:  C_CMD: RDCMD     C_r = 0x0f5   at time   56238049 ps
inst0 ch0:  C_CMD: RDCMD     C_f = 0x080   at time   56238463 ps
inst0 ch0:  C_CMD: RDCMD     C_r = 0x0fd   at time   56241361 ps
inst0 ch0:  C_CMD: RDCMD     C_f = 0x082   at time   56241775 ps
inst0 ch0:  C_CMD: RDCMD     C_r = 0x0b5   at time   56243017 ps
inst0 ch0:  C_CMD: RDCMD     C_f = 0x080   at time   56243431 ps
inst0 ch0:  C_CMD: RDCMD     C_r = 0x0bd   at time   56246329 ps
inst0 ch0:  C_CMD: RDCMD     C_f = 0x082   at time   56246743 ps
inst0 ch0:  C_CMD: RDCMD     C_r = 0x075   at time   56247985 ps
inst0 ch0:  C_CMD: RDCMD     C_f = 0x080   at time   56248399 ps
inst0 ch0:  C_CMD: RDCMD     C_r = 0x035   at time   56250469 ps
inst0 ch0:  C_CMD: RDCMD     C_f = 0x080   at time   56250883 ps
inst0 ch0:  C_CMD: RDCMD     C_r = 0x07d   at time   56252125 ps
inst0 ch0:  C_CMD: RDCMD     C_f = 0x082   at time   56252539 ps
inst0 ch0:  C_CMD: RDCMD     C_r = 0x03d   at time   56253781 ps
inst0 ch0:  C_CMD: RDCMD     C_f = 0x082   at time   56254195 ps
inst0 ch0:  R_CMD: ACTCMD    R_r0= 0x02    at time   56369701 ps
inst0 ch0:  R_CMD: ACTCMD    R_f0= 0x10    at time   56370115 ps
inst0 ch0:  R_CMD: ACTCMD    R_r1= 0x3f    at time   56370529 ps
inst0 ch0:  R_CMD: ACTCMD    R_f1= 0x3b    at time   56370943 ps
inst0 ch0:  C_CMD: RDCMD     C_r = 0x005   at time   56384605 ps
inst0 ch0:  C_CMD: RDCMD     C_f = 0x078   at time   56385019 ps
inst0 ch0:  C_CMD: RDCMD     C_r = 0x00d   at time   56387917 ps
inst0 ch0:  C_CMD: RDCMD     C_f = 0x07a   at time   56388331 ps
inst0 ch0:  R_CMD: ACTCMD    R_r0= 0x02    at time   56442565 ps
inst0 ch0:  R_CMD: ACTCMD    R_f0= 0x10    at time   56442979 ps
inst0 ch0:  R_CMD: ACTCMD    R_r1= 0x3f    at time   56443393 ps
inst0 ch0:  R_CMD: ACTCMD    R_f1= 0x3b    at time   56443807 ps
inst0 ch0:  C_CMD: WRCMD     C_r = 0x001   at time   56453329 ps
inst0 ch0:  C_CMD: WRCMD     C_f = 0x078   at time   56453743 ps
inst0 ch0:  C_CMD: WRCMD     C_r = 0x009   at time   56456641 ps
inst0 ch0:  C_CMD: WRCMD     C_f = 0x07a   at time   56457055 ps
inst0 ch0:  R_CMD: ACTCMD    R_r0= 0x0a    at time   56617273 ps
inst0 ch0:  R_CMD: ACTCMD    R_f0= 0x10    at time   56617687 ps
inst0 ch0:  R_CMD: ACTCMD    R_r1= 0x3f    at time   56618101 ps
inst0 ch0:  R_CMD: ACTCMD    R_f1= 0x3b    at time   56618515 ps
inst0 ch0:  C_CMD: RDCMD     C_r = 0x015   at time   56632177 ps
inst0 ch0:  C_CMD: RDCMD     C_f = 0x078   at time   56632591 ps
inst0 ch0:  C_CMD: RDCMD     C_r = 0x01d   at time   56635489 ps
inst0 ch0:  C_CMD: RDCMD     C_f = 0x07a   at time   56635903 ps
inst0 ch0:  R_CMD: ACTCMD    R_r0= 0x02    at time   56673577 ps
inst0 ch0:  R_CMD: ACTCMD    R_f0= 0x18    at time   56673991 ps
inst0 ch0:  R_CMD: ACTCMD    R_r1= 0x3f    at time   56674405 ps
inst0 ch0:  R_CMD: ACTCMD    R_f1= 0x3b    at time   56674819 ps
inst0 ch0:  C_CMD: RDCMD     C_r = 0x005   at time   56688481 ps
inst0 ch0:  C_CMD: RDCMD     C_f = 0x0f8   at time   56688895 ps
inst0 ch0:  C_CMD: RDCMD     C_r = 0x00d   at time   56691793 ps
inst0 ch0:  C_CMD: RDCMD     C_f = 0x0fa   at time   56692207 ps
inst0 ch0:  R_CMD: ACTCMD    R_r0= 0x02    at time   56926117 ps
inst0 ch0:  R_CMD: ACTCMD    R_f0= 0x18    at time   56926531 ps
inst0 ch0:  R_CMD: ACTCMD    R_r1= 0x3f    at time   56926945 ps
inst0 ch0:  R_CMD: ACTCMD    R_f1= 0x3b    at time   56927359 ps
inst0 ch0:  R_CMD: ACTCMD    R_r0= 0x0a    at time   56934397 ps
inst0 ch0:  R_CMD: ACTCMD    R_f0= 0x10    at time   56934811 ps
inst0 ch0:  R_CMD: ACTCMD    R_r1= 0x3f    at time   56935225 ps
inst0 ch0:  R_CMD: ACTCMD    R_f1= 0x3b    at time   56935639 ps
inst0 ch0:  C_CMD: WRCMD     C_r = 0x001   at time   56936881 ps
inst0 ch0:  C_CMD: WRCMD     C_f = 0x0f8   at time   56937295 ps
inst0 ch0:  C_CMD: WRCMD     C_r = 0x009   at time   56940193 ps
inst0 ch0:  C_CMD: WRCMD     C_f = 0x0fa   at time   56940607 ps
inst0 ch0:  C_CMD: WRCMD     C_r = 0x011   at time   56945161 ps
inst0 ch0:  C_CMD: WRCMD     C_f = 0x078   at time   56945575 ps
inst0 ch0:  C_CMD: WRCMD     C_r = 0x019   at time   56948473 ps
inst0 ch0:  C_CMD: WRCMD     C_f = 0x07a   at time   56948887 ps
inst0 ch0:  R_CMD: ACTCMD    R_r0= 0x02    at time   57023821 ps
inst0 ch0:  R_CMD: ACTCMD    R_f0= 0x30    at time   57024235 ps
inst0 ch0:  R_CMD: ACTCMD    R_r1= 0x3f    at time   57024649 ps
inst0 ch0:  R_CMD: ACTCMD    R_f1= 0x3b    at time   57025063 ps
inst0 ch0:  C_CMD: RDCMD     C_r = 0x085   at time   57038725 ps
inst0 ch0:  C_CMD: RDCMD     C_f = 0x078   at time   57039139 ps
inst0 ch0:  C_CMD: RDCMD     C_r = 0x08d   at time   57042037 ps
inst0 ch0:  C_CMD: RDCMD     C_f = 0x07a   at time   57042451 ps
inst0 ch0:  R_CMD: ACTCMD    R_r0= 0x02    at time   57094201 ps
inst0 ch0:  R_CMD: ACTCMD    R_f0= 0x30    at time   57094615 ps
inst0 ch0:  R_CMD: ACTCMD    R_r1= 0x3f    at time   57095029 ps
inst0 ch0:  R_CMD: ACTCMD    R_f1= 0x3b    at time   57095443 ps
inst0 ch0:  C_CMD: WRCMD     C_r = 0x081   at time   57104965 ps
inst0 ch0:  C_CMD: WRCMD     C_f = 0x078   at time   57105379 ps
inst0 ch0:  C_CMD: WRCMD     C_r = 0x089   at time   57108277 ps
inst0 ch0:  C_CMD: WRCMD     C_f = 0x07a   at time   57108691 ps
inst0 ch0:  R_CMD: ACTCMD    R_r0= 0x0a    at time   57239929 ps
inst0 ch0:  R_CMD: ACTCMD    R_f0= 0x30    at time   57240343 ps
inst0 ch0:  R_CMD: ACTCMD    R_r1= 0x3f    at time   57240757 ps
inst0 ch0:  R_CMD: ACTCMD    R_f1= 0x3b    at time   57241171 ps
inst0 ch0:  C_CMD: RDCMD     C_r = 0x095   at time   57254833 ps
inst0 ch0:  C_CMD: RDCMD     C_f = 0x078   at time   57255247 ps
inst0 ch0:  C_CMD: RDCMD     C_r = 0x09d   at time   57258145 ps
inst0 ch0:  C_CMD: RDCMD     C_f = 0x07a   at time   57258559 ps
inst0 ch0:  R_CMD: ACTCMD    R_r0= 0x0a    at time   57310309 ps
inst0 ch0:  R_CMD: ACTCMD    R_f0= 0x30    at time   57310723 ps
inst0 ch0:  R_CMD: ACTCMD    R_r1= 0x3f    at time   57311137 ps
inst0 ch0:  R_CMD: ACTCMD    R_f1= 0x3b    at time   57311551 ps
inst0 ch0:  C_CMD: WRCMD     C_r = 0x091   at time   57321073 ps
inst0 ch0:  C_CMD: WRCMD     C_f = 0x078   at time   57321487 ps
inst0 ch0:  C_CMD: WRCMD     C_r = 0x099   at time   57324385 ps
inst0 ch0:  C_CMD: WRCMD     C_f = 0x07a   at time   57324799 ps
inst0 ch0:  R_CMD: ACTCMD    R_r0= 0x0a    at time   57709405 ps
inst0 ch0:  R_CMD: ACTCMD    R_f0= 0x18    at time   57709819 ps
inst0 ch0:  R_CMD: ACTCMD    R_r1= 0x3f    at time   57710233 ps
inst0 ch0:  R_CMD: ACTCMD    R_f1= 0x3b    at time   57710647 ps
inst0 ch0:  C_CMD: RDCMD     C_r = 0x015   at time   57724309 ps
inst0 ch0:  C_CMD: RDCMD     C_f = 0x0f8   at time   57724723 ps
inst0 ch0:  C_CMD: RDCMD     C_r = 0x01d   at time   57727621 ps
inst0 ch0:  C_CMD: RDCMD     C_f = 0x0fa   at time   57728035 ps
inst0 ch0:  R_CMD: ACTCMD    R_r0= 0x0a    at time   57782269 ps
inst0 ch0:  R_CMD: ACTCMD    R_f0= 0x18    at time   57782683 ps
inst0 ch0:  R_CMD: ACTCMD    R_r1= 0x3f    at time   57783097 ps
inst0 ch0:  R_CMD: ACTCMD    R_f1= 0x3b    at time   57783511 ps
inst0 ch0:  C_CMD: WRCMD     C_r = 0x011   at time   57793033 ps
inst0 ch0:  C_CMD: WRCMD     C_f = 0x0f8   at time   57793447 ps
inst0 ch0:  C_CMD: WRCMD     C_r = 0x019   at time   57796345 ps
inst0 ch0:  C_CMD: WRCMD     C_f = 0x0fa   at time   57796759 ps
inst0 ch0:  R_CMD: ACTCMD    R_r0= 0x02    at time   57870037 ps
inst0 ch0:  R_CMD: ACTCMD    R_f0= 0x38    at time   57870451 ps
inst0 ch0:  R_CMD: ACTCMD    R_r1= 0x3f    at time   57870865 ps
inst0 ch0:  R_CMD: ACTCMD    R_f1= 0x3b    at time   57871279 ps
inst0 ch0:  C_CMD: RDCMD     C_r = 0x085   at time   57884941 ps
inst0 ch0:  C_CMD: RDCMD     C_f = 0x0f8   at time   57885355 ps
inst0 ch0:  C_CMD: RDCMD     C_r = 0x08d   at time   57888253 ps
inst0 ch0:  C_CMD: RDCMD     C_f = 0x0fa   at time   57888667 ps
inst0 ch0:  R_CMD: ACTCMD    R_r0= 0x02    at time   57940417 ps
inst0 ch0:  R_CMD: ACTCMD    R_f0= 0x38    at time   57940831 ps
inst0 ch0:  R_CMD: ACTCMD    R_r1= 0x3f    at time   57941245 ps
inst0 ch0:  R_CMD: ACTCMD    R_f1= 0x3b    at time   57941659 ps
inst0 ch0:  C_CMD: WRCMD     C_r = 0x081   at time   57951181 ps
inst0 ch0:  C_CMD: WRCMD     C_f = 0x0f8   at time   57951595 ps
inst0 ch0:  C_CMD: WRCMD     C_r = 0x089   at time   57954493 ps
inst0 ch0:  C_CMD: WRCMD     C_f = 0x0fa   at time   57954907 ps
inst0 ch0:  R_CMD: ACTCMD    R_r0= 0x0a    at time   58078693 ps
inst0 ch0:  R_CMD: ACTCMD    R_f0= 0x38    at time   58079107 ps
inst0 ch0:  R_CMD: ACTCMD    R_r1= 0x3f    at time   58079521 ps
inst0 ch0:  R_CMD: ACTCMD    R_f1= 0x3b    at time   58079935 ps
inst0 ch0:  C_CMD: RDCMD     C_r = 0x095   at time   58093597 ps
inst0 ch0:  C_CMD: RDCMD     C_f = 0x0f8   at time   58094011 ps
inst0 ch0:  C_CMD: RDCMD     C_r = 0x09d   at time   58096909 ps
inst0 ch0:  C_CMD: RDCMD     C_f = 0x0fa   at time   58097323 ps
inst0 ch0:  R_CMD: ACTCMD    R_r0= 0x0a    at time   58149073 ps
inst0 ch0:  R_CMD: ACTCMD    R_f0= 0x38    at time   58149487 ps
inst0 ch0:  R_CMD: ACTCMD    R_r1= 0x3f    at time   58149901 ps
inst0 ch0:  R_CMD: ACTCMD    R_f1= 0x3b    at time   58150315 ps
inst0 ch0:  C_CMD: WRCMD     C_r = 0x091   at time   58159837 ps
inst0 ch0:  C_CMD: WRCMD     C_f = 0x0f8   at time   58160251 ps
inst0 ch0:  C_CMD: WRCMD     C_r = 0x099   at time   58163149 ps
inst0 ch0:  C_CMD: WRCMD     C_f = 0x0fa   at time   58163563 ps
inst0 ch0:  R_CMD: ACTCMD    R_r0= 0x0a    at time   58745233 ps
inst0 ch0:  R_CMD: ACTCMD    R_f0= 0x13    at time   58745647 ps
inst0 ch0:  R_CMD: ACTCMD    R_r1= 0x3f    at time   58746061 ps
inst0 ch0:  R_CMD: ACTCMD    R_f1= 0x3b    at time   58746475 ps
inst0 ch0:  C_CMD: RDCMD     C_r = 0x015   at time   58760137 ps
inst0 ch0:  C_CMD: RDCMD     C_f = 0x010   at time   58760551 ps
inst0 ch0:  C_CMD: RDCMD     C_r = 0x01d   at time   58763449 ps
inst0 ch0:  C_CMD: RDCMD     C_f = 0x012   at time   58763863 ps
inst0 ch0:  R_CMD: ACTCMD    R_r0= 0x0a    at time   58818097 ps
inst0 ch0:  R_CMD: ACTCMD    R_f0= 0x13    at time   58818511 ps
inst0 ch0:  R_CMD: ACTCMD    R_r1= 0x3f    at time   58818925 ps
inst0 ch0:  R_CMD: ACTCMD    R_f1= 0x3b    at time   58819339 ps
inst0 ch0:  C_CMD: WRCMD     C_r = 0x011   at time   58828861 ps
inst0 ch0:  C_CMD: WRCMD     C_f = 0x010   at time   58829275 ps
inst0 ch0:  C_CMD: WRCMD     C_r = 0x019   at time   58832173 ps
inst0 ch0:  C_CMD: WRCMD     C_f = 0x012   at time   58832587 ps
inst0 ch0:  R_CMD: ACTCMD    R_r0= 0x16    at time   59083057 ps
inst0 ch0:  R_CMD: ACTCMD    R_f0= 0x00    at time   59083471 ps
inst0 ch0:  R_CMD: ACTCMD    R_r1= 0x00    at time   59083885 ps
inst0 ch0:  R_CMD: ACTCMD    R_f1= 0x02    at time   59084299 ps
inst0 ch0:  C_CMD: RDCMD     C_r = 0x025   at time   59097961 ps
inst0 ch0:  C_CMD: RDCMD     C_f = 0x021   at time   59098375 ps
inst0 ch0:  C_CMD: RDCMD     C_r = 0x02d   at time   59101273 ps
inst0 ch0:  C_CMD: RDCMD     C_f = 0x023   at time   59101687 ps
inst0 ch0:  R_CMD: ACTCMD    R_r0= 0x0a    at time   59352157 ps
inst0 ch0:  R_CMD: ACTCMD    R_f0= 0x13    at time   59352571 ps
inst0 ch0:  R_CMD: ACTCMD    R_r1= 0x3f    at time   59352985 ps
inst0 ch0:  R_CMD: ACTCMD    R_f1= 0x3b    at time   59353399 ps
inst0 ch0:  C_CMD: RDCMD     C_r = 0x015   at time   59367061 ps
inst0 ch0:  C_CMD: RDCMD     C_f = 0x010   at time   59367475 ps
inst0 ch0:  C_CMD: RDCMD     C_r = 0x01d   at time   59370373 ps
inst0 ch0:  C_CMD: RDCMD     C_f = 0x012   at time   59370787 ps
inst0 ch0:  R_CMD: ACTCMD    R_r0= 0x16    at time   59404321 ps
inst0 ch0:  R_CMD: ACTCMD    R_f0= 0x00    at time   59404735 ps
inst0 ch0:  R_CMD: ACTCMD    R_r1= 0x00    at time   59405149 ps
inst0 ch0:  R_CMD: ACTCMD    R_f1= 0x02    at time   59405563 ps
inst0 ch0:  C_CMD: RDCMD     C_r = 0x025   at time   59419225 ps
inst0 ch0:  C_CMD: RDCMD     C_f = 0x021   at time   59419639 ps
inst0 ch0:  C_CMD: RDCMD     C_r = 0x02d   at time   59422537 ps
inst0 ch0:  C_CMD: RDCMD     C_f = 0x023   at time   59422951 ps
inst0 ch0:  R_CMD: ACTCMD    R_r0= 0x0a    at time   59428333 ps
inst0 ch0:  R_CMD: ACTCMD    R_f0= 0x13    at time   59428747 ps
inst0 ch0:  R_CMD: ACTCMD    R_r1= 0x3f    at time   59429161 ps
inst0 ch0:  R_CMD: ACTCMD    R_f1= 0x3b    at time   59429575 ps
inst0 ch0:  C_CMD: WRCMD     C_r = 0x011   at time   59443237 ps
inst0 ch0:  C_CMD: WRCMD     C_f = 0x010   at time   59443651 ps
inst0 ch0:  C_CMD: WRCMD     C_r = 0x019   at time   59446549 ps
inst0 ch0:  C_CMD: WRCMD     C_f = 0x012   at time   59446963 ps
inst0 ch0:  R_CMD: ACTCMD    R_r0= 0x0a    at time   59555017 ps
inst0 ch0:  R_CMD: ACTCMD    R_f0= 0x1b    at time   59555431 ps
inst0 ch0:  R_CMD: ACTCMD    R_r1= 0x3f    at time   59555845 ps
inst0 ch0:  R_CMD: ACTCMD    R_f1= 0x3b    at time   59556259 ps
inst0 ch0:  C_CMD: RDCMD     C_r = 0x015   at time   59569921 ps
inst0 ch0:  C_CMD: RDCMD     C_f = 0x090   at time   59570335 ps
inst0 ch0:  C_CMD: RDCMD     C_r = 0x01d   at time   59573233 ps
inst0 ch0:  C_CMD: RDCMD     C_f = 0x092   at time   59573647 ps
inst0 ch0:  R_CMD: ACTCMD    R_r0= 0x16    at time   59593105 ps
inst0 ch0:  R_CMD: ACTCMD    R_f0= 0x00    at time   59593519 ps
inst0 ch0:  R_CMD: ACTCMD    R_r1= 0x00    at time   59593933 ps
inst0 ch0:  R_CMD: ACTCMD    R_f1= 0x02    at time   59594347 ps
inst0 ch0:  C_CMD: RDCMD     C_r = 0x025   at time   59608009 ps
inst0 ch0:  C_CMD: RDCMD     C_f = 0x021   at time   59608423 ps
inst0 ch0:  C_CMD: RDCMD     C_r = 0x02d   at time   59611321 ps
inst0 ch0:  C_CMD: RDCMD     C_f = 0x023   at time   59611735 ps
inst0 ch0:  R_CMD: ACTCMD    R_r0= 0x0a    at time   59625397 ps
inst0 ch0:  R_CMD: ACTCMD    R_f0= 0x1b    at time   59625811 ps
inst0 ch0:  R_CMD: ACTCMD    R_r1= 0x3f    at time   59626225 ps
inst0 ch0:  R_CMD: ACTCMD    R_f1= 0x3b    at time   59626639 ps
inst0 ch0:  C_CMD: WRCMD     C_r = 0x011   at time   59636161 ps
inst0 ch0:  C_CMD: WRCMD     C_f = 0x090   at time   59636575 ps
inst0 ch0:  C_CMD: WRCMD     C_r = 0x019   at time   59639473 ps
inst0 ch0:  C_CMD: WRCMD     C_f = 0x092   at time   59639887 ps
inst0 ch0:  R_CMD: ACTCMD    R_r0= 0x0a    at time   59754565 ps
inst0 ch0:  R_CMD: ACTCMD    R_f0= 0x1b    at time   59754979 ps
inst0 ch0:  R_CMD: ACTCMD    R_r1= 0x3f    at time   59755393 ps
inst0 ch0:  R_CMD: ACTCMD    R_f1= 0x3b    at time   59755807 ps
inst0 ch0:  R_CMD: ACTCMD    R_r0= 0x16    at time   59762845 ps
inst0 ch0:  R_CMD: ACTCMD    R_f0= 0x00    at time   59763259 ps
inst0 ch0:  R_CMD: ACTCMD    R_r1= 0x00    at time   59763673 ps
inst0 ch0:  R_CMD: ACTCMD    R_f1= 0x02    at time   59764087 ps
inst0 ch0:  C_CMD: RDCMD     C_r = 0x015   at time   59769469 ps
inst0 ch0:  C_CMD: RDCMD     C_f = 0x090   at time   59769883 ps
inst0 ch0:  C_CMD: RDCMD     C_r = 0x01d   at time   59772781 ps
inst0 ch0:  C_CMD: RDCMD     C_f = 0x092   at time   59773195 ps
inst0 ch0:  C_CMD: RDCMD     C_r = 0x025   at time   59777749 ps
inst0 ch0:  C_CMD: RDCMD     C_f = 0x021   at time   59778163 ps
inst0 ch0:  C_CMD: RDCMD     C_r = 0x02d   at time   59781061 ps
inst0 ch0:  C_CMD: RDCMD     C_f = 0x023   at time   59781475 ps
inst0 ch0:  R_CMD: ACTCMD    R_r0= 0x0a    at time   59822461 ps
inst0 ch0:  R_CMD: ACTCMD    R_f0= 0x1b    at time   59822875 ps
inst0 ch0:  R_CMD: ACTCMD    R_r1= 0x3f    at time   59823289 ps
inst0 ch0:  R_CMD: ACTCMD    R_f1= 0x3b    at time   59823703 ps
inst0 ch0:  C_CMD: WRCMD     C_r = 0x011   at time   59833225 ps
inst0 ch0:  C_CMD: WRCMD     C_f = 0x090   at time   59833639 ps
inst0 ch0:  C_CMD: WRCMD     C_r = 0x019   at time   59836537 ps
inst0 ch0:  C_CMD: WRCMD     C_f = 0x092   at time   59836951 ps
inst0 ch0:  R_CMD: ACTCMD    R_r0= 0x16    at time   59971501 ps
inst0 ch0:  R_CMD: ACTCMD    R_f0= 0x00    at time   59971915 ps
inst0 ch0:  R_CMD: ACTCMD    R_r1= 0x00    at time   59972329 ps
inst0 ch0:  R_CMD: ACTCMD    R_f1= 0x02    at time   59972743 ps
inst0 ch0:  C_CMD: RDCMD     C_r = 0x025   at time   59986405 ps
inst0 ch0:  C_CMD: RDCMD     C_f = 0x021   at time   59986819 ps
inst0 ch0:  C_CMD: RDCMD     C_r = 0x02d   at time   59989717 ps
inst0 ch0:  C_CMD: RDCMD     C_f = 0x023   at time   59990131 ps
inst0 ch0:  R_CMD: ACTCMD    R_r0= 0x16    at time   60132961 ps
inst0 ch0:  R_CMD: ACTCMD    R_f0= 0x00    at time   60133375 ps
inst0 ch0:  R_CMD: ACTCMD    R_r1= 0x00    at time   60133789 ps
inst0 ch0:  R_CMD: ACTCMD    R_f1= 0x02    at time   60134203 ps
inst0 ch0:  C_CMD: RDCMD     C_r = 0x025   at time   60147865 ps
inst0 ch0:  C_CMD: RDCMD     C_f = 0x021   at time   60148279 ps
inst0 ch0:  C_CMD: RDCMD     C_r = 0x02d   at time   60151177 ps
inst0 ch0:  C_CMD: RDCMD     C_f = 0x023   at time   60151591 ps
inst0 ch0:  R_CMD: ACTCMD    R_r0= 0x16    at time   60308497 ps
inst0 ch0:  R_CMD: ACTCMD    R_f0= 0x00    at time   60308911 ps
inst0 ch0:  R_CMD: ACTCMD    R_r1= 0x00    at time   60309325 ps
inst0 ch0:  R_CMD: ACTCMD    R_f1= 0x02    at time   60309739 ps
inst0 ch0:  C_CMD: RDCMD     C_r = 0x025   at time   60323401 ps
inst0 ch0:  C_CMD: RDCMD     C_f = 0x021   at time   60323815 ps
inst0 ch0:  C_CMD: RDCMD     C_r = 0x02d   at time   60326713 ps
inst0 ch0:  C_CMD: RDCMD     C_f = 0x023   at time   60327127 ps
inst0 ch0:  R_CMD: ACTCMD    R_r0= 0x16    at time   60494797 ps
inst0 ch0:  R_CMD: ACTCMD    R_f0= 0x00    at time   60495211 ps
inst0 ch0:  R_CMD: ACTCMD    R_r1= 0x00    at time   60495625 ps
inst0 ch0:  R_CMD: ACTCMD    R_f1= 0x02    at time   60496039 ps
inst0 ch0:  C_CMD: RDCMD     C_r = 0x025   at time   60509701 ps
inst0 ch0:  C_CMD: RDCMD     C_f = 0x021   at time   60510115 ps
inst0 ch0:  C_CMD: RDCMD     C_r = 0x02d   at time   60513013 ps
inst0 ch0:  C_CMD: RDCMD     C_f = 0x023   at time   60513427 ps
inst0 ch0:  R_CMD: ACTCMD    R_r0= 0x02    at time   60642181 ps
inst0 ch0:  R_CMD: ACTCMD    R_f0= 0x13    at time   60642595 ps
inst0 ch0:  R_CMD: ACTCMD    R_r1= 0x3f    at time   60643009 ps
inst0 ch0:  R_CMD: ACTCMD    R_f1= 0x3b    at time   60643423 ps
inst0 ch0:  R_CMD: ACTCMD    R_r0= 0x16    at time   60650461 ps
inst0 ch0:  R_CMD: ACTCMD    R_f0= 0x00    at time   60650875 ps
inst0 ch0:  R_CMD: ACTCMD    R_r1= 0x00    at time   60651289 ps
inst0 ch0:  R_CMD: ACTCMD    R_f1= 0x02    at time   60651703 ps
inst0 ch0:  C_CMD: RDCMD     C_r = 0x005   at time   60657085 ps
inst0 ch0:  C_CMD: RDCMD     C_f = 0x000   at time   60657499 ps
inst0 ch0:  C_CMD: RDCMD     C_r = 0x00d   at time   60660397 ps
inst0 ch0:  C_CMD: RDCMD     C_f = 0x002   at time   60660811 ps
inst0 ch0:  C_CMD: RDCMD     C_r = 0x025   at time   60665365 ps
inst0 ch0:  C_CMD: RDCMD     C_f = 0x021   at time   60665779 ps
inst0 ch0:  C_CMD: RDCMD     C_r = 0x02d   at time   60668677 ps
inst0 ch0:  C_CMD: RDCMD     C_f = 0x023   at time   60669091 ps
inst0 ch0:  R_CMD: ACTCMD    R_r0= 0x02    at time   60715045 ps
inst0 ch0:  R_CMD: ACTCMD    R_f0= 0x13    at time   60715459 ps
inst0 ch0:  R_CMD: ACTCMD    R_r1= 0x3f    at time   60715873 ps
inst0 ch0:  R_CMD: ACTCMD    R_f1= 0x3b    at time   60716287 ps
inst0 ch0:  C_CMD: WRCMD     C_r = 0x001   at time   60725809 ps
inst0 ch0:  C_CMD: WRCMD     C_f = 0x000   at time   60726223 ps
inst0 ch0:  C_CMD: WRCMD     C_r = 0x009   at time   60729121 ps
inst0 ch0:  C_CMD: WRCMD     C_f = 0x002   at time   60729535 ps
inst0 ch0:  R_CMD: ACTCMD    R_r0= 0x16    at time   60850837 ps
inst0 ch0:  R_CMD: ACTCMD    R_f0= 0x00    at time   60851251 ps
inst0 ch0:  R_CMD: ACTCMD    R_r1= 0x00    at time   60851665 ps
inst0 ch0:  R_CMD: ACTCMD    R_f1= 0x02    at time   60852079 ps
inst0 ch0:  C_CMD: RDCMD     C_r = 0x025   at time   60865741 ps
inst0 ch0:  C_CMD: RDCMD     C_f = 0x021   at time   60866155 ps
inst0 ch0:  C_CMD: RDCMD     C_r = 0x02d   at time   60869053 ps
inst0 ch0:  C_CMD: RDCMD     C_f = 0x023   at time   60869467 ps
inst0 ch0:  R_CMD: ACTCMD    R_r0= 0x02    at time   60991597 ps
inst0 ch0:  R_CMD: ACTCMD    R_f0= 0x13    at time   60992011 ps
inst0 ch0:  R_CMD: ACTCMD    R_r1= 0x3f    at time   60992425 ps
inst0 ch0:  R_CMD: ACTCMD    R_f1= 0x3b    at time   60992839 ps
inst0 ch0:  C_CMD: RDCMD     C_r = 0x005   at time   61006501 ps
inst0 ch0:  C_CMD: RDCMD     C_f = 0x000   at time   61006915 ps
inst0 ch0:  C_CMD: RDCMD     C_r = 0x00d   at time   61009813 ps
inst0 ch0:  C_CMD: RDCMD     C_f = 0x002   at time   61010227 ps
inst0 ch0:  R_CMD: ACTCMD    R_r0= 0x16    at time   61018921 ps
inst0 ch0:  R_CMD: ACTCMD    R_f0= 0x00    at time   61019335 ps
inst0 ch0:  R_CMD: ACTCMD    R_r1= 0x00    at time   61019749 ps
inst0 ch0:  R_CMD: ACTCMD    R_f1= 0x02    at time   61020163 ps
inst0 ch0:  C_CMD: RDCMD     C_r = 0x025   at time   61033825 ps
inst0 ch0:  C_CMD: RDCMD     C_f = 0x021   at time   61034239 ps
inst0 ch0:  C_CMD: RDCMD     C_r = 0x02d   at time   61037137 ps
inst0 ch0:  C_CMD: RDCMD     C_f = 0x023   at time   61037551 ps
inst0 ch0:  R_CMD: ACTCMD    R_r0= 0x02    at time   61064461 ps
inst0 ch0:  R_CMD: ACTCMD    R_f0= 0x13    at time   61064875 ps
inst0 ch0:  R_CMD: ACTCMD    R_r1= 0x3f    at time   61065289 ps
inst0 ch0:  R_CMD: ACTCMD    R_f1= 0x3b    at time   61065703 ps
inst0 ch0:  C_CMD: WRCMD     C_r = 0x001   at time   61075225 ps
inst0 ch0:  C_CMD: WRCMD     C_f = 0x000   at time   61075639 ps
inst0 ch0:  C_CMD: WRCMD     C_r = 0x009   at time   61078537 ps
inst0 ch0:  C_CMD: WRCMD     C_f = 0x002   at time   61078951 ps
inst0 ch0:  R_CMD: ACTCMD    R_r0= 0x02    at time   61201081 ps
inst0 ch0:  R_CMD: ACTCMD    R_f0= 0x1b    at time   61201495 ps
inst0 ch0:  R_CMD: ACTCMD    R_r1= 0x3f    at time   61201909 ps
inst0 ch0:  R_CMD: ACTCMD    R_f1= 0x3b    at time   61202323 ps
inst0 ch0:  R_CMD: ACTCMD    R_r0= 0x16    at time   61206049 ps
inst0 ch0:  R_CMD: ACTCMD    R_f0= 0x00    at time   61206463 ps
inst0 ch0:  R_CMD: ACTCMD    R_r1= 0x00    at time   61206877 ps
inst0 ch0:  R_CMD: ACTCMD    R_f1= 0x02    at time   61207291 ps
inst0 ch0:  C_CMD: RDCMD     C_r = 0x005   at time   61215985 ps
inst0 ch0:  C_CMD: RDCMD     C_f = 0x080   at time   61216399 ps
inst0 ch0:  C_CMD: RDCMD     C_r = 0x00d   at time   61219297 ps
inst0 ch0:  C_CMD: RDCMD     C_f = 0x082   at time   61219711 ps
inst0 ch0:  C_CMD: RDCMD     C_r = 0x025   at time   61220953 ps
inst0 ch0:  C_CMD: RDCMD     C_f = 0x021   at time   61221367 ps
inst0 ch0:  C_CMD: RDCMD     C_r = 0x02d   at time   61224265 ps
inst0 ch0:  C_CMD: RDCMD     C_f = 0x023   at time   61224679 ps
inst0 ch0:  R_CMD: ACTCMD    R_r0= 0x02    at time   61271461 ps
inst0 ch0:  R_CMD: ACTCMD    R_f0= 0x1b    at time   61271875 ps
inst0 ch0:  R_CMD: ACTCMD    R_r1= 0x3f    at time   61272289 ps
inst0 ch0:  R_CMD: ACTCMD    R_f1= 0x3b    at time   61272703 ps
inst0 ch0:  C_CMD: WRCMD     C_r = 0x001   at time   61282225 ps
inst0 ch0:  C_CMD: WRCMD     C_f = 0x080   at time   61282639 ps
inst0 ch0:  C_CMD: WRCMD     C_r = 0x009   at time   61285537 ps
inst0 ch0:  C_CMD: WRCMD     C_f = 0x082   at time   61285951 ps
inst0 ch0:  R_CMD: ACTCMD    R_r0= 0x16    at time   61355089 ps
inst0 ch0:  R_CMD: ACTCMD    R_f0= 0x00    at time   61355503 ps
inst0 ch0:  R_CMD: ACTCMD    R_r1= 0x00    at time   61355917 ps
inst0 ch0:  R_CMD: ACTCMD    R_f1= 0x02    at time   61356331 ps
inst0 ch0:  C_CMD: RDCMD     C_r = 0x025   at time   61369993 ps
inst0 ch0:  C_CMD: RDCMD     C_f = 0x021   at time   61370407 ps
inst0 ch0:  C_CMD: RDCMD     C_r = 0x02d   at time   61373305 ps
inst0 ch0:  C_CMD: RDCMD     C_f = 0x023   at time   61373719 ps
inst0 ch0:  R_CMD: ACTCMD    R_r0= 0x02    at time   61664761 ps
inst0 ch0:  R_CMD: ACTCMD    R_f0= 0x1b    at time   61665175 ps
inst0 ch0:  R_CMD: ACTCMD    R_r1= 0x3f    at time   61665589 ps
inst0 ch0:  R_CMD: ACTCMD    R_f1= 0x3b    at time   61666003 ps
inst0 ch0:  C_CMD: RDCMD     C_r = 0x005   at time   61679665 ps
inst0 ch0:  C_CMD: RDCMD     C_f = 0x080   at time   61680079 ps
inst0 ch0:  C_CMD: RDCMD     C_r = 0x00d   at time   61682977 ps
inst0 ch0:  C_CMD: RDCMD     C_f = 0x082   at time   61683391 ps
inst0 ch0:  R_CMD: ACTCMD    R_r0= 0x16    at time   61704505 ps
inst0 ch0:  R_CMD: ACTCMD    R_f0= 0x00    at time   61704919 ps
inst0 ch0:  R_CMD: ACTCMD    R_r1= 0x00    at time   61705333 ps
inst0 ch0:  R_CMD: ACTCMD    R_f1= 0x02    at time   61705747 ps
inst0 ch0:  C_CMD: RDCMD     C_r = 0x025   at time   61719409 ps
inst0 ch0:  C_CMD: RDCMD     C_f = 0x021   at time   61719823 ps
inst0 ch0:  C_CMD: RDCMD     C_r = 0x02d   at time   61722721 ps
inst0 ch0:  C_CMD: RDCMD     C_f = 0x023   at time   61723135 ps
inst0 ch0:  R_CMD: ACTCMD    R_r0= 0x02    at time   61735141 ps
inst0 ch0:  R_CMD: ACTCMD    R_f0= 0x1b    at time   61735555 ps
inst0 ch0:  R_CMD: ACTCMD    R_r1= 0x3f    at time   61735969 ps
inst0 ch0:  R_CMD: ACTCMD    R_f1= 0x3b    at time   61736383 ps
inst0 ch0:  C_CMD: WRCMD     C_r = 0x001   at time   61745905 ps
inst0 ch0:  C_CMD: WRCMD     C_f = 0x080   at time   61746319 ps
inst0 ch0:  C_CMD: WRCMD     C_r = 0x009   at time   61749217 ps
inst0 ch0:  C_CMD: WRCMD     C_f = 0x082   at time   61749631 ps
inst0 ch0:  R_CMD: ACTCMD    R_r0= 0x16    at time   61906537 ps
inst0 ch0:  R_CMD: ACTCMD    R_f0= 0x00    at time   61906951 ps
inst0 ch0:  R_CMD: ACTCMD    R_r1= 0x00    at time   61907365 ps
inst0 ch0:  R_CMD: ACTCMD    R_f1= 0x02    at time   61907779 ps
inst0 ch0:  C_CMD: RDCMD     C_r = 0x025   at time   61921441 ps
inst0 ch0:  C_CMD: RDCMD     C_f = 0x021   at time   61921855 ps
inst0 ch0:  C_CMD: RDCMD     C_r = 0x02d   at time   61924753 ps
inst0 ch0:  C_CMD: RDCMD     C_f = 0x023   at time   61925167 ps
inst0 ch0:  R_CMD: ACTCMD    R_r0= 0x16    at time   62077933 ps
inst0 ch0:  R_CMD: ACTCMD    R_f0= 0x00    at time   62078347 ps
inst0 ch0:  R_CMD: ACTCMD    R_r1= 0x00    at time   62078761 ps
inst0 ch0:  R_CMD: ACTCMD    R_f1= 0x02    at time   62079175 ps
inst0 ch0:  C_CMD: RDCMD     C_r = 0x025   at time   62092837 ps
inst0 ch0:  C_CMD: RDCMD     C_f = 0x021   at time   62093251 ps
inst0 ch0:  C_CMD: RDCMD     C_r = 0x02d   at time   62096149 ps
inst0 ch0:  C_CMD: RDCMD     C_f = 0x023   at time   62096563 ps
inst0 ch0:  R_CMD: ACTCMD    R_r0= 0x16    at time   62261749 ps
inst0 ch0:  R_CMD: ACTCMD    R_f0= 0x00    at time   62262163 ps
inst0 ch0:  R_CMD: ACTCMD    R_r1= 0x00    at time   62262577 ps
inst0 ch0:  R_CMD: ACTCMD    R_f1= 0x02    at time   62262991 ps
inst0 ch0:  R_CMD: ACTCMD    R_r0= 0x02    at time   62272513 ps
inst0 ch0:  R_CMD: ACTCMD    R_f0= 0x00    at time   62272927 ps
inst0 ch0:  R_CMD: ACTCMD    R_r1= 0x00    at time   62273341 ps
inst0 ch0:  R_CMD: ACTCMD    R_f1= 0x00    at time   62273755 ps
inst0 ch0:  C_CMD: RDCMD     C_r = 0x025   at time   62276653 ps
inst0 ch0:  C_CMD: RDCMD     C_f = 0x021   at time   62277067 ps
inst0 ch0:  C_CMD: RDCMD     C_r = 0x02d   at time   62279965 ps
inst0 ch0:  C_CMD: RDCMD     C_f = 0x023   at time   62280379 ps
inst0 ch0:  C_CMD: RDCMD     C_r = 0x005   at time   62287417 ps
inst0 ch0:  C_CMD: RDCMD     C_f = 0x018   at time   62287831 ps
inst0 ch0:  C_CMD: RDCMD     C_r = 0x005   at time   62290729 ps
inst0 ch0:  C_CMD: RDCMD     C_f = 0x01a   at time   62291143 ps
inst0 ch0:  C_CMD: RDCMD     C_r = 0x005   at time   62294041 ps
inst0 ch0:  C_CMD: RDCMD     C_f = 0x010   at time   62294455 ps
inst0 ch0:  C_CMD: RDCMD     C_r = 0x005   at time   62297353 ps
inst0 ch0:  C_CMD: RDCMD     C_f = 0x012   at time   62297767 ps
inst0 ch0:  C_CMD: RDCMD     C_r = 0x005   at time   62300665 ps
inst0 ch0:  C_CMD: RDCMD     C_f = 0x008   at time   62301079 ps
inst0 ch0:  C_CMD: RDCMD     C_r = 0x005   at time   62303977 ps
inst0 ch0:  C_CMD: RDCMD     C_f = 0x00a   at time   62304391 ps
inst0 ch0:  C_CMD: RDCMD     C_r = 0x005   at time   62307289 ps
inst0 ch0:  C_CMD: RDCMD     C_f = 0x000   at time   62307703 ps
inst0 ch0:  C_CMD: RDCMD     C_r = 0x00d   at time   62310601 ps
inst0 ch0:  C_CMD: RDCMD     C_f = 0x002   at time   62311015 ps
inst0 ch0:  R_CMD: ACTCMD    R_r0= 0x0a    at time   62672437 ps
inst0 ch0:  R_CMD: ACTCMD    R_f0= 0x00    at time   62672851 ps
inst0 ch0:  R_CMD: ACTCMD    R_r1= 0x00    at time   62673265 ps
inst0 ch0:  R_CMD: ACTCMD    R_f1= 0x00    at time   62673679 ps
inst0 ch0:  C_CMD: RDCMD     C_r = 0x015   at time   62687341 ps
inst0 ch0:  C_CMD: RDCMD     C_f = 0x018   at time   62687755 ps
inst0 ch0:  C_CMD: RDCMD     C_r = 0x015   at time   62690653 ps
inst0 ch0:  C_CMD: RDCMD     C_f = 0x01a   at time   62691067 ps
inst0 ch0:  C_CMD: RDCMD     C_r = 0x015   at time   62693965 ps
inst0 ch0:  C_CMD: RDCMD     C_f = 0x010   at time   62694379 ps
inst0 ch0:  C_CMD: RDCMD     C_r = 0x015   at time   62697277 ps
inst0 ch0:  C_CMD: RDCMD     C_f = 0x012   at time   62697691 ps
inst0 ch0:  C_CMD: RDCMD     C_r = 0x015   at time   62700589 ps
inst0 ch0:  C_CMD: RDCMD     C_f = 0x008   at time   62701003 ps
inst0 ch0:  C_CMD: RDCMD     C_r = 0x015   at time   62703901 ps
inst0 ch0:  C_CMD: RDCMD     C_f = 0x00a   at time   62704315 ps
inst0 ch0:  C_CMD: RDCMD     C_r = 0x015   at time   62707213 ps
inst0 ch0:  C_CMD: RDCMD     C_f = 0x000   at time   62707627 ps
inst0 ch0:  C_CMD: RDCMD     C_r = 0x01d   at time   62710525 ps
inst0 ch0:  C_CMD: RDCMD     C_f = 0x002   at time   62710939 ps
inst0 ch0:  R_CMD: ACTCMD    R_r0= 0x02    at time   62833069 ps
inst0 ch0:  R_CMD: ACTCMD    R_f0= 0x08    at time   62833483 ps
inst0 ch0:  R_CMD: ACTCMD    R_r1= 0x00    at time   62833897 ps
inst0 ch0:  R_CMD: ACTCMD    R_f1= 0x00    at time   62834311 ps
inst0 ch0:  C_CMD: RDCMD     C_r = 0x005   at time   62847973 ps
inst0 ch0:  C_CMD: RDCMD     C_f = 0x098   at time   62848387 ps
inst0 ch0:  C_CMD: RDCMD     C_r = 0x005   at time   62851285 ps
inst0 ch0:  C_CMD: RDCMD     C_f = 0x09a   at time   62851699 ps
inst0 ch0:  R_CMD: ACTCMD    R_r0= 0x0a    at time   62854597 ps
inst0 ch0:  C_CMD: RDCMD     C_r = 0x005   at time   62854597 ps
inst0 ch0:  R_CMD: ACTCMD    R_f0= 0x00    at time   62855011 ps
inst0 ch0:  C_CMD: RDCMD     C_f = 0x090   at time   62855011 ps
inst0 ch0:  R_CMD: ACTCMD    R_r1= 0x00    at time   62855425 ps
inst0 ch0:  R_CMD: ACTCMD    R_f1= 0x00    at time   62855839 ps
inst0 ch0:  C_CMD: RDCMD     C_r = 0x005   at time   62857909 ps
inst0 ch0:  C_CMD: RDCMD     C_f = 0x092   at time   62858323 ps
inst0 ch0:  C_CMD: RDCMD     C_r = 0x005   at time   62861221 ps
inst0 ch0:  C_CMD: RDCMD     C_f = 0x088   at time   62861635 ps
inst0 ch0:  C_CMD: RDCMD     C_r = 0x005   at time   62864533 ps
inst0 ch0:  C_CMD: RDCMD     C_f = 0x08a   at time   62864947 ps
inst0 ch0:  C_CMD: RDCMD     C_r = 0x005   at time   62867845 ps
inst0 ch0:  C_CMD: RDCMD     C_f = 0x080   at time   62868259 ps
inst0 ch0:  C_CMD: RDCMD     C_r = 0x015   at time   62869501 ps
inst0 ch0:  C_CMD: RDCMD     C_f = 0x038   at time   62869915 ps
inst0 ch0:  C_CMD: RDCMD     C_r = 0x00d   at time   62871157 ps
inst0 ch0:  C_CMD: RDCMD     C_f = 0x082   at time   62871571 ps
inst0 ch0:  C_CMD: RDCMD     C_r = 0x015   at time   62872813 ps
inst0 ch0:  C_CMD: RDCMD     C_f = 0x03a   at time   62873227 ps
inst0 ch0:  C_CMD: RDCMD     C_r = 0x015   at time   62876125 ps
inst0 ch0:  C_CMD: RDCMD     C_f = 0x030   at time   62876539 ps
inst0 ch0:  C_CMD: RDCMD     C_r = 0x015   at time   62879437 ps
inst0 ch0:  C_CMD: RDCMD     C_f = 0x032   at time   62879851 ps
inst0 ch0:  C_CMD: RDCMD     C_r = 0x015   at time   62882749 ps
inst0 ch0:  C_CMD: RDCMD     C_f = 0x028   at time   62883163 ps
inst0 ch0:  C_CMD: RDCMD     C_r = 0x015   at time   62886061 ps
inst0 ch0:  C_CMD: RDCMD     C_f = 0x02a   at time   62886475 ps
inst0 ch0:  C_CMD: RDCMD     C_r = 0x015   at time   62889373 ps
inst0 ch0:  C_CMD: RDCMD     C_f = 0x020   at time   62889787 ps
inst0 ch0:  C_CMD: RDCMD     C_r = 0x01d   at time   62892685 ps
inst0 ch0:  C_CMD: RDCMD     C_f = 0x022   at time   62893099 ps
inst0 ch0:  R_CMD: ACTCMD    R_r0= 0x0a    at time   62927461 ps
inst0 ch0:  R_CMD: ACTCMD    R_f0= 0x00    at time   62927875 ps
inst0 ch0:  R_CMD: ACTCMD    R_r1= 0x00    at time   62928289 ps
inst0 ch0:  R_CMD: ACTCMD    R_f1= 0x00    at time   62928703 ps
inst0 ch0:  C_CMD: WRCMD     C_r = 0x011   at time   62938225 ps
inst0 ch0:  C_CMD: WRCMD     C_f = 0x038   at time   62938639 ps
inst0 ch0:  C_CMD: WRCMD     C_r = 0x011   at time   62941537 ps
inst0 ch0:  C_CMD: WRCMD     C_f = 0x03a   at time   62941951 ps
inst0 ch0:  C_CMD: WRCMD     C_r = 0x011   at time   62944849 ps
inst0 ch0:  C_CMD: WRCMD     C_f = 0x028   at time   62945263 ps
inst0 ch0:  C_CMD: WRCMD     C_r = 0x011   at time   62948161 ps
inst0 ch0:  C_CMD: WRCMD     C_f = 0x02a   at time   62948575 ps
inst0 ch0:  C_CMD: WRCMD     C_r = 0x011   at time   62951473 ps
inst0 ch0:  C_CMD: WRCMD     C_f = 0x030   at time   62951887 ps
inst0 ch0:  C_CMD: WRCMD     C_r = 0x011   at time   62954785 ps
inst0 ch0:  C_CMD: WRCMD     C_f = 0x032   at time   62955199 ps
inst0 ch0:  C_CMD: WRCMD     C_r = 0x011   at time   62958097 ps
inst0 ch0:  C_CMD: WRCMD     C_f = 0x020   at time   62958511 ps
inst0 ch0:  C_CMD: WRCMD     C_r = 0x019   at time   62961409 ps
inst0 ch0:  C_CMD: WRCMD     C_f = 0x022   at time   62961823 ps
inst0 ch0:  R_CMD: ACTCMD    R_r0= 0x0a    at time   63011089 ps
inst0 ch0:  R_CMD: ACTCMD    R_f0= 0x08    at time   63011503 ps
inst0 ch0:  R_CMD: ACTCMD    R_r1= 0x00    at time   63011917 ps
inst0 ch0:  R_CMD: ACTCMD    R_f1= 0x00    at time   63012331 ps
inst0 ch0:  C_CMD: RDCMD     C_r = 0x015   at time   63025993 ps
inst0 ch0:  C_CMD: RDCMD     C_f = 0x098   at time   63026407 ps
inst0 ch0:  C_CMD: RDCMD     C_r = 0x015   at time   63029305 ps
inst0 ch0:  C_CMD: RDCMD     C_f = 0x09a   at time   63029719 ps
inst0 ch0:  C_CMD: RDCMD     C_r = 0x015   at time   63032617 ps
inst0 ch0:  C_CMD: RDCMD     C_f = 0x090   at time   63033031 ps
inst0 ch0:  C_CMD: RDCMD     C_r = 0x015   at time   63035929 ps
inst0 ch0:  C_CMD: RDCMD     C_f = 0x092   at time   63036343 ps
inst0 ch0:  C_CMD: RDCMD     C_r = 0x015   at time   63039241 ps
inst0 ch0:  C_CMD: RDCMD     C_f = 0x088   at time   63039655 ps
inst0 ch0:  C_CMD: RDCMD     C_r = 0x015   at time   63042553 ps
inst0 ch0:  C_CMD: RDCMD     C_f = 0x08a   at time   63042967 ps
inst0 ch0:  C_CMD: RDCMD     C_r = 0x015   at time   63045865 ps
inst0 ch0:  C_CMD: RDCMD     C_f = 0x080   at time   63046279 ps
inst0 ch0:  C_CMD: RDCMD     C_r = 0x01d   at time   63049177 ps
inst0 ch0:  C_CMD: RDCMD     C_f = 0x082   at time   63049591 ps
inst0 ch0:  R_CMD: ACTCMD    R_r0= 0x0a    at time   63189937 ps
inst0 ch0:  R_CMD: ACTCMD    R_f0= 0x08    at time   63190351 ps
inst0 ch0:  R_CMD: ACTCMD    R_r1= 0x00    at time   63190765 ps
inst0 ch0:  R_CMD: ACTCMD    R_f1= 0x00    at time   63191179 ps
inst0 ch0:  C_CMD: RDCMD     C_r = 0x015   at time   63204841 ps
inst0 ch0:  C_CMD: RDCMD     C_f = 0x0b8   at time   63205255 ps
inst0 ch0:  C_CMD: RDCMD     C_r = 0x015   at time   63208153 ps
inst0 ch0:  C_CMD: RDCMD     C_f = 0x0ba   at time   63208567 ps
inst0 ch0:  C_CMD: RDCMD     C_r = 0x015   at time   63211465 ps
inst0 ch0:  C_CMD: RDCMD     C_f = 0x0b0   at time   63211879 ps
inst0 ch0:  C_CMD: RDCMD     C_r = 0x015   at time   63214777 ps
inst0 ch0:  C_CMD: RDCMD     C_f = 0x0b2   at time   63215191 ps
inst0 ch0:  C_CMD: RDCMD     C_r = 0x015   at time   63218089 ps
inst0 ch0:  C_CMD: RDCMD     C_f = 0x0a8   at time   63218503 ps
inst0 ch0:  C_CMD: RDCMD     C_r = 0x015   at time   63221401 ps
inst0 ch0:  C_CMD: RDCMD     C_f = 0x0aa   at time   63221815 ps
inst0 ch0:  C_CMD: RDCMD     C_r = 0x015   at time   63224713 ps
inst0 ch0:  C_CMD: RDCMD     C_f = 0x0a0   at time   63225127 ps
inst0 ch0:  C_CMD: RDCMD     C_r = 0x01d   at time   63228025 ps
inst0 ch0:  C_CMD: RDCMD     C_f = 0x0a2   at time   63228439 ps
inst0 ch0:  R_CMD: ACTCMD    R_r0= 0x0a    at time   63262801 ps
inst0 ch0:  R_CMD: ACTCMD    R_f0= 0x08    at time   63263215 ps
inst0 ch0:  R_CMD: ACTCMD    R_r1= 0x00    at time   63263629 ps
inst0 ch0:  R_CMD: ACTCMD    R_f1= 0x00    at time   63264043 ps
inst0 ch0:  C_CMD: WRCMD     C_r = 0x011   at time   63273565 ps
inst0 ch0:  C_CMD: WRCMD     C_f = 0x0b8   at time   63273979 ps
inst0 ch0:  C_CMD: WRCMD     C_r = 0x011   at time   63276877 ps
inst0 ch0:  C_CMD: WRCMD     C_f = 0x0ba   at time   63277291 ps
inst0 ch0:  C_CMD: WRCMD     C_r = 0x011   at time   63280189 ps
inst0 ch0:  C_CMD: WRCMD     C_f = 0x0b0   at time   63280603 ps
inst0 ch0:  C_CMD: WRCMD     C_r = 0x011   at time   63283501 ps
inst0 ch0:  C_CMD: WRCMD     C_f = 0x0b2   at time   63283915 ps
inst0 ch0:  C_CMD: WRCMD     C_r = 0x011   at time   63286813 ps
inst0 ch0:  C_CMD: WRCMD     C_f = 0x0a8   at time   63287227 ps
inst0 ch0:  C_CMD: WRCMD     C_r = 0x011   at time   63290125 ps
inst0 ch0:  C_CMD: WRCMD     C_f = 0x0aa   at time   63290539 ps
inst0 ch0:  C_CMD: WRCMD     C_r = 0x011   at time   63293437 ps
inst0 ch0:  C_CMD: WRCMD     C_f = 0x0a0   at time   63293851 ps
inst0 ch0:  C_CMD: WRCMD     C_r = 0x019   at time   63296749 ps
inst0 ch0:  C_CMD: WRCMD     C_f = 0x0a2   at time   63297163 ps
inst0 ch0:  R_CMD: ACTCMD    R_r0= 0x02    at time   63681769 ps
inst0 ch0:  R_CMD: ACTCMD    R_f0= 0x13    at time   63682183 ps
inst0 ch0:  R_CMD: ACTCMD    R_r1= 0x3f    at time   63682597 ps
inst0 ch0:  R_CMD: ACTCMD    R_f1= 0x3b    at time   63683011 ps
inst0 ch0:  C_CMD: RDCMD     C_r = 0x005   at time   63696673 ps
inst0 ch0:  C_CMD: RDCMD     C_f = 0x000   at time   63697087 ps
inst0 ch0:  C_CMD: RDCMD     C_r = 0x00d   at time   63699985 ps
inst0 ch0:  C_CMD: RDCMD     C_f = 0x002   at time   63700399 ps
inst0 ch0:  R_CMD: ACTCMD    R_r0= 0x02    at time   63903673 ps
inst0 ch0:  R_CMD: ACTCMD    R_f0= 0x13    at time   63904087 ps
inst0 ch0:  R_CMD: ACTCMD    R_r1= 0x3f    at time   63904501 ps
inst0 ch0:  R_CMD: ACTCMD    R_f1= 0x3b    at time   63904915 ps
inst0 ch0:  C_CMD: WRCMD     C_r = 0x001   at time   63914437 ps
inst0 ch0:  C_CMD: WRCMD     C_f = 0x000   at time   63914851 ps
inst0 ch0:  C_CMD: WRCMD     C_r = 0x009   at time   63917749 ps
inst0 ch0:  C_CMD: WRCMD     C_f = 0x002   at time   63918163 ps
inst0 ch0:  R_CMD: ACTCMD    R_r0= 0x02    at time   64064305 ps
inst0 ch0:  R_CMD: ACTCMD    R_f0= 0x13    at time   64064719 ps
inst0 ch0:  R_CMD: ACTCMD    R_r1= 0x3f    at time   64065133 ps
inst0 ch0:  R_CMD: ACTCMD    R_f1= 0x3b    at time   64065547 ps
inst0 ch0:  C_CMD: RDCMD     C_r = 0x005   at time   64079209 ps
inst0 ch0:  C_CMD: RDCMD     C_f = 0x000   at time   64079623 ps
inst0 ch0:  C_CMD: RDCMD     C_r = 0x00d   at time   64082521 ps
inst0 ch0:  C_CMD: RDCMD     C_f = 0x002   at time   64082935 ps
inst0 ch0:  R_CMD: ACTCMD    R_r0= 0x02    at time   64134685 ps
inst0 ch0:  R_CMD: ACTCMD    R_f0= 0x13    at time   64135099 ps
inst0 ch0:  R_CMD: ACTCMD    R_r1= 0x3f    at time   64135513 ps
inst0 ch0:  R_CMD: ACTCMD    R_f1= 0x3b    at time   64135927 ps
inst0 ch0:  C_CMD: WRCMD     C_r = 0x001   at time   64145449 ps
inst0 ch0:  C_CMD: WRCMD     C_f = 0x000   at time   64145863 ps
inst0 ch0:  C_CMD: WRCMD     C_r = 0x009   at time   64148761 ps
inst0 ch0:  C_CMD: WRCMD     C_f = 0x002   at time   64149175 ps
inst0 ch0:  R_CMD: ACTCMD    R_r0= 0x02    at time   64269649 ps
inst0 ch0:  R_CMD: ACTCMD    R_f0= 0x1b    at time   64270063 ps
inst0 ch0:  R_CMD: ACTCMD    R_r1= 0x3f    at time   64270477 ps
inst0 ch0:  R_CMD: ACTCMD    R_f1= 0x3b    at time   64270891 ps
inst0 ch0:  C_CMD: RDCMD     C_r = 0x005   at time   64284553 ps
inst0 ch0:  C_CMD: RDCMD     C_f = 0x080   at time   64284967 ps
inst0 ch0:  C_CMD: RDCMD     C_r = 0x00d   at time   64287865 ps
inst0 ch0:  C_CMD: RDCMD     C_f = 0x082   at time   64288279 ps
inst0 ch0:  R_CMD: ACTCMD    R_r0= 0x02    at time   64342513 ps
inst0 ch0:  R_CMD: ACTCMD    R_f0= 0x1b    at time   64342927 ps
inst0 ch0:  R_CMD: ACTCMD    R_r1= 0x3f    at time   64343341 ps
inst0 ch0:  R_CMD: ACTCMD    R_f1= 0x3b    at time   64343755 ps
inst0 ch0:  C_CMD: WRCMD     C_r = 0x001   at time   64353277 ps
inst0 ch0:  C_CMD: WRCMD     C_f = 0x080   at time   64353691 ps
inst0 ch0:  C_CMD: WRCMD     C_r = 0x009   at time   64356589 ps
inst0 ch0:  C_CMD: WRCMD     C_f = 0x082   at time   64357003 ps
inst0 ch0:  R_CMD: ACTCMD    R_r0= 0x02    at time   64584289 ps
inst0 ch0:  R_CMD: ACTCMD    R_f0= 0x1b    at time   64584703 ps
inst0 ch0:  R_CMD: ACTCMD    R_r1= 0x3f    at time   64585117 ps
inst0 ch0:  R_CMD: ACTCMD    R_f1= 0x3b    at time   64585531 ps
inst0 ch0:  C_CMD: RDCMD     C_r = 0x005   at time   64599193 ps
inst0 ch0:  C_CMD: RDCMD     C_f = 0x080   at time   64599607 ps
inst0 ch0:  C_CMD: RDCMD     C_r = 0x00d   at time   64602505 ps
inst0 ch0:  C_CMD: RDCMD     C_f = 0x082   at time   64602919 ps
inst0 ch0:  R_CMD: ACTCMD    R_r0= 0x0a    at time   64619893 ps
inst0 ch0:  R_CMD: ACTCMD    R_f0= 0x11    at time   64620307 ps
inst0 ch0:  R_CMD: ACTCMD    R_r1= 0x3f    at time   64620721 ps
inst0 ch0:  R_CMD: ACTCMD    R_f1= 0x3b    at time   64621135 ps
inst0 ch0:  R_CMD: ACTCMD    R_r0= 0x02    at time   64624033 ps
inst0 ch0:  R_CMD: ACTCMD    R_f0= 0x11    at time   64624447 ps
inst0 ch0:  R_CMD: ACTCMD    R_r1= 0x3f    at time   64624861 ps
inst0 ch0:  R_CMD: ACTCMD    R_f1= 0x3b    at time   64625275 ps
inst0 ch0:  C_CMD: RDCMD     C_r = 0x015   at time   64634797 ps
inst0 ch0:  C_CMD: RDCMD     C_f = 0x078   at time   64635211 ps
inst0 ch0:  C_CMD: RDCMD     C_r = 0x01d   at time   64638109 ps
inst0 ch0:  C_CMD: RDCMD     C_f = 0x07a   at time   64638523 ps
inst0 ch0:  C_CMD: RDCMD     C_r = 0x005   at time   64641421 ps
inst0 ch0:  C_CMD: RDCMD     C_f = 0x078   at time   64641835 ps
inst0 ch0:  C_CMD: RDCMD     C_r = 0x00d   at time   64644733 ps
inst0 ch0:  C_CMD: RDCMD     C_f = 0x07a   at time   64645147 ps
inst0 ch0:  R_CMD: ACTCMD    R_r0= 0x02    at time   64652185 ps
inst0 ch0:  R_CMD: ACTCMD    R_f0= 0x1b    at time   64652599 ps
inst0 ch0:  R_CMD: ACTCMD    R_r1= 0x3f    at time   64653013 ps
inst0 ch0:  R_CMD: ACTCMD    R_f1= 0x3b    at time   64653427 ps
inst0 ch0:  C_CMD: WRCMD     C_r = 0x001   at time   64662949 ps
inst0 ch0:  C_CMD: WRCMD     C_f = 0x080   at time   64663363 ps
inst0 ch0:  C_CMD: WRCMD     C_r = 0x009   at time   64666261 ps
inst0 ch0:  C_CMD: WRCMD     C_f = 0x082   at time   64666675 ps
inst0 ch0:  R_CMD: ACTCMD    R_r0= 0x0a    at time   64690273 ps
inst0 ch0:  R_CMD: ACTCMD    R_f0= 0x11    at time   64690687 ps
inst0 ch0:  R_CMD: ACTCMD    R_r1= 0x3f    at time   64691101 ps
inst0 ch0:  R_CMD: ACTCMD    R_f1= 0x3b    at time   64691515 ps
inst0 ch0:  R_CMD: ACTCMD    R_r0= 0x02    at time   64701037 ps
inst0 ch0:  C_CMD: WRCMD     C_r = 0x011   at time   64701037 ps
inst0 ch0:  R_CMD: ACTCMD    R_f0= 0x11    at time   64701451 ps
inst0 ch0:  C_CMD: WRCMD     C_f = 0x078   at time   64701451 ps
inst0 ch0:  R_CMD: ACTCMD    R_r1= 0x3f    at time   64701865 ps
inst0 ch0:  R_CMD: ACTCMD    R_f1= 0x3b    at time   64702279 ps
inst0 ch0:  C_CMD: WRCMD     C_r = 0x019   at time   64704349 ps
inst0 ch0:  C_CMD: WRCMD     C_f = 0x07a   at time   64704763 ps
inst0 ch0:  C_CMD: WRCMD     C_r = 0x001   at time   64711801 ps
inst0 ch0:  C_CMD: WRCMD     C_f = 0x078   at time   64712215 ps
inst0 ch0:  C_CMD: WRCMD     C_r = 0x009   at time   64715113 ps
inst0 ch0:  C_CMD: WRCMD     C_f = 0x07a   at time   64715527 ps
inst0 ch0:  R_CMD: ACTCMD    R_r0= 0x0a    at time   64816957 ps
inst0 ch0:  R_CMD: ACTCMD    R_f0= 0x02    at time   64817371 ps
inst0 ch0:  R_CMD: ACTCMD    R_r1= 0x00    at time   64817785 ps
inst0 ch0:  R_CMD: ACTCMD    R_f1= 0x00    at time   64818199 ps
inst0 ch0:  R_CMD: ACTCMD    R_r0= 0x02    at time   64821097 ps
inst0 ch0:  R_CMD: ACTCMD    R_f0= 0x02    at time   64821511 ps
inst0 ch0:  R_CMD: ACTCMD    R_r1= 0x00    at time   64821925 ps
inst0 ch0:  R_CMD: ACTCMD    R_f1= 0x00    at time   64822339 ps
inst0 ch0:  C_CMD: RDCMD     C_r = 0x015   at time   64831861 ps
inst0 ch0:  C_CMD: RDCMD     C_f = 0x000   at time   64832275 ps
inst0 ch0:  C_CMD: RDCMD     C_r = 0x01d   at time   64835173 ps
inst0 ch0:  C_CMD: RDCMD     C_f = 0x002   at time   64835587 ps
inst0 ch0:  C_CMD: RDCMD     C_r = 0x005   at time   64838485 ps
inst0 ch0:  C_CMD: RDCMD     C_f = 0x000   at time   64838899 ps
inst0 ch0:  C_CMD: RDCMD     C_r = 0x00d   at time   64841797 ps
inst0 ch0:  C_CMD: RDCMD     C_f = 0x002   at time   64842211 ps
inst0 ch0:  R_CMD: ACTCMD    R_r0= 0x0a    at time   64883197 ps
inst0 ch0:  R_CMD: ACTCMD    R_f0= 0x19    at time   64883611 ps
inst0 ch0:  R_CMD: ACTCMD    R_r1= 0x3f    at time   64884025 ps
inst0 ch0:  R_CMD: ACTCMD    R_f1= 0x3b    at time   64884439 ps
inst0 ch0:  R_CMD: ACTCMD    R_r0= 0x02    at time   64887337 ps
inst0 ch0:  R_CMD: ACTCMD    R_f0= 0x19    at time   64887751 ps
inst0 ch0:  R_CMD: ACTCMD    R_r1= 0x3f    at time   64888165 ps
inst0 ch0:  R_CMD: ACTCMD    R_f1= 0x3b    at time   64888579 ps
inst0 ch0:  C_CMD: RDCMD     C_r = 0x015   at time   64898101 ps
inst0 ch0:  C_CMD: RDCMD     C_f = 0x0f8   at time   64898515 ps
inst0 ch0:  C_CMD: RDCMD     C_r = 0x01d   at time   64901413 ps
inst0 ch0:  C_CMD: RDCMD     C_f = 0x0fa   at time   64901827 ps
inst0 ch0:  C_CMD: RDCMD     C_r = 0x005   at time   64904725 ps
inst0 ch0:  C_CMD: RDCMD     C_f = 0x0f8   at time   64905139 ps
inst0 ch0:  C_CMD: RDCMD     C_r = 0x00d   at time   64908037 ps
inst0 ch0:  C_CMD: RDCMD     C_f = 0x0fa   at time   64908451 ps
inst0 ch0:  R_CMD: ACTCMD    R_r0= 0x0a    at time   64956061 ps
inst0 ch0:  R_CMD: ACTCMD    R_f0= 0x19    at time   64956475 ps
inst0 ch0:  R_CMD: ACTCMD    R_r1= 0x3f    at time   64956889 ps
inst0 ch0:  R_CMD: ACTCMD    R_f1= 0x3b    at time   64957303 ps
inst0 ch0:  R_CMD: ACTCMD    R_r0= 0x02    at time   64960201 ps
inst0 ch0:  R_CMD: ACTCMD    R_f0= 0x19    at time   64960615 ps
inst0 ch0:  R_CMD: ACTCMD    R_r1= 0x3f    at time   64961029 ps
inst0 ch0:  R_CMD: ACTCMD    R_f1= 0x3b    at time   64961443 ps
inst0 ch0:  C_CMD: WRCMD     C_r = 0x011   at time   64966825 ps
inst0 ch0:  C_CMD: WRCMD     C_f = 0x0f8   at time   64967239 ps
inst0 ch0:  C_CMD: WRCMD     C_r = 0x019   at time   64970137 ps
inst0 ch0:  C_CMD: WRCMD     C_f = 0x0fa   at time   64970551 ps
inst0 ch0:  C_CMD: WRCMD     C_r = 0x001   at time   64973449 ps
inst0 ch0:  C_CMD: WRCMD     C_f = 0x0f8   at time   64973863 ps
inst0 ch0:  C_CMD: WRCMD     C_r = 0x009   at time   64976761 ps
inst0 ch0:  C_CMD: WRCMD     C_f = 0x0fa   at time   64977175 ps
inst0 ch0:  R_CMD: ACTCMD    R_r0= 0x0a    at time   65675593 ps
inst0 ch0:  R_CMD: ACTCMD    R_f0= 0x0a    at time   65676007 ps
inst0 ch0:  R_CMD: ACTCMD    R_r1= 0x00    at time   65676421 ps
inst0 ch0:  R_CMD: ACTCMD    R_f1= 0x00    at time   65676835 ps
inst0 ch0:  R_CMD: ACTCMD    R_r0= 0x02    at time   65679733 ps
inst0 ch0:  R_CMD: ACTCMD    R_f0= 0x0a    at time   65680147 ps
inst0 ch0:  R_CMD: ACTCMD    R_r1= 0x00    at time   65680561 ps
inst0 ch0:  R_CMD: ACTCMD    R_f1= 0x00    at time   65680975 ps
inst0 ch0:  C_CMD: RDCMD     C_r = 0x015   at time   65690497 ps
inst0 ch0:  C_CMD: RDCMD     C_f = 0x080   at time   65690911 ps
inst0 ch0:  C_CMD: RDCMD     C_r = 0x01d   at time   65693809 ps
inst0 ch0:  C_CMD: RDCMD     C_f = 0x082   at time   65694223 ps
inst0 ch0:  C_CMD: RDCMD     C_r = 0x005   at time   65697121 ps
inst0 ch0:  C_CMD: RDCMD     C_f = 0x080   at time   65697535 ps
inst0 ch0:  C_CMD: RDCMD     C_r = 0x00d   at time   65700433 ps
inst0 ch0:  C_CMD: RDCMD     C_f = 0x082   at time   65700847 ps
