inst0 ch0:  R_CMD: ACTCMD    R_r0= 0x0e    at time   33400981 ps
inst0 ch0:  R_CMD: ACTCMD    R_f0= 0x28    at time   33401395 ps
inst0 ch0:  R_CMD: ACTCMD    R_r1= 0x00    at time   33401809 ps
inst0 ch0:  R_CMD: ACTCMD    R_f1= 0x02    at time   33402223 ps
inst0 ch0:  R_CMD: ACTCMD    R_r0= 0x0e    at time   33402637 ps
inst0 ch0:  R_CMD: ACTCMD    R_f0= 0x20    at time   33403051 ps
inst0 ch0:  R_CMD: ACTCMD    R_r1= 0x00    at time   33403465 ps
inst0 ch0:  R_CMD: ACTCMD    R_f1= 0x02    at time   33403879 ps
inst0 ch0:  C_CMD: RDCMD     C_r = 0x095   at time   33415885 ps
inst0 ch0:  C_CMD: RDCMD     C_f = 0x0a9   at time   33416299 ps
inst0 ch0:  C_CMD: RDCMD     C_r = 0x095   at time   33417541 ps
inst0 ch0:  C_CMD: RDCMD     C_f = 0x029   at time   33417955 ps
inst0 ch0:  C_CMD: RDCMD     C_r = 0x095   at time   33419197 ps
inst0 ch0:  C_CMD: RDCMD     C_f = 0x0ab   at time   33419611 ps
inst0 ch0:  C_CMD: RDCMD     C_r = 0x095   at time   33420853 ps
inst0 ch0:  C_CMD: RDCMD     C_f = 0x02b   at time   33421267 ps
inst0 ch0:  C_CMD: RDCMD     C_r = 0x095   at time   33422509 ps
inst0 ch0:  C_CMD: RDCMD     C_f = 0x0a1   at time   33422923 ps
inst0 ch0:  C_CMD: RDCMD     C_r = 0x095   at time   33424165 ps
inst0 ch0:  C_CMD: RDCMD     C_f = 0x021   at time   33424579 ps
inst0 ch0:  C_CMD: RDCMD     C_r = 0x09d   at time   33425821 ps
inst0 ch0:  C_CMD: RDCMD     C_f = 0x0a3   at time   33426235 ps
inst0 ch0:  C_CMD: RDCMD     C_r = 0x09d   at time   33427477 ps
inst0 ch0:  C_CMD: RDCMD     C_f = 0x023   at time   33427891 ps
inst0 ch0:  R_CMD: ACTCMD    R_r0= 0x0e    at time   33587281 ps
inst0 ch0:  R_CMD: ACTCMD    R_f0= 0x28    at time   33587695 ps
inst0 ch0:  R_CMD: ACTCMD    R_r1= 0x00    at time   33588109 ps
inst0 ch0:  R_CMD: ACTCMD    R_f1= 0x02    at time   33588523 ps
inst0 ch0:  R_CMD: ACTCMD    R_r0= 0x0e    at time   33588937 ps
inst0 ch0:  R_CMD: ACTCMD    R_f0= 0x20    at time   33589351 ps
inst0 ch0:  R_CMD: ACTCMD    R_r1= 0x00    at time   33589765 ps
inst0 ch0:  R_CMD: ACTCMD    R_f1= 0x02    at time   33590179 ps
inst0 ch0:  C_CMD: WRCMD     C_r = 0x091   at time   33598045 ps
inst0 ch0:  C_CMD: WRCMD     C_f = 0x0a9   at time   33598459 ps
inst0 ch0:  C_CMD: WRCMD     C_r = 0x091   at time   33599701 ps
inst0 ch0:  C_CMD: WRCMD     C_f = 0x029   at time   33600115 ps
inst0 ch0:  C_CMD: WRCMD     C_r = 0x091   at time   33601357 ps
inst0 ch0:  C_CMD: WRCMD     C_f = 0x0ab   at time   33601771 ps
inst0 ch0:  C_CMD: WRCMD     C_r = 0x091   at time   33603013 ps
inst0 ch0:  C_CMD: WRCMD     C_f = 0x02b   at time   33603427 ps
inst0 ch0:  C_CMD: WRCMD     C_r = 0x091   at time   33604669 ps
inst0 ch0:  C_CMD: WRCMD     C_f = 0x0a1   at time   33605083 ps
inst0 ch0:  C_CMD: WRCMD     C_r = 0x091   at time   33606325 ps
inst0 ch0:  C_CMD: WRCMD     C_f = 0x021   at time   33606739 ps
inst0 ch0:  C_CMD: WRCMD     C_r = 0x099   at time   33607981 ps
inst0 ch0:  C_CMD: WRCMD     C_f = 0x0a3   at time   33608395 ps
inst0 ch0:  C_CMD: WRCMD     C_r = 0x099   at time   33609637 ps
inst0 ch0:  C_CMD: WRCMD     C_f = 0x023   at time   33610051 ps
inst0 ch0:  R_CMD: ACTCMD    R_r0= 0x26    at time   54263269 ps
inst0 ch0:  R_CMD: ACTCMD    R_f0= 0x28    at time   54263683 ps
inst0 ch0:  R_CMD: ACTCMD    R_r1= 0x00    at time   54264097 ps
inst0 ch0:  R_CMD: ACTCMD    R_f1= 0x02    at time   54264511 ps
inst0 ch0:  R_CMD: ACTCMD    R_r0= 0x26    at time   54265753 ps
inst0 ch0:  R_CMD: ACTCMD    R_f0= 0x20    at time   54266167 ps
inst0 ch0:  R_CMD: ACTCMD    R_r1= 0x00    at time   54266581 ps
inst0 ch0:  R_CMD: ACTCMD    R_f1= 0x02    at time   54266995 ps
inst0 ch0:  C_CMD: RDCMD     C_r = 0x0c5   at time   54278173 ps
inst0 ch0:  C_CMD: RDCMD     C_f = 0x0a9   at time   54278587 ps
inst0 ch0:  C_CMD: RDCMD     C_r = 0x0c5   at time   54280657 ps
inst0 ch0:  C_CMD: RDCMD     C_f = 0x029   at time   54281071 ps
inst0 ch0:  C_CMD: RDCMD     C_r = 0x0c5   at time   54281485 ps
inst0 ch0:  C_CMD: RDCMD     C_f = 0x0ab   at time   54281899 ps
inst0 ch0:  C_CMD: RDCMD     C_r = 0x0c5   at time   54283969 ps
inst0 ch0:  C_CMD: RDCMD     C_f = 0x02b   at time   54284383 ps
inst0 ch0:  C_CMD: RDCMD     C_r = 0x0c5   at time   54284797 ps
inst0 ch0:  C_CMD: RDCMD     C_f = 0x0a1   at time   54285211 ps
inst0 ch0:  C_CMD: RDCMD     C_r = 0x0c5   at time   54287281 ps
inst0 ch0:  C_CMD: RDCMD     C_f = 0x021   at time   54287695 ps
inst0 ch0:  C_CMD: RDCMD     C_r = 0x0cd   at time   54288109 ps
inst0 ch0:  C_CMD: RDCMD     C_f = 0x0a3   at time   54288523 ps
inst0 ch0:  C_CMD: RDCMD     C_r = 0x0cd   at time   54290593 ps
inst0 ch0:  C_CMD: RDCMD     C_f = 0x023   at time   54291007 ps
inst0 ch0:  R_CMD: ACTCMD    R_r0= 0x26    at time   54333649 ps
inst0 ch0:  R_CMD: ACTCMD    R_f0= 0x28    at time   54334063 ps
inst0 ch0:  R_CMD: ACTCMD    R_r1= 0x00    at time   54334477 ps
inst0 ch0:  R_CMD: ACTCMD    R_f1= 0x02    at time   54334891 ps
inst0 ch0:  R_CMD: ACTCMD    R_r0= 0x26    at time   54336133 ps
inst0 ch0:  R_CMD: ACTCMD    R_f0= 0x20    at time   54336547 ps
inst0 ch0:  R_CMD: ACTCMD    R_r1= 0x00    at time   54336961 ps
inst0 ch0:  R_CMD: ACTCMD    R_f1= 0x02    at time   54337375 ps
inst0 ch0:  C_CMD: WRCMD     C_r = 0x0c1   at time   54344413 ps
inst0 ch0:  C_CMD: WRCMD     C_f = 0x0a9   at time   54344827 ps
inst0 ch0:  C_CMD: WRCMD     C_r = 0x0c1   at time   54346897 ps
inst0 ch0:  C_CMD: WRCMD     C_f = 0x029   at time   54347311 ps
inst0 ch0:  C_CMD: WRCMD     C_r = 0x0c1   at time   54347725 ps
inst0 ch0:  C_CMD: WRCMD     C_f = 0x0ab   at time   54348139 ps
inst0 ch0:  C_CMD: WRCMD     C_r = 0x0c1   at time   54350209 ps
inst0 ch0:  C_CMD: WRCMD     C_f = 0x02b   at time   54350623 ps
inst0 ch0:  C_CMD: WRCMD     C_r = 0x0c1   at time   54351037 ps
inst0 ch0:  C_CMD: WRCMD     C_f = 0x0a1   at time   54351451 ps
inst0 ch0:  C_CMD: WRCMD     C_r = 0x0c1   at time   54353521 ps
inst0 ch0:  C_CMD: WRCMD     C_f = 0x021   at time   54353935 ps
inst0 ch0:  C_CMD: WRCMD     C_r = 0x0c9   at time   54354349 ps
inst0 ch0:  C_CMD: WRCMD     C_f = 0x0a3   at time   54354763 ps
inst0 ch0:  C_CMD: WRCMD     C_r = 0x0c9   at time   54356833 ps
inst0 ch0:  C_CMD: WRCMD     C_f = 0x023   at time   54357247 ps
inst0 ch0:  R_CMD: ACTCMD    R_r0= 0x22    at time  124914025 ps
inst0 ch0:  R_CMD: ACTCMD    R_f0= 0x2a    at time  124914439 ps
inst0 ch0:  R_CMD: ACTCMD    R_r1= 0x00    at time  124914853 ps
inst0 ch0:  R_CMD: ACTCMD    R_f1= 0x00    at time  124915267 ps
inst0 ch0:  R_CMD: ACTCMD    R_r0= 0x02    at time  124918165 ps
inst0 ch0:  R_CMD: ACTCMD    R_f0= 0x2a    at time  124918579 ps
inst0 ch0:  R_CMD: ACTCMD    R_r1= 0x00    at time  124918993 ps
inst0 ch0:  R_CMD: ACTCMD    R_f1= 0x00    at time  124919407 ps
inst0 ch0:  R_CMD: ACTCMD    R_r0= 0x22    at time  124919821 ps
inst0 ch0:  R_CMD: ACTCMD    R_f0= 0x22    at time  124920235 ps
inst0 ch0:  R_CMD: ACTCMD    R_r1= 0x00    at time  124920649 ps
inst0 ch0:  R_CMD: ACTCMD    R_f1= 0x00    at time  124921063 ps
inst0 ch0:  R_CMD: ACTCMD    R_r0= 0x22    at time  124922305 ps
inst0 ch0:  R_CMD: ACTCMD    R_f0= 0x0a    at time  124922719 ps
inst0 ch0:  R_CMD: ACTCMD    R_r1= 0x00    at time  124923133 ps
inst0 ch0:  R_CMD: ACTCMD    R_f1= 0x00    at time  124923547 ps
inst0 ch0:  R_CMD: ACTCMD    R_r0= 0x02    at time  124923961 ps
inst0 ch0:  R_CMD: ACTCMD    R_f0= 0x22    at time  124924375 ps
inst0 ch0:  R_CMD: ACTCMD    R_r1= 0x00    at time  124924789 ps
inst0 ch0:  R_CMD: ACTCMD    R_f1= 0x00    at time  124925203 ps
inst0 ch0:  R_CMD: ACTCMD    R_r0= 0x02    at time  124926445 ps
inst0 ch0:  R_CMD: ACTCMD    R_f0= 0x0a    at time  124926859 ps
inst0 ch0:  R_CMD: ACTCMD    R_r1= 0x00    at time  124927273 ps
inst0 ch0:  R_CMD: ACTCMD    R_f1= 0x00    at time  124927687 ps
inst0 ch0:  R_CMD: ACTCMD    R_r0= 0x22    at time  124928101 ps
inst0 ch0:  R_CMD: ACTCMD    R_f0= 0x02    at time  124928515 ps
inst0 ch0:  R_CMD: ACTCMD    R_r1= 0x00    at time  124928929 ps
inst0 ch0:  C_CMD: RDCMD     C_r = 0x0c5   at time  124928929 ps
inst0 ch0:  R_CMD: ACTCMD    R_f1= 0x00    at time  124929343 ps
inst0 ch0:  C_CMD: RDCMD     C_f = 0x080   at time  124929343 ps
inst0 ch0:  R_CMD: ACTCMD    R_r0= 0x02    at time  124932241 ps
inst0 ch0:  C_CMD: RDCMD     C_r = 0x0cd   at time  124932241 ps
inst0 ch0:  R_CMD: ACTCMD    R_f0= 0x02    at time  124932655 ps
inst0 ch0:  C_CMD: RDCMD     C_f = 0x082   at time  124932655 ps
inst0 ch0:  R_CMD: ACTCMD    R_r1= 0x00    at time  124933069 ps
inst0 ch0:  R_CMD: ACTCMD    R_f1= 0x00    at time  124933483 ps
inst0 ch0:  C_CMD: RDCMD     C_r = 0x085   at time  124933897 ps
inst0 ch0:  C_CMD: RDCMD     C_f = 0x080   at time  124934311 ps
inst0 ch0:  C_CMD: RDCMD     C_r = 0x0c5   at time  124934725 ps
inst0 ch0:  C_CMD: RDCMD     C_f = 0x000   at time  124935139 ps
inst0 ch0:  C_CMD: RDCMD     C_r = 0x08d   at time  124937209 ps
inst0 ch0:  C_CMD: RDCMD     C_f = 0x082   at time  124937623 ps
inst0 ch0:  C_CMD: RDCMD     C_r = 0x0cd   at time  124938037 ps
inst0 ch0:  C_CMD: RDCMD     C_f = 0x002   at time  124938451 ps
inst0 ch0:  C_CMD: RDCMD     C_r = 0x045   at time  124938865 ps
inst0 ch0:  C_CMD: RDCMD     C_f = 0x080   at time  124939279 ps
inst0 ch0:  C_CMD: RDCMD     C_r = 0x085   at time  124939693 ps
inst0 ch0:  C_CMD: RDCMD     C_f = 0x000   at time  124940107 ps
inst0 ch0:  C_CMD: RDCMD     C_r = 0x005   at time  124941349 ps
inst0 ch0:  C_CMD: RDCMD     C_f = 0x080   at time  124941763 ps
inst0 ch0:  C_CMD: RDCMD     C_r = 0x04d   at time  124943005 ps
inst0 ch0:  C_CMD: RDCMD     C_f = 0x082   at time  124943419 ps
inst0 ch0:  C_CMD: RDCMD     C_r = 0x08d   at time  124943833 ps
inst0 ch0:  C_CMD: RDCMD     C_f = 0x002   at time  124944247 ps
inst0 ch0:  C_CMD: RDCMD     C_r = 0x00d   at time  124944661 ps
inst0 ch0:  C_CMD: RDCMD     C_f = 0x082   at time  124945075 ps
inst0 ch0:  C_CMD: RDCMD     C_r = 0x045   at time  124945489 ps
inst0 ch0:  C_CMD: RDCMD     C_f = 0x000   at time  124945903 ps
inst0 ch0:  C_CMD: RDCMD     C_r = 0x005   at time  124947145 ps
inst0 ch0:  C_CMD: RDCMD     C_f = 0x000   at time  124947559 ps
inst0 ch0:  C_CMD: RDCMD     C_r = 0x04d   at time  124948801 ps
inst0 ch0:  C_CMD: RDCMD     C_f = 0x002   at time  124949215 ps
inst0 ch0:  C_CMD: RDCMD     C_r = 0x00d   at time  124950457 ps
inst0 ch0:  C_CMD: RDCMD     C_f = 0x002   at time  124950871 ps
inst0 ch0:  R_CMD: ACTCMD    R_r0= 0x2a    at time  125412481 ps
inst0 ch0:  R_CMD: ACTCMD    R_f0= 0x2a    at time  125412895 ps
inst0 ch0:  R_CMD: ACTCMD    R_r1= 0x00    at time  125413309 ps
inst0 ch0:  R_CMD: ACTCMD    R_f1= 0x00    at time  125413723 ps
inst0 ch0:  R_CMD: ACTCMD    R_r0= 0x0a    at time  125416621 ps
inst0 ch0:  R_CMD: ACTCMD    R_f0= 0x2a    at time  125417035 ps
inst0 ch0:  R_CMD: ACTCMD    R_r1= 0x00    at time  125417449 ps
inst0 ch0:  R_CMD: ACTCMD    R_f1= 0x00    at time  125417863 ps
inst0 ch0:  R_CMD: ACTCMD    R_r0= 0x2a    at time  125418277 ps
inst0 ch0:  R_CMD: ACTCMD    R_f0= 0x22    at time  125418691 ps
inst0 ch0:  R_CMD: ACTCMD    R_r1= 0x00    at time  125419105 ps
inst0 ch0:  R_CMD: ACTCMD    R_f1= 0x00    at time  125419519 ps
inst0 ch0:  R_CMD: ACTCMD    R_r0= 0x2a    at time  125420761 ps
inst0 ch0:  R_CMD: ACTCMD    R_f0= 0x0a    at time  125421175 ps
inst0 ch0:  R_CMD: ACTCMD    R_r1= 0x00    at time  125421589 ps
inst0 ch0:  R_CMD: ACTCMD    R_f1= 0x00    at time  125422003 ps
inst0 ch0:  R_CMD: ACTCMD    R_r0= 0x0a    at time  125422417 ps
inst0 ch0:  R_CMD: ACTCMD    R_f0= 0x22    at time  125422831 ps
inst0 ch0:  R_CMD: ACTCMD    R_r1= 0x00    at time  125423245 ps
inst0 ch0:  R_CMD: ACTCMD    R_f1= 0x00    at time  125423659 ps
inst0 ch0:  R_CMD: ACTCMD    R_r0= 0x0a    at time  125424901 ps
inst0 ch0:  R_CMD: ACTCMD    R_f0= 0x0a    at time  125425315 ps
inst0 ch0:  R_CMD: ACTCMD    R_r1= 0x00    at time  125425729 ps
inst0 ch0:  R_CMD: ACTCMD    R_f1= 0x00    at time  125426143 ps
inst0 ch0:  R_CMD: ACTCMD    R_r0= 0x2a    at time  125426557 ps
inst0 ch0:  R_CMD: ACTCMD    R_f0= 0x02    at time  125426971 ps
inst0 ch0:  R_CMD: ACTCMD    R_r1= 0x00    at time  125427385 ps
inst0 ch0:  C_CMD: RDCMD     C_r = 0x0d5   at time  125427385 ps
inst0 ch0:  R_CMD: ACTCMD    R_f1= 0x00    at time  125427799 ps
inst0 ch0:  C_CMD: RDCMD     C_f = 0x080   at time  125427799 ps
inst0 ch0:  R_CMD: ACTCMD    R_r0= 0x0a    at time  125430697 ps
inst0 ch0:  C_CMD: RDCMD     C_r = 0x0dd   at time  125430697 ps
inst0 ch0:  R_CMD: ACTCMD    R_f0= 0x02    at time  125431111 ps
inst0 ch0:  C_CMD: RDCMD     C_f = 0x082   at time  125431111 ps
inst0 ch0:  R_CMD: ACTCMD    R_r1= 0x00    at time  125431525 ps
inst0 ch0:  R_CMD: ACTCMD    R_f1= 0x00    at time  125431939 ps
inst0 ch0:  C_CMD: RDCMD     C_r = 0x095   at time  125432353 ps
inst0 ch0:  C_CMD: RDCMD     C_f = 0x080   at time  125432767 ps
inst0 ch0:  C_CMD: RDCMD     C_r = 0x0d5   at time  125433181 ps
inst0 ch0:  C_CMD: RDCMD     C_f = 0x000   at time  125433595 ps
inst0 ch0:  C_CMD: RDCMD     C_r = 0x09d   at time  125435665 ps
inst0 ch0:  C_CMD: RDCMD     C_f = 0x082   at time  125436079 ps
inst0 ch0:  C_CMD: RDCMD     C_r = 0x0dd   at time  125436493 ps
inst0 ch0:  C_CMD: RDCMD     C_f = 0x002   at time  125436907 ps
inst0 ch0:  C_CMD: RDCMD     C_r = 0x055   at time  125437321 ps
inst0 ch0:  C_CMD: RDCMD     C_f = 0x080   at time  125437735 ps
inst0 ch0:  C_CMD: RDCMD     C_r = 0x095   at time  125438149 ps
inst0 ch0:  C_CMD: RDCMD     C_f = 0x000   at time  125438563 ps
inst0 ch0:  C_CMD: RDCMD     C_r = 0x015   at time  125439805 ps
inst0 ch0:  C_CMD: RDCMD     C_f = 0x080   at time  125440219 ps
inst0 ch0:  C_CMD: RDCMD     C_r = 0x05d   at time  125441461 ps
inst0 ch0:  C_CMD: RDCMD     C_f = 0x082   at time  125441875 ps
inst0 ch0:  C_CMD: RDCMD     C_r = 0x09d   at time  125442289 ps
inst0 ch0:  C_CMD: RDCMD     C_f = 0x002   at time  125442703 ps
inst0 ch0:  C_CMD: RDCMD     C_r = 0x01d   at time  125443117 ps
inst0 ch0:  C_CMD: RDCMD     C_f = 0x082   at time  125443531 ps
inst0 ch0:  C_CMD: RDCMD     C_r = 0x055   at time  125443945 ps
inst0 ch0:  C_CMD: RDCMD     C_f = 0x000   at time  125444359 ps
inst0 ch0:  C_CMD: RDCMD     C_r = 0x015   at time  125445601 ps
inst0 ch0:  C_CMD: RDCMD     C_f = 0x000   at time  125446015 ps
inst0 ch0:  C_CMD: RDCMD     C_r = 0x05d   at time  125447257 ps
inst0 ch0:  C_CMD: RDCMD     C_f = 0x002   at time  125447671 ps
inst0 ch0:  C_CMD: RDCMD     C_r = 0x01d   at time  125448913 ps
inst0 ch0:  C_CMD: RDCMD     C_f = 0x002   at time  125449327 ps
inst0 ch0:  R_CMD: ACTCMD    R_r0= 0x32    at time  125913421 ps
inst0 ch0:  R_CMD: ACTCMD    R_f0= 0x2a    at time  125913835 ps
inst0 ch0:  R_CMD: ACTCMD    R_r1= 0x00    at time  125914249 ps
inst0 ch0:  R_CMD: ACTCMD    R_f1= 0x00    at time  125914663 ps
inst0 ch0:  R_CMD: ACTCMD    R_r0= 0x12    at time  125917561 ps
inst0 ch0:  R_CMD: ACTCMD    R_f0= 0x2a    at time  125917975 ps
inst0 ch0:  R_CMD: ACTCMD    R_r1= 0x00    at time  125918389 ps
inst0 ch0:  R_CMD: ACTCMD    R_f1= 0x00    at time  125918803 ps
inst0 ch0:  R_CMD: ACTCMD    R_r0= 0x32    at time  125920045 ps
inst0 ch0:  R_CMD: ACTCMD    R_f0= 0x22    at time  125920459 ps
inst0 ch0:  R_CMD: ACTCMD    R_r1= 0x00    at time  125920873 ps
inst0 ch0:  R_CMD: ACTCMD    R_f1= 0x00    at time  125921287 ps
inst0 ch0:  R_CMD: ACTCMD    R_r0= 0x32    at time  125921701 ps
inst0 ch0:  R_CMD: ACTCMD    R_f0= 0x0a    at time  125922115 ps
inst0 ch0:  R_CMD: ACTCMD    R_r1= 0x00    at time  125922529 ps
inst0 ch0:  R_CMD: ACTCMD    R_f1= 0x00    at time  125922943 ps
inst0 ch0:  R_CMD: ACTCMD    R_r0= 0x12    at time  125924185 ps
inst0 ch0:  R_CMD: ACTCMD    R_f0= 0x22    at time  125924599 ps
inst0 ch0:  R_CMD: ACTCMD    R_r1= 0x00    at time  125925013 ps
inst0 ch0:  R_CMD: ACTCMD    R_f1= 0x00    at time  125925427 ps
inst0 ch0:  R_CMD: ACTCMD    R_r0= 0x12    at time  125925841 ps
inst0 ch0:  R_CMD: ACTCMD    R_f0= 0x0a    at time  125926255 ps
inst0 ch0:  R_CMD: ACTCMD    R_r1= 0x00    at time  125926669 ps
inst0 ch0:  R_CMD: ACTCMD    R_f1= 0x00    at time  125927083 ps
inst0 ch0:  R_CMD: ACTCMD    R_r0= 0x32    at time  125928325 ps
inst0 ch0:  C_CMD: RDCMD     C_r = 0x0e5   at time  125928325 ps
inst0 ch0:  R_CMD: ACTCMD    R_f0= 0x02    at time  125928739 ps
inst0 ch0:  C_CMD: RDCMD     C_f = 0x080   at time  125928739 ps
inst0 ch0:  R_CMD: ACTCMD    R_r1= 0x00    at time  125929153 ps
inst0 ch0:  R_CMD: ACTCMD    R_f1= 0x00    at time  125929567 ps
inst0 ch0:  C_CMD: RDCMD     C_r = 0x0ed   at time  125931637 ps
inst0 ch0:  C_CMD: RDCMD     C_f = 0x082   at time  125932051 ps
inst0 ch0:  R_CMD: ACTCMD    R_r0= 0x12    at time  125932465 ps
inst0 ch0:  R_CMD: ACTCMD    R_f0= 0x02    at time  125932879 ps
inst0 ch0:  R_CMD: ACTCMD    R_r1= 0x00    at time  125933293 ps
inst0 ch0:  C_CMD: RDCMD     C_r = 0x0a5   at time  125933293 ps
inst0 ch0:  R_CMD: ACTCMD    R_f1= 0x00    at time  125933707 ps
inst0 ch0:  C_CMD: RDCMD     C_f = 0x080   at time  125933707 ps
inst0 ch0:  C_CMD: RDCMD     C_r = 0x0e5   at time  125934949 ps
inst0 ch0:  C_CMD: RDCMD     C_f = 0x000   at time  125935363 ps
inst0 ch0:  C_CMD: RDCMD     C_r = 0x0ad   at time  125936605 ps
inst0 ch0:  C_CMD: RDCMD     C_f = 0x082   at time  125937019 ps
inst0 ch0:  C_CMD: RDCMD     C_r = 0x065   at time  125938261 ps
inst0 ch0:  C_CMD: RDCMD     C_f = 0x080   at time  125938675 ps
inst0 ch0:  C_CMD: RDCMD     C_r = 0x0ed   at time  125939089 ps
inst0 ch0:  C_CMD: RDCMD     C_f = 0x002   at time  125939503 ps
inst0 ch0:  C_CMD: RDCMD     C_r = 0x025   at time  125940745 ps
inst0 ch0:  C_CMD: RDCMD     C_f = 0x080   at time  125941159 ps
inst0 ch0:  C_CMD: RDCMD     C_r = 0x0a5   at time  125941573 ps
inst0 ch0:  C_CMD: RDCMD     C_f = 0x000   at time  125941987 ps
inst0 ch0:  C_CMD: RDCMD     C_r = 0x06d   at time  125942401 ps
inst0 ch0:  C_CMD: RDCMD     C_f = 0x082   at time  125942815 ps
inst0 ch0:  C_CMD: RDCMD     C_r = 0x065   at time  125943229 ps
inst0 ch0:  C_CMD: RDCMD     C_f = 0x000   at time  125943643 ps
inst0 ch0:  C_CMD: RDCMD     C_r = 0x02d   at time  125944057 ps
inst0 ch0:  C_CMD: RDCMD     C_f = 0x082   at time  125944471 ps
inst0 ch0:  C_CMD: RDCMD     C_r = 0x0ad   at time  125944885 ps
inst0 ch0:  C_CMD: RDCMD     C_f = 0x002   at time  125945299 ps
inst0 ch0:  C_CMD: RDCMD     C_r = 0x06d   at time  125946541 ps
inst0 ch0:  C_CMD: RDCMD     C_f = 0x002   at time  125946955 ps
inst0 ch0:  C_CMD: RDCMD     C_r = 0x025   at time  125948197 ps
inst0 ch0:  C_CMD: RDCMD     C_f = 0x000   at time  125948611 ps
inst0 ch0:  C_CMD: RDCMD     C_r = 0x02d   at time  125951509 ps
inst0 ch0:  C_CMD: RDCMD     C_f = 0x002   at time  125951923 ps
inst0 ch0:  R_CMD: ACTCMD    R_r0= 0x3a    at time  126416845 ps
inst0 ch0:  R_CMD: ACTCMD    R_f0= 0x2a    at time  126417259 ps
inst0 ch0:  R_CMD: ACTCMD    R_r1= 0x00    at time  126417673 ps
inst0 ch0:  R_CMD: ACTCMD    R_f1= 0x00    at time  126418087 ps
inst0 ch0:  R_CMD: ACTCMD    R_r0= 0x1a    at time  126420985 ps
inst0 ch0:  R_CMD: ACTCMD    R_f0= 0x2a    at time  126421399 ps
inst0 ch0:  R_CMD: ACTCMD    R_r1= 0x00    at time  126421813 ps
inst0 ch0:  R_CMD: ACTCMD    R_f1= 0x00    at time  126422227 ps
inst0 ch0:  R_CMD: ACTCMD    R_r0= 0x3a    at time  126424297 ps
inst0 ch0:  R_CMD: ACTCMD    R_f0= 0x22    at time  126424711 ps
inst0 ch0:  R_CMD: ACTCMD    R_r1= 0x00    at time  126425125 ps
inst0 ch0:  R_CMD: ACTCMD    R_f1= 0x00    at time  126425539 ps
inst0 ch0:  R_CMD: ACTCMD    R_r0= 0x3a    at time  126425953 ps
inst0 ch0:  R_CMD: ACTCMD    R_f0= 0x0a    at time  126426367 ps
inst0 ch0:  R_CMD: ACTCMD    R_r1= 0x00    at time  126426781 ps
inst0 ch0:  R_CMD: ACTCMD    R_f1= 0x00    at time  126427195 ps
inst0 ch0:  R_CMD: ACTCMD    R_r0= 0x1a    at time  126428437 ps
inst0 ch0:  R_CMD: ACTCMD    R_f0= 0x22    at time  126428851 ps
inst0 ch0:  R_CMD: ACTCMD    R_r1= 0x00    at time  126429265 ps
inst0 ch0:  R_CMD: ACTCMD    R_f1= 0x00    at time  126429679 ps
inst0 ch0:  R_CMD: ACTCMD    R_r0= 0x1a    at time  126430093 ps
inst0 ch0:  R_CMD: ACTCMD    R_f0= 0x0a    at time  126430507 ps
inst0 ch0:  R_CMD: ACTCMD    R_r1= 0x00    at time  126430921 ps
inst0 ch0:  R_CMD: ACTCMD    R_f1= 0x00    at time  126431335 ps
inst0 ch0:  C_CMD: RDCMD     C_r = 0x0f5   at time  126431749 ps
inst0 ch0:  C_CMD: RDCMD     C_f = 0x080   at time  126432163 ps
inst0 ch0:  R_CMD: ACTCMD    R_r0= 0x3a    at time  126432577 ps
inst0 ch0:  R_CMD: ACTCMD    R_f0= 0x02    at time  126432991 ps
inst0 ch0:  R_CMD: ACTCMD    R_r1= 0x00    at time  126433405 ps
inst0 ch0:  R_CMD: ACTCMD    R_f1= 0x00    at time  126433819 ps
inst0 ch0:  C_CMD: RDCMD     C_r = 0x0fd   at time  126435061 ps
inst0 ch0:  C_CMD: RDCMD     C_f = 0x082   at time  126435475 ps
inst0 ch0:  R_CMD: ACTCMD    R_r0= 0x1a    at time  126436717 ps
inst0 ch0:  C_CMD: RDCMD     C_r = 0x0b5   at time  126436717 ps
inst0 ch0:  R_CMD: ACTCMD    R_f0= 0x02    at time  126437131 ps
inst0 ch0:  C_CMD: RDCMD     C_f = 0x080   at time  126437131 ps
inst0 ch0:  R_CMD: ACTCMD    R_r1= 0x00    at time  126437545 ps
inst0 ch0:  R_CMD: ACTCMD    R_f1= 0x00    at time  126437959 ps
inst0 ch0:  C_CMD: RDCMD     C_r = 0x0f5   at time  126439201 ps
inst0 ch0:  C_CMD: RDCMD     C_f = 0x000   at time  126439615 ps
inst0 ch0:  C_CMD: RDCMD     C_r = 0x0bd   at time  126440029 ps
inst0 ch0:  C_CMD: RDCMD     C_f = 0x082   at time  126440443 ps
inst0 ch0:  C_CMD: RDCMD     C_r = 0x075   at time  126441685 ps
inst0 ch0:  C_CMD: RDCMD     C_f = 0x080   at time  126442099 ps
inst0 ch0:  C_CMD: RDCMD     C_r = 0x0fd   at time  126442513 ps
inst0 ch0:  C_CMD: RDCMD     C_f = 0x002   at time  126442927 ps
inst0 ch0:  C_CMD: RDCMD     C_r = 0x0b5   at time  126444169 ps
inst0 ch0:  C_CMD: RDCMD     C_f = 0x000   at time  126444583 ps
inst0 ch0:  C_CMD: RDCMD     C_r = 0x07d   at time  126444997 ps
inst0 ch0:  C_CMD: RDCMD     C_f = 0x082   at time  126445411 ps
inst0 ch0:  C_CMD: RDCMD     C_r = 0x035   at time  126446653 ps
inst0 ch0:  C_CMD: RDCMD     C_f = 0x080   at time  126447067 ps
inst0 ch0:  C_CMD: RDCMD     C_r = 0x0bd   at time  126447481 ps
inst0 ch0:  C_CMD: RDCMD     C_f = 0x002   at time  126447895 ps
inst0 ch0:  C_CMD: RDCMD     C_r = 0x075   at time  126449137 ps
inst0 ch0:  C_CMD: RDCMD     C_f = 0x000   at time  126449551 ps
inst0 ch0:  C_CMD: RDCMD     C_r = 0x03d   at time  126449965 ps
inst0 ch0:  C_CMD: RDCMD     C_f = 0x082   at time  126450379 ps
inst0 ch0:  C_CMD: RDCMD     C_r = 0x035   at time  126451621 ps
inst0 ch0:  C_CMD: RDCMD     C_f = 0x000   at time  126452035 ps
inst0 ch0:  C_CMD: RDCMD     C_r = 0x07d   at time  126453277 ps
inst0 ch0:  C_CMD: RDCMD     C_f = 0x002   at time  126453691 ps
inst0 ch0:  C_CMD: RDCMD     C_r = 0x03d   at time  126454933 ps
inst0 ch0:  C_CMD: RDCMD     C_f = 0x002   at time  126455347 ps
inst0 ch0:  R_CMD: ACTCMD    R_r0= 0x02    at time  130750597 ps
inst0 ch0:  R_CMD: ACTCMD    R_f0= 0x08    at time  130751011 ps
inst0 ch0:  R_CMD: ACTCMD    R_r1= 0x00    at time  130751425 ps
inst0 ch0:  R_CMD: ACTCMD    R_f1= 0x00    at time  130751839 ps
inst0 ch0:  C_CMD: RDCMD     C_r = 0x005   at time  130765501 ps
inst0 ch0:  C_CMD: RDCMD     C_f = 0x098   at time  130765915 ps
inst0 ch0:  C_CMD: RDCMD     C_r = 0x005   at time  130768813 ps
inst0 ch0:  C_CMD: RDCMD     C_f = 0x09a   at time  130769227 ps
inst0 ch0:  C_CMD: RDCMD     C_r = 0x005   at time  130772125 ps
inst0 ch0:  C_CMD: RDCMD     C_f = 0x090   at time  130772539 ps
inst0 ch0:  C_CMD: RDCMD     C_r = 0x005   at time  130775437 ps
inst0 ch0:  C_CMD: RDCMD     C_f = 0x092   at time  130775851 ps
inst0 ch0:  C_CMD: RDCMD     C_r = 0x005   at time  130778749 ps
inst0 ch0:  C_CMD: RDCMD     C_f = 0x088   at time  130779163 ps
inst0 ch0:  C_CMD: RDCMD     C_r = 0x005   at time  130782061 ps
inst0 ch0:  C_CMD: RDCMD     C_f = 0x08a   at time  130782475 ps
inst0 ch0:  C_CMD: RDCMD     C_r = 0x005   at time  130785373 ps
inst0 ch0:  C_CMD: RDCMD     C_f = 0x080   at time  130785787 ps
inst0 ch0:  C_CMD: RDCMD     C_r = 0x00d   at time  130788685 ps
inst0 ch0:  C_CMD: RDCMD     C_f = 0x082   at time  130789099 ps
inst0 ch0:  R_CMD: ACTCMD    R_r0= 0x02    at time  130905433 ps
inst0 ch0:  R_CMD: ACTCMD    R_f0= 0x00    at time  130905847 ps
inst0 ch0:  R_CMD: ACTCMD    R_r1= 0x00    at time  130906261 ps
inst0 ch0:  R_CMD: ACTCMD    R_f1= 0x00    at time  130906675 ps
inst0 ch0:  C_CMD: RDCMD     C_r = 0x005   at time  130920337 ps
inst0 ch0:  C_CMD: RDCMD     C_f = 0x018   at time  130920751 ps
inst0 ch0:  C_CMD: RDCMD     C_r = 0x005   at time  130923649 ps
inst0 ch0:  C_CMD: RDCMD     C_f = 0x01a   at time  130924063 ps
inst0 ch0:  C_CMD: RDCMD     C_r = 0x005   at time  130926961 ps
inst0 ch0:  C_CMD: RDCMD     C_f = 0x010   at time  130927375 ps
inst0 ch0:  C_CMD: RDCMD     C_r = 0x005   at time  130930273 ps
inst0 ch0:  C_CMD: RDCMD     C_f = 0x012   at time  130930687 ps
inst0 ch0:  C_CMD: RDCMD     C_r = 0x005   at time  130933585 ps
inst0 ch0:  C_CMD: RDCMD     C_f = 0x008   at time  130933999 ps
inst0 ch0:  C_CMD: RDCMD     C_r = 0x005   at time  130936897 ps
inst0 ch0:  C_CMD: RDCMD     C_f = 0x00a   at time  130937311 ps
inst0 ch0:  C_CMD: RDCMD     C_r = 0x005   at time  130940209 ps
inst0 ch0:  C_CMD: RDCMD     C_f = 0x000   at time  130940623 ps
inst0 ch0:  C_CMD: RDCMD     C_r = 0x00d   at time  130943521 ps
inst0 ch0:  C_CMD: RDCMD     C_f = 0x002   at time  130943935 ps
inst0 ch0:  R_CMD: ACTCMD    R_r0= 0x0a    at time  131172877 ps
inst0 ch0:  R_CMD: ACTCMD    R_f0= 0x00    at time  131173291 ps
inst0 ch0:  R_CMD: ACTCMD    R_r1= 0x00    at time  131173705 ps
inst0 ch0:  R_CMD: ACTCMD    R_f1= 0x00    at time  131174119 ps
inst0 ch0:  C_CMD: RDCMD     C_r = 0x015   at time  131187781 ps
inst0 ch0:  C_CMD: RDCMD     C_f = 0x018   at time  131188195 ps
inst0 ch0:  C_CMD: RDCMD     C_r = 0x015   at time  131191093 ps
inst0 ch0:  C_CMD: RDCMD     C_f = 0x01a   at time  131191507 ps
inst0 ch0:  C_CMD: RDCMD     C_r = 0x015   at time  131194405 ps
inst0 ch0:  C_CMD: RDCMD     C_f = 0x010   at time  131194819 ps
inst0 ch0:  C_CMD: RDCMD     C_r = 0x015   at time  131197717 ps
inst0 ch0:  C_CMD: RDCMD     C_f = 0x012   at time  131198131 ps
inst0 ch0:  C_CMD: RDCMD     C_r = 0x015   at time  131201029 ps
inst0 ch0:  C_CMD: RDCMD     C_f = 0x008   at time  131201443 ps
inst0 ch0:  C_CMD: RDCMD     C_r = 0x015   at time  131204341 ps
inst0 ch0:  C_CMD: RDCMD     C_f = 0x00a   at time  131204755 ps
inst0 ch0:  C_CMD: RDCMD     C_r = 0x015   at time  131207653 ps
inst0 ch0:  C_CMD: RDCMD     C_f = 0x000   at time  131208067 ps
inst0 ch0:  C_CMD: RDCMD     C_r = 0x01d   at time  131210965 ps
inst0 ch0:  C_CMD: RDCMD     C_f = 0x002   at time  131211379 ps
inst0 ch0:  R_CMD: ACTCMD    R_r0= 0x0a    at time  131226697 ps
inst0 ch0:  R_CMD: ACTCMD    R_f0= 0x08    at time  131227111 ps
inst0 ch0:  R_CMD: ACTCMD    R_r1= 0x00    at time  131227525 ps
inst0 ch0:  R_CMD: ACTCMD    R_f1= 0x00    at time  131227939 ps
inst0 ch0:  C_CMD: RDCMD     C_r = 0x015   at time  131241601 ps
inst0 ch0:  C_CMD: RDCMD     C_f = 0x098   at time  131242015 ps
inst0 ch0:  C_CMD: RDCMD     C_r = 0x015   at time  131244913 ps
inst0 ch0:  C_CMD: RDCMD     C_f = 0x09a   at time  131245327 ps
inst0 ch0:  C_CMD: RDCMD     C_r = 0x015   at time  131248225 ps
inst0 ch0:  C_CMD: RDCMD     C_f = 0x090   at time  131248639 ps
inst0 ch0:  C_CMD: RDCMD     C_r = 0x015   at time  131251537 ps
inst0 ch0:  C_CMD: RDCMD     C_f = 0x092   at time  131251951 ps
inst0 ch0:  C_CMD: RDCMD     C_r = 0x015   at time  131254849 ps
inst0 ch0:  C_CMD: RDCMD     C_f = 0x088   at time  131255263 ps
inst0 ch0:  C_CMD: RDCMD     C_r = 0x015   at time  131258161 ps
inst0 ch0:  C_CMD: RDCMD     C_f = 0x08a   at time  131258575 ps
inst0 ch0:  C_CMD: RDCMD     C_r = 0x015   at time  131261473 ps
inst0 ch0:  C_CMD: RDCMD     C_f = 0x080   at time  131261887 ps
inst0 ch0:  C_CMD: RDCMD     C_r = 0x01d   at time  131264785 ps
inst0 ch0:  C_CMD: RDCMD     C_f = 0x082   at time  131265199 ps
inst0 ch0:  R_CMD: ACTCMD    R_r0= 0x02    at time  133964065 ps
inst0 ch0:  R_CMD: ACTCMD    R_f0= 0x1b    at time  133964479 ps
inst0 ch0:  R_CMD: ACTCMD    R_r1= 0x3f    at time  133964893 ps
inst0 ch0:  R_CMD: ACTCMD    R_f1= 0x3b    at time  133965307 ps
inst0 ch0:  R_CMD: ACTCMD    R_r0= 0x02    at time  133965721 ps
inst0 ch0:  R_CMD: ACTCMD    R_f0= 0x13    at time  133966135 ps
inst0 ch0:  R_CMD: ACTCMD    R_r1= 0x3f    at time  133966549 ps
inst0 ch0:  R_CMD: ACTCMD    R_f1= 0x3b    at time  133966963 ps
inst0 ch0:  C_CMD: RDCMD     C_r = 0x005   at time  133978969 ps
inst0 ch0:  C_CMD: RDCMD     C_f = 0x080   at time  133979383 ps
inst0 ch0:  C_CMD: RDCMD     C_r = 0x005   at time  133980625 ps
inst0 ch0:  C_CMD: RDCMD     C_f = 0x000   at time  133981039 ps
inst0 ch0:  C_CMD: RDCMD     C_r = 0x00d   at time  133982281 ps
inst0 ch0:  C_CMD: RDCMD     C_f = 0x082   at time  133982695 ps
inst0 ch0:  C_CMD: RDCMD     C_r = 0x00d   at time  133983937 ps
inst0 ch0:  C_CMD: RDCMD     C_f = 0x002   at time  133984351 ps
inst0 ch0:  R_CMD: ACTCMD    R_r0= 0x02    at time  134034445 ps
inst0 ch0:  R_CMD: ACTCMD    R_f0= 0x1b    at time  134034859 ps
inst0 ch0:  R_CMD: ACTCMD    R_r1= 0x3f    at time  134035273 ps
inst0 ch0:  R_CMD: ACTCMD    R_f1= 0x3b    at time  134035687 ps
inst0 ch0:  R_CMD: ACTCMD    R_r0= 0x02    at time  134036929 ps
inst0 ch0:  R_CMD: ACTCMD    R_f0= 0x13    at time  134037343 ps
inst0 ch0:  R_CMD: ACTCMD    R_r1= 0x3f    at time  134037757 ps
inst0 ch0:  R_CMD: ACTCMD    R_f1= 0x3b    at time  134038171 ps
inst0 ch0:  C_CMD: WRCMD     C_r = 0x001   at time  134045209 ps
inst0 ch0:  C_CMD: WRCMD     C_f = 0x080   at time  134045623 ps
inst0 ch0:  C_CMD: WRCMD     C_r = 0x001   at time  134047693 ps
inst0 ch0:  C_CMD: WRCMD     C_f = 0x000   at time  134048107 ps
inst0 ch0:  C_CMD: WRCMD     C_r = 0x009   at time  134048521 ps
inst0 ch0:  C_CMD: WRCMD     C_f = 0x082   at time  134048935 ps
inst0 ch0:  C_CMD: WRCMD     C_r = 0x009   at time  134051005 ps
inst0 ch0:  C_CMD: WRCMD     C_f = 0x002   at time  134051419 ps
inst0 ch0:  R_CMD: ACTCMD    R_r0= 0x0a    at time  138289537 ps
inst0 ch0:  R_CMD: ACTCMD    R_f0= 0x1b    at time  138289951 ps
inst0 ch0:  R_CMD: ACTCMD    R_r1= 0x3f    at time  138290365 ps
inst0 ch0:  R_CMD: ACTCMD    R_f1= 0x3b    at time  138290779 ps
inst0 ch0:  R_CMD: ACTCMD    R_r0= 0x0a    at time  138292021 ps
inst0 ch0:  R_CMD: ACTCMD    R_f0= 0x13    at time  138292435 ps
inst0 ch0:  R_CMD: ACTCMD    R_r1= 0x3f    at time  138292849 ps
inst0 ch0:  R_CMD: ACTCMD    R_f1= 0x3b    at time  138293263 ps
inst0 ch0:  C_CMD: RDCMD     C_r = 0x015   at time  138304441 ps
inst0 ch0:  C_CMD: RDCMD     C_f = 0x090   at time  138304855 ps
inst0 ch0:  C_CMD: RDCMD     C_r = 0x015   at time  138306925 ps
inst0 ch0:  C_CMD: RDCMD     C_f = 0x010   at time  138307339 ps
inst0 ch0:  C_CMD: RDCMD     C_r = 0x01d   at time  138307753 ps
inst0 ch0:  C_CMD: RDCMD     C_f = 0x092   at time  138308167 ps
inst0 ch0:  C_CMD: RDCMD     C_r = 0x01d   at time  138310237 ps
inst0 ch0:  C_CMD: RDCMD     C_f = 0x012   at time  138310651 ps
inst0 ch0:  R_CMD: ACTCMD    R_r0= 0x0a    at time  138365713 ps
inst0 ch0:  R_CMD: ACTCMD    R_f0= 0x1b    at time  138366127 ps
inst0 ch0:  R_CMD: ACTCMD    R_r1= 0x3f    at time  138366541 ps
inst0 ch0:  R_CMD: ACTCMD    R_f1= 0x3b    at time  138366955 ps
inst0 ch0:  R_CMD: ACTCMD    R_r0= 0x0a    at time  138368197 ps
inst0 ch0:  R_CMD: ACTCMD    R_f0= 0x13    at time  138368611 ps
inst0 ch0:  R_CMD: ACTCMD    R_r1= 0x3f    at time  138369025 ps
inst0 ch0:  R_CMD: ACTCMD    R_f1= 0x3b    at time  138369439 ps
inst0 ch0:  C_CMD: WRCMD     C_r = 0x011   at time  138376477 ps
inst0 ch0:  C_CMD: WRCMD     C_f = 0x090   at time  138376891 ps
inst0 ch0:  C_CMD: WRCMD     C_r = 0x011   at time  138378961 ps
inst0 ch0:  C_CMD: WRCMD     C_f = 0x010   at time  138379375 ps
inst0 ch0:  C_CMD: WRCMD     C_r = 0x019   at time  138379789 ps
inst0 ch0:  C_CMD: WRCMD     C_f = 0x092   at time  138380203 ps
inst0 ch0:  C_CMD: WRCMD     C_r = 0x019   at time  138382273 ps
inst0 ch0:  C_CMD: WRCMD     C_f = 0x012   at time  138382687 ps
inst0 ch0:  R_CMD: ACTCMD    R_r0= 0x0a    at time  142362469 ps
inst0 ch0:  R_CMD: ACTCMD    R_f0= 0x08    at time  142362883 ps
inst0 ch0:  R_CMD: ACTCMD    R_r1= 0x00    at time  142363297 ps
inst0 ch0:  R_CMD: ACTCMD    R_f1= 0x00    at time  142363711 ps
inst0 ch0:  R_CMD: ACTCMD    R_r0= 0x0a    at time  142364125 ps
inst0 ch0:  R_CMD: ACTCMD    R_f0= 0x00    at time  142364539 ps
inst0 ch0:  R_CMD: ACTCMD    R_r1= 0x00    at time  142364953 ps
inst0 ch0:  R_CMD: ACTCMD    R_f1= 0x00    at time  142365367 ps
inst0 ch0:  C_CMD: RDCMD     C_r = 0x015   at time  142377373 ps
inst0 ch0:  C_CMD: RDCMD     C_f = 0x0a8   at time  142377787 ps
inst0 ch0:  C_CMD: RDCMD     C_r = 0x015   at time  142379029 ps
inst0 ch0:  C_CMD: RDCMD     C_f = 0x028   at time  142379443 ps
inst0 ch0:  C_CMD: RDCMD     C_r = 0x015   at time  142380685 ps
inst0 ch0:  C_CMD: RDCMD     C_f = 0x0aa   at time  142381099 ps
inst0 ch0:  C_CMD: RDCMD     C_r = 0x015   at time  142382341 ps
inst0 ch0:  C_CMD: RDCMD     C_f = 0x02a   at time  142382755 ps
inst0 ch0:  C_CMD: RDCMD     C_r = 0x015   at time  142383997 ps
inst0 ch0:  C_CMD: RDCMD     C_f = 0x0a0   at time  142384411 ps
inst0 ch0:  C_CMD: RDCMD     C_r = 0x015   at time  142385653 ps
inst0 ch0:  C_CMD: RDCMD     C_f = 0x020   at time  142386067 ps
inst0 ch0:  C_CMD: RDCMD     C_r = 0x01d   at time  142387309 ps
inst0 ch0:  C_CMD: RDCMD     C_f = 0x0a2   at time  142387723 ps
inst0 ch0:  C_CMD: RDCMD     C_r = 0x01d   at time  142388965 ps
inst0 ch0:  C_CMD: RDCMD     C_f = 0x022   at time  142389379 ps
inst0 ch0:  R_CMD: ACTCMD    R_r0= 0x0a    at time  142432849 ps
inst0 ch0:  R_CMD: ACTCMD    R_f0= 0x08    at time  142433263 ps
inst0 ch0:  R_CMD: ACTCMD    R_r1= 0x00    at time  142433677 ps
inst0 ch0:  R_CMD: ACTCMD    R_f1= 0x00    at time  142434091 ps
inst0 ch0:  R_CMD: ACTCMD    R_r0= 0x0a    at time  142434505 ps
inst0 ch0:  R_CMD: ACTCMD    R_f0= 0x00    at time  142434919 ps
inst0 ch0:  R_CMD: ACTCMD    R_r1= 0x00    at time  142435333 ps
inst0 ch0:  R_CMD: ACTCMD    R_f1= 0x00    at time  142435747 ps
inst0 ch0:  C_CMD: WRCMD     C_r = 0x011   at time  142443613 ps
inst0 ch0:  C_CMD: WRCMD     C_f = 0x0a8   at time  142444027 ps
inst0 ch0:  C_CMD: WRCMD     C_r = 0x011   at time  142445269 ps
inst0 ch0:  C_CMD: WRCMD     C_f = 0x028   at time  142445683 ps
inst0 ch0:  C_CMD: WRCMD     C_r = 0x011   at time  142446925 ps
inst0 ch0:  C_CMD: WRCMD     C_f = 0x0aa   at time  142447339 ps
inst0 ch0:  C_CMD: WRCMD     C_r = 0x011   at time  142448581 ps
inst0 ch0:  C_CMD: WRCMD     C_f = 0x02a   at time  142448995 ps
inst0 ch0:  C_CMD: WRCMD     C_r = 0x011   at time  142450237 ps
inst0 ch0:  C_CMD: WRCMD     C_f = 0x0a0   at time  142450651 ps
inst0 ch0:  C_CMD: WRCMD     C_r = 0x011   at time  142451893 ps
inst0 ch0:  C_CMD: WRCMD     C_f = 0x020   at time  142452307 ps
inst0 ch0:  C_CMD: WRCMD     C_r = 0x019   at time  142453549 ps
inst0 ch0:  C_CMD: WRCMD     C_f = 0x0a2   at time  142453963 ps
inst0 ch0:  C_CMD: WRCMD     C_r = 0x019   at time  142455205 ps
inst0 ch0:  C_CMD: WRCMD     C_f = 0x022   at time  142455619 ps
inst0 ch0:  R_CMD: ACTCMD    R_r0= 0x02    at time  146177893 ps
inst0 ch0:  R_CMD: ACTCMD    R_f0= 0x18    at time  146178307 ps
inst0 ch0:  R_CMD: ACTCMD    R_r1= 0x3f    at time  146178721 ps
inst0 ch0:  R_CMD: ACTCMD    R_f1= 0x3b    at time  146179135 ps
inst0 ch0:  R_CMD: ACTCMD    R_r0= 0x02    at time  146180377 ps
inst0 ch0:  R_CMD: ACTCMD    R_f0= 0x10    at time  146180791 ps
inst0 ch0:  R_CMD: ACTCMD    R_r1= 0x3f    at time  146181205 ps
inst0 ch0:  R_CMD: ACTCMD    R_f1= 0x3b    at time  146181619 ps
inst0 ch0:  C_CMD: RDCMD     C_r = 0x005   at time  146192797 ps
inst0 ch0:  C_CMD: RDCMD     C_f = 0x0f8   at time  146193211 ps
inst0 ch0:  C_CMD: RDCMD     C_r = 0x005   at time  146195281 ps
inst0 ch0:  C_CMD: RDCMD     C_f = 0x078   at time  146195695 ps
inst0 ch0:  C_CMD: RDCMD     C_r = 0x00d   at time  146196109 ps
inst0 ch0:  C_CMD: RDCMD     C_f = 0x0fa   at time  146196523 ps
inst0 ch0:  C_CMD: RDCMD     C_r = 0x00d   at time  146198593 ps
inst0 ch0:  C_CMD: RDCMD     C_f = 0x07a   at time  146199007 ps
inst0 ch0:  R_CMD: ACTCMD    R_r0= 0x02    at time  146225089 ps
inst0 ch0:  R_CMD: ACTCMD    R_f0= 0x19    at time  146225503 ps
inst0 ch0:  R_CMD: ACTCMD    R_r1= 0x3f    at time  146225917 ps
inst0 ch0:  R_CMD: ACTCMD    R_f1= 0x3b    at time  146226331 ps
inst0 ch0:  R_CMD: ACTCMD    R_r0= 0x02    at time  146227573 ps
inst0 ch0:  R_CMD: ACTCMD    R_f0= 0x11    at time  146227987 ps
inst0 ch0:  R_CMD: ACTCMD    R_r1= 0x3f    at time  146228401 ps
inst0 ch0:  R_CMD: ACTCMD    R_f1= 0x3b    at time  146228815 ps
inst0 ch0:  C_CMD: RDCMD     C_r = 0x005   at time  146239993 ps
inst0 ch0:  C_CMD: RDCMD     C_f = 0x0f8   at time  146240407 ps
inst0 ch0:  C_CMD: RDCMD     C_r = 0x005   at time  146242477 ps
inst0 ch0:  C_CMD: RDCMD     C_f = 0x078   at time  146242891 ps
inst0 ch0:  C_CMD: RDCMD     C_r = 0x00d   at time  146243305 ps
inst0 ch0:  C_CMD: RDCMD     C_f = 0x0fa   at time  146243719 ps
inst0 ch0:  C_CMD: RDCMD     C_r = 0x00d   at time  146245789 ps
inst0 ch0:  C_CMD: RDCMD     C_f = 0x07a   at time  146246203 ps
inst0 ch0:  R_CMD: ACTCMD    R_r0= 0x02    at time  146272285 ps
inst0 ch0:  R_CMD: ACTCMD    R_f0= 0x18    at time  146272699 ps
inst0 ch0:  R_CMD: ACTCMD    R_r1= 0x3f    at time  146273113 ps
inst0 ch0:  R_CMD: ACTCMD    R_f1= 0x3b    at time  146273527 ps
inst0 ch0:  R_CMD: ACTCMD    R_r0= 0x02    at time  146274769 ps
inst0 ch0:  R_CMD: ACTCMD    R_f0= 0x10    at time  146275183 ps
inst0 ch0:  R_CMD: ACTCMD    R_r1= 0x3f    at time  146275597 ps
inst0 ch0:  R_CMD: ACTCMD    R_f1= 0x3b    at time  146276011 ps
inst0 ch0:  C_CMD: WRCMD     C_r = 0x001   at time  146283049 ps
inst0 ch0:  C_CMD: WRCMD     C_f = 0x0f8   at time  146283463 ps
inst0 ch0:  C_CMD: WRCMD     C_r = 0x001   at time  146285533 ps
inst0 ch0:  C_CMD: WRCMD     C_f = 0x078   at time  146285947 ps
inst0 ch0:  C_CMD: WRCMD     C_r = 0x009   at time  146286361 ps
inst0 ch0:  C_CMD: WRCMD     C_f = 0x0fa   at time  146286775 ps
inst0 ch0:  C_CMD: WRCMD     C_r = 0x009   at time  146288845 ps
inst0 ch0:  C_CMD: WRCMD     C_f = 0x07a   at time  146289259 ps
inst0 ch0:  R_CMD: ACTCMD    R_r0= 0x02    at time  146324449 ps
inst0 ch0:  R_CMD: ACTCMD    R_f0= 0x19    at time  146324863 ps
inst0 ch0:  R_CMD: ACTCMD    R_r1= 0x3f    at time  146325277 ps
inst0 ch0:  R_CMD: ACTCMD    R_f1= 0x3b    at time  146325691 ps
inst0 ch0:  R_CMD: ACTCMD    R_r0= 0x02    at time  146326933 ps
inst0 ch0:  R_CMD: ACTCMD    R_f0= 0x11    at time  146327347 ps
inst0 ch0:  R_CMD: ACTCMD    R_r1= 0x3f    at time  146327761 ps
inst0 ch0:  R_CMD: ACTCMD    R_f1= 0x3b    at time  146328175 ps
inst0 ch0:  C_CMD: WRCMD     C_r = 0x001   at time  146335213 ps
inst0 ch0:  C_CMD: WRCMD     C_f = 0x0f8   at time  146335627 ps
inst0 ch0:  C_CMD: WRCMD     C_r = 0x001   at time  146337697 ps
inst0 ch0:  C_CMD: WRCMD     C_f = 0x078   at time  146338111 ps
inst0 ch0:  C_CMD: WRCMD     C_r = 0x009   at time  146338525 ps
inst0 ch0:  C_CMD: WRCMD     C_f = 0x0fa   at time  146338939 ps
inst0 ch0:  C_CMD: WRCMD     C_r = 0x009   at time  146341009 ps
inst0 ch0:  C_CMD: WRCMD     C_f = 0x07a   at time  146341423 ps
inst0 ch0:  R_CMD: ACTCMD    R_r0= 0x0a    at time  146454445 ps
inst0 ch0:  R_CMD: ACTCMD    R_f0= 0x18    at time  146454859 ps
inst0 ch0:  R_CMD: ACTCMD    R_r1= 0x3f    at time  146455273 ps
inst0 ch0:  R_CMD: ACTCMD    R_f1= 0x3b    at time  146455687 ps
inst0 ch0:  R_CMD: ACTCMD    R_r0= 0x0a    at time  146456929 ps
inst0 ch0:  R_CMD: ACTCMD    R_f0= 0x10    at time  146457343 ps
inst0 ch0:  R_CMD: ACTCMD    R_r1= 0x3f    at time  146457757 ps
inst0 ch0:  R_CMD: ACTCMD    R_f1= 0x3b    at time  146458171 ps
inst0 ch0:  C_CMD: RDCMD     C_r = 0x015   at time  146469349 ps
inst0 ch0:  C_CMD: RDCMD     C_f = 0x0f8   at time  146469763 ps
inst0 ch0:  C_CMD: RDCMD     C_r = 0x015   at time  146471833 ps
inst0 ch0:  C_CMD: RDCMD     C_f = 0x078   at time  146472247 ps
inst0 ch0:  C_CMD: RDCMD     C_r = 0x01d   at time  146472661 ps
inst0 ch0:  C_CMD: RDCMD     C_f = 0x0fa   at time  146473075 ps
inst0 ch0:  C_CMD: RDCMD     C_r = 0x01d   at time  146475145 ps
inst0 ch0:  C_CMD: RDCMD     C_f = 0x07a   at time  146475559 ps
inst0 ch0:  R_CMD: ACTCMD    R_r0= 0x0a    at time  146501641 ps
inst0 ch0:  R_CMD: ACTCMD    R_f0= 0x08    at time  146502055 ps
inst0 ch0:  R_CMD: ACTCMD    R_r1= 0x00    at time  146502469 ps
inst0 ch0:  R_CMD: ACTCMD    R_f1= 0x00    at time  146502883 ps
inst0 ch0:  R_CMD: ACTCMD    R_r0= 0x0a    at time  146504125 ps
inst0 ch0:  R_CMD: ACTCMD    R_f0= 0x00    at time  146504539 ps
inst0 ch0:  R_CMD: ACTCMD    R_r1= 0x00    at time  146504953 ps
inst0 ch0:  R_CMD: ACTCMD    R_f1= 0x00    at time  146505367 ps
inst0 ch0:  C_CMD: RDCMD     C_r = 0x015   at time  146516545 ps
inst0 ch0:  C_CMD: RDCMD     C_f = 0x0b8   at time  146516959 ps
inst0 ch0:  C_CMD: RDCMD     C_r = 0x015   at time  146519029 ps
inst0 ch0:  C_CMD: RDCMD     C_f = 0x038   at time  146519443 ps
inst0 ch0:  C_CMD: RDCMD     C_r = 0x015   at time  146519857 ps
inst0 ch0:  C_CMD: RDCMD     C_f = 0x0ba   at time  146520271 ps
inst0 ch0:  C_CMD: RDCMD     C_r = 0x015   at time  146522341 ps
inst0 ch0:  C_CMD: RDCMD     C_f = 0x03a   at time  146522755 ps
inst0 ch0:  C_CMD: RDCMD     C_r = 0x015   at time  146523169 ps
inst0 ch0:  C_CMD: RDCMD     C_f = 0x0b0   at time  146523583 ps
inst0 ch0:  C_CMD: RDCMD     C_r = 0x015   at time  146525653 ps
inst0 ch0:  C_CMD: RDCMD     C_f = 0x030   at time  146526067 ps
inst0 ch0:  C_CMD: RDCMD     C_r = 0x01d   at time  146526481 ps
inst0 ch0:  C_CMD: RDCMD     C_f = 0x0b2   at time  146526895 ps
inst0 ch0:  C_CMD: RDCMD     C_r = 0x01d   at time  146528965 ps
inst0 ch0:  C_CMD: RDCMD     C_f = 0x032   at time  146529379 ps
inst0 ch0:  R_CMD: ACTCMD    R_r0= 0x0a    at time  146548837 ps
inst0 ch0:  R_CMD: ACTCMD    R_f0= 0x19    at time  146549251 ps
inst0 ch0:  R_CMD: ACTCMD    R_r1= 0x3f    at time  146549665 ps
inst0 ch0:  R_CMD: ACTCMD    R_f1= 0x3b    at time  146550079 ps
inst0 ch0:  R_CMD: ACTCMD    R_r0= 0x0a    at time  146551321 ps
inst0 ch0:  R_CMD: ACTCMD    R_f0= 0x11    at time  146551735 ps
inst0 ch0:  R_CMD: ACTCMD    R_r1= 0x3f    at time  146552149 ps
inst0 ch0:  R_CMD: ACTCMD    R_f1= 0x3b    at time  146552563 ps
inst0 ch0:  C_CMD: RDCMD     C_r = 0x015   at time  146563741 ps
inst0 ch0:  C_CMD: RDCMD     C_f = 0x0f8   at time  146564155 ps
inst0 ch0:  C_CMD: RDCMD     C_r = 0x015   at time  146566225 ps
inst0 ch0:  C_CMD: RDCMD     C_f = 0x078   at time  146566639 ps
inst0 ch0:  C_CMD: RDCMD     C_r = 0x01d   at time  146567053 ps
inst0 ch0:  C_CMD: RDCMD     C_f = 0x0fa   at time  146567467 ps
inst0 ch0:  C_CMD: RDCMD     C_r = 0x01d   at time  146569537 ps
inst0 ch0:  C_CMD: RDCMD     C_f = 0x07a   at time  146569951 ps
inst0 ch0:  R_CMD: ACTCMD    R_r0= 0x0a    at time  146596033 ps
inst0 ch0:  R_CMD: ACTCMD    R_f0= 0x18    at time  146596447 ps
inst0 ch0:  R_CMD: ACTCMD    R_r1= 0x3f    at time  146596861 ps
inst0 ch0:  R_CMD: ACTCMD    R_f1= 0x3b    at time  146597275 ps
inst0 ch0:  R_CMD: ACTCMD    R_r0= 0x0a    at time  146598517 ps
inst0 ch0:  R_CMD: ACTCMD    R_f0= 0x10    at time  146598931 ps
inst0 ch0:  R_CMD: ACTCMD    R_r1= 0x3f    at time  146599345 ps
inst0 ch0:  R_CMD: ACTCMD    R_f1= 0x3b    at time  146599759 ps
inst0 ch0:  C_CMD: WRCMD     C_r = 0x011   at time  146606797 ps
inst0 ch0:  C_CMD: WRCMD     C_f = 0x0f8   at time  146607211 ps
inst0 ch0:  C_CMD: WRCMD     C_r = 0x011   at time  146609281 ps
inst0 ch0:  C_CMD: WRCMD     C_f = 0x078   at time  146609695 ps
inst0 ch0:  C_CMD: WRCMD     C_r = 0x019   at time  146610109 ps
inst0 ch0:  C_CMD: WRCMD     C_f = 0x0fa   at time  146610523 ps
inst0 ch0:  C_CMD: WRCMD     C_r = 0x019   at time  146612593 ps
inst0 ch0:  C_CMD: WRCMD     C_f = 0x07a   at time  146613007 ps
inst0 ch0:  R_CMD: ACTCMD    R_r0= 0x0a    at time  146648197 ps
inst0 ch0:  R_CMD: ACTCMD    R_f0= 0x08    at time  146648611 ps
inst0 ch0:  R_CMD: ACTCMD    R_r1= 0x00    at time  146649025 ps
inst0 ch0:  R_CMD: ACTCMD    R_f1= 0x00    at time  146649439 ps
inst0 ch0:  R_CMD: ACTCMD    R_r0= 0x0a    at time  146650681 ps
inst0 ch0:  R_CMD: ACTCMD    R_f0= 0x00    at time  146651095 ps
inst0 ch0:  R_CMD: ACTCMD    R_r1= 0x00    at time  146651509 ps
inst0 ch0:  R_CMD: ACTCMD    R_f1= 0x00    at time  146651923 ps
inst0 ch0:  C_CMD: WRCMD     C_r = 0x011   at time  146658961 ps
inst0 ch0:  C_CMD: WRCMD     C_f = 0x0b8   at time  146659375 ps
inst0 ch0:  C_CMD: WRCMD     C_r = 0x011   at time  146661445 ps
inst0 ch0:  C_CMD: WRCMD     C_f = 0x038   at time  146661859 ps
inst0 ch0:  C_CMD: WRCMD     C_r = 0x011   at time  146662273 ps
inst0 ch0:  C_CMD: WRCMD     C_f = 0x0ba   at time  146662687 ps
inst0 ch0:  C_CMD: WRCMD     C_r = 0x011   at time  146664757 ps
inst0 ch0:  C_CMD: WRCMD     C_f = 0x03a   at time  146665171 ps
inst0 ch0:  C_CMD: WRCMD     C_r = 0x011   at time  146665585 ps
inst0 ch0:  C_CMD: WRCMD     C_f = 0x0b0   at time  146665999 ps
inst0 ch0:  C_CMD: WRCMD     C_r = 0x011   at time  146668069 ps
inst0 ch0:  C_CMD: WRCMD     C_f = 0x030   at time  146668483 ps
inst0 ch0:  C_CMD: WRCMD     C_r = 0x019   at time  146668897 ps
inst0 ch0:  C_CMD: WRCMD     C_f = 0x0b2   at time  146669311 ps
inst0 ch0:  C_CMD: WRCMD     C_r = 0x019   at time  146671381 ps
inst0 ch0:  C_CMD: WRCMD     C_f = 0x032   at time  146671795 ps
inst0 ch0:  R_CMD: ACTCMD    R_r0= 0x0a    at time  146706985 ps
inst0 ch0:  R_CMD: ACTCMD    R_f0= 0x19    at time  146707399 ps
inst0 ch0:  R_CMD: ACTCMD    R_r1= 0x3f    at time  146707813 ps
inst0 ch0:  R_CMD: ACTCMD    R_f1= 0x3b    at time  146708227 ps
inst0 ch0:  R_CMD: ACTCMD    R_r0= 0x0a    at time  146709469 ps
inst0 ch0:  R_CMD: ACTCMD    R_f0= 0x11    at time  146709883 ps
inst0 ch0:  R_CMD: ACTCMD    R_r1= 0x3f    at time  146710297 ps
inst0 ch0:  R_CMD: ACTCMD    R_f1= 0x3b    at time  146710711 ps
inst0 ch0:  C_CMD: WRCMD     C_r = 0x011   at time  146717749 ps
inst0 ch0:  C_CMD: WRCMD     C_f = 0x0f8   at time  146718163 ps
inst0 ch0:  C_CMD: WRCMD     C_r = 0x011   at time  146720233 ps
inst0 ch0:  C_CMD: WRCMD     C_f = 0x078   at time  146720647 ps
inst0 ch0:  C_CMD: WRCMD     C_r = 0x019   at time  146721061 ps
inst0 ch0:  C_CMD: WRCMD     C_f = 0x0fa   at time  146721475 ps
inst0 ch0:  C_CMD: WRCMD     C_r = 0x019   at time  146723545 ps
inst0 ch0:  C_CMD: WRCMD     C_f = 0x07a   at time  146723959 ps
inst0 ch0:  R_CMD: ACTCMD    R_r0= 0x02    at time  147195505 ps
inst0 ch0:  R_CMD: ACTCMD    R_f0= 0x38    at time  147195919 ps
inst0 ch0:  R_CMD: ACTCMD    R_r1= 0x3f    at time  147196333 ps
inst0 ch0:  R_CMD: ACTCMD    R_f1= 0x3b    at time  147196747 ps
inst0 ch0:  R_CMD: ACTCMD    R_r0= 0x02    at time  147197989 ps
inst0 ch0:  R_CMD: ACTCMD    R_f0= 0x30    at time  147198403 ps
inst0 ch0:  R_CMD: ACTCMD    R_r1= 0x3f    at time  147198817 ps
inst0 ch0:  R_CMD: ACTCMD    R_f1= 0x3b    at time  147199231 ps
inst0 ch0:  C_CMD: RDCMD     C_r = 0x085   at time  147210409 ps
inst0 ch0:  C_CMD: RDCMD     C_f = 0x0f8   at time  147210823 ps
inst0 ch0:  C_CMD: RDCMD     C_r = 0x085   at time  147212893 ps
inst0 ch0:  C_CMD: RDCMD     C_f = 0x078   at time  147213307 ps
inst0 ch0:  C_CMD: RDCMD     C_r = 0x08d   at time  147213721 ps
inst0 ch0:  C_CMD: RDCMD     C_f = 0x0fa   at time  147214135 ps
inst0 ch0:  C_CMD: RDCMD     C_r = 0x08d   at time  147216205 ps
inst0 ch0:  C_CMD: RDCMD     C_f = 0x07a   at time  147216619 ps
inst0 ch0:  R_CMD: ACTCMD    R_r0= 0x02    at time  147265885 ps
inst0 ch0:  R_CMD: ACTCMD    R_f0= 0x38    at time  147266299 ps
inst0 ch0:  R_CMD: ACTCMD    R_r1= 0x3f    at time  147266713 ps
inst0 ch0:  R_CMD: ACTCMD    R_f1= 0x3b    at time  147267127 ps
inst0 ch0:  R_CMD: ACTCMD    R_r0= 0x02    at time  147268369 ps
inst0 ch0:  R_CMD: ACTCMD    R_f0= 0x30    at time  147268783 ps
inst0 ch0:  R_CMD: ACTCMD    R_r1= 0x3f    at time  147269197 ps
inst0 ch0:  R_CMD: ACTCMD    R_f1= 0x3b    at time  147269611 ps
inst0 ch0:  C_CMD: WRCMD     C_r = 0x081   at time  147276649 ps
inst0 ch0:  C_CMD: WRCMD     C_f = 0x0f8   at time  147277063 ps
inst0 ch0:  C_CMD: WRCMD     C_r = 0x081   at time  147279133 ps
inst0 ch0:  C_CMD: WRCMD     C_f = 0x078   at time  147279547 ps
inst0 ch0:  C_CMD: WRCMD     C_r = 0x089   at time  147279961 ps
inst0 ch0:  C_CMD: WRCMD     C_f = 0x0fa   at time  147280375 ps
inst0 ch0:  C_CMD: WRCMD     C_r = 0x089   at time  147282445 ps
inst0 ch0:  C_CMD: WRCMD     C_f = 0x07a   at time  147282859 ps
inst0 ch0:  R_CMD: ACTCMD    R_r0= 0x0a    at time  147449701 ps
inst0 ch0:  R_CMD: ACTCMD    R_f0= 0x38    at time  147450115 ps
inst0 ch0:  R_CMD: ACTCMD    R_r1= 0x3f    at time  147450529 ps
inst0 ch0:  R_CMD: ACTCMD    R_f1= 0x3b    at time  147450943 ps
inst0 ch0:  R_CMD: ACTCMD    R_r0= 0x0a    at time  147452185 ps
inst0 ch0:  R_CMD: ACTCMD    R_f0= 0x30    at time  147452599 ps
inst0 ch0:  R_CMD: ACTCMD    R_r1= 0x3f    at time  147453013 ps
inst0 ch0:  R_CMD: ACTCMD    R_f1= 0x3b    at time  147453427 ps
inst0 ch0:  C_CMD: RDCMD     C_r = 0x095   at time  147464605 ps
inst0 ch0:  C_CMD: RDCMD     C_f = 0x0f8   at time  147465019 ps
inst0 ch0:  C_CMD: RDCMD     C_r = 0x095   at time  147467089 ps
inst0 ch0:  C_CMD: RDCMD     C_f = 0x078   at time  147467503 ps
inst0 ch0:  C_CMD: RDCMD     C_r = 0x09d   at time  147467917 ps
inst0 ch0:  C_CMD: RDCMD     C_f = 0x0fa   at time  147468331 ps
inst0 ch0:  C_CMD: RDCMD     C_r = 0x09d   at time  147470401 ps
inst0 ch0:  C_CMD: RDCMD     C_f = 0x07a   at time  147470815 ps
inst0 ch0:  R_CMD: ACTCMD    R_r0= 0x0a    at time  147748609 ps
inst0 ch0:  R_CMD: ACTCMD    R_f0= 0x38    at time  147749023 ps
inst0 ch0:  R_CMD: ACTCMD    R_r1= 0x3f    at time  147749437 ps
inst0 ch0:  R_CMD: ACTCMD    R_f1= 0x3b    at time  147749851 ps
inst0 ch0:  R_CMD: ACTCMD    R_r0= 0x0a    at time  147751093 ps
inst0 ch0:  R_CMD: ACTCMD    R_f0= 0x30    at time  147751507 ps
inst0 ch0:  R_CMD: ACTCMD    R_r1= 0x3f    at time  147751921 ps
inst0 ch0:  R_CMD: ACTCMD    R_f1= 0x3b    at time  147752335 ps
inst0 ch0:  C_CMD: WRCMD     C_r = 0x091   at time  147759373 ps
inst0 ch0:  C_CMD: WRCMD     C_f = 0x0f8   at time  147759787 ps
inst0 ch0:  C_CMD: WRCMD     C_r = 0x091   at time  147761857 ps
inst0 ch0:  C_CMD: WRCMD     C_f = 0x078   at time  147762271 ps
inst0 ch0:  C_CMD: WRCMD     C_r = 0x099   at time  147762685 ps
inst0 ch0:  C_CMD: WRCMD     C_f = 0x0fa   at time  147763099 ps
inst0 ch0:  C_CMD: WRCMD     C_r = 0x099   at time  147765169 ps
inst0 ch0:  C_CMD: WRCMD     C_f = 0x07a   at time  147765583 ps
