inst0 ch0:  R_CMD: ACTCMD    R_r0= 0x0e    at time   33400981 ps
inst0 ch0:  R_CMD: ACTCMD    R_f0= 0x28    at time   33401395 ps
inst0 ch0:  R_CMD: ACTCMD    R_r1= 0x00    at time   33401809 ps
inst0 ch0:  R_CMD: ACTCMD    R_f1= 0x02    at time   33402223 ps
inst0 ch0:  R_CMD: ACTCMD    R_r0= 0x0e    at time   33402637 ps
inst0 ch0:  R_CMD: ACTCMD    R_f0= 0x20    at time   33403051 ps
inst0 ch0:  R_CMD: ACTCMD    R_r1= 0x00    at time   33403465 ps
inst0 ch0:  R_CMD: ACTCMD    R_f1= 0x02    at time   33403879 ps
inst0 ch0:  C_CMD: RDCMD     C_r = 0x095   at time   33415885 ps
inst0 ch0:  C_CMD: RDCMD     C_f = 0x0a9   at time   33416299 ps
inst0 ch0:  C_CMD: RDCMD     C_r = 0x095   at time   33417541 ps
inst0 ch0:  C_CMD: RDCMD     C_f = 0x029   at time   33417955 ps
inst0 ch0:  C_CMD: RDCMD     C_r = 0x095   at time   33419197 ps
inst0 ch0:  C_CMD: RDCMD     C_f = 0x0ab   at time   33419611 ps
inst0 ch0:  C_CMD: RDCMD     C_r = 0x095   at time   33420853 ps
inst0 ch0:  C_CMD: RDCMD     C_f = 0x02b   at time   33421267 ps
inst0 ch0:  C_CMD: RDCMD     C_r = 0x095   at time   33422509 ps
inst0 ch0:  C_CMD: RDCMD     C_f = 0x0a1   at time   33422923 ps
inst0 ch0:  C_CMD: RDCMD     C_r = 0x095   at time   33424165 ps
inst0 ch0:  C_CMD: RDCMD     C_f = 0x021   at time   33424579 ps
inst0 ch0:  C_CMD: RDCMD     C_r = 0x09d   at time   33425821 ps
inst0 ch0:  C_CMD: RDCMD     C_f = 0x0a3   at time   33426235 ps
inst0 ch0:  C_CMD: RDCMD     C_r = 0x09d   at time   33427477 ps
inst0 ch0:  C_CMD: RDCMD     C_f = 0x023   at time   33427891 ps
inst0 ch0:  R_CMD: ACTCMD    R_r0= 0x0e    at time   33471361 ps
inst0 ch0:  R_CMD: ACTCMD    R_f0= 0x28    at time   33471775 ps
inst0 ch0:  R_CMD: ACTCMD    R_r1= 0x00    at time   33472189 ps
inst0 ch0:  R_CMD: ACTCMD    R_f1= 0x02    at time   33472603 ps
inst0 ch0:  R_CMD: ACTCMD    R_r0= 0x0e    at time   33473845 ps
inst0 ch0:  R_CMD: ACTCMD    R_f0= 0x20    at time   33474259 ps
inst0 ch0:  R_CMD: ACTCMD    R_r1= 0x00    at time   33474673 ps
inst0 ch0:  R_CMD: ACTCMD    R_f1= 0x02    at time   33475087 ps
inst0 ch0:  C_CMD: WRCMD     C_r = 0x091   at time   33482125 ps
inst0 ch0:  C_CMD: WRCMD     C_f = 0x0a9   at time   33482539 ps
inst0 ch0:  C_CMD: WRCMD     C_r = 0x091   at time   33484609 ps
inst0 ch0:  C_CMD: WRCMD     C_f = 0x029   at time   33485023 ps
inst0 ch0:  C_CMD: WRCMD     C_r = 0x091   at time   33485437 ps
inst0 ch0:  C_CMD: WRCMD     C_f = 0x0ab   at time   33485851 ps
inst0 ch0:  C_CMD: WRCMD     C_r = 0x091   at time   33487921 ps
inst0 ch0:  C_CMD: WRCMD     C_f = 0x02b   at time   33488335 ps
inst0 ch0:  C_CMD: WRCMD     C_r = 0x091   at time   33488749 ps
inst0 ch0:  C_CMD: WRCMD     C_f = 0x0a1   at time   33489163 ps
inst0 ch0:  C_CMD: WRCMD     C_r = 0x091   at time   33491233 ps
inst0 ch0:  C_CMD: WRCMD     C_f = 0x021   at time   33491647 ps
inst0 ch0:  C_CMD: WRCMD     C_r = 0x099   at time   33492061 ps
inst0 ch0:  C_CMD: WRCMD     C_f = 0x0a3   at time   33492475 ps
inst0 ch0:  C_CMD: WRCMD     C_r = 0x099   at time   33494545 ps
inst0 ch0:  C_CMD: WRCMD     C_f = 0x023   at time   33494959 ps
inst0 ch0:  R_CMD: ACTCMD    R_r0= 0x26    at time   54263269 ps
inst0 ch0:  R_CMD: ACTCMD    R_f0= 0x28    at time   54263683 ps
inst0 ch0:  R_CMD: ACTCMD    R_r1= 0x00    at time   54264097 ps
inst0 ch0:  R_CMD: ACTCMD    R_f1= 0x02    at time   54264511 ps
inst0 ch0:  R_CMD: ACTCMD    R_r0= 0x26    at time   54265753 ps
inst0 ch0:  R_CMD: ACTCMD    R_f0= 0x20    at time   54266167 ps
inst0 ch0:  R_CMD: ACTCMD    R_r1= 0x00    at time   54266581 ps
inst0 ch0:  R_CMD: ACTCMD    R_f1= 0x02    at time   54266995 ps
inst0 ch0:  C_CMD: RDCMD     C_r = 0x0c5   at time   54278173 ps
inst0 ch0:  C_CMD: RDCMD     C_f = 0x0a9   at time   54278587 ps
inst0 ch0:  C_CMD: RDCMD     C_r = 0x0c5   at time   54280657 ps
inst0 ch0:  C_CMD: RDCMD     C_f = 0x029   at time   54281071 ps
inst0 ch0:  C_CMD: RDCMD     C_r = 0x0c5   at time   54281485 ps
inst0 ch0:  C_CMD: RDCMD     C_f = 0x0ab   at time   54281899 ps
inst0 ch0:  C_CMD: RDCMD     C_r = 0x0c5   at time   54283969 ps
inst0 ch0:  C_CMD: RDCMD     C_f = 0x02b   at time   54284383 ps
inst0 ch0:  C_CMD: RDCMD     C_r = 0x0c5   at time   54284797 ps
inst0 ch0:  C_CMD: RDCMD     C_f = 0x0a1   at time   54285211 ps
inst0 ch0:  C_CMD: RDCMD     C_r = 0x0c5   at time   54287281 ps
inst0 ch0:  C_CMD: RDCMD     C_f = 0x021   at time   54287695 ps
inst0 ch0:  C_CMD: RDCMD     C_r = 0x0cd   at time   54288109 ps
inst0 ch0:  C_CMD: RDCMD     C_f = 0x0a3   at time   54288523 ps
inst0 ch0:  C_CMD: RDCMD     C_r = 0x0cd   at time   54290593 ps
inst0 ch0:  C_CMD: RDCMD     C_f = 0x023   at time   54291007 ps
inst0 ch0:  R_CMD: ACTCMD    R_r0= 0x26    at time   54333649 ps
inst0 ch0:  R_CMD: ACTCMD    R_f0= 0x28    at time   54334063 ps
inst0 ch0:  R_CMD: ACTCMD    R_r1= 0x00    at time   54334477 ps
inst0 ch0:  R_CMD: ACTCMD    R_f1= 0x02    at time   54334891 ps
inst0 ch0:  R_CMD: ACTCMD    R_r0= 0x26    at time   54336133 ps
inst0 ch0:  R_CMD: ACTCMD    R_f0= 0x20    at time   54336547 ps
inst0 ch0:  R_CMD: ACTCMD    R_r1= 0x00    at time   54336961 ps
inst0 ch0:  R_CMD: ACTCMD    R_f1= 0x02    at time   54337375 ps
inst0 ch0:  C_CMD: WRCMD     C_r = 0x0c1   at time   54344413 ps
inst0 ch0:  C_CMD: WRCMD     C_f = 0x0a9   at time   54344827 ps
inst0 ch0:  C_CMD: WRCMD     C_r = 0x0c1   at time   54346897 ps
inst0 ch0:  C_CMD: WRCMD     C_f = 0x029   at time   54347311 ps
inst0 ch0:  C_CMD: WRCMD     C_r = 0x0c1   at time   54347725 ps
inst0 ch0:  C_CMD: WRCMD     C_f = 0x0ab   at time   54348139 ps
inst0 ch0:  C_CMD: WRCMD     C_r = 0x0c1   at time   54350209 ps
inst0 ch0:  C_CMD: WRCMD     C_f = 0x02b   at time   54350623 ps
inst0 ch0:  C_CMD: WRCMD     C_r = 0x0c1   at time   54351037 ps
inst0 ch0:  C_CMD: WRCMD     C_f = 0x0a1   at time   54351451 ps
inst0 ch0:  C_CMD: WRCMD     C_r = 0x0c1   at time   54353521 ps
inst0 ch0:  C_CMD: WRCMD     C_f = 0x021   at time   54353935 ps
inst0 ch0:  C_CMD: WRCMD     C_r = 0x0c9   at time   54354349 ps
inst0 ch0:  C_CMD: WRCMD     C_f = 0x0a3   at time   54354763 ps
inst0 ch0:  C_CMD: WRCMD     C_r = 0x0c9   at time   54356833 ps
inst0 ch0:  C_CMD: WRCMD     C_f = 0x023   at time   54357247 ps
inst0 ch0:  R_CMD: ACTCMD    R_r0= 0x22    at time  124870969 ps
inst0 ch0:  R_CMD: ACTCMD    R_f0= 0x2a    at time  124871383 ps
inst0 ch0:  R_CMD: ACTCMD    R_r1= 0x00    at time  124871797 ps
inst0 ch0:  R_CMD: ACTCMD    R_f1= 0x00    at time  124872211 ps
inst0 ch0:  C_CMD: RDCMD     C_r = 0x0c5   at time  124885873 ps
inst0 ch0:  C_CMD: RDCMD     C_f = 0x080   at time  124886287 ps
inst0 ch0:  C_CMD: RDCMD     C_r = 0x0cd   at time  124889185 ps
inst0 ch0:  C_CMD: RDCMD     C_f = 0x082   at time  124889599 ps
inst0 ch0:  R_CMD: ACTCMD    R_r0= 0x02    at time  124934725 ps
inst0 ch0:  R_CMD: ACTCMD    R_f0= 0x2a    at time  124935139 ps
inst0 ch0:  R_CMD: ACTCMD    R_r1= 0x00    at time  124935553 ps
inst0 ch0:  R_CMD: ACTCMD    R_f1= 0x00    at time  124935967 ps
inst0 ch0:  C_CMD: RDCMD     C_r = 0x085   at time  124949629 ps
inst0 ch0:  C_CMD: RDCMD     C_f = 0x080   at time  124950043 ps
inst0 ch0:  C_CMD: RDCMD     C_r = 0x08d   at time  124952941 ps
inst0 ch0:  C_CMD: RDCMD     C_f = 0x082   at time  124953355 ps
inst0 ch0:  R_CMD: ACTCMD    R_r0= 0x22    at time  124966189 ps
inst0 ch0:  R_CMD: ACTCMD    R_f0= 0x22    at time  124966603 ps
inst0 ch0:  R_CMD: ACTCMD    R_r1= 0x00    at time  124967017 ps
inst0 ch0:  R_CMD: ACTCMD    R_f1= 0x00    at time  124967431 ps
inst0 ch0:  R_CMD: ACTCMD    R_r0= 0x22    at time  124967845 ps
inst0 ch0:  R_CMD: ACTCMD    R_f0= 0x0a    at time  124968259 ps
inst0 ch0:  R_CMD: ACTCMD    R_r1= 0x00    at time  124968673 ps
inst0 ch0:  R_CMD: ACTCMD    R_f1= 0x00    at time  124969087 ps
inst0 ch0:  R_CMD: ACTCMD    R_r0= 0x02    at time  124970329 ps
inst0 ch0:  R_CMD: ACTCMD    R_f0= 0x22    at time  124970743 ps
inst0 ch0:  R_CMD: ACTCMD    R_r1= 0x00    at time  124971157 ps
inst0 ch0:  R_CMD: ACTCMD    R_f1= 0x00    at time  124971571 ps
inst0 ch0:  R_CMD: ACTCMD    R_r0= 0x02    at time  124971985 ps
inst0 ch0:  R_CMD: ACTCMD    R_f0= 0x0a    at time  124972399 ps
inst0 ch0:  R_CMD: ACTCMD    R_r1= 0x00    at time  124972813 ps
inst0 ch0:  R_CMD: ACTCMD    R_f1= 0x00    at time  124973227 ps
inst0 ch0:  R_CMD: ACTCMD    R_r0= 0x22    at time  124974469 ps
inst0 ch0:  R_CMD: ACTCMD    R_f0= 0x02    at time  124974883 ps
inst0 ch0:  R_CMD: ACTCMD    R_r1= 0x00    at time  124975297 ps
inst0 ch0:  R_CMD: ACTCMD    R_f1= 0x00    at time  124975711 ps
inst0 ch0:  R_CMD: ACTCMD    R_r0= 0x02    at time  124978609 ps
inst0 ch0:  R_CMD: ACTCMD    R_f0= 0x02    at time  124979023 ps
inst0 ch0:  R_CMD: ACTCMD    R_r1= 0x00    at time  124979437 ps
inst0 ch0:  R_CMD: ACTCMD    R_f1= 0x00    at time  124979851 ps
inst0 ch0:  C_CMD: RDCMD     C_r = 0x0c5   at time  124981093 ps
inst0 ch0:  C_CMD: RDCMD     C_f = 0x000   at time  124981507 ps
inst0 ch0:  C_CMD: RDCMD     C_r = 0x045   at time  124982749 ps
inst0 ch0:  C_CMD: RDCMD     C_f = 0x080   at time  124983163 ps
inst0 ch0:  C_CMD: RDCMD     C_r = 0x0cd   at time  124984405 ps
inst0 ch0:  C_CMD: RDCMD     C_f = 0x002   at time  124984819 ps
inst0 ch0:  C_CMD: RDCMD     C_r = 0x04d   at time  124986061 ps
inst0 ch0:  C_CMD: RDCMD     C_f = 0x082   at time  124986475 ps
inst0 ch0:  C_CMD: RDCMD     C_r = 0x085   at time  124986889 ps
inst0 ch0:  C_CMD: RDCMD     C_f = 0x000   at time  124987303 ps
inst0 ch0:  C_CMD: RDCMD     C_r = 0x005   at time  124987717 ps
inst0 ch0:  C_CMD: RDCMD     C_f = 0x080   at time  124988131 ps
inst0 ch0:  C_CMD: RDCMD     C_r = 0x045   at time  124989373 ps
inst0 ch0:  C_CMD: RDCMD     C_f = 0x000   at time  124989787 ps
inst0 ch0:  C_CMD: RDCMD     C_r = 0x00d   at time  124991029 ps
inst0 ch0:  C_CMD: RDCMD     C_f = 0x082   at time  124991443 ps
inst0 ch0:  C_CMD: RDCMD     C_r = 0x08d   at time  124991857 ps
inst0 ch0:  C_CMD: RDCMD     C_f = 0x002   at time  124992271 ps
inst0 ch0:  C_CMD: RDCMD     C_r = 0x04d   at time  124993513 ps
inst0 ch0:  C_CMD: RDCMD     C_f = 0x002   at time  124993927 ps
inst0 ch0:  C_CMD: RDCMD     C_r = 0x005   at time  124995169 ps
inst0 ch0:  C_CMD: RDCMD     C_f = 0x000   at time  124995583 ps
inst0 ch0:  C_CMD: RDCMD     C_r = 0x00d   at time  124998481 ps
inst0 ch0:  C_CMD: RDCMD     C_f = 0x002   at time  124998895 ps
inst0 ch0:  R_CMD: ACTCMD    R_r0= 0x2a    at time  125251849 ps
inst0 ch0:  R_CMD: ACTCMD    R_f0= 0x2a    at time  125252263 ps
inst0 ch0:  R_CMD: ACTCMD    R_r1= 0x00    at time  125252677 ps
inst0 ch0:  R_CMD: ACTCMD    R_f1= 0x00    at time  125253091 ps
inst0 ch0:  C_CMD: RDCMD     C_r = 0x0d5   at time  125266753 ps
inst0 ch0:  C_CMD: RDCMD     C_f = 0x080   at time  125267167 ps
inst0 ch0:  C_CMD: RDCMD     C_r = 0x0dd   at time  125270065 ps
inst0 ch0:  C_CMD: RDCMD     C_f = 0x082   at time  125270479 ps
inst0 ch0:  R_CMD: ACTCMD    R_r0= 0x0a    at time  125273377 ps
inst0 ch0:  R_CMD: ACTCMD    R_f0= 0x2a    at time  125273791 ps
inst0 ch0:  R_CMD: ACTCMD    R_r1= 0x00    at time  125274205 ps
inst0 ch0:  R_CMD: ACTCMD    R_f1= 0x00    at time  125274619 ps
inst0 ch0:  C_CMD: RDCMD     C_r = 0x095   at time  125288281 ps
inst0 ch0:  C_CMD: RDCMD     C_f = 0x080   at time  125288695 ps
inst0 ch0:  C_CMD: RDCMD     C_r = 0x09d   at time  125291593 ps
inst0 ch0:  C_CMD: RDCMD     C_f = 0x082   at time  125292007 ps
inst0 ch0:  R_CMD: ACTCMD    R_r0= 0x2a    at time  125385157 ps
inst0 ch0:  R_CMD: ACTCMD    R_f0= 0x22    at time  125385571 ps
inst0 ch0:  R_CMD: ACTCMD    R_r1= 0x00    at time  125385985 ps
inst0 ch0:  R_CMD: ACTCMD    R_f1= 0x00    at time  125386399 ps
inst0 ch0:  C_CMD: RDCMD     C_r = 0x0d5   at time  125400061 ps
inst0 ch0:  C_CMD: RDCMD     C_f = 0x000   at time  125400475 ps
inst0 ch0:  C_CMD: RDCMD     C_r = 0x0dd   at time  125403373 ps
inst0 ch0:  C_CMD: RDCMD     C_f = 0x002   at time  125403787 ps
inst0 ch0:  R_CMD: ACTCMD    R_r0= 0x2a    at time  125449741 ps
inst0 ch0:  R_CMD: ACTCMD    R_f0= 0x0a    at time  125450155 ps
inst0 ch0:  R_CMD: ACTCMD    R_r1= 0x00    at time  125450569 ps
inst0 ch0:  R_CMD: ACTCMD    R_f1= 0x00    at time  125450983 ps
inst0 ch0:  C_CMD: RDCMD     C_r = 0x055   at time  125464645 ps
inst0 ch0:  C_CMD: RDCMD     C_f = 0x080   at time  125465059 ps
inst0 ch0:  C_CMD: RDCMD     C_r = 0x05d   at time  125467957 ps
inst0 ch0:  C_CMD: RDCMD     C_f = 0x082   at time  125468371 ps
inst0 ch0:  R_CMD: ACTCMD    R_r0= 0x0a    at time  125468785 ps
inst0 ch0:  R_CMD: ACTCMD    R_f0= 0x0a    at time  125469199 ps
inst0 ch0:  R_CMD: ACTCMD    R_r1= 0x00    at time  125469613 ps
inst0 ch0:  R_CMD: ACTCMD    R_f1= 0x00    at time  125470027 ps
inst0 ch0:  R_CMD: ACTCMD    R_r0= 0x0a    at time  125470441 ps
inst0 ch0:  R_CMD: ACTCMD    R_f0= 0x22    at time  125470855 ps
inst0 ch0:  R_CMD: ACTCMD    R_r1= 0x00    at time  125471269 ps
inst0 ch0:  R_CMD: ACTCMD    R_f1= 0x00    at time  125471683 ps
inst0 ch0:  R_CMD: ACTCMD    R_r0= 0x2a    at time  125474581 ps
inst0 ch0:  R_CMD: ACTCMD    R_f0= 0x02    at time  125474995 ps
inst0 ch0:  R_CMD: ACTCMD    R_r1= 0x00    at time  125475409 ps
inst0 ch0:  R_CMD: ACTCMD    R_f1= 0x00    at time  125475823 ps
inst0 ch0:  R_CMD: ACTCMD    R_r0= 0x0a    at time  125478721 ps
inst0 ch0:  R_CMD: ACTCMD    R_f0= 0x02    at time  125479135 ps
inst0 ch0:  R_CMD: ACTCMD    R_r1= 0x00    at time  125479549 ps
inst0 ch0:  R_CMD: ACTCMD    R_f1= 0x00    at time  125479963 ps
inst0 ch0:  C_CMD: RDCMD     C_r = 0x015   at time  125483689 ps
inst0 ch0:  C_CMD: RDCMD     C_f = 0x080   at time  125484103 ps
inst0 ch0:  C_CMD: RDCMD     C_r = 0x095   at time  125485345 ps
inst0 ch0:  C_CMD: RDCMD     C_f = 0x000   at time  125485759 ps
inst0 ch0:  C_CMD: RDCMD     C_r = 0x01d   at time  125487001 ps
inst0 ch0:  C_CMD: RDCMD     C_f = 0x082   at time  125487415 ps
inst0 ch0:  C_CMD: RDCMD     C_r = 0x09d   at time  125488657 ps
inst0 ch0:  C_CMD: RDCMD     C_f = 0x002   at time  125489071 ps
inst0 ch0:  C_CMD: RDCMD     C_r = 0x055   at time  125490313 ps
inst0 ch0:  C_CMD: RDCMD     C_f = 0x000   at time  125490727 ps
inst0 ch0:  C_CMD: RDCMD     C_r = 0x05d   at time  125493625 ps
inst0 ch0:  C_CMD: RDCMD     C_f = 0x002   at time  125494039 ps
inst0 ch0:  C_CMD: RDCMD     C_r = 0x015   at time  125495281 ps
inst0 ch0:  C_CMD: RDCMD     C_f = 0x000   at time  125495695 ps
inst0 ch0:  C_CMD: RDCMD     C_r = 0x01d   at time  125498593 ps
inst0 ch0:  C_CMD: RDCMD     C_f = 0x002   at time  125499007 ps
inst0 ch0:  R_CMD: ACTCMD    R_r0= 0x32    at time  125737885 ps
inst0 ch0:  R_CMD: ACTCMD    R_f0= 0x2a    at time  125738299 ps
inst0 ch0:  R_CMD: ACTCMD    R_r1= 0x00    at time  125738713 ps
inst0 ch0:  R_CMD: ACTCMD    R_f1= 0x00    at time  125739127 ps
inst0 ch0:  R_CMD: ACTCMD    R_r0= 0x12    at time  125742025 ps
inst0 ch0:  R_CMD: ACTCMD    R_f0= 0x2a    at time  125742439 ps
inst0 ch0:  R_CMD: ACTCMD    R_r1= 0x00    at time  125742853 ps
inst0 ch0:  R_CMD: ACTCMD    R_f1= 0x00    at time  125743267 ps
inst0 ch0:  C_CMD: RDCMD     C_r = 0x0e5   at time  125752789 ps
inst0 ch0:  C_CMD: RDCMD     C_f = 0x080   at time  125753203 ps
inst0 ch0:  R_CMD: ACTCMD    R_r0= 0x32    at time  125753617 ps
inst0 ch0:  R_CMD: ACTCMD    R_f0= 0x22    at time  125754031 ps
inst0 ch0:  R_CMD: ACTCMD    R_r1= 0x00    at time  125754445 ps
inst0 ch0:  R_CMD: ACTCMD    R_f1= 0x00    at time  125754859 ps
inst0 ch0:  C_CMD: RDCMD     C_r = 0x0ed   at time  125756101 ps
inst0 ch0:  C_CMD: RDCMD     C_f = 0x082   at time  125756515 ps
inst0 ch0:  C_CMD: RDCMD     C_r = 0x0a5   at time  125757757 ps
inst0 ch0:  C_CMD: RDCMD     C_f = 0x080   at time  125758171 ps
inst0 ch0:  C_CMD: RDCMD     C_r = 0x0ad   at time  125761069 ps
inst0 ch0:  C_CMD: RDCMD     C_f = 0x082   at time  125761483 ps
inst0 ch0:  C_CMD: RDCMD     C_r = 0x0e5   at time  125768521 ps
inst0 ch0:  C_CMD: RDCMD     C_f = 0x000   at time  125768935 ps
inst0 ch0:  C_CMD: RDCMD     C_r = 0x0ed   at time  125771833 ps
inst0 ch0:  C_CMD: RDCMD     C_f = 0x002   at time  125772247 ps
inst0 ch0:  R_CMD: ACTCMD    R_r0= 0x32    at time  125787565 ps
inst0 ch0:  R_CMD: ACTCMD    R_f0= 0x0a    at time  125787979 ps
inst0 ch0:  R_CMD: ACTCMD    R_r1= 0x00    at time  125788393 ps
inst0 ch0:  R_CMD: ACTCMD    R_f1= 0x00    at time  125788807 ps
inst0 ch0:  C_CMD: RDCMD     C_r = 0x065   at time  125802469 ps
inst0 ch0:  C_CMD: RDCMD     C_f = 0x080   at time  125802883 ps
inst0 ch0:  C_CMD: RDCMD     C_r = 0x06d   at time  125805781 ps
inst0 ch0:  C_CMD: RDCMD     C_f = 0x082   at time  125806195 ps
inst0 ch0:  R_CMD: ACTCMD    R_r0= 0x12    at time  125900173 ps
inst0 ch0:  R_CMD: ACTCMD    R_f0= 0x0a    at time  125900587 ps
inst0 ch0:  R_CMD: ACTCMD    R_r1= 0x00    at time  125901001 ps
inst0 ch0:  R_CMD: ACTCMD    R_f1= 0x00    at time  125901415 ps
inst0 ch0:  C_CMD: RDCMD     C_r = 0x025   at time  125915077 ps
inst0 ch0:  C_CMD: RDCMD     C_f = 0x080   at time  125915491 ps
inst0 ch0:  C_CMD: RDCMD     C_r = 0x02d   at time  125918389 ps
inst0 ch0:  C_CMD: RDCMD     C_f = 0x082   at time  125918803 ps
inst0 ch0:  R_CMD: ACTCMD    R_r0= 0x12    at time  125970553 ps
inst0 ch0:  R_CMD: ACTCMD    R_f0= 0x22    at time  125970967 ps
inst0 ch0:  R_CMD: ACTCMD    R_r1= 0x00    at time  125971381 ps
inst0 ch0:  R_CMD: ACTCMD    R_f1= 0x00    at time  125971795 ps
inst0 ch0:  R_CMD: ACTCMD    R_r0= 0x32    at time  125974693 ps
inst0 ch0:  R_CMD: ACTCMD    R_f0= 0x02    at time  125975107 ps
inst0 ch0:  R_CMD: ACTCMD    R_r1= 0x00    at time  125975521 ps
inst0 ch0:  R_CMD: ACTCMD    R_f1= 0x00    at time  125975935 ps
inst0 ch0:  R_CMD: ACTCMD    R_r0= 0x12    at time  125978833 ps
inst0 ch0:  R_CMD: ACTCMD    R_f0= 0x02    at time  125979247 ps
inst0 ch0:  R_CMD: ACTCMD    R_r1= 0x00    at time  125979661 ps
inst0 ch0:  R_CMD: ACTCMD    R_f1= 0x00    at time  125980075 ps
inst0 ch0:  C_CMD: RDCMD     C_r = 0x0a5   at time  125985457 ps
inst0 ch0:  C_CMD: RDCMD     C_f = 0x000   at time  125985871 ps
inst0 ch0:  C_CMD: RDCMD     C_r = 0x0ad   at time  125988769 ps
inst0 ch0:  C_CMD: RDCMD     C_f = 0x002   at time  125989183 ps
inst0 ch0:  C_CMD: RDCMD     C_r = 0x065   at time  125990425 ps
inst0 ch0:  C_CMD: RDCMD     C_f = 0x000   at time  125990839 ps
inst0 ch0:  C_CMD: RDCMD     C_r = 0x06d   at time  125993737 ps
inst0 ch0:  C_CMD: RDCMD     C_f = 0x002   at time  125994151 ps
inst0 ch0:  C_CMD: RDCMD     C_r = 0x025   at time  125995393 ps
inst0 ch0:  C_CMD: RDCMD     C_f = 0x000   at time  125995807 ps
inst0 ch0:  C_CMD: RDCMD     C_r = 0x02d   at time  125998705 ps
inst0 ch0:  C_CMD: RDCMD     C_f = 0x002   at time  125999119 ps
inst0 ch0:  R_CMD: ACTCMD    R_r0= 0x3a    at time  126238825 ps
inst0 ch0:  R_CMD: ACTCMD    R_f0= 0x2a    at time  126239239 ps
inst0 ch0:  R_CMD: ACTCMD    R_r1= 0x00    at time  126239653 ps
inst0 ch0:  R_CMD: ACTCMD    R_f1= 0x00    at time  126240067 ps
inst0 ch0:  R_CMD: ACTCMD    R_r0= 0x1a    at time  126242965 ps
inst0 ch0:  R_CMD: ACTCMD    R_f0= 0x2a    at time  126243379 ps
inst0 ch0:  R_CMD: ACTCMD    R_r1= 0x00    at time  126243793 ps
inst0 ch0:  R_CMD: ACTCMD    R_f1= 0x00    at time  126244207 ps
inst0 ch0:  R_CMD: ACTCMD    R_r0= 0x3a    at time  126247105 ps
inst0 ch0:  R_CMD: ACTCMD    R_f0= 0x0a    at time  126247519 ps
inst0 ch0:  R_CMD: ACTCMD    R_r1= 0x00    at time  126247933 ps
inst0 ch0:  R_CMD: ACTCMD    R_f1= 0x00    at time  126248347 ps
inst0 ch0:  R_CMD: ACTCMD    R_r0= 0x3a    at time  126250417 ps
inst0 ch0:  R_CMD: ACTCMD    R_f0= 0x22    at time  126250831 ps
inst0 ch0:  R_CMD: ACTCMD    R_r1= 0x00    at time  126251245 ps
inst0 ch0:  R_CMD: ACTCMD    R_f1= 0x00    at time  126251659 ps
inst0 ch0:  C_CMD: RDCMD     C_r = 0x0f5   at time  126253729 ps
inst0 ch0:  C_CMD: RDCMD     C_f = 0x080   at time  126254143 ps
inst0 ch0:  R_CMD: ACTCMD    R_r0= 0x1a    at time  126254557 ps
inst0 ch0:  R_CMD: ACTCMD    R_f0= 0x0a    at time  126254971 ps
inst0 ch0:  R_CMD: ACTCMD    R_r1= 0x00    at time  126255385 ps
inst0 ch0:  R_CMD: ACTCMD    R_f1= 0x00    at time  126255799 ps
inst0 ch0:  C_CMD: RDCMD     C_r = 0x0fd   at time  126257041 ps
inst0 ch0:  C_CMD: RDCMD     C_f = 0x082   at time  126257455 ps
inst0 ch0:  C_CMD: RDCMD     C_r = 0x0b5   at time  126258697 ps
inst0 ch0:  C_CMD: RDCMD     C_f = 0x080   at time  126259111 ps
inst0 ch0:  C_CMD: RDCMD     C_r = 0x0bd   at time  126262009 ps
inst0 ch0:  C_CMD: RDCMD     C_f = 0x082   at time  126262423 ps
inst0 ch0:  C_CMD: RDCMD     C_r = 0x075   at time  126263665 ps
inst0 ch0:  C_CMD: RDCMD     C_f = 0x080   at time  126264079 ps
inst0 ch0:  C_CMD: RDCMD     C_r = 0x0f5   at time  126265321 ps
inst0 ch0:  C_CMD: RDCMD     C_f = 0x000   at time  126265735 ps
inst0 ch0:  C_CMD: RDCMD     C_r = 0x07d   at time  126266977 ps
inst0 ch0:  C_CMD: RDCMD     C_f = 0x082   at time  126267391 ps
inst0 ch0:  C_CMD: RDCMD     C_r = 0x0fd   at time  126268633 ps
inst0 ch0:  C_CMD: RDCMD     C_f = 0x002   at time  126269047 ps
inst0 ch0:  C_CMD: RDCMD     C_r = 0x035   at time  126269461 ps
inst0 ch0:  C_CMD: RDCMD     C_f = 0x080   at time  126269875 ps
inst0 ch0:  C_CMD: RDCMD     C_r = 0x03d   at time  126272773 ps
inst0 ch0:  C_CMD: RDCMD     C_f = 0x082   at time  126273187 ps
inst0 ch0:  R_CMD: ACTCMD    R_r0= 0x1a    at time  126301753 ps
inst0 ch0:  R_CMD: ACTCMD    R_f0= 0x22    at time  126302167 ps
inst0 ch0:  R_CMD: ACTCMD    R_r1= 0x00    at time  126302581 ps
inst0 ch0:  R_CMD: ACTCMD    R_f1= 0x00    at time  126302995 ps
inst0 ch0:  C_CMD: RDCMD     C_r = 0x0b5   at time  126316657 ps
inst0 ch0:  C_CMD: RDCMD     C_f = 0x000   at time  126317071 ps
inst0 ch0:  C_CMD: RDCMD     C_r = 0x0bd   at time  126319969 ps
inst0 ch0:  C_CMD: RDCMD     C_f = 0x002   at time  126320383 ps
inst0 ch0:  R_CMD: ACTCMD    R_r0= 0x3a    at time  126475633 ps
inst0 ch0:  R_CMD: ACTCMD    R_f0= 0x02    at time  126476047 ps
inst0 ch0:  R_CMD: ACTCMD    R_r1= 0x00    at time  126476461 ps
inst0 ch0:  R_CMD: ACTCMD    R_f1= 0x00    at time  126476875 ps
inst0 ch0:  R_CMD: ACTCMD    R_r0= 0x1a    at time  126479773 ps
inst0 ch0:  R_CMD: ACTCMD    R_f0= 0x02    at time  126480187 ps
inst0 ch0:  R_CMD: ACTCMD    R_r1= 0x00    at time  126480601 ps
inst0 ch0:  R_CMD: ACTCMD    R_f1= 0x00    at time  126481015 ps
inst0 ch0:  C_CMD: RDCMD     C_r = 0x075   at time  126490537 ps
inst0 ch0:  C_CMD: RDCMD     C_f = 0x000   at time  126490951 ps
inst0 ch0:  C_CMD: RDCMD     C_r = 0x07d   at time  126493849 ps
inst0 ch0:  C_CMD: RDCMD     C_f = 0x002   at time  126494263 ps
inst0 ch0:  C_CMD: RDCMD     C_r = 0x035   at time  126495505 ps
inst0 ch0:  C_CMD: RDCMD     C_f = 0x000   at time  126495919 ps
inst0 ch0:  C_CMD: RDCMD     C_r = 0x03d   at time  126498817 ps
inst0 ch0:  C_CMD: RDCMD     C_f = 0x002   at time  126499231 ps
inst0 ch0:  R_CMD: ACTCMD    R_r0= 0x02    at time  130810213 ps
inst0 ch0:  R_CMD: ACTCMD    R_f0= 0x08    at time  130810627 ps
inst0 ch0:  R_CMD: ACTCMD    R_r1= 0x00    at time  130811041 ps
inst0 ch0:  R_CMD: ACTCMD    R_f1= 0x00    at time  130811455 ps
inst0 ch0:  C_CMD: RDCMD     C_r = 0x005   at time  130825117 ps
inst0 ch0:  C_CMD: RDCMD     C_f = 0x098   at time  130825531 ps
inst0 ch0:  C_CMD: RDCMD     C_r = 0x005   at time  130828429 ps
inst0 ch0:  C_CMD: RDCMD     C_f = 0x09a   at time  130828843 ps
inst0 ch0:  C_CMD: RDCMD     C_r = 0x005   at time  130831741 ps
inst0 ch0:  C_CMD: RDCMD     C_f = 0x090   at time  130832155 ps
inst0 ch0:  C_CMD: RDCMD     C_r = 0x005   at time  130835053 ps
inst0 ch0:  C_CMD: RDCMD     C_f = 0x092   at time  130835467 ps
inst0 ch0:  C_CMD: RDCMD     C_r = 0x005   at time  130838365 ps
inst0 ch0:  C_CMD: RDCMD     C_f = 0x088   at time  130838779 ps
inst0 ch0:  C_CMD: RDCMD     C_r = 0x005   at time  130841677 ps
inst0 ch0:  C_CMD: RDCMD     C_f = 0x08a   at time  130842091 ps
inst0 ch0:  C_CMD: RDCMD     C_r = 0x005   at time  130844989 ps
inst0 ch0:  C_CMD: RDCMD     C_f = 0x080   at time  130845403 ps
inst0 ch0:  C_CMD: RDCMD     C_r = 0x00d   at time  130848301 ps
inst0 ch0:  C_CMD: RDCMD     C_f = 0x082   at time  130848715 ps
inst0 ch0:  R_CMD: ACTCMD    R_r0= 0x02    at time  130962565 ps
inst0 ch0:  R_CMD: ACTCMD    R_f0= 0x00    at time  130962979 ps
inst0 ch0:  R_CMD: ACTCMD    R_r1= 0x00    at time  130963393 ps
inst0 ch0:  R_CMD: ACTCMD    R_f1= 0x00    at time  130963807 ps
inst0 ch0:  C_CMD: RDCMD     C_r = 0x005   at time  130977469 ps
inst0 ch0:  C_CMD: RDCMD     C_f = 0x018   at time  130977883 ps
inst0 ch0:  C_CMD: RDCMD     C_r = 0x005   at time  130980781 ps
inst0 ch0:  C_CMD: RDCMD     C_f = 0x01a   at time  130981195 ps
inst0 ch0:  C_CMD: RDCMD     C_r = 0x005   at time  130984093 ps
inst0 ch0:  C_CMD: RDCMD     C_f = 0x010   at time  130984507 ps
inst0 ch0:  C_CMD: RDCMD     C_r = 0x005   at time  130987405 ps
inst0 ch0:  C_CMD: RDCMD     C_f = 0x012   at time  130987819 ps
inst0 ch0:  C_CMD: RDCMD     C_r = 0x005   at time  130990717 ps
inst0 ch0:  C_CMD: RDCMD     C_f = 0x008   at time  130991131 ps
inst0 ch0:  C_CMD: RDCMD     C_r = 0x005   at time  130994029 ps
inst0 ch0:  C_CMD: RDCMD     C_f = 0x00a   at time  130994443 ps
inst0 ch0:  C_CMD: RDCMD     C_r = 0x005   at time  130997341 ps
inst0 ch0:  C_CMD: RDCMD     C_f = 0x000   at time  130997755 ps
inst0 ch0:  C_CMD: RDCMD     C_r = 0x00d   at time  131000653 ps
inst0 ch0:  C_CMD: RDCMD     C_f = 0x002   at time  131001067 ps
inst0 ch0:  R_CMD: ACTCMD    R_r0= 0x0a    at time  131234977 ps
inst0 ch0:  R_CMD: ACTCMD    R_f0= 0x00    at time  131235391 ps
inst0 ch0:  R_CMD: ACTCMD    R_r1= 0x00    at time  131235805 ps
inst0 ch0:  R_CMD: ACTCMD    R_f1= 0x00    at time  131236219 ps
inst0 ch0:  C_CMD: RDCMD     C_r = 0x015   at time  131249881 ps
inst0 ch0:  C_CMD: RDCMD     C_f = 0x018   at time  131250295 ps
inst0 ch0:  C_CMD: RDCMD     C_r = 0x015   at time  131253193 ps
inst0 ch0:  C_CMD: RDCMD     C_f = 0x01a   at time  131253607 ps
inst0 ch0:  C_CMD: RDCMD     C_r = 0x015   at time  131256505 ps
inst0 ch0:  C_CMD: RDCMD     C_f = 0x010   at time  131256919 ps
inst0 ch0:  C_CMD: RDCMD     C_r = 0x015   at time  131259817 ps
inst0 ch0:  C_CMD: RDCMD     C_f = 0x012   at time  131260231 ps
inst0 ch0:  C_CMD: RDCMD     C_r = 0x015   at time  131263129 ps
inst0 ch0:  C_CMD: RDCMD     C_f = 0x008   at time  131263543 ps
inst0 ch0:  C_CMD: RDCMD     C_r = 0x015   at time  131266441 ps
inst0 ch0:  C_CMD: RDCMD     C_f = 0x00a   at time  131266855 ps
inst0 ch0:  C_CMD: RDCMD     C_r = 0x015   at time  131269753 ps
inst0 ch0:  C_CMD: RDCMD     C_f = 0x000   at time  131270167 ps
inst0 ch0:  C_CMD: RDCMD     C_r = 0x01d   at time  131273065 ps
inst0 ch0:  C_CMD: RDCMD     C_f = 0x002   at time  131273479 ps
inst0 ch0:  R_CMD: ACTCMD    R_r0= 0x0a    at time  131282173 ps
inst0 ch0:  R_CMD: ACTCMD    R_f0= 0x08    at time  131282587 ps
inst0 ch0:  R_CMD: ACTCMD    R_r1= 0x00    at time  131283001 ps
inst0 ch0:  R_CMD: ACTCMD    R_f1= 0x00    at time  131283415 ps
inst0 ch0:  C_CMD: RDCMD     C_r = 0x015   at time  131297077 ps
inst0 ch0:  C_CMD: RDCMD     C_f = 0x098   at time  131297491 ps
inst0 ch0:  C_CMD: RDCMD     C_r = 0x015   at time  131300389 ps
inst0 ch0:  C_CMD: RDCMD     C_f = 0x09a   at time  131300803 ps
inst0 ch0:  C_CMD: RDCMD     C_r = 0x015   at time  131303701 ps
inst0 ch0:  C_CMD: RDCMD     C_f = 0x090   at time  131304115 ps
inst0 ch0:  C_CMD: RDCMD     C_r = 0x015   at time  131307013 ps
inst0 ch0:  C_CMD: RDCMD     C_f = 0x092   at time  131307427 ps
inst0 ch0:  C_CMD: RDCMD     C_r = 0x015   at time  131310325 ps
inst0 ch0:  C_CMD: RDCMD     C_f = 0x088   at time  131310739 ps
inst0 ch0:  C_CMD: RDCMD     C_r = 0x015   at time  131313637 ps
inst0 ch0:  C_CMD: RDCMD     C_f = 0x08a   at time  131314051 ps
inst0 ch0:  C_CMD: RDCMD     C_r = 0x015   at time  131316949 ps
inst0 ch0:  C_CMD: RDCMD     C_f = 0x080   at time  131317363 ps
inst0 ch0:  C_CMD: RDCMD     C_r = 0x01d   at time  131320261 ps
inst0 ch0:  C_CMD: RDCMD     C_f = 0x082   at time  131320675 ps
inst0 ch0:  R_CMD: ACTCMD    R_r0= 0x02    at time  133964893 ps
inst0 ch0:  R_CMD: ACTCMD    R_f0= 0x1b    at time  133965307 ps
inst0 ch0:  R_CMD: ACTCMD    R_r1= 0x3f    at time  133965721 ps
inst0 ch0:  R_CMD: ACTCMD    R_f1= 0x3b    at time  133966135 ps
inst0 ch0:  R_CMD: ACTCMD    R_r0= 0x02    at time  133966549 ps
inst0 ch0:  R_CMD: ACTCMD    R_f0= 0x13    at time  133966963 ps
inst0 ch0:  R_CMD: ACTCMD    R_r1= 0x3f    at time  133967377 ps
inst0 ch0:  R_CMD: ACTCMD    R_f1= 0x3b    at time  133967791 ps
inst0 ch0:  C_CMD: RDCMD     C_r = 0x005   at time  133979797 ps
inst0 ch0:  C_CMD: RDCMD     C_f = 0x080   at time  133980211 ps
inst0 ch0:  C_CMD: RDCMD     C_r = 0x005   at time  133981453 ps
inst0 ch0:  C_CMD: RDCMD     C_f = 0x000   at time  133981867 ps
inst0 ch0:  C_CMD: RDCMD     C_r = 0x00d   at time  133983109 ps
inst0 ch0:  C_CMD: RDCMD     C_f = 0x082   at time  133983523 ps
inst0 ch0:  C_CMD: RDCMD     C_r = 0x00d   at time  133984765 ps
inst0 ch0:  C_CMD: RDCMD     C_f = 0x002   at time  133985179 ps
inst0 ch0:  R_CMD: ACTCMD    R_r0= 0x02    at time  134035273 ps
inst0 ch0:  R_CMD: ACTCMD    R_f0= 0x1b    at time  134035687 ps
inst0 ch0:  R_CMD: ACTCMD    R_r1= 0x3f    at time  134036101 ps
inst0 ch0:  R_CMD: ACTCMD    R_f1= 0x3b    at time  134036515 ps
inst0 ch0:  R_CMD: ACTCMD    R_r0= 0x02    at time  134037757 ps
inst0 ch0:  R_CMD: ACTCMD    R_f0= 0x13    at time  134038171 ps
inst0 ch0:  R_CMD: ACTCMD    R_r1= 0x3f    at time  134038585 ps
inst0 ch0:  R_CMD: ACTCMD    R_f1= 0x3b    at time  134038999 ps
inst0 ch0:  C_CMD: WRCMD     C_r = 0x001   at time  134046037 ps
inst0 ch0:  C_CMD: WRCMD     C_f = 0x080   at time  134046451 ps
inst0 ch0:  C_CMD: WRCMD     C_r = 0x001   at time  134048521 ps
inst0 ch0:  C_CMD: WRCMD     C_f = 0x000   at time  134048935 ps
inst0 ch0:  C_CMD: WRCMD     C_r = 0x009   at time  134049349 ps
inst0 ch0:  C_CMD: WRCMD     C_f = 0x082   at time  134049763 ps
inst0 ch0:  C_CMD: WRCMD     C_r = 0x009   at time  134051833 ps
inst0 ch0:  C_CMD: WRCMD     C_f = 0x002   at time  134052247 ps
inst0 ch0:  R_CMD: ACTCMD    R_r0= 0x0a    at time  138289537 ps
inst0 ch0:  R_CMD: ACTCMD    R_f0= 0x1b    at time  138289951 ps
inst0 ch0:  R_CMD: ACTCMD    R_r1= 0x3f    at time  138290365 ps
inst0 ch0:  R_CMD: ACTCMD    R_f1= 0x3b    at time  138290779 ps
inst0 ch0:  R_CMD: ACTCMD    R_r0= 0x0a    at time  138292021 ps
inst0 ch0:  R_CMD: ACTCMD    R_f0= 0x13    at time  138292435 ps
inst0 ch0:  R_CMD: ACTCMD    R_r1= 0x3f    at time  138292849 ps
inst0 ch0:  R_CMD: ACTCMD    R_f1= 0x3b    at time  138293263 ps
inst0 ch0:  C_CMD: RDCMD     C_r = 0x015   at time  138304441 ps
inst0 ch0:  C_CMD: RDCMD     C_f = 0x090   at time  138304855 ps
inst0 ch0:  C_CMD: RDCMD     C_r = 0x015   at time  138306925 ps
inst0 ch0:  C_CMD: RDCMD     C_f = 0x010   at time  138307339 ps
inst0 ch0:  C_CMD: RDCMD     C_r = 0x01d   at time  138307753 ps
inst0 ch0:  C_CMD: RDCMD     C_f = 0x092   at time  138308167 ps
inst0 ch0:  C_CMD: RDCMD     C_r = 0x01d   at time  138310237 ps
inst0 ch0:  C_CMD: RDCMD     C_f = 0x012   at time  138310651 ps
inst0 ch0:  R_CMD: ACTCMD    R_r0= 0x0a    at time  138429469 ps
inst0 ch0:  R_CMD: ACTCMD    R_f0= 0x1b    at time  138429883 ps
inst0 ch0:  R_CMD: ACTCMD    R_r1= 0x3f    at time  138430297 ps
inst0 ch0:  R_CMD: ACTCMD    R_f1= 0x3b    at time  138430711 ps
inst0 ch0:  R_CMD: ACTCMD    R_r0= 0x0a    at time  138431953 ps
inst0 ch0:  R_CMD: ACTCMD    R_f0= 0x13    at time  138432367 ps
inst0 ch0:  R_CMD: ACTCMD    R_r1= 0x3f    at time  138432781 ps
inst0 ch0:  R_CMD: ACTCMD    R_f1= 0x3b    at time  138433195 ps
inst0 ch0:  C_CMD: WRCMD     C_r = 0x011   at time  138440233 ps
inst0 ch0:  C_CMD: WRCMD     C_f = 0x090   at time  138440647 ps
inst0 ch0:  C_CMD: WRCMD     C_r = 0x011   at time  138442717 ps
inst0 ch0:  C_CMD: WRCMD     C_f = 0x010   at time  138443131 ps
inst0 ch0:  C_CMD: WRCMD     C_r = 0x019   at time  138443545 ps
inst0 ch0:  C_CMD: WRCMD     C_f = 0x092   at time  138443959 ps
inst0 ch0:  C_CMD: WRCMD     C_r = 0x019   at time  138446029 ps
inst0 ch0:  C_CMD: WRCMD     C_f = 0x012   at time  138446443 ps
inst0 ch0:  R_CMD: ACTCMD    R_r0= 0x0a    at time  142362469 ps
inst0 ch0:  R_CMD: ACTCMD    R_f0= 0x08    at time  142362883 ps
inst0 ch0:  R_CMD: ACTCMD    R_r1= 0x00    at time  142363297 ps
inst0 ch0:  R_CMD: ACTCMD    R_f1= 0x00    at time  142363711 ps
inst0 ch0:  R_CMD: ACTCMD    R_r0= 0x0a    at time  142364125 ps
inst0 ch0:  R_CMD: ACTCMD    R_f0= 0x00    at time  142364539 ps
inst0 ch0:  R_CMD: ACTCMD    R_r1= 0x00    at time  142364953 ps
inst0 ch0:  R_CMD: ACTCMD    R_f1= 0x00    at time  142365367 ps
inst0 ch0:  C_CMD: RDCMD     C_r = 0x015   at time  142377373 ps
inst0 ch0:  C_CMD: RDCMD     C_f = 0x0a8   at time  142377787 ps
inst0 ch0:  C_CMD: RDCMD     C_r = 0x015   at time  142379029 ps
inst0 ch0:  C_CMD: RDCMD     C_f = 0x028   at time  142379443 ps
inst0 ch0:  C_CMD: RDCMD     C_r = 0x015   at time  142380685 ps
inst0 ch0:  C_CMD: RDCMD     C_f = 0x0aa   at time  142381099 ps
inst0 ch0:  C_CMD: RDCMD     C_r = 0x015   at time  142382341 ps
inst0 ch0:  C_CMD: RDCMD     C_f = 0x02a   at time  142382755 ps
inst0 ch0:  C_CMD: RDCMD     C_r = 0x015   at time  142383997 ps
inst0 ch0:  C_CMD: RDCMD     C_f = 0x0a0   at time  142384411 ps
inst0 ch0:  C_CMD: RDCMD     C_r = 0x015   at time  142385653 ps
inst0 ch0:  C_CMD: RDCMD     C_f = 0x020   at time  142386067 ps
inst0 ch0:  C_CMD: RDCMD     C_r = 0x01d   at time  142387309 ps
inst0 ch0:  C_CMD: RDCMD     C_f = 0x0a2   at time  142387723 ps
inst0 ch0:  C_CMD: RDCMD     C_r = 0x01d   at time  142388965 ps
inst0 ch0:  C_CMD: RDCMD     C_f = 0x022   at time  142389379 ps
inst0 ch0:  R_CMD: ACTCMD    R_r0= 0x0a    at time  142432849 ps
inst0 ch0:  R_CMD: ACTCMD    R_f0= 0x08    at time  142433263 ps
inst0 ch0:  R_CMD: ACTCMD    R_r1= 0x00    at time  142433677 ps
inst0 ch0:  R_CMD: ACTCMD    R_f1= 0x00    at time  142434091 ps
inst0 ch0:  R_CMD: ACTCMD    R_r0= 0x0a    at time  142434505 ps
inst0 ch0:  R_CMD: ACTCMD    R_f0= 0x00    at time  142434919 ps
inst0 ch0:  R_CMD: ACTCMD    R_r1= 0x00    at time  142435333 ps
inst0 ch0:  R_CMD: ACTCMD    R_f1= 0x00    at time  142435747 ps
inst0 ch0:  C_CMD: WRCMD     C_r = 0x011   at time  142443613 ps
inst0 ch0:  C_CMD: WRCMD     C_f = 0x0a8   at time  142444027 ps
inst0 ch0:  C_CMD: WRCMD     C_r = 0x011   at time  142445269 ps
inst0 ch0:  C_CMD: WRCMD     C_f = 0x028   at time  142445683 ps
inst0 ch0:  C_CMD: WRCMD     C_r = 0x011   at time  142446925 ps
inst0 ch0:  C_CMD: WRCMD     C_f = 0x0aa   at time  142447339 ps
inst0 ch0:  C_CMD: WRCMD     C_r = 0x011   at time  142448581 ps
inst0 ch0:  C_CMD: WRCMD     C_f = 0x02a   at time  142448995 ps
inst0 ch0:  C_CMD: WRCMD     C_r = 0x011   at time  142450237 ps
inst0 ch0:  C_CMD: WRCMD     C_f = 0x0a0   at time  142450651 ps
inst0 ch0:  C_CMD: WRCMD     C_r = 0x011   at time  142451893 ps
inst0 ch0:  C_CMD: WRCMD     C_f = 0x020   at time  142452307 ps
inst0 ch0:  C_CMD: WRCMD     C_r = 0x019   at time  142453549 ps
inst0 ch0:  C_CMD: WRCMD     C_f = 0x0a2   at time  142453963 ps
inst0 ch0:  C_CMD: WRCMD     C_r = 0x019   at time  142455205 ps
inst0 ch0:  C_CMD: WRCMD     C_f = 0x022   at time  142455619 ps
inst0 ch0:  R_CMD: ACTCMD    R_r0= 0x02    at time  146177893 ps
inst0 ch0:  R_CMD: ACTCMD    R_f0= 0x18    at time  146178307 ps
inst0 ch0:  R_CMD: ACTCMD    R_r1= 0x3f    at time  146178721 ps
inst0 ch0:  R_CMD: ACTCMD    R_f1= 0x3b    at time  146179135 ps
inst0 ch0:  R_CMD: ACTCMD    R_r0= 0x02    at time  146180377 ps
inst0 ch0:  R_CMD: ACTCMD    R_f0= 0x10    at time  146180791 ps
inst0 ch0:  R_CMD: ACTCMD    R_r1= 0x3f    at time  146181205 ps
inst0 ch0:  R_CMD: ACTCMD    R_f1= 0x3b    at time  146181619 ps
inst0 ch0:  C_CMD: RDCMD     C_r = 0x005   at time  146192797 ps
inst0 ch0:  C_CMD: RDCMD     C_f = 0x0f8   at time  146193211 ps
inst0 ch0:  C_CMD: RDCMD     C_r = 0x005   at time  146195281 ps
inst0 ch0:  C_CMD: RDCMD     C_f = 0x078   at time  146195695 ps
inst0 ch0:  C_CMD: RDCMD     C_r = 0x00d   at time  146196109 ps
inst0 ch0:  C_CMD: RDCMD     C_f = 0x0fa   at time  146196523 ps
inst0 ch0:  C_CMD: RDCMD     C_r = 0x00d   at time  146198593 ps
inst0 ch0:  C_CMD: RDCMD     C_f = 0x07a   at time  146199007 ps
inst0 ch0:  R_CMD: ACTCMD    R_r0= 0x02    at time  146225089 ps
inst0 ch0:  R_CMD: ACTCMD    R_f0= 0x19    at time  146225503 ps
inst0 ch0:  R_CMD: ACTCMD    R_r1= 0x3f    at time  146225917 ps
inst0 ch0:  R_CMD: ACTCMD    R_f1= 0x3b    at time  146226331 ps
inst0 ch0:  R_CMD: ACTCMD    R_r0= 0x02    at time  146227573 ps
inst0 ch0:  R_CMD: ACTCMD    R_f0= 0x11    at time  146227987 ps
inst0 ch0:  R_CMD: ACTCMD    R_r1= 0x3f    at time  146228401 ps
inst0 ch0:  R_CMD: ACTCMD    R_f1= 0x3b    at time  146228815 ps
inst0 ch0:  C_CMD: RDCMD     C_r = 0x005   at time  146239993 ps
inst0 ch0:  C_CMD: RDCMD     C_f = 0x0f8   at time  146240407 ps
inst0 ch0:  C_CMD: RDCMD     C_r = 0x005   at time  146242477 ps
inst0 ch0:  C_CMD: RDCMD     C_f = 0x078   at time  146242891 ps
inst0 ch0:  C_CMD: RDCMD     C_r = 0x00d   at time  146243305 ps
inst0 ch0:  C_CMD: RDCMD     C_f = 0x0fa   at time  146243719 ps
inst0 ch0:  C_CMD: RDCMD     C_r = 0x00d   at time  146245789 ps
inst0 ch0:  C_CMD: RDCMD     C_f = 0x07a   at time  146246203 ps
inst0 ch0:  R_CMD: ACTCMD    R_r0= 0x02    at time  146272285 ps
inst0 ch0:  R_CMD: ACTCMD    R_f0= 0x18    at time  146272699 ps
inst0 ch0:  R_CMD: ACTCMD    R_r1= 0x3f    at time  146273113 ps
inst0 ch0:  R_CMD: ACTCMD    R_f1= 0x3b    at time  146273527 ps
inst0 ch0:  R_CMD: ACTCMD    R_r0= 0x02    at time  146274769 ps
inst0 ch0:  R_CMD: ACTCMD    R_f0= 0x10    at time  146275183 ps
inst0 ch0:  R_CMD: ACTCMD    R_r1= 0x3f    at time  146275597 ps
inst0 ch0:  R_CMD: ACTCMD    R_f1= 0x3b    at time  146276011 ps
inst0 ch0:  C_CMD: WRCMD     C_r = 0x001   at time  146283049 ps
inst0 ch0:  C_CMD: WRCMD     C_f = 0x0f8   at time  146283463 ps
inst0 ch0:  C_CMD: WRCMD     C_r = 0x001   at time  146285533 ps
inst0 ch0:  C_CMD: WRCMD     C_f = 0x078   at time  146285947 ps
inst0 ch0:  C_CMD: WRCMD     C_r = 0x009   at time  146286361 ps
inst0 ch0:  C_CMD: WRCMD     C_f = 0x0fa   at time  146286775 ps
inst0 ch0:  C_CMD: WRCMD     C_r = 0x009   at time  146288845 ps
inst0 ch0:  C_CMD: WRCMD     C_f = 0x07a   at time  146289259 ps
inst0 ch0:  R_CMD: ACTCMD    R_r0= 0x02    at time  146324449 ps
inst0 ch0:  R_CMD: ACTCMD    R_f0= 0x19    at time  146324863 ps
inst0 ch0:  R_CMD: ACTCMD    R_r1= 0x3f    at time  146325277 ps
inst0 ch0:  R_CMD: ACTCMD    R_f1= 0x3b    at time  146325691 ps
inst0 ch0:  R_CMD: ACTCMD    R_r0= 0x02    at time  146326933 ps
inst0 ch0:  R_CMD: ACTCMD    R_f0= 0x11    at time  146327347 ps
inst0 ch0:  R_CMD: ACTCMD    R_r1= 0x3f    at time  146327761 ps
inst0 ch0:  R_CMD: ACTCMD    R_f1= 0x3b    at time  146328175 ps
inst0 ch0:  C_CMD: WRCMD     C_r = 0x001   at time  146335213 ps
inst0 ch0:  C_CMD: WRCMD     C_f = 0x0f8   at time  146335627 ps
inst0 ch0:  C_CMD: WRCMD     C_r = 0x001   at time  146337697 ps
inst0 ch0:  C_CMD: WRCMD     C_f = 0x078   at time  146338111 ps
inst0 ch0:  C_CMD: WRCMD     C_r = 0x009   at time  146338525 ps
inst0 ch0:  C_CMD: WRCMD     C_f = 0x0fa   at time  146338939 ps
inst0 ch0:  C_CMD: WRCMD     C_r = 0x009   at time  146341009 ps
inst0 ch0:  C_CMD: WRCMD     C_f = 0x07a   at time  146341423 ps
inst0 ch0:  R_CMD: ACTCMD    R_r0= 0x0a    at time  146504953 ps
inst0 ch0:  R_CMD: ACTCMD    R_f0= 0x18    at time  146505367 ps
inst0 ch0:  R_CMD: ACTCMD    R_r1= 0x3f    at time  146505781 ps
inst0 ch0:  R_CMD: ACTCMD    R_f1= 0x3b    at time  146506195 ps
inst0 ch0:  R_CMD: ACTCMD    R_r0= 0x0a    at time  146507437 ps
inst0 ch0:  R_CMD: ACTCMD    R_f0= 0x10    at time  146507851 ps
inst0 ch0:  R_CMD: ACTCMD    R_r1= 0x3f    at time  146508265 ps
inst0 ch0:  R_CMD: ACTCMD    R_f1= 0x3b    at time  146508679 ps
inst0 ch0:  C_CMD: RDCMD     C_r = 0x015   at time  146519857 ps
inst0 ch0:  C_CMD: RDCMD     C_f = 0x0f8   at time  146520271 ps
inst0 ch0:  C_CMD: RDCMD     C_r = 0x015   at time  146522341 ps
inst0 ch0:  C_CMD: RDCMD     C_f = 0x078   at time  146522755 ps
inst0 ch0:  C_CMD: RDCMD     C_r = 0x01d   at time  146523169 ps
inst0 ch0:  C_CMD: RDCMD     C_f = 0x0fa   at time  146523583 ps
inst0 ch0:  C_CMD: RDCMD     C_r = 0x01d   at time  146525653 ps
inst0 ch0:  C_CMD: RDCMD     C_f = 0x07a   at time  146526067 ps
inst0 ch0:  R_CMD: ACTCMD    R_r0= 0x0a    at time  146552149 ps
inst0 ch0:  R_CMD: ACTCMD    R_f0= 0x08    at time  146552563 ps
inst0 ch0:  R_CMD: ACTCMD    R_r1= 0x00    at time  146552977 ps
inst0 ch0:  R_CMD: ACTCMD    R_f1= 0x00    at time  146553391 ps
inst0 ch0:  R_CMD: ACTCMD    R_r0= 0x0a    at time  146554633 ps
inst0 ch0:  R_CMD: ACTCMD    R_f0= 0x00    at time  146555047 ps
inst0 ch0:  R_CMD: ACTCMD    R_r1= 0x00    at time  146555461 ps
inst0 ch0:  R_CMD: ACTCMD    R_f1= 0x00    at time  146555875 ps
inst0 ch0:  C_CMD: RDCMD     C_r = 0x015   at time  146567053 ps
inst0 ch0:  C_CMD: RDCMD     C_f = 0x0b8   at time  146567467 ps
inst0 ch0:  C_CMD: RDCMD     C_r = 0x015   at time  146569537 ps
inst0 ch0:  C_CMD: RDCMD     C_f = 0x038   at time  146569951 ps
inst0 ch0:  C_CMD: RDCMD     C_r = 0x015   at time  146570365 ps
inst0 ch0:  C_CMD: RDCMD     C_f = 0x0ba   at time  146570779 ps
inst0 ch0:  C_CMD: RDCMD     C_r = 0x015   at time  146572849 ps
inst0 ch0:  C_CMD: RDCMD     C_f = 0x03a   at time  146573263 ps
inst0 ch0:  C_CMD: RDCMD     C_r = 0x015   at time  146573677 ps
inst0 ch0:  C_CMD: RDCMD     C_f = 0x0b0   at time  146574091 ps
inst0 ch0:  C_CMD: RDCMD     C_r = 0x015   at time  146576161 ps
inst0 ch0:  C_CMD: RDCMD     C_f = 0x030   at time  146576575 ps
inst0 ch0:  C_CMD: RDCMD     C_r = 0x01d   at time  146576989 ps
inst0 ch0:  C_CMD: RDCMD     C_f = 0x0b2   at time  146577403 ps
inst0 ch0:  C_CMD: RDCMD     C_r = 0x01d   at time  146579473 ps
inst0 ch0:  C_CMD: RDCMD     C_f = 0x032   at time  146579887 ps
inst0 ch0:  R_CMD: ACTCMD    R_r0= 0x0a    at time  146599345 ps
inst0 ch0:  R_CMD: ACTCMD    R_f0= 0x19    at time  146599759 ps
inst0 ch0:  R_CMD: ACTCMD    R_r1= 0x3f    at time  146600173 ps
inst0 ch0:  R_CMD: ACTCMD    R_f1= 0x3b    at time  146600587 ps
inst0 ch0:  R_CMD: ACTCMD    R_r0= 0x0a    at time  146601829 ps
inst0 ch0:  R_CMD: ACTCMD    R_f0= 0x11    at time  146602243 ps
inst0 ch0:  R_CMD: ACTCMD    R_r1= 0x3f    at time  146602657 ps
inst0 ch0:  R_CMD: ACTCMD    R_f1= 0x3b    at time  146603071 ps
inst0 ch0:  C_CMD: RDCMD     C_r = 0x015   at time  146614249 ps
inst0 ch0:  C_CMD: RDCMD     C_f = 0x0f8   at time  146614663 ps
inst0 ch0:  C_CMD: RDCMD     C_r = 0x015   at time  146616733 ps
inst0 ch0:  C_CMD: RDCMD     C_f = 0x078   at time  146617147 ps
inst0 ch0:  C_CMD: RDCMD     C_r = 0x01d   at time  146617561 ps
inst0 ch0:  C_CMD: RDCMD     C_f = 0x0fa   at time  146617975 ps
inst0 ch0:  C_CMD: RDCMD     C_r = 0x01d   at time  146620045 ps
inst0 ch0:  C_CMD: RDCMD     C_f = 0x07a   at time  146620459 ps
inst0 ch0:  R_CMD: ACTCMD    R_r0= 0x0a    at time  146646541 ps
inst0 ch0:  R_CMD: ACTCMD    R_f0= 0x18    at time  146646955 ps
inst0 ch0:  R_CMD: ACTCMD    R_r1= 0x3f    at time  146647369 ps
inst0 ch0:  R_CMD: ACTCMD    R_f1= 0x3b    at time  146647783 ps
inst0 ch0:  R_CMD: ACTCMD    R_r0= 0x0a    at time  146649025 ps
inst0 ch0:  R_CMD: ACTCMD    R_f0= 0x10    at time  146649439 ps
inst0 ch0:  R_CMD: ACTCMD    R_r1= 0x3f    at time  146649853 ps
inst0 ch0:  R_CMD: ACTCMD    R_f1= 0x3b    at time  146650267 ps
inst0 ch0:  C_CMD: WRCMD     C_r = 0x011   at time  146657305 ps
inst0 ch0:  C_CMD: WRCMD     C_f = 0x0f8   at time  146657719 ps
inst0 ch0:  C_CMD: WRCMD     C_r = 0x011   at time  146659789 ps
inst0 ch0:  C_CMD: WRCMD     C_f = 0x078   at time  146660203 ps
inst0 ch0:  C_CMD: WRCMD     C_r = 0x019   at time  146660617 ps
inst0 ch0:  C_CMD: WRCMD     C_f = 0x0fa   at time  146661031 ps
inst0 ch0:  C_CMD: WRCMD     C_r = 0x019   at time  146663101 ps
inst0 ch0:  C_CMD: WRCMD     C_f = 0x07a   at time  146663515 ps
inst0 ch0:  R_CMD: ACTCMD    R_r0= 0x0a    at time  146698705 ps
inst0 ch0:  R_CMD: ACTCMD    R_f0= 0x08    at time  146699119 ps
inst0 ch0:  R_CMD: ACTCMD    R_r1= 0x00    at time  146699533 ps
inst0 ch0:  R_CMD: ACTCMD    R_f1= 0x00    at time  146699947 ps
inst0 ch0:  R_CMD: ACTCMD    R_r0= 0x0a    at time  146701189 ps
inst0 ch0:  R_CMD: ACTCMD    R_f0= 0x00    at time  146701603 ps
inst0 ch0:  R_CMD: ACTCMD    R_r1= 0x00    at time  146702017 ps
inst0 ch0:  R_CMD: ACTCMD    R_f1= 0x00    at time  146702431 ps
inst0 ch0:  C_CMD: WRCMD     C_r = 0x011   at time  146709469 ps
inst0 ch0:  C_CMD: WRCMD     C_f = 0x0b8   at time  146709883 ps
inst0 ch0:  C_CMD: WRCMD     C_r = 0x011   at time  146711953 ps
inst0 ch0:  C_CMD: WRCMD     C_f = 0x038   at time  146712367 ps
inst0 ch0:  C_CMD: WRCMD     C_r = 0x011   at time  146712781 ps
inst0 ch0:  C_CMD: WRCMD     C_f = 0x0ba   at time  146713195 ps
inst0 ch0:  C_CMD: WRCMD     C_r = 0x011   at time  146715265 ps
inst0 ch0:  C_CMD: WRCMD     C_f = 0x03a   at time  146715679 ps
inst0 ch0:  C_CMD: WRCMD     C_r = 0x011   at time  146716093 ps
inst0 ch0:  C_CMD: WRCMD     C_f = 0x0b0   at time  146716507 ps
inst0 ch0:  C_CMD: WRCMD     C_r = 0x011   at time  146718577 ps
inst0 ch0:  C_CMD: WRCMD     C_f = 0x030   at time  146718991 ps
inst0 ch0:  C_CMD: WRCMD     C_r = 0x019   at time  146719405 ps
inst0 ch0:  C_CMD: WRCMD     C_f = 0x0b2   at time  146719819 ps
inst0 ch0:  C_CMD: WRCMD     C_r = 0x019   at time  146721889 ps
inst0 ch0:  C_CMD: WRCMD     C_f = 0x032   at time  146722303 ps
inst0 ch0:  R_CMD: ACTCMD    R_r0= 0x0a    at time  146757493 ps
inst0 ch0:  R_CMD: ACTCMD    R_f0= 0x19    at time  146757907 ps
inst0 ch0:  R_CMD: ACTCMD    R_r1= 0x3f    at time  146758321 ps
inst0 ch0:  R_CMD: ACTCMD    R_f1= 0x3b    at time  146758735 ps
inst0 ch0:  R_CMD: ACTCMD    R_r0= 0x0a    at time  146759977 ps
inst0 ch0:  R_CMD: ACTCMD    R_f0= 0x11    at time  146760391 ps
inst0 ch0:  R_CMD: ACTCMD    R_r1= 0x3f    at time  146760805 ps
inst0 ch0:  R_CMD: ACTCMD    R_f1= 0x3b    at time  146761219 ps
inst0 ch0:  C_CMD: WRCMD     C_r = 0x011   at time  146768257 ps
inst0 ch0:  C_CMD: WRCMD     C_f = 0x0f8   at time  146768671 ps
inst0 ch0:  C_CMD: WRCMD     C_r = 0x011   at time  146770741 ps
inst0 ch0:  C_CMD: WRCMD     C_f = 0x078   at time  146771155 ps
inst0 ch0:  C_CMD: WRCMD     C_r = 0x019   at time  146771569 ps
inst0 ch0:  C_CMD: WRCMD     C_f = 0x0fa   at time  146771983 ps
inst0 ch0:  C_CMD: WRCMD     C_r = 0x019   at time  146774053 ps
inst0 ch0:  C_CMD: WRCMD     C_f = 0x07a   at time  146774467 ps
inst0 ch0:  R_CMD: ACTCMD    R_r0= 0x02    at time  147195505 ps
inst0 ch0:  R_CMD: ACTCMD    R_f0= 0x38    at time  147195919 ps
inst0 ch0:  R_CMD: ACTCMD    R_r1= 0x3f    at time  147196333 ps
inst0 ch0:  R_CMD: ACTCMD    R_f1= 0x3b    at time  147196747 ps
inst0 ch0:  R_CMD: ACTCMD    R_r0= 0x02    at time  147197989 ps
inst0 ch0:  R_CMD: ACTCMD    R_f0= 0x30    at time  147198403 ps
inst0 ch0:  R_CMD: ACTCMD    R_r1= 0x3f    at time  147198817 ps
inst0 ch0:  R_CMD: ACTCMD    R_f1= 0x3b    at time  147199231 ps
inst0 ch0:  C_CMD: RDCMD     C_r = 0x085   at time  147210409 ps
inst0 ch0:  C_CMD: RDCMD     C_f = 0x0f8   at time  147210823 ps
inst0 ch0:  C_CMD: RDCMD     C_r = 0x085   at time  147212893 ps
inst0 ch0:  C_CMD: RDCMD     C_f = 0x078   at time  147213307 ps
inst0 ch0:  C_CMD: RDCMD     C_r = 0x08d   at time  147213721 ps
inst0 ch0:  C_CMD: RDCMD     C_f = 0x0fa   at time  147214135 ps
inst0 ch0:  C_CMD: RDCMD     C_r = 0x08d   at time  147216205 ps
inst0 ch0:  C_CMD: RDCMD     C_f = 0x07a   at time  147216619 ps
inst0 ch0:  R_CMD: ACTCMD    R_r0= 0x02    at time  147265885 ps
inst0 ch0:  R_CMD: ACTCMD    R_f0= 0x38    at time  147266299 ps
inst0 ch0:  R_CMD: ACTCMD    R_r1= 0x3f    at time  147266713 ps
inst0 ch0:  R_CMD: ACTCMD    R_f1= 0x3b    at time  147267127 ps
inst0 ch0:  R_CMD: ACTCMD    R_r0= 0x02    at time  147268369 ps
inst0 ch0:  R_CMD: ACTCMD    R_f0= 0x30    at time  147268783 ps
inst0 ch0:  R_CMD: ACTCMD    R_r1= 0x3f    at time  147269197 ps
inst0 ch0:  R_CMD: ACTCMD    R_f1= 0x3b    at time  147269611 ps
inst0 ch0:  C_CMD: WRCMD     C_r = 0x081   at time  147276649 ps
inst0 ch0:  C_CMD: WRCMD     C_f = 0x0f8   at time  147277063 ps
inst0 ch0:  C_CMD: WRCMD     C_r = 0x081   at time  147279133 ps
inst0 ch0:  C_CMD: WRCMD     C_f = 0x078   at time  147279547 ps
inst0 ch0:  C_CMD: WRCMD     C_r = 0x089   at time  147279961 ps
inst0 ch0:  C_CMD: WRCMD     C_f = 0x0fa   at time  147280375 ps
inst0 ch0:  C_CMD: WRCMD     C_r = 0x089   at time  147282445 ps
inst0 ch0:  C_CMD: WRCMD     C_f = 0x07a   at time  147282859 ps
inst0 ch0:  R_CMD: ACTCMD    R_r0= 0x0a    at time  147450529 ps
inst0 ch0:  R_CMD: ACTCMD    R_f0= 0x38    at time  147450943 ps
inst0 ch0:  R_CMD: ACTCMD    R_r1= 0x3f    at time  147451357 ps
inst0 ch0:  R_CMD: ACTCMD    R_f1= 0x3b    at time  147451771 ps
inst0 ch0:  R_CMD: ACTCMD    R_r0= 0x0a    at time  147453013 ps
inst0 ch0:  R_CMD: ACTCMD    R_f0= 0x30    at time  147453427 ps
inst0 ch0:  R_CMD: ACTCMD    R_r1= 0x3f    at time  147453841 ps
inst0 ch0:  R_CMD: ACTCMD    R_f1= 0x3b    at time  147454255 ps
inst0 ch0:  C_CMD: RDCMD     C_r = 0x095   at time  147465433 ps
inst0 ch0:  C_CMD: RDCMD     C_f = 0x0f8   at time  147465847 ps
inst0 ch0:  C_CMD: RDCMD     C_r = 0x095   at time  147467917 ps
inst0 ch0:  C_CMD: RDCMD     C_f = 0x078   at time  147468331 ps
inst0 ch0:  C_CMD: RDCMD     C_r = 0x09d   at time  147468745 ps
inst0 ch0:  C_CMD: RDCMD     C_f = 0x0fa   at time  147469159 ps
inst0 ch0:  C_CMD: RDCMD     C_r = 0x09d   at time  147471229 ps
inst0 ch0:  C_CMD: RDCMD     C_f = 0x07a   at time  147471643 ps
inst0 ch0:  R_CMD: ACTCMD    R_r0= 0x0a    at time  147616129 ps
inst0 ch0:  R_CMD: ACTCMD    R_f0= 0x38    at time  147616543 ps
inst0 ch0:  R_CMD: ACTCMD    R_r1= 0x3f    at time  147616957 ps
inst0 ch0:  R_CMD: ACTCMD    R_f1= 0x3b    at time  147617371 ps
inst0 ch0:  R_CMD: ACTCMD    R_r0= 0x0a    at time  147618613 ps
inst0 ch0:  R_CMD: ACTCMD    R_f0= 0x30    at time  147619027 ps
inst0 ch0:  R_CMD: ACTCMD    R_r1= 0x3f    at time  147619441 ps
inst0 ch0:  R_CMD: ACTCMD    R_f1= 0x3b    at time  147619855 ps
inst0 ch0:  C_CMD: WRCMD     C_r = 0x091   at time  147626893 ps
inst0 ch0:  C_CMD: WRCMD     C_f = 0x0f8   at time  147627307 ps
inst0 ch0:  C_CMD: WRCMD     C_r = 0x091   at time  147629377 ps
inst0 ch0:  C_CMD: WRCMD     C_f = 0x078   at time  147629791 ps
inst0 ch0:  C_CMD: WRCMD     C_r = 0x099   at time  147630205 ps
inst0 ch0:  C_CMD: WRCMD     C_f = 0x0fa   at time  147630619 ps
inst0 ch0:  C_CMD: WRCMD     C_r = 0x099   at time  147632689 ps
inst0 ch0:  C_CMD: WRCMD     C_f = 0x07a   at time  147633103 ps
