inst0 ch0:  R_CMD: ACTCMD    R_r0= 0x0e    at time   33400981 ps
inst0 ch0:  R_CMD: ACTCMD    R_f0= 0x28    at time   33401395 ps
inst0 ch0:  R_CMD: ACTCMD    R_r1= 0x00    at time   33401809 ps
inst0 ch0:  R_CMD: ACTCMD    R_f1= 0x02    at time   33402223 ps
inst0 ch0:  R_CMD: ACTCMD    R_r0= 0x0e    at time   33405949 ps
inst0 ch0:  R_CMD: ACTCMD    R_f0= 0x20    at time   33406363 ps
inst0 ch0:  R_CMD: ACTCMD    R_r1= 0x00    at time   33406777 ps
inst0 ch0:  R_CMD: ACTCMD    R_f1= 0x02    at time   33407191 ps
inst0 ch0:  C_CMD: RDCMD     C_r = 0x095   at time   33415885 ps
inst0 ch0:  C_CMD: RDCMD     C_f = 0x0a9   at time   33416299 ps
inst0 ch0:  C_CMD: RDCMD     C_r = 0x095   at time   33419197 ps
inst0 ch0:  C_CMD: RDCMD     C_f = 0x0ab   at time   33419611 ps
inst0 ch0:  C_CMD: RDCMD     C_r = 0x095   at time   33420853 ps
inst0 ch0:  C_CMD: RDCMD     C_f = 0x029   at time   33421267 ps
inst0 ch0:  C_CMD: RDCMD     C_r = 0x095   at time   33422509 ps
inst0 ch0:  C_CMD: RDCMD     C_f = 0x0a1   at time   33422923 ps
inst0 ch0:  C_CMD: RDCMD     C_r = 0x095   at time   33424165 ps
inst0 ch0:  C_CMD: RDCMD     C_f = 0x02b   at time   33424579 ps
inst0 ch0:  C_CMD: RDCMD     C_r = 0x09d   at time   33425821 ps
inst0 ch0:  C_CMD: RDCMD     C_f = 0x0a3   at time   33426235 ps
inst0 ch0:  C_CMD: RDCMD     C_r = 0x095   at time   33427477 ps
inst0 ch0:  C_CMD: RDCMD     C_f = 0x021   at time   33427891 ps
inst0 ch0:  C_CMD: RDCMD     C_r = 0x09d   at time   33430789 ps
inst0 ch0:  C_CMD: RDCMD     C_f = 0x023   at time   33431203 ps
inst0 ch0:  R_CMD: ACTCMD    R_r0= 0x0e    at time   33651865 ps
inst0 ch0:  R_CMD: ACTCMD    R_f0= 0x28    at time   33652279 ps
inst0 ch0:  R_CMD: ACTCMD    R_r1= 0x00    at time   33652693 ps
inst0 ch0:  R_CMD: ACTCMD    R_f1= 0x02    at time   33653107 ps
inst0 ch0:  R_CMD: ACTCMD    R_r0= 0x0e    at time   33653521 ps
inst0 ch0:  R_CMD: ACTCMD    R_f0= 0x20    at time   33653935 ps
inst0 ch0:  R_CMD: ACTCMD    R_r1= 0x00    at time   33654349 ps
inst0 ch0:  R_CMD: ACTCMD    R_f1= 0x02    at time   33654763 ps
inst0 ch0:  C_CMD: WRCMD     C_r = 0x091   at time   33662629 ps
inst0 ch0:  C_CMD: WRCMD     C_f = 0x0a9   at time   33663043 ps
inst0 ch0:  C_CMD: WRCMD     C_r = 0x091   at time   33664285 ps
inst0 ch0:  C_CMD: WRCMD     C_f = 0x029   at time   33664699 ps
inst0 ch0:  C_CMD: WRCMD     C_r = 0x091   at time   33665941 ps
inst0 ch0:  C_CMD: WRCMD     C_f = 0x0ab   at time   33666355 ps
inst0 ch0:  C_CMD: WRCMD     C_r = 0x091   at time   33667597 ps
inst0 ch0:  C_CMD: WRCMD     C_f = 0x02b   at time   33668011 ps
inst0 ch0:  C_CMD: WRCMD     C_r = 0x091   at time   33669253 ps
inst0 ch0:  C_CMD: WRCMD     C_f = 0x0a1   at time   33669667 ps
inst0 ch0:  C_CMD: WRCMD     C_r = 0x091   at time   33670909 ps
inst0 ch0:  C_CMD: WRCMD     C_f = 0x021   at time   33671323 ps
inst0 ch0:  C_CMD: WRCMD     C_r = 0x099   at time   33672565 ps
inst0 ch0:  C_CMD: WRCMD     C_f = 0x0a3   at time   33672979 ps
inst0 ch0:  C_CMD: WRCMD     C_r = 0x099   at time   33674221 ps
inst0 ch0:  C_CMD: WRCMD     C_f = 0x023   at time   33674635 ps
inst0 ch0:  R_CMD: ACTCMD    R_r0= 0x2e    at time   37767853 ps
inst0 ch0:  R_CMD: ACTCMD    R_f0= 0x28    at time   37768267 ps
inst0 ch0:  R_CMD: ACTCMD    R_r1= 0x00    at time   37768681 ps
inst0 ch0:  R_CMD: ACTCMD    R_f1= 0x02    at time   37769095 ps
inst0 ch0:  R_CMD: ACTCMD    R_r0= 0x2e    at time   37770337 ps
inst0 ch0:  R_CMD: ACTCMD    R_f0= 0x20    at time   37770751 ps
inst0 ch0:  R_CMD: ACTCMD    R_r1= 0x00    at time   37771165 ps
inst0 ch0:  R_CMD: ACTCMD    R_f1= 0x02    at time   37771579 ps
inst0 ch0:  C_CMD: RDCMD     C_r = 0x0d5   at time   37782757 ps
inst0 ch0:  C_CMD: RDCMD     C_f = 0x0a9   at time   37783171 ps
inst0 ch0:  C_CMD: RDCMD     C_r = 0x0d5   at time   37785241 ps
inst0 ch0:  C_CMD: RDCMD     C_f = 0x029   at time   37785655 ps
inst0 ch0:  C_CMD: RDCMD     C_r = 0x0d5   at time   37786069 ps
inst0 ch0:  C_CMD: RDCMD     C_f = 0x0ab   at time   37786483 ps
inst0 ch0:  C_CMD: RDCMD     C_r = 0x0d5   at time   37788553 ps
inst0 ch0:  C_CMD: RDCMD     C_f = 0x02b   at time   37788967 ps
inst0 ch0:  C_CMD: RDCMD     C_r = 0x0d5   at time   37789381 ps
inst0 ch0:  C_CMD: RDCMD     C_f = 0x0a1   at time   37789795 ps
inst0 ch0:  C_CMD: RDCMD     C_r = 0x0d5   at time   37791865 ps
inst0 ch0:  C_CMD: RDCMD     C_f = 0x021   at time   37792279 ps
inst0 ch0:  C_CMD: RDCMD     C_r = 0x0dd   at time   37792693 ps
inst0 ch0:  C_CMD: RDCMD     C_f = 0x0a3   at time   37793107 ps
inst0 ch0:  C_CMD: RDCMD     C_r = 0x0dd   at time   37795177 ps
inst0 ch0:  C_CMD: RDCMD     C_f = 0x023   at time   37795591 ps
inst0 ch0:  R_CMD: ACTCMD    R_r0= 0x2e    at time   37838233 ps
inst0 ch0:  R_CMD: ACTCMD    R_f0= 0x28    at time   37838647 ps
inst0 ch0:  R_CMD: ACTCMD    R_r1= 0x00    at time   37839061 ps
inst0 ch0:  R_CMD: ACTCMD    R_f1= 0x02    at time   37839475 ps
inst0 ch0:  R_CMD: ACTCMD    R_r0= 0x2e    at time   37840717 ps
inst0 ch0:  R_CMD: ACTCMD    R_f0= 0x20    at time   37841131 ps
inst0 ch0:  R_CMD: ACTCMD    R_r1= 0x00    at time   37841545 ps
inst0 ch0:  R_CMD: ACTCMD    R_f1= 0x02    at time   37841959 ps
inst0 ch0:  C_CMD: WRCMD     C_r = 0x0d1   at time   37848997 ps
inst0 ch0:  C_CMD: WRCMD     C_f = 0x0a9   at time   37849411 ps
inst0 ch0:  C_CMD: WRCMD     C_r = 0x0d1   at time   37851481 ps
inst0 ch0:  C_CMD: WRCMD     C_f = 0x029   at time   37851895 ps
inst0 ch0:  C_CMD: WRCMD     C_r = 0x0d1   at time   37852309 ps
inst0 ch0:  C_CMD: WRCMD     C_f = 0x0ab   at time   37852723 ps
inst0 ch0:  C_CMD: WRCMD     C_r = 0x0d1   at time   37854793 ps
inst0 ch0:  C_CMD: WRCMD     C_f = 0x02b   at time   37855207 ps
inst0 ch0:  C_CMD: WRCMD     C_r = 0x0d1   at time   37855621 ps
inst0 ch0:  C_CMD: WRCMD     C_f = 0x0a1   at time   37856035 ps
inst0 ch0:  C_CMD: WRCMD     C_r = 0x0d1   at time   37858105 ps
inst0 ch0:  C_CMD: WRCMD     C_f = 0x021   at time   37858519 ps
inst0 ch0:  C_CMD: WRCMD     C_r = 0x0d9   at time   37858933 ps
inst0 ch0:  C_CMD: WRCMD     C_f = 0x0a3   at time   37859347 ps
inst0 ch0:  C_CMD: WRCMD     C_r = 0x0d9   at time   37861417 ps
inst0 ch0:  C_CMD: WRCMD     C_f = 0x023   at time   37861831 ps
inst0 ch0:  R_CMD: ACTCMD    R_r0= 0x22    at time   54518293 ps
inst0 ch0:  R_CMD: ACTCMD    R_f0= 0x2a    at time   54518707 ps
inst0 ch0:  R_CMD: ACTCMD    R_r1= 0x00    at time   54519121 ps
inst0 ch0:  R_CMD: ACTCMD    R_f1= 0x00    at time   54519535 ps
inst0 ch0:  R_CMD: ACTCMD    R_r0= 0x02    at time   54522433 ps
inst0 ch0:  R_CMD: ACTCMD    R_f0= 0x2a    at time   54522847 ps
inst0 ch0:  R_CMD: ACTCMD    R_r1= 0x00    at time   54523261 ps
inst0 ch0:  R_CMD: ACTCMD    R_f1= 0x00    at time   54523675 ps
inst0 ch0:  R_CMD: ACTCMD    R_r0= 0x22    at time   54524089 ps
inst0 ch0:  R_CMD: ACTCMD    R_f0= 0x22    at time   54524503 ps
inst0 ch0:  R_CMD: ACTCMD    R_r1= 0x00    at time   54524917 ps
inst0 ch0:  R_CMD: ACTCMD    R_f1= 0x00    at time   54525331 ps
inst0 ch0:  R_CMD: ACTCMD    R_r0= 0x22    at time   54526573 ps
inst0 ch0:  R_CMD: ACTCMD    R_f0= 0x0a    at time   54526987 ps
inst0 ch0:  R_CMD: ACTCMD    R_r1= 0x00    at time   54527401 ps
inst0 ch0:  R_CMD: ACTCMD    R_f1= 0x00    at time   54527815 ps
inst0 ch0:  R_CMD: ACTCMD    R_r0= 0x02    at time   54528229 ps
inst0 ch0:  R_CMD: ACTCMD    R_f0= 0x22    at time   54528643 ps
inst0 ch0:  R_CMD: ACTCMD    R_r1= 0x00    at time   54529057 ps
inst0 ch0:  R_CMD: ACTCMD    R_f1= 0x00    at time   54529471 ps
inst0 ch0:  R_CMD: ACTCMD    R_r0= 0x02    at time   54530713 ps
inst0 ch0:  R_CMD: ACTCMD    R_f0= 0x0a    at time   54531127 ps
inst0 ch0:  R_CMD: ACTCMD    R_r1= 0x00    at time   54531541 ps
inst0 ch0:  R_CMD: ACTCMD    R_f1= 0x00    at time   54531955 ps
inst0 ch0:  R_CMD: ACTCMD    R_r0= 0x22    at time   54532369 ps
inst0 ch0:  R_CMD: ACTCMD    R_f0= 0x02    at time   54532783 ps
inst0 ch0:  R_CMD: ACTCMD    R_r1= 0x00    at time   54533197 ps
inst0 ch0:  C_CMD: RDCMD     C_r = 0x0c5   at time   54533197 ps
inst0 ch0:  R_CMD: ACTCMD    R_f1= 0x00    at time   54533611 ps
inst0 ch0:  C_CMD: RDCMD     C_f = 0x080   at time   54533611 ps
inst0 ch0:  R_CMD: ACTCMD    R_r0= 0x02    at time   54536509 ps
inst0 ch0:  C_CMD: RDCMD     C_r = 0x0cd   at time   54536509 ps
inst0 ch0:  R_CMD: ACTCMD    R_f0= 0x02    at time   54536923 ps
inst0 ch0:  C_CMD: RDCMD     C_f = 0x082   at time   54536923 ps
inst0 ch0:  R_CMD: ACTCMD    R_r1= 0x00    at time   54537337 ps
inst0 ch0:  R_CMD: ACTCMD    R_f1= 0x00    at time   54537751 ps
inst0 ch0:  C_CMD: RDCMD     C_r = 0x085   at time   54538165 ps
inst0 ch0:  C_CMD: RDCMD     C_f = 0x080   at time   54538579 ps
inst0 ch0:  C_CMD: RDCMD     C_r = 0x0c5   at time   54538993 ps
inst0 ch0:  C_CMD: RDCMD     C_f = 0x000   at time   54539407 ps
inst0 ch0:  C_CMD: RDCMD     C_r = 0x08d   at time   54541477 ps
inst0 ch0:  C_CMD: RDCMD     C_f = 0x082   at time   54541891 ps
inst0 ch0:  C_CMD: RDCMD     C_r = 0x0cd   at time   54542305 ps
inst0 ch0:  C_CMD: RDCMD     C_f = 0x002   at time   54542719 ps
inst0 ch0:  C_CMD: RDCMD     C_r = 0x045   at time   54543133 ps
inst0 ch0:  C_CMD: RDCMD     C_f = 0x080   at time   54543547 ps
inst0 ch0:  C_CMD: RDCMD     C_r = 0x085   at time   54543961 ps
inst0 ch0:  C_CMD: RDCMD     C_f = 0x000   at time   54544375 ps
inst0 ch0:  C_CMD: RDCMD     C_r = 0x005   at time   54545617 ps
inst0 ch0:  C_CMD: RDCMD     C_f = 0x080   at time   54546031 ps
inst0 ch0:  C_CMD: RDCMD     C_r = 0x04d   at time   54547273 ps
inst0 ch0:  C_CMD: RDCMD     C_f = 0x082   at time   54547687 ps
inst0 ch0:  C_CMD: RDCMD     C_r = 0x08d   at time   54548101 ps
inst0 ch0:  C_CMD: RDCMD     C_f = 0x002   at time   54548515 ps
inst0 ch0:  C_CMD: RDCMD     C_r = 0x00d   at time   54548929 ps
inst0 ch0:  C_CMD: RDCMD     C_f = 0x082   at time   54549343 ps
inst0 ch0:  C_CMD: RDCMD     C_r = 0x045   at time   54549757 ps
inst0 ch0:  C_CMD: RDCMD     C_f = 0x000   at time   54550171 ps
inst0 ch0:  C_CMD: RDCMD     C_r = 0x005   at time   54551413 ps
inst0 ch0:  C_CMD: RDCMD     C_f = 0x000   at time   54551827 ps
inst0 ch0:  C_CMD: RDCMD     C_r = 0x04d   at time   54553069 ps
inst0 ch0:  C_CMD: RDCMD     C_f = 0x002   at time   54553483 ps
inst0 ch0:  C_CMD: RDCMD     C_r = 0x00d   at time   54554725 ps
inst0 ch0:  C_CMD: RDCMD     C_f = 0x002   at time   54555139 ps
inst0 ch0:  R_CMD: ACTCMD    R_r0= 0x2a    at time   55103689 ps
inst0 ch0:  R_CMD: ACTCMD    R_f0= 0x22    at time   55104103 ps
inst0 ch0:  R_CMD: ACTCMD    R_r1= 0x00    at time   55104517 ps
inst0 ch0:  R_CMD: ACTCMD    R_f1= 0x00    at time   55104931 ps
inst0 ch0:  R_CMD: ACTCMD    R_r0= 0x0a    at time   55107829 ps
inst0 ch0:  R_CMD: ACTCMD    R_f0= 0x22    at time   55108243 ps
inst0 ch0:  R_CMD: ACTCMD    R_r1= 0x00    at time   55108657 ps
inst0 ch0:  R_CMD: ACTCMD    R_f1= 0x00    at time   55109071 ps
inst0 ch0:  R_CMD: ACTCMD    R_r0= 0x2a    at time   55111969 ps
inst0 ch0:  R_CMD: ACTCMD    R_f0= 0x02    at time   55112383 ps
inst0 ch0:  R_CMD: ACTCMD    R_r1= 0x00    at time   55112797 ps
inst0 ch0:  R_CMD: ACTCMD    R_f1= 0x00    at time   55113211 ps
inst0 ch0:  R_CMD: ACTCMD    R_r0= 0x0a    at time   55116109 ps
inst0 ch0:  R_CMD: ACTCMD    R_f0= 0x02    at time   55116523 ps
inst0 ch0:  R_CMD: ACTCMD    R_r1= 0x00    at time   55116937 ps
inst0 ch0:  R_CMD: ACTCMD    R_f1= 0x00    at time   55117351 ps
inst0 ch0:  R_CMD: ACTCMD    R_r0= 0x2a    at time   55117765 ps
inst0 ch0:  R_CMD: ACTCMD    R_f0= 0x2a    at time   55118179 ps
inst0 ch0:  R_CMD: ACTCMD    R_r1= 0x00    at time   55118593 ps
inst0 ch0:  C_CMD: RDCMD     C_r = 0x0d5   at time   55118593 ps
inst0 ch0:  R_CMD: ACTCMD    R_f1= 0x00    at time   55119007 ps
inst0 ch0:  C_CMD: RDCMD     C_f = 0x000   at time   55119007 ps
inst0 ch0:  R_CMD: ACTCMD    R_r0= 0x0a    at time   55121905 ps
inst0 ch0:  C_CMD: RDCMD     C_r = 0x0dd   at time   55121905 ps
inst0 ch0:  R_CMD: ACTCMD    R_f0= 0x2a    at time   55122319 ps
inst0 ch0:  C_CMD: RDCMD     C_f = 0x002   at time   55122319 ps
inst0 ch0:  R_CMD: ACTCMD    R_r1= 0x00    at time   55122733 ps
inst0 ch0:  R_CMD: ACTCMD    R_f1= 0x00    at time   55123147 ps
inst0 ch0:  C_CMD: RDCMD     C_r = 0x095   at time   55123561 ps
inst0 ch0:  C_CMD: RDCMD     C_f = 0x000   at time   55123975 ps
inst0 ch0:  R_CMD: ACTCMD    R_r0= 0x2a    at time   55126045 ps
inst0 ch0:  R_CMD: ACTCMD    R_f0= 0x0a    at time   55126459 ps
inst0 ch0:  R_CMD: ACTCMD    R_r1= 0x00    at time   55126873 ps
inst0 ch0:  C_CMD: RDCMD     C_r = 0x09d   at time   55126873 ps
inst0 ch0:  R_CMD: ACTCMD    R_f1= 0x00    at time   55127287 ps
inst0 ch0:  C_CMD: RDCMD     C_f = 0x002   at time   55127287 ps
inst0 ch0:  C_CMD: RDCMD     C_r = 0x055   at time   55128529 ps
inst0 ch0:  C_CMD: RDCMD     C_f = 0x000   at time   55128943 ps
inst0 ch0:  R_CMD: ACTCMD    R_r0= 0x0a    at time   55130185 ps
inst0 ch0:  R_CMD: ACTCMD    R_f0= 0x0a    at time   55130599 ps
inst0 ch0:  R_CMD: ACTCMD    R_r1= 0x00    at time   55131013 ps
inst0 ch0:  C_CMD: RDCMD     C_r = 0x015   at time   55131013 ps
inst0 ch0:  R_CMD: ACTCMD    R_f1= 0x00    at time   55131427 ps
inst0 ch0:  C_CMD: RDCMD     C_f = 0x000   at time   55131427 ps
inst0 ch0:  C_CMD: RDCMD     C_r = 0x05d   at time   55132669 ps
inst0 ch0:  C_CMD: RDCMD     C_f = 0x002   at time   55133083 ps
inst0 ch0:  C_CMD: RDCMD     C_r = 0x0d5   at time   55133497 ps
inst0 ch0:  C_CMD: RDCMD     C_f = 0x080   at time   55133911 ps
inst0 ch0:  C_CMD: RDCMD     C_r = 0x01d   at time   55134325 ps
inst0 ch0:  C_CMD: RDCMD     C_f = 0x002   at time   55134739 ps
inst0 ch0:  C_CMD: RDCMD     C_r = 0x0dd   at time   55136809 ps
inst0 ch0:  C_CMD: RDCMD     C_f = 0x082   at time   55137223 ps
inst0 ch0:  C_CMD: RDCMD     C_r = 0x095   at time   55138465 ps
inst0 ch0:  C_CMD: RDCMD     C_f = 0x080   at time   55138879 ps
inst0 ch0:  C_CMD: RDCMD     C_r = 0x055   at time   55140949 ps
inst0 ch0:  C_CMD: RDCMD     C_f = 0x080   at time   55141363 ps
inst0 ch0:  C_CMD: RDCMD     C_r = 0x09d   at time   55142605 ps
inst0 ch0:  C_CMD: RDCMD     C_f = 0x082   at time   55143019 ps
inst0 ch0:  C_CMD: RDCMD     C_r = 0x05d   at time   55144261 ps
inst0 ch0:  C_CMD: RDCMD     C_f = 0x082   at time   55144675 ps
inst0 ch0:  C_CMD: RDCMD     C_r = 0x015   at time   55145917 ps
inst0 ch0:  C_CMD: RDCMD     C_f = 0x080   at time   55146331 ps
inst0 ch0:  C_CMD: RDCMD     C_r = 0x01d   at time   55149229 ps
inst0 ch0:  C_CMD: RDCMD     C_f = 0x082   at time   55149643 ps
inst0 ch0:  R_CMD: ACTCMD    R_r0= 0x32    at time   55376101 ps
inst0 ch0:  R_CMD: ACTCMD    R_f0= 0x22    at time   55376515 ps
inst0 ch0:  R_CMD: ACTCMD    R_r1= 0x00    at time   55376929 ps
inst0 ch0:  R_CMD: ACTCMD    R_f1= 0x00    at time   55377343 ps
inst0 ch0:  R_CMD: ACTCMD    R_r0= 0x12    at time   55380241 ps
inst0 ch0:  R_CMD: ACTCMD    R_f0= 0x22    at time   55380655 ps
inst0 ch0:  R_CMD: ACTCMD    R_r1= 0x00    at time   55381069 ps
inst0 ch0:  R_CMD: ACTCMD    R_f1= 0x00    at time   55381483 ps
inst0 ch0:  R_CMD: ACTCMD    R_r0= 0x32    at time   55384381 ps
inst0 ch0:  R_CMD: ACTCMD    R_f0= 0x02    at time   55384795 ps
inst0 ch0:  R_CMD: ACTCMD    R_r1= 0x00    at time   55385209 ps
inst0 ch0:  R_CMD: ACTCMD    R_f1= 0x00    at time   55385623 ps
inst0 ch0:  R_CMD: ACTCMD    R_r0= 0x12    at time   55388521 ps
inst0 ch0:  R_CMD: ACTCMD    R_f0= 0x02    at time   55388935 ps
inst0 ch0:  R_CMD: ACTCMD    R_r1= 0x00    at time   55389349 ps
inst0 ch0:  R_CMD: ACTCMD    R_f1= 0x00    at time   55389763 ps
inst0 ch0:  C_CMD: RDCMD     C_r = 0x0e5   at time   55391005 ps
inst0 ch0:  C_CMD: RDCMD     C_f = 0x000   at time   55391419 ps
inst0 ch0:  R_CMD: ACTCMD    R_r0= 0x32    at time   55394317 ps
inst0 ch0:  C_CMD: RDCMD     C_r = 0x0ed   at time   55394317 ps
inst0 ch0:  R_CMD: ACTCMD    R_f0= 0x2a    at time   55394731 ps
inst0 ch0:  C_CMD: RDCMD     C_f = 0x002   at time   55394731 ps
inst0 ch0:  R_CMD: ACTCMD    R_r1= 0x00    at time   55395145 ps
inst0 ch0:  R_CMD: ACTCMD    R_f1= 0x00    at time   55395559 ps
inst0 ch0:  C_CMD: RDCMD     C_r = 0x0a5   at time   55395973 ps
inst0 ch0:  C_CMD: RDCMD     C_f = 0x000   at time   55396387 ps
inst0 ch0:  R_CMD: ACTCMD    R_r0= 0x12    at time   55398457 ps
inst0 ch0:  R_CMD: ACTCMD    R_f0= 0x2a    at time   55398871 ps
inst0 ch0:  R_CMD: ACTCMD    R_r1= 0x00    at time   55399285 ps
inst0 ch0:  C_CMD: RDCMD     C_r = 0x0ad   at time   55399285 ps
inst0 ch0:  R_CMD: ACTCMD    R_f1= 0x00    at time   55399699 ps
inst0 ch0:  C_CMD: RDCMD     C_f = 0x002   at time   55399699 ps
inst0 ch0:  C_CMD: RDCMD     C_r = 0x065   at time   55400941 ps
inst0 ch0:  C_CMD: RDCMD     C_f = 0x000   at time   55401355 ps
inst0 ch0:  R_CMD: ACTCMD    R_r0= 0x32    at time   55402597 ps
inst0 ch0:  R_CMD: ACTCMD    R_f0= 0x0a    at time   55403011 ps
inst0 ch0:  R_CMD: ACTCMD    R_r1= 0x00    at time   55403425 ps
inst0 ch0:  C_CMD: RDCMD     C_r = 0x025   at time   55403425 ps
inst0 ch0:  R_CMD: ACTCMD    R_f1= 0x00    at time   55403839 ps
inst0 ch0:  C_CMD: RDCMD     C_f = 0x000   at time   55403839 ps
inst0 ch0:  C_CMD: RDCMD     C_r = 0x06d   at time   55405081 ps
inst0 ch0:  C_CMD: RDCMD     C_f = 0x002   at time   55405495 ps
inst0 ch0:  R_CMD: ACTCMD    R_r0= 0x12    at time   55406737 ps
inst0 ch0:  C_CMD: RDCMD     C_r = 0x02d   at time   55406737 ps
inst0 ch0:  R_CMD: ACTCMD    R_f0= 0x0a    at time   55407151 ps
inst0 ch0:  C_CMD: RDCMD     C_f = 0x002   at time   55407151 ps
inst0 ch0:  R_CMD: ACTCMD    R_r1= 0x00    at time   55407565 ps
inst0 ch0:  R_CMD: ACTCMD    R_f1= 0x00    at time   55407979 ps
inst0 ch0:  C_CMD: RDCMD     C_r = 0x0e5   at time   55409221 ps
inst0 ch0:  C_CMD: RDCMD     C_f = 0x080   at time   55409635 ps
inst0 ch0:  C_CMD: RDCMD     C_r = 0x0ed   at time   55412533 ps
inst0 ch0:  C_CMD: RDCMD     C_f = 0x082   at time   55412947 ps
inst0 ch0:  C_CMD: RDCMD     C_r = 0x0a5   at time   55414189 ps
inst0 ch0:  C_CMD: RDCMD     C_f = 0x080   at time   55414603 ps
inst0 ch0:  C_CMD: RDCMD     C_r = 0x0ad   at time   55417501 ps
inst0 ch0:  C_CMD: RDCMD     C_f = 0x082   at time   55417915 ps
inst0 ch0:  C_CMD: RDCMD     C_r = 0x065   at time   55419157 ps
inst0 ch0:  C_CMD: RDCMD     C_f = 0x080   at time   55419571 ps
inst0 ch0:  C_CMD: RDCMD     C_r = 0x025   at time   55421641 ps
inst0 ch0:  C_CMD: RDCMD     C_f = 0x080   at time   55422055 ps
inst0 ch0:  C_CMD: RDCMD     C_r = 0x06d   at time   55423297 ps
inst0 ch0:  C_CMD: RDCMD     C_f = 0x082   at time   55423711 ps
inst0 ch0:  C_CMD: RDCMD     C_r = 0x02d   at time   55424953 ps
inst0 ch0:  C_CMD: RDCMD     C_f = 0x082   at time   55425367 ps
inst0 ch0:  R_CMD: ACTCMD    R_r0= 0x3a    at time   55818253 ps
inst0 ch0:  R_CMD: ACTCMD    R_f0= 0x22    at time   55818667 ps
inst0 ch0:  R_CMD: ACTCMD    R_r1= 0x00    at time   55819081 ps
inst0 ch0:  R_CMD: ACTCMD    R_f1= 0x00    at time   55819495 ps
inst0 ch0:  R_CMD: ACTCMD    R_r0= 0x1a    at time   55822393 ps
inst0 ch0:  R_CMD: ACTCMD    R_f0= 0x22    at time   55822807 ps
inst0 ch0:  R_CMD: ACTCMD    R_r1= 0x00    at time   55823221 ps
inst0 ch0:  R_CMD: ACTCMD    R_f1= 0x00    at time   55823635 ps
inst0 ch0:  R_CMD: ACTCMD    R_r0= 0x3a    at time   55826533 ps
inst0 ch0:  R_CMD: ACTCMD    R_f0= 0x02    at time   55826947 ps
inst0 ch0:  R_CMD: ACTCMD    R_r1= 0x00    at time   55827361 ps
inst0 ch0:  R_CMD: ACTCMD    R_f1= 0x00    at time   55827775 ps
inst0 ch0:  R_CMD: ACTCMD    R_r0= 0x1a    at time   55830673 ps
inst0 ch0:  R_CMD: ACTCMD    R_f0= 0x02    at time   55831087 ps
inst0 ch0:  R_CMD: ACTCMD    R_r1= 0x00    at time   55831501 ps
inst0 ch0:  R_CMD: ACTCMD    R_f1= 0x00    at time   55831915 ps
inst0 ch0:  C_CMD: RDCMD     C_r = 0x0f5   at time   55833157 ps
inst0 ch0:  C_CMD: RDCMD     C_f = 0x000   at time   55833571 ps
inst0 ch0:  C_CMD: RDCMD     C_r = 0x0fd   at time   55836469 ps
inst0 ch0:  C_CMD: RDCMD     C_f = 0x002   at time   55836883 ps
inst0 ch0:  C_CMD: RDCMD     C_r = 0x0b5   at time   55838125 ps
inst0 ch0:  C_CMD: RDCMD     C_f = 0x000   at time   55838539 ps
inst0 ch0:  R_CMD: ACTCMD    R_r0= 0x3a    at time   55838953 ps
inst0 ch0:  R_CMD: ACTCMD    R_f0= 0x2a    at time   55839367 ps
inst0 ch0:  R_CMD: ACTCMD    R_r1= 0x00    at time   55839781 ps
inst0 ch0:  R_CMD: ACTCMD    R_f1= 0x00    at time   55840195 ps
inst0 ch0:  C_CMD: RDCMD     C_r = 0x0bd   at time   55841437 ps
inst0 ch0:  C_CMD: RDCMD     C_f = 0x002   at time   55841851 ps
inst0 ch0:  R_CMD: ACTCMD    R_r0= 0x1a    at time   55843093 ps
inst0 ch0:  C_CMD: RDCMD     C_r = 0x075   at time   55843093 ps
inst0 ch0:  R_CMD: ACTCMD    R_f0= 0x2a    at time   55843507 ps
inst0 ch0:  C_CMD: RDCMD     C_f = 0x000   at time   55843507 ps
inst0 ch0:  R_CMD: ACTCMD    R_r1= 0x00    at time   55843921 ps
inst0 ch0:  R_CMD: ACTCMD    R_f1= 0x00    at time   55844335 ps
inst0 ch0:  C_CMD: RDCMD     C_r = 0x035   at time   55845577 ps
inst0 ch0:  C_CMD: RDCMD     C_f = 0x000   at time   55845991 ps
inst0 ch0:  R_CMD: ACTCMD    R_r0= 0x3a    at time   55847233 ps
inst0 ch0:  C_CMD: RDCMD     C_r = 0x07d   at time   55847233 ps
inst0 ch0:  R_CMD: ACTCMD    R_f0= 0x0a    at time   55847647 ps
inst0 ch0:  C_CMD: RDCMD     C_f = 0x002   at time   55847647 ps
inst0 ch0:  R_CMD: ACTCMD    R_r1= 0x00    at time   55848061 ps
inst0 ch0:  R_CMD: ACTCMD    R_f1= 0x00    at time   55848475 ps
inst0 ch0:  C_CMD: RDCMD     C_r = 0x03d   at time   55848889 ps
inst0 ch0:  C_CMD: RDCMD     C_f = 0x002   at time   55849303 ps
inst0 ch0:  R_CMD: ACTCMD    R_r0= 0x1a    at time   55851373 ps
inst0 ch0:  R_CMD: ACTCMD    R_f0= 0x0a    at time   55851787 ps
inst0 ch0:  R_CMD: ACTCMD    R_r1= 0x00    at time   55852201 ps
inst0 ch0:  R_CMD: ACTCMD    R_f1= 0x00    at time   55852615 ps
inst0 ch0:  C_CMD: RDCMD     C_r = 0x0f5   at time   55853857 ps
inst0 ch0:  C_CMD: RDCMD     C_f = 0x080   at time   55854271 ps
inst0 ch0:  C_CMD: RDCMD     C_r = 0x0fd   at time   55857169 ps
inst0 ch0:  C_CMD: RDCMD     C_f = 0x082   at time   55857583 ps
inst0 ch0:  C_CMD: RDCMD     C_r = 0x0b5   at time   55858825 ps
inst0 ch0:  C_CMD: RDCMD     C_f = 0x080   at time   55859239 ps
inst0 ch0:  C_CMD: RDCMD     C_r = 0x0bd   at time   55862137 ps
inst0 ch0:  C_CMD: RDCMD     C_f = 0x082   at time   55862551 ps
inst0 ch0:  C_CMD: RDCMD     C_r = 0x075   at time   55863793 ps
inst0 ch0:  C_CMD: RDCMD     C_f = 0x080   at time   55864207 ps
inst0 ch0:  C_CMD: RDCMD     C_r = 0x035   at time   55866277 ps
inst0 ch0:  C_CMD: RDCMD     C_f = 0x080   at time   55866691 ps
inst0 ch0:  C_CMD: RDCMD     C_r = 0x07d   at time   55867933 ps
inst0 ch0:  C_CMD: RDCMD     C_f = 0x082   at time   55868347 ps
inst0 ch0:  C_CMD: RDCMD     C_r = 0x03d   at time   55869589 ps
inst0 ch0:  C_CMD: RDCMD     C_f = 0x082   at time   55870003 ps
inst0 ch0:  R_CMD: ACTCMD    R_r0= 0x02    at time   56265373 ps
inst0 ch0:  R_CMD: ACTCMD    R_f0= 0x10    at time   56265787 ps
inst0 ch0:  R_CMD: ACTCMD    R_r1= 0x3f    at time   56266201 ps
inst0 ch0:  R_CMD: ACTCMD    R_f1= 0x3b    at time   56266615 ps
inst0 ch0:  C_CMD: RDCMD     C_r = 0x005   at time   56280277 ps
inst0 ch0:  C_CMD: RDCMD     C_f = 0x078   at time   56280691 ps
inst0 ch0:  C_CMD: RDCMD     C_r = 0x00d   at time   56283589 ps
inst0 ch0:  C_CMD: RDCMD     C_f = 0x07a   at time   56284003 ps
inst0 ch0:  R_CMD: ACTCMD    R_r0= 0x02    at time   56338237 ps
inst0 ch0:  R_CMD: ACTCMD    R_f0= 0x10    at time   56338651 ps
inst0 ch0:  R_CMD: ACTCMD    R_r1= 0x3f    at time   56339065 ps
inst0 ch0:  R_CMD: ACTCMD    R_f1= 0x3b    at time   56339479 ps
inst0 ch0:  C_CMD: WRCMD     C_r = 0x001   at time   56349001 ps
inst0 ch0:  C_CMD: WRCMD     C_f = 0x078   at time   56349415 ps
inst0 ch0:  R_CMD: ACTCMD    R_r0= 0x02    at time   56350657 ps
inst0 ch0:  R_CMD: ACTCMD    R_f0= 0x18    at time   56351071 ps
inst0 ch0:  R_CMD: ACTCMD    R_r1= 0x3f    at time   56351485 ps
inst0 ch0:  R_CMD: ACTCMD    R_f1= 0x3b    at time   56351899 ps
inst0 ch0:  C_CMD: WRCMD     C_r = 0x009   at time   56352313 ps
inst0 ch0:  C_CMD: WRCMD     C_f = 0x07a   at time   56352727 ps
inst0 ch0:  C_CMD: RDCMD     C_r = 0x005   at time   56365561 ps
inst0 ch0:  C_CMD: RDCMD     C_f = 0x0f8   at time   56365975 ps
inst0 ch0:  C_CMD: RDCMD     C_r = 0x00d   at time   56368873 ps
inst0 ch0:  C_CMD: RDCMD     C_f = 0x0fa   at time   56369287 ps
inst0 ch0:  R_CMD: ACTCMD    R_r0= 0x02    at time   56423521 ps
inst0 ch0:  R_CMD: ACTCMD    R_f0= 0x18    at time   56423935 ps
inst0 ch0:  R_CMD: ACTCMD    R_r1= 0x3f    at time   56424349 ps
inst0 ch0:  R_CMD: ACTCMD    R_f1= 0x3b    at time   56424763 ps
inst0 ch0:  C_CMD: WRCMD     C_r = 0x001   at time   56434285 ps
inst0 ch0:  C_CMD: WRCMD     C_f = 0x0f8   at time   56434699 ps
inst0 ch0:  C_CMD: WRCMD     C_r = 0x009   at time   56437597 ps
inst0 ch0:  C_CMD: WRCMD     C_f = 0x0fa   at time   56438011 ps
inst0 ch0:  R_CMD: ACTCMD    R_r0= 0x0a    at time   56511289 ps
inst0 ch0:  R_CMD: ACTCMD    R_f0= 0x10    at time   56511703 ps
inst0 ch0:  R_CMD: ACTCMD    R_r1= 0x3f    at time   56512117 ps
inst0 ch0:  R_CMD: ACTCMD    R_f1= 0x3b    at time   56512531 ps
inst0 ch0:  C_CMD: RDCMD     C_r = 0x015   at time   56526193 ps
inst0 ch0:  C_CMD: RDCMD     C_f = 0x078   at time   56526607 ps
inst0 ch0:  C_CMD: RDCMD     C_r = 0x01d   at time   56529505 ps
inst0 ch0:  C_CMD: RDCMD     C_f = 0x07a   at time   56529919 ps
inst0 ch0:  R_CMD: ACTCMD    R_r0= 0x0a    at time   56560141 ps
inst0 ch0:  R_CMD: ACTCMD    R_f0= 0x18    at time   56560555 ps
inst0 ch0:  R_CMD: ACTCMD    R_r1= 0x3f    at time   56560969 ps
inst0 ch0:  R_CMD: ACTCMD    R_f1= 0x3b    at time   56561383 ps
inst0 ch0:  C_CMD: RDCMD     C_r = 0x015   at time   56575045 ps
inst0 ch0:  C_CMD: RDCMD     C_f = 0x0f8   at time   56575459 ps
inst0 ch0:  C_CMD: RDCMD     C_r = 0x01d   at time   56578357 ps
inst0 ch0:  C_CMD: RDCMD     C_f = 0x0fa   at time   56578771 ps
inst0 ch0:  R_CMD: ACTCMD    R_r0= 0x0a    at time   56830897 ps
inst0 ch0:  R_CMD: ACTCMD    R_f0= 0x10    at time   56831311 ps
inst0 ch0:  R_CMD: ACTCMD    R_r1= 0x3f    at time   56831725 ps
inst0 ch0:  R_CMD: ACTCMD    R_f1= 0x3b    at time   56832139 ps
inst0 ch0:  R_CMD: ACTCMD    R_r0= 0x0a    at time   56832553 ps
inst0 ch0:  R_CMD: ACTCMD    R_f0= 0x18    at time   56832967 ps
inst0 ch0:  R_CMD: ACTCMD    R_r1= 0x3f    at time   56833381 ps
inst0 ch0:  R_CMD: ACTCMD    R_f1= 0x3b    at time   56833795 ps
inst0 ch0:  C_CMD: WRCMD     C_r = 0x011   at time   56841661 ps
inst0 ch0:  C_CMD: WRCMD     C_f = 0x078   at time   56842075 ps
inst0 ch0:  C_CMD: WRCMD     C_r = 0x011   at time   56843317 ps
inst0 ch0:  C_CMD: WRCMD     C_f = 0x0f8   at time   56843731 ps
inst0 ch0:  C_CMD: WRCMD     C_r = 0x019   at time   56844973 ps
inst0 ch0:  C_CMD: WRCMD     C_f = 0x07a   at time   56845387 ps
inst0 ch0:  C_CMD: WRCMD     C_r = 0x019   at time   56846629 ps
inst0 ch0:  C_CMD: WRCMD     C_f = 0x0fa   at time   56847043 ps
inst0 ch0:  R_CMD: ACTCMD    R_r0= 0x02    at time   56926945 ps
inst0 ch0:  R_CMD: ACTCMD    R_f0= 0x30    at time   56927359 ps
inst0 ch0:  R_CMD: ACTCMD    R_r1= 0x3f    at time   56927773 ps
inst0 ch0:  R_CMD: ACTCMD    R_f1= 0x3b    at time   56928187 ps
inst0 ch0:  C_CMD: RDCMD     C_r = 0x085   at time   56941849 ps
inst0 ch0:  C_CMD: RDCMD     C_f = 0x078   at time   56942263 ps
inst0 ch0:  C_CMD: RDCMD     C_r = 0x08d   at time   56945161 ps
inst0 ch0:  C_CMD: RDCMD     C_f = 0x07a   at time   56945575 ps
inst0 ch0:  R_CMD: ACTCMD    R_r0= 0x02    at time   56948473 ps
inst0 ch0:  R_CMD: ACTCMD    R_f0= 0x38    at time   56948887 ps
inst0 ch0:  R_CMD: ACTCMD    R_r1= 0x3f    at time   56949301 ps
inst0 ch0:  R_CMD: ACTCMD    R_f1= 0x3b    at time   56949715 ps
inst0 ch0:  C_CMD: RDCMD     C_r = 0x085   at time   56963377 ps
inst0 ch0:  C_CMD: RDCMD     C_f = 0x0f8   at time   56963791 ps
inst0 ch0:  C_CMD: RDCMD     C_r = 0x08d   at time   56966689 ps
inst0 ch0:  C_CMD: RDCMD     C_f = 0x0fa   at time   56967103 ps
inst0 ch0:  R_CMD: ACTCMD    R_r0= 0x02    at time   56997325 ps
inst0 ch0:  R_CMD: ACTCMD    R_f0= 0x30    at time   56997739 ps
inst0 ch0:  R_CMD: ACTCMD    R_r1= 0x3f    at time   56998153 ps
inst0 ch0:  R_CMD: ACTCMD    R_f1= 0x3b    at time   56998567 ps
inst0 ch0:  C_CMD: WRCMD     C_r = 0x081   at time   57008089 ps
inst0 ch0:  C_CMD: WRCMD     C_f = 0x078   at time   57008503 ps
inst0 ch0:  C_CMD: WRCMD     C_r = 0x089   at time   57011401 ps
inst0 ch0:  C_CMD: WRCMD     C_f = 0x07a   at time   57011815 ps
inst0 ch0:  R_CMD: ACTCMD    R_r0= 0x02    at time   57018853 ps
inst0 ch0:  R_CMD: ACTCMD    R_f0= 0x38    at time   57019267 ps
inst0 ch0:  R_CMD: ACTCMD    R_r1= 0x3f    at time   57019681 ps
inst0 ch0:  R_CMD: ACTCMD    R_f1= 0x3b    at time   57020095 ps
inst0 ch0:  C_CMD: WRCMD     C_r = 0x081   at time   57029617 ps
inst0 ch0:  C_CMD: WRCMD     C_f = 0x0f8   at time   57030031 ps
inst0 ch0:  C_CMD: WRCMD     C_r = 0x089   at time   57032929 ps
inst0 ch0:  C_CMD: WRCMD     C_f = 0x0fa   at time   57033343 ps
inst0 ch0:  R_CMD: ACTCMD    R_r0= 0x0a    at time   57133945 ps
inst0 ch0:  R_CMD: ACTCMD    R_f0= 0x30    at time   57134359 ps
inst0 ch0:  R_CMD: ACTCMD    R_r1= 0x3f    at time   57134773 ps
inst0 ch0:  R_CMD: ACTCMD    R_f1= 0x3b    at time   57135187 ps
inst0 ch0:  C_CMD: RDCMD     C_r = 0x095   at time   57148849 ps
inst0 ch0:  C_CMD: RDCMD     C_f = 0x078   at time   57149263 ps
inst0 ch0:  C_CMD: RDCMD     C_r = 0x09d   at time   57152161 ps
inst0 ch0:  C_CMD: RDCMD     C_f = 0x07a   at time   57152575 ps
inst0 ch0:  R_CMD: ACTCMD    R_r0= 0x0a    at time   57206809 ps
inst0 ch0:  R_CMD: ACTCMD    R_f0= 0x30    at time   57207223 ps
inst0 ch0:  R_CMD: ACTCMD    R_r1= 0x3f    at time   57207637 ps
inst0 ch0:  R_CMD: ACTCMD    R_f1= 0x3b    at time   57208051 ps
inst0 ch0:  C_CMD: WRCMD     C_r = 0x091   at time   57217573 ps
inst0 ch0:  C_CMD: WRCMD     C_f = 0x078   at time   57217987 ps
inst0 ch0:  C_CMD: WRCMD     C_r = 0x099   at time   57220885 ps
inst0 ch0:  C_CMD: WRCMD     C_f = 0x07a   at time   57221299 ps
inst0 ch0:  R_CMD: ACTCMD    R_r0= 0x0a    at time   57289609 ps
inst0 ch0:  R_CMD: ACTCMD    R_f0= 0x38    at time   57290023 ps
inst0 ch0:  R_CMD: ACTCMD    R_r1= 0x3f    at time   57290437 ps
inst0 ch0:  R_CMD: ACTCMD    R_f1= 0x3b    at time   57290851 ps
inst0 ch0:  C_CMD: RDCMD     C_r = 0x095   at time   57304513 ps
inst0 ch0:  C_CMD: RDCMD     C_f = 0x0f8   at time   57304927 ps
inst0 ch0:  C_CMD: RDCMD     C_r = 0x09d   at time   57307825 ps
inst0 ch0:  C_CMD: RDCMD     C_f = 0x0fa   at time   57308239 ps
inst0 ch0:  R_CMD: ACTCMD    R_r0= 0x0a    at time   57362473 ps
inst0 ch0:  R_CMD: ACTCMD    R_f0= 0x38    at time   57362887 ps
inst0 ch0:  R_CMD: ACTCMD    R_r1= 0x3f    at time   57363301 ps
inst0 ch0:  R_CMD: ACTCMD    R_f1= 0x3b    at time   57363715 ps
inst0 ch0:  C_CMD: WRCMD     C_r = 0x091   at time   57373237 ps
inst0 ch0:  C_CMD: WRCMD     C_f = 0x0f8   at time   57373651 ps
inst0 ch0:  C_CMD: WRCMD     C_r = 0x099   at time   57376549 ps
inst0 ch0:  C_CMD: WRCMD     C_f = 0x0fa   at time   57376963 ps
inst0 ch0:  R_CMD: ACTCMD    R_r0= 0x0a    at time   58932361 ps
inst0 ch0:  R_CMD: ACTCMD    R_f0= 0x1b    at time   58932775 ps
inst0 ch0:  R_CMD: ACTCMD    R_r1= 0x3f    at time   58933189 ps
inst0 ch0:  R_CMD: ACTCMD    R_f1= 0x3b    at time   58933603 ps
inst0 ch0:  C_CMD: RDCMD     C_r = 0x015   at time   58947265 ps
inst0 ch0:  C_CMD: RDCMD     C_f = 0x090   at time   58947679 ps
inst0 ch0:  C_CMD: RDCMD     C_r = 0x01d   at time   58950577 ps
inst0 ch0:  C_CMD: RDCMD     C_f = 0x092   at time   58950991 ps
inst0 ch0:  R_CMD: ACTCMD    R_r0= 0x0a    at time   59157577 ps
inst0 ch0:  R_CMD: ACTCMD    R_f0= 0x1b    at time   59157991 ps
inst0 ch0:  R_CMD: ACTCMD    R_r1= 0x3f    at time   59158405 ps
inst0 ch0:  R_CMD: ACTCMD    R_f1= 0x3b    at time   59158819 ps
inst0 ch0:  C_CMD: WRCMD     C_r = 0x011   at time   59168341 ps
inst0 ch0:  C_CMD: WRCMD     C_f = 0x090   at time   59168755 ps
inst0 ch0:  C_CMD: WRCMD     C_r = 0x019   at time   59171653 ps
inst0 ch0:  C_CMD: WRCMD     C_f = 0x092   at time   59172067 ps
inst0 ch0:  R_CMD: ACTCMD    R_r0= 0x0a    at time   59266873 ps
inst0 ch0:  R_CMD: ACTCMD    R_f0= 0x13    at time   59267287 ps
inst0 ch0:  R_CMD: ACTCMD    R_r1= 0x3f    at time   59267701 ps
inst0 ch0:  R_CMD: ACTCMD    R_f1= 0x3b    at time   59268115 ps
inst0 ch0:  R_CMD: ACTCMD    R_r0= 0x0a    at time   59269357 ps
inst0 ch0:  R_CMD: ACTCMD    R_f0= 0x1b    at time   59269771 ps
inst0 ch0:  R_CMD: ACTCMD    R_r1= 0x3f    at time   59270185 ps
inst0 ch0:  R_CMD: ACTCMD    R_f1= 0x3b    at time   59270599 ps
inst0 ch0:  C_CMD: RDCMD     C_r = 0x015   at time   59281777 ps
inst0 ch0:  C_CMD: RDCMD     C_f = 0x010   at time   59282191 ps
inst0 ch0:  C_CMD: RDCMD     C_r = 0x015   at time   59284261 ps
inst0 ch0:  C_CMD: RDCMD     C_f = 0x090   at time   59284675 ps
inst0 ch0:  C_CMD: RDCMD     C_r = 0x01d   at time   59285089 ps
inst0 ch0:  C_CMD: RDCMD     C_f = 0x012   at time   59285503 ps
inst0 ch0:  C_CMD: RDCMD     C_r = 0x01d   at time   59287573 ps
inst0 ch0:  C_CMD: RDCMD     C_f = 0x092   at time   59287987 ps
inst0 ch0:  R_CMD: ACTCMD    R_r0= 0x0a    at time   59337253 ps
inst0 ch0:  R_CMD: ACTCMD    R_f0= 0x13    at time   59337667 ps
inst0 ch0:  R_CMD: ACTCMD    R_r1= 0x3f    at time   59338081 ps
inst0 ch0:  R_CMD: ACTCMD    R_f1= 0x3b    at time   59338495 ps
inst0 ch0:  R_CMD: ACTCMD    R_r0= 0x0a    at time   59339737 ps
inst0 ch0:  R_CMD: ACTCMD    R_f0= 0x1b    at time   59340151 ps
inst0 ch0:  R_CMD: ACTCMD    R_r1= 0x3f    at time   59340565 ps
inst0 ch0:  R_CMD: ACTCMD    R_f1= 0x3b    at time   59340979 ps
inst0 ch0:  C_CMD: WRCMD     C_r = 0x011   at time   59348017 ps
inst0 ch0:  C_CMD: WRCMD     C_f = 0x010   at time   59348431 ps
inst0 ch0:  C_CMD: WRCMD     C_r = 0x011   at time   59350501 ps
inst0 ch0:  C_CMD: WRCMD     C_f = 0x090   at time   59350915 ps
inst0 ch0:  C_CMD: WRCMD     C_r = 0x019   at time   59351329 ps
inst0 ch0:  C_CMD: WRCMD     C_f = 0x012   at time   59351743 ps
inst0 ch0:  C_CMD: WRCMD     C_r = 0x019   at time   59353813 ps
inst0 ch0:  C_CMD: WRCMD     C_f = 0x092   at time   59354227 ps
inst0 ch0:  R_CMD: ACTCMD    R_r0= 0x0a    at time   59449033 ps
inst0 ch0:  R_CMD: ACTCMD    R_f0= 0x13    at time   59449447 ps
inst0 ch0:  R_CMD: ACTCMD    R_r1= 0x3f    at time   59449861 ps
inst0 ch0:  R_CMD: ACTCMD    R_f1= 0x3b    at time   59450275 ps
inst0 ch0:  C_CMD: RDCMD     C_r = 0x015   at time   59463937 ps
inst0 ch0:  C_CMD: RDCMD     C_f = 0x010   at time   59464351 ps
inst0 ch0:  C_CMD: RDCMD     C_r = 0x01d   at time   59467249 ps
inst0 ch0:  C_CMD: RDCMD     C_f = 0x012   at time   59467663 ps
inst0 ch0:  R_CMD: ACTCMD    R_r0= 0x0a    at time   59521897 ps
inst0 ch0:  R_CMD: ACTCMD    R_f0= 0x13    at time   59522311 ps
inst0 ch0:  R_CMD: ACTCMD    R_r1= 0x3f    at time   59522725 ps
inst0 ch0:  R_CMD: ACTCMD    R_f1= 0x3b    at time   59523139 ps
inst0 ch0:  C_CMD: WRCMD     C_r = 0x011   at time   59532661 ps
inst0 ch0:  C_CMD: WRCMD     C_f = 0x010   at time   59533075 ps
inst0 ch0:  C_CMD: WRCMD     C_r = 0x019   at time   59535973 ps
inst0 ch0:  C_CMD: WRCMD     C_f = 0x012   at time   59536387 ps
inst0 ch0:  R_CMD: ACTCMD    R_r0= 0x02    at time   60744025 ps
inst0 ch0:  R_CMD: ACTCMD    R_f0= 0x1b    at time   60744439 ps
inst0 ch0:  R_CMD: ACTCMD    R_r1= 0x3f    at time   60744853 ps
inst0 ch0:  R_CMD: ACTCMD    R_f1= 0x3b    at time   60745267 ps
inst0 ch0:  C_CMD: RDCMD     C_r = 0x005   at time   60758929 ps
inst0 ch0:  C_CMD: RDCMD     C_f = 0x080   at time   60759343 ps
inst0 ch0:  C_CMD: RDCMD     C_r = 0x00d   at time   60762241 ps
inst0 ch0:  C_CMD: RDCMD     C_f = 0x082   at time   60762655 ps
inst0 ch0:  R_CMD: ACTCMD    R_r0= 0x02    at time   60816889 ps
inst0 ch0:  R_CMD: ACTCMD    R_f0= 0x1b    at time   60817303 ps
inst0 ch0:  R_CMD: ACTCMD    R_r1= 0x3f    at time   60817717 ps
inst0 ch0:  R_CMD: ACTCMD    R_f1= 0x3b    at time   60818131 ps
inst0 ch0:  C_CMD: WRCMD     C_r = 0x001   at time   60827653 ps
inst0 ch0:  C_CMD: WRCMD     C_f = 0x080   at time   60828067 ps
inst0 ch0:  C_CMD: WRCMD     C_r = 0x009   at time   60830965 ps
inst0 ch0:  C_CMD: WRCMD     C_f = 0x082   at time   60831379 ps
inst0 ch0:  R_CMD: ACTCMD    R_r0= 0x02    at time   60958477 ps
inst0 ch0:  R_CMD: ACTCMD    R_f0= 0x13    at time   60958891 ps
inst0 ch0:  R_CMD: ACTCMD    R_r1= 0x3f    at time   60959305 ps
inst0 ch0:  R_CMD: ACTCMD    R_f1= 0x3b    at time   60959719 ps
inst0 ch0:  C_CMD: RDCMD     C_r = 0x005   at time   60973381 ps
inst0 ch0:  C_CMD: RDCMD     C_f = 0x000   at time   60973795 ps
inst0 ch0:  C_CMD: RDCMD     C_r = 0x00d   at time   60976693 ps
inst0 ch0:  C_CMD: RDCMD     C_f = 0x002   at time   60977107 ps
inst0 ch0:  R_CMD: ACTCMD    R_r0= 0x02    at time   61031341 ps
inst0 ch0:  R_CMD: ACTCMD    R_f0= 0x13    at time   61031755 ps
inst0 ch0:  R_CMD: ACTCMD    R_r1= 0x3f    at time   61032169 ps
inst0 ch0:  R_CMD: ACTCMD    R_f1= 0x3b    at time   61032583 ps
inst0 ch0:  C_CMD: WRCMD     C_r = 0x001   at time   61042105 ps
inst0 ch0:  C_CMD: WRCMD     C_f = 0x000   at time   61042519 ps
inst0 ch0:  C_CMD: WRCMD     C_r = 0x009   at time   61045417 ps
inst0 ch0:  C_CMD: WRCMD     C_f = 0x002   at time   61045831 ps
inst0 ch0:  R_CMD: ACTCMD    R_r0= 0x02    at time   61061977 ps
inst0 ch0:  R_CMD: ACTCMD    R_f0= 0x1b    at time   61062391 ps
inst0 ch0:  R_CMD: ACTCMD    R_r1= 0x3f    at time   61062805 ps
inst0 ch0:  R_CMD: ACTCMD    R_f1= 0x3b    at time   61063219 ps
inst0 ch0:  C_CMD: RDCMD     C_r = 0x005   at time   61076881 ps
inst0 ch0:  C_CMD: RDCMD     C_f = 0x080   at time   61077295 ps
inst0 ch0:  C_CMD: RDCMD     C_r = 0x00d   at time   61080193 ps
inst0 ch0:  C_CMD: RDCMD     C_f = 0x082   at time   61080607 ps
inst0 ch0:  R_CMD: ACTCMD    R_r0= 0x02    at time   61116625 ps
inst0 ch0:  R_CMD: ACTCMD    R_f0= 0x13    at time   61117039 ps
inst0 ch0:  R_CMD: ACTCMD    R_r1= 0x3f    at time   61117453 ps
inst0 ch0:  R_CMD: ACTCMD    R_f1= 0x3b    at time   61117867 ps
inst0 ch0:  C_CMD: RDCMD     C_r = 0x005   at time   61131529 ps
inst0 ch0:  C_CMD: RDCMD     C_f = 0x000   at time   61131943 ps
inst0 ch0:  R_CMD: ACTCMD    R_r0= 0x02    at time   61132357 ps
inst0 ch0:  R_CMD: ACTCMD    R_f0= 0x1b    at time   61132771 ps
inst0 ch0:  R_CMD: ACTCMD    R_r1= 0x3f    at time   61133185 ps
inst0 ch0:  R_CMD: ACTCMD    R_f1= 0x3b    at time   61133599 ps
inst0 ch0:  C_CMD: RDCMD     C_r = 0x00d   at time   61134841 ps
inst0 ch0:  C_CMD: RDCMD     C_f = 0x002   at time   61135255 ps
inst0 ch0:  C_CMD: WRCMD     C_r = 0x001   at time   61143121 ps
inst0 ch0:  C_CMD: WRCMD     C_f = 0x080   at time   61143535 ps
inst0 ch0:  C_CMD: WRCMD     C_r = 0x009   at time   61146433 ps
inst0 ch0:  C_CMD: WRCMD     C_f = 0x082   at time   61146847 ps
inst0 ch0:  R_CMD: ACTCMD    R_r0= 0x02    at time   61187005 ps
inst0 ch0:  R_CMD: ACTCMD    R_f0= 0x13    at time   61187419 ps
inst0 ch0:  R_CMD: ACTCMD    R_r1= 0x3f    at time   61187833 ps
inst0 ch0:  R_CMD: ACTCMD    R_f1= 0x3b    at time   61188247 ps
inst0 ch0:  C_CMD: WRCMD     C_r = 0x001   at time   61197769 ps
inst0 ch0:  C_CMD: WRCMD     C_f = 0x000   at time   61198183 ps
inst0 ch0:  C_CMD: WRCMD     C_r = 0x009   at time   61201081 ps
inst0 ch0:  C_CMD: WRCMD     C_f = 0x002   at time   61201495 ps
inst0 ch0:  R_CMD: ACTCMD    R_r0= 0x02    at time   62083729 ps
inst0 ch0:  R_CMD: ACTCMD    R_f0= 0x00    at time   62084143 ps
inst0 ch0:  R_CMD: ACTCMD    R_r1= 0x00    at time   62084557 ps
inst0 ch0:  R_CMD: ACTCMD    R_f1= 0x00    at time   62084971 ps
inst0 ch0:  C_CMD: RDCMD     C_r = 0x005   at time   62098633 ps
inst0 ch0:  C_CMD: RDCMD     C_f = 0x018   at time   62099047 ps
inst0 ch0:  C_CMD: RDCMD     C_r = 0x005   at time   62101945 ps
inst0 ch0:  C_CMD: RDCMD     C_f = 0x01a   at time   62102359 ps
inst0 ch0:  C_CMD: RDCMD     C_r = 0x005   at time   62105257 ps
inst0 ch0:  C_CMD: RDCMD     C_f = 0x010   at time   62105671 ps
inst0 ch0:  C_CMD: RDCMD     C_r = 0x005   at time   62108569 ps
inst0 ch0:  C_CMD: RDCMD     C_f = 0x012   at time   62108983 ps
inst0 ch0:  C_CMD: RDCMD     C_r = 0x005   at time   62111881 ps
inst0 ch0:  C_CMD: RDCMD     C_f = 0x008   at time   62112295 ps
inst0 ch0:  C_CMD: RDCMD     C_r = 0x005   at time   62115193 ps
inst0 ch0:  C_CMD: RDCMD     C_f = 0x00a   at time   62115607 ps
inst0 ch0:  C_CMD: RDCMD     C_r = 0x005   at time   62118505 ps
inst0 ch0:  C_CMD: RDCMD     C_f = 0x000   at time   62118919 ps
inst0 ch0:  C_CMD: RDCMD     C_r = 0x00d   at time   62121817 ps
inst0 ch0:  C_CMD: RDCMD     C_f = 0x002   at time   62122231 ps
inst0 ch0:  R_CMD: ACTCMD    R_r0= 0x02    at time   62154109 ps
inst0 ch0:  R_CMD: ACTCMD    R_f0= 0x08    at time   62154523 ps
inst0 ch0:  R_CMD: ACTCMD    R_r1= 0x00    at time   62154937 ps
inst0 ch0:  R_CMD: ACTCMD    R_f1= 0x00    at time   62155351 ps
inst0 ch0:  C_CMD: RDCMD     C_r = 0x005   at time   62169013 ps
inst0 ch0:  C_CMD: RDCMD     C_f = 0x098   at time   62169427 ps
inst0 ch0:  C_CMD: RDCMD     C_r = 0x005   at time   62172325 ps
inst0 ch0:  C_CMD: RDCMD     C_f = 0x09a   at time   62172739 ps
inst0 ch0:  C_CMD: RDCMD     C_r = 0x005   at time   62175637 ps
inst0 ch0:  C_CMD: RDCMD     C_f = 0x090   at time   62176051 ps
inst0 ch0:  C_CMD: RDCMD     C_r = 0x005   at time   62178949 ps
inst0 ch0:  C_CMD: RDCMD     C_f = 0x092   at time   62179363 ps
inst0 ch0:  C_CMD: RDCMD     C_r = 0x005   at time   62182261 ps
inst0 ch0:  C_CMD: RDCMD     C_f = 0x088   at time   62182675 ps
inst0 ch0:  C_CMD: RDCMD     C_r = 0x005   at time   62185573 ps
inst0 ch0:  C_CMD: RDCMD     C_f = 0x08a   at time   62185987 ps
inst0 ch0:  C_CMD: RDCMD     C_r = 0x005   at time   62188885 ps
inst0 ch0:  C_CMD: RDCMD     C_f = 0x080   at time   62189299 ps
inst0 ch0:  C_CMD: RDCMD     C_r = 0x00d   at time   62192197 ps
inst0 ch0:  C_CMD: RDCMD     C_f = 0x082   at time   62192611 ps
inst0 ch0:  R_CMD: ACTCMD    R_r0= 0x0a    at time   62531677 ps
inst0 ch0:  R_CMD: ACTCMD    R_f0= 0x08    at time   62532091 ps
inst0 ch0:  R_CMD: ACTCMD    R_r1= 0x00    at time   62532505 ps
inst0 ch0:  R_CMD: ACTCMD    R_f1= 0x00    at time   62532919 ps
inst0 ch0:  C_CMD: RDCMD     C_r = 0x015   at time   62546581 ps
inst0 ch0:  C_CMD: RDCMD     C_f = 0x098   at time   62546995 ps
inst0 ch0:  C_CMD: RDCMD     C_r = 0x015   at time   62549893 ps
inst0 ch0:  C_CMD: RDCMD     C_f = 0x09a   at time   62550307 ps
inst0 ch0:  C_CMD: RDCMD     C_r = 0x015   at time   62553205 ps
inst0 ch0:  C_CMD: RDCMD     C_f = 0x090   at time   62553619 ps
inst0 ch0:  C_CMD: RDCMD     C_r = 0x015   at time   62556517 ps
inst0 ch0:  C_CMD: RDCMD     C_f = 0x092   at time   62556931 ps
inst0 ch0:  C_CMD: RDCMD     C_r = 0x015   at time   62559829 ps
inst0 ch0:  C_CMD: RDCMD     C_f = 0x088   at time   62560243 ps
inst0 ch0:  C_CMD: RDCMD     C_r = 0x015   at time   62563141 ps
inst0 ch0:  C_CMD: RDCMD     C_f = 0x08a   at time   62563555 ps
inst0 ch0:  C_CMD: RDCMD     C_r = 0x015   at time   62566453 ps
inst0 ch0:  C_CMD: RDCMD     C_f = 0x080   at time   62566867 ps
inst0 ch0:  C_CMD: RDCMD     C_r = 0x01d   at time   62569765 ps
inst0 ch0:  C_CMD: RDCMD     C_f = 0x082   at time   62570179 ps
inst0 ch0:  R_CMD: ACTCMD    R_r0= 0x0a    at time   62685685 ps
inst0 ch0:  R_CMD: ACTCMD    R_f0= 0x00    at time   62686099 ps
inst0 ch0:  R_CMD: ACTCMD    R_r1= 0x00    at time   62686513 ps
inst0 ch0:  R_CMD: ACTCMD    R_f1= 0x00    at time   62686927 ps
inst0 ch0:  C_CMD: RDCMD     C_r = 0x015   at time   62700589 ps
inst0 ch0:  C_CMD: RDCMD     C_f = 0x018   at time   62701003 ps
inst0 ch0:  C_CMD: RDCMD     C_r = 0x015   at time   62703901 ps
inst0 ch0:  C_CMD: RDCMD     C_f = 0x01a   at time   62704315 ps
inst0 ch0:  C_CMD: RDCMD     C_r = 0x015   at time   62707213 ps
inst0 ch0:  C_CMD: RDCMD     C_f = 0x010   at time   62707627 ps
inst0 ch0:  C_CMD: RDCMD     C_r = 0x015   at time   62710525 ps
inst0 ch0:  C_CMD: RDCMD     C_f = 0x012   at time   62710939 ps
inst0 ch0:  C_CMD: RDCMD     C_r = 0x015   at time   62713837 ps
inst0 ch0:  C_CMD: RDCMD     C_f = 0x008   at time   62714251 ps
inst0 ch0:  C_CMD: RDCMD     C_r = 0x015   at time   62717149 ps
inst0 ch0:  C_CMD: RDCMD     C_f = 0x00a   at time   62717563 ps
inst0 ch0:  C_CMD: RDCMD     C_r = 0x015   at time   62720461 ps
inst0 ch0:  C_CMD: RDCMD     C_f = 0x000   at time   62720875 ps
inst0 ch0:  C_CMD: RDCMD     C_r = 0x01d   at time   62723773 ps
inst0 ch0:  C_CMD: RDCMD     C_f = 0x002   at time   62724187 ps
inst0 ch0:  R_CMD: ACTCMD    R_r0= 0x0a    at time   62852113 ps
inst0 ch0:  R_CMD: ACTCMD    R_f0= 0x08    at time   62852527 ps
inst0 ch0:  R_CMD: ACTCMD    R_r1= 0x00    at time   62852941 ps
inst0 ch0:  R_CMD: ACTCMD    R_f1= 0x00    at time   62853355 ps
inst0 ch0:  C_CMD: RDCMD     C_r = 0x015   at time   62867017 ps
inst0 ch0:  C_CMD: RDCMD     C_f = 0x0b8   at time   62867431 ps
inst0 ch0:  C_CMD: RDCMD     C_r = 0x015   at time   62870329 ps
inst0 ch0:  C_CMD: RDCMD     C_f = 0x0ba   at time   62870743 ps
inst0 ch0:  C_CMD: RDCMD     C_r = 0x015   at time   62873641 ps
inst0 ch0:  C_CMD: RDCMD     C_f = 0x0b0   at time   62874055 ps
inst0 ch0:  R_CMD: ACTCMD    R_r0= 0x0a    at time   62876125 ps
inst0 ch0:  R_CMD: ACTCMD    R_f0= 0x00    at time   62876539 ps
inst0 ch0:  R_CMD: ACTCMD    R_r1= 0x00    at time   62876953 ps
inst0 ch0:  C_CMD: RDCMD     C_r = 0x015   at time   62876953 ps
inst0 ch0:  R_CMD: ACTCMD    R_f1= 0x00    at time   62877367 ps
inst0 ch0:  C_CMD: RDCMD     C_f = 0x0b2   at time   62877367 ps
inst0 ch0:  C_CMD: RDCMD     C_r = 0x015   at time   62880265 ps
inst0 ch0:  C_CMD: RDCMD     C_f = 0x0a8   at time   62880679 ps
inst0 ch0:  C_CMD: RDCMD     C_r = 0x015   at time   62883577 ps
inst0 ch0:  C_CMD: RDCMD     C_f = 0x0aa   at time   62883991 ps
inst0 ch0:  C_CMD: RDCMD     C_r = 0x015   at time   62886889 ps
inst0 ch0:  C_CMD: RDCMD     C_f = 0x0a0   at time   62887303 ps
inst0 ch0:  C_CMD: RDCMD     C_r = 0x01d   at time   62890201 ps
inst0 ch0:  C_CMD: RDCMD     C_f = 0x0a2   at time   62890615 ps
inst0 ch0:  C_CMD: RDCMD     C_r = 0x015   at time   62891029 ps
inst0 ch0:  C_CMD: RDCMD     C_f = 0x038   at time   62891443 ps
inst0 ch0:  C_CMD: RDCMD     C_r = 0x015   at time   62894341 ps
inst0 ch0:  C_CMD: RDCMD     C_f = 0x03a   at time   62894755 ps
inst0 ch0:  C_CMD: RDCMD     C_r = 0x015   at time   62897653 ps
inst0 ch0:  C_CMD: RDCMD     C_f = 0x030   at time   62898067 ps
inst0 ch0:  C_CMD: RDCMD     C_r = 0x015   at time   62900965 ps
inst0 ch0:  C_CMD: RDCMD     C_f = 0x032   at time   62901379 ps
inst0 ch0:  C_CMD: RDCMD     C_r = 0x015   at time   62904277 ps
inst0 ch0:  C_CMD: RDCMD     C_f = 0x028   at time   62904691 ps
inst0 ch0:  C_CMD: RDCMD     C_r = 0x015   at time   62907589 ps
inst0 ch0:  C_CMD: RDCMD     C_f = 0x02a   at time   62908003 ps
inst0 ch0:  C_CMD: RDCMD     C_r = 0x015   at time   62910901 ps
inst0 ch0:  C_CMD: RDCMD     C_f = 0x020   at time   62911315 ps
inst0 ch0:  C_CMD: RDCMD     C_r = 0x01d   at time   62914213 ps
inst0 ch0:  C_CMD: RDCMD     C_f = 0x022   at time   62914627 ps
inst0 ch0:  R_CMD: ACTCMD    R_r0= 0x0a    at time   62922493 ps
inst0 ch0:  R_CMD: ACTCMD    R_f0= 0x08    at time   62922907 ps
inst0 ch0:  R_CMD: ACTCMD    R_r1= 0x00    at time   62923321 ps
inst0 ch0:  R_CMD: ACTCMD    R_f1= 0x00    at time   62923735 ps
inst0 ch0:  C_CMD: WRCMD     C_r = 0x011   at time   62933257 ps
inst0 ch0:  C_CMD: WRCMD     C_f = 0x0b8   at time   62933671 ps
inst0 ch0:  R_CMD: ACTCMD    R_r0= 0x0a    at time   62935741 ps
inst0 ch0:  R_CMD: ACTCMD    R_f0= 0x00    at time   62936155 ps
inst0 ch0:  R_CMD: ACTCMD    R_r1= 0x00    at time   62936569 ps
inst0 ch0:  C_CMD: WRCMD     C_r = 0x011   at time   62936569 ps
inst0 ch0:  R_CMD: ACTCMD    R_f1= 0x00    at time   62936983 ps
inst0 ch0:  C_CMD: WRCMD     C_f = 0x0ba   at time   62936983 ps
inst0 ch0:  C_CMD: WRCMD     C_r = 0x011   at time   62939881 ps
inst0 ch0:  C_CMD: WRCMD     C_f = 0x0a8   at time   62940295 ps
inst0 ch0:  C_CMD: WRCMD     C_r = 0x011   at time   62943193 ps
inst0 ch0:  C_CMD: WRCMD     C_f = 0x0aa   at time   62943607 ps
inst0 ch0:  C_CMD: WRCMD     C_r = 0x011   at time   62946505 ps
inst0 ch0:  C_CMD: WRCMD     C_f = 0x0b0   at time   62946919 ps
inst0 ch0:  C_CMD: WRCMD     C_r = 0x011   at time   62947333 ps
inst0 ch0:  C_CMD: WRCMD     C_f = 0x028   at time   62947747 ps
inst0 ch0:  C_CMD: WRCMD     C_r = 0x011   at time   62949817 ps
inst0 ch0:  C_CMD: WRCMD     C_f = 0x0b2   at time   62950231 ps
inst0 ch0:  C_CMD: WRCMD     C_r = 0x011   at time   62950645 ps
inst0 ch0:  C_CMD: WRCMD     C_f = 0x02a   at time   62951059 ps
inst0 ch0:  C_CMD: WRCMD     C_r = 0x011   at time   62953129 ps
inst0 ch0:  C_CMD: WRCMD     C_f = 0x0a0   at time   62953543 ps
inst0 ch0:  C_CMD: WRCMD     C_r = 0x011   at time   62953957 ps
inst0 ch0:  C_CMD: WRCMD     C_f = 0x038   at time   62954371 ps
inst0 ch0:  C_CMD: WRCMD     C_r = 0x019   at time   62956441 ps
inst0 ch0:  C_CMD: WRCMD     C_f = 0x0a2   at time   62956855 ps
inst0 ch0:  C_CMD: WRCMD     C_r = 0x011   at time   62957269 ps
inst0 ch0:  C_CMD: WRCMD     C_f = 0x03a   at time   62957683 ps
inst0 ch0:  C_CMD: WRCMD     C_r = 0x011   at time   62960581 ps
inst0 ch0:  C_CMD: WRCMD     C_f = 0x020   at time   62960995 ps
inst0 ch0:  C_CMD: WRCMD     C_r = 0x011   at time   62963893 ps
inst0 ch0:  C_CMD: WRCMD     C_f = 0x022   at time   62964307 ps
inst0 ch0:  C_CMD: WRCMD     C_r = 0x011   at time   62967205 ps
inst0 ch0:  C_CMD: WRCMD     C_f = 0x030   at time   62967619 ps
inst0 ch0:  C_CMD: WRCMD     C_r = 0x019   at time   62970517 ps
inst0 ch0:  C_CMD: WRCMD     C_f = 0x032   at time   62970931 ps
inst0 ch0:  R_CMD: ACTCMD    R_r0= 0x02    at time   63584065 ps
inst0 ch0:  R_CMD: ACTCMD    R_f0= 0x1b    at time   63584479 ps
inst0 ch0:  R_CMD: ACTCMD    R_r1= 0x3f    at time   63584893 ps
inst0 ch0:  R_CMD: ACTCMD    R_f1= 0x3b    at time   63585307 ps
inst0 ch0:  C_CMD: RDCMD     C_r = 0x005   at time   63598969 ps
inst0 ch0:  C_CMD: RDCMD     C_f = 0x080   at time   63599383 ps
inst0 ch0:  C_CMD: RDCMD     C_r = 0x00d   at time   63602281 ps
inst0 ch0:  C_CMD: RDCMD     C_f = 0x082   at time   63602695 ps
inst0 ch0:  R_CMD: ACTCMD    R_r0= 0x02    at time   63800173 ps
inst0 ch0:  R_CMD: ACTCMD    R_f0= 0x1b    at time   63800587 ps
inst0 ch0:  R_CMD: ACTCMD    R_r1= 0x3f    at time   63801001 ps
inst0 ch0:  R_CMD: ACTCMD    R_f1= 0x3b    at time   63801415 ps
inst0 ch0:  C_CMD: WRCMD     C_r = 0x001   at time   63810937 ps
inst0 ch0:  C_CMD: WRCMD     C_f = 0x080   at time   63811351 ps
inst0 ch0:  C_CMD: WRCMD     C_r = 0x009   at time   63814249 ps
inst0 ch0:  C_CMD: WRCMD     C_f = 0x082   at time   63814663 ps
inst0 ch0:  R_CMD: ACTCMD    R_r0= 0x02    at time   63960805 ps
inst0 ch0:  R_CMD: ACTCMD    R_f0= 0x1b    at time   63961219 ps
inst0 ch0:  R_CMD: ACTCMD    R_r1= 0x3f    at time   63961633 ps
inst0 ch0:  R_CMD: ACTCMD    R_f1= 0x3b    at time   63962047 ps
inst0 ch0:  C_CMD: RDCMD     C_r = 0x005   at time   63975709 ps
inst0 ch0:  C_CMD: RDCMD     C_f = 0x080   at time   63976123 ps
inst0 ch0:  C_CMD: RDCMD     C_r = 0x00d   at time   63979021 ps
inst0 ch0:  C_CMD: RDCMD     C_f = 0x082   at time   63979435 ps
inst0 ch0:  R_CMD: ACTCMD    R_r0= 0x02    at time   64031185 ps
inst0 ch0:  R_CMD: ACTCMD    R_f0= 0x1b    at time   64031599 ps
inst0 ch0:  R_CMD: ACTCMD    R_r1= 0x3f    at time   64032013 ps
inst0 ch0:  R_CMD: ACTCMD    R_f1= 0x3b    at time   64032427 ps
inst0 ch0:  C_CMD: WRCMD     C_r = 0x001   at time   64041949 ps
inst0 ch0:  C_CMD: WRCMD     C_f = 0x080   at time   64042363 ps
inst0 ch0:  C_CMD: WRCMD     C_r = 0x009   at time   64045261 ps
inst0 ch0:  C_CMD: WRCMD     C_f = 0x082   at time   64045675 ps
inst0 ch0:  R_CMD: ACTCMD    R_r0= 0x02    at time   64118953 ps
inst0 ch0:  R_CMD: ACTCMD    R_f0= 0x13    at time   64119367 ps
inst0 ch0:  R_CMD: ACTCMD    R_r1= 0x3f    at time   64119781 ps
inst0 ch0:  R_CMD: ACTCMD    R_f1= 0x3b    at time   64120195 ps
inst0 ch0:  C_CMD: RDCMD     C_r = 0x005   at time   64133857 ps
inst0 ch0:  C_CMD: RDCMD     C_f = 0x000   at time   64134271 ps
inst0 ch0:  C_CMD: RDCMD     C_r = 0x00d   at time   64137169 ps
inst0 ch0:  C_CMD: RDCMD     C_f = 0x002   at time   64137583 ps
inst0 ch0:  R_CMD: ACTCMD    R_r0= 0x02    at time   64191817 ps
inst0 ch0:  R_CMD: ACTCMD    R_f0= 0x13    at time   64192231 ps
inst0 ch0:  R_CMD: ACTCMD    R_r1= 0x3f    at time   64192645 ps
inst0 ch0:  R_CMD: ACTCMD    R_f1= 0x3b    at time   64193059 ps
inst0 ch0:  C_CMD: WRCMD     C_r = 0x001   at time   64202581 ps
inst0 ch0:  C_CMD: WRCMD     C_f = 0x000   at time   64202995 ps
inst0 ch0:  C_CMD: WRCMD     C_r = 0x009   at time   64205893 ps
inst0 ch0:  C_CMD: WRCMD     C_f = 0x002   at time   64206307 ps
inst0 ch0:  R_CMD: ACTCMD    R_r0= 0x02    at time   64320157 ps
inst0 ch0:  R_CMD: ACTCMD    R_f0= 0x13    at time   64320571 ps
inst0 ch0:  R_CMD: ACTCMD    R_r1= 0x3f    at time   64320985 ps
inst0 ch0:  R_CMD: ACTCMD    R_f1= 0x3b    at time   64321399 ps
inst0 ch0:  R_CMD: ACTCMD    R_r0= 0x2e    at time   64324297 ps
inst0 ch0:  R_CMD: ACTCMD    R_f0= 0x20    at time   64324711 ps
inst0 ch0:  R_CMD: ACTCMD    R_r1= 0x00    at time   64325125 ps
inst0 ch0:  R_CMD: ACTCMD    R_f1= 0x02    at time   64325539 ps
inst0 ch0:  C_CMD: RDCMD     C_r = 0x005   at time   64335061 ps
inst0 ch0:  C_CMD: RDCMD     C_f = 0x000   at time   64335475 ps
inst0 ch0:  C_CMD: RDCMD     C_r = 0x00d   at time   64338373 ps
inst0 ch0:  C_CMD: RDCMD     C_f = 0x002   at time   64338787 ps
inst0 ch0:  C_CMD: RDCMD     C_r = 0x0d5   at time   64341685 ps
inst0 ch0:  C_CMD: RDCMD     C_f = 0x021   at time   64342099 ps
inst0 ch0:  C_CMD: RDCMD     C_r = 0x0dd   at time   64344997 ps
inst0 ch0:  C_CMD: RDCMD     C_f = 0x023   at time   64345411 ps
inst0 ch0:  R_CMD: ACTCMD    R_r0= 0x02    at time   64390537 ps
inst0 ch0:  R_CMD: ACTCMD    R_f0= 0x13    at time   64390951 ps
inst0 ch0:  R_CMD: ACTCMD    R_r1= 0x3f    at time   64391365 ps
inst0 ch0:  R_CMD: ACTCMD    R_f1= 0x3b    at time   64391779 ps
inst0 ch0:  R_CMD: ACTCMD    R_r0= 0x0a    at time   64395505 ps
inst0 ch0:  R_CMD: ACTCMD    R_f0= 0x19    at time   64395919 ps
inst0 ch0:  R_CMD: ACTCMD    R_r1= 0x3f    at time   64396333 ps
inst0 ch0:  R_CMD: ACTCMD    R_f1= 0x3b    at time   64396747 ps
inst0 ch0:  R_CMD: ACTCMD    R_r0= 0x02    at time   64399645 ps
inst0 ch0:  R_CMD: ACTCMD    R_f0= 0x19    at time   64400059 ps
inst0 ch0:  R_CMD: ACTCMD    R_r1= 0x3f    at time   64400473 ps
inst0 ch0:  R_CMD: ACTCMD    R_f1= 0x3b    at time   64400887 ps
inst0 ch0:  C_CMD: WRCMD     C_r = 0x001   at time   64401301 ps
inst0 ch0:  C_CMD: WRCMD     C_f = 0x000   at time   64401715 ps
inst0 ch0:  C_CMD: WRCMD     C_r = 0x009   at time   64404613 ps
inst0 ch0:  C_CMD: WRCMD     C_f = 0x002   at time   64405027 ps
inst0 ch0:  C_CMD: RDCMD     C_r = 0x015   at time   64410409 ps
inst0 ch0:  C_CMD: RDCMD     C_f = 0x0f8   at time   64410823 ps
inst0 ch0:  C_CMD: RDCMD     C_r = 0x01d   at time   64413721 ps
inst0 ch0:  C_CMD: RDCMD     C_f = 0x0fa   at time   64414135 ps
inst0 ch0:  C_CMD: RDCMD     C_r = 0x005   at time   64417033 ps
inst0 ch0:  C_CMD: RDCMD     C_f = 0x0f8   at time   64417447 ps
inst0 ch0:  C_CMD: RDCMD     C_r = 0x00d   at time   64420345 ps
inst0 ch0:  C_CMD: RDCMD     C_f = 0x0fa   at time   64420759 ps
inst0 ch0:  R_CMD: ACTCMD    R_r0= 0x0a    at time   64475821 ps
inst0 ch0:  R_CMD: ACTCMD    R_f0= 0x19    at time   64476235 ps
inst0 ch0:  R_CMD: ACTCMD    R_r1= 0x3f    at time   64476649 ps
inst0 ch0:  R_CMD: ACTCMD    R_f1= 0x3b    at time   64477063 ps
inst0 ch0:  C_CMD: WRCMD     C_r = 0x011   at time   64486585 ps
inst0 ch0:  C_CMD: WRCMD     C_f = 0x0f8   at time   64486999 ps
inst0 ch0:  C_CMD: WRCMD     C_r = 0x019   at time   64489897 ps
inst0 ch0:  C_CMD: WRCMD     C_f = 0x0fa   at time   64490311 ps
inst0 ch0:  R_CMD: ACTCMD    R_r0= 0x02    at time   64510597 ps
inst0 ch0:  R_CMD: ACTCMD    R_f0= 0x19    at time   64511011 ps
inst0 ch0:  R_CMD: ACTCMD    R_r1= 0x3f    at time   64511425 ps
inst0 ch0:  R_CMD: ACTCMD    R_f1= 0x3b    at time   64511839 ps
inst0 ch0:  C_CMD: WRCMD     C_r = 0x001   at time   64521361 ps
inst0 ch0:  C_CMD: WRCMD     C_f = 0x0f8   at time   64521775 ps
inst0 ch0:  C_CMD: WRCMD     C_r = 0x009   at time   64524673 ps
inst0 ch0:  C_CMD: WRCMD     C_f = 0x0fa   at time   64525087 ps
inst0 ch0:  R_CMD: ACTCMD    R_r0= 0x0a    at time   64626517 ps
inst0 ch0:  R_CMD: ACTCMD    R_f0= 0x11    at time   64626931 ps
inst0 ch0:  R_CMD: ACTCMD    R_r1= 0x3f    at time   64627345 ps
inst0 ch0:  R_CMD: ACTCMD    R_f1= 0x3b    at time   64627759 ps
inst0 ch0:  R_CMD: ACTCMD    R_r0= 0x02    at time   64630657 ps
inst0 ch0:  R_CMD: ACTCMD    R_f0= 0x11    at time   64631071 ps
inst0 ch0:  R_CMD: ACTCMD    R_r1= 0x3f    at time   64631485 ps
inst0 ch0:  R_CMD: ACTCMD    R_f1= 0x3b    at time   64631899 ps
inst0 ch0:  C_CMD: RDCMD     C_r = 0x015   at time   64641421 ps
inst0 ch0:  C_CMD: RDCMD     C_f = 0x078   at time   64641835 ps
inst0 ch0:  C_CMD: RDCMD     C_r = 0x01d   at time   64644733 ps
inst0 ch0:  C_CMD: RDCMD     C_f = 0x07a   at time   64645147 ps
inst0 ch0:  C_CMD: RDCMD     C_r = 0x005   at time   64648045 ps
inst0 ch0:  C_CMD: RDCMD     C_f = 0x078   at time   64648459 ps
inst0 ch0:  C_CMD: RDCMD     C_r = 0x00d   at time   64651357 ps
inst0 ch0:  C_CMD: RDCMD     C_f = 0x07a   at time   64651771 ps
inst0 ch0:  R_CMD: ACTCMD    R_r0= 0x0a    at time   64699381 ps
inst0 ch0:  R_CMD: ACTCMD    R_f0= 0x11    at time   64699795 ps
inst0 ch0:  R_CMD: ACTCMD    R_r1= 0x3f    at time   64700209 ps
inst0 ch0:  R_CMD: ACTCMD    R_f1= 0x3b    at time   64700623 ps
inst0 ch0:  R_CMD: ACTCMD    R_r0= 0x02    at time   64703521 ps
inst0 ch0:  R_CMD: ACTCMD    R_f0= 0x11    at time   64703935 ps
inst0 ch0:  R_CMD: ACTCMD    R_r1= 0x3f    at time   64704349 ps
inst0 ch0:  R_CMD: ACTCMD    R_f1= 0x3b    at time   64704763 ps
inst0 ch0:  C_CMD: WRCMD     C_r = 0x011   at time   64710145 ps
inst0 ch0:  C_CMD: WRCMD     C_f = 0x078   at time   64710559 ps
inst0 ch0:  C_CMD: WRCMD     C_r = 0x019   at time   64713457 ps
inst0 ch0:  C_CMD: WRCMD     C_f = 0x07a   at time   64713871 ps
inst0 ch0:  C_CMD: WRCMD     C_r = 0x001   at time   64716769 ps
inst0 ch0:  C_CMD: WRCMD     C_f = 0x078   at time   64717183 ps
inst0 ch0:  C_CMD: WRCMD     C_r = 0x009   at time   64720081 ps
inst0 ch0:  C_CMD: WRCMD     C_f = 0x07a   at time   64720495 ps
inst0 ch0:  R_CMD: ACTCMD    R_r0= 0x0a    at time   65212741 ps
inst0 ch0:  R_CMD: ACTCMD    R_f0= 0x0a    at time   65213155 ps
inst0 ch0:  R_CMD: ACTCMD    R_r1= 0x00    at time   65213569 ps
inst0 ch0:  R_CMD: ACTCMD    R_f1= 0x00    at time   65213983 ps
inst0 ch0:  R_CMD: ACTCMD    R_r0= 0x02    at time   65216881 ps
inst0 ch0:  R_CMD: ACTCMD    R_f0= 0x0a    at time   65217295 ps
inst0 ch0:  R_CMD: ACTCMD    R_r1= 0x00    at time   65217709 ps
inst0 ch0:  R_CMD: ACTCMD    R_f1= 0x00    at time   65218123 ps
inst0 ch0:  C_CMD: RDCMD     C_r = 0x015   at time   65227645 ps
inst0 ch0:  C_CMD: RDCMD     C_f = 0x080   at time   65228059 ps
inst0 ch0:  C_CMD: RDCMD     C_r = 0x01d   at time   65230957 ps
inst0 ch0:  C_CMD: RDCMD     C_f = 0x082   at time   65231371 ps
inst0 ch0:  C_CMD: RDCMD     C_r = 0x005   at time   65234269 ps
inst0 ch0:  C_CMD: RDCMD     C_f = 0x080   at time   65234683 ps
inst0 ch0:  C_CMD: RDCMD     C_r = 0x00d   at time   65237581 ps
inst0 ch0:  C_CMD: RDCMD     C_f = 0x082   at time   65237995 ps
inst0 ch0:  R_CMD: ACTCMD    R_r0= 0x0a    at time   65730241 ps
inst0 ch0:  R_CMD: ACTCMD    R_f0= 0x02    at time   65730655 ps
inst0 ch0:  R_CMD: ACTCMD    R_r1= 0x00    at time   65731069 ps
inst0 ch0:  R_CMD: ACTCMD    R_f1= 0x00    at time   65731483 ps
inst0 ch0:  R_CMD: ACTCMD    R_r0= 0x02    at time   65734381 ps
inst0 ch0:  R_CMD: ACTCMD    R_f0= 0x02    at time   65734795 ps
inst0 ch0:  R_CMD: ACTCMD    R_r1= 0x00    at time   65735209 ps
inst0 ch0:  R_CMD: ACTCMD    R_f1= 0x00    at time   65735623 ps
inst0 ch0:  C_CMD: RDCMD     C_r = 0x015   at time   65745145 ps
inst0 ch0:  C_CMD: RDCMD     C_f = 0x000   at time   65745559 ps
inst0 ch0:  C_CMD: RDCMD     C_r = 0x01d   at time   65748457 ps
inst0 ch0:  C_CMD: RDCMD     C_f = 0x002   at time   65748871 ps
inst0 ch0:  C_CMD: RDCMD     C_r = 0x005   at time   65751769 ps
inst0 ch0:  C_CMD: RDCMD     C_f = 0x000   at time   65752183 ps
inst0 ch0:  C_CMD: RDCMD     C_r = 0x00d   at time   65755081 ps
inst0 ch0:  C_CMD: RDCMD     C_f = 0x002   at time   65755495 ps
