inst0 ch0:  R_CMD: ACTCMD    R_r0= 0x0e    at time   33400981 ps
inst0 ch0:  R_CMD: ACTCMD    R_f0= 0x28    at time   33401395 ps
inst0 ch0:  R_CMD: ACTCMD    R_r1= 0x00    at time   33401809 ps
inst0 ch0:  R_CMD: ACTCMD    R_f1= 0x02    at time   33402223 ps
inst0 ch0:  R_CMD: ACTCMD    R_r0= 0x0e    at time   33403465 ps
inst0 ch0:  R_CMD: ACTCMD    R_f0= 0x20    at time   33403879 ps
inst0 ch0:  R_CMD: ACTCMD    R_r1= 0x00    at time   33404293 ps
inst0 ch0:  R_CMD: ACTCMD    R_f1= 0x02    at time   33404707 ps
inst0 ch0:  C_CMD: RDCMD     C_r = 0x095   at time   33415885 ps
inst0 ch0:  C_CMD: RDCMD     C_f = 0x0a9   at time   33416299 ps
inst0 ch0:  C_CMD: RDCMD     C_r = 0x095   at time   33418369 ps
inst0 ch0:  C_CMD: RDCMD     C_f = 0x029   at time   33418783 ps
inst0 ch0:  C_CMD: RDCMD     C_r = 0x095   at time   33419197 ps
inst0 ch0:  C_CMD: RDCMD     C_f = 0x0ab   at time   33419611 ps
inst0 ch0:  C_CMD: RDCMD     C_r = 0x095   at time   33421681 ps
inst0 ch0:  C_CMD: RDCMD     C_f = 0x02b   at time   33422095 ps
inst0 ch0:  C_CMD: RDCMD     C_r = 0x095   at time   33422509 ps
inst0 ch0:  C_CMD: RDCMD     C_f = 0x0a1   at time   33422923 ps
inst0 ch0:  C_CMD: RDCMD     C_r = 0x095   at time   33424993 ps
inst0 ch0:  C_CMD: RDCMD     C_f = 0x021   at time   33425407 ps
inst0 ch0:  C_CMD: RDCMD     C_r = 0x09d   at time   33425821 ps
inst0 ch0:  C_CMD: RDCMD     C_f = 0x0a3   at time   33426235 ps
inst0 ch0:  C_CMD: RDCMD     C_r = 0x09d   at time   33428305 ps
inst0 ch0:  C_CMD: RDCMD     C_f = 0x023   at time   33428719 ps
inst0 ch0:  R_CMD: ACTCMD    R_r0= 0x0e    at time   33678361 ps
inst0 ch0:  R_CMD: ACTCMD    R_f0= 0x28    at time   33678775 ps
inst0 ch0:  R_CMD: ACTCMD    R_r1= 0x00    at time   33679189 ps
inst0 ch0:  R_CMD: ACTCMD    R_f1= 0x02    at time   33679603 ps
inst0 ch0:  R_CMD: ACTCMD    R_r0= 0x0e    at time   33680017 ps
inst0 ch0:  R_CMD: ACTCMD    R_f0= 0x20    at time   33680431 ps
inst0 ch0:  R_CMD: ACTCMD    R_r1= 0x00    at time   33680845 ps
inst0 ch0:  R_CMD: ACTCMD    R_f1= 0x02    at time   33681259 ps
inst0 ch0:  C_CMD: WRCMD     C_r = 0x091   at time   33689125 ps
inst0 ch0:  C_CMD: WRCMD     C_f = 0x0a9   at time   33689539 ps
inst0 ch0:  C_CMD: WRCMD     C_r = 0x091   at time   33690781 ps
inst0 ch0:  C_CMD: WRCMD     C_f = 0x029   at time   33691195 ps
inst0 ch0:  C_CMD: WRCMD     C_r = 0x091   at time   33692437 ps
inst0 ch0:  C_CMD: WRCMD     C_f = 0x0ab   at time   33692851 ps
inst0 ch0:  C_CMD: WRCMD     C_r = 0x091   at time   33694093 ps
inst0 ch0:  C_CMD: WRCMD     C_f = 0x02b   at time   33694507 ps
inst0 ch0:  C_CMD: WRCMD     C_r = 0x091   at time   33695749 ps
inst0 ch0:  C_CMD: WRCMD     C_f = 0x0a1   at time   33696163 ps
inst0 ch0:  C_CMD: WRCMD     C_r = 0x091   at time   33697405 ps
inst0 ch0:  C_CMD: WRCMD     C_f = 0x021   at time   33697819 ps
inst0 ch0:  C_CMD: WRCMD     C_r = 0x099   at time   33699061 ps
inst0 ch0:  C_CMD: WRCMD     C_f = 0x0a3   at time   33699475 ps
inst0 ch0:  C_CMD: WRCMD     C_r = 0x099   at time   33700717 ps
inst0 ch0:  C_CMD: WRCMD     C_f = 0x023   at time   33701131 ps
inst0 ch0:  R_CMD: ACTCMD    R_r0= 0x2e    at time   37645309 ps
inst0 ch0:  R_CMD: ACTCMD    R_f0= 0x28    at time   37645723 ps
inst0 ch0:  R_CMD: ACTCMD    R_r1= 0x00    at time   37646137 ps
inst0 ch0:  R_CMD: ACTCMD    R_f1= 0x02    at time   37646551 ps
inst0 ch0:  R_CMD: ACTCMD    R_r0= 0x2e    at time   37647793 ps
inst0 ch0:  R_CMD: ACTCMD    R_f0= 0x20    at time   37648207 ps
inst0 ch0:  R_CMD: ACTCMD    R_r1= 0x00    at time   37648621 ps
inst0 ch0:  R_CMD: ACTCMD    R_f1= 0x02    at time   37649035 ps
inst0 ch0:  C_CMD: RDCMD     C_r = 0x0d5   at time   37660213 ps
inst0 ch0:  C_CMD: RDCMD     C_f = 0x0a9   at time   37660627 ps
inst0 ch0:  C_CMD: RDCMD     C_r = 0x0d5   at time   37662697 ps
inst0 ch0:  C_CMD: RDCMD     C_f = 0x029   at time   37663111 ps
inst0 ch0:  C_CMD: RDCMD     C_r = 0x0d5   at time   37663525 ps
inst0 ch0:  C_CMD: RDCMD     C_f = 0x0ab   at time   37663939 ps
inst0 ch0:  C_CMD: RDCMD     C_r = 0x0d5   at time   37666009 ps
inst0 ch0:  C_CMD: RDCMD     C_f = 0x02b   at time   37666423 ps
inst0 ch0:  C_CMD: RDCMD     C_r = 0x0d5   at time   37666837 ps
inst0 ch0:  C_CMD: RDCMD     C_f = 0x0a1   at time   37667251 ps
inst0 ch0:  C_CMD: RDCMD     C_r = 0x0d5   at time   37669321 ps
inst0 ch0:  C_CMD: RDCMD     C_f = 0x021   at time   37669735 ps
inst0 ch0:  C_CMD: RDCMD     C_r = 0x0dd   at time   37670149 ps
inst0 ch0:  C_CMD: RDCMD     C_f = 0x0a3   at time   37670563 ps
inst0 ch0:  C_CMD: RDCMD     C_r = 0x0dd   at time   37672633 ps
inst0 ch0:  C_CMD: RDCMD     C_f = 0x023   at time   37673047 ps
inst0 ch0:  R_CMD: ACTCMD    R_r0= 0x2e    at time   37784413 ps
inst0 ch0:  R_CMD: ACTCMD    R_f0= 0x28    at time   37784827 ps
inst0 ch0:  R_CMD: ACTCMD    R_r1= 0x00    at time   37785241 ps
inst0 ch0:  R_CMD: ACTCMD    R_f1= 0x02    at time   37785655 ps
inst0 ch0:  R_CMD: ACTCMD    R_r0= 0x2e    at time   37786897 ps
inst0 ch0:  R_CMD: ACTCMD    R_f0= 0x20    at time   37787311 ps
inst0 ch0:  R_CMD: ACTCMD    R_r1= 0x00    at time   37787725 ps
inst0 ch0:  R_CMD: ACTCMD    R_f1= 0x02    at time   37788139 ps
inst0 ch0:  C_CMD: WRCMD     C_r = 0x0d1   at time   37795177 ps
inst0 ch0:  C_CMD: WRCMD     C_f = 0x0a9   at time   37795591 ps
inst0 ch0:  C_CMD: WRCMD     C_r = 0x0d1   at time   37797661 ps
inst0 ch0:  C_CMD: WRCMD     C_f = 0x029   at time   37798075 ps
inst0 ch0:  C_CMD: WRCMD     C_r = 0x0d1   at time   37798489 ps
inst0 ch0:  C_CMD: WRCMD     C_f = 0x0ab   at time   37798903 ps
inst0 ch0:  C_CMD: WRCMD     C_r = 0x0d1   at time   37800973 ps
inst0 ch0:  C_CMD: WRCMD     C_f = 0x02b   at time   37801387 ps
inst0 ch0:  C_CMD: WRCMD     C_r = 0x0d1   at time   37801801 ps
inst0 ch0:  C_CMD: WRCMD     C_f = 0x0a1   at time   37802215 ps
inst0 ch0:  C_CMD: WRCMD     C_r = 0x0d1   at time   37804285 ps
inst0 ch0:  C_CMD: WRCMD     C_f = 0x021   at time   37804699 ps
inst0 ch0:  C_CMD: WRCMD     C_r = 0x0d9   at time   37805113 ps
inst0 ch0:  C_CMD: WRCMD     C_f = 0x0a3   at time   37805527 ps
inst0 ch0:  C_CMD: WRCMD     C_r = 0x0d9   at time   37807597 ps
inst0 ch0:  C_CMD: WRCMD     C_f = 0x023   at time   37808011 ps
inst0 ch0:  R_CMD: ACTCMD    R_r0= 0x22    at time   54548101 ps
inst0 ch0:  R_CMD: ACTCMD    R_f0= 0x22    at time   54548515 ps
inst0 ch0:  R_CMD: ACTCMD    R_r1= 0x00    at time   54548929 ps
inst0 ch0:  R_CMD: ACTCMD    R_f1= 0x00    at time   54549343 ps
inst0 ch0:  R_CMD: ACTCMD    R_r0= 0x22    at time   54549757 ps
inst0 ch0:  R_CMD: ACTCMD    R_f0= 0x2a    at time   54550171 ps
inst0 ch0:  R_CMD: ACTCMD    R_r1= 0x00    at time   54550585 ps
inst0 ch0:  R_CMD: ACTCMD    R_f1= 0x00    at time   54550999 ps
inst0 ch0:  R_CMD: ACTCMD    R_r0= 0x02    at time   54552241 ps
inst0 ch0:  R_CMD: ACTCMD    R_f0= 0x22    at time   54552655 ps
inst0 ch0:  R_CMD: ACTCMD    R_r1= 0x00    at time   54553069 ps
inst0 ch0:  R_CMD: ACTCMD    R_f1= 0x00    at time   54553483 ps
inst0 ch0:  R_CMD: ACTCMD    R_r0= 0x02    at time   54553897 ps
inst0 ch0:  R_CMD: ACTCMD    R_f0= 0x2a    at time   54554311 ps
inst0 ch0:  R_CMD: ACTCMD    R_r1= 0x00    at time   54554725 ps
inst0 ch0:  R_CMD: ACTCMD    R_f1= 0x00    at time   54555139 ps
inst0 ch0:  R_CMD: ACTCMD    R_r0= 0x22    at time   54556381 ps
inst0 ch0:  R_CMD: ACTCMD    R_f0= 0x02    at time   54556795 ps
inst0 ch0:  R_CMD: ACTCMD    R_r1= 0x00    at time   54557209 ps
inst0 ch0:  R_CMD: ACTCMD    R_f1= 0x00    at time   54557623 ps
inst0 ch0:  R_CMD: ACTCMD    R_r0= 0x22    at time   54558037 ps
inst0 ch0:  R_CMD: ACTCMD    R_f0= 0x0a    at time   54558451 ps
inst0 ch0:  R_CMD: ACTCMD    R_r1= 0x00    at time   54558865 ps
inst0 ch0:  R_CMD: ACTCMD    R_f1= 0x00    at time   54559279 ps
inst0 ch0:  R_CMD: ACTCMD    R_r0= 0x02    at time   54560521 ps
inst0 ch0:  R_CMD: ACTCMD    R_f0= 0x02    at time   54560935 ps
inst0 ch0:  R_CMD: ACTCMD    R_r1= 0x00    at time   54561349 ps
inst0 ch0:  R_CMD: ACTCMD    R_f1= 0x00    at time   54561763 ps
inst0 ch0:  R_CMD: ACTCMD    R_r0= 0x02    at time   54562177 ps
inst0 ch0:  R_CMD: ACTCMD    R_f0= 0x0a    at time   54562591 ps
inst0 ch0:  R_CMD: ACTCMD    R_r1= 0x00    at time   54563005 ps
inst0 ch0:  C_CMD: RDCMD     C_r = 0x0c5   at time   54563005 ps
inst0 ch0:  R_CMD: ACTCMD    R_f1= 0x00    at time   54563419 ps
inst0 ch0:  C_CMD: RDCMD     C_f = 0x000   at time   54563419 ps
inst0 ch0:  C_CMD: RDCMD     C_r = 0x0c5   at time   54564661 ps
inst0 ch0:  C_CMD: RDCMD     C_f = 0x080   at time   54565075 ps
inst0 ch0:  C_CMD: RDCMD     C_r = 0x0cd   at time   54566317 ps
inst0 ch0:  C_CMD: RDCMD     C_f = 0x002   at time   54566731 ps
inst0 ch0:  C_CMD: RDCMD     C_r = 0x085   at time   54567973 ps
inst0 ch0:  C_CMD: RDCMD     C_f = 0x000   at time   54568387 ps
inst0 ch0:  C_CMD: RDCMD     C_r = 0x0cd   at time   54568801 ps
inst0 ch0:  C_CMD: RDCMD     C_f = 0x082   at time   54569215 ps
inst0 ch0:  C_CMD: RDCMD     C_r = 0x085   at time   54570457 ps
inst0 ch0:  C_CMD: RDCMD     C_f = 0x080   at time   54570871 ps
inst0 ch0:  C_CMD: RDCMD     C_r = 0x08d   at time   54571285 ps
inst0 ch0:  C_CMD: RDCMD     C_f = 0x002   at time   54571699 ps
inst0 ch0:  C_CMD: RDCMD     C_r = 0x045   at time   54572941 ps
inst0 ch0:  C_CMD: RDCMD     C_f = 0x000   at time   54573355 ps
inst0 ch0:  C_CMD: RDCMD     C_r = 0x08d   at time   54573769 ps
inst0 ch0:  C_CMD: RDCMD     C_f = 0x082   at time   54574183 ps
inst0 ch0:  C_CMD: RDCMD     C_r = 0x005   at time   54575425 ps
inst0 ch0:  C_CMD: RDCMD     C_f = 0x000   at time   54575839 ps
inst0 ch0:  C_CMD: RDCMD     C_r = 0x045   at time   54576253 ps
inst0 ch0:  C_CMD: RDCMD     C_f = 0x080   at time   54576667 ps
inst0 ch0:  C_CMD: RDCMD     C_r = 0x04d   at time   54577081 ps
inst0 ch0:  C_CMD: RDCMD     C_f = 0x002   at time   54577495 ps
inst0 ch0:  C_CMD: RDCMD     C_r = 0x005   at time   54577909 ps
inst0 ch0:  C_CMD: RDCMD     C_f = 0x080   at time   54578323 ps
inst0 ch0:  C_CMD: RDCMD     C_r = 0x00d   at time   54578737 ps
inst0 ch0:  C_CMD: RDCMD     C_f = 0x002   at time   54579151 ps
inst0 ch0:  C_CMD: RDCMD     C_r = 0x04d   at time   54579565 ps
inst0 ch0:  C_CMD: RDCMD     C_f = 0x082   at time   54579979 ps
inst0 ch0:  C_CMD: RDCMD     C_r = 0x00d   at time   54581221 ps
inst0 ch0:  C_CMD: RDCMD     C_f = 0x082   at time   54581635 ps
inst0 ch0:  R_CMD: ACTCMD    R_r0= 0x2a    at time   55124389 ps
inst0 ch0:  R_CMD: ACTCMD    R_f0= 0x22    at time   55124803 ps
inst0 ch0:  R_CMD: ACTCMD    R_r1= 0x00    at time   55125217 ps
inst0 ch0:  R_CMD: ACTCMD    R_f1= 0x00    at time   55125631 ps
inst0 ch0:  R_CMD: ACTCMD    R_r0= 0x0a    at time   55128529 ps
inst0 ch0:  R_CMD: ACTCMD    R_f0= 0x22    at time   55128943 ps
inst0 ch0:  R_CMD: ACTCMD    R_r1= 0x00    at time   55129357 ps
inst0 ch0:  R_CMD: ACTCMD    R_f1= 0x00    at time   55129771 ps
inst0 ch0:  R_CMD: ACTCMD    R_r0= 0x2a    at time   55132669 ps
inst0 ch0:  R_CMD: ACTCMD    R_f0= 0x02    at time   55133083 ps
inst0 ch0:  R_CMD: ACTCMD    R_r1= 0x00    at time   55133497 ps
inst0 ch0:  R_CMD: ACTCMD    R_f1= 0x00    at time   55133911 ps
inst0 ch0:  R_CMD: ACTCMD    R_r0= 0x2a    at time   55135981 ps
inst0 ch0:  R_CMD: ACTCMD    R_f0= 0x2a    at time   55136395 ps
inst0 ch0:  R_CMD: ACTCMD    R_r1= 0x00    at time   55136809 ps
inst0 ch0:  R_CMD: ACTCMD    R_f1= 0x00    at time   55137223 ps
inst0 ch0:  R_CMD: ACTCMD    R_r0= 0x0a    at time   55137637 ps
inst0 ch0:  R_CMD: ACTCMD    R_f0= 0x02    at time   55138051 ps
inst0 ch0:  R_CMD: ACTCMD    R_r1= 0x00    at time   55138465 ps
inst0 ch0:  R_CMD: ACTCMD    R_f1= 0x00    at time   55138879 ps
inst0 ch0:  C_CMD: RDCMD     C_r = 0x0d5   at time   55139293 ps
inst0 ch0:  C_CMD: RDCMD     C_f = 0x000   at time   55139707 ps
inst0 ch0:  R_CMD: ACTCMD    R_r0= 0x0a    at time   55140121 ps
inst0 ch0:  R_CMD: ACTCMD    R_f0= 0x2a    at time   55140535 ps
inst0 ch0:  R_CMD: ACTCMD    R_r1= 0x00    at time   55140949 ps
inst0 ch0:  R_CMD: ACTCMD    R_f1= 0x00    at time   55141363 ps
inst0 ch0:  C_CMD: RDCMD     C_r = 0x0dd   at time   55142605 ps
inst0 ch0:  C_CMD: RDCMD     C_f = 0x002   at time   55143019 ps
inst0 ch0:  R_CMD: ACTCMD    R_r0= 0x2a    at time   55144261 ps
inst0 ch0:  C_CMD: RDCMD     C_r = 0x095   at time   55144261 ps
inst0 ch0:  R_CMD: ACTCMD    R_f0= 0x0a    at time   55144675 ps
inst0 ch0:  C_CMD: RDCMD     C_f = 0x000   at time   55144675 ps
inst0 ch0:  R_CMD: ACTCMD    R_r1= 0x00    at time   55145089 ps
inst0 ch0:  R_CMD: ACTCMD    R_f1= 0x00    at time   55145503 ps
inst0 ch0:  C_CMD: RDCMD     C_r = 0x09d   at time   55147573 ps
inst0 ch0:  C_CMD: RDCMD     C_f = 0x002   at time   55147987 ps
inst0 ch0:  R_CMD: ACTCMD    R_r0= 0x0a    at time   55148401 ps
inst0 ch0:  R_CMD: ACTCMD    R_f0= 0x0a    at time   55148815 ps
inst0 ch0:  R_CMD: ACTCMD    R_r1= 0x00    at time   55149229 ps
inst0 ch0:  C_CMD: RDCMD     C_r = 0x055   at time   55149229 ps
inst0 ch0:  R_CMD: ACTCMD    R_f1= 0x00    at time   55149643 ps
inst0 ch0:  C_CMD: RDCMD     C_f = 0x000   at time   55149643 ps
inst0 ch0:  C_CMD: RDCMD     C_r = 0x0d5   at time   55150885 ps
inst0 ch0:  C_CMD: RDCMD     C_f = 0x080   at time   55151299 ps
inst0 ch0:  C_CMD: RDCMD     C_r = 0x05d   at time   55152541 ps
inst0 ch0:  C_CMD: RDCMD     C_f = 0x002   at time   55152955 ps
inst0 ch0:  C_CMD: RDCMD     C_r = 0x015   at time   55154197 ps
inst0 ch0:  C_CMD: RDCMD     C_f = 0x000   at time   55154611 ps
inst0 ch0:  C_CMD: RDCMD     C_r = 0x0dd   at time   55155025 ps
inst0 ch0:  C_CMD: RDCMD     C_f = 0x082   at time   55155439 ps
inst0 ch0:  C_CMD: RDCMD     C_r = 0x095   at time   55156681 ps
inst0 ch0:  C_CMD: RDCMD     C_f = 0x080   at time   55157095 ps
inst0 ch0:  C_CMD: RDCMD     C_r = 0x01d   at time   55157509 ps
inst0 ch0:  C_CMD: RDCMD     C_f = 0x002   at time   55157923 ps
inst0 ch0:  C_CMD: RDCMD     C_r = 0x055   at time   55159165 ps
inst0 ch0:  C_CMD: RDCMD     C_f = 0x080   at time   55159579 ps
inst0 ch0:  C_CMD: RDCMD     C_r = 0x09d   at time   55160821 ps
inst0 ch0:  C_CMD: RDCMD     C_f = 0x082   at time   55161235 ps
inst0 ch0:  C_CMD: RDCMD     C_r = 0x05d   at time   55162477 ps
inst0 ch0:  C_CMD: RDCMD     C_f = 0x082   at time   55162891 ps
inst0 ch0:  C_CMD: RDCMD     C_r = 0x015   at time   55164133 ps
inst0 ch0:  C_CMD: RDCMD     C_f = 0x080   at time   55164547 ps
inst0 ch0:  C_CMD: RDCMD     C_r = 0x01d   at time   55167445 ps
inst0 ch0:  C_CMD: RDCMD     C_f = 0x082   at time   55167859 ps
inst0 ch0:  R_CMD: ACTCMD    R_r0= 0x32    at time   55382725 ps
inst0 ch0:  R_CMD: ACTCMD    R_f0= 0x22    at time   55383139 ps
inst0 ch0:  R_CMD: ACTCMD    R_r1= 0x00    at time   55383553 ps
inst0 ch0:  R_CMD: ACTCMD    R_f1= 0x00    at time   55383967 ps
inst0 ch0:  R_CMD: ACTCMD    R_r0= 0x12    at time   55386865 ps
inst0 ch0:  R_CMD: ACTCMD    R_f0= 0x22    at time   55387279 ps
inst0 ch0:  R_CMD: ACTCMD    R_r1= 0x00    at time   55387693 ps
inst0 ch0:  R_CMD: ACTCMD    R_f1= 0x00    at time   55388107 ps
inst0 ch0:  R_CMD: ACTCMD    R_r0= 0x32    at time   55391005 ps
inst0 ch0:  R_CMD: ACTCMD    R_f0= 0x02    at time   55391419 ps
inst0 ch0:  R_CMD: ACTCMD    R_r1= 0x00    at time   55391833 ps
inst0 ch0:  R_CMD: ACTCMD    R_f1= 0x00    at time   55392247 ps
inst0 ch0:  C_CMD: RDCMD     C_r = 0x0e5   at time   55397629 ps
inst0 ch0:  C_CMD: RDCMD     C_f = 0x000   at time   55398043 ps
inst0 ch0:  R_CMD: ACTCMD    R_r0= 0x12    at time   55400941 ps
inst0 ch0:  C_CMD: RDCMD     C_r = 0x0ed   at time   55400941 ps
inst0 ch0:  R_CMD: ACTCMD    R_f0= 0x02    at time   55401355 ps
inst0 ch0:  C_CMD: RDCMD     C_f = 0x002   at time   55401355 ps
inst0 ch0:  R_CMD: ACTCMD    R_r1= 0x00    at time   55401769 ps
inst0 ch0:  R_CMD: ACTCMD    R_f1= 0x00    at time   55402183 ps
inst0 ch0:  C_CMD: RDCMD     C_r = 0x0a5   at time   55402597 ps
inst0 ch0:  C_CMD: RDCMD     C_f = 0x000   at time   55403011 ps
inst0 ch0:  R_CMD: ACTCMD    R_r0= 0x32    at time   55405909 ps
inst0 ch0:  C_CMD: RDCMD     C_r = 0x0ad   at time   55405909 ps
inst0 ch0:  R_CMD: ACTCMD    R_f0= 0x2a    at time   55406323 ps
inst0 ch0:  C_CMD: RDCMD     C_f = 0x002   at time   55406323 ps
inst0 ch0:  R_CMD: ACTCMD    R_r1= 0x00    at time   55406737 ps
inst0 ch0:  R_CMD: ACTCMD    R_f1= 0x00    at time   55407151 ps
inst0 ch0:  C_CMD: RDCMD     C_r = 0x065   at time   55407565 ps
inst0 ch0:  C_CMD: RDCMD     C_f = 0x000   at time   55407979 ps
inst0 ch0:  R_CMD: ACTCMD    R_r0= 0x12    at time   55410049 ps
inst0 ch0:  R_CMD: ACTCMD    R_f0= 0x2a    at time   55410463 ps
inst0 ch0:  R_CMD: ACTCMD    R_r1= 0x00    at time   55410877 ps
inst0 ch0:  C_CMD: RDCMD     C_r = 0x06d   at time   55410877 ps
inst0 ch0:  R_CMD: ACTCMD    R_f1= 0x00    at time   55411291 ps
inst0 ch0:  C_CMD: RDCMD     C_f = 0x002   at time   55411291 ps
inst0 ch0:  R_CMD: ACTCMD    R_r0= 0x32    at time   55414189 ps
inst0 ch0:  R_CMD: ACTCMD    R_f0= 0x0a    at time   55414603 ps
inst0 ch0:  R_CMD: ACTCMD    R_r1= 0x00    at time   55415017 ps
inst0 ch0:  R_CMD: ACTCMD    R_f1= 0x00    at time   55415431 ps
inst0 ch0:  C_CMD: RDCMD     C_r = 0x025   at time   55415845 ps
inst0 ch0:  C_CMD: RDCMD     C_f = 0x000   at time   55416259 ps
inst0 ch0:  R_CMD: ACTCMD    R_r0= 0x12    at time   55418329 ps
inst0 ch0:  R_CMD: ACTCMD    R_f0= 0x0a    at time   55418743 ps
inst0 ch0:  R_CMD: ACTCMD    R_r1= 0x00    at time   55419157 ps
inst0 ch0:  C_CMD: RDCMD     C_r = 0x02d   at time   55419157 ps
inst0 ch0:  R_CMD: ACTCMD    R_f1= 0x00    at time   55419571 ps
inst0 ch0:  C_CMD: RDCMD     C_f = 0x002   at time   55419571 ps
inst0 ch0:  C_CMD: RDCMD     C_r = 0x0e5   at time   55420813 ps
inst0 ch0:  C_CMD: RDCMD     C_f = 0x080   at time   55421227 ps
inst0 ch0:  C_CMD: RDCMD     C_r = 0x0ed   at time   55424125 ps
inst0 ch0:  C_CMD: RDCMD     C_f = 0x082   at time   55424539 ps
inst0 ch0:  C_CMD: RDCMD     C_r = 0x0a5   at time   55425781 ps
inst0 ch0:  C_CMD: RDCMD     C_f = 0x080   at time   55426195 ps
inst0 ch0:  C_CMD: RDCMD     C_r = 0x0ad   at time   55429093 ps
inst0 ch0:  C_CMD: RDCMD     C_f = 0x082   at time   55429507 ps
inst0 ch0:  C_CMD: RDCMD     C_r = 0x065   at time   55430749 ps
inst0 ch0:  C_CMD: RDCMD     C_f = 0x080   at time   55431163 ps
inst0 ch0:  C_CMD: RDCMD     C_r = 0x025   at time   55433233 ps
inst0 ch0:  C_CMD: RDCMD     C_f = 0x080   at time   55433647 ps
inst0 ch0:  C_CMD: RDCMD     C_r = 0x06d   at time   55434889 ps
inst0 ch0:  C_CMD: RDCMD     C_f = 0x082   at time   55435303 ps
inst0 ch0:  C_CMD: RDCMD     C_r = 0x02d   at time   55436545 ps
inst0 ch0:  C_CMD: RDCMD     C_f = 0x082   at time   55436959 ps
inst0 ch0:  R_CMD: ACTCMD    R_r0= 0x3a    at time   55832329 ps
inst0 ch0:  R_CMD: ACTCMD    R_f0= 0x22    at time   55832743 ps
inst0 ch0:  R_CMD: ACTCMD    R_r1= 0x00    at time   55833157 ps
inst0 ch0:  R_CMD: ACTCMD    R_f1= 0x00    at time   55833571 ps
inst0 ch0:  R_CMD: ACTCMD    R_r0= 0x1a    at time   55836469 ps
inst0 ch0:  R_CMD: ACTCMD    R_f0= 0x22    at time   55836883 ps
inst0 ch0:  R_CMD: ACTCMD    R_r1= 0x00    at time   55837297 ps
inst0 ch0:  R_CMD: ACTCMD    R_f1= 0x00    at time   55837711 ps
inst0 ch0:  R_CMD: ACTCMD    R_r0= 0x3a    at time   55840609 ps
inst0 ch0:  R_CMD: ACTCMD    R_f0= 0x02    at time   55841023 ps
inst0 ch0:  R_CMD: ACTCMD    R_r1= 0x00    at time   55841437 ps
inst0 ch0:  R_CMD: ACTCMD    R_f1= 0x00    at time   55841851 ps
inst0 ch0:  R_CMD: ACTCMD    R_r0= 0x1a    at time   55844749 ps
inst0 ch0:  R_CMD: ACTCMD    R_f0= 0x02    at time   55845163 ps
inst0 ch0:  R_CMD: ACTCMD    R_r1= 0x00    at time   55845577 ps
inst0 ch0:  R_CMD: ACTCMD    R_f1= 0x00    at time   55845991 ps
inst0 ch0:  C_CMD: RDCMD     C_r = 0x0f5   at time   55847233 ps
inst0 ch0:  C_CMD: RDCMD     C_f = 0x000   at time   55847647 ps
inst0 ch0:  C_CMD: RDCMD     C_r = 0x0fd   at time   55850545 ps
inst0 ch0:  C_CMD: RDCMD     C_f = 0x002   at time   55850959 ps
inst0 ch0:  C_CMD: RDCMD     C_r = 0x0b5   at time   55852201 ps
inst0 ch0:  C_CMD: RDCMD     C_f = 0x000   at time   55852615 ps
inst0 ch0:  C_CMD: RDCMD     C_r = 0x0bd   at time   55855513 ps
inst0 ch0:  C_CMD: RDCMD     C_f = 0x002   at time   55855927 ps
inst0 ch0:  C_CMD: RDCMD     C_r = 0x075   at time   55857169 ps
inst0 ch0:  C_CMD: RDCMD     C_f = 0x000   at time   55857583 ps
inst0 ch0:  R_CMD: ACTCMD    R_r0= 0x3a    at time   55857997 ps
inst0 ch0:  R_CMD: ACTCMD    R_f0= 0x2a    at time   55858411 ps
inst0 ch0:  R_CMD: ACTCMD    R_r1= 0x00    at time   55858825 ps
inst0 ch0:  R_CMD: ACTCMD    R_f1= 0x00    at time   55859239 ps
inst0 ch0:  C_CMD: RDCMD     C_r = 0x035   at time   55859653 ps
inst0 ch0:  C_CMD: RDCMD     C_f = 0x000   at time   55860067 ps
inst0 ch0:  C_CMD: RDCMD     C_r = 0x07d   at time   55861309 ps
inst0 ch0:  C_CMD: RDCMD     C_f = 0x002   at time   55861723 ps
inst0 ch0:  R_CMD: ACTCMD    R_r0= 0x1a    at time   55862137 ps
inst0 ch0:  R_CMD: ACTCMD    R_f0= 0x2a    at time   55862551 ps
inst0 ch0:  R_CMD: ACTCMD    R_r1= 0x00    at time   55862965 ps
inst0 ch0:  C_CMD: RDCMD     C_r = 0x03d   at time   55862965 ps
inst0 ch0:  R_CMD: ACTCMD    R_f1= 0x00    at time   55863379 ps
inst0 ch0:  C_CMD: RDCMD     C_f = 0x002   at time   55863379 ps
inst0 ch0:  R_CMD: ACTCMD    R_r0= 0x3a    at time   55866277 ps
inst0 ch0:  R_CMD: ACTCMD    R_f0= 0x0a    at time   55866691 ps
inst0 ch0:  R_CMD: ACTCMD    R_r1= 0x00    at time   55867105 ps
inst0 ch0:  R_CMD: ACTCMD    R_f1= 0x00    at time   55867519 ps
inst0 ch0:  R_CMD: ACTCMD    R_r0= 0x1a    at time   55870417 ps
inst0 ch0:  R_CMD: ACTCMD    R_f0= 0x0a    at time   55870831 ps
inst0 ch0:  R_CMD: ACTCMD    R_r1= 0x00    at time   55871245 ps
inst0 ch0:  R_CMD: ACTCMD    R_f1= 0x00    at time   55871659 ps
inst0 ch0:  C_CMD: RDCMD     C_r = 0x0f5   at time   55872901 ps
inst0 ch0:  C_CMD: RDCMD     C_f = 0x080   at time   55873315 ps
inst0 ch0:  C_CMD: RDCMD     C_r = 0x0fd   at time   55876213 ps
inst0 ch0:  C_CMD: RDCMD     C_f = 0x082   at time   55876627 ps
inst0 ch0:  C_CMD: RDCMD     C_r = 0x0b5   at time   55877869 ps
inst0 ch0:  C_CMD: RDCMD     C_f = 0x080   at time   55878283 ps
inst0 ch0:  C_CMD: RDCMD     C_r = 0x0bd   at time   55881181 ps
inst0 ch0:  C_CMD: RDCMD     C_f = 0x082   at time   55881595 ps
inst0 ch0:  C_CMD: RDCMD     C_r = 0x075   at time   55882837 ps
inst0 ch0:  C_CMD: RDCMD     C_f = 0x080   at time   55883251 ps
inst0 ch0:  C_CMD: RDCMD     C_r = 0x035   at time   55885321 ps
inst0 ch0:  C_CMD: RDCMD     C_f = 0x080   at time   55885735 ps
inst0 ch0:  C_CMD: RDCMD     C_r = 0x07d   at time   55886977 ps
inst0 ch0:  C_CMD: RDCMD     C_f = 0x082   at time   55887391 ps
inst0 ch0:  C_CMD: RDCMD     C_r = 0x03d   at time   55888633 ps
inst0 ch0:  C_CMD: RDCMD     C_f = 0x082   at time   55889047 ps
inst0 ch0:  R_CMD: ACTCMD    R_r0= 0x02    at time   56170981 ps
inst0 ch0:  R_CMD: ACTCMD    R_f0= 0x10    at time   56171395 ps
inst0 ch0:  R_CMD: ACTCMD    R_r1= 0x3f    at time   56171809 ps
inst0 ch0:  R_CMD: ACTCMD    R_f1= 0x3b    at time   56172223 ps
inst0 ch0:  C_CMD: RDCMD     C_r = 0x005   at time   56185885 ps
inst0 ch0:  C_CMD: RDCMD     C_f = 0x078   at time   56186299 ps
inst0 ch0:  C_CMD: RDCMD     C_r = 0x00d   at time   56189197 ps
inst0 ch0:  C_CMD: RDCMD     C_f = 0x07a   at time   56189611 ps
inst0 ch0:  R_CMD: ACTCMD    R_r0= 0x02    at time   56243845 ps
inst0 ch0:  R_CMD: ACTCMD    R_f0= 0x10    at time   56244259 ps
inst0 ch0:  R_CMD: ACTCMD    R_r1= 0x3f    at time   56244673 ps
inst0 ch0:  R_CMD: ACTCMD    R_f1= 0x3b    at time   56245087 ps
inst0 ch0:  C_CMD: WRCMD     C_r = 0x001   at time   56254609 ps
inst0 ch0:  C_CMD: WRCMD     C_f = 0x078   at time   56255023 ps
inst0 ch0:  C_CMD: WRCMD     C_r = 0x009   at time   56257921 ps
inst0 ch0:  C_CMD: WRCMD     C_f = 0x07a   at time   56258335 ps
inst0 ch0:  R_CMD: ACTCMD    R_r0= 0x02    at time   56275309 ps
inst0 ch0:  R_CMD: ACTCMD    R_f0= 0x18    at time   56275723 ps
inst0 ch0:  R_CMD: ACTCMD    R_r1= 0x3f    at time   56276137 ps
inst0 ch0:  R_CMD: ACTCMD    R_f1= 0x3b    at time   56276551 ps
inst0 ch0:  C_CMD: RDCMD     C_r = 0x005   at time   56290213 ps
inst0 ch0:  C_CMD: RDCMD     C_f = 0x0f8   at time   56290627 ps
inst0 ch0:  C_CMD: RDCMD     C_r = 0x00d   at time   56293525 ps
inst0 ch0:  C_CMD: RDCMD     C_f = 0x0fa   at time   56293939 ps
inst0 ch0:  R_CMD: ACTCMD    R_r0= 0x02    at time   56348173 ps
inst0 ch0:  R_CMD: ACTCMD    R_f0= 0x18    at time   56348587 ps
inst0 ch0:  R_CMD: ACTCMD    R_r1= 0x3f    at time   56349001 ps
inst0 ch0:  R_CMD: ACTCMD    R_f1= 0x3b    at time   56349415 ps
inst0 ch0:  C_CMD: WRCMD     C_r = 0x001   at time   56358937 ps
inst0 ch0:  C_CMD: WRCMD     C_f = 0x0f8   at time   56359351 ps
inst0 ch0:  C_CMD: WRCMD     C_r = 0x009   at time   56362249 ps
inst0 ch0:  C_CMD: WRCMD     C_f = 0x0fa   at time   56362663 ps
inst0 ch0:  R_CMD: ACTCMD    R_r0= 0x0a    at time   56522053 ps
inst0 ch0:  R_CMD: ACTCMD    R_f0= 0x10    at time   56522467 ps
inst0 ch0:  R_CMD: ACTCMD    R_r1= 0x3f    at time   56522881 ps
inst0 ch0:  R_CMD: ACTCMD    R_f1= 0x3b    at time   56523295 ps
inst0 ch0:  C_CMD: RDCMD     C_r = 0x015   at time   56536957 ps
inst0 ch0:  C_CMD: RDCMD     C_f = 0x078   at time   56537371 ps
inst0 ch0:  C_CMD: RDCMD     C_r = 0x01d   at time   56540269 ps
inst0 ch0:  C_CMD: RDCMD     C_f = 0x07a   at time   56540683 ps
inst0 ch0:  R_CMD: ACTCMD    R_r0= 0x0a    at time   56580013 ps
inst0 ch0:  R_CMD: ACTCMD    R_f0= 0x18    at time   56580427 ps
inst0 ch0:  R_CMD: ACTCMD    R_r1= 0x3f    at time   56580841 ps
inst0 ch0:  R_CMD: ACTCMD    R_f1= 0x3b    at time   56581255 ps
inst0 ch0:  C_CMD: RDCMD     C_r = 0x015   at time   56594917 ps
inst0 ch0:  C_CMD: RDCMD     C_f = 0x0f8   at time   56595331 ps
inst0 ch0:  C_CMD: RDCMD     C_r = 0x01d   at time   56598229 ps
inst0 ch0:  C_CMD: RDCMD     C_f = 0x0fa   at time   56598643 ps
inst0 ch0:  R_CMD: ACTCMD    R_r0= 0x0a    at time   56739817 ps
inst0 ch0:  R_CMD: ACTCMD    R_f0= 0x10    at time   56740231 ps
inst0 ch0:  R_CMD: ACTCMD    R_r1= 0x3f    at time   56740645 ps
inst0 ch0:  R_CMD: ACTCMD    R_f1= 0x3b    at time   56741059 ps
inst0 ch0:  C_CMD: WRCMD     C_r = 0x011   at time   56750581 ps
inst0 ch0:  C_CMD: WRCMD     C_f = 0x078   at time   56750995 ps
inst0 ch0:  C_CMD: WRCMD     C_r = 0x019   at time   56753893 ps
inst0 ch0:  C_CMD: WRCMD     C_f = 0x07a   at time   56754307 ps
inst0 ch0:  R_CMD: ACTCMD    R_r0= 0x02    at time   56830897 ps
inst0 ch0:  R_CMD: ACTCMD    R_f0= 0x30    at time   56831311 ps
inst0 ch0:  R_CMD: ACTCMD    R_r1= 0x3f    at time   56831725 ps
inst0 ch0:  R_CMD: ACTCMD    R_f1= 0x3b    at time   56832139 ps
inst0 ch0:  C_CMD: RDCMD     C_r = 0x085   at time   56845801 ps
inst0 ch0:  C_CMD: RDCMD     C_f = 0x078   at time   56846215 ps
inst0 ch0:  C_CMD: RDCMD     C_r = 0x08d   at time   56849113 ps
inst0 ch0:  C_CMD: RDCMD     C_f = 0x07a   at time   56849527 ps
inst0 ch0:  R_CMD: ACTCMD    R_r0= 0x0a    at time   56855737 ps
inst0 ch0:  R_CMD: ACTCMD    R_f0= 0x18    at time   56856151 ps
inst0 ch0:  R_CMD: ACTCMD    R_r1= 0x3f    at time   56856565 ps
inst0 ch0:  R_CMD: ACTCMD    R_f1= 0x3b    at time   56856979 ps
inst0 ch0:  C_CMD: WRCMD     C_r = 0x011   at time   56866501 ps
inst0 ch0:  C_CMD: WRCMD     C_f = 0x0f8   at time   56866915 ps
inst0 ch0:  C_CMD: WRCMD     C_r = 0x019   at time   56869813 ps
inst0 ch0:  C_CMD: WRCMD     C_f = 0x0fa   at time   56870227 ps
inst0 ch0:  R_CMD: ACTCMD    R_r0= 0x02    at time   56918665 ps
inst0 ch0:  R_CMD: ACTCMD    R_f0= 0x30    at time   56919079 ps
inst0 ch0:  R_CMD: ACTCMD    R_r1= 0x3f    at time   56919493 ps
inst0 ch0:  R_CMD: ACTCMD    R_f1= 0x3b    at time   56919907 ps
inst0 ch0:  C_CMD: WRCMD     C_r = 0x081   at time   56929429 ps
inst0 ch0:  C_CMD: WRCMD     C_f = 0x078   at time   56929843 ps
inst0 ch0:  C_CMD: WRCMD     C_r = 0x089   at time   56932741 ps
inst0 ch0:  C_CMD: WRCMD     C_f = 0x07a   at time   56933155 ps
inst0 ch0:  R_CMD: ACTCMD    R_r0= 0x02    at time   56942677 ps
inst0 ch0:  R_CMD: ACTCMD    R_f0= 0x38    at time   56943091 ps
inst0 ch0:  R_CMD: ACTCMD    R_r1= 0x3f    at time   56943505 ps
inst0 ch0:  R_CMD: ACTCMD    R_f1= 0x3b    at time   56943919 ps
inst0 ch0:  C_CMD: RDCMD     C_r = 0x085   at time   56957581 ps
inst0 ch0:  C_CMD: RDCMD     C_f = 0x0f8   at time   56957995 ps
inst0 ch0:  C_CMD: RDCMD     C_r = 0x08d   at time   56960893 ps
inst0 ch0:  C_CMD: RDCMD     C_f = 0x0fa   at time   56961307 ps
inst0 ch0:  R_CMD: ACTCMD    R_r0= 0x02    at time   57015541 ps
inst0 ch0:  R_CMD: ACTCMD    R_f0= 0x38    at time   57015955 ps
inst0 ch0:  R_CMD: ACTCMD    R_r1= 0x3f    at time   57016369 ps
inst0 ch0:  R_CMD: ACTCMD    R_f1= 0x3b    at time   57016783 ps
inst0 ch0:  C_CMD: WRCMD     C_r = 0x081   at time   57026305 ps
inst0 ch0:  C_CMD: WRCMD     C_f = 0x0f8   at time   57026719 ps
inst0 ch0:  C_CMD: WRCMD     C_r = 0x089   at time   57029617 ps
inst0 ch0:  C_CMD: WRCMD     C_f = 0x0fa   at time   57030031 ps
inst0 ch0:  R_CMD: ACTCMD    R_r0= 0x0a    at time   57134773 ps
inst0 ch0:  R_CMD: ACTCMD    R_f0= 0x38    at time   57135187 ps
inst0 ch0:  R_CMD: ACTCMD    R_r1= 0x3f    at time   57135601 ps
inst0 ch0:  R_CMD: ACTCMD    R_f1= 0x3b    at time   57136015 ps
inst0 ch0:  R_CMD: ACTCMD    R_r0= 0x0a    at time   57143053 ps
inst0 ch0:  R_CMD: ACTCMD    R_f0= 0x30    at time   57143467 ps
inst0 ch0:  R_CMD: ACTCMD    R_r1= 0x3f    at time   57143881 ps
inst0 ch0:  R_CMD: ACTCMD    R_f1= 0x3b    at time   57144295 ps
inst0 ch0:  C_CMD: RDCMD     C_r = 0x095   at time   57149677 ps
inst0 ch0:  C_CMD: RDCMD     C_f = 0x0f8   at time   57150091 ps
inst0 ch0:  C_CMD: RDCMD     C_r = 0x09d   at time   57152989 ps
inst0 ch0:  C_CMD: RDCMD     C_f = 0x0fa   at time   57153403 ps
inst0 ch0:  C_CMD: RDCMD     C_r = 0x095   at time   57157957 ps
inst0 ch0:  C_CMD: RDCMD     C_f = 0x078   at time   57158371 ps
inst0 ch0:  C_CMD: RDCMD     C_r = 0x09d   at time   57161269 ps
inst0 ch0:  C_CMD: RDCMD     C_f = 0x07a   at time   57161683 ps
inst0 ch0:  R_CMD: ACTCMD    R_r0= 0x0a    at time   57202669 ps
inst0 ch0:  R_CMD: ACTCMD    R_f0= 0x38    at time   57203083 ps
inst0 ch0:  R_CMD: ACTCMD    R_r1= 0x3f    at time   57203497 ps
inst0 ch0:  R_CMD: ACTCMD    R_f1= 0x3b    at time   57203911 ps
inst0 ch0:  R_CMD: ACTCMD    R_r0= 0x0a    at time   57213433 ps
inst0 ch0:  C_CMD: WRCMD     C_r = 0x091   at time   57213433 ps
inst0 ch0:  R_CMD: ACTCMD    R_f0= 0x30    at time   57213847 ps
inst0 ch0:  C_CMD: WRCMD     C_f = 0x0f8   at time   57213847 ps
inst0 ch0:  R_CMD: ACTCMD    R_r1= 0x3f    at time   57214261 ps
inst0 ch0:  R_CMD: ACTCMD    R_f1= 0x3b    at time   57214675 ps
inst0 ch0:  C_CMD: WRCMD     C_r = 0x099   at time   57216745 ps
inst0 ch0:  C_CMD: WRCMD     C_f = 0x0fa   at time   57217159 ps
inst0 ch0:  C_CMD: WRCMD     C_r = 0x091   at time   57224197 ps
inst0 ch0:  C_CMD: WRCMD     C_f = 0x078   at time   57224611 ps
inst0 ch0:  C_CMD: WRCMD     C_r = 0x099   at time   57227509 ps
inst0 ch0:  C_CMD: WRCMD     C_f = 0x07a   at time   57227923 ps
inst0 ch0:  R_CMD: ACTCMD    R_r0= 0x0a    at time   58654153 ps
inst0 ch0:  R_CMD: ACTCMD    R_f0= 0x13    at time   58654567 ps
inst0 ch0:  R_CMD: ACTCMD    R_r1= 0x3f    at time   58654981 ps
inst0 ch0:  R_CMD: ACTCMD    R_f1= 0x3b    at time   58655395 ps
inst0 ch0:  C_CMD: RDCMD     C_r = 0x015   at time   58669057 ps
inst0 ch0:  C_CMD: RDCMD     C_f = 0x010   at time   58669471 ps
inst0 ch0:  C_CMD: RDCMD     C_r = 0x01d   at time   58672369 ps
inst0 ch0:  C_CMD: RDCMD     C_f = 0x012   at time   58672783 ps
inst0 ch0:  R_CMD: ACTCMD    R_r0= 0x0a    at time   58724533 ps
inst0 ch0:  R_CMD: ACTCMD    R_f0= 0x13    at time   58724947 ps
inst0 ch0:  R_CMD: ACTCMD    R_r1= 0x3f    at time   58725361 ps
inst0 ch0:  R_CMD: ACTCMD    R_f1= 0x3b    at time   58725775 ps
inst0 ch0:  C_CMD: WRCMD     C_r = 0x011   at time   58735297 ps
inst0 ch0:  C_CMD: WRCMD     C_f = 0x010   at time   58735711 ps
inst0 ch0:  C_CMD: WRCMD     C_r = 0x019   at time   58738609 ps
inst0 ch0:  C_CMD: WRCMD     C_f = 0x012   at time   58739023 ps
inst0 ch0:  R_CMD: ACTCMD    R_r0= 0x0a    at time   58968793 ps
inst0 ch0:  R_CMD: ACTCMD    R_f0= 0x13    at time   58969207 ps
inst0 ch0:  R_CMD: ACTCMD    R_r1= 0x3f    at time   58969621 ps
inst0 ch0:  R_CMD: ACTCMD    R_f1= 0x3b    at time   58970035 ps
inst0 ch0:  C_CMD: RDCMD     C_r = 0x015   at time   58983697 ps
inst0 ch0:  C_CMD: RDCMD     C_f = 0x010   at time   58984111 ps
inst0 ch0:  C_CMD: RDCMD     C_r = 0x01d   at time   58987009 ps
inst0 ch0:  C_CMD: RDCMD     C_f = 0x012   at time   58987423 ps
inst0 ch0:  R_CMD: ACTCMD    R_r0= 0x0a    at time   58987837 ps
inst0 ch0:  R_CMD: ACTCMD    R_f0= 0x1b    at time   58988251 ps
inst0 ch0:  R_CMD: ACTCMD    R_r1= 0x3f    at time   58988665 ps
inst0 ch0:  R_CMD: ACTCMD    R_f1= 0x3b    at time   58989079 ps
inst0 ch0:  C_CMD: RDCMD     C_r = 0x015   at time   59002741 ps
inst0 ch0:  C_CMD: RDCMD     C_f = 0x090   at time   59003155 ps
inst0 ch0:  C_CMD: RDCMD     C_r = 0x01d   at time   59006053 ps
inst0 ch0:  C_CMD: RDCMD     C_f = 0x092   at time   59006467 ps
inst0 ch0:  R_CMD: ACTCMD    R_r0= 0x0a    at time   59183245 ps
inst0 ch0:  R_CMD: ACTCMD    R_f0= 0x13    at time   59183659 ps
inst0 ch0:  R_CMD: ACTCMD    R_r1= 0x3f    at time   59184073 ps
inst0 ch0:  R_CMD: ACTCMD    R_f1= 0x3b    at time   59184487 ps
inst0 ch0:  R_CMD: ACTCMD    R_r0= 0x0a    at time   59184901 ps
inst0 ch0:  R_CMD: ACTCMD    R_f0= 0x1b    at time   59185315 ps
inst0 ch0:  R_CMD: ACTCMD    R_r1= 0x3f    at time   59185729 ps
inst0 ch0:  R_CMD: ACTCMD    R_f1= 0x3b    at time   59186143 ps
inst0 ch0:  C_CMD: WRCMD     C_r = 0x011   at time   59194009 ps
inst0 ch0:  C_CMD: WRCMD     C_f = 0x010   at time   59194423 ps
inst0 ch0:  C_CMD: WRCMD     C_r = 0x011   at time   59195665 ps
inst0 ch0:  C_CMD: WRCMD     C_f = 0x090   at time   59196079 ps
inst0 ch0:  C_CMD: WRCMD     C_r = 0x019   at time   59197321 ps
inst0 ch0:  C_CMD: WRCMD     C_f = 0x012   at time   59197735 ps
inst0 ch0:  C_CMD: WRCMD     C_r = 0x019   at time   59198977 ps
inst0 ch0:  C_CMD: WRCMD     C_f = 0x092   at time   59199391 ps
inst0 ch0:  R_CMD: ACTCMD    R_r0= 0x0a    at time   59296681 ps
inst0 ch0:  R_CMD: ACTCMD    R_f0= 0x1b    at time   59297095 ps
inst0 ch0:  R_CMD: ACTCMD    R_r1= 0x3f    at time   59297509 ps
inst0 ch0:  R_CMD: ACTCMD    R_f1= 0x3b    at time   59297923 ps
inst0 ch0:  C_CMD: RDCMD     C_r = 0x015   at time   59311585 ps
inst0 ch0:  C_CMD: RDCMD     C_f = 0x090   at time   59311999 ps
inst0 ch0:  C_CMD: RDCMD     C_r = 0x01d   at time   59314897 ps
inst0 ch0:  C_CMD: RDCMD     C_f = 0x092   at time   59315311 ps
inst0 ch0:  R_CMD: ACTCMD    R_r0= 0x0a    at time   59367061 ps
inst0 ch0:  R_CMD: ACTCMD    R_f0= 0x1b    at time   59367475 ps
inst0 ch0:  R_CMD: ACTCMD    R_r1= 0x3f    at time   59367889 ps
inst0 ch0:  R_CMD: ACTCMD    R_f1= 0x3b    at time   59368303 ps
inst0 ch0:  C_CMD: WRCMD     C_r = 0x011   at time   59377825 ps
inst0 ch0:  C_CMD: WRCMD     C_f = 0x090   at time   59378239 ps
inst0 ch0:  C_CMD: WRCMD     C_r = 0x019   at time   59381137 ps
inst0 ch0:  C_CMD: WRCMD     C_f = 0x092   at time   59381551 ps
inst0 ch0:  R_CMD: ACTCMD    R_r0= 0x02    at time   60548617 ps
inst0 ch0:  R_CMD: ACTCMD    R_f0= 0x13    at time   60549031 ps
inst0 ch0:  R_CMD: ACTCMD    R_r1= 0x3f    at time   60549445 ps
inst0 ch0:  R_CMD: ACTCMD    R_f1= 0x3b    at time   60549859 ps
inst0 ch0:  C_CMD: RDCMD     C_r = 0x005   at time   60563521 ps
inst0 ch0:  C_CMD: RDCMD     C_f = 0x000   at time   60563935 ps
inst0 ch0:  C_CMD: RDCMD     C_r = 0x00d   at time   60566833 ps
inst0 ch0:  C_CMD: RDCMD     C_f = 0x002   at time   60567247 ps
inst0 ch0:  R_CMD: ACTCMD    R_r0= 0x02    at time   60592501 ps
inst0 ch0:  R_CMD: ACTCMD    R_f0= 0x1b    at time   60592915 ps
inst0 ch0:  R_CMD: ACTCMD    R_r1= 0x3f    at time   60593329 ps
inst0 ch0:  R_CMD: ACTCMD    R_f1= 0x3b    at time   60593743 ps
inst0 ch0:  C_CMD: RDCMD     C_r = 0x005   at time   60607405 ps
inst0 ch0:  C_CMD: RDCMD     C_f = 0x080   at time   60607819 ps
inst0 ch0:  C_CMD: RDCMD     C_r = 0x00d   at time   60610717 ps
inst0 ch0:  C_CMD: RDCMD     C_f = 0x082   at time   60611131 ps
inst0 ch0:  R_CMD: ACTCMD    R_r0= 0x02    at time   60618997 ps
inst0 ch0:  R_CMD: ACTCMD    R_f0= 0x13    at time   60619411 ps
inst0 ch0:  R_CMD: ACTCMD    R_r1= 0x3f    at time   60619825 ps
inst0 ch0:  R_CMD: ACTCMD    R_f1= 0x3b    at time   60620239 ps
inst0 ch0:  C_CMD: WRCMD     C_r = 0x001   at time   60629761 ps
inst0 ch0:  C_CMD: WRCMD     C_f = 0x000   at time   60630175 ps
inst0 ch0:  C_CMD: WRCMD     C_r = 0x009   at time   60633073 ps
inst0 ch0:  C_CMD: WRCMD     C_f = 0x002   at time   60633487 ps
inst0 ch0:  R_CMD: ACTCMD    R_r0= 0x02    at time   60662881 ps
inst0 ch0:  R_CMD: ACTCMD    R_f0= 0x1b    at time   60663295 ps
inst0 ch0:  R_CMD: ACTCMD    R_r1= 0x3f    at time   60663709 ps
inst0 ch0:  R_CMD: ACTCMD    R_f1= 0x3b    at time   60664123 ps
inst0 ch0:  C_CMD: WRCMD     C_r = 0x001   at time   60673645 ps
inst0 ch0:  C_CMD: WRCMD     C_f = 0x080   at time   60674059 ps
inst0 ch0:  C_CMD: WRCMD     C_r = 0x009   at time   60676957 ps
inst0 ch0:  C_CMD: WRCMD     C_f = 0x082   at time   60677371 ps
inst0 ch0:  R_CMD: ACTCMD    R_r0= 0x02    at time   60746509 ps
inst0 ch0:  R_CMD: ACTCMD    R_f0= 0x13    at time   60746923 ps
inst0 ch0:  R_CMD: ACTCMD    R_r1= 0x3f    at time   60747337 ps
inst0 ch0:  R_CMD: ACTCMD    R_f1= 0x3b    at time   60747751 ps
inst0 ch0:  C_CMD: RDCMD     C_r = 0x005   at time   60761413 ps
inst0 ch0:  C_CMD: RDCMD     C_f = 0x000   at time   60761827 ps
inst0 ch0:  C_CMD: RDCMD     C_r = 0x00d   at time   60764725 ps
inst0 ch0:  C_CMD: RDCMD     C_f = 0x002   at time   60765139 ps
inst0 ch0:  R_CMD: ACTCMD    R_r0= 0x02    at time   60819373 ps
inst0 ch0:  R_CMD: ACTCMD    R_f0= 0x13    at time   60819787 ps
inst0 ch0:  R_CMD: ACTCMD    R_r1= 0x3f    at time   60820201 ps
inst0 ch0:  R_CMD: ACTCMD    R_f1= 0x3b    at time   60820615 ps
inst0 ch0:  C_CMD: WRCMD     C_r = 0x001   at time   60830137 ps
inst0 ch0:  C_CMD: WRCMD     C_f = 0x000   at time   60830551 ps
inst0 ch0:  C_CMD: WRCMD     C_r = 0x009   at time   60833449 ps
inst0 ch0:  C_CMD: WRCMD     C_f = 0x002   at time   60833863 ps
inst0 ch0:  R_CMD: ACTCMD    R_r0= 0x02    at time   60914593 ps
inst0 ch0:  R_CMD: ACTCMD    R_f0= 0x1b    at time   60915007 ps
inst0 ch0:  R_CMD: ACTCMD    R_r1= 0x3f    at time   60915421 ps
inst0 ch0:  R_CMD: ACTCMD    R_f1= 0x3b    at time   60915835 ps
inst0 ch0:  C_CMD: RDCMD     C_r = 0x005   at time   60929497 ps
inst0 ch0:  C_CMD: RDCMD     C_f = 0x080   at time   60929911 ps
inst0 ch0:  C_CMD: RDCMD     C_r = 0x00d   at time   60932809 ps
inst0 ch0:  C_CMD: RDCMD     C_f = 0x082   at time   60933223 ps
inst0 ch0:  R_CMD: ACTCMD    R_r0= 0x2e    at time   60977521 ps
inst0 ch0:  R_CMD: ACTCMD    R_f0= 0x20    at time   60977935 ps
inst0 ch0:  R_CMD: ACTCMD    R_r1= 0x00    at time   60978349 ps
inst0 ch0:  R_CMD: ACTCMD    R_f1= 0x02    at time   60978763 ps
inst0 ch0:  R_CMD: ACTCMD    R_r0= 0x02    at time   60984973 ps
inst0 ch0:  R_CMD: ACTCMD    R_f0= 0x1b    at time   60985387 ps
inst0 ch0:  R_CMD: ACTCMD    R_r1= 0x3f    at time   60985801 ps
inst0 ch0:  R_CMD: ACTCMD    R_f1= 0x3b    at time   60986215 ps
inst0 ch0:  C_CMD: RDCMD     C_r = 0x0d5   at time   60992425 ps
inst0 ch0:  C_CMD: RDCMD     C_f = 0x021   at time   60992839 ps
inst0 ch0:  C_CMD: RDCMD     C_r = 0x0dd   at time   60995737 ps
inst0 ch0:  C_CMD: RDCMD     C_f = 0x023   at time   60996151 ps
inst0 ch0:  C_CMD: WRCMD     C_r = 0x001   at time   60996565 ps
inst0 ch0:  C_CMD: WRCMD     C_f = 0x080   at time   60996979 ps
inst0 ch0:  C_CMD: WRCMD     C_r = 0x009   at time   60999877 ps
inst0 ch0:  C_CMD: WRCMD     C_f = 0x082   at time   61000291 ps
inst0 ch0:  R_CMD: ACTCMD    R_r0= 0x2e    at time   61178725 ps
inst0 ch0:  R_CMD: ACTCMD    R_f0= 0x28    at time   61179139 ps
inst0 ch0:  R_CMD: ACTCMD    R_r1= 0x00    at time   61179553 ps
inst0 ch0:  R_CMD: ACTCMD    R_f1= 0x02    at time   61179967 ps
inst0 ch0:  C_CMD: RDCMD     C_r = 0x0d5   at time   61193629 ps
inst0 ch0:  C_CMD: RDCMD     C_f = 0x0a1   at time   61194043 ps
inst0 ch0:  C_CMD: RDCMD     C_r = 0x0dd   at time   61196941 ps
inst0 ch0:  C_CMD: RDCMD     C_f = 0x0a3   at time   61197355 ps
inst0 ch0:  R_CMD: ACTCMD    R_r0= 0x2e    at time   61471009 ps
inst0 ch0:  R_CMD: ACTCMD    R_f0= 0x20    at time   61471423 ps
inst0 ch0:  R_CMD: ACTCMD    R_r1= 0x00    at time   61471837 ps
inst0 ch0:  R_CMD: ACTCMD    R_f1= 0x02    at time   61472251 ps
inst0 ch0:  C_CMD: RDCMD     C_r = 0x0d5   at time   61485913 ps
inst0 ch0:  C_CMD: RDCMD     C_f = 0x029   at time   61486327 ps
inst0 ch0:  C_CMD: RDCMD     C_r = 0x0dd   at time   61489225 ps
inst0 ch0:  C_CMD: RDCMD     C_f = 0x02b   at time   61489639 ps
inst0 ch0:  R_CMD: ACTCMD    R_r0= 0x2e    at time   61707817 ps
inst0 ch0:  R_CMD: ACTCMD    R_f0= 0x28    at time   61708231 ps
inst0 ch0:  R_CMD: ACTCMD    R_r1= 0x00    at time   61708645 ps
inst0 ch0:  R_CMD: ACTCMD    R_f1= 0x02    at time   61709059 ps
inst0 ch0:  C_CMD: RDCMD     C_r = 0x0d5   at time   61722721 ps
inst0 ch0:  C_CMD: RDCMD     C_f = 0x0a9   at time   61723135 ps
inst0 ch0:  C_CMD: RDCMD     C_r = 0x0dd   at time   61726033 ps
inst0 ch0:  C_CMD: RDCMD     C_f = 0x0ab   at time   61726447 ps
inst0 ch0:  R_CMD: ACTCMD    R_r0= 0x02    at time   61904881 ps
inst0 ch0:  R_CMD: ACTCMD    R_f0= 0x00    at time   61905295 ps
inst0 ch0:  R_CMD: ACTCMD    R_r1= 0x00    at time   61905709 ps
inst0 ch0:  R_CMD: ACTCMD    R_f1= 0x00    at time   61906123 ps
inst0 ch0:  C_CMD: RDCMD     C_r = 0x005   at time   61919785 ps
inst0 ch0:  C_CMD: RDCMD     C_f = 0x018   at time   61920199 ps
inst0 ch0:  R_CMD: ACTCMD    R_r0= 0x02    at time   61920613 ps
inst0 ch0:  R_CMD: ACTCMD    R_f0= 0x08    at time   61921027 ps
inst0 ch0:  R_CMD: ACTCMD    R_r1= 0x00    at time   61921441 ps
inst0 ch0:  R_CMD: ACTCMD    R_f1= 0x00    at time   61921855 ps
inst0 ch0:  C_CMD: RDCMD     C_r = 0x005   at time   61923097 ps
inst0 ch0:  C_CMD: RDCMD     C_f = 0x01a   at time   61923511 ps
inst0 ch0:  C_CMD: RDCMD     C_r = 0x005   at time   61926409 ps
inst0 ch0:  C_CMD: RDCMD     C_f = 0x010   at time   61926823 ps
inst0 ch0:  C_CMD: RDCMD     C_r = 0x005   at time   61929721 ps
inst0 ch0:  C_CMD: RDCMD     C_f = 0x012   at time   61930135 ps
inst0 ch0:  C_CMD: RDCMD     C_r = 0x005   at time   61933033 ps
inst0 ch0:  C_CMD: RDCMD     C_f = 0x008   at time   61933447 ps
inst0 ch0:  C_CMD: RDCMD     C_r = 0x005   at time   61935517 ps
inst0 ch0:  C_CMD: RDCMD     C_f = 0x098   at time   61935931 ps
inst0 ch0:  C_CMD: RDCMD     C_r = 0x005   at time   61936345 ps
inst0 ch0:  C_CMD: RDCMD     C_f = 0x00a   at time   61936759 ps
inst0 ch0:  C_CMD: RDCMD     C_r = 0x005   at time   61938829 ps
inst0 ch0:  C_CMD: RDCMD     C_f = 0x09a   at time   61939243 ps
inst0 ch0:  C_CMD: RDCMD     C_r = 0x005   at time   61939657 ps
inst0 ch0:  C_CMD: RDCMD     C_f = 0x000   at time   61940071 ps
inst0 ch0:  C_CMD: RDCMD     C_r = 0x005   at time   61942141 ps
inst0 ch0:  C_CMD: RDCMD     C_f = 0x090   at time   61942555 ps
inst0 ch0:  C_CMD: RDCMD     C_r = 0x00d   at time   61942969 ps
inst0 ch0:  C_CMD: RDCMD     C_f = 0x002   at time   61943383 ps
inst0 ch0:  C_CMD: RDCMD     C_r = 0x005   at time   61945453 ps
inst0 ch0:  C_CMD: RDCMD     C_f = 0x092   at time   61945867 ps
inst0 ch0:  C_CMD: RDCMD     C_r = 0x005   at time   61948765 ps
inst0 ch0:  C_CMD: RDCMD     C_f = 0x088   at time   61949179 ps
inst0 ch0:  C_CMD: RDCMD     C_r = 0x005   at time   61952077 ps
inst0 ch0:  C_CMD: RDCMD     C_f = 0x08a   at time   61952491 ps
inst0 ch0:  C_CMD: RDCMD     C_r = 0x005   at time   61955389 ps
inst0 ch0:  C_CMD: RDCMD     C_f = 0x080   at time   61955803 ps
inst0 ch0:  C_CMD: RDCMD     C_r = 0x00d   at time   61958701 ps
inst0 ch0:  C_CMD: RDCMD     C_f = 0x082   at time   61959115 ps
inst0 ch0:  R_CMD: ACTCMD    R_r0= 0x0a    at time   62361109 ps
inst0 ch0:  R_CMD: ACTCMD    R_f0= 0x08    at time   62361523 ps
inst0 ch0:  R_CMD: ACTCMD    R_r1= 0x00    at time   62361937 ps
inst0 ch0:  R_CMD: ACTCMD    R_f1= 0x00    at time   62362351 ps
inst0 ch0:  C_CMD: RDCMD     C_r = 0x015   at time   62376013 ps
inst0 ch0:  C_CMD: RDCMD     C_f = 0x098   at time   62376427 ps
inst0 ch0:  C_CMD: RDCMD     C_r = 0x015   at time   62379325 ps
inst0 ch0:  C_CMD: RDCMD     C_f = 0x09a   at time   62379739 ps
inst0 ch0:  C_CMD: RDCMD     C_r = 0x015   at time   62382637 ps
inst0 ch0:  C_CMD: RDCMD     C_f = 0x090   at time   62383051 ps
inst0 ch0:  C_CMD: RDCMD     C_r = 0x015   at time   62385949 ps
inst0 ch0:  C_CMD: RDCMD     C_f = 0x092   at time   62386363 ps
inst0 ch0:  C_CMD: RDCMD     C_r = 0x015   at time   62389261 ps
inst0 ch0:  C_CMD: RDCMD     C_f = 0x088   at time   62389675 ps
inst0 ch0:  C_CMD: RDCMD     C_r = 0x015   at time   62392573 ps
inst0 ch0:  C_CMD: RDCMD     C_f = 0x08a   at time   62392987 ps
inst0 ch0:  C_CMD: RDCMD     C_r = 0x015   at time   62395885 ps
inst0 ch0:  C_CMD: RDCMD     C_f = 0x080   at time   62396299 ps
inst0 ch0:  R_CMD: ACTCMD    R_r0= 0x0a    at time   62396713 ps
inst0 ch0:  R_CMD: ACTCMD    R_f0= 0x00    at time   62397127 ps
inst0 ch0:  R_CMD: ACTCMD    R_r1= 0x00    at time   62397541 ps
inst0 ch0:  R_CMD: ACTCMD    R_f1= 0x00    at time   62397955 ps
inst0 ch0:  C_CMD: RDCMD     C_r = 0x01d   at time   62399197 ps
inst0 ch0:  C_CMD: RDCMD     C_f = 0x082   at time   62399611 ps
inst0 ch0:  C_CMD: RDCMD     C_r = 0x015   at time   62411617 ps
inst0 ch0:  C_CMD: RDCMD     C_f = 0x018   at time   62412031 ps
inst0 ch0:  C_CMD: RDCMD     C_r = 0x015   at time   62414929 ps
inst0 ch0:  C_CMD: RDCMD     C_f = 0x01a   at time   62415343 ps
inst0 ch0:  C_CMD: RDCMD     C_r = 0x015   at time   62418241 ps
inst0 ch0:  C_CMD: RDCMD     C_f = 0x010   at time   62418655 ps
inst0 ch0:  C_CMD: RDCMD     C_r = 0x015   at time   62421553 ps
inst0 ch0:  C_CMD: RDCMD     C_f = 0x012   at time   62421967 ps
inst0 ch0:  C_CMD: RDCMD     C_r = 0x015   at time   62424865 ps
inst0 ch0:  C_CMD: RDCMD     C_f = 0x008   at time   62425279 ps
inst0 ch0:  C_CMD: RDCMD     C_r = 0x015   at time   62428177 ps
inst0 ch0:  C_CMD: RDCMD     C_f = 0x00a   at time   62428591 ps
inst0 ch0:  C_CMD: RDCMD     C_r = 0x015   at time   62431489 ps
inst0 ch0:  C_CMD: RDCMD     C_f = 0x000   at time   62431903 ps
inst0 ch0:  C_CMD: RDCMD     C_r = 0x01d   at time   62434801 ps
inst0 ch0:  C_CMD: RDCMD     C_f = 0x002   at time   62435215 ps
inst0 ch0:  R_CMD: ACTCMD    R_r0= 0x0a    at time   62599573 ps
inst0 ch0:  R_CMD: ACTCMD    R_f0= 0x08    at time   62599987 ps
inst0 ch0:  R_CMD: ACTCMD    R_r1= 0x00    at time   62600401 ps
inst0 ch0:  R_CMD: ACTCMD    R_f1= 0x00    at time   62600815 ps
inst0 ch0:  C_CMD: RDCMD     C_r = 0x015   at time   62614477 ps
inst0 ch0:  C_CMD: RDCMD     C_f = 0x0b8   at time   62614891 ps
inst0 ch0:  C_CMD: RDCMD     C_r = 0x015   at time   62617789 ps
inst0 ch0:  C_CMD: RDCMD     C_f = 0x0ba   at time   62618203 ps
inst0 ch0:  C_CMD: RDCMD     C_r = 0x015   at time   62621101 ps
inst0 ch0:  C_CMD: RDCMD     C_f = 0x0b0   at time   62621515 ps
inst0 ch0:  C_CMD: RDCMD     C_r = 0x015   at time   62624413 ps
inst0 ch0:  C_CMD: RDCMD     C_f = 0x0b2   at time   62624827 ps
inst0 ch0:  C_CMD: RDCMD     C_r = 0x015   at time   62627725 ps
inst0 ch0:  C_CMD: RDCMD     C_f = 0x0a8   at time   62628139 ps
inst0 ch0:  C_CMD: RDCMD     C_r = 0x015   at time   62631037 ps
inst0 ch0:  C_CMD: RDCMD     C_f = 0x0aa   at time   62631451 ps
inst0 ch0:  C_CMD: RDCMD     C_r = 0x015   at time   62634349 ps
inst0 ch0:  C_CMD: RDCMD     C_f = 0x0a0   at time   62634763 ps
inst0 ch0:  C_CMD: RDCMD     C_r = 0x01d   at time   62637661 ps
inst0 ch0:  C_CMD: RDCMD     C_f = 0x0a2   at time   62638075 ps
inst0 ch0:  R_CMD: ACTCMD    R_r0= 0x0a    at time   62672437 ps
inst0 ch0:  R_CMD: ACTCMD    R_f0= 0x08    at time   62672851 ps
inst0 ch0:  R_CMD: ACTCMD    R_r1= 0x00    at time   62673265 ps
inst0 ch0:  R_CMD: ACTCMD    R_f1= 0x00    at time   62673679 ps
inst0 ch0:  C_CMD: WRCMD     C_r = 0x011   at time   62683201 ps
inst0 ch0:  C_CMD: WRCMD     C_f = 0x0b8   at time   62683615 ps
inst0 ch0:  C_CMD: WRCMD     C_r = 0x011   at time   62686513 ps
inst0 ch0:  C_CMD: WRCMD     C_f = 0x0ba   at time   62686927 ps
inst0 ch0:  C_CMD: WRCMD     C_r = 0x011   at time   62689825 ps
inst0 ch0:  C_CMD: WRCMD     C_f = 0x0b0   at time   62690239 ps
inst0 ch0:  R_CMD: ACTCMD    R_r0= 0x0a    at time   62693137 ps
inst0 ch0:  C_CMD: WRCMD     C_r = 0x011   at time   62693137 ps
inst0 ch0:  R_CMD: ACTCMD    R_f0= 0x00    at time   62693551 ps
inst0 ch0:  C_CMD: WRCMD     C_f = 0x0b2   at time   62693551 ps
inst0 ch0:  R_CMD: ACTCMD    R_r1= 0x00    at time   62693965 ps
inst0 ch0:  R_CMD: ACTCMD    R_f1= 0x00    at time   62694379 ps
inst0 ch0:  C_CMD: WRCMD     C_r = 0x011   at time   62696449 ps
inst0 ch0:  C_CMD: WRCMD     C_f = 0x0a8   at time   62696863 ps
inst0 ch0:  C_CMD: WRCMD     C_r = 0x011   at time   62699761 ps
inst0 ch0:  C_CMD: WRCMD     C_f = 0x0aa   at time   62700175 ps
inst0 ch0:  C_CMD: WRCMD     C_r = 0x011   at time   62703073 ps
inst0 ch0:  C_CMD: WRCMD     C_f = 0x0a0   at time   62703487 ps
inst0 ch0:  C_CMD: WRCMD     C_r = 0x019   at time   62706385 ps
inst0 ch0:  C_CMD: WRCMD     C_f = 0x0a2   at time   62706799 ps
inst0 ch0:  C_CMD: RDCMD     C_r = 0x015   at time   62708041 ps
inst0 ch0:  C_CMD: RDCMD     C_f = 0x038   at time   62708455 ps
inst0 ch0:  C_CMD: RDCMD     C_r = 0x015   at time   62711353 ps
inst0 ch0:  C_CMD: RDCMD     C_f = 0x03a   at time   62711767 ps
inst0 ch0:  C_CMD: RDCMD     C_r = 0x015   at time   62714665 ps
inst0 ch0:  C_CMD: RDCMD     C_f = 0x030   at time   62715079 ps
inst0 ch0:  C_CMD: RDCMD     C_r = 0x015   at time   62717977 ps
inst0 ch0:  C_CMD: RDCMD     C_f = 0x032   at time   62718391 ps
inst0 ch0:  C_CMD: RDCMD     C_r = 0x015   at time   62721289 ps
inst0 ch0:  C_CMD: RDCMD     C_f = 0x028   at time   62721703 ps
inst0 ch0:  C_CMD: RDCMD     C_r = 0x015   at time   62724601 ps
inst0 ch0:  C_CMD: RDCMD     C_f = 0x02a   at time   62725015 ps
inst0 ch0:  C_CMD: RDCMD     C_r = 0x015   at time   62727913 ps
inst0 ch0:  C_CMD: RDCMD     C_f = 0x020   at time   62728327 ps
inst0 ch0:  C_CMD: RDCMD     C_r = 0x01d   at time   62731225 ps
inst0 ch0:  C_CMD: RDCMD     C_f = 0x022   at time   62731639 ps
inst0 ch0:  R_CMD: ACTCMD    R_r0= 0x0a    at time   62775937 ps
inst0 ch0:  R_CMD: ACTCMD    R_f0= 0x00    at time   62776351 ps
inst0 ch0:  R_CMD: ACTCMD    R_r1= 0x00    at time   62776765 ps
inst0 ch0:  R_CMD: ACTCMD    R_f1= 0x00    at time   62777179 ps
inst0 ch0:  C_CMD: WRCMD     C_r = 0x011   at time   62786701 ps
inst0 ch0:  C_CMD: WRCMD     C_f = 0x038   at time   62787115 ps
inst0 ch0:  C_CMD: WRCMD     C_r = 0x011   at time   62790013 ps
inst0 ch0:  C_CMD: WRCMD     C_f = 0x03a   at time   62790427 ps
inst0 ch0:  C_CMD: WRCMD     C_r = 0x011   at time   62793325 ps
inst0 ch0:  C_CMD: WRCMD     C_f = 0x030   at time   62793739 ps
inst0 ch0:  C_CMD: WRCMD     C_r = 0x019   at time   62796637 ps
inst0 ch0:  C_CMD: WRCMD     C_f = 0x032   at time   62797051 ps
inst0 ch0:  R_CMD: ACTCMD    R_r0= 0x0a    at time   62834725 ps
inst0 ch0:  R_CMD: ACTCMD    R_f0= 0x00    at time   62835139 ps
inst0 ch0:  R_CMD: ACTCMD    R_r1= 0x00    at time   62835553 ps
inst0 ch0:  R_CMD: ACTCMD    R_f1= 0x00    at time   62835967 ps
inst0 ch0:  C_CMD: WRCMD     C_r = 0x011   at time   62845489 ps
inst0 ch0:  C_CMD: WRCMD     C_f = 0x028   at time   62845903 ps
inst0 ch0:  C_CMD: WRCMD     C_r = 0x011   at time   62848801 ps
inst0 ch0:  C_CMD: WRCMD     C_f = 0x02a   at time   62849215 ps
inst0 ch0:  C_CMD: WRCMD     C_r = 0x011   at time   62852113 ps
inst0 ch0:  C_CMD: WRCMD     C_f = 0x020   at time   62852527 ps
inst0 ch0:  C_CMD: WRCMD     C_r = 0x019   at time   62855425 ps
inst0 ch0:  C_CMD: WRCMD     C_f = 0x022   at time   62855839 ps
inst0 ch0:  R_CMD: ACTCMD    R_r0= 0x02    at time   63716545 ps
inst0 ch0:  R_CMD: ACTCMD    R_f0= 0x1b    at time   63716959 ps
inst0 ch0:  R_CMD: ACTCMD    R_r1= 0x3f    at time   63717373 ps
inst0 ch0:  R_CMD: ACTCMD    R_f1= 0x3b    at time   63717787 ps
inst0 ch0:  C_CMD: RDCMD     C_r = 0x005   at time   63731449 ps
inst0 ch0:  C_CMD: RDCMD     C_f = 0x080   at time   63731863 ps
inst0 ch0:  C_CMD: RDCMD     C_r = 0x00d   at time   63734761 ps
inst0 ch0:  C_CMD: RDCMD     C_f = 0x082   at time   63735175 ps
inst0 ch0:  R_CMD: ACTCMD    R_r0= 0x02    at time   63826669 ps
inst0 ch0:  R_CMD: ACTCMD    R_f0= 0x1b    at time   63827083 ps
inst0 ch0:  R_CMD: ACTCMD    R_r1= 0x3f    at time   63827497 ps
inst0 ch0:  R_CMD: ACTCMD    R_f1= 0x3b    at time   63827911 ps
inst0 ch0:  C_CMD: WRCMD     C_r = 0x001   at time   63837433 ps
inst0 ch0:  C_CMD: WRCMD     C_f = 0x080   at time   63837847 ps
inst0 ch0:  C_CMD: WRCMD     C_r = 0x009   at time   63840745 ps
inst0 ch0:  C_CMD: WRCMD     C_f = 0x082   at time   63841159 ps
inst0 ch0:  R_CMD: ACTCMD    R_r0= 0x02    at time   63972397 ps
inst0 ch0:  R_CMD: ACTCMD    R_f0= 0x1b    at time   63972811 ps
inst0 ch0:  R_CMD: ACTCMD    R_r1= 0x3f    at time   63973225 ps
inst0 ch0:  R_CMD: ACTCMD    R_f1= 0x3b    at time   63973639 ps
inst0 ch0:  C_CMD: RDCMD     C_r = 0x005   at time   63987301 ps
inst0 ch0:  C_CMD: RDCMD     C_f = 0x080   at time   63987715 ps
inst0 ch0:  C_CMD: RDCMD     C_r = 0x00d   at time   63990613 ps
inst0 ch0:  C_CMD: RDCMD     C_f = 0x082   at time   63991027 ps
inst0 ch0:  R_CMD: ACTCMD    R_r0= 0x02    at time   64042777 ps
inst0 ch0:  R_CMD: ACTCMD    R_f0= 0x1b    at time   64043191 ps
inst0 ch0:  R_CMD: ACTCMD    R_r1= 0x3f    at time   64043605 ps
inst0 ch0:  R_CMD: ACTCMD    R_f1= 0x3b    at time   64044019 ps
inst0 ch0:  C_CMD: WRCMD     C_r = 0x001   at time   64053541 ps
inst0 ch0:  C_CMD: WRCMD     C_f = 0x080   at time   64053955 ps
inst0 ch0:  C_CMD: WRCMD     C_r = 0x009   at time   64056853 ps
inst0 ch0:  C_CMD: WRCMD     C_f = 0x082   at time   64057267 ps
inst0 ch0:  R_CMD: ACTCMD    R_r0= 0x02    at time   64182709 ps
inst0 ch0:  R_CMD: ACTCMD    R_f0= 0x13    at time   64183123 ps
inst0 ch0:  R_CMD: ACTCMD    R_r1= 0x3f    at time   64183537 ps
inst0 ch0:  R_CMD: ACTCMD    R_f1= 0x3b    at time   64183951 ps
inst0 ch0:  C_CMD: RDCMD     C_r = 0x005   at time   64197613 ps
inst0 ch0:  C_CMD: RDCMD     C_f = 0x000   at time   64198027 ps
inst0 ch0:  C_CMD: RDCMD     C_r = 0x00d   at time   64200925 ps
inst0 ch0:  C_CMD: RDCMD     C_f = 0x002   at time   64201339 ps
inst0 ch0:  R_CMD: ACTCMD    R_r0= 0x02    at time   64255573 ps
inst0 ch0:  R_CMD: ACTCMD    R_f0= 0x13    at time   64255987 ps
inst0 ch0:  R_CMD: ACTCMD    R_r1= 0x3f    at time   64256401 ps
inst0 ch0:  R_CMD: ACTCMD    R_f1= 0x3b    at time   64256815 ps
inst0 ch0:  C_CMD: WRCMD     C_r = 0x001   at time   64266337 ps
inst0 ch0:  C_CMD: WRCMD     C_f = 0x000   at time   64266751 ps
inst0 ch0:  C_CMD: WRCMD     C_r = 0x009   at time   64269649 ps
inst0 ch0:  C_CMD: WRCMD     C_f = 0x002   at time   64270063 ps
inst0 ch0:  R_CMD: ACTCMD    R_r0= 0x02    at time   64344997 ps
inst0 ch0:  R_CMD: ACTCMD    R_f0= 0x13    at time   64345411 ps
inst0 ch0:  R_CMD: ACTCMD    R_r1= 0x3f    at time   64345825 ps
inst0 ch0:  R_CMD: ACTCMD    R_f1= 0x3b    at time   64346239 ps
inst0 ch0:  C_CMD: RDCMD     C_r = 0x005   at time   64359901 ps
inst0 ch0:  C_CMD: RDCMD     C_f = 0x000   at time   64360315 ps
inst0 ch0:  C_CMD: RDCMD     C_r = 0x00d   at time   64363213 ps
inst0 ch0:  C_CMD: RDCMD     C_f = 0x002   at time   64363627 ps
inst0 ch0:  R_CMD: ACTCMD    R_r0= 0x02    at time   64415377 ps
inst0 ch0:  R_CMD: ACTCMD    R_f0= 0x13    at time   64415791 ps
inst0 ch0:  R_CMD: ACTCMD    R_r1= 0x3f    at time   64416205 ps
inst0 ch0:  R_CMD: ACTCMD    R_f1= 0x3b    at time   64416619 ps
inst0 ch0:  C_CMD: WRCMD     C_r = 0x001   at time   64426141 ps
inst0 ch0:  C_CMD: WRCMD     C_f = 0x000   at time   64426555 ps
inst0 ch0:  C_CMD: WRCMD     C_r = 0x009   at time   64429453 ps
inst0 ch0:  C_CMD: WRCMD     C_f = 0x002   at time   64429867 ps
inst0 ch0:  R_CMD: ACTCMD    R_r0= 0x0a    at time   64465885 ps
inst0 ch0:  R_CMD: ACTCMD    R_f0= 0x19    at time   64466299 ps
inst0 ch0:  R_CMD: ACTCMD    R_r1= 0x3f    at time   64466713 ps
inst0 ch0:  R_CMD: ACTCMD    R_f1= 0x3b    at time   64467127 ps
inst0 ch0:  R_CMD: ACTCMD    R_r0= 0x02    at time   64470025 ps
inst0 ch0:  R_CMD: ACTCMD    R_f0= 0x19    at time   64470439 ps
inst0 ch0:  R_CMD: ACTCMD    R_r1= 0x3f    at time   64470853 ps
inst0 ch0:  R_CMD: ACTCMD    R_f1= 0x3b    at time   64471267 ps
inst0 ch0:  C_CMD: RDCMD     C_r = 0x015   at time   64480789 ps
inst0 ch0:  C_CMD: RDCMD     C_f = 0x0f8   at time   64481203 ps
inst0 ch0:  C_CMD: RDCMD     C_r = 0x01d   at time   64484101 ps
inst0 ch0:  C_CMD: RDCMD     C_f = 0x0fa   at time   64484515 ps
inst0 ch0:  C_CMD: RDCMD     C_r = 0x005   at time   64487413 ps
inst0 ch0:  C_CMD: RDCMD     C_f = 0x0f8   at time   64487827 ps
inst0 ch0:  C_CMD: RDCMD     C_r = 0x00d   at time   64490725 ps
inst0 ch0:  C_CMD: RDCMD     C_f = 0x0fa   at time   64491139 ps
inst0 ch0:  R_CMD: ACTCMD    R_r0= 0x0a    at time   64538749 ps
inst0 ch0:  R_CMD: ACTCMD    R_f0= 0x19    at time   64539163 ps
inst0 ch0:  R_CMD: ACTCMD    R_r1= 0x3f    at time   64539577 ps
inst0 ch0:  R_CMD: ACTCMD    R_f1= 0x3b    at time   64539991 ps
inst0 ch0:  R_CMD: ACTCMD    R_r0= 0x02    at time   64542889 ps
inst0 ch0:  R_CMD: ACTCMD    R_f0= 0x19    at time   64543303 ps
inst0 ch0:  R_CMD: ACTCMD    R_r1= 0x3f    at time   64543717 ps
inst0 ch0:  R_CMD: ACTCMD    R_f1= 0x3b    at time   64544131 ps
inst0 ch0:  C_CMD: WRCMD     C_r = 0x011   at time   64549513 ps
inst0 ch0:  C_CMD: WRCMD     C_f = 0x0f8   at time   64549927 ps
inst0 ch0:  C_CMD: WRCMD     C_r = 0x019   at time   64552825 ps
inst0 ch0:  C_CMD: WRCMD     C_f = 0x0fa   at time   64553239 ps
inst0 ch0:  C_CMD: WRCMD     C_r = 0x001   at time   64556137 ps
inst0 ch0:  C_CMD: WRCMD     C_f = 0x0f8   at time   64556551 ps
inst0 ch0:  C_CMD: WRCMD     C_r = 0x009   at time   64559449 ps
inst0 ch0:  C_CMD: WRCMD     C_f = 0x0fa   at time   64559863 ps
inst0 ch0:  R_CMD: ACTCMD    R_r0= 0x0a    at time   64638109 ps
inst0 ch0:  R_CMD: ACTCMD    R_f0= 0x11    at time   64638523 ps
inst0 ch0:  R_CMD: ACTCMD    R_r1= 0x3f    at time   64638937 ps
inst0 ch0:  R_CMD: ACTCMD    R_f1= 0x3b    at time   64639351 ps
inst0 ch0:  R_CMD: ACTCMD    R_r0= 0x02    at time   64642249 ps
inst0 ch0:  R_CMD: ACTCMD    R_f0= 0x11    at time   64642663 ps
inst0 ch0:  R_CMD: ACTCMD    R_r1= 0x3f    at time   64643077 ps
inst0 ch0:  R_CMD: ACTCMD    R_f1= 0x3b    at time   64643491 ps
inst0 ch0:  C_CMD: RDCMD     C_r = 0x015   at time   64653013 ps
inst0 ch0:  C_CMD: RDCMD     C_f = 0x078   at time   64653427 ps
inst0 ch0:  C_CMD: RDCMD     C_r = 0x01d   at time   64656325 ps
inst0 ch0:  C_CMD: RDCMD     C_f = 0x07a   at time   64656739 ps
inst0 ch0:  C_CMD: RDCMD     C_r = 0x005   at time   64659637 ps
inst0 ch0:  C_CMD: RDCMD     C_f = 0x078   at time   64660051 ps
inst0 ch0:  C_CMD: RDCMD     C_r = 0x00d   at time   64662949 ps
inst0 ch0:  C_CMD: RDCMD     C_f = 0x07a   at time   64663363 ps
inst0 ch0:  R_CMD: ACTCMD    R_r0= 0x0a    at time   64710973 ps
inst0 ch0:  R_CMD: ACTCMD    R_f0= 0x11    at time   64711387 ps
inst0 ch0:  R_CMD: ACTCMD    R_r1= 0x3f    at time   64711801 ps
inst0 ch0:  R_CMD: ACTCMD    R_f1= 0x3b    at time   64712215 ps
inst0 ch0:  R_CMD: ACTCMD    R_r0= 0x02    at time   64715113 ps
inst0 ch0:  R_CMD: ACTCMD    R_f0= 0x11    at time   64715527 ps
inst0 ch0:  R_CMD: ACTCMD    R_r1= 0x3f    at time   64715941 ps
inst0 ch0:  R_CMD: ACTCMD    R_f1= 0x3b    at time   64716355 ps
inst0 ch0:  C_CMD: WRCMD     C_r = 0x011   at time   64721737 ps
inst0 ch0:  C_CMD: WRCMD     C_f = 0x078   at time   64722151 ps
inst0 ch0:  C_CMD: WRCMD     C_r = 0x019   at time   64725049 ps
inst0 ch0:  C_CMD: WRCMD     C_f = 0x07a   at time   64725463 ps
inst0 ch0:  C_CMD: WRCMD     C_r = 0x001   at time   64728361 ps
inst0 ch0:  C_CMD: WRCMD     C_f = 0x078   at time   64728775 ps
inst0 ch0:  C_CMD: WRCMD     C_r = 0x009   at time   64731673 ps
inst0 ch0:  C_CMD: WRCMD     C_f = 0x07a   at time   64732087 ps
inst0 ch0:  R_CMD: ACTCMD    R_r0= 0x0a    at time   64974277 ps
inst0 ch0:  R_CMD: ACTCMD    R_f0= 0x02    at time   64974691 ps
inst0 ch0:  R_CMD: ACTCMD    R_r1= 0x00    at time   64975105 ps
inst0 ch0:  R_CMD: ACTCMD    R_f1= 0x00    at time   64975519 ps
inst0 ch0:  R_CMD: ACTCMD    R_r0= 0x02    at time   64978417 ps
inst0 ch0:  R_CMD: ACTCMD    R_f0= 0x02    at time   64978831 ps
inst0 ch0:  R_CMD: ACTCMD    R_r1= 0x00    at time   64979245 ps
inst0 ch0:  R_CMD: ACTCMD    R_f1= 0x00    at time   64979659 ps
inst0 ch0:  C_CMD: RDCMD     C_r = 0x015   at time   64989181 ps
inst0 ch0:  C_CMD: RDCMD     C_f = 0x000   at time   64989595 ps
inst0 ch0:  C_CMD: RDCMD     C_r = 0x01d   at time   64992493 ps
inst0 ch0:  C_CMD: RDCMD     C_f = 0x002   at time   64992907 ps
inst0 ch0:  C_CMD: RDCMD     C_r = 0x005   at time   64995805 ps
inst0 ch0:  C_CMD: RDCMD     C_f = 0x000   at time   64996219 ps
inst0 ch0:  C_CMD: RDCMD     C_r = 0x00d   at time   64999117 ps
inst0 ch0:  C_CMD: RDCMD     C_f = 0x002   at time   64999531 ps
inst0 ch0:  R_CMD: ACTCMD    R_r0= 0x0a    at time   65252485 ps
inst0 ch0:  R_CMD: ACTCMD    R_f0= 0x0a    at time   65252899 ps
inst0 ch0:  R_CMD: ACTCMD    R_r1= 0x00    at time   65253313 ps
inst0 ch0:  R_CMD: ACTCMD    R_f1= 0x00    at time   65253727 ps
inst0 ch0:  R_CMD: ACTCMD    R_r0= 0x02    at time   65256625 ps
inst0 ch0:  R_CMD: ACTCMD    R_f0= 0x0a    at time   65257039 ps
inst0 ch0:  R_CMD: ACTCMD    R_r1= 0x00    at time   65257453 ps
inst0 ch0:  R_CMD: ACTCMD    R_f1= 0x00    at time   65257867 ps
inst0 ch0:  C_CMD: RDCMD     C_r = 0x015   at time   65267389 ps
inst0 ch0:  C_CMD: RDCMD     C_f = 0x080   at time   65267803 ps
inst0 ch0:  C_CMD: RDCMD     C_r = 0x01d   at time   65270701 ps
inst0 ch0:  C_CMD: RDCMD     C_f = 0x082   at time   65271115 ps
inst0 ch0:  C_CMD: RDCMD     C_r = 0x005   at time   65274013 ps
inst0 ch0:  C_CMD: RDCMD     C_f = 0x080   at time   65274427 ps
inst0 ch0:  C_CMD: RDCMD     C_r = 0x00d   at time   65277325 ps
inst0 ch0:  C_CMD: RDCMD     C_f = 0x082   at time   65277739 ps
