inst0 ch0:  R_CMD: ACTCMD    R_r0= 0x0e    at time   33400981 ps
inst0 ch0:  R_CMD: ACTCMD    R_f0= 0x28    at time   33401395 ps
inst0 ch0:  R_CMD: ACTCMD    R_r1= 0x00    at time   33401809 ps
inst0 ch0:  R_CMD: ACTCMD    R_f1= 0x02    at time   33402223 ps
inst0 ch0:  R_CMD: ACTCMD    R_r0= 0x0e    at time   33404293 ps
inst0 ch0:  R_CMD: ACTCMD    R_f0= 0x20    at time   33404707 ps
inst0 ch0:  R_CMD: ACTCMD    R_r1= 0x00    at time   33405121 ps
inst0 ch0:  R_CMD: ACTCMD    R_f1= 0x02    at time   33405535 ps
inst0 ch0:  C_CMD: RDCMD     C_r = 0x095   at time   33415885 ps
inst0 ch0:  C_CMD: RDCMD     C_f = 0x0a9   at time   33416299 ps
inst0 ch0:  C_CMD: RDCMD     C_r = 0x095   at time   33419197 ps
inst0 ch0:  C_CMD: RDCMD     C_f = 0x0ab   at time   33419611 ps
inst0 ch0:  C_CMD: RDCMD     C_r = 0x095   at time   33420025 ps
inst0 ch0:  C_CMD: RDCMD     C_f = 0x029   at time   33420439 ps
inst0 ch0:  C_CMD: RDCMD     C_r = 0x095   at time   33422509 ps
inst0 ch0:  C_CMD: RDCMD     C_f = 0x0a1   at time   33422923 ps
inst0 ch0:  C_CMD: RDCMD     C_r = 0x095   at time   33423337 ps
inst0 ch0:  C_CMD: RDCMD     C_f = 0x02b   at time   33423751 ps
inst0 ch0:  C_CMD: RDCMD     C_r = 0x09d   at time   33425821 ps
inst0 ch0:  C_CMD: RDCMD     C_f = 0x0a3   at time   33426235 ps
inst0 ch0:  C_CMD: RDCMD     C_r = 0x095   at time   33426649 ps
inst0 ch0:  C_CMD: RDCMD     C_f = 0x021   at time   33427063 ps
inst0 ch0:  C_CMD: RDCMD     C_r = 0x09d   at time   33429961 ps
inst0 ch0:  C_CMD: RDCMD     C_f = 0x023   at time   33430375 ps
inst0 ch0:  R_CMD: ACTCMD    R_r0= 0x0e    at time   33664285 ps
inst0 ch0:  R_CMD: ACTCMD    R_f0= 0x28    at time   33664699 ps
inst0 ch0:  R_CMD: ACTCMD    R_r1= 0x00    at time   33665113 ps
inst0 ch0:  R_CMD: ACTCMD    R_f1= 0x02    at time   33665527 ps
inst0 ch0:  R_CMD: ACTCMD    R_r0= 0x0e    at time   33665941 ps
inst0 ch0:  R_CMD: ACTCMD    R_f0= 0x20    at time   33666355 ps
inst0 ch0:  R_CMD: ACTCMD    R_r1= 0x00    at time   33666769 ps
inst0 ch0:  R_CMD: ACTCMD    R_f1= 0x02    at time   33667183 ps
inst0 ch0:  C_CMD: WRCMD     C_r = 0x091   at time   33675049 ps
inst0 ch0:  C_CMD: WRCMD     C_f = 0x0a9   at time   33675463 ps
inst0 ch0:  C_CMD: WRCMD     C_r = 0x091   at time   33676705 ps
inst0 ch0:  C_CMD: WRCMD     C_f = 0x029   at time   33677119 ps
inst0 ch0:  C_CMD: WRCMD     C_r = 0x091   at time   33678361 ps
inst0 ch0:  C_CMD: WRCMD     C_f = 0x0ab   at time   33678775 ps
inst0 ch0:  C_CMD: WRCMD     C_r = 0x091   at time   33680017 ps
inst0 ch0:  C_CMD: WRCMD     C_f = 0x02b   at time   33680431 ps
inst0 ch0:  C_CMD: WRCMD     C_r = 0x091   at time   33681673 ps
inst0 ch0:  C_CMD: WRCMD     C_f = 0x0a1   at time   33682087 ps
inst0 ch0:  C_CMD: WRCMD     C_r = 0x091   at time   33683329 ps
inst0 ch0:  C_CMD: WRCMD     C_f = 0x021   at time   33683743 ps
inst0 ch0:  C_CMD: WRCMD     C_r = 0x099   at time   33684985 ps
inst0 ch0:  C_CMD: WRCMD     C_f = 0x0a3   at time   33685399 ps
inst0 ch0:  C_CMD: WRCMD     C_r = 0x099   at time   33686641 ps
inst0 ch0:  C_CMD: WRCMD     C_f = 0x023   at time   33687055 ps
inst0 ch0:  R_CMD: ACTCMD    R_r0= 0x2e    at time   37785241 ps
inst0 ch0:  R_CMD: ACTCMD    R_f0= 0x28    at time   37785655 ps
inst0 ch0:  R_CMD: ACTCMD    R_r1= 0x00    at time   37786069 ps
inst0 ch0:  R_CMD: ACTCMD    R_f1= 0x02    at time   37786483 ps
inst0 ch0:  R_CMD: ACTCMD    R_r0= 0x2e    at time   37787725 ps
inst0 ch0:  R_CMD: ACTCMD    R_f0= 0x20    at time   37788139 ps
inst0 ch0:  R_CMD: ACTCMD    R_r1= 0x00    at time   37788553 ps
inst0 ch0:  R_CMD: ACTCMD    R_f1= 0x02    at time   37788967 ps
inst0 ch0:  C_CMD: RDCMD     C_r = 0x0d5   at time   37800145 ps
inst0 ch0:  C_CMD: RDCMD     C_f = 0x0a9   at time   37800559 ps
inst0 ch0:  C_CMD: RDCMD     C_r = 0x0d5   at time   37802629 ps
inst0 ch0:  C_CMD: RDCMD     C_f = 0x029   at time   37803043 ps
inst0 ch0:  C_CMD: RDCMD     C_r = 0x0d5   at time   37803457 ps
inst0 ch0:  C_CMD: RDCMD     C_f = 0x0ab   at time   37803871 ps
inst0 ch0:  C_CMD: RDCMD     C_r = 0x0d5   at time   37805941 ps
inst0 ch0:  C_CMD: RDCMD     C_f = 0x02b   at time   37806355 ps
inst0 ch0:  C_CMD: RDCMD     C_r = 0x0d5   at time   37806769 ps
inst0 ch0:  C_CMD: RDCMD     C_f = 0x0a1   at time   37807183 ps
inst0 ch0:  C_CMD: RDCMD     C_r = 0x0d5   at time   37809253 ps
inst0 ch0:  C_CMD: RDCMD     C_f = 0x021   at time   37809667 ps
inst0 ch0:  C_CMD: RDCMD     C_r = 0x0dd   at time   37810081 ps
inst0 ch0:  C_CMD: RDCMD     C_f = 0x0a3   at time   37810495 ps
inst0 ch0:  C_CMD: RDCMD     C_r = 0x0dd   at time   37812565 ps
inst0 ch0:  C_CMD: RDCMD     C_f = 0x023   at time   37812979 ps
inst0 ch0:  R_CMD: ACTCMD    R_r0= 0x2e    at time   37868041 ps
inst0 ch0:  R_CMD: ACTCMD    R_f0= 0x28    at time   37868455 ps
inst0 ch0:  R_CMD: ACTCMD    R_r1= 0x00    at time   37868869 ps
inst0 ch0:  R_CMD: ACTCMD    R_f1= 0x02    at time   37869283 ps
inst0 ch0:  R_CMD: ACTCMD    R_r0= 0x2e    at time   37871353 ps
inst0 ch0:  R_CMD: ACTCMD    R_f0= 0x20    at time   37871767 ps
inst0 ch0:  R_CMD: ACTCMD    R_r1= 0x00    at time   37872181 ps
inst0 ch0:  R_CMD: ACTCMD    R_f1= 0x02    at time   37872595 ps
inst0 ch0:  C_CMD: WRCMD     C_r = 0x0d1   at time   37878805 ps
inst0 ch0:  C_CMD: WRCMD     C_f = 0x0a9   at time   37879219 ps
inst0 ch0:  C_CMD: WRCMD     C_r = 0x0d1   at time   37882117 ps
inst0 ch0:  C_CMD: WRCMD     C_f = 0x0ab   at time   37882531 ps
inst0 ch0:  C_CMD: WRCMD     C_r = 0x0d1   at time   37882945 ps
inst0 ch0:  C_CMD: WRCMD     C_f = 0x029   at time   37883359 ps
inst0 ch0:  C_CMD: WRCMD     C_r = 0x0d1   at time   37885429 ps
inst0 ch0:  C_CMD: WRCMD     C_f = 0x0a1   at time   37885843 ps
inst0 ch0:  C_CMD: WRCMD     C_r = 0x0d1   at time   37886257 ps
inst0 ch0:  C_CMD: WRCMD     C_f = 0x02b   at time   37886671 ps
inst0 ch0:  C_CMD: WRCMD     C_r = 0x0d9   at time   37888741 ps
inst0 ch0:  C_CMD: WRCMD     C_f = 0x0a3   at time   37889155 ps
inst0 ch0:  C_CMD: WRCMD     C_r = 0x0d1   at time   37889569 ps
inst0 ch0:  C_CMD: WRCMD     C_f = 0x021   at time   37889983 ps
inst0 ch0:  C_CMD: WRCMD     C_r = 0x0d9   at time   37892881 ps
inst0 ch0:  C_CMD: WRCMD     C_f = 0x023   at time   37893295 ps
inst0 ch0:  R_CMD: ACTCMD    R_r0= 0x22    at time   54549757 ps
inst0 ch0:  R_CMD: ACTCMD    R_f0= 0x22    at time   54550171 ps
inst0 ch0:  R_CMD: ACTCMD    R_r1= 0x00    at time   54550585 ps
inst0 ch0:  R_CMD: ACTCMD    R_f1= 0x00    at time   54550999 ps
inst0 ch0:  R_CMD: ACTCMD    R_r0= 0x22    at time   54551413 ps
inst0 ch0:  R_CMD: ACTCMD    R_f0= 0x2a    at time   54551827 ps
inst0 ch0:  R_CMD: ACTCMD    R_r1= 0x00    at time   54552241 ps
inst0 ch0:  R_CMD: ACTCMD    R_f1= 0x00    at time   54552655 ps
inst0 ch0:  R_CMD: ACTCMD    R_r0= 0x02    at time   54553897 ps
inst0 ch0:  R_CMD: ACTCMD    R_f0= 0x22    at time   54554311 ps
inst0 ch0:  R_CMD: ACTCMD    R_r1= 0x00    at time   54554725 ps
inst0 ch0:  R_CMD: ACTCMD    R_f1= 0x00    at time   54555139 ps
inst0 ch0:  R_CMD: ACTCMD    R_r0= 0x02    at time   54555553 ps
inst0 ch0:  R_CMD: ACTCMD    R_f0= 0x2a    at time   54555967 ps
inst0 ch0:  R_CMD: ACTCMD    R_r1= 0x00    at time   54556381 ps
inst0 ch0:  R_CMD: ACTCMD    R_f1= 0x00    at time   54556795 ps
inst0 ch0:  R_CMD: ACTCMD    R_r0= 0x22    at time   54558037 ps
inst0 ch0:  R_CMD: ACTCMD    R_f0= 0x02    at time   54558451 ps
inst0 ch0:  R_CMD: ACTCMD    R_r1= 0x00    at time   54558865 ps
inst0 ch0:  R_CMD: ACTCMD    R_f1= 0x00    at time   54559279 ps
inst0 ch0:  R_CMD: ACTCMD    R_r0= 0x22    at time   54559693 ps
inst0 ch0:  R_CMD: ACTCMD    R_f0= 0x0a    at time   54560107 ps
inst0 ch0:  R_CMD: ACTCMD    R_r1= 0x00    at time   54560521 ps
inst0 ch0:  R_CMD: ACTCMD    R_f1= 0x00    at time   54560935 ps
inst0 ch0:  R_CMD: ACTCMD    R_r0= 0x02    at time   54562177 ps
inst0 ch0:  R_CMD: ACTCMD    R_f0= 0x02    at time   54562591 ps
inst0 ch0:  R_CMD: ACTCMD    R_r1= 0x00    at time   54563005 ps
inst0 ch0:  R_CMD: ACTCMD    R_f1= 0x00    at time   54563419 ps
inst0 ch0:  R_CMD: ACTCMD    R_r0= 0x02    at time   54563833 ps
inst0 ch0:  R_CMD: ACTCMD    R_f0= 0x0a    at time   54564247 ps
inst0 ch0:  R_CMD: ACTCMD    R_r1= 0x00    at time   54564661 ps
inst0 ch0:  C_CMD: RDCMD     C_r = 0x0c5   at time   54564661 ps
inst0 ch0:  R_CMD: ACTCMD    R_f1= 0x00    at time   54565075 ps
inst0 ch0:  C_CMD: RDCMD     C_f = 0x000   at time   54565075 ps
inst0 ch0:  C_CMD: RDCMD     C_r = 0x0c5   at time   54566317 ps
inst0 ch0:  C_CMD: RDCMD     C_f = 0x080   at time   54566731 ps
inst0 ch0:  C_CMD: RDCMD     C_r = 0x0cd   at time   54567973 ps
inst0 ch0:  C_CMD: RDCMD     C_f = 0x002   at time   54568387 ps
inst0 ch0:  C_CMD: RDCMD     C_r = 0x085   at time   54569629 ps
inst0 ch0:  C_CMD: RDCMD     C_f = 0x000   at time   54570043 ps
inst0 ch0:  C_CMD: RDCMD     C_r = 0x0cd   at time   54570457 ps
inst0 ch0:  C_CMD: RDCMD     C_f = 0x082   at time   54570871 ps
inst0 ch0:  C_CMD: RDCMD     C_r = 0x085   at time   54572113 ps
inst0 ch0:  C_CMD: RDCMD     C_f = 0x080   at time   54572527 ps
inst0 ch0:  C_CMD: RDCMD     C_r = 0x08d   at time   54572941 ps
inst0 ch0:  C_CMD: RDCMD     C_f = 0x002   at time   54573355 ps
inst0 ch0:  C_CMD: RDCMD     C_r = 0x045   at time   54574597 ps
inst0 ch0:  C_CMD: RDCMD     C_f = 0x000   at time   54575011 ps
inst0 ch0:  C_CMD: RDCMD     C_r = 0x08d   at time   54575425 ps
inst0 ch0:  C_CMD: RDCMD     C_f = 0x082   at time   54575839 ps
inst0 ch0:  C_CMD: RDCMD     C_r = 0x005   at time   54577081 ps
inst0 ch0:  C_CMD: RDCMD     C_f = 0x000   at time   54577495 ps
inst0 ch0:  C_CMD: RDCMD     C_r = 0x045   at time   54577909 ps
inst0 ch0:  C_CMD: RDCMD     C_f = 0x080   at time   54578323 ps
inst0 ch0:  C_CMD: RDCMD     C_r = 0x04d   at time   54578737 ps
inst0 ch0:  C_CMD: RDCMD     C_f = 0x002   at time   54579151 ps
inst0 ch0:  C_CMD: RDCMD     C_r = 0x005   at time   54579565 ps
inst0 ch0:  C_CMD: RDCMD     C_f = 0x080   at time   54579979 ps
inst0 ch0:  C_CMD: RDCMD     C_r = 0x00d   at time   54580393 ps
inst0 ch0:  C_CMD: RDCMD     C_f = 0x002   at time   54580807 ps
inst0 ch0:  C_CMD: RDCMD     C_r = 0x04d   at time   54581221 ps
inst0 ch0:  C_CMD: RDCMD     C_f = 0x082   at time   54581635 ps
inst0 ch0:  C_CMD: RDCMD     C_r = 0x00d   at time   54582877 ps
inst0 ch0:  C_CMD: RDCMD     C_f = 0x082   at time   54583291 ps
inst0 ch0:  R_CMD: ACTCMD    R_r0= 0x2a    at time   55137637 ps
inst0 ch0:  R_CMD: ACTCMD    R_f0= 0x2a    at time   55138051 ps
inst0 ch0:  R_CMD: ACTCMD    R_r1= 0x00    at time   55138465 ps
inst0 ch0:  R_CMD: ACTCMD    R_f1= 0x00    at time   55138879 ps
inst0 ch0:  R_CMD: ACTCMD    R_r0= 0x0a    at time   55141777 ps
inst0 ch0:  R_CMD: ACTCMD    R_f0= 0x2a    at time   55142191 ps
inst0 ch0:  R_CMD: ACTCMD    R_r1= 0x00    at time   55142605 ps
inst0 ch0:  R_CMD: ACTCMD    R_f1= 0x00    at time   55143019 ps
inst0 ch0:  R_CMD: ACTCMD    R_r0= 0x2a    at time   55145917 ps
inst0 ch0:  R_CMD: ACTCMD    R_f0= 0x0a    at time   55146331 ps
inst0 ch0:  R_CMD: ACTCMD    R_r1= 0x00    at time   55146745 ps
inst0 ch0:  R_CMD: ACTCMD    R_f1= 0x00    at time   55147159 ps
inst0 ch0:  R_CMD: ACTCMD    R_r0= 0x0a    at time   55150057 ps
inst0 ch0:  R_CMD: ACTCMD    R_f0= 0x0a    at time   55150471 ps
inst0 ch0:  R_CMD: ACTCMD    R_r1= 0x00    at time   55150885 ps
inst0 ch0:  R_CMD: ACTCMD    R_f1= 0x00    at time   55151299 ps
inst0 ch0:  C_CMD: RDCMD     C_r = 0x0d5   at time   55152541 ps
inst0 ch0:  C_CMD: RDCMD     C_f = 0x080   at time   55152955 ps
inst0 ch0:  C_CMD: RDCMD     C_r = 0x0dd   at time   55155853 ps
inst0 ch0:  C_CMD: RDCMD     C_f = 0x082   at time   55156267 ps
inst0 ch0:  C_CMD: RDCMD     C_r = 0x095   at time   55157509 ps
inst0 ch0:  C_CMD: RDCMD     C_f = 0x080   at time   55157923 ps
inst0 ch0:  C_CMD: RDCMD     C_r = 0x09d   at time   55160821 ps
inst0 ch0:  C_CMD: RDCMD     C_f = 0x082   at time   55161235 ps
inst0 ch0:  C_CMD: RDCMD     C_r = 0x055   at time   55162477 ps
inst0 ch0:  C_CMD: RDCMD     C_f = 0x080   at time   55162891 ps
inst0 ch0:  C_CMD: RDCMD     C_r = 0x015   at time   55164961 ps
inst0 ch0:  C_CMD: RDCMD     C_f = 0x080   at time   55165375 ps
inst0 ch0:  C_CMD: RDCMD     C_r = 0x05d   at time   55166617 ps
inst0 ch0:  C_CMD: RDCMD     C_f = 0x082   at time   55167031 ps
inst0 ch0:  C_CMD: RDCMD     C_r = 0x01d   at time   55168273 ps
inst0 ch0:  C_CMD: RDCMD     C_f = 0x082   at time   55168687 ps
inst0 ch0:  R_CMD: ACTCMD    R_r0= 0x32    at time   55430749 ps
inst0 ch0:  R_CMD: ACTCMD    R_f0= 0x2a    at time   55431163 ps
inst0 ch0:  R_CMD: ACTCMD    R_r1= 0x00    at time   55431577 ps
inst0 ch0:  R_CMD: ACTCMD    R_f1= 0x00    at time   55431991 ps
inst0 ch0:  R_CMD: ACTCMD    R_r0= 0x12    at time   55434889 ps
inst0 ch0:  R_CMD: ACTCMD    R_f0= 0x2a    at time   55435303 ps
inst0 ch0:  R_CMD: ACTCMD    R_r1= 0x00    at time   55435717 ps
inst0 ch0:  R_CMD: ACTCMD    R_f1= 0x00    at time   55436131 ps
inst0 ch0:  R_CMD: ACTCMD    R_r0= 0x32    at time   55439029 ps
inst0 ch0:  R_CMD: ACTCMD    R_f0= 0x0a    at time   55439443 ps
inst0 ch0:  R_CMD: ACTCMD    R_r1= 0x00    at time   55439857 ps
inst0 ch0:  R_CMD: ACTCMD    R_f1= 0x00    at time   55440271 ps
inst0 ch0:  R_CMD: ACTCMD    R_r0= 0x12    at time   55443169 ps
inst0 ch0:  R_CMD: ACTCMD    R_f0= 0x0a    at time   55443583 ps
inst0 ch0:  R_CMD: ACTCMD    R_r1= 0x00    at time   55443997 ps
inst0 ch0:  R_CMD: ACTCMD    R_f1= 0x00    at time   55444411 ps
inst0 ch0:  C_CMD: RDCMD     C_r = 0x0e5   at time   55445653 ps
inst0 ch0:  C_CMD: RDCMD     C_f = 0x080   at time   55446067 ps
inst0 ch0:  C_CMD: RDCMD     C_r = 0x0ed   at time   55448965 ps
inst0 ch0:  C_CMD: RDCMD     C_f = 0x082   at time   55449379 ps
inst0 ch0:  R_CMD: ACTCMD    R_r0= 0x2a    at time   55449793 ps
inst0 ch0:  R_CMD: ACTCMD    R_f0= 0x22    at time   55450207 ps
inst0 ch0:  R_CMD: ACTCMD    R_r1= 0x00    at time   55450621 ps
inst0 ch0:  C_CMD: RDCMD     C_r = 0x0a5   at time   55450621 ps
inst0 ch0:  R_CMD: ACTCMD    R_f1= 0x00    at time   55451035 ps
inst0 ch0:  C_CMD: RDCMD     C_f = 0x080   at time   55451035 ps
inst0 ch0:  R_CMD: ACTCMD    R_r0= 0x0a    at time   55453933 ps
inst0 ch0:  C_CMD: RDCMD     C_r = 0x0ad   at time   55453933 ps
inst0 ch0:  R_CMD: ACTCMD    R_f0= 0x22    at time   55454347 ps
inst0 ch0:  C_CMD: RDCMD     C_f = 0x082   at time   55454347 ps
inst0 ch0:  R_CMD: ACTCMD    R_r1= 0x00    at time   55454761 ps
inst0 ch0:  R_CMD: ACTCMD    R_f1= 0x00    at time   55455175 ps
inst0 ch0:  C_CMD: RDCMD     C_r = 0x065   at time   55455589 ps
inst0 ch0:  C_CMD: RDCMD     C_f = 0x080   at time   55456003 ps
inst0 ch0:  R_CMD: ACTCMD    R_r0= 0x2a    at time   55458073 ps
inst0 ch0:  C_CMD: RDCMD     C_r = 0x025   at time   55458073 ps
inst0 ch0:  R_CMD: ACTCMD    R_f0= 0x02    at time   55458487 ps
inst0 ch0:  C_CMD: RDCMD     C_f = 0x080   at time   55458487 ps
inst0 ch0:  R_CMD: ACTCMD    R_r1= 0x00    at time   55458901 ps
inst0 ch0:  R_CMD: ACTCMD    R_f1= 0x00    at time   55459315 ps
inst0 ch0:  C_CMD: RDCMD     C_r = 0x06d   at time   55459729 ps
inst0 ch0:  C_CMD: RDCMD     C_f = 0x082   at time   55460143 ps
inst0 ch0:  C_CMD: RDCMD     C_r = 0x02d   at time   55461385 ps
inst0 ch0:  C_CMD: RDCMD     C_f = 0x082   at time   55461799 ps
inst0 ch0:  R_CMD: ACTCMD    R_r0= 0x0a    at time   55462213 ps
inst0 ch0:  R_CMD: ACTCMD    R_f0= 0x02    at time   55462627 ps
inst0 ch0:  R_CMD: ACTCMD    R_r1= 0x00    at time   55463041 ps
inst0 ch0:  R_CMD: ACTCMD    R_f1= 0x00    at time   55463455 ps
inst0 ch0:  C_CMD: RDCMD     C_r = 0x0d5   at time   55464697 ps
inst0 ch0:  C_CMD: RDCMD     C_f = 0x000   at time   55465111 ps
inst0 ch0:  C_CMD: RDCMD     C_r = 0x0dd   at time   55468009 ps
inst0 ch0:  C_CMD: RDCMD     C_f = 0x002   at time   55468423 ps
inst0 ch0:  C_CMD: RDCMD     C_r = 0x095   at time   55469665 ps
inst0 ch0:  C_CMD: RDCMD     C_f = 0x000   at time   55470079 ps
inst0 ch0:  C_CMD: RDCMD     C_r = 0x09d   at time   55472977 ps
inst0 ch0:  C_CMD: RDCMD     C_f = 0x002   at time   55473391 ps
inst0 ch0:  C_CMD: RDCMD     C_r = 0x055   at time   55474633 ps
inst0 ch0:  C_CMD: RDCMD     C_f = 0x000   at time   55475047 ps
inst0 ch0:  C_CMD: RDCMD     C_r = 0x015   at time   55477117 ps
inst0 ch0:  C_CMD: RDCMD     C_f = 0x000   at time   55477531 ps
inst0 ch0:  C_CMD: RDCMD     C_r = 0x05d   at time   55478773 ps
inst0 ch0:  C_CMD: RDCMD     C_f = 0x002   at time   55479187 ps
inst0 ch0:  C_CMD: RDCMD     C_r = 0x01d   at time   55480429 ps
inst0 ch0:  C_CMD: RDCMD     C_f = 0x002   at time   55480843 ps
inst0 ch0:  R_CMD: ACTCMD    R_r0= 0x32    at time   55780165 ps
inst0 ch0:  R_CMD: ACTCMD    R_f0= 0x22    at time   55780579 ps
inst0 ch0:  R_CMD: ACTCMD    R_r1= 0x00    at time   55780993 ps
inst0 ch0:  R_CMD: ACTCMD    R_f1= 0x00    at time   55781407 ps
inst0 ch0:  R_CMD: ACTCMD    R_r0= 0x12    at time   55784305 ps
inst0 ch0:  R_CMD: ACTCMD    R_f0= 0x22    at time   55784719 ps
inst0 ch0:  R_CMD: ACTCMD    R_r1= 0x00    at time   55785133 ps
inst0 ch0:  R_CMD: ACTCMD    R_f1= 0x00    at time   55785547 ps
inst0 ch0:  R_CMD: ACTCMD    R_r0= 0x32    at time   55788445 ps
inst0 ch0:  R_CMD: ACTCMD    R_f0= 0x02    at time   55788859 ps
inst0 ch0:  R_CMD: ACTCMD    R_r1= 0x00    at time   55789273 ps
inst0 ch0:  R_CMD: ACTCMD    R_f1= 0x00    at time   55789687 ps
inst0 ch0:  R_CMD: ACTCMD    R_r0= 0x12    at time   55792585 ps
inst0 ch0:  R_CMD: ACTCMD    R_f0= 0x02    at time   55792999 ps
inst0 ch0:  R_CMD: ACTCMD    R_r1= 0x00    at time   55793413 ps
inst0 ch0:  R_CMD: ACTCMD    R_f1= 0x00    at time   55793827 ps
inst0 ch0:  C_CMD: RDCMD     C_r = 0x0e5   at time   55795069 ps
inst0 ch0:  C_CMD: RDCMD     C_f = 0x000   at time   55795483 ps
inst0 ch0:  C_CMD: RDCMD     C_r = 0x0ed   at time   55798381 ps
inst0 ch0:  C_CMD: RDCMD     C_f = 0x002   at time   55798795 ps
inst0 ch0:  C_CMD: RDCMD     C_r = 0x0a5   at time   55800037 ps
inst0 ch0:  C_CMD: RDCMD     C_f = 0x000   at time   55800451 ps
inst0 ch0:  C_CMD: RDCMD     C_r = 0x0ad   at time   55803349 ps
inst0 ch0:  C_CMD: RDCMD     C_f = 0x002   at time   55803763 ps
inst0 ch0:  C_CMD: RDCMD     C_r = 0x065   at time   55805005 ps
inst0 ch0:  C_CMD: RDCMD     C_f = 0x000   at time   55805419 ps
inst0 ch0:  C_CMD: RDCMD     C_r = 0x025   at time   55807489 ps
inst0 ch0:  C_CMD: RDCMD     C_f = 0x000   at time   55807903 ps
inst0 ch0:  C_CMD: RDCMD     C_r = 0x06d   at time   55809145 ps
inst0 ch0:  C_CMD: RDCMD     C_f = 0x002   at time   55809559 ps
inst0 ch0:  C_CMD: RDCMD     C_r = 0x02d   at time   55810801 ps
inst0 ch0:  C_CMD: RDCMD     C_f = 0x002   at time   55811215 ps
inst0 ch0:  R_CMD: ACTCMD    R_r0= 0x3a    at time   55859653 ps
inst0 ch0:  R_CMD: ACTCMD    R_f0= 0x2a    at time   55860067 ps
inst0 ch0:  R_CMD: ACTCMD    R_r1= 0x00    at time   55860481 ps
inst0 ch0:  R_CMD: ACTCMD    R_f1= 0x00    at time   55860895 ps
inst0 ch0:  R_CMD: ACTCMD    R_r0= 0x1a    at time   55863793 ps
inst0 ch0:  R_CMD: ACTCMD    R_f0= 0x2a    at time   55864207 ps
inst0 ch0:  R_CMD: ACTCMD    R_r1= 0x00    at time   55864621 ps
inst0 ch0:  R_CMD: ACTCMD    R_f1= 0x00    at time   55865035 ps
inst0 ch0:  R_CMD: ACTCMD    R_r0= 0x3a    at time   55867933 ps
inst0 ch0:  R_CMD: ACTCMD    R_f0= 0x0a    at time   55868347 ps
inst0 ch0:  R_CMD: ACTCMD    R_r1= 0x00    at time   55868761 ps
inst0 ch0:  R_CMD: ACTCMD    R_f1= 0x00    at time   55869175 ps
inst0 ch0:  R_CMD: ACTCMD    R_r0= 0x1a    at time   55872073 ps
inst0 ch0:  R_CMD: ACTCMD    R_f0= 0x0a    at time   55872487 ps
inst0 ch0:  R_CMD: ACTCMD    R_r1= 0x00    at time   55872901 ps
inst0 ch0:  R_CMD: ACTCMD    R_f1= 0x00    at time   55873315 ps
inst0 ch0:  C_CMD: RDCMD     C_r = 0x0f5   at time   55874557 ps
inst0 ch0:  C_CMD: RDCMD     C_f = 0x080   at time   55874971 ps
inst0 ch0:  C_CMD: RDCMD     C_r = 0x0fd   at time   55877869 ps
inst0 ch0:  C_CMD: RDCMD     C_f = 0x082   at time   55878283 ps
inst0 ch0:  C_CMD: RDCMD     C_r = 0x0b5   at time   55879525 ps
inst0 ch0:  C_CMD: RDCMD     C_f = 0x080   at time   55879939 ps
inst0 ch0:  C_CMD: RDCMD     C_r = 0x0bd   at time   55882837 ps
inst0 ch0:  C_CMD: RDCMD     C_f = 0x082   at time   55883251 ps
inst0 ch0:  C_CMD: RDCMD     C_r = 0x075   at time   55884493 ps
inst0 ch0:  C_CMD: RDCMD     C_f = 0x080   at time   55884907 ps
inst0 ch0:  C_CMD: RDCMD     C_r = 0x035   at time   55886977 ps
inst0 ch0:  C_CMD: RDCMD     C_f = 0x080   at time   55887391 ps
inst0 ch0:  C_CMD: RDCMD     C_r = 0x07d   at time   55888633 ps
inst0 ch0:  C_CMD: RDCMD     C_f = 0x082   at time   55889047 ps
inst0 ch0:  C_CMD: RDCMD     C_r = 0x03d   at time   55890289 ps
inst0 ch0:  C_CMD: RDCMD     C_f = 0x082   at time   55890703 ps
inst0 ch0:  R_CMD: ACTCMD    R_r0= 0x3a    at time   56287729 ps
inst0 ch0:  R_CMD: ACTCMD    R_f0= 0x22    at time   56288143 ps
inst0 ch0:  R_CMD: ACTCMD    R_r1= 0x00    at time   56288557 ps
inst0 ch0:  R_CMD: ACTCMD    R_f1= 0x00    at time   56288971 ps
inst0 ch0:  R_CMD: ACTCMD    R_r0= 0x1a    at time   56291869 ps
inst0 ch0:  R_CMD: ACTCMD    R_f0= 0x22    at time   56292283 ps
inst0 ch0:  R_CMD: ACTCMD    R_r1= 0x00    at time   56292697 ps
inst0 ch0:  R_CMD: ACTCMD    R_f1= 0x00    at time   56293111 ps
inst0 ch0:  R_CMD: ACTCMD    R_r0= 0x3a    at time   56296009 ps
inst0 ch0:  R_CMD: ACTCMD    R_f0= 0x02    at time   56296423 ps
inst0 ch0:  R_CMD: ACTCMD    R_r1= 0x00    at time   56296837 ps
inst0 ch0:  R_CMD: ACTCMD    R_f1= 0x00    at time   56297251 ps
inst0 ch0:  R_CMD: ACTCMD    R_r0= 0x1a    at time   56300149 ps
inst0 ch0:  R_CMD: ACTCMD    R_f0= 0x02    at time   56300563 ps
inst0 ch0:  R_CMD: ACTCMD    R_r1= 0x00    at time   56300977 ps
inst0 ch0:  R_CMD: ACTCMD    R_f1= 0x00    at time   56301391 ps
inst0 ch0:  C_CMD: RDCMD     C_r = 0x0f5   at time   56302633 ps
inst0 ch0:  C_CMD: RDCMD     C_f = 0x000   at time   56303047 ps
inst0 ch0:  C_CMD: RDCMD     C_r = 0x0fd   at time   56305945 ps
inst0 ch0:  C_CMD: RDCMD     C_f = 0x002   at time   56306359 ps
inst0 ch0:  C_CMD: RDCMD     C_r = 0x0b5   at time   56307601 ps
inst0 ch0:  C_CMD: RDCMD     C_f = 0x000   at time   56308015 ps
inst0 ch0:  C_CMD: RDCMD     C_r = 0x0bd   at time   56310913 ps
inst0 ch0:  C_CMD: RDCMD     C_f = 0x002   at time   56311327 ps
inst0 ch0:  C_CMD: RDCMD     C_r = 0x075   at time   56312569 ps
inst0 ch0:  C_CMD: RDCMD     C_f = 0x000   at time   56312983 ps
inst0 ch0:  C_CMD: RDCMD     C_r = 0x035   at time   56315053 ps
inst0 ch0:  C_CMD: RDCMD     C_f = 0x000   at time   56315467 ps
inst0 ch0:  C_CMD: RDCMD     C_r = 0x07d   at time   56316709 ps
inst0 ch0:  C_CMD: RDCMD     C_f = 0x002   at time   56317123 ps
inst0 ch0:  C_CMD: RDCMD     C_r = 0x03d   at time   56318365 ps
inst0 ch0:  C_CMD: RDCMD     C_f = 0x002   at time   56318779 ps
inst0 ch0:  R_CMD: ACTCMD    R_r0= 0x02    at time   56382949 ps
inst0 ch0:  R_CMD: ACTCMD    R_f0= 0x18    at time   56383363 ps
inst0 ch0:  R_CMD: ACTCMD    R_r1= 0x3f    at time   56383777 ps
inst0 ch0:  R_CMD: ACTCMD    R_f1= 0x3b    at time   56384191 ps
inst0 ch0:  C_CMD: RDCMD     C_r = 0x005   at time   56397853 ps
inst0 ch0:  C_CMD: RDCMD     C_f = 0x0f8   at time   56398267 ps
inst0 ch0:  C_CMD: RDCMD     C_r = 0x00d   at time   56401165 ps
inst0 ch0:  C_CMD: RDCMD     C_f = 0x0fa   at time   56401579 ps
inst0 ch0:  R_CMD: ACTCMD    R_r0= 0x02    at time   56455813 ps
inst0 ch0:  R_CMD: ACTCMD    R_f0= 0x18    at time   56456227 ps
inst0 ch0:  R_CMD: ACTCMD    R_r1= 0x3f    at time   56456641 ps
inst0 ch0:  R_CMD: ACTCMD    R_f1= 0x3b    at time   56457055 ps
inst0 ch0:  C_CMD: WRCMD     C_r = 0x001   at time   56466577 ps
inst0 ch0:  C_CMD: WRCMD     C_f = 0x0f8   at time   56466991 ps
inst0 ch0:  C_CMD: WRCMD     C_r = 0x009   at time   56469889 ps
inst0 ch0:  C_CMD: WRCMD     C_f = 0x0fa   at time   56470303 ps
inst0 ch0:  R_CMD: ACTCMD    R_r0= 0x02    at time   56677717 ps
inst0 ch0:  R_CMD: ACTCMD    R_f0= 0x10    at time   56678131 ps
inst0 ch0:  R_CMD: ACTCMD    R_r1= 0x3f    at time   56678545 ps
inst0 ch0:  R_CMD: ACTCMD    R_f1= 0x3b    at time   56678959 ps
inst0 ch0:  C_CMD: RDCMD     C_r = 0x005   at time   56692621 ps
inst0 ch0:  C_CMD: RDCMD     C_f = 0x078   at time   56693035 ps
inst0 ch0:  C_CMD: RDCMD     C_r = 0x00d   at time   56695933 ps
inst0 ch0:  C_CMD: RDCMD     C_f = 0x07a   at time   56696347 ps
inst0 ch0:  R_CMD: ACTCMD    R_r0= 0x02    at time   56835037 ps
inst0 ch0:  R_CMD: ACTCMD    R_f0= 0x10    at time   56835451 ps
inst0 ch0:  R_CMD: ACTCMD    R_r1= 0x3f    at time   56835865 ps
inst0 ch0:  R_CMD: ACTCMD    R_f1= 0x3b    at time   56836279 ps
inst0 ch0:  C_CMD: WRCMD     C_r = 0x001   at time   56845801 ps
inst0 ch0:  C_CMD: WRCMD     C_f = 0x078   at time   56846215 ps
inst0 ch0:  C_CMD: WRCMD     C_r = 0x009   at time   56849113 ps
inst0 ch0:  C_CMD: WRCMD     C_f = 0x07a   at time   56849527 ps
inst0 ch0:  R_CMD: ACTCMD    R_r0= 0x0a    at time   57142225 ps
inst0 ch0:  R_CMD: ACTCMD    R_f0= 0x18    at time   57142639 ps
inst0 ch0:  R_CMD: ACTCMD    R_r1= 0x3f    at time   57143053 ps
inst0 ch0:  R_CMD: ACTCMD    R_f1= 0x3b    at time   57143467 ps
inst0 ch0:  C_CMD: RDCMD     C_r = 0x015   at time   57157129 ps
inst0 ch0:  C_CMD: RDCMD     C_f = 0x0f8   at time   57157543 ps
inst0 ch0:  C_CMD: RDCMD     C_r = 0x01d   at time   57160441 ps
inst0 ch0:  C_CMD: RDCMD     C_f = 0x0fa   at time   57160855 ps
inst0 ch0:  R_CMD: ACTCMD    R_r0= 0x0a    at time   57215089 ps
inst0 ch0:  R_CMD: ACTCMD    R_f0= 0x18    at time   57215503 ps
inst0 ch0:  R_CMD: ACTCMD    R_r1= 0x3f    at time   57215917 ps
inst0 ch0:  R_CMD: ACTCMD    R_f1= 0x3b    at time   57216331 ps
inst0 ch0:  C_CMD: WRCMD     C_r = 0x011   at time   57225853 ps
inst0 ch0:  C_CMD: WRCMD     C_f = 0x0f8   at time   57226267 ps
inst0 ch0:  C_CMD: WRCMD     C_r = 0x019   at time   57229165 ps
inst0 ch0:  C_CMD: WRCMD     C_f = 0x0fa   at time   57229579 ps
inst0 ch0:  R_CMD: ACTCMD    R_r0= 0x02    at time   57302857 ps
inst0 ch0:  R_CMD: ACTCMD    R_f0= 0x38    at time   57303271 ps
inst0 ch0:  R_CMD: ACTCMD    R_r1= 0x3f    at time   57303685 ps
inst0 ch0:  R_CMD: ACTCMD    R_f1= 0x3b    at time   57304099 ps
inst0 ch0:  C_CMD: RDCMD     C_r = 0x085   at time   57317761 ps
inst0 ch0:  C_CMD: RDCMD     C_f = 0x0f8   at time   57318175 ps
inst0 ch0:  C_CMD: RDCMD     C_r = 0x08d   at time   57321073 ps
inst0 ch0:  C_CMD: RDCMD     C_f = 0x0fa   at time   57321487 ps
inst0 ch0:  R_CMD: ACTCMD    R_r0= 0x02    at time   57373237 ps
inst0 ch0:  R_CMD: ACTCMD    R_f0= 0x38    at time   57373651 ps
inst0 ch0:  R_CMD: ACTCMD    R_r1= 0x3f    at time   57374065 ps
inst0 ch0:  R_CMD: ACTCMD    R_f1= 0x3b    at time   57374479 ps
inst0 ch0:  C_CMD: WRCMD     C_r = 0x081   at time   57384001 ps
inst0 ch0:  C_CMD: WRCMD     C_f = 0x0f8   at time   57384415 ps
inst0 ch0:  C_CMD: WRCMD     C_r = 0x089   at time   57387313 ps
inst0 ch0:  C_CMD: WRCMD     C_f = 0x0fa   at time   57387727 ps
inst0 ch0:  R_CMD: ACTCMD    R_r0= 0x0a    at time   57611701 ps
inst0 ch0:  R_CMD: ACTCMD    R_f0= 0x38    at time   57612115 ps
inst0 ch0:  R_CMD: ACTCMD    R_r1= 0x3f    at time   57612529 ps
inst0 ch0:  R_CMD: ACTCMD    R_f1= 0x3b    at time   57612943 ps
inst0 ch0:  C_CMD: RDCMD     C_r = 0x095   at time   57626605 ps
inst0 ch0:  C_CMD: RDCMD     C_f = 0x0f8   at time   57627019 ps
inst0 ch0:  C_CMD: RDCMD     C_r = 0x09d   at time   57629917 ps
inst0 ch0:  C_CMD: RDCMD     C_f = 0x0fa   at time   57630331 ps
inst0 ch0:  R_CMD: ACTCMD    R_r0= 0x0a    at time   57682081 ps
inst0 ch0:  R_CMD: ACTCMD    R_f0= 0x38    at time   57682495 ps
inst0 ch0:  R_CMD: ACTCMD    R_r1= 0x3f    at time   57682909 ps
inst0 ch0:  R_CMD: ACTCMD    R_f1= 0x3b    at time   57683323 ps
inst0 ch0:  C_CMD: WRCMD     C_r = 0x091   at time   57692845 ps
inst0 ch0:  C_CMD: WRCMD     C_f = 0x0f8   at time   57693259 ps
inst0 ch0:  C_CMD: WRCMD     C_r = 0x099   at time   57696157 ps
inst0 ch0:  C_CMD: WRCMD     C_f = 0x0fa   at time   57696571 ps
inst0 ch0:  R_CMD: ACTCMD    R_r0= 0x0a    at time   58118437 ps
inst0 ch0:  R_CMD: ACTCMD    R_f0= 0x10    at time   58118851 ps
inst0 ch0:  R_CMD: ACTCMD    R_r1= 0x3f    at time   58119265 ps
inst0 ch0:  R_CMD: ACTCMD    R_f1= 0x3b    at time   58119679 ps
inst0 ch0:  C_CMD: RDCMD     C_r = 0x015   at time   58133341 ps
inst0 ch0:  C_CMD: RDCMD     C_f = 0x078   at time   58133755 ps
inst0 ch0:  C_CMD: RDCMD     C_r = 0x01d   at time   58136653 ps
inst0 ch0:  C_CMD: RDCMD     C_f = 0x07a   at time   58137067 ps
inst0 ch0:  R_CMD: ACTCMD    R_r0= 0x0a    at time   58191301 ps
inst0 ch0:  R_CMD: ACTCMD    R_f0= 0x10    at time   58191715 ps
inst0 ch0:  R_CMD: ACTCMD    R_r1= 0x3f    at time   58192129 ps
inst0 ch0:  R_CMD: ACTCMD    R_f1= 0x3b    at time   58192543 ps
inst0 ch0:  C_CMD: WRCMD     C_r = 0x011   at time   58202065 ps
inst0 ch0:  C_CMD: WRCMD     C_f = 0x078   at time   58202479 ps
inst0 ch0:  C_CMD: WRCMD     C_r = 0x019   at time   58205377 ps
inst0 ch0:  C_CMD: WRCMD     C_f = 0x07a   at time   58205791 ps
inst0 ch0:  R_CMD: ACTCMD    R_r0= 0x02    at time   58279069 ps
inst0 ch0:  R_CMD: ACTCMD    R_f0= 0x30    at time   58279483 ps
inst0 ch0:  R_CMD: ACTCMD    R_r1= 0x3f    at time   58279897 ps
inst0 ch0:  R_CMD: ACTCMD    R_f1= 0x3b    at time   58280311 ps
inst0 ch0:  C_CMD: RDCMD     C_r = 0x085   at time   58293973 ps
inst0 ch0:  C_CMD: RDCMD     C_f = 0x078   at time   58294387 ps
inst0 ch0:  C_CMD: RDCMD     C_r = 0x08d   at time   58297285 ps
inst0 ch0:  C_CMD: RDCMD     C_f = 0x07a   at time   58297699 ps
inst0 ch0:  R_CMD: ACTCMD    R_r0= 0x02    at time   58349449 ps
inst0 ch0:  R_CMD: ACTCMD    R_f0= 0x30    at time   58349863 ps
inst0 ch0:  R_CMD: ACTCMD    R_r1= 0x3f    at time   58350277 ps
inst0 ch0:  R_CMD: ACTCMD    R_f1= 0x3b    at time   58350691 ps
inst0 ch0:  C_CMD: WRCMD     C_r = 0x081   at time   58360213 ps
inst0 ch0:  C_CMD: WRCMD     C_f = 0x078   at time   58360627 ps
inst0 ch0:  C_CMD: WRCMD     C_r = 0x089   at time   58363525 ps
inst0 ch0:  C_CMD: WRCMD     C_f = 0x07a   at time   58363939 ps
inst0 ch0:  R_CMD: ACTCMD    R_r0= 0x0a    at time   58437217 ps
inst0 ch0:  R_CMD: ACTCMD    R_f0= 0x30    at time   58437631 ps
inst0 ch0:  R_CMD: ACTCMD    R_r1= 0x3f    at time   58438045 ps
inst0 ch0:  R_CMD: ACTCMD    R_f1= 0x3b    at time   58438459 ps
inst0 ch0:  C_CMD: RDCMD     C_r = 0x095   at time   58452121 ps
inst0 ch0:  C_CMD: RDCMD     C_f = 0x078   at time   58452535 ps
inst0 ch0:  C_CMD: RDCMD     C_r = 0x09d   at time   58455433 ps
inst0 ch0:  C_CMD: RDCMD     C_f = 0x07a   at time   58455847 ps
inst0 ch0:  R_CMD: ACTCMD    R_r0= 0x0a    at time   58507597 ps
inst0 ch0:  R_CMD: ACTCMD    R_f0= 0x30    at time   58508011 ps
inst0 ch0:  R_CMD: ACTCMD    R_r1= 0x3f    at time   58508425 ps
inst0 ch0:  R_CMD: ACTCMD    R_f1= 0x3b    at time   58508839 ps
inst0 ch0:  C_CMD: WRCMD     C_r = 0x091   at time   58518361 ps
inst0 ch0:  C_CMD: WRCMD     C_f = 0x078   at time   58518775 ps
inst0 ch0:  C_CMD: WRCMD     C_r = 0x099   at time   58521673 ps
inst0 ch0:  C_CMD: WRCMD     C_f = 0x07a   at time   58522087 ps
inst0 ch0:  R_CMD: ACTCMD    R_r0= 0x0a    at time   59455657 ps
inst0 ch0:  R_CMD: ACTCMD    R_f0= 0x1b    at time   59456071 ps
inst0 ch0:  R_CMD: ACTCMD    R_r1= 0x3f    at time   59456485 ps
inst0 ch0:  R_CMD: ACTCMD    R_f1= 0x3b    at time   59456899 ps
inst0 ch0:  C_CMD: RDCMD     C_r = 0x015   at time   59470561 ps
inst0 ch0:  C_CMD: RDCMD     C_f = 0x090   at time   59470975 ps
inst0 ch0:  C_CMD: RDCMD     C_r = 0x01d   at time   59473873 ps
inst0 ch0:  C_CMD: RDCMD     C_f = 0x092   at time   59474287 ps
inst0 ch0:  R_CMD: ACTCMD    R_r0= 0x0a    at time   59528521 ps
inst0 ch0:  R_CMD: ACTCMD    R_f0= 0x1b    at time   59528935 ps
inst0 ch0:  R_CMD: ACTCMD    R_r1= 0x3f    at time   59529349 ps
inst0 ch0:  R_CMD: ACTCMD    R_f1= 0x3b    at time   59529763 ps
inst0 ch0:  C_CMD: WRCMD     C_r = 0x011   at time   59539285 ps
inst0 ch0:  C_CMD: WRCMD     C_f = 0x090   at time   59539699 ps
inst0 ch0:  C_CMD: WRCMD     C_r = 0x019   at time   59542597 ps
inst0 ch0:  C_CMD: WRCMD     C_f = 0x092   at time   59543011 ps
inst0 ch0:  R_CMD: ACTCMD    R_r0= 0x0a    at time   59656861 ps
inst0 ch0:  R_CMD: ACTCMD    R_f0= 0x1b    at time   59657275 ps
inst0 ch0:  R_CMD: ACTCMD    R_r1= 0x3f    at time   59657689 ps
inst0 ch0:  R_CMD: ACTCMD    R_f1= 0x3b    at time   59658103 ps
inst0 ch0:  C_CMD: RDCMD     C_r = 0x015   at time   59671765 ps
inst0 ch0:  C_CMD: RDCMD     C_f = 0x090   at time   59672179 ps
inst0 ch0:  C_CMD: RDCMD     C_r = 0x01d   at time   59675077 ps
inst0 ch0:  C_CMD: RDCMD     C_f = 0x092   at time   59675491 ps
inst0 ch0:  R_CMD: ACTCMD    R_r0= 0x0a    at time   59727241 ps
inst0 ch0:  R_CMD: ACTCMD    R_f0= 0x1b    at time   59727655 ps
inst0 ch0:  R_CMD: ACTCMD    R_r1= 0x3f    at time   59728069 ps
inst0 ch0:  R_CMD: ACTCMD    R_f1= 0x3b    at time   59728483 ps
inst0 ch0:  C_CMD: WRCMD     C_r = 0x011   at time   59738005 ps
inst0 ch0:  C_CMD: WRCMD     C_f = 0x090   at time   59738419 ps
inst0 ch0:  C_CMD: WRCMD     C_r = 0x019   at time   59741317 ps
inst0 ch0:  C_CMD: WRCMD     C_f = 0x092   at time   59741731 ps
inst0 ch0:  R_CMD: ACTCMD    R_r0= 0x0a    at time   59834881 ps
inst0 ch0:  R_CMD: ACTCMD    R_f0= 0x13    at time   59835295 ps
inst0 ch0:  R_CMD: ACTCMD    R_r1= 0x3f    at time   59835709 ps
inst0 ch0:  R_CMD: ACTCMD    R_f1= 0x3b    at time   59836123 ps
inst0 ch0:  C_CMD: RDCMD     C_r = 0x015   at time   59849785 ps
inst0 ch0:  C_CMD: RDCMD     C_f = 0x010   at time   59850199 ps
inst0 ch0:  C_CMD: RDCMD     C_r = 0x01d   at time   59853097 ps
inst0 ch0:  C_CMD: RDCMD     C_f = 0x012   at time   59853511 ps
inst0 ch0:  R_CMD: ACTCMD    R_r0= 0x0a    at time   59907745 ps
inst0 ch0:  R_CMD: ACTCMD    R_f0= 0x13    at time   59908159 ps
inst0 ch0:  R_CMD: ACTCMD    R_r1= 0x3f    at time   59908573 ps
inst0 ch0:  R_CMD: ACTCMD    R_f1= 0x3b    at time   59908987 ps
inst0 ch0:  C_CMD: WRCMD     C_r = 0x011   at time   59918509 ps
inst0 ch0:  C_CMD: WRCMD     C_f = 0x010   at time   59918923 ps
inst0 ch0:  C_CMD: WRCMD     C_r = 0x019   at time   59921821 ps
inst0 ch0:  C_CMD: WRCMD     C_f = 0x012   at time   59922235 ps
inst0 ch0:  R_CMD: ACTCMD    R_r0= 0x0a    at time   60030289 ps
inst0 ch0:  R_CMD: ACTCMD    R_f0= 0x13    at time   60030703 ps
inst0 ch0:  R_CMD: ACTCMD    R_r1= 0x3f    at time   60031117 ps
inst0 ch0:  R_CMD: ACTCMD    R_f1= 0x3b    at time   60031531 ps
inst0 ch0:  C_CMD: RDCMD     C_r = 0x015   at time   60045193 ps
inst0 ch0:  C_CMD: RDCMD     C_f = 0x010   at time   60045607 ps
inst0 ch0:  C_CMD: RDCMD     C_r = 0x01d   at time   60048505 ps
inst0 ch0:  C_CMD: RDCMD     C_f = 0x012   at time   60048919 ps
inst0 ch0:  R_CMD: ACTCMD    R_r0= 0x0a    at time   60100669 ps
inst0 ch0:  R_CMD: ACTCMD    R_f0= 0x13    at time   60101083 ps
inst0 ch0:  R_CMD: ACTCMD    R_r1= 0x3f    at time   60101497 ps
inst0 ch0:  R_CMD: ACTCMD    R_f1= 0x3b    at time   60101911 ps
inst0 ch0:  C_CMD: WRCMD     C_r = 0x011   at time   60111433 ps
inst0 ch0:  C_CMD: WRCMD     C_f = 0x010   at time   60111847 ps
inst0 ch0:  C_CMD: WRCMD     C_r = 0x019   at time   60114745 ps
inst0 ch0:  C_CMD: WRCMD     C_f = 0x012   at time   60115159 ps
inst0 ch0:  R_CMD: ACTCMD    R_r0= 0x02    at time   60924529 ps
inst0 ch0:  R_CMD: ACTCMD    R_f0= 0x1b    at time   60924943 ps
inst0 ch0:  R_CMD: ACTCMD    R_r1= 0x3f    at time   60925357 ps
inst0 ch0:  R_CMD: ACTCMD    R_f1= 0x3b    at time   60925771 ps
inst0 ch0:  C_CMD: RDCMD     C_r = 0x005   at time   60939433 ps
inst0 ch0:  C_CMD: RDCMD     C_f = 0x080   at time   60939847 ps
inst0 ch0:  C_CMD: RDCMD     C_r = 0x00d   at time   60942745 ps
inst0 ch0:  C_CMD: RDCMD     C_f = 0x082   at time   60943159 ps
inst0 ch0:  R_CMD: ACTCMD    R_r0= 0x02    at time   60997393 ps
inst0 ch0:  R_CMD: ACTCMD    R_f0= 0x1b    at time   60997807 ps
inst0 ch0:  R_CMD: ACTCMD    R_r1= 0x3f    at time   60998221 ps
inst0 ch0:  R_CMD: ACTCMD    R_f1= 0x3b    at time   60998635 ps
inst0 ch0:  C_CMD: WRCMD     C_r = 0x001   at time   61008157 ps
inst0 ch0:  C_CMD: WRCMD     C_f = 0x080   at time   61008571 ps
inst0 ch0:  C_CMD: WRCMD     C_r = 0x009   at time   61011469 ps
inst0 ch0:  C_CMD: WRCMD     C_f = 0x082   at time   61011883 ps
inst0 ch0:  R_CMD: ACTCMD    R_r0= 0x02    at time   61269805 ps
inst0 ch0:  R_CMD: ACTCMD    R_f0= 0x1b    at time   61270219 ps
inst0 ch0:  R_CMD: ACTCMD    R_r1= 0x3f    at time   61270633 ps
inst0 ch0:  R_CMD: ACTCMD    R_f1= 0x3b    at time   61271047 ps
inst0 ch0:  C_CMD: RDCMD     C_r = 0x005   at time   61284709 ps
inst0 ch0:  C_CMD: RDCMD     C_f = 0x080   at time   61285123 ps
inst0 ch0:  C_CMD: RDCMD     C_r = 0x00d   at time   61288021 ps
inst0 ch0:  C_CMD: RDCMD     C_f = 0x082   at time   61288435 ps
inst0 ch0:  R_CMD: ACTCMD    R_r0= 0x02    at time   61486741 ps
inst0 ch0:  R_CMD: ACTCMD    R_f0= 0x1b    at time   61487155 ps
inst0 ch0:  R_CMD: ACTCMD    R_r1= 0x3f    at time   61487569 ps
inst0 ch0:  R_CMD: ACTCMD    R_f1= 0x3b    at time   61487983 ps
inst0 ch0:  C_CMD: WRCMD     C_r = 0x001   at time   61497505 ps
inst0 ch0:  C_CMD: WRCMD     C_f = 0x080   at time   61497919 ps
inst0 ch0:  C_CMD: WRCMD     C_r = 0x009   at time   61500817 ps
inst0 ch0:  C_CMD: WRCMD     C_f = 0x082   at time   61501231 ps
inst0 ch0:  R_CMD: ACTCMD    R_r0= 0x02    at time   61788961 ps
inst0 ch0:  R_CMD: ACTCMD    R_f0= 0x13    at time   61789375 ps
inst0 ch0:  R_CMD: ACTCMD    R_r1= 0x3f    at time   61789789 ps
inst0 ch0:  R_CMD: ACTCMD    R_f1= 0x3b    at time   61790203 ps
inst0 ch0:  C_CMD: RDCMD     C_r = 0x005   at time   61803865 ps
inst0 ch0:  C_CMD: RDCMD     C_f = 0x000   at time   61804279 ps
inst0 ch0:  C_CMD: RDCMD     C_r = 0x00d   at time   61807177 ps
inst0 ch0:  C_CMD: RDCMD     C_f = 0x002   at time   61807591 ps
inst0 ch0:  R_CMD: ACTCMD    R_r0= 0x02    at time   61861825 ps
inst0 ch0:  R_CMD: ACTCMD    R_f0= 0x13    at time   61862239 ps
inst0 ch0:  R_CMD: ACTCMD    R_r1= 0x3f    at time   61862653 ps
inst0 ch0:  R_CMD: ACTCMD    R_f1= 0x3b    at time   61863067 ps
inst0 ch0:  C_CMD: WRCMD     C_r = 0x001   at time   61872589 ps
inst0 ch0:  C_CMD: WRCMD     C_f = 0x000   at time   61873003 ps
inst0 ch0:  C_CMD: WRCMD     C_r = 0x009   at time   61875901 ps
inst0 ch0:  C_CMD: WRCMD     C_f = 0x002   at time   61876315 ps
inst0 ch0:  R_CMD: ACTCMD    R_r0= 0x02    at time   61997617 ps
inst0 ch0:  R_CMD: ACTCMD    R_f0= 0x13    at time   61998031 ps
inst0 ch0:  R_CMD: ACTCMD    R_r1= 0x3f    at time   61998445 ps
inst0 ch0:  R_CMD: ACTCMD    R_f1= 0x3b    at time   61998859 ps
inst0 ch0:  C_CMD: RDCMD     C_r = 0x005   at time   62012521 ps
inst0 ch0:  C_CMD: RDCMD     C_f = 0x000   at time   62012935 ps
inst0 ch0:  C_CMD: RDCMD     C_r = 0x00d   at time   62015833 ps
inst0 ch0:  C_CMD: RDCMD     C_f = 0x002   at time   62016247 ps
inst0 ch0:  R_CMD: ACTCMD    R_r0= 0x02    at time   62067997 ps
inst0 ch0:  R_CMD: ACTCMD    R_f0= 0x13    at time   62068411 ps
inst0 ch0:  R_CMD: ACTCMD    R_r1= 0x3f    at time   62068825 ps
inst0 ch0:  R_CMD: ACTCMD    R_f1= 0x3b    at time   62069239 ps
inst0 ch0:  C_CMD: WRCMD     C_r = 0x001   at time   62078761 ps
inst0 ch0:  C_CMD: WRCMD     C_f = 0x000   at time   62079175 ps
inst0 ch0:  C_CMD: WRCMD     C_r = 0x009   at time   62082073 ps
inst0 ch0:  C_CMD: WRCMD     C_f = 0x002   at time   62082487 ps
inst0 ch0:  R_CMD: ACTCMD    R_r0= 0x02    at time   62197993 ps
inst0 ch0:  R_CMD: ACTCMD    R_f0= 0x08    at time   62198407 ps
inst0 ch0:  R_CMD: ACTCMD    R_r1= 0x00    at time   62198821 ps
inst0 ch0:  R_CMD: ACTCMD    R_f1= 0x00    at time   62199235 ps
inst0 ch0:  C_CMD: RDCMD     C_r = 0x005   at time   62212897 ps
inst0 ch0:  C_CMD: RDCMD     C_f = 0x098   at time   62213311 ps
inst0 ch0:  C_CMD: RDCMD     C_r = 0x005   at time   62216209 ps
inst0 ch0:  C_CMD: RDCMD     C_f = 0x09a   at time   62216623 ps
inst0 ch0:  C_CMD: RDCMD     C_r = 0x005   at time   62219521 ps
inst0 ch0:  C_CMD: RDCMD     C_f = 0x090   at time   62219935 ps
inst0 ch0:  C_CMD: RDCMD     C_r = 0x005   at time   62222833 ps
inst0 ch0:  C_CMD: RDCMD     C_f = 0x092   at time   62223247 ps
inst0 ch0:  C_CMD: RDCMD     C_r = 0x005   at time   62226145 ps
inst0 ch0:  C_CMD: RDCMD     C_f = 0x088   at time   62226559 ps
inst0 ch0:  C_CMD: RDCMD     C_r = 0x005   at time   62229457 ps
inst0 ch0:  C_CMD: RDCMD     C_f = 0x08a   at time   62229871 ps
inst0 ch0:  C_CMD: RDCMD     C_r = 0x005   at time   62232769 ps
inst0 ch0:  C_CMD: RDCMD     C_f = 0x080   at time   62233183 ps
inst0 ch0:  C_CMD: RDCMD     C_r = 0x00d   at time   62236081 ps
inst0 ch0:  C_CMD: RDCMD     C_f = 0x082   at time   62236495 ps
inst0 ch0:  R_CMD: ACTCMD    R_r0= 0x0a    at time   62549893 ps
inst0 ch0:  R_CMD: ACTCMD    R_f0= 0x08    at time   62550307 ps
inst0 ch0:  R_CMD: ACTCMD    R_r1= 0x00    at time   62550721 ps
inst0 ch0:  R_CMD: ACTCMD    R_f1= 0x00    at time   62551135 ps
inst0 ch0:  C_CMD: RDCMD     C_r = 0x015   at time   62564797 ps
inst0 ch0:  C_CMD: RDCMD     C_f = 0x098   at time   62565211 ps
inst0 ch0:  C_CMD: RDCMD     C_r = 0x015   at time   62568109 ps
inst0 ch0:  C_CMD: RDCMD     C_f = 0x09a   at time   62568523 ps
inst0 ch0:  C_CMD: RDCMD     C_r = 0x015   at time   62571421 ps
inst0 ch0:  C_CMD: RDCMD     C_f = 0x090   at time   62571835 ps
inst0 ch0:  C_CMD: RDCMD     C_r = 0x015   at time   62574733 ps
inst0 ch0:  C_CMD: RDCMD     C_f = 0x092   at time   62575147 ps
inst0 ch0:  C_CMD: RDCMD     C_r = 0x015   at time   62578045 ps
inst0 ch0:  C_CMD: RDCMD     C_f = 0x088   at time   62578459 ps
inst0 ch0:  C_CMD: RDCMD     C_r = 0x015   at time   62581357 ps
inst0 ch0:  C_CMD: RDCMD     C_f = 0x08a   at time   62581771 ps
inst0 ch0:  C_CMD: RDCMD     C_r = 0x015   at time   62584669 ps
inst0 ch0:  C_CMD: RDCMD     C_f = 0x080   at time   62585083 ps
inst0 ch0:  C_CMD: RDCMD     C_r = 0x01d   at time   62587981 ps
inst0 ch0:  C_CMD: RDCMD     C_f = 0x082   at time   62588395 ps
inst0 ch0:  R_CMD: ACTCMD    R_r0= 0x0a    at time   62795809 ps
inst0 ch0:  R_CMD: ACTCMD    R_f0= 0x08    at time   62796223 ps
inst0 ch0:  R_CMD: ACTCMD    R_r1= 0x00    at time   62796637 ps
inst0 ch0:  R_CMD: ACTCMD    R_f1= 0x00    at time   62797051 ps
inst0 ch0:  C_CMD: RDCMD     C_r = 0x015   at time   62810713 ps
inst0 ch0:  C_CMD: RDCMD     C_f = 0x0b8   at time   62811127 ps
inst0 ch0:  C_CMD: RDCMD     C_r = 0x015   at time   62814025 ps
inst0 ch0:  C_CMD: RDCMD     C_f = 0x0ba   at time   62814439 ps
inst0 ch0:  C_CMD: RDCMD     C_r = 0x015   at time   62817337 ps
inst0 ch0:  C_CMD: RDCMD     C_f = 0x0b0   at time   62817751 ps
inst0 ch0:  C_CMD: RDCMD     C_r = 0x015   at time   62820649 ps
inst0 ch0:  C_CMD: RDCMD     C_f = 0x0b2   at time   62821063 ps
inst0 ch0:  C_CMD: RDCMD     C_r = 0x015   at time   62823961 ps
inst0 ch0:  C_CMD: RDCMD     C_f = 0x0a8   at time   62824375 ps
inst0 ch0:  C_CMD: RDCMD     C_r = 0x015   at time   62827273 ps
inst0 ch0:  C_CMD: RDCMD     C_f = 0x0aa   at time   62827687 ps
inst0 ch0:  C_CMD: RDCMD     C_r = 0x015   at time   62830585 ps
inst0 ch0:  C_CMD: RDCMD     C_f = 0x0a0   at time   62830999 ps
inst0 ch0:  C_CMD: RDCMD     C_r = 0x01d   at time   62833897 ps
inst0 ch0:  C_CMD: RDCMD     C_f = 0x0a2   at time   62834311 ps
inst0 ch0:  R_CMD: ACTCMD    R_r0= 0x0a    at time   62868673 ps
inst0 ch0:  R_CMD: ACTCMD    R_f0= 0x08    at time   62869087 ps
inst0 ch0:  R_CMD: ACTCMD    R_r1= 0x00    at time   62869501 ps
inst0 ch0:  R_CMD: ACTCMD    R_f1= 0x00    at time   62869915 ps
inst0 ch0:  C_CMD: WRCMD     C_r = 0x011   at time   62879437 ps
inst0 ch0:  C_CMD: WRCMD     C_f = 0x0b8   at time   62879851 ps
inst0 ch0:  C_CMD: WRCMD     C_r = 0x011   at time   62882749 ps
inst0 ch0:  C_CMD: WRCMD     C_f = 0x0ba   at time   62883163 ps
inst0 ch0:  C_CMD: WRCMD     C_r = 0x011   at time   62886061 ps
inst0 ch0:  C_CMD: WRCMD     C_f = 0x0a8   at time   62886475 ps
inst0 ch0:  C_CMD: WRCMD     C_r = 0x011   at time   62889373 ps
inst0 ch0:  C_CMD: WRCMD     C_f = 0x0aa   at time   62889787 ps
inst0 ch0:  C_CMD: WRCMD     C_r = 0x011   at time   62892685 ps
inst0 ch0:  C_CMD: WRCMD     C_f = 0x0b0   at time   62893099 ps
inst0 ch0:  C_CMD: WRCMD     C_r = 0x011   at time   62895997 ps
inst0 ch0:  C_CMD: WRCMD     C_f = 0x0b2   at time   62896411 ps
inst0 ch0:  C_CMD: WRCMD     C_r = 0x011   at time   62899309 ps
inst0 ch0:  C_CMD: WRCMD     C_f = 0x0a0   at time   62899723 ps
inst0 ch0:  C_CMD: WRCMD     C_r = 0x019   at time   62902621 ps
inst0 ch0:  C_CMD: WRCMD     C_f = 0x0a2   at time   62903035 ps
inst0 ch0:  R_CMD: ACTCMD    R_r0= 0x02    at time   63202357 ps
inst0 ch0:  R_CMD: ACTCMD    R_f0= 0x00    at time   63202771 ps
inst0 ch0:  R_CMD: ACTCMD    R_r1= 0x00    at time   63203185 ps
inst0 ch0:  R_CMD: ACTCMD    R_f1= 0x00    at time   63203599 ps
inst0 ch0:  C_CMD: RDCMD     C_r = 0x005   at time   63217261 ps
inst0 ch0:  C_CMD: RDCMD     C_f = 0x018   at time   63217675 ps
inst0 ch0:  C_CMD: RDCMD     C_r = 0x005   at time   63220573 ps
inst0 ch0:  C_CMD: RDCMD     C_f = 0x01a   at time   63220987 ps
inst0 ch0:  C_CMD: RDCMD     C_r = 0x005   at time   63223885 ps
inst0 ch0:  C_CMD: RDCMD     C_f = 0x010   at time   63224299 ps
inst0 ch0:  C_CMD: RDCMD     C_r = 0x005   at time   63227197 ps
inst0 ch0:  C_CMD: RDCMD     C_f = 0x012   at time   63227611 ps
inst0 ch0:  C_CMD: RDCMD     C_r = 0x005   at time   63230509 ps
inst0 ch0:  C_CMD: RDCMD     C_f = 0x008   at time   63230923 ps
inst0 ch0:  C_CMD: RDCMD     C_r = 0x005   at time   63233821 ps
inst0 ch0:  C_CMD: RDCMD     C_f = 0x00a   at time   63234235 ps
inst0 ch0:  C_CMD: RDCMD     C_r = 0x005   at time   63237133 ps
inst0 ch0:  C_CMD: RDCMD     C_f = 0x000   at time   63237547 ps
inst0 ch0:  C_CMD: RDCMD     C_r = 0x00d   at time   63240445 ps
inst0 ch0:  C_CMD: RDCMD     C_f = 0x002   at time   63240859 ps
inst0 ch0:  R_CMD: ACTCMD    R_r0= 0x0a    at time   63382861 ps
inst0 ch0:  R_CMD: ACTCMD    R_f0= 0x00    at time   63383275 ps
inst0 ch0:  R_CMD: ACTCMD    R_r1= 0x00    at time   63383689 ps
inst0 ch0:  R_CMD: ACTCMD    R_f1= 0x00    at time   63384103 ps
inst0 ch0:  C_CMD: RDCMD     C_r = 0x015   at time   63397765 ps
inst0 ch0:  C_CMD: RDCMD     C_f = 0x018   at time   63398179 ps
inst0 ch0:  C_CMD: RDCMD     C_r = 0x015   at time   63401077 ps
inst0 ch0:  C_CMD: RDCMD     C_f = 0x01a   at time   63401491 ps
inst0 ch0:  C_CMD: RDCMD     C_r = 0x015   at time   63404389 ps
inst0 ch0:  C_CMD: RDCMD     C_f = 0x010   at time   63404803 ps
inst0 ch0:  C_CMD: RDCMD     C_r = 0x015   at time   63407701 ps
inst0 ch0:  C_CMD: RDCMD     C_f = 0x012   at time   63408115 ps
inst0 ch0:  C_CMD: RDCMD     C_r = 0x015   at time   63411013 ps
inst0 ch0:  C_CMD: RDCMD     C_f = 0x008   at time   63411427 ps
inst0 ch0:  C_CMD: RDCMD     C_r = 0x015   at time   63414325 ps
inst0 ch0:  C_CMD: RDCMD     C_f = 0x00a   at time   63414739 ps
inst0 ch0:  C_CMD: RDCMD     C_r = 0x015   at time   63417637 ps
inst0 ch0:  C_CMD: RDCMD     C_f = 0x000   at time   63418051 ps
inst0 ch0:  C_CMD: RDCMD     C_r = 0x01d   at time   63420949 ps
inst0 ch0:  C_CMD: RDCMD     C_f = 0x002   at time   63421363 ps
inst0 ch0:  R_CMD: ACTCMD    R_r0= 0x0a    at time   63668521 ps
inst0 ch0:  R_CMD: ACTCMD    R_f0= 0x00    at time   63668935 ps
inst0 ch0:  R_CMD: ACTCMD    R_r1= 0x00    at time   63669349 ps
inst0 ch0:  R_CMD: ACTCMD    R_f1= 0x00    at time   63669763 ps
inst0 ch0:  C_CMD: RDCMD     C_r = 0x015   at time   63683425 ps
inst0 ch0:  C_CMD: RDCMD     C_f = 0x038   at time   63683839 ps
inst0 ch0:  C_CMD: RDCMD     C_r = 0x015   at time   63686737 ps
inst0 ch0:  C_CMD: RDCMD     C_f = 0x03a   at time   63687151 ps
inst0 ch0:  C_CMD: RDCMD     C_r = 0x015   at time   63690049 ps
inst0 ch0:  C_CMD: RDCMD     C_f = 0x030   at time   63690463 ps
inst0 ch0:  C_CMD: RDCMD     C_r = 0x015   at time   63693361 ps
inst0 ch0:  C_CMD: RDCMD     C_f = 0x032   at time   63693775 ps
inst0 ch0:  C_CMD: RDCMD     C_r = 0x015   at time   63696673 ps
inst0 ch0:  C_CMD: RDCMD     C_f = 0x028   at time   63697087 ps
inst0 ch0:  C_CMD: RDCMD     C_r = 0x015   at time   63699985 ps
inst0 ch0:  C_CMD: RDCMD     C_f = 0x02a   at time   63700399 ps
inst0 ch0:  C_CMD: RDCMD     C_r = 0x015   at time   63703297 ps
inst0 ch0:  C_CMD: RDCMD     C_f = 0x020   at time   63703711 ps
inst0 ch0:  C_CMD: RDCMD     C_r = 0x01d   at time   63706609 ps
inst0 ch0:  C_CMD: RDCMD     C_f = 0x022   at time   63707023 ps
inst0 ch0:  R_CMD: ACTCMD    R_r0= 0x0a    at time   63821701 ps
inst0 ch0:  R_CMD: ACTCMD    R_f0= 0x00    at time   63822115 ps
inst0 ch0:  R_CMD: ACTCMD    R_r1= 0x00    at time   63822529 ps
inst0 ch0:  R_CMD: ACTCMD    R_f1= 0x00    at time   63822943 ps
inst0 ch0:  C_CMD: WRCMD     C_r = 0x011   at time   63832465 ps
inst0 ch0:  C_CMD: WRCMD     C_f = 0x028   at time   63832879 ps
inst0 ch0:  C_CMD: WRCMD     C_r = 0x011   at time   63835777 ps
inst0 ch0:  C_CMD: WRCMD     C_f = 0x02a   at time   63836191 ps
inst0 ch0:  C_CMD: WRCMD     C_r = 0x011   at time   63839089 ps
inst0 ch0:  C_CMD: WRCMD     C_f = 0x038   at time   63839503 ps
inst0 ch0:  C_CMD: WRCMD     C_r = 0x011   at time   63842401 ps
inst0 ch0:  C_CMD: WRCMD     C_f = 0x03a   at time   63842815 ps
inst0 ch0:  C_CMD: WRCMD     C_r = 0x011   at time   63845713 ps
inst0 ch0:  C_CMD: WRCMD     C_f = 0x020   at time   63846127 ps
inst0 ch0:  C_CMD: WRCMD     C_r = 0x011   at time   63849025 ps
inst0 ch0:  C_CMD: WRCMD     C_f = 0x022   at time   63849439 ps
inst0 ch0:  C_CMD: WRCMD     C_r = 0x011   at time   63852337 ps
inst0 ch0:  C_CMD: WRCMD     C_f = 0x030   at time   63852751 ps
inst0 ch0:  C_CMD: WRCMD     C_r = 0x019   at time   63855649 ps
inst0 ch0:  C_CMD: WRCMD     C_f = 0x032   at time   63856063 ps
inst0 ch0:  R_CMD: ACTCMD    R_r0= 0x02    at time   64166977 ps
inst0 ch0:  R_CMD: ACTCMD    R_f0= 0x1b    at time   64167391 ps
inst0 ch0:  R_CMD: ACTCMD    R_r1= 0x3f    at time   64167805 ps
inst0 ch0:  R_CMD: ACTCMD    R_f1= 0x3b    at time   64168219 ps
inst0 ch0:  C_CMD: RDCMD     C_r = 0x005   at time   64181881 ps
inst0 ch0:  C_CMD: RDCMD     C_f = 0x080   at time   64182295 ps
inst0 ch0:  C_CMD: RDCMD     C_r = 0x00d   at time   64185193 ps
inst0 ch0:  C_CMD: RDCMD     C_f = 0x082   at time   64185607 ps
inst0 ch0:  R_CMD: ACTCMD    R_r0= 0x02    at time   64239841 ps
inst0 ch0:  R_CMD: ACTCMD    R_f0= 0x1b    at time   64240255 ps
inst0 ch0:  R_CMD: ACTCMD    R_r1= 0x3f    at time   64240669 ps
inst0 ch0:  R_CMD: ACTCMD    R_f1= 0x3b    at time   64241083 ps
inst0 ch0:  C_CMD: WRCMD     C_r = 0x001   at time   64250605 ps
inst0 ch0:  C_CMD: WRCMD     C_f = 0x080   at time   64251019 ps
inst0 ch0:  C_CMD: WRCMD     C_r = 0x009   at time   64253917 ps
inst0 ch0:  C_CMD: WRCMD     C_f = 0x082   at time   64254331 ps
inst0 ch0:  R_CMD: ACTCMD    R_r0= 0x02    at time   64333405 ps
inst0 ch0:  R_CMD: ACTCMD    R_f0= 0x1b    at time   64333819 ps
inst0 ch0:  R_CMD: ACTCMD    R_r1= 0x3f    at time   64334233 ps
inst0 ch0:  R_CMD: ACTCMD    R_f1= 0x3b    at time   64334647 ps
inst0 ch0:  C_CMD: RDCMD     C_r = 0x005   at time   64348309 ps
inst0 ch0:  C_CMD: RDCMD     C_f = 0x080   at time   64348723 ps
inst0 ch0:  C_CMD: RDCMD     C_r = 0x00d   at time   64351621 ps
inst0 ch0:  C_CMD: RDCMD     C_f = 0x082   at time   64352035 ps
inst0 ch0:  R_CMD: ACTCMD    R_r0= 0x02    at time   64403785 ps
inst0 ch0:  R_CMD: ACTCMD    R_f0= 0x1b    at time   64404199 ps
inst0 ch0:  R_CMD: ACTCMD    R_r1= 0x3f    at time   64404613 ps
inst0 ch0:  R_CMD: ACTCMD    R_f1= 0x3b    at time   64405027 ps
inst0 ch0:  C_CMD: WRCMD     C_r = 0x001   at time   64414549 ps
inst0 ch0:  C_CMD: WRCMD     C_f = 0x080   at time   64414963 ps
inst0 ch0:  C_CMD: WRCMD     C_r = 0x009   at time   64417861 ps
inst0 ch0:  C_CMD: WRCMD     C_f = 0x082   at time   64418275 ps
inst0 ch0:  R_CMD: ACTCMD    R_r0= 0x0a    at time   64609957 ps
inst0 ch0:  R_CMD: ACTCMD    R_f0= 0x19    at time   64610371 ps
inst0 ch0:  R_CMD: ACTCMD    R_r1= 0x3f    at time   64610785 ps
inst0 ch0:  R_CMD: ACTCMD    R_f1= 0x3b    at time   64611199 ps
inst0 ch0:  R_CMD: ACTCMD    R_r0= 0x02    at time   64614097 ps
inst0 ch0:  R_CMD: ACTCMD    R_f0= 0x19    at time   64614511 ps
inst0 ch0:  R_CMD: ACTCMD    R_r1= 0x3f    at time   64614925 ps
inst0 ch0:  R_CMD: ACTCMD    R_f1= 0x3b    at time   64615339 ps
inst0 ch0:  C_CMD: RDCMD     C_r = 0x015   at time   64624861 ps
inst0 ch0:  C_CMD: RDCMD     C_f = 0x0f8   at time   64625275 ps
inst0 ch0:  C_CMD: RDCMD     C_r = 0x01d   at time   64628173 ps
inst0 ch0:  C_CMD: RDCMD     C_f = 0x0fa   at time   64628587 ps
inst0 ch0:  C_CMD: RDCMD     C_r = 0x005   at time   64631485 ps
inst0 ch0:  C_CMD: RDCMD     C_f = 0x0f8   at time   64631899 ps
inst0 ch0:  C_CMD: RDCMD     C_r = 0x00d   at time   64634797 ps
inst0 ch0:  C_CMD: RDCMD     C_f = 0x0fa   at time   64635211 ps
inst0 ch0:  R_CMD: ACTCMD    R_r0= 0x0a    at time   64680337 ps
inst0 ch0:  R_CMD: ACTCMD    R_f0= 0x19    at time   64680751 ps
inst0 ch0:  R_CMD: ACTCMD    R_r1= 0x3f    at time   64681165 ps
inst0 ch0:  R_CMD: ACTCMD    R_f1= 0x3b    at time   64681579 ps
inst0 ch0:  R_CMD: ACTCMD    R_r0= 0x02    at time   64684477 ps
inst0 ch0:  R_CMD: ACTCMD    R_f0= 0x19    at time   64684891 ps
inst0 ch0:  R_CMD: ACTCMD    R_r1= 0x3f    at time   64685305 ps
inst0 ch0:  R_CMD: ACTCMD    R_f1= 0x3b    at time   64685719 ps
inst0 ch0:  C_CMD: WRCMD     C_r = 0x011   at time   64691101 ps
inst0 ch0:  C_CMD: WRCMD     C_f = 0x0f8   at time   64691515 ps
inst0 ch0:  C_CMD: WRCMD     C_r = 0x019   at time   64694413 ps
inst0 ch0:  C_CMD: WRCMD     C_f = 0x0fa   at time   64694827 ps
inst0 ch0:  C_CMD: WRCMD     C_r = 0x001   at time   64697725 ps
inst0 ch0:  C_CMD: WRCMD     C_f = 0x0f8   at time   64698139 ps
inst0 ch0:  C_CMD: WRCMD     C_r = 0x009   at time   64701037 ps
inst0 ch0:  C_CMD: WRCMD     C_f = 0x0fa   at time   64701451 ps
inst0 ch0:  R_CMD: ACTCMD    R_r0= 0x02    at time   65293885 ps
inst0 ch0:  R_CMD: ACTCMD    R_f0= 0x13    at time   65294299 ps
inst0 ch0:  R_CMD: ACTCMD    R_r1= 0x3f    at time   65294713 ps
inst0 ch0:  R_CMD: ACTCMD    R_f1= 0x3b    at time   65295127 ps
inst0 ch0:  C_CMD: RDCMD     C_r = 0x005   at time   65308789 ps
inst0 ch0:  C_CMD: RDCMD     C_f = 0x000   at time   65309203 ps
inst0 ch0:  C_CMD: RDCMD     C_r = 0x00d   at time   65312101 ps
inst0 ch0:  C_CMD: RDCMD     C_f = 0x002   at time   65312515 ps
inst0 ch0:  R_CMD: ACTCMD    R_r0= 0x02    at time   65366749 ps
inst0 ch0:  R_CMD: ACTCMD    R_f0= 0x13    at time   65367163 ps
inst0 ch0:  R_CMD: ACTCMD    R_r1= 0x3f    at time   65367577 ps
inst0 ch0:  R_CMD: ACTCMD    R_f1= 0x3b    at time   65367991 ps
inst0 ch0:  C_CMD: WRCMD     C_r = 0x001   at time   65377513 ps
inst0 ch0:  C_CMD: WRCMD     C_f = 0x000   at time   65377927 ps
inst0 ch0:  C_CMD: WRCMD     C_r = 0x009   at time   65380825 ps
inst0 ch0:  C_CMD: WRCMD     C_f = 0x002   at time   65381239 ps
inst0 ch0:  R_CMD: ACTCMD    R_r0= 0x02    at time   65458657 ps
inst0 ch0:  R_CMD: ACTCMD    R_f0= 0x13    at time   65459071 ps
inst0 ch0:  R_CMD: ACTCMD    R_r1= 0x3f    at time   65459485 ps
inst0 ch0:  R_CMD: ACTCMD    R_f1= 0x3b    at time   65459899 ps
inst0 ch0:  C_CMD: RDCMD     C_r = 0x005   at time   65473561 ps
inst0 ch0:  C_CMD: RDCMD     C_f = 0x000   at time   65473975 ps
inst0 ch0:  C_CMD: RDCMD     C_r = 0x00d   at time   65476873 ps
inst0 ch0:  C_CMD: RDCMD     C_f = 0x002   at time   65477287 ps
inst0 ch0:  R_CMD: ACTCMD    R_r0= 0x02    at time   65529037 ps
inst0 ch0:  R_CMD: ACTCMD    R_f0= 0x13    at time   65529451 ps
inst0 ch0:  R_CMD: ACTCMD    R_r1= 0x3f    at time   65529865 ps
inst0 ch0:  R_CMD: ACTCMD    R_f1= 0x3b    at time   65530279 ps
inst0 ch0:  C_CMD: WRCMD     C_r = 0x001   at time   65539801 ps
inst0 ch0:  C_CMD: WRCMD     C_f = 0x000   at time   65540215 ps
inst0 ch0:  C_CMD: WRCMD     C_r = 0x009   at time   65543113 ps
inst0 ch0:  C_CMD: WRCMD     C_f = 0x002   at time   65543527 ps
inst0 ch0:  R_CMD: ACTCMD    R_r0= 0x0a    at time   65577061 ps
inst0 ch0:  R_CMD: ACTCMD    R_f0= 0x0a    at time   65577475 ps
inst0 ch0:  R_CMD: ACTCMD    R_r1= 0x00    at time   65577889 ps
inst0 ch0:  R_CMD: ACTCMD    R_f1= 0x00    at time   65578303 ps
inst0 ch0:  R_CMD: ACTCMD    R_r0= 0x02    at time   65581201 ps
inst0 ch0:  R_CMD: ACTCMD    R_f0= 0x0a    at time   65581615 ps
inst0 ch0:  R_CMD: ACTCMD    R_r1= 0x00    at time   65582029 ps
inst0 ch0:  R_CMD: ACTCMD    R_f1= 0x00    at time   65582443 ps
inst0 ch0:  C_CMD: RDCMD     C_r = 0x015   at time   65591965 ps
inst0 ch0:  C_CMD: RDCMD     C_f = 0x080   at time   65592379 ps
inst0 ch0:  C_CMD: RDCMD     C_r = 0x01d   at time   65595277 ps
inst0 ch0:  C_CMD: RDCMD     C_f = 0x082   at time   65595691 ps
inst0 ch0:  C_CMD: RDCMD     C_r = 0x005   at time   65598589 ps
inst0 ch0:  C_CMD: RDCMD     C_f = 0x080   at time   65599003 ps
inst0 ch0:  C_CMD: RDCMD     C_r = 0x00d   at time   65601901 ps
inst0 ch0:  C_CMD: RDCMD     C_f = 0x082   at time   65602315 ps
inst0 ch0:  R_CMD: ACTCMD    R_r0= 0x0a    at time   65730241 ps
inst0 ch0:  R_CMD: ACTCMD    R_f0= 0x11    at time   65730655 ps
inst0 ch0:  R_CMD: ACTCMD    R_r1= 0x3f    at time   65731069 ps
inst0 ch0:  R_CMD: ACTCMD    R_f1= 0x3b    at time   65731483 ps
inst0 ch0:  R_CMD: ACTCMD    R_r0= 0x02    at time   65734381 ps
inst0 ch0:  R_CMD: ACTCMD    R_f0= 0x11    at time   65734795 ps
inst0 ch0:  R_CMD: ACTCMD    R_r1= 0x3f    at time   65735209 ps
inst0 ch0:  R_CMD: ACTCMD    R_f1= 0x3b    at time   65735623 ps
inst0 ch0:  C_CMD: RDCMD     C_r = 0x015   at time   65745145 ps
inst0 ch0:  C_CMD: RDCMD     C_f = 0x078   at time   65745559 ps
inst0 ch0:  C_CMD: RDCMD     C_r = 0x01d   at time   65748457 ps
inst0 ch0:  C_CMD: RDCMD     C_f = 0x07a   at time   65748871 ps
inst0 ch0:  C_CMD: RDCMD     C_r = 0x005   at time   65751769 ps
inst0 ch0:  C_CMD: RDCMD     C_f = 0x078   at time   65752183 ps
inst0 ch0:  C_CMD: RDCMD     C_r = 0x00d   at time   65755081 ps
inst0 ch0:  C_CMD: RDCMD     C_f = 0x07a   at time   65755495 ps
inst0 ch0:  R_CMD: ACTCMD    R_r0= 0x0a    at time   65803105 ps
inst0 ch0:  R_CMD: ACTCMD    R_f0= 0x11    at time   65803519 ps
inst0 ch0:  R_CMD: ACTCMD    R_r1= 0x3f    at time   65803933 ps
inst0 ch0:  R_CMD: ACTCMD    R_f1= 0x3b    at time   65804347 ps
inst0 ch0:  R_CMD: ACTCMD    R_r0= 0x02    at time   65807245 ps
inst0 ch0:  R_CMD: ACTCMD    R_f0= 0x11    at time   65807659 ps
inst0 ch0:  R_CMD: ACTCMD    R_r1= 0x3f    at time   65808073 ps
inst0 ch0:  R_CMD: ACTCMD    R_f1= 0x3b    at time   65808487 ps
inst0 ch0:  C_CMD: WRCMD     C_r = 0x011   at time   65813869 ps
inst0 ch0:  C_CMD: WRCMD     C_f = 0x078   at time   65814283 ps
inst0 ch0:  C_CMD: WRCMD     C_r = 0x019   at time   65817181 ps
inst0 ch0:  C_CMD: WRCMD     C_f = 0x07a   at time   65817595 ps
inst0 ch0:  C_CMD: WRCMD     C_r = 0x001   at time   65820493 ps
inst0 ch0:  C_CMD: WRCMD     C_f = 0x078   at time   65820907 ps
inst0 ch0:  C_CMD: WRCMD     C_r = 0x009   at time   65823805 ps
inst0 ch0:  C_CMD: WRCMD     C_f = 0x07a   at time   65824219 ps
inst0 ch0:  R_CMD: ACTCMD    R_r0= 0x0a    at time   66247741 ps
inst0 ch0:  R_CMD: ACTCMD    R_f0= 0x02    at time   66248155 ps
inst0 ch0:  R_CMD: ACTCMD    R_r1= 0x00    at time   66248569 ps
inst0 ch0:  R_CMD: ACTCMD    R_f1= 0x00    at time   66248983 ps
inst0 ch0:  R_CMD: ACTCMD    R_r0= 0x02    at time   66251881 ps
inst0 ch0:  R_CMD: ACTCMD    R_f0= 0x02    at time   66252295 ps
inst0 ch0:  R_CMD: ACTCMD    R_r1= 0x00    at time   66252709 ps
inst0 ch0:  R_CMD: ACTCMD    R_f1= 0x00    at time   66253123 ps
inst0 ch0:  C_CMD: RDCMD     C_r = 0x015   at time   66262645 ps
inst0 ch0:  C_CMD: RDCMD     C_f = 0x000   at time   66263059 ps
inst0 ch0:  C_CMD: RDCMD     C_r = 0x01d   at time   66265957 ps
inst0 ch0:  C_CMD: RDCMD     C_f = 0x002   at time   66266371 ps
inst0 ch0:  C_CMD: RDCMD     C_r = 0x005   at time   66269269 ps
inst0 ch0:  C_CMD: RDCMD     C_f = 0x000   at time   66269683 ps
inst0 ch0:  C_CMD: RDCMD     C_r = 0x00d   at time   66272581 ps
inst0 ch0:  C_CMD: RDCMD     C_f = 0x002   at time   66272995 ps
