inst0 ch0:  R_CMD: ACTCMD    R_r0= 0x0e    at time   33400981 ps
inst0 ch0:  R_CMD: ACTCMD    R_f0= 0x28    at time   33401395 ps
inst0 ch0:  R_CMD: ACTCMD    R_r1= 0x00    at time   33401809 ps
inst0 ch0:  R_CMD: ACTCMD    R_f1= 0x02    at time   33402223 ps
inst0 ch0:  R_CMD: ACTCMD    R_r0= 0x0e    at time   33402637 ps
inst0 ch0:  R_CMD: ACTCMD    R_f0= 0x20    at time   33403051 ps
inst0 ch0:  R_CMD: ACTCMD    R_r1= 0x00    at time   33403465 ps
inst0 ch0:  R_CMD: ACTCMD    R_f1= 0x02    at time   33403879 ps
inst0 ch0:  C_CMD: RDCMD     C_r = 0x095   at time   33415885 ps
inst0 ch0:  C_CMD: RDCMD     C_f = 0x0a9   at time   33416299 ps
inst0 ch0:  C_CMD: RDCMD     C_r = 0x095   at time   33417541 ps
inst0 ch0:  C_CMD: RDCMD     C_f = 0x029   at time   33417955 ps
inst0 ch0:  C_CMD: RDCMD     C_r = 0x095   at time   33419197 ps
inst0 ch0:  C_CMD: RDCMD     C_f = 0x0ab   at time   33419611 ps
inst0 ch0:  C_CMD: RDCMD     C_r = 0x095   at time   33420853 ps
inst0 ch0:  C_CMD: RDCMD     C_f = 0x02b   at time   33421267 ps
inst0 ch0:  C_CMD: RDCMD     C_r = 0x095   at time   33422509 ps
inst0 ch0:  C_CMD: RDCMD     C_f = 0x0a1   at time   33422923 ps
inst0 ch0:  C_CMD: RDCMD     C_r = 0x095   at time   33424165 ps
inst0 ch0:  C_CMD: RDCMD     C_f = 0x021   at time   33424579 ps
inst0 ch0:  C_CMD: RDCMD     C_r = 0x09d   at time   33425821 ps
inst0 ch0:  C_CMD: RDCMD     C_f = 0x0a3   at time   33426235 ps
inst0 ch0:  C_CMD: RDCMD     C_r = 0x09d   at time   33427477 ps
inst0 ch0:  C_CMD: RDCMD     C_f = 0x023   at time   33427891 ps
inst0 ch0:  R_CMD: ACTCMD    R_r0= 0x0e    at time   33471361 ps
inst0 ch0:  R_CMD: ACTCMD    R_f0= 0x28    at time   33471775 ps
inst0 ch0:  R_CMD: ACTCMD    R_r1= 0x00    at time   33472189 ps
inst0 ch0:  R_CMD: ACTCMD    R_f1= 0x02    at time   33472603 ps
inst0 ch0:  R_CMD: ACTCMD    R_r0= 0x0e    at time   33473845 ps
inst0 ch0:  R_CMD: ACTCMD    R_f0= 0x20    at time   33474259 ps
inst0 ch0:  R_CMD: ACTCMD    R_r1= 0x00    at time   33474673 ps
inst0 ch0:  R_CMD: ACTCMD    R_f1= 0x02    at time   33475087 ps
inst0 ch0:  C_CMD: WRCMD     C_r = 0x091   at time   33482125 ps
inst0 ch0:  C_CMD: WRCMD     C_f = 0x0a9   at time   33482539 ps
inst0 ch0:  C_CMD: WRCMD     C_r = 0x091   at time   33484609 ps
inst0 ch0:  C_CMD: WRCMD     C_f = 0x029   at time   33485023 ps
inst0 ch0:  C_CMD: WRCMD     C_r = 0x091   at time   33485437 ps
inst0 ch0:  C_CMD: WRCMD     C_f = 0x0ab   at time   33485851 ps
inst0 ch0:  C_CMD: WRCMD     C_r = 0x091   at time   33487921 ps
inst0 ch0:  C_CMD: WRCMD     C_f = 0x02b   at time   33488335 ps
inst0 ch0:  C_CMD: WRCMD     C_r = 0x091   at time   33488749 ps
inst0 ch0:  C_CMD: WRCMD     C_f = 0x0a1   at time   33489163 ps
inst0 ch0:  C_CMD: WRCMD     C_r = 0x091   at time   33491233 ps
inst0 ch0:  C_CMD: WRCMD     C_f = 0x021   at time   33491647 ps
inst0 ch0:  C_CMD: WRCMD     C_r = 0x099   at time   33492061 ps
inst0 ch0:  C_CMD: WRCMD     C_f = 0x0a3   at time   33492475 ps
inst0 ch0:  C_CMD: WRCMD     C_r = 0x099   at time   33494545 ps
inst0 ch0:  C_CMD: WRCMD     C_f = 0x023   at time   33494959 ps
inst0 ch0:  R_CMD: ACTCMD    R_r0= 0x26    at time   54263269 ps
inst0 ch0:  R_CMD: ACTCMD    R_f0= 0x28    at time   54263683 ps
inst0 ch0:  R_CMD: ACTCMD    R_r1= 0x00    at time   54264097 ps
inst0 ch0:  R_CMD: ACTCMD    R_f1= 0x02    at time   54264511 ps
inst0 ch0:  R_CMD: ACTCMD    R_r0= 0x26    at time   54265753 ps
inst0 ch0:  R_CMD: ACTCMD    R_f0= 0x20    at time   54266167 ps
inst0 ch0:  R_CMD: ACTCMD    R_r1= 0x00    at time   54266581 ps
inst0 ch0:  R_CMD: ACTCMD    R_f1= 0x02    at time   54266995 ps
inst0 ch0:  C_CMD: RDCMD     C_r = 0x0c5   at time   54278173 ps
inst0 ch0:  C_CMD: RDCMD     C_f = 0x0a9   at time   54278587 ps
inst0 ch0:  C_CMD: RDCMD     C_r = 0x0c5   at time   54280657 ps
inst0 ch0:  C_CMD: RDCMD     C_f = 0x029   at time   54281071 ps
inst0 ch0:  C_CMD: RDCMD     C_r = 0x0c5   at time   54281485 ps
inst0 ch0:  C_CMD: RDCMD     C_f = 0x0ab   at time   54281899 ps
inst0 ch0:  C_CMD: RDCMD     C_r = 0x0c5   at time   54283969 ps
inst0 ch0:  C_CMD: RDCMD     C_f = 0x02b   at time   54284383 ps
inst0 ch0:  C_CMD: RDCMD     C_r = 0x0c5   at time   54284797 ps
inst0 ch0:  C_CMD: RDCMD     C_f = 0x0a1   at time   54285211 ps
inst0 ch0:  C_CMD: RDCMD     C_r = 0x0c5   at time   54287281 ps
inst0 ch0:  C_CMD: RDCMD     C_f = 0x021   at time   54287695 ps
inst0 ch0:  C_CMD: RDCMD     C_r = 0x0cd   at time   54288109 ps
inst0 ch0:  C_CMD: RDCMD     C_f = 0x0a3   at time   54288523 ps
inst0 ch0:  C_CMD: RDCMD     C_r = 0x0cd   at time   54290593 ps
inst0 ch0:  C_CMD: RDCMD     C_f = 0x023   at time   54291007 ps
inst0 ch0:  R_CMD: ACTCMD    R_r0= 0x26    at time   54333649 ps
inst0 ch0:  R_CMD: ACTCMD    R_f0= 0x28    at time   54334063 ps
inst0 ch0:  R_CMD: ACTCMD    R_r1= 0x00    at time   54334477 ps
inst0 ch0:  R_CMD: ACTCMD    R_f1= 0x02    at time   54334891 ps
inst0 ch0:  R_CMD: ACTCMD    R_r0= 0x26    at time   54336133 ps
inst0 ch0:  R_CMD: ACTCMD    R_f0= 0x20    at time   54336547 ps
inst0 ch0:  R_CMD: ACTCMD    R_r1= 0x00    at time   54336961 ps
inst0 ch0:  R_CMD: ACTCMD    R_f1= 0x02    at time   54337375 ps
inst0 ch0:  C_CMD: WRCMD     C_r = 0x0c1   at time   54344413 ps
inst0 ch0:  C_CMD: WRCMD     C_f = 0x0a9   at time   54344827 ps
inst0 ch0:  C_CMD: WRCMD     C_r = 0x0c1   at time   54346897 ps
inst0 ch0:  C_CMD: WRCMD     C_f = 0x029   at time   54347311 ps
inst0 ch0:  C_CMD: WRCMD     C_r = 0x0c1   at time   54347725 ps
inst0 ch0:  C_CMD: WRCMD     C_f = 0x0ab   at time   54348139 ps
inst0 ch0:  C_CMD: WRCMD     C_r = 0x0c1   at time   54350209 ps
inst0 ch0:  C_CMD: WRCMD     C_f = 0x02b   at time   54350623 ps
inst0 ch0:  C_CMD: WRCMD     C_r = 0x0c1   at time   54351037 ps
inst0 ch0:  C_CMD: WRCMD     C_f = 0x0a1   at time   54351451 ps
inst0 ch0:  C_CMD: WRCMD     C_r = 0x0c1   at time   54353521 ps
inst0 ch0:  C_CMD: WRCMD     C_f = 0x021   at time   54353935 ps
inst0 ch0:  C_CMD: WRCMD     C_r = 0x0c9   at time   54354349 ps
inst0 ch0:  C_CMD: WRCMD     C_f = 0x0a3   at time   54354763 ps
inst0 ch0:  C_CMD: WRCMD     C_r = 0x0c9   at time   54356833 ps
inst0 ch0:  C_CMD: WRCMD     C_f = 0x023   at time   54357247 ps
inst0 ch0:  R_CMD: ACTCMD    R_r0= 0x2e    at time   54517465 ps
inst0 ch0:  R_CMD: ACTCMD    R_f0= 0x28    at time   54517879 ps
inst0 ch0:  R_CMD: ACTCMD    R_r1= 0x00    at time   54518293 ps
inst0 ch0:  R_CMD: ACTCMD    R_f1= 0x02    at time   54518707 ps
inst0 ch0:  R_CMD: ACTCMD    R_r0= 0x2e    at time   54519949 ps
inst0 ch0:  R_CMD: ACTCMD    R_f0= 0x20    at time   54520363 ps
inst0 ch0:  R_CMD: ACTCMD    R_r1= 0x00    at time   54520777 ps
inst0 ch0:  R_CMD: ACTCMD    R_f1= 0x02    at time   54521191 ps
inst0 ch0:  C_CMD: RDCMD     C_r = 0x0d5   at time   54532369 ps
inst0 ch0:  C_CMD: RDCMD     C_f = 0x0a1   at time   54532783 ps
inst0 ch0:  C_CMD: RDCMD     C_r = 0x0d5   at time   54534853 ps
inst0 ch0:  C_CMD: RDCMD     C_f = 0x021   at time   54535267 ps
inst0 ch0:  C_CMD: RDCMD     C_r = 0x0dd   at time   54535681 ps
inst0 ch0:  C_CMD: RDCMD     C_f = 0x0a3   at time   54536095 ps
inst0 ch0:  C_CMD: RDCMD     C_r = 0x0dd   at time   54538165 ps
inst0 ch0:  C_CMD: RDCMD     C_f = 0x023   at time   54538579 ps
inst0 ch0:  R_CMD: ACTCMD    R_r0= 0x2e    at time   54827965 ps
inst0 ch0:  R_CMD: ACTCMD    R_f0= 0x28    at time   54828379 ps
inst0 ch0:  R_CMD: ACTCMD    R_r1= 0x00    at time   54828793 ps
inst0 ch0:  R_CMD: ACTCMD    R_f1= 0x02    at time   54829207 ps
inst0 ch0:  R_CMD: ACTCMD    R_r0= 0x2e    at time   54829621 ps
inst0 ch0:  R_CMD: ACTCMD    R_f0= 0x20    at time   54830035 ps
inst0 ch0:  R_CMD: ACTCMD    R_r1= 0x00    at time   54830449 ps
inst0 ch0:  R_CMD: ACTCMD    R_f1= 0x02    at time   54830863 ps
inst0 ch0:  C_CMD: WRCMD     C_r = 0x0d1   at time   54838729 ps
inst0 ch0:  C_CMD: WRCMD     C_f = 0x0a1   at time   54839143 ps
inst0 ch0:  C_CMD: WRCMD     C_r = 0x0d1   at time   54840385 ps
inst0 ch0:  C_CMD: WRCMD     C_f = 0x021   at time   54840799 ps
inst0 ch0:  C_CMD: WRCMD     C_r = 0x0d9   at time   54842041 ps
inst0 ch0:  C_CMD: WRCMD     C_f = 0x0a3   at time   54842455 ps
inst0 ch0:  C_CMD: WRCMD     C_r = 0x0d9   at time   54843697 ps
inst0 ch0:  C_CMD: WRCMD     C_f = 0x023   at time   54844111 ps
inst0 ch0:  R_CMD: ACTCMD    R_r0= 0x16    at time   95847085 ps
inst0 ch0:  R_CMD: ACTCMD    R_f0= 0x00    at time   95847499 ps
inst0 ch0:  R_CMD: ACTCMD    R_r1= 0x00    at time   95847913 ps
inst0 ch0:  R_CMD: ACTCMD    R_f1= 0x02    at time   95848327 ps
inst0 ch0:  C_CMD: RDCMD     C_r = 0x025   at time   95861989 ps
inst0 ch0:  C_CMD: RDCMD     C_f = 0x021   at time   95862403 ps
inst0 ch0:  C_CMD: RDCMD     C_r = 0x02d   at time   95865301 ps
inst0 ch0:  C_CMD: RDCMD     C_f = 0x023   at time   95865715 ps
inst0 ch0:  R_CMD: ACTCMD    R_r0= 0x16    at time   95917465 ps
inst0 ch0:  R_CMD: ACTCMD    R_f0= 0x00    at time   95917879 ps
inst0 ch0:  R_CMD: ACTCMD    R_r1= 0x00    at time   95918293 ps
inst0 ch0:  R_CMD: ACTCMD    R_f1= 0x02    at time   95918707 ps
inst0 ch0:  C_CMD: WRCMD     C_r = 0x021   at time   95928229 ps
inst0 ch0:  C_CMD: WRCMD     C_f = 0x021   at time   95928643 ps
inst0 ch0:  C_CMD: WRCMD     C_r = 0x029   at time   95931541 ps
inst0 ch0:  C_CMD: WRCMD     C_f = 0x023   at time   95931955 ps
inst0 ch0:  R_CMD: ACTCMD    R_r0= 0x22    at time  124879249 ps
inst0 ch0:  R_CMD: ACTCMD    R_f0= 0x2a    at time  124879663 ps
inst0 ch0:  R_CMD: ACTCMD    R_r1= 0x00    at time  124880077 ps
inst0 ch0:  R_CMD: ACTCMD    R_f1= 0x00    at time  124880491 ps
inst0 ch0:  C_CMD: RDCMD     C_r = 0x0c5   at time  124894153 ps
inst0 ch0:  C_CMD: RDCMD     C_f = 0x080   at time  124894567 ps
inst0 ch0:  C_CMD: RDCMD     C_r = 0x0cd   at time  124897465 ps
inst0 ch0:  C_CMD: RDCMD     C_f = 0x082   at time  124897879 ps
inst0 ch0:  R_CMD: ACTCMD    R_r0= 0x22    at time  124974469 ps
inst0 ch0:  R_CMD: ACTCMD    R_f0= 0x22    at time  124974883 ps
inst0 ch0:  R_CMD: ACTCMD    R_r1= 0x00    at time  124975297 ps
inst0 ch0:  R_CMD: ACTCMD    R_f1= 0x00    at time  124975711 ps
inst0 ch0:  R_CMD: ACTCMD    R_r0= 0x02    at time  124976125 ps
inst0 ch0:  R_CMD: ACTCMD    R_f0= 0x2a    at time  124976539 ps
inst0 ch0:  R_CMD: ACTCMD    R_r1= 0x00    at time  124976953 ps
inst0 ch0:  R_CMD: ACTCMD    R_f1= 0x00    at time  124977367 ps
inst0 ch0:  R_CMD: ACTCMD    R_r0= 0x02    at time  124978609 ps
inst0 ch0:  R_CMD: ACTCMD    R_f0= 0x22    at time  124979023 ps
inst0 ch0:  R_CMD: ACTCMD    R_r1= 0x00    at time  124979437 ps
inst0 ch0:  R_CMD: ACTCMD    R_f1= 0x00    at time  124979851 ps
inst0 ch0:  R_CMD: ACTCMD    R_r0= 0x22    at time  124980265 ps
inst0 ch0:  R_CMD: ACTCMD    R_f0= 0x0a    at time  124980679 ps
inst0 ch0:  R_CMD: ACTCMD    R_r1= 0x00    at time  124981093 ps
inst0 ch0:  R_CMD: ACTCMD    R_f1= 0x00    at time  124981507 ps
inst0 ch0:  R_CMD: ACTCMD    R_r0= 0x22    at time  124982749 ps
inst0 ch0:  R_CMD: ACTCMD    R_f0= 0x02    at time  124983163 ps
inst0 ch0:  R_CMD: ACTCMD    R_r1= 0x00    at time  124983577 ps
inst0 ch0:  R_CMD: ACTCMD    R_f1= 0x00    at time  124983991 ps
inst0 ch0:  R_CMD: ACTCMD    R_r0= 0x02    at time  124984405 ps
inst0 ch0:  R_CMD: ACTCMD    R_f0= 0x0a    at time  124984819 ps
inst0 ch0:  R_CMD: ACTCMD    R_r1= 0x00    at time  124985233 ps
inst0 ch0:  R_CMD: ACTCMD    R_f1= 0x00    at time  124985647 ps
inst0 ch0:  R_CMD: ACTCMD    R_r0= 0x02    at time  124986889 ps
inst0 ch0:  R_CMD: ACTCMD    R_f0= 0x02    at time  124987303 ps
inst0 ch0:  R_CMD: ACTCMD    R_r1= 0x00    at time  124987717 ps
inst0 ch0:  R_CMD: ACTCMD    R_f1= 0x00    at time  124988131 ps
inst0 ch0:  C_CMD: RDCMD     C_r = 0x0c5   at time  124989373 ps
inst0 ch0:  C_CMD: RDCMD     C_f = 0x000   at time  124989787 ps
inst0 ch0:  C_CMD: RDCMD     C_r = 0x085   at time  124991029 ps
inst0 ch0:  C_CMD: RDCMD     C_f = 0x080   at time  124991443 ps
inst0 ch0:  C_CMD: RDCMD     C_r = 0x0cd   at time  124992685 ps
inst0 ch0:  C_CMD: RDCMD     C_f = 0x002   at time  124993099 ps
inst0 ch0:  C_CMD: RDCMD     C_r = 0x08d   at time  124994341 ps
inst0 ch0:  C_CMD: RDCMD     C_f = 0x082   at time  124994755 ps
inst0 ch0:  C_CMD: RDCMD     C_r = 0x085   at time  124995169 ps
inst0 ch0:  C_CMD: RDCMD     C_f = 0x000   at time  124995583 ps
inst0 ch0:  C_CMD: RDCMD     C_r = 0x045   at time  124995997 ps
inst0 ch0:  C_CMD: RDCMD     C_f = 0x080   at time  124996411 ps
inst0 ch0:  C_CMD: RDCMD     C_r = 0x045   at time  124997653 ps
inst0 ch0:  C_CMD: RDCMD     C_f = 0x000   at time  124998067 ps
inst0 ch0:  C_CMD: RDCMD     C_r = 0x08d   at time  124999309 ps
inst0 ch0:  C_CMD: RDCMD     C_f = 0x002   at time  124999723 ps
inst0 ch0:  C_CMD: RDCMD     C_r = 0x04d   at time  125000137 ps
inst0 ch0:  C_CMD: RDCMD     C_f = 0x082   at time  125000551 ps
inst0 ch0:  C_CMD: RDCMD     C_r = 0x04d   at time  125000965 ps
inst0 ch0:  C_CMD: RDCMD     C_f = 0x002   at time  125001379 ps
inst0 ch0:  C_CMD: RDCMD     C_r = 0x005   at time  125001793 ps
inst0 ch0:  C_CMD: RDCMD     C_f = 0x080   at time  125002207 ps
inst0 ch0:  C_CMD: RDCMD     C_r = 0x005   at time  125002621 ps
inst0 ch0:  C_CMD: RDCMD     C_f = 0x000   at time  125003035 ps
inst0 ch0:  C_CMD: RDCMD     C_r = 0x00d   at time  125005105 ps
inst0 ch0:  C_CMD: RDCMD     C_f = 0x082   at time  125005519 ps
inst0 ch0:  C_CMD: RDCMD     C_r = 0x00d   at time  125005933 ps
inst0 ch0:  C_CMD: RDCMD     C_f = 0x002   at time  125006347 ps
inst0 ch0:  R_CMD: ACTCMD    R_r0= 0x2a    at time  125259301 ps
inst0 ch0:  R_CMD: ACTCMD    R_f0= 0x2a    at time  125259715 ps
inst0 ch0:  R_CMD: ACTCMD    R_r1= 0x00    at time  125260129 ps
inst0 ch0:  R_CMD: ACTCMD    R_f1= 0x00    at time  125260543 ps
inst0 ch0:  C_CMD: RDCMD     C_r = 0x0d5   at time  125274205 ps
inst0 ch0:  C_CMD: RDCMD     C_f = 0x080   at time  125274619 ps
inst0 ch0:  C_CMD: RDCMD     C_r = 0x0dd   at time  125277517 ps
inst0 ch0:  C_CMD: RDCMD     C_f = 0x082   at time  125277931 ps
inst0 ch0:  R_CMD: ACTCMD    R_r0= 0x2a    at time  125280829 ps
inst0 ch0:  R_CMD: ACTCMD    R_f0= 0x22    at time  125281243 ps
inst0 ch0:  R_CMD: ACTCMD    R_r1= 0x00    at time  125281657 ps
inst0 ch0:  R_CMD: ACTCMD    R_f1= 0x00    at time  125282071 ps
inst0 ch0:  C_CMD: RDCMD     C_r = 0x0d5   at time  125295733 ps
inst0 ch0:  C_CMD: RDCMD     C_f = 0x000   at time  125296147 ps
inst0 ch0:  C_CMD: RDCMD     C_r = 0x0dd   at time  125299045 ps
inst0 ch0:  C_CMD: RDCMD     C_f = 0x002   at time  125299459 ps
inst0 ch0:  R_CMD: ACTCMD    R_r0= 0x0a    at time  125393437 ps
inst0 ch0:  R_CMD: ACTCMD    R_f0= 0x2a    at time  125393851 ps
inst0 ch0:  R_CMD: ACTCMD    R_r1= 0x00    at time  125394265 ps
inst0 ch0:  R_CMD: ACTCMD    R_f1= 0x00    at time  125394679 ps
inst0 ch0:  C_CMD: RDCMD     C_r = 0x095   at time  125408341 ps
inst0 ch0:  C_CMD: RDCMD     C_f = 0x080   at time  125408755 ps
inst0 ch0:  C_CMD: RDCMD     C_r = 0x09d   at time  125411653 ps
inst0 ch0:  C_CMD: RDCMD     C_f = 0x082   at time  125412067 ps
inst0 ch0:  R_CMD: ACTCMD    R_r0= 0x0a    at time  125477065 ps
inst0 ch0:  R_CMD: ACTCMD    R_f0= 0x22    at time  125477479 ps
inst0 ch0:  R_CMD: ACTCMD    R_r1= 0x00    at time  125477893 ps
inst0 ch0:  R_CMD: ACTCMD    R_f1= 0x00    at time  125478307 ps
inst0 ch0:  R_CMD: ACTCMD    R_r0= 0x2a    at time  125478721 ps
inst0 ch0:  R_CMD: ACTCMD    R_f0= 0x0a    at time  125479135 ps
inst0 ch0:  R_CMD: ACTCMD    R_r1= 0x00    at time  125479549 ps
inst0 ch0:  R_CMD: ACTCMD    R_f1= 0x00    at time  125479963 ps
inst0 ch0:  R_CMD: ACTCMD    R_r0= 0x2a    at time  125481205 ps
inst0 ch0:  R_CMD: ACTCMD    R_f0= 0x02    at time  125481619 ps
inst0 ch0:  R_CMD: ACTCMD    R_r1= 0x00    at time  125482033 ps
inst0 ch0:  R_CMD: ACTCMD    R_f1= 0x00    at time  125482447 ps
inst0 ch0:  R_CMD: ACTCMD    R_r0= 0x0a    at time  125482861 ps
inst0 ch0:  R_CMD: ACTCMD    R_f0= 0x0a    at time  125483275 ps
inst0 ch0:  R_CMD: ACTCMD    R_r1= 0x00    at time  125483689 ps
inst0 ch0:  R_CMD: ACTCMD    R_f1= 0x00    at time  125484103 ps
inst0 ch0:  R_CMD: ACTCMD    R_r0= 0x0a    at time  125485345 ps
inst0 ch0:  R_CMD: ACTCMD    R_f0= 0x02    at time  125485759 ps
inst0 ch0:  R_CMD: ACTCMD    R_r1= 0x00    at time  125486173 ps
inst0 ch0:  R_CMD: ACTCMD    R_f1= 0x00    at time  125486587 ps
inst0 ch0:  C_CMD: RDCMD     C_r = 0x095   at time  125491969 ps
inst0 ch0:  C_CMD: RDCMD     C_f = 0x000   at time  125492383 ps
inst0 ch0:  C_CMD: RDCMD     C_r = 0x055   at time  125493625 ps
inst0 ch0:  C_CMD: RDCMD     C_f = 0x080   at time  125494039 ps
inst0 ch0:  C_CMD: RDCMD     C_r = 0x09d   at time  125495281 ps
inst0 ch0:  C_CMD: RDCMD     C_f = 0x002   at time  125495695 ps
inst0 ch0:  C_CMD: RDCMD     C_r = 0x05d   at time  125496937 ps
inst0 ch0:  C_CMD: RDCMD     C_f = 0x082   at time  125497351 ps
inst0 ch0:  C_CMD: RDCMD     C_r = 0x055   at time  125497765 ps
inst0 ch0:  C_CMD: RDCMD     C_f = 0x000   at time  125498179 ps
inst0 ch0:  C_CMD: RDCMD     C_r = 0x015   at time  125498593 ps
inst0 ch0:  C_CMD: RDCMD     C_f = 0x080   at time  125499007 ps
inst0 ch0:  C_CMD: RDCMD     C_r = 0x015   at time  125500249 ps
inst0 ch0:  C_CMD: RDCMD     C_f = 0x000   at time  125500663 ps
inst0 ch0:  C_CMD: RDCMD     C_r = 0x01d   at time  125501905 ps
inst0 ch0:  C_CMD: RDCMD     C_f = 0x082   at time  125502319 ps
inst0 ch0:  C_CMD: RDCMD     C_r = 0x05d   at time  125502733 ps
inst0 ch0:  C_CMD: RDCMD     C_f = 0x002   at time  125503147 ps
inst0 ch0:  C_CMD: RDCMD     C_r = 0x01d   at time  125504389 ps
inst0 ch0:  C_CMD: RDCMD     C_f = 0x002   at time  125504803 ps
inst0 ch0:  R_CMD: ACTCMD    R_r0= 0x32    at time  125750305 ps
inst0 ch0:  R_CMD: ACTCMD    R_f0= 0x22    at time  125750719 ps
inst0 ch0:  R_CMD: ACTCMD    R_r1= 0x00    at time  125751133 ps
inst0 ch0:  R_CMD: ACTCMD    R_f1= 0x00    at time  125751547 ps
inst0 ch0:  R_CMD: ACTCMD    R_r0= 0x32    at time  125756929 ps
inst0 ch0:  R_CMD: ACTCMD    R_f0= 0x2a    at time  125757343 ps
inst0 ch0:  R_CMD: ACTCMD    R_r1= 0x00    at time  125757757 ps
inst0 ch0:  R_CMD: ACTCMD    R_f1= 0x00    at time  125758171 ps
inst0 ch0:  R_CMD: ACTCMD    R_r0= 0x12    at time  125761069 ps
inst0 ch0:  R_CMD: ACTCMD    R_f0= 0x2a    at time  125761483 ps
inst0 ch0:  R_CMD: ACTCMD    R_r1= 0x00    at time  125761897 ps
inst0 ch0:  R_CMD: ACTCMD    R_f1= 0x00    at time  125762311 ps
inst0 ch0:  C_CMD: RDCMD     C_r = 0x0e5   at time  125765209 ps
inst0 ch0:  C_CMD: RDCMD     C_f = 0x000   at time  125765623 ps
inst0 ch0:  C_CMD: RDCMD     C_r = 0x0ed   at time  125768521 ps
inst0 ch0:  C_CMD: RDCMD     C_f = 0x002   at time  125768935 ps
inst0 ch0:  C_CMD: RDCMD     C_r = 0x0e5   at time  125771833 ps
inst0 ch0:  C_CMD: RDCMD     C_f = 0x080   at time  125772247 ps
inst0 ch0:  C_CMD: RDCMD     C_r = 0x0ed   at time  125775145 ps
inst0 ch0:  C_CMD: RDCMD     C_f = 0x082   at time  125775559 ps
inst0 ch0:  C_CMD: RDCMD     C_r = 0x0a5   at time  125776801 ps
inst0 ch0:  C_CMD: RDCMD     C_f = 0x080   at time  125777215 ps
inst0 ch0:  C_CMD: RDCMD     C_r = 0x0ad   at time  125780113 ps
inst0 ch0:  C_CMD: RDCMD     C_f = 0x082   at time  125780527 ps
inst0 ch0:  R_CMD: ACTCMD    R_r0= 0x12    at time  125795017 ps
inst0 ch0:  R_CMD: ACTCMD    R_f0= 0x22    at time  125795431 ps
inst0 ch0:  R_CMD: ACTCMD    R_r1= 0x00    at time  125795845 ps
inst0 ch0:  R_CMD: ACTCMD    R_f1= 0x00    at time  125796259 ps
inst0 ch0:  C_CMD: RDCMD     C_r = 0x0a5   at time  125809921 ps
inst0 ch0:  C_CMD: RDCMD     C_f = 0x000   at time  125810335 ps
inst0 ch0:  C_CMD: RDCMD     C_r = 0x0ad   at time  125813233 ps
inst0 ch0:  C_CMD: RDCMD     C_f = 0x002   at time  125813647 ps
inst0 ch0:  R_CMD: ACTCMD    R_r0= 0x32    at time  125972209 ps
inst0 ch0:  R_CMD: ACTCMD    R_f0= 0x0a    at time  125972623 ps
inst0 ch0:  R_CMD: ACTCMD    R_r1= 0x00    at time  125973037 ps
inst0 ch0:  R_CMD: ACTCMD    R_f1= 0x00    at time  125973451 ps
inst0 ch0:  R_CMD: ACTCMD    R_r0= 0x12    at time  125979661 ps
inst0 ch0:  R_CMD: ACTCMD    R_f0= 0x0a    at time  125980075 ps
inst0 ch0:  R_CMD: ACTCMD    R_r1= 0x00    at time  125980489 ps
inst0 ch0:  R_CMD: ACTCMD    R_f1= 0x00    at time  125980903 ps
inst0 ch0:  R_CMD: ACTCMD    R_r0= 0x32    at time  125981317 ps
inst0 ch0:  R_CMD: ACTCMD    R_f0= 0x02    at time  125981731 ps
inst0 ch0:  R_CMD: ACTCMD    R_r1= 0x00    at time  125982145 ps
inst0 ch0:  R_CMD: ACTCMD    R_f1= 0x00    at time  125982559 ps
inst0 ch0:  R_CMD: ACTCMD    R_r0= 0x12    at time  125985457 ps
inst0 ch0:  R_CMD: ACTCMD    R_f0= 0x02    at time  125985871 ps
inst0 ch0:  R_CMD: ACTCMD    R_r1= 0x00    at time  125986285 ps
inst0 ch0:  R_CMD: ACTCMD    R_f1= 0x00    at time  125986699 ps
inst0 ch0:  C_CMD: RDCMD     C_r = 0x065   at time  125987113 ps
inst0 ch0:  C_CMD: RDCMD     C_f = 0x080   at time  125987527 ps
inst0 ch0:  C_CMD: RDCMD     C_r = 0x06d   at time  125990425 ps
inst0 ch0:  C_CMD: RDCMD     C_f = 0x082   at time  125990839 ps
inst0 ch0:  C_CMD: RDCMD     C_r = 0x025   at time  125994565 ps
inst0 ch0:  C_CMD: RDCMD     C_f = 0x080   at time  125994979 ps
inst0 ch0:  C_CMD: RDCMD     C_r = 0x065   at time  125996221 ps
inst0 ch0:  C_CMD: RDCMD     C_f = 0x000   at time  125996635 ps
inst0 ch0:  C_CMD: RDCMD     C_r = 0x02d   at time  125997877 ps
inst0 ch0:  C_CMD: RDCMD     C_f = 0x082   at time  125998291 ps
inst0 ch0:  C_CMD: RDCMD     C_r = 0x06d   at time  125999533 ps
inst0 ch0:  C_CMD: RDCMD     C_f = 0x002   at time  125999947 ps
inst0 ch0:  C_CMD: RDCMD     C_r = 0x025   at time  126001189 ps
inst0 ch0:  C_CMD: RDCMD     C_f = 0x000   at time  126001603 ps
inst0 ch0:  C_CMD: RDCMD     C_r = 0x02d   at time  126004501 ps
inst0 ch0:  C_CMD: RDCMD     C_f = 0x002   at time  126004915 ps
inst0 ch0:  R_CMD: ACTCMD    R_r0= 0x3a    at time  126251245 ps
inst0 ch0:  R_CMD: ACTCMD    R_f0= 0x2a    at time  126251659 ps
inst0 ch0:  R_CMD: ACTCMD    R_r1= 0x00    at time  126252073 ps
inst0 ch0:  R_CMD: ACTCMD    R_f1= 0x00    at time  126252487 ps
inst0 ch0:  R_CMD: ACTCMD    R_r0= 0x3a    at time  126252901 ps
inst0 ch0:  R_CMD: ACTCMD    R_f0= 0x22    at time  126253315 ps
inst0 ch0:  R_CMD: ACTCMD    R_r1= 0x00    at time  126253729 ps
inst0 ch0:  R_CMD: ACTCMD    R_f1= 0x00    at time  126254143 ps
inst0 ch0:  R_CMD: ACTCMD    R_r0= 0x1a    at time  126257041 ps
inst0 ch0:  R_CMD: ACTCMD    R_f0= 0x22    at time  126257455 ps
inst0 ch0:  R_CMD: ACTCMD    R_r1= 0x00    at time  126257869 ps
inst0 ch0:  R_CMD: ACTCMD    R_f1= 0x00    at time  126258283 ps
inst0 ch0:  R_CMD: ACTCMD    R_r0= 0x1a    at time  126258697 ps
inst0 ch0:  R_CMD: ACTCMD    R_f0= 0x2a    at time  126259111 ps
inst0 ch0:  R_CMD: ACTCMD    R_r1= 0x00    at time  126259525 ps
inst0 ch0:  R_CMD: ACTCMD    R_f1= 0x00    at time  126259939 ps
inst0 ch0:  C_CMD: RDCMD     C_r = 0x0f5   at time  126266149 ps
inst0 ch0:  C_CMD: RDCMD     C_f = 0x080   at time  126266563 ps
inst0 ch0:  C_CMD: RDCMD     C_r = 0x0f5   at time  126267805 ps
inst0 ch0:  C_CMD: RDCMD     C_f = 0x000   at time  126268219 ps
inst0 ch0:  C_CMD: RDCMD     C_r = 0x0fd   at time  126269461 ps
inst0 ch0:  C_CMD: RDCMD     C_f = 0x082   at time  126269875 ps
inst0 ch0:  C_CMD: RDCMD     C_r = 0x0fd   at time  126271117 ps
inst0 ch0:  C_CMD: RDCMD     C_f = 0x002   at time  126271531 ps
inst0 ch0:  C_CMD: RDCMD     C_r = 0x0b5   at time  126272773 ps
inst0 ch0:  C_CMD: RDCMD     C_f = 0x000   at time  126273187 ps
inst0 ch0:  C_CMD: RDCMD     C_r = 0x0b5   at time  126273601 ps
inst0 ch0:  C_CMD: RDCMD     C_f = 0x080   at time  126274015 ps
inst0 ch0:  C_CMD: RDCMD     C_r = 0x0bd   at time  126276085 ps
inst0 ch0:  C_CMD: RDCMD     C_f = 0x002   at time  126276499 ps
inst0 ch0:  C_CMD: RDCMD     C_r = 0x0bd   at time  126276913 ps
inst0 ch0:  C_CMD: RDCMD     C_f = 0x082   at time  126277327 ps
inst0 ch0:  R_CMD: ACTCMD    R_r0= 0x3a    at time  126309205 ps
inst0 ch0:  R_CMD: ACTCMD    R_f0= 0x0a    at time  126309619 ps
inst0 ch0:  R_CMD: ACTCMD    R_r1= 0x00    at time  126310033 ps
inst0 ch0:  R_CMD: ACTCMD    R_f1= 0x00    at time  126310447 ps
inst0 ch0:  C_CMD: RDCMD     C_r = 0x075   at time  126324109 ps
inst0 ch0:  C_CMD: RDCMD     C_f = 0x080   at time  126324523 ps
inst0 ch0:  C_CMD: RDCMD     C_r = 0x07d   at time  126327421 ps
inst0 ch0:  C_CMD: RDCMD     C_f = 0x082   at time  126327835 ps
inst0 ch0:  R_CMD: ACTCMD    R_r0= 0x1a    at time  126421813 ps
inst0 ch0:  R_CMD: ACTCMD    R_f0= 0x0a    at time  126422227 ps
inst0 ch0:  R_CMD: ACTCMD    R_r1= 0x00    at time  126422641 ps
inst0 ch0:  R_CMD: ACTCMD    R_f1= 0x00    at time  126423055 ps
inst0 ch0:  C_CMD: RDCMD     C_r = 0x035   at time  126436717 ps
inst0 ch0:  C_CMD: RDCMD     C_f = 0x080   at time  126437131 ps
inst0 ch0:  C_CMD: RDCMD     C_r = 0x03d   at time  126440029 ps
inst0 ch0:  C_CMD: RDCMD     C_f = 0x082   at time  126440443 ps
inst0 ch0:  R_CMD: ACTCMD    R_r0= 0x3a    at time  126483913 ps
inst0 ch0:  R_CMD: ACTCMD    R_f0= 0x02    at time  126484327 ps
inst0 ch0:  R_CMD: ACTCMD    R_r1= 0x00    at time  126484741 ps
inst0 ch0:  R_CMD: ACTCMD    R_f1= 0x00    at time  126485155 ps
inst0 ch0:  R_CMD: ACTCMD    R_r0= 0x1a    at time  126488053 ps
inst0 ch0:  R_CMD: ACTCMD    R_f0= 0x02    at time  126488467 ps
inst0 ch0:  R_CMD: ACTCMD    R_r1= 0x00    at time  126488881 ps
inst0 ch0:  R_CMD: ACTCMD    R_f1= 0x00    at time  126489295 ps
inst0 ch0:  C_CMD: RDCMD     C_r = 0x075   at time  126498817 ps
inst0 ch0:  C_CMD: RDCMD     C_f = 0x000   at time  126499231 ps
inst0 ch0:  C_CMD: RDCMD     C_r = 0x07d   at time  126502129 ps
inst0 ch0:  C_CMD: RDCMD     C_f = 0x002   at time  126502543 ps
inst0 ch0:  C_CMD: RDCMD     C_r = 0x035   at time  126503785 ps
inst0 ch0:  C_CMD: RDCMD     C_f = 0x000   at time  126504199 ps
inst0 ch0:  C_CMD: RDCMD     C_r = 0x03d   at time  126507097 ps
inst0 ch0:  C_CMD: RDCMD     C_f = 0x002   at time  126507511 ps
inst0 ch0:  R_CMD: ACTCMD    R_r0= 0x16    at time  128532385 ps
inst0 ch0:  R_CMD: ACTCMD    R_f0= 0x00    at time  128532799 ps
inst0 ch0:  R_CMD: ACTCMD    R_r1= 0x00    at time  128533213 ps
inst0 ch0:  R_CMD: ACTCMD    R_f1= 0x02    at time  128533627 ps
inst0 ch0:  C_CMD: RDCMD     C_r = 0x025   at time  128547289 ps
inst0 ch0:  C_CMD: RDCMD     C_f = 0x021   at time  128547703 ps
inst0 ch0:  C_CMD: RDCMD     C_r = 0x02d   at time  128550601 ps
inst0 ch0:  C_CMD: RDCMD     C_f = 0x023   at time  128551015 ps
inst0 ch0:  R_CMD: ACTCMD    R_r0= 0x02    at time  130807729 ps
inst0 ch0:  R_CMD: ACTCMD    R_f0= 0x00    at time  130808143 ps
inst0 ch0:  R_CMD: ACTCMD    R_r1= 0x00    at time  130808557 ps
inst0 ch0:  R_CMD: ACTCMD    R_f1= 0x00    at time  130808971 ps
inst0 ch0:  C_CMD: RDCMD     C_r = 0x005   at time  130822633 ps
inst0 ch0:  C_CMD: RDCMD     C_f = 0x018   at time  130823047 ps
inst0 ch0:  C_CMD: RDCMD     C_r = 0x005   at time  130825945 ps
inst0 ch0:  C_CMD: RDCMD     C_f = 0x01a   at time  130826359 ps
inst0 ch0:  C_CMD: RDCMD     C_r = 0x005   at time  130829257 ps
inst0 ch0:  C_CMD: RDCMD     C_f = 0x010   at time  130829671 ps
inst0 ch0:  C_CMD: RDCMD     C_r = 0x005   at time  130832569 ps
inst0 ch0:  C_CMD: RDCMD     C_f = 0x012   at time  130832983 ps
inst0 ch0:  C_CMD: RDCMD     C_r = 0x005   at time  130835881 ps
inst0 ch0:  C_CMD: RDCMD     C_f = 0x008   at time  130836295 ps
inst0 ch0:  C_CMD: RDCMD     C_r = 0x005   at time  130839193 ps
inst0 ch0:  C_CMD: RDCMD     C_f = 0x00a   at time  130839607 ps
inst0 ch0:  C_CMD: RDCMD     C_r = 0x005   at time  130842505 ps
inst0 ch0:  C_CMD: RDCMD     C_f = 0x000   at time  130842919 ps
inst0 ch0:  C_CMD: RDCMD     C_r = 0x00d   at time  130845817 ps
inst0 ch0:  C_CMD: RDCMD     C_f = 0x002   at time  130846231 ps
inst0 ch0:  R_CMD: ACTCMD    R_r0= 0x02    at time  130847473 ps
inst0 ch0:  R_CMD: ACTCMD    R_f0= 0x08    at time  130847887 ps
inst0 ch0:  R_CMD: ACTCMD    R_r1= 0x00    at time  130848301 ps
inst0 ch0:  R_CMD: ACTCMD    R_f1= 0x00    at time  130848715 ps
inst0 ch0:  C_CMD: RDCMD     C_r = 0x005   at time  130862377 ps
inst0 ch0:  C_CMD: RDCMD     C_f = 0x098   at time  130862791 ps
inst0 ch0:  C_CMD: RDCMD     C_r = 0x005   at time  130865689 ps
inst0 ch0:  C_CMD: RDCMD     C_f = 0x09a   at time  130866103 ps
inst0 ch0:  C_CMD: RDCMD     C_r = 0x005   at time  130869001 ps
inst0 ch0:  C_CMD: RDCMD     C_f = 0x090   at time  130869415 ps
inst0 ch0:  C_CMD: RDCMD     C_r = 0x00d   at time  130872313 ps
inst0 ch0:  C_CMD: RDCMD     C_f = 0x092   at time  130872727 ps
inst0 ch0:  R_CMD: ACTCMD    R_r0= 0x02    at time  130894669 ps
inst0 ch0:  R_CMD: ACTCMD    R_f0= 0x08    at time  130895083 ps
inst0 ch0:  R_CMD: ACTCMD    R_r1= 0x00    at time  130895497 ps
inst0 ch0:  R_CMD: ACTCMD    R_f1= 0x00    at time  130895911 ps
inst0 ch0:  C_CMD: RDCMD     C_r = 0x005   at time  130909573 ps
inst0 ch0:  C_CMD: RDCMD     C_f = 0x088   at time  130909987 ps
inst0 ch0:  C_CMD: RDCMD     C_r = 0x005   at time  130912885 ps
inst0 ch0:  C_CMD: RDCMD     C_f = 0x08a   at time  130913299 ps
inst0 ch0:  C_CMD: RDCMD     C_r = 0x005   at time  130916197 ps
inst0 ch0:  C_CMD: RDCMD     C_f = 0x080   at time  130916611 ps
inst0 ch0:  C_CMD: RDCMD     C_r = 0x00d   at time  130919509 ps
inst0 ch0:  C_CMD: RDCMD     C_f = 0x082   at time  130919923 ps
inst0 ch0:  R_CMD: ACTCMD    R_r0= 0x0a    at time  131234149 ps
inst0 ch0:  R_CMD: ACTCMD    R_f0= 0x00    at time  131234563 ps
inst0 ch0:  R_CMD: ACTCMD    R_r1= 0x00    at time  131234977 ps
inst0 ch0:  R_CMD: ACTCMD    R_f1= 0x00    at time  131235391 ps
inst0 ch0:  R_CMD: ACTCMD    R_r0= 0x0a    at time  131247397 ps
inst0 ch0:  R_CMD: ACTCMD    R_f0= 0x08    at time  131247811 ps
inst0 ch0:  R_CMD: ACTCMD    R_r1= 0x00    at time  131248225 ps
inst0 ch0:  R_CMD: ACTCMD    R_f1= 0x00    at time  131248639 ps
inst0 ch0:  C_CMD: RDCMD     C_r = 0x015   at time  131249053 ps
inst0 ch0:  C_CMD: RDCMD     C_f = 0x018   at time  131249467 ps
inst0 ch0:  C_CMD: RDCMD     C_r = 0x015   at time  131252365 ps
inst0 ch0:  C_CMD: RDCMD     C_f = 0x01a   at time  131252779 ps
inst0 ch0:  C_CMD: RDCMD     C_r = 0x015   at time  131255677 ps
inst0 ch0:  C_CMD: RDCMD     C_f = 0x010   at time  131256091 ps
inst0 ch0:  C_CMD: RDCMD     C_r = 0x015   at time  131258989 ps
inst0 ch0:  C_CMD: RDCMD     C_f = 0x012   at time  131259403 ps
inst0 ch0:  C_CMD: RDCMD     C_r = 0x015   at time  131262301 ps
inst0 ch0:  C_CMD: RDCMD     C_f = 0x008   at time  131262715 ps
inst0 ch0:  C_CMD: RDCMD     C_r = 0x015   at time  131263129 ps
inst0 ch0:  C_CMD: RDCMD     C_f = 0x098   at time  131263543 ps
inst0 ch0:  C_CMD: RDCMD     C_r = 0x015   at time  131265613 ps
inst0 ch0:  C_CMD: RDCMD     C_f = 0x00a   at time  131266027 ps
inst0 ch0:  C_CMD: RDCMD     C_r = 0x015   at time  131266441 ps
inst0 ch0:  C_CMD: RDCMD     C_f = 0x09a   at time  131266855 ps
inst0 ch0:  C_CMD: RDCMD     C_r = 0x015   at time  131268925 ps
inst0 ch0:  C_CMD: RDCMD     C_f = 0x000   at time  131269339 ps
inst0 ch0:  C_CMD: RDCMD     C_r = 0x015   at time  131269753 ps
inst0 ch0:  C_CMD: RDCMD     C_f = 0x090   at time  131270167 ps
inst0 ch0:  C_CMD: RDCMD     C_r = 0x01d   at time  131272237 ps
inst0 ch0:  C_CMD: RDCMD     C_f = 0x002   at time  131272651 ps
inst0 ch0:  C_CMD: RDCMD     C_r = 0x015   at time  131273065 ps
inst0 ch0:  C_CMD: RDCMD     C_f = 0x092   at time  131273479 ps
inst0 ch0:  C_CMD: RDCMD     C_r = 0x015   at time  131276377 ps
inst0 ch0:  C_CMD: RDCMD     C_f = 0x088   at time  131276791 ps
inst0 ch0:  C_CMD: RDCMD     C_r = 0x015   at time  131279689 ps
inst0 ch0:  C_CMD: RDCMD     C_f = 0x08a   at time  131280103 ps
inst0 ch0:  C_CMD: RDCMD     C_r = 0x015   at time  131283001 ps
inst0 ch0:  C_CMD: RDCMD     C_f = 0x080   at time  131283415 ps
inst0 ch0:  C_CMD: RDCMD     C_r = 0x01d   at time  131286313 ps
inst0 ch0:  C_CMD: RDCMD     C_f = 0x082   at time  131286727 ps
inst0 ch0:  R_CMD: ACTCMD    R_r0= 0x02    at time  133964893 ps
inst0 ch0:  R_CMD: ACTCMD    R_f0= 0x13    at time  133965307 ps
inst0 ch0:  R_CMD: ACTCMD    R_r1= 0x3f    at time  133965721 ps
inst0 ch0:  R_CMD: ACTCMD    R_f1= 0x3b    at time  133966135 ps
inst0 ch0:  R_CMD: ACTCMD    R_r0= 0x02    at time  133966549 ps
inst0 ch0:  R_CMD: ACTCMD    R_f0= 0x1b    at time  133966963 ps
inst0 ch0:  R_CMD: ACTCMD    R_r1= 0x3f    at time  133967377 ps
inst0 ch0:  R_CMD: ACTCMD    R_f1= 0x3b    at time  133967791 ps
inst0 ch0:  C_CMD: RDCMD     C_r = 0x005   at time  133979797 ps
inst0 ch0:  C_CMD: RDCMD     C_f = 0x000   at time  133980211 ps
inst0 ch0:  C_CMD: RDCMD     C_r = 0x005   at time  133981453 ps
inst0 ch0:  C_CMD: RDCMD     C_f = 0x080   at time  133981867 ps
inst0 ch0:  C_CMD: RDCMD     C_r = 0x00d   at time  133983109 ps
inst0 ch0:  C_CMD: RDCMD     C_f = 0x002   at time  133983523 ps
inst0 ch0:  C_CMD: RDCMD     C_r = 0x00d   at time  133984765 ps
inst0 ch0:  C_CMD: RDCMD     C_f = 0x082   at time  133985179 ps
inst0 ch0:  R_CMD: ACTCMD    R_r0= 0x02    at time  134035273 ps
inst0 ch0:  R_CMD: ACTCMD    R_f0= 0x13    at time  134035687 ps
inst0 ch0:  R_CMD: ACTCMD    R_r1= 0x3f    at time  134036101 ps
inst0 ch0:  R_CMD: ACTCMD    R_f1= 0x3b    at time  134036515 ps
inst0 ch0:  R_CMD: ACTCMD    R_r0= 0x02    at time  134037757 ps
inst0 ch0:  R_CMD: ACTCMD    R_f0= 0x1b    at time  134038171 ps
inst0 ch0:  R_CMD: ACTCMD    R_r1= 0x3f    at time  134038585 ps
inst0 ch0:  R_CMD: ACTCMD    R_f1= 0x3b    at time  134038999 ps
inst0 ch0:  C_CMD: WRCMD     C_r = 0x001   at time  134046037 ps
inst0 ch0:  C_CMD: WRCMD     C_f = 0x000   at time  134046451 ps
inst0 ch0:  C_CMD: WRCMD     C_r = 0x001   at time  134048521 ps
inst0 ch0:  C_CMD: WRCMD     C_f = 0x080   at time  134048935 ps
inst0 ch0:  C_CMD: WRCMD     C_r = 0x009   at time  134049349 ps
inst0 ch0:  C_CMD: WRCMD     C_f = 0x002   at time  134049763 ps
inst0 ch0:  C_CMD: WRCMD     C_r = 0x009   at time  134051833 ps
inst0 ch0:  C_CMD: WRCMD     C_f = 0x082   at time  134052247 ps
inst0 ch0:  R_CMD: ACTCMD    R_r0= 0x0a    at time  138290365 ps
inst0 ch0:  R_CMD: ACTCMD    R_f0= 0x13    at time  138290779 ps
inst0 ch0:  R_CMD: ACTCMD    R_r1= 0x3f    at time  138291193 ps
inst0 ch0:  R_CMD: ACTCMD    R_f1= 0x3b    at time  138291607 ps
inst0 ch0:  R_CMD: ACTCMD    R_r0= 0x0a    at time  138292021 ps
inst0 ch0:  R_CMD: ACTCMD    R_f0= 0x1b    at time  138292435 ps
inst0 ch0:  R_CMD: ACTCMD    R_r1= 0x3f    at time  138292849 ps
inst0 ch0:  R_CMD: ACTCMD    R_f1= 0x3b    at time  138293263 ps
inst0 ch0:  C_CMD: RDCMD     C_r = 0x015   at time  138305269 ps
inst0 ch0:  C_CMD: RDCMD     C_f = 0x010   at time  138305683 ps
inst0 ch0:  C_CMD: RDCMD     C_r = 0x015   at time  138306925 ps
inst0 ch0:  C_CMD: RDCMD     C_f = 0x090   at time  138307339 ps
inst0 ch0:  C_CMD: RDCMD     C_r = 0x01d   at time  138308581 ps
inst0 ch0:  C_CMD: RDCMD     C_f = 0x012   at time  138308995 ps
inst0 ch0:  C_CMD: RDCMD     C_r = 0x01d   at time  138310237 ps
inst0 ch0:  C_CMD: RDCMD     C_f = 0x092   at time  138310651 ps
inst0 ch0:  R_CMD: ACTCMD    R_r0= 0x0a    at time  138440233 ps
inst0 ch0:  R_CMD: ACTCMD    R_f0= 0x1b    at time  138440647 ps
inst0 ch0:  R_CMD: ACTCMD    R_r1= 0x3f    at time  138441061 ps
inst0 ch0:  R_CMD: ACTCMD    R_f1= 0x3b    at time  138441475 ps
inst0 ch0:  R_CMD: ACTCMD    R_r0= 0x0a    at time  138441889 ps
inst0 ch0:  R_CMD: ACTCMD    R_f0= 0x13    at time  138442303 ps
inst0 ch0:  R_CMD: ACTCMD    R_r1= 0x3f    at time  138442717 ps
inst0 ch0:  R_CMD: ACTCMD    R_f1= 0x3b    at time  138443131 ps
inst0 ch0:  C_CMD: WRCMD     C_r = 0x011   at time  138450997 ps
inst0 ch0:  C_CMD: WRCMD     C_f = 0x090   at time  138451411 ps
inst0 ch0:  C_CMD: WRCMD     C_r = 0x011   at time  138452653 ps
inst0 ch0:  C_CMD: WRCMD     C_f = 0x010   at time  138453067 ps
inst0 ch0:  C_CMD: WRCMD     C_r = 0x019   at time  138454309 ps
inst0 ch0:  C_CMD: WRCMD     C_f = 0x092   at time  138454723 ps
inst0 ch0:  C_CMD: WRCMD     C_r = 0x019   at time  138455965 ps
inst0 ch0:  C_CMD: WRCMD     C_f = 0x012   at time  138456379 ps
inst0 ch0:  R_CMD: ACTCMD    R_r0= 0x0a    at time  142363297 ps
inst0 ch0:  R_CMD: ACTCMD    R_f0= 0x08    at time  142363711 ps
inst0 ch0:  R_CMD: ACTCMD    R_r1= 0x00    at time  142364125 ps
inst0 ch0:  R_CMD: ACTCMD    R_f1= 0x00    at time  142364539 ps
inst0 ch0:  R_CMD: ACTCMD    R_r0= 0x0a    at time  142364953 ps
inst0 ch0:  R_CMD: ACTCMD    R_f0= 0x00    at time  142365367 ps
inst0 ch0:  R_CMD: ACTCMD    R_r1= 0x00    at time  142365781 ps
inst0 ch0:  R_CMD: ACTCMD    R_f1= 0x00    at time  142366195 ps
inst0 ch0:  C_CMD: RDCMD     C_r = 0x015   at time  142378201 ps
inst0 ch0:  C_CMD: RDCMD     C_f = 0x0a8   at time  142378615 ps
inst0 ch0:  C_CMD: RDCMD     C_r = 0x015   at time  142379857 ps
inst0 ch0:  C_CMD: RDCMD     C_f = 0x028   at time  142380271 ps
inst0 ch0:  C_CMD: RDCMD     C_r = 0x015   at time  142381513 ps
inst0 ch0:  C_CMD: RDCMD     C_f = 0x0aa   at time  142381927 ps
inst0 ch0:  C_CMD: RDCMD     C_r = 0x015   at time  142383169 ps
inst0 ch0:  C_CMD: RDCMD     C_f = 0x02a   at time  142383583 ps
inst0 ch0:  C_CMD: RDCMD     C_r = 0x015   at time  142384825 ps
inst0 ch0:  C_CMD: RDCMD     C_f = 0x0a0   at time  142385239 ps
inst0 ch0:  C_CMD: RDCMD     C_r = 0x015   at time  142386481 ps
inst0 ch0:  C_CMD: RDCMD     C_f = 0x020   at time  142386895 ps
inst0 ch0:  C_CMD: RDCMD     C_r = 0x01d   at time  142388137 ps
inst0 ch0:  C_CMD: RDCMD     C_f = 0x0a2   at time  142388551 ps
inst0 ch0:  C_CMD: RDCMD     C_r = 0x01d   at time  142389793 ps
inst0 ch0:  C_CMD: RDCMD     C_f = 0x022   at time  142390207 ps
inst0 ch0:  R_CMD: ACTCMD    R_r0= 0x0a    at time  142433677 ps
inst0 ch0:  R_CMD: ACTCMD    R_f0= 0x08    at time  142434091 ps
inst0 ch0:  R_CMD: ACTCMD    R_r1= 0x00    at time  142434505 ps
inst0 ch0:  R_CMD: ACTCMD    R_f1= 0x00    at time  142434919 ps
inst0 ch0:  R_CMD: ACTCMD    R_r0= 0x0a    at time  142435333 ps
inst0 ch0:  R_CMD: ACTCMD    R_f0= 0x00    at time  142435747 ps
inst0 ch0:  R_CMD: ACTCMD    R_r1= 0x00    at time  142436161 ps
inst0 ch0:  R_CMD: ACTCMD    R_f1= 0x00    at time  142436575 ps
inst0 ch0:  C_CMD: WRCMD     C_r = 0x011   at time  142444441 ps
inst0 ch0:  C_CMD: WRCMD     C_f = 0x0a8   at time  142444855 ps
inst0 ch0:  C_CMD: WRCMD     C_r = 0x011   at time  142446097 ps
inst0 ch0:  C_CMD: WRCMD     C_f = 0x028   at time  142446511 ps
inst0 ch0:  C_CMD: WRCMD     C_r = 0x011   at time  142447753 ps
inst0 ch0:  C_CMD: WRCMD     C_f = 0x0aa   at time  142448167 ps
inst0 ch0:  C_CMD: WRCMD     C_r = 0x011   at time  142449409 ps
inst0 ch0:  C_CMD: WRCMD     C_f = 0x02a   at time  142449823 ps
inst0 ch0:  C_CMD: WRCMD     C_r = 0x011   at time  142451065 ps
inst0 ch0:  C_CMD: WRCMD     C_f = 0x0a0   at time  142451479 ps
inst0 ch0:  C_CMD: WRCMD     C_r = 0x011   at time  142452721 ps
inst0 ch0:  C_CMD: WRCMD     C_f = 0x020   at time  142453135 ps
inst0 ch0:  C_CMD: WRCMD     C_r = 0x019   at time  142454377 ps
inst0 ch0:  C_CMD: WRCMD     C_f = 0x0a2   at time  142454791 ps
inst0 ch0:  C_CMD: WRCMD     C_r = 0x019   at time  142456033 ps
inst0 ch0:  C_CMD: WRCMD     C_f = 0x022   at time  142456447 ps
inst0 ch0:  R_CMD: ACTCMD    R_r0= 0x02    at time  146177893 ps
inst0 ch0:  R_CMD: ACTCMD    R_f0= 0x18    at time  146178307 ps
inst0 ch0:  R_CMD: ACTCMD    R_r1= 0x3f    at time  146178721 ps
inst0 ch0:  R_CMD: ACTCMD    R_f1= 0x3b    at time  146179135 ps
inst0 ch0:  R_CMD: ACTCMD    R_r0= 0x02    at time  146180377 ps
inst0 ch0:  R_CMD: ACTCMD    R_f0= 0x10    at time  146180791 ps
inst0 ch0:  R_CMD: ACTCMD    R_r1= 0x3f    at time  146181205 ps
inst0 ch0:  R_CMD: ACTCMD    R_f1= 0x3b    at time  146181619 ps
inst0 ch0:  C_CMD: RDCMD     C_r = 0x005   at time  146192797 ps
inst0 ch0:  C_CMD: RDCMD     C_f = 0x0f8   at time  146193211 ps
inst0 ch0:  C_CMD: RDCMD     C_r = 0x005   at time  146195281 ps
inst0 ch0:  C_CMD: RDCMD     C_f = 0x078   at time  146195695 ps
inst0 ch0:  C_CMD: RDCMD     C_r = 0x00d   at time  146196109 ps
inst0 ch0:  C_CMD: RDCMD     C_f = 0x0fa   at time  146196523 ps
inst0 ch0:  C_CMD: RDCMD     C_r = 0x00d   at time  146198593 ps
inst0 ch0:  C_CMD: RDCMD     C_f = 0x07a   at time  146199007 ps
inst0 ch0:  R_CMD: ACTCMD    R_r0= 0x02    at time  146225089 ps
inst0 ch0:  R_CMD: ACTCMD    R_f0= 0x19    at time  146225503 ps
inst0 ch0:  R_CMD: ACTCMD    R_r1= 0x3f    at time  146225917 ps
inst0 ch0:  R_CMD: ACTCMD    R_f1= 0x3b    at time  146226331 ps
inst0 ch0:  R_CMD: ACTCMD    R_r0= 0x02    at time  146227573 ps
inst0 ch0:  R_CMD: ACTCMD    R_f0= 0x11    at time  146227987 ps
inst0 ch0:  R_CMD: ACTCMD    R_r1= 0x3f    at time  146228401 ps
inst0 ch0:  R_CMD: ACTCMD    R_f1= 0x3b    at time  146228815 ps
inst0 ch0:  C_CMD: RDCMD     C_r = 0x005   at time  146239993 ps
inst0 ch0:  C_CMD: RDCMD     C_f = 0x0f8   at time  146240407 ps
inst0 ch0:  C_CMD: RDCMD     C_r = 0x005   at time  146242477 ps
inst0 ch0:  C_CMD: RDCMD     C_f = 0x078   at time  146242891 ps
inst0 ch0:  C_CMD: RDCMD     C_r = 0x00d   at time  146243305 ps
inst0 ch0:  C_CMD: RDCMD     C_f = 0x0fa   at time  146243719 ps
inst0 ch0:  C_CMD: RDCMD     C_r = 0x00d   at time  146245789 ps
inst0 ch0:  C_CMD: RDCMD     C_f = 0x07a   at time  146246203 ps
inst0 ch0:  R_CMD: ACTCMD    R_r0= 0x02    at time  146272285 ps
inst0 ch0:  R_CMD: ACTCMD    R_f0= 0x18    at time  146272699 ps
inst0 ch0:  R_CMD: ACTCMD    R_r1= 0x3f    at time  146273113 ps
inst0 ch0:  R_CMD: ACTCMD    R_f1= 0x3b    at time  146273527 ps
inst0 ch0:  R_CMD: ACTCMD    R_r0= 0x02    at time  146274769 ps
inst0 ch0:  R_CMD: ACTCMD    R_f0= 0x10    at time  146275183 ps
inst0 ch0:  R_CMD: ACTCMD    R_r1= 0x3f    at time  146275597 ps
inst0 ch0:  R_CMD: ACTCMD    R_f1= 0x3b    at time  146276011 ps
inst0 ch0:  C_CMD: WRCMD     C_r = 0x001   at time  146283049 ps
inst0 ch0:  C_CMD: WRCMD     C_f = 0x0f8   at time  146283463 ps
inst0 ch0:  C_CMD: WRCMD     C_r = 0x001   at time  146285533 ps
inst0 ch0:  C_CMD: WRCMD     C_f = 0x078   at time  146285947 ps
inst0 ch0:  C_CMD: WRCMD     C_r = 0x009   at time  146286361 ps
inst0 ch0:  C_CMD: WRCMD     C_f = 0x0fa   at time  146286775 ps
inst0 ch0:  C_CMD: WRCMD     C_r = 0x009   at time  146288845 ps
inst0 ch0:  C_CMD: WRCMD     C_f = 0x07a   at time  146289259 ps
inst0 ch0:  R_CMD: ACTCMD    R_r0= 0x02    at time  146324449 ps
inst0 ch0:  R_CMD: ACTCMD    R_f0= 0x19    at time  146324863 ps
inst0 ch0:  R_CMD: ACTCMD    R_r1= 0x3f    at time  146325277 ps
inst0 ch0:  R_CMD: ACTCMD    R_f1= 0x3b    at time  146325691 ps
inst0 ch0:  R_CMD: ACTCMD    R_r0= 0x02    at time  146326933 ps
inst0 ch0:  R_CMD: ACTCMD    R_f0= 0x11    at time  146327347 ps
inst0 ch0:  R_CMD: ACTCMD    R_r1= 0x3f    at time  146327761 ps
inst0 ch0:  R_CMD: ACTCMD    R_f1= 0x3b    at time  146328175 ps
inst0 ch0:  C_CMD: WRCMD     C_r = 0x001   at time  146335213 ps
inst0 ch0:  C_CMD: WRCMD     C_f = 0x0f8   at time  146335627 ps
inst0 ch0:  C_CMD: WRCMD     C_r = 0x001   at time  146337697 ps
inst0 ch0:  C_CMD: WRCMD     C_f = 0x078   at time  146338111 ps
inst0 ch0:  C_CMD: WRCMD     C_r = 0x009   at time  146338525 ps
inst0 ch0:  C_CMD: WRCMD     C_f = 0x0fa   at time  146338939 ps
inst0 ch0:  C_CMD: WRCMD     C_r = 0x009   at time  146341009 ps
inst0 ch0:  C_CMD: WRCMD     C_f = 0x07a   at time  146341423 ps
inst0 ch0:  R_CMD: ACTCMD    R_r0= 0x0a    at time  146511577 ps
inst0 ch0:  R_CMD: ACTCMD    R_f0= 0x18    at time  146511991 ps
inst0 ch0:  R_CMD: ACTCMD    R_r1= 0x3f    at time  146512405 ps
inst0 ch0:  R_CMD: ACTCMD    R_f1= 0x3b    at time  146512819 ps
inst0 ch0:  R_CMD: ACTCMD    R_r0= 0x0a    at time  146514061 ps
inst0 ch0:  R_CMD: ACTCMD    R_f0= 0x10    at time  146514475 ps
inst0 ch0:  R_CMD: ACTCMD    R_r1= 0x3f    at time  146514889 ps
inst0 ch0:  R_CMD: ACTCMD    R_f1= 0x3b    at time  146515303 ps
inst0 ch0:  C_CMD: RDCMD     C_r = 0x015   at time  146526481 ps
inst0 ch0:  C_CMD: RDCMD     C_f = 0x0f8   at time  146526895 ps
inst0 ch0:  C_CMD: RDCMD     C_r = 0x015   at time  146528965 ps
inst0 ch0:  C_CMD: RDCMD     C_f = 0x078   at time  146529379 ps
inst0 ch0:  C_CMD: RDCMD     C_r = 0x01d   at time  146529793 ps
inst0 ch0:  C_CMD: RDCMD     C_f = 0x0fa   at time  146530207 ps
inst0 ch0:  C_CMD: RDCMD     C_r = 0x01d   at time  146532277 ps
inst0 ch0:  C_CMD: RDCMD     C_f = 0x07a   at time  146532691 ps
inst0 ch0:  R_CMD: ACTCMD    R_r0= 0x0a    at time  146558773 ps
inst0 ch0:  R_CMD: ACTCMD    R_f0= 0x08    at time  146559187 ps
inst0 ch0:  R_CMD: ACTCMD    R_r1= 0x00    at time  146559601 ps
inst0 ch0:  R_CMD: ACTCMD    R_f1= 0x00    at time  146560015 ps
inst0 ch0:  R_CMD: ACTCMD    R_r0= 0x0a    at time  146561257 ps
inst0 ch0:  R_CMD: ACTCMD    R_f0= 0x00    at time  146561671 ps
inst0 ch0:  R_CMD: ACTCMD    R_r1= 0x00    at time  146562085 ps
inst0 ch0:  R_CMD: ACTCMD    R_f1= 0x00    at time  146562499 ps
inst0 ch0:  C_CMD: RDCMD     C_r = 0x015   at time  146573677 ps
inst0 ch0:  C_CMD: RDCMD     C_f = 0x0b8   at time  146574091 ps
inst0 ch0:  C_CMD: RDCMD     C_r = 0x015   at time  146576161 ps
inst0 ch0:  C_CMD: RDCMD     C_f = 0x038   at time  146576575 ps
inst0 ch0:  C_CMD: RDCMD     C_r = 0x015   at time  146576989 ps
inst0 ch0:  C_CMD: RDCMD     C_f = 0x0ba   at time  146577403 ps
inst0 ch0:  C_CMD: RDCMD     C_r = 0x015   at time  146579473 ps
inst0 ch0:  C_CMD: RDCMD     C_f = 0x03a   at time  146579887 ps
inst0 ch0:  C_CMD: RDCMD     C_r = 0x015   at time  146580301 ps
inst0 ch0:  C_CMD: RDCMD     C_f = 0x0b0   at time  146580715 ps
inst0 ch0:  C_CMD: RDCMD     C_r = 0x015   at time  146582785 ps
inst0 ch0:  C_CMD: RDCMD     C_f = 0x030   at time  146583199 ps
inst0 ch0:  C_CMD: RDCMD     C_r = 0x01d   at time  146583613 ps
inst0 ch0:  C_CMD: RDCMD     C_f = 0x0b2   at time  146584027 ps
inst0 ch0:  C_CMD: RDCMD     C_r = 0x01d   at time  146586097 ps
inst0 ch0:  C_CMD: RDCMD     C_f = 0x032   at time  146586511 ps
inst0 ch0:  R_CMD: ACTCMD    R_r0= 0x0a    at time  146605969 ps
inst0 ch0:  R_CMD: ACTCMD    R_f0= 0x19    at time  146606383 ps
inst0 ch0:  R_CMD: ACTCMD    R_r1= 0x3f    at time  146606797 ps
inst0 ch0:  R_CMD: ACTCMD    R_f1= 0x3b    at time  146607211 ps
inst0 ch0:  R_CMD: ACTCMD    R_r0= 0x0a    at time  146608453 ps
inst0 ch0:  R_CMD: ACTCMD    R_f0= 0x11    at time  146608867 ps
inst0 ch0:  R_CMD: ACTCMD    R_r1= 0x3f    at time  146609281 ps
inst0 ch0:  R_CMD: ACTCMD    R_f1= 0x3b    at time  146609695 ps
inst0 ch0:  C_CMD: RDCMD     C_r = 0x015   at time  146620873 ps
inst0 ch0:  C_CMD: RDCMD     C_f = 0x0f8   at time  146621287 ps
inst0 ch0:  C_CMD: RDCMD     C_r = 0x015   at time  146623357 ps
inst0 ch0:  C_CMD: RDCMD     C_f = 0x078   at time  146623771 ps
inst0 ch0:  C_CMD: RDCMD     C_r = 0x01d   at time  146624185 ps
inst0 ch0:  C_CMD: RDCMD     C_f = 0x0fa   at time  146624599 ps
inst0 ch0:  C_CMD: RDCMD     C_r = 0x01d   at time  146626669 ps
inst0 ch0:  C_CMD: RDCMD     C_f = 0x07a   at time  146627083 ps
inst0 ch0:  R_CMD: ACTCMD    R_r0= 0x0a    at time  146653165 ps
inst0 ch0:  R_CMD: ACTCMD    R_f0= 0x18    at time  146653579 ps
inst0 ch0:  R_CMD: ACTCMD    R_r1= 0x3f    at time  146653993 ps
inst0 ch0:  R_CMD: ACTCMD    R_f1= 0x3b    at time  146654407 ps
inst0 ch0:  R_CMD: ACTCMD    R_r0= 0x0a    at time  146655649 ps
inst0 ch0:  R_CMD: ACTCMD    R_f0= 0x10    at time  146656063 ps
inst0 ch0:  R_CMD: ACTCMD    R_r1= 0x3f    at time  146656477 ps
inst0 ch0:  R_CMD: ACTCMD    R_f1= 0x3b    at time  146656891 ps
inst0 ch0:  C_CMD: WRCMD     C_r = 0x011   at time  146663929 ps
inst0 ch0:  C_CMD: WRCMD     C_f = 0x0f8   at time  146664343 ps
inst0 ch0:  C_CMD: WRCMD     C_r = 0x011   at time  146666413 ps
inst0 ch0:  C_CMD: WRCMD     C_f = 0x078   at time  146666827 ps
inst0 ch0:  C_CMD: WRCMD     C_r = 0x019   at time  146667241 ps
inst0 ch0:  C_CMD: WRCMD     C_f = 0x0fa   at time  146667655 ps
inst0 ch0:  C_CMD: WRCMD     C_r = 0x019   at time  146669725 ps
inst0 ch0:  C_CMD: WRCMD     C_f = 0x07a   at time  146670139 ps
inst0 ch0:  R_CMD: ACTCMD    R_r0= 0x0a    at time  146705329 ps
inst0 ch0:  R_CMD: ACTCMD    R_f0= 0x08    at time  146705743 ps
inst0 ch0:  R_CMD: ACTCMD    R_r1= 0x00    at time  146706157 ps
inst0 ch0:  R_CMD: ACTCMD    R_f1= 0x00    at time  146706571 ps
inst0 ch0:  R_CMD: ACTCMD    R_r0= 0x0a    at time  146707813 ps
inst0 ch0:  R_CMD: ACTCMD    R_f0= 0x00    at time  146708227 ps
inst0 ch0:  R_CMD: ACTCMD    R_r1= 0x00    at time  146708641 ps
inst0 ch0:  R_CMD: ACTCMD    R_f1= 0x00    at time  146709055 ps
inst0 ch0:  C_CMD: WRCMD     C_r = 0x011   at time  146716093 ps
inst0 ch0:  C_CMD: WRCMD     C_f = 0x0b8   at time  146716507 ps
inst0 ch0:  C_CMD: WRCMD     C_r = 0x011   at time  146718577 ps
inst0 ch0:  C_CMD: WRCMD     C_f = 0x038   at time  146718991 ps
inst0 ch0:  C_CMD: WRCMD     C_r = 0x011   at time  146719405 ps
inst0 ch0:  C_CMD: WRCMD     C_f = 0x0ba   at time  146719819 ps
inst0 ch0:  C_CMD: WRCMD     C_r = 0x011   at time  146721889 ps
inst0 ch0:  C_CMD: WRCMD     C_f = 0x03a   at time  146722303 ps
inst0 ch0:  C_CMD: WRCMD     C_r = 0x011   at time  146722717 ps
inst0 ch0:  C_CMD: WRCMD     C_f = 0x0b0   at time  146723131 ps
inst0 ch0:  C_CMD: WRCMD     C_r = 0x011   at time  146725201 ps
inst0 ch0:  C_CMD: WRCMD     C_f = 0x030   at time  146725615 ps
inst0 ch0:  C_CMD: WRCMD     C_r = 0x019   at time  146726029 ps
inst0 ch0:  C_CMD: WRCMD     C_f = 0x0b2   at time  146726443 ps
inst0 ch0:  C_CMD: WRCMD     C_r = 0x019   at time  146728513 ps
inst0 ch0:  C_CMD: WRCMD     C_f = 0x032   at time  146728927 ps
inst0 ch0:  R_CMD: ACTCMD    R_r0= 0x0a    at time  146764117 ps
inst0 ch0:  R_CMD: ACTCMD    R_f0= 0x19    at time  146764531 ps
inst0 ch0:  R_CMD: ACTCMD    R_r1= 0x3f    at time  146764945 ps
inst0 ch0:  R_CMD: ACTCMD    R_f1= 0x3b    at time  146765359 ps
inst0 ch0:  R_CMD: ACTCMD    R_r0= 0x0a    at time  146766601 ps
inst0 ch0:  R_CMD: ACTCMD    R_f0= 0x11    at time  146767015 ps
inst0 ch0:  R_CMD: ACTCMD    R_r1= 0x3f    at time  146767429 ps
inst0 ch0:  R_CMD: ACTCMD    R_f1= 0x3b    at time  146767843 ps
inst0 ch0:  C_CMD: WRCMD     C_r = 0x011   at time  146774881 ps
inst0 ch0:  C_CMD: WRCMD     C_f = 0x0f8   at time  146775295 ps
inst0 ch0:  C_CMD: WRCMD     C_r = 0x011   at time  146777365 ps
inst0 ch0:  C_CMD: WRCMD     C_f = 0x078   at time  146777779 ps
inst0 ch0:  C_CMD: WRCMD     C_r = 0x019   at time  146778193 ps
inst0 ch0:  C_CMD: WRCMD     C_f = 0x0fa   at time  146778607 ps
inst0 ch0:  C_CMD: WRCMD     C_r = 0x019   at time  146780677 ps
inst0 ch0:  C_CMD: WRCMD     C_f = 0x07a   at time  146781091 ps
inst0 ch0:  R_CMD: ACTCMD    R_r0= 0x02    at time  147196333 ps
inst0 ch0:  R_CMD: ACTCMD    R_f0= 0x38    at time  147196747 ps
inst0 ch0:  R_CMD: ACTCMD    R_r1= 0x3f    at time  147197161 ps
inst0 ch0:  R_CMD: ACTCMD    R_f1= 0x3b    at time  147197575 ps
inst0 ch0:  R_CMD: ACTCMD    R_r0= 0x02    at time  147198817 ps
inst0 ch0:  R_CMD: ACTCMD    R_f0= 0x30    at time  147199231 ps
inst0 ch0:  R_CMD: ACTCMD    R_r1= 0x3f    at time  147199645 ps
inst0 ch0:  R_CMD: ACTCMD    R_f1= 0x3b    at time  147200059 ps
inst0 ch0:  C_CMD: RDCMD     C_r = 0x085   at time  147211237 ps
inst0 ch0:  C_CMD: RDCMD     C_f = 0x0f8   at time  147211651 ps
inst0 ch0:  C_CMD: RDCMD     C_r = 0x085   at time  147213721 ps
inst0 ch0:  C_CMD: RDCMD     C_f = 0x078   at time  147214135 ps
inst0 ch0:  C_CMD: RDCMD     C_r = 0x08d   at time  147214549 ps
inst0 ch0:  C_CMD: RDCMD     C_f = 0x0fa   at time  147214963 ps
inst0 ch0:  C_CMD: RDCMD     C_r = 0x08d   at time  147217033 ps
inst0 ch0:  C_CMD: RDCMD     C_f = 0x07a   at time  147217447 ps
inst0 ch0:  R_CMD: ACTCMD    R_r0= 0x02    at time  147266713 ps
inst0 ch0:  R_CMD: ACTCMD    R_f0= 0x38    at time  147267127 ps
inst0 ch0:  R_CMD: ACTCMD    R_r1= 0x3f    at time  147267541 ps
inst0 ch0:  R_CMD: ACTCMD    R_f1= 0x3b    at time  147267955 ps
inst0 ch0:  R_CMD: ACTCMD    R_r0= 0x02    at time  147269197 ps
inst0 ch0:  R_CMD: ACTCMD    R_f0= 0x30    at time  147269611 ps
inst0 ch0:  R_CMD: ACTCMD    R_r1= 0x3f    at time  147270025 ps
inst0 ch0:  R_CMD: ACTCMD    R_f1= 0x3b    at time  147270439 ps
inst0 ch0:  C_CMD: WRCMD     C_r = 0x081   at time  147277477 ps
inst0 ch0:  C_CMD: WRCMD     C_f = 0x0f8   at time  147277891 ps
inst0 ch0:  C_CMD: WRCMD     C_r = 0x081   at time  147279961 ps
inst0 ch0:  C_CMD: WRCMD     C_f = 0x078   at time  147280375 ps
inst0 ch0:  C_CMD: WRCMD     C_r = 0x089   at time  147280789 ps
inst0 ch0:  C_CMD: WRCMD     C_f = 0x0fa   at time  147281203 ps
inst0 ch0:  C_CMD: WRCMD     C_r = 0x089   at time  147283273 ps
inst0 ch0:  C_CMD: WRCMD     C_f = 0x07a   at time  147283687 ps
inst0 ch0:  R_CMD: ACTCMD    R_r0= 0x0a    at time  147450529 ps
inst0 ch0:  R_CMD: ACTCMD    R_f0= 0x38    at time  147450943 ps
inst0 ch0:  R_CMD: ACTCMD    R_r1= 0x3f    at time  147451357 ps
inst0 ch0:  R_CMD: ACTCMD    R_f1= 0x3b    at time  147451771 ps
inst0 ch0:  R_CMD: ACTCMD    R_r0= 0x0a    at time  147453013 ps
inst0 ch0:  R_CMD: ACTCMD    R_f0= 0x30    at time  147453427 ps
inst0 ch0:  R_CMD: ACTCMD    R_r1= 0x3f    at time  147453841 ps
inst0 ch0:  R_CMD: ACTCMD    R_f1= 0x3b    at time  147454255 ps
inst0 ch0:  C_CMD: RDCMD     C_r = 0x095   at time  147465433 ps
inst0 ch0:  C_CMD: RDCMD     C_f = 0x0f8   at time  147465847 ps
inst0 ch0:  C_CMD: RDCMD     C_r = 0x095   at time  147467917 ps
inst0 ch0:  C_CMD: RDCMD     C_f = 0x078   at time  147468331 ps
inst0 ch0:  C_CMD: RDCMD     C_r = 0x09d   at time  147468745 ps
inst0 ch0:  C_CMD: RDCMD     C_f = 0x0fa   at time  147469159 ps
inst0 ch0:  C_CMD: RDCMD     C_r = 0x09d   at time  147471229 ps
inst0 ch0:  C_CMD: RDCMD     C_f = 0x07a   at time  147471643 ps
inst0 ch0:  R_CMD: ACTCMD    R_r0= 0x0a    at time  147624409 ps
inst0 ch0:  R_CMD: ACTCMD    R_f0= 0x38    at time  147624823 ps
inst0 ch0:  R_CMD: ACTCMD    R_r1= 0x3f    at time  147625237 ps
inst0 ch0:  R_CMD: ACTCMD    R_f1= 0x3b    at time  147625651 ps
inst0 ch0:  R_CMD: ACTCMD    R_r0= 0x0a    at time  147626893 ps
inst0 ch0:  R_CMD: ACTCMD    R_f0= 0x30    at time  147627307 ps
inst0 ch0:  R_CMD: ACTCMD    R_r1= 0x3f    at time  147627721 ps
inst0 ch0:  R_CMD: ACTCMD    R_f1= 0x3b    at time  147628135 ps
inst0 ch0:  C_CMD: WRCMD     C_r = 0x091   at time  147635173 ps
inst0 ch0:  C_CMD: WRCMD     C_f = 0x0f8   at time  147635587 ps
inst0 ch0:  C_CMD: WRCMD     C_r = 0x091   at time  147637657 ps
inst0 ch0:  C_CMD: WRCMD     C_f = 0x078   at time  147638071 ps
inst0 ch0:  C_CMD: WRCMD     C_r = 0x099   at time  147638485 ps
inst0 ch0:  C_CMD: WRCMD     C_f = 0x0fa   at time  147638899 ps
inst0 ch0:  C_CMD: WRCMD     C_r = 0x099   at time  147640969 ps
inst0 ch0:  C_CMD: WRCMD     C_f = 0x07a   at time  147641383 ps
