inst0 ch0:  R_CMD: ACTCMD    R_r0= 0x0e    at time   33400981 ps
inst0 ch0:  R_CMD: ACTCMD    R_f0= 0x28    at time   33401395 ps
inst0 ch0:  R_CMD: ACTCMD    R_r1= 0x00    at time   33401809 ps
inst0 ch0:  R_CMD: ACTCMD    R_f1= 0x02    at time   33402223 ps
inst0 ch0:  R_CMD: ACTCMD    R_r0= 0x0e    at time   33402637 ps
inst0 ch0:  R_CMD: ACTCMD    R_f0= 0x20    at time   33403051 ps
inst0 ch0:  R_CMD: ACTCMD    R_r1= 0x00    at time   33403465 ps
inst0 ch0:  R_CMD: ACTCMD    R_f1= 0x02    at time   33403879 ps
inst0 ch0:  C_CMD: RDCMD     C_r = 0x095   at time   33415885 ps
inst0 ch0:  C_CMD: RDCMD     C_f = 0x0a9   at time   33416299 ps
inst0 ch0:  C_CMD: RDCMD     C_r = 0x095   at time   33417541 ps
inst0 ch0:  C_CMD: RDCMD     C_f = 0x029   at time   33417955 ps
inst0 ch0:  C_CMD: RDCMD     C_r = 0x095   at time   33419197 ps
inst0 ch0:  C_CMD: RDCMD     C_f = 0x0ab   at time   33419611 ps
inst0 ch0:  C_CMD: RDCMD     C_r = 0x095   at time   33420853 ps
inst0 ch0:  C_CMD: RDCMD     C_f = 0x02b   at time   33421267 ps
inst0 ch0:  C_CMD: RDCMD     C_r = 0x095   at time   33422509 ps
inst0 ch0:  C_CMD: RDCMD     C_f = 0x0a1   at time   33422923 ps
inst0 ch0:  C_CMD: RDCMD     C_r = 0x095   at time   33424165 ps
inst0 ch0:  C_CMD: RDCMD     C_f = 0x021   at time   33424579 ps
inst0 ch0:  C_CMD: RDCMD     C_r = 0x09d   at time   33425821 ps
inst0 ch0:  C_CMD: RDCMD     C_f = 0x0a3   at time   33426235 ps
inst0 ch0:  C_CMD: RDCMD     C_r = 0x09d   at time   33427477 ps
inst0 ch0:  C_CMD: RDCMD     C_f = 0x023   at time   33427891 ps
inst0 ch0:  R_CMD: ACTCMD    R_r0= 0x0e    at time   33629509 ps
inst0 ch0:  R_CMD: ACTCMD    R_f0= 0x28    at time   33629923 ps
inst0 ch0:  R_CMD: ACTCMD    R_r1= 0x00    at time   33630337 ps
inst0 ch0:  R_CMD: ACTCMD    R_f1= 0x02    at time   33630751 ps
inst0 ch0:  R_CMD: ACTCMD    R_r0= 0x0e    at time   33631165 ps
inst0 ch0:  R_CMD: ACTCMD    R_f0= 0x20    at time   33631579 ps
inst0 ch0:  R_CMD: ACTCMD    R_r1= 0x00    at time   33631993 ps
inst0 ch0:  R_CMD: ACTCMD    R_f1= 0x02    at time   33632407 ps
inst0 ch0:  C_CMD: WRCMD     C_r = 0x091   at time   33640273 ps
inst0 ch0:  C_CMD: WRCMD     C_f = 0x0a9   at time   33640687 ps
inst0 ch0:  C_CMD: WRCMD     C_r = 0x091   at time   33641929 ps
inst0 ch0:  C_CMD: WRCMD     C_f = 0x029   at time   33642343 ps
inst0 ch0:  C_CMD: WRCMD     C_r = 0x091   at time   33643585 ps
inst0 ch0:  C_CMD: WRCMD     C_f = 0x0ab   at time   33643999 ps
inst0 ch0:  C_CMD: WRCMD     C_r = 0x091   at time   33645241 ps
inst0 ch0:  C_CMD: WRCMD     C_f = 0x02b   at time   33645655 ps
inst0 ch0:  C_CMD: WRCMD     C_r = 0x091   at time   33646897 ps
inst0 ch0:  C_CMD: WRCMD     C_f = 0x0a1   at time   33647311 ps
inst0 ch0:  C_CMD: WRCMD     C_r = 0x091   at time   33648553 ps
inst0 ch0:  C_CMD: WRCMD     C_f = 0x021   at time   33648967 ps
inst0 ch0:  C_CMD: WRCMD     C_r = 0x099   at time   33650209 ps
inst0 ch0:  C_CMD: WRCMD     C_f = 0x0a3   at time   33650623 ps
inst0 ch0:  C_CMD: WRCMD     C_r = 0x099   at time   33651865 ps
inst0 ch0:  C_CMD: WRCMD     C_f = 0x023   at time   33652279 ps
inst0 ch0:  R_CMD: ACTCMD    R_r0= 0x2e    at time   37748809 ps
inst0 ch0:  R_CMD: ACTCMD    R_f0= 0x28    at time   37749223 ps
inst0 ch0:  R_CMD: ACTCMD    R_r1= 0x00    at time   37749637 ps
inst0 ch0:  R_CMD: ACTCMD    R_f1= 0x02    at time   37750051 ps
inst0 ch0:  R_CMD: ACTCMD    R_r0= 0x2e    at time   37751293 ps
inst0 ch0:  R_CMD: ACTCMD    R_f0= 0x20    at time   37751707 ps
inst0 ch0:  R_CMD: ACTCMD    R_r1= 0x00    at time   37752121 ps
inst0 ch0:  R_CMD: ACTCMD    R_f1= 0x02    at time   37752535 ps
inst0 ch0:  C_CMD: RDCMD     C_r = 0x0d5   at time   37763713 ps
inst0 ch0:  C_CMD: RDCMD     C_f = 0x0a9   at time   37764127 ps
inst0 ch0:  C_CMD: RDCMD     C_r = 0x0d5   at time   37766197 ps
inst0 ch0:  C_CMD: RDCMD     C_f = 0x029   at time   37766611 ps
inst0 ch0:  C_CMD: RDCMD     C_r = 0x0d5   at time   37767025 ps
inst0 ch0:  C_CMD: RDCMD     C_f = 0x0ab   at time   37767439 ps
inst0 ch0:  C_CMD: RDCMD     C_r = 0x0d5   at time   37769509 ps
inst0 ch0:  C_CMD: RDCMD     C_f = 0x02b   at time   37769923 ps
inst0 ch0:  C_CMD: RDCMD     C_r = 0x0d5   at time   37770337 ps
inst0 ch0:  C_CMD: RDCMD     C_f = 0x0a1   at time   37770751 ps
inst0 ch0:  C_CMD: RDCMD     C_r = 0x0d5   at time   37772821 ps
inst0 ch0:  C_CMD: RDCMD     C_f = 0x021   at time   37773235 ps
inst0 ch0:  C_CMD: RDCMD     C_r = 0x0dd   at time   37773649 ps
inst0 ch0:  C_CMD: RDCMD     C_f = 0x0a3   at time   37774063 ps
inst0 ch0:  C_CMD: RDCMD     C_r = 0x0dd   at time   37776133 ps
inst0 ch0:  C_CMD: RDCMD     C_f = 0x023   at time   37776547 ps
inst0 ch0:  R_CMD: ACTCMD    R_r0= 0x2e    at time   37824985 ps
inst0 ch0:  R_CMD: ACTCMD    R_f0= 0x28    at time   37825399 ps
inst0 ch0:  R_CMD: ACTCMD    R_r1= 0x00    at time   37825813 ps
inst0 ch0:  R_CMD: ACTCMD    R_f1= 0x02    at time   37826227 ps
inst0 ch0:  R_CMD: ACTCMD    R_r0= 0x2e    at time   37829125 ps
inst0 ch0:  R_CMD: ACTCMD    R_f0= 0x20    at time   37829539 ps
inst0 ch0:  R_CMD: ACTCMD    R_r1= 0x00    at time   37829953 ps
inst0 ch0:  R_CMD: ACTCMD    R_f1= 0x02    at time   37830367 ps
inst0 ch0:  C_CMD: WRCMD     C_r = 0x0d1   at time   37835749 ps
inst0 ch0:  C_CMD: WRCMD     C_f = 0x0a9   at time   37836163 ps
inst0 ch0:  C_CMD: WRCMD     C_r = 0x0d1   at time   37839061 ps
inst0 ch0:  C_CMD: WRCMD     C_f = 0x0ab   at time   37839475 ps
inst0 ch0:  C_CMD: WRCMD     C_r = 0x0d1   at time   37839889 ps
inst0 ch0:  C_CMD: WRCMD     C_f = 0x029   at time   37840303 ps
inst0 ch0:  C_CMD: WRCMD     C_r = 0x0d1   at time   37842373 ps
inst0 ch0:  C_CMD: WRCMD     C_f = 0x0a1   at time   37842787 ps
inst0 ch0:  C_CMD: WRCMD     C_r = 0x0d1   at time   37843201 ps
inst0 ch0:  C_CMD: WRCMD     C_f = 0x02b   at time   37843615 ps
inst0 ch0:  C_CMD: WRCMD     C_r = 0x0d9   at time   37845685 ps
inst0 ch0:  C_CMD: WRCMD     C_f = 0x0a3   at time   37846099 ps
inst0 ch0:  C_CMD: WRCMD     C_r = 0x0d1   at time   37846513 ps
inst0 ch0:  C_CMD: WRCMD     C_f = 0x021   at time   37846927 ps
inst0 ch0:  C_CMD: WRCMD     C_r = 0x0d9   at time   37849825 ps
inst0 ch0:  C_CMD: WRCMD     C_f = 0x023   at time   37850239 ps
inst0 ch0:  R_CMD: ACTCMD    R_r0= 0x22    at time   54504217 ps
inst0 ch0:  R_CMD: ACTCMD    R_f0= 0x2a    at time   54504631 ps
inst0 ch0:  R_CMD: ACTCMD    R_r1= 0x00    at time   54505045 ps
inst0 ch0:  R_CMD: ACTCMD    R_f1= 0x00    at time   54505459 ps
inst0 ch0:  R_CMD: ACTCMD    R_r0= 0x02    at time   54508357 ps
inst0 ch0:  R_CMD: ACTCMD    R_f0= 0x2a    at time   54508771 ps
inst0 ch0:  R_CMD: ACTCMD    R_r1= 0x00    at time   54509185 ps
inst0 ch0:  R_CMD: ACTCMD    R_f1= 0x00    at time   54509599 ps
inst0 ch0:  R_CMD: ACTCMD    R_r0= 0x22    at time   54510013 ps
inst0 ch0:  R_CMD: ACTCMD    R_f0= 0x22    at time   54510427 ps
inst0 ch0:  R_CMD: ACTCMD    R_r1= 0x00    at time   54510841 ps
inst0 ch0:  R_CMD: ACTCMD    R_f1= 0x00    at time   54511255 ps
inst0 ch0:  R_CMD: ACTCMD    R_r0= 0x22    at time   54512497 ps
inst0 ch0:  R_CMD: ACTCMD    R_f0= 0x0a    at time   54512911 ps
inst0 ch0:  R_CMD: ACTCMD    R_r1= 0x00    at time   54513325 ps
inst0 ch0:  R_CMD: ACTCMD    R_f1= 0x00    at time   54513739 ps
inst0 ch0:  R_CMD: ACTCMD    R_r0= 0x02    at time   54514153 ps
inst0 ch0:  R_CMD: ACTCMD    R_f0= 0x22    at time   54514567 ps
inst0 ch0:  R_CMD: ACTCMD    R_r1= 0x00    at time   54514981 ps
inst0 ch0:  R_CMD: ACTCMD    R_f1= 0x00    at time   54515395 ps
inst0 ch0:  R_CMD: ACTCMD    R_r0= 0x02    at time   54516637 ps
inst0 ch0:  R_CMD: ACTCMD    R_f0= 0x0a    at time   54517051 ps
inst0 ch0:  R_CMD: ACTCMD    R_r1= 0x00    at time   54517465 ps
inst0 ch0:  R_CMD: ACTCMD    R_f1= 0x00    at time   54517879 ps
inst0 ch0:  R_CMD: ACTCMD    R_r0= 0x22    at time   54518293 ps
inst0 ch0:  R_CMD: ACTCMD    R_f0= 0x02    at time   54518707 ps
inst0 ch0:  R_CMD: ACTCMD    R_r1= 0x00    at time   54519121 ps
inst0 ch0:  C_CMD: RDCMD     C_r = 0x0c5   at time   54519121 ps
inst0 ch0:  R_CMD: ACTCMD    R_f1= 0x00    at time   54519535 ps
inst0 ch0:  C_CMD: RDCMD     C_f = 0x080   at time   54519535 ps
inst0 ch0:  R_CMD: ACTCMD    R_r0= 0x02    at time   54522433 ps
inst0 ch0:  C_CMD: RDCMD     C_r = 0x0cd   at time   54522433 ps
inst0 ch0:  R_CMD: ACTCMD    R_f0= 0x02    at time   54522847 ps
inst0 ch0:  C_CMD: RDCMD     C_f = 0x082   at time   54522847 ps
inst0 ch0:  R_CMD: ACTCMD    R_r1= 0x00    at time   54523261 ps
inst0 ch0:  R_CMD: ACTCMD    R_f1= 0x00    at time   54523675 ps
inst0 ch0:  C_CMD: RDCMD     C_r = 0x085   at time   54524089 ps
inst0 ch0:  C_CMD: RDCMD     C_f = 0x080   at time   54524503 ps
inst0 ch0:  C_CMD: RDCMD     C_r = 0x0c5   at time   54524917 ps
inst0 ch0:  C_CMD: RDCMD     C_f = 0x000   at time   54525331 ps
inst0 ch0:  C_CMD: RDCMD     C_r = 0x08d   at time   54527401 ps
inst0 ch0:  C_CMD: RDCMD     C_f = 0x082   at time   54527815 ps
inst0 ch0:  C_CMD: RDCMD     C_r = 0x0cd   at time   54528229 ps
inst0 ch0:  C_CMD: RDCMD     C_f = 0x002   at time   54528643 ps
inst0 ch0:  C_CMD: RDCMD     C_r = 0x045   at time   54529057 ps
inst0 ch0:  C_CMD: RDCMD     C_f = 0x080   at time   54529471 ps
inst0 ch0:  C_CMD: RDCMD     C_r = 0x085   at time   54529885 ps
inst0 ch0:  C_CMD: RDCMD     C_f = 0x000   at time   54530299 ps
inst0 ch0:  C_CMD: RDCMD     C_r = 0x005   at time   54531541 ps
inst0 ch0:  C_CMD: RDCMD     C_f = 0x080   at time   54531955 ps
inst0 ch0:  C_CMD: RDCMD     C_r = 0x04d   at time   54533197 ps
inst0 ch0:  C_CMD: RDCMD     C_f = 0x082   at time   54533611 ps
inst0 ch0:  C_CMD: RDCMD     C_r = 0x08d   at time   54534025 ps
inst0 ch0:  C_CMD: RDCMD     C_f = 0x002   at time   54534439 ps
inst0 ch0:  C_CMD: RDCMD     C_r = 0x00d   at time   54534853 ps
inst0 ch0:  C_CMD: RDCMD     C_f = 0x082   at time   54535267 ps
inst0 ch0:  C_CMD: RDCMD     C_r = 0x045   at time   54535681 ps
inst0 ch0:  C_CMD: RDCMD     C_f = 0x000   at time   54536095 ps
inst0 ch0:  C_CMD: RDCMD     C_r = 0x005   at time   54537337 ps
inst0 ch0:  C_CMD: RDCMD     C_f = 0x000   at time   54537751 ps
inst0 ch0:  C_CMD: RDCMD     C_r = 0x04d   at time   54538993 ps
inst0 ch0:  C_CMD: RDCMD     C_f = 0x002   at time   54539407 ps
inst0 ch0:  C_CMD: RDCMD     C_r = 0x00d   at time   54540649 ps
inst0 ch0:  C_CMD: RDCMD     C_f = 0x002   at time   54541063 ps
inst0 ch0:  R_CMD: ACTCMD    R_r0= 0x2a    at time   55097893 ps
inst0 ch0:  R_CMD: ACTCMD    R_f0= 0x22    at time   55098307 ps
inst0 ch0:  R_CMD: ACTCMD    R_r1= 0x00    at time   55098721 ps
inst0 ch0:  R_CMD: ACTCMD    R_f1= 0x00    at time   55099135 ps
inst0 ch0:  R_CMD: ACTCMD    R_r0= 0x0a    at time   55102033 ps
inst0 ch0:  R_CMD: ACTCMD    R_f0= 0x22    at time   55102447 ps
inst0 ch0:  R_CMD: ACTCMD    R_r1= 0x00    at time   55102861 ps
inst0 ch0:  R_CMD: ACTCMD    R_f1= 0x00    at time   55103275 ps
inst0 ch0:  R_CMD: ACTCMD    R_r0= 0x2a    at time   55106173 ps
inst0 ch0:  R_CMD: ACTCMD    R_f0= 0x02    at time   55106587 ps
inst0 ch0:  R_CMD: ACTCMD    R_r1= 0x00    at time   55107001 ps
inst0 ch0:  R_CMD: ACTCMD    R_f1= 0x00    at time   55107415 ps
inst0 ch0:  R_CMD: ACTCMD    R_r0= 0x0a    at time   55110313 ps
inst0 ch0:  R_CMD: ACTCMD    R_f0= 0x02    at time   55110727 ps
inst0 ch0:  R_CMD: ACTCMD    R_r1= 0x00    at time   55111141 ps
inst0 ch0:  R_CMD: ACTCMD    R_f1= 0x00    at time   55111555 ps
inst0 ch0:  C_CMD: RDCMD     C_r = 0x0d5   at time   55112797 ps
inst0 ch0:  C_CMD: RDCMD     C_f = 0x000   at time   55113211 ps
inst0 ch0:  C_CMD: RDCMD     C_r = 0x0dd   at time   55116109 ps
inst0 ch0:  C_CMD: RDCMD     C_f = 0x002   at time   55116523 ps
inst0 ch0:  C_CMD: RDCMD     C_r = 0x095   at time   55117765 ps
inst0 ch0:  C_CMD: RDCMD     C_f = 0x000   at time   55118179 ps
inst0 ch0:  C_CMD: RDCMD     C_r = 0x09d   at time   55121077 ps
inst0 ch0:  C_CMD: RDCMD     C_f = 0x002   at time   55121491 ps
inst0 ch0:  C_CMD: RDCMD     C_r = 0x055   at time   55122733 ps
inst0 ch0:  C_CMD: RDCMD     C_f = 0x000   at time   55123147 ps
inst0 ch0:  C_CMD: RDCMD     C_r = 0x015   at time   55125217 ps
inst0 ch0:  C_CMD: RDCMD     C_f = 0x000   at time   55125631 ps
inst0 ch0:  C_CMD: RDCMD     C_r = 0x05d   at time   55126873 ps
inst0 ch0:  C_CMD: RDCMD     C_f = 0x002   at time   55127287 ps
inst0 ch0:  C_CMD: RDCMD     C_r = 0x01d   at time   55128529 ps
inst0 ch0:  C_CMD: RDCMD     C_f = 0x002   at time   55128943 ps
inst0 ch0:  R_CMD: ACTCMD    R_r0= 0x32    at time   55381069 ps
inst0 ch0:  R_CMD: ACTCMD    R_f0= 0x22    at time   55381483 ps
inst0 ch0:  R_CMD: ACTCMD    R_r1= 0x00    at time   55381897 ps
inst0 ch0:  R_CMD: ACTCMD    R_f1= 0x00    at time   55382311 ps
inst0 ch0:  R_CMD: ACTCMD    R_r0= 0x12    at time   55385209 ps
inst0 ch0:  R_CMD: ACTCMD    R_f0= 0x22    at time   55385623 ps
inst0 ch0:  R_CMD: ACTCMD    R_r1= 0x00    at time   55386037 ps
inst0 ch0:  R_CMD: ACTCMD    R_f1= 0x00    at time   55386451 ps
inst0 ch0:  R_CMD: ACTCMD    R_r0= 0x32    at time   55389349 ps
inst0 ch0:  R_CMD: ACTCMD    R_f0= 0x02    at time   55389763 ps
inst0 ch0:  R_CMD: ACTCMD    R_r1= 0x00    at time   55390177 ps
inst0 ch0:  R_CMD: ACTCMD    R_f1= 0x00    at time   55390591 ps
inst0 ch0:  R_CMD: ACTCMD    R_r0= 0x12    at time   55393489 ps
inst0 ch0:  R_CMD: ACTCMD    R_f0= 0x02    at time   55393903 ps
inst0 ch0:  R_CMD: ACTCMD    R_r1= 0x00    at time   55394317 ps
inst0 ch0:  R_CMD: ACTCMD    R_f1= 0x00    at time   55394731 ps
inst0 ch0:  C_CMD: RDCMD     C_r = 0x0e5   at time   55395973 ps
inst0 ch0:  C_CMD: RDCMD     C_f = 0x000   at time   55396387 ps
inst0 ch0:  C_CMD: RDCMD     C_r = 0x0ed   at time   55399285 ps
inst0 ch0:  C_CMD: RDCMD     C_f = 0x002   at time   55399699 ps
inst0 ch0:  C_CMD: RDCMD     C_r = 0x0a5   at time   55400941 ps
inst0 ch0:  C_CMD: RDCMD     C_f = 0x000   at time   55401355 ps
inst0 ch0:  C_CMD: RDCMD     C_r = 0x0ad   at time   55404253 ps
inst0 ch0:  C_CMD: RDCMD     C_f = 0x002   at time   55404667 ps
inst0 ch0:  C_CMD: RDCMD     C_r = 0x065   at time   55405909 ps
inst0 ch0:  C_CMD: RDCMD     C_f = 0x000   at time   55406323 ps
inst0 ch0:  C_CMD: RDCMD     C_r = 0x025   at time   55408393 ps
inst0 ch0:  C_CMD: RDCMD     C_f = 0x000   at time   55408807 ps
inst0 ch0:  C_CMD: RDCMD     C_r = 0x06d   at time   55410049 ps
inst0 ch0:  C_CMD: RDCMD     C_f = 0x002   at time   55410463 ps
inst0 ch0:  C_CMD: RDCMD     C_r = 0x02d   at time   55411705 ps
inst0 ch0:  C_CMD: RDCMD     C_f = 0x002   at time   55412119 ps
inst0 ch0:  R_CMD: ACTCMD    R_r0= 0x2a    at time   55420813 ps
inst0 ch0:  R_CMD: ACTCMD    R_f0= 0x2a    at time   55421227 ps
inst0 ch0:  R_CMD: ACTCMD    R_r1= 0x00    at time   55421641 ps
inst0 ch0:  R_CMD: ACTCMD    R_f1= 0x00    at time   55422055 ps
inst0 ch0:  R_CMD: ACTCMD    R_r0= 0x0a    at time   55424953 ps
inst0 ch0:  R_CMD: ACTCMD    R_f0= 0x2a    at time   55425367 ps
inst0 ch0:  R_CMD: ACTCMD    R_r1= 0x00    at time   55425781 ps
inst0 ch0:  R_CMD: ACTCMD    R_f1= 0x00    at time   55426195 ps
inst0 ch0:  R_CMD: ACTCMD    R_r0= 0x2a    at time   55429093 ps
inst0 ch0:  R_CMD: ACTCMD    R_f0= 0x0a    at time   55429507 ps
inst0 ch0:  R_CMD: ACTCMD    R_r1= 0x00    at time   55429921 ps
inst0 ch0:  R_CMD: ACTCMD    R_f1= 0x00    at time   55430335 ps
inst0 ch0:  R_CMD: ACTCMD    R_r0= 0x0a    at time   55433233 ps
inst0 ch0:  R_CMD: ACTCMD    R_f0= 0x0a    at time   55433647 ps
inst0 ch0:  R_CMD: ACTCMD    R_r1= 0x00    at time   55434061 ps
inst0 ch0:  R_CMD: ACTCMD    R_f1= 0x00    at time   55434475 ps
inst0 ch0:  C_CMD: RDCMD     C_r = 0x0d5   at time   55435717 ps
inst0 ch0:  C_CMD: RDCMD     C_f = 0x080   at time   55436131 ps
inst0 ch0:  C_CMD: RDCMD     C_r = 0x0dd   at time   55439029 ps
inst0 ch0:  C_CMD: RDCMD     C_f = 0x082   at time   55439443 ps
inst0 ch0:  C_CMD: RDCMD     C_r = 0x095   at time   55440685 ps
inst0 ch0:  C_CMD: RDCMD     C_f = 0x080   at time   55441099 ps
inst0 ch0:  C_CMD: RDCMD     C_r = 0x09d   at time   55443997 ps
inst0 ch0:  C_CMD: RDCMD     C_f = 0x082   at time   55444411 ps
inst0 ch0:  C_CMD: RDCMD     C_r = 0x055   at time   55445653 ps
inst0 ch0:  C_CMD: RDCMD     C_f = 0x080   at time   55446067 ps
inst0 ch0:  C_CMD: RDCMD     C_r = 0x015   at time   55448137 ps
inst0 ch0:  C_CMD: RDCMD     C_f = 0x080   at time   55448551 ps
inst0 ch0:  C_CMD: RDCMD     C_r = 0x05d   at time   55449793 ps
inst0 ch0:  C_CMD: RDCMD     C_f = 0x082   at time   55450207 ps
inst0 ch0:  C_CMD: RDCMD     C_r = 0x01d   at time   55451449 ps
inst0 ch0:  C_CMD: RDCMD     C_f = 0x082   at time   55451863 ps
inst0 ch0:  R_CMD: ACTCMD    R_r0= 0x32    at time   55747045 ps
inst0 ch0:  R_CMD: ACTCMD    R_f0= 0x2a    at time   55747459 ps
inst0 ch0:  R_CMD: ACTCMD    R_r1= 0x00    at time   55747873 ps
inst0 ch0:  R_CMD: ACTCMD    R_f1= 0x00    at time   55748287 ps
inst0 ch0:  R_CMD: ACTCMD    R_r0= 0x12    at time   55751185 ps
inst0 ch0:  R_CMD: ACTCMD    R_f0= 0x2a    at time   55751599 ps
inst0 ch0:  R_CMD: ACTCMD    R_r1= 0x00    at time   55752013 ps
inst0 ch0:  R_CMD: ACTCMD    R_f1= 0x00    at time   55752427 ps
inst0 ch0:  R_CMD: ACTCMD    R_r0= 0x32    at time   55755325 ps
inst0 ch0:  R_CMD: ACTCMD    R_f0= 0x0a    at time   55755739 ps
inst0 ch0:  R_CMD: ACTCMD    R_r1= 0x00    at time   55756153 ps
inst0 ch0:  R_CMD: ACTCMD    R_f1= 0x00    at time   55756567 ps
inst0 ch0:  R_CMD: ACTCMD    R_r0= 0x12    at time   55759465 ps
inst0 ch0:  R_CMD: ACTCMD    R_f0= 0x0a    at time   55759879 ps
inst0 ch0:  R_CMD: ACTCMD    R_r1= 0x00    at time   55760293 ps
inst0 ch0:  R_CMD: ACTCMD    R_f1= 0x00    at time   55760707 ps
inst0 ch0:  C_CMD: RDCMD     C_r = 0x0e5   at time   55761949 ps
inst0 ch0:  C_CMD: RDCMD     C_f = 0x080   at time   55762363 ps
inst0 ch0:  C_CMD: RDCMD     C_r = 0x0ed   at time   55765261 ps
inst0 ch0:  C_CMD: RDCMD     C_f = 0x082   at time   55765675 ps
inst0 ch0:  C_CMD: RDCMD     C_r = 0x0a5   at time   55766917 ps
inst0 ch0:  C_CMD: RDCMD     C_f = 0x080   at time   55767331 ps
inst0 ch0:  C_CMD: RDCMD     C_r = 0x0ad   at time   55770229 ps
inst0 ch0:  C_CMD: RDCMD     C_f = 0x082   at time   55770643 ps
inst0 ch0:  C_CMD: RDCMD     C_r = 0x065   at time   55771885 ps
inst0 ch0:  C_CMD: RDCMD     C_f = 0x080   at time   55772299 ps
inst0 ch0:  C_CMD: RDCMD     C_r = 0x025   at time   55774369 ps
inst0 ch0:  C_CMD: RDCMD     C_f = 0x080   at time   55774783 ps
inst0 ch0:  C_CMD: RDCMD     C_r = 0x06d   at time   55776025 ps
inst0 ch0:  C_CMD: RDCMD     C_f = 0x082   at time   55776439 ps
inst0 ch0:  C_CMD: RDCMD     C_r = 0x02d   at time   55777681 ps
inst0 ch0:  C_CMD: RDCMD     C_f = 0x082   at time   55778095 ps
inst0 ch0:  R_CMD: ACTCMD    R_r0= 0x3a    at time   56064997 ps
inst0 ch0:  R_CMD: ACTCMD    R_f0= 0x22    at time   56065411 ps
inst0 ch0:  R_CMD: ACTCMD    R_r1= 0x00    at time   56065825 ps
inst0 ch0:  R_CMD: ACTCMD    R_f1= 0x00    at time   56066239 ps
inst0 ch0:  R_CMD: ACTCMD    R_r0= 0x1a    at time   56069137 ps
inst0 ch0:  R_CMD: ACTCMD    R_f0= 0x22    at time   56069551 ps
inst0 ch0:  R_CMD: ACTCMD    R_r1= 0x00    at time   56069965 ps
inst0 ch0:  R_CMD: ACTCMD    R_f1= 0x00    at time   56070379 ps
inst0 ch0:  R_CMD: ACTCMD    R_r0= 0x3a    at time   56073277 ps
inst0 ch0:  R_CMD: ACTCMD    R_f0= 0x02    at time   56073691 ps
inst0 ch0:  R_CMD: ACTCMD    R_r1= 0x00    at time   56074105 ps
inst0 ch0:  R_CMD: ACTCMD    R_f1= 0x00    at time   56074519 ps
inst0 ch0:  R_CMD: ACTCMD    R_r0= 0x1a    at time   56077417 ps
inst0 ch0:  R_CMD: ACTCMD    R_f0= 0x02    at time   56077831 ps
inst0 ch0:  R_CMD: ACTCMD    R_r1= 0x00    at time   56078245 ps
inst0 ch0:  R_CMD: ACTCMD    R_f1= 0x00    at time   56078659 ps
inst0 ch0:  C_CMD: RDCMD     C_r = 0x0f5   at time   56079901 ps
inst0 ch0:  C_CMD: RDCMD     C_f = 0x000   at time   56080315 ps
inst0 ch0:  C_CMD: RDCMD     C_r = 0x0fd   at time   56083213 ps
inst0 ch0:  C_CMD: RDCMD     C_f = 0x002   at time   56083627 ps
inst0 ch0:  C_CMD: RDCMD     C_r = 0x0b5   at time   56084869 ps
inst0 ch0:  C_CMD: RDCMD     C_f = 0x000   at time   56085283 ps
inst0 ch0:  C_CMD: RDCMD     C_r = 0x0bd   at time   56088181 ps
inst0 ch0:  C_CMD: RDCMD     C_f = 0x002   at time   56088595 ps
inst0 ch0:  C_CMD: RDCMD     C_r = 0x075   at time   56089837 ps
inst0 ch0:  C_CMD: RDCMD     C_f = 0x000   at time   56090251 ps
inst0 ch0:  C_CMD: RDCMD     C_r = 0x035   at time   56092321 ps
inst0 ch0:  C_CMD: RDCMD     C_f = 0x000   at time   56092735 ps
inst0 ch0:  C_CMD: RDCMD     C_r = 0x07d   at time   56093977 ps
inst0 ch0:  C_CMD: RDCMD     C_f = 0x002   at time   56094391 ps
inst0 ch0:  C_CMD: RDCMD     C_r = 0x03d   at time   56095633 ps
inst0 ch0:  C_CMD: RDCMD     C_f = 0x002   at time   56096047 ps
inst0 ch0:  R_CMD: ACTCMD    R_r0= 0x3a    at time   56103913 ps
inst0 ch0:  R_CMD: ACTCMD    R_f0= 0x2a    at time   56104327 ps
inst0 ch0:  R_CMD: ACTCMD    R_r1= 0x00    at time   56104741 ps
inst0 ch0:  R_CMD: ACTCMD    R_f1= 0x00    at time   56105155 ps
inst0 ch0:  R_CMD: ACTCMD    R_r0= 0x1a    at time   56108053 ps
inst0 ch0:  R_CMD: ACTCMD    R_f0= 0x2a    at time   56108467 ps
inst0 ch0:  R_CMD: ACTCMD    R_r1= 0x00    at time   56108881 ps
inst0 ch0:  R_CMD: ACTCMD    R_f1= 0x00    at time   56109295 ps
inst0 ch0:  R_CMD: ACTCMD    R_r0= 0x3a    at time   56112193 ps
inst0 ch0:  R_CMD: ACTCMD    R_f0= 0x0a    at time   56112607 ps
inst0 ch0:  R_CMD: ACTCMD    R_r1= 0x00    at time   56113021 ps
inst0 ch0:  R_CMD: ACTCMD    R_f1= 0x00    at time   56113435 ps
inst0 ch0:  R_CMD: ACTCMD    R_r0= 0x1a    at time   56116333 ps
inst0 ch0:  R_CMD: ACTCMD    R_f0= 0x0a    at time   56116747 ps
inst0 ch0:  R_CMD: ACTCMD    R_r1= 0x00    at time   56117161 ps
inst0 ch0:  R_CMD: ACTCMD    R_f1= 0x00    at time   56117575 ps
inst0 ch0:  C_CMD: RDCMD     C_r = 0x0f5   at time   56118817 ps
inst0 ch0:  C_CMD: RDCMD     C_f = 0x080   at time   56119231 ps
inst0 ch0:  C_CMD: RDCMD     C_r = 0x0fd   at time   56122129 ps
inst0 ch0:  C_CMD: RDCMD     C_f = 0x082   at time   56122543 ps
inst0 ch0:  C_CMD: RDCMD     C_r = 0x0b5   at time   56123785 ps
inst0 ch0:  C_CMD: RDCMD     C_f = 0x080   at time   56124199 ps
inst0 ch0:  C_CMD: RDCMD     C_r = 0x0bd   at time   56127097 ps
inst0 ch0:  C_CMD: RDCMD     C_f = 0x082   at time   56127511 ps
inst0 ch0:  C_CMD: RDCMD     C_r = 0x075   at time   56128753 ps
inst0 ch0:  C_CMD: RDCMD     C_f = 0x080   at time   56129167 ps
inst0 ch0:  C_CMD: RDCMD     C_r = 0x035   at time   56131237 ps
inst0 ch0:  C_CMD: RDCMD     C_f = 0x080   at time   56131651 ps
inst0 ch0:  C_CMD: RDCMD     C_r = 0x07d   at time   56132893 ps
inst0 ch0:  C_CMD: RDCMD     C_f = 0x082   at time   56133307 ps
inst0 ch0:  C_CMD: RDCMD     C_r = 0x03d   at time   56134549 ps
inst0 ch0:  C_CMD: RDCMD     C_f = 0x082   at time   56134963 ps
inst0 ch0:  R_CMD: ACTCMD    R_r0= 0x02    at time   56503837 ps
inst0 ch0:  R_CMD: ACTCMD    R_f0= 0x10    at time   56504251 ps
inst0 ch0:  R_CMD: ACTCMD    R_r1= 0x3f    at time   56504665 ps
inst0 ch0:  R_CMD: ACTCMD    R_f1= 0x3b    at time   56505079 ps
inst0 ch0:  C_CMD: RDCMD     C_r = 0x005   at time   56518741 ps
inst0 ch0:  C_CMD: RDCMD     C_f = 0x078   at time   56519155 ps
inst0 ch0:  C_CMD: RDCMD     C_r = 0x00d   at time   56522053 ps
inst0 ch0:  C_CMD: RDCMD     C_f = 0x07a   at time   56522467 ps
inst0 ch0:  R_CMD: ACTCMD    R_r0= 0x02    at time   56546065 ps
inst0 ch0:  R_CMD: ACTCMD    R_f0= 0x18    at time   56546479 ps
inst0 ch0:  R_CMD: ACTCMD    R_r1= 0x3f    at time   56546893 ps
inst0 ch0:  R_CMD: ACTCMD    R_f1= 0x3b    at time   56547307 ps
inst0 ch0:  C_CMD: RDCMD     C_r = 0x005   at time   56560969 ps
inst0 ch0:  C_CMD: RDCMD     C_f = 0x0f8   at time   56561383 ps
inst0 ch0:  C_CMD: RDCMD     C_r = 0x00d   at time   56564281 ps
inst0 ch0:  C_CMD: RDCMD     C_f = 0x0fa   at time   56564695 ps
inst0 ch0:  R_CMD: ACTCMD    R_r0= 0x02    at time   56798605 ps
inst0 ch0:  R_CMD: ACTCMD    R_f0= 0x10    at time   56799019 ps
inst0 ch0:  R_CMD: ACTCMD    R_r1= 0x3f    at time   56799433 ps
inst0 ch0:  R_CMD: ACTCMD    R_f1= 0x3b    at time   56799847 ps
inst0 ch0:  R_CMD: ACTCMD    R_r0= 0x02    at time   56800261 ps
inst0 ch0:  R_CMD: ACTCMD    R_f0= 0x18    at time   56800675 ps
inst0 ch0:  R_CMD: ACTCMD    R_r1= 0x3f    at time   56801089 ps
inst0 ch0:  R_CMD: ACTCMD    R_f1= 0x3b    at time   56801503 ps
inst0 ch0:  C_CMD: WRCMD     C_r = 0x001   at time   56809369 ps
inst0 ch0:  C_CMD: WRCMD     C_f = 0x078   at time   56809783 ps
inst0 ch0:  C_CMD: WRCMD     C_r = 0x001   at time   56811025 ps
inst0 ch0:  C_CMD: WRCMD     C_f = 0x0f8   at time   56811439 ps
inst0 ch0:  C_CMD: WRCMD     C_r = 0x009   at time   56812681 ps
inst0 ch0:  C_CMD: WRCMD     C_f = 0x07a   at time   56813095 ps
inst0 ch0:  C_CMD: WRCMD     C_r = 0x009   at time   56814337 ps
inst0 ch0:  C_CMD: WRCMD     C_f = 0x0fa   at time   56814751 ps
inst0 ch0:  R_CMD: ACTCMD    R_r0= 0x0a    at time   57459349 ps
inst0 ch0:  R_CMD: ACTCMD    R_f0= 0x10    at time   57459763 ps
inst0 ch0:  R_CMD: ACTCMD    R_r1= 0x3f    at time   57460177 ps
inst0 ch0:  R_CMD: ACTCMD    R_f1= 0x3b    at time   57460591 ps
inst0 ch0:  C_CMD: RDCMD     C_r = 0x015   at time   57474253 ps
inst0 ch0:  C_CMD: RDCMD     C_f = 0x078   at time   57474667 ps
inst0 ch0:  C_CMD: RDCMD     C_r = 0x01d   at time   57477565 ps
inst0 ch0:  C_CMD: RDCMD     C_f = 0x07a   at time   57477979 ps
inst0 ch0:  R_CMD: ACTCMD    R_r0= 0x0a    at time   57532213 ps
inst0 ch0:  R_CMD: ACTCMD    R_f0= 0x10    at time   57532627 ps
inst0 ch0:  R_CMD: ACTCMD    R_r1= 0x3f    at time   57533041 ps
inst0 ch0:  R_CMD: ACTCMD    R_f1= 0x3b    at time   57533455 ps
inst0 ch0:  C_CMD: WRCMD     C_r = 0x011   at time   57542977 ps
inst0 ch0:  C_CMD: WRCMD     C_f = 0x078   at time   57543391 ps
inst0 ch0:  C_CMD: WRCMD     C_r = 0x019   at time   57546289 ps
inst0 ch0:  C_CMD: WRCMD     C_f = 0x07a   at time   57546703 ps
inst0 ch0:  R_CMD: ACTCMD    R_r0= 0x0a    at time   57601765 ps
inst0 ch0:  R_CMD: ACTCMD    R_f0= 0x18    at time   57602179 ps
inst0 ch0:  R_CMD: ACTCMD    R_r1= 0x3f    at time   57602593 ps
inst0 ch0:  R_CMD: ACTCMD    R_f1= 0x3b    at time   57603007 ps
inst0 ch0:  C_CMD: RDCMD     C_r = 0x015   at time   57616669 ps
inst0 ch0:  C_CMD: RDCMD     C_f = 0x0f8   at time   57617083 ps
inst0 ch0:  R_CMD: ACTCMD    R_r0= 0x02    at time   57617497 ps
inst0 ch0:  R_CMD: ACTCMD    R_f0= 0x30    at time   57617911 ps
inst0 ch0:  R_CMD: ACTCMD    R_r1= 0x3f    at time   57618325 ps
inst0 ch0:  R_CMD: ACTCMD    R_f1= 0x3b    at time   57618739 ps
inst0 ch0:  C_CMD: RDCMD     C_r = 0x01d   at time   57619981 ps
inst0 ch0:  C_CMD: RDCMD     C_f = 0x0fa   at time   57620395 ps
inst0 ch0:  C_CMD: RDCMD     C_r = 0x085   at time   57632401 ps
inst0 ch0:  C_CMD: RDCMD     C_f = 0x078   at time   57632815 ps
inst0 ch0:  C_CMD: RDCMD     C_r = 0x08d   at time   57635713 ps
inst0 ch0:  C_CMD: RDCMD     C_f = 0x07a   at time   57636127 ps
inst0 ch0:  R_CMD: ACTCMD    R_r0= 0x0a    at time   57672145 ps
inst0 ch0:  R_CMD: ACTCMD    R_f0= 0x18    at time   57672559 ps
inst0 ch0:  R_CMD: ACTCMD    R_r1= 0x3f    at time   57672973 ps
inst0 ch0:  R_CMD: ACTCMD    R_f1= 0x3b    at time   57673387 ps
inst0 ch0:  C_CMD: WRCMD     C_r = 0x011   at time   57682909 ps
inst0 ch0:  C_CMD: WRCMD     C_f = 0x0f8   at time   57683323 ps
inst0 ch0:  C_CMD: WRCMD     C_r = 0x019   at time   57686221 ps
inst0 ch0:  C_CMD: WRCMD     C_f = 0x0fa   at time   57686635 ps
inst0 ch0:  R_CMD: ACTCMD    R_r0= 0x02    at time   57687877 ps
inst0 ch0:  R_CMD: ACTCMD    R_f0= 0x30    at time   57688291 ps
inst0 ch0:  R_CMD: ACTCMD    R_r1= 0x3f    at time   57688705 ps
inst0 ch0:  R_CMD: ACTCMD    R_f1= 0x3b    at time   57689119 ps
inst0 ch0:  C_CMD: WRCMD     C_r = 0x081   at time   57698641 ps
inst0 ch0:  C_CMD: WRCMD     C_f = 0x078   at time   57699055 ps
inst0 ch0:  C_CMD: WRCMD     C_r = 0x089   at time   57701953 ps
inst0 ch0:  C_CMD: WRCMD     C_f = 0x07a   at time   57702367 ps
inst0 ch0:  R_CMD: ACTCMD    R_r0= 0x02    at time   57759913 ps
inst0 ch0:  R_CMD: ACTCMD    R_f0= 0x38    at time   57760327 ps
inst0 ch0:  R_CMD: ACTCMD    R_r1= 0x3f    at time   57760741 ps
inst0 ch0:  R_CMD: ACTCMD    R_f1= 0x3b    at time   57761155 ps
inst0 ch0:  C_CMD: RDCMD     C_r = 0x085   at time   57774817 ps
inst0 ch0:  C_CMD: RDCMD     C_f = 0x0f8   at time   57775231 ps
inst0 ch0:  C_CMD: RDCMD     C_r = 0x08d   at time   57778129 ps
inst0 ch0:  C_CMD: RDCMD     C_f = 0x0fa   at time   57778543 ps
inst0 ch0:  R_CMD: ACTCMD    R_r0= 0x0a    at time   57822013 ps
inst0 ch0:  R_CMD: ACTCMD    R_f0= 0x30    at time   57822427 ps
inst0 ch0:  R_CMD: ACTCMD    R_r1= 0x3f    at time   57822841 ps
inst0 ch0:  R_CMD: ACTCMD    R_f1= 0x3b    at time   57823255 ps
inst0 ch0:  R_CMD: ACTCMD    R_r0= 0x02    at time   57830293 ps
inst0 ch0:  R_CMD: ACTCMD    R_f0= 0x38    at time   57830707 ps
inst0 ch0:  R_CMD: ACTCMD    R_r1= 0x3f    at time   57831121 ps
inst0 ch0:  R_CMD: ACTCMD    R_f1= 0x3b    at time   57831535 ps
inst0 ch0:  C_CMD: RDCMD     C_r = 0x095   at time   57836917 ps
inst0 ch0:  C_CMD: RDCMD     C_f = 0x078   at time   57837331 ps
inst0 ch0:  C_CMD: RDCMD     C_r = 0x09d   at time   57840229 ps
inst0 ch0:  C_CMD: RDCMD     C_f = 0x07a   at time   57840643 ps
inst0 ch0:  C_CMD: WRCMD     C_r = 0x081   at time   57841057 ps
inst0 ch0:  C_CMD: WRCMD     C_f = 0x0f8   at time   57841471 ps
inst0 ch0:  C_CMD: WRCMD     C_r = 0x089   at time   57844369 ps
inst0 ch0:  C_CMD: WRCMD     C_f = 0x0fa   at time   57844783 ps
inst0 ch0:  R_CMD: ACTCMD    R_r0= 0x0a    at time   57892393 ps
inst0 ch0:  R_CMD: ACTCMD    R_f0= 0x30    at time   57892807 ps
inst0 ch0:  R_CMD: ACTCMD    R_r1= 0x3f    at time   57893221 ps
inst0 ch0:  R_CMD: ACTCMD    R_f1= 0x3b    at time   57893635 ps
inst0 ch0:  C_CMD: WRCMD     C_r = 0x091   at time   57903157 ps
inst0 ch0:  C_CMD: WRCMD     C_f = 0x078   at time   57903571 ps
inst0 ch0:  C_CMD: WRCMD     C_r = 0x099   at time   57906469 ps
inst0 ch0:  C_CMD: WRCMD     C_f = 0x07a   at time   57906883 ps
inst0 ch0:  R_CMD: ACTCMD    R_r0= 0x0a    at time   57917233 ps
inst0 ch0:  R_CMD: ACTCMD    R_f0= 0x38    at time   57917647 ps
inst0 ch0:  R_CMD: ACTCMD    R_r1= 0x3f    at time   57918061 ps
inst0 ch0:  R_CMD: ACTCMD    R_f1= 0x3b    at time   57918475 ps
inst0 ch0:  C_CMD: RDCMD     C_r = 0x095   at time   57932137 ps
inst0 ch0:  C_CMD: RDCMD     C_f = 0x0f8   at time   57932551 ps
inst0 ch0:  C_CMD: RDCMD     C_r = 0x09d   at time   57935449 ps
inst0 ch0:  C_CMD: RDCMD     C_f = 0x0fa   at time   57935863 ps
inst0 ch0:  R_CMD: ACTCMD    R_r0= 0x0a    at time   57990097 ps
inst0 ch0:  R_CMD: ACTCMD    R_f0= 0x38    at time   57990511 ps
inst0 ch0:  R_CMD: ACTCMD    R_r1= 0x3f    at time   57990925 ps
inst0 ch0:  R_CMD: ACTCMD    R_f1= 0x3b    at time   57991339 ps
inst0 ch0:  C_CMD: WRCMD     C_r = 0x091   at time   58000861 ps
inst0 ch0:  C_CMD: WRCMD     C_f = 0x0f8   at time   58001275 ps
inst0 ch0:  C_CMD: WRCMD     C_r = 0x099   at time   58004173 ps
inst0 ch0:  C_CMD: WRCMD     C_f = 0x0fa   at time   58004587 ps
inst0 ch0:  R_CMD: ACTCMD    R_r0= 0x0a    at time   59620429 ps
inst0 ch0:  R_CMD: ACTCMD    R_f0= 0x1b    at time   59620843 ps
inst0 ch0:  R_CMD: ACTCMD    R_r1= 0x3f    at time   59621257 ps
inst0 ch0:  R_CMD: ACTCMD    R_f1= 0x3b    at time   59621671 ps
inst0 ch0:  R_CMD: ACTCMD    R_r0= 0x0a    at time   59634505 ps
inst0 ch0:  R_CMD: ACTCMD    R_f0= 0x13    at time   59634919 ps
inst0 ch0:  R_CMD: ACTCMD    R_r1= 0x3f    at time   59635333 ps
inst0 ch0:  C_CMD: RDCMD     C_r = 0x015   at time   59635333 ps
inst0 ch0:  R_CMD: ACTCMD    R_f1= 0x3b    at time   59635747 ps
inst0 ch0:  C_CMD: RDCMD     C_f = 0x090   at time   59635747 ps
inst0 ch0:  C_CMD: RDCMD     C_r = 0x01d   at time   59638645 ps
inst0 ch0:  C_CMD: RDCMD     C_f = 0x092   at time   59639059 ps
inst0 ch0:  C_CMD: RDCMD     C_r = 0x015   at time   59649409 ps
inst0 ch0:  C_CMD: RDCMD     C_f = 0x010   at time   59649823 ps
inst0 ch0:  C_CMD: RDCMD     C_r = 0x01d   at time   59652721 ps
inst0 ch0:  C_CMD: RDCMD     C_f = 0x012   at time   59653135 ps
inst0 ch0:  R_CMD: ACTCMD    R_r0= 0x0a    at time   59688325 ps
inst0 ch0:  R_CMD: ACTCMD    R_f0= 0x1b    at time   59688739 ps
inst0 ch0:  R_CMD: ACTCMD    R_r1= 0x3f    at time   59689153 ps
inst0 ch0:  R_CMD: ACTCMD    R_f1= 0x3b    at time   59689567 ps
inst0 ch0:  C_CMD: WRCMD     C_r = 0x011   at time   59699089 ps
inst0 ch0:  C_CMD: WRCMD     C_f = 0x090   at time   59699503 ps
inst0 ch0:  C_CMD: WRCMD     C_r = 0x019   at time   59702401 ps
inst0 ch0:  C_CMD: WRCMD     C_f = 0x092   at time   59702815 ps
inst0 ch0:  R_CMD: ACTCMD    R_r0= 0x0a    at time   59704885 ps
inst0 ch0:  R_CMD: ACTCMD    R_f0= 0x13    at time   59705299 ps
inst0 ch0:  R_CMD: ACTCMD    R_r1= 0x3f    at time   59705713 ps
inst0 ch0:  R_CMD: ACTCMD    R_f1= 0x3b    at time   59706127 ps
inst0 ch0:  C_CMD: WRCMD     C_r = 0x011   at time   59715649 ps
inst0 ch0:  C_CMD: WRCMD     C_f = 0x010   at time   59716063 ps
inst0 ch0:  C_CMD: WRCMD     C_r = 0x019   at time   59718961 ps
inst0 ch0:  C_CMD: WRCMD     C_f = 0x012   at time   59719375 ps
inst0 ch0:  R_CMD: ACTCMD    R_r0= 0x0a    at time   59810869 ps
inst0 ch0:  R_CMD: ACTCMD    R_f0= 0x1b    at time   59811283 ps
inst0 ch0:  R_CMD: ACTCMD    R_r1= 0x3f    at time   59811697 ps
inst0 ch0:  R_CMD: ACTCMD    R_f1= 0x3b    at time   59812111 ps
inst0 ch0:  R_CMD: ACTCMD    R_r0= 0x0a    at time   59819149 ps
inst0 ch0:  R_CMD: ACTCMD    R_f0= 0x13    at time   59819563 ps
inst0 ch0:  R_CMD: ACTCMD    R_r1= 0x3f    at time   59819977 ps
inst0 ch0:  R_CMD: ACTCMD    R_f1= 0x3b    at time   59820391 ps
inst0 ch0:  C_CMD: RDCMD     C_r = 0x015   at time   59825773 ps
inst0 ch0:  C_CMD: RDCMD     C_f = 0x090   at time   59826187 ps
inst0 ch0:  C_CMD: RDCMD     C_r = 0x01d   at time   59829085 ps
inst0 ch0:  C_CMD: RDCMD     C_f = 0x092   at time   59829499 ps
inst0 ch0:  C_CMD: RDCMD     C_r = 0x015   at time   59834053 ps
inst0 ch0:  C_CMD: RDCMD     C_f = 0x010   at time   59834467 ps
inst0 ch0:  C_CMD: RDCMD     C_r = 0x01d   at time   59837365 ps
inst0 ch0:  C_CMD: RDCMD     C_f = 0x012   at time   59837779 ps
inst0 ch0:  R_CMD: ACTCMD    R_r0= 0x0a    at time   59881249 ps
inst0 ch0:  R_CMD: ACTCMD    R_f0= 0x1b    at time   59881663 ps
inst0 ch0:  R_CMD: ACTCMD    R_r1= 0x3f    at time   59882077 ps
inst0 ch0:  R_CMD: ACTCMD    R_f1= 0x3b    at time   59882491 ps
inst0 ch0:  R_CMD: ACTCMD    R_r0= 0x0a    at time   59889529 ps
inst0 ch0:  R_CMD: ACTCMD    R_f0= 0x13    at time   59889943 ps
inst0 ch0:  R_CMD: ACTCMD    R_r1= 0x3f    at time   59890357 ps
inst0 ch0:  R_CMD: ACTCMD    R_f1= 0x3b    at time   59890771 ps
inst0 ch0:  C_CMD: WRCMD     C_r = 0x011   at time   59892013 ps
inst0 ch0:  C_CMD: WRCMD     C_f = 0x090   at time   59892427 ps
inst0 ch0:  C_CMD: WRCMD     C_r = 0x019   at time   59895325 ps
inst0 ch0:  C_CMD: WRCMD     C_f = 0x092   at time   59895739 ps
inst0 ch0:  C_CMD: WRCMD     C_r = 0x011   at time   59900293 ps
inst0 ch0:  C_CMD: WRCMD     C_f = 0x010   at time   59900707 ps
inst0 ch0:  C_CMD: WRCMD     C_r = 0x019   at time   59903605 ps
inst0 ch0:  C_CMD: WRCMD     C_f = 0x012   at time   59904019 ps
inst0 ch0:  R_CMD: ACTCMD    R_r0= 0x02    at time   61576165 ps
inst0 ch0:  R_CMD: ACTCMD    R_f0= 0x13    at time   61576579 ps
inst0 ch0:  R_CMD: ACTCMD    R_r1= 0x3f    at time   61576993 ps
inst0 ch0:  R_CMD: ACTCMD    R_f1= 0x3b    at time   61577407 ps
inst0 ch0:  C_CMD: RDCMD     C_r = 0x005   at time   61591069 ps
inst0 ch0:  C_CMD: RDCMD     C_f = 0x000   at time   61591483 ps
inst0 ch0:  C_CMD: RDCMD     C_r = 0x00d   at time   61594381 ps
inst0 ch0:  C_CMD: RDCMD     C_f = 0x002   at time   61594795 ps
inst0 ch0:  R_CMD: ACTCMD    R_r0= 0x02    at time   61601005 ps
inst0 ch0:  R_CMD: ACTCMD    R_f0= 0x1b    at time   61601419 ps
inst0 ch0:  R_CMD: ACTCMD    R_r1= 0x3f    at time   61601833 ps
inst0 ch0:  R_CMD: ACTCMD    R_f1= 0x3b    at time   61602247 ps
inst0 ch0:  C_CMD: RDCMD     C_r = 0x005   at time   61615909 ps
inst0 ch0:  C_CMD: RDCMD     C_f = 0x080   at time   61616323 ps
inst0 ch0:  C_CMD: RDCMD     C_r = 0x00d   at time   61619221 ps
inst0 ch0:  C_CMD: RDCMD     C_f = 0x082   at time   61619635 ps
inst0 ch0:  R_CMD: ACTCMD    R_r0= 0x02    at time   61644061 ps
inst0 ch0:  R_CMD: ACTCMD    R_f0= 0x13    at time   61644475 ps
inst0 ch0:  R_CMD: ACTCMD    R_r1= 0x3f    at time   61644889 ps
inst0 ch0:  R_CMD: ACTCMD    R_f1= 0x3b    at time   61645303 ps
inst0 ch0:  C_CMD: WRCMD     C_r = 0x001   at time   61654825 ps
inst0 ch0:  C_CMD: WRCMD     C_f = 0x000   at time   61655239 ps
inst0 ch0:  C_CMD: WRCMD     C_r = 0x009   at time   61658137 ps
inst0 ch0:  C_CMD: WRCMD     C_f = 0x002   at time   61658551 ps
inst0 ch0:  R_CMD: ACTCMD    R_r0= 0x02    at time   61671385 ps
inst0 ch0:  R_CMD: ACTCMD    R_f0= 0x1b    at time   61671799 ps
inst0 ch0:  R_CMD: ACTCMD    R_r1= 0x3f    at time   61672213 ps
inst0 ch0:  R_CMD: ACTCMD    R_f1= 0x3b    at time   61672627 ps
inst0 ch0:  C_CMD: WRCMD     C_r = 0x001   at time   61682149 ps
inst0 ch0:  C_CMD: WRCMD     C_f = 0x080   at time   61682563 ps
inst0 ch0:  C_CMD: WRCMD     C_r = 0x009   at time   61685461 ps
inst0 ch0:  C_CMD: WRCMD     C_f = 0x082   at time   61685875 ps
inst0 ch0:  R_CMD: ACTCMD    R_r0= 0x02    at time   61744249 ps
inst0 ch0:  R_CMD: ACTCMD    R_f0= 0x13    at time   61744663 ps
inst0 ch0:  R_CMD: ACTCMD    R_r1= 0x3f    at time   61745077 ps
inst0 ch0:  R_CMD: ACTCMD    R_f1= 0x3b    at time   61745491 ps
inst0 ch0:  R_CMD: ACTCMD    R_r0= 0x02    at time   61759153 ps
inst0 ch0:  C_CMD: RDCMD     C_r = 0x005   at time   61759153 ps
inst0 ch0:  R_CMD: ACTCMD    R_f0= 0x1b    at time   61759567 ps
inst0 ch0:  C_CMD: RDCMD     C_f = 0x000   at time   61759567 ps
inst0 ch0:  R_CMD: ACTCMD    R_r1= 0x3f    at time   61759981 ps
inst0 ch0:  R_CMD: ACTCMD    R_f1= 0x3b    at time   61760395 ps
inst0 ch0:  C_CMD: RDCMD     C_r = 0x00d   at time   61762465 ps
inst0 ch0:  C_CMD: RDCMD     C_f = 0x002   at time   61762879 ps
inst0 ch0:  C_CMD: RDCMD     C_r = 0x005   at time   61774057 ps
inst0 ch0:  C_CMD: RDCMD     C_f = 0x080   at time   61774471 ps
inst0 ch0:  C_CMD: RDCMD     C_r = 0x00d   at time   61777369 ps
inst0 ch0:  C_CMD: RDCMD     C_f = 0x082   at time   61777783 ps
inst0 ch0:  R_CMD: ACTCMD    R_r0= 0x02    at time   61814629 ps
inst0 ch0:  R_CMD: ACTCMD    R_f0= 0x13    at time   61815043 ps
inst0 ch0:  R_CMD: ACTCMD    R_r1= 0x3f    at time   61815457 ps
inst0 ch0:  R_CMD: ACTCMD    R_f1= 0x3b    at time   61815871 ps
inst0 ch0:  C_CMD: WRCMD     C_r = 0x001   at time   61825393 ps
inst0 ch0:  C_CMD: WRCMD     C_f = 0x000   at time   61825807 ps
inst0 ch0:  C_CMD: WRCMD     C_r = 0x009   at time   61828705 ps
inst0 ch0:  C_CMD: WRCMD     C_f = 0x002   at time   61829119 ps
inst0 ch0:  R_CMD: ACTCMD    R_r0= 0x02    at time   61829533 ps
inst0 ch0:  R_CMD: ACTCMD    R_f0= 0x1b    at time   61829947 ps
inst0 ch0:  R_CMD: ACTCMD    R_r1= 0x3f    at time   61830361 ps
inst0 ch0:  R_CMD: ACTCMD    R_f1= 0x3b    at time   61830775 ps
inst0 ch0:  C_CMD: WRCMD     C_r = 0x001   at time   61840297 ps
inst0 ch0:  C_CMD: WRCMD     C_f = 0x080   at time   61840711 ps
inst0 ch0:  C_CMD: WRCMD     C_r = 0x009   at time   61843609 ps
inst0 ch0:  C_CMD: WRCMD     C_f = 0x082   at time   61844023 ps
inst0 ch0:  R_CMD: ACTCMD    R_r0= 0x02    at time   62549893 ps
inst0 ch0:  R_CMD: ACTCMD    R_f0= 0x08    at time   62550307 ps
inst0 ch0:  R_CMD: ACTCMD    R_r1= 0x00    at time   62550721 ps
inst0 ch0:  R_CMD: ACTCMD    R_f1= 0x00    at time   62551135 ps
inst0 ch0:  C_CMD: RDCMD     C_r = 0x005   at time   62564797 ps
inst0 ch0:  C_CMD: RDCMD     C_f = 0x098   at time   62565211 ps
inst0 ch0:  C_CMD: RDCMD     C_r = 0x005   at time   62568109 ps
inst0 ch0:  C_CMD: RDCMD     C_f = 0x09a   at time   62568523 ps
inst0 ch0:  C_CMD: RDCMD     C_r = 0x005   at time   62571421 ps
inst0 ch0:  C_CMD: RDCMD     C_f = 0x090   at time   62571835 ps
inst0 ch0:  C_CMD: RDCMD     C_r = 0x005   at time   62574733 ps
inst0 ch0:  C_CMD: RDCMD     C_f = 0x092   at time   62575147 ps
inst0 ch0:  C_CMD: RDCMD     C_r = 0x005   at time   62578045 ps
inst0 ch0:  C_CMD: RDCMD     C_f = 0x088   at time   62578459 ps
inst0 ch0:  C_CMD: RDCMD     C_r = 0x005   at time   62581357 ps
inst0 ch0:  C_CMD: RDCMD     C_f = 0x08a   at time   62581771 ps
inst0 ch0:  C_CMD: RDCMD     C_r = 0x005   at time   62584669 ps
inst0 ch0:  C_CMD: RDCMD     C_f = 0x080   at time   62585083 ps
inst0 ch0:  C_CMD: RDCMD     C_r = 0x00d   at time   62587981 ps
inst0 ch0:  C_CMD: RDCMD     C_f = 0x082   at time   62588395 ps
inst0 ch0:  R_CMD: ACTCMD    R_r0= 0x02    at time   62746129 ps
inst0 ch0:  R_CMD: ACTCMD    R_f0= 0x00    at time   62746543 ps
inst0 ch0:  R_CMD: ACTCMD    R_r1= 0x00    at time   62746957 ps
inst0 ch0:  R_CMD: ACTCMD    R_f1= 0x00    at time   62747371 ps
inst0 ch0:  C_CMD: RDCMD     C_r = 0x005   at time   62761033 ps
inst0 ch0:  C_CMD: RDCMD     C_f = 0x018   at time   62761447 ps
inst0 ch0:  C_CMD: RDCMD     C_r = 0x005   at time   62764345 ps
inst0 ch0:  C_CMD: RDCMD     C_f = 0x01a   at time   62764759 ps
inst0 ch0:  C_CMD: RDCMD     C_r = 0x005   at time   62767657 ps
inst0 ch0:  C_CMD: RDCMD     C_f = 0x010   at time   62768071 ps
inst0 ch0:  C_CMD: RDCMD     C_r = 0x005   at time   62770969 ps
inst0 ch0:  C_CMD: RDCMD     C_f = 0x012   at time   62771383 ps
inst0 ch0:  C_CMD: RDCMD     C_r = 0x005   at time   62774281 ps
inst0 ch0:  C_CMD: RDCMD     C_f = 0x008   at time   62774695 ps
inst0 ch0:  C_CMD: RDCMD     C_r = 0x005   at time   62777593 ps
inst0 ch0:  C_CMD: RDCMD     C_f = 0x00a   at time   62778007 ps
inst0 ch0:  C_CMD: RDCMD     C_r = 0x005   at time   62780905 ps
inst0 ch0:  C_CMD: RDCMD     C_f = 0x000   at time   62781319 ps
inst0 ch0:  C_CMD: RDCMD     C_r = 0x00d   at time   62784217 ps
inst0 ch0:  C_CMD: RDCMD     C_f = 0x002   at time   62784631 ps
inst0 ch0:  R_CMD: ACTCMD    R_r0= 0x0a    at time   62901793 ps
inst0 ch0:  R_CMD: ACTCMD    R_f0= 0x08    at time   62902207 ps
inst0 ch0:  R_CMD: ACTCMD    R_r1= 0x00    at time   62902621 ps
inst0 ch0:  R_CMD: ACTCMD    R_f1= 0x00    at time   62903035 ps
inst0 ch0:  C_CMD: RDCMD     C_r = 0x015   at time   62916697 ps
inst0 ch0:  C_CMD: RDCMD     C_f = 0x098   at time   62917111 ps
inst0 ch0:  C_CMD: RDCMD     C_r = 0x015   at time   62920009 ps
inst0 ch0:  C_CMD: RDCMD     C_f = 0x09a   at time   62920423 ps
inst0 ch0:  R_CMD: ACTCMD    R_r0= 0x0a    at time   62923321 ps
inst0 ch0:  C_CMD: RDCMD     C_r = 0x015   at time   62923321 ps
inst0 ch0:  R_CMD: ACTCMD    R_f0= 0x00    at time   62923735 ps
inst0 ch0:  C_CMD: RDCMD     C_f = 0x090   at time   62923735 ps
inst0 ch0:  R_CMD: ACTCMD    R_r1= 0x00    at time   62924149 ps
inst0 ch0:  R_CMD: ACTCMD    R_f1= 0x00    at time   62924563 ps
inst0 ch0:  C_CMD: RDCMD     C_r = 0x015   at time   62926633 ps
inst0 ch0:  C_CMD: RDCMD     C_f = 0x092   at time   62927047 ps
inst0 ch0:  C_CMD: RDCMD     C_r = 0x015   at time   62929945 ps
inst0 ch0:  C_CMD: RDCMD     C_f = 0x088   at time   62930359 ps
inst0 ch0:  C_CMD: RDCMD     C_r = 0x015   at time   62933257 ps
inst0 ch0:  C_CMD: RDCMD     C_f = 0x08a   at time   62933671 ps
inst0 ch0:  C_CMD: RDCMD     C_r = 0x015   at time   62936569 ps
inst0 ch0:  C_CMD: RDCMD     C_f = 0x080   at time   62936983 ps
inst0 ch0:  C_CMD: RDCMD     C_r = 0x015   at time   62938225 ps
inst0 ch0:  C_CMD: RDCMD     C_f = 0x018   at time   62938639 ps
inst0 ch0:  C_CMD: RDCMD     C_r = 0x01d   at time   62939881 ps
inst0 ch0:  C_CMD: RDCMD     C_f = 0x082   at time   62940295 ps
inst0 ch0:  C_CMD: RDCMD     C_r = 0x015   at time   62941537 ps
inst0 ch0:  C_CMD: RDCMD     C_f = 0x01a   at time   62941951 ps
inst0 ch0:  C_CMD: RDCMD     C_r = 0x015   at time   62944849 ps
inst0 ch0:  C_CMD: RDCMD     C_f = 0x010   at time   62945263 ps
inst0 ch0:  C_CMD: RDCMD     C_r = 0x015   at time   62948161 ps
inst0 ch0:  C_CMD: RDCMD     C_f = 0x012   at time   62948575 ps
inst0 ch0:  C_CMD: RDCMD     C_r = 0x015   at time   62951473 ps
inst0 ch0:  C_CMD: RDCMD     C_f = 0x008   at time   62951887 ps
inst0 ch0:  C_CMD: RDCMD     C_r = 0x015   at time   62954785 ps
inst0 ch0:  C_CMD: RDCMD     C_f = 0x00a   at time   62955199 ps
inst0 ch0:  C_CMD: RDCMD     C_r = 0x015   at time   62958097 ps
inst0 ch0:  C_CMD: RDCMD     C_f = 0x000   at time   62958511 ps
inst0 ch0:  C_CMD: RDCMD     C_r = 0x01d   at time   62961409 ps
inst0 ch0:  C_CMD: RDCMD     C_f = 0x002   at time   62961823 ps
inst0 ch0:  R_CMD: ACTCMD    R_r0= 0x0a    at time   63093061 ps
inst0 ch0:  R_CMD: ACTCMD    R_f0= 0x08    at time   63093475 ps
inst0 ch0:  R_CMD: ACTCMD    R_r1= 0x00    at time   63093889 ps
inst0 ch0:  R_CMD: ACTCMD    R_f1= 0x00    at time   63094303 ps
inst0 ch0:  R_CMD: ACTCMD    R_r0= 0x0a    at time   63100513 ps
inst0 ch0:  R_CMD: ACTCMD    R_f0= 0x00    at time   63100927 ps
inst0 ch0:  R_CMD: ACTCMD    R_r1= 0x00    at time   63101341 ps
inst0 ch0:  R_CMD: ACTCMD    R_f1= 0x00    at time   63101755 ps
inst0 ch0:  C_CMD: RDCMD     C_r = 0x015   at time   63107965 ps
inst0 ch0:  C_CMD: RDCMD     C_f = 0x0b8   at time   63108379 ps
inst0 ch0:  C_CMD: RDCMD     C_r = 0x015   at time   63111277 ps
inst0 ch0:  C_CMD: RDCMD     C_f = 0x0ba   at time   63111691 ps
inst0 ch0:  C_CMD: RDCMD     C_r = 0x015   at time   63114589 ps
inst0 ch0:  C_CMD: RDCMD     C_f = 0x0b0   at time   63115003 ps
inst0 ch0:  C_CMD: RDCMD     C_r = 0x015   at time   63115417 ps
inst0 ch0:  C_CMD: RDCMD     C_f = 0x038   at time   63115831 ps
inst0 ch0:  C_CMD: RDCMD     C_r = 0x015   at time   63117901 ps
inst0 ch0:  C_CMD: RDCMD     C_f = 0x0b2   at time   63118315 ps
inst0 ch0:  C_CMD: RDCMD     C_r = 0x015   at time   63118729 ps
inst0 ch0:  C_CMD: RDCMD     C_f = 0x03a   at time   63119143 ps
inst0 ch0:  C_CMD: RDCMD     C_r = 0x015   at time   63121213 ps
inst0 ch0:  C_CMD: RDCMD     C_f = 0x0a8   at time   63121627 ps
inst0 ch0:  C_CMD: RDCMD     C_r = 0x015   at time   63122041 ps
inst0 ch0:  C_CMD: RDCMD     C_f = 0x030   at time   63122455 ps
inst0 ch0:  C_CMD: RDCMD     C_r = 0x015   at time   63124525 ps
inst0 ch0:  C_CMD: RDCMD     C_f = 0x0aa   at time   63124939 ps
inst0 ch0:  C_CMD: RDCMD     C_r = 0x015   at time   63125353 ps
inst0 ch0:  C_CMD: RDCMD     C_f = 0x032   at time   63125767 ps
inst0 ch0:  C_CMD: RDCMD     C_r = 0x015   at time   63127837 ps
inst0 ch0:  C_CMD: RDCMD     C_f = 0x0a0   at time   63128251 ps
inst0 ch0:  C_CMD: RDCMD     C_r = 0x015   at time   63128665 ps
inst0 ch0:  C_CMD: RDCMD     C_f = 0x028   at time   63129079 ps
inst0 ch0:  C_CMD: RDCMD     C_r = 0x01d   at time   63131149 ps
inst0 ch0:  C_CMD: RDCMD     C_f = 0x0a2   at time   63131563 ps
inst0 ch0:  C_CMD: RDCMD     C_r = 0x015   at time   63131977 ps
inst0 ch0:  C_CMD: RDCMD     C_f = 0x02a   at time   63132391 ps
inst0 ch0:  C_CMD: RDCMD     C_r = 0x015   at time   63135289 ps
inst0 ch0:  C_CMD: RDCMD     C_f = 0x020   at time   63135703 ps
inst0 ch0:  C_CMD: RDCMD     C_r = 0x01d   at time   63138601 ps
inst0 ch0:  C_CMD: RDCMD     C_f = 0x022   at time   63139015 ps
inst0 ch0:  R_CMD: ACTCMD    R_r0= 0x0a    at time   63163441 ps
inst0 ch0:  R_CMD: ACTCMD    R_f0= 0x08    at time   63163855 ps
inst0 ch0:  R_CMD: ACTCMD    R_r1= 0x00    at time   63164269 ps
inst0 ch0:  R_CMD: ACTCMD    R_f1= 0x00    at time   63164683 ps
inst0 ch0:  C_CMD: WRCMD     C_r = 0x011   at time   63174205 ps
inst0 ch0:  C_CMD: WRCMD     C_f = 0x0b8   at time   63174619 ps
inst0 ch0:  R_CMD: ACTCMD    R_r0= 0x0a    at time   63176689 ps
inst0 ch0:  R_CMD: ACTCMD    R_f0= 0x00    at time   63177103 ps
inst0 ch0:  R_CMD: ACTCMD    R_r1= 0x00    at time   63177517 ps
inst0 ch0:  C_CMD: WRCMD     C_r = 0x011   at time   63177517 ps
inst0 ch0:  R_CMD: ACTCMD    R_f1= 0x00    at time   63177931 ps
inst0 ch0:  C_CMD: WRCMD     C_f = 0x0ba   at time   63177931 ps
inst0 ch0:  C_CMD: WRCMD     C_r = 0x011   at time   63180829 ps
inst0 ch0:  C_CMD: WRCMD     C_f = 0x0a8   at time   63181243 ps
inst0 ch0:  C_CMD: WRCMD     C_r = 0x011   at time   63184141 ps
inst0 ch0:  C_CMD: WRCMD     C_f = 0x0aa   at time   63184555 ps
inst0 ch0:  C_CMD: WRCMD     C_r = 0x011   at time   63187453 ps
inst0 ch0:  C_CMD: WRCMD     C_f = 0x0b0   at time   63187867 ps
inst0 ch0:  C_CMD: WRCMD     C_r = 0x011   at time   63188281 ps
inst0 ch0:  C_CMD: WRCMD     C_f = 0x028   at time   63188695 ps
inst0 ch0:  C_CMD: WRCMD     C_r = 0x011   at time   63190765 ps
inst0 ch0:  C_CMD: WRCMD     C_f = 0x0b2   at time   63191179 ps
inst0 ch0:  C_CMD: WRCMD     C_r = 0x011   at time   63191593 ps
inst0 ch0:  C_CMD: WRCMD     C_f = 0x02a   at time   63192007 ps
inst0 ch0:  C_CMD: WRCMD     C_r = 0x011   at time   63194077 ps
inst0 ch0:  C_CMD: WRCMD     C_f = 0x0a0   at time   63194491 ps
inst0 ch0:  C_CMD: WRCMD     C_r = 0x011   at time   63194905 ps
inst0 ch0:  C_CMD: WRCMD     C_f = 0x038   at time   63195319 ps
inst0 ch0:  C_CMD: WRCMD     C_r = 0x019   at time   63197389 ps
inst0 ch0:  C_CMD: WRCMD     C_f = 0x0a2   at time   63197803 ps
inst0 ch0:  C_CMD: WRCMD     C_r = 0x011   at time   63198217 ps
inst0 ch0:  C_CMD: WRCMD     C_f = 0x03a   at time   63198631 ps
inst0 ch0:  C_CMD: WRCMD     C_r = 0x011   at time   63201529 ps
inst0 ch0:  C_CMD: WRCMD     C_f = 0x020   at time   63201943 ps
inst0 ch0:  C_CMD: WRCMD     C_r = 0x011   at time   63204841 ps
inst0 ch0:  C_CMD: WRCMD     C_f = 0x022   at time   63205255 ps
inst0 ch0:  C_CMD: WRCMD     C_r = 0x011   at time   63208153 ps
inst0 ch0:  C_CMD: WRCMD     C_f = 0x030   at time   63208567 ps
inst0 ch0:  C_CMD: WRCMD     C_r = 0x019   at time   63211465 ps
inst0 ch0:  C_CMD: WRCMD     C_f = 0x032   at time   63211879 ps
inst0 ch0:  R_CMD: ACTCMD    R_r0= 0x02    at time   64628173 ps
inst0 ch0:  R_CMD: ACTCMD    R_f0= 0x1b    at time   64628587 ps
inst0 ch0:  R_CMD: ACTCMD    R_r1= 0x3f    at time   64629001 ps
inst0 ch0:  R_CMD: ACTCMD    R_f1= 0x3b    at time   64629415 ps
inst0 ch0:  C_CMD: RDCMD     C_r = 0x005   at time   64643077 ps
inst0 ch0:  C_CMD: RDCMD     C_f = 0x080   at time   64643491 ps
inst0 ch0:  C_CMD: RDCMD     C_r = 0x00d   at time   64646389 ps
inst0 ch0:  C_CMD: RDCMD     C_f = 0x082   at time   64646803 ps
inst0 ch0:  R_CMD: ACTCMD    R_r0= 0x02    at time   64701037 ps
inst0 ch0:  R_CMD: ACTCMD    R_f0= 0x1b    at time   64701451 ps
inst0 ch0:  R_CMD: ACTCMD    R_r1= 0x3f    at time   64701865 ps
inst0 ch0:  R_CMD: ACTCMD    R_f1= 0x3b    at time   64702279 ps
inst0 ch0:  C_CMD: WRCMD     C_r = 0x001   at time   64711801 ps
inst0 ch0:  C_CMD: WRCMD     C_f = 0x080   at time   64712215 ps
inst0 ch0:  C_CMD: WRCMD     C_r = 0x009   at time   64715113 ps
inst0 ch0:  C_CMD: WRCMD     C_f = 0x082   at time   64715527 ps
inst0 ch0:  R_CMD: ACTCMD    R_r0= 0x02    at time   64809505 ps
inst0 ch0:  R_CMD: ACTCMD    R_f0= 0x1b    at time   64809919 ps
inst0 ch0:  R_CMD: ACTCMD    R_r1= 0x3f    at time   64810333 ps
inst0 ch0:  R_CMD: ACTCMD    R_f1= 0x3b    at time   64810747 ps
inst0 ch0:  C_CMD: RDCMD     C_r = 0x005   at time   64824409 ps
inst0 ch0:  C_CMD: RDCMD     C_f = 0x080   at time   64824823 ps
inst0 ch0:  C_CMD: RDCMD     C_r = 0x00d   at time   64827721 ps
inst0 ch0:  C_CMD: RDCMD     C_f = 0x082   at time   64828135 ps
inst0 ch0:  R_CMD: ACTCMD    R_r0= 0x02    at time   64848421 ps
inst0 ch0:  R_CMD: ACTCMD    R_f0= 0x13    at time   64848835 ps
inst0 ch0:  R_CMD: ACTCMD    R_r1= 0x3f    at time   64849249 ps
inst0 ch0:  R_CMD: ACTCMD    R_f1= 0x3b    at time   64849663 ps
inst0 ch0:  C_CMD: RDCMD     C_r = 0x005   at time   64863325 ps
inst0 ch0:  C_CMD: RDCMD     C_f = 0x000   at time   64863739 ps
inst0 ch0:  C_CMD: RDCMD     C_r = 0x00d   at time   64866637 ps
inst0 ch0:  C_CMD: RDCMD     C_f = 0x002   at time   64867051 ps
inst0 ch0:  R_CMD: ACTCMD    R_r0= 0x02    at time   64877401 ps
inst0 ch0:  R_CMD: ACTCMD    R_f0= 0x1b    at time   64877815 ps
inst0 ch0:  R_CMD: ACTCMD    R_r1= 0x3f    at time   64878229 ps
inst0 ch0:  R_CMD: ACTCMD    R_f1= 0x3b    at time   64878643 ps
inst0 ch0:  C_CMD: WRCMD     C_r = 0x001   at time   64888165 ps
inst0 ch0:  C_CMD: WRCMD     C_f = 0x080   at time   64888579 ps
inst0 ch0:  C_CMD: WRCMD     C_r = 0x009   at time   64891477 ps
inst0 ch0:  C_CMD: WRCMD     C_f = 0x082   at time   64891891 ps
inst0 ch0:  R_CMD: ACTCMD    R_r0= 0x02    at time   64918801 ps
inst0 ch0:  R_CMD: ACTCMD    R_f0= 0x13    at time   64919215 ps
inst0 ch0:  R_CMD: ACTCMD    R_r1= 0x3f    at time   64919629 ps
inst0 ch0:  R_CMD: ACTCMD    R_f1= 0x3b    at time   64920043 ps
inst0 ch0:  C_CMD: WRCMD     C_r = 0x001   at time   64929565 ps
inst0 ch0:  C_CMD: WRCMD     C_f = 0x000   at time   64929979 ps
inst0 ch0:  C_CMD: WRCMD     C_r = 0x009   at time   64932877 ps
inst0 ch0:  C_CMD: WRCMD     C_f = 0x002   at time   64933291 ps
inst0 ch0:  R_CMD: ACTCMD    R_r0= 0x02    at time   65012365 ps
inst0 ch0:  R_CMD: ACTCMD    R_f0= 0x13    at time   65012779 ps
inst0 ch0:  R_CMD: ACTCMD    R_r1= 0x3f    at time   65013193 ps
inst0 ch0:  R_CMD: ACTCMD    R_f1= 0x3b    at time   65013607 ps
inst0 ch0:  C_CMD: RDCMD     C_r = 0x005   at time   65027269 ps
inst0 ch0:  C_CMD: RDCMD     C_f = 0x000   at time   65027683 ps
inst0 ch0:  C_CMD: RDCMD     C_r = 0x00d   at time   65030581 ps
inst0 ch0:  C_CMD: RDCMD     C_f = 0x002   at time   65030995 ps
inst0 ch0:  R_CMD: ACTCMD    R_r0= 0x02    at time   65082745 ps
inst0 ch0:  R_CMD: ACTCMD    R_f0= 0x13    at time   65083159 ps
inst0 ch0:  R_CMD: ACTCMD    R_r1= 0x3f    at time   65083573 ps
inst0 ch0:  R_CMD: ACTCMD    R_f1= 0x3b    at time   65083987 ps
inst0 ch0:  C_CMD: WRCMD     C_r = 0x001   at time   65093509 ps
inst0 ch0:  C_CMD: WRCMD     C_f = 0x000   at time   65093923 ps
inst0 ch0:  C_CMD: WRCMD     C_r = 0x009   at time   65096821 ps
inst0 ch0:  C_CMD: WRCMD     C_f = 0x002   at time   65097235 ps
inst0 ch0:  R_CMD: ACTCMD    R_r0= 0x0a    at time   65172169 ps
inst0 ch0:  R_CMD: ACTCMD    R_f0= 0x19    at time   65172583 ps
inst0 ch0:  R_CMD: ACTCMD    R_r1= 0x3f    at time   65172997 ps
inst0 ch0:  R_CMD: ACTCMD    R_f1= 0x3b    at time   65173411 ps
inst0 ch0:  R_CMD: ACTCMD    R_r0= 0x02    at time   65176309 ps
inst0 ch0:  R_CMD: ACTCMD    R_f0= 0x19    at time   65176723 ps
inst0 ch0:  R_CMD: ACTCMD    R_r1= 0x3f    at time   65177137 ps
inst0 ch0:  R_CMD: ACTCMD    R_f1= 0x3b    at time   65177551 ps
inst0 ch0:  C_CMD: RDCMD     C_r = 0x015   at time   65187073 ps
inst0 ch0:  C_CMD: RDCMD     C_f = 0x0f8   at time   65187487 ps
inst0 ch0:  C_CMD: RDCMD     C_r = 0x01d   at time   65190385 ps
inst0 ch0:  C_CMD: RDCMD     C_f = 0x0fa   at time   65190799 ps
inst0 ch0:  C_CMD: RDCMD     C_r = 0x005   at time   65193697 ps
inst0 ch0:  C_CMD: RDCMD     C_f = 0x0f8   at time   65194111 ps
inst0 ch0:  C_CMD: RDCMD     C_r = 0x00d   at time   65197009 ps
inst0 ch0:  C_CMD: RDCMD     C_f = 0x0fa   at time   65197423 ps
inst0 ch0:  R_CMD: ACTCMD    R_r0= 0x0a    at time   65245033 ps
inst0 ch0:  R_CMD: ACTCMD    R_f0= 0x19    at time   65245447 ps
inst0 ch0:  R_CMD: ACTCMD    R_r1= 0x3f    at time   65245861 ps
inst0 ch0:  R_CMD: ACTCMD    R_f1= 0x3b    at time   65246275 ps
inst0 ch0:  R_CMD: ACTCMD    R_r0= 0x02    at time   65249173 ps
inst0 ch0:  R_CMD: ACTCMD    R_f0= 0x19    at time   65249587 ps
inst0 ch0:  R_CMD: ACTCMD    R_r1= 0x3f    at time   65250001 ps
inst0 ch0:  R_CMD: ACTCMD    R_f1= 0x3b    at time   65250415 ps
inst0 ch0:  C_CMD: WRCMD     C_r = 0x011   at time   65255797 ps
inst0 ch0:  C_CMD: WRCMD     C_f = 0x0f8   at time   65256211 ps
inst0 ch0:  C_CMD: WRCMD     C_r = 0x019   at time   65259109 ps
inst0 ch0:  C_CMD: WRCMD     C_f = 0x0fa   at time   65259523 ps
inst0 ch0:  C_CMD: WRCMD     C_r = 0x001   at time   65262421 ps
inst0 ch0:  C_CMD: WRCMD     C_f = 0x0f8   at time   65262835 ps
inst0 ch0:  C_CMD: WRCMD     C_r = 0x009   at time   65265733 ps
inst0 ch0:  C_CMD: WRCMD     C_f = 0x0fa   at time   65266147 ps
inst0 ch0:  R_CMD: ACTCMD    R_r0= 0x0a    at time   65323693 ps
inst0 ch0:  R_CMD: ACTCMD    R_f0= 0x11    at time   65324107 ps
inst0 ch0:  R_CMD: ACTCMD    R_r1= 0x3f    at time   65324521 ps
inst0 ch0:  R_CMD: ACTCMD    R_f1= 0x3b    at time   65324935 ps
inst0 ch0:  R_CMD: ACTCMD    R_r0= 0x02    at time   65327833 ps
inst0 ch0:  R_CMD: ACTCMD    R_f0= 0x11    at time   65328247 ps
inst0 ch0:  R_CMD: ACTCMD    R_r1= 0x3f    at time   65328661 ps
inst0 ch0:  R_CMD: ACTCMD    R_f1= 0x3b    at time   65329075 ps
inst0 ch0:  C_CMD: RDCMD     C_r = 0x015   at time   65338597 ps
inst0 ch0:  C_CMD: RDCMD     C_f = 0x078   at time   65339011 ps
inst0 ch0:  C_CMD: RDCMD     C_r = 0x01d   at time   65341909 ps
inst0 ch0:  C_CMD: RDCMD     C_f = 0x07a   at time   65342323 ps
inst0 ch0:  C_CMD: RDCMD     C_r = 0x005   at time   65345221 ps
inst0 ch0:  C_CMD: RDCMD     C_f = 0x078   at time   65345635 ps
inst0 ch0:  C_CMD: RDCMD     C_r = 0x00d   at time   65348533 ps
inst0 ch0:  C_CMD: RDCMD     C_f = 0x07a   at time   65348947 ps
inst0 ch0:  R_CMD: ACTCMD    R_r0= 0x0a    at time   65396557 ps
inst0 ch0:  R_CMD: ACTCMD    R_f0= 0x11    at time   65396971 ps
inst0 ch0:  R_CMD: ACTCMD    R_r1= 0x3f    at time   65397385 ps
inst0 ch0:  R_CMD: ACTCMD    R_f1= 0x3b    at time   65397799 ps
inst0 ch0:  R_CMD: ACTCMD    R_r0= 0x02    at time   65400697 ps
inst0 ch0:  R_CMD: ACTCMD    R_f0= 0x11    at time   65401111 ps
inst0 ch0:  R_CMD: ACTCMD    R_r1= 0x3f    at time   65401525 ps
inst0 ch0:  R_CMD: ACTCMD    R_f1= 0x3b    at time   65401939 ps
inst0 ch0:  C_CMD: WRCMD     C_r = 0x011   at time   65407321 ps
inst0 ch0:  C_CMD: WRCMD     C_f = 0x078   at time   65407735 ps
inst0 ch0:  C_CMD: WRCMD     C_r = 0x019   at time   65410633 ps
inst0 ch0:  C_CMD: WRCMD     C_f = 0x07a   at time   65411047 ps
inst0 ch0:  C_CMD: WRCMD     C_r = 0x001   at time   65413945 ps
inst0 ch0:  C_CMD: WRCMD     C_f = 0x078   at time   65414359 ps
inst0 ch0:  C_CMD: WRCMD     C_r = 0x009   at time   65417257 ps
inst0 ch0:  C_CMD: WRCMD     C_f = 0x07a   at time   65417671 ps
inst0 ch0:  R_CMD: ACTCMD    R_r0= 0x0a    at time   65745145 ps
inst0 ch0:  R_CMD: ACTCMD    R_f0= 0x0a    at time   65745559 ps
inst0 ch0:  R_CMD: ACTCMD    R_r1= 0x00    at time   65745973 ps
inst0 ch0:  R_CMD: ACTCMD    R_f1= 0x00    at time   65746387 ps
inst0 ch0:  R_CMD: ACTCMD    R_r0= 0x02    at time   65749285 ps
inst0 ch0:  R_CMD: ACTCMD    R_f0= 0x0a    at time   65749699 ps
inst0 ch0:  R_CMD: ACTCMD    R_r1= 0x00    at time   65750113 ps
inst0 ch0:  R_CMD: ACTCMD    R_f1= 0x00    at time   65750527 ps
inst0 ch0:  C_CMD: RDCMD     C_r = 0x015   at time   65760049 ps
inst0 ch0:  C_CMD: RDCMD     C_f = 0x080   at time   65760463 ps
inst0 ch0:  C_CMD: RDCMD     C_r = 0x01d   at time   65763361 ps
inst0 ch0:  C_CMD: RDCMD     C_f = 0x082   at time   65763775 ps
inst0 ch0:  C_CMD: RDCMD     C_r = 0x005   at time   65766673 ps
inst0 ch0:  C_CMD: RDCMD     C_f = 0x080   at time   65767087 ps
inst0 ch0:  C_CMD: RDCMD     C_r = 0x00d   at time   65769985 ps
inst0 ch0:  C_CMD: RDCMD     C_f = 0x082   at time   65770399 ps
inst0 ch0:  R_CMD: ACTCMD    R_r0= 0x0a    at time   65951317 ps
inst0 ch0:  R_CMD: ACTCMD    R_f0= 0x02    at time   65951731 ps
inst0 ch0:  R_CMD: ACTCMD    R_r1= 0x00    at time   65952145 ps
inst0 ch0:  R_CMD: ACTCMD    R_f1= 0x00    at time   65952559 ps
inst0 ch0:  R_CMD: ACTCMD    R_r0= 0x02    at time   65955457 ps
inst0 ch0:  R_CMD: ACTCMD    R_f0= 0x02    at time   65955871 ps
inst0 ch0:  R_CMD: ACTCMD    R_r1= 0x00    at time   65956285 ps
inst0 ch0:  R_CMD: ACTCMD    R_f1= 0x00    at time   65956699 ps
inst0 ch0:  C_CMD: RDCMD     C_r = 0x015   at time   65966221 ps
inst0 ch0:  C_CMD: RDCMD     C_f = 0x000   at time   65966635 ps
inst0 ch0:  C_CMD: RDCMD     C_r = 0x01d   at time   65969533 ps
inst0 ch0:  C_CMD: RDCMD     C_f = 0x002   at time   65969947 ps
inst0 ch0:  C_CMD: RDCMD     C_r = 0x005   at time   65972845 ps
inst0 ch0:  C_CMD: RDCMD     C_f = 0x000   at time   65973259 ps
inst0 ch0:  C_CMD: RDCMD     C_r = 0x00d   at time   65976157 ps
inst0 ch0:  C_CMD: RDCMD     C_f = 0x002   at time   65976571 ps
