inst0 ch0:  R_CMD: ACTCMD    R_r0= 0x0e    at time   33400981 ps
inst0 ch0:  R_CMD: ACTCMD    R_f0= 0x28    at time   33401395 ps
inst0 ch0:  R_CMD: ACTCMD    R_r1= 0x00    at time   33401809 ps
inst0 ch0:  R_CMD: ACTCMD    R_f1= 0x02    at time   33402223 ps
inst0 ch0:  R_CMD: ACTCMD    R_r0= 0x0e    at time   33402637 ps
inst0 ch0:  R_CMD: ACTCMD    R_f0= 0x20    at time   33403051 ps
inst0 ch0:  R_CMD: ACTCMD    R_r1= 0x00    at time   33403465 ps
inst0 ch0:  R_CMD: ACTCMD    R_f1= 0x02    at time   33403879 ps
inst0 ch0:  C_CMD: RDCMD     C_r = 0x095   at time   33415885 ps
inst0 ch0:  C_CMD: RDCMD     C_f = 0x0a9   at time   33416299 ps
inst0 ch0:  C_CMD: RDCMD     C_r = 0x095   at time   33417541 ps
inst0 ch0:  C_CMD: RDCMD     C_f = 0x029   at time   33417955 ps
inst0 ch0:  C_CMD: RDCMD     C_r = 0x095   at time   33419197 ps
inst0 ch0:  C_CMD: RDCMD     C_f = 0x0ab   at time   33419611 ps
inst0 ch0:  C_CMD: RDCMD     C_r = 0x095   at time   33420853 ps
inst0 ch0:  C_CMD: RDCMD     C_f = 0x02b   at time   33421267 ps
inst0 ch0:  C_CMD: RDCMD     C_r = 0x095   at time   33422509 ps
inst0 ch0:  C_CMD: RDCMD     C_f = 0x0a1   at time   33422923 ps
inst0 ch0:  C_CMD: RDCMD     C_r = 0x095   at time   33424165 ps
inst0 ch0:  C_CMD: RDCMD     C_f = 0x021   at time   33424579 ps
inst0 ch0:  C_CMD: RDCMD     C_r = 0x09d   at time   33425821 ps
inst0 ch0:  C_CMD: RDCMD     C_f = 0x0a3   at time   33426235 ps
inst0 ch0:  C_CMD: RDCMD     C_r = 0x09d   at time   33427477 ps
inst0 ch0:  C_CMD: RDCMD     C_f = 0x023   at time   33427891 ps
inst0 ch0:  R_CMD: ACTCMD    R_r0= 0x0e    at time   33471361 ps
inst0 ch0:  R_CMD: ACTCMD    R_f0= 0x28    at time   33471775 ps
inst0 ch0:  R_CMD: ACTCMD    R_r1= 0x00    at time   33472189 ps
inst0 ch0:  R_CMD: ACTCMD    R_f1= 0x02    at time   33472603 ps
inst0 ch0:  R_CMD: ACTCMD    R_r0= 0x0e    at time   33473845 ps
inst0 ch0:  R_CMD: ACTCMD    R_f0= 0x20    at time   33474259 ps
inst0 ch0:  R_CMD: ACTCMD    R_r1= 0x00    at time   33474673 ps
inst0 ch0:  R_CMD: ACTCMD    R_f1= 0x02    at time   33475087 ps
inst0 ch0:  C_CMD: WRCMD     C_r = 0x091   at time   33482125 ps
inst0 ch0:  C_CMD: WRCMD     C_f = 0x0a9   at time   33482539 ps
inst0 ch0:  C_CMD: WRCMD     C_r = 0x091   at time   33484609 ps
inst0 ch0:  C_CMD: WRCMD     C_f = 0x029   at time   33485023 ps
inst0 ch0:  C_CMD: WRCMD     C_r = 0x091   at time   33485437 ps
inst0 ch0:  C_CMD: WRCMD     C_f = 0x0ab   at time   33485851 ps
inst0 ch0:  C_CMD: WRCMD     C_r = 0x091   at time   33487921 ps
inst0 ch0:  C_CMD: WRCMD     C_f = 0x02b   at time   33488335 ps
inst0 ch0:  C_CMD: WRCMD     C_r = 0x091   at time   33488749 ps
inst0 ch0:  C_CMD: WRCMD     C_f = 0x0a1   at time   33489163 ps
inst0 ch0:  C_CMD: WRCMD     C_r = 0x091   at time   33491233 ps
inst0 ch0:  C_CMD: WRCMD     C_f = 0x021   at time   33491647 ps
inst0 ch0:  C_CMD: WRCMD     C_r = 0x099   at time   33492061 ps
inst0 ch0:  C_CMD: WRCMD     C_f = 0x0a3   at time   33492475 ps
inst0 ch0:  C_CMD: WRCMD     C_r = 0x099   at time   33494545 ps
inst0 ch0:  C_CMD: WRCMD     C_f = 0x023   at time   33494959 ps
inst0 ch0:  R_CMD: ACTCMD    R_r0= 0x2e    at time   54518293 ps
inst0 ch0:  R_CMD: ACTCMD    R_f0= 0x28    at time   54518707 ps
inst0 ch0:  R_CMD: ACTCMD    R_r1= 0x00    at time   54519121 ps
inst0 ch0:  R_CMD: ACTCMD    R_f1= 0x02    at time   54519535 ps
inst0 ch0:  R_CMD: ACTCMD    R_r0= 0x2e    at time   54520777 ps
inst0 ch0:  R_CMD: ACTCMD    R_f0= 0x20    at time   54521191 ps
inst0 ch0:  R_CMD: ACTCMD    R_r1= 0x00    at time   54521605 ps
inst0 ch0:  R_CMD: ACTCMD    R_f1= 0x02    at time   54522019 ps
inst0 ch0:  C_CMD: RDCMD     C_r = 0x0d5   at time   54533197 ps
inst0 ch0:  C_CMD: RDCMD     C_f = 0x0a9   at time   54533611 ps
inst0 ch0:  C_CMD: RDCMD     C_r = 0x0d5   at time   54535681 ps
inst0 ch0:  C_CMD: RDCMD     C_f = 0x029   at time   54536095 ps
inst0 ch0:  C_CMD: RDCMD     C_r = 0x0d5   at time   54536509 ps
inst0 ch0:  C_CMD: RDCMD     C_f = 0x0ab   at time   54536923 ps
inst0 ch0:  C_CMD: RDCMD     C_r = 0x0d5   at time   54538993 ps
inst0 ch0:  C_CMD: RDCMD     C_f = 0x02b   at time   54539407 ps
inst0 ch0:  C_CMD: RDCMD     C_r = 0x0d5   at time   54539821 ps
inst0 ch0:  C_CMD: RDCMD     C_f = 0x0a1   at time   54540235 ps
inst0 ch0:  C_CMD: RDCMD     C_r = 0x0d5   at time   54542305 ps
inst0 ch0:  C_CMD: RDCMD     C_f = 0x021   at time   54542719 ps
inst0 ch0:  C_CMD: RDCMD     C_r = 0x0dd   at time   54543133 ps
inst0 ch0:  C_CMD: RDCMD     C_f = 0x0a3   at time   54543547 ps
inst0 ch0:  C_CMD: RDCMD     C_r = 0x0dd   at time   54545617 ps
inst0 ch0:  C_CMD: RDCMD     C_f = 0x023   at time   54546031 ps
inst0 ch0:  R_CMD: ACTCMD    R_r0= 0x2e    at time   54615997 ps
inst0 ch0:  R_CMD: ACTCMD    R_f0= 0x28    at time   54616411 ps
inst0 ch0:  R_CMD: ACTCMD    R_r1= 0x00    at time   54616825 ps
inst0 ch0:  R_CMD: ACTCMD    R_f1= 0x02    at time   54617239 ps
inst0 ch0:  R_CMD: ACTCMD    R_r0= 0x2e    at time   54617653 ps
inst0 ch0:  R_CMD: ACTCMD    R_f0= 0x20    at time   54618067 ps
inst0 ch0:  R_CMD: ACTCMD    R_r1= 0x00    at time   54618481 ps
inst0 ch0:  R_CMD: ACTCMD    R_f1= 0x02    at time   54618895 ps
inst0 ch0:  C_CMD: WRCMD     C_r = 0x0d1   at time   54626761 ps
inst0 ch0:  C_CMD: WRCMD     C_f = 0x0a9   at time   54627175 ps
inst0 ch0:  C_CMD: WRCMD     C_r = 0x0d1   at time   54628417 ps
inst0 ch0:  C_CMD: WRCMD     C_f = 0x029   at time   54628831 ps
inst0 ch0:  C_CMD: WRCMD     C_r = 0x0d1   at time   54630073 ps
inst0 ch0:  C_CMD: WRCMD     C_f = 0x0ab   at time   54630487 ps
inst0 ch0:  C_CMD: WRCMD     C_r = 0x0d1   at time   54631729 ps
inst0 ch0:  C_CMD: WRCMD     C_f = 0x02b   at time   54632143 ps
inst0 ch0:  C_CMD: WRCMD     C_r = 0x0d1   at time   54633385 ps
inst0 ch0:  C_CMD: WRCMD     C_f = 0x0a1   at time   54633799 ps
inst0 ch0:  C_CMD: WRCMD     C_r = 0x0d1   at time   54635041 ps
inst0 ch0:  C_CMD: WRCMD     C_f = 0x021   at time   54635455 ps
inst0 ch0:  C_CMD: WRCMD     C_r = 0x0d9   at time   54636697 ps
inst0 ch0:  C_CMD: WRCMD     C_f = 0x0a3   at time   54637111 ps
inst0 ch0:  C_CMD: WRCMD     C_r = 0x0d9   at time   54638353 ps
inst0 ch0:  C_CMD: WRCMD     C_f = 0x023   at time   54638767 ps
inst0 ch0:  R_CMD: ACTCMD    R_r0= 0x22    at time  124765813 ps
inst0 ch0:  R_CMD: ACTCMD    R_f0= 0x2a    at time  124766227 ps
inst0 ch0:  R_CMD: ACTCMD    R_r1= 0x00    at time  124766641 ps
inst0 ch0:  R_CMD: ACTCMD    R_f1= 0x00    at time  124767055 ps
inst0 ch0:  R_CMD: ACTCMD    R_r0= 0x02    at time  124769953 ps
inst0 ch0:  R_CMD: ACTCMD    R_f0= 0x2a    at time  124770367 ps
inst0 ch0:  R_CMD: ACTCMD    R_r1= 0x00    at time  124770781 ps
inst0 ch0:  R_CMD: ACTCMD    R_f1= 0x00    at time  124771195 ps
inst0 ch0:  R_CMD: ACTCMD    R_r0= 0x22    at time  124771609 ps
inst0 ch0:  R_CMD: ACTCMD    R_f0= 0x22    at time  124772023 ps
inst0 ch0:  R_CMD: ACTCMD    R_r1= 0x00    at time  124772437 ps
inst0 ch0:  R_CMD: ACTCMD    R_f1= 0x00    at time  124772851 ps
inst0 ch0:  R_CMD: ACTCMD    R_r0= 0x22    at time  124774093 ps
inst0 ch0:  R_CMD: ACTCMD    R_f0= 0x0a    at time  124774507 ps
inst0 ch0:  R_CMD: ACTCMD    R_r1= 0x00    at time  124774921 ps
inst0 ch0:  R_CMD: ACTCMD    R_f1= 0x00    at time  124775335 ps
inst0 ch0:  R_CMD: ACTCMD    R_r0= 0x02    at time  124775749 ps
inst0 ch0:  R_CMD: ACTCMD    R_f0= 0x22    at time  124776163 ps
inst0 ch0:  R_CMD: ACTCMD    R_r1= 0x00    at time  124776577 ps
inst0 ch0:  R_CMD: ACTCMD    R_f1= 0x00    at time  124776991 ps
inst0 ch0:  R_CMD: ACTCMD    R_r0= 0x02    at time  124778233 ps
inst0 ch0:  R_CMD: ACTCMD    R_f0= 0x0a    at time  124778647 ps
inst0 ch0:  R_CMD: ACTCMD    R_r1= 0x00    at time  124779061 ps
inst0 ch0:  R_CMD: ACTCMD    R_f1= 0x00    at time  124779475 ps
inst0 ch0:  R_CMD: ACTCMD    R_r0= 0x22    at time  124779889 ps
inst0 ch0:  R_CMD: ACTCMD    R_f0= 0x02    at time  124780303 ps
inst0 ch0:  R_CMD: ACTCMD    R_r1= 0x00    at time  124780717 ps
inst0 ch0:  C_CMD: RDCMD     C_r = 0x0c5   at time  124780717 ps
inst0 ch0:  R_CMD: ACTCMD    R_f1= 0x00    at time  124781131 ps
inst0 ch0:  C_CMD: RDCMD     C_f = 0x080   at time  124781131 ps
inst0 ch0:  R_CMD: ACTCMD    R_r0= 0x02    at time  124784029 ps
inst0 ch0:  C_CMD: RDCMD     C_r = 0x0cd   at time  124784029 ps
inst0 ch0:  R_CMD: ACTCMD    R_f0= 0x02    at time  124784443 ps
inst0 ch0:  C_CMD: RDCMD     C_f = 0x082   at time  124784443 ps
inst0 ch0:  R_CMD: ACTCMD    R_r1= 0x00    at time  124784857 ps
inst0 ch0:  R_CMD: ACTCMD    R_f1= 0x00    at time  124785271 ps
inst0 ch0:  C_CMD: RDCMD     C_r = 0x085   at time  124785685 ps
inst0 ch0:  C_CMD: RDCMD     C_f = 0x080   at time  124786099 ps
inst0 ch0:  C_CMD: RDCMD     C_r = 0x0c5   at time  124786513 ps
inst0 ch0:  C_CMD: RDCMD     C_f = 0x000   at time  124786927 ps
inst0 ch0:  C_CMD: RDCMD     C_r = 0x08d   at time  124788997 ps
inst0 ch0:  C_CMD: RDCMD     C_f = 0x082   at time  124789411 ps
inst0 ch0:  C_CMD: RDCMD     C_r = 0x0cd   at time  124789825 ps
inst0 ch0:  C_CMD: RDCMD     C_f = 0x002   at time  124790239 ps
inst0 ch0:  C_CMD: RDCMD     C_r = 0x045   at time  124790653 ps
inst0 ch0:  C_CMD: RDCMD     C_f = 0x080   at time  124791067 ps
inst0 ch0:  C_CMD: RDCMD     C_r = 0x085   at time  124791481 ps
inst0 ch0:  C_CMD: RDCMD     C_f = 0x000   at time  124791895 ps
inst0 ch0:  C_CMD: RDCMD     C_r = 0x005   at time  124793137 ps
inst0 ch0:  C_CMD: RDCMD     C_f = 0x080   at time  124793551 ps
inst0 ch0:  C_CMD: RDCMD     C_r = 0x04d   at time  124794793 ps
inst0 ch0:  C_CMD: RDCMD     C_f = 0x082   at time  124795207 ps
inst0 ch0:  C_CMD: RDCMD     C_r = 0x08d   at time  124795621 ps
inst0 ch0:  C_CMD: RDCMD     C_f = 0x002   at time  124796035 ps
inst0 ch0:  C_CMD: RDCMD     C_r = 0x00d   at time  124796449 ps
inst0 ch0:  C_CMD: RDCMD     C_f = 0x082   at time  124796863 ps
inst0 ch0:  C_CMD: RDCMD     C_r = 0x045   at time  124797277 ps
inst0 ch0:  C_CMD: RDCMD     C_f = 0x000   at time  124797691 ps
inst0 ch0:  C_CMD: RDCMD     C_r = 0x005   at time  124798933 ps
inst0 ch0:  C_CMD: RDCMD     C_f = 0x000   at time  124799347 ps
inst0 ch0:  C_CMD: RDCMD     C_r = 0x04d   at time  124800589 ps
inst0 ch0:  C_CMD: RDCMD     C_f = 0x002   at time  124801003 ps
inst0 ch0:  C_CMD: RDCMD     C_r = 0x00d   at time  124802245 ps
inst0 ch0:  C_CMD: RDCMD     C_f = 0x002   at time  124802659 ps
inst0 ch0:  R_CMD: ACTCMD    R_r0= 0x2a    at time  125265925 ps
inst0 ch0:  R_CMD: ACTCMD    R_f0= 0x2a    at time  125266339 ps
inst0 ch0:  R_CMD: ACTCMD    R_r1= 0x00    at time  125266753 ps
inst0 ch0:  R_CMD: ACTCMD    R_f1= 0x00    at time  125267167 ps
inst0 ch0:  R_CMD: ACTCMD    R_r0= 0x0a    at time  125270065 ps
inst0 ch0:  R_CMD: ACTCMD    R_f0= 0x2a    at time  125270479 ps
inst0 ch0:  R_CMD: ACTCMD    R_r1= 0x00    at time  125270893 ps
inst0 ch0:  R_CMD: ACTCMD    R_f1= 0x00    at time  125271307 ps
inst0 ch0:  R_CMD: ACTCMD    R_r0= 0x2a    at time  125271721 ps
inst0 ch0:  R_CMD: ACTCMD    R_f0= 0x22    at time  125272135 ps
inst0 ch0:  R_CMD: ACTCMD    R_r1= 0x00    at time  125272549 ps
inst0 ch0:  R_CMD: ACTCMD    R_f1= 0x00    at time  125272963 ps
inst0 ch0:  R_CMD: ACTCMD    R_r0= 0x2a    at time  125274205 ps
inst0 ch0:  R_CMD: ACTCMD    R_f0= 0x0a    at time  125274619 ps
inst0 ch0:  R_CMD: ACTCMD    R_r1= 0x00    at time  125275033 ps
inst0 ch0:  R_CMD: ACTCMD    R_f1= 0x00    at time  125275447 ps
inst0 ch0:  R_CMD: ACTCMD    R_r0= 0x0a    at time  125275861 ps
inst0 ch0:  R_CMD: ACTCMD    R_f0= 0x22    at time  125276275 ps
inst0 ch0:  R_CMD: ACTCMD    R_r1= 0x00    at time  125276689 ps
inst0 ch0:  R_CMD: ACTCMD    R_f1= 0x00    at time  125277103 ps
inst0 ch0:  R_CMD: ACTCMD    R_r0= 0x0a    at time  125278345 ps
inst0 ch0:  R_CMD: ACTCMD    R_f0= 0x0a    at time  125278759 ps
inst0 ch0:  R_CMD: ACTCMD    R_r1= 0x00    at time  125279173 ps
inst0 ch0:  R_CMD: ACTCMD    R_f1= 0x00    at time  125279587 ps
inst0 ch0:  R_CMD: ACTCMD    R_r0= 0x2a    at time  125280001 ps
inst0 ch0:  R_CMD: ACTCMD    R_f0= 0x02    at time  125280415 ps
inst0 ch0:  R_CMD: ACTCMD    R_r1= 0x00    at time  125280829 ps
inst0 ch0:  C_CMD: RDCMD     C_r = 0x0d5   at time  125280829 ps
inst0 ch0:  R_CMD: ACTCMD    R_f1= 0x00    at time  125281243 ps
inst0 ch0:  C_CMD: RDCMD     C_f = 0x080   at time  125281243 ps
inst0 ch0:  R_CMD: ACTCMD    R_r0= 0x0a    at time  125284141 ps
inst0 ch0:  C_CMD: RDCMD     C_r = 0x0dd   at time  125284141 ps
inst0 ch0:  R_CMD: ACTCMD    R_f0= 0x02    at time  125284555 ps
inst0 ch0:  C_CMD: RDCMD     C_f = 0x082   at time  125284555 ps
inst0 ch0:  R_CMD: ACTCMD    R_r1= 0x00    at time  125284969 ps
inst0 ch0:  R_CMD: ACTCMD    R_f1= 0x00    at time  125285383 ps
inst0 ch0:  C_CMD: RDCMD     C_r = 0x095   at time  125285797 ps
inst0 ch0:  C_CMD: RDCMD     C_f = 0x080   at time  125286211 ps
inst0 ch0:  C_CMD: RDCMD     C_r = 0x0d5   at time  125286625 ps
inst0 ch0:  C_CMD: RDCMD     C_f = 0x000   at time  125287039 ps
inst0 ch0:  C_CMD: RDCMD     C_r = 0x09d   at time  125289109 ps
inst0 ch0:  C_CMD: RDCMD     C_f = 0x082   at time  125289523 ps
inst0 ch0:  C_CMD: RDCMD     C_r = 0x0dd   at time  125289937 ps
inst0 ch0:  C_CMD: RDCMD     C_f = 0x002   at time  125290351 ps
inst0 ch0:  C_CMD: RDCMD     C_r = 0x055   at time  125290765 ps
inst0 ch0:  C_CMD: RDCMD     C_f = 0x080   at time  125291179 ps
inst0 ch0:  C_CMD: RDCMD     C_r = 0x095   at time  125291593 ps
inst0 ch0:  C_CMD: RDCMD     C_f = 0x000   at time  125292007 ps
inst0 ch0:  C_CMD: RDCMD     C_r = 0x015   at time  125293249 ps
inst0 ch0:  C_CMD: RDCMD     C_f = 0x080   at time  125293663 ps
inst0 ch0:  C_CMD: RDCMD     C_r = 0x05d   at time  125294905 ps
inst0 ch0:  C_CMD: RDCMD     C_f = 0x082   at time  125295319 ps
inst0 ch0:  C_CMD: RDCMD     C_r = 0x09d   at time  125295733 ps
inst0 ch0:  C_CMD: RDCMD     C_f = 0x002   at time  125296147 ps
inst0 ch0:  C_CMD: RDCMD     C_r = 0x01d   at time  125296561 ps
inst0 ch0:  C_CMD: RDCMD     C_f = 0x082   at time  125296975 ps
inst0 ch0:  C_CMD: RDCMD     C_r = 0x055   at time  125297389 ps
inst0 ch0:  C_CMD: RDCMD     C_f = 0x000   at time  125297803 ps
inst0 ch0:  C_CMD: RDCMD     C_r = 0x015   at time  125299045 ps
inst0 ch0:  C_CMD: RDCMD     C_f = 0x000   at time  125299459 ps
inst0 ch0:  C_CMD: RDCMD     C_r = 0x05d   at time  125300701 ps
inst0 ch0:  C_CMD: RDCMD     C_f = 0x002   at time  125301115 ps
inst0 ch0:  C_CMD: RDCMD     C_r = 0x01d   at time  125302357 ps
inst0 ch0:  C_CMD: RDCMD     C_f = 0x002   at time  125302771 ps
inst0 ch0:  R_CMD: ACTCMD    R_r0= 0x32    at time  125764381 ps
inst0 ch0:  R_CMD: ACTCMD    R_f0= 0x2a    at time  125764795 ps
inst0 ch0:  R_CMD: ACTCMD    R_r1= 0x00    at time  125765209 ps
inst0 ch0:  R_CMD: ACTCMD    R_f1= 0x00    at time  125765623 ps
inst0 ch0:  R_CMD: ACTCMD    R_r0= 0x12    at time  125768521 ps
inst0 ch0:  R_CMD: ACTCMD    R_f0= 0x2a    at time  125768935 ps
inst0 ch0:  R_CMD: ACTCMD    R_r1= 0x00    at time  125769349 ps
inst0 ch0:  R_CMD: ACTCMD    R_f1= 0x00    at time  125769763 ps
inst0 ch0:  R_CMD: ACTCMD    R_r0= 0x32    at time  125771005 ps
inst0 ch0:  R_CMD: ACTCMD    R_f0= 0x22    at time  125771419 ps
inst0 ch0:  R_CMD: ACTCMD    R_r1= 0x00    at time  125771833 ps
inst0 ch0:  R_CMD: ACTCMD    R_f1= 0x00    at time  125772247 ps
inst0 ch0:  R_CMD: ACTCMD    R_r0= 0x32    at time  125772661 ps
inst0 ch0:  R_CMD: ACTCMD    R_f0= 0x0a    at time  125773075 ps
inst0 ch0:  R_CMD: ACTCMD    R_r1= 0x00    at time  125773489 ps
inst0 ch0:  R_CMD: ACTCMD    R_f1= 0x00    at time  125773903 ps
inst0 ch0:  R_CMD: ACTCMD    R_r0= 0x12    at time  125775145 ps
inst0 ch0:  R_CMD: ACTCMD    R_f0= 0x22    at time  125775559 ps
inst0 ch0:  R_CMD: ACTCMD    R_r1= 0x00    at time  125775973 ps
inst0 ch0:  R_CMD: ACTCMD    R_f1= 0x00    at time  125776387 ps
inst0 ch0:  R_CMD: ACTCMD    R_r0= 0x12    at time  125776801 ps
inst0 ch0:  R_CMD: ACTCMD    R_f0= 0x0a    at time  125777215 ps
inst0 ch0:  R_CMD: ACTCMD    R_r1= 0x00    at time  125777629 ps
inst0 ch0:  R_CMD: ACTCMD    R_f1= 0x00    at time  125778043 ps
inst0 ch0:  R_CMD: ACTCMD    R_r0= 0x32    at time  125779285 ps
inst0 ch0:  C_CMD: RDCMD     C_r = 0x0e5   at time  125779285 ps
inst0 ch0:  R_CMD: ACTCMD    R_f0= 0x02    at time  125779699 ps
inst0 ch0:  C_CMD: RDCMD     C_f = 0x080   at time  125779699 ps
inst0 ch0:  R_CMD: ACTCMD    R_r1= 0x00    at time  125780113 ps
inst0 ch0:  R_CMD: ACTCMD    R_f1= 0x00    at time  125780527 ps
inst0 ch0:  C_CMD: RDCMD     C_r = 0x0ed   at time  125782597 ps
inst0 ch0:  C_CMD: RDCMD     C_f = 0x082   at time  125783011 ps
inst0 ch0:  R_CMD: ACTCMD    R_r0= 0x12    at time  125783425 ps
inst0 ch0:  R_CMD: ACTCMD    R_f0= 0x02    at time  125783839 ps
inst0 ch0:  R_CMD: ACTCMD    R_r1= 0x00    at time  125784253 ps
inst0 ch0:  C_CMD: RDCMD     C_r = 0x0a5   at time  125784253 ps
inst0 ch0:  R_CMD: ACTCMD    R_f1= 0x00    at time  125784667 ps
inst0 ch0:  C_CMD: RDCMD     C_f = 0x080   at time  125784667 ps
inst0 ch0:  C_CMD: RDCMD     C_r = 0x0e5   at time  125785909 ps
inst0 ch0:  C_CMD: RDCMD     C_f = 0x000   at time  125786323 ps
inst0 ch0:  C_CMD: RDCMD     C_r = 0x0ad   at time  125787565 ps
inst0 ch0:  C_CMD: RDCMD     C_f = 0x082   at time  125787979 ps
inst0 ch0:  C_CMD: RDCMD     C_r = 0x065   at time  125789221 ps
inst0 ch0:  C_CMD: RDCMD     C_f = 0x080   at time  125789635 ps
inst0 ch0:  C_CMD: RDCMD     C_r = 0x0ed   at time  125790049 ps
inst0 ch0:  C_CMD: RDCMD     C_f = 0x002   at time  125790463 ps
inst0 ch0:  C_CMD: RDCMD     C_r = 0x025   at time  125791705 ps
inst0 ch0:  C_CMD: RDCMD     C_f = 0x080   at time  125792119 ps
inst0 ch0:  C_CMD: RDCMD     C_r = 0x0a5   at time  125792533 ps
inst0 ch0:  C_CMD: RDCMD     C_f = 0x000   at time  125792947 ps
inst0 ch0:  C_CMD: RDCMD     C_r = 0x06d   at time  125793361 ps
inst0 ch0:  C_CMD: RDCMD     C_f = 0x082   at time  125793775 ps
inst0 ch0:  C_CMD: RDCMD     C_r = 0x065   at time  125794189 ps
inst0 ch0:  C_CMD: RDCMD     C_f = 0x000   at time  125794603 ps
inst0 ch0:  C_CMD: RDCMD     C_r = 0x02d   at time  125795017 ps
inst0 ch0:  C_CMD: RDCMD     C_f = 0x082   at time  125795431 ps
inst0 ch0:  C_CMD: RDCMD     C_r = 0x0ad   at time  125795845 ps
inst0 ch0:  C_CMD: RDCMD     C_f = 0x002   at time  125796259 ps
inst0 ch0:  C_CMD: RDCMD     C_r = 0x06d   at time  125797501 ps
inst0 ch0:  C_CMD: RDCMD     C_f = 0x002   at time  125797915 ps
inst0 ch0:  C_CMD: RDCMD     C_r = 0x025   at time  125799157 ps
inst0 ch0:  C_CMD: RDCMD     C_f = 0x000   at time  125799571 ps
inst0 ch0:  C_CMD: RDCMD     C_r = 0x02d   at time  125802469 ps
inst0 ch0:  C_CMD: RDCMD     C_f = 0x002   at time  125802883 ps
inst0 ch0:  R_CMD: ACTCMD    R_r0= 0x3a    at time  126265321 ps
inst0 ch0:  R_CMD: ACTCMD    R_f0= 0x2a    at time  126265735 ps
inst0 ch0:  R_CMD: ACTCMD    R_r1= 0x00    at time  126266149 ps
inst0 ch0:  R_CMD: ACTCMD    R_f1= 0x00    at time  126266563 ps
inst0 ch0:  R_CMD: ACTCMD    R_r0= 0x1a    at time  126269461 ps
inst0 ch0:  R_CMD: ACTCMD    R_f0= 0x2a    at time  126269875 ps
inst0 ch0:  R_CMD: ACTCMD    R_r1= 0x00    at time  126270289 ps
inst0 ch0:  R_CMD: ACTCMD    R_f1= 0x00    at time  126270703 ps
inst0 ch0:  R_CMD: ACTCMD    R_r0= 0x3a    at time  126272773 ps
inst0 ch0:  R_CMD: ACTCMD    R_f0= 0x22    at time  126273187 ps
inst0 ch0:  R_CMD: ACTCMD    R_r1= 0x00    at time  126273601 ps
inst0 ch0:  R_CMD: ACTCMD    R_f1= 0x00    at time  126274015 ps
inst0 ch0:  R_CMD: ACTCMD    R_r0= 0x3a    at time  126274429 ps
inst0 ch0:  R_CMD: ACTCMD    R_f0= 0x0a    at time  126274843 ps
inst0 ch0:  R_CMD: ACTCMD    R_r1= 0x00    at time  126275257 ps
inst0 ch0:  R_CMD: ACTCMD    R_f1= 0x00    at time  126275671 ps
inst0 ch0:  R_CMD: ACTCMD    R_r0= 0x1a    at time  126276913 ps
inst0 ch0:  R_CMD: ACTCMD    R_f0= 0x22    at time  126277327 ps
inst0 ch0:  R_CMD: ACTCMD    R_r1= 0x00    at time  126277741 ps
inst0 ch0:  R_CMD: ACTCMD    R_f1= 0x00    at time  126278155 ps
inst0 ch0:  R_CMD: ACTCMD    R_r0= 0x1a    at time  126278569 ps
inst0 ch0:  R_CMD: ACTCMD    R_f0= 0x0a    at time  126278983 ps
inst0 ch0:  R_CMD: ACTCMD    R_r1= 0x00    at time  126279397 ps
inst0 ch0:  R_CMD: ACTCMD    R_f1= 0x00    at time  126279811 ps
inst0 ch0:  C_CMD: RDCMD     C_r = 0x0f5   at time  126280225 ps
inst0 ch0:  C_CMD: RDCMD     C_f = 0x080   at time  126280639 ps
inst0 ch0:  R_CMD: ACTCMD    R_r0= 0x3a    at time  126281053 ps
inst0 ch0:  R_CMD: ACTCMD    R_f0= 0x02    at time  126281467 ps
inst0 ch0:  R_CMD: ACTCMD    R_r1= 0x00    at time  126281881 ps
inst0 ch0:  R_CMD: ACTCMD    R_f1= 0x00    at time  126282295 ps
inst0 ch0:  C_CMD: RDCMD     C_r = 0x0fd   at time  126283537 ps
inst0 ch0:  C_CMD: RDCMD     C_f = 0x082   at time  126283951 ps
inst0 ch0:  R_CMD: ACTCMD    R_r0= 0x1a    at time  126285193 ps
inst0 ch0:  C_CMD: RDCMD     C_r = 0x0b5   at time  126285193 ps
inst0 ch0:  R_CMD: ACTCMD    R_f0= 0x02    at time  126285607 ps
inst0 ch0:  C_CMD: RDCMD     C_f = 0x080   at time  126285607 ps
inst0 ch0:  R_CMD: ACTCMD    R_r1= 0x00    at time  126286021 ps
inst0 ch0:  R_CMD: ACTCMD    R_f1= 0x00    at time  126286435 ps
inst0 ch0:  C_CMD: RDCMD     C_r = 0x0f5   at time  126287677 ps
inst0 ch0:  C_CMD: RDCMD     C_f = 0x000   at time  126288091 ps
inst0 ch0:  C_CMD: RDCMD     C_r = 0x0bd   at time  126288505 ps
inst0 ch0:  C_CMD: RDCMD     C_f = 0x082   at time  126288919 ps
inst0 ch0:  C_CMD: RDCMD     C_r = 0x075   at time  126290161 ps
inst0 ch0:  C_CMD: RDCMD     C_f = 0x080   at time  126290575 ps
inst0 ch0:  C_CMD: RDCMD     C_r = 0x0fd   at time  126290989 ps
inst0 ch0:  C_CMD: RDCMD     C_f = 0x002   at time  126291403 ps
inst0 ch0:  C_CMD: RDCMD     C_r = 0x0b5   at time  126292645 ps
inst0 ch0:  C_CMD: RDCMD     C_f = 0x000   at time  126293059 ps
inst0 ch0:  C_CMD: RDCMD     C_r = 0x07d   at time  126293473 ps
inst0 ch0:  C_CMD: RDCMD     C_f = 0x082   at time  126293887 ps
inst0 ch0:  C_CMD: RDCMD     C_r = 0x035   at time  126295129 ps
inst0 ch0:  C_CMD: RDCMD     C_f = 0x080   at time  126295543 ps
inst0 ch0:  C_CMD: RDCMD     C_r = 0x0bd   at time  126295957 ps
inst0 ch0:  C_CMD: RDCMD     C_f = 0x002   at time  126296371 ps
inst0 ch0:  C_CMD: RDCMD     C_r = 0x075   at time  126297613 ps
inst0 ch0:  C_CMD: RDCMD     C_f = 0x000   at time  126298027 ps
inst0 ch0:  C_CMD: RDCMD     C_r = 0x03d   at time  126298441 ps
inst0 ch0:  C_CMD: RDCMD     C_f = 0x082   at time  126298855 ps
inst0 ch0:  C_CMD: RDCMD     C_r = 0x035   at time  126300097 ps
inst0 ch0:  C_CMD: RDCMD     C_f = 0x000   at time  126300511 ps
inst0 ch0:  C_CMD: RDCMD     C_r = 0x07d   at time  126301753 ps
inst0 ch0:  C_CMD: RDCMD     C_f = 0x002   at time  126302167 ps
inst0 ch0:  C_CMD: RDCMD     C_r = 0x03d   at time  126303409 ps
inst0 ch0:  C_CMD: RDCMD     C_f = 0x002   at time  126303823 ps
inst0 ch0:  R_CMD: ACTCMD    R_r0= 0x02    at time  130833397 ps
inst0 ch0:  R_CMD: ACTCMD    R_f0= 0x00    at time  130833811 ps
inst0 ch0:  R_CMD: ACTCMD    R_r1= 0x00    at time  130834225 ps
inst0 ch0:  R_CMD: ACTCMD    R_f1= 0x00    at time  130834639 ps
inst0 ch0:  C_CMD: RDCMD     C_r = 0x005   at time  130848301 ps
inst0 ch0:  C_CMD: RDCMD     C_f = 0x018   at time  130848715 ps
inst0 ch0:  C_CMD: RDCMD     C_r = 0x005   at time  130851613 ps
inst0 ch0:  C_CMD: RDCMD     C_f = 0x01a   at time  130852027 ps
inst0 ch0:  C_CMD: RDCMD     C_r = 0x005   at time  130854925 ps
inst0 ch0:  C_CMD: RDCMD     C_f = 0x010   at time  130855339 ps
inst0 ch0:  C_CMD: RDCMD     C_r = 0x005   at time  130858237 ps
inst0 ch0:  C_CMD: RDCMD     C_f = 0x012   at time  130858651 ps
inst0 ch0:  C_CMD: RDCMD     C_r = 0x005   at time  130861549 ps
inst0 ch0:  C_CMD: RDCMD     C_f = 0x008   at time  130861963 ps
inst0 ch0:  C_CMD: RDCMD     C_r = 0x005   at time  130864861 ps
inst0 ch0:  C_CMD: RDCMD     C_f = 0x00a   at time  130865275 ps
inst0 ch0:  C_CMD: RDCMD     C_r = 0x005   at time  130868173 ps
inst0 ch0:  C_CMD: RDCMD     C_f = 0x000   at time  130868587 ps
inst0 ch0:  C_CMD: RDCMD     C_r = 0x00d   at time  130871485 ps
inst0 ch0:  C_CMD: RDCMD     C_f = 0x002   at time  130871899 ps
inst0 ch0:  R_CMD: ACTCMD    R_r0= 0x02    at time  130995685 ps
inst0 ch0:  R_CMD: ACTCMD    R_f0= 0x08    at time  130996099 ps
inst0 ch0:  R_CMD: ACTCMD    R_r1= 0x00    at time  130996513 ps
inst0 ch0:  R_CMD: ACTCMD    R_f1= 0x00    at time  130996927 ps
inst0 ch0:  C_CMD: RDCMD     C_r = 0x005   at time  131010589 ps
inst0 ch0:  C_CMD: RDCMD     C_f = 0x098   at time  131011003 ps
inst0 ch0:  C_CMD: RDCMD     C_r = 0x005   at time  131013901 ps
inst0 ch0:  C_CMD: RDCMD     C_f = 0x09a   at time  131014315 ps
inst0 ch0:  C_CMD: RDCMD     C_r = 0x005   at time  131017213 ps
inst0 ch0:  C_CMD: RDCMD     C_f = 0x090   at time  131017627 ps
inst0 ch0:  C_CMD: RDCMD     C_r = 0x005   at time  131020525 ps
inst0 ch0:  C_CMD: RDCMD     C_f = 0x092   at time  131020939 ps
inst0 ch0:  C_CMD: RDCMD     C_r = 0x005   at time  131023837 ps
inst0 ch0:  C_CMD: RDCMD     C_f = 0x088   at time  131024251 ps
inst0 ch0:  C_CMD: RDCMD     C_r = 0x005   at time  131027149 ps
inst0 ch0:  C_CMD: RDCMD     C_f = 0x08a   at time  131027563 ps
inst0 ch0:  C_CMD: RDCMD     C_r = 0x005   at time  131030461 ps
inst0 ch0:  C_CMD: RDCMD     C_f = 0x080   at time  131030875 ps
inst0 ch0:  C_CMD: RDCMD     C_r = 0x00d   at time  131033773 ps
inst0 ch0:  C_CMD: RDCMD     C_f = 0x082   at time  131034187 ps
inst0 ch0:  R_CMD: ACTCMD    R_r0= 0x0a    at time  131263129 ps
inst0 ch0:  R_CMD: ACTCMD    R_f0= 0x00    at time  131263543 ps
inst0 ch0:  R_CMD: ACTCMD    R_r1= 0x00    at time  131263957 ps
inst0 ch0:  R_CMD: ACTCMD    R_f1= 0x00    at time  131264371 ps
inst0 ch0:  C_CMD: RDCMD     C_r = 0x015   at time  131278033 ps
inst0 ch0:  C_CMD: RDCMD     C_f = 0x018   at time  131278447 ps
inst0 ch0:  C_CMD: RDCMD     C_r = 0x015   at time  131281345 ps
inst0 ch0:  C_CMD: RDCMD     C_f = 0x01a   at time  131281759 ps
inst0 ch0:  C_CMD: RDCMD     C_r = 0x015   at time  131284657 ps
inst0 ch0:  C_CMD: RDCMD     C_f = 0x010   at time  131285071 ps
inst0 ch0:  C_CMD: RDCMD     C_r = 0x015   at time  131287969 ps
inst0 ch0:  C_CMD: RDCMD     C_f = 0x012   at time  131288383 ps
inst0 ch0:  C_CMD: RDCMD     C_r = 0x015   at time  131291281 ps
inst0 ch0:  C_CMD: RDCMD     C_f = 0x008   at time  131291695 ps
inst0 ch0:  C_CMD: RDCMD     C_r = 0x015   at time  131294593 ps
inst0 ch0:  C_CMD: RDCMD     C_f = 0x00a   at time  131295007 ps
inst0 ch0:  C_CMD: RDCMD     C_r = 0x015   at time  131297905 ps
inst0 ch0:  C_CMD: RDCMD     C_f = 0x000   at time  131298319 ps
inst0 ch0:  C_CMD: RDCMD     C_r = 0x01d   at time  131301217 ps
inst0 ch0:  C_CMD: RDCMD     C_f = 0x002   at time  131301631 ps
inst0 ch0:  R_CMD: ACTCMD    R_r0= 0x0a    at time  131326885 ps
inst0 ch0:  R_CMD: ACTCMD    R_f0= 0x08    at time  131327299 ps
inst0 ch0:  R_CMD: ACTCMD    R_r1= 0x00    at time  131327713 ps
inst0 ch0:  R_CMD: ACTCMD    R_f1= 0x00    at time  131328127 ps
inst0 ch0:  C_CMD: RDCMD     C_r = 0x015   at time  131341789 ps
inst0 ch0:  C_CMD: RDCMD     C_f = 0x098   at time  131342203 ps
inst0 ch0:  C_CMD: RDCMD     C_r = 0x015   at time  131345101 ps
inst0 ch0:  C_CMD: RDCMD     C_f = 0x09a   at time  131345515 ps
inst0 ch0:  C_CMD: RDCMD     C_r = 0x015   at time  131348413 ps
inst0 ch0:  C_CMD: RDCMD     C_f = 0x090   at time  131348827 ps
inst0 ch0:  C_CMD: RDCMD     C_r = 0x015   at time  131351725 ps
inst0 ch0:  C_CMD: RDCMD     C_f = 0x092   at time  131352139 ps
inst0 ch0:  C_CMD: RDCMD     C_r = 0x015   at time  131355037 ps
inst0 ch0:  C_CMD: RDCMD     C_f = 0x088   at time  131355451 ps
inst0 ch0:  C_CMD: RDCMD     C_r = 0x015   at time  131358349 ps
inst0 ch0:  C_CMD: RDCMD     C_f = 0x08a   at time  131358763 ps
inst0 ch0:  C_CMD: RDCMD     C_r = 0x015   at time  131361661 ps
inst0 ch0:  C_CMD: RDCMD     C_f = 0x080   at time  131362075 ps
inst0 ch0:  C_CMD: RDCMD     C_r = 0x01d   at time  131364973 ps
inst0 ch0:  C_CMD: RDCMD     C_f = 0x082   at time  131365387 ps
inst0 ch0:  R_CMD: ACTCMD    R_r0= 0x02    at time  133964893 ps
inst0 ch0:  R_CMD: ACTCMD    R_f0= 0x1b    at time  133965307 ps
inst0 ch0:  R_CMD: ACTCMD    R_r1= 0x3f    at time  133965721 ps
inst0 ch0:  R_CMD: ACTCMD    R_f1= 0x3b    at time  133966135 ps
inst0 ch0:  R_CMD: ACTCMD    R_r0= 0x02    at time  133966549 ps
inst0 ch0:  R_CMD: ACTCMD    R_f0= 0x13    at time  133966963 ps
inst0 ch0:  R_CMD: ACTCMD    R_r1= 0x3f    at time  133967377 ps
inst0 ch0:  R_CMD: ACTCMD    R_f1= 0x3b    at time  133967791 ps
inst0 ch0:  C_CMD: RDCMD     C_r = 0x005   at time  133979797 ps
inst0 ch0:  C_CMD: RDCMD     C_f = 0x080   at time  133980211 ps
inst0 ch0:  C_CMD: RDCMD     C_r = 0x005   at time  133981453 ps
inst0 ch0:  C_CMD: RDCMD     C_f = 0x000   at time  133981867 ps
inst0 ch0:  C_CMD: RDCMD     C_r = 0x00d   at time  133983109 ps
inst0 ch0:  C_CMD: RDCMD     C_f = 0x082   at time  133983523 ps
inst0 ch0:  C_CMD: RDCMD     C_r = 0x00d   at time  133984765 ps
inst0 ch0:  C_CMD: RDCMD     C_f = 0x002   at time  133985179 ps
inst0 ch0:  R_CMD: ACTCMD    R_r0= 0x02    at time  134035273 ps
inst0 ch0:  R_CMD: ACTCMD    R_f0= 0x1b    at time  134035687 ps
inst0 ch0:  R_CMD: ACTCMD    R_r1= 0x3f    at time  134036101 ps
inst0 ch0:  R_CMD: ACTCMD    R_f1= 0x3b    at time  134036515 ps
inst0 ch0:  R_CMD: ACTCMD    R_r0= 0x02    at time  134037757 ps
inst0 ch0:  R_CMD: ACTCMD    R_f0= 0x13    at time  134038171 ps
inst0 ch0:  R_CMD: ACTCMD    R_r1= 0x3f    at time  134038585 ps
inst0 ch0:  R_CMD: ACTCMD    R_f1= 0x3b    at time  134038999 ps
inst0 ch0:  C_CMD: WRCMD     C_r = 0x001   at time  134046037 ps
inst0 ch0:  C_CMD: WRCMD     C_f = 0x080   at time  134046451 ps
inst0 ch0:  C_CMD: WRCMD     C_r = 0x001   at time  134048521 ps
inst0 ch0:  C_CMD: WRCMD     C_f = 0x000   at time  134048935 ps
inst0 ch0:  C_CMD: WRCMD     C_r = 0x009   at time  134049349 ps
inst0 ch0:  C_CMD: WRCMD     C_f = 0x082   at time  134049763 ps
inst0 ch0:  C_CMD: WRCMD     C_r = 0x009   at time  134051833 ps
inst0 ch0:  C_CMD: WRCMD     C_f = 0x002   at time  134052247 ps
inst0 ch0:  R_CMD: ACTCMD    R_r0= 0x0a    at time  138290365 ps
inst0 ch0:  R_CMD: ACTCMD    R_f0= 0x1b    at time  138290779 ps
inst0 ch0:  R_CMD: ACTCMD    R_r1= 0x3f    at time  138291193 ps
inst0 ch0:  R_CMD: ACTCMD    R_f1= 0x3b    at time  138291607 ps
inst0 ch0:  R_CMD: ACTCMD    R_r0= 0x0a    at time  138292849 ps
inst0 ch0:  R_CMD: ACTCMD    R_f0= 0x13    at time  138293263 ps
inst0 ch0:  R_CMD: ACTCMD    R_r1= 0x3f    at time  138293677 ps
inst0 ch0:  R_CMD: ACTCMD    R_f1= 0x3b    at time  138294091 ps
inst0 ch0:  C_CMD: RDCMD     C_r = 0x015   at time  138305269 ps
inst0 ch0:  C_CMD: RDCMD     C_f = 0x090   at time  138305683 ps
inst0 ch0:  C_CMD: RDCMD     C_r = 0x015   at time  138307753 ps
inst0 ch0:  C_CMD: RDCMD     C_f = 0x010   at time  138308167 ps
inst0 ch0:  C_CMD: RDCMD     C_r = 0x01d   at time  138308581 ps
inst0 ch0:  C_CMD: RDCMD     C_f = 0x092   at time  138308995 ps
inst0 ch0:  C_CMD: RDCMD     C_r = 0x01d   at time  138311065 ps
inst0 ch0:  C_CMD: RDCMD     C_f = 0x012   at time  138311479 ps
inst0 ch0:  R_CMD: ACTCMD    R_r0= 0x0a    at time  138461761 ps
inst0 ch0:  R_CMD: ACTCMD    R_f0= 0x1b    at time  138462175 ps
inst0 ch0:  R_CMD: ACTCMD    R_r1= 0x3f    at time  138462589 ps
inst0 ch0:  R_CMD: ACTCMD    R_f1= 0x3b    at time  138463003 ps
inst0 ch0:  R_CMD: ACTCMD    R_r0= 0x0a    at time  138464245 ps
inst0 ch0:  R_CMD: ACTCMD    R_f0= 0x13    at time  138464659 ps
inst0 ch0:  R_CMD: ACTCMD    R_r1= 0x3f    at time  138465073 ps
inst0 ch0:  R_CMD: ACTCMD    R_f1= 0x3b    at time  138465487 ps
inst0 ch0:  C_CMD: WRCMD     C_r = 0x011   at time  138472525 ps
inst0 ch0:  C_CMD: WRCMD     C_f = 0x090   at time  138472939 ps
inst0 ch0:  C_CMD: WRCMD     C_r = 0x011   at time  138475009 ps
inst0 ch0:  C_CMD: WRCMD     C_f = 0x010   at time  138475423 ps
inst0 ch0:  C_CMD: WRCMD     C_r = 0x019   at time  138475837 ps
inst0 ch0:  C_CMD: WRCMD     C_f = 0x092   at time  138476251 ps
inst0 ch0:  C_CMD: WRCMD     C_r = 0x019   at time  138478321 ps
inst0 ch0:  C_CMD: WRCMD     C_f = 0x012   at time  138478735 ps
inst0 ch0:  R_CMD: ACTCMD    R_r0= 0x0a    at time  142363297 ps
inst0 ch0:  R_CMD: ACTCMD    R_f0= 0x08    at time  142363711 ps
inst0 ch0:  R_CMD: ACTCMD    R_r1= 0x00    at time  142364125 ps
inst0 ch0:  R_CMD: ACTCMD    R_f1= 0x00    at time  142364539 ps
inst0 ch0:  R_CMD: ACTCMD    R_r0= 0x0a    at time  142364953 ps
inst0 ch0:  R_CMD: ACTCMD    R_f0= 0x00    at time  142365367 ps
inst0 ch0:  R_CMD: ACTCMD    R_r1= 0x00    at time  142365781 ps
inst0 ch0:  R_CMD: ACTCMD    R_f1= 0x00    at time  142366195 ps
inst0 ch0:  C_CMD: RDCMD     C_r = 0x015   at time  142378201 ps
inst0 ch0:  C_CMD: RDCMD     C_f = 0x0a8   at time  142378615 ps
inst0 ch0:  C_CMD: RDCMD     C_r = 0x015   at time  142379857 ps
inst0 ch0:  C_CMD: RDCMD     C_f = 0x028   at time  142380271 ps
inst0 ch0:  C_CMD: RDCMD     C_r = 0x015   at time  142381513 ps
inst0 ch0:  C_CMD: RDCMD     C_f = 0x0aa   at time  142381927 ps
inst0 ch0:  C_CMD: RDCMD     C_r = 0x015   at time  142383169 ps
inst0 ch0:  C_CMD: RDCMD     C_f = 0x02a   at time  142383583 ps
inst0 ch0:  C_CMD: RDCMD     C_r = 0x015   at time  142384825 ps
inst0 ch0:  C_CMD: RDCMD     C_f = 0x0a0   at time  142385239 ps
inst0 ch0:  C_CMD: RDCMD     C_r = 0x015   at time  142386481 ps
inst0 ch0:  C_CMD: RDCMD     C_f = 0x020   at time  142386895 ps
inst0 ch0:  C_CMD: RDCMD     C_r = 0x01d   at time  142388137 ps
inst0 ch0:  C_CMD: RDCMD     C_f = 0x0a2   at time  142388551 ps
inst0 ch0:  C_CMD: RDCMD     C_r = 0x01d   at time  142389793 ps
inst0 ch0:  C_CMD: RDCMD     C_f = 0x022   at time  142390207 ps
inst0 ch0:  R_CMD: ACTCMD    R_r0= 0x0a    at time  142433677 ps
inst0 ch0:  R_CMD: ACTCMD    R_f0= 0x08    at time  142434091 ps
inst0 ch0:  R_CMD: ACTCMD    R_r1= 0x00    at time  142434505 ps
inst0 ch0:  R_CMD: ACTCMD    R_f1= 0x00    at time  142434919 ps
inst0 ch0:  R_CMD: ACTCMD    R_r0= 0x0a    at time  142435333 ps
inst0 ch0:  R_CMD: ACTCMD    R_f0= 0x00    at time  142435747 ps
inst0 ch0:  R_CMD: ACTCMD    R_r1= 0x00    at time  142436161 ps
inst0 ch0:  R_CMD: ACTCMD    R_f1= 0x00    at time  142436575 ps
inst0 ch0:  C_CMD: WRCMD     C_r = 0x011   at time  142444441 ps
inst0 ch0:  C_CMD: WRCMD     C_f = 0x0a8   at time  142444855 ps
inst0 ch0:  C_CMD: WRCMD     C_r = 0x011   at time  142446097 ps
inst0 ch0:  C_CMD: WRCMD     C_f = 0x028   at time  142446511 ps
inst0 ch0:  C_CMD: WRCMD     C_r = 0x011   at time  142447753 ps
inst0 ch0:  C_CMD: WRCMD     C_f = 0x0aa   at time  142448167 ps
inst0 ch0:  C_CMD: WRCMD     C_r = 0x011   at time  142449409 ps
inst0 ch0:  C_CMD: WRCMD     C_f = 0x02a   at time  142449823 ps
inst0 ch0:  C_CMD: WRCMD     C_r = 0x011   at time  142451065 ps
inst0 ch0:  C_CMD: WRCMD     C_f = 0x0a0   at time  142451479 ps
inst0 ch0:  C_CMD: WRCMD     C_r = 0x011   at time  142452721 ps
inst0 ch0:  C_CMD: WRCMD     C_f = 0x020   at time  142453135 ps
inst0 ch0:  C_CMD: WRCMD     C_r = 0x019   at time  142454377 ps
inst0 ch0:  C_CMD: WRCMD     C_f = 0x0a2   at time  142454791 ps
inst0 ch0:  C_CMD: WRCMD     C_r = 0x019   at time  142456033 ps
inst0 ch0:  C_CMD: WRCMD     C_f = 0x022   at time  142456447 ps
inst0 ch0:  R_CMD: ACTCMD    R_r0= 0x02    at time  146179549 ps
inst0 ch0:  R_CMD: ACTCMD    R_f0= 0x18    at time  146179963 ps
inst0 ch0:  R_CMD: ACTCMD    R_r1= 0x3f    at time  146180377 ps
inst0 ch0:  R_CMD: ACTCMD    R_f1= 0x3b    at time  146180791 ps
inst0 ch0:  R_CMD: ACTCMD    R_r0= 0x02    at time  146181205 ps
inst0 ch0:  R_CMD: ACTCMD    R_f0= 0x10    at time  146181619 ps
inst0 ch0:  R_CMD: ACTCMD    R_r1= 0x3f    at time  146182033 ps
inst0 ch0:  R_CMD: ACTCMD    R_f1= 0x3b    at time  146182447 ps
inst0 ch0:  C_CMD: RDCMD     C_r = 0x005   at time  146194453 ps
inst0 ch0:  C_CMD: RDCMD     C_f = 0x0f8   at time  146194867 ps
inst0 ch0:  C_CMD: RDCMD     C_r = 0x005   at time  146196109 ps
inst0 ch0:  C_CMD: RDCMD     C_f = 0x078   at time  146196523 ps
inst0 ch0:  C_CMD: RDCMD     C_r = 0x00d   at time  146197765 ps
inst0 ch0:  C_CMD: RDCMD     C_f = 0x0fa   at time  146198179 ps
inst0 ch0:  C_CMD: RDCMD     C_r = 0x00d   at time  146199421 ps
inst0 ch0:  C_CMD: RDCMD     C_f = 0x07a   at time  146199835 ps
inst0 ch0:  R_CMD: ACTCMD    R_r0= 0x02    at time  146226745 ps
inst0 ch0:  R_CMD: ACTCMD    R_f0= 0x19    at time  146227159 ps
inst0 ch0:  R_CMD: ACTCMD    R_r1= 0x3f    at time  146227573 ps
inst0 ch0:  R_CMD: ACTCMD    R_f1= 0x3b    at time  146227987 ps
inst0 ch0:  R_CMD: ACTCMD    R_r0= 0x02    at time  146228401 ps
inst0 ch0:  R_CMD: ACTCMD    R_f0= 0x11    at time  146228815 ps
inst0 ch0:  R_CMD: ACTCMD    R_r1= 0x3f    at time  146229229 ps
inst0 ch0:  R_CMD: ACTCMD    R_f1= 0x3b    at time  146229643 ps
inst0 ch0:  C_CMD: RDCMD     C_r = 0x005   at time  146241649 ps
inst0 ch0:  C_CMD: RDCMD     C_f = 0x0f8   at time  146242063 ps
inst0 ch0:  C_CMD: RDCMD     C_r = 0x005   at time  146243305 ps
inst0 ch0:  C_CMD: RDCMD     C_f = 0x078   at time  146243719 ps
inst0 ch0:  C_CMD: RDCMD     C_r = 0x00d   at time  146244961 ps
inst0 ch0:  C_CMD: RDCMD     C_f = 0x0fa   at time  146245375 ps
inst0 ch0:  C_CMD: RDCMD     C_r = 0x00d   at time  146246617 ps
inst0 ch0:  C_CMD: RDCMD     C_f = 0x07a   at time  146247031 ps
inst0 ch0:  R_CMD: ACTCMD    R_r0= 0x02    at time  146273941 ps
inst0 ch0:  R_CMD: ACTCMD    R_f0= 0x18    at time  146274355 ps
inst0 ch0:  R_CMD: ACTCMD    R_r1= 0x3f    at time  146274769 ps
inst0 ch0:  R_CMD: ACTCMD    R_f1= 0x3b    at time  146275183 ps
inst0 ch0:  R_CMD: ACTCMD    R_r0= 0x02    at time  146275597 ps
inst0 ch0:  R_CMD: ACTCMD    R_f0= 0x10    at time  146276011 ps
inst0 ch0:  R_CMD: ACTCMD    R_r1= 0x3f    at time  146276425 ps
inst0 ch0:  R_CMD: ACTCMD    R_f1= 0x3b    at time  146276839 ps
inst0 ch0:  C_CMD: WRCMD     C_r = 0x001   at time  146284705 ps
inst0 ch0:  C_CMD: WRCMD     C_f = 0x0f8   at time  146285119 ps
inst0 ch0:  C_CMD: WRCMD     C_r = 0x001   at time  146286361 ps
inst0 ch0:  C_CMD: WRCMD     C_f = 0x078   at time  146286775 ps
inst0 ch0:  C_CMD: WRCMD     C_r = 0x009   at time  146288017 ps
inst0 ch0:  C_CMD: WRCMD     C_f = 0x0fa   at time  146288431 ps
inst0 ch0:  C_CMD: WRCMD     C_r = 0x009   at time  146289673 ps
inst0 ch0:  C_CMD: WRCMD     C_f = 0x07a   at time  146290087 ps
inst0 ch0:  R_CMD: ACTCMD    R_r0= 0x02    at time  146326105 ps
inst0 ch0:  R_CMD: ACTCMD    R_f0= 0x19    at time  146326519 ps
inst0 ch0:  R_CMD: ACTCMD    R_r1= 0x3f    at time  146326933 ps
inst0 ch0:  R_CMD: ACTCMD    R_f1= 0x3b    at time  146327347 ps
inst0 ch0:  R_CMD: ACTCMD    R_r0= 0x02    at time  146327761 ps
inst0 ch0:  R_CMD: ACTCMD    R_f0= 0x11    at time  146328175 ps
inst0 ch0:  R_CMD: ACTCMD    R_r1= 0x3f    at time  146328589 ps
inst0 ch0:  R_CMD: ACTCMD    R_f1= 0x3b    at time  146329003 ps
inst0 ch0:  C_CMD: WRCMD     C_r = 0x001   at time  146336869 ps
inst0 ch0:  C_CMD: WRCMD     C_f = 0x0f8   at time  146337283 ps
inst0 ch0:  C_CMD: WRCMD     C_r = 0x001   at time  146338525 ps
inst0 ch0:  C_CMD: WRCMD     C_f = 0x078   at time  146338939 ps
inst0 ch0:  C_CMD: WRCMD     C_r = 0x009   at time  146340181 ps
inst0 ch0:  C_CMD: WRCMD     C_f = 0x0fa   at time  146340595 ps
inst0 ch0:  C_CMD: WRCMD     C_r = 0x009   at time  146341837 ps
inst0 ch0:  C_CMD: WRCMD     C_f = 0x07a   at time  146342251 ps
inst0 ch0:  R_CMD: ACTCMD    R_r0= 0x0a    at time  146433745 ps
inst0 ch0:  R_CMD: ACTCMD    R_f0= 0x18    at time  146434159 ps
inst0 ch0:  R_CMD: ACTCMD    R_r1= 0x3f    at time  146434573 ps
inst0 ch0:  R_CMD: ACTCMD    R_f1= 0x3b    at time  146434987 ps
inst0 ch0:  R_CMD: ACTCMD    R_r0= 0x0a    at time  146435401 ps
inst0 ch0:  R_CMD: ACTCMD    R_f0= 0x10    at time  146435815 ps
inst0 ch0:  R_CMD: ACTCMD    R_r1= 0x3f    at time  146436229 ps
inst0 ch0:  R_CMD: ACTCMD    R_f1= 0x3b    at time  146436643 ps
inst0 ch0:  C_CMD: RDCMD     C_r = 0x015   at time  146448649 ps
inst0 ch0:  C_CMD: RDCMD     C_f = 0x0f8   at time  146449063 ps
inst0 ch0:  C_CMD: RDCMD     C_r = 0x015   at time  146450305 ps
inst0 ch0:  C_CMD: RDCMD     C_f = 0x078   at time  146450719 ps
inst0 ch0:  C_CMD: RDCMD     C_r = 0x01d   at time  146451961 ps
inst0 ch0:  C_CMD: RDCMD     C_f = 0x0fa   at time  146452375 ps
inst0 ch0:  C_CMD: RDCMD     C_r = 0x01d   at time  146453617 ps
inst0 ch0:  C_CMD: RDCMD     C_f = 0x07a   at time  146454031 ps
inst0 ch0:  R_CMD: ACTCMD    R_r0= 0x0a    at time  146480941 ps
inst0 ch0:  R_CMD: ACTCMD    R_f0= 0x08    at time  146481355 ps
inst0 ch0:  R_CMD: ACTCMD    R_r1= 0x00    at time  146481769 ps
inst0 ch0:  R_CMD: ACTCMD    R_f1= 0x00    at time  146482183 ps
inst0 ch0:  R_CMD: ACTCMD    R_r0= 0x0a    at time  146482597 ps
inst0 ch0:  R_CMD: ACTCMD    R_f0= 0x00    at time  146483011 ps
inst0 ch0:  R_CMD: ACTCMD    R_r1= 0x00    at time  146483425 ps
inst0 ch0:  R_CMD: ACTCMD    R_f1= 0x00    at time  146483839 ps
inst0 ch0:  C_CMD: RDCMD     C_r = 0x015   at time  146495845 ps
inst0 ch0:  C_CMD: RDCMD     C_f = 0x0b8   at time  146496259 ps
inst0 ch0:  C_CMD: RDCMD     C_r = 0x015   at time  146497501 ps
inst0 ch0:  C_CMD: RDCMD     C_f = 0x038   at time  146497915 ps
inst0 ch0:  C_CMD: RDCMD     C_r = 0x015   at time  146499157 ps
inst0 ch0:  C_CMD: RDCMD     C_f = 0x0ba   at time  146499571 ps
inst0 ch0:  C_CMD: RDCMD     C_r = 0x015   at time  146500813 ps
inst0 ch0:  C_CMD: RDCMD     C_f = 0x03a   at time  146501227 ps
inst0 ch0:  C_CMD: RDCMD     C_r = 0x015   at time  146502469 ps
inst0 ch0:  C_CMD: RDCMD     C_f = 0x0b0   at time  146502883 ps
inst0 ch0:  C_CMD: RDCMD     C_r = 0x015   at time  146504125 ps
inst0 ch0:  C_CMD: RDCMD     C_f = 0x030   at time  146504539 ps
inst0 ch0:  C_CMD: RDCMD     C_r = 0x01d   at time  146505781 ps
inst0 ch0:  C_CMD: RDCMD     C_f = 0x0b2   at time  146506195 ps
inst0 ch0:  C_CMD: RDCMD     C_r = 0x01d   at time  146507437 ps
inst0 ch0:  C_CMD: RDCMD     C_f = 0x032   at time  146507851 ps
inst0 ch0:  R_CMD: ACTCMD    R_r0= 0x0a    at time  146528137 ps
inst0 ch0:  R_CMD: ACTCMD    R_f0= 0x19    at time  146528551 ps
inst0 ch0:  R_CMD: ACTCMD    R_r1= 0x3f    at time  146528965 ps
inst0 ch0:  R_CMD: ACTCMD    R_f1= 0x3b    at time  146529379 ps
inst0 ch0:  R_CMD: ACTCMD    R_r0= 0x0a    at time  146529793 ps
inst0 ch0:  R_CMD: ACTCMD    R_f0= 0x11    at time  146530207 ps
inst0 ch0:  R_CMD: ACTCMD    R_r1= 0x3f    at time  146530621 ps
inst0 ch0:  R_CMD: ACTCMD    R_f1= 0x3b    at time  146531035 ps
inst0 ch0:  C_CMD: RDCMD     C_r = 0x015   at time  146543041 ps
inst0 ch0:  C_CMD: RDCMD     C_f = 0x0f8   at time  146543455 ps
inst0 ch0:  C_CMD: RDCMD     C_r = 0x015   at time  146544697 ps
inst0 ch0:  C_CMD: RDCMD     C_f = 0x078   at time  146545111 ps
inst0 ch0:  C_CMD: RDCMD     C_r = 0x01d   at time  146546353 ps
inst0 ch0:  C_CMD: RDCMD     C_f = 0x0fa   at time  146546767 ps
inst0 ch0:  C_CMD: RDCMD     C_r = 0x01d   at time  146548009 ps
inst0 ch0:  C_CMD: RDCMD     C_f = 0x07a   at time  146548423 ps
inst0 ch0:  R_CMD: ACTCMD    R_r0= 0x0a    at time  146575333 ps
inst0 ch0:  R_CMD: ACTCMD    R_f0= 0x18    at time  146575747 ps
inst0 ch0:  R_CMD: ACTCMD    R_r1= 0x3f    at time  146576161 ps
inst0 ch0:  R_CMD: ACTCMD    R_f1= 0x3b    at time  146576575 ps
inst0 ch0:  R_CMD: ACTCMD    R_r0= 0x0a    at time  146576989 ps
inst0 ch0:  R_CMD: ACTCMD    R_f0= 0x10    at time  146577403 ps
inst0 ch0:  R_CMD: ACTCMD    R_r1= 0x3f    at time  146577817 ps
inst0 ch0:  R_CMD: ACTCMD    R_f1= 0x3b    at time  146578231 ps
inst0 ch0:  C_CMD: WRCMD     C_r = 0x011   at time  146586097 ps
inst0 ch0:  C_CMD: WRCMD     C_f = 0x0f8   at time  146586511 ps
inst0 ch0:  C_CMD: WRCMD     C_r = 0x011   at time  146587753 ps
inst0 ch0:  C_CMD: WRCMD     C_f = 0x078   at time  146588167 ps
inst0 ch0:  C_CMD: WRCMD     C_r = 0x019   at time  146589409 ps
inst0 ch0:  C_CMD: WRCMD     C_f = 0x0fa   at time  146589823 ps
inst0 ch0:  C_CMD: WRCMD     C_r = 0x019   at time  146591065 ps
inst0 ch0:  C_CMD: WRCMD     C_f = 0x07a   at time  146591479 ps
inst0 ch0:  R_CMD: ACTCMD    R_r0= 0x0a    at time  146627497 ps
inst0 ch0:  R_CMD: ACTCMD    R_f0= 0x08    at time  146627911 ps
inst0 ch0:  R_CMD: ACTCMD    R_r1= 0x00    at time  146628325 ps
inst0 ch0:  R_CMD: ACTCMD    R_f1= 0x00    at time  146628739 ps
inst0 ch0:  R_CMD: ACTCMD    R_r0= 0x0a    at time  146629153 ps
inst0 ch0:  R_CMD: ACTCMD    R_f0= 0x00    at time  146629567 ps
inst0 ch0:  R_CMD: ACTCMD    R_r1= 0x00    at time  146629981 ps
inst0 ch0:  R_CMD: ACTCMD    R_f1= 0x00    at time  146630395 ps
inst0 ch0:  C_CMD: WRCMD     C_r = 0x011   at time  146638261 ps
inst0 ch0:  C_CMD: WRCMD     C_f = 0x0b8   at time  146638675 ps
inst0 ch0:  C_CMD: WRCMD     C_r = 0x011   at time  146639917 ps
inst0 ch0:  C_CMD: WRCMD     C_f = 0x038   at time  146640331 ps
inst0 ch0:  C_CMD: WRCMD     C_r = 0x011   at time  146641573 ps
inst0 ch0:  C_CMD: WRCMD     C_f = 0x0ba   at time  146641987 ps
inst0 ch0:  C_CMD: WRCMD     C_r = 0x011   at time  146643229 ps
inst0 ch0:  C_CMD: WRCMD     C_f = 0x03a   at time  146643643 ps
inst0 ch0:  C_CMD: WRCMD     C_r = 0x011   at time  146644885 ps
inst0 ch0:  C_CMD: WRCMD     C_f = 0x0b0   at time  146645299 ps
inst0 ch0:  C_CMD: WRCMD     C_r = 0x011   at time  146646541 ps
inst0 ch0:  C_CMD: WRCMD     C_f = 0x030   at time  146646955 ps
inst0 ch0:  C_CMD: WRCMD     C_r = 0x019   at time  146648197 ps
inst0 ch0:  C_CMD: WRCMD     C_f = 0x0b2   at time  146648611 ps
inst0 ch0:  C_CMD: WRCMD     C_r = 0x019   at time  146649853 ps
inst0 ch0:  C_CMD: WRCMD     C_f = 0x032   at time  146650267 ps
inst0 ch0:  R_CMD: ACTCMD    R_r0= 0x0a    at time  146686285 ps
inst0 ch0:  R_CMD: ACTCMD    R_f0= 0x19    at time  146686699 ps
inst0 ch0:  R_CMD: ACTCMD    R_r1= 0x3f    at time  146687113 ps
inst0 ch0:  R_CMD: ACTCMD    R_f1= 0x3b    at time  146687527 ps
inst0 ch0:  R_CMD: ACTCMD    R_r0= 0x0a    at time  146687941 ps
inst0 ch0:  R_CMD: ACTCMD    R_f0= 0x11    at time  146688355 ps
inst0 ch0:  R_CMD: ACTCMD    R_r1= 0x3f    at time  146688769 ps
inst0 ch0:  R_CMD: ACTCMD    R_f1= 0x3b    at time  146689183 ps
inst0 ch0:  C_CMD: WRCMD     C_r = 0x011   at time  146697049 ps
inst0 ch0:  C_CMD: WRCMD     C_f = 0x0f8   at time  146697463 ps
inst0 ch0:  C_CMD: WRCMD     C_r = 0x011   at time  146698705 ps
inst0 ch0:  C_CMD: WRCMD     C_f = 0x078   at time  146699119 ps
inst0 ch0:  C_CMD: WRCMD     C_r = 0x019   at time  146700361 ps
inst0 ch0:  C_CMD: WRCMD     C_f = 0x0fa   at time  146700775 ps
inst0 ch0:  C_CMD: WRCMD     C_r = 0x019   at time  146702017 ps
inst0 ch0:  C_CMD: WRCMD     C_f = 0x07a   at time  146702431 ps
inst0 ch0:  R_CMD: ACTCMD    R_r0= 0x02    at time  147197161 ps
inst0 ch0:  R_CMD: ACTCMD    R_f0= 0x38    at time  147197575 ps
inst0 ch0:  R_CMD: ACTCMD    R_r1= 0x3f    at time  147197989 ps
inst0 ch0:  R_CMD: ACTCMD    R_f1= 0x3b    at time  147198403 ps
inst0 ch0:  R_CMD: ACTCMD    R_r0= 0x02    at time  147198817 ps
inst0 ch0:  R_CMD: ACTCMD    R_f0= 0x30    at time  147199231 ps
inst0 ch0:  R_CMD: ACTCMD    R_r1= 0x3f    at time  147199645 ps
inst0 ch0:  R_CMD: ACTCMD    R_f1= 0x3b    at time  147200059 ps
inst0 ch0:  C_CMD: RDCMD     C_r = 0x085   at time  147212065 ps
inst0 ch0:  C_CMD: RDCMD     C_f = 0x0f8   at time  147212479 ps
inst0 ch0:  C_CMD: RDCMD     C_r = 0x085   at time  147213721 ps
inst0 ch0:  C_CMD: RDCMD     C_f = 0x078   at time  147214135 ps
inst0 ch0:  C_CMD: RDCMD     C_r = 0x08d   at time  147215377 ps
inst0 ch0:  C_CMD: RDCMD     C_f = 0x0fa   at time  147215791 ps
inst0 ch0:  C_CMD: RDCMD     C_r = 0x08d   at time  147217033 ps
inst0 ch0:  C_CMD: RDCMD     C_f = 0x07a   at time  147217447 ps
inst0 ch0:  R_CMD: ACTCMD    R_r0= 0x02    at time  147269197 ps
inst0 ch0:  R_CMD: ACTCMD    R_f0= 0x30    at time  147269611 ps
inst0 ch0:  R_CMD: ACTCMD    R_r1= 0x3f    at time  147270025 ps
inst0 ch0:  R_CMD: ACTCMD    R_f1= 0x3b    at time  147270439 ps
inst0 ch0:  R_CMD: ACTCMD    R_r0= 0x02    at time  147270853 ps
inst0 ch0:  R_CMD: ACTCMD    R_f0= 0x38    at time  147271267 ps
inst0 ch0:  R_CMD: ACTCMD    R_r1= 0x3f    at time  147271681 ps
inst0 ch0:  R_CMD: ACTCMD    R_f1= 0x3b    at time  147272095 ps
inst0 ch0:  C_CMD: WRCMD     C_r = 0x081   at time  147279961 ps
inst0 ch0:  C_CMD: WRCMD     C_f = 0x078   at time  147280375 ps
inst0 ch0:  C_CMD: WRCMD     C_r = 0x081   at time  147281617 ps
inst0 ch0:  C_CMD: WRCMD     C_f = 0x0f8   at time  147282031 ps
inst0 ch0:  C_CMD: WRCMD     C_r = 0x089   at time  147283273 ps
inst0 ch0:  C_CMD: WRCMD     C_f = 0x07a   at time  147283687 ps
inst0 ch0:  C_CMD: WRCMD     C_r = 0x089   at time  147284929 ps
inst0 ch0:  C_CMD: WRCMD     C_f = 0x0fa   at time  147285343 ps
inst0 ch0:  R_CMD: ACTCMD    R_r0= 0x0a    at time  147450529 ps
inst0 ch0:  R_CMD: ACTCMD    R_f0= 0x30    at time  147450943 ps
inst0 ch0:  R_CMD: ACTCMD    R_r1= 0x3f    at time  147451357 ps
inst0 ch0:  R_CMD: ACTCMD    R_f1= 0x3b    at time  147451771 ps
inst0 ch0:  R_CMD: ACTCMD    R_r0= 0x0a    at time  147453013 ps
inst0 ch0:  R_CMD: ACTCMD    R_f0= 0x38    at time  147453427 ps
inst0 ch0:  R_CMD: ACTCMD    R_r1= 0x3f    at time  147453841 ps
inst0 ch0:  R_CMD: ACTCMD    R_f1= 0x3b    at time  147454255 ps
inst0 ch0:  C_CMD: RDCMD     C_r = 0x095   at time  147465433 ps
inst0 ch0:  C_CMD: RDCMD     C_f = 0x078   at time  147465847 ps
inst0 ch0:  C_CMD: RDCMD     C_r = 0x095   at time  147467917 ps
inst0 ch0:  C_CMD: RDCMD     C_f = 0x0f8   at time  147468331 ps
inst0 ch0:  C_CMD: RDCMD     C_r = 0x09d   at time  147468745 ps
inst0 ch0:  C_CMD: RDCMD     C_f = 0x07a   at time  147469159 ps
inst0 ch0:  C_CMD: RDCMD     C_r = 0x09d   at time  147471229 ps
inst0 ch0:  C_CMD: RDCMD     C_f = 0x0fa   at time  147471643 ps
inst0 ch0:  R_CMD: ACTCMD    R_r0= 0x0a    at time  147650077 ps
inst0 ch0:  R_CMD: ACTCMD    R_f0= 0x30    at time  147650491 ps
inst0 ch0:  R_CMD: ACTCMD    R_r1= 0x3f    at time  147650905 ps
inst0 ch0:  R_CMD: ACTCMD    R_f1= 0x3b    at time  147651319 ps
inst0 ch0:  R_CMD: ACTCMD    R_r0= 0x0a    at time  147651733 ps
inst0 ch0:  R_CMD: ACTCMD    R_f0= 0x38    at time  147652147 ps
inst0 ch0:  R_CMD: ACTCMD    R_r1= 0x3f    at time  147652561 ps
inst0 ch0:  R_CMD: ACTCMD    R_f1= 0x3b    at time  147652975 ps
inst0 ch0:  C_CMD: WRCMD     C_r = 0x091   at time  147660841 ps
inst0 ch0:  C_CMD: WRCMD     C_f = 0x078   at time  147661255 ps
inst0 ch0:  C_CMD: WRCMD     C_r = 0x091   at time  147662497 ps
inst0 ch0:  C_CMD: WRCMD     C_f = 0x0f8   at time  147662911 ps
inst0 ch0:  C_CMD: WRCMD     C_r = 0x099   at time  147664153 ps
inst0 ch0:  C_CMD: WRCMD     C_f = 0x07a   at time  147664567 ps
inst0 ch0:  C_CMD: WRCMD     C_r = 0x099   at time  147665809 ps
inst0 ch0:  C_CMD: WRCMD     C_f = 0x0fa   at time  147666223 ps
