inst0 ch0:  R_CMD: ACTCMD    R_r0= 0x0e    at time   33400981 ps
inst0 ch0:  R_CMD: ACTCMD    R_f0= 0x28    at time   33401395 ps
inst0 ch0:  R_CMD: ACTCMD    R_r1= 0x00    at time   33401809 ps
inst0 ch0:  R_CMD: ACTCMD    R_f1= 0x02    at time   33402223 ps
inst0 ch0:  R_CMD: ACTCMD    R_r0= 0x0e    at time   33402637 ps
inst0 ch0:  R_CMD: ACTCMD    R_f0= 0x20    at time   33403051 ps
inst0 ch0:  R_CMD: ACTCMD    R_r1= 0x00    at time   33403465 ps
inst0 ch0:  R_CMD: ACTCMD    R_f1= 0x02    at time   33403879 ps
inst0 ch0:  C_CMD: WRCMD     C_r = 0x091   at time   33411745 ps
inst0 ch0:  C_CMD: WRCMD     C_f = 0x0a9   at time   33412159 ps
inst0 ch0:  C_CMD: WRCMD     C_r = 0x091   at time   33413401 ps
inst0 ch0:  C_CMD: WRCMD     C_f = 0x029   at time   33413815 ps
inst0 ch0:  C_CMD: WRCMD     C_r = 0x091   at time   33415057 ps
inst0 ch0:  C_CMD: WRCMD     C_f = 0x0ab   at time   33415471 ps
inst0 ch0:  C_CMD: WRCMD     C_r = 0x091   at time   33416713 ps
inst0 ch0:  C_CMD: WRCMD     C_f = 0x02b   at time   33417127 ps
inst0 ch0:  C_CMD: WRCMD     C_r = 0x091   at time   33418369 ps
inst0 ch0:  C_CMD: WRCMD     C_f = 0x0a1   at time   33418783 ps
inst0 ch0:  C_CMD: WRCMD     C_r = 0x091   at time   33420025 ps
inst0 ch0:  C_CMD: WRCMD     C_f = 0x021   at time   33420439 ps
inst0 ch0:  C_CMD: WRCMD     C_r = 0x099   at time   33421681 ps
inst0 ch0:  C_CMD: WRCMD     C_f = 0x0a3   at time   33422095 ps
inst0 ch0:  C_CMD: WRCMD     C_r = 0x099   at time   33423337 ps
inst0 ch0:  C_CMD: WRCMD     C_f = 0x023   at time   33423751 ps
inst0 ch0:  R_CMD: ACTCMD    R_r0= 0x2e    at time   37600597 ps
inst0 ch0:  R_CMD: ACTCMD    R_f0= 0x28    at time   37601011 ps
inst0 ch0:  R_CMD: ACTCMD    R_r1= 0x00    at time   37601425 ps
inst0 ch0:  R_CMD: ACTCMD    R_f1= 0x02    at time   37601839 ps
inst0 ch0:  R_CMD: ACTCMD    R_r0= 0x2e    at time   37602253 ps
inst0 ch0:  R_CMD: ACTCMD    R_f0= 0x20    at time   37602667 ps
inst0 ch0:  R_CMD: ACTCMD    R_r1= 0x00    at time   37603081 ps
inst0 ch0:  R_CMD: ACTCMD    R_f1= 0x02    at time   37603495 ps
inst0 ch0:  C_CMD: WRCMD     C_r = 0x0d1   at time   37611361 ps
inst0 ch0:  C_CMD: WRCMD     C_f = 0x0a9   at time   37611775 ps
inst0 ch0:  C_CMD: WRCMD     C_r = 0x0d1   at time   37613017 ps
inst0 ch0:  C_CMD: WRCMD     C_f = 0x029   at time   37613431 ps
inst0 ch0:  C_CMD: WRCMD     C_r = 0x0d1   at time   37614673 ps
inst0 ch0:  C_CMD: WRCMD     C_f = 0x0ab   at time   37615087 ps
inst0 ch0:  C_CMD: WRCMD     C_r = 0x0d9   at time   37616329 ps
inst0 ch0:  C_CMD: WRCMD     C_f = 0x02b   at time   37616743 ps
inst0 ch0:  C_CMD: WRCMD     C_r = 0x0d1   at time   37617985 ps
inst0 ch0:  C_CMD: WRCMD     C_f = 0x0a1   at time   37618399 ps
inst0 ch0:  C_CMD: WRCMD     C_r = 0x0d9   at time   37621297 ps
inst0 ch0:  C_CMD: WRCMD     C_f = 0x0a3   at time   37621711 ps
inst0 ch0:  R_CMD: ACTCMD    R_r0= 0x2e    at time   37654417 ps
inst0 ch0:  R_CMD: ACTCMD    R_f0= 0x20    at time   37654831 ps
inst0 ch0:  R_CMD: ACTCMD    R_r1= 0x00    at time   37655245 ps
inst0 ch0:  R_CMD: ACTCMD    R_f1= 0x02    at time   37655659 ps
inst0 ch0:  C_CMD: WRCMD     C_r = 0x0d1   at time   37665181 ps
inst0 ch0:  C_CMD: WRCMD     C_f = 0x021   at time   37665595 ps
inst0 ch0:  C_CMD: WRCMD     C_r = 0x0d9   at time   37668493 ps
inst0 ch0:  C_CMD: WRCMD     C_f = 0x023   at time   37668907 ps
inst0 ch0:  R_CMD: ACTCMD    R_r0= 0x22    at time   54786565 ps
inst0 ch0:  R_CMD: ACTCMD    R_f0= 0x22    at time   54786979 ps
inst0 ch0:  R_CMD: ACTCMD    R_r1= 0x00    at time   54787393 ps
inst0 ch0:  R_CMD: ACTCMD    R_f1= 0x00    at time   54787807 ps
inst0 ch0:  R_CMD: ACTCMD    R_r0= 0x22    at time   54788221 ps
inst0 ch0:  R_CMD: ACTCMD    R_f0= 0x2a    at time   54788635 ps
inst0 ch0:  R_CMD: ACTCMD    R_r1= 0x00    at time   54789049 ps
inst0 ch0:  R_CMD: ACTCMD    R_f1= 0x00    at time   54789463 ps
inst0 ch0:  R_CMD: ACTCMD    R_r0= 0x02    at time   54790705 ps
inst0 ch0:  R_CMD: ACTCMD    R_f0= 0x22    at time   54791119 ps
inst0 ch0:  R_CMD: ACTCMD    R_r1= 0x00    at time   54791533 ps
inst0 ch0:  R_CMD: ACTCMD    R_f1= 0x00    at time   54791947 ps
inst0 ch0:  R_CMD: ACTCMD    R_r0= 0x02    at time   54792361 ps
inst0 ch0:  R_CMD: ACTCMD    R_f0= 0x2a    at time   54792775 ps
inst0 ch0:  R_CMD: ACTCMD    R_r1= 0x00    at time   54793189 ps
inst0 ch0:  R_CMD: ACTCMD    R_f1= 0x00    at time   54793603 ps
inst0 ch0:  R_CMD: ACTCMD    R_r0= 0x22    at time   54794845 ps
inst0 ch0:  R_CMD: ACTCMD    R_f0= 0x02    at time   54795259 ps
inst0 ch0:  R_CMD: ACTCMD    R_r1= 0x00    at time   54795673 ps
inst0 ch0:  R_CMD: ACTCMD    R_f1= 0x00    at time   54796087 ps
inst0 ch0:  R_CMD: ACTCMD    R_r0= 0x22    at time   54796501 ps
inst0 ch0:  R_CMD: ACTCMD    R_f0= 0x0a    at time   54796915 ps
inst0 ch0:  R_CMD: ACTCMD    R_r1= 0x00    at time   54797329 ps
inst0 ch0:  R_CMD: ACTCMD    R_f1= 0x00    at time   54797743 ps
inst0 ch0:  R_CMD: ACTCMD    R_r0= 0x02    at time   54798985 ps
inst0 ch0:  R_CMD: ACTCMD    R_f0= 0x02    at time   54799399 ps
inst0 ch0:  R_CMD: ACTCMD    R_r1= 0x00    at time   54799813 ps
inst0 ch0:  R_CMD: ACTCMD    R_f1= 0x00    at time   54800227 ps
inst0 ch0:  R_CMD: ACTCMD    R_r0= 0x02    at time   54800641 ps
inst0 ch0:  R_CMD: ACTCMD    R_f0= 0x0a    at time   54801055 ps
inst0 ch0:  R_CMD: ACTCMD    R_r1= 0x00    at time   54801469 ps
inst0 ch0:  C_CMD: RDCMD     C_r = 0x0c5   at time   54801469 ps
inst0 ch0:  R_CMD: ACTCMD    R_f1= 0x00    at time   54801883 ps
inst0 ch0:  C_CMD: RDCMD     C_f = 0x000   at time   54801883 ps
inst0 ch0:  C_CMD: RDCMD     C_r = 0x0c5   at time   54803125 ps
inst0 ch0:  C_CMD: RDCMD     C_f = 0x080   at time   54803539 ps
inst0 ch0:  C_CMD: RDCMD     C_r = 0x0cd   at time   54804781 ps
inst0 ch0:  C_CMD: RDCMD     C_f = 0x002   at time   54805195 ps
inst0 ch0:  C_CMD: RDCMD     C_r = 0x085   at time   54806437 ps
inst0 ch0:  C_CMD: RDCMD     C_f = 0x000   at time   54806851 ps
inst0 ch0:  C_CMD: RDCMD     C_r = 0x0cd   at time   54807265 ps
inst0 ch0:  C_CMD: RDCMD     C_f = 0x082   at time   54807679 ps
inst0 ch0:  C_CMD: RDCMD     C_r = 0x085   at time   54808921 ps
inst0 ch0:  C_CMD: RDCMD     C_f = 0x080   at time   54809335 ps
inst0 ch0:  C_CMD: RDCMD     C_r = 0x08d   at time   54809749 ps
inst0 ch0:  C_CMD: RDCMD     C_f = 0x002   at time   54810163 ps
inst0 ch0:  C_CMD: RDCMD     C_r = 0x045   at time   54811405 ps
inst0 ch0:  C_CMD: RDCMD     C_f = 0x000   at time   54811819 ps
inst0 ch0:  C_CMD: RDCMD     C_r = 0x08d   at time   54812233 ps
inst0 ch0:  C_CMD: RDCMD     C_f = 0x082   at time   54812647 ps
inst0 ch0:  C_CMD: RDCMD     C_r = 0x005   at time   54813889 ps
inst0 ch0:  C_CMD: RDCMD     C_f = 0x000   at time   54814303 ps
inst0 ch0:  C_CMD: RDCMD     C_r = 0x045   at time   54814717 ps
inst0 ch0:  C_CMD: RDCMD     C_f = 0x080   at time   54815131 ps
inst0 ch0:  C_CMD: RDCMD     C_r = 0x04d   at time   54815545 ps
inst0 ch0:  C_CMD: RDCMD     C_f = 0x002   at time   54815959 ps
inst0 ch0:  C_CMD: RDCMD     C_r = 0x005   at time   54816373 ps
inst0 ch0:  C_CMD: RDCMD     C_f = 0x080   at time   54816787 ps
inst0 ch0:  C_CMD: RDCMD     C_r = 0x00d   at time   54817201 ps
inst0 ch0:  C_CMD: RDCMD     C_f = 0x002   at time   54817615 ps
inst0 ch0:  C_CMD: RDCMD     C_r = 0x04d   at time   54818029 ps
inst0 ch0:  C_CMD: RDCMD     C_f = 0x082   at time   54818443 ps
inst0 ch0:  C_CMD: RDCMD     C_r = 0x00d   at time   54819685 ps
inst0 ch0:  C_CMD: RDCMD     C_f = 0x082   at time   54820099 ps
inst0 ch0:  R_CMD: ACTCMD    R_r0= 0x2a    at time   55374445 ps
inst0 ch0:  R_CMD: ACTCMD    R_f0= 0x22    at time   55374859 ps
inst0 ch0:  R_CMD: ACTCMD    R_r1= 0x00    at time   55375273 ps
inst0 ch0:  R_CMD: ACTCMD    R_f1= 0x00    at time   55375687 ps
inst0 ch0:  R_CMD: ACTCMD    R_r0= 0x0a    at time   55378585 ps
inst0 ch0:  R_CMD: ACTCMD    R_f0= 0x22    at time   55378999 ps
inst0 ch0:  R_CMD: ACTCMD    R_r1= 0x00    at time   55379413 ps
inst0 ch0:  R_CMD: ACTCMD    R_f1= 0x00    at time   55379827 ps
inst0 ch0:  R_CMD: ACTCMD    R_r0= 0x2a    at time   55380241 ps
inst0 ch0:  R_CMD: ACTCMD    R_f0= 0x2a    at time   55380655 ps
inst0 ch0:  R_CMD: ACTCMD    R_r1= 0x00    at time   55381069 ps
inst0 ch0:  R_CMD: ACTCMD    R_f1= 0x00    at time   55381483 ps
inst0 ch0:  R_CMD: ACTCMD    R_r0= 0x2a    at time   55382725 ps
inst0 ch0:  R_CMD: ACTCMD    R_f0= 0x02    at time   55383139 ps
inst0 ch0:  R_CMD: ACTCMD    R_r1= 0x00    at time   55383553 ps
inst0 ch0:  R_CMD: ACTCMD    R_f1= 0x00    at time   55383967 ps
inst0 ch0:  R_CMD: ACTCMD    R_r0= 0x0a    at time   55384381 ps
inst0 ch0:  R_CMD: ACTCMD    R_f0= 0x2a    at time   55384795 ps
inst0 ch0:  R_CMD: ACTCMD    R_r1= 0x00    at time   55385209 ps
inst0 ch0:  R_CMD: ACTCMD    R_f1= 0x00    at time   55385623 ps
inst0 ch0:  R_CMD: ACTCMD    R_r0= 0x0a    at time   55386865 ps
inst0 ch0:  R_CMD: ACTCMD    R_f0= 0x02    at time   55387279 ps
inst0 ch0:  R_CMD: ACTCMD    R_r1= 0x00    at time   55387693 ps
inst0 ch0:  R_CMD: ACTCMD    R_f1= 0x00    at time   55388107 ps
inst0 ch0:  R_CMD: ACTCMD    R_r0= 0x2a    at time   55388521 ps
inst0 ch0:  R_CMD: ACTCMD    R_f0= 0x0a    at time   55388935 ps
inst0 ch0:  R_CMD: ACTCMD    R_r1= 0x00    at time   55389349 ps
inst0 ch0:  C_CMD: RDCMD     C_r = 0x0d5   at time   55389349 ps
inst0 ch0:  R_CMD: ACTCMD    R_f1= 0x00    at time   55389763 ps
inst0 ch0:  C_CMD: RDCMD     C_f = 0x000   at time   55389763 ps
inst0 ch0:  R_CMD: ACTCMD    R_r0= 0x0a    at time   55392661 ps
inst0 ch0:  C_CMD: RDCMD     C_r = 0x0dd   at time   55392661 ps
inst0 ch0:  R_CMD: ACTCMD    R_f0= 0x0a    at time   55393075 ps
inst0 ch0:  C_CMD: RDCMD     C_f = 0x002   at time   55393075 ps
inst0 ch0:  R_CMD: ACTCMD    R_r1= 0x00    at time   55393489 ps
inst0 ch0:  R_CMD: ACTCMD    R_f1= 0x00    at time   55393903 ps
inst0 ch0:  C_CMD: RDCMD     C_r = 0x095   at time   55394317 ps
inst0 ch0:  C_CMD: RDCMD     C_f = 0x000   at time   55394731 ps
inst0 ch0:  C_CMD: RDCMD     C_r = 0x0d5   at time   55395145 ps
inst0 ch0:  C_CMD: RDCMD     C_f = 0x080   at time   55395559 ps
inst0 ch0:  C_CMD: RDCMD     C_r = 0x09d   at time   55397629 ps
inst0 ch0:  C_CMD: RDCMD     C_f = 0x002   at time   55398043 ps
inst0 ch0:  C_CMD: RDCMD     C_r = 0x0dd   at time   55398457 ps
inst0 ch0:  C_CMD: RDCMD     C_f = 0x082   at time   55398871 ps
inst0 ch0:  C_CMD: RDCMD     C_r = 0x055   at time   55399285 ps
inst0 ch0:  C_CMD: RDCMD     C_f = 0x000   at time   55399699 ps
inst0 ch0:  C_CMD: RDCMD     C_r = 0x095   at time   55400113 ps
inst0 ch0:  C_CMD: RDCMD     C_f = 0x080   at time   55400527 ps
inst0 ch0:  C_CMD: RDCMD     C_r = 0x015   at time   55401769 ps
inst0 ch0:  C_CMD: RDCMD     C_f = 0x000   at time   55402183 ps
inst0 ch0:  C_CMD: RDCMD     C_r = 0x05d   at time   55403425 ps
inst0 ch0:  C_CMD: RDCMD     C_f = 0x002   at time   55403839 ps
inst0 ch0:  C_CMD: RDCMD     C_r = 0x09d   at time   55404253 ps
inst0 ch0:  C_CMD: RDCMD     C_f = 0x082   at time   55404667 ps
inst0 ch0:  C_CMD: RDCMD     C_r = 0x01d   at time   55405081 ps
inst0 ch0:  C_CMD: RDCMD     C_f = 0x002   at time   55405495 ps
inst0 ch0:  C_CMD: RDCMD     C_r = 0x055   at time   55405909 ps
inst0 ch0:  C_CMD: RDCMD     C_f = 0x080   at time   55406323 ps
inst0 ch0:  C_CMD: RDCMD     C_r = 0x015   at time   55407565 ps
inst0 ch0:  C_CMD: RDCMD     C_f = 0x080   at time   55407979 ps
inst0 ch0:  C_CMD: RDCMD     C_r = 0x05d   at time   55409221 ps
inst0 ch0:  C_CMD: RDCMD     C_f = 0x082   at time   55409635 ps
inst0 ch0:  C_CMD: RDCMD     C_r = 0x01d   at time   55410877 ps
inst0 ch0:  C_CMD: RDCMD     C_f = 0x082   at time   55411291 ps
inst0 ch0:  R_CMD: ACTCMD    R_r0= 0x32    at time   55651825 ps
inst0 ch0:  R_CMD: ACTCMD    R_f0= 0x22    at time   55652239 ps
inst0 ch0:  R_CMD: ACTCMD    R_r1= 0x00    at time   55652653 ps
inst0 ch0:  R_CMD: ACTCMD    R_f1= 0x00    at time   55653067 ps
inst0 ch0:  R_CMD: ACTCMD    R_r0= 0x12    at time   55655965 ps
inst0 ch0:  R_CMD: ACTCMD    R_f0= 0x22    at time   55656379 ps
inst0 ch0:  R_CMD: ACTCMD    R_r1= 0x00    at time   55656793 ps
inst0 ch0:  R_CMD: ACTCMD    R_f1= 0x00    at time   55657207 ps
inst0 ch0:  R_CMD: ACTCMD    R_r0= 0x32    at time   55657621 ps
inst0 ch0:  R_CMD: ACTCMD    R_f0= 0x2a    at time   55658035 ps
inst0 ch0:  R_CMD: ACTCMD    R_r1= 0x00    at time   55658449 ps
inst0 ch0:  R_CMD: ACTCMD    R_f1= 0x00    at time   55658863 ps
inst0 ch0:  R_CMD: ACTCMD    R_r0= 0x32    at time   55660105 ps
inst0 ch0:  R_CMD: ACTCMD    R_f0= 0x02    at time   55660519 ps
inst0 ch0:  R_CMD: ACTCMD    R_r1= 0x00    at time   55660933 ps
inst0 ch0:  R_CMD: ACTCMD    R_f1= 0x00    at time   55661347 ps
inst0 ch0:  R_CMD: ACTCMD    R_r0= 0x12    at time   55661761 ps
inst0 ch0:  R_CMD: ACTCMD    R_f0= 0x2a    at time   55662175 ps
inst0 ch0:  R_CMD: ACTCMD    R_r1= 0x00    at time   55662589 ps
inst0 ch0:  R_CMD: ACTCMD    R_f1= 0x00    at time   55663003 ps
inst0 ch0:  R_CMD: ACTCMD    R_r0= 0x12    at time   55664245 ps
inst0 ch0:  R_CMD: ACTCMD    R_f0= 0x02    at time   55664659 ps
inst0 ch0:  R_CMD: ACTCMD    R_r1= 0x00    at time   55665073 ps
inst0 ch0:  R_CMD: ACTCMD    R_f1= 0x00    at time   55665487 ps
inst0 ch0:  R_CMD: ACTCMD    R_r0= 0x32    at time   55665901 ps
inst0 ch0:  R_CMD: ACTCMD    R_f0= 0x0a    at time   55666315 ps
inst0 ch0:  R_CMD: ACTCMD    R_r1= 0x00    at time   55666729 ps
inst0 ch0:  C_CMD: RDCMD     C_r = 0x0e5   at time   55666729 ps
inst0 ch0:  R_CMD: ACTCMD    R_f1= 0x00    at time   55667143 ps
inst0 ch0:  C_CMD: RDCMD     C_f = 0x000   at time   55667143 ps
inst0 ch0:  R_CMD: ACTCMD    R_r0= 0x12    at time   55670041 ps
inst0 ch0:  C_CMD: RDCMD     C_r = 0x0ed   at time   55670041 ps
inst0 ch0:  R_CMD: ACTCMD    R_f0= 0x0a    at time   55670455 ps
inst0 ch0:  C_CMD: RDCMD     C_f = 0x002   at time   55670455 ps
inst0 ch0:  R_CMD: ACTCMD    R_r1= 0x00    at time   55670869 ps
inst0 ch0:  R_CMD: ACTCMD    R_f1= 0x00    at time   55671283 ps
inst0 ch0:  C_CMD: RDCMD     C_r = 0x0a5   at time   55671697 ps
inst0 ch0:  C_CMD: RDCMD     C_f = 0x000   at time   55672111 ps
inst0 ch0:  C_CMD: RDCMD     C_r = 0x0e5   at time   55672525 ps
inst0 ch0:  C_CMD: RDCMD     C_f = 0x080   at time   55672939 ps
inst0 ch0:  C_CMD: RDCMD     C_r = 0x0ad   at time   55675009 ps
inst0 ch0:  C_CMD: RDCMD     C_f = 0x002   at time   55675423 ps
inst0 ch0:  C_CMD: RDCMD     C_r = 0x0ed   at time   55675837 ps
inst0 ch0:  C_CMD: RDCMD     C_f = 0x082   at time   55676251 ps
inst0 ch0:  C_CMD: RDCMD     C_r = 0x065   at time   55676665 ps
inst0 ch0:  C_CMD: RDCMD     C_f = 0x000   at time   55677079 ps
inst0 ch0:  C_CMD: RDCMD     C_r = 0x0a5   at time   55677493 ps
inst0 ch0:  C_CMD: RDCMD     C_f = 0x080   at time   55677907 ps
inst0 ch0:  C_CMD: RDCMD     C_r = 0x025   at time   55679149 ps
inst0 ch0:  C_CMD: RDCMD     C_f = 0x000   at time   55679563 ps
inst0 ch0:  C_CMD: RDCMD     C_r = 0x06d   at time   55680805 ps
inst0 ch0:  C_CMD: RDCMD     C_f = 0x002   at time   55681219 ps
inst0 ch0:  C_CMD: RDCMD     C_r = 0x0ad   at time   55681633 ps
inst0 ch0:  C_CMD: RDCMD     C_f = 0x082   at time   55682047 ps
inst0 ch0:  C_CMD: RDCMD     C_r = 0x02d   at time   55682461 ps
inst0 ch0:  C_CMD: RDCMD     C_f = 0x002   at time   55682875 ps
inst0 ch0:  C_CMD: RDCMD     C_r = 0x065   at time   55683289 ps
inst0 ch0:  C_CMD: RDCMD     C_f = 0x080   at time   55683703 ps
inst0 ch0:  C_CMD: RDCMD     C_r = 0x025   at time   55684945 ps
inst0 ch0:  C_CMD: RDCMD     C_f = 0x080   at time   55685359 ps
inst0 ch0:  C_CMD: RDCMD     C_r = 0x06d   at time   55686601 ps
inst0 ch0:  C_CMD: RDCMD     C_f = 0x082   at time   55687015 ps
inst0 ch0:  C_CMD: RDCMD     C_r = 0x02d   at time   55688257 ps
inst0 ch0:  C_CMD: RDCMD     C_f = 0x082   at time   55688671 ps
inst0 ch0:  R_CMD: ACTCMD    R_r0= 0x3a    at time   56044297 ps
inst0 ch0:  R_CMD: ACTCMD    R_f0= 0x2a    at time   56044711 ps
inst0 ch0:  R_CMD: ACTCMD    R_r1= 0x00    at time   56045125 ps
inst0 ch0:  R_CMD: ACTCMD    R_f1= 0x00    at time   56045539 ps
inst0 ch0:  R_CMD: ACTCMD    R_r0= 0x1a    at time   56048437 ps
inst0 ch0:  R_CMD: ACTCMD    R_f0= 0x2a    at time   56048851 ps
inst0 ch0:  R_CMD: ACTCMD    R_r1= 0x00    at time   56049265 ps
inst0 ch0:  R_CMD: ACTCMD    R_f1= 0x00    at time   56049679 ps
inst0 ch0:  R_CMD: ACTCMD    R_r0= 0x3a    at time   56052577 ps
inst0 ch0:  R_CMD: ACTCMD    R_f0= 0x0a    at time   56052991 ps
inst0 ch0:  R_CMD: ACTCMD    R_r1= 0x00    at time   56053405 ps
inst0 ch0:  R_CMD: ACTCMD    R_f1= 0x00    at time   56053819 ps
inst0 ch0:  R_CMD: ACTCMD    R_r0= 0x1a    at time   56056717 ps
inst0 ch0:  R_CMD: ACTCMD    R_f0= 0x0a    at time   56057131 ps
inst0 ch0:  R_CMD: ACTCMD    R_r1= 0x00    at time   56057545 ps
inst0 ch0:  R_CMD: ACTCMD    R_f1= 0x00    at time   56057959 ps
inst0 ch0:  C_CMD: RDCMD     C_r = 0x0f5   at time   56059201 ps
inst0 ch0:  C_CMD: RDCMD     C_f = 0x080   at time   56059615 ps
inst0 ch0:  C_CMD: RDCMD     C_r = 0x0fd   at time   56062513 ps
inst0 ch0:  C_CMD: RDCMD     C_f = 0x082   at time   56062927 ps
inst0 ch0:  C_CMD: RDCMD     C_r = 0x0b5   at time   56064169 ps
inst0 ch0:  C_CMD: RDCMD     C_f = 0x080   at time   56064583 ps
inst0 ch0:  C_CMD: RDCMD     C_r = 0x0bd   at time   56067481 ps
inst0 ch0:  C_CMD: RDCMD     C_f = 0x082   at time   56067895 ps
inst0 ch0:  C_CMD: RDCMD     C_r = 0x075   at time   56069137 ps
inst0 ch0:  C_CMD: RDCMD     C_f = 0x080   at time   56069551 ps
inst0 ch0:  C_CMD: RDCMD     C_r = 0x035   at time   56071621 ps
inst0 ch0:  C_CMD: RDCMD     C_f = 0x080   at time   56072035 ps
inst0 ch0:  C_CMD: RDCMD     C_r = 0x07d   at time   56073277 ps
inst0 ch0:  C_CMD: RDCMD     C_f = 0x082   at time   56073691 ps
inst0 ch0:  C_CMD: RDCMD     C_r = 0x03d   at time   56074933 ps
inst0 ch0:  C_CMD: RDCMD     C_f = 0x082   at time   56075347 ps
inst0 ch0:  R_CMD: ACTCMD    R_r0= 0x3a    at time   56319193 ps
inst0 ch0:  R_CMD: ACTCMD    R_f0= 0x22    at time   56319607 ps
inst0 ch0:  R_CMD: ACTCMD    R_r1= 0x00    at time   56320021 ps
inst0 ch0:  R_CMD: ACTCMD    R_f1= 0x00    at time   56320435 ps
inst0 ch0:  R_CMD: ACTCMD    R_r0= 0x1a    at time   56323333 ps
inst0 ch0:  R_CMD: ACTCMD    R_f0= 0x22    at time   56323747 ps
inst0 ch0:  R_CMD: ACTCMD    R_r1= 0x00    at time   56324161 ps
inst0 ch0:  R_CMD: ACTCMD    R_f1= 0x00    at time   56324575 ps
inst0 ch0:  R_CMD: ACTCMD    R_r0= 0x3a    at time   56327473 ps
inst0 ch0:  R_CMD: ACTCMD    R_f0= 0x02    at time   56327887 ps
inst0 ch0:  R_CMD: ACTCMD    R_r1= 0x00    at time   56328301 ps
inst0 ch0:  R_CMD: ACTCMD    R_f1= 0x00    at time   56328715 ps
inst0 ch0:  R_CMD: ACTCMD    R_r0= 0x1a    at time   56331613 ps
inst0 ch0:  R_CMD: ACTCMD    R_f0= 0x02    at time   56332027 ps
inst0 ch0:  R_CMD: ACTCMD    R_r1= 0x00    at time   56332441 ps
inst0 ch0:  R_CMD: ACTCMD    R_f1= 0x00    at time   56332855 ps
inst0 ch0:  C_CMD: RDCMD     C_r = 0x0f5   at time   56334097 ps
inst0 ch0:  C_CMD: RDCMD     C_f = 0x000   at time   56334511 ps
inst0 ch0:  C_CMD: RDCMD     C_r = 0x0fd   at time   56337409 ps
inst0 ch0:  C_CMD: RDCMD     C_f = 0x002   at time   56337823 ps
inst0 ch0:  C_CMD: RDCMD     C_r = 0x0b5   at time   56339065 ps
inst0 ch0:  C_CMD: RDCMD     C_f = 0x000   at time   56339479 ps
inst0 ch0:  C_CMD: RDCMD     C_r = 0x0bd   at time   56342377 ps
inst0 ch0:  C_CMD: RDCMD     C_f = 0x002   at time   56342791 ps
inst0 ch0:  C_CMD: RDCMD     C_r = 0x075   at time   56344033 ps
inst0 ch0:  C_CMD: RDCMD     C_f = 0x000   at time   56344447 ps
inst0 ch0:  C_CMD: RDCMD     C_r = 0x035   at time   56346517 ps
inst0 ch0:  C_CMD: RDCMD     C_f = 0x000   at time   56346931 ps
inst0 ch0:  C_CMD: RDCMD     C_r = 0x07d   at time   56348173 ps
inst0 ch0:  C_CMD: RDCMD     C_f = 0x002   at time   56348587 ps
inst0 ch0:  C_CMD: RDCMD     C_r = 0x03d   at time   56349829 ps
inst0 ch0:  C_CMD: RDCMD     C_f = 0x002   at time   56350243 ps
inst0 ch0:  R_CMD: ACTCMD    R_r0= 0x02    at time   56638801 ps
inst0 ch0:  R_CMD: ACTCMD    R_f0= 0x18    at time   56639215 ps
inst0 ch0:  R_CMD: ACTCMD    R_r1= 0x3f    at time   56639629 ps
inst0 ch0:  R_CMD: ACTCMD    R_f1= 0x3b    at time   56640043 ps
inst0 ch0:  C_CMD: WRCMD     C_r = 0x009   at time   56649565 ps
inst0 ch0:  C_CMD: WRCMD     C_f = 0x0fa   at time   56649979 ps
inst0 ch0:  R_CMD: ACTCMD    R_r0= 0x02    at time   56966689 ps
inst0 ch0:  R_CMD: ACTCMD    R_f0= 0x10    at time   56967103 ps
inst0 ch0:  R_CMD: ACTCMD    R_r1= 0x3f    at time   56967517 ps
inst0 ch0:  R_CMD: ACTCMD    R_f1= 0x3b    at time   56967931 ps
inst0 ch0:  C_CMD: WRCMD     C_r = 0x009   at time   56977453 ps
inst0 ch0:  C_CMD: WRCMD     C_f = 0x07a   at time   56977867 ps
inst0 ch0:  R_CMD: ACTCMD    R_r0= 0x0a    at time   57220057 ps
inst0 ch0:  R_CMD: ACTCMD    R_f0= 0x18    at time   57220471 ps
inst0 ch0:  R_CMD: ACTCMD    R_r1= 0x3f    at time   57220885 ps
inst0 ch0:  R_CMD: ACTCMD    R_f1= 0x3b    at time   57221299 ps
inst0 ch0:  R_CMD: ACTCMD    R_r0= 0x0a    at time   57222541 ps
inst0 ch0:  R_CMD: ACTCMD    R_f0= 0x10    at time   57222955 ps
inst0 ch0:  R_CMD: ACTCMD    R_r1= 0x3f    at time   57223369 ps
inst0 ch0:  R_CMD: ACTCMD    R_f1= 0x3b    at time   57223783 ps
inst0 ch0:  C_CMD: WRCMD     C_r = 0x019   at time   57230821 ps
inst0 ch0:  C_CMD: WRCMD     C_f = 0x0fa   at time   57231235 ps
inst0 ch0:  C_CMD: WRCMD     C_r = 0x019   at time   57233305 ps
inst0 ch0:  C_CMD: WRCMD     C_f = 0x07a   at time   57233719 ps
inst0 ch0:  R_CMD: ACTCMD    R_r0= 0x02    at time   57346741 ps
inst0 ch0:  R_CMD: ACTCMD    R_f0= 0x38    at time   57347155 ps
inst0 ch0:  R_CMD: ACTCMD    R_r1= 0x3f    at time   57347569 ps
inst0 ch0:  R_CMD: ACTCMD    R_f1= 0x3b    at time   57347983 ps
inst0 ch0:  C_CMD: WRCMD     C_r = 0x089   at time   57357505 ps
inst0 ch0:  C_CMD: WRCMD     C_f = 0x0fa   at time   57357919 ps
inst0 ch0:  R_CMD: ACTCMD    R_r0= 0x02    at time   57470113 ps
inst0 ch0:  R_CMD: ACTCMD    R_f0= 0x30    at time   57470527 ps
inst0 ch0:  R_CMD: ACTCMD    R_r1= 0x3f    at time   57470941 ps
inst0 ch0:  R_CMD: ACTCMD    R_f1= 0x3b    at time   57471355 ps
inst0 ch0:  C_CMD: WRCMD     C_r = 0x089   at time   57480877 ps
inst0 ch0:  C_CMD: WRCMD     C_f = 0x07a   at time   57481291 ps
inst0 ch0:  R_CMD: ACTCMD    R_r0= 0x0a    at time   57592657 ps
inst0 ch0:  R_CMD: ACTCMD    R_f0= 0x38    at time   57593071 ps
inst0 ch0:  R_CMD: ACTCMD    R_r1= 0x3f    at time   57593485 ps
inst0 ch0:  R_CMD: ACTCMD    R_f1= 0x3b    at time   57593899 ps
inst0 ch0:  C_CMD: WRCMD     C_r = 0x099   at time   57603421 ps
inst0 ch0:  C_CMD: WRCMD     C_f = 0x0fa   at time   57603835 ps
inst0 ch0:  R_CMD: ACTCMD    R_r0= 0x0a    at time   57740869 ps
inst0 ch0:  R_CMD: ACTCMD    R_f0= 0x30    at time   57741283 ps
inst0 ch0:  R_CMD: ACTCMD    R_r1= 0x3f    at time   57741697 ps
inst0 ch0:  R_CMD: ACTCMD    R_f1= 0x3b    at time   57742111 ps
inst0 ch0:  C_CMD: WRCMD     C_r = 0x099   at time   57751633 ps
inst0 ch0:  C_CMD: WRCMD     C_f = 0x07a   at time   57752047 ps
inst0 ch0:  R_CMD: ACTCMD    R_r0= 0x0a    at time   58772557 ps
inst0 ch0:  R_CMD: ACTCMD    R_f0= 0x1b    at time   58772971 ps
inst0 ch0:  R_CMD: ACTCMD    R_r1= 0x3f    at time   58773385 ps
inst0 ch0:  R_CMD: ACTCMD    R_f1= 0x3b    at time   58773799 ps
inst0 ch0:  C_CMD: WRCMD     C_r = 0x019   at time   58783321 ps
inst0 ch0:  C_CMD: WRCMD     C_f = 0x090   at time   58783735 ps
inst0 ch0:  R_CMD: ACTCMD    R_r0= 0x0a    at time   58812301 ps
inst0 ch0:  R_CMD: ACTCMD    R_f0= 0x13    at time   58812715 ps
inst0 ch0:  R_CMD: ACTCMD    R_r1= 0x3f    at time   58813129 ps
inst0 ch0:  R_CMD: ACTCMD    R_f1= 0x3b    at time   58813543 ps
inst0 ch0:  C_CMD: WRCMD     C_r = 0x019   at time   58823065 ps
inst0 ch0:  C_CMD: WRCMD     C_f = 0x010   at time   58823479 ps
inst0 ch0:  R_CMD: ACTCMD    R_r0= 0x02    at time   59100445 ps
inst0 ch0:  R_CMD: ACTCMD    R_f0= 0x1b    at time   59100859 ps
inst0 ch0:  R_CMD: ACTCMD    R_r1= 0x3f    at time   59101273 ps
inst0 ch0:  R_CMD: ACTCMD    R_f1= 0x3b    at time   59101687 ps
inst0 ch0:  C_CMD: WRCMD     C_r = 0x009   at time   59111209 ps
inst0 ch0:  C_CMD: WRCMD     C_f = 0x080   at time   59111623 ps
inst0 ch0:  R_CMD: ACTCMD    R_r0= 0x02    at time   59326489 ps
inst0 ch0:  R_CMD: ACTCMD    R_f0= 0x13    at time   59326903 ps
inst0 ch0:  R_CMD: ACTCMD    R_r1= 0x3f    at time   59327317 ps
inst0 ch0:  R_CMD: ACTCMD    R_f1= 0x3b    at time   59327731 ps
inst0 ch0:  C_CMD: WRCMD     C_r = 0x009   at time   59337253 ps
inst0 ch0:  C_CMD: WRCMD     C_f = 0x000   at time   59337667 ps
inst0 ch0:  R_CMD: ACTCMD    R_r0= 0x02    at time   60522121 ps
inst0 ch0:  R_CMD: ACTCMD    R_f0= 0x08    at time   60522535 ps
inst0 ch0:  R_CMD: ACTCMD    R_r1= 0x00    at time   60522949 ps
inst0 ch0:  R_CMD: ACTCMD    R_f1= 0x00    at time   60523363 ps
inst0 ch0:  C_CMD: RDCMD     C_r = 0x005   at time   60537025 ps
inst0 ch0:  C_CMD: RDCMD     C_f = 0x098   at time   60537439 ps
inst0 ch0:  C_CMD: RDCMD     C_r = 0x005   at time   60540337 ps
inst0 ch0:  C_CMD: RDCMD     C_f = 0x09a   at time   60540751 ps
inst0 ch0:  C_CMD: RDCMD     C_r = 0x005   at time   60543649 ps
inst0 ch0:  C_CMD: RDCMD     C_f = 0x090   at time   60544063 ps
inst0 ch0:  C_CMD: RDCMD     C_r = 0x005   at time   60546961 ps
inst0 ch0:  C_CMD: RDCMD     C_f = 0x092   at time   60547375 ps
inst0 ch0:  C_CMD: RDCMD     C_r = 0x005   at time   60550273 ps
inst0 ch0:  C_CMD: RDCMD     C_f = 0x088   at time   60550687 ps
inst0 ch0:  C_CMD: RDCMD     C_r = 0x005   at time   60553585 ps
inst0 ch0:  C_CMD: RDCMD     C_f = 0x08a   at time   60553999 ps
inst0 ch0:  C_CMD: RDCMD     C_r = 0x005   at time   60556897 ps
inst0 ch0:  C_CMD: RDCMD     C_f = 0x080   at time   60557311 ps
inst0 ch0:  C_CMD: RDCMD     C_r = 0x00d   at time   60560209 ps
inst0 ch0:  C_CMD: RDCMD     C_f = 0x082   at time   60560623 ps
inst0 ch0:  R_CMD: ACTCMD    R_r0= 0x02    at time   60710077 ps
inst0 ch0:  R_CMD: ACTCMD    R_f0= 0x00    at time   60710491 ps
inst0 ch0:  R_CMD: ACTCMD    R_r1= 0x00    at time   60710905 ps
inst0 ch0:  R_CMD: ACTCMD    R_f1= 0x00    at time   60711319 ps
inst0 ch0:  R_CMD: ACTCMD    R_r0= 0x0a    at time   60715045 ps
inst0 ch0:  R_CMD: ACTCMD    R_f0= 0x08    at time   60715459 ps
inst0 ch0:  R_CMD: ACTCMD    R_r1= 0x00    at time   60715873 ps
inst0 ch0:  R_CMD: ACTCMD    R_f1= 0x00    at time   60716287 ps
inst0 ch0:  C_CMD: RDCMD     C_r = 0x005   at time   60724981 ps
inst0 ch0:  C_CMD: RDCMD     C_f = 0x018   at time   60725395 ps
inst0 ch0:  C_CMD: RDCMD     C_r = 0x005   at time   60728293 ps
inst0 ch0:  C_CMD: RDCMD     C_f = 0x01a   at time   60728707 ps
inst0 ch0:  C_CMD: RDCMD     C_r = 0x015   at time   60729949 ps
inst0 ch0:  C_CMD: RDCMD     C_f = 0x098   at time   60730363 ps
inst0 ch0:  C_CMD: RDCMD     C_r = 0x005   at time   60731605 ps
inst0 ch0:  C_CMD: RDCMD     C_f = 0x010   at time   60732019 ps
inst0 ch0:  C_CMD: RDCMD     C_r = 0x015   at time   60733261 ps
inst0 ch0:  C_CMD: RDCMD     C_f = 0x09a   at time   60733675 ps
inst0 ch0:  C_CMD: RDCMD     C_r = 0x005   at time   60734917 ps
inst0 ch0:  C_CMD: RDCMD     C_f = 0x012   at time   60735331 ps
inst0 ch0:  C_CMD: RDCMD     C_r = 0x015   at time   60736573 ps
inst0 ch0:  C_CMD: RDCMD     C_f = 0x090   at time   60736987 ps
inst0 ch0:  C_CMD: RDCMD     C_r = 0x005   at time   60738229 ps
inst0 ch0:  C_CMD: RDCMD     C_f = 0x008   at time   60738643 ps
inst0 ch0:  C_CMD: RDCMD     C_r = 0x015   at time   60739885 ps
inst0 ch0:  C_CMD: RDCMD     C_f = 0x092   at time   60740299 ps
inst0 ch0:  C_CMD: RDCMD     C_r = 0x005   at time   60741541 ps
inst0 ch0:  C_CMD: RDCMD     C_f = 0x00a   at time   60741955 ps
inst0 ch0:  C_CMD: RDCMD     C_r = 0x015   at time   60743197 ps
inst0 ch0:  C_CMD: RDCMD     C_f = 0x088   at time   60743611 ps
inst0 ch0:  C_CMD: RDCMD     C_r = 0x005   at time   60744853 ps
inst0 ch0:  C_CMD: RDCMD     C_f = 0x000   at time   60745267 ps
inst0 ch0:  C_CMD: RDCMD     C_r = 0x015   at time   60746509 ps
inst0 ch0:  C_CMD: RDCMD     C_f = 0x08a   at time   60746923 ps
inst0 ch0:  C_CMD: RDCMD     C_r = 0x00d   at time   60748165 ps
inst0 ch0:  C_CMD: RDCMD     C_f = 0x002   at time   60748579 ps
inst0 ch0:  C_CMD: RDCMD     C_r = 0x015   at time   60749821 ps
inst0 ch0:  C_CMD: RDCMD     C_f = 0x080   at time   60750235 ps
inst0 ch0:  C_CMD: RDCMD     C_r = 0x01d   at time   60753133 ps
inst0 ch0:  C_CMD: RDCMD     C_f = 0x082   at time   60753547 ps
inst0 ch0:  R_CMD: ACTCMD    R_r0= 0x0a    at time   61003189 ps
inst0 ch0:  R_CMD: ACTCMD    R_f0= 0x00    at time   61003603 ps
inst0 ch0:  R_CMD: ACTCMD    R_r1= 0x00    at time   61004017 ps
inst0 ch0:  R_CMD: ACTCMD    R_f1= 0x00    at time   61004431 ps
inst0 ch0:  C_CMD: RDCMD     C_r = 0x015   at time   61018093 ps
inst0 ch0:  C_CMD: RDCMD     C_f = 0x018   at time   61018507 ps
inst0 ch0:  C_CMD: RDCMD     C_r = 0x015   at time   61021405 ps
inst0 ch0:  C_CMD: RDCMD     C_f = 0x01a   at time   61021819 ps
inst0 ch0:  C_CMD: RDCMD     C_r = 0x015   at time   61024717 ps
inst0 ch0:  C_CMD: RDCMD     C_f = 0x010   at time   61025131 ps
inst0 ch0:  C_CMD: RDCMD     C_r = 0x015   at time   61028029 ps
inst0 ch0:  C_CMD: RDCMD     C_f = 0x012   at time   61028443 ps
inst0 ch0:  C_CMD: RDCMD     C_r = 0x015   at time   61031341 ps
inst0 ch0:  C_CMD: RDCMD     C_f = 0x008   at time   61031755 ps
inst0 ch0:  C_CMD: RDCMD     C_r = 0x015   at time   61034653 ps
inst0 ch0:  C_CMD: RDCMD     C_f = 0x00a   at time   61035067 ps
inst0 ch0:  C_CMD: RDCMD     C_r = 0x015   at time   61037965 ps
inst0 ch0:  C_CMD: RDCMD     C_f = 0x000   at time   61038379 ps
inst0 ch0:  C_CMD: RDCMD     C_r = 0x01d   at time   61041277 ps
inst0 ch0:  C_CMD: RDCMD     C_f = 0x002   at time   61041691 ps
inst0 ch0:  R_CMD: ACTCMD    R_r0= 0x0a    at time   61050385 ps
inst0 ch0:  R_CMD: ACTCMD    R_f0= 0x08    at time   61050799 ps
inst0 ch0:  R_CMD: ACTCMD    R_r1= 0x00    at time   61051213 ps
inst0 ch0:  R_CMD: ACTCMD    R_f1= 0x00    at time   61051627 ps
inst0 ch0:  C_CMD: WRCMD     C_r = 0x011   at time   61061149 ps
inst0 ch0:  C_CMD: WRCMD     C_f = 0x0b8   at time   61061563 ps
inst0 ch0:  C_CMD: WRCMD     C_r = 0x011   at time   61064461 ps
inst0 ch0:  C_CMD: WRCMD     C_f = 0x0ba   at time   61064875 ps
inst0 ch0:  C_CMD: WRCMD     C_r = 0x011   at time   61067773 ps
inst0 ch0:  C_CMD: WRCMD     C_f = 0x0b0   at time   61068187 ps
inst0 ch0:  C_CMD: WRCMD     C_r = 0x011   at time   61071085 ps
inst0 ch0:  C_CMD: WRCMD     C_f = 0x0b2   at time   61071499 ps
inst0 ch0:  C_CMD: WRCMD     C_r = 0x011   at time   61074397 ps
inst0 ch0:  C_CMD: WRCMD     C_f = 0x0a8   at time   61074811 ps
inst0 ch0:  C_CMD: WRCMD     C_r = 0x011   at time   61077709 ps
inst0 ch0:  C_CMD: WRCMD     C_f = 0x0aa   at time   61078123 ps
inst0 ch0:  C_CMD: WRCMD     C_r = 0x011   at time   61081021 ps
inst0 ch0:  C_CMD: WRCMD     C_f = 0x0a0   at time   61081435 ps
inst0 ch0:  C_CMD: WRCMD     C_r = 0x019   at time   61084333 ps
inst0 ch0:  C_CMD: WRCMD     C_f = 0x0a2   at time   61084747 ps
inst0 ch0:  R_CMD: ACTCMD    R_r0= 0x0a    at time   61323625 ps
inst0 ch0:  R_CMD: ACTCMD    R_f0= 0x00    at time   61324039 ps
inst0 ch0:  R_CMD: ACTCMD    R_r1= 0x00    at time   61324453 ps
inst0 ch0:  R_CMD: ACTCMD    R_f1= 0x00    at time   61324867 ps
inst0 ch0:  C_CMD: WRCMD     C_r = 0x011   at time   61334389 ps
inst0 ch0:  C_CMD: WRCMD     C_f = 0x038   at time   61334803 ps
inst0 ch0:  C_CMD: WRCMD     C_r = 0x011   at time   61337701 ps
inst0 ch0:  C_CMD: WRCMD     C_f = 0x03a   at time   61338115 ps
inst0 ch0:  C_CMD: WRCMD     C_r = 0x011   at time   61341013 ps
inst0 ch0:  C_CMD: WRCMD     C_f = 0x030   at time   61341427 ps
inst0 ch0:  C_CMD: WRCMD     C_r = 0x011   at time   61344325 ps
inst0 ch0:  C_CMD: WRCMD     C_f = 0x032   at time   61344739 ps
inst0 ch0:  C_CMD: WRCMD     C_r = 0x011   at time   61347637 ps
inst0 ch0:  C_CMD: WRCMD     C_f = 0x028   at time   61348051 ps
inst0 ch0:  C_CMD: WRCMD     C_r = 0x011   at time   61350949 ps
inst0 ch0:  C_CMD: WRCMD     C_f = 0x02a   at time   61351363 ps
inst0 ch0:  C_CMD: WRCMD     C_r = 0x011   at time   61354261 ps
inst0 ch0:  C_CMD: WRCMD     C_f = 0x020   at time   61354675 ps
inst0 ch0:  C_CMD: WRCMD     C_r = 0x019   at time   61357573 ps
inst0 ch0:  C_CMD: WRCMD     C_f = 0x022   at time   61357987 ps
inst0 ch0:  R_CMD: ACTCMD    R_r0= 0x02    at time   62106085 ps
inst0 ch0:  R_CMD: ACTCMD    R_f0= 0x13    at time   62106499 ps
inst0 ch0:  R_CMD: ACTCMD    R_r1= 0x3f    at time   62106913 ps
inst0 ch0:  R_CMD: ACTCMD    R_f1= 0x3b    at time   62107327 ps
inst0 ch0:  C_CMD: WRCMD     C_r = 0x009   at time   62116849 ps
inst0 ch0:  C_CMD: WRCMD     C_f = 0x000   at time   62117263 ps
inst0 ch0:  R_CMD: ACTCMD    R_r0= 0x02    at time   62236909 ps
inst0 ch0:  R_CMD: ACTCMD    R_f0= 0x1b    at time   62237323 ps
inst0 ch0:  R_CMD: ACTCMD    R_r1= 0x3f    at time   62237737 ps
inst0 ch0:  R_CMD: ACTCMD    R_f1= 0x3b    at time   62238151 ps
inst0 ch0:  C_CMD: WRCMD     C_r = 0x009   at time   62247673 ps
inst0 ch0:  C_CMD: WRCMD     C_f = 0x080   at time   62248087 ps
inst0 ch0:  R_CMD: ACTCMD    R_r0= 0x0a    at time   62719633 ps
inst0 ch0:  R_CMD: ACTCMD    R_f0= 0x11    at time   62720047 ps
inst0 ch0:  R_CMD: ACTCMD    R_r1= 0x3f    at time   62720461 ps
inst0 ch0:  R_CMD: ACTCMD    R_f1= 0x3b    at time   62720875 ps
inst0 ch0:  R_CMD: ACTCMD    R_r0= 0x02    at time   62723773 ps
inst0 ch0:  R_CMD: ACTCMD    R_f0= 0x11    at time   62724187 ps
inst0 ch0:  R_CMD: ACTCMD    R_r1= 0x3f    at time   62724601 ps
inst0 ch0:  R_CMD: ACTCMD    R_f1= 0x3b    at time   62725015 ps
inst0 ch0:  C_CMD: WRCMD     C_r = 0x019   at time   62730397 ps
inst0 ch0:  C_CMD: WRCMD     C_f = 0x07a   at time   62730811 ps
inst0 ch0:  C_CMD: WRCMD     C_r = 0x009   at time   62734537 ps
inst0 ch0:  C_CMD: WRCMD     C_f = 0x07a   at time   62734951 ps
inst0 ch0:  R_CMD: ACTCMD    R_r0= 0x0a    at time   62746957 ps
inst0 ch0:  R_CMD: ACTCMD    R_f0= 0x19    at time   62747371 ps
inst0 ch0:  R_CMD: ACTCMD    R_r1= 0x3f    at time   62747785 ps
inst0 ch0:  R_CMD: ACTCMD    R_f1= 0x3b    at time   62748199 ps
inst0 ch0:  R_CMD: ACTCMD    R_r0= 0x02    at time   62751097 ps
inst0 ch0:  R_CMD: ACTCMD    R_f0= 0x19    at time   62751511 ps
inst0 ch0:  R_CMD: ACTCMD    R_r1= 0x3f    at time   62751925 ps
inst0 ch0:  R_CMD: ACTCMD    R_f1= 0x3b    at time   62752339 ps
inst0 ch0:  C_CMD: WRCMD     C_r = 0x019   at time   62757721 ps
inst0 ch0:  C_CMD: WRCMD     C_f = 0x0fa   at time   62758135 ps
inst0 ch0:  C_CMD: WRCMD     C_r = 0x009   at time   62761861 ps
inst0 ch0:  C_CMD: WRCMD     C_f = 0x0fa   at time   62762275 ps
inst0 ch0:  R_CMD: ACTCMD    R_r0= 0x0a    at time   62936569 ps
inst0 ch0:  R_CMD: ACTCMD    R_f0= 0x02    at time   62936983 ps
inst0 ch0:  R_CMD: ACTCMD    R_r1= 0x00    at time   62937397 ps
inst0 ch0:  R_CMD: ACTCMD    R_f1= 0x00    at time   62937811 ps
inst0 ch0:  R_CMD: ACTCMD    R_r0= 0x02    at time   62940709 ps
inst0 ch0:  R_CMD: ACTCMD    R_f0= 0x02    at time   62941123 ps
inst0 ch0:  R_CMD: ACTCMD    R_r1= 0x00    at time   62941537 ps
inst0 ch0:  R_CMD: ACTCMD    R_f1= 0x00    at time   62941951 ps
inst0 ch0:  C_CMD: RDCMD     C_r = 0x015   at time   62951473 ps
inst0 ch0:  C_CMD: RDCMD     C_f = 0x000   at time   62951887 ps
inst0 ch0:  C_CMD: RDCMD     C_r = 0x01d   at time   62954785 ps
inst0 ch0:  C_CMD: RDCMD     C_f = 0x002   at time   62955199 ps
inst0 ch0:  C_CMD: RDCMD     C_r = 0x005   at time   62958097 ps
inst0 ch0:  C_CMD: RDCMD     C_f = 0x000   at time   62958511 ps
inst0 ch0:  C_CMD: RDCMD     C_r = 0x00d   at time   62961409 ps
inst0 ch0:  C_CMD: RDCMD     C_f = 0x002   at time   62961823 ps
inst0 ch0:  R_CMD: ACTCMD    R_r0= 0x0a    at time   63013573 ps
inst0 ch0:  R_CMD: ACTCMD    R_f0= 0x0a    at time   63013987 ps
inst0 ch0:  R_CMD: ACTCMD    R_r1= 0x00    at time   63014401 ps
inst0 ch0:  R_CMD: ACTCMD    R_f1= 0x00    at time   63014815 ps
inst0 ch0:  R_CMD: ACTCMD    R_r0= 0x02    at time   63017713 ps
inst0 ch0:  R_CMD: ACTCMD    R_f0= 0x0a    at time   63018127 ps
inst0 ch0:  R_CMD: ACTCMD    R_r1= 0x00    at time   63018541 ps
inst0 ch0:  R_CMD: ACTCMD    R_f1= 0x00    at time   63018955 ps
inst0 ch0:  C_CMD: RDCMD     C_r = 0x015   at time   63028477 ps
inst0 ch0:  C_CMD: RDCMD     C_f = 0x080   at time   63028891 ps
inst0 ch0:  C_CMD: RDCMD     C_r = 0x01d   at time   63031789 ps
inst0 ch0:  C_CMD: RDCMD     C_f = 0x082   at time   63032203 ps
inst0 ch0:  C_CMD: RDCMD     C_r = 0x005   at time   63035101 ps
inst0 ch0:  C_CMD: RDCMD     C_f = 0x080   at time   63035515 ps
inst0 ch0:  C_CMD: RDCMD     C_r = 0x00d   at time   63038413 ps
inst0 ch0:  C_CMD: RDCMD     C_f = 0x082   at time   63038827 ps
